000 (112045375.196.000) 05/01 17:45:20 Job submitted from host: <128.104.100.44:9618?addrs=128.104.100.44-9618+[2607-f388-107c-501-90e2-baff-fe2c-2724]-9618&noUDP&sock=4699_0235_3>
...
001 (112045375.196.000) 05/02 01:11:44 Job executing on host: <128.105.245.178:9618?addrs=128.105.245.178-9618&noUDP&sock=5426_5cf8_29>
...
006 (112045375.196.000) 05/02 01:11:53 Image size of job updated: 628
	1  -  MemoryUsage of job (MB)
	628  -  ResidentSetSize of job (KB)
...
006 (112045375.196.000) 05/02 01:16:57 Image size of job updated: 668
	1  -  MemoryUsage of job (MB)
	668  -  ResidentSetSize of job (KB)
...
006 (112045375.196.000) 05/02 01:21:55 Image size of job updated: 463612
	377  -  MemoryUsage of job (MB)
	385616  -  ResidentSetSize of job (KB)
...
006 (112045375.196.000) 05/02 01:26:55 Image size of job updated: 815760
	721  -  MemoryUsage of job (MB)
	737708  -  ResidentSetSize of job (KB)
...
006 (112045375.196.000) 05/02 01:31:55 Image size of job updated: 1221488
	1117  -  MemoryUsage of job (MB)
	1143436  -  ResidentSetSize of job (KB)
...
006 (112045375.196.000) 05/02 01:36:56 Image size of job updated: 1825500
	1707  -  MemoryUsage of job (MB)
	1747448  -  ResidentSetSize of job (KB)
...
006 (112045375.196.000) 05/02 01:41:56 Image size of job updated: 2485656
	2352  -  MemoryUsage of job (MB)
	2407604  -  ResidentSetSize of job (KB)
...
006 (112045375.196.000) 05/02 01:46:56 Image size of job updated: 3220444
	3069  -  MemoryUsage of job (MB)
	3142392  -  ResidentSetSize of job (KB)
...
006 (112045375.196.000) 05/02 01:51:57 Image size of job updated: 4162372
	3989  -  MemoryUsage of job (MB)
	4084320  -  ResidentSetSize of job (KB)
...
006 (112045375.196.000) 05/02 01:56:58 Image size of job updated: 5015940
	4823  -  MemoryUsage of job (MB)
	4937888  -  ResidentSetSize of job (KB)
...
006 (112045375.196.000) 05/02 02:01:59 Image size of job updated: 5913412
	5699  -  MemoryUsage of job (MB)
	5835360  -  ResidentSetSize of job (KB)
...
006 (112045375.196.000) 05/02 02:06:59 Image size of job updated: 6770664
	6536  -  MemoryUsage of job (MB)
	6692612  -  ResidentSetSize of job (KB)
...
006 (112045375.196.000) 05/02 02:12:00 Image size of job updated: 7597960
	7344  -  MemoryUsage of job (MB)
	7519908  -  ResidentSetSize of job (KB)
...
006 (112045375.196.000) 05/02 02:17:01 Image size of job updated: 8432136
	8159  -  MemoryUsage of job (MB)
	8354084  -  ResidentSetSize of job (KB)
...
006 (112045375.196.000) 05/02 02:22:01 Image size of job updated: 9101952
	8813  -  MemoryUsage of job (MB)
	9023900  -  ResidentSetSize of job (KB)
...
006 (112045375.196.000) 05/02 02:27:02 Image size of job updated: 9751760
	9447  -  MemoryUsage of job (MB)
	9673708  -  ResidentSetSize of job (KB)
...
006 (112045375.196.000) 05/02 02:32:03 Image size of job updated: 10458536
	10138  -  MemoryUsage of job (MB)
	10380484  -  ResidentSetSize of job (KB)
...
006 (112045375.196.000) 05/02 02:37:03 Image size of job updated: 11093312
	10758  -  MemoryUsage of job (MB)
	11015260  -  ResidentSetSize of job (KB)
...
006 (112045375.196.000) 05/02 02:42:04 Image size of job updated: 11837644
	11484  -  MemoryUsage of job (MB)
	11759592  -  ResidentSetSize of job (KB)
...
006 (112045375.196.000) 05/02 02:47:05 Image size of job updated: 12482768
	12114  -  MemoryUsage of job (MB)
	12404716  -  ResidentSetSize of job (KB)
...
006 (112045375.196.000) 05/02 02:52:07 Image size of job updated: 13269236
	12883  -  MemoryUsage of job (MB)
	13191184  -  ResidentSetSize of job (KB)
...
006 (112045375.196.000) 05/02 02:57:07 Image size of job updated: 13791092
	13392  -  MemoryUsage of job (MB)
	13713040  -  ResidentSetSize of job (KB)
...
006 (112045375.196.000) 05/02 03:02:07 Image size of job updated: 14379796
	13967  -  MemoryUsage of job (MB)
	14301744  -  ResidentSetSize of job (KB)
...
006 (112045375.196.000) 05/02 03:07:08 Image size of job updated: 15014044
	14586  -  MemoryUsage of job (MB)
	14935992  -  ResidentSetSize of job (KB)
...
006 (112045375.196.000) 05/02 03:12:09 Image size of job updated: 15685320
	15242  -  MemoryUsage of job (MB)
	15607140  -  ResidentSetSize of job (KB)
...
006 (112045375.196.000) 05/02 03:17:09 Image size of job updated: 16462820
	16001  -  MemoryUsage of job (MB)
	16384392  -  ResidentSetSize of job (KB)
...
006 (112045375.196.000) 05/02 03:22:10 Image size of job updated: 17262952
	16782  -  MemoryUsage of job (MB)
	17184524  -  ResidentSetSize of job (KB)
...
006 (112045375.196.000) 05/02 03:27:11 Image size of job updated: 18026232
	17526  -  MemoryUsage of job (MB)
	17946624  -  ResidentSetSize of job (KB)
...
006 (112045375.196.000) 05/02 03:32:12 Image size of job updated: 18496544
	17984  -  MemoryUsage of job (MB)
	18415540  -  ResidentSetSize of job (KB)
...
006 (112045375.196.000) 05/02 03:37:12 Image size of job updated: 19049200
	18521  -  MemoryUsage of job (MB)
	18965428  -  ResidentSetSize of job (KB)
...
006 (112045375.196.000) 05/02 03:42:13 Image size of job updated: 19744164
	19194  -  MemoryUsage of job (MB)
	19654600  -  ResidentSetSize of job (KB)
...
006 (112045375.196.000) 05/02 03:47:14 Image size of job updated: 20345828
	19752  -  MemoryUsage of job (MB)
	20225344  -  ResidentSetSize of job (KB)
...
006 (112045375.196.000) 05/02 03:52:14 Image size of job updated: 20798000
	20154  -  MemoryUsage of job (MB)
	20637384  -  ResidentSetSize of job (KB)
...
006 (112045375.196.000) 05/02 03:57:14 Image size of job updated: 21288684
	20440  -  MemoryUsage of job (MB)
	20930092  -  ResidentSetSize of job (KB)
...
006 (112045375.196.000) 05/02 04:02:14 Image size of job updated: 21679608
	20443  -  MemoryUsage of job (MB)
	20933372  -  ResidentSetSize of job (KB)
...
006 (112045375.196.000) 05/02 04:07:15 Image size of job updated: 22105244
	20444  -  MemoryUsage of job (MB)
	20933712  -  ResidentSetSize of job (KB)
...
006 (112045375.196.000) 05/02 04:12:14 Image size of job updated: 22516656
	20444  -  MemoryUsage of job (MB)
	20933712  -  ResidentSetSize of job (KB)
...
006 (112045375.196.000) 05/02 04:17:15 Image size of job updated: 23111252
	20444  -  MemoryUsage of job (MB)
	20934524  -  ResidentSetSize of job (KB)
...
006 (112045375.196.000) 05/02 04:19:40 Image size of job updated: 23311620
	20444  -  MemoryUsage of job (MB)
	20934524  -  ResidentSetSize of job (KB)
...
005 (112045375.196.000) 05/02 04:19:42 Job terminated.
	(1) Normal termination (return value 0)
		Usr 0 02:30:07, Sys 0 00:02:51  -  Run Remote Usage
		Usr 0 00:00:00, Sys 0 00:00:00  -  Run Local Usage
		Usr 0 02:30:07, Sys 0 00:02:51  -  Total Remote Usage
		Usr 0 00:00:00, Sys 0 00:00:00  -  Total Local Usage
	24836560  -  Run Bytes Sent By Job
	1780295168  -  Run Bytes Received By Job
	24836560  -  Total Bytes Sent By Job
	1780295168  -  Total Bytes Received By Job
	Partitionable Resources :      Usage  Request Allocated 
	   Cpus                 :       0.46        1         1 
	   Disk (KB)            : 6853984    20971520  22707963 
	   Ioheavy              :                             0 
	   Memory (MB)          :   20444       20480     20480 
...
