000 (112045375.013.000) 05/01 17:45:20 Job submitted from host: <128.104.100.44:9618?addrs=128.104.100.44-9618+[2607-f388-107c-501-90e2-baff-fe2c-2724]-9618&noUDP&sock=4699_0235_3>
...
001 (112045375.013.000) 05/01 22:57:48 Job executing on host: <128.105.245.188:9618?addrs=128.105.245.188-9618&noUDP&sock=5463_bdf9_3>
...
006 (112045375.013.000) 05/01 22:57:57 Image size of job updated: 628
	1  -  MemoryUsage of job (MB)
	628  -  ResidentSetSize of job (KB)
...
006 (112045375.013.000) 05/01 23:02:59 Image size of job updated: 632
	1  -  MemoryUsage of job (MB)
	632  -  ResidentSetSize of job (KB)
...
006 (112045375.013.000) 05/01 23:08:00 Image size of job updated: 636
	1  -  MemoryUsage of job (MB)
	636  -  ResidentSetSize of job (KB)
...
006 (112045375.013.000) 05/01 23:13:00 Image size of job updated: 652
	1  -  MemoryUsage of job (MB)
	652  -  ResidentSetSize of job (KB)
...
006 (112045375.013.000) 05/01 23:18:01 Image size of job updated: 656
	1  -  MemoryUsage of job (MB)
	656  -  ResidentSetSize of job (KB)
...
006 (112045375.013.000) 05/01 23:38:02 Image size of job updated: 660
	1  -  MemoryUsage of job (MB)
	660  -  ResidentSetSize of job (KB)
...
006 (112045375.013.000) 05/01 23:43:03 Image size of job updated: 664
	1  -  MemoryUsage of job (MB)
	664  -  ResidentSetSize of job (KB)
...
006 (112045375.013.000) 05/01 23:48:04 Image size of job updated: 672
	1  -  MemoryUsage of job (MB)
	672  -  ResidentSetSize of job (KB)
...
006 (112045375.013.000) 05/01 23:53:06 Image size of job updated: 504844
	417  -  MemoryUsage of job (MB)
	426848  -  ResidentSetSize of job (KB)
...
006 (112045375.013.000) 05/01 23:58:05 Image size of job updated: 878492
	782  -  MemoryUsage of job (MB)
	800440  -  ResidentSetSize of job (KB)
...
006 (112045375.013.000) 05/02 00:03:05 Image size of job updated: 1343992
	1237  -  MemoryUsage of job (MB)
	1265940  -  ResidentSetSize of job (KB)
...
006 (112045375.013.000) 05/02 00:08:05 Image size of job updated: 2042024
	1918  -  MemoryUsage of job (MB)
	1963972  -  ResidentSetSize of job (KB)
...
006 (112045375.013.000) 05/02 00:13:06 Image size of job updated: 2419016
	2287  -  MemoryUsage of job (MB)
	2340964  -  ResidentSetSize of job (KB)
...
006 (112045375.013.000) 05/02 00:18:07 Image size of job updated: 2578124
	2442  -  MemoryUsage of job (MB)
	2500072  -  ResidentSetSize of job (KB)
...
006 (112045375.013.000) 05/02 00:23:07 Image size of job updated: 2841512
	2699  -  MemoryUsage of job (MB)
	2763460  -  ResidentSetSize of job (KB)
...
006 (112045375.013.000) 05/02 00:26:04 Image size of job updated: 2934680
	2700  -  MemoryUsage of job (MB)
	2764004  -  ResidentSetSize of job (KB)
...
005 (112045375.013.000) 05/02 00:26:05 Job terminated.
	(1) Normal termination (return value 0)
		Usr 0 00:22:58, Sys 0 00:00:34  -  Run Remote Usage
		Usr 0 00:00:00, Sys 0 00:00:00  -  Run Local Usage
		Usr 0 00:22:58, Sys 0 00:00:34  -  Total Remote Usage
		Usr 0 00:00:00, Sys 0 00:00:00  -  Total Local Usage
	6297198  -  Run Bytes Sent By Job
	1780295168  -  Run Bytes Received By Job
	6297198  -  Total Bytes Sent By Job
	1780295168  -  Total Bytes Received By Job
	Partitionable Resources :      Usage  Request Allocated 
	   Cpus                 :       0.38        1         1 
	   Disk (KB)            : 6854726    20971520  21101477 
	   Ioheavy              :                             0 
	   Memory (MB)          :    2700       20480     20480 
...
