000 (112045375.092.000) 05/01 17:45:20 Job submitted from host: <128.104.100.44:9618?addrs=128.104.100.44-9618+[2607-f388-107c-501-90e2-baff-fe2c-2724]-9618&noUDP&sock=4699_0235_3>
...
001 (112045375.092.000) 05/01 23:50:19 Job executing on host: <128.105.245.241:9618?addrs=128.105.245.241-9618&noUDP&sock=33549_66e8_3>
...
006 (112045375.092.000) 05/01 23:50:29 Image size of job updated: 640
	1  -  MemoryUsage of job (MB)
	640  -  ResidentSetSize of job (KB)
...
006 (112045375.092.000) 05/01 23:55:31 Image size of job updated: 309928
	227  -  MemoryUsage of job (MB)
	231932  -  ResidentSetSize of job (KB)
...
006 (112045375.092.000) 05/02 00:00:31 Image size of job updated: 632708
	542  -  MemoryUsage of job (MB)
	554712  -  ResidentSetSize of job (KB)
...
006 (112045375.092.000) 05/02 00:02:31 Image size of job updated: 792480
	542  -  MemoryUsage of job (MB)
	554788  -  ResidentSetSize of job (KB)
...
005 (112045375.092.000) 05/02 00:02:33 Job terminated.
	(1) Normal termination (return value 0)
		Usr 0 00:08:08, Sys 0 00:00:51  -  Run Remote Usage
		Usr 0 00:00:00, Sys 0 00:00:00  -  Run Local Usage
		Usr 0 00:08:08, Sys 0 00:00:51  -  Total Remote Usage
		Usr 0 00:00:00, Sys 0 00:00:00  -  Total Local Usage
	1390752  -  Run Bytes Sent By Job
	1780295168  -  Run Bytes Received By Job
	1390752  -  Total Bytes Sent By Job
	1780295168  -  Total Bytes Received By Job
	Partitionable Resources :      Usage  Request Allocated 
	   Cpus                 :       0.62        1         1 
	   Disk (KB)            : 6833065    20971520  21328122 
	   Ioheavy              :                             0 
	   Memory (MB)          :     542       20480     20480 
...
