000 (112045375.023.000) 05/01 17:45:20 Job submitted from host: <128.104.100.44:9618?addrs=128.104.100.44-9618+[2607-f388-107c-501-90e2-baff-fe2c-2724]-9618&noUDP&sock=4699_0235_3>
...
001 (112045375.023.000) 05/01 23:07:08 Job executing on host: <128.105.245.166:9618?addrs=128.105.245.166-9618&noUDP&sock=5434_d9ba_3>
...
006 (112045375.023.000) 05/01 23:07:16 Image size of job updated: 620
	1  -  MemoryUsage of job (MB)
	620  -  ResidentSetSize of job (KB)
...
006 (112045375.023.000) 05/01 23:12:20 Image size of job updated: 632
	1  -  MemoryUsage of job (MB)
	632  -  ResidentSetSize of job (KB)
...
006 (112045375.023.000) 05/01 23:17:18 Image size of job updated: 412412
	327  -  MemoryUsage of job (MB)
	334412  -  ResidentSetSize of job (KB)
...
006 (112045375.023.000) 05/01 23:22:18 Image size of job updated: 836764
	741  -  MemoryUsage of job (MB)
	758708  -  ResidentSetSize of job (KB)
...
006 (112045375.023.000) 05/01 23:27:19 Image size of job updated: 1316480
	1210  -  MemoryUsage of job (MB)
	1238424  -  ResidentSetSize of job (KB)
...
006 (112045375.023.000) 05/01 23:32:20 Image size of job updated: 1985796
	1864  -  MemoryUsage of job (MB)
	1907740  -  ResidentSetSize of job (KB)
...
006 (112045375.023.000) 05/01 23:37:21 Image size of job updated: 2684124
	2545  -  MemoryUsage of job (MB)
	2606068  -  ResidentSetSize of job (KB)
...
006 (112045375.023.000) 05/01 23:42:21 Image size of job updated: 3612732
	3452  -  MemoryUsage of job (MB)
	3534676  -  ResidentSetSize of job (KB)
...
006 (112045375.023.000) 05/01 23:47:21 Image size of job updated: 4510188
	4329  -  MemoryUsage of job (MB)
	4432132  -  ResidentSetSize of job (KB)
...
006 (112045375.023.000) 05/01 23:52:22 Image size of job updated: 5260552
	5062  -  MemoryUsage of job (MB)
	5182496  -  ResidentSetSize of job (KB)
...
006 (112045375.023.000) 05/01 23:57:22 Image size of job updated: 6112208
	5893  -  MemoryUsage of job (MB)
	6034152  -  ResidentSetSize of job (KB)
...
006 (112045375.023.000) 05/02 00:02:22 Image size of job updated: 6970852
	6732  -  MemoryUsage of job (MB)
	6892796  -  ResidentSetSize of job (KB)
...
006 (112045375.023.000) 05/02 00:07:23 Image size of job updated: 7808396
	7550  -  MemoryUsage of job (MB)
	7730340  -  ResidentSetSize of job (KB)
...
006 (112045375.023.000) 05/02 00:12:25 Image size of job updated: 8628308
	8350  -  MemoryUsage of job (MB)
	8550252  -  ResidentSetSize of job (KB)
...
006 (112045375.023.000) 05/02 00:17:25 Image size of job updated: 9483316
	9185  -  MemoryUsage of job (MB)
	9405260  -  ResidentSetSize of job (KB)
...
006 (112045375.023.000) 05/02 00:22:25 Image size of job updated: 10241264
	9926  -  MemoryUsage of job (MB)
	10163208  -  ResidentSetSize of job (KB)
...
006 (112045375.023.000) 05/02 00:27:26 Image size of job updated: 10921868
	10590  -  MemoryUsage of job (MB)
	10843812  -  ResidentSetSize of job (KB)
...
006 (112045375.023.000) 05/02 00:32:27 Image size of job updated: 11693052
	11343  -  MemoryUsage of job (MB)
	11614996  -  ResidentSetSize of job (KB)
...
006 (112045375.023.000) 05/02 00:37:28 Image size of job updated: 12473984
	12106  -  MemoryUsage of job (MB)
	12395928  -  ResidentSetSize of job (KB)
...
006 (112045375.023.000) 05/02 00:42:28 Image size of job updated: 13014168
	12633  -  MemoryUsage of job (MB)
	12936112  -  ResidentSetSize of job (KB)
...
006 (112045375.023.000) 05/02 00:47:29 Image size of job updated: 13691144
	13295  -  MemoryUsage of job (MB)
	13613088  -  ResidentSetSize of job (KB)
...
006 (112045375.023.000) 05/02 00:52:30 Image size of job updated: 14480024
	14065  -  MemoryUsage of job (MB)
	14401968  -  ResidentSetSize of job (KB)
...
006 (112045375.023.000) 05/02 00:57:30 Image size of job updated: 15194400
	14763  -  MemoryUsage of job (MB)
	15116344  -  ResidentSetSize of job (KB)
...
006 (112045375.023.000) 05/02 01:02:31 Image size of job updated: 15969340
	15519  -  MemoryUsage of job (MB)
	15891284  -  ResidentSetSize of job (KB)
...
006 (112045375.023.000) 05/02 01:07:32 Image size of job updated: 16723860
	16256  -  MemoryUsage of job (MB)
	16645804  -  ResidentSetSize of job (KB)
...
006 (112045375.023.000) 05/02 01:12:32 Image size of job updated: 17548876
	17063  -  MemoryUsage of job (MB)
	17471824  -  ResidentSetSize of job (KB)
...
006 (112045375.023.000) 05/02 01:17:32 Image size of job updated: 18385556
	17884  -  MemoryUsage of job (MB)
	18312684  -  ResidentSetSize of job (KB)
...
006 (112045375.023.000) 05/02 01:22:33 Image size of job updated: 19100012
	18588  -  MemoryUsage of job (MB)
	19033328  -  ResidentSetSize of job (KB)
...
006 (112045375.023.000) 05/02 01:27:34 Image size of job updated: 19826056
	19303  -  MemoryUsage of job (MB)
	19765564  -  ResidentSetSize of job (KB)
...
006 (112045375.023.000) 05/02 01:32:34 Image size of job updated: 20423776
	19877  -  MemoryUsage of job (MB)
	20353488  -  ResidentSetSize of job (KB)
...
006 (112045375.023.000) 05/02 01:37:34 Image size of job updated: 20897192
	20291  -  MemoryUsage of job (MB)
	20777328  -  ResidentSetSize of job (KB)
...
006 (112045375.023.000) 05/02 01:42:35 Image size of job updated: 21399456
	20439  -  MemoryUsage of job (MB)
	20928648  -  ResidentSetSize of job (KB)
...
006 (112045375.023.000) 05/02 01:47:35 Image size of job updated: 22082792
	20448  -  MemoryUsage of job (MB)
	20938704  -  ResidentSetSize of job (KB)
...
006 (112045375.023.000) 05/02 01:52:36 Image size of job updated: 22810264
	20455  -  MemoryUsage of job (MB)
	20945880  -  ResidentSetSize of job (KB)
...
006 (112045375.023.000) 05/02 01:57:01 Image size of job updated: 23415012
	20455  -  MemoryUsage of job (MB)
	20945880  -  ResidentSetSize of job (KB)
...
005 (112045375.023.000) 05/02 01:57:03 Job terminated.
	(1) Normal termination (return value 0)
		Usr 0 02:22:04, Sys 0 00:02:25  -  Run Remote Usage
		Usr 0 00:00:00, Sys 0 00:00:00  -  Run Local Usage
		Usr 0 02:22:04, Sys 0 00:02:25  -  Total Remote Usage
		Usr 0 00:00:00, Sys 0 00:00:00  -  Total Local Usage
	24823812  -  Run Bytes Sent By Job
	1780295168  -  Run Bytes Received By Job
	24823812  -  Total Bytes Sent By Job
	1780295168  -  Total Bytes Received By Job
	Partitionable Resources :      Usage  Request Allocated 
	   Cpus                 :       1.00        1         1 
	   Disk (KB)            : 6853971    20971520  21291817 
	   Ioheavy              :                             0 
	   Memory (MB)          :   20455       20480     20480 
...
