000 (112045375.147.000) 05/01 17:45:20 Job submitted from host: <128.104.100.44:9618?addrs=128.104.100.44-9618+[2607-f388-107c-501-90e2-baff-fe2c-2724]-9618&noUDP&sock=4699_0235_3>
...
001 (112045375.147.000) 05/02 00:33:17 Job executing on host: <128.105.245.161:9618?addrs=128.105.245.161-9618&noUDP&sock=5440_f74b_3>
...
006 (112045375.147.000) 05/02 00:33:26 Image size of job updated: 624
	1  -  MemoryUsage of job (MB)
	624  -  ResidentSetSize of job (KB)
...
006 (112045375.147.000) 05/02 00:38:27 Image size of job updated: 652
	1  -  MemoryUsage of job (MB)
	652  -  ResidentSetSize of job (KB)
...
006 (112045375.147.000) 05/02 00:43:28 Image size of job updated: 364108
	280  -  MemoryUsage of job (MB)
	286108  -  ResidentSetSize of job (KB)
...
006 (112045375.147.000) 05/02 00:48:29 Image size of job updated: 773540
	680  -  MemoryUsage of job (MB)
	695484  -  ResidentSetSize of job (KB)
...
006 (112045375.147.000) 05/02 00:53:30 Image size of job updated: 1161924
	1059  -  MemoryUsage of job (MB)
	1083868  -  ResidentSetSize of job (KB)
...
006 (112045375.147.000) 05/02 00:58:31 Image size of job updated: 1479212
	1369  -  MemoryUsage of job (MB)
	1401156  -  ResidentSetSize of job (KB)
...
006 (112045375.147.000) 05/02 01:03:32 Image size of job updated: 1884604
	1765  -  MemoryUsage of job (MB)
	1806548  -  ResidentSetSize of job (KB)
...
006 (112045375.147.000) 05/02 01:08:32 Image size of job updated: 2220060
	2092  -  MemoryUsage of job (MB)
	2142004  -  ResidentSetSize of job (KB)
...
006 (112045375.147.000) 05/02 01:13:33 Image size of job updated: 2728360
	2589  -  MemoryUsage of job (MB)
	2650304  -  ResidentSetSize of job (KB)
...
006 (112045375.147.000) 05/02 01:18:34 Image size of job updated: 3385788
	3231  -  MemoryUsage of job (MB)
	3307732  -  ResidentSetSize of job (KB)
...
006 (112045375.147.000) 05/02 01:23:34 Image size of job updated: 4215280
	4041  -  MemoryUsage of job (MB)
	4137224  -  ResidentSetSize of job (KB)
...
006 (112045375.147.000) 05/02 01:28:35 Image size of job updated: 5069248
	4875  -  MemoryUsage of job (MB)
	4991192  -  ResidentSetSize of job (KB)
...
006 (112045375.147.000) 05/02 01:33:35 Image size of job updated: 5933372
	5719  -  MemoryUsage of job (MB)
	5855316  -  ResidentSetSize of job (KB)
...
006 (112045375.147.000) 05/02 01:38:35 Image size of job updated: 6751868
	6518  -  MemoryUsage of job (MB)
	6673812  -  ResidentSetSize of job (KB)
...
006 (112045375.147.000) 05/02 01:43:35 Image size of job updated: 7576520
	7323  -  MemoryUsage of job (MB)
	7498464  -  ResidentSetSize of job (KB)
...
006 (112045375.147.000) 05/02 01:48:36 Image size of job updated: 8239168
	7970  -  MemoryUsage of job (MB)
	8161112  -  ResidentSetSize of job (KB)
...
006 (112045375.147.000) 05/02 01:53:36 Image size of job updated: 8984256
	8698  -  MemoryUsage of job (MB)
	8906200  -  ResidentSetSize of job (KB)
...
006 (112045375.147.000) 05/02 01:58:36 Image size of job updated: 9653096
	9351  -  MemoryUsage of job (MB)
	9575040  -  ResidentSetSize of job (KB)
...
006 (112045375.147.000) 05/02 02:03:38 Image size of job updated: 10082832
	9771  -  MemoryUsage of job (MB)
	10004776  -  ResidentSetSize of job (KB)
...
006 (112045375.147.000) 05/02 02:08:42 Image size of job updated: 10577912
	10254  -  MemoryUsage of job (MB)
	10499856  -  ResidentSetSize of job (KB)
...
006 (112045375.147.000) 05/02 02:13:38 Image size of job updated: 11040964
	10706  -  MemoryUsage of job (MB)
	10962908  -  ResidentSetSize of job (KB)
...
006 (112045375.147.000) 05/02 02:18:38 Image size of job updated: 11749560
	11398  -  MemoryUsage of job (MB)
	11671504  -  ResidentSetSize of job (KB)
...
006 (112045375.147.000) 05/02 02:23:39 Image size of job updated: 12382016
	12016  -  MemoryUsage of job (MB)
	12303960  -  ResidentSetSize of job (KB)
...
006 (112045375.147.000) 05/02 02:28:39 Image size of job updated: 13009864
	12629  -  MemoryUsage of job (MB)
	12931808  -  ResidentSetSize of job (KB)
...
006 (112045375.147.000) 05/02 02:33:39 Image size of job updated: 13513316
	13121  -  MemoryUsage of job (MB)
	13435260  -  ResidentSetSize of job (KB)
...
006 (112045375.147.000) 05/02 02:38:40 Image size of job updated: 14136316
	13729  -  MemoryUsage of job (MB)
	14058260  -  ResidentSetSize of job (KB)
...
006 (112045375.147.000) 05/02 02:43:40 Image size of job updated: 14882852
	14458  -  MemoryUsage of job (MB)
	14804796  -  ResidentSetSize of job (KB)
...
006 (112045375.147.000) 05/02 02:48:41 Image size of job updated: 15609128
	15167  -  MemoryUsage of job (MB)
	15530204  -  ResidentSetSize of job (KB)
...
006 (112045375.147.000) 05/02 02:53:42 Image size of job updated: 16367456
	15906  -  MemoryUsage of job (MB)
	16286880  -  ResidentSetSize of job (KB)
...
006 (112045375.147.000) 05/02 02:58:43 Image size of job updated: 16955932
	16478  -  MemoryUsage of job (MB)
	16873108  -  ResidentSetSize of job (KB)
...
006 (112045375.147.000) 05/02 03:03:43 Image size of job updated: 17668220
	17172  -  MemoryUsage of job (MB)
	17583828  -  ResidentSetSize of job (KB)
...
006 (112045375.147.000) 05/02 03:08:43 Image size of job updated: 18539316
	18022  -  MemoryUsage of job (MB)
	18453560  -  ResidentSetSize of job (KB)
...
006 (112045375.147.000) 05/02 03:13:43 Image size of job updated: 19333084
	18792  -  MemoryUsage of job (MB)
	19242116  -  ResidentSetSize of job (KB)
...
006 (112045375.147.000) 05/02 03:18:44 Image size of job updated: 19873968
	19303  -  MemoryUsage of job (MB)
	19765944  -  ResidentSetSize of job (KB)
...
006 (112045375.147.000) 05/02 03:23:45 Image size of job updated: 20325280
	19706  -  MemoryUsage of job (MB)
	20178624  -  ResidentSetSize of job (KB)
...
006 (112045375.147.000) 05/02 03:28:46 Image size of job updated: 21160064
	20405  -  MemoryUsage of job (MB)
	20893704  -  ResidentSetSize of job (KB)
...
006 (112045375.147.000) 05/02 03:33:46 Image size of job updated: 21827556
	20458  -  MemoryUsage of job (MB)
	20948024  -  ResidentSetSize of job (KB)
...
006 (112045375.147.000) 05/02 03:38:46 Image size of job updated: 22535308
	20460  -  MemoryUsage of job (MB)
	20950756  -  ResidentSetSize of job (KB)
...
006 (112045375.147.000) 05/02 03:43:47 Image size of job updated: 23090584
	20460  -  MemoryUsage of job (MB)
	20950756  -  ResidentSetSize of job (KB)
...
006 (112045375.147.000) 05/02 03:44:13 Image size of job updated: 23158184
	20460  -  MemoryUsage of job (MB)
	20950756  -  ResidentSetSize of job (KB)
...
005 (112045375.147.000) 05/02 03:44:14 Job terminated.
	(1) Normal termination (return value 0)
		Usr 0 02:29:44, Sys 0 00:02:31  -  Run Remote Usage
		Usr 0 00:00:00, Sys 0 00:00:00  -  Run Local Usage
		Usr 0 02:29:44, Sys 0 00:02:31  -  Total Remote Usage
		Usr 0 00:00:00, Sys 0 00:00:00  -  Total Local Usage
	24799694  -  Run Bytes Sent By Job
	1780295168  -  Run Bytes Received By Job
	24799694  -  Total Bytes Sent By Job
	1780295168  -  Total Bytes Received By Job
	Partitionable Resources :      Usage  Request Allocated 
	   Cpus                 :       0.99        1         1 
	   Disk (KB)            : 6853947    20971520  21316887 
	   Ioheavy              :                             0 
	   Memory (MB)          :   20460       20480     20480 
...
