000 (112045375.157.000) 05/01 17:45:20 Job submitted from host: <128.104.100.44:9618?addrs=128.104.100.44-9618+[2607-f388-107c-501-90e2-baff-fe2c-2724]-9618&noUDP&sock=4699_0235_3>
...
001 (112045375.157.000) 05/02 00:39:48 Job executing on host: <128.105.245.250:9618?addrs=128.105.245.250-9618&noUDP&sock=1694_8585_3>
...
006 (112045375.157.000) 05/02 00:39:58 Image size of job updated: 648
	1  -  MemoryUsage of job (MB)
	648  -  ResidentSetSize of job (KB)
...
006 (112045375.157.000) 05/02 00:45:00 Image size of job updated: 688
	1  -  MemoryUsage of job (MB)
	688  -  ResidentSetSize of job (KB)
...
006 (112045375.157.000) 05/02 00:50:00 Image size of job updated: 544540
	456  -  MemoryUsage of job (MB)
	466544  -  ResidentSetSize of job (KB)
...
006 (112045375.157.000) 05/02 00:53:51 Image size of job updated: 813060
	456  -  MemoryUsage of job (MB)
	466544  -  ResidentSetSize of job (KB)
...
005 (112045375.157.000) 05/02 00:53:52 Job terminated.
	(1) Normal termination (return value 0)
		Usr 0 00:08:44, Sys 0 00:00:27  -  Run Remote Usage
		Usr 0 00:00:00, Sys 0 00:00:00  -  Run Local Usage
		Usr 0 00:08:44, Sys 0 00:00:27  -  Total Remote Usage
		Usr 0 00:00:00, Sys 0 00:00:00  -  Total Local Usage
	1415275  -  Run Bytes Sent By Job
	1780295168  -  Run Bytes Received By Job
	1415275  -  Total Bytes Sent By Job
	1780295168  -  Total Bytes Received By Job
	Partitionable Resources :      Usage  Request Allocated 
	   Cpus                 :       0.99        1         1 
	   Disk (KB)            : 6833301    20971520  27113036 
	   Ioheavy              :                             0 
	   Memory (MB)          :     456       20480     20480 
...
