000 (112045375.117.000) 05/01 17:45:20 Job submitted from host: <128.104.100.44:9618?addrs=128.104.100.44-9618+[2607-f388-107c-501-90e2-baff-fe2c-2724]-9618&noUDP&sock=4699_0235_3>
...
001 (112045375.117.000) 05/02 00:11:25 Job executing on host: <128.105.245.223:9618?addrs=128.105.245.223-9618&noUDP&sock=5421_eefe_3>
...
006 (112045375.117.000) 05/02 00:11:34 Image size of job updated: 628
	1  -  MemoryUsage of job (MB)
	628  -  ResidentSetSize of job (KB)
...
006 (112045375.117.000) 05/02 00:16:37 Image size of job updated: 652
	1  -  MemoryUsage of job (MB)
	652  -  ResidentSetSize of job (KB)
...
006 (112045375.117.000) 05/02 00:21:36 Image size of job updated: 668
	1  -  MemoryUsage of job (MB)
	668  -  ResidentSetSize of job (KB)
...
006 (112045375.117.000) 05/02 00:26:36 Image size of job updated: 587524
	498  -  MemoryUsage of job (MB)
	509524  -  ResidentSetSize of job (KB)
...
006 (112045375.117.000) 05/02 00:31:37 Image size of job updated: 997304
	898  -  MemoryUsage of job (MB)
	919248  -  ResidentSetSize of job (KB)
...
006 (112045375.117.000) 05/02 00:36:38 Image size of job updated: 1442576
	1333  -  MemoryUsage of job (MB)
	1364520  -  ResidentSetSize of job (KB)
...
006 (112045375.117.000) 05/02 00:41:38 Image size of job updated: 1964416
	1843  -  MemoryUsage of job (MB)
	1886360  -  ResidentSetSize of job (KB)
...
006 (112045375.117.000) 05/02 00:46:39 Image size of job updated: 2604352
	2468  -  MemoryUsage of job (MB)
	2526296  -  ResidentSetSize of job (KB)
...
006 (112045375.117.000) 05/02 00:49:02 Image size of job updated: 2889764
	2469  -  MemoryUsage of job (MB)
	2528120  -  ResidentSetSize of job (KB)
...
005 (112045375.117.000) 05/02 00:49:03 Job terminated.
	(1) Normal termination (return value 0)
		Usr 0 00:25:27, Sys 0 00:00:34  -  Run Remote Usage
		Usr 0 00:00:00, Sys 0 00:00:00  -  Run Local Usage
		Usr 0 00:25:27, Sys 0 00:00:34  -  Total Remote Usage
		Usr 0 00:00:00, Sys 0 00:00:00  -  Total Local Usage
	6034522  -  Run Bytes Sent By Job
	1780295168  -  Run Bytes Received By Job
	6034522  -  Total Bytes Sent By Job
	1780295168  -  Total Bytes Received By Job
	Partitionable Resources :      Usage  Request Allocated 
	   Cpus                 :       0.96        1         1 
	   Disk (KB)            : 6863037    20971520  21239500 
	   Ioheavy              :                             0 
	   Memory (MB)          :    2469       20480     20480 
...
