000 (112045375.178.000) 05/01 17:45:20 Job submitted from host: <128.104.100.44:9618?addrs=128.104.100.44-9618+[2607-f388-107c-501-90e2-baff-fe2c-2724]-9618&noUDP&sock=4699_0235_3>
...
001 (112045375.178.000) 05/02 00:59:15 Job executing on host: <128.105.245.180:9618?addrs=128.105.245.180-9618&noUDP&sock=5446_14dd_3>
...
006 (112045375.178.000) 05/02 00:59:24 Image size of job updated: 616
	1  -  MemoryUsage of job (MB)
	616  -  ResidentSetSize of job (KB)
...
006 (112045375.178.000) 05/02 01:04:25 Image size of job updated: 648
	1  -  MemoryUsage of job (MB)
	648  -  ResidentSetSize of job (KB)
...
006 (112045375.178.000) 05/02 01:09:26 Image size of job updated: 452028
	366  -  MemoryUsage of job (MB)
	374032  -  ResidentSetSize of job (KB)
...
006 (112045375.178.000) 05/02 01:14:27 Image size of job updated: 805420
	711  -  MemoryUsage of job (MB)
	727368  -  ResidentSetSize of job (KB)
...
006 (112045375.178.000) 05/02 01:19:27 Image size of job updated: 1286584
	1181  -  MemoryUsage of job (MB)
	1208532  -  ResidentSetSize of job (KB)
...
006 (112045375.178.000) 05/02 01:24:27 Image size of job updated: 1852440
	1733  -  MemoryUsage of job (MB)
	1774388  -  ResidentSetSize of job (KB)
...
006 (112045375.178.000) 05/02 01:29:27 Image size of job updated: 2521544
	2387  -  MemoryUsage of job (MB)
	2443492  -  ResidentSetSize of job (KB)
...
006 (112045375.178.000) 05/02 01:32:06 Image size of job updated: 2875912
	2389  -  MemoryUsage of job (MB)
	2445760  -  ResidentSetSize of job (KB)
...
005 (112045375.178.000) 05/02 01:32:07 Job terminated.
	(1) Normal termination (return value 0)
		Usr 0 00:24:03, Sys 0 00:00:29  -  Run Remote Usage
		Usr 0 00:00:00, Sys 0 00:00:00  -  Run Local Usage
		Usr 0 00:24:03, Sys 0 00:00:29  -  Total Remote Usage
		Usr 0 00:00:00, Sys 0 00:00:00  -  Total Local Usage
	6070593  -  Run Bytes Sent By Job
	1780295168  -  Run Bytes Received By Job
	6070593  -  Total Bytes Sent By Job
	1780295168  -  Total Bytes Received By Job
	Partitionable Resources :      Usage  Request Allocated 
	   Cpus                 :       1.00        1         1 
	   Disk (KB)            : 6842522    20971520  21358946 
	   Ioheavy              :                             0 
	   Memory (MB)          :    2389       20480     20480 
...
