000 (112045375.167.000) 05/01 17:45:20 Job submitted from host: <128.104.100.44:9618?addrs=128.104.100.44-9618+[2607-f388-107c-501-90e2-baff-fe2c-2724]-9618&noUDP&sock=4699_0235_3>
...
001 (112045375.167.000) 05/02 00:49:44 Job executing on host: <128.105.245.172:9618?addrs=128.105.245.172-9618&noUDP&sock=5426_5cf8_44>
...
006 (112045375.167.000) 05/02 00:49:53 Image size of job updated: 624
	1  -  MemoryUsage of job (MB)
	624  -  ResidentSetSize of job (KB)
...
006 (112045375.167.000) 05/02 00:54:56 Image size of job updated: 664
	1  -  MemoryUsage of job (MB)
	664  -  ResidentSetSize of job (KB)
...
006 (112045375.167.000) 05/02 00:59:55 Image size of job updated: 499648
	412  -  MemoryUsage of job (MB)
	421648  -  ResidentSetSize of job (KB)
...
006 (112045375.167.000) 05/02 01:04:56 Image size of job updated: 903160
	806  -  MemoryUsage of job (MB)
	825104  -  ResidentSetSize of job (KB)
...
006 (112045375.167.000) 05/02 01:09:57 Image size of job updated: 1327964
	1221  -  MemoryUsage of job (MB)
	1249908  -  ResidentSetSize of job (KB)
...
006 (112045375.167.000) 05/02 01:14:57 Image size of job updated: 1920612
	1800  -  MemoryUsage of job (MB)
	1842556  -  ResidentSetSize of job (KB)
...
006 (112045375.167.000) 05/02 01:19:57 Image size of job updated: 2582960
	2447  -  MemoryUsage of job (MB)
	2504904  -  ResidentSetSize of job (KB)
...
006 (112045375.167.000) 05/02 01:22:25 Image size of job updated: 2582960
	2448  -  MemoryUsage of job (MB)
	2506536  -  ResidentSetSize of job (KB)
...
005 (112045375.167.000) 05/02 01:22:26 Job terminated.
	(1) Normal termination (return value 0)
		Usr 0 00:25:38, Sys 0 00:00:32  -  Run Remote Usage
		Usr 0 00:00:00, Sys 0 00:00:00  -  Run Local Usage
		Usr 0 00:25:38, Sys 0 00:00:32  -  Total Remote Usage
		Usr 0 00:00:00, Sys 0 00:00:00  -  Total Local Usage
	6169932  -  Run Bytes Sent By Job
	1780295168  -  Run Bytes Received By Job
	6169932  -  Total Bytes Sent By Job
	1780295168  -  Total Bytes Received By Job
	Partitionable Resources :      Usage  Request Allocated 
	   Cpus                 :       1.01        1         1 
	   Disk (KB)            : 6863169    20971520  22164814 
	   Ioheavy              :                             0 
	   Memory (MB)          :    2448       20480     20480 
...
