000 (112070778.051.000) 05/02 11:04:42 Job submitted from host: <128.104.100.44:9618?addrs=128.104.100.44-9618+[2607-f388-107c-501-90e2-baff-fe2c-2724]-9618&noUDP&sock=4699_0235_3>
...
001 (112070778.051.000) 05/03 07:54:15 Job executing on host: <128.105.245.203:9618?addrs=128.105.245.203-9618&noUDP&sock=38396_0a74_3>
...
006 (112070778.051.000) 05/03 07:54:24 Image size of job updated: 620
	1  -  MemoryUsage of job (MB)
	620  -  ResidentSetSize of job (KB)
...
006 (112070778.051.000) 05/03 07:59:27 Image size of job updated: 624
	1  -  MemoryUsage of job (MB)
	624  -  ResidentSetSize of job (KB)
...
006 (112070778.051.000) 05/03 08:09:28 Image size of job updated: 648
	1  -  MemoryUsage of job (MB)
	648  -  ResidentSetSize of job (KB)
...
006 (112070778.051.000) 05/03 08:24:29 Image size of job updated: 652
	1  -  MemoryUsage of job (MB)
	652  -  ResidentSetSize of job (KB)
...
006 (112070778.051.000) 05/03 08:29:31 Image size of job updated: 656
	1  -  MemoryUsage of job (MB)
	656  -  ResidentSetSize of job (KB)
...
006 (112070778.051.000) 05/03 08:34:31 Image size of job updated: 664
	1  -  MemoryUsage of job (MB)
	664  -  ResidentSetSize of job (KB)
...
006 (112070778.051.000) 05/03 08:44:33 Image size of job updated: 394516
	310  -  MemoryUsage of job (MB)
	316516  -  ResidentSetSize of job (KB)
...
006 (112070778.051.000) 05/03 08:49:33 Image size of job updated: 761860
	668  -  MemoryUsage of job (MB)
	683860  -  ResidentSetSize of job (KB)
...
006 (112070778.051.000) 05/03 08:54:34 Image size of job updated: 1117948
	1016  -  MemoryUsage of job (MB)
	1039892  -  ResidentSetSize of job (KB)
...
006 (112070778.051.000) 05/03 08:59:34 Image size of job updated: 1445896
	1336  -  MemoryUsage of job (MB)
	1367840  -  ResidentSetSize of job (KB)
...
006 (112070778.051.000) 05/03 09:04:34 Image size of job updated: 2045104
	1921  -  MemoryUsage of job (MB)
	1967048  -  ResidentSetSize of job (KB)
...
006 (112070778.051.000) 05/03 09:09:35 Image size of job updated: 2762656
	2622  -  MemoryUsage of job (MB)
	2684600  -  ResidentSetSize of job (KB)
...
006 (112070778.051.000) 05/03 09:14:35 Image size of job updated: 3514364
	3356  -  MemoryUsage of job (MB)
	3436308  -  ResidentSetSize of job (KB)
...
006 (112070778.051.000) 05/03 09:19:36 Image size of job updated: 4379124
	4201  -  MemoryUsage of job (MB)
	4301068  -  ResidentSetSize of job (KB)
...
006 (112070778.051.000) 05/03 09:24:36 Image size of job updated: 5081896
	4887  -  MemoryUsage of job (MB)
	5003840  -  ResidentSetSize of job (KB)
...
006 (112070778.051.000) 05/03 09:29:38 Image size of job updated: 5831344
	5619  -  MemoryUsage of job (MB)
	5753288  -  ResidentSetSize of job (KB)
...
006 (112070778.051.000) 05/03 09:34:38 Image size of job updated: 6570060
	6340  -  MemoryUsage of job (MB)
	6492004  -  ResidentSetSize of job (KB)
...
006 (112070778.051.000) 05/03 09:39:38 Image size of job updated: 7295020
	7048  -  MemoryUsage of job (MB)
	7216964  -  ResidentSetSize of job (KB)
...
006 (112070778.051.000) 05/03 09:44:40 Image size of job updated: 8004748
	7741  -  MemoryUsage of job (MB)
	7926692  -  ResidentSetSize of job (KB)
...
006 (112070778.051.000) 05/03 09:49:40 Image size of job updated: 8749292
	8469  -  MemoryUsage of job (MB)
	8671236  -  ResidentSetSize of job (KB)
...
006 (112070778.051.000) 05/03 09:54:42 Image size of job updated: 9474380
	9177  -  MemoryUsage of job (MB)
	9396324  -  ResidentSetSize of job (KB)
...
006 (112070778.051.000) 05/03 09:59:42 Image size of job updated: 10172596
	9858  -  MemoryUsage of job (MB)
	10094540  -  ResidentSetSize of job (KB)
...
006 (112070778.051.000) 05/03 10:04:43 Image size of job updated: 10742276
	10415  -  MemoryUsage of job (MB)
	10664220  -  ResidentSetSize of job (KB)
...
006 (112070778.051.000) 05/03 10:09:43 Image size of job updated: 11353368
	11012  -  MemoryUsage of job (MB)
	11275312  -  ResidentSetSize of job (KB)
...
006 (112070778.051.000) 05/03 10:14:43 Image size of job updated: 11983420
	11627  -  MemoryUsage of job (MB)
	11905364  -  ResidentSetSize of job (KB)
...
006 (112070778.051.000) 05/03 10:19:44 Image size of job updated: 12588404
	12218  -  MemoryUsage of job (MB)
	12510348  -  ResidentSetSize of job (KB)
...
006 (112070778.051.000) 05/03 10:24:44 Image size of job updated: 13167736
	12783  -  MemoryUsage of job (MB)
	13089680  -  ResidentSetSize of job (KB)
...
006 (112070778.051.000) 05/03 10:29:45 Image size of job updated: 13809460
	13410  -  MemoryUsage of job (MB)
	13731404  -  ResidentSetSize of job (KB)
...
006 (112070778.051.000) 05/03 10:34:46 Image size of job updated: 14377300
	13965  -  MemoryUsage of job (MB)
	14299244  -  ResidentSetSize of job (KB)
...
006 (112070778.051.000) 05/03 10:39:47 Image size of job updated: 15002220
	14575  -  MemoryUsage of job (MB)
	14924164  -  ResidentSetSize of job (KB)
...
006 (112070778.051.000) 05/03 10:44:47 Image size of job updated: 15595688
	15154  -  MemoryUsage of job (MB)
	15517632  -  ResidentSetSize of job (KB)
...
006 (112070778.051.000) 05/03 10:49:48 Image size of job updated: 16246964
	15790  -  MemoryUsage of job (MB)
	16168780  -  ResidentSetSize of job (KB)
...
006 (112070778.051.000) 05/03 10:54:49 Image size of job updated: 16786524
	16317  -  MemoryUsage of job (MB)
	16708272  -  ResidentSetSize of job (KB)
...
006 (112070778.051.000) 05/03 10:59:50 Image size of job updated: 17360692
	16877  -  MemoryUsage of job (MB)
	17281640  -  ResidentSetSize of job (KB)
...
006 (112070778.051.000) 05/03 11:04:51 Image size of job updated: 17919700
	17422  -  MemoryUsage of job (MB)
	17839612  -  ResidentSetSize of job (KB)
...
006 (112070778.051.000) 05/03 11:09:52 Image size of job updated: 18509732
	17996  -  MemoryUsage of job (MB)
	18427796  -  ResidentSetSize of job (KB)
...
006 (112070778.051.000) 05/03 11:14:53 Image size of job updated: 18997372
	18469  -  MemoryUsage of job (MB)
	18912144  -  ResidentSetSize of job (KB)
...
006 (112070778.051.000) 05/03 11:19:54 Image size of job updated: 19626664
	19077  -  MemoryUsage of job (MB)
	19534752  -  ResidentSetSize of job (KB)
...
006 (112070778.051.000) 05/03 11:24:54 Image size of job updated: 20169708
	19592  -  MemoryUsage of job (MB)
	20061400  -  ResidentSetSize of job (KB)
...
006 (112070778.051.000) 05/03 11:29:54 Image size of job updated: 20795724
	20146  -  MemoryUsage of job (MB)
	20628944  -  ResidentSetSize of job (KB)
...
006 (112070778.051.000) 05/03 11:34:55 Image size of job updated: 21252328
	20424  -  MemoryUsage of job (MB)
	20913160  -  ResidentSetSize of job (KB)
...
006 (112070778.051.000) 05/03 11:39:57 Image size of job updated: 21772544
	20452  -  MemoryUsage of job (MB)
	20942452  -  ResidentSetSize of job (KB)
...
006 (112070778.051.000) 05/03 11:44:57 Image size of job updated: 22251452
	20452  -  MemoryUsage of job (MB)
	20942452  -  ResidentSetSize of job (KB)
...
006 (112070778.051.000) 05/03 11:49:57 Image size of job updated: 22880252
	20452  -  MemoryUsage of job (MB)
	20942452  -  ResidentSetSize of job (KB)
...
006 (112070778.051.000) 05/03 11:54:58 Image size of job updated: 23388844
	20452  -  MemoryUsage of job (MB)
	20942452  -  ResidentSetSize of job (KB)
...
006 (112070778.051.000) 05/03 11:59:58 Image size of job updated: 23917952
	20452  -  MemoryUsage of job (MB)
	20942452  -  ResidentSetSize of job (KB)
...
006 (112070778.051.000) 05/03 12:04:59 Image size of job updated: 24307540
	20452  -  MemoryUsage of job (MB)
	20942452  -  ResidentSetSize of job (KB)
...
006 (112070778.051.000) 05/03 12:09:59 Image size of job updated: 24625732
	20452  -  MemoryUsage of job (MB)
	20942452  -  ResidentSetSize of job (KB)
...
006 (112070778.051.000) 05/03 12:15:01 Image size of job updated: 24999408
	20452  -  MemoryUsage of job (MB)
	20942452  -  ResidentSetSize of job (KB)
...
006 (112070778.051.000) 05/03 12:20:00 Image size of job updated: 25346836
	20452  -  MemoryUsage of job (MB)
	20942452  -  ResidentSetSize of job (KB)
...
006 (112070778.051.000) 05/03 12:25:02 Image size of job updated: 25686040
	20452  -  MemoryUsage of job (MB)
	20942452  -  ResidentSetSize of job (KB)
...
005 (112070778.051.000) 05/03 12:27:28 Job terminated.
	(1) Normal termination (return value 0)
		Usr 0 03:06:48, Sys 0 00:10:10  -  Run Remote Usage
		Usr 0 00:00:00, Sys 0 00:00:00  -  Run Local Usage
		Usr 0 03:06:48, Sys 0 00:10:10  -  Total Remote Usage
		Usr 0 00:00:00, Sys 0 00:00:00  -  Total Local Usage
	28089956  -  Run Bytes Sent By Job
	1780307328  -  Run Bytes Received By Job
	28089956  -  Total Bytes Sent By Job
	1780307328  -  Total Bytes Received By Job
	Partitionable Resources :      Usage  Request Allocated 
	   Cpus                 :       0.22        1         1 
	   Disk (KB)            : 6904303    20971520  21379565 
	   Ioheavy              :                             0 
	   Memory (MB)          :   20452       20480     20480 
...
