000 (112070778.158.000) 05/02 11:04:42 Job submitted from host: <128.104.100.44:9618?addrs=128.104.100.44-9618+[2607-f388-107c-501-90e2-baff-fe2c-2724]-9618&noUDP&sock=4699_0235_3>
...
001 (112070778.158.000) 05/03 10:32:40 Job executing on host: <128.105.245.202:9618?addrs=128.105.245.202-9618&noUDP&sock=5442_567c_3>
...
006 (112070778.158.000) 05/03 10:32:49 Image size of job updated: 620
	1  -  MemoryUsage of job (MB)
	620  -  ResidentSetSize of job (KB)
...
006 (112070778.158.000) 05/03 10:37:51 Image size of job updated: 628
	1  -  MemoryUsage of job (MB)
	628  -  ResidentSetSize of job (KB)
...
006 (112070778.158.000) 05/03 10:42:56 Image size of job updated: 632
	1  -  MemoryUsage of job (MB)
	632  -  ResidentSetSize of job (KB)
...
006 (112070778.158.000) 05/03 10:47:53 Image size of job updated: 652
	1  -  MemoryUsage of job (MB)
	652  -  ResidentSetSize of job (KB)
...
006 (112070778.158.000) 05/03 10:58:00 Image size of job updated: 660
	1  -  MemoryUsage of job (MB)
	660  -  ResidentSetSize of job (KB)
...
006 (112070778.158.000) 05/03 11:02:54 Image size of job updated: 293032
	210  -  MemoryUsage of job (MB)
	215036  -  ResidentSetSize of job (KB)
...
006 (112070778.158.000) 05/03 11:07:54 Image size of job updated: 589828
	500  -  MemoryUsage of job (MB)
	511832  -  ResidentSetSize of job (KB)
...
006 (112070778.158.000) 05/03 11:12:55 Image size of job updated: 933084
	835  -  MemoryUsage of job (MB)
	855032  -  ResidentSetSize of job (KB)
...
006 (112070778.158.000) 05/03 11:17:55 Image size of job updated: 1340692
	1234  -  MemoryUsage of job (MB)
	1262640  -  ResidentSetSize of job (KB)
...
006 (112070778.158.000) 05/03 11:22:56 Image size of job updated: 1937700
	1817  -  MemoryUsage of job (MB)
	1859648  -  ResidentSetSize of job (KB)
...
006 (112070778.158.000) 05/03 11:27:57 Image size of job updated: 2574092
	2438  -  MemoryUsage of job (MB)
	2496040  -  ResidentSetSize of job (KB)
...
006 (112070778.158.000) 05/03 11:32:57 Image size of job updated: 3012928
	2867  -  MemoryUsage of job (MB)
	2934876  -  ResidentSetSize of job (KB)
...
006 (112070778.158.000) 05/03 11:37:57 Image size of job updated: 3420084
	3264  -  MemoryUsage of job (MB)
	3342032  -  ResidentSetSize of job (KB)
...
006 (112070778.158.000) 05/03 11:42:58 Image size of job updated: 3842484
	3677  -  MemoryUsage of job (MB)
	3764432  -  ResidentSetSize of job (KB)
...
006 (112070778.158.000) 05/03 11:47:58 Image size of job updated: 4442152
	4262  -  MemoryUsage of job (MB)
	4364100  -  ResidentSetSize of job (KB)
...
006 (112070778.158.000) 05/03 11:52:59 Image size of job updated: 4780684
	4593  -  MemoryUsage of job (MB)
	4702632  -  ResidentSetSize of job (KB)
...
006 (112070778.158.000) 05/03 11:58:00 Image size of job updated: 5249064
	5050  -  MemoryUsage of job (MB)
	5171012  -  ResidentSetSize of job (KB)
...
006 (112070778.158.000) 05/03 12:03:01 Image size of job updated: 5679164
	5470  -  MemoryUsage of job (MB)
	5601112  -  ResidentSetSize of job (KB)
...
006 (112070778.158.000) 05/03 12:08:00 Image size of job updated: 6233924
	6012  -  MemoryUsage of job (MB)
	6155872  -  ResidentSetSize of job (KB)
...
006 (112070778.158.000) 05/03 12:13:01 Image size of job updated: 6736092
	6502  -  MemoryUsage of job (MB)
	6658040  -  ResidentSetSize of job (KB)
...
006 (112070778.158.000) 05/03 12:18:05 Image size of job updated: 7227928
	6983  -  MemoryUsage of job (MB)
	7149876  -  ResidentSetSize of job (KB)
...
006 (112070778.158.000) 05/03 12:23:02 Image size of job updated: 7736536
	7479  -  MemoryUsage of job (MB)
	7658484  -  ResidentSetSize of job (KB)
...
006 (112070778.158.000) 05/03 12:28:03 Image size of job updated: 8426560
	8153  -  MemoryUsage of job (MB)
	8348508  -  ResidentSetSize of job (KB)
...
006 (112070778.158.000) 05/03 12:33:03 Image size of job updated: 9104544
	8815  -  MemoryUsage of job (MB)
	9026492  -  ResidentSetSize of job (KB)
...
006 (112070778.158.000) 05/03 12:38:04 Image size of job updated: 9752400
	9448  -  MemoryUsage of job (MB)
	9674348  -  ResidentSetSize of job (KB)
...
006 (112070778.158.000) 05/03 12:43:05 Image size of job updated: 10317432
	10000  -  MemoryUsage of job (MB)
	10239380  -  ResidentSetSize of job (KB)
...
006 (112070778.158.000) 05/03 12:48:05 Image size of job updated: 10887252
	10556  -  MemoryUsage of job (MB)
	10809200  -  ResidentSetSize of job (KB)
...
006 (112070778.158.000) 05/03 12:53:06 Image size of job updated: 11436688
	11093  -  MemoryUsage of job (MB)
	11358636  -  ResidentSetSize of job (KB)
...
006 (112070778.158.000) 05/03 12:58:07 Image size of job updated: 11884508
	11530  -  MemoryUsage of job (MB)
	11806456  -  ResidentSetSize of job (KB)
...
006 (112070778.158.000) 05/03 13:03:09 Image size of job updated: 12339844
	11975  -  MemoryUsage of job (MB)
	12261792  -  ResidentSetSize of job (KB)
...
006 (112070778.158.000) 05/03 13:08:07 Image size of job updated: 12869696
	12492  -  MemoryUsage of job (MB)
	12791644  -  ResidentSetSize of job (KB)
...
006 (112070778.158.000) 05/03 13:13:07 Image size of job updated: 13416508
	13026  -  MemoryUsage of job (MB)
	13338456  -  ResidentSetSize of job (KB)
...
006 (112070778.158.000) 05/03 13:18:09 Image size of job updated: 13793080
	13394  -  MemoryUsage of job (MB)
	13715028  -  ResidentSetSize of job (KB)
...
006 (112070778.158.000) 05/03 13:23:09 Image size of job updated: 14055664
	13651  -  MemoryUsage of job (MB)
	13977612  -  ResidentSetSize of job (KB)
...
006 (112070778.158.000) 05/03 13:28:10 Image size of job updated: 14273232
	13863  -  MemoryUsage of job (MB)
	14195180  -  ResidentSetSize of job (KB)
...
006 (112070778.158.000) 05/03 13:33:12 Image size of job updated: 14893116
	14468  -  MemoryUsage of job (MB)
	14815064  -  ResidentSetSize of job (KB)
...
006 (112070778.158.000) 05/03 13:38:10 Image size of job updated: 15236124
	14803  -  MemoryUsage of job (MB)
	15158072  -  ResidentSetSize of job (KB)
...
006 (112070778.158.000) 05/03 13:43:14 Image size of job updated: 15549872
	15110  -  MemoryUsage of job (MB)
	15471820  -  ResidentSetSize of job (KB)
...
006 (112070778.158.000) 05/03 13:48:11 Image size of job updated: 15921716
	15473  -  MemoryUsage of job (MB)
	15843664  -  ResidentSetSize of job (KB)
...
006 (112070778.158.000) 05/03 13:53:14 Image size of job updated: 16075560
	15623  -  MemoryUsage of job (MB)
	15997508  -  ResidentSetSize of job (KB)
...
006 (112070778.158.000) 05/03 13:58:12 Image size of job updated: 16315616
	15857  -  MemoryUsage of job (MB)
	16237564  -  ResidentSetSize of job (KB)
...
006 (112070778.158.000) 05/03 14:03:13 Image size of job updated: 16713572
	16245  -  MemoryUsage of job (MB)
	16634880  -  ResidentSetSize of job (KB)
...
006 (112070778.158.000) 05/03 14:08:13 Image size of job updated: 17021564
	16546  -  MemoryUsage of job (MB)
	16942232  -  ResidentSetSize of job (KB)
...
006 (112070778.158.000) 05/03 14:13:14 Image size of job updated: 17359464
	16875  -  MemoryUsage of job (MB)
	17279496  -  ResidentSetSize of job (KB)
...
006 (112070778.158.000) 05/03 14:18:14 Image size of job updated: 17657404
	17165  -  MemoryUsage of job (MB)
	17576920  -  ResidentSetSize of job (KB)
...
006 (112070778.158.000) 05/03 14:23:15 Image size of job updated: 17959416
	17460  -  MemoryUsage of job (MB)
	17878680  -  ResidentSetSize of job (KB)
...
006 (112070778.158.000) 05/03 14:28:16 Image size of job updated: 18289260
	17782  -  MemoryUsage of job (MB)
	18207752  -  ResidentSetSize of job (KB)
...
006 (112070778.158.000) 05/03 14:33:16 Image size of job updated: 18759028
	18239  -  MemoryUsage of job (MB)
	18676208  -  ResidentSetSize of job (KB)
...
006 (112070778.158.000) 05/03 14:38:16 Image size of job updated: 19038112
	18510  -  MemoryUsage of job (MB)
	18953848  -  ResidentSetSize of job (KB)
...
006 (112070778.158.000) 05/03 14:43:16 Image size of job updated: 19173964
	18642  -  MemoryUsage of job (MB)
	19089008  -  ResidentSetSize of job (KB)
...
006 (112070778.158.000) 05/03 14:48:28 Image size of job updated: 19226528
	18693  -  MemoryUsage of job (MB)
	19140936  -  ResidentSetSize of job (KB)
...
006 (112070778.158.000) 05/03 14:53:23 Image size of job updated: 19433520
	18894  -  MemoryUsage of job (MB)
	19346444  -  ResidentSetSize of job (KB)
...
006 (112070778.158.000) 05/03 14:58:19 Image size of job updated: 19524504
	18981  -  MemoryUsage of job (MB)
	19436432  -  ResidentSetSize of job (KB)
...
006 (112070778.158.000) 05/03 15:03:20 Image size of job updated: 19764468
	19214  -  MemoryUsage of job (MB)
	19674492  -  ResidentSetSize of job (KB)
...
006 (112070778.158.000) 05/03 15:08:20 Image size of job updated: 19892832
	19338  -  MemoryUsage of job (MB)
	19801444  -  ResidentSetSize of job (KB)
...
006 (112070778.158.000) 05/03 15:13:22 Image size of job updated: 20132440
	19564  -  MemoryUsage of job (MB)
	20033332  -  ResidentSetSize of job (KB)
...
006 (112070778.158.000) 05/03 15:18:22 Image size of job updated: 20377816
	19792  -  MemoryUsage of job (MB)
	20266864  -  ResidentSetSize of job (KB)
...
006 (112070778.158.000) 05/03 15:23:22 Image size of job updated: 20560620
	19962  -  MemoryUsage of job (MB)
	20440684  -  ResidentSetSize of job (KB)
...
006 (112070778.158.000) 05/03 15:28:22 Image size of job updated: 20789444
	20174  -  MemoryUsage of job (MB)
	20657664  -  ResidentSetSize of job (KB)
...
006 (112070778.158.000) 05/03 15:33:23 Image size of job updated: 20903672
	20262  -  MemoryUsage of job (MB)
	20747360  -  ResidentSetSize of job (KB)
...
006 (112070778.158.000) 05/03 15:38:23 Image size of job updated: 21126372
	20430  -  MemoryUsage of job (MB)
	20919536  -  ResidentSetSize of job (KB)
...
006 (112070778.158.000) 05/03 15:43:23 Image size of job updated: 21194624
	20430  -  MemoryUsage of job (MB)
	20919540  -  ResidentSetSize of job (KB)
...
006 (112070778.158.000) 05/03 15:48:24 Image size of job updated: 21247152
	20430  -  MemoryUsage of job (MB)
	20919540  -  ResidentSetSize of job (KB)
...
006 (112070778.158.000) 05/03 15:53:25 Image size of job updated: 21408032
	20446  -  MemoryUsage of job (MB)
	20936332  -  ResidentSetSize of job (KB)
...
006 (112070778.158.000) 05/03 15:58:25 Image size of job updated: 21447856
	20446  -  MemoryUsage of job (MB)
	20936332  -  ResidentSetSize of job (KB)
...
006 (112070778.158.000) 05/03 16:03:26 Image size of job updated: 21556228
	20446  -  MemoryUsage of job (MB)
	20936332  -  ResidentSetSize of job (KB)
...
006 (112070778.158.000) 05/03 16:08:26 Image size of job updated: 21838964
	20446  -  MemoryUsage of job (MB)
	20936332  -  ResidentSetSize of job (KB)
...
006 (112070778.158.000) 05/03 16:13:30 Image size of job updated: 22064232
	20463  -  MemoryUsage of job (MB)
	20953624  -  ResidentSetSize of job (KB)
...
006 (112070778.158.000) 05/03 16:18:26 Image size of job updated: 22189348
	20463  -  MemoryUsage of job (MB)
	20953624  -  ResidentSetSize of job (KB)
...
006 (112070778.158.000) 05/03 16:23:27 Image size of job updated: 22285952
	20463  -  MemoryUsage of job (MB)
	20953624  -  ResidentSetSize of job (KB)
...
006 (112070778.158.000) 05/03 16:28:27 Image size of job updated: 22488404
	20463  -  MemoryUsage of job (MB)
	20953624  -  ResidentSetSize of job (KB)
...
006 (112070778.158.000) 05/03 16:33:27 Image size of job updated: 22598676
	20463  -  MemoryUsage of job (MB)
	20953624  -  ResidentSetSize of job (KB)
...
006 (112070778.158.000) 05/03 16:38:28 Image size of job updated: 22808224
	20463  -  MemoryUsage of job (MB)
	20953624  -  ResidentSetSize of job (KB)
...
006 (112070778.158.000) 05/03 16:43:29 Image size of job updated: 22876356
	20463  -  MemoryUsage of job (MB)
	20953624  -  ResidentSetSize of job (KB)
...
006 (112070778.158.000) 05/03 16:48:30 Image size of job updated: 22926644
	20463  -  MemoryUsage of job (MB)
	20953624  -  ResidentSetSize of job (KB)
...
006 (112070778.158.000) 05/03 16:53:29 Image size of job updated: 22994788
	20463  -  MemoryUsage of job (MB)
	20953624  -  ResidentSetSize of job (KB)
...
006 (112070778.158.000) 05/03 16:58:29 Image size of job updated: 23094864
	20466  -  MemoryUsage of job (MB)
	20956584  -  ResidentSetSize of job (KB)
...
006 (112070778.158.000) 05/03 17:03:30 Image size of job updated: 23224204
	20468  -  MemoryUsage of job (MB)
	20958864  -  ResidentSetSize of job (KB)
...
006 (112070778.158.000) 05/03 17:08:34 Image size of job updated: 23298536
	20468  -  MemoryUsage of job (MB)
	20959000  -  ResidentSetSize of job (KB)
...
006 (112070778.158.000) 05/03 17:13:32 Image size of job updated: 23350376
	20468  -  MemoryUsage of job (MB)
	20959000  -  ResidentSetSize of job (KB)
...
006 (112070778.158.000) 05/03 17:18:32 Image size of job updated: 23399868
	20468  -  MemoryUsage of job (MB)
	20959000  -  ResidentSetSize of job (KB)
...
005 (112070778.158.000) 05/03 17:23:02 Job terminated.
	(1) Normal termination (return value 0)
		Usr 0 02:41:30, Sys 0 00:03:47  -  Run Remote Usage
		Usr 0 00:00:00, Sys 0 00:00:00  -  Run Local Usage
		Usr 0 02:41:30, Sys 0 00:03:47  -  Total Remote Usage
		Usr 0 00:00:00, Sys 0 00:00:00  -  Total Local Usage
	24926596  -  Run Bytes Sent By Job
	1780307328  -  Run Bytes Received By Job
	24926596  -  Total Bytes Sent By Job
	1780307328  -  Total Bytes Received By Job
	Partitionable Resources :    Usage  Request Allocated 
	   Cpus                 :        0        1         1 
	   Disk (KB)            :  6854096 20971520  21362697 
	   Ioheavy              :                           0 
	   Memory (MB)          :    20468    20480     20480 
...
