000 (112070778.048.000) 05/02 11:04:42 Job submitted from host: <128.104.100.44:9618?addrs=128.104.100.44-9618+[2607-f388-107c-501-90e2-baff-fe2c-2724]-9618&noUDP&sock=4699_0235_3>
...
001 (112070778.048.000) 05/03 07:50:07 Job executing on host: <128.105.245.174:9618?addrs=128.105.245.174-9618&noUDP&sock=5430_1b59_29>
...
006 (112070778.048.000) 05/03 07:50:15 Image size of job updated: 636
	1  -  MemoryUsage of job (MB)
	636  -  ResidentSetSize of job (KB)
...
006 (112070778.048.000) 05/03 07:55:16 Image size of job updated: 660
	1  -  MemoryUsage of job (MB)
	660  -  ResidentSetSize of job (KB)
...
006 (112070778.048.000) 05/03 08:00:17 Image size of job updated: 337404
	254  -  MemoryUsage of job (MB)
	259408  -  ResidentSetSize of job (KB)
...
006 (112070778.048.000) 05/03 08:05:18 Image size of job updated: 735552
	643  -  MemoryUsage of job (MB)
	657556  -  ResidentSetSize of job (KB)
...
006 (112070778.048.000) 05/03 08:10:18 Image size of job updated: 1113708
	1012  -  MemoryUsage of job (MB)
	1035656  -  ResidentSetSize of job (KB)
...
006 (112070778.048.000) 05/03 08:15:19 Image size of job updated: 1660816
	1546  -  MemoryUsage of job (MB)
	1582764  -  ResidentSetSize of job (KB)
...
006 (112070778.048.000) 05/03 08:20:20 Image size of job updated: 2267696
	2139  -  MemoryUsage of job (MB)
	2189644  -  ResidentSetSize of job (KB)
...
006 (112070778.048.000) 05/03 08:25:20 Image size of job updated: 3002564
	2856  -  MemoryUsage of job (MB)
	2924512  -  ResidentSetSize of job (KB)
...
006 (112070778.048.000) 05/03 08:30:21 Image size of job updated: 3976992
	3808  -  MemoryUsage of job (MB)
	3898940  -  ResidentSetSize of job (KB)
...
006 (112070778.048.000) 05/03 08:35:39 Image size of job updated: 4775556
	4588  -  MemoryUsage of job (MB)
	4697504  -  ResidentSetSize of job (KB)
...
006 (112070778.048.000) 05/03 08:40:22 Image size of job updated: 5347792
	5147  -  MemoryUsage of job (MB)
	5269740  -  ResidentSetSize of job (KB)
...
006 (112070778.048.000) 05/03 08:45:22 Image size of job updated: 6087720
	5869  -  MemoryUsage of job (MB)
	6009668  -  ResidentSetSize of job (KB)
...
006 (112070778.048.000) 05/03 08:50:23 Image size of job updated: 6743772
	6510  -  MemoryUsage of job (MB)
	6665720  -  ResidentSetSize of job (KB)
...
006 (112070778.048.000) 05/03 08:55:23 Image size of job updated: 7339700
	7092  -  MemoryUsage of job (MB)
	7261648  -  ResidentSetSize of job (KB)
...
006 (112070778.048.000) 05/03 09:00:24 Image size of job updated: 7958948
	7697  -  MemoryUsage of job (MB)
	7880896  -  ResidentSetSize of job (KB)
...
006 (112070778.048.000) 05/03 09:05:24 Image size of job updated: 8546052
	8270  -  MemoryUsage of job (MB)
	8468000  -  ResidentSetSize of job (KB)
...
006 (112070778.048.000) 05/03 09:10:25 Image size of job updated: 9159088
	8869  -  MemoryUsage of job (MB)
	9081036  -  ResidentSetSize of job (KB)
...
006 (112070778.048.000) 05/03 09:15:25 Image size of job updated: 9694480
	9392  -  MemoryUsage of job (MB)
	9616428  -  ResidentSetSize of job (KB)
...
006 (112070778.048.000) 05/03 09:20:26 Image size of job updated: 10250952
	9935  -  MemoryUsage of job (MB)
	10172900  -  ResidentSetSize of job (KB)
...
006 (112070778.048.000) 05/03 09:25:26 Image size of job updated: 10735844
	10408  -  MemoryUsage of job (MB)
	10657792  -  ResidentSetSize of job (KB)
...
006 (112070778.048.000) 05/03 09:30:26 Image size of job updated: 11224428
	10886  -  MemoryUsage of job (MB)
	11146376  -  ResidentSetSize of job (KB)
...
006 (112070778.048.000) 05/03 09:35:27 Image size of job updated: 11815272
	11463  -  MemoryUsage of job (MB)
	11737220  -  ResidentSetSize of job (KB)
...
006 (112070778.048.000) 05/03 09:40:27 Image size of job updated: 12376972
	12011  -  MemoryUsage of job (MB)
	12298920  -  ResidentSetSize of job (KB)
...
006 (112070778.048.000) 05/03 09:45:28 Image size of job updated: 12874152
	12497  -  MemoryUsage of job (MB)
	12796100  -  ResidentSetSize of job (KB)
...
006 (112070778.048.000) 05/03 09:50:29 Image size of job updated: 13377412
	12988  -  MemoryUsage of job (MB)
	13299360  -  ResidentSetSize of job (KB)
...
006 (112070778.048.000) 05/03 09:55:29 Image size of job updated: 13789724
	13391  -  MemoryUsage of job (MB)
	13711672  -  ResidentSetSize of job (KB)
...
006 (112070778.048.000) 05/03 10:00:29 Image size of job updated: 14231852
	13823  -  MemoryUsage of job (MB)
	14153800  -  ResidentSetSize of job (KB)
...
006 (112070778.048.000) 05/03 10:05:30 Image size of job updated: 14684848
	14265  -  MemoryUsage of job (MB)
	14606796  -  ResidentSetSize of job (KB)
...
006 (112070778.048.000) 05/03 10:10:30 Image size of job updated: 14941096
	14515  -  MemoryUsage of job (MB)
	14863044  -  ResidentSetSize of job (KB)
...
006 (112070778.048.000) 05/03 10:15:31 Image size of job updated: 15292628
	14858  -  MemoryUsage of job (MB)
	15213680  -  ResidentSetSize of job (KB)
...
006 (112070778.048.000) 05/03 10:20:32 Image size of job updated: 15684832
	15237  -  MemoryUsage of job (MB)
	15602464  -  ResidentSetSize of job (KB)
...
006 (112070778.048.000) 05/03 10:25:33 Image size of job updated: 16218512
	15756  -  MemoryUsage of job (MB)
	16133756  -  ResidentSetSize of job (KB)
...
006 (112070778.048.000) 05/03 10:30:33 Image size of job updated: 16717052
	16241  -  MemoryUsage of job (MB)
	16630416  -  ResidentSetSize of job (KB)
...
006 (112070778.048.000) 05/03 10:35:35 Image size of job updated: 17237124
	16746  -  MemoryUsage of job (MB)
	17147816  -  ResidentSetSize of job (KB)
...
006 (112070778.048.000) 05/03 10:40:35 Image size of job updated: 17687164
	17184  -  MemoryUsage of job (MB)
	17596204  -  ResidentSetSize of job (KB)
...
006 (112070778.048.000) 05/03 10:45:36 Image size of job updated: 18175464
	17660  -  MemoryUsage of job (MB)
	18083504  -  ResidentSetSize of job (KB)
...
006 (112070778.048.000) 05/03 10:50:37 Image size of job updated: 18913480
	18378  -  MemoryUsage of job (MB)
	18818780  -  ResidentSetSize of job (KB)
...
006 (112070778.048.000) 05/03 10:55:37 Image size of job updated: 19378928
	18829  -  MemoryUsage of job (MB)
	19280592  -  ResidentSetSize of job (KB)
...
006 (112070778.048.000) 05/03 11:00:38 Image size of job updated: 19969820
	19398  -  MemoryUsage of job (MB)
	19862968  -  ResidentSetSize of job (KB)
...
006 (112070778.048.000) 05/03 11:05:38 Image size of job updated: 20582092
	19975  -  MemoryUsage of job (MB)
	20454132  -  ResidentSetSize of job (KB)
...
006 (112070778.048.000) 05/03 11:10:39 Image size of job updated: 21079688
	20367  -  MemoryUsage of job (MB)
	20855040  -  ResidentSetSize of job (KB)
...
006 (112070778.048.000) 05/03 11:15:40 Image size of job updated: 21550428
	20455  -  MemoryUsage of job (MB)
	20945360  -  ResidentSetSize of job (KB)
...
006 (112070778.048.000) 05/03 11:20:40 Image size of job updated: 22013840
	20455  -  MemoryUsage of job (MB)
	20945360  -  ResidentSetSize of job (KB)
...
006 (112070778.048.000) 05/03 11:25:42 Image size of job updated: 22416060
	20455  -  MemoryUsage of job (MB)
	20945360  -  ResidentSetSize of job (KB)
...
006 (112070778.048.000) 05/03 11:30:42 Image size of job updated: 22967292
	20461  -  MemoryUsage of job (MB)
	20951828  -  ResidentSetSize of job (KB)
...
006 (112070778.048.000) 05/03 11:34:09 Image size of job updated: 23893360
	20461  -  MemoryUsage of job (MB)
	20951828  -  ResidentSetSize of job (KB)
...
005 (112070778.048.000) 05/03 11:34:11 Job terminated.
	(1) Normal termination (return value 0)
		Usr 0 03:12:30, Sys 0 00:03:14  -  Run Remote Usage
		Usr 0 00:00:00, Sys 0 00:00:00  -  Run Local Usage
		Usr 0 03:12:30, Sys 0 00:03:14  -  Total Remote Usage
		Usr 0 00:00:00, Sys 0 00:00:00  -  Total Local Usage
	24965574  -  Run Bytes Sent By Job
	1780307328  -  Run Bytes Received By Job
	24965574  -  Total Bytes Sent By Job
	1780307328  -  Total Bytes Received By Job
	Partitionable Resources :      Usage  Request Allocated 
	   Cpus                 :       0.97        1         1 
	   Disk (KB)            : 6854134    20971520  21160031 
	   Ioheavy              :                             0 
	   Memory (MB)          :   20461       20480     20480 
...
