000 (112070778.088.000) 05/02 11:04:42 Job submitted from host: <128.104.100.44:9618?addrs=128.104.100.44-9618+[2607-f388-107c-501-90e2-baff-fe2c-2724]-9618&noUDP&sock=4699_0235_3>
...
001 (112070778.088.000) 05/03 09:06:36 Job executing on host: <128.105.245.208:9618?addrs=128.105.245.208-9618&noUDP&sock=5437_e882_3>
...
006 (112070778.088.000) 05/03 09:06:45 Image size of job updated: 620
	1  -  MemoryUsage of job (MB)
	620  -  ResidentSetSize of job (KB)
...
006 (112070778.088.000) 05/03 09:12:02 Image size of job updated: 628
	1  -  MemoryUsage of job (MB)
	628  -  ResidentSetSize of job (KB)
...
006 (112070778.088.000) 05/03 09:16:51 Image size of job updated: 632
	1  -  MemoryUsage of job (MB)
	632  -  ResidentSetSize of job (KB)
...
006 (112070778.088.000) 05/03 09:21:46 Image size of job updated: 652
	1  -  MemoryUsage of job (MB)
	652  -  ResidentSetSize of job (KB)
...
006 (112070778.088.000) 05/03 09:41:49 Image size of job updated: 656
	1  -  MemoryUsage of job (MB)
	656  -  ResidentSetSize of job (KB)
...
006 (112070778.088.000) 05/03 09:46:54 Image size of job updated: 668
	1  -  MemoryUsage of job (MB)
	668  -  ResidentSetSize of job (KB)
...
006 (112070778.088.000) 05/03 09:56:51 Image size of job updated: 373496
	289  -  MemoryUsage of job (MB)
	295500  -  ResidentSetSize of job (KB)
...
006 (112070778.088.000) 05/03 10:01:51 Image size of job updated: 746044
	653  -  MemoryUsage of job (MB)
	668048  -  ResidentSetSize of job (KB)
...
006 (112070778.088.000) 05/03 10:06:52 Image size of job updated: 1190956
	1087  -  MemoryUsage of job (MB)
	1112904  -  ResidentSetSize of job (KB)
...
006 (112070778.088.000) 05/03 10:11:52 Image size of job updated: 1708844
	1593  -  MemoryUsage of job (MB)
	1630792  -  ResidentSetSize of job (KB)
...
006 (112070778.088.000) 05/03 10:16:52 Image size of job updated: 2332508
	2202  -  MemoryUsage of job (MB)
	2254456  -  ResidentSetSize of job (KB)
...
006 (112070778.088.000) 05/03 10:21:53 Image size of job updated: 2802456
	2661  -  MemoryUsage of job (MB)
	2724404  -  ResidentSetSize of job (KB)
...
006 (112070778.088.000) 05/03 10:26:53 Image size of job updated: 3421656
	3266  -  MemoryUsage of job (MB)
	3343604  -  ResidentSetSize of job (KB)
...
006 (112070778.088.000) 05/03 10:31:54 Image size of job updated: 4134284
	3962  -  MemoryUsage of job (MB)
	4056232  -  ResidentSetSize of job (KB)
...
006 (112070778.088.000) 05/03 10:36:55 Image size of job updated: 4902344
	4712  -  MemoryUsage of job (MB)
	4824292  -  ResidentSetSize of job (KB)
...
006 (112070778.088.000) 05/03 10:41:55 Image size of job updated: 5607332
	5400  -  MemoryUsage of job (MB)
	5529280  -  ResidentSetSize of job (KB)
...
006 (112070778.088.000) 05/03 10:46:55 Image size of job updated: 6381532
	6156  -  MemoryUsage of job (MB)
	6303480  -  ResidentSetSize of job (KB)
...
006 (112070778.088.000) 05/03 10:51:56 Image size of job updated: 7045024
	6804  -  MemoryUsage of job (MB)
	6966888  -  ResidentSetSize of job (KB)
...
006 (112070778.088.000) 05/03 10:56:57 Image size of job updated: 7623396
	7369  -  MemoryUsage of job (MB)
	7545260  -  ResidentSetSize of job (KB)
...
006 (112070778.088.000) 05/03 11:01:57 Image size of job updated: 8318872
	8048  -  MemoryUsage of job (MB)
	8240736  -  ResidentSetSize of job (KB)
...
006 (112070778.088.000) 05/03 11:06:57 Image size of job updated: 8993468
	8707  -  MemoryUsage of job (MB)
	8915332  -  ResidentSetSize of job (KB)
...
006 (112070778.088.000) 05/03 11:11:58 Image size of job updated: 9618064
	9317  -  MemoryUsage of job (MB)
	9539928  -  ResidentSetSize of job (KB)
...
006 (112070778.088.000) 05/03 11:16:58 Image size of job updated: 10386452
	10067  -  MemoryUsage of job (MB)
	10308188  -  ResidentSetSize of job (KB)
...
006 (112070778.088.000) 05/03 11:22:02 Image size of job updated: 11024356
	10690  -  MemoryUsage of job (MB)
	10946092  -  ResidentSetSize of job (KB)
...
006 (112070778.088.000) 05/03 11:26:58 Image size of job updated: 11606644
	11259  -  MemoryUsage of job (MB)
	11528380  -  ResidentSetSize of job (KB)
...
006 (112070778.088.000) 05/03 11:31:59 Image size of job updated: 12175284
	11814  -  MemoryUsage of job (MB)
	12097020  -  ResidentSetSize of job (KB)
...
006 (112070778.088.000) 05/03 11:37:00 Image size of job updated: 12739220
	12365  -  MemoryUsage of job (MB)
	12660956  -  ResidentSetSize of job (KB)
...
006 (112070778.088.000) 05/03 11:42:00 Image size of job updated: 13351936
	12963  -  MemoryUsage of job (MB)
	13273672  -  ResidentSetSize of job (KB)
...
006 (112070778.088.000) 05/03 11:47:01 Image size of job updated: 13931488
	13529  -  MemoryUsage of job (MB)
	13853224  -  ResidentSetSize of job (KB)
...
006 (112070778.088.000) 05/03 11:52:01 Image size of job updated: 14632944
	14214  -  MemoryUsage of job (MB)
	14554680  -  ResidentSetSize of job (KB)
...
006 (112070778.088.000) 05/03 11:57:01 Image size of job updated: 15315072
	14880  -  MemoryUsage of job (MB)
	15236808  -  ResidentSetSize of job (KB)
...
006 (112070778.088.000) 05/03 12:02:02 Image size of job updated: 16028308
	15577  -  MemoryUsage of job (MB)
	15950044  -  ResidentSetSize of job (KB)
...
006 (112070778.088.000) 05/03 12:07:02 Image size of job updated: 16611700
	16146  -  MemoryUsage of job (MB)
	16533436  -  ResidentSetSize of job (KB)
...
006 (112070778.088.000) 05/03 12:12:03 Image size of job updated: 17168500
	16690  -  MemoryUsage of job (MB)
	17090236  -  ResidentSetSize of job (KB)
...
006 (112070778.088.000) 05/03 12:17:03 Image size of job updated: 17711176
	17218  -  MemoryUsage of job (MB)
	17631108  -  ResidentSetSize of job (KB)
...
006 (112070778.088.000) 05/03 12:22:04 Image size of job updated: 18285836
	17777  -  MemoryUsage of job (MB)
	18203280  -  ResidentSetSize of job (KB)
...
006 (112070778.088.000) 05/03 12:27:04 Image size of job updated: 18900976
	18376  -  MemoryUsage of job (MB)
	18816972  -  ResidentSetSize of job (KB)
...
006 (112070778.088.000) 05/03 12:32:05 Image size of job updated: 19479188
	18932  -  MemoryUsage of job (MB)
	19385592  -  ResidentSetSize of job (KB)
...
006 (112070778.088.000) 05/03 12:37:06 Image size of job updated: 20013348
	19432  -  MemoryUsage of job (MB)
	19898292  -  ResidentSetSize of job (KB)
...
006 (112070778.088.000) 05/03 12:42:07 Image size of job updated: 20635656
	20006  -  MemoryUsage of job (MB)
	20485280  -  ResidentSetSize of job (KB)
...
006 (112070778.088.000) 05/03 12:47:08 Image size of job updated: 21100680
	20336  -  MemoryUsage of job (MB)
	20823296  -  ResidentSetSize of job (KB)
...
006 (112070778.088.000) 05/03 12:52:08 Image size of job updated: 21582088
	20432  -  MemoryUsage of job (MB)
	20922036  -  ResidentSetSize of job (KB)
...
006 (112070778.088.000) 05/03 12:57:08 Image size of job updated: 21878240
	20448  -  MemoryUsage of job (MB)
	20938088  -  ResidentSetSize of job (KB)
...
006 (112070778.088.000) 05/03 13:02:09 Image size of job updated: 21997632
	20448  -  MemoryUsage of job (MB)
	20938088  -  ResidentSetSize of job (KB)
...
006 (112070778.088.000) 05/03 13:07:09 Image size of job updated: 22170444
	20457  -  MemoryUsage of job (MB)
	20947640  -  ResidentSetSize of job (KB)
...
006 (112070778.088.000) 05/03 13:12:10 Image size of job updated: 22290684
	20457  -  MemoryUsage of job (MB)
	20947640  -  ResidentSetSize of job (KB)
...
006 (112070778.088.000) 05/03 13:17:10 Image size of job updated: 22565072
	20459  -  MemoryUsage of job (MB)
	20949184  -  ResidentSetSize of job (KB)
...
006 (112070778.088.000) 05/03 13:22:12 Image size of job updated: 22762508
	20459  -  MemoryUsage of job (MB)
	20949184  -  ResidentSetSize of job (KB)
...
006 (112070778.088.000) 05/03 13:27:14 Image size of job updated: 23030108
	20459  -  MemoryUsage of job (MB)
	20949184  -  ResidentSetSize of job (KB)
...
006 (112070778.088.000) 05/03 13:31:00 Image size of job updated: 23199276
	20459  -  MemoryUsage of job (MB)
	20949184  -  ResidentSetSize of job (KB)
...
005 (112070778.088.000) 05/03 13:31:03 Job terminated.
	(1) Normal termination (return value 0)
		Usr 0 02:20:31, Sys 0 00:08:47  -  Run Remote Usage
		Usr 0 00:00:00, Sys 0 00:00:00  -  Run Local Usage
		Usr 0 02:20:31, Sys 0 00:08:47  -  Total Remote Usage
		Usr 0 00:00:00, Sys 0 00:00:00  -  Total Local Usage
	24930116  -  Run Bytes Sent By Job
	1780307328  -  Run Bytes Received By Job
	24930116  -  Total Bytes Sent By Job
	1780307328  -  Total Bytes Received By Job
	Partitionable Resources :      Usage  Request Allocated 
	   Cpus                 :       0.28        1         1 
	   Disk (KB)            : 6854098    20971520  21359163 
	   Ioheavy              :                             0 
	   Memory (MB)          :   20459       20480     20480 
...
