000 (112070778.138.000) 05/02 11:04:42 Job submitted from host: <128.104.100.44:9618?addrs=128.104.100.44-9618+[2607-f388-107c-501-90e2-baff-fe2c-2724]-9618&noUDP&sock=4699_0235_3>
...
001 (112070778.138.000) 05/03 10:11:26 Job executing on host: <128.105.245.249:9618?addrs=128.105.245.249-9618&noUDP&sock=5434_d9ba_3>
...
006 (112070778.138.000) 05/03 10:11:35 Image size of job updated: 628
	1  -  MemoryUsage of job (MB)
	628  -  ResidentSetSize of job (KB)
...
006 (112070778.138.000) 05/03 10:16:38 Image size of job updated: 632
	1  -  MemoryUsage of job (MB)
	632  -  ResidentSetSize of job (KB)
...
006 (112070778.138.000) 05/03 10:21:36 Image size of job updated: 652
	1  -  MemoryUsage of job (MB)
	652  -  ResidentSetSize of job (KB)
...
006 (112070778.138.000) 05/03 10:31:38 Image size of job updated: 668
	1  -  MemoryUsage of job (MB)
	668  -  ResidentSetSize of job (KB)
...
006 (112070778.138.000) 05/03 10:36:39 Image size of job updated: 368052
	284  -  MemoryUsage of job (MB)
	290052  -  ResidentSetSize of job (KB)
...
006 (112070778.138.000) 05/03 10:41:39 Image size of job updated: 612748
	523  -  MemoryUsage of job (MB)
	534748  -  ResidentSetSize of job (KB)
...
006 (112070778.138.000) 05/03 10:46:40 Image size of job updated: 880108
	784  -  MemoryUsage of job (MB)
	802052  -  ResidentSetSize of job (KB)
...
006 (112070778.138.000) 05/03 10:51:51 Image size of job updated: 1173572
	1070  -  MemoryUsage of job (MB)
	1095516  -  ResidentSetSize of job (KB)
...
006 (112070778.138.000) 05/03 10:56:41 Image size of job updated: 1373948
	1266  -  MemoryUsage of job (MB)
	1295892  -  ResidentSetSize of job (KB)
...
006 (112070778.138.000) 05/03 11:01:41 Image size of job updated: 1796168
	1678  -  MemoryUsage of job (MB)
	1718112  -  ResidentSetSize of job (KB)
...
006 (112070778.138.000) 05/03 11:06:41 Image size of job updated: 2373428
	2242  -  MemoryUsage of job (MB)
	2295372  -  ResidentSetSize of job (KB)
...
006 (112070778.138.000) 05/03 11:11:44 Image size of job updated: 3029892
	2883  -  MemoryUsage of job (MB)
	2951836  -  ResidentSetSize of job (KB)
...
006 (112070778.138.000) 05/03 11:16:45 Image size of job updated: 3776980
	3613  -  MemoryUsage of job (MB)
	3698924  -  ResidentSetSize of job (KB)
...
006 (112070778.138.000) 05/03 11:21:43 Image size of job updated: 4321716
	4145  -  MemoryUsage of job (MB)
	4243660  -  ResidentSetSize of job (KB)
...
006 (112070778.138.000) 05/03 11:26:43 Image size of job updated: 4954196
	4762  -  MemoryUsage of job (MB)
	4876140  -  ResidentSetSize of job (KB)
...
006 (112070778.138.000) 05/03 11:31:43 Image size of job updated: 5687900
	5479  -  MemoryUsage of job (MB)
	5609844  -  ResidentSetSize of job (KB)
...
006 (112070778.138.000) 05/03 11:36:43 Image size of job updated: 6426108
	6200  -  MemoryUsage of job (MB)
	6348052  -  ResidentSetSize of job (KB)
...
006 (112070778.138.000) 05/03 11:41:43 Image size of job updated: 7180628
	6937  -  MemoryUsage of job (MB)
	7102572  -  ResidentSetSize of job (KB)
...
006 (112070778.138.000) 05/03 11:46:44 Image size of job updated: 7859336
	7599  -  MemoryUsage of job (MB)
	7781280  -  ResidentSetSize of job (KB)
...
006 (112070778.138.000) 05/03 11:51:45 Image size of job updated: 8520292
	8245  -  MemoryUsage of job (MB)
	8442236  -  ResidentSetSize of job (KB)
...
006 (112070778.138.000) 05/03 11:56:46 Image size of job updated: 9263372
	8971  -  MemoryUsage of job (MB)
	9185316  -  ResidentSetSize of job (KB)
...
006 (112070778.138.000) 05/03 12:01:47 Image size of job updated: 9937140
	9629  -  MemoryUsage of job (MB)
	9859084  -  ResidentSetSize of job (KB)
...
006 (112070778.138.000) 05/03 12:06:48 Image size of job updated: 10583880
	10260  -  MemoryUsage of job (MB)
	10505824  -  ResidentSetSize of job (KB)
...
006 (112070778.138.000) 05/03 12:11:49 Image size of job updated: 11106832
	10771  -  MemoryUsage of job (MB)
	11028776  -  ResidentSetSize of job (KB)
...
006 (112070778.138.000) 05/03 12:16:50 Image size of job updated: 11720488
	11370  -  MemoryUsage of job (MB)
	11642432  -  ResidentSetSize of job (KB)
...
006 (112070778.138.000) 05/03 12:21:50 Image size of job updated: 12286088
	11922  -  MemoryUsage of job (MB)
	12208032  -  ResidentSetSize of job (KB)
...
006 (112070778.138.000) 05/03 12:26:52 Image size of job updated: 12820508
	12444  -  MemoryUsage of job (MB)
	12742452  -  ResidentSetSize of job (KB)
...
006 (112070778.138.000) 05/03 12:31:51 Image size of job updated: 13476536
	13085  -  MemoryUsage of job (MB)
	13398480  -  ResidentSetSize of job (KB)
...
006 (112070778.138.000) 05/03 12:36:52 Image size of job updated: 13952284
	13550  -  MemoryUsage of job (MB)
	13874228  -  ResidentSetSize of job (KB)
...
006 (112070778.138.000) 05/03 12:41:52 Image size of job updated: 14445536
	14031  -  MemoryUsage of job (MB)
	14367480  -  ResidentSetSize of job (KB)
...
006 (112070778.138.000) 05/03 12:46:52 Image size of job updated: 15050068
	14622  -  MemoryUsage of job (MB)
	14972012  -  ResidentSetSize of job (KB)
...
006 (112070778.138.000) 05/03 12:51:53 Image size of job updated: 15730092
	15282  -  MemoryUsage of job (MB)
	15648208  -  ResidentSetSize of job (KB)
...
006 (112070778.138.000) 05/03 12:56:53 Image size of job updated: 16310588
	15845  -  MemoryUsage of job (MB)
	16225248  -  ResidentSetSize of job (KB)
...
006 (112070778.138.000) 05/03 13:01:54 Image size of job updated: 17088312
	16596  -  MemoryUsage of job (MB)
	16993508  -  ResidentSetSize of job (KB)
...
006 (112070778.138.000) 05/03 13:06:55 Image size of job updated: 17672856
	17154  -  MemoryUsage of job (MB)
	17565520  -  ResidentSetSize of job (KB)
...
006 (112070778.138.000) 05/03 13:11:55 Image size of job updated: 18281416
	17740  -  MemoryUsage of job (MB)
	18165268  -  ResidentSetSize of job (KB)
...
006 (112070778.138.000) 05/03 13:16:57 Image size of job updated: 18904480
	18333  -  MemoryUsage of job (MB)
	18772404  -  ResidentSetSize of job (KB)
...
006 (112070778.138.000) 05/03 13:21:55 Image size of job updated: 19491104
	18891  -  MemoryUsage of job (MB)
	19344140  -  ResidentSetSize of job (KB)
...
006 (112070778.138.000) 05/03 13:26:55 Image size of job updated: 20116356
	19486  -  MemoryUsage of job (MB)
	19953252  -  ResidentSetSize of job (KB)
...
006 (112070778.138.000) 05/03 13:31:57 Image size of job updated: 20635984
	19930  -  MemoryUsage of job (MB)
	20407364  -  ResidentSetSize of job (KB)
...
006 (112070778.138.000) 05/03 13:36:56 Image size of job updated: 21229168
	20324  -  MemoryUsage of job (MB)
	20811148  -  ResidentSetSize of job (KB)
...
006 (112070778.138.000) 05/03 13:41:57 Image size of job updated: 21762384
	20442  -  MemoryUsage of job (MB)
	20931752  -  ResidentSetSize of job (KB)
...
006 (112070778.138.000) 05/03 13:46:58 Image size of job updated: 22151576
	20456  -  MemoryUsage of job (MB)
	20946784  -  ResidentSetSize of job (KB)
...
006 (112070778.138.000) 05/03 13:51:59 Image size of job updated: 22622520
	20456  -  MemoryUsage of job (MB)
	20946784  -  ResidentSetSize of job (KB)
...
006 (112070778.138.000) 05/03 13:57:03 Image size of job updated: 23060376
	20456  -  MemoryUsage of job (MB)
	20946784  -  ResidentSetSize of job (KB)
...
005 (112070778.138.000) 05/03 13:58:39 Job terminated.
	(1) Normal termination (return value 0)
		Usr 0 02:39:54, Sys 0 00:11:04  -  Run Remote Usage
		Usr 0 00:00:00, Sys 0 00:00:00  -  Run Local Usage
		Usr 0 02:39:54, Sys 0 00:11:04  -  Total Remote Usage
		Usr 0 00:00:00, Sys 0 00:00:00  -  Total Local Usage
	24628776  -  Run Bytes Sent By Job
	1780307328  -  Run Bytes Received By Job
	24628776  -  Total Bytes Sent By Job
	1780307328  -  Total Bytes Received By Job
	Partitionable Resources :      Usage  Request Allocated 
	   Cpus                 :       0.53        1         1 
	   Disk (KB)            : 6853805    20971520  21351102 
	   Ioheavy              :                             0 
	   Memory (MB)          :   20456       20480     20480 
...
