000 (112070778.092.000) 05/02 11:04:42 Job submitted from host: <128.104.100.44:9618?addrs=128.104.100.44-9618+[2607-f388-107c-501-90e2-baff-fe2c-2724]-9618&noUDP&sock=4699_0235_3>
...
001 (112070778.092.000) 05/03 09:07:57 Job executing on host: <128.105.245.158:9618?addrs=128.105.245.158-9618&noUDP&sock=5419_8fce_3>
...
006 (112070778.092.000) 05/03 09:08:06 Image size of job updated: 628
	1  -  MemoryUsage of job (MB)
	628  -  ResidentSetSize of job (KB)
...
006 (112070778.092.000) 05/03 09:13:08 Image size of job updated: 660
	1  -  MemoryUsage of job (MB)
	660  -  ResidentSetSize of job (KB)
...
006 (112070778.092.000) 05/03 09:18:08 Image size of job updated: 492708
	405  -  MemoryUsage of job (MB)
	414712  -  ResidentSetSize of job (KB)
...
006 (112070778.092.000) 05/03 09:23:09 Image size of job updated: 872220
	776  -  MemoryUsage of job (MB)
	794168  -  ResidentSetSize of job (KB)
...
006 (112070778.092.000) 05/03 09:28:10 Image size of job updated: 1308604
	1202  -  MemoryUsage of job (MB)
	1230552  -  ResidentSetSize of job (KB)
...
006 (112070778.092.000) 05/03 09:33:10 Image size of job updated: 1827992
	1709  -  MemoryUsage of job (MB)
	1749940  -  ResidentSetSize of job (KB)
...
006 (112070778.092.000) 05/03 09:38:11 Image size of job updated: 2404864
	2273  -  MemoryUsage of job (MB)
	2326812  -  ResidentSetSize of job (KB)
...
006 (112070778.092.000) 05/03 09:43:11 Image size of job updated: 3027448
	2881  -  MemoryUsage of job (MB)
	2949396  -  ResidentSetSize of job (KB)
...
006 (112070778.092.000) 05/03 09:48:12 Image size of job updated: 3814416
	3649  -  MemoryUsage of job (MB)
	3736364  -  ResidentSetSize of job (KB)
...
006 (112070778.092.000) 05/03 09:53:12 Image size of job updated: 4568080
	4385  -  MemoryUsage of job (MB)
	4490028  -  ResidentSetSize of job (KB)
...
006 (112070778.092.000) 05/03 09:58:13 Image size of job updated: 5260276
	5061  -  MemoryUsage of job (MB)
	5182224  -  ResidentSetSize of job (KB)
...
006 (112070778.092.000) 05/03 10:03:14 Image size of job updated: 5926812
	5712  -  MemoryUsage of job (MB)
	5848760  -  ResidentSetSize of job (KB)
...
006 (112070778.092.000) 05/03 10:08:14 Image size of job updated: 6656796
	6425  -  MemoryUsage of job (MB)
	6578744  -  ResidentSetSize of job (KB)
...
006 (112070778.092.000) 05/03 10:13:15 Image size of job updated: 7278884
	7033  -  MemoryUsage of job (MB)
	7200832  -  ResidentSetSize of job (KB)
...
006 (112070778.092.000) 05/03 10:18:16 Image size of job updated: 8090640
	7825  -  MemoryUsage of job (MB)
	8012588  -  ResidentSetSize of job (KB)
...
006 (112070778.092.000) 05/03 10:23:17 Image size of job updated: 8690200
	8411  -  MemoryUsage of job (MB)
	8612148  -  ResidentSetSize of job (KB)
...
006 (112070778.092.000) 05/03 10:28:17 Image size of job updated: 9391992
	9096  -  MemoryUsage of job (MB)
	9313940  -  ResidentSetSize of job (KB)
...
006 (112070778.092.000) 05/03 10:33:17 Image size of job updated: 9919928
	9612  -  MemoryUsage of job (MB)
	9841876  -  ResidentSetSize of job (KB)
...
006 (112070778.092.000) 05/03 10:38:22 Image size of job updated: 10499700
	10178  -  MemoryUsage of job (MB)
	10421648  -  ResidentSetSize of job (KB)
...
006 (112070778.092.000) 05/03 10:43:18 Image size of job updated: 11041808
	10707  -  MemoryUsage of job (MB)
	10963756  -  ResidentSetSize of job (KB)
...
006 (112070778.092.000) 05/03 10:48:18 Image size of job updated: 11550128
	11204  -  MemoryUsage of job (MB)
	11472076  -  ResidentSetSize of job (KB)
...
006 (112070778.092.000) 05/03 10:53:19 Image size of job updated: 12133008
	11773  -  MemoryUsage of job (MB)
	12054956  -  ResidentSetSize of job (KB)
...
006 (112070778.092.000) 05/03 10:58:20 Image size of job updated: 12711672
	12338  -  MemoryUsage of job (MB)
	12633620  -  ResidentSetSize of job (KB)
...
006 (112070778.092.000) 05/03 11:03:20 Image size of job updated: 13259636
	12873  -  MemoryUsage of job (MB)
	13181584  -  ResidentSetSize of job (KB)
...
006 (112070778.092.000) 05/03 11:08:21 Image size of job updated: 13886452
	13485  -  MemoryUsage of job (MB)
	13808400  -  ResidentSetSize of job (KB)
...
006 (112070778.092.000) 05/03 11:13:21 Image size of job updated: 14537396
	14121  -  MemoryUsage of job (MB)
	14459344  -  ResidentSetSize of job (KB)
...
006 (112070778.092.000) 05/03 11:18:22 Image size of job updated: 15058976
	14630  -  MemoryUsage of job (MB)
	14980924  -  ResidentSetSize of job (KB)
...
006 (112070778.092.000) 05/03 11:23:23 Image size of job updated: 15656872
	15214  -  MemoryUsage of job (MB)
	15578820  -  ResidentSetSize of job (KB)
...
006 (112070778.092.000) 05/03 11:28:24 Image size of job updated: 16289920
	15832  -  MemoryUsage of job (MB)
	16211620  -  ResidentSetSize of job (KB)
...
006 (112070778.092.000) 05/03 11:33:23 Image size of job updated: 16898240
	16425  -  MemoryUsage of job (MB)
	16818732  -  ResidentSetSize of job (KB)
...
006 (112070778.092.000) 05/03 11:38:23 Image size of job updated: 17463540
	16977  -  MemoryUsage of job (MB)
	17384156  -  ResidentSetSize of job (KB)
...
006 (112070778.092.000) 05/03 11:43:24 Image size of job updated: 18063332
	17561  -  MemoryUsage of job (MB)
	17981504  -  ResidentSetSize of job (KB)
...
006 (112070778.092.000) 05/03 11:48:23 Image size of job updated: 18709616
	18185  -  MemoryUsage of job (MB)
	18620892  -  ResidentSetSize of job (KB)
...
006 (112070778.092.000) 05/03 11:53:24 Image size of job updated: 19355492
	18813  -  MemoryUsage of job (MB)
	19264480  -  ResidentSetSize of job (KB)
...
006 (112070778.092.000) 05/03 11:58:24 Image size of job updated: 20000876
	19448  -  MemoryUsage of job (MB)
	19914184  -  ResidentSetSize of job (KB)
...
006 (112070778.092.000) 05/03 12:03:24 Image size of job updated: 20541248
	19965  -  MemoryUsage of job (MB)
	20443704  -  ResidentSetSize of job (KB)
...
006 (112070778.092.000) 05/03 12:08:26 Image size of job updated: 20962520
	20279  -  MemoryUsage of job (MB)
	20764808  -  ResidentSetSize of job (KB)
...
006 (112070778.092.000) 05/03 12:13:25 Image size of job updated: 21282020
	20411  -  MemoryUsage of job (MB)
	20900528  -  ResidentSetSize of job (KB)
...
006 (112070778.092.000) 05/03 12:18:26 Image size of job updated: 21650320
	20436  -  MemoryUsage of job (MB)
	20925452  -  ResidentSetSize of job (KB)
...
006 (112070778.092.000) 05/03 12:23:26 Image size of job updated: 22222284
	20444  -  MemoryUsage of job (MB)
	20934492  -  ResidentSetSize of job (KB)
...
006 (112070778.092.000) 05/03 12:28:27 Image size of job updated: 22741036
	20444  -  MemoryUsage of job (MB)
	20934492  -  ResidentSetSize of job (KB)
...
005 (112070778.092.000) 05/03 12:33:31 Job terminated.
	(1) Normal termination (return value 0)
		Usr 0 02:55:49, Sys 0 00:09:03  -  Run Remote Usage
		Usr 0 00:00:00, Sys 0 00:00:00  -  Run Local Usage
		Usr 0 02:55:49, Sys 0 00:09:03  -  Total Remote Usage
		Usr 0 00:00:00, Sys 0 00:00:00  -  Total Local Usage
	24952180  -  Run Bytes Sent By Job
	1780307328  -  Run Bytes Received By Job
	24952180  -  Total Bytes Sent By Job
	1780307328  -  Total Bytes Received By Job
	Partitionable Resources :      Usage  Request Allocated 
	   Cpus                 :       0.99        1         1 
	   Disk (KB)            : 6854121    20971520  21330918 
	   Ioheavy              :                             0 
	   Memory (MB)          :   20444       20480     20480 
...
