000 (112070778.005.000) 05/02 11:04:42 Job submitted from host: <128.104.100.44:9618?addrs=128.104.100.44-9618+[2607-f388-107c-501-90e2-baff-fe2c-2724]-9618&noUDP&sock=4699_0235_3>
...
001 (112070778.005.000) 05/03 07:03:26 Job executing on host: <128.105.245.188:9618?addrs=128.105.245.188-9618&noUDP&sock=5463_bdf9_3>
...
006 (112070778.005.000) 05/03 07:03:35 Image size of job updated: 624
	1  -  MemoryUsage of job (MB)
	624  -  ResidentSetSize of job (KB)
...
006 (112070778.005.000) 05/03 07:08:36 Image size of job updated: 644
	1  -  MemoryUsage of job (MB)
	644  -  ResidentSetSize of job (KB)
...
006 (112070778.005.000) 05/03 07:13:37 Image size of job updated: 648
	1  -  MemoryUsage of job (MB)
	648  -  ResidentSetSize of job (KB)
...
006 (112070778.005.000) 05/03 07:18:38 Image size of job updated: 664
	1  -  MemoryUsage of job (MB)
	664  -  ResidentSetSize of job (KB)
...
006 (112070778.005.000) 05/03 07:23:38 Image size of job updated: 698372
	606  -  MemoryUsage of job (MB)
	620372  -  ResidentSetSize of job (KB)
...
006 (112070778.005.000) 05/03 07:28:39 Image size of job updated: 1504228
	1393  -  MemoryUsage of job (MB)
	1426172  -  ResidentSetSize of job (KB)
...
006 (112070778.005.000) 05/03 07:33:39 Image size of job updated: 2597712
	2461  -  MemoryUsage of job (MB)
	2519656  -  ResidentSetSize of job (KB)
...
006 (112070778.005.000) 05/03 07:38:39 Image size of job updated: 4028464
	3858  -  MemoryUsage of job (MB)
	3950408  -  ResidentSetSize of job (KB)
...
006 (112070778.005.000) 05/03 07:43:39 Image size of job updated: 5344716
	5144  -  MemoryUsage of job (MB)
	5266660  -  ResidentSetSize of job (KB)
...
006 (112070778.005.000) 05/03 07:48:40 Image size of job updated: 6650356
	6419  -  MemoryUsage of job (MB)
	6572300  -  ResidentSetSize of job (KB)
...
006 (112070778.005.000) 05/03 07:53:41 Image size of job updated: 7979640
	7717  -  MemoryUsage of job (MB)
	7901584  -  ResidentSetSize of job (KB)
...
006 (112070778.005.000) 05/03 07:58:41 Image size of job updated: 9219752
	8928  -  MemoryUsage of job (MB)
	9141696  -  ResidentSetSize of job (KB)
...
006 (112070778.005.000) 05/03 08:03:42 Image size of job updated: 10264980
	9949  -  MemoryUsage of job (MB)
	10186924  -  ResidentSetSize of job (KB)
...
006 (112070778.005.000) 05/03 08:08:42 Image size of job updated: 11257060
	10917  -  MemoryUsage of job (MB)
	11179004  -  ResidentSetSize of job (KB)
...
006 (112070778.005.000) 05/03 08:13:42 Image size of job updated: 12290792
	11927  -  MemoryUsage of job (MB)
	12212736  -  ResidentSetSize of job (KB)
...
006 (112070778.005.000) 05/03 08:18:43 Image size of job updated: 13130476
	12747  -  MemoryUsage of job (MB)
	13052420  -  ResidentSetSize of job (KB)
...
006 (112070778.005.000) 05/03 08:23:43 Image size of job updated: 14174180
	13766  -  MemoryUsage of job (MB)
	14096124  -  ResidentSetSize of job (KB)
...
006 (112070778.005.000) 05/03 08:28:45 Image size of job updated: 15244272
	14811  -  MemoryUsage of job (MB)
	15166152  -  ResidentSetSize of job (KB)
...
006 (112070778.005.000) 05/03 08:33:44 Image size of job updated: 16294844
	15837  -  MemoryUsage of job (MB)
	16216724  -  ResidentSetSize of job (KB)
...
006 (112070778.005.000) 05/03 08:38:44 Image size of job updated: 17304532
	16820  -  MemoryUsage of job (MB)
	17223196  -  ResidentSetSize of job (KB)
...
006 (112070778.005.000) 05/03 08:43:44 Image size of job updated: 18340280
	17816  -  MemoryUsage of job (MB)
	18243480  -  ResidentSetSize of job (KB)
...
006 (112070778.005.000) 05/03 08:48:44 Image size of job updated: 19320424
	18744  -  MemoryUsage of job (MB)
	19193676  -  ResidentSetSize of job (KB)
...
006 (112070778.005.000) 05/03 08:53:44 Image size of job updated: 20369132
	19711  -  MemoryUsage of job (MB)
	20183844  -  ResidentSetSize of job (KB)
...
006 (112070778.005.000) 05/03 08:58:46 Image size of job updated: 21397268
	20337  -  MemoryUsage of job (MB)
	20824496  -  ResidentSetSize of job (KB)
...
006 (112070778.005.000) 05/03 09:03:46 Image size of job updated: 22291212
	20419  -  MemoryUsage of job (MB)
	20908928  -  ResidentSetSize of job (KB)
...
006 (112070778.005.000) 05/03 09:08:46 Image size of job updated: 23147040
	20432  -  MemoryUsage of job (MB)
	20921764  -  ResidentSetSize of job (KB)
...
005 (112070778.005.000) 05/03 09:09:30 Job terminated.
	(1) Normal termination (return value 0)
		Usr 0 01:42:50, Sys 0 00:05:43  -  Run Remote Usage
		Usr 0 00:00:00, Sys 0 00:00:00  -  Run Local Usage
		Usr 0 01:42:50, Sys 0 00:05:43  -  Total Remote Usage
		Usr 0 00:00:00, Sys 0 00:00:00  -  Total Local Usage
	24948976  -  Run Bytes Sent By Job
	1780307328  -  Run Bytes Received By Job
	24948976  -  Total Bytes Sent By Job
	1780307328  -  Total Bytes Received By Job
	Partitionable Resources :      Usage  Request Allocated 
	   Cpus                 :       0.95        1         1 
	   Disk (KB)            : 6854116    20971520  21277460 
	   Ioheavy              :                             0 
	   Memory (MB)          :   20432       20480     20480 
...
