000 (112070778.046.000) 05/02 11:04:42 Job submitted from host: <128.104.100.44:9618?addrs=128.104.100.44-9618+[2607-f388-107c-501-90e2-baff-fe2c-2724]-9618&noUDP&sock=4699_0235_3>
...
001 (112070778.046.000) 05/03 07:55:26 Job executing on host: <128.105.245.198:9618?addrs=128.105.245.198-9618&noUDP&sock=25034_d1fb_29>
...
006 (112070778.046.000) 05/03 07:55:35 Image size of job updated: 612
	1  -  MemoryUsage of job (MB)
	612  -  ResidentSetSize of job (KB)
...
006 (112070778.046.000) 05/03 08:00:39 Image size of job updated: 644
	1  -  MemoryUsage of job (MB)
	644  -  ResidentSetSize of job (KB)
...
006 (112070778.046.000) 05/03 08:05:38 Image size of job updated: 652
	1  -  MemoryUsage of job (MB)
	652  -  ResidentSetSize of job (KB)
...
006 (112070778.046.000) 05/03 08:10:38 Image size of job updated: 463328
	377  -  MemoryUsage of job (MB)
	385332  -  ResidentSetSize of job (KB)
...
006 (112070778.046.000) 05/03 08:15:40 Image size of job updated: 855844
	760  -  MemoryUsage of job (MB)
	777792  -  ResidentSetSize of job (KB)
...
006 (112070778.046.000) 05/03 08:20:40 Image size of job updated: 1284092
	1178  -  MemoryUsage of job (MB)
	1206040  -  ResidentSetSize of job (KB)
...
006 (112070778.046.000) 05/03 08:25:42 Image size of job updated: 1892132
	1772  -  MemoryUsage of job (MB)
	1814080  -  ResidentSetSize of job (KB)
...
006 (112070778.046.000) 05/03 08:30:41 Image size of job updated: 2501256
	2367  -  MemoryUsage of job (MB)
	2423204  -  ResidentSetSize of job (KB)
...
006 (112070778.046.000) 05/03 08:35:42 Image size of job updated: 3178636
	3028  -  MemoryUsage of job (MB)
	3100584  -  ResidentSetSize of job (KB)
...
006 (112070778.046.000) 05/03 08:40:42 Image size of job updated: 3721140
	3558  -  MemoryUsage of job (MB)
	3643088  -  ResidentSetSize of job (KB)
...
006 (112070778.046.000) 05/03 08:45:42 Image size of job updated: 4589328
	4406  -  MemoryUsage of job (MB)
	4511276  -  ResidentSetSize of job (KB)
...
006 (112070778.046.000) 05/03 08:50:43 Image size of job updated: 5457604
	5254  -  MemoryUsage of job (MB)
	5379552  -  ResidentSetSize of job (KB)
...
006 (112070778.046.000) 05/03 08:55:46 Image size of job updated: 6394512
	6169  -  MemoryUsage of job (MB)
	6316460  -  ResidentSetSize of job (KB)
...
006 (112070778.046.000) 05/03 09:00:44 Image size of job updated: 7204632
	6960  -  MemoryUsage of job (MB)
	7126580  -  ResidentSetSize of job (KB)
...
006 (112070778.046.000) 05/03 09:05:45 Image size of job updated: 7981064
	7718  -  MemoryUsage of job (MB)
	7903012  -  ResidentSetSize of job (KB)
...
006 (112070778.046.000) 05/03 09:10:47 Image size of job updated: 8899028
	8615  -  MemoryUsage of job (MB)
	8820976  -  ResidentSetSize of job (KB)
...
006 (112070778.046.000) 05/03 09:15:47 Image size of job updated: 9682200
	9380  -  MemoryUsage of job (MB)
	9604148  -  ResidentSetSize of job (KB)
...
006 (112070778.046.000) 05/03 09:20:47 Image size of job updated: 10417364
	10097  -  MemoryUsage of job (MB)
	10339312  -  ResidentSetSize of job (KB)
...
006 (112070778.046.000) 05/03 09:25:48 Image size of job updated: 11138580
	10802  -  MemoryUsage of job (MB)
	11060528  -  ResidentSetSize of job (KB)
...
006 (112070778.046.000) 05/03 09:30:49 Image size of job updated: 11927260
	11572  -  MemoryUsage of job (MB)
	11849208  -  ResidentSetSize of job (KB)
...
006 (112070778.046.000) 05/03 09:35:49 Image size of job updated: 12652144
	12280  -  MemoryUsage of job (MB)
	12574092  -  ResidentSetSize of job (KB)
...
006 (112070778.046.000) 05/03 09:40:49 Image size of job updated: 13328688
	12941  -  MemoryUsage of job (MB)
	13250636  -  ResidentSetSize of job (KB)
...
006 (112070778.046.000) 05/03 09:45:51 Image size of job updated: 13908320
	13507  -  MemoryUsage of job (MB)
	13830268  -  ResidentSetSize of job (KB)
...
006 (112070778.046.000) 05/03 09:50:51 Image size of job updated: 14588340
	14171  -  MemoryUsage of job (MB)
	14510288  -  ResidentSetSize of job (KB)
...
006 (112070778.046.000) 05/03 09:55:51 Image size of job updated: 14993156
	14566  -  MemoryUsage of job (MB)
	14915104  -  ResidentSetSize of job (KB)
...
006 (112070778.046.000) 05/03 10:00:52 Image size of job updated: 15354968
	14919  -  MemoryUsage of job (MB)
	15276916  -  ResidentSetSize of job (KB)
...
006 (112070778.046.000) 05/03 10:05:52 Image size of job updated: 15882540
	15435  -  MemoryUsage of job (MB)
	15804488  -  ResidentSetSize of job (KB)
...
006 (112070778.046.000) 05/03 10:10:54 Image size of job updated: 16443292
	15982  -  MemoryUsage of job (MB)
	16365240  -  ResidentSetSize of job (KB)
...
006 (112070778.046.000) 05/03 10:15:54 Image size of job updated: 17134660
	16657  -  MemoryUsage of job (MB)
	17056608  -  ResidentSetSize of job (KB)
...
006 (112070778.046.000) 05/03 10:20:56 Image size of job updated: 17719124
	17227  -  MemoryUsage of job (MB)
	17640376  -  ResidentSetSize of job (KB)
...
006 (112070778.046.000) 05/03 10:25:56 Image size of job updated: 18387056
	17878  -  MemoryUsage of job (MB)
	18306084  -  ResidentSetSize of job (KB)
...
006 (112070778.046.000) 05/03 10:30:58 Image size of job updated: 19025968
	18498  -  MemoryUsage of job (MB)
	18941368  -  ResidentSetSize of job (KB)
...
006 (112070778.046.000) 05/03 10:35:58 Image size of job updated: 19663168
	19107  -  MemoryUsage of job (MB)
	19565396  -  ResidentSetSize of job (KB)
...
006 (112070778.046.000) 05/03 10:40:59 Image size of job updated: 20196628
	19622  -  MemoryUsage of job (MB)
	20092336  -  ResidentSetSize of job (KB)
...
006 (112070778.046.000) 05/03 10:45:59 Image size of job updated: 20599028
	19989  -  MemoryUsage of job (MB)
	20468196  -  ResidentSetSize of job (KB)
...
006 (112070778.046.000) 05/03 10:51:00 Image size of job updated: 20927276
	20273  -  MemoryUsage of job (MB)
	20758744  -  ResidentSetSize of job (KB)
...
006 (112070778.046.000) 05/03 10:56:01 Image size of job updated: 21168064
	20400  -  MemoryUsage of job (MB)
	20889408  -  ResidentSetSize of job (KB)
...
006 (112070778.046.000) 05/03 11:01:08 Image size of job updated: 21409492
	20442  -  MemoryUsage of job (MB)
	20932368  -  ResidentSetSize of job (KB)
...
006 (112070778.046.000) 05/03 11:06:05 Image size of job updated: 21654300
	20442  -  MemoryUsage of job (MB)
	20932368  -  ResidentSetSize of job (KB)
...
006 (112070778.046.000) 05/03 11:11:02 Image size of job updated: 21975084
	20442  -  MemoryUsage of job (MB)
	20932368  -  ResidentSetSize of job (KB)
...
006 (112070778.046.000) 05/03 11:16:03 Image size of job updated: 22209392
	20457  -  MemoryUsage of job (MB)
	20947316  -  ResidentSetSize of job (KB)
...
006 (112070778.046.000) 05/03 11:21:03 Image size of job updated: 22398940
	20457  -  MemoryUsage of job (MB)
	20947316  -  ResidentSetSize of job (KB)
...
006 (112070778.046.000) 05/03 11:26:04 Image size of job updated: 22686484
	20457  -  MemoryUsage of job (MB)
	20947316  -  ResidentSetSize of job (KB)
...
006 (112070778.046.000) 05/03 11:31:09 Image size of job updated: 22813152
	20457  -  MemoryUsage of job (MB)
	20947316  -  ResidentSetSize of job (KB)
...
006 (112070778.046.000) 05/03 11:36:05 Image size of job updated: 23005324
	20457  -  MemoryUsage of job (MB)
	20947316  -  ResidentSetSize of job (KB)
...
006 (112070778.046.000) 05/03 11:40:39 Image size of job updated: 23230500
	20457  -  MemoryUsage of job (MB)
	20947316  -  ResidentSetSize of job (KB)
...
005 (112070778.046.000) 05/03 11:40:43 Job terminated.
	(1) Normal termination (return value 0)
		Usr 0 02:22:53, Sys 0 00:05:05  -  Run Remote Usage
		Usr 0 00:00:00, Sys 0 00:00:00  -  Run Local Usage
		Usr 0 02:22:53, Sys 0 00:05:05  -  Total Remote Usage
		Usr 0 00:00:00, Sys 0 00:00:00  -  Total Local Usage
	24907224  -  Run Bytes Sent By Job
	1780307328  -  Run Bytes Received By Job
	24907224  -  Total Bytes Sent By Job
	1780307328  -  Total Bytes Received By Job
	Partitionable Resources :      Usage  Request Allocated 
	   Cpus                 :       0.26        1         1 
	   Disk (KB)            : 6854077    20971520  21356095 
	   Ioheavy              :                             0 
	   Memory (MB)          :   20457       20480     20480 
...
