000 (112070778.141.000) 05/02 11:04:42 Job submitted from host: <128.104.100.44:9618?addrs=128.104.100.44-9618+[2607-f388-107c-501-90e2-baff-fe2c-2724]-9618&noUDP&sock=4699_0235_3>
...
001 (112070778.141.000) 05/03 10:17:22 Job executing on host: <128.105.245.169:9618?addrs=128.105.245.169-9618&noUDP&sock=5489_936f_3>
...
006 (112070778.141.000) 05/03 10:17:31 Image size of job updated: 632
	1  -  MemoryUsage of job (MB)
	632  -  ResidentSetSize of job (KB)
...
006 (112070778.141.000) 05/03 10:27:39 Image size of job updated: 656
	1  -  MemoryUsage of job (MB)
	656  -  ResidentSetSize of job (KB)
...
006 (112070778.141.000) 05/03 10:32:43 Image size of job updated: 660
	1  -  MemoryUsage of job (MB)
	660  -  ResidentSetSize of job (KB)
...
006 (112070778.141.000) 05/03 10:37:36 Image size of job updated: 672
	1  -  MemoryUsage of job (MB)
	672  -  ResidentSetSize of job (KB)
...
006 (112070778.141.000) 05/03 10:42:34 Image size of job updated: 640868
	550  -  MemoryUsage of job (MB)
	562872  -  ResidentSetSize of job (KB)
...
006 (112070778.141.000) 05/03 10:47:34 Image size of job updated: 1186552
	1083  -  MemoryUsage of job (MB)
	1108500  -  ResidentSetSize of job (KB)
...
006 (112070778.141.000) 05/03 10:52:35 Image size of job updated: 1925828
	1805  -  MemoryUsage of job (MB)
	1847776  -  ResidentSetSize of job (KB)
...
006 (112070778.141.000) 05/03 10:57:36 Image size of job updated: 2738152
	2598  -  MemoryUsage of job (MB)
	2660100  -  ResidentSetSize of job (KB)
...
006 (112070778.141.000) 05/03 11:02:36 Image size of job updated: 3726736
	3564  -  MemoryUsage of job (MB)
	3648684  -  ResidentSetSize of job (KB)
...
006 (112070778.141.000) 05/03 11:07:36 Image size of job updated: 4957592
	4766  -  MemoryUsage of job (MB)
	4879540  -  ResidentSetSize of job (KB)
...
006 (112070778.141.000) 05/03 11:12:37 Image size of job updated: 6047752
	5830  -  MemoryUsage of job (MB)
	5969700  -  ResidentSetSize of job (KB)
...
006 (112070778.141.000) 05/03 11:17:38 Image size of job updated: 7174592
	6931  -  MemoryUsage of job (MB)
	7096540  -  ResidentSetSize of job (KB)
...
006 (112070778.141.000) 05/03 11:22:38 Image size of job updated: 8335952
	8065  -  MemoryUsage of job (MB)
	8257900  -  ResidentSetSize of job (KB)
...
006 (112070778.141.000) 05/03 11:27:39 Image size of job updated: 9422028
	9125  -  MemoryUsage of job (MB)
	9343976  -  ResidentSetSize of job (KB)
...
006 (112070778.141.000) 05/03 11:32:39 Image size of job updated: 10368584
	10050  -  MemoryUsage of job (MB)
	10290532  -  ResidentSetSize of job (KB)
...
006 (112070778.141.000) 05/03 11:37:39 Image size of job updated: 11240132
	10901  -  MemoryUsage of job (MB)
	11162080  -  ResidentSetSize of job (KB)
...
006 (112070778.141.000) 05/03 11:42:41 Image size of job updated: 12115524
	11756  -  MemoryUsage of job (MB)
	12037472  -  ResidentSetSize of job (KB)
...
006 (112070778.141.000) 05/03 11:47:41 Image size of job updated: 13052720
	12671  -  MemoryUsage of job (MB)
	12974668  -  ResidentSetSize of job (KB)
...
006 (112070778.141.000) 05/03 11:52:42 Image size of job updated: 13900700
	13499  -  MemoryUsage of job (MB)
	13822648  -  ResidentSetSize of job (KB)
...
006 (112070778.141.000) 05/03 11:57:42 Image size of job updated: 14804520
	14382  -  MemoryUsage of job (MB)
	14726468  -  ResidentSetSize of job (KB)
...
006 (112070778.141.000) 05/03 12:02:42 Image size of job updated: 15769904
	15325  -  MemoryUsage of job (MB)
	15691852  -  ResidentSetSize of job (KB)
...
006 (112070778.141.000) 05/03 12:07:45 Image size of job updated: 16610348
	16145  -  MemoryUsage of job (MB)
	16531980  -  ResidentSetSize of job (KB)
...
006 (112070778.141.000) 05/03 12:12:44 Image size of job updated: 17398024
	16913  -  MemoryUsage of job (MB)
	17318452  -  ResidentSetSize of job (KB)
...
006 (112070778.141.000) 05/03 12:17:44 Image size of job updated: 18066168
	17564  -  MemoryUsage of job (MB)
	17985016  -  ResidentSetSize of job (KB)
...
006 (112070778.141.000) 05/03 12:22:45 Image size of job updated: 18609576
	18093  -  MemoryUsage of job (MB)
	18526240  -  ResidentSetSize of job (KB)
...
006 (112070778.141.000) 05/03 12:27:45 Image size of job updated: 18993864
	18464  -  MemoryUsage of job (MB)
	18906384  -  ResidentSetSize of job (KB)
...
006 (112070778.141.000) 05/03 12:32:46 Image size of job updated: 19294924
	18751  -  MemoryUsage of job (MB)
	19200856  -  ResidentSetSize of job (KB)
...
006 (112070778.141.000) 05/03 12:37:47 Image size of job updated: 19572600
	19016  -  MemoryUsage of job (MB)
	19472032  -  ResidentSetSize of job (KB)
...
006 (112070778.141.000) 05/03 12:42:47 Image size of job updated: 19820584
	19252  -  MemoryUsage of job (MB)
	19713724  -  ResidentSetSize of job (KB)
...
006 (112070778.141.000) 05/03 12:47:47 Image size of job updated: 20170568
	19596  -  MemoryUsage of job (MB)
	20065844  -  ResidentSetSize of job (KB)
...
006 (112070778.141.000) 05/03 12:52:48 Image size of job updated: 20286844
	19705  -  MemoryUsage of job (MB)
	20177084  -  ResidentSetSize of job (KB)
...
006 (112070778.141.000) 05/03 12:57:50 Image size of job updated: 20523584
	19917  -  MemoryUsage of job (MB)
	20394968  -  ResidentSetSize of job (KB)
...
006 (112070778.141.000) 05/03 13:02:52 Image size of job updated: 20812080
	20168  -  MemoryUsage of job (MB)
	20651972  -  ResidentSetSize of job (KB)
...
006 (112070778.141.000) 05/03 13:07:50 Image size of job updated: 20953800
	20259  -  MemoryUsage of job (MB)
	20744736  -  ResidentSetSize of job (KB)
...
006 (112070778.141.000) 05/03 13:12:50 Image size of job updated: 21105772
	20343  -  MemoryUsage of job (MB)
	20831004  -  ResidentSetSize of job (KB)
...
006 (112070778.141.000) 05/03 13:17:53 Image size of job updated: 21237852
	20392  -  MemoryUsage of job (MB)
	20880684  -  ResidentSetSize of job (KB)
...
006 (112070778.141.000) 05/03 13:22:51 Image size of job updated: 21471172
	20441  -  MemoryUsage of job (MB)
	20930624  -  ResidentSetSize of job (KB)
...
006 (112070778.141.000) 05/03 13:27:51 Image size of job updated: 21739768
	20457  -  MemoryUsage of job (MB)
	20947016  -  ResidentSetSize of job (KB)
...
006 (112070778.141.000) 05/03 13:32:52 Image size of job updated: 22158184
	20457  -  MemoryUsage of job (MB)
	20947016  -  ResidentSetSize of job (KB)
...
006 (112070778.141.000) 05/03 13:37:52 Image size of job updated: 22565168
	20457  -  MemoryUsage of job (MB)
	20947016  -  ResidentSetSize of job (KB)
...
006 (112070778.141.000) 05/03 13:42:53 Image size of job updated: 22983028
	20457  -  MemoryUsage of job (MB)
	20947016  -  ResidentSetSize of job (KB)
...
005 (112070778.141.000) 05/03 13:45:39 Job terminated.
	(1) Normal termination (return value 0)
		Usr 0 01:59:46, Sys 0 00:04:36  -  Run Remote Usage
		Usr 0 00:00:00, Sys 0 00:00:00  -  Run Local Usage
		Usr 0 01:59:46, Sys 0 00:04:36  -  Total Remote Usage
		Usr 0 00:00:00, Sys 0 00:00:00  -  Total Local Usage
	24330438  -  Run Bytes Sent By Job
	1780307328  -  Run Bytes Received By Job
	24330438  -  Total Bytes Sent By Job
	1780307328  -  Total Bytes Received By Job
	Partitionable Resources :      Usage  Request Allocated 
	   Cpus                 :       0.01        1         1 
	   Disk (KB)            : 6853514    20971520  21127140 
	   Ioheavy              :                             0 
	   Memory (MB)          :   20457       20480     20480 
...
