000 (112070778.010.000) 05/02 11:04:42 Job submitted from host: <128.104.100.44:9618?addrs=128.104.100.44-9618+[2607-f388-107c-501-90e2-baff-fe2c-2724]-9618&noUDP&sock=4699_0235_3>
...
001 (112070778.010.000) 05/03 07:06:17 Job executing on host: <128.105.245.207:9618?addrs=128.105.245.207-9618&noUDP&sock=15577_1ad6_3>
...
006 (112070778.010.000) 05/03 07:06:26 Image size of job updated: 624
	1  -  MemoryUsage of job (MB)
	624  -  ResidentSetSize of job (KB)
...
006 (112070778.010.000) 05/03 07:11:27 Image size of job updated: 648
	1  -  MemoryUsage of job (MB)
	648  -  ResidentSetSize of job (KB)
...
006 (112070778.010.000) 05/03 07:16:30 Image size of job updated: 656
	1  -  MemoryUsage of job (MB)
	656  -  ResidentSetSize of job (KB)
...
006 (112070778.010.000) 05/03 07:21:29 Image size of job updated: 294312
	212  -  MemoryUsage of job (MB)
	216316  -  ResidentSetSize of job (KB)
...
006 (112070778.010.000) 05/03 07:26:30 Image size of job updated: 648424
	558  -  MemoryUsage of job (MB)
	570428  -  ResidentSetSize of job (KB)
...
006 (112070778.010.000) 05/03 07:31:30 Image size of job updated: 1101900
	1000  -  MemoryUsage of job (MB)
	1023848  -  ResidentSetSize of job (KB)
...
006 (112070778.010.000) 05/03 07:36:32 Image size of job updated: 1660796
	1546  -  MemoryUsage of job (MB)
	1582744  -  ResidentSetSize of job (KB)
...
006 (112070778.010.000) 05/03 07:41:32 Image size of job updated: 2323912
	2194  -  MemoryUsage of job (MB)
	2245860  -  ResidentSetSize of job (KB)
...
006 (112070778.010.000) 05/03 07:46:32 Image size of job updated: 3046704
	2900  -  MemoryUsage of job (MB)
	2968652  -  ResidentSetSize of job (KB)
...
006 (112070778.010.000) 05/03 07:51:33 Image size of job updated: 4005300
	3836  -  MemoryUsage of job (MB)
	3927248  -  ResidentSetSize of job (KB)
...
006 (112070778.010.000) 05/03 07:56:33 Image size of job updated: 4854828
	4665  -  MemoryUsage of job (MB)
	4776776  -  ResidentSetSize of job (KB)
...
006 (112070778.010.000) 05/03 08:01:34 Image size of job updated: 5797560
	5586  -  MemoryUsage of job (MB)
	5719508  -  ResidentSetSize of job (KB)
...
006 (112070778.010.000) 05/03 08:06:34 Image size of job updated: 6563372
	6334  -  MemoryUsage of job (MB)
	6485320  -  ResidentSetSize of job (KB)
...
006 (112070778.010.000) 05/03 08:11:35 Image size of job updated: 7386148
	7137  -  MemoryUsage of job (MB)
	7308096  -  ResidentSetSize of job (KB)
...
006 (112070778.010.000) 05/03 08:16:35 Image size of job updated: 8152292
	7885  -  MemoryUsage of job (MB)
	8074240  -  ResidentSetSize of job (KB)
...
006 (112070778.010.000) 05/03 08:21:36 Image size of job updated: 8883204
	8599  -  MemoryUsage of job (MB)
	8805152  -  ResidentSetSize of job (KB)
...
006 (112070778.010.000) 05/03 08:26:37 Image size of job updated: 9627148
	9326  -  MemoryUsage of job (MB)
	9549096  -  ResidentSetSize of job (KB)
...
006 (112070778.010.000) 05/03 08:31:37 Image size of job updated: 10339196
	10021  -  MemoryUsage of job (MB)
	10261144  -  ResidentSetSize of job (KB)
...
006 (112070778.010.000) 05/03 08:36:37 Image size of job updated: 11019564
	10686  -  MemoryUsage of job (MB)
	10941512  -  ResidentSetSize of job (KB)
...
006 (112070778.010.000) 05/03 08:41:38 Image size of job updated: 11680492
	11331  -  MemoryUsage of job (MB)
	11602440  -  ResidentSetSize of job (KB)
...
006 (112070778.010.000) 05/03 08:46:38 Image size of job updated: 12290304
	11927  -  MemoryUsage of job (MB)
	12212252  -  ResidentSetSize of job (KB)
...
006 (112070778.010.000) 05/03 08:51:39 Image size of job updated: 12967032
	12587  -  MemoryUsage of job (MB)
	12888980  -  ResidentSetSize of job (KB)
...
006 (112070778.010.000) 05/03 08:56:40 Image size of job updated: 13615596
	13221  -  MemoryUsage of job (MB)
	13537544  -  ResidentSetSize of job (KB)
...
006 (112070778.010.000) 05/03 09:01:40 Image size of job updated: 14326120
	13915  -  MemoryUsage of job (MB)
	14248068  -  ResidentSetSize of job (KB)
...
006 (112070778.010.000) 05/03 09:06:41 Image size of job updated: 14963024
	14537  -  MemoryUsage of job (MB)
	14884972  -  ResidentSetSize of job (KB)
...
006 (112070778.010.000) 05/03 09:11:41 Image size of job updated: 15685108
	15242  -  MemoryUsage of job (MB)
	15607056  -  ResidentSetSize of job (KB)
...
006 (112070778.010.000) 05/03 09:16:41 Image size of job updated: 16306872
	15849  -  MemoryUsage of job (MB)
	16228820  -  ResidentSetSize of job (KB)
...
006 (112070778.010.000) 05/03 09:21:41 Image size of job updated: 17007384
	16532  -  MemoryUsage of job (MB)
	16928660  -  ResidentSetSize of job (KB)
...
006 (112070778.010.000) 05/03 09:26:41 Image size of job updated: 17515540
	17028  -  MemoryUsage of job (MB)
	17435868  -  ResidentSetSize of job (KB)
...
006 (112070778.010.000) 05/03 09:31:42 Image size of job updated: 18184280
	17681  -  MemoryUsage of job (MB)
	18104596  -  ResidentSetSize of job (KB)
...
006 (112070778.010.000) 05/03 09:36:42 Image size of job updated: 18793836
	18275  -  MemoryUsage of job (MB)
	18713408  -  ResidentSetSize of job (KB)
...
006 (112070778.010.000) 05/03 09:41:42 Image size of job updated: 19418488
	18884  -  MemoryUsage of job (MB)
	19336520  -  ResidentSetSize of job (KB)
...
006 (112070778.010.000) 05/03 09:46:43 Image size of job updated: 20067364
	19499  -  MemoryUsage of job (MB)
	19966276  -  ResidentSetSize of job (KB)
...
006 (112070778.010.000) 05/03 09:51:43 Image size of job updated: 20746740
	20110  -  MemoryUsage of job (MB)
	20591892  -  ResidentSetSize of job (KB)
...
006 (112070778.010.000) 05/03 09:56:43 Image size of job updated: 21196280
	20436  -  MemoryUsage of job (MB)
	20925796  -  ResidentSetSize of job (KB)
...
006 (112070778.010.000) 05/03 10:01:43 Image size of job updated: 21798540
	20441  -  MemoryUsage of job (MB)
	20931248  -  ResidentSetSize of job (KB)
...
006 (112070778.010.000) 05/03 10:06:44 Image size of job updated: 22465252
	20442  -  MemoryUsage of job (MB)
	20932464  -  ResidentSetSize of job (KB)
...
006 (112070778.010.000) 05/03 10:11:45 Image size of job updated: 23008196
	20442  -  MemoryUsage of job (MB)
	20932464  -  ResidentSetSize of job (KB)
...
005 (112070778.010.000) 05/03 10:11:53 Job terminated.
	(1) Normal termination (return value 0)
		Usr 0 02:43:22, Sys 0 00:02:49  -  Run Remote Usage
		Usr 0 00:00:00, Sys 0 00:00:00  -  Run Local Usage
		Usr 0 02:43:22, Sys 0 00:02:49  -  Total Remote Usage
		Usr 0 00:00:00, Sys 0 00:00:00  -  Total Local Usage
	24718396  -  Run Bytes Sent By Job
	1780307328  -  Run Bytes Received By Job
	24718396  -  Total Bytes Sent By Job
	1780307328  -  Total Bytes Received By Job
	Partitionable Resources :      Usage  Request Allocated 
	   Cpus                 :       0.83        1         1 
	   Disk (KB)            : 6853892    20971520  21189509 
	   Ioheavy              :                             0 
	   Memory (MB)          :   20442       20480     20480 
...
