000 (112070778.003.000) 05/02 11:04:42 Job submitted from host: <128.104.100.44:9618?addrs=128.104.100.44-9618+[2607-f388-107c-501-90e2-baff-fe2c-2724]-9618&noUDP&sock=4699_0235_3>
...
001 (112070778.003.000) 05/03 07:03:27 Job executing on host: <128.105.245.188:9618?addrs=128.105.245.188-9618&noUDP&sock=5463_bdf9_3>
...
006 (112070778.003.000) 05/03 07:03:36 Image size of job updated: 620
	1  -  MemoryUsage of job (MB)
	620  -  ResidentSetSize of job (KB)
...
006 (112070778.003.000) 05/03 07:08:38 Image size of job updated: 640
	1  -  MemoryUsage of job (MB)
	640  -  ResidentSetSize of job (KB)
...
006 (112070778.003.000) 05/03 07:13:38 Image size of job updated: 644
	1  -  MemoryUsage of job (MB)
	644  -  ResidentSetSize of job (KB)
...
006 (112070778.003.000) 05/03 07:18:39 Image size of job updated: 660
	1  -  MemoryUsage of job (MB)
	660  -  ResidentSetSize of job (KB)
...
006 (112070778.003.000) 05/03 07:23:40 Image size of job updated: 675192
	584  -  MemoryUsage of job (MB)
	597196  -  ResidentSetSize of job (KB)
...
006 (112070778.003.000) 05/03 07:28:41 Image size of job updated: 1484172
	1374  -  MemoryUsage of job (MB)
	1406120  -  ResidentSetSize of job (KB)
...
006 (112070778.003.000) 05/03 07:33:42 Image size of job updated: 2633832
	2496  -  MemoryUsage of job (MB)
	2555780  -  ResidentSetSize of job (KB)
...
006 (112070778.003.000) 05/03 07:38:43 Image size of job updated: 4149020
	3976  -  MemoryUsage of job (MB)
	4070968  -  ResidentSetSize of job (KB)
...
006 (112070778.003.000) 05/03 07:43:44 Image size of job updated: 5543684
	5338  -  MemoryUsage of job (MB)
	5465632  -  ResidentSetSize of job (KB)
...
006 (112070778.003.000) 05/03 07:48:44 Image size of job updated: 6879272
	6642  -  MemoryUsage of job (MB)
	6801220  -  ResidentSetSize of job (KB)
...
006 (112070778.003.000) 05/03 07:53:44 Image size of job updated: 8266072
	7997  -  MemoryUsage of job (MB)
	8188020  -  ResidentSetSize of job (KB)
...
006 (112070778.003.000) 05/03 07:58:45 Image size of job updated: 9446616
	9149  -  MemoryUsage of job (MB)
	9368564  -  ResidentSetSize of job (KB)
...
006 (112070778.003.000) 05/03 08:03:46 Image size of job updated: 10624772
	10300  -  MemoryUsage of job (MB)
	10546720  -  ResidentSetSize of job (KB)
...
006 (112070778.003.000) 05/03 08:08:46 Image size of job updated: 11658624
	11310  -  MemoryUsage of job (MB)
	11580572  -  ResidentSetSize of job (KB)
...
006 (112070778.003.000) 05/03 08:13:47 Image size of job updated: 12582380
	12212  -  MemoryUsage of job (MB)
	12504328  -  ResidentSetSize of job (KB)
...
006 (112070778.003.000) 05/03 08:18:47 Image size of job updated: 13464156
	13073  -  MemoryUsage of job (MB)
	13386104  -  ResidentSetSize of job (KB)
...
006 (112070778.003.000) 05/03 08:23:48 Image size of job updated: 14515120
	14099  -  MemoryUsage of job (MB)
	14437068  -  ResidentSetSize of job (KB)
...
006 (112070778.003.000) 05/03 08:28:48 Image size of job updated: 15455580
	15017  -  MemoryUsage of job (MB)
	15377356  -  ResidentSetSize of job (KB)
...
006 (112070778.003.000) 05/03 08:33:48 Image size of job updated: 16373476
	15913  -  MemoryUsage of job (MB)
	16294084  -  ResidentSetSize of job (KB)
...
006 (112070778.003.000) 05/03 08:38:49 Image size of job updated: 17450736
	16958  -  MemoryUsage of job (MB)
	17364824  -  ResidentSetSize of job (KB)
...
006 (112070778.003.000) 05/03 08:43:50 Image size of job updated: 18531320
	17999  -  MemoryUsage of job (MB)
	18430976  -  ResidentSetSize of job (KB)
...
006 (112070778.003.000) 05/03 08:48:50 Image size of job updated: 19562360
	18995  -  MemoryUsage of job (MB)
	19449916  -  ResidentSetSize of job (KB)
...
006 (112070778.003.000) 05/03 08:53:50 Image size of job updated: 20490544
	19885  -  MemoryUsage of job (MB)
	20361972  -  ResidentSetSize of job (KB)
...
006 (112070778.003.000) 05/03 08:58:51 Image size of job updated: 21462696
	20453  -  MemoryUsage of job (MB)
	20942912  -  ResidentSetSize of job (KB)
...
006 (112070778.003.000) 05/03 09:03:51 Image size of job updated: 22290464
	20453  -  MemoryUsage of job (MB)
	20943276  -  ResidentSetSize of job (KB)
...
005 (112070778.003.000) 05/03 09:08:33 Job terminated.
	(1) Normal termination (return value 0)
		Usr 0 01:42:08, Sys 0 00:05:08  -  Run Remote Usage
		Usr 0 00:00:00, Sys 0 00:00:00  -  Run Local Usage
		Usr 0 01:42:08, Sys 0 00:05:08  -  Total Remote Usage
		Usr 0 00:00:00, Sys 0 00:00:00  -  Total Local Usage
	25015432  -  Run Bytes Sent By Job
	1780307328  -  Run Bytes Received By Job
	25015432  -  Total Bytes Sent By Job
	1780307328  -  Total Bytes Received By Job
	Partitionable Resources :      Usage  Request Allocated 
	   Cpus                 :       0.99        1         1 
	   Disk (KB)            : 6854181    20971520  21277488 
	   Ioheavy              :                             0 
	   Memory (MB)          :   20453       20480     20480 
...
