000 (112070778.180.000) 05/02 11:04:42 Job submitted from host: <128.104.100.44:9618?addrs=128.104.100.44-9618+[2607-f388-107c-501-90e2-baff-fe2c-2724]-9618&noUDP&sock=4699_0235_3>
...
001 (112070778.180.000) 05/03 10:54:44 Job executing on host: <128.105.245.197:9618?addrs=128.105.245.197-9618&noUDP&sock=5434_d9ba_27>
...
006 (112070778.180.000) 05/03 10:54:53 Image size of job updated: 624
	1  -  MemoryUsage of job (MB)
	624  -  ResidentSetSize of job (KB)
...
006 (112070778.180.000) 05/03 11:00:04 Image size of job updated: 648
	1  -  MemoryUsage of job (MB)
	648  -  ResidentSetSize of job (KB)
...
006 (112070778.180.000) 05/03 11:04:54 Image size of job updated: 664
	1  -  MemoryUsage of job (MB)
	664  -  ResidentSetSize of job (KB)
...
006 (112070778.180.000) 05/03 11:09:55 Image size of job updated: 503468
	416  -  MemoryUsage of job (MB)
	425472  -  ResidentSetSize of job (KB)
...
006 (112070778.180.000) 05/03 11:14:55 Image size of job updated: 963132
	865  -  MemoryUsage of job (MB)
	885080  -  ResidentSetSize of job (KB)
...
006 (112070778.180.000) 05/03 11:19:55 Image size of job updated: 1460324
	1350  -  MemoryUsage of job (MB)
	1382272  -  ResidentSetSize of job (KB)
...
006 (112070778.180.000) 05/03 11:24:55 Image size of job updated: 2090876
	1966  -  MemoryUsage of job (MB)
	2012824  -  ResidentSetSize of job (KB)
...
006 (112070778.180.000) 05/03 11:29:56 Image size of job updated: 2729404
	2590  -  MemoryUsage of job (MB)
	2651352  -  ResidentSetSize of job (KB)
...
006 (112070778.180.000) 05/03 11:34:56 Image size of job updated: 3487064
	3330  -  MemoryUsage of job (MB)
	3409012  -  ResidentSetSize of job (KB)
...
006 (112070778.180.000) 05/03 11:39:58 Image size of job updated: 4470320
	4290  -  MemoryUsage of job (MB)
	4392268  -  ResidentSetSize of job (KB)
...
006 (112070778.180.000) 05/03 11:45:02 Image size of job updated: 5255796
	5057  -  MemoryUsage of job (MB)
	5177744  -  ResidentSetSize of job (KB)
...
006 (112070778.180.000) 05/03 11:49:58 Image size of job updated: 6053708
	5836  -  MemoryUsage of job (MB)
	5975656  -  ResidentSetSize of job (KB)
...
006 (112070778.180.000) 05/03 11:54:59 Image size of job updated: 6803940
	6569  -  MemoryUsage of job (MB)
	6725740  -  ResidentSetSize of job (KB)
...
006 (112070778.180.000) 05/03 11:59:59 Image size of job updated: 7536052
	7283  -  MemoryUsage of job (MB)
	7457752  -  ResidentSetSize of job (KB)
...
006 (112070778.180.000) 05/03 12:04:59 Image size of job updated: 8357160
	8085  -  MemoryUsage of job (MB)
	8278128  -  ResidentSetSize of job (KB)
...
006 (112070778.180.000) 05/03 12:10:00 Image size of job updated: 9170564
	8878  -  MemoryUsage of job (MB)
	9090496  -  ResidentSetSize of job (KB)
...
006 (112070778.180.000) 05/03 12:15:00 Image size of job updated: 9952780
	9642  -  MemoryUsage of job (MB)
	9872720  -  ResidentSetSize of job (KB)
...
006 (112070778.180.000) 05/03 12:20:01 Image size of job updated: 10637136
	10310  -  MemoryUsage of job (MB)
	10557076  -  ResidentSetSize of job (KB)
...
006 (112070778.180.000) 05/03 12:25:02 Image size of job updated: 11428244
	11083  -  MemoryUsage of job (MB)
	11348188  -  ResidentSetSize of job (KB)
...
006 (112070778.180.000) 05/03 12:30:06 Image size of job updated: 12282788
	11917  -  MemoryUsage of job (MB)
	12202732  -  ResidentSetSize of job (KB)
...
006 (112070778.180.000) 05/03 12:35:03 Image size of job updated: 13033256
	12648  -  MemoryUsage of job (MB)
	12951060  -  ResidentSetSize of job (KB)
...
006 (112070778.180.000) 05/03 12:40:03 Image size of job updated: 13764968
	13361  -  MemoryUsage of job (MB)
	13681048  -  ResidentSetSize of job (KB)
...
006 (112070778.180.000) 05/03 12:45:04 Image size of job updated: 14381256
	13961  -  MemoryUsage of job (MB)
	14295836  -  ResidentSetSize of job (KB)
...
006 (112070778.180.000) 05/03 12:50:04 Image size of job updated: 15106044
	14669  -  MemoryUsage of job (MB)
	15020624  -  ResidentSetSize of job (KB)
...
006 (112070778.180.000) 05/03 12:55:06 Image size of job updated: 15794056
	15340  -  MemoryUsage of job (MB)
	15707336  -  ResidentSetSize of job (KB)
...
006 (112070778.180.000) 05/03 13:00:05 Image size of job updated: 16509356
	16037  -  MemoryUsage of job (MB)
	16421512  -  ResidentSetSize of job (KB)
...
006 (112070778.180.000) 05/03 13:05:05 Image size of job updated: 17215552
	16721  -  MemoryUsage of job (MB)
	17121712  -  ResidentSetSize of job (KB)
...
006 (112070778.180.000) 05/03 13:10:07 Image size of job updated: 17886140
	17365  -  MemoryUsage of job (MB)
	17781692  -  ResidentSetSize of job (KB)
...
006 (112070778.180.000) 05/03 13:15:07 Image size of job updated: 18615992
	18072  -  MemoryUsage of job (MB)
	18505536  -  ResidentSetSize of job (KB)
...
006 (112070778.180.000) 05/03 13:20:07 Image size of job updated: 19144328
	18583  -  MemoryUsage of job (MB)
	19028828  -  ResidentSetSize of job (KB)
...
006 (112070778.180.000) 05/03 13:25:12 Image size of job updated: 19789016
	19212  -  MemoryUsage of job (MB)
	19672200  -  ResidentSetSize of job (KB)
...
006 (112070778.180.000) 05/03 13:30:07 Image size of job updated: 19997480
	19409  -  MemoryUsage of job (MB)
	19874064  -  ResidentSetSize of job (KB)
...
006 (112070778.180.000) 05/03 13:35:07 Image size of job updated: 20057820
	19461  -  MemoryUsage of job (MB)
	19927928  -  ResidentSetSize of job (KB)
...
006 (112070778.180.000) 05/03 13:40:07 Image size of job updated: 20176856
	19570  -  MemoryUsage of job (MB)
	20039064  -  ResidentSetSize of job (KB)
...
006 (112070778.180.000) 05/03 13:45:09 Image size of job updated: 20247312
	19633  -  MemoryUsage of job (MB)
	20104104  -  ResidentSetSize of job (KB)
...
006 (112070778.180.000) 05/03 13:50:10 Image size of job updated: 20306516
	19686  -  MemoryUsage of job (MB)
	20157540  -  ResidentSetSize of job (KB)
...
006 (112070778.180.000) 05/03 13:55:10 Image size of job updated: 20438536
	19808  -  MemoryUsage of job (MB)
	20283344  -  ResidentSetSize of job (KB)
...
006 (112070778.180.000) 05/03 14:00:11 Image size of job updated: 20552244
	19915  -  MemoryUsage of job (MB)
	20392660  -  ResidentSetSize of job (KB)
...
006 (112070778.180.000) 05/03 14:05:25 Image size of job updated: 20603060
	19958  -  MemoryUsage of job (MB)
	20436380  -  ResidentSetSize of job (KB)
...
006 (112070778.180.000) 05/03 14:10:11 Image size of job updated: 20660512
	20008  -  MemoryUsage of job (MB)
	20487236  -  ResidentSetSize of job (KB)
...
006 (112070778.180.000) 05/03 14:15:12 Image size of job updated: 20790296
	20118  -  MemoryUsage of job (MB)
	20600324  -  ResidentSetSize of job (KB)
...
006 (112070778.180.000) 05/03 14:20:13 Image size of job updated: 20887264
	20206  -  MemoryUsage of job (MB)
	20690812  -  ResidentSetSize of job (KB)
...
006 (112070778.180.000) 05/03 14:25:13 Image size of job updated: 20929972
	20236  -  MemoryUsage of job (MB)
	20721128  -  ResidentSetSize of job (KB)
...
006 (112070778.180.000) 05/03 14:30:14 Image size of job updated: 20973600
	20262  -  MemoryUsage of job (MB)
	20748076  -  ResidentSetSize of job (KB)
...
006 (112070778.180.000) 05/03 14:35:14 Image size of job updated: 21021116
	20291  -  MemoryUsage of job (MB)
	20777132  -  ResidentSetSize of job (KB)
...
006 (112070778.180.000) 05/03 14:40:16 Image size of job updated: 21064200
	20321  -  MemoryUsage of job (MB)
	20808164  -  ResidentSetSize of job (KB)
...
006 (112070778.180.000) 05/03 14:45:17 Image size of job updated: 21150040
	20375  -  MemoryUsage of job (MB)
	20863884  -  ResidentSetSize of job (KB)
...
006 (112070778.180.000) 05/03 14:50:18 Image size of job updated: 21182288
	20386  -  MemoryUsage of job (MB)
	20874712  -  ResidentSetSize of job (KB)
...
006 (112070778.180.000) 05/03 14:55:18 Image size of job updated: 21196364
	20395  -  MemoryUsage of job (MB)
	20884264  -  ResidentSetSize of job (KB)
...
006 (112070778.180.000) 05/03 15:00:19 Image size of job updated: 21218100
	20405  -  MemoryUsage of job (MB)
	20893752  -  ResidentSetSize of job (KB)
...
006 (112070778.180.000) 05/03 15:05:19 Image size of job updated: 21243836
	20410  -  MemoryUsage of job (MB)
	20898820  -  ResidentSetSize of job (KB)
...
006 (112070778.180.000) 05/03 15:10:20 Image size of job updated: 21271752
	20411  -  MemoryUsage of job (MB)
	20900748  -  ResidentSetSize of job (KB)
...
006 (112070778.180.000) 05/03 15:15:20 Image size of job updated: 21303064
	20419  -  MemoryUsage of job (MB)
	20908068  -  ResidentSetSize of job (KB)
...
006 (112070778.180.000) 05/03 15:20:21 Image size of job updated: 21352260
	20421  -  MemoryUsage of job (MB)
	20910856  -  ResidentSetSize of job (KB)
...
006 (112070778.180.000) 05/03 15:25:21 Image size of job updated: 21417752
	20453  -  MemoryUsage of job (MB)
	20943768  -  ResidentSetSize of job (KB)
...
006 (112070778.180.000) 05/03 15:30:22 Image size of job updated: 21451456
	20454  -  MemoryUsage of job (MB)
	20944152  -  ResidentSetSize of job (KB)
...
006 (112070778.180.000) 05/03 15:35:23 Image size of job updated: 21473764
	20454  -  MemoryUsage of job (MB)
	20944152  -  ResidentSetSize of job (KB)
...
006 (112070778.180.000) 05/03 15:40:24 Image size of job updated: 21494808
	20454  -  MemoryUsage of job (MB)
	20944152  -  ResidentSetSize of job (KB)
...
006 (112070778.180.000) 05/03 15:45:24 Image size of job updated: 21514152
	20454  -  MemoryUsage of job (MB)
	20944152  -  ResidentSetSize of job (KB)
...
006 (112070778.180.000) 05/03 15:50:25 Image size of job updated: 21533220
	20454  -  MemoryUsage of job (MB)
	20944152  -  ResidentSetSize of job (KB)
...
006 (112070778.180.000) 05/03 15:55:26 Image size of job updated: 21553816
	20454  -  MemoryUsage of job (MB)
	20944152  -  ResidentSetSize of job (KB)
...
006 (112070778.180.000) 05/03 16:00:26 Image size of job updated: 21573996
	20454  -  MemoryUsage of job (MB)
	20944152  -  ResidentSetSize of job (KB)
...
006 (112070778.180.000) 05/03 16:05:27 Image size of job updated: 21598932
	20454  -  MemoryUsage of job (MB)
	20944152  -  ResidentSetSize of job (KB)
...
006 (112070778.180.000) 05/03 16:10:29 Image size of job updated: 21624340
	20454  -  MemoryUsage of job (MB)
	20944152  -  ResidentSetSize of job (KB)
...
006 (112070778.180.000) 05/03 16:15:30 Image size of job updated: 21651912
	20454  -  MemoryUsage of job (MB)
	20944152  -  ResidentSetSize of job (KB)
...
006 (112070778.180.000) 05/03 16:20:30 Image size of job updated: 21681148
	20454  -  MemoryUsage of job (MB)
	20944152  -  ResidentSetSize of job (KB)
...
006 (112070778.180.000) 05/03 16:25:30 Image size of job updated: 21718052
	20454  -  MemoryUsage of job (MB)
	20944152  -  ResidentSetSize of job (KB)
...
006 (112070778.180.000) 05/03 16:30:31 Image size of job updated: 21791396
	20460  -  MemoryUsage of job (MB)
	20950416  -  ResidentSetSize of job (KB)
...
006 (112070778.180.000) 05/03 16:35:31 Image size of job updated: 21821892
	20460  -  MemoryUsage of job (MB)
	20950416  -  ResidentSetSize of job (KB)
...
006 (112070778.180.000) 05/03 16:40:31 Image size of job updated: 21842840
	20460  -  MemoryUsage of job (MB)
	20950416  -  ResidentSetSize of job (KB)
...
006 (112070778.180.000) 05/03 16:45:32 Image size of job updated: 21861936
	20460  -  MemoryUsage of job (MB)
	20950416  -  ResidentSetSize of job (KB)
...
006 (112070778.180.000) 05/03 16:50:32 Image size of job updated: 21878996
	20460  -  MemoryUsage of job (MB)
	20950416  -  ResidentSetSize of job (KB)
...
006 (112070778.180.000) 05/03 16:55:33 Image size of job updated: 21903484
	20460  -  MemoryUsage of job (MB)
	20950416  -  ResidentSetSize of job (KB)
...
006 (112070778.180.000) 05/03 17:00:33 Image size of job updated: 21942432
	20460  -  MemoryUsage of job (MB)
	20950416  -  ResidentSetSize of job (KB)
...
006 (112070778.180.000) 05/03 17:05:34 Image size of job updated: 21968592
	20460  -  MemoryUsage of job (MB)
	20950416  -  ResidentSetSize of job (KB)
...
006 (112070778.180.000) 05/03 17:10:34 Image size of job updated: 21995892
	20460  -  MemoryUsage of job (MB)
	20950416  -  ResidentSetSize of job (KB)
...
006 (112070778.180.000) 05/03 17:15:34 Image size of job updated: 22024776
	20460  -  MemoryUsage of job (MB)
	20950416  -  ResidentSetSize of job (KB)
...
006 (112070778.180.000) 05/03 17:20:34 Image size of job updated: 22055632
	20460  -  MemoryUsage of job (MB)
	20950416  -  ResidentSetSize of job (KB)
...
006 (112070778.180.000) 05/03 17:25:35 Image size of job updated: 22160204
	20463  -  MemoryUsage of job (MB)
	20953504  -  ResidentSetSize of job (KB)
...
006 (112070778.180.000) 05/03 17:30:35 Image size of job updated: 22192636
	20463  -  MemoryUsage of job (MB)
	20953504  -  ResidentSetSize of job (KB)
...
006 (112070778.180.000) 05/03 17:35:36 Image size of job updated: 22221892
	20463  -  MemoryUsage of job (MB)
	20953504  -  ResidentSetSize of job (KB)
...
006 (112070778.180.000) 05/03 17:40:36 Image size of job updated: 22246216
	20463  -  MemoryUsage of job (MB)
	20953504  -  ResidentSetSize of job (KB)
...
006 (112070778.180.000) 05/03 17:45:37 Image size of job updated: 22281888
	20463  -  MemoryUsage of job (MB)
	20953504  -  ResidentSetSize of job (KB)
...
006 (112070778.180.000) 05/03 17:50:38 Image size of job updated: 22311380
	20463  -  MemoryUsage of job (MB)
	20953504  -  ResidentSetSize of job (KB)
...
006 (112070778.180.000) 05/03 17:55:37 Image size of job updated: 22341096
	20463  -  MemoryUsage of job (MB)
	20953504  -  ResidentSetSize of job (KB)
...
006 (112070778.180.000) 05/03 18:00:38 Image size of job updated: 22370352
	20463  -  MemoryUsage of job (MB)
	20953504  -  ResidentSetSize of job (KB)
...
006 (112070778.180.000) 05/03 18:05:38 Image size of job updated: 22394648
	20463  -  MemoryUsage of job (MB)
	20953504  -  ResidentSetSize of job (KB)
...
006 (112070778.180.000) 05/03 18:10:39 Image size of job updated: 22476672
	20463  -  MemoryUsage of job (MB)
	20953944  -  ResidentSetSize of job (KB)
...
006 (112070778.180.000) 05/03 18:15:42 Image size of job updated: 22532648
	20463  -  MemoryUsage of job (MB)
	20953944  -  ResidentSetSize of job (KB)
...
006 (112070778.180.000) 05/03 18:20:40 Image size of job updated: 22606036
	20463  -  MemoryUsage of job (MB)
	20954016  -  ResidentSetSize of job (KB)
...
006 (112070778.180.000) 05/03 18:25:41 Image size of job updated: 22630592
	20463  -  MemoryUsage of job (MB)
	20954016  -  ResidentSetSize of job (KB)
...
006 (112070778.180.000) 05/03 18:30:42 Image size of job updated: 22651260
	20463  -  MemoryUsage of job (MB)
	20954016  -  ResidentSetSize of job (KB)
...
006 (112070778.180.000) 05/03 18:35:42 Image size of job updated: 22685448
	20463  -  MemoryUsage of job (MB)
	20954016  -  ResidentSetSize of job (KB)
...
006 (112070778.180.000) 05/03 18:40:43 Image size of job updated: 22725488
	20463  -  MemoryUsage of job (MB)
	20954016  -  ResidentSetSize of job (KB)
...
006 (112070778.180.000) 05/03 18:45:44 Image size of job updated: 22798372
	20463  -  MemoryUsage of job (MB)
	20954016  -  ResidentSetSize of job (KB)
...
006 (112070778.180.000) 05/03 18:50:46 Image size of job updated: 22904776
	20463  -  MemoryUsage of job (MB)
	20954016  -  ResidentSetSize of job (KB)
...
006 (112070778.180.000) 05/03 18:55:46 Image size of job updated: 22971020
	20463  -  MemoryUsage of job (MB)
	20954016  -  ResidentSetSize of job (KB)
...
006 (112070778.180.000) 05/03 19:00:52 Image size of job updated: 23033560
	20463  -  MemoryUsage of job (MB)
	20954016  -  ResidentSetSize of job (KB)
...
006 (112070778.180.000) 05/03 19:05:48 Image size of job updated: 23076796
	20463  -  MemoryUsage of job (MB)
	20954016  -  ResidentSetSize of job (KB)
...
006 (112070778.180.000) 05/03 19:10:48 Image size of job updated: 23129848
	20463  -  MemoryUsage of job (MB)
	20954016  -  ResidentSetSize of job (KB)
...
006 (112070778.180.000) 05/03 19:15:49 Image size of job updated: 23189364
	20463  -  MemoryUsage of job (MB)
	20954016  -  ResidentSetSize of job (KB)
...
005 (112070778.180.000) 05/03 19:16:51 Job terminated.
	(1) Normal termination (return value 0)
		Usr 0 01:55:16, Sys 0 00:13:19  -  Run Remote Usage
		Usr 0 00:00:00, Sys 0 00:00:00  -  Run Local Usage
		Usr 0 01:55:16, Sys 0 00:13:19  -  Total Remote Usage
		Usr 0 00:00:00, Sys 0 00:00:00  -  Total Local Usage
	24184138  -  Run Bytes Sent By Job
	1780307328  -  Run Bytes Received By Job
	24184138  -  Total Bytes Sent By Job
	1780307328  -  Total Bytes Received By Job
	Partitionable Resources :      Usage  Request Allocated 
	   Cpus                 :       0.01        1         1 
	   Disk (KB)            : 6853371    20971520  21220546 
	   Ioheavy              :                             0 
	   Memory (MB)          :   20463       20480     20480 
...
