000 (112070778.018.000) 05/02 11:04:42 Job submitted from host: <128.104.100.44:9618?addrs=128.104.100.44-9618+[2607-f388-107c-501-90e2-baff-fe2c-2724]-9618&noUDP&sock=4699_0235_3>
...
001 (112070778.018.000) 05/03 07:23:30 Job executing on host: <128.105.245.228:9618?addrs=128.105.245.228-9618&noUDP&sock=5445_6544_23>
...
006 (112070778.018.000) 05/03 07:23:40 Image size of job updated: 632
	1  -  MemoryUsage of job (MB)
	632  -  ResidentSetSize of job (KB)
...
006 (112070778.018.000) 05/03 07:28:41 Image size of job updated: 672
	1  -  MemoryUsage of job (MB)
	672  -  ResidentSetSize of job (KB)
...
006 (112070778.018.000) 05/03 07:33:41 Image size of job updated: 626688
	536  -  MemoryUsage of job (MB)
	548692  -  ResidentSetSize of job (KB)
...
006 (112070778.018.000) 05/03 07:38:43 Image size of job updated: 1071548
	971  -  MemoryUsage of job (MB)
	993496  -  ResidentSetSize of job (KB)
...
006 (112070778.018.000) 05/03 07:43:43 Image size of job updated: 1663960
	1549  -  MemoryUsage of job (MB)
	1585908  -  ResidentSetSize of job (KB)
...
006 (112070778.018.000) 05/03 07:48:43 Image size of job updated: 2264024
	2135  -  MemoryUsage of job (MB)
	2185972  -  ResidentSetSize of job (KB)
...
006 (112070778.018.000) 05/03 07:53:44 Image size of job updated: 3006556
	2860  -  MemoryUsage of job (MB)
	2928504  -  ResidentSetSize of job (KB)
...
006 (112070778.018.000) 05/03 07:58:44 Image size of job updated: 4035056
	3865  -  MemoryUsage of job (MB)
	3957004  -  ResidentSetSize of job (KB)
...
006 (112070778.018.000) 05/03 08:03:46 Image size of job updated: 4897328
	4707  -  MemoryUsage of job (MB)
	4819276  -  ResidentSetSize of job (KB)
...
006 (112070778.018.000) 05/03 08:08:46 Image size of job updated: 5732064
	5522  -  MemoryUsage of job (MB)
	5654012  -  ResidentSetSize of job (KB)
...
006 (112070778.018.000) 05/03 08:13:46 Image size of job updated: 6508780
	6281  -  MemoryUsage of job (MB)
	6430728  -  ResidentSetSize of job (KB)
...
006 (112070778.018.000) 05/03 08:18:47 Image size of job updated: 7292464
	7046  -  MemoryUsage of job (MB)
	7214412  -  ResidentSetSize of job (KB)
...
006 (112070778.018.000) 05/03 08:23:48 Image size of job updated: 8092936
	7828  -  MemoryUsage of job (MB)
	8014884  -  ResidentSetSize of job (KB)
...
006 (112070778.018.000) 05/03 08:28:48 Image size of job updated: 8810076
	8528  -  MemoryUsage of job (MB)
	8732024  -  ResidentSetSize of job (KB)
...
006 (112070778.018.000) 05/03 08:33:48 Image size of job updated: 9557688
	9258  -  MemoryUsage of job (MB)
	9479636  -  ResidentSetSize of job (KB)
...
006 (112070778.018.000) 05/03 08:38:49 Image size of job updated: 10270812
	9954  -  MemoryUsage of job (MB)
	10192760  -  ResidentSetSize of job (KB)
...
006 (112070778.018.000) 05/03 08:43:49 Image size of job updated: 10927384
	10596  -  MemoryUsage of job (MB)
	10849332  -  ResidentSetSize of job (KB)
...
006 (112070778.018.000) 05/03 08:48:50 Image size of job updated: 11689804
	11340  -  MemoryUsage of job (MB)
	11611752  -  ResidentSetSize of job (KB)
...
006 (112070778.018.000) 05/03 08:53:51 Image size of job updated: 12323884
	11959  -  MemoryUsage of job (MB)
	12245832  -  ResidentSetSize of job (KB)
...
006 (112070778.018.000) 05/03 08:58:51 Image size of job updated: 12986992
	12607  -  MemoryUsage of job (MB)
	12908940  -  ResidentSetSize of job (KB)
...
006 (112070778.018.000) 05/03 09:03:52 Image size of job updated: 13588348
	13194  -  MemoryUsage of job (MB)
	13510296  -  ResidentSetSize of job (KB)
...
006 (112070778.018.000) 05/03 09:08:53 Image size of job updated: 14089500
	13684  -  MemoryUsage of job (MB)
	14011448  -  ResidentSetSize of job (KB)
...
006 (112070778.018.000) 05/03 09:13:53 Image size of job updated: 14822428
	14399  -  MemoryUsage of job (MB)
	14744376  -  ResidentSetSize of job (KB)
...
006 (112070778.018.000) 05/03 09:18:53 Image size of job updated: 15431160
	14994  -  MemoryUsage of job (MB)
	15353060  -  ResidentSetSize of job (KB)
...
006 (112070778.018.000) 05/03 09:23:56 Image size of job updated: 16077844
	15624  -  MemoryUsage of job (MB)
	15998720  -  ResidentSetSize of job (KB)
...
006 (112070778.018.000) 05/03 09:28:54 Image size of job updated: 16604032
	16137  -  MemoryUsage of job (MB)
	16523932  -  ResidentSetSize of job (KB)
...
006 (112070778.018.000) 05/03 09:33:56 Image size of job updated: 17140900
	16660  -  MemoryUsage of job (MB)
	17058880  -  ResidentSetSize of job (KB)
...
006 (112070778.018.000) 05/03 09:38:57 Image size of job updated: 17837024
	17337  -  MemoryUsage of job (MB)
	17752828  -  ResidentSetSize of job (KB)
...
006 (112070778.018.000) 05/03 09:43:57 Image size of job updated: 18525084
	18008  -  MemoryUsage of job (MB)
	18439324  -  ResidentSetSize of job (KB)
...
006 (112070778.018.000) 05/03 09:48:58 Image size of job updated: 19208828
	18674  -  MemoryUsage of job (MB)
	19122076  -  ResidentSetSize of job (KB)
...
006 (112070778.018.000) 05/03 09:53:58 Image size of job updated: 19871008
	19313  -  MemoryUsage of job (MB)
	19775900  -  ResidentSetSize of job (KB)
...
006 (112070778.018.000) 05/03 09:58:58 Image size of job updated: 20549812
	19931  -  MemoryUsage of job (MB)
	20408736  -  ResidentSetSize of job (KB)
...
006 (112070778.018.000) 05/03 10:03:59 Image size of job updated: 21215952
	20416  -  MemoryUsage of job (MB)
	20905680  -  ResidentSetSize of job (KB)
...
006 (112070778.018.000) 05/03 10:09:00 Image size of job updated: 21839296
	20443  -  MemoryUsage of job (MB)
	20933228  -  ResidentSetSize of job (KB)
...
006 (112070778.018.000) 05/03 10:14:00 Image size of job updated: 22535372
	20454  -  MemoryUsage of job (MB)
	20943888  -  ResidentSetSize of job (KB)
...
005 (112070778.018.000) 05/03 10:18:49 Job terminated.
	(1) Normal termination (return value 0)
		Usr 0 02:36:59, Sys 0 00:02:36  -  Run Remote Usage
		Usr 0 00:00:00, Sys 0 00:00:00  -  Run Local Usage
		Usr 0 02:36:59, Sys 0 00:02:36  -  Total Remote Usage
		Usr 0 00:00:00, Sys 0 00:00:00  -  Total Local Usage
	24532564  -  Run Bytes Sent By Job
	1780307328  -  Run Bytes Received By Job
	24532564  -  Total Bytes Sent By Job
	1780307328  -  Total Bytes Received By Job
	Partitionable Resources :      Usage  Request Allocated 
	   Cpus                 :       0.96        1         1 
	   Disk (KB)            : 6853711    20971520  21435422 
	   Ioheavy              :                             0 
	   Memory (MB)          :   20454       20480     20480 
...
