000 (112070778.072.000) 05/02 11:04:42 Job submitted from host: <128.104.100.44:9618?addrs=128.104.100.44-9618+[2607-f388-107c-501-90e2-baff-fe2c-2724]-9618&noUDP&sock=4699_0235_3>
...
001 (112070778.072.000) 05/03 08:33:25 Job executing on host: <128.105.245.198:9618?addrs=128.105.245.198-9618&noUDP&sock=25034_d1fb_29>
...
006 (112070778.072.000) 05/03 08:33:34 Image size of job updated: 628
	1  -  MemoryUsage of job (MB)
	628  -  ResidentSetSize of job (KB)
...
006 (112070778.072.000) 05/03 08:38:46 Image size of job updated: 636
	1  -  MemoryUsage of job (MB)
	636  -  ResidentSetSize of job (KB)
...
006 (112070778.072.000) 05/03 08:43:37 Image size of job updated: 660
	1  -  MemoryUsage of job (MB)
	660  -  ResidentSetSize of job (KB)
...
006 (112070778.072.000) 05/03 08:48:38 Image size of job updated: 676
	1  -  MemoryUsage of job (MB)
	676  -  ResidentSetSize of job (KB)
...
006 (112070778.072.000) 05/03 08:53:39 Image size of job updated: 581672
	492  -  MemoryUsage of job (MB)
	503676  -  ResidentSetSize of job (KB)
...
006 (112070778.072.000) 05/03 08:58:40 Image size of job updated: 978220
	880  -  MemoryUsage of job (MB)
	900168  -  ResidentSetSize of job (KB)
...
006 (112070778.072.000) 05/03 09:03:40 Image size of job updated: 1532956
	1421  -  MemoryUsage of job (MB)
	1454904  -  ResidentSetSize of job (KB)
...
006 (112070778.072.000) 05/03 09:08:44 Image size of job updated: 2164640
	2038  -  MemoryUsage of job (MB)
	2086588  -  ResidentSetSize of job (KB)
...
006 (112070778.072.000) 05/03 09:13:40 Image size of job updated: 2858808
	2716  -  MemoryUsage of job (MB)
	2780756  -  ResidentSetSize of job (KB)
...
006 (112070778.072.000) 05/03 09:18:42 Image size of job updated: 3712320
	3550  -  MemoryUsage of job (MB)
	3634268  -  ResidentSetSize of job (KB)
...
006 (112070778.072.000) 05/03 09:23:41 Image size of job updated: 4523348
	4342  -  MemoryUsage of job (MB)
	4445296  -  ResidentSetSize of job (KB)
...
006 (112070778.072.000) 05/03 09:28:41 Image size of job updated: 5354772
	5154  -  MemoryUsage of job (MB)
	5276720  -  ResidentSetSize of job (KB)
...
006 (112070778.072.000) 05/03 09:33:41 Image size of job updated: 6235456
	6014  -  MemoryUsage of job (MB)
	6157404  -  ResidentSetSize of job (KB)
...
006 (112070778.072.000) 05/03 09:38:41 Image size of job updated: 6967108
	6728  -  MemoryUsage of job (MB)
	6889056  -  ResidentSetSize of job (KB)
...
006 (112070778.072.000) 05/03 09:43:42 Image size of job updated: 7737304
	7480  -  MemoryUsage of job (MB)
	7659252  -  ResidentSetSize of job (KB)
...
006 (112070778.072.000) 05/03 09:48:42 Image size of job updated: 8382912
	8111  -  MemoryUsage of job (MB)
	8304860  -  ResidentSetSize of job (KB)
...
006 (112070778.072.000) 05/03 09:53:43 Image size of job updated: 8970288
	8684  -  MemoryUsage of job (MB)
	8892236  -  ResidentSetSize of job (KB)
...
006 (112070778.072.000) 05/03 09:58:43 Image size of job updated: 9305504
	9012  -  MemoryUsage of job (MB)
	9227452  -  ResidentSetSize of job (KB)
...
006 (112070778.072.000) 05/03 10:03:44 Image size of job updated: 9763740
	9459  -  MemoryUsage of job (MB)
	9685688  -  ResidentSetSize of job (KB)
...
006 (112070778.072.000) 05/03 10:08:44 Image size of job updated: 10374320
	10055  -  MemoryUsage of job (MB)
	10296268  -  ResidentSetSize of job (KB)
...
006 (112070778.072.000) 05/03 10:13:44 Image size of job updated: 10841960
	10512  -  MemoryUsage of job (MB)
	10763908  -  ResidentSetSize of job (KB)
...
006 (112070778.072.000) 05/03 10:18:45 Image size of job updated: 11475140
	11130  -  MemoryUsage of job (MB)
	11397088  -  ResidentSetSize of job (KB)
...
006 (112070778.072.000) 05/03 10:23:45 Image size of job updated: 12086508
	11728  -  MemoryUsage of job (MB)
	12008456  -  ResidentSetSize of job (KB)
...
006 (112070778.072.000) 05/03 10:28:46 Image size of job updated: 12698248
	12325  -  MemoryUsage of job (MB)
	12620196  -  ResidentSetSize of job (KB)
...
006 (112070778.072.000) 05/03 10:33:46 Image size of job updated: 13341400
	12953  -  MemoryUsage of job (MB)
	13263348  -  ResidentSetSize of job (KB)
...
006 (112070778.072.000) 05/03 10:38:47 Image size of job updated: 13982048
	13579  -  MemoryUsage of job (MB)
	13903996  -  ResidentSetSize of job (KB)
...
006 (112070778.072.000) 05/03 10:43:49 Image size of job updated: 14677560
	14258  -  MemoryUsage of job (MB)
	14599508  -  ResidentSetSize of job (KB)
...
006 (112070778.072.000) 05/03 10:48:48 Image size of job updated: 15168260
	14737  -  MemoryUsage of job (MB)
	15090208  -  ResidentSetSize of job (KB)
...
006 (112070778.072.000) 05/03 10:53:48 Image size of job updated: 15720464
	15276  -  MemoryUsage of job (MB)
	15642412  -  ResidentSetSize of job (KB)
...
006 (112070778.072.000) 05/03 10:58:48 Image size of job updated: 16395072
	15935  -  MemoryUsage of job (MB)
	16316548  -  ResidentSetSize of job (KB)
...
006 (112070778.072.000) 05/03 11:03:49 Image size of job updated: 17011040
	16536  -  MemoryUsage of job (MB)
	16931888  -  ResidentSetSize of job (KB)
...
006 (112070778.072.000) 05/03 11:08:50 Image size of job updated: 17677532
	17187  -  MemoryUsage of job (MB)
	17598468  -  ResidentSetSize of job (KB)
...
006 (112070778.072.000) 05/03 11:13:54 Image size of job updated: 18353300
	17845  -  MemoryUsage of job (MB)
	18272624  -  ResidentSetSize of job (KB)
...
006 (112070778.072.000) 05/03 11:18:51 Image size of job updated: 18792780
	18273  -  MemoryUsage of job (MB)
	18710608  -  ResidentSetSize of job (KB)
...
006 (112070778.072.000) 05/03 11:23:52 Image size of job updated: 19377480
	18839  -  MemoryUsage of job (MB)
	19290132  -  ResidentSetSize of job (KB)
...
006 (112070778.072.000) 05/03 11:28:52 Image size of job updated: 19772592
	19222  -  MemoryUsage of job (MB)
	19682756  -  ResidentSetSize of job (KB)
...
006 (112070778.072.000) 05/03 11:33:53 Image size of job updated: 20085308
	19527  -  MemoryUsage of job (MB)
	19994748  -  ResidentSetSize of job (KB)
...
006 (112070778.072.000) 05/03 11:38:53 Image size of job updated: 20462720
	19885  -  MemoryUsage of job (MB)
	20361296  -  ResidentSetSize of job (KB)
...
006 (112070778.072.000) 05/03 11:43:53 Image size of job updated: 20800824
	20173  -  MemoryUsage of job (MB)
	20657096  -  ResidentSetSize of job (KB)
...
006 (112070778.072.000) 05/03 11:48:56 Image size of job updated: 21050836
	20358  -  MemoryUsage of job (MB)
	20846028  -  ResidentSetSize of job (KB)
...
006 (112070778.072.000) 05/03 11:53:55 Image size of job updated: 21151808
	20393  -  MemoryUsage of job (MB)
	20881932  -  ResidentSetSize of job (KB)
...
006 (112070778.072.000) 05/03 11:58:55 Image size of job updated: 21309560
	20428  -  MemoryUsage of job (MB)
	20917476  -  ResidentSetSize of job (KB)
...
006 (112070778.072.000) 05/03 12:03:56 Image size of job updated: 21458484
	20428  -  MemoryUsage of job (MB)
	20917476  -  ResidentSetSize of job (KB)
...
006 (112070778.072.000) 05/03 12:08:56 Image size of job updated: 21697924
	20440  -  MemoryUsage of job (MB)
	20929748  -  ResidentSetSize of job (KB)
...
006 (112070778.072.000) 05/03 12:13:57 Image size of job updated: 21974644
	20453  -  MemoryUsage of job (MB)
	20942868  -  ResidentSetSize of job (KB)
...
006 (112070778.072.000) 05/03 12:18:57 Image size of job updated: 22359636
	20453  -  MemoryUsage of job (MB)
	20943228  -  ResidentSetSize of job (KB)
...
006 (112070778.072.000) 05/03 12:23:57 Image size of job updated: 22870176
	20453  -  MemoryUsage of job (MB)
	20943228  -  ResidentSetSize of job (KB)
...
006 (112070778.072.000) 05/03 12:27:44 Image size of job updated: 23342328
	20453  -  MemoryUsage of job (MB)
	20943228  -  ResidentSetSize of job (KB)
...
005 (112070778.072.000) 05/03 12:27:46 Job terminated.
	(1) Normal termination (return value 0)
		Usr 0 02:26:55, Sys 0 00:07:03  -  Run Remote Usage
		Usr 0 00:00:00, Sys 0 00:00:00  -  Run Local Usage
		Usr 0 02:26:55, Sys 0 00:07:03  -  Total Remote Usage
		Usr 0 00:00:00, Sys 0 00:00:00  -  Total Local Usage
	25173272  -  Run Bytes Sent By Job
	1780307328  -  Run Bytes Received By Job
	25173272  -  Total Bytes Sent By Job
	1780307328  -  Total Bytes Received By Job
	Partitionable Resources :    Usage  Request Allocated 
	   Cpus                 :        0        1         1 
	   Disk (KB)            :  6854336 20971520  21158470 
	   Ioheavy              :                           0 
	   Memory (MB)          :    20453    20480     20480 
...
