000 (112070778.060.000) 05/02 11:04:42 Job submitted from host: <128.104.100.44:9618?addrs=128.104.100.44-9618+[2607-f388-107c-501-90e2-baff-fe2c-2724]-9618&noUDP&sock=4699_0235_3>
...
001 (112070778.060.000) 05/03 08:12:43 Job executing on host: <128.105.245.254:9618?addrs=128.105.245.254-9618&noUDP&sock=5430_1b59_27>
...
006 (112070778.060.000) 05/03 08:12:51 Image size of job updated: 624
	1  -  MemoryUsage of job (MB)
	624  -  ResidentSetSize of job (KB)
...
006 (112070778.060.000) 05/03 08:17:54 Image size of job updated: 632
	1  -  MemoryUsage of job (MB)
	632  -  ResidentSetSize of job (KB)
...
006 (112070778.060.000) 05/03 08:22:53 Image size of job updated: 656
	1  -  MemoryUsage of job (MB)
	656  -  ResidentSetSize of job (KB)
...
006 (112070778.060.000) 05/03 08:32:55 Image size of job updated: 660
	1  -  MemoryUsage of job (MB)
	660  -  ResidentSetSize of job (KB)
...
006 (112070778.060.000) 05/03 08:37:55 Image size of job updated: 664
	1  -  MemoryUsage of job (MB)
	664  -  ResidentSetSize of job (KB)
...
006 (112070778.060.000) 05/03 08:42:55 Image size of job updated: 672
	1  -  MemoryUsage of job (MB)
	672  -  ResidentSetSize of job (KB)
...
006 (112070778.060.000) 05/03 08:47:57 Image size of job updated: 424928
	339  -  MemoryUsage of job (MB)
	346932  -  ResidentSetSize of job (KB)
...
006 (112070778.060.000) 05/03 08:52:59 Image size of job updated: 883592
	787  -  MemoryUsage of job (MB)
	805540  -  ResidentSetSize of job (KB)
...
006 (112070778.060.000) 05/03 08:58:00 Image size of job updated: 1438804
	1329  -  MemoryUsage of job (MB)
	1360752  -  ResidentSetSize of job (KB)
...
006 (112070778.060.000) 05/03 09:02:58 Image size of job updated: 2060616
	1937  -  MemoryUsage of job (MB)
	1982564  -  ResidentSetSize of job (KB)
...
006 (112070778.060.000) 05/03 09:07:59 Image size of job updated: 2704260
	2565  -  MemoryUsage of job (MB)
	2626208  -  ResidentSetSize of job (KB)
...
006 (112070778.060.000) 05/03 09:13:00 Image size of job updated: 3369344
	3215  -  MemoryUsage of job (MB)
	3291292  -  ResidentSetSize of job (KB)
...
006 (112070778.060.000) 05/03 09:18:00 Image size of job updated: 4309696
	4133  -  MemoryUsage of job (MB)
	4231644  -  ResidentSetSize of job (KB)
...
006 (112070778.060.000) 05/03 09:23:00 Image size of job updated: 5085304
	4890  -  MemoryUsage of job (MB)
	5007252  -  ResidentSetSize of job (KB)
...
006 (112070778.060.000) 05/03 09:28:01 Image size of job updated: 5832332
	5620  -  MemoryUsage of job (MB)
	5754280  -  ResidentSetSize of job (KB)
...
006 (112070778.060.000) 05/03 09:33:01 Image size of job updated: 6523564
	6295  -  MemoryUsage of job (MB)
	6445512  -  ResidentSetSize of job (KB)
...
006 (112070778.060.000) 05/03 09:38:01 Image size of job updated: 7271460
	7025  -  MemoryUsage of job (MB)
	7193408  -  ResidentSetSize of job (KB)
...
006 (112070778.060.000) 05/03 09:43:02 Image size of job updated: 8068360
	7804  -  MemoryUsage of job (MB)
	7990308  -  ResidentSetSize of job (KB)
...
006 (112070778.060.000) 05/03 09:48:02 Image size of job updated: 8806288
	8524  -  MemoryUsage of job (MB)
	8728236  -  ResidentSetSize of job (KB)
...
006 (112070778.060.000) 05/03 09:53:03 Image size of job updated: 9410172
	9114  -  MemoryUsage of job (MB)
	9332120  -  ResidentSetSize of job (KB)
...
006 (112070778.060.000) 05/03 09:58:03 Image size of job updated: 10088240
	9776  -  MemoryUsage of job (MB)
	10010188  -  ResidentSetSize of job (KB)
...
006 (112070778.060.000) 05/03 10:03:03 Image size of job updated: 10705844
	10379  -  MemoryUsage of job (MB)
	10627792  -  ResidentSetSize of job (KB)
...
006 (112070778.060.000) 05/03 10:08:04 Image size of job updated: 11351608
	11010  -  MemoryUsage of job (MB)
	11273556  -  ResidentSetSize of job (KB)
...
006 (112070778.060.000) 05/03 10:13:05 Image size of job updated: 12089312
	11730  -  MemoryUsage of job (MB)
	12011260  -  ResidentSetSize of job (KB)
...
006 (112070778.060.000) 05/03 10:18:06 Image size of job updated: 12732512
	12358  -  MemoryUsage of job (MB)
	12654460  -  ResidentSetSize of job (KB)
...
006 (112070778.060.000) 05/03 10:23:06 Image size of job updated: 13395092
	13005  -  MemoryUsage of job (MB)
	13317040  -  ResidentSetSize of job (KB)
...
006 (112070778.060.000) 05/03 10:28:06 Image size of job updated: 13975272
	13572  -  MemoryUsage of job (MB)
	13897220  -  ResidentSetSize of job (KB)
...
006 (112070778.060.000) 05/03 10:33:07 Image size of job updated: 14581796
	14164  -  MemoryUsage of job (MB)
	14503744  -  ResidentSetSize of job (KB)
...
006 (112070778.060.000) 05/03 10:38:07 Image size of job updated: 15231300
	14799  -  MemoryUsage of job (MB)
	15153248  -  ResidentSetSize of job (KB)
...
006 (112070778.060.000) 05/03 10:43:10 Image size of job updated: 15621432
	15180  -  MemoryUsage of job (MB)
	15543380  -  ResidentSetSize of job (KB)
...
006 (112070778.060.000) 05/03 10:48:07 Image size of job updated: 16040680
	15589  -  MemoryUsage of job (MB)
	15962516  -  ResidentSetSize of job (KB)
...
006 (112070778.060.000) 05/03 10:53:07 Image size of job updated: 16313360
	15855  -  MemoryUsage of job (MB)
	16234852  -  ResidentSetSize of job (KB)
...
006 (112070778.060.000) 05/03 10:58:07 Image size of job updated: 16644860
	16178  -  MemoryUsage of job (MB)
	16566064  -  ResidentSetSize of job (KB)
...
006 (112070778.060.000) 05/03 11:03:08 Image size of job updated: 17237948
	16757  -  MemoryUsage of job (MB)
	17159152  -  ResidentSetSize of job (KB)
...
006 (112070778.060.000) 05/03 11:08:09 Image size of job updated: 17768040
	17275  -  MemoryUsage of job (MB)
	17688604  -  ResidentSetSize of job (KB)
...
006 (112070778.060.000) 05/03 11:13:09 Image size of job updated: 18589116
	18075  -  MemoryUsage of job (MB)
	18508660  -  ResidentSetSize of job (KB)
...
006 (112070778.060.000) 05/03 11:18:11 Image size of job updated: 19209980
	18678  -  MemoryUsage of job (MB)
	19126268  -  ResidentSetSize of job (KB)
...
006 (112070778.060.000) 05/03 11:23:11 Image size of job updated: 19514320
	18963  -  MemoryUsage of job (MB)
	19417452  -  ResidentSetSize of job (KB)
...
006 (112070778.060.000) 05/03 11:28:12 Image size of job updated: 20030476
	19456  -  MemoryUsage of job (MB)
	19922288  -  ResidentSetSize of job (KB)
...
006 (112070778.060.000) 05/03 11:33:13 Image size of job updated: 20398268
	19772  -  MemoryUsage of job (MB)
	20246516  -  ResidentSetSize of job (KB)
...
006 (112070778.060.000) 05/03 11:38:13 Image size of job updated: 20629728
	19965  -  MemoryUsage of job (MB)
	20443812  -  ResidentSetSize of job (KB)
...
006 (112070778.060.000) 05/03 11:43:13 Image size of job updated: 20897740
	20199  -  MemoryUsage of job (MB)
	20683692  -  ResidentSetSize of job (KB)
...
006 (112070778.060.000) 05/03 11:48:14 Image size of job updated: 21103200
	20312  -  MemoryUsage of job (MB)
	20799324  -  ResidentSetSize of job (KB)
...
006 (112070778.060.000) 05/03 11:53:15 Image size of job updated: 21389000
	20409  -  MemoryUsage of job (MB)
	20898672  -  ResidentSetSize of job (KB)
...
006 (112070778.060.000) 05/03 11:58:16 Image size of job updated: 21612256
	20440  -  MemoryUsage of job (MB)
	20930300  -  ResidentSetSize of job (KB)
...
006 (112070778.060.000) 05/03 12:03:16 Image size of job updated: 21674028
	20440  -  MemoryUsage of job (MB)
	20930300  -  ResidentSetSize of job (KB)
...
006 (112070778.060.000) 05/03 12:08:16 Image size of job updated: 21811156
	20464  -  MemoryUsage of job (MB)
	20954172  -  ResidentSetSize of job (KB)
...
006 (112070778.060.000) 05/03 12:13:17 Image size of job updated: 21942176
	20464  -  MemoryUsage of job (MB)
	20954172  -  ResidentSetSize of job (KB)
...
006 (112070778.060.000) 05/03 12:18:19 Image size of job updated: 22019424
	20464  -  MemoryUsage of job (MB)
	20954172  -  ResidentSetSize of job (KB)
...
006 (112070778.060.000) 05/03 12:23:20 Image size of job updated: 22240028
	20464  -  MemoryUsage of job (MB)
	20954172  -  ResidentSetSize of job (KB)
...
006 (112070778.060.000) 05/03 12:28:20 Image size of job updated: 22433156
	20464  -  MemoryUsage of job (MB)
	20954172  -  ResidentSetSize of job (KB)
...
006 (112070778.060.000) 05/03 12:33:20 Image size of job updated: 22600236
	20464  -  MemoryUsage of job (MB)
	20954172  -  ResidentSetSize of job (KB)
...
006 (112070778.060.000) 05/03 12:38:20 Image size of job updated: 22806144
	20464  -  MemoryUsage of job (MB)
	20954172  -  ResidentSetSize of job (KB)
...
006 (112070778.060.000) 05/03 12:43:21 Image size of job updated: 22994864
	20464  -  MemoryUsage of job (MB)
	20954172  -  ResidentSetSize of job (KB)
...
006 (112070778.060.000) 05/03 12:48:21 Image size of job updated: 23094772
	20464  -  MemoryUsage of job (MB)
	20954172  -  ResidentSetSize of job (KB)
...
006 (112070778.060.000) 05/03 12:53:22 Image size of job updated: 23205732
	20464  -  MemoryUsage of job (MB)
	20954172  -  ResidentSetSize of job (KB)
...
006 (112070778.060.000) 05/03 12:55:09 Image size of job updated: 23785744
	20464  -  MemoryUsage of job (MB)
	20954172  -  ResidentSetSize of job (KB)
...
005 (112070778.060.000) 05/03 12:55:11 Job terminated.
	(1) Normal termination (return value 0)
		Usr 0 02:26:06, Sys 0 00:07:28  -  Run Remote Usage
		Usr 0 00:00:00, Sys 0 00:00:00  -  Run Local Usage
		Usr 0 02:26:06, Sys 0 00:07:28  -  Total Remote Usage
		Usr 0 00:00:00, Sys 0 00:00:00  -  Total Local Usage
	24736520  -  Run Bytes Sent By Job
	1780307328  -  Run Bytes Received By Job
	24736520  -  Total Bytes Sent By Job
	1780307328  -  Total Bytes Received By Job
	Partitionable Resources :      Usage  Request Allocated 
	   Cpus                 :       0.04        1         1 
	   Disk (KB)            : 6853909    20971520  21273253 
	   Ioheavy              :                             0 
	   Memory (MB)          :   20464       20480     20480 
...
