000 (112070778.129.000) 05/02 11:04:42 Job submitted from host: <128.104.100.44:9618?addrs=128.104.100.44-9618+[2607-f388-107c-501-90e2-baff-fe2c-2724]-9618&noUDP&sock=4699_0235_3>
...
001 (112070778.129.000) 05/03 10:07:53 Job executing on host: <128.105.245.139:9618?addrs=128.105.245.139-9618&noUDP&sock=5430_f4b4_3>
...
006 (112070778.129.000) 05/03 10:08:02 Image size of job updated: 620
	1  -  MemoryUsage of job (MB)
	620  -  ResidentSetSize of job (KB)
...
006 (112070778.129.000) 05/03 10:13:04 Image size of job updated: 632
	1  -  MemoryUsage of job (MB)
	632  -  ResidentSetSize of job (KB)
...
006 (112070778.129.000) 05/03 10:18:04 Image size of job updated: 652
	1  -  MemoryUsage of job (MB)
	652  -  ResidentSetSize of job (KB)
...
006 (112070778.129.000) 05/03 10:28:06 Image size of job updated: 272236
	190  -  MemoryUsage of job (MB)
	194248  -  ResidentSetSize of job (KB)
...
006 (112070778.129.000) 05/03 10:33:07 Image size of job updated: 590896
	501  -  MemoryUsage of job (MB)
	512900  -  ResidentSetSize of job (KB)
...
006 (112070778.129.000) 05/03 10:38:21 Image size of job updated: 987644
	889  -  MemoryUsage of job (MB)
	909592  -  ResidentSetSize of job (KB)
...
006 (112070778.129.000) 05/03 10:43:09 Image size of job updated: 1463920
	1354  -  MemoryUsage of job (MB)
	1385868  -  ResidentSetSize of job (KB)
...
006 (112070778.129.000) 05/03 10:48:09 Image size of job updated: 2007808
	1885  -  MemoryUsage of job (MB)
	1929756  -  ResidentSetSize of job (KB)
...
006 (112070778.129.000) 05/03 10:53:10 Image size of job updated: 2449388
	2316  -  MemoryUsage of job (MB)
	2371336  -  ResidentSetSize of job (KB)
...
006 (112070778.129.000) 05/03 10:58:10 Image size of job updated: 2814500
	2673  -  MemoryUsage of job (MB)
	2736448  -  ResidentSetSize of job (KB)
...
006 (112070778.129.000) 05/03 11:03:11 Image size of job updated: 3391060
	3236  -  MemoryUsage of job (MB)
	3313008  -  ResidentSetSize of job (KB)
...
006 (112070778.129.000) 05/03 11:08:12 Image size of job updated: 4178972
	4005  -  MemoryUsage of job (MB)
	4100920  -  ResidentSetSize of job (KB)
...
006 (112070778.129.000) 05/03 11:13:12 Image size of job updated: 4857344
	4668  -  MemoryUsage of job (MB)
	4779292  -  ResidentSetSize of job (KB)
...
006 (112070778.129.000) 05/03 11:18:12 Image size of job updated: 5557640
	5352  -  MemoryUsage of job (MB)
	5479588  -  ResidentSetSize of job (KB)
...
006 (112070778.129.000) 05/03 11:23:13 Image size of job updated: 6198256
	5977  -  MemoryUsage of job (MB)
	6120204  -  ResidentSetSize of job (KB)
...
006 (112070778.129.000) 05/03 11:28:14 Image size of job updated: 6715620
	6482  -  MemoryUsage of job (MB)
	6637568  -  ResidentSetSize of job (KB)
...
006 (112070778.129.000) 05/03 11:33:14 Image size of job updated: 7256792
	7011  -  MemoryUsage of job (MB)
	7178740  -  ResidentSetSize of job (KB)
...
006 (112070778.129.000) 05/03 11:38:14 Image size of job updated: 7868812
	7609  -  MemoryUsage of job (MB)
	7790760  -  ResidentSetSize of job (KB)
...
006 (112070778.129.000) 05/03 11:43:14 Image size of job updated: 8499276
	8224  -  MemoryUsage of job (MB)
	8421224  -  ResidentSetSize of job (KB)
...
006 (112070778.129.000) 05/03 11:48:15 Image size of job updated: 9180964
	8890  -  MemoryUsage of job (MB)
	9102912  -  ResidentSetSize of job (KB)
...
006 (112070778.129.000) 05/03 11:53:16 Image size of job updated: 9803792
	9498  -  MemoryUsage of job (MB)
	9725740  -  ResidentSetSize of job (KB)
...
006 (112070778.129.000) 05/03 11:58:16 Image size of job updated: 10374680
	10056  -  MemoryUsage of job (MB)
	10296628  -  ResidentSetSize of job (KB)
...
006 (112070778.129.000) 05/03 12:03:17 Image size of job updated: 10934776
	10603  -  MemoryUsage of job (MB)
	10856724  -  ResidentSetSize of job (KB)
...
006 (112070778.129.000) 05/03 12:08:17 Image size of job updated: 11503916
	11159  -  MemoryUsage of job (MB)
	11425864  -  ResidentSetSize of job (KB)
...
006 (112070778.129.000) 05/03 12:13:18 Image size of job updated: 12120448
	11761  -  MemoryUsage of job (MB)
	12042396  -  ResidentSetSize of job (KB)
...
006 (112070778.129.000) 05/03 12:18:18 Image size of job updated: 12506592
	12138  -  MemoryUsage of job (MB)
	12428540  -  ResidentSetSize of job (KB)
...
006 (112070778.129.000) 05/03 12:23:19 Image size of job updated: 12997564
	12617  -  MemoryUsage of job (MB)
	12919512  -  ResidentSetSize of job (KB)
...
006 (112070778.129.000) 05/03 12:28:19 Image size of job updated: 13582424
	13188  -  MemoryUsage of job (MB)
	13504372  -  ResidentSetSize of job (KB)
...
006 (112070778.129.000) 05/03 12:33:20 Image size of job updated: 14227868
	13819  -  MemoryUsage of job (MB)
	14149816  -  ResidentSetSize of job (KB)
...
006 (112070778.129.000) 05/03 12:38:20 Image size of job updated: 14794420
	14372  -  MemoryUsage of job (MB)
	14716368  -  ResidentSetSize of job (KB)
...
006 (112070778.129.000) 05/03 12:43:21 Image size of job updated: 15380492
	14944  -  MemoryUsage of job (MB)
	15301928  -  ResidentSetSize of job (KB)
...
006 (112070778.129.000) 05/03 12:48:22 Image size of job updated: 15962472
	15511  -  MemoryUsage of job (MB)
	15882884  -  ResidentSetSize of job (KB)
...
006 (112070778.129.000) 05/03 12:53:22 Image size of job updated: 16529872
	16063  -  MemoryUsage of job (MB)
	16448448  -  ResidentSetSize of job (KB)
...
006 (112070778.129.000) 05/03 12:58:22 Image size of job updated: 17114552
	16632  -  MemoryUsage of job (MB)
	17030924  -  ResidentSetSize of job (KB)
...
006 (112070778.129.000) 05/03 13:03:23 Image size of job updated: 17785580
	17285  -  MemoryUsage of job (MB)
	17699420  -  ResidentSetSize of job (KB)
...
006 (112070778.129.000) 05/03 13:08:23 Image size of job updated: 18286960
	17771  -  MemoryUsage of job (MB)
	18197188  -  ResidentSetSize of job (KB)
...
006 (112070778.129.000) 05/03 13:13:24 Image size of job updated: 19041940
	18506  -  MemoryUsage of job (MB)
	18949640  -  ResidentSetSize of job (KB)
...
006 (112070778.129.000) 05/03 13:18:24 Image size of job updated: 19536768
	18987  -  MemoryUsage of job (MB)
	19442564  -  ResidentSetSize of job (KB)
...
006 (112070778.129.000) 05/03 13:23:25 Image size of job updated: 20029460
	19446  -  MemoryUsage of job (MB)
	19912136  -  ResidentSetSize of job (KB)
...
006 (112070778.129.000) 05/03 13:28:26 Image size of job updated: 20525352
	19901  -  MemoryUsage of job (MB)
	20377816  -  ResidentSetSize of job (KB)
...
006 (112070778.129.000) 05/03 13:33:26 Image size of job updated: 20920272
	20237  -  MemoryUsage of job (MB)
	20722448  -  ResidentSetSize of job (KB)
...
006 (112070778.129.000) 05/03 13:38:26 Image size of job updated: 21393664
	20427  -  MemoryUsage of job (MB)
	20916968  -  ResidentSetSize of job (KB)
...
006 (112070778.129.000) 05/03 13:43:27 Image size of job updated: 22023460
	20455  -  MemoryUsage of job (MB)
	20945072  -  ResidentSetSize of job (KB)
...
006 (112070778.129.000) 05/03 13:48:27 Image size of job updated: 22524116
	20455  -  MemoryUsage of job (MB)
	20945072  -  ResidentSetSize of job (KB)
...
006 (112070778.129.000) 05/03 13:53:27 Image size of job updated: 23030068
	20455  -  MemoryUsage of job (MB)
	20945072  -  ResidentSetSize of job (KB)
...
006 (112070778.129.000) 05/03 13:53:34 Image size of job updated: 23034568
	20455  -  MemoryUsage of job (MB)
	20945072  -  ResidentSetSize of job (KB)
...
005 (112070778.129.000) 05/03 13:53:36 Job terminated.
	(1) Normal termination (return value 0)
		Usr 0 02:56:40, Sys 0 00:03:09  -  Run Remote Usage
		Usr 0 00:00:00, Sys 0 00:00:00  -  Run Local Usage
		Usr 0 02:56:40, Sys 0 00:03:09  -  Total Remote Usage
		Usr 0 00:00:00, Sys 0 00:00:00  -  Total Local Usage
	24350316  -  Run Bytes Sent By Job
	1780307328  -  Run Bytes Received By Job
	24350316  -  Total Bytes Sent By Job
	1780307328  -  Total Bytes Received By Job
	Partitionable Resources :      Usage  Request Allocated 
	   Cpus                 :       0.19        1         1 
	   Disk (KB)            : 6853533    20971520  21175076 
	   Ioheavy              :                             0 
	   Memory (MB)          :   20455       20480     20480 
...
