000 (112070778.093.000) 05/02 11:04:42 Job submitted from host: <128.104.100.44:9618?addrs=128.104.100.44-9618+[2607-f388-107c-501-90e2-baff-fe2c-2724]-9618&noUDP&sock=4699_0235_3>
...
001 (112070778.093.000) 05/03 09:07:55 Job executing on host: <128.105.245.221:9618?addrs=128.105.245.221-9618&noUDP&sock=5451_82d6_3>
...
006 (112070778.093.000) 05/03 09:08:03 Image size of job updated: 624
	1  -  MemoryUsage of job (MB)
	624  -  ResidentSetSize of job (KB)
...
006 (112070778.093.000) 05/03 09:13:05 Image size of job updated: 652
	1  -  MemoryUsage of job (MB)
	652  -  ResidentSetSize of job (KB)
...
006 (112070778.093.000) 05/03 09:18:06 Image size of job updated: 393372
	308  -  MemoryUsage of job (MB)
	315376  -  ResidentSetSize of job (KB)
...
006 (112070778.093.000) 05/03 09:23:06 Image size of job updated: 764024
	670  -  MemoryUsage of job (MB)
	685992  -  ResidentSetSize of job (KB)
...
006 (112070778.093.000) 05/03 09:28:07 Image size of job updated: 1158572
	1056  -  MemoryUsage of job (MB)
	1080520  -  ResidentSetSize of job (KB)
...
006 (112070778.093.000) 05/03 09:33:07 Image size of job updated: 1726728
	1611  -  MemoryUsage of job (MB)
	1648676  -  ResidentSetSize of job (KB)
...
006 (112070778.093.000) 05/03 09:38:07 Image size of job updated: 2380596
	2249  -  MemoryUsage of job (MB)
	2302544  -  ResidentSetSize of job (KB)
...
006 (112070778.093.000) 05/03 09:43:08 Image size of job updated: 3119260
	2970  -  MemoryUsage of job (MB)
	3041208  -  ResidentSetSize of job (KB)
...
006 (112070778.093.000) 05/03 09:48:08 Image size of job updated: 3942212
	3774  -  MemoryUsage of job (MB)
	3864160  -  ResidentSetSize of job (KB)
...
006 (112070778.093.000) 05/03 09:53:09 Image size of job updated: 4800244
	4612  -  MemoryUsage of job (MB)
	4722192  -  ResidentSetSize of job (KB)
...
006 (112070778.093.000) 05/03 09:58:10 Image size of job updated: 5535532
	5330  -  MemoryUsage of job (MB)
	5457480  -  ResidentSetSize of job (KB)
...
006 (112070778.093.000) 05/03 10:03:10 Image size of job updated: 6328896
	6105  -  MemoryUsage of job (MB)
	6250844  -  ResidentSetSize of job (KB)
...
006 (112070778.093.000) 05/03 10:08:11 Image size of job updated: 6890200
	6653  -  MemoryUsage of job (MB)
	6812148  -  ResidentSetSize of job (KB)
...
006 (112070778.093.000) 05/03 10:13:11 Image size of job updated: 7659664
	7404  -  MemoryUsage of job (MB)
	7581612  -  ResidentSetSize of job (KB)
...
006 (112070778.093.000) 05/03 10:18:11 Image size of job updated: 8309424
	8039  -  MemoryUsage of job (MB)
	8231372  -  ResidentSetSize of job (KB)
...
006 (112070778.093.000) 05/03 10:23:12 Image size of job updated: 8897740
	8613  -  MemoryUsage of job (MB)
	8819688  -  ResidentSetSize of job (KB)
...
006 (112070778.093.000) 05/03 10:28:13 Image size of job updated: 9464928
	9167  -  MemoryUsage of job (MB)
	9386876  -  ResidentSetSize of job (KB)
...
006 (112070778.093.000) 05/03 10:33:14 Image size of job updated: 10126620
	9814  -  MemoryUsage of job (MB)
	10048568  -  ResidentSetSize of job (KB)
...
006 (112070778.093.000) 05/03 10:38:22 Image size of job updated: 10701004
	10374  -  MemoryUsage of job (MB)
	10622952  -  ResidentSetSize of job (KB)
...
006 (112070778.093.000) 05/03 10:43:15 Image size of job updated: 11286792
	10947  -  MemoryUsage of job (MB)
	11208740  -  ResidentSetSize of job (KB)
...
006 (112070778.093.000) 05/03 10:48:16 Image size of job updated: 11889796
	11535  -  MemoryUsage of job (MB)
	11811744  -  ResidentSetSize of job (KB)
...
006 (112070778.093.000) 05/03 10:53:16 Image size of job updated: 12383776
	12018  -  MemoryUsage of job (MB)
	12305724  -  ResidentSetSize of job (KB)
...
006 (112070778.093.000) 05/03 10:58:17 Image size of job updated: 12960692
	12581  -  MemoryUsage of job (MB)
	12882640  -  ResidentSetSize of job (KB)
...
006 (112070778.093.000) 05/03 11:03:17 Image size of job updated: 13464904
	13074  -  MemoryUsage of job (MB)
	13386852  -  ResidentSetSize of job (KB)
...
006 (112070778.093.000) 05/03 11:08:18 Image size of job updated: 13940276
	13538  -  MemoryUsage of job (MB)
	13862224  -  ResidentSetSize of job (KB)
...
006 (112070778.093.000) 05/03 11:13:18 Image size of job updated: 14601424
	14183  -  MemoryUsage of job (MB)
	14523372  -  ResidentSetSize of job (KB)
...
006 (112070778.093.000) 05/03 11:18:19 Image size of job updated: 15239308
	14806  -  MemoryUsage of job (MB)
	15161256  -  ResidentSetSize of job (KB)
...
006 (112070778.093.000) 05/03 11:23:19 Image size of job updated: 15873836
	15426  -  MemoryUsage of job (MB)
	15795272  -  ResidentSetSize of job (KB)
...
006 (112070778.093.000) 05/03 11:28:19 Image size of job updated: 16586304
	16121  -  MemoryUsage of job (MB)
	16507356  -  ResidentSetSize of job (KB)
...
006 (112070778.093.000) 05/03 11:33:19 Image size of job updated: 17221392
	16741  -  MemoryUsage of job (MB)
	17142444  -  ResidentSetSize of job (KB)
...
006 (112070778.093.000) 05/03 11:38:20 Image size of job updated: 17897616
	17402  -  MemoryUsage of job (MB)
	17818668  -  ResidentSetSize of job (KB)
...
006 (112070778.093.000) 05/03 11:43:21 Image size of job updated: 18583924
	18069  -  MemoryUsage of job (MB)
	18502552  -  ResidentSetSize of job (KB)
...
006 (112070778.093.000) 05/03 11:48:20 Image size of job updated: 19232144
	18694  -  MemoryUsage of job (MB)
	19142532  -  ResidentSetSize of job (KB)
...
006 (112070778.093.000) 05/03 11:53:20 Image size of job updated: 19866048
	19292  -  MemoryUsage of job (MB)
	19754048  -  ResidentSetSize of job (KB)
...
006 (112070778.093.000) 05/03 11:58:21 Image size of job updated: 20255944
	19657  -  MemoryUsage of job (MB)
	20128452  -  ResidentSetSize of job (KB)
...
006 (112070778.093.000) 05/03 12:03:22 Image size of job updated: 20897184
	20200  -  MemoryUsage of job (MB)
	20684648  -  ResidentSetSize of job (KB)
...
006 (112070778.093.000) 05/03 12:08:21 Image size of job updated: 21287508
	20431  -  MemoryUsage of job (MB)
	20921008  -  ResidentSetSize of job (KB)
...
006 (112070778.093.000) 05/03 12:13:21 Image size of job updated: 21892188
	20458  -  MemoryUsage of job (MB)
	20948412  -  ResidentSetSize of job (KB)
...
006 (112070778.093.000) 05/03 12:18:21 Image size of job updated: 22432504
	20458  -  MemoryUsage of job (MB)
	20948412  -  ResidentSetSize of job (KB)
...
006 (112070778.093.000) 05/03 12:23:22 Image size of job updated: 23018892
	20458  -  MemoryUsage of job (MB)
	20948412  -  ResidentSetSize of job (KB)
...
005 (112070778.093.000) 05/03 12:25:44 Job terminated.
	(1) Normal termination (return value 0)
		Usr 0 02:56:36, Sys 0 00:06:31  -  Run Remote Usage
		Usr 0 00:00:00, Sys 0 00:00:00  -  Run Local Usage
		Usr 0 02:56:36, Sys 0 00:06:31  -  Total Remote Usage
		Usr 0 00:00:00, Sys 0 00:00:00  -  Total Local Usage
	24671136  -  Run Bytes Sent By Job
	1780307328  -  Run Bytes Received By Job
	24671136  -  Total Bytes Sent By Job
	1780307328  -  Total Bytes Received By Job
	Partitionable Resources :      Usage  Request Allocated 
	   Cpus                 :       0.40        1         1 
	   Disk (KB)            : 6853846    20971520  21423467 
	   Ioheavy              :                             0 
	   Memory (MB)          :   20458       20480     20480 
...
