000 (112070778.115.000) 05/02 11:04:42 Job submitted from host: <128.104.100.44:9618?addrs=128.104.100.44-9618+[2607-f388-107c-501-90e2-baff-fe2c-2724]-9618&noUDP&sock=4699_0235_3>
...
001 (112070778.115.000) 05/03 09:44:14 Job executing on host: <128.105.245.167:9618?addrs=128.105.245.167-9618&noUDP&sock=5445_6544_7>
...
006 (112070778.115.000) 05/03 09:44:22 Image size of job updated: 628
	1  -  MemoryUsage of job (MB)
	628  -  ResidentSetSize of job (KB)
...
006 (112070778.115.000) 05/03 09:49:23 Image size of job updated: 652
	1  -  MemoryUsage of job (MB)
	652  -  ResidentSetSize of job (KB)
...
006 (112070778.115.000) 05/03 09:54:24 Image size of job updated: 423040
	337  -  MemoryUsage of job (MB)
	345044  -  ResidentSetSize of job (KB)
...
006 (112070778.115.000) 05/03 09:59:26 Image size of job updated: 834196
	739  -  MemoryUsage of job (MB)
	756144  -  ResidentSetSize of job (KB)
...
006 (112070778.115.000) 05/03 10:04:26 Image size of job updated: 1299020
	1193  -  MemoryUsage of job (MB)
	1220968  -  ResidentSetSize of job (KB)
...
006 (112070778.115.000) 05/03 10:09:26 Image size of job updated: 1959668
	1838  -  MemoryUsage of job (MB)
	1881616  -  ResidentSetSize of job (KB)
...
006 (112070778.115.000) 05/03 10:14:27 Image size of job updated: 2609448
	2473  -  MemoryUsage of job (MB)
	2531396  -  ResidentSetSize of job (KB)
...
006 (112070778.115.000) 05/03 10:19:27 Image size of job updated: 3445476
	3289  -  MemoryUsage of job (MB)
	3367424  -  ResidentSetSize of job (KB)
...
006 (112070778.115.000) 05/03 10:24:27 Image size of job updated: 4340768
	4163  -  MemoryUsage of job (MB)
	4262716  -  ResidentSetSize of job (KB)
...
006 (112070778.115.000) 05/03 10:29:29 Image size of job updated: 5177800
	4981  -  MemoryUsage of job (MB)
	5099748  -  ResidentSetSize of job (KB)
...
006 (112070778.115.000) 05/03 10:34:29 Image size of job updated: 6049396
	5832  -  MemoryUsage of job (MB)
	5971344  -  ResidentSetSize of job (KB)
...
006 (112070778.115.000) 05/03 10:39:29 Image size of job updated: 6847132
	6611  -  MemoryUsage of job (MB)
	6769080  -  ResidentSetSize of job (KB)
...
006 (112070778.115.000) 05/03 10:44:31 Image size of job updated: 7488204
	7237  -  MemoryUsage of job (MB)
	7410152  -  ResidentSetSize of job (KB)
...
006 (112070778.115.000) 05/03 10:49:31 Image size of job updated: 8200940
	7933  -  MemoryUsage of job (MB)
	8122888  -  ResidentSetSize of job (KB)
...
006 (112070778.115.000) 05/03 10:54:32 Image size of job updated: 8903096
	8619  -  MemoryUsage of job (MB)
	8825044  -  ResidentSetSize of job (KB)
...
006 (112070778.115.000) 05/03 10:59:32 Image size of job updated: 9531948
	9233  -  MemoryUsage of job (MB)
	9453896  -  ResidentSetSize of job (KB)
...
006 (112070778.115.000) 05/03 11:04:33 Image size of job updated: 10176624
	9862  -  MemoryUsage of job (MB)
	10098572  -  ResidentSetSize of job (KB)
...
006 (112070778.115.000) 05/03 11:09:33 Image size of job updated: 10774088
	10446  -  MemoryUsage of job (MB)
	10696036  -  ResidentSetSize of job (KB)
...
006 (112070778.115.000) 05/03 11:14:33 Image size of job updated: 11406516
	11063  -  MemoryUsage of job (MB)
	11328464  -  ResidentSetSize of job (KB)
...
006 (112070778.115.000) 05/03 11:19:35 Image size of job updated: 12030960
	11673  -  MemoryUsage of job (MB)
	11952908  -  ResidentSetSize of job (KB)
...
006 (112070778.115.000) 05/03 11:24:35 Image size of job updated: 12672848
	12300  -  MemoryUsage of job (MB)
	12594796  -  ResidentSetSize of job (KB)
...
006 (112070778.115.000) 05/03 11:29:35 Image size of job updated: 13279424
	12892  -  MemoryUsage of job (MB)
	13201372  -  ResidentSetSize of job (KB)
...
006 (112070778.115.000) 05/03 11:34:36 Image size of job updated: 13890192
	13489  -  MemoryUsage of job (MB)
	13812140  -  ResidentSetSize of job (KB)
...
006 (112070778.115.000) 05/03 11:39:37 Image size of job updated: 14483304
	14068  -  MemoryUsage of job (MB)
	14405252  -  ResidentSetSize of job (KB)
...
006 (112070778.115.000) 05/03 11:44:37 Image size of job updated: 15122692
	14693  -  MemoryUsage of job (MB)
	15044640  -  ResidentSetSize of job (KB)
...
006 (112070778.115.000) 05/03 11:49:38 Image size of job updated: 15830124
	15375  -  MemoryUsage of job (MB)
	15743980  -  ResidentSetSize of job (KB)
...
006 (112070778.115.000) 05/03 11:54:38 Image size of job updated: 16449668
	15965  -  MemoryUsage of job (MB)
	16347796  -  ResidentSetSize of job (KB)
...
006 (112070778.115.000) 05/03 11:59:40 Image size of job updated: 17156380
	16635  -  MemoryUsage of job (MB)
	17033280  -  ResidentSetSize of job (KB)
...
006 (112070778.115.000) 05/03 12:04:40 Image size of job updated: 17695724
	17144  -  MemoryUsage of job (MB)
	17554908  -  ResidentSetSize of job (KB)
...
006 (112070778.115.000) 05/03 12:09:40 Image size of job updated: 18305480
	17716  -  MemoryUsage of job (MB)
	18140604  -  ResidentSetSize of job (KB)
...
006 (112070778.115.000) 05/03 12:14:40 Image size of job updated: 18955908
	18316  -  MemoryUsage of job (MB)
	18755360  -  ResidentSetSize of job (KB)
...
006 (112070778.115.000) 05/03 12:19:41 Image size of job updated: 19593516
	18899  -  MemoryUsage of job (MB)
	19352312  -  ResidentSetSize of job (KB)
...
006 (112070778.115.000) 05/03 12:24:41 Image size of job updated: 20217336
	19433  -  MemoryUsage of job (MB)
	19899016  -  ResidentSetSize of job (KB)
...
006 (112070778.115.000) 05/03 12:29:42 Image size of job updated: 20917384
	19895  -  MemoryUsage of job (MB)
	20371612  -  ResidentSetSize of job (KB)
...
006 (112070778.115.000) 05/03 12:34:42 Image size of job updated: 21456220
	20222  -  MemoryUsage of job (MB)
	20706840  -  ResidentSetSize of job (KB)
...
006 (112070778.115.000) 05/03 12:39:42 Image size of job updated: 21977416
	20449  -  MemoryUsage of job (MB)
	20938864  -  ResidentSetSize of job (KB)
...
006 (112070778.115.000) 05/03 12:44:43 Image size of job updated: 22563736
	20466  -  MemoryUsage of job (MB)
	20956628  -  ResidentSetSize of job (KB)
...
006 (112070778.115.000) 05/03 12:49:43 Image size of job updated: 23122472
	20466  -  MemoryUsage of job (MB)
	20956628  -  ResidentSetSize of job (KB)
...
005 (112070778.115.000) 05/03 12:50:45 Job terminated.
	(1) Normal termination (return value 0)
		Usr 0 02:49:16, Sys 0 00:02:51  -  Run Remote Usage
		Usr 0 00:00:00, Sys 0 00:00:00  -  Run Local Usage
		Usr 0 02:49:16, Sys 0 00:02:51  -  Total Remote Usage
		Usr 0 00:00:00, Sys 0 00:00:00  -  Total Local Usage
	24580594  -  Run Bytes Sent By Job
	1780307328  -  Run Bytes Received By Job
	24580594  -  Total Bytes Sent By Job
	1780307328  -  Total Bytes Received By Job
	Partitionable Resources :      Usage  Request Allocated 
	   Cpus                 :       0.80        1         1 
	   Disk (KB)            : 6853758    20971520  21356271 
	   Ioheavy              :                             0 
	   Memory (MB)          :   20466       20480     20480 
...
