000 (112070778.173.000) 05/02 11:04:42 Job submitted from host: <128.104.100.44:9618?addrs=128.104.100.44-9618+[2607-f388-107c-501-90e2-baff-fe2c-2724]-9618&noUDP&sock=4699_0235_3>
...
001 (112070778.173.000) 05/03 10:38:22 Job executing on host: <128.105.245.212:9618?addrs=128.105.245.212-9618&noUDP&sock=5446_14dd_3>
...
006 (112070778.173.000) 05/03 10:38:31 Image size of job updated: 628
	1  -  MemoryUsage of job (MB)
	628  -  ResidentSetSize of job (KB)
...
006 (112070778.173.000) 05/03 10:43:34 Image size of job updated: 632
	1  -  MemoryUsage of job (MB)
	632  -  ResidentSetSize of job (KB)
...
006 (112070778.173.000) 05/03 10:48:32 Image size of job updated: 652
	1  -  MemoryUsage of job (MB)
	652  -  ResidentSetSize of job (KB)
...
006 (112070778.173.000) 05/03 10:58:34 Image size of job updated: 656
	1  -  MemoryUsage of job (MB)
	656  -  ResidentSetSize of job (KB)
...
006 (112070778.173.000) 05/03 11:03:33 Image size of job updated: 668
	1  -  MemoryUsage of job (MB)
	668  -  ResidentSetSize of job (KB)
...
006 (112070778.173.000) 05/03 11:08:34 Image size of job updated: 509448
	422  -  MemoryUsage of job (MB)
	431452  -  ResidentSetSize of job (KB)
...
006 (112070778.173.000) 05/03 11:13:34 Image size of job updated: 998240
	899  -  MemoryUsage of job (MB)
	920188  -  ResidentSetSize of job (KB)
...
006 (112070778.173.000) 05/03 11:18:34 Image size of job updated: 1569540
	1457  -  MemoryUsage of job (MB)
	1491488  -  ResidentSetSize of job (KB)
...
006 (112070778.173.000) 05/03 11:23:34 Image size of job updated: 2240928
	2113  -  MemoryUsage of job (MB)
	2162876  -  ResidentSetSize of job (KB)
...
006 (112070778.173.000) 05/03 11:28:35 Image size of job updated: 3162788
	3013  -  MemoryUsage of job (MB)
	3084736  -  ResidentSetSize of job (KB)
...
006 (112070778.173.000) 05/03 11:33:36 Image size of job updated: 4168528
	3995  -  MemoryUsage of job (MB)
	4090476  -  ResidentSetSize of job (KB)
...
006 (112070778.173.000) 05/03 11:38:37 Image size of job updated: 5110608
	4915  -  MemoryUsage of job (MB)
	5032556  -  ResidentSetSize of job (KB)
...
006 (112070778.173.000) 05/03 11:43:38 Image size of job updated: 5781012
	5570  -  MemoryUsage of job (MB)
	5702960  -  ResidentSetSize of job (KB)
...
006 (112070778.173.000) 05/03 11:48:38 Image size of job updated: 6698032
	6465  -  MemoryUsage of job (MB)
	6619980  -  ResidentSetSize of job (KB)
...
006 (112070778.173.000) 05/03 11:53:38 Image size of job updated: 7520844
	7269  -  MemoryUsage of job (MB)
	7442792  -  ResidentSetSize of job (KB)
...
006 (112070778.173.000) 05/03 11:58:38 Image size of job updated: 8436188
	8163  -  MemoryUsage of job (MB)
	8358136  -  ResidentSetSize of job (KB)
...
006 (112070778.173.000) 05/03 12:03:43 Image size of job updated: 8989520
	8703  -  MemoryUsage of job (MB)
	8911468  -  ResidentSetSize of job (KB)
...
006 (112070778.173.000) 05/03 12:08:44 Image size of job updated: 9431440
	9135  -  MemoryUsage of job (MB)
	9353388  -  ResidentSetSize of job (KB)
...
006 (112070778.173.000) 05/03 12:13:40 Image size of job updated: 9809540
	9504  -  MemoryUsage of job (MB)
	9731488  -  ResidentSetSize of job (KB)
...
006 (112070778.173.000) 05/03 12:18:44 Image size of job updated: 9913688
	9606  -  MemoryUsage of job (MB)
	9835636  -  ResidentSetSize of job (KB)
...
006 (112070778.173.000) 05/03 12:23:42 Image size of job updated: 10103320
	9791  -  MemoryUsage of job (MB)
	10025268  -  ResidentSetSize of job (KB)
...
006 (112070778.173.000) 05/03 12:28:45 Image size of job updated: 10315628
	9998  -  MemoryUsage of job (MB)
	10237576  -  ResidentSetSize of job (KB)
...
006 (112070778.173.000) 05/03 12:33:44 Image size of job updated: 10523984
	10202  -  MemoryUsage of job (MB)
	10445932  -  ResidentSetSize of job (KB)
...
006 (112070778.173.000) 05/03 12:38:44 Image size of job updated: 10859792
	10530  -  MemoryUsage of job (MB)
	10781740  -  ResidentSetSize of job (KB)
...
006 (112070778.173.000) 05/03 12:43:44 Image size of job updated: 11266164
	10926  -  MemoryUsage of job (MB)
	11188112  -  ResidentSetSize of job (KB)
...
006 (112070778.173.000) 05/03 12:48:45 Image size of job updated: 11656056
	11307  -  MemoryUsage of job (MB)
	11578004  -  ResidentSetSize of job (KB)
...
006 (112070778.173.000) 05/03 12:53:45 Image size of job updated: 11884300
	11530  -  MemoryUsage of job (MB)
	11806248  -  ResidentSetSize of job (KB)
...
006 (112070778.173.000) 05/03 12:58:54 Image size of job updated: 12252000
	11889  -  MemoryUsage of job (MB)
	12173948  -  ResidentSetSize of job (KB)
...
006 (112070778.173.000) 05/03 13:03:45 Image size of job updated: 12486400
	12118  -  MemoryUsage of job (MB)
	12408348  -  ResidentSetSize of job (KB)
...
006 (112070778.173.000) 05/03 13:08:46 Image size of job updated: 12769404
	12394  -  MemoryUsage of job (MB)
	12691352  -  ResidentSetSize of job (KB)
...
006 (112070778.173.000) 05/03 13:13:47 Image size of job updated: 13384076
	12995  -  MemoryUsage of job (MB)
	13306024  -  ResidentSetSize of job (KB)
...
006 (112070778.173.000) 05/03 13:18:48 Image size of job updated: 13805840
	13407  -  MemoryUsage of job (MB)
	13727788  -  ResidentSetSize of job (KB)
...
006 (112070778.173.000) 05/03 13:23:48 Image size of job updated: 14330984
	13919  -  MemoryUsage of job (MB)
	14252932  -  ResidentSetSize of job (KB)
...
006 (112070778.173.000) 05/03 13:28:48 Image size of job updated: 14974004
	14547  -  MemoryUsage of job (MB)
	14895952  -  ResidentSetSize of job (KB)
...
006 (112070778.173.000) 05/03 13:33:48 Image size of job updated: 15721732
	15277  -  MemoryUsage of job (MB)
	15642924  -  ResidentSetSize of job (KB)
...
006 (112070778.173.000) 05/03 13:38:49 Image size of job updated: 16444728
	15981  -  MemoryUsage of job (MB)
	16364500  -  ResidentSetSize of job (KB)
...
006 (112070778.173.000) 05/03 13:43:49 Image size of job updated: 17092276
	16611  -  MemoryUsage of job (MB)
	17009512  -  ResidentSetSize of job (KB)
...
006 (112070778.173.000) 05/03 13:48:49 Image size of job updated: 17825000
	17324  -  MemoryUsage of job (MB)
	17739616  -  ResidentSetSize of job (KB)
...
006 (112070778.173.000) 05/03 13:53:50 Image size of job updated: 18513400
	17995  -  MemoryUsage of job (MB)
	18426356  -  ResidentSetSize of job (KB)
...
006 (112070778.173.000) 05/03 13:58:50 Image size of job updated: 19242312
	18702  -  MemoryUsage of job (MB)
	19150660  -  ResidentSetSize of job (KB)
...
006 (112070778.173.000) 05/03 14:03:51 Image size of job updated: 20060736
	19482  -  MemoryUsage of job (MB)
	19948852  -  ResidentSetSize of job (KB)
...
006 (112070778.173.000) 05/03 14:08:51 Image size of job updated: 20760452
	20139  -  MemoryUsage of job (MB)
	20621588  -  ResidentSetSize of job (KB)
...
006 (112070778.173.000) 05/03 14:13:51 Image size of job updated: 21176224
	20396  -  MemoryUsage of job (MB)
	20885488  -  ResidentSetSize of job (KB)
...
006 (112070778.173.000) 05/03 14:18:52 Image size of job updated: 21480584
	20425  -  MemoryUsage of job (MB)
	20914792  -  ResidentSetSize of job (KB)
...
006 (112070778.173.000) 05/03 14:23:53 Image size of job updated: 21766500
	20445  -  MemoryUsage of job (MB)
	20935596  -  ResidentSetSize of job (KB)
...
006 (112070778.173.000) 05/03 14:28:53 Image size of job updated: 22214132
	20445  -  MemoryUsage of job (MB)
	20935596  -  ResidentSetSize of job (KB)
...
006 (112070778.173.000) 05/03 14:33:54 Image size of job updated: 22597560
	20445  -  MemoryUsage of job (MB)
	20935596  -  ResidentSetSize of job (KB)
...
006 (112070778.173.000) 05/03 14:37:44 Image size of job updated: 23697784
	20445  -  MemoryUsage of job (MB)
	20935596  -  ResidentSetSize of job (KB)
...
005 (112070778.173.000) 05/03 14:37:45 Job terminated.
	(1) Normal termination (return value 0)
		Usr 0 02:16:31, Sys 0 00:02:38  -  Run Remote Usage
		Usr 0 00:00:00, Sys 0 00:00:00  -  Run Local Usage
		Usr 0 02:16:31, Sys 0 00:02:38  -  Total Remote Usage
		Usr 0 00:00:00, Sys 0 00:00:00  -  Total Local Usage
	24604208  -  Run Bytes Sent By Job
	1780307328  -  Run Bytes Received By Job
	24604208  -  Total Bytes Sent By Job
	1780307328  -  Total Bytes Received By Job
	Partitionable Resources :      Usage  Request Allocated 
	   Cpus                 :       0.93        1         1 
	   Disk (KB)            : 6853779    20971520  21217090 
	   Ioheavy              :                             0 
	   Memory (MB)          :   20445       20480     20480 
...
