000 (112070778.062.000) 05/02 11:04:42 Job submitted from host: <128.104.100.44:9618?addrs=128.104.100.44-9618+[2607-f388-107c-501-90e2-baff-fe2c-2724]-9618&noUDP&sock=4699_0235_3>
...
001 (112070778.062.000) 05/03 08:14:31 Job executing on host: <128.105.245.213:9618?addrs=128.105.245.213-9618&noUDP&sock=5528_53a1_16>
...
006 (112070778.062.000) 05/03 08:14:40 Image size of job updated: 624
	1  -  MemoryUsage of job (MB)
	624  -  ResidentSetSize of job (KB)
...
006 (112070778.062.000) 05/03 08:19:41 Image size of job updated: 648
	1  -  MemoryUsage of job (MB)
	648  -  ResidentSetSize of job (KB)
...
006 (112070778.062.000) 05/03 08:24:42 Image size of job updated: 288776
	206  -  MemoryUsage of job (MB)
	210788  -  ResidentSetSize of job (KB)
...
006 (112070778.062.000) 05/03 08:29:43 Image size of job updated: 593400
	504  -  MemoryUsage of job (MB)
	515404  -  ResidentSetSize of job (KB)
...
006 (112070778.062.000) 05/03 08:34:43 Image size of job updated: 961688
	863  -  MemoryUsage of job (MB)
	883636  -  ResidentSetSize of job (KB)
...
006 (112070778.062.000) 05/03 08:39:44 Image size of job updated: 1410460
	1302  -  MemoryUsage of job (MB)
	1332408  -  ResidentSetSize of job (KB)
...
006 (112070778.062.000) 05/03 08:44:45 Image size of job updated: 1945112
	1824  -  MemoryUsage of job (MB)
	1867060  -  ResidentSetSize of job (KB)
...
006 (112070778.062.000) 05/03 08:49:45 Image size of job updated: 2742628
	2603  -  MemoryUsage of job (MB)
	2664576  -  ResidentSetSize of job (KB)
...
006 (112070778.062.000) 05/03 08:54:46 Image size of job updated: 3582884
	3423  -  MemoryUsage of job (MB)
	3504832  -  ResidentSetSize of job (KB)
...
006 (112070778.062.000) 05/03 08:59:47 Image size of job updated: 4443208
	4263  -  MemoryUsage of job (MB)
	4365156  -  ResidentSetSize of job (KB)
...
006 (112070778.062.000) 05/03 09:04:47 Image size of job updated: 5278740
	5079  -  MemoryUsage of job (MB)
	5200688  -  ResidentSetSize of job (KB)
...
006 (112070778.062.000) 05/03 09:09:47 Image size of job updated: 6072444
	5854  -  MemoryUsage of job (MB)
	5994392  -  ResidentSetSize of job (KB)
...
006 (112070778.062.000) 05/03 09:14:47 Image size of job updated: 6836144
	6600  -  MemoryUsage of job (MB)
	6758092  -  ResidentSetSize of job (KB)
...
006 (112070778.062.000) 05/03 09:19:49 Image size of job updated: 7556212
	7303  -  MemoryUsage of job (MB)
	7478160  -  ResidentSetSize of job (KB)
...
006 (112070778.062.000) 05/03 09:24:49 Image size of job updated: 8327288
	8056  -  MemoryUsage of job (MB)
	8249236  -  ResidentSetSize of job (KB)
...
006 (112070778.062.000) 05/03 09:29:50 Image size of job updated: 9048248
	8760  -  MemoryUsage of job (MB)
	8970196  -  ResidentSetSize of job (KB)
...
006 (112070778.062.000) 05/03 09:34:50 Image size of job updated: 9603964
	9303  -  MemoryUsage of job (MB)
	9525912  -  ResidentSetSize of job (KB)
...
006 (112070778.062.000) 05/03 09:39:50 Image size of job updated: 9977784
	9668  -  MemoryUsage of job (MB)
	9899732  -  ResidentSetSize of job (KB)
...
006 (112070778.062.000) 05/03 09:44:52 Image size of job updated: 10652644
	10327  -  MemoryUsage of job (MB)
	10574592  -  ResidentSetSize of job (KB)
...
006 (112070778.062.000) 05/03 09:49:53 Image size of job updated: 11341104
	11000  -  MemoryUsage of job (MB)
	11263052  -  ResidentSetSize of job (KB)
...
006 (112070778.062.000) 05/03 09:54:53 Image size of job updated: 11972876
	11617  -  MemoryUsage of job (MB)
	11894824  -  ResidentSetSize of job (KB)
...
006 (112070778.062.000) 05/03 09:59:53 Image size of job updated: 12690384
	12317  -  MemoryUsage of job (MB)
	12612332  -  ResidentSetSize of job (KB)
...
006 (112070778.062.000) 05/03 10:04:55 Image size of job updated: 13385672
	12996  -  MemoryUsage of job (MB)
	13307620  -  ResidentSetSize of job (KB)
...
006 (112070778.062.000) 05/03 10:09:53 Image size of job updated: 14005160
	13601  -  MemoryUsage of job (MB)
	13927108  -  ResidentSetSize of job (KB)
...
006 (112070778.062.000) 05/03 10:14:55 Image size of job updated: 14757940
	14336  -  MemoryUsage of job (MB)
	14679888  -  ResidentSetSize of job (KB)
...
006 (112070778.062.000) 05/03 10:19:55 Image size of job updated: 15413544
	14977  -  MemoryUsage of job (MB)
	15335492  -  ResidentSetSize of job (KB)
...
006 (112070778.062.000) 05/03 10:24:55 Image size of job updated: 16056984
	15605  -  MemoryUsage of job (MB)
	15978556  -  ResidentSetSize of job (KB)
...
006 (112070778.062.000) 05/03 10:29:56 Image size of job updated: 16739728
	16270  -  MemoryUsage of job (MB)
	16660196  -  ResidentSetSize of job (KB)
...
006 (112070778.062.000) 05/03 10:34:57 Image size of job updated: 17364144
	16879  -  MemoryUsage of job (MB)
	17283080  -  ResidentSetSize of job (KB)
...
006 (112070778.062.000) 05/03 10:39:57 Image size of job updated: 17966736
	17467  -  MemoryUsage of job (MB)
	17885192  -  ResidentSetSize of job (KB)
...
006 (112070778.062.000) 05/03 10:44:58 Image size of job updated: 18788372
	18265  -  MemoryUsage of job (MB)
	18703080  -  ResidentSetSize of job (KB)
...
006 (112070778.062.000) 05/03 10:49:58 Image size of job updated: 19461636
	18917  -  MemoryUsage of job (MB)
	19370488  -  ResidentSetSize of job (KB)
...
006 (112070778.062.000) 05/03 10:54:58 Image size of job updated: 20055848
	19489  -  MemoryUsage of job (MB)
	19956572  -  ResidentSetSize of job (KB)
...
006 (112070778.062.000) 05/03 10:59:59 Image size of job updated: 20584528
	19972  -  MemoryUsage of job (MB)
	20451108  -  ResidentSetSize of job (KB)
...
006 (112070778.062.000) 05/03 11:04:59 Image size of job updated: 21083784
	20407  -  MemoryUsage of job (MB)
	20896288  -  ResidentSetSize of job (KB)
...
006 (112070778.062.000) 05/03 11:10:01 Image size of job updated: 21464268
	20435  -  MemoryUsage of job (MB)
	20925012  -  ResidentSetSize of job (KB)
...
006 (112070778.062.000) 05/03 11:15:00 Image size of job updated: 22044472
	20464  -  MemoryUsage of job (MB)
	20954628  -  ResidentSetSize of job (KB)
...
006 (112070778.062.000) 05/03 11:20:01 Image size of job updated: 22644800
	20464  -  MemoryUsage of job (MB)
	20954628  -  ResidentSetSize of job (KB)
...
006 (112070778.062.000) 05/03 11:23:52 Image size of job updated: 23083840
	20464  -  MemoryUsage of job (MB)
	20954628  -  ResidentSetSize of job (KB)
...
005 (112070778.062.000) 05/03 11:23:54 Job terminated.
	(1) Normal termination (return value 0)
		Usr 0 02:39:48, Sys 0 00:03:03  -  Run Remote Usage
		Usr 0 00:00:00, Sys 0 00:00:00  -  Run Local Usage
		Usr 0 02:39:48, Sys 0 00:03:03  -  Total Remote Usage
		Usr 0 00:00:00, Sys 0 00:00:00  -  Total Local Usage
	24807976  -  Run Bytes Sent By Job
	1780307328  -  Run Bytes Received By Job
	24807976  -  Total Bytes Sent By Job
	1780307328  -  Total Bytes Received By Job
	Partitionable Resources :      Usage  Request Allocated 
	   Cpus                 :       1.00        1         1 
	   Disk (KB)            : 6853980    20971520  21156491 
	   Ioheavy              :                             0 
	   Memory (MB)          :   20464       20480     20480 
...
