000 (112070778.101.000) 05/02 11:04:42 Job submitted from host: <128.104.100.44:9618?addrs=128.104.100.44-9618+[2607-f388-107c-501-90e2-baff-fe2c-2724]-9618&noUDP&sock=4699_0235_3>
...
001 (112070778.101.000) 05/03 09:17:58 Job executing on host: <128.105.245.226:9618?addrs=128.105.245.226-9618&noUDP&sock=5426_5cf8_3>
...
006 (112070778.101.000) 05/03 09:18:07 Image size of job updated: 624
	1  -  MemoryUsage of job (MB)
	624  -  ResidentSetSize of job (KB)
...
006 (112070778.101.000) 05/03 09:23:09 Image size of job updated: 632
	1  -  MemoryUsage of job (MB)
	632  -  ResidentSetSize of job (KB)
...
006 (112070778.101.000) 05/03 09:28:13 Image size of job updated: 652
	1  -  MemoryUsage of job (MB)
	652  -  ResidentSetSize of job (KB)
...
006 (112070778.101.000) 05/03 09:53:11 Image size of job updated: 656
	1  -  MemoryUsage of job (MB)
	656  -  ResidentSetSize of job (KB)
...
006 (112070778.101.000) 05/03 09:58:13 Image size of job updated: 664
	1  -  MemoryUsage of job (MB)
	664  -  ResidentSetSize of job (KB)
...
006 (112070778.101.000) 05/03 10:03:14 Image size of job updated: 668
	1  -  MemoryUsage of job (MB)
	668  -  ResidentSetSize of job (KB)
...
006 (112070778.101.000) 05/03 10:08:12 Image size of job updated: 417936
	332  -  MemoryUsage of job (MB)
	339940  -  ResidentSetSize of job (KB)
...
006 (112070778.101.000) 05/03 10:13:12 Image size of job updated: 580148
	491  -  MemoryUsage of job (MB)
	502152  -  ResidentSetSize of job (KB)
...
006 (112070778.101.000) 05/03 10:18:12 Image size of job updated: 937508
	840  -  MemoryUsage of job (MB)
	859456  -  ResidentSetSize of job (KB)
...
006 (112070778.101.000) 05/03 10:23:14 Image size of job updated: 1405020
	1296  -  MemoryUsage of job (MB)
	1326968  -  ResidentSetSize of job (KB)
...
006 (112070778.101.000) 05/03 10:28:14 Image size of job updated: 1895912
	1776  -  MemoryUsage of job (MB)
	1817860  -  ResidentSetSize of job (KB)
...
006 (112070778.101.000) 05/03 10:33:16 Image size of job updated: 2566092
	2430  -  MemoryUsage of job (MB)
	2488040  -  ResidentSetSize of job (KB)
...
006 (112070778.101.000) 05/03 10:38:15 Image size of job updated: 3412460
	3257  -  MemoryUsage of job (MB)
	3334408  -  ResidentSetSize of job (KB)
...
006 (112070778.101.000) 05/03 10:43:16 Image size of job updated: 4359612
	4182  -  MemoryUsage of job (MB)
	4281560  -  ResidentSetSize of job (KB)
...
006 (112070778.101.000) 05/03 10:48:17 Image size of job updated: 5259712
	5061  -  MemoryUsage of job (MB)
	5181660  -  ResidentSetSize of job (KB)
...
006 (112070778.101.000) 05/03 10:53:18 Image size of job updated: 5717480
	5508  -  MemoryUsage of job (MB)
	5639428  -  ResidentSetSize of job (KB)
...
006 (112070778.101.000) 05/03 10:58:18 Image size of job updated: 6407212
	6181  -  MemoryUsage of job (MB)
	6329160  -  ResidentSetSize of job (KB)
...
006 (112070778.101.000) 05/03 11:03:18 Image size of job updated: 6935572
	6697  -  MemoryUsage of job (MB)
	6857520  -  ResidentSetSize of job (KB)
...
006 (112070778.101.000) 05/03 11:08:19 Image size of job updated: 7393192
	7144  -  MemoryUsage of job (MB)
	7315140  -  ResidentSetSize of job (KB)
...
006 (112070778.101.000) 05/03 11:13:20 Image size of job updated: 7757652
	7500  -  MemoryUsage of job (MB)
	7679600  -  ResidentSetSize of job (KB)
...
006 (112070778.101.000) 05/03 11:18:20 Image size of job updated: 8167568
	7900  -  MemoryUsage of job (MB)
	8089516  -  ResidentSetSize of job (KB)
...
006 (112070778.101.000) 05/03 11:23:24 Image size of job updated: 8715568
	8436  -  MemoryUsage of job (MB)
	8637516  -  ResidentSetSize of job (KB)
...
006 (112070778.101.000) 05/03 11:28:22 Image size of job updated: 9461828
	9164  -  MemoryUsage of job (MB)
	9383776  -  ResidentSetSize of job (KB)
...
006 (112070778.101.000) 05/03 11:33:23 Image size of job updated: 10186936
	9872  -  MemoryUsage of job (MB)
	10108884  -  ResidentSetSize of job (KB)
...
006 (112070778.101.000) 05/03 11:38:24 Image size of job updated: 10792224
	10464  -  MemoryUsage of job (MB)
	10714172  -  ResidentSetSize of job (KB)
...
006 (112070778.101.000) 05/03 11:43:26 Image size of job updated: 11486304
	11141  -  MemoryUsage of job (MB)
	11408252  -  ResidentSetSize of job (KB)
...
006 (112070778.101.000) 05/03 11:48:35 Image size of job updated: 12164868
	11804  -  MemoryUsage of job (MB)
	12086816  -  ResidentSetSize of job (KB)
...
006 (112070778.101.000) 05/03 11:53:25 Image size of job updated: 12674512
	12302  -  MemoryUsage of job (MB)
	12596460  -  ResidentSetSize of job (KB)
...
006 (112070778.101.000) 05/03 11:58:27 Image size of job updated: 13274984
	12888  -  MemoryUsage of job (MB)
	13196932  -  ResidentSetSize of job (KB)
...
006 (112070778.101.000) 05/03 12:03:27 Image size of job updated: 13940324
	13538  -  MemoryUsage of job (MB)
	13862272  -  ResidentSetSize of job (KB)
...
006 (112070778.101.000) 05/03 12:08:26 Image size of job updated: 14539956
	14123  -  MemoryUsage of job (MB)
	14461904  -  ResidentSetSize of job (KB)
...
006 (112070778.101.000) 05/03 12:13:26 Image size of job updated: 15075736
	14647  -  MemoryUsage of job (MB)
	14997684  -  ResidentSetSize of job (KB)
...
006 (112070778.101.000) 05/03 12:18:27 Image size of job updated: 15820672
	15373  -  MemoryUsage of job (MB)
	15741624  -  ResidentSetSize of job (KB)
...
006 (112070778.101.000) 05/03 12:23:28 Image size of job updated: 16534852
	16069  -  MemoryUsage of job (MB)
	16454356  -  ResidentSetSize of job (KB)
...
006 (112070778.101.000) 05/03 12:28:30 Image size of job updated: 17219700
	16736  -  MemoryUsage of job (MB)
	17136972  -  ResidentSetSize of job (KB)
...
006 (112070778.101.000) 05/03 12:33:30 Image size of job updated: 17932904
	17430  -  MemoryUsage of job (MB)
	17848036  -  ResidentSetSize of job (KB)
...
006 (112070778.101.000) 05/03 12:38:31 Image size of job updated: 18647384
	18125  -  MemoryUsage of job (MB)
	18559288  -  ResidentSetSize of job (KB)
...
006 (112070778.101.000) 05/03 12:43:30 Image size of job updated: 19036596
	18503  -  MemoryUsage of job (MB)
	18946356  -  ResidentSetSize of job (KB)
...
006 (112070778.101.000) 05/03 12:48:32 Image size of job updated: 19298068
	18756  -  MemoryUsage of job (MB)
	19205912  -  ResidentSetSize of job (KB)
...
006 (112070778.101.000) 05/03 12:53:32 Image size of job updated: 19552328
	19002  -  MemoryUsage of job (MB)
	19457780  -  ResidentSetSize of job (KB)
...
006 (112070778.101.000) 05/03 12:58:33 Image size of job updated: 19838548
	19275  -  MemoryUsage of job (MB)
	19737328  -  ResidentSetSize of job (KB)
...
006 (112070778.101.000) 05/03 13:03:34 Image size of job updated: 20032552
	19447  -  MemoryUsage of job (MB)
	19913084  -  ResidentSetSize of job (KB)
...
006 (112070778.101.000) 05/03 13:08:35 Image size of job updated: 20363476
	19745  -  MemoryUsage of job (MB)
	20218760  -  ResidentSetSize of job (KB)
...
006 (112070778.101.000) 05/03 13:13:41 Image size of job updated: 20720312
	20061  -  MemoryUsage of job (MB)
	20541968  -  ResidentSetSize of job (KB)
...
006 (112070778.101.000) 05/03 13:18:36 Image size of job updated: 21028020
	20295  -  MemoryUsage of job (MB)
	20781820  -  ResidentSetSize of job (KB)
...
006 (112070778.101.000) 05/03 13:23:37 Image size of job updated: 21251244
	20424  -  MemoryUsage of job (MB)
	20914016  -  ResidentSetSize of job (KB)
...
006 (112070778.101.000) 05/03 13:28:37 Image size of job updated: 21506808
	20450  -  MemoryUsage of job (MB)
	20939816  -  ResidentSetSize of job (KB)
...
006 (112070778.101.000) 05/03 13:33:37 Image size of job updated: 21700584
	20450  -  MemoryUsage of job (MB)
	20940000  -  ResidentSetSize of job (KB)
...
006 (112070778.101.000) 05/03 13:38:38 Image size of job updated: 21869896
	20450  -  MemoryUsage of job (MB)
	20940000  -  ResidentSetSize of job (KB)
...
006 (112070778.101.000) 05/03 13:43:38 Image size of job updated: 21961468
	20450  -  MemoryUsage of job (MB)
	20940000  -  ResidentSetSize of job (KB)
...
006 (112070778.101.000) 05/03 13:48:38 Image size of job updated: 22065764
	20450  -  MemoryUsage of job (MB)
	20940000  -  ResidentSetSize of job (KB)
...
006 (112070778.101.000) 05/03 13:53:38 Image size of job updated: 22241892
	20450  -  MemoryUsage of job (MB)
	20940000  -  ResidentSetSize of job (KB)
...
006 (112070778.101.000) 05/03 13:58:38 Image size of job updated: 22378552
	20450  -  MemoryUsage of job (MB)
	20940000  -  ResidentSetSize of job (KB)
...
006 (112070778.101.000) 05/03 14:03:39 Image size of job updated: 22601700
	20451  -  MemoryUsage of job (MB)
	20941736  -  ResidentSetSize of job (KB)
...
006 (112070778.101.000) 05/03 14:08:39 Image size of job updated: 22768136
	20451  -  MemoryUsage of job (MB)
	20941736  -  ResidentSetSize of job (KB)
...
006 (112070778.101.000) 05/03 14:13:39 Image size of job updated: 23127120
	20451  -  MemoryUsage of job (MB)
	20941736  -  ResidentSetSize of job (KB)
...
006 (112070778.101.000) 05/03 14:14:50 Image size of job updated: 23184360
	20451  -  MemoryUsage of job (MB)
	20941736  -  ResidentSetSize of job (KB)
...
005 (112070778.101.000) 05/03 14:14:53 Job terminated.
	(1) Normal termination (return value 0)
		Usr 0 02:25:13, Sys 0 00:04:36  -  Run Remote Usage
		Usr 0 00:00:00, Sys 0 00:00:00  -  Run Local Usage
		Usr 0 02:25:13, Sys 0 00:04:36  -  Total Remote Usage
		Usr 0 00:00:00, Sys 0 00:00:00  -  Total Local Usage
	24677772  -  Run Bytes Sent By Job
	1780307328  -  Run Bytes Received By Job
	24677772  -  Total Bytes Sent By Job
	1780307328  -  Total Bytes Received By Job
	Partitionable Resources :      Usage  Request Allocated 
	   Cpus                 :       0.52        1         1 
	   Disk (KB)            : 6853851    20971520  21290778 
	   Ioheavy              :                             0 
	   Memory (MB)          :   20451       20480     20480 
...
