000 (112070778.069.000) 05/02 11:04:42 Job submitted from host: <128.104.100.44:9618?addrs=128.104.100.44-9618+[2607-f388-107c-501-90e2-baff-fe2c-2724]-9618&noUDP&sock=4699_0235_3>
...
001 (112070778.069.000) 05/03 08:34:07 Job executing on host: <128.105.245.203:9618?addrs=128.105.245.203-9618&noUDP&sock=38396_0a74_3>
...
006 (112070778.069.000) 05/03 08:34:16 Image size of job updated: 616
	1  -  MemoryUsage of job (MB)
	616  -  ResidentSetSize of job (KB)
...
006 (112070778.069.000) 05/03 08:39:17 Image size of job updated: 628
	1  -  MemoryUsage of job (MB)
	628  -  ResidentSetSize of job (KB)
...
006 (112070778.069.000) 05/03 08:44:21 Image size of job updated: 648
	1  -  MemoryUsage of job (MB)
	648  -  ResidentSetSize of job (KB)
...
006 (112070778.069.000) 05/03 08:49:19 Image size of job updated: 664
	1  -  MemoryUsage of job (MB)
	664  -  ResidentSetSize of job (KB)
...
006 (112070778.069.000) 05/03 08:54:20 Image size of job updated: 575248
	486  -  MemoryUsage of job (MB)
	497252  -  ResidentSetSize of job (KB)
...
006 (112070778.069.000) 05/03 08:59:20 Image size of job updated: 842036
	747  -  MemoryUsage of job (MB)
	763984  -  ResidentSetSize of job (KB)
...
006 (112070778.069.000) 05/03 09:04:22 Image size of job updated: 1221324
	1117  -  MemoryUsage of job (MB)
	1143272  -  ResidentSetSize of job (KB)
...
006 (112070778.069.000) 05/03 09:09:22 Image size of job updated: 1741500
	1625  -  MemoryUsage of job (MB)
	1663448  -  ResidentSetSize of job (KB)
...
006 (112070778.069.000) 05/03 09:14:24 Image size of job updated: 2308368
	2179  -  MemoryUsage of job (MB)
	2230316  -  ResidentSetSize of job (KB)
...
006 (112070778.069.000) 05/03 09:19:23 Image size of job updated: 2947932
	2803  -  MemoryUsage of job (MB)
	2869880  -  ResidentSetSize of job (KB)
...
006 (112070778.069.000) 05/03 09:24:24 Image size of job updated: 3734580
	3571  -  MemoryUsage of job (MB)
	3656528  -  ResidentSetSize of job (KB)
...
006 (112070778.069.000) 05/03 09:29:24 Image size of job updated: 4522192
	4340  -  MemoryUsage of job (MB)
	4444140  -  ResidentSetSize of job (KB)
...
006 (112070778.069.000) 05/03 09:34:24 Image size of job updated: 5341228
	5140  -  MemoryUsage of job (MB)
	5263176  -  ResidentSetSize of job (KB)
...
006 (112070778.069.000) 05/03 09:39:25 Image size of job updated: 6193360
	5972  -  MemoryUsage of job (MB)
	6115308  -  ResidentSetSize of job (KB)
...
006 (112070778.069.000) 05/03 09:44:25 Image size of job updated: 6964668
	6726  -  MemoryUsage of job (MB)
	6886616  -  ResidentSetSize of job (KB)
...
006 (112070778.069.000) 05/03 09:49:26 Image size of job updated: 7671380
	7416  -  MemoryUsage of job (MB)
	7593328  -  ResidentSetSize of job (KB)
...
006 (112070778.069.000) 05/03 09:54:27 Image size of job updated: 8440324
	8167  -  MemoryUsage of job (MB)
	8362272  -  ResidentSetSize of job (KB)
...
006 (112070778.069.000) 05/03 09:59:27 Image size of job updated: 9127240
	8838  -  MemoryUsage of job (MB)
	9049188  -  ResidentSetSize of job (KB)
...
006 (112070778.069.000) 05/03 10:04:27 Image size of job updated: 9734924
	9431  -  MemoryUsage of job (MB)
	9656872  -  ResidentSetSize of job (KB)
...
006 (112070778.069.000) 05/03 10:09:27 Image size of job updated: 10407992
	10088  -  MemoryUsage of job (MB)
	10329940  -  ResidentSetSize of job (KB)
...
006 (112070778.069.000) 05/03 10:14:28 Image size of job updated: 11027112
	10693  -  MemoryUsage of job (MB)
	10949060  -  ResidentSetSize of job (KB)
...
006 (112070778.069.000) 05/03 10:19:29 Image size of job updated: 11794840
	11443  -  MemoryUsage of job (MB)
	11716788  -  ResidentSetSize of job (KB)
...
006 (112070778.069.000) 05/03 10:24:29 Image size of job updated: 12279212
	11916  -  MemoryUsage of job (MB)
	12201160  -  ResidentSetSize of job (KB)
...
006 (112070778.069.000) 05/03 10:29:31 Image size of job updated: 12869964
	12493  -  MemoryUsage of job (MB)
	12791912  -  ResidentSetSize of job (KB)
...
006 (112070778.069.000) 05/03 10:34:31 Image size of job updated: 13503972
	13112  -  MemoryUsage of job (MB)
	13425920  -  ResidentSetSize of job (KB)
...
006 (112070778.069.000) 05/03 10:39:32 Image size of job updated: 14103316
	13697  -  MemoryUsage of job (MB)
	14025264  -  ResidentSetSize of job (KB)
...
006 (112070778.069.000) 05/03 10:44:33 Image size of job updated: 14670296
	14251  -  MemoryUsage of job (MB)
	14592116  -  ResidentSetSize of job (KB)
...
006 (112070778.069.000) 05/03 10:49:34 Image size of job updated: 15263164
	14829  -  MemoryUsage of job (MB)
	15184736  -  ResidentSetSize of job (KB)
...
006 (112070778.069.000) 05/03 10:54:35 Image size of job updated: 15851920
	15404  -  MemoryUsage of job (MB)
	15773492  -  ResidentSetSize of job (KB)
...
006 (112070778.069.000) 05/03 10:59:36 Image size of job updated: 16379200
	15919  -  MemoryUsage of job (MB)
	16300516  -  ResidentSetSize of job (KB)
...
006 (112070778.069.000) 05/03 11:04:36 Image size of job updated: 17039076
	16562  -  MemoryUsage of job (MB)
	16959196  -  ResidentSetSize of job (KB)
...
006 (112070778.069.000) 05/03 11:09:38 Image size of job updated: 17557220
	17067  -  MemoryUsage of job (MB)
	17476116  -  ResidentSetSize of job (KB)
...
006 (112070778.069.000) 05/03 11:14:38 Image size of job updated: 18217572
	17710  -  MemoryUsage of job (MB)
	18134720  -  ResidentSetSize of job (KB)
...
006 (112070778.069.000) 05/03 11:19:38 Image size of job updated: 18850676
	18323  -  MemoryUsage of job (MB)
	18762660  -  ResidentSetSize of job (KB)
...
006 (112070778.069.000) 05/03 11:24:38 Image size of job updated: 19330944
	18786  -  MemoryUsage of job (MB)
	19236564  -  ResidentSetSize of job (KB)
...
006 (112070778.069.000) 05/03 11:29:38 Image size of job updated: 19966236
	19388  -  MemoryUsage of job (MB)
	19852680  -  ResidentSetSize of job (KB)
...
006 (112070778.069.000) 05/03 11:34:39 Image size of job updated: 20630772
	19993  -  MemoryUsage of job (MB)
	20471972  -  ResidentSetSize of job (KB)
...
006 (112070778.069.000) 05/03 11:39:40 Image size of job updated: 21191720
	20411  -  MemoryUsage of job (MB)
	20900812  -  ResidentSetSize of job (KB)
...
006 (112070778.069.000) 05/03 11:44:39 Image size of job updated: 21652908
	20432  -  MemoryUsage of job (MB)
	20922184  -  ResidentSetSize of job (KB)
...
006 (112070778.069.000) 05/03 11:49:40 Image size of job updated: 22238708
	20442  -  MemoryUsage of job (MB)
	20932056  -  ResidentSetSize of job (KB)
...
006 (112070778.069.000) 05/03 11:54:40 Image size of job updated: 22722344
	20442  -  MemoryUsage of job (MB)
	20932056  -  ResidentSetSize of job (KB)
...
006 (112070778.069.000) 05/03 11:59:40 Image size of job updated: 23264872
	20453  -  MemoryUsage of job (MB)
	20943000  -  ResidentSetSize of job (KB)
...
006 (112070778.069.000) 05/03 12:04:41 Image size of job updated: 23782444
	20453  -  MemoryUsage of job (MB)
	20943000  -  ResidentSetSize of job (KB)
...
006 (112070778.069.000) 05/03 12:09:43 Image size of job updated: 24076576
	20453  -  MemoryUsage of job (MB)
	20943000  -  ResidentSetSize of job (KB)
...
006 (112070778.069.000) 05/03 12:14:42 Image size of job updated: 24463652
	20453  -  MemoryUsage of job (MB)
	20943000  -  ResidentSetSize of job (KB)
...
006 (112070778.069.000) 05/03 12:19:42 Image size of job updated: 24778392
	20453  -  MemoryUsage of job (MB)
	20943000  -  ResidentSetSize of job (KB)
...
006 (112070778.069.000) 05/03 12:24:42 Image size of job updated: 25132752
	20453  -  MemoryUsage of job (MB)
	20943000  -  ResidentSetSize of job (KB)
...
006 (112070778.069.000) 05/03 12:29:42 Image size of job updated: 25431372
	20453  -  MemoryUsage of job (MB)
	20943000  -  ResidentSetSize of job (KB)
...
006 (112070778.069.000) 05/03 12:34:43 Image size of job updated: 25702524
	20453  -  MemoryUsage of job (MB)
	20943000  -  ResidentSetSize of job (KB)
...
006 (112070778.069.000) 05/03 12:38:32 Image size of job updated: 25710436
	20453  -  MemoryUsage of job (MB)
	20943000  -  ResidentSetSize of job (KB)
...
005 (112070778.069.000) 05/03 12:38:34 Job terminated.
	(1) Normal termination (return value 0)
		Usr 0 03:07:24, Sys 0 00:10:52  -  Run Remote Usage
		Usr 0 00:00:00, Sys 0 00:00:00  -  Run Local Usage
		Usr 0 03:07:24, Sys 0 00:10:52  -  Total Remote Usage
		Usr 0 00:00:00, Sys 0 00:00:00  -  Total Local Usage
	28372392  -  Run Bytes Sent By Job
	1780307328  -  Run Bytes Received By Job
	28372392  -  Total Bytes Sent By Job
	1780307328  -  Total Bytes Received By Job
	Partitionable Resources :      Usage  Request Allocated 
	   Cpus                 :       0.00        1         1 
	   Disk (KB)            : 6900294    20971520  21385051 
	   Ioheavy              :                             0 
	   Memory (MB)          :   20453       20480     20480 
...
