000 (112070778.031.000) 05/02 11:04:42 Job submitted from host: <128.104.100.44:9618?addrs=128.104.100.44-9618+[2607-f388-107c-501-90e2-baff-fe2c-2724]-9618&noUDP&sock=4699_0235_3>
...
001 (112070778.031.000) 05/03 07:34:23 Job executing on host: <128.105.245.175:9618?addrs=128.105.245.175-9618&noUDP&sock=5429_6bc0_3>
...
006 (112070778.031.000) 05/03 07:34:32 Image size of job updated: 628
	1  -  MemoryUsage of job (MB)
	628  -  ResidentSetSize of job (KB)
...
006 (112070778.031.000) 05/03 07:39:35 Image size of job updated: 652
	1  -  MemoryUsage of job (MB)
	652  -  ResidentSetSize of job (KB)
...
006 (112070778.031.000) 05/03 07:44:34 Image size of job updated: 274116
	192  -  MemoryUsage of job (MB)
	196128  -  ResidentSetSize of job (KB)
...
006 (112070778.031.000) 05/03 07:49:35 Image size of job updated: 607488
	518  -  MemoryUsage of job (MB)
	529492  -  ResidentSetSize of job (KB)
...
006 (112070778.031.000) 05/03 07:54:35 Image size of job updated: 946212
	848  -  MemoryUsage of job (MB)
	868160  -  ResidentSetSize of job (KB)
...
006 (112070778.031.000) 05/03 07:59:37 Image size of job updated: 1428088
	1319  -  MemoryUsage of job (MB)
	1350036  -  ResidentSetSize of job (KB)
...
006 (112070778.031.000) 05/03 08:04:37 Image size of job updated: 2087928
	1963  -  MemoryUsage of job (MB)
	2009876  -  ResidentSetSize of job (KB)
...
006 (112070778.031.000) 05/03 08:09:38 Image size of job updated: 2812920
	2671  -  MemoryUsage of job (MB)
	2734868  -  ResidentSetSize of job (KB)
...
006 (112070778.031.000) 05/03 08:14:38 Image size of job updated: 3638008
	3477  -  MemoryUsage of job (MB)
	3559956  -  ResidentSetSize of job (KB)
...
006 (112070778.031.000) 05/03 08:19:40 Image size of job updated: 4462264
	4282  -  MemoryUsage of job (MB)
	4384212  -  ResidentSetSize of job (KB)
...
006 (112070778.031.000) 05/03 08:24:39 Image size of job updated: 5191064
	4994  -  MemoryUsage of job (MB)
	5113012  -  ResidentSetSize of job (KB)
...
006 (112070778.031.000) 05/03 08:29:40 Image size of job updated: 5951048
	5736  -  MemoryUsage of job (MB)
	5872996  -  ResidentSetSize of job (KB)
...
006 (112070778.031.000) 05/03 08:34:40 Image size of job updated: 6728504
	6495  -  MemoryUsage of job (MB)
	6650452  -  ResidentSetSize of job (KB)
...
006 (112070778.031.000) 05/03 08:39:41 Image size of job updated: 7358768
	7111  -  MemoryUsage of job (MB)
	7280716  -  ResidentSetSize of job (KB)
...
006 (112070778.031.000) 05/03 08:44:42 Image size of job updated: 7960400
	7698  -  MemoryUsage of job (MB)
	7882348  -  ResidentSetSize of job (KB)
...
006 (112070778.031.000) 05/03 08:49:43 Image size of job updated: 8684032
	8405  -  MemoryUsage of job (MB)
	8605980  -  ResidentSetSize of job (KB)
...
006 (112070778.031.000) 05/03 08:54:43 Image size of job updated: 9291700
	8998  -  MemoryUsage of job (MB)
	9213648  -  ResidentSetSize of job (KB)
...
006 (112070778.031.000) 05/03 08:59:43 Image size of job updated: 9984648
	9675  -  MemoryUsage of job (MB)
	9906596  -  ResidentSetSize of job (KB)
...
006 (112070778.031.000) 05/03 09:04:44 Image size of job updated: 10592188
	10268  -  MemoryUsage of job (MB)
	10514136  -  ResidentSetSize of job (KB)
...
006 (112070778.031.000) 05/03 09:09:44 Image size of job updated: 11167440
	10830  -  MemoryUsage of job (MB)
	11089388  -  ResidentSetSize of job (KB)
...
006 (112070778.031.000) 05/03 09:14:45 Image size of job updated: 11848032
	11495  -  MemoryUsage of job (MB)
	11769980  -  ResidentSetSize of job (KB)
...
006 (112070778.031.000) 05/03 09:19:45 Image size of job updated: 12444220
	12077  -  MemoryUsage of job (MB)
	12366168  -  ResidentSetSize of job (KB)
...
006 (112070778.031.000) 05/03 09:24:46 Image size of job updated: 13071372
	12689  -  MemoryUsage of job (MB)
	12993320  -  ResidentSetSize of job (KB)
...
006 (112070778.031.000) 05/03 09:29:47 Image size of job updated: 13693320
	13297  -  MemoryUsage of job (MB)
	13615268  -  ResidentSetSize of job (KB)
...
006 (112070778.031.000) 05/03 09:34:47 Image size of job updated: 14349288
	13937  -  MemoryUsage of job (MB)
	14271236  -  ResidentSetSize of job (KB)
...
006 (112070778.031.000) 05/03 09:39:47 Image size of job updated: 14899884
	14475  -  MemoryUsage of job (MB)
	14821832  -  ResidentSetSize of job (KB)
...
006 (112070778.031.000) 05/03 09:44:48 Image size of job updated: 15336100
	14901  -  MemoryUsage of job (MB)
	15258048  -  ResidentSetSize of job (KB)
...
006 (112070778.031.000) 05/03 09:49:48 Image size of job updated: 15949728
	15500  -  MemoryUsage of job (MB)
	15871676  -  ResidentSetSize of job (KB)
...
006 (112070778.031.000) 05/03 09:54:50 Image size of job updated: 16576436
	16112  -  MemoryUsage of job (MB)
	16498384  -  ResidentSetSize of job (KB)
...
006 (112070778.031.000) 05/03 09:59:50 Image size of job updated: 17194448
	16715  -  MemoryUsage of job (MB)
	17115664  -  ResidentSetSize of job (KB)
...
006 (112070778.031.000) 05/03 10:04:50 Image size of job updated: 17692952
	17201  -  MemoryUsage of job (MB)
	17612892  -  ResidentSetSize of job (KB)
...
006 (112070778.031.000) 05/03 10:09:52 Image size of job updated: 17988572
	17485  -  MemoryUsage of job (MB)
	17904296  -  ResidentSetSize of job (KB)
...
006 (112070778.031.000) 05/03 10:14:52 Image size of job updated: 18342996
	17822  -  MemoryUsage of job (MB)
	18249488  -  ResidentSetSize of job (KB)
...
006 (112070778.031.000) 05/03 10:19:53 Image size of job updated: 18747656
	18214  -  MemoryUsage of job (MB)
	18650280  -  ResidentSetSize of job (KB)
...
006 (112070778.031.000) 05/03 10:24:53 Image size of job updated: 19306568
	18752  -  MemoryUsage of job (MB)
	19201568  -  ResidentSetSize of job (KB)
...
006 (112070778.031.000) 05/03 10:29:53 Image size of job updated: 19938596
	19363  -  MemoryUsage of job (MB)
	19826856  -  ResidentSetSize of job (KB)
...
006 (112070778.031.000) 05/03 10:34:56 Image size of job updated: 20288692
	19690  -  MemoryUsage of job (MB)
	20161892  -  ResidentSetSize of job (KB)
...
006 (112070778.031.000) 05/03 10:39:55 Image size of job updated: 20379552
	19760  -  MemoryUsage of job (MB)
	20233404  -  ResidentSetSize of job (KB)
...
006 (112070778.031.000) 05/03 10:44:56 Image size of job updated: 20601516
	19937  -  MemoryUsage of job (MB)
	20414544  -  ResidentSetSize of job (KB)
...
006 (112070778.031.000) 05/03 10:49:56 Image size of job updated: 21067132
	20334  -  MemoryUsage of job (MB)
	20821672  -  ResidentSetSize of job (KB)
...
006 (112070778.031.000) 05/03 10:54:57 Image size of job updated: 21224488
	20421  -  MemoryUsage of job (MB)
	20910180  -  ResidentSetSize of job (KB)
...
006 (112070778.031.000) 05/03 10:59:57 Image size of job updated: 21328932
	20423  -  MemoryUsage of job (MB)
	20912880  -  ResidentSetSize of job (KB)
...
006 (112070778.031.000) 05/03 11:04:59 Image size of job updated: 21575228
	20445  -  MemoryUsage of job (MB)
	20934996  -  ResidentSetSize of job (KB)
...
006 (112070778.031.000) 05/03 11:09:58 Image size of job updated: 21934416
	20445  -  MemoryUsage of job (MB)
	20935544  -  ResidentSetSize of job (KB)
...
006 (112070778.031.000) 05/03 11:14:59 Image size of job updated: 22597868
	20463  -  MemoryUsage of job (MB)
	20953240  -  ResidentSetSize of job (KB)
...
006 (112070778.031.000) 05/03 11:19:59 Image size of job updated: 23142584
	20463  -  MemoryUsage of job (MB)
	20953240  -  ResidentSetSize of job (KB)
...
006 (112070778.031.000) 05/03 11:21:28 Image size of job updated: 23242412
	20463  -  MemoryUsage of job (MB)
	20953240  -  ResidentSetSize of job (KB)
...
005 (112070778.031.000) 05/03 11:21:30 Job terminated.
	(1) Normal termination (return value 0)
		Usr 0 02:43:07, Sys 0 00:06:30  -  Run Remote Usage
		Usr 0 00:00:00, Sys 0 00:00:00  -  Run Local Usage
		Usr 0 02:43:07, Sys 0 00:06:30  -  Total Remote Usage
		Usr 0 00:00:00, Sys 0 00:00:00  -  Total Local Usage
	25094432  -  Run Bytes Sent By Job
	1780307328  -  Run Bytes Received By Job
	25094432  -  Total Bytes Sent By Job
	1780307328  -  Total Bytes Received By Job
	Partitionable Resources :      Usage  Request Allocated 
	   Cpus                 :       0.99        1         1 
	   Disk (KB)            : 6854260    20971520  21306632 
	   Ioheavy              :                             0 
	   Memory (MB)          :   20463       20480     20480 
...
