000 (112070778.049.000) 05/02 11:04:42 Job submitted from host: <128.104.100.44:9618?addrs=128.104.100.44-9618+[2607-f388-107c-501-90e2-baff-fe2c-2724]-9618&noUDP&sock=4699_0235_3>
...
001 (112070778.049.000) 05/03 07:50:13 Job executing on host: <128.105.245.175:9618?addrs=128.105.245.175-9618&noUDP&sock=5429_6bc0_3>
...
006 (112070778.049.000) 05/03 07:50:22 Image size of job updated: 628
	1  -  MemoryUsage of job (MB)
	628  -  ResidentSetSize of job (KB)
...
006 (112070778.049.000) 05/03 07:55:23 Image size of job updated: 656
	1  -  MemoryUsage of job (MB)
	656  -  ResidentSetSize of job (KB)
...
006 (112070778.049.000) 05/03 08:00:23 Image size of job updated: 401176
	316  -  MemoryUsage of job (MB)
	323180  -  ResidentSetSize of job (KB)
...
006 (112070778.049.000) 05/03 08:05:25 Image size of job updated: 781500
	687  -  MemoryUsage of job (MB)
	703448  -  ResidentSetSize of job (KB)
...
006 (112070778.049.000) 05/03 08:10:25 Image size of job updated: 1213644
	1109  -  MemoryUsage of job (MB)
	1135592  -  ResidentSetSize of job (KB)
...
006 (112070778.049.000) 05/03 08:15:25 Image size of job updated: 1717244
	1601  -  MemoryUsage of job (MB)
	1639192  -  ResidentSetSize of job (KB)
...
006 (112070778.049.000) 05/03 08:20:26 Image size of job updated: 2366484
	2235  -  MemoryUsage of job (MB)
	2288432  -  ResidentSetSize of job (KB)
...
006 (112070778.049.000) 05/03 08:25:27 Image size of job updated: 3045124
	2898  -  MemoryUsage of job (MB)
	2967072  -  ResidentSetSize of job (KB)
...
006 (112070778.049.000) 05/03 08:30:27 Image size of job updated: 3932840
	3765  -  MemoryUsage of job (MB)
	3854788  -  ResidentSetSize of job (KB)
...
006 (112070778.049.000) 05/03 08:35:42 Image size of job updated: 4787388
	4599  -  MemoryUsage of job (MB)
	4709336  -  ResidentSetSize of job (KB)
...
006 (112070778.049.000) 05/03 08:40:29 Image size of job updated: 5419964
	5217  -  MemoryUsage of job (MB)
	5341912  -  ResidentSetSize of job (KB)
...
006 (112070778.049.000) 05/03 08:45:31 Image size of job updated: 6196144
	5975  -  MemoryUsage of job (MB)
	6118092  -  ResidentSetSize of job (KB)
...
006 (112070778.049.000) 05/03 08:50:31 Image size of job updated: 6910280
	6673  -  MemoryUsage of job (MB)
	6832228  -  ResidentSetSize of job (KB)
...
006 (112070778.049.000) 05/03 08:55:31 Image size of job updated: 7712920
	7456  -  MemoryUsage of job (MB)
	7634868  -  ResidentSetSize of job (KB)
...
006 (112070778.049.000) 05/03 09:00:32 Image size of job updated: 8474548
	8200  -  MemoryUsage of job (MB)
	8396496  -  ResidentSetSize of job (KB)
...
006 (112070778.049.000) 05/03 09:05:32 Image size of job updated: 9107864
	8819  -  MemoryUsage of job (MB)
	9029812  -  ResidentSetSize of job (KB)
...
006 (112070778.049.000) 05/03 09:10:33 Image size of job updated: 9769216
	9465  -  MemoryUsage of job (MB)
	9691164  -  ResidentSetSize of job (KB)
...
006 (112070778.049.000) 05/03 09:15:33 Image size of job updated: 10401300
	10082  -  MemoryUsage of job (MB)
	10323248  -  ResidentSetSize of job (KB)
...
006 (112070778.049.000) 05/03 09:20:34 Image size of job updated: 10996160
	10663  -  MemoryUsage of job (MB)
	10918108  -  ResidentSetSize of job (KB)
...
006 (112070778.049.000) 05/03 09:25:35 Image size of job updated: 11599468
	11252  -  MemoryUsage of job (MB)
	11521416  -  ResidentSetSize of job (KB)
...
006 (112070778.049.000) 05/03 09:30:36 Image size of job updated: 12260196
	11897  -  MemoryUsage of job (MB)
	12182144  -  ResidentSetSize of job (KB)
...
006 (112070778.049.000) 05/03 09:35:36 Image size of job updated: 12844980
	12468  -  MemoryUsage of job (MB)
	12766928  -  ResidentSetSize of job (KB)
...
006 (112070778.049.000) 05/03 09:40:37 Image size of job updated: 13489300
	13097  -  MemoryUsage of job (MB)
	13411248  -  ResidentSetSize of job (KB)
...
006 (112070778.049.000) 05/03 09:45:38 Image size of job updated: 13831364
	13431  -  MemoryUsage of job (MB)
	13753312  -  ResidentSetSize of job (KB)
...
006 (112070778.049.000) 05/03 09:50:37 Image size of job updated: 14534304
	14118  -  MemoryUsage of job (MB)
	14456252  -  ResidentSetSize of job (KB)
...
006 (112070778.049.000) 05/03 09:55:40 Image size of job updated: 15098356
	14669  -  MemoryUsage of job (MB)
	15020304  -  ResidentSetSize of job (KB)
...
006 (112070778.049.000) 05/03 10:00:39 Image size of job updated: 15826068
	15379  -  MemoryUsage of job (MB)
	15748016  -  ResidentSetSize of job (KB)
...
006 (112070778.049.000) 05/03 10:05:42 Image size of job updated: 16230964
	15774  -  MemoryUsage of job (MB)
	16152176  -  ResidentSetSize of job (KB)
...
006 (112070778.049.000) 05/03 10:10:40 Image size of job updated: 16641460
	16175  -  MemoryUsage of job (MB)
	16562396  -  ResidentSetSize of job (KB)
...
006 (112070778.049.000) 05/03 10:15:42 Image size of job updated: 17033968
	16558  -  MemoryUsage of job (MB)
	16954444  -  ResidentSetSize of job (KB)
...
006 (112070778.049.000) 05/03 10:20:42 Image size of job updated: 17606668
	17117  -  MemoryUsage of job (MB)
	17526996  -  ResidentSetSize of job (KB)
...
006 (112070778.049.000) 05/03 10:25:43 Image size of job updated: 18210656
	17706  -  MemoryUsage of job (MB)
	18130400  -  ResidentSetSize of job (KB)
...
006 (112070778.049.000) 05/03 10:30:42 Image size of job updated: 18849152
	18319  -  MemoryUsage of job (MB)
	18757912  -  ResidentSetSize of job (KB)
...
006 (112070778.049.000) 05/03 10:35:44 Image size of job updated: 19199028
	18652  -  MemoryUsage of job (MB)
	19099336  -  ResidentSetSize of job (KB)
...
006 (112070778.049.000) 05/03 10:40:44 Image size of job updated: 19451884
	18893  -  MemoryUsage of job (MB)
	19345460  -  ResidentSetSize of job (KB)
...
006 (112070778.049.000) 05/03 10:45:44 Image size of job updated: 19763768
	19187  -  MemoryUsage of job (MB)
	19646744  -  ResidentSetSize of job (KB)
...
006 (112070778.049.000) 05/03 10:50:45 Image size of job updated: 20170292
	19568  -  MemoryUsage of job (MB)
	20036804  -  ResidentSetSize of job (KB)
...
006 (112070778.049.000) 05/03 10:55:45 Image size of job updated: 20434380
	19811  -  MemoryUsage of job (MB)
	20286424  -  ResidentSetSize of job (KB)
...
006 (112070778.049.000) 05/03 11:00:45 Image size of job updated: 20744028
	20095  -  MemoryUsage of job (MB)
	20576584  -  ResidentSetSize of job (KB)
...
006 (112070778.049.000) 05/03 11:05:46 Image size of job updated: 21041816
	20314  -  MemoryUsage of job (MB)
	20800820  -  ResidentSetSize of job (KB)
...
006 (112070778.049.000) 05/03 11:10:46 Image size of job updated: 21343268
	20427  -  MemoryUsage of job (MB)
	20916280  -  ResidentSetSize of job (KB)
...
006 (112070778.049.000) 05/03 11:15:47 Image size of job updated: 21793060
	20435  -  MemoryUsage of job (MB)
	20924592  -  ResidentSetSize of job (KB)
...
006 (112070778.049.000) 05/03 11:20:47 Image size of job updated: 22378472
	20457  -  MemoryUsage of job (MB)
	20947116  -  ResidentSetSize of job (KB)
...
006 (112070778.049.000) 05/03 11:25:47 Image size of job updated: 22702184
	20466  -  MemoryUsage of job (MB)
	20956672  -  ResidentSetSize of job (KB)
...
006 (112070778.049.000) 05/03 11:30:48 Image size of job updated: 23110468
	20466  -  MemoryUsage of job (MB)
	20956816  -  ResidentSetSize of job (KB)
...
006 (112070778.049.000) 05/03 11:35:48 Image size of job updated: 23386232
	20466  -  MemoryUsage of job (MB)
	20956816  -  ResidentSetSize of job (KB)
...
005 (112070778.049.000) 05/03 11:36:18 Job terminated.
	(1) Normal termination (return value 0)
		Usr 0 02:42:48, Sys 0 00:06:31  -  Run Remote Usage
		Usr 0 00:00:00, Sys 0 00:00:00  -  Run Local Usage
		Usr 0 02:42:48, Sys 0 00:06:31  -  Total Remote Usage
		Usr 0 00:00:00, Sys 0 00:00:00  -  Total Local Usage
	24788842  -  Run Bytes Sent By Job
	1780307328  -  Run Bytes Received By Job
	24788842  -  Total Bytes Sent By Job
	1780307328  -  Total Bytes Received By Job
	Partitionable Resources :      Usage  Request Allocated 
	   Cpus                 :       0.95        1         1 
	   Disk (KB)            : 6853961    20971520  21267104 
	   Ioheavy              :                             0 
	   Memory (MB)          :   20466       20480     20480 
...
