000 (112070778.023.000) 05/02 11:04:42 Job submitted from host: <128.104.100.44:9618?addrs=128.104.100.44-9618+[2607-f388-107c-501-90e2-baff-fe2c-2724]-9618&noUDP&sock=4699_0235_3>
...
001 (112070778.023.000) 05/03 07:25:20 Job executing on host: <128.105.245.214:9618?addrs=128.105.245.214-9618&noUDP&sock=5455_4137_3>
...
006 (112070778.023.000) 05/03 07:25:31 Image size of job updated: 628
	1  -  MemoryUsage of job (MB)
	628  -  ResidentSetSize of job (KB)
...
006 (112070778.023.000) 05/03 07:30:33 Image size of job updated: 632
	1  -  MemoryUsage of job (MB)
	632  -  ResidentSetSize of job (KB)
...
006 (112070778.023.000) 05/03 07:35:34 Image size of job updated: 287624
	205  -  MemoryUsage of job (MB)
	209636  -  ResidentSetSize of job (KB)
...
006 (112070778.023.000) 05/03 07:40:34 Image size of job updated: 607356
	517  -  MemoryUsage of job (MB)
	529360  -  ResidentSetSize of job (KB)
...
006 (112070778.023.000) 05/03 07:45:34 Image size of job updated: 1011840
	912  -  MemoryUsage of job (MB)
	933788  -  ResidentSetSize of job (KB)
...
006 (112070778.023.000) 05/03 07:50:36 Image size of job updated: 1528812
	1417  -  MemoryUsage of job (MB)
	1450760  -  ResidentSetSize of job (KB)
...
006 (112070778.023.000) 05/03 07:55:35 Image size of job updated: 2103440
	1978  -  MemoryUsage of job (MB)
	2025388  -  ResidentSetSize of job (KB)
...
006 (112070778.023.000) 05/03 08:00:35 Image size of job updated: 2756624
	2616  -  MemoryUsage of job (MB)
	2678572  -  ResidentSetSize of job (KB)
...
006 (112070778.023.000) 05/03 08:05:36 Image size of job updated: 3558888
	3400  -  MemoryUsage of job (MB)
	3480836  -  ResidentSetSize of job (KB)
...
006 (112070778.023.000) 05/03 08:10:37 Image size of job updated: 4366480
	4188  -  MemoryUsage of job (MB)
	4288428  -  ResidentSetSize of job (KB)
...
006 (112070778.023.000) 05/03 08:15:38 Image size of job updated: 5124960
	4929  -  MemoryUsage of job (MB)
	5046908  -  ResidentSetSize of job (KB)
...
006 (112070778.023.000) 05/03 08:20:38 Image size of job updated: 5980440
	5765  -  MemoryUsage of job (MB)
	5902388  -  ResidentSetSize of job (KB)
...
006 (112070778.023.000) 05/03 08:25:39 Image size of job updated: 6684112
	6452  -  MemoryUsage of job (MB)
	6606060  -  ResidentSetSize of job (KB)
...
006 (112070778.023.000) 05/03 08:30:40 Image size of job updated: 7352472
	7104  -  MemoryUsage of job (MB)
	7274420  -  ResidentSetSize of job (KB)
...
006 (112070778.023.000) 05/03 08:35:40 Image size of job updated: 8142700
	7876  -  MemoryUsage of job (MB)
	8064648  -  ResidentSetSize of job (KB)
...
006 (112070778.023.000) 05/03 08:40:41 Image size of job updated: 8847896
	8565  -  MemoryUsage of job (MB)
	8769844  -  ResidentSetSize of job (KB)
...
006 (112070778.023.000) 05/03 08:45:42 Image size of job updated: 9557256
	9258  -  MemoryUsage of job (MB)
	9479204  -  ResidentSetSize of job (KB)
...
006 (112070778.023.000) 05/03 08:50:42 Image size of job updated: 10124028
	9811  -  MemoryUsage of job (MB)
	10045976  -  ResidentSetSize of job (KB)
...
006 (112070778.023.000) 05/03 08:55:44 Image size of job updated: 10698356
	10372  -  MemoryUsage of job (MB)
	10620304  -  ResidentSetSize of job (KB)
...
006 (112070778.023.000) 05/03 09:00:44 Image size of job updated: 11278852
	10939  -  MemoryUsage of job (MB)
	11200800  -  ResidentSetSize of job (KB)
...
006 (112070778.023.000) 05/03 09:05:45 Image size of job updated: 11910076
	11555  -  MemoryUsage of job (MB)
	11832024  -  ResidentSetSize of job (KB)
...
006 (112070778.023.000) 05/03 09:10:45 Image size of job updated: 12529884
	12160  -  MemoryUsage of job (MB)
	12451832  -  ResidentSetSize of job (KB)
...
006 (112070778.023.000) 05/03 09:15:47 Image size of job updated: 13156096
	12772  -  MemoryUsage of job (MB)
	13078044  -  ResidentSetSize of job (KB)
...
006 (112070778.023.000) 05/03 09:20:48 Image size of job updated: 13808868
	13409  -  MemoryUsage of job (MB)
	13730816  -  ResidentSetSize of job (KB)
...
006 (112070778.023.000) 05/03 09:25:48 Image size of job updated: 14377248
	13965  -  MemoryUsage of job (MB)
	14299196  -  ResidentSetSize of job (KB)
...
006 (112070778.023.000) 05/03 09:30:48 Image size of job updated: 14890292
	14466  -  MemoryUsage of job (MB)
	14812240  -  ResidentSetSize of job (KB)
...
006 (112070778.023.000) 05/03 09:35:49 Image size of job updated: 15525412
	15086  -  MemoryUsage of job (MB)
	15447360  -  ResidentSetSize of job (KB)
...
006 (112070778.023.000) 05/03 09:40:50 Image size of job updated: 16226488
	15770  -  MemoryUsage of job (MB)
	16148436  -  ResidentSetSize of job (KB)
...
006 (112070778.023.000) 05/03 09:45:50 Image size of job updated: 16792020
	16323  -  MemoryUsage of job (MB)
	16713968  -  ResidentSetSize of job (KB)
...
006 (112070778.023.000) 05/03 09:50:51 Image size of job updated: 17311728
	16828  -  MemoryUsage of job (MB)
	17231820  -  ResidentSetSize of job (KB)
...
006 (112070778.023.000) 05/03 09:55:52 Image size of job updated: 17645304
	17149  -  MemoryUsage of job (MB)
	17559932  -  ResidentSetSize of job (KB)
...
006 (112070778.023.000) 05/03 10:00:52 Image size of job updated: 18003276
	17490  -  MemoryUsage of job (MB)
	17909408  -  ResidentSetSize of job (KB)
...
006 (112070778.023.000) 05/03 10:05:53 Image size of job updated: 18480864
	17943  -  MemoryUsage of job (MB)
	18372976  -  ResidentSetSize of job (KB)
...
006 (112070778.023.000) 05/03 10:10:54 Image size of job updated: 18961364
	18399  -  MemoryUsage of job (MB)
	18839608  -  ResidentSetSize of job (KB)
...
006 (112070778.023.000) 05/03 10:15:54 Image size of job updated: 19569804
	18965  -  MemoryUsage of job (MB)
	19419404  -  ResidentSetSize of job (KB)
...
006 (112070778.023.000) 05/03 10:20:57 Image size of job updated: 20107768
	19462  -  MemoryUsage of job (MB)
	19928216  -  ResidentSetSize of job (KB)
...
006 (112070778.023.000) 05/03 10:25:55 Image size of job updated: 20476776
	19775  -  MemoryUsage of job (MB)
	20248944  -  ResidentSetSize of job (KB)
...
006 (112070778.023.000) 05/03 10:30:56 Image size of job updated: 20794692
	20013  -  MemoryUsage of job (MB)
	20492456  -  ResidentSetSize of job (KB)
...
006 (112070778.023.000) 05/03 10:35:56 Image size of job updated: 21121748
	20213  -  MemoryUsage of job (MB)
	20698088  -  ResidentSetSize of job (KB)
...
006 (112070778.023.000) 05/03 10:40:56 Image size of job updated: 21275096
	20287  -  MemoryUsage of job (MB)
	20773448  -  ResidentSetSize of job (KB)
...
006 (112070778.023.000) 05/03 10:45:56 Image size of job updated: 21420000
	20368  -  MemoryUsage of job (MB)
	20855876  -  ResidentSetSize of job (KB)
...
006 (112070778.023.000) 05/03 10:50:59 Image size of job updated: 21489364
	20384  -  MemoryUsage of job (MB)
	20873152  -  ResidentSetSize of job (KB)
...
006 (112070778.023.000) 05/03 10:55:58 Image size of job updated: 21572856
	20400  -  MemoryUsage of job (MB)
	20888952  -  ResidentSetSize of job (KB)
...
006 (112070778.023.000) 05/03 11:00:59 Image size of job updated: 21732256
	20444  -  MemoryUsage of job (MB)
	20933660  -  ResidentSetSize of job (KB)
...
006 (112070778.023.000) 05/03 11:06:00 Image size of job updated: 21792116
	20444  -  MemoryUsage of job (MB)
	20934044  -  ResidentSetSize of job (KB)
...
006 (112070778.023.000) 05/03 11:11:00 Image size of job updated: 21967408
	20444  -  MemoryUsage of job (MB)
	20934044  -  ResidentSetSize of job (KB)
...
006 (112070778.023.000) 05/03 11:16:01 Image size of job updated: 22483424
	20449  -  MemoryUsage of job (MB)
	20938988  -  ResidentSetSize of job (KB)
...
006 (112070778.023.000) 05/03 11:21:01 Image size of job updated: 23046852
	20449  -  MemoryUsage of job (MB)
	20938988  -  ResidentSetSize of job (KB)
...
005 (112070778.023.000) 05/03 11:21:23 Job terminated.
	(1) Normal termination (return value 0)
		Usr 0 02:40:33, Sys 0 00:07:34  -  Run Remote Usage
		Usr 0 00:00:00, Sys 0 00:00:00  -  Run Local Usage
		Usr 0 02:40:33, Sys 0 00:07:34  -  Total Remote Usage
		Usr 0 00:00:00, Sys 0 00:00:00  -  Total Local Usage
	24372408  -  Run Bytes Sent By Job
	1780307328  -  Run Bytes Received By Job
	24372408  -  Total Bytes Sent By Job
	1780307328  -  Total Bytes Received By Job
	Partitionable Resources :      Usage  Request Allocated 
	   Cpus                 :       1.00        1         1 
	   Disk (KB)            : 6853554    20971520  21157532 
	   Ioheavy              :                             0 
	   Memory (MB)          :   20449       20480     20480 
...
