000 (111523238.196.000) 04/26 11:15:00 Job submitted from host: <128.104.100.44:9618?addrs=128.104.100.44-9618+[2607-f388-107c-501-90e2-baff-fe2c-2724]-9618&noUDP&sock=4699_0235_3>
...
001 (111523238.196.000) 04/26 16:02:14 Job executing on host: <128.105.245.184:9618?addrs=128.105.245.184-9618&noUDP&sock=5452_326e_3>
...
006 (111523238.196.000) 04/26 16:02:23 Image size of job updated: 620
	1  -  MemoryUsage of job (MB)
	620  -  ResidentSetSize of job (KB)
...
006 (111523238.196.000) 04/26 16:07:25 Image size of job updated: 648
	1  -  MemoryUsage of job (MB)
	648  -  ResidentSetSize of job (KB)
...
006 (111523238.196.000) 04/26 16:12:25 Image size of job updated: 652
	1  -  MemoryUsage of job (MB)
	652  -  ResidentSetSize of job (KB)
...
006 (111523238.196.000) 04/26 16:22:25 Image size of job updated: 668
	1  -  MemoryUsage of job (MB)
	668  -  ResidentSetSize of job (KB)
...
006 (111523238.196.000) 04/26 16:27:26 Image size of job updated: 433188
	347  -  MemoryUsage of job (MB)
	355192  -  ResidentSetSize of job (KB)
...
006 (111523238.196.000) 04/26 16:32:26 Image size of job updated: 889232
	793  -  MemoryUsage of job (MB)
	811180  -  ResidentSetSize of job (KB)
...
006 (111523238.196.000) 04/26 16:37:27 Image size of job updated: 1405624
	1297  -  MemoryUsage of job (MB)
	1327572  -  ResidentSetSize of job (KB)
...
006 (111523238.196.000) 04/26 16:42:28 Image size of job updated: 2140576
	2015  -  MemoryUsage of job (MB)
	2062524  -  ResidentSetSize of job (KB)
...
006 (111523238.196.000) 04/26 16:47:29 Image size of job updated: 2952696
	2808  -  MemoryUsage of job (MB)
	2874644  -  ResidentSetSize of job (KB)
...
006 (111523238.196.000) 04/26 16:52:30 Image size of job updated: 3840120
	3674  -  MemoryUsage of job (MB)
	3762068  -  ResidentSetSize of job (KB)
...
006 (111523238.196.000) 04/26 16:57:30 Image size of job updated: 4435052
	4255  -  MemoryUsage of job (MB)
	4357000  -  ResidentSetSize of job (KB)
...
006 (111523238.196.000) 04/26 17:02:30 Image size of job updated: 5004704
	4812  -  MemoryUsage of job (MB)
	4926652  -  ResidentSetSize of job (KB)
...
006 (111523238.196.000) 04/26 17:07:33 Image size of job updated: 5706096
	5497  -  MemoryUsage of job (MB)
	5628044  -  ResidentSetSize of job (KB)
...
006 (111523238.196.000) 04/26 17:12:31 Image size of job updated: 6128088
	5909  -  MemoryUsage of job (MB)
	6050036  -  ResidentSetSize of job (KB)
...
006 (111523238.196.000) 04/26 17:17:33 Image size of job updated: 6714700
	6482  -  MemoryUsage of job (MB)
	6636648  -  ResidentSetSize of job (KB)
...
006 (111523238.196.000) 04/26 17:22:32 Image size of job updated: 7339168
	7091  -  MemoryUsage of job (MB)
	7261116  -  ResidentSetSize of job (KB)
...
006 (111523238.196.000) 04/26 17:27:33 Image size of job updated: 7910712
	7650  -  MemoryUsage of job (MB)
	7832660  -  ResidentSetSize of job (KB)
...
006 (111523238.196.000) 04/26 17:32:34 Image size of job updated: 8688012
	8409  -  MemoryUsage of job (MB)
	8609960  -  ResidentSetSize of job (KB)
...
006 (111523238.196.000) 04/26 17:37:34 Image size of job updated: 9469576
	9172  -  MemoryUsage of job (MB)
	9391524  -  ResidentSetSize of job (KB)
...
006 (111523238.196.000) 04/26 17:42:34 Image size of job updated: 10329568
	10012  -  MemoryUsage of job (MB)
	10251516  -  ResidentSetSize of job (KB)
...
006 (111523238.196.000) 04/26 17:47:34 Image size of job updated: 11088220
	10753  -  MemoryUsage of job (MB)
	11010168  -  ResidentSetSize of job (KB)
...
006 (111523238.196.000) 04/26 17:52:35 Image size of job updated: 11893832
	11539  -  MemoryUsage of job (MB)
	11815780  -  ResidentSetSize of job (KB)
...
006 (111523238.196.000) 04/26 17:57:35 Image size of job updated: 12673476
	12301  -  MemoryUsage of job (MB)
	12595424  -  ResidentSetSize of job (KB)
...
006 (111523238.196.000) 04/26 18:02:36 Image size of job updated: 13427664
	13037  -  MemoryUsage of job (MB)
	13349612  -  ResidentSetSize of job (KB)
...
006 (111523238.196.000) 04/26 18:07:37 Image size of job updated: 14092672
	13687  -  MemoryUsage of job (MB)
	14014620  -  ResidentSetSize of job (KB)
...
006 (111523238.196.000) 04/26 18:12:38 Image size of job updated: 14933808
	14508  -  MemoryUsage of job (MB)
	14855756  -  ResidentSetSize of job (KB)
...
006 (111523238.196.000) 04/26 18:17:38 Image size of job updated: 15720060
	15275  -  MemoryUsage of job (MB)
	15640736  -  ResidentSetSize of job (KB)
...
006 (111523238.196.000) 04/26 18:22:38 Image size of job updated: 16345540
	15878  -  MemoryUsage of job (MB)
	16258768  -  ResidentSetSize of job (KB)
...
006 (111523238.196.000) 04/26 18:27:39 Image size of job updated: 17051100
	16554  -  MemoryUsage of job (MB)
	16950292  -  ResidentSetSize of job (KB)
...
006 (111523238.196.000) 04/26 18:32:40 Image size of job updated: 17707276
	17179  -  MemoryUsage of job (MB)
	17591284  -  ResidentSetSize of job (KB)
...
006 (111523238.196.000) 04/26 18:37:40 Image size of job updated: 18561612
	18009  -  MemoryUsage of job (MB)
	18440544  -  ResidentSetSize of job (KB)
...
006 (111523238.196.000) 04/26 18:42:40 Image size of job updated: 19460428
	18885  -  MemoryUsage of job (MB)
	19337988  -  ResidentSetSize of job (KB)
...
006 (111523238.196.000) 04/26 18:47:41 Image size of job updated: 20230340
	19574  -  MemoryUsage of job (MB)
	20042952  -  ResidentSetSize of job (KB)
...
006 (111523238.196.000) 04/26 18:52:41 Image size of job updated: 20952116
	20069  -  MemoryUsage of job (MB)
	20550636  -  ResidentSetSize of job (KB)
...
006 (111523238.196.000) 04/26 18:57:41 Image size of job updated: 21729160
	20458  -  MemoryUsage of job (MB)
	20948844  -  ResidentSetSize of job (KB)
...
006 (111523238.196.000) 04/26 19:02:42 Image size of job updated: 22296120
	20459  -  MemoryUsage of job (MB)
	20949212  -  ResidentSetSize of job (KB)
...
006 (111523238.196.000) 04/26 19:07:43 Image size of job updated: 22908664
	20459  -  MemoryUsage of job (MB)
	20949212  -  ResidentSetSize of job (KB)
...
006 (111523238.196.000) 04/26 19:11:42 Image size of job updated: 23093848
	20459  -  MemoryUsage of job (MB)
	20949212  -  ResidentSetSize of job (KB)
...
005 (111523238.196.000) 04/26 19:11:44 Job terminated.
	(1) Normal termination (return value 0)
		Usr 0 02:18:04, Sys 0 00:02:11  -  Run Remote Usage
		Usr 0 00:00:00, Sys 0 00:00:00  -  Run Local Usage
		Usr 0 02:18:04, Sys 0 00:02:11  -  Total Remote Usage
		Usr 0 00:00:00, Sys 0 00:00:00  -  Total Local Usage
	22418412  -  Run Bytes Sent By Job
	1780294400  -  Run Bytes Received By Job
	22418412  -  Total Bytes Sent By Job
	1780294400  -  Total Bytes Received By Job
	Partitionable Resources :      Usage  Request Allocated 
	   Cpus                 :       0.06        1         1 
	   Disk (KB)            : 6851621    20971520  21464140 
	   Ioheavy              :                             0 
	   Memory (MB)          :   20459       20480     20480 
...
