000 (111523238.104.000) 04/26 11:15:00 Job submitted from host: <128.104.100.44:9618?addrs=128.104.100.44-9618+[2607-f388-107c-501-90e2-baff-fe2c-2724]-9618&noUDP&sock=4699_0235_3>
...
001 (111523238.104.000) 04/26 13:12:20 Job executing on host: <128.105.245.252:9618?addrs=128.105.245.252-9618&noUDP&sock=14560_8705_25>
...
006 (111523238.104.000) 04/26 13:12:29 Image size of job updated: 624
	1  -  MemoryUsage of job (MB)
	624  -  ResidentSetSize of job (KB)
...
006 (111523238.104.000) 04/26 13:17:30 Image size of job updated: 309944
	227  -  MemoryUsage of job (MB)
	231948  -  ResidentSetSize of job (KB)
...
006 (111523238.104.000) 04/26 13:22:31 Image size of job updated: 694052
	602  -  MemoryUsage of job (MB)
	616056  -  ResidentSetSize of job (KB)
...
006 (111523238.104.000) 04/26 13:27:31 Image size of job updated: 1174024
	1071  -  MemoryUsage of job (MB)
	1095972  -  ResidentSetSize of job (KB)
...
006 (111523238.104.000) 04/26 13:32:31 Image size of job updated: 1784472
	1667  -  MemoryUsage of job (MB)
	1706420  -  ResidentSetSize of job (KB)
...
006 (111523238.104.000) 04/26 13:37:32 Image size of job updated: 2461080
	2328  -  MemoryUsage of job (MB)
	2383028  -  ResidentSetSize of job (KB)
...
006 (111523238.104.000) 04/26 13:42:32 Image size of job updated: 3355288
	3201  -  MemoryUsage of job (MB)
	3277236  -  ResidentSetSize of job (KB)
...
006 (111523238.104.000) 04/26 13:47:33 Image size of job updated: 4200292
	4026  -  MemoryUsage of job (MB)
	4122240  -  ResidentSetSize of job (KB)
...
006 (111523238.104.000) 04/26 13:52:34 Image size of job updated: 5139340
	4943  -  MemoryUsage of job (MB)
	5061288  -  ResidentSetSize of job (KB)
...
006 (111523238.104.000) 04/26 13:57:35 Image size of job updated: 5916780
	5702  -  MemoryUsage of job (MB)
	5838728  -  ResidentSetSize of job (KB)
...
006 (111523238.104.000) 04/26 14:02:35 Image size of job updated: 6551208
	6322  -  MemoryUsage of job (MB)
	6473156  -  ResidentSetSize of job (KB)
...
006 (111523238.104.000) 04/26 14:07:35 Image size of job updated: 7357636
	7109  -  MemoryUsage of job (MB)
	7279584  -  ResidentSetSize of job (KB)
...
006 (111523238.104.000) 04/26 14:12:36 Image size of job updated: 8308576
	8038  -  MemoryUsage of job (MB)
	8230524  -  ResidentSetSize of job (KB)
...
006 (111523238.104.000) 04/26 14:17:37 Image size of job updated: 9083260
	8795  -  MemoryUsage of job (MB)
	9005208  -  ResidentSetSize of job (KB)
...
006 (111523238.104.000) 04/26 14:22:38 Image size of job updated: 9926448
	9618  -  MemoryUsage of job (MB)
	9848396  -  ResidentSetSize of job (KB)
...
006 (111523238.104.000) 04/26 14:27:38 Image size of job updated: 10722524
	10395  -  MemoryUsage of job (MB)
	10644472  -  ResidentSetSize of job (KB)
...
006 (111523238.104.000) 04/26 14:32:39 Image size of job updated: 11498732
	11154  -  MemoryUsage of job (MB)
	11420680  -  ResidentSetSize of job (KB)
...
006 (111523238.104.000) 04/26 14:37:40 Image size of job updated: 12275336
	11912  -  MemoryUsage of job (MB)
	12197284  -  ResidentSetSize of job (KB)
...
006 (111523238.104.000) 04/26 14:42:39 Image size of job updated: 12907140
	12529  -  MemoryUsage of job (MB)
	12829088  -  ResidentSetSize of job (KB)
...
006 (111523238.104.000) 04/26 14:47:40 Image size of job updated: 13654336
	13259  -  MemoryUsage of job (MB)
	13576284  -  ResidentSetSize of job (KB)
...
006 (111523238.104.000) 04/26 14:52:41 Image size of job updated: 14519020
	14103  -  MemoryUsage of job (MB)
	14440968  -  ResidentSetSize of job (KB)
...
006 (111523238.104.000) 04/26 14:57:42 Image size of job updated: 14963024
	14537  -  MemoryUsage of job (MB)
	14884972  -  ResidentSetSize of job (KB)
...
006 (111523238.104.000) 04/26 15:02:42 Image size of job updated: 15704708
	15261  -  MemoryUsage of job (MB)
	15626656  -  ResidentSetSize of job (KB)
...
006 (111523238.104.000) 04/26 15:07:43 Image size of job updated: 16350736
	15890  -  MemoryUsage of job (MB)
	16271128  -  ResidentSetSize of job (KB)
...
006 (111523238.104.000) 04/26 15:12:43 Image size of job updated: 17172564
	16687  -  MemoryUsage of job (MB)
	17087368  -  ResidentSetSize of job (KB)
...
006 (111523238.104.000) 04/26 15:17:43 Image size of job updated: 17973652
	17455  -  MemoryUsage of job (MB)
	17872988  -  ResidentSetSize of job (KB)
...
006 (111523238.104.000) 04/26 15:22:44 Image size of job updated: 18863876
	18298  -  MemoryUsage of job (MB)
	18736988  -  ResidentSetSize of job (KB)
...
006 (111523238.104.000) 04/26 15:27:45 Image size of job updated: 19756416
	19162  -  MemoryUsage of job (MB)
	19621724  -  ResidentSetSize of job (KB)
...
006 (111523238.104.000) 04/26 15:32:46 Image size of job updated: 20505648
	19871  -  MemoryUsage of job (MB)
	20347796  -  ResidentSetSize of job (KB)
...
006 (111523238.104.000) 04/26 15:37:46 Image size of job updated: 21290052
	20407  -  MemoryUsage of job (MB)
	20896056  -  ResidentSetSize of job (KB)
...
006 (111523238.104.000) 04/26 15:42:46 Image size of job updated: 21787332
	20447  -  MemoryUsage of job (MB)
	20937076  -  ResidentSetSize of job (KB)
...
006 (111523238.104.000) 04/26 15:47:46 Image size of job updated: 22106988
	20451  -  MemoryUsage of job (MB)
	20941764  -  ResidentSetSize of job (KB)
...
006 (111523238.104.000) 04/26 15:52:47 Image size of job updated: 22264164
	20451  -  MemoryUsage of job (MB)
	20941816  -  ResidentSetSize of job (KB)
...
006 (111523238.104.000) 04/26 15:57:48 Image size of job updated: 22501376
	20453  -  MemoryUsage of job (MB)
	20942976  -  ResidentSetSize of job (KB)
...
006 (111523238.104.000) 04/26 16:02:49 Image size of job updated: 22638368
	20453  -  MemoryUsage of job (MB)
	20942976  -  ResidentSetSize of job (KB)
...
006 (111523238.104.000) 04/26 16:07:49 Image size of job updated: 22846988
	20453  -  MemoryUsage of job (MB)
	20942976  -  ResidentSetSize of job (KB)
...
006 (111523238.104.000) 04/26 16:12:49 Image size of job updated: 22960680
	20453  -  MemoryUsage of job (MB)
	20942976  -  ResidentSetSize of job (KB)
...
006 (111523238.104.000) 04/26 16:17:49 Image size of job updated: 23169216
	20460  -  MemoryUsage of job (MB)
	20950408  -  ResidentSetSize of job (KB)
...
006 (111523238.104.000) 04/26 16:22:49 Image size of job updated: 23395860
	20460  -  MemoryUsage of job (MB)
	20950408  -  ResidentSetSize of job (KB)
...
006 (111523238.104.000) 04/26 16:27:50 Image size of job updated: 23767424
	20460  -  MemoryUsage of job (MB)
	20950408  -  ResidentSetSize of job (KB)
...
006 (111523238.104.000) 04/26 16:32:51 Image size of job updated: 24131568
	20460  -  MemoryUsage of job (MB)
	20950408  -  ResidentSetSize of job (KB)
...
006 (111523238.104.000) 04/26 16:37:51 Image size of job updated: 24635676
	20460  -  MemoryUsage of job (MB)
	20950408  -  ResidentSetSize of job (KB)
...
006 (111523238.104.000) 04/26 16:42:52 Image size of job updated: 25190752
	20460  -  MemoryUsage of job (MB)
	20950408  -  ResidentSetSize of job (KB)
...
006 (111523238.104.000) 04/26 16:47:53 Image size of job updated: 25654972
	20460  -  MemoryUsage of job (MB)
	20950408  -  ResidentSetSize of job (KB)
...
006 (111523238.104.000) 04/26 16:48:46 Image size of job updated: 25659216
	20460  -  MemoryUsage of job (MB)
	20950408  -  ResidentSetSize of job (KB)
...
005 (111523238.104.000) 04/26 16:48:49 Job terminated.
	(1) Normal termination (return value 0)
		Usr 0 02:33:35, Sys 0 00:02:42  -  Run Remote Usage
		Usr 0 00:00:00, Sys 0 00:00:00  -  Run Local Usage
		Usr 0 02:33:35, Sys 0 00:02:42  -  Total Remote Usage
		Usr 0 00:00:00, Sys 0 00:00:00  -  Total Local Usage
	25345378  -  Run Bytes Sent By Job
	1780294400  -  Run Bytes Received By Job
	25345378  -  Total Bytes Sent By Job
	1780294400  -  Total Bytes Received By Job
	Partitionable Resources :      Usage  Request Allocated 
	   Cpus                 :       1.00        1         1 
	   Disk (KB)            : 6893887    20971520  21224134 
	   Ioheavy              :                             0 
	   Memory (MB)          :   20460       20480     20480 
...
