000 (111523238.021.000) 04/26 11:15:00 Job submitted from host: <128.104.100.44:9618?addrs=128.104.100.44-9618+[2607-f388-107c-501-90e2-baff-fe2c-2724]-9618&noUDP&sock=4699_0235_3>
...
001 (111523238.021.000) 04/26 11:46:39 Job executing on host: <128.105.245.189:9618?addrs=128.105.245.189-9618&noUDP&sock=5433_2a21_3>
...
006 (111523238.021.000) 04/26 11:46:48 Image size of job updated: 644
	1  -  MemoryUsage of job (MB)
	644  -  ResidentSetSize of job (KB)
...
006 (111523238.021.000) 04/26 11:51:49 Image size of job updated: 51128
	26  -  MemoryUsage of job (MB)
	26044  -  ResidentSetSize of job (KB)
...
006 (111523238.021.000) 04/26 11:56:50 Image size of job updated: 665196
	574  -  MemoryUsage of job (MB)
	587200  -  ResidentSetSize of job (KB)
...
006 (111523238.021.000) 04/26 12:01:51 Image size of job updated: 1176352
	1073  -  MemoryUsage of job (MB)
	1098300  -  ResidentSetSize of job (KB)
...
006 (111523238.021.000) 04/26 12:06:52 Image size of job updated: 1807556
	1689  -  MemoryUsage of job (MB)
	1729504  -  ResidentSetSize of job (KB)
...
006 (111523238.021.000) 04/26 12:11:52 Image size of job updated: 2643148
	2505  -  MemoryUsage of job (MB)
	2565096  -  ResidentSetSize of job (KB)
...
006 (111523238.021.000) 04/26 12:16:52 Image size of job updated: 3401140
	3246  -  MemoryUsage of job (MB)
	3323088  -  ResidentSetSize of job (KB)
...
006 (111523238.021.000) 04/26 12:21:53 Image size of job updated: 4348400
	4171  -  MemoryUsage of job (MB)
	4270348  -  ResidentSetSize of job (KB)
...
006 (111523238.021.000) 04/26 12:26:54 Image size of job updated: 5237024
	5039  -  MemoryUsage of job (MB)
	5158972  -  ResidentSetSize of job (KB)
...
006 (111523238.021.000) 04/26 12:31:54 Image size of job updated: 6111212
	5892  -  MemoryUsage of job (MB)
	6033160  -  ResidentSetSize of job (KB)
...
006 (111523238.021.000) 04/26 12:36:54 Image size of job updated: 6959180
	6720  -  MemoryUsage of job (MB)
	6881128  -  ResidentSetSize of job (KB)
...
006 (111523238.021.000) 04/26 12:41:55 Image size of job updated: 7726004
	7469  -  MemoryUsage of job (MB)
	7647952  -  ResidentSetSize of job (KB)
...
006 (111523238.021.000) 04/26 12:46:55 Image size of job updated: 8476108
	8202  -  MemoryUsage of job (MB)
	8398056  -  ResidentSetSize of job (KB)
...
006 (111523238.021.000) 04/26 12:51:55 Image size of job updated: 9206140
	8915  -  MemoryUsage of job (MB)
	9128088  -  ResidentSetSize of job (KB)
...
006 (111523238.021.000) 04/26 12:56:55 Image size of job updated: 9993784
	9684  -  MemoryUsage of job (MB)
	9915732  -  ResidentSetSize of job (KB)
...
006 (111523238.021.000) 04/26 13:01:56 Image size of job updated: 10743048
	10416  -  MemoryUsage of job (MB)
	10664996  -  ResidentSetSize of job (KB)
...
006 (111523238.021.000) 04/26 13:06:56 Image size of job updated: 11563044
	11216  -  MemoryUsage of job (MB)
	11484992  -  ResidentSetSize of job (KB)
...
006 (111523238.021.000) 04/26 13:11:56 Image size of job updated: 12387584
	12022  -  MemoryUsage of job (MB)
	12309532  -  ResidentSetSize of job (KB)
...
006 (111523238.021.000) 04/26 13:16:57 Image size of job updated: 13160228
	12776  -  MemoryUsage of job (MB)
	13082176  -  ResidentSetSize of job (KB)
...
006 (111523238.021.000) 04/26 13:21:58 Image size of job updated: 13885416
	13484  -  MemoryUsage of job (MB)
	13807364  -  ResidentSetSize of job (KB)
...
006 (111523238.021.000) 04/26 13:26:58 Image size of job updated: 14608384
	14190  -  MemoryUsage of job (MB)
	14530332  -  ResidentSetSize of job (KB)
...
006 (111523238.021.000) 04/26 13:31:59 Image size of job updated: 15280168
	14846  -  MemoryUsage of job (MB)
	15202116  -  ResidentSetSize of job (KB)
...
006 (111523238.021.000) 04/26 13:37:00 Image size of job updated: 16050828
	15597  -  MemoryUsage of job (MB)
	15970964  -  ResidentSetSize of job (KB)
...
006 (111523238.021.000) 04/26 13:42:00 Image size of job updated: 16559312
	16076  -  MemoryUsage of job (MB)
	16461584  -  ResidentSetSize of job (KB)
...
006 (111523238.021.000) 04/26 13:47:00 Image size of job updated: 17377480
	16850  -  MemoryUsage of job (MB)
	17254340  -  ResidentSetSize of job (KB)
...
006 (111523238.021.000) 04/26 13:52:01 Image size of job updated: 18057356
	17488  -  MemoryUsage of job (MB)
	17907456  -  ResidentSetSize of job (KB)
...
006 (111523238.021.000) 04/26 13:57:02 Image size of job updated: 18865404
	18231  -  MemoryUsage of job (MB)
	18668372  -  ResidentSetSize of job (KB)
...
006 (111523238.021.000) 04/26 14:02:03 Image size of job updated: 19740936
	19038  -  MemoryUsage of job (MB)
	19494704  -  ResidentSetSize of job (KB)
...
006 (111523238.021.000) 04/26 14:07:03 Image size of job updated: 20450292
	19641  -  MemoryUsage of job (MB)
	20112204  -  ResidentSetSize of job (KB)
...
006 (111523238.021.000) 04/26 14:12:03 Image size of job updated: 21248092
	20163  -  MemoryUsage of job (MB)
	20645928  -  ResidentSetSize of job (KB)
...
006 (111523238.021.000) 04/26 14:17:04 Image size of job updated: 22114440
	20448  -  MemoryUsage of job (MB)
	20938284  -  ResidentSetSize of job (KB)
...
006 (111523238.021.000) 04/26 14:22:04 Image size of job updated: 22881652
	20450  -  MemoryUsage of job (MB)
	20940148  -  ResidentSetSize of job (KB)
...
006 (111523238.021.000) 04/26 14:23:44 Image size of job updated: 23096884
	20450  -  MemoryUsage of job (MB)
	20940148  -  ResidentSetSize of job (KB)
...
005 (111523238.021.000) 04/26 14:23:46 Job terminated.
	(1) Normal termination (return value 0)
		Usr 0 02:20:32, Sys 0 00:02:07  -  Run Remote Usage
		Usr 0 00:00:00, Sys 0 00:00:00  -  Run Local Usage
		Usr 0 02:20:32, Sys 0 00:02:07  -  Total Remote Usage
		Usr 0 00:00:00, Sys 0 00:00:00  -  Total Local Usage
	22213434  -  Run Bytes Sent By Job
	1780294400  -  Run Bytes Received By Job
	22213434  -  Total Bytes Sent By Job
	1780294400  -  Total Bytes Received By Job
	Partitionable Resources :      Usage  Request Allocated 
	   Cpus                 :       1.00        1         1 
	   Disk (KB)            : 6851421    20971520  21278017 
	   Ioheavy              :                             0 
	   Memory (MB)          :   20450       20480     20480 
...
