000 (111523238.050.000) 04/26 11:15:00 Job submitted from host: <128.104.100.44:9618?addrs=128.104.100.44-9618+[2607-f388-107c-501-90e2-baff-fe2c-2724]-9618&noUDP&sock=4699_0235_3>
...
001 (111523238.050.000) 04/26 12:17:52 Job executing on host: <128.105.245.201:9618?addrs=128.105.245.201-9618&noUDP&sock=5415_d16d_29>
...
006 (111523238.050.000) 04/26 12:18:04 Image size of job updated: 616
	1  -  MemoryUsage of job (MB)
	616  -  ResidentSetSize of job (KB)
...
006 (111523238.050.000) 04/26 12:23:04 Image size of job updated: 624
	1  -  MemoryUsage of job (MB)
	624  -  ResidentSetSize of job (KB)
...
006 (111523238.050.000) 04/26 12:33:07 Image size of job updated: 628
	1  -  MemoryUsage of job (MB)
	628  -  ResidentSetSize of job (KB)
...
006 (111523238.050.000) 04/26 12:38:13 Image size of job updated: 648
	1  -  MemoryUsage of job (MB)
	648  -  ResidentSetSize of job (KB)
...
006 (111523238.050.000) 04/26 13:08:14 Image size of job updated: 656
	1  -  MemoryUsage of job (MB)
	656  -  ResidentSetSize of job (KB)
...
006 (111523238.050.000) 04/26 13:13:10 Image size of job updated: 664
	1  -  MemoryUsage of job (MB)
	664  -  ResidentSetSize of job (KB)
...
006 (111523238.050.000) 04/26 13:33:14 Image size of job updated: 277948
	196  -  MemoryUsage of job (MB)
	199960  -  ResidentSetSize of job (KB)
...
006 (111523238.050.000) 04/26 13:38:15 Image size of job updated: 330688
	247  -  MemoryUsage of job (MB)
	252692  -  ResidentSetSize of job (KB)
...
006 (111523238.050.000) 04/26 13:43:16 Image size of job updated: 405752
	321  -  MemoryUsage of job (MB)
	327756  -  ResidentSetSize of job (KB)
...
006 (111523238.050.000) 04/26 13:48:16 Image size of job updated: 497256
	410  -  MemoryUsage of job (MB)
	419260  -  ResidentSetSize of job (KB)
...
006 (111523238.050.000) 04/26 13:53:17 Image size of job updated: 620256
	530  -  MemoryUsage of job (MB)
	542260  -  ResidentSetSize of job (KB)
...
006 (111523238.050.000) 04/26 13:58:17 Image size of job updated: 881896
	786  -  MemoryUsage of job (MB)
	803844  -  ResidentSetSize of job (KB)
...
006 (111523238.050.000) 04/26 14:03:18 Image size of job updated: 1330588
	1224  -  MemoryUsage of job (MB)
	1252536  -  ResidentSetSize of job (KB)
...
006 (111523238.050.000) 04/26 14:08:18 Image size of job updated: 1994916
	1872  -  MemoryUsage of job (MB)
	1916864  -  ResidentSetSize of job (KB)
...
006 (111523238.050.000) 04/26 14:13:18 Image size of job updated: 2453252
	2320  -  MemoryUsage of job (MB)
	2375200  -  ResidentSetSize of job (KB)
...
006 (111523238.050.000) 04/26 14:18:19 Image size of job updated: 2818476
	2677  -  MemoryUsage of job (MB)
	2740424  -  ResidentSetSize of job (KB)
...
006 (111523238.050.000) 04/26 14:23:26 Image size of job updated: 3164232
	3014  -  MemoryUsage of job (MB)
	3086180  -  ResidentSetSize of job (KB)
...
006 (111523238.050.000) 04/26 14:28:21 Image size of job updated: 3702444
	3540  -  MemoryUsage of job (MB)
	3624392  -  ResidentSetSize of job (KB)
...
006 (111523238.050.000) 04/26 14:33:25 Image size of job updated: 5035180
	4841  -  MemoryUsage of job (MB)
	4957128  -  ResidentSetSize of job (KB)
...
006 (111523238.050.000) 04/26 14:38:23 Image size of job updated: 6256628
	6034  -  MemoryUsage of job (MB)
	6178576  -  ResidentSetSize of job (KB)
...
006 (111523238.050.000) 04/26 14:43:23 Image size of job updated: 7501608
	7250  -  MemoryUsage of job (MB)
	7423556  -  ResidentSetSize of job (KB)
...
006 (111523238.050.000) 04/26 14:48:27 Image size of job updated: 8484364
	8210  -  MemoryUsage of job (MB)
	8406312  -  ResidentSetSize of job (KB)
...
006 (111523238.050.000) 04/26 14:53:25 Image size of job updated: 9250624
	8958  -  MemoryUsage of job (MB)
	9172572  -  ResidentSetSize of job (KB)
...
006 (111523238.050.000) 04/26 14:58:25 Image size of job updated: 10381516
	10062  -  MemoryUsage of job (MB)
	10303464  -  ResidentSetSize of job (KB)
...
006 (111523238.050.000) 04/26 15:03:25 Image size of job updated: 11437328
	11094  -  MemoryUsage of job (MB)
	11359276  -  ResidentSetSize of job (KB)
...
006 (111523238.050.000) 04/26 15:08:25 Image size of job updated: 12291164
	11927  -  MemoryUsage of job (MB)
	12213112  -  ResidentSetSize of job (KB)
...
006 (111523238.050.000) 04/26 15:13:25 Image size of job updated: 12798464
	12423  -  MemoryUsage of job (MB)
	12720412  -  ResidentSetSize of job (KB)
...
006 (111523238.050.000) 04/26 15:18:25 Image size of job updated: 13841968
	13442  -  MemoryUsage of job (MB)
	13763916  -  ResidentSetSize of job (KB)
...
006 (111523238.050.000) 04/26 15:23:26 Image size of job updated: 14972048
	14545  -  MemoryUsage of job (MB)
	14893996  -  ResidentSetSize of job (KB)
...
006 (111523238.050.000) 04/26 15:28:27 Image size of job updated: 15784484
	15337  -  MemoryUsage of job (MB)
	15705024  -  ResidentSetSize of job (KB)
...
006 (111523238.050.000) 04/26 15:33:27 Image size of job updated: 16549456
	16080  -  MemoryUsage of job (MB)
	16465212  -  ResidentSetSize of job (KB)
...
006 (111523238.050.000) 04/26 15:38:29 Image size of job updated: 17385992
	16891  -  MemoryUsage of job (MB)
	17295540  -  ResidentSetSize of job (KB)
...
006 (111523238.050.000) 04/26 15:43:27 Image size of job updated: 18195132
	17675  -  MemoryUsage of job (MB)
	18098384  -  ResidentSetSize of job (KB)
...
006 (111523238.050.000) 04/26 15:48:27 Image size of job updated: 18952852
	18411  -  MemoryUsage of job (MB)
	18852056  -  ResidentSetSize of job (KB)
...
006 (111523238.050.000) 04/26 15:53:27 Image size of job updated: 19519672
	18958  -  MemoryUsage of job (MB)
	19411972  -  ResidentSetSize of job (KB)
...
006 (111523238.050.000) 04/26 15:58:27 Image size of job updated: 19932980
	19349  -  MemoryUsage of job (MB)
	19813308  -  ResidentSetSize of job (KB)
...
006 (111523238.050.000) 04/26 16:03:28 Image size of job updated: 20162560
	19563  -  MemoryUsage of job (MB)
	20031500  -  ResidentSetSize of job (KB)
...
006 (111523238.050.000) 04/26 16:08:30 Image size of job updated: 20476448
	19847  -  MemoryUsage of job (MB)
	20322764  -  ResidentSetSize of job (KB)
...
006 (111523238.050.000) 04/26 16:13:33 Image size of job updated: 20942936
	20222  -  MemoryUsage of job (MB)
	20706808  -  ResidentSetSize of job (KB)
...
006 (111523238.050.000) 04/26 16:18:32 Image size of job updated: 21380876
	20441  -  MemoryUsage of job (MB)
	20931316  -  ResidentSetSize of job (KB)
...
006 (111523238.050.000) 04/26 16:23:35 Image size of job updated: 21605776
	20442  -  MemoryUsage of job (MB)
	20932256  -  ResidentSetSize of job (KB)
...
006 (111523238.050.000) 04/26 16:28:32 Image size of job updated: 22043172
	20466  -  MemoryUsage of job (MB)
	20956224  -  ResidentSetSize of job (KB)
...
006 (111523238.050.000) 04/26 16:33:36 Image size of job updated: 22210324
	20466  -  MemoryUsage of job (MB)
	20956224  -  ResidentSetSize of job (KB)
...
006 (111523238.050.000) 04/26 16:38:34 Image size of job updated: 22476284
	20466  -  MemoryUsage of job (MB)
	20956224  -  ResidentSetSize of job (KB)
...
006 (111523238.050.000) 04/26 16:43:34 Image size of job updated: 22746480
	20466  -  MemoryUsage of job (MB)
	20956780  -  ResidentSetSize of job (KB)
...
006 (111523238.050.000) 04/26 16:48:35 Image size of job updated: 22858492
	20466  -  MemoryUsage of job (MB)
	20956780  -  ResidentSetSize of job (KB)
...
006 (111523238.050.000) 04/26 16:53:35 Image size of job updated: 22961056
	20466  -  MemoryUsage of job (MB)
	20956780  -  ResidentSetSize of job (KB)
...
006 (111523238.050.000) 04/26 16:57:18 Image size of job updated: 23072136
	20466  -  MemoryUsage of job (MB)
	20956780  -  ResidentSetSize of job (KB)
...
005 (111523238.050.000) 04/26 16:57:21 Job terminated.
	(1) Normal termination (return value 0)
		Usr 0 01:42:01, Sys 0 00:03:24  -  Run Remote Usage
		Usr 0 00:00:00, Sys 0 00:00:00  -  Run Local Usage
		Usr 0 01:42:01, Sys 0 00:03:24  -  Total Remote Usage
		Usr 0 00:00:00, Sys 0 00:00:00  -  Total Local Usage
	22332604  -  Run Bytes Sent By Job
	1780294400  -  Run Bytes Received By Job
	22332604  -  Total Bytes Sent By Job
	1780294400  -  Total Bytes Received By Job
	Partitionable Resources :      Usage  Request Allocated 
	   Cpus                 :       0.13        1         1 
	   Disk (KB)            : 6851537    20971520  21204754 
	   Ioheavy              :                             0 
	   Memory (MB)          :   20466       20480     20480 
...
