000 (111523238.047.000) 04/26 11:15:00 Job submitted from host: <128.104.100.44:9618?addrs=128.104.100.44-9618+[2607-f388-107c-501-90e2-baff-fe2c-2724]-9618&noUDP&sock=4699_0235_3>
...
001 (111523238.047.000) 04/26 12:04:55 Job executing on host: <128.105.245.158:9618?addrs=128.105.245.158-9618&noUDP&sock=5419_8fce_3>
...
006 (111523238.047.000) 04/26 12:05:21 Image size of job updated: 624
	1  -  MemoryUsage of job (MB)
	624  -  ResidentSetSize of job (KB)
...
006 (111523238.047.000) 04/26 12:10:05 Image size of job updated: 656
	1  -  MemoryUsage of job (MB)
	656  -  ResidentSetSize of job (KB)
...
006 (111523238.047.000) 04/26 12:15:05 Image size of job updated: 513720
	426  -  MemoryUsage of job (MB)
	435720  -  ResidentSetSize of job (KB)
...
006 (111523238.047.000) 04/26 12:20:06 Image size of job updated: 856368
	761  -  MemoryUsage of job (MB)
	778312  -  ResidentSetSize of job (KB)
...
006 (111523238.047.000) 04/26 12:25:05 Image size of job updated: 1331556
	1225  -  MemoryUsage of job (MB)
	1253500  -  ResidentSetSize of job (KB)
...
006 (111523238.047.000) 04/26 12:30:05 Image size of job updated: 1900748
	1780  -  MemoryUsage of job (MB)
	1822692  -  ResidentSetSize of job (KB)
...
006 (111523238.047.000) 04/26 12:35:06 Image size of job updated: 2393624
	2262  -  MemoryUsage of job (MB)
	2315568  -  ResidentSetSize of job (KB)
...
006 (111523238.047.000) 04/26 12:40:07 Image size of job updated: 3244356
	3093  -  MemoryUsage of job (MB)
	3166300  -  ResidentSetSize of job (KB)
...
006 (111523238.047.000) 04/26 12:45:08 Image size of job updated: 4133188
	3961  -  MemoryUsage of job (MB)
	4055132  -  ResidentSetSize of job (KB)
...
006 (111523238.047.000) 04/26 12:50:08 Image size of job updated: 4963216
	4771  -  MemoryUsage of job (MB)
	4885160  -  ResidentSetSize of job (KB)
...
006 (111523238.047.000) 04/26 12:55:08 Image size of job updated: 5711612
	5502  -  MemoryUsage of job (MB)
	5633556  -  ResidentSetSize of job (KB)
...
006 (111523238.047.000) 04/26 13:00:09 Image size of job updated: 6424268
	6198  -  MemoryUsage of job (MB)
	6346212  -  ResidentSetSize of job (KB)
...
006 (111523238.047.000) 04/26 13:05:10 Image size of job updated: 7067840
	6826  -  MemoryUsage of job (MB)
	6989784  -  ResidentSetSize of job (KB)
...
006 (111523238.047.000) 04/26 13:10:11 Image size of job updated: 7880488
	7620  -  MemoryUsage of job (MB)
	7802432  -  ResidentSetSize of job (KB)
...
006 (111523238.047.000) 04/26 13:15:12 Image size of job updated: 8733252
	8453  -  MemoryUsage of job (MB)
	8655196  -  ResidentSetSize of job (KB)
...
006 (111523238.047.000) 04/26 13:20:12 Image size of job updated: 9624660
	9323  -  MemoryUsage of job (MB)
	9546604  -  ResidentSetSize of job (KB)
...
006 (111523238.047.000) 04/26 13:25:12 Image size of job updated: 10363828
	10045  -  MemoryUsage of job (MB)
	10285772  -  ResidentSetSize of job (KB)
...
006 (111523238.047.000) 04/26 13:30:12 Image size of job updated: 10952332
	10620  -  MemoryUsage of job (MB)
	10874276  -  ResidentSetSize of job (KB)
...
006 (111523238.047.000) 04/26 13:35:13 Image size of job updated: 11531012
	11185  -  MemoryUsage of job (MB)
	11452956  -  ResidentSetSize of job (KB)
...
006 (111523238.047.000) 04/26 13:40:14 Image size of job updated: 12185976
	11825  -  MemoryUsage of job (MB)
	12107920  -  ResidentSetSize of job (KB)
...
006 (111523238.047.000) 04/26 13:45:15 Image size of job updated: 12917452
	12539  -  MemoryUsage of job (MB)
	12839396  -  ResidentSetSize of job (KB)
...
006 (111523238.047.000) 04/26 13:50:16 Image size of job updated: 13594268
	13200  -  MemoryUsage of job (MB)
	13516212  -  ResidentSetSize of job (KB)
...
006 (111523238.047.000) 04/26 13:55:15 Image size of job updated: 14122744
	13716  -  MemoryUsage of job (MB)
	14044688  -  ResidentSetSize of job (KB)
...
006 (111523238.047.000) 04/26 14:00:15 Image size of job updated: 14879724
	14455  -  MemoryUsage of job (MB)
	14801668  -  ResidentSetSize of job (KB)
...
006 (111523238.047.000) 04/26 14:05:16 Image size of job updated: 15532444
	15092  -  MemoryUsage of job (MB)
	15454132  -  ResidentSetSize of job (KB)
...
006 (111523238.047.000) 04/26 14:10:16 Image size of job updated: 16269512
	15809  -  MemoryUsage of job (MB)
	16187988  -  ResidentSetSize of job (KB)
...
006 (111523238.047.000) 04/26 14:15:16 Image size of job updated: 16846216
	16370  -  MemoryUsage of job (MB)
	16761940  -  ResidentSetSize of job (KB)
...
006 (111523238.047.000) 04/26 14:20:17 Image size of job updated: 17572164
	17076  -  MemoryUsage of job (MB)
	17485668  -  ResidentSetSize of job (KB)
...
006 (111523238.047.000) 04/26 14:25:17 Image size of job updated: 18165476
	17654  -  MemoryUsage of job (MB)
	18076980  -  ResidentSetSize of job (KB)
...
006 (111523238.047.000) 04/26 14:30:17 Image size of job updated: 18794820
	18266  -  MemoryUsage of job (MB)
	18703412  -  ResidentSetSize of job (KB)
...
006 (111523238.047.000) 04/26 14:35:18 Image size of job updated: 19435840
	18886  -  MemoryUsage of job (MB)
	19338428  -  ResidentSetSize of job (KB)
...
006 (111523238.047.000) 04/26 14:40:18 Image size of job updated: 20108892
	19524  -  MemoryUsage of job (MB)
	19992176  -  ResidentSetSize of job (KB)
...
006 (111523238.047.000) 04/26 14:45:19 Image size of job updated: 20806480
	20170  -  MemoryUsage of job (MB)
	20653776  -  ResidentSetSize of job (KB)
...
006 (111523238.047.000) 04/26 14:50:20 Image size of job updated: 21278904
	20415  -  MemoryUsage of job (MB)
	20904128  -  ResidentSetSize of job (KB)
...
006 (111523238.047.000) 04/26 14:55:20 Image size of job updated: 21836800
	20443  -  MemoryUsage of job (MB)
	20933088  -  ResidentSetSize of job (KB)
...
006 (111523238.047.000) 04/26 15:00:20 Image size of job updated: 22224224
	20443  -  MemoryUsage of job (MB)
	20933088  -  ResidentSetSize of job (KB)
...
006 (111523238.047.000) 04/26 15:05:21 Image size of job updated: 22841260
	20455  -  MemoryUsage of job (MB)
	20945684  -  ResidentSetSize of job (KB)
...
005 (111523238.047.000) 04/26 15:08:27 Job terminated.
	(1) Normal termination (return value 0)
		Usr 0 02:18:31, Sys 0 00:02:13  -  Run Remote Usage
		Usr 0 00:00:00, Sys 0 00:00:00  -  Run Local Usage
		Usr 0 02:18:31, Sys 0 00:02:13  -  Total Remote Usage
		Usr 0 00:00:00, Sys 0 00:00:00  -  Total Local Usage
	22487276  -  Run Bytes Sent By Job
	1780294400  -  Run Bytes Received By Job
	22487276  -  Total Bytes Sent By Job
	1780294400  -  Total Bytes Received By Job
	Partitionable Resources :      Usage  Request Allocated 
	   Cpus                 :       0.58        1         1 
	   Disk (KB)            : 6851688    20971520  21383713 
	   Ioheavy              :                             0 
	   Memory (MB)          :   20455       20480     20480 
...
