000 (111523238.145.000) 04/26 11:15:00 Job submitted from host: <128.104.100.44:9618?addrs=128.104.100.44-9618+[2607-f388-107c-501-90e2-baff-fe2c-2724]-9618&noUDP&sock=4699_0235_3>
...
001 (111523238.145.000) 04/26 14:51:59 Job executing on host: <128.105.245.230:9618?addrs=128.105.245.230-9618&noUDP&sock=5412_c2a4_3>
...
006 (111523238.145.000) 04/26 14:52:07 Image size of job updated: 628
	1  -  MemoryUsage of job (MB)
	628  -  ResidentSetSize of job (KB)
...
006 (111523238.145.000) 04/26 14:57:09 Image size of job updated: 632
	1  -  MemoryUsage of job (MB)
	632  -  ResidentSetSize of job (KB)
...
006 (111523238.145.000) 04/26 15:02:22 Image size of job updated: 652
	1  -  MemoryUsage of job (MB)
	652  -  ResidentSetSize of job (KB)
...
006 (111523238.145.000) 04/26 15:12:10 Image size of job updated: 668
	1  -  MemoryUsage of job (MB)
	668  -  ResidentSetSize of job (KB)
...
006 (111523238.145.000) 04/26 15:17:12 Image size of job updated: 628004
	538  -  MemoryUsage of job (MB)
	550008  -  ResidentSetSize of job (KB)
...
006 (111523238.145.000) 04/26 15:22:12 Image size of job updated: 1068064
	967  -  MemoryUsage of job (MB)
	990012  -  ResidentSetSize of job (KB)
...
006 (111523238.145.000) 04/26 15:27:12 Image size of job updated: 1661456
	1547  -  MemoryUsage of job (MB)
	1583404  -  ResidentSetSize of job (KB)
...
006 (111523238.145.000) 04/26 15:32:14 Image size of job updated: 2288704
	2159  -  MemoryUsage of job (MB)
	2210652  -  ResidentSetSize of job (KB)
...
006 (111523238.145.000) 04/26 15:37:14 Image size of job updated: 2969132
	2824  -  MemoryUsage of job (MB)
	2891080  -  ResidentSetSize of job (KB)
...
006 (111523238.145.000) 04/26 15:42:16 Image size of job updated: 3821732
	3656  -  MemoryUsage of job (MB)
	3743680  -  ResidentSetSize of job (KB)
...
006 (111523238.145.000) 04/26 15:47:18 Image size of job updated: 4709424
	4523  -  MemoryUsage of job (MB)
	4631372  -  ResidentSetSize of job (KB)
...
006 (111523238.145.000) 04/26 15:52:16 Image size of job updated: 5422276
	5219  -  MemoryUsage of job (MB)
	5344224  -  ResidentSetSize of job (KB)
...
006 (111523238.145.000) 04/26 15:57:17 Image size of job updated: 6275136
	6052  -  MemoryUsage of job (MB)
	6197084  -  ResidentSetSize of job (KB)
...
006 (111523238.145.000) 04/26 16:02:17 Image size of job updated: 7058824
	6818  -  MemoryUsage of job (MB)
	6980772  -  ResidentSetSize of job (KB)
...
006 (111523238.145.000) 04/26 16:07:17 Image size of job updated: 7861332
	7601  -  MemoryUsage of job (MB)
	7783280  -  ResidentSetSize of job (KB)
...
006 (111523238.145.000) 04/26 16:12:18 Image size of job updated: 8496752
	8222  -  MemoryUsage of job (MB)
	8418700  -  ResidentSetSize of job (KB)
...
006 (111523238.145.000) 04/26 16:17:18 Image size of job updated: 9255580
	8963  -  MemoryUsage of job (MB)
	9177528  -  ResidentSetSize of job (KB)
...
006 (111523238.145.000) 04/26 16:22:19 Image size of job updated: 9996132
	9686  -  MemoryUsage of job (MB)
	9918080  -  ResidentSetSize of job (KB)
...
006 (111523238.145.000) 04/26 16:27:20 Image size of job updated: 10707836
	10381  -  MemoryUsage of job (MB)
	10629784  -  ResidentSetSize of job (KB)
...
006 (111523238.145.000) 04/26 16:32:20 Image size of job updated: 11352312
	11011  -  MemoryUsage of job (MB)
	11274260  -  ResidentSetSize of job (KB)
...
006 (111523238.145.000) 04/26 16:37:21 Image size of job updated: 11999424
	11642  -  MemoryUsage of job (MB)
	11921372  -  ResidentSetSize of job (KB)
...
006 (111523238.145.000) 04/26 16:42:22 Image size of job updated: 12530268
	12161  -  MemoryUsage of job (MB)
	12452216  -  ResidentSetSize of job (KB)
...
006 (111523238.145.000) 04/26 16:47:22 Image size of job updated: 12767848
	12393  -  MemoryUsage of job (MB)
	12689796  -  ResidentSetSize of job (KB)
...
006 (111523238.145.000) 04/26 16:52:22 Image size of job updated: 12999784
	12619  -  MemoryUsage of job (MB)
	12921732  -  ResidentSetSize of job (KB)
...
006 (111523238.145.000) 04/26 16:57:23 Image size of job updated: 13471260
	13080  -  MemoryUsage of job (MB)
	13393208  -  ResidentSetSize of job (KB)
...
006 (111523238.145.000) 04/26 17:02:24 Image size of job updated: 14057600
	13652  -  MemoryUsage of job (MB)
	13979548  -  ResidentSetSize of job (KB)
...
006 (111523238.145.000) 04/26 17:07:24 Image size of job updated: 14836632
	14413  -  MemoryUsage of job (MB)
	14758580  -  ResidentSetSize of job (KB)
...
006 (111523238.145.000) 04/26 17:12:25 Image size of job updated: 15522820
	15081  -  MemoryUsage of job (MB)
	15442460  -  ResidentSetSize of job (KB)
...
006 (111523238.145.000) 04/26 17:17:27 Image size of job updated: 16306296
	15844  -  MemoryUsage of job (MB)
	16223808  -  ResidentSetSize of job (KB)
...
006 (111523238.145.000) 04/26 17:22:26 Image size of job updated: 17075492
	16594  -  MemoryUsage of job (MB)
	16991720  -  ResidentSetSize of job (KB)
...
006 (111523238.145.000) 04/26 17:27:27 Image size of job updated: 17781856
	17282  -  MemoryUsage of job (MB)
	17696148  -  ResidentSetSize of job (KB)
...
006 (111523238.145.000) 04/26 17:32:27 Image size of job updated: 18228176
	17716  -  MemoryUsage of job (MB)
	18140352  -  ResidentSetSize of job (KB)
...
006 (111523238.145.000) 04/26 17:37:28 Image size of job updated: 18851236
	18321  -  MemoryUsage of job (MB)
	18760496  -  ResidentSetSize of job (KB)
...
006 (111523238.145.000) 04/26 17:42:28 Image size of job updated: 19350620
	18802  -  MemoryUsage of job (MB)
	19252528  -  ResidentSetSize of job (KB)
...
006 (111523238.145.000) 04/26 17:47:28 Image size of job updated: 19965452
	19383  -  MemoryUsage of job (MB)
	19848144  -  ResidentSetSize of job (KB)
...
006 (111523238.145.000) 04/26 17:52:29 Image size of job updated: 20621100
	19935  -  MemoryUsage of job (MB)
	20413172  -  ResidentSetSize of job (KB)
...
006 (111523238.145.000) 04/26 17:57:29 Image size of job updated: 21391056
	20463  -  MemoryUsage of job (MB)
	20953756  -  ResidentSetSize of job (KB)
...
006 (111523238.145.000) 04/26 18:02:30 Image size of job updated: 21873968
	20463  -  MemoryUsage of job (MB)
	20953756  -  ResidentSetSize of job (KB)
...
006 (111523238.145.000) 04/26 18:07:30 Image size of job updated: 22407084
	20464  -  MemoryUsage of job (MB)
	20954816  -  ResidentSetSize of job (KB)
...
006 (111523238.145.000) 04/26 18:12:31 Image size of job updated: 22996096
	20465  -  MemoryUsage of job (MB)
	20955372  -  ResidentSetSize of job (KB)
...
006 (111523238.145.000) 04/26 18:13:19 Image size of job updated: 23093008
	20465  -  MemoryUsage of job (MB)
	20955372  -  ResidentSetSize of job (KB)
...
005 (111523238.145.000) 04/26 18:13:21 Job terminated.
	(1) Normal termination (return value 0)
		Usr 0 02:30:41, Sys 0 00:02:54  -  Run Remote Usage
		Usr 0 00:00:00, Sys 0 00:00:00  -  Run Local Usage
		Usr 0 02:30:41, Sys 0 00:02:54  -  Total Remote Usage
		Usr 0 00:00:00, Sys 0 00:00:00  -  Total Local Usage
	22198216  -  Run Bytes Sent By Job
	1780294400  -  Run Bytes Received By Job
	22198216  -  Total Bytes Sent By Job
	1780294400  -  Total Bytes Received By Job
	Partitionable Resources :      Usage  Request Allocated 
	   Cpus                 :       1.14        1         1 
	   Disk (KB)            : 6851407    20971520  21367294 
	   Ioheavy              :                             0 
	   Memory (MB)          :   20465       20480     20480 
...
