000 (111523238.153.000) 04/26 11:15:00 Job submitted from host: <128.104.100.44:9618?addrs=128.104.100.44-9618+[2607-f388-107c-501-90e2-baff-fe2c-2724]-9618&noUDP&sock=4699_0235_3>
...
001 (111523238.153.000) 04/26 15:02:28 Job executing on host: <128.105.245.243:9618?addrs=128.105.245.243-9618&noUDP&sock=5430_1b59_3>
...
006 (111523238.153.000) 04/26 15:02:37 Image size of job updated: 628
	1  -  MemoryUsage of job (MB)
	628  -  ResidentSetSize of job (KB)
...
006 (111523238.153.000) 04/26 15:07:38 Image size of job updated: 668
	1  -  MemoryUsage of job (MB)
	668  -  ResidentSetSize of job (KB)
...
006 (111523238.153.000) 04/26 15:12:39 Image size of job updated: 675140
	584  -  MemoryUsage of job (MB)
	597144  -  ResidentSetSize of job (KB)
...
006 (111523238.153.000) 04/26 15:17:40 Image size of job updated: 1206804
	1103  -  MemoryUsage of job (MB)
	1128752  -  ResidentSetSize of job (KB)
...
006 (111523238.153.000) 04/26 15:22:41 Image size of job updated: 1884364
	1764  -  MemoryUsage of job (MB)
	1806312  -  ResidentSetSize of job (KB)
...
006 (111523238.153.000) 04/26 15:27:41 Image size of job updated: 2607496
	2471  -  MemoryUsage of job (MB)
	2529444  -  ResidentSetSize of job (KB)
...
006 (111523238.153.000) 04/26 15:32:41 Image size of job updated: 3410560
	3255  -  MemoryUsage of job (MB)
	3332508  -  ResidentSetSize of job (KB)
...
006 (111523238.153.000) 04/26 15:37:42 Image size of job updated: 4352464
	4175  -  MemoryUsage of job (MB)
	4274412  -  ResidentSetSize of job (KB)
...
006 (111523238.153.000) 04/26 15:42:43 Image size of job updated: 5223432
	5025  -  MemoryUsage of job (MB)
	5145380  -  ResidentSetSize of job (KB)
...
006 (111523238.153.000) 04/26 15:47:43 Image size of job updated: 6087780
	5869  -  MemoryUsage of job (MB)
	6009728  -  ResidentSetSize of job (KB)
...
006 (111523238.153.000) 04/26 15:52:44 Image size of job updated: 7019100
	6779  -  MemoryUsage of job (MB)
	6941048  -  ResidentSetSize of job (KB)
...
006 (111523238.153.000) 04/26 15:57:44 Image size of job updated: 7773728
	7516  -  MemoryUsage of job (MB)
	7695676  -  ResidentSetSize of job (KB)
...
006 (111523238.153.000) 04/26 16:02:44 Image size of job updated: 8674452
	8395  -  MemoryUsage of job (MB)
	8596400  -  ResidentSetSize of job (KB)
...
006 (111523238.153.000) 04/26 16:07:45 Image size of job updated: 9426816
	9130  -  MemoryUsage of job (MB)
	9348764  -  ResidentSetSize of job (KB)
...
006 (111523238.153.000) 04/26 16:12:45 Image size of job updated: 10191828
	9877  -  MemoryUsage of job (MB)
	10113776  -  ResidentSetSize of job (KB)
...
006 (111523238.153.000) 04/26 16:17:45 Image size of job updated: 10905060
	10574  -  MemoryUsage of job (MB)
	10827008  -  ResidentSetSize of job (KB)
...
006 (111523238.153.000) 04/26 16:22:45 Image size of job updated: 11685812
	11336  -  MemoryUsage of job (MB)
	11607760  -  ResidentSetSize of job (KB)
...
006 (111523238.153.000) 04/26 16:27:46 Image size of job updated: 12383964
	12018  -  MemoryUsage of job (MB)
	12305912  -  ResidentSetSize of job (KB)
...
006 (111523238.153.000) 04/26 16:32:47 Image size of job updated: 13167160
	12783  -  MemoryUsage of job (MB)
	13089108  -  ResidentSetSize of job (KB)
...
006 (111523238.153.000) 04/26 16:37:47 Image size of job updated: 13878068
	13477  -  MemoryUsage of job (MB)
	13800016  -  ResidentSetSize of job (KB)
...
006 (111523238.153.000) 04/26 16:42:48 Image size of job updated: 14609352
	14191  -  MemoryUsage of job (MB)
	14531300  -  ResidentSetSize of job (KB)
...
006 (111523238.153.000) 04/26 16:47:50 Image size of job updated: 15268152
	14835  -  MemoryUsage of job (MB)
	15190100  -  ResidentSetSize of job (KB)
...
006 (111523238.153.000) 04/26 16:52:50 Image size of job updated: 15996408
	15546  -  MemoryUsage of job (MB)
	15918244  -  ResidentSetSize of job (KB)
...
006 (111523238.153.000) 04/26 16:57:50 Image size of job updated: 16716028
	16247  -  MemoryUsage of job (MB)
	16635952  -  ResidentSetSize of job (KB)
...
006 (111523238.153.000) 04/26 17:02:51 Image size of job updated: 17393200
	16903  -  MemoryUsage of job (MB)
	17308252  -  ResidentSetSize of job (KB)
...
006 (111523238.153.000) 04/26 17:07:51 Image size of job updated: 18035652
	17526  -  MemoryUsage of job (MB)
	17946208  -  ResidentSetSize of job (KB)
...
006 (111523238.153.000) 04/26 17:12:51 Image size of job updated: 18836568
	18293  -  MemoryUsage of job (MB)
	18731976  -  ResidentSetSize of job (KB)
...
006 (111523238.153.000) 04/26 17:17:52 Image size of job updated: 19455120
	18870  -  MemoryUsage of job (MB)
	19322188  -  ResidentSetSize of job (KB)
...
006 (111523238.153.000) 04/26 17:22:53 Image size of job updated: 19931444
	19295  -  MemoryUsage of job (MB)
	19757880  -  ResidentSetSize of job (KB)
...
006 (111523238.153.000) 04/26 17:27:53 Image size of job updated: 20613012
	19781  -  MemoryUsage of job (MB)
	20255156  -  ResidentSetSize of job (KB)
...
006 (111523238.153.000) 04/26 17:32:53 Image size of job updated: 21304184
	20191  -  MemoryUsage of job (MB)
	20674776  -  ResidentSetSize of job (KB)
...
006 (111523238.153.000) 04/26 17:37:54 Image size of job updated: 21970712
	20393  -  MemoryUsage of job (MB)
	20881460  -  ResidentSetSize of job (KB)
...
006 (111523238.153.000) 04/26 17:42:56 Image size of job updated: 22672596
	20445  -  MemoryUsage of job (MB)
	20935580  -  ResidentSetSize of job (KB)
...
006 (111523238.153.000) 04/26 17:45:59 Image size of job updated: 22672596
	20446  -  MemoryUsage of job (MB)
	20935688  -  ResidentSetSize of job (KB)
...
005 (111523238.153.000) 04/26 17:46:01 Job terminated.
	(1) Normal termination (return value 0)
		Usr 0 02:30:50, Sys 0 00:02:24  -  Run Remote Usage
		Usr 0 00:00:00, Sys 0 00:00:00  -  Run Local Usage
		Usr 0 02:30:50, Sys 0 00:02:24  -  Total Remote Usage
		Usr 0 00:00:00, Sys 0 00:00:00  -  Total Local Usage
	22497248  -  Run Bytes Sent By Job
	1780294400  -  Run Bytes Received By Job
	22497248  -  Total Bytes Sent By Job
	1780294400  -  Total Bytes Received By Job
	Partitionable Resources :      Usage  Request Allocated 
	   Cpus                 :       1.07        1         1 
	   Disk (KB)            : 6851697    20971520  21325193 
	   Ioheavy              :                             0 
	   Memory (MB)          :   20446       20480     20480 
...
