000 (111523238.076.000) 04/26 11:15:00 Job submitted from host: <128.104.100.44:9618?addrs=128.104.100.44-9618+[2607-f388-107c-501-90e2-baff-fe2c-2724]-9618&noUDP&sock=4699_0235_3>
...
001 (111523238.076.000) 04/26 12:15:02 Job executing on host: <128.105.245.170:9618?addrs=128.105.245.170-9618&noUDP&sock=14695_57d0_3>
...
006 (111523238.076.000) 04/26 12:15:11 Image size of job updated: 636
	1  -  MemoryUsage of job (MB)
	636  -  ResidentSetSize of job (KB)
...
006 (111523238.076.000) 04/26 12:20:13 Image size of job updated: 664
	1  -  MemoryUsage of job (MB)
	664  -  ResidentSetSize of job (KB)
...
006 (111523238.076.000) 04/26 12:25:13 Image size of job updated: 680
	1  -  MemoryUsage of job (MB)
	680  -  ResidentSetSize of job (KB)
...
006 (111523238.076.000) 04/26 12:30:13 Image size of job updated: 608060
	518  -  MemoryUsage of job (MB)
	530064  -  ResidentSetSize of job (KB)
...
006 (111523238.076.000) 04/26 12:35:13 Image size of job updated: 1063472
	963  -  MemoryUsage of job (MB)
	985420  -  ResidentSetSize of job (KB)
...
006 (111523238.076.000) 04/26 12:40:15 Image size of job updated: 1703812
	1588  -  MemoryUsage of job (MB)
	1625760  -  ResidentSetSize of job (KB)
...
006 (111523238.076.000) 04/26 12:45:15 Image size of job updated: 2445208
	2312  -  MemoryUsage of job (MB)
	2367156  -  ResidentSetSize of job (KB)
...
006 (111523238.076.000) 04/26 12:50:15 Image size of job updated: 3380280
	3225  -  MemoryUsage of job (MB)
	3302228  -  ResidentSetSize of job (KB)
...
006 (111523238.076.000) 04/26 12:55:16 Image size of job updated: 4371372
	4193  -  MemoryUsage of job (MB)
	4293320  -  ResidentSetSize of job (KB)
...
006 (111523238.076.000) 04/26 13:00:16 Image size of job updated: 5281512
	5082  -  MemoryUsage of job (MB)
	5203460  -  ResidentSetSize of job (KB)
...
006 (111523238.076.000) 04/26 13:05:17 Image size of job updated: 6256252
	6034  -  MemoryUsage of job (MB)
	6178200  -  ResidentSetSize of job (KB)
...
006 (111523238.076.000) 04/26 13:10:17 Image size of job updated: 7207784
	6963  -  MemoryUsage of job (MB)
	7129732  -  ResidentSetSize of job (KB)
...
006 (111523238.076.000) 04/26 13:15:18 Image size of job updated: 8116600
	7851  -  MemoryUsage of job (MB)
	8038548  -  ResidentSetSize of job (KB)
...
006 (111523238.076.000) 04/26 13:20:19 Image size of job updated: 8905372
	8621  -  MemoryUsage of job (MB)
	8827320  -  ResidentSetSize of job (KB)
...
006 (111523238.076.000) 04/26 13:25:19 Image size of job updated: 9780160
	9475  -  MemoryUsage of job (MB)
	9702108  -  ResidentSetSize of job (KB)
...
006 (111523238.076.000) 04/26 13:30:20 Image size of job updated: 10559388
	10236  -  MemoryUsage of job (MB)
	10481336  -  ResidentSetSize of job (KB)
...
006 (111523238.076.000) 04/26 13:35:20 Image size of job updated: 11335296
	10994  -  MemoryUsage of job (MB)
	11257244  -  ResidentSetSize of job (KB)
...
006 (111523238.076.000) 04/26 13:40:22 Image size of job updated: 12118196
	11758  -  MemoryUsage of job (MB)
	12040144  -  ResidentSetSize of job (KB)
...
006 (111523238.076.000) 04/26 13:45:22 Image size of job updated: 12904312
	12526  -  MemoryUsage of job (MB)
	12826260  -  ResidentSetSize of job (KB)
...
006 (111523238.076.000) 04/26 13:50:22 Image size of job updated: 13647332
	13252  -  MemoryUsage of job (MB)
	13569280  -  ResidentSetSize of job (KB)
...
006 (111523238.076.000) 04/26 13:55:23 Image size of job updated: 14559896
	14143  -  MemoryUsage of job (MB)
	14481844  -  ResidentSetSize of job (KB)
...
006 (111523238.076.000) 04/26 14:00:23 Image size of job updated: 15409052
	14972  -  MemoryUsage of job (MB)
	15330872  -  ResidentSetSize of job (KB)
...
006 (111523238.076.000) 04/26 14:05:24 Image size of job updated: 16308236
	15849  -  MemoryUsage of job (MB)
	16228540  -  ResidentSetSize of job (KB)
...
006 (111523238.076.000) 04/26 14:10:25 Image size of job updated: 17269656
	16786  -  MemoryUsage of job (MB)
	17187948  -  ResidentSetSize of job (KB)
...
006 (111523238.076.000) 04/26 14:15:25 Image size of job updated: 18163820
	17655  -  MemoryUsage of job (MB)
	18078436  -  ResidentSetSize of job (KB)
...
006 (111523238.076.000) 04/26 14:20:25 Image size of job updated: 18944688
	18408  -  MemoryUsage of job (MB)
	18849332  -  ResidentSetSize of job (KB)
...
006 (111523238.076.000) 04/26 14:25:26 Image size of job updated: 19871752
	19296  -  MemoryUsage of job (MB)
	19759028  -  ResidentSetSize of job (KB)
...
006 (111523238.076.000) 04/26 14:30:27 Image size of job updated: 20810356
	20142  -  MemoryUsage of job (MB)
	20624860  -  ResidentSetSize of job (KB)
...
006 (111523238.076.000) 04/26 14:35:27 Image size of job updated: 21562152
	20423  -  MemoryUsage of job (MB)
	20912436  -  ResidentSetSize of job (KB)
...
006 (111523238.076.000) 04/26 14:40:28 Image size of job updated: 22256568
	20430  -  MemoryUsage of job (MB)
	20920020  -  ResidentSetSize of job (KB)
...
006 (111523238.076.000) 04/26 14:45:29 Image size of job updated: 23027184
	20431  -  MemoryUsage of job (MB)
	20920824  -  ResidentSetSize of job (KB)
...
006 (111523238.076.000) 04/26 14:50:29 Image size of job updated: 23844616
	20431  -  MemoryUsage of job (MB)
	20920824  -  ResidentSetSize of job (KB)
...
006 (111523238.076.000) 04/26 14:55:30 Image size of job updated: 24347980
	20439  -  MemoryUsage of job (MB)
	20928692  -  ResidentSetSize of job (KB)
...
006 (111523238.076.000) 04/26 15:00:30 Image size of job updated: 24790620
	20439  -  MemoryUsage of job (MB)
	20928772  -  ResidentSetSize of job (KB)
...
006 (111523238.076.000) 04/26 15:05:30 Image size of job updated: 25235604
	20440  -  MemoryUsage of job (MB)
	20929752  -  ResidentSetSize of job (KB)
...
006 (111523238.076.000) 04/26 15:10:24 Image size of job updated: 25657544
	20440  -  MemoryUsage of job (MB)
	20929752  -  ResidentSetSize of job (KB)
...
005 (111523238.076.000) 04/26 15:10:26 Job terminated.
	(1) Normal termination (return value 0)
		Usr 0 02:35:02, Sys 0 00:02:37  -  Run Remote Usage
		Usr 0 00:00:00, Sys 0 00:00:00  -  Run Local Usage
		Usr 0 02:35:02, Sys 0 00:02:37  -  Total Remote Usage
		Usr 0 00:00:00, Sys 0 00:00:00  -  Total Local Usage
	25680572  -  Run Bytes Sent By Job
	1780294400  -  Run Bytes Received By Job
	25680572  -  Total Bytes Sent By Job
	1780294400  -  Total Bytes Received By Job
	Partitionable Resources :      Usage  Request Allocated 
	   Cpus                 :       0.02        1         1 
	   Disk (KB)            : 6894213    20971520  21250375 
	   Ioheavy              :                             0 
	   Memory (MB)          :   20440       20480     20480 
...
