000 (111523238.113.000) 04/26 11:15:00 Job submitted from host: <128.104.100.44:9618?addrs=128.104.100.44-9618+[2607-f388-107c-501-90e2-baff-fe2c-2724]-9618&noUDP&sock=4699_0235_3>
...
001 (111523238.113.000) 04/26 13:57:11 Job executing on host: <128.105.245.151:9618?addrs=128.105.245.151-9618&noUDP&sock=13358_0e2f_3>
...
006 (111523238.113.000) 04/26 13:57:19 Image size of job updated: 640
	1  -  MemoryUsage of job (MB)
	640  -  ResidentSetSize of job (KB)
...
006 (111523238.113.000) 04/26 14:02:25 Image size of job updated: 664
	1  -  MemoryUsage of job (MB)
	664  -  ResidentSetSize of job (KB)
...
006 (111523238.113.000) 04/26 14:07:24 Image size of job updated: 676
	1  -  MemoryUsage of job (MB)
	676  -  ResidentSetSize of job (KB)
...
006 (111523238.113.000) 04/26 14:12:23 Image size of job updated: 352992
	269  -  MemoryUsage of job (MB)
	274996  -  ResidentSetSize of job (KB)
...
006 (111523238.113.000) 04/26 14:17:21 Image size of job updated: 856168
	760  -  MemoryUsage of job (MB)
	778116  -  ResidentSetSize of job (KB)
...
006 (111523238.113.000) 04/26 14:22:22 Image size of job updated: 1536124
	1424  -  MemoryUsage of job (MB)
	1458072  -  ResidentSetSize of job (KB)
...
006 (111523238.113.000) 04/26 14:27:24 Image size of job updated: 2312316
	2182  -  MemoryUsage of job (MB)
	2234264  -  ResidentSetSize of job (KB)
...
006 (111523238.113.000) 04/26 14:32:23 Image size of job updated: 3235980
	3084  -  MemoryUsage of job (MB)
	3157928  -  ResidentSetSize of job (KB)
...
006 (111523238.113.000) 04/26 14:37:24 Image size of job updated: 4317308
	4140  -  MemoryUsage of job (MB)
	4239256  -  ResidentSetSize of job (KB)
...
006 (111523238.113.000) 04/26 14:42:26 Image size of job updated: 5270040
	5071  -  MemoryUsage of job (MB)
	5191988  -  ResidentSetSize of job (KB)
...
006 (111523238.113.000) 04/26 14:47:26 Image size of job updated: 6291592
	6068  -  MemoryUsage of job (MB)
	6213540  -  ResidentSetSize of job (KB)
...
006 (111523238.113.000) 04/26 14:52:26 Image size of job updated: 7270696
	7025  -  MemoryUsage of job (MB)
	7192644  -  ResidentSetSize of job (KB)
...
006 (111523238.113.000) 04/26 14:57:27 Image size of job updated: 8307236
	8037  -  MemoryUsage of job (MB)
	8229184  -  ResidentSetSize of job (KB)
...
006 (111523238.113.000) 04/26 15:02:27 Image size of job updated: 9253224
	8961  -  MemoryUsage of job (MB)
	9175172  -  ResidentSetSize of job (KB)
...
006 (111523238.113.000) 04/26 15:07:27 Image size of job updated: 9928516
	9620  -  MemoryUsage of job (MB)
	9850464  -  ResidentSetSize of job (KB)
...
006 (111523238.113.000) 04/26 15:12:27 Image size of job updated: 10575764
	10252  -  MemoryUsage of job (MB)
	10497712  -  ResidentSetSize of job (KB)
...
006 (111523238.113.000) 04/26 15:17:28 Image size of job updated: 11305340
	10965  -  MemoryUsage of job (MB)
	11227288  -  ResidentSetSize of job (KB)
...
006 (111523238.113.000) 04/26 15:22:28 Image size of job updated: 11942780
	11587  -  MemoryUsage of job (MB)
	11864728  -  ResidentSetSize of job (KB)
...
006 (111523238.113.000) 04/26 15:27:28 Image size of job updated: 12559100
	12189  -  MemoryUsage of job (MB)
	12481048  -  ResidentSetSize of job (KB)
...
006 (111523238.113.000) 04/26 15:32:28 Image size of job updated: 13198768
	12814  -  MemoryUsage of job (MB)
	13120716  -  ResidentSetSize of job (KB)
...
006 (111523238.113.000) 04/26 15:37:30 Image size of job updated: 14046908
	13642  -  MemoryUsage of job (MB)
	13968856  -  ResidentSetSize of job (KB)
...
006 (111523238.113.000) 04/26 15:42:30 Image size of job updated: 14982696
	14556  -  MemoryUsage of job (MB)
	14904644  -  ResidentSetSize of job (KB)
...
006 (111523238.113.000) 04/26 15:47:30 Image size of job updated: 15743240
	15299  -  MemoryUsage of job (MB)
	15665188  -  ResidentSetSize of job (KB)
...
006 (111523238.113.000) 04/26 15:52:33 Image size of job updated: 16304160
	15846  -  MemoryUsage of job (MB)
	16226108  -  ResidentSetSize of job (KB)
...
006 (111523238.113.000) 04/26 15:57:32 Image size of job updated: 17044872
	16569  -  MemoryUsage of job (MB)
	16966176  -  ResidentSetSize of job (KB)
...
006 (111523238.113.000) 04/26 16:02:32 Image size of job updated: 17602600
	17113  -  MemoryUsage of job (MB)
	17523352  -  ResidentSetSize of job (KB)
...
006 (111523238.113.000) 04/26 16:07:32 Image size of job updated: 18155532
	17650  -  MemoryUsage of job (MB)
	18073112  -  ResidentSetSize of job (KB)
...
006 (111523238.113.000) 04/26 16:12:34 Image size of job updated: 18499468
	17981  -  MemoryUsage of job (MB)
	18411776  -  ResidentSetSize of job (KB)
...
006 (111523238.113.000) 04/26 16:17:34 Image size of job updated: 18949408
	18416  -  MemoryUsage of job (MB)
	18857716  -  ResidentSetSize of job (KB)
...
006 (111523238.113.000) 04/26 16:22:34 Image size of job updated: 19423124
	18878  -  MemoryUsage of job (MB)
	19330180  -  ResidentSetSize of job (KB)
...
006 (111523238.113.000) 04/26 16:27:36 Image size of job updated: 19770304
	19217  -  MemoryUsage of job (MB)
	19677200  -  ResidentSetSize of job (KB)
...
006 (111523238.113.000) 04/26 16:32:34 Image size of job updated: 19914104
	19350  -  MemoryUsage of job (MB)
	19813808  -  ResidentSetSize of job (KB)
...
006 (111523238.113.000) 04/26 16:37:35 Image size of job updated: 20230676
	19642  -  MemoryUsage of job (MB)
	20113348  -  ResidentSetSize of job (KB)
...
006 (111523238.113.000) 04/26 16:42:37 Image size of job updated: 20884192
	20221  -  MemoryUsage of job (MB)
	20705840  -  ResidentSetSize of job (KB)
...
006 (111523238.113.000) 04/26 16:47:37 Image size of job updated: 21258244
	20429  -  MemoryUsage of job (MB)
	20918420  -  ResidentSetSize of job (KB)
...
006 (111523238.113.000) 04/26 16:52:37 Image size of job updated: 22069764
	20459  -  MemoryUsage of job (MB)
	20949976  -  ResidentSetSize of job (KB)
...
006 (111523238.113.000) 04/26 16:57:38 Image size of job updated: 22593224
	20459  -  MemoryUsage of job (MB)
	20949976  -  ResidentSetSize of job (KB)
...
006 (111523238.113.000) 04/26 17:02:39 Image size of job updated: 22904792
	20459  -  MemoryUsage of job (MB)
	20949976  -  ResidentSetSize of job (KB)
...
006 (111523238.113.000) 04/26 17:07:40 Image size of job updated: 23131340
	20466  -  MemoryUsage of job (MB)
	20956232  -  ResidentSetSize of job (KB)
...
006 (111523238.113.000) 04/26 17:12:41 Image size of job updated: 23240036
	20466  -  MemoryUsage of job (MB)
	20956232  -  ResidentSetSize of job (KB)
...
006 (111523238.113.000) 04/26 17:17:41 Image size of job updated: 23311080
	20466  -  MemoryUsage of job (MB)
	20956232  -  ResidentSetSize of job (KB)
...
006 (111523238.113.000) 04/26 17:22:41 Image size of job updated: 23374620
	20466  -  MemoryUsage of job (MB)
	20956232  -  ResidentSetSize of job (KB)
...
006 (111523238.113.000) 04/26 17:27:42 Image size of job updated: 23546620
	20466  -  MemoryUsage of job (MB)
	20956232  -  ResidentSetSize of job (KB)
...
006 (111523238.113.000) 04/26 17:32:41 Image size of job updated: 23568872
	20466  -  MemoryUsage of job (MB)
	20956232  -  ResidentSetSize of job (KB)
...
006 (111523238.113.000) 04/26 17:37:42 Image size of job updated: 23600508
	20466  -  MemoryUsage of job (MB)
	20956232  -  ResidentSetSize of job (KB)
...
006 (111523238.113.000) 04/26 17:42:43 Image size of job updated: 23635952
	20466  -  MemoryUsage of job (MB)
	20956232  -  ResidentSetSize of job (KB)
...
006 (111523238.113.000) 04/26 17:47:44 Image size of job updated: 23678348
	20466  -  MemoryUsage of job (MB)
	20956232  -  ResidentSetSize of job (KB)
...
006 (111523238.113.000) 04/26 17:52:45 Image size of job updated: 23825972
	20466  -  MemoryUsage of job (MB)
	20956232  -  ResidentSetSize of job (KB)
...
006 (111523238.113.000) 04/26 17:57:45 Image size of job updated: 23936064
	20466  -  MemoryUsage of job (MB)
	20956232  -  ResidentSetSize of job (KB)
...
006 (111523238.113.000) 04/26 18:02:45 Image size of job updated: 23995584
	20466  -  MemoryUsage of job (MB)
	20956232  -  ResidentSetSize of job (KB)
...
006 (111523238.113.000) 04/26 18:07:46 Image size of job updated: 24053664
	20466  -  MemoryUsage of job (MB)
	20956232  -  ResidentSetSize of job (KB)
...
006 (111523238.113.000) 04/26 18:12:47 Image size of job updated: 24106300
	20466  -  MemoryUsage of job (MB)
	20956232  -  ResidentSetSize of job (KB)
...
006 (111523238.113.000) 04/26 18:17:48 Image size of job updated: 24153668
	20466  -  MemoryUsage of job (MB)
	20956232  -  ResidentSetSize of job (KB)
...
006 (111523238.113.000) 04/26 18:22:48 Image size of job updated: 24228096
	20466  -  MemoryUsage of job (MB)
	20956232  -  ResidentSetSize of job (KB)
...
006 (111523238.113.000) 04/26 18:27:48 Image size of job updated: 24324292
	20466  -  MemoryUsage of job (MB)
	20956232  -  ResidentSetSize of job (KB)
...
006 (111523238.113.000) 04/26 18:32:48 Image size of job updated: 24433704
	20466  -  MemoryUsage of job (MB)
	20956232  -  ResidentSetSize of job (KB)
...
006 (111523238.113.000) 04/26 18:37:49 Image size of job updated: 24541892
	20466  -  MemoryUsage of job (MB)
	20956232  -  ResidentSetSize of job (KB)
...
006 (111523238.113.000) 04/26 18:42:50 Image size of job updated: 24663164
	20466  -  MemoryUsage of job (MB)
	20956232  -  ResidentSetSize of job (KB)
...
006 (111523238.113.000) 04/26 18:47:51 Image size of job updated: 24796252
	20466  -  MemoryUsage of job (MB)
	20956232  -  ResidentSetSize of job (KB)
...
006 (111523238.113.000) 04/26 18:52:51 Image size of job updated: 24929096
	20466  -  MemoryUsage of job (MB)
	20956232  -  ResidentSetSize of job (KB)
...
006 (111523238.113.000) 04/26 18:57:52 Image size of job updated: 25065604
	20466  -  MemoryUsage of job (MB)
	20956232  -  ResidentSetSize of job (KB)
...
006 (111523238.113.000) 04/26 19:02:54 Image size of job updated: 25236140
	20466  -  MemoryUsage of job (MB)
	20956232  -  ResidentSetSize of job (KB)
...
006 (111523238.113.000) 04/26 19:07:54 Image size of job updated: 25322660
	20466  -  MemoryUsage of job (MB)
	20956232  -  ResidentSetSize of job (KB)
...
006 (111523238.113.000) 04/26 19:12:55 Image size of job updated: 25416648
	20466  -  MemoryUsage of job (MB)
	20956232  -  ResidentSetSize of job (KB)
...
006 (111523238.113.000) 04/26 19:17:56 Image size of job updated: 25536268
	20466  -  MemoryUsage of job (MB)
	20956232  -  ResidentSetSize of job (KB)
...
006 (111523238.113.000) 04/26 19:22:57 Image size of job updated: 25619592
	20466  -  MemoryUsage of job (MB)
	20956232  -  ResidentSetSize of job (KB)
...
006 (111523238.113.000) 04/26 19:27:57 Image size of job updated: 25647904
	20466  -  MemoryUsage of job (MB)
	20956232  -  ResidentSetSize of job (KB)
...
006 (111523238.113.000) 04/26 19:35:45 Image size of job updated: 25652224
	20466  -  MemoryUsage of job (MB)
	20956232  -  ResidentSetSize of job (KB)
...
005 (111523238.113.000) 04/26 19:35:48 Job terminated.
	(1) Normal termination (return value 0)
		Usr 0 02:15:47, Sys 0 00:03:35  -  Run Remote Usage
		Usr 0 00:00:00, Sys 0 00:00:00  -  Run Local Usage
		Usr 0 02:15:47, Sys 0 00:03:35  -  Total Remote Usage
		Usr 0 00:00:00, Sys 0 00:00:00  -  Total Local Usage
	25539386  -  Run Bytes Sent By Job
	1780294400  -  Run Bytes Received By Job
	25539386  -  Total Bytes Sent By Job
	1780294400  -  Total Bytes Received By Job
	Partitionable Resources :      Usage  Request Allocated 
	   Cpus                 :       0.00        1         1 
	   Disk (KB)            : 6894076    20971520  21266276 
	   Ioheavy              :                             0 
	   Memory (MB)          :   20466       20480     20480 
...
