000 (111523238.165.000) 04/26 11:15:00 Job submitted from host: <128.104.100.44:9618?addrs=128.104.100.44-9618+[2607-f388-107c-501-90e2-baff-fe2c-2724]-9618&noUDP&sock=4699_0235_3>
...
001 (111523238.165.000) 04/26 15:15:19 Job executing on host: <128.105.245.136:9618?addrs=128.105.245.136-9618&noUDP&sock=25391_b14a_25>
...
006 (111523238.165.000) 04/26 15:15:28 Image size of job updated: 632
	1  -  MemoryUsage of job (MB)
	632  -  ResidentSetSize of job (KB)
...
006 (111523238.165.000) 04/26 15:20:30 Image size of job updated: 656
	1  -  MemoryUsage of job (MB)
	656  -  ResidentSetSize of job (KB)
...
006 (111523238.165.000) 04/26 15:25:30 Image size of job updated: 355232
	271  -  MemoryUsage of job (MB)
	277236  -  ResidentSetSize of job (KB)
...
006 (111523238.165.000) 04/26 15:30:30 Image size of job updated: 838448
	743  -  MemoryUsage of job (MB)
	760396  -  ResidentSetSize of job (KB)
...
006 (111523238.165.000) 04/26 15:35:30 Image size of job updated: 1393416
	1285  -  MemoryUsage of job (MB)
	1315364  -  ResidentSetSize of job (KB)
...
006 (111523238.165.000) 04/26 15:40:31 Image size of job updated: 2140460
	2015  -  MemoryUsage of job (MB)
	2062408  -  ResidentSetSize of job (KB)
...
006 (111523238.165.000) 04/26 15:45:32 Image size of job updated: 2949420
	2805  -  MemoryUsage of job (MB)
	2871368  -  ResidentSetSize of job (KB)
...
006 (111523238.165.000) 04/26 15:50:32 Image size of job updated: 3971496
	3803  -  MemoryUsage of job (MB)
	3893444  -  ResidentSetSize of job (KB)
...
006 (111523238.165.000) 04/26 15:55:32 Image size of job updated: 4966692
	4775  -  MemoryUsage of job (MB)
	4888640  -  ResidentSetSize of job (KB)
...
006 (111523238.165.000) 04/26 16:00:33 Image size of job updated: 5889156
	5675  -  MemoryUsage of job (MB)
	5811104  -  ResidentSetSize of job (KB)
...
006 (111523238.165.000) 04/26 16:05:33 Image size of job updated: 6842200
	6606  -  MemoryUsage of job (MB)
	6764148  -  ResidentSetSize of job (KB)
...
006 (111523238.165.000) 04/26 16:10:34 Image size of job updated: 7716856
	7460  -  MemoryUsage of job (MB)
	7638804  -  ResidentSetSize of job (KB)
...
006 (111523238.165.000) 04/26 16:15:34 Image size of job updated: 8682472
	8403  -  MemoryUsage of job (MB)
	8604420  -  ResidentSetSize of job (KB)
...
006 (111523238.165.000) 04/26 16:20:34 Image size of job updated: 9470428
	9173  -  MemoryUsage of job (MB)
	9392376  -  ResidentSetSize of job (KB)
...
006 (111523238.165.000) 04/26 16:25:35 Image size of job updated: 10227672
	9912  -  MemoryUsage of job (MB)
	10149620  -  ResidentSetSize of job (KB)
...
006 (111523238.165.000) 04/26 16:30:36 Image size of job updated: 11050728
	10716  -  MemoryUsage of job (MB)
	10972676  -  ResidentSetSize of job (KB)
...
006 (111523238.165.000) 04/26 16:35:36 Image size of job updated: 11809228
	11457  -  MemoryUsage of job (MB)
	11731176  -  ResidentSetSize of job (KB)
...
006 (111523238.165.000) 04/26 16:40:36 Image size of job updated: 12585552
	12215  -  MemoryUsage of job (MB)
	12507500  -  ResidentSetSize of job (KB)
...
006 (111523238.165.000) 04/26 16:45:36 Image size of job updated: 13420268
	13030  -  MemoryUsage of job (MB)
	13342216  -  ResidentSetSize of job (KB)
...
006 (111523238.165.000) 04/26 16:50:37 Image size of job updated: 14125544
	13719  -  MemoryUsage of job (MB)
	14047492  -  ResidentSetSize of job (KB)
...
006 (111523238.165.000) 04/26 16:55:39 Image size of job updated: 14961680
	14535  -  MemoryUsage of job (MB)
	14883628  -  ResidentSetSize of job (KB)
...
006 (111523238.165.000) 04/26 17:00:39 Image size of job updated: 15752704
	15307  -  MemoryUsage of job (MB)
	15673464  -  ResidentSetSize of job (KB)
...
006 (111523238.165.000) 04/26 17:05:39 Image size of job updated: 16523992
	16059  -  MemoryUsage of job (MB)
	16443732  -  ResidentSetSize of job (KB)
...
006 (111523238.165.000) 04/26 17:10:40 Image size of job updated: 17310524
	16826  -  MemoryUsage of job (MB)
	17228892  -  ResidentSetSize of job (KB)
...
006 (111523238.165.000) 04/26 17:15:41 Image size of job updated: 18039108
	17535  -  MemoryUsage of job (MB)
	17955724  -  ResidentSetSize of job (KB)
...
006 (111523238.165.000) 04/26 17:20:41 Image size of job updated: 18895500
	18366  -  MemoryUsage of job (MB)
	18805860  -  ResidentSetSize of job (KB)
...
006 (111523238.165.000) 04/26 17:25:41 Image size of job updated: 19810748
	19253  -  MemoryUsage of job (MB)
	19714352  -  ResidentSetSize of job (KB)
...
006 (111523238.165.000) 04/26 17:30:42 Image size of job updated: 20540812
	19922  -  MemoryUsage of job (MB)
	20399432  -  ResidentSetSize of job (KB)
...
006 (111523238.165.000) 04/26 17:35:43 Image size of job updated: 21154760
	20408  -  MemoryUsage of job (MB)
	20897548  -  ResidentSetSize of job (KB)
...
006 (111523238.165.000) 04/26 17:40:44 Image size of job updated: 21776284
	20445  -  MemoryUsage of job (MB)
	20934792  -  ResidentSetSize of job (KB)
...
006 (111523238.165.000) 04/26 17:45:44 Image size of job updated: 22531908
	20449  -  MemoryUsage of job (MB)
	20939292  -  ResidentSetSize of job (KB)
...
006 (111523238.165.000) 04/26 17:50:44 Image size of job updated: 23218244
	20449  -  MemoryUsage of job (MB)
	20939508  -  ResidentSetSize of job (KB)
...
006 (111523238.165.000) 04/26 17:55:44 Image size of job updated: 23782700
	20449  -  MemoryUsage of job (MB)
	20939508  -  ResidentSetSize of job (KB)
...
006 (111523238.165.000) 04/26 18:00:44 Image size of job updated: 24199648
	20449  -  MemoryUsage of job (MB)
	20939508  -  ResidentSetSize of job (KB)
...
006 (111523238.165.000) 04/26 18:05:45 Image size of job updated: 24648396
	20449  -  MemoryUsage of job (MB)
	20939508  -  ResidentSetSize of job (KB)
...
006 (111523238.165.000) 04/26 18:10:46 Image size of job updated: 25081600
	20449  -  MemoryUsage of job (MB)
	20939508  -  ResidentSetSize of job (KB)
...
006 (111523238.165.000) 04/26 18:15:37 Image size of job updated: 25655644
	20449  -  MemoryUsage of job (MB)
	20939508  -  ResidentSetSize of job (KB)
...
005 (111523238.165.000) 04/26 18:15:38 Job terminated.
	(1) Normal termination (return value 0)
		Usr 0 02:40:52, Sys 0 00:02:49  -  Run Remote Usage
		Usr 0 00:00:00, Sys 0 00:00:00  -  Run Local Usage
		Usr 0 02:40:52, Sys 0 00:02:49  -  Total Remote Usage
		Usr 0 00:00:00, Sys 0 00:00:00  -  Total Local Usage
	25346776  -  Run Bytes Sent By Job
	1780294400  -  Run Bytes Received By Job
	25346776  -  Total Bytes Sent By Job
	1780294400  -  Total Bytes Received By Job
	Partitionable Resources :      Usage  Request Allocated 
	   Cpus                 :       0.59        1         1 
	   Disk (KB)            : 6893888    20971520  21311792 
	   Ioheavy              :                             0 
	   Memory (MB)          :   20449       20480     20480 
...
