000 (111523238.152.000) 04/26 11:15:00 Job submitted from host: <128.104.100.44:9618?addrs=128.104.100.44-9618+[2607-f388-107c-501-90e2-baff-fe2c-2724]-9618&noUDP&sock=4699_0235_3>
...
001 (111523238.152.000) 04/26 14:58:23 Job executing on host: <128.105.245.212:9618?addrs=128.105.245.212-9618&noUDP&sock=5446_14dd_3>
...
006 (111523238.152.000) 04/26 14:58:31 Image size of job updated: 628
	1  -  MemoryUsage of job (MB)
	628  -  ResidentSetSize of job (KB)
...
006 (111523238.152.000) 04/26 15:08:34 Image size of job updated: 632
	1  -  MemoryUsage of job (MB)
	632  -  ResidentSetSize of job (KB)
...
006 (111523238.152.000) 04/26 15:13:34 Image size of job updated: 652
	1  -  MemoryUsage of job (MB)
	652  -  ResidentSetSize of job (KB)
...
006 (111523238.152.000) 04/26 15:18:34 Image size of job updated: 660
	1  -  MemoryUsage of job (MB)
	660  -  ResidentSetSize of job (KB)
...
006 (111523238.152.000) 04/26 15:23:36 Image size of job updated: 668
	1  -  MemoryUsage of job (MB)
	668  -  ResidentSetSize of job (KB)
...
006 (111523238.152.000) 04/26 15:28:34 Image size of job updated: 667136
	576  -  MemoryUsage of job (MB)
	589136  -  ResidentSetSize of job (KB)
...
006 (111523238.152.000) 04/26 15:33:35 Image size of job updated: 1454748
	1345  -  MemoryUsage of job (MB)
	1376692  -  ResidentSetSize of job (KB)
...
006 (111523238.152.000) 04/26 15:38:36 Image size of job updated: 2533380
	2398  -  MemoryUsage of job (MB)
	2455324  -  ResidentSetSize of job (KB)
...
006 (111523238.152.000) 04/26 15:43:37 Image size of job updated: 3702448
	3540  -  MemoryUsage of job (MB)
	3624392  -  ResidentSetSize of job (KB)
...
006 (111523238.152.000) 04/26 15:48:38 Image size of job updated: 5419936
	5217  -  MemoryUsage of job (MB)
	5341880  -  ResidentSetSize of job (KB)
...
006 (111523238.152.000) 04/26 15:53:37 Image size of job updated: 7006868
	6767  -  MemoryUsage of job (MB)
	6928812  -  ResidentSetSize of job (KB)
...
006 (111523238.152.000) 04/26 15:58:38 Image size of job updated: 8474672
	8200  -  MemoryUsage of job (MB)
	8396616  -  ResidentSetSize of job (KB)
...
006 (111523238.152.000) 04/26 16:03:39 Image size of job updated: 9757940
	9454  -  MemoryUsage of job (MB)
	9679884  -  ResidentSetSize of job (KB)
...
006 (111523238.152.000) 04/26 16:08:40 Image size of job updated: 11097620
	10762  -  MemoryUsage of job (MB)
	11019564  -  ResidentSetSize of job (KB)
...
006 (111523238.152.000) 04/26 16:13:41 Image size of job updated: 12438196
	12071  -  MemoryUsage of job (MB)
	12360140  -  ResidentSetSize of job (KB)
...
006 (111523238.152.000) 04/26 16:18:41 Image size of job updated: 13779592
	13381  -  MemoryUsage of job (MB)
	13701536  -  ResidentSetSize of job (KB)
...
006 (111523238.152.000) 04/26 16:23:42 Image size of job updated: 15071180
	14642  -  MemoryUsage of job (MB)
	14993124  -  ResidentSetSize of job (KB)
...
006 (111523238.152.000) 04/26 16:28:42 Image size of job updated: 16266124
	15808  -  MemoryUsage of job (MB)
	16187232  -  ResidentSetSize of job (KB)
...
006 (111523238.152.000) 04/26 16:33:42 Image size of job updated: 17010716
	16531  -  MemoryUsage of job (MB)
	16927520  -  ResidentSetSize of job (KB)
...
006 (111523238.152.000) 04/26 16:38:41 Image size of job updated: 17463968
	16969  -  MemoryUsage of job (MB)
	17375484  -  ResidentSetSize of job (KB)
...
006 (111523238.152.000) 04/26 16:43:42 Image size of job updated: 17810076
	17301  -  MemoryUsage of job (MB)
	17715708  -  ResidentSetSize of job (KB)
...
006 (111523238.152.000) 04/26 16:48:43 Image size of job updated: 18006784
	17489  -  MemoryUsage of job (MB)
	17907964  -  ResidentSetSize of job (KB)
...
006 (111523238.152.000) 04/26 16:53:44 Image size of job updated: 18223644
	17697  -  MemoryUsage of job (MB)
	18121624  -  ResidentSetSize of job (KB)
...
006 (111523238.152.000) 04/26 16:58:45 Image size of job updated: 18491088
	17953  -  MemoryUsage of job (MB)
	18383272  -  ResidentSetSize of job (KB)
...
006 (111523238.152.000) 04/26 17:03:44 Image size of job updated: 18741896
	18191  -  MemoryUsage of job (MB)
	18626844  -  ResidentSetSize of job (KB)
...
006 (111523238.152.000) 04/26 17:08:45 Image size of job updated: 18885832
	18325  -  MemoryUsage of job (MB)
	18764604  -  ResidentSetSize of job (KB)
...
006 (111523238.152.000) 04/26 17:13:46 Image size of job updated: 19188368
	18613  -  MemoryUsage of job (MB)
	19059380  -  ResidentSetSize of job (KB)
...
006 (111523238.152.000) 04/26 17:18:47 Image size of job updated: 19382960
	18795  -  MemoryUsage of job (MB)
	19245172  -  ResidentSetSize of job (KB)
...
006 (111523238.152.000) 04/26 17:23:48 Image size of job updated: 19527784
	18929  -  MemoryUsage of job (MB)
	19382708  -  ResidentSetSize of job (KB)
...
006 (111523238.152.000) 04/26 17:28:49 Image size of job updated: 19711408
	19098  -  MemoryUsage of job (MB)
	19555788  -  ResidentSetSize of job (KB)
...
006 (111523238.152.000) 04/26 17:33:49 Image size of job updated: 19825024
	19202  -  MemoryUsage of job (MB)
	19662688  -  ResidentSetSize of job (KB)
...
006 (111523238.152.000) 04/26 17:38:49 Image size of job updated: 19900220
	19268  -  MemoryUsage of job (MB)
	19729700  -  ResidentSetSize of job (KB)
...
006 (111523238.152.000) 04/26 17:43:48 Image size of job updated: 20052584
	19404  -  MemoryUsage of job (MB)
	19868868  -  ResidentSetSize of job (KB)
...
006 (111523238.152.000) 04/26 17:48:49 Image size of job updated: 20128924
	19470  -  MemoryUsage of job (MB)
	19937068  -  ResidentSetSize of job (KB)
...
006 (111523238.152.000) 04/26 17:53:50 Image size of job updated: 20172124
	19506  -  MemoryUsage of job (MB)
	19973636  -  ResidentSetSize of job (KB)
...
006 (111523238.152.000) 04/26 17:58:51 Image size of job updated: 20218864
	19544  -  MemoryUsage of job (MB)
	20012936  -  ResidentSetSize of job (KB)
...
006 (111523238.152.000) 04/26 18:03:52 Image size of job updated: 20302240
	19616  -  MemoryUsage of job (MB)
	20085788  -  ResidentSetSize of job (KB)
...
006 (111523238.152.000) 04/26 18:08:51 Image size of job updated: 20404864
	19703  -  MemoryUsage of job (MB)
	20175300  -  ResidentSetSize of job (KB)
...
006 (111523238.152.000) 04/26 18:13:51 Image size of job updated: 20437572
	19726  -  MemoryUsage of job (MB)
	20198824  -  ResidentSetSize of job (KB)
...
006 (111523238.152.000) 04/26 18:18:52 Image size of job updated: 20467700
	19746  -  MemoryUsage of job (MB)
	20219804  -  ResidentSetSize of job (KB)
...
006 (111523238.152.000) 04/26 18:23:53 Image size of job updated: 20489584
	19759  -  MemoryUsage of job (MB)
	20233164  -  ResidentSetSize of job (KB)
...
006 (111523238.152.000) 04/26 18:28:54 Image size of job updated: 20518188
	19778  -  MemoryUsage of job (MB)
	20252132  -  ResidentSetSize of job (KB)
...
006 (111523238.152.000) 04/26 18:33:55 Image size of job updated: 20539684
	19793  -  MemoryUsage of job (MB)
	20267292  -  ResidentSetSize of job (KB)
...
006 (111523238.152.000) 04/26 18:38:55 Image size of job updated: 20563048
	19809  -  MemoryUsage of job (MB)
	20284044  -  ResidentSetSize of job (KB)
...
006 (111523238.152.000) 04/26 18:43:54 Image size of job updated: 20594884
	19831  -  MemoryUsage of job (MB)
	20306892  -  ResidentSetSize of job (KB)
...
006 (111523238.152.000) 04/26 18:48:56 Image size of job updated: 20634264
	19857  -  MemoryUsage of job (MB)
	20332556  -  ResidentSetSize of job (KB)
...
006 (111523238.152.000) 04/26 18:53:56 Image size of job updated: 20712088
	19920  -  MemoryUsage of job (MB)
	20397644  -  ResidentSetSize of job (KB)
...
006 (111523238.152.000) 04/26 18:58:55 Image size of job updated: 20750120
	19947  -  MemoryUsage of job (MB)
	20424812  -  ResidentSetSize of job (KB)
...
006 (111523238.152.000) 04/26 19:03:56 Image size of job updated: 20779604
	19966  -  MemoryUsage of job (MB)
	20444940  -  ResidentSetSize of job (KB)
...
006 (111523238.152.000) 04/26 19:08:56 Image size of job updated: 20801060
	19980  -  MemoryUsage of job (MB)
	20459372  -  ResidentSetSize of job (KB)
...
006 (111523238.152.000) 04/26 19:13:56 Image size of job updated: 20829104
	20000  -  MemoryUsage of job (MB)
	20479496  -  ResidentSetSize of job (KB)
...
006 (111523238.152.000) 04/26 19:18:57 Image size of job updated: 20845964
	20009  -  MemoryUsage of job (MB)
	20488568  -  ResidentSetSize of job (KB)
...
006 (111523238.152.000) 04/26 19:23:58 Image size of job updated: 20865860
	20019  -  MemoryUsage of job (MB)
	20498680  -  ResidentSetSize of job (KB)
...
006 (111523238.152.000) 04/26 19:28:59 Image size of job updated: 20883580
	20027  -  MemoryUsage of job (MB)
	20506980  -  ResidentSetSize of job (KB)
...
006 (111523238.152.000) 04/26 19:34:00 Image size of job updated: 20904580
	20036  -  MemoryUsage of job (MB)
	20516312  -  ResidentSetSize of job (KB)
...
006 (111523238.152.000) 04/26 19:39:01 Image size of job updated: 20924572
	20047  -  MemoryUsage of job (MB)
	20527896  -  ResidentSetSize of job (KB)
...
006 (111523238.152.000) 04/26 19:44:00 Image size of job updated: 20941668
	20055  -  MemoryUsage of job (MB)
	20536080  -  ResidentSetSize of job (KB)
...
006 (111523238.152.000) 04/26 19:49:01 Image size of job updated: 20959780
	20065  -  MemoryUsage of job (MB)
	20545868  -  ResidentSetSize of job (KB)
...
006 (111523238.152.000) 04/26 19:54:02 Image size of job updated: 21159032
	20200  -  MemoryUsage of job (MB)
	20683840  -  ResidentSetSize of job (KB)
...
006 (111523238.152.000) 04/26 19:59:03 Image size of job updated: 21177620
	20209  -  MemoryUsage of job (MB)
	20693152  -  ResidentSetSize of job (KB)
...
006 (111523238.152.000) 04/26 20:04:04 Image size of job updated: 21188248
	20212  -  MemoryUsage of job (MB)
	20696112  -  ResidentSetSize of job (KB)
...
006 (111523238.152.000) 04/26 20:09:04 Image size of job updated: 21202388
	20216  -  MemoryUsage of job (MB)
	20700476  -  ResidentSetSize of job (KB)
...
006 (111523238.152.000) 04/26 20:14:03 Image size of job updated: 21215284
	20219  -  MemoryUsage of job (MB)
	20704232  -  ResidentSetSize of job (KB)
...
006 (111523238.152.000) 04/26 20:19:06 Image size of job updated: 21227252
	20223  -  MemoryUsage of job (MB)
	20707452  -  ResidentSetSize of job (KB)
...
006 (111523238.152.000) 04/26 20:24:04 Image size of job updated: 21239132
	20226  -  MemoryUsage of job (MB)
	20710444  -  ResidentSetSize of job (KB)
...
006 (111523238.152.000) 04/26 20:29:05 Image size of job updated: 21256140
	20234  -  MemoryUsage of job (MB)
	20718612  -  ResidentSetSize of job (KB)
...
006 (111523238.152.000) 04/26 20:34:06 Image size of job updated: 21266816
	20236  -  MemoryUsage of job (MB)
	20720912  -  ResidentSetSize of job (KB)
...
006 (111523238.152.000) 04/26 20:39:07 Image size of job updated: 21280016
	20241  -  MemoryUsage of job (MB)
	20725920  -  ResidentSetSize of job (KB)
...
006 (111523238.152.000) 04/26 20:44:08 Image size of job updated: 21295632
	20247  -  MemoryUsage of job (MB)
	20732108  -  ResidentSetSize of job (KB)
...
006 (111523238.152.000) 04/26 20:49:07 Image size of job updated: 21306712
	20251  -  MemoryUsage of job (MB)
	20736332  -  ResidentSetSize of job (KB)
...
006 (111523238.152.000) 04/26 20:54:08 Image size of job updated: 21321776
	20256  -  MemoryUsage of job (MB)
	20741536  -  ResidentSetSize of job (KB)
...
006 (111523238.152.000) 04/26 20:59:07 Image size of job updated: 21348944
	20268  -  MemoryUsage of job (MB)
	20754432  -  ResidentSetSize of job (KB)
...
006 (111523238.152.000) 04/26 21:04:08 Image size of job updated: 21412176
	20317  -  MemoryUsage of job (MB)
	20804512  -  ResidentSetSize of job (KB)
...
006 (111523238.152.000) 04/26 21:09:11 Image size of job updated: 21438984
	20331  -  MemoryUsage of job (MB)
	20817976  -  ResidentSetSize of job (KB)
...
006 (111523238.152.000) 04/26 21:14:10 Image size of job updated: 21451280
	20335  -  MemoryUsage of job (MB)
	20822708  -  ResidentSetSize of job (KB)
...
006 (111523238.152.000) 04/26 21:19:11 Image size of job updated: 21467940
	20342  -  MemoryUsage of job (MB)
	20829356  -  ResidentSetSize of job (KB)
...
006 (111523238.152.000) 04/26 21:24:12 Image size of job updated: 21483600
	20349  -  MemoryUsage of job (MB)
	20837336  -  ResidentSetSize of job (KB)
...
006 (111523238.152.000) 04/26 21:29:13 Image size of job updated: 21495624
	20352  -  MemoryUsage of job (MB)
	20840220  -  ResidentSetSize of job (KB)
...
006 (111523238.152.000) 04/26 21:34:12 Image size of job updated: 21506984
	20355  -  MemoryUsage of job (MB)
	20842584  -  ResidentSetSize of job (KB)
...
006 (111523238.152.000) 04/26 21:39:13 Image size of job updated: 21519112
	20357  -  MemoryUsage of job (MB)
	20844960  -  ResidentSetSize of job (KB)
...
006 (111523238.152.000) 04/26 21:44:14 Image size of job updated: 21532020
	20358  -  MemoryUsage of job (MB)
	20845904  -  ResidentSetSize of job (KB)
...
006 (111523238.152.000) 04/26 21:49:15 Image size of job updated: 21547808
	20362  -  MemoryUsage of job (MB)
	20849740  -  ResidentSetSize of job (KB)
...
006 (111523238.152.000) 04/26 21:54:16 Image size of job updated: 21564964
	20365  -  MemoryUsage of job (MB)
	20852912  -  ResidentSetSize of job (KB)
...
006 (111523238.152.000) 04/26 21:59:17 Image size of job updated: 21577708
	20365  -  MemoryUsage of job (MB)
	20853132  -  ResidentSetSize of job (KB)
...
006 (111523238.152.000) 04/26 22:04:18 Image size of job updated: 21589212
	20369  -  MemoryUsage of job (MB)
	20857852  -  ResidentSetSize of job (KB)
...
006 (111523238.152.000) 04/26 22:09:19 Image size of job updated: 21603200
	20376  -  MemoryUsage of job (MB)
	20864212  -  ResidentSetSize of job (KB)
...
006 (111523238.152.000) 04/26 22:14:20 Image size of job updated: 21618180
	20379  -  MemoryUsage of job (MB)
	20867252  -  ResidentSetSize of job (KB)
...
006 (111523238.152.000) 04/26 22:19:19 Image size of job updated: 21628592
	20379  -  MemoryUsage of job (MB)
	20867964  -  ResidentSetSize of job (KB)
...
006 (111523238.152.000) 04/26 22:24:20 Image size of job updated: 21644084
	20381  -  MemoryUsage of job (MB)
	20870108  -  ResidentSetSize of job (KB)
...
006 (111523238.152.000) 04/26 22:29:21 Image size of job updated: 21708808
	20431  -  MemoryUsage of job (MB)
	20920496  -  ResidentSetSize of job (KB)
...
006 (111523238.152.000) 04/26 22:34:22 Image size of job updated: 21736728
	20440  -  MemoryUsage of job (MB)
	20929972  -  ResidentSetSize of job (KB)
...
006 (111523238.152.000) 04/26 22:39:23 Image size of job updated: 21755956
	20443  -  MemoryUsage of job (MB)
	20932684  -  ResidentSetSize of job (KB)
...
006 (111523238.152.000) 04/26 22:44:24 Image size of job updated: 21760400
	20443  -  MemoryUsage of job (MB)
	20933352  -  ResidentSetSize of job (KB)
...
006 (111523238.152.000) 04/26 22:49:24 Image size of job updated: 21764124
	20443  -  MemoryUsage of job (MB)
	20933352  -  ResidentSetSize of job (KB)
...
006 (111523238.152.000) 04/26 22:54:23 Image size of job updated: 21777652
	20443  -  MemoryUsage of job (MB)
	20933352  -  ResidentSetSize of job (KB)
...
006 (111523238.152.000) 04/26 22:59:24 Image size of job updated: 21794520
	20443  -  MemoryUsage of job (MB)
	20933352  -  ResidentSetSize of job (KB)
...
006 (111523238.152.000) 04/26 23:04:23 Image size of job updated: 21807728
	20443  -  MemoryUsage of job (MB)
	20933352  -  ResidentSetSize of job (KB)
...
006 (111523238.152.000) 04/26 23:09:23 Image size of job updated: 21824780
	20443  -  MemoryUsage of job (MB)
	20933352  -  ResidentSetSize of job (KB)
...
006 (111523238.152.000) 04/26 23:14:24 Image size of job updated: 21843048
	20443  -  MemoryUsage of job (MB)
	20933352  -  ResidentSetSize of job (KB)
...
006 (111523238.152.000) 04/26 23:19:25 Image size of job updated: 21855900
	20443  -  MemoryUsage of job (MB)
	20933352  -  ResidentSetSize of job (KB)
...
006 (111523238.152.000) 04/26 23:24:26 Image size of job updated: 21866672
	20443  -  MemoryUsage of job (MB)
	20933352  -  ResidentSetSize of job (KB)
...
006 (111523238.152.000) 04/26 23:29:27 Image size of job updated: 21879040
	20443  -  MemoryUsage of job (MB)
	20933352  -  ResidentSetSize of job (KB)
...
006 (111523238.152.000) 04/26 23:34:26 Image size of job updated: 21899424
	20443  -  MemoryUsage of job (MB)
	20933352  -  ResidentSetSize of job (KB)
...
006 (111523238.152.000) 04/26 23:39:27 Image size of job updated: 21914764
	20443  -  MemoryUsage of job (MB)
	20933352  -  ResidentSetSize of job (KB)
...
006 (111523238.152.000) 04/26 23:44:28 Image size of job updated: 21930356
	20443  -  MemoryUsage of job (MB)
	20933352  -  ResidentSetSize of job (KB)
...
006 (111523238.152.000) 04/26 23:49:29 Image size of job updated: 21941448
	20443  -  MemoryUsage of job (MB)
	20933352  -  ResidentSetSize of job (KB)
...
006 (111523238.152.000) 04/26 23:54:30 Image size of job updated: 21960940
	20443  -  MemoryUsage of job (MB)
	20933352  -  ResidentSetSize of job (KB)
...
006 (111523238.152.000) 04/26 23:59:31 Image size of job updated: 22020384
	20462  -  MemoryUsage of job (MB)
	20952632  -  ResidentSetSize of job (KB)
...
006 (111523238.152.000) 04/27 00:04:30 Image size of job updated: 22040148
	20462  -  MemoryUsage of job (MB)
	20952904  -  ResidentSetSize of job (KB)
...
006 (111523238.152.000) 04/27 00:09:31 Image size of job updated: 22062436
	20462  -  MemoryUsage of job (MB)
	20952904  -  ResidentSetSize of job (KB)
...
006 (111523238.152.000) 04/27 00:14:32 Image size of job updated: 22072668
	20462  -  MemoryUsage of job (MB)
	20952904  -  ResidentSetSize of job (KB)
...
006 (111523238.152.000) 04/27 00:19:33 Image size of job updated: 22084232
	20462  -  MemoryUsage of job (MB)
	20952904  -  ResidentSetSize of job (KB)
...
006 (111523238.152.000) 04/27 00:24:34 Image size of job updated: 22171940
	20462  -  MemoryUsage of job (MB)
	20952904  -  ResidentSetSize of job (KB)
...
006 (111523238.152.000) 04/27 00:29:33 Image size of job updated: 22182536
	20462  -  MemoryUsage of job (MB)
	20952904  -  ResidentSetSize of job (KB)
...
006 (111523238.152.000) 04/27 00:34:34 Image size of job updated: 22196664
	20462  -  MemoryUsage of job (MB)
	20952904  -  ResidentSetSize of job (KB)
...
006 (111523238.152.000) 04/27 00:39:35 Image size of job updated: 22219700
	20462  -  MemoryUsage of job (MB)
	20952904  -  ResidentSetSize of job (KB)
...
006 (111523238.152.000) 04/27 00:44:34 Image size of job updated: 22248716
	20462  -  MemoryUsage of job (MB)
	20952904  -  ResidentSetSize of job (KB)
...
006 (111523238.152.000) 04/27 00:49:34 Image size of job updated: 22277032
	20462  -  MemoryUsage of job (MB)
	20952904  -  ResidentSetSize of job (KB)
...
006 (111523238.152.000) 04/27 00:54:35 Image size of job updated: 22296284
	20462  -  MemoryUsage of job (MB)
	20952904  -  ResidentSetSize of job (KB)
...
006 (111523238.152.000) 04/27 00:59:36 Image size of job updated: 22373124
	20466  -  MemoryUsage of job (MB)
	20956924  -  ResidentSetSize of job (KB)
...
006 (111523238.152.000) 04/27 01:04:37 Image size of job updated: 22410944
	20466  -  MemoryUsage of job (MB)
	20956924  -  ResidentSetSize of job (KB)
...
006 (111523238.152.000) 04/27 01:09:38 Image size of job updated: 22447276
	20466  -  MemoryUsage of job (MB)
	20956924  -  ResidentSetSize of job (KB)
...
006 (111523238.152.000) 04/27 01:14:39 Image size of job updated: 22469724
	20466  -  MemoryUsage of job (MB)
	20956924  -  ResidentSetSize of job (KB)
...
006 (111523238.152.000) 04/27 01:19:39 Image size of job updated: 22498668
	20466  -  MemoryUsage of job (MB)
	20956924  -  ResidentSetSize of job (KB)
...
006 (111523238.152.000) 04/27 01:24:40 Image size of job updated: 22524232
	20466  -  MemoryUsage of job (MB)
	20956924  -  ResidentSetSize of job (KB)
...
006 (111523238.152.000) 04/27 01:29:40 Image size of job updated: 22555884
	20466  -  MemoryUsage of job (MB)
	20956924  -  ResidentSetSize of job (KB)
...
006 (111523238.152.000) 04/27 01:34:41 Image size of job updated: 22591680
	20466  -  MemoryUsage of job (MB)
	20956924  -  ResidentSetSize of job (KB)
...
006 (111523238.152.000) 04/27 01:39:42 Image size of job updated: 22618888
	20466  -  MemoryUsage of job (MB)
	20956924  -  ResidentSetSize of job (KB)
...
006 (111523238.152.000) 04/27 01:44:43 Image size of job updated: 22648100
	20466  -  MemoryUsage of job (MB)
	20956924  -  ResidentSetSize of job (KB)
...
006 (111523238.152.000) 04/27 01:49:44 Image size of job updated: 22674952
	20466  -  MemoryUsage of job (MB)
	20956924  -  ResidentSetSize of job (KB)
...
006 (111523238.152.000) 04/27 01:54:43 Image size of job updated: 22703396
	20466  -  MemoryUsage of job (MB)
	20956924  -  ResidentSetSize of job (KB)
...
006 (111523238.152.000) 04/27 01:59:44 Image size of job updated: 22773424
	20466  -  MemoryUsage of job (MB)
	20956924  -  ResidentSetSize of job (KB)
...
006 (111523238.152.000) 04/27 02:04:45 Image size of job updated: 22808236
	20466  -  MemoryUsage of job (MB)
	20956924  -  ResidentSetSize of job (KB)
...
006 (111523238.152.000) 04/27 02:09:46 Image size of job updated: 22836712
	20466  -  MemoryUsage of job (MB)
	20956924  -  ResidentSetSize of job (KB)
...
006 (111523238.152.000) 04/27 02:14:47 Image size of job updated: 22869512
	20466  -  MemoryUsage of job (MB)
	20956924  -  ResidentSetSize of job (KB)
...
006 (111523238.152.000) 04/27 02:19:46 Image size of job updated: 22906928
	20466  -  MemoryUsage of job (MB)
	20956924  -  ResidentSetSize of job (KB)
...
006 (111523238.152.000) 04/27 02:24:47 Image size of job updated: 22936796
	20466  -  MemoryUsage of job (MB)
	20956924  -  ResidentSetSize of job (KB)
...
006 (111523238.152.000) 04/27 02:29:48 Image size of job updated: 22953360
	20466  -  MemoryUsage of job (MB)
	20956924  -  ResidentSetSize of job (KB)
...
006 (111523238.152.000) 04/27 02:34:49 Image size of job updated: 22982156
	20466  -  MemoryUsage of job (MB)
	20956924  -  ResidentSetSize of job (KB)
...
006 (111523238.152.000) 04/27 02:39:50 Image size of job updated: 23012656
	20466  -  MemoryUsage of job (MB)
	20956924  -  ResidentSetSize of job (KB)
...
006 (111523238.152.000) 04/27 02:44:50 Image size of job updated: 23039784
	20466  -  MemoryUsage of job (MB)
	20956924  -  ResidentSetSize of job (KB)
...
006 (111523238.152.000) 04/27 02:49:51 Image size of job updated: 23060260
	20466  -  MemoryUsage of job (MB)
	20956924  -  ResidentSetSize of job (KB)
...
006 (111523238.152.000) 04/27 02:53:23 Image size of job updated: 23078956
	20466  -  MemoryUsage of job (MB)
	20956924  -  ResidentSetSize of job (KB)
...
005 (111523238.152.000) 04/27 02:53:26 Job terminated.
	(1) Normal termination (return value 0)
		Usr 0 01:16:34, Sys 0 00:01:58  -  Run Remote Usage
		Usr 0 00:00:00, Sys 0 00:00:00  -  Run Local Usage
		Usr 0 01:16:34, Sys 0 00:01:58  -  Total Remote Usage
		Usr 0 00:00:00, Sys 0 00:00:00  -  Total Local Usage
	22159672  -  Run Bytes Sent By Job
	1780294400  -  Run Bytes Received By Job
	22159672  -  Total Bytes Sent By Job
	1780294400  -  Total Bytes Received By Job
	Partitionable Resources :      Usage  Request Allocated 
	   Cpus                 :       0.00        1         1 
	   Disk (KB)            : 6851369    20971520  21125437 
	   Ioheavy              :                             0 
	   Memory (MB)          :   20466       20480     20480 
...
