000 (111523238.132.000) 04/26 11:15:00 Job submitted from host: <128.104.100.44:9618?addrs=128.104.100.44-9618+[2607-f388-107c-501-90e2-baff-fe2c-2724]-9618&noUDP&sock=4699_0235_3>
...
001 (111523238.132.000) 04/26 14:24:34 Job executing on host: <128.105.245.189:9618?addrs=128.105.245.189-9618&noUDP&sock=5433_2a21_3>
...
006 (111523238.132.000) 04/26 14:24:44 Image size of job updated: 644
	1  -  MemoryUsage of job (MB)
	644  -  ResidentSetSize of job (KB)
...
006 (111523238.132.000) 04/26 14:29:45 Image size of job updated: 684
	1  -  MemoryUsage of job (MB)
	684  -  ResidentSetSize of job (KB)
...
006 (111523238.132.000) 04/26 14:34:45 Image size of job updated: 586792
	497  -  MemoryUsage of job (MB)
	508796  -  ResidentSetSize of job (KB)
...
006 (111523238.132.000) 04/26 14:39:45 Image size of job updated: 1070840
	970  -  MemoryUsage of job (MB)
	992788  -  ResidentSetSize of job (KB)
...
006 (111523238.132.000) 04/26 14:44:47 Image size of job updated: 1713776
	1598  -  MemoryUsage of job (MB)
	1635724  -  ResidentSetSize of job (KB)
...
006 (111523238.132.000) 04/26 14:49:47 Image size of job updated: 2453256
	2320  -  MemoryUsage of job (MB)
	2375204  -  ResidentSetSize of job (KB)
...
006 (111523238.132.000) 04/26 14:54:48 Image size of job updated: 3257100
	3105  -  MemoryUsage of job (MB)
	3179048  -  ResidentSetSize of job (KB)
...
006 (111523238.132.000) 04/26 14:59:48 Image size of job updated: 4230324
	4055  -  MemoryUsage of job (MB)
	4152272  -  ResidentSetSize of job (KB)
...
006 (111523238.132.000) 04/26 15:04:48 Image size of job updated: 5176580
	4980  -  MemoryUsage of job (MB)
	5098528  -  ResidentSetSize of job (KB)
...
006 (111523238.132.000) 04/26 15:09:49 Image size of job updated: 6220320
	5999  -  MemoryUsage of job (MB)
	6142268  -  ResidentSetSize of job (KB)
...
006 (111523238.132.000) 04/26 15:14:50 Image size of job updated: 7088508
	6847  -  MemoryUsage of job (MB)
	7010456  -  ResidentSetSize of job (KB)
...
006 (111523238.132.000) 04/26 15:19:51 Image size of job updated: 7951088
	7689  -  MemoryUsage of job (MB)
	7873036  -  ResidentSetSize of job (KB)
...
006 (111523238.132.000) 04/26 15:24:52 Image size of job updated: 8850156
	8567  -  MemoryUsage of job (MB)
	8772104  -  ResidentSetSize of job (KB)
...
006 (111523238.132.000) 04/26 15:29:53 Image size of job updated: 9733892
	9430  -  MemoryUsage of job (MB)
	9655840  -  ResidentSetSize of job (KB)
...
006 (111523238.132.000) 04/26 15:34:53 Image size of job updated: 10503544
	10182  -  MemoryUsage of job (MB)
	10425492  -  ResidentSetSize of job (KB)
...
006 (111523238.132.000) 04/26 15:39:53 Image size of job updated: 11270772
	10931  -  MemoryUsage of job (MB)
	11192720  -  ResidentSetSize of job (KB)
...
006 (111523238.132.000) 04/26 15:44:54 Image size of job updated: 11965936
	11610  -  MemoryUsage of job (MB)
	11887884  -  ResidentSetSize of job (KB)
...
006 (111523238.132.000) 04/26 15:49:55 Image size of job updated: 12715044
	12341  -  MemoryUsage of job (MB)
	12636992  -  ResidentSetSize of job (KB)
...
006 (111523238.132.000) 04/26 15:54:55 Image size of job updated: 13470748
	13079  -  MemoryUsage of job (MB)
	13392696  -  ResidentSetSize of job (KB)
...
006 (111523238.132.000) 04/26 15:59:56 Image size of job updated: 14290436
	13880  -  MemoryUsage of job (MB)
	14212384  -  ResidentSetSize of job (KB)
...
006 (111523238.132.000) 04/26 16:04:57 Image size of job updated: 15026528
	14599  -  MemoryUsage of job (MB)
	14948476  -  ResidentSetSize of job (KB)
...
006 (111523238.132.000) 04/26 16:09:57 Image size of job updated: 15745868
	15300  -  MemoryUsage of job (MB)
	15666664  -  ResidentSetSize of job (KB)
...
006 (111523238.132.000) 04/26 16:14:57 Image size of job updated: 16341132
	15880  -  MemoryUsage of job (MB)
	16260916  -  ResidentSetSize of job (KB)
...
006 (111523238.132.000) 04/26 16:19:59 Image size of job updated: 17049140
	16571  -  MemoryUsage of job (MB)
	16968100  -  ResidentSetSize of job (KB)
...
006 (111523238.132.000) 04/26 16:25:00 Image size of job updated: 17600156
	17107  -  MemoryUsage of job (MB)
	17517024  -  ResidentSetSize of job (KB)
...
006 (111523238.132.000) 04/26 16:30:00 Image size of job updated: 18311164
	17798  -  MemoryUsage of job (MB)
	18224528  -  ResidentSetSize of job (KB)
...
006 (111523238.132.000) 04/26 16:35:00 Image size of job updated: 19130208
	18594  -  MemoryUsage of job (MB)
	19039608  -  ResidentSetSize of job (KB)
...
006 (111523238.132.000) 04/26 16:40:01 Image size of job updated: 19849496
	19275  -  MemoryUsage of job (MB)
	19737280  -  ResidentSetSize of job (KB)
...
006 (111523238.132.000) 04/26 16:45:01 Image size of job updated: 20811180
	20102  -  MemoryUsage of job (MB)
	20584004  -  ResidentSetSize of job (KB)
...
006 (111523238.132.000) 04/26 16:50:01 Image size of job updated: 21471548
	20440  -  MemoryUsage of job (MB)
	20929552  -  ResidentSetSize of job (KB)
...
006 (111523238.132.000) 04/26 16:55:02 Image size of job updated: 21855536
	20440  -  MemoryUsage of job (MB)
	20929820  -  ResidentSetSize of job (KB)
...
006 (111523238.132.000) 04/26 17:00:03 Image size of job updated: 22787244
	20464  -  MemoryUsage of job (MB)
	20954144  -  ResidentSetSize of job (KB)
...
005 (111523238.132.000) 04/26 17:02:21 Job terminated.
	(1) Normal termination (return value 0)
		Usr 0 02:17:12, Sys 0 00:02:18  -  Run Remote Usage
		Usr 0 00:00:00, Sys 0 00:00:00  -  Run Local Usage
		Usr 0 02:17:12, Sys 0 00:02:18  -  Total Remote Usage
		Usr 0 00:00:00, Sys 0 00:00:00  -  Total Local Usage
	22411088  -  Run Bytes Sent By Job
	1780294400  -  Run Bytes Received By Job
	22411088  -  Total Bytes Sent By Job
	1780294400  -  Total Bytes Received By Job
	Partitionable Resources :      Usage  Request Allocated 
	   Cpus                 :       1.00        1         1 
	   Disk (KB)            : 6851615    20971520  21021634 
	   Ioheavy              :                             0 
	   Memory (MB)          :   20464       20480     20480 
...
