000 (111523238.182.000) 04/26 11:15:00 Job submitted from host: <128.104.100.44:9618?addrs=128.104.100.44-9618+[2607-f388-107c-501-90e2-baff-fe2c-2724]-9618&noUDP&sock=4699_0235_3>
...
001 (111523238.182.000) 04/26 15:34:43 Job executing on host: <128.105.245.182:9618?addrs=128.105.245.182-9618&noUDP&sock=5445_6544_25>
...
006 (111523238.182.000) 04/26 15:34:52 Image size of job updated: 624
	1  -  MemoryUsage of job (MB)
	624  -  ResidentSetSize of job (KB)
...
006 (111523238.182.000) 04/26 15:39:56 Image size of job updated: 652
	1  -  MemoryUsage of job (MB)
	652  -  ResidentSetSize of job (KB)
...
006 (111523238.182.000) 04/26 15:44:53 Image size of job updated: 656
	1  -  MemoryUsage of job (MB)
	656  -  ResidentSetSize of job (KB)
...
006 (111523238.182.000) 04/26 15:49:54 Image size of job updated: 664
	1  -  MemoryUsage of job (MB)
	664  -  ResidentSetSize of job (KB)
...
006 (111523238.182.000) 04/26 15:54:54 Image size of job updated: 668
	1  -  MemoryUsage of job (MB)
	668  -  ResidentSetSize of job (KB)
...
006 (111523238.182.000) 04/26 16:04:57 Image size of job updated: 317852
	235  -  MemoryUsage of job (MB)
	239856  -  ResidentSetSize of job (KB)
...
006 (111523238.182.000) 04/26 16:09:56 Image size of job updated: 443752
	358  -  MemoryUsage of job (MB)
	365756  -  ResidentSetSize of job (KB)
...
006 (111523238.182.000) 04/26 16:14:56 Image size of job updated: 571968
	483  -  MemoryUsage of job (MB)
	493972  -  ResidentSetSize of job (KB)
...
006 (111523238.182.000) 04/26 16:19:56 Image size of job updated: 661712
	571  -  MemoryUsage of job (MB)
	583716  -  ResidentSetSize of job (KB)
...
006 (111523238.182.000) 04/26 16:24:57 Image size of job updated: 815488
	721  -  MemoryUsage of job (MB)
	737436  -  ResidentSetSize of job (KB)
...
006 (111523238.182.000) 04/26 16:29:58 Image size of job updated: 907680
	811  -  MemoryUsage of job (MB)
	829628  -  ResidentSetSize of job (KB)
...
006 (111523238.182.000) 04/26 16:34:59 Image size of job updated: 1038572
	939  -  MemoryUsage of job (MB)
	960520  -  ResidentSetSize of job (KB)
...
006 (111523238.182.000) 04/26 16:40:00 Image size of job updated: 1094348
	993  -  MemoryUsage of job (MB)
	1016296  -  ResidentSetSize of job (KB)
...
006 (111523238.182.000) 04/26 16:45:01 Image size of job updated: 1268416
	1163  -  MemoryUsage of job (MB)
	1190364  -  ResidentSetSize of job (KB)
...
006 (111523238.182.000) 04/26 16:50:02 Image size of job updated: 1557900
	1446  -  MemoryUsage of job (MB)
	1479848  -  ResidentSetSize of job (KB)
...
006 (111523238.182.000) 04/26 16:55:12 Image size of job updated: 1896468
	1776  -  MemoryUsage of job (MB)
	1818416  -  ResidentSetSize of job (KB)
...
006 (111523238.182.000) 04/26 17:00:04 Image size of job updated: 2155068
	2029  -  MemoryUsage of job (MB)
	2077016  -  ResidentSetSize of job (KB)
...
006 (111523238.182.000) 04/26 17:05:05 Image size of job updated: 2316976
	2187  -  MemoryUsage of job (MB)
	2238924  -  ResidentSetSize of job (KB)
...
006 (111523238.182.000) 04/26 17:10:05 Image size of job updated: 2534208
	2399  -  MemoryUsage of job (MB)
	2456156  -  ResidentSetSize of job (KB)
...
006 (111523238.182.000) 04/26 17:15:05 Image size of job updated: 2728200
	2589  -  MemoryUsage of job (MB)
	2650148  -  ResidentSetSize of job (KB)
...
006 (111523238.182.000) 04/26 17:20:06 Image size of job updated: 2893628
	2750  -  MemoryUsage of job (MB)
	2815576  -  ResidentSetSize of job (KB)
...
006 (111523238.182.000) 04/26 17:25:06 Image size of job updated: 3050616
	2903  -  MemoryUsage of job (MB)
	2972564  -  ResidentSetSize of job (KB)
...
006 (111523238.182.000) 04/26 17:30:05 Image size of job updated: 3240624
	3089  -  MemoryUsage of job (MB)
	3162572  -  ResidentSetSize of job (KB)
...
006 (111523238.182.000) 04/26 17:35:05 Image size of job updated: 3394148
	3239  -  MemoryUsage of job (MB)
	3316096  -  ResidentSetSize of job (KB)
...
006 (111523238.182.000) 04/26 17:40:05 Image size of job updated: 3602756
	3443  -  MemoryUsage of job (MB)
	3524704  -  ResidentSetSize of job (KB)
...
006 (111523238.182.000) 04/26 17:45:05 Image size of job updated: 3721708
	3559  -  MemoryUsage of job (MB)
	3643656  -  ResidentSetSize of job (KB)
...
006 (111523238.182.000) 04/26 17:50:05 Image size of job updated: 3987692
	3819  -  MemoryUsage of job (MB)
	3909640  -  ResidentSetSize of job (KB)
...
006 (111523238.182.000) 04/26 17:55:05 Image size of job updated: 4227512
	4053  -  MemoryUsage of job (MB)
	4149460  -  ResidentSetSize of job (KB)
...
006 (111523238.182.000) 04/26 18:00:06 Image size of job updated: 4442932
	4263  -  MemoryUsage of job (MB)
	4364880  -  ResidentSetSize of job (KB)
...
006 (111523238.182.000) 04/26 18:05:06 Image size of job updated: 4704964
	4519  -  MemoryUsage of job (MB)
	4626912  -  ResidentSetSize of job (KB)
...
006 (111523238.182.000) 04/26 18:10:07 Image size of job updated: 4967088
	4775  -  MemoryUsage of job (MB)
	4889036  -  ResidentSetSize of job (KB)
...
006 (111523238.182.000) 04/26 18:15:07 Image size of job updated: 5231280
	5033  -  MemoryUsage of job (MB)
	5153228  -  ResidentSetSize of job (KB)
...
006 (111523238.182.000) 04/26 18:20:07 Image size of job updated: 5590396
	5384  -  MemoryUsage of job (MB)
	5512344  -  ResidentSetSize of job (KB)
...
006 (111523238.182.000) 04/26 18:25:07 Image size of job updated: 6073440
	5855  -  MemoryUsage of job (MB)
	5995388  -  ResidentSetSize of job (KB)
...
006 (111523238.182.000) 04/26 18:30:08 Image size of job updated: 6826880
	6591  -  MemoryUsage of job (MB)
	6748828  -  ResidentSetSize of job (KB)
...
006 (111523238.182.000) 04/26 18:35:09 Image size of job updated: 7551084
	7298  -  MemoryUsage of job (MB)
	7473032  -  ResidentSetSize of job (KB)
...
006 (111523238.182.000) 04/26 18:40:23 Image size of job updated: 8336292
	8065  -  MemoryUsage of job (MB)
	8258240  -  ResidentSetSize of job (KB)
...
006 (111523238.182.000) 04/26 18:45:09 Image size of job updated: 9039164
	8752  -  MemoryUsage of job (MB)
	8961112  -  ResidentSetSize of job (KB)
...
006 (111523238.182.000) 04/26 18:50:09 Image size of job updated: 9683080
	9380  -  MemoryUsage of job (MB)
	9605028  -  ResidentSetSize of job (KB)
...
006 (111523238.182.000) 04/26 18:55:10 Image size of job updated: 10370028
	10051  -  MemoryUsage of job (MB)
	10291976  -  ResidentSetSize of job (KB)
...
006 (111523238.182.000) 04/26 19:00:12 Image size of job updated: 11028572
	10694  -  MemoryUsage of job (MB)
	10950520  -  ResidentSetSize of job (KB)
...
006 (111523238.182.000) 04/26 19:05:12 Image size of job updated: 11551868
	11205  -  MemoryUsage of job (MB)
	11473816  -  ResidentSetSize of job (KB)
...
006 (111523238.182.000) 04/26 19:10:12 Image size of job updated: 12155928
	11795  -  MemoryUsage of job (MB)
	12077876  -  ResidentSetSize of job (KB)
...
006 (111523238.182.000) 04/26 19:15:12 Image size of job updated: 12575852
	12205  -  MemoryUsage of job (MB)
	12497800  -  ResidentSetSize of job (KB)
...
006 (111523238.182.000) 04/26 19:20:13 Image size of job updated: 13036764
	12655  -  MemoryUsage of job (MB)
	12958712  -  ResidentSetSize of job (KB)
...
006 (111523238.182.000) 04/26 19:25:16 Image size of job updated: 13416980
	13027  -  MemoryUsage of job (MB)
	13338928  -  ResidentSetSize of job (KB)
...
006 (111523238.182.000) 04/26 19:30:14 Image size of job updated: 13622148
	13227  -  MemoryUsage of job (MB)
	13544096  -  ResidentSetSize of job (KB)
...
006 (111523238.182.000) 04/26 19:35:14 Image size of job updated: 13870644
	13470  -  MemoryUsage of job (MB)
	13792592  -  ResidentSetSize of job (KB)
...
006 (111523238.182.000) 04/26 19:40:15 Image size of job updated: 14092100
	13686  -  MemoryUsage of job (MB)
	14014048  -  ResidentSetSize of job (KB)
...
006 (111523238.182.000) 04/26 19:45:16 Image size of job updated: 14520392
	14104  -  MemoryUsage of job (MB)
	14442340  -  ResidentSetSize of job (KB)
...
006 (111523238.182.000) 04/26 19:50:16 Image size of job updated: 14636244
	14217  -  MemoryUsage of job (MB)
	14558192  -  ResidentSetSize of job (KB)
...
006 (111523238.182.000) 04/26 19:55:17 Image size of job updated: 14838004
	14415  -  MemoryUsage of job (MB)
	14759952  -  ResidentSetSize of job (KB)
...
006 (111523238.182.000) 04/26 20:00:17 Image size of job updated: 14974004
	14547  -  MemoryUsage of job (MB)
	14895952  -  ResidentSetSize of job (KB)
...
006 (111523238.182.000) 04/26 20:05:17 Image size of job updated: 15177576
	14746  -  MemoryUsage of job (MB)
	15099268  -  ResidentSetSize of job (KB)
...
006 (111523238.182.000) 04/26 20:10:17 Image size of job updated: 15292944
	14858  -  MemoryUsage of job (MB)
	15213612  -  ResidentSetSize of job (KB)
...
006 (111523238.182.000) 04/26 20:15:18 Image size of job updated: 15512516
	15070  -  MemoryUsage of job (MB)
	15431352  -  ResidentSetSize of job (KB)
...
006 (111523238.182.000) 04/26 20:20:20 Image size of job updated: 15795948
	15345  -  MemoryUsage of job (MB)
	15712356  -  ResidentSetSize of job (KB)
...
006 (111523238.182.000) 04/26 20:25:20 Image size of job updated: 16014496
	15556  -  MemoryUsage of job (MB)
	15928760  -  ResidentSetSize of job (KB)
...
006 (111523238.182.000) 04/26 20:30:21 Image size of job updated: 16266484
	15800  -  MemoryUsage of job (MB)
	16178448  -  ResidentSetSize of job (KB)
...
006 (111523238.182.000) 04/26 20:35:22 Image size of job updated: 16530208
	16055  -  MemoryUsage of job (MB)
	16439956  -  ResidentSetSize of job (KB)
...
006 (111523238.182.000) 04/26 20:40:22 Image size of job updated: 17179128
	16686  -  MemoryUsage of job (MB)
	17085864  -  ResidentSetSize of job (KB)
...
006 (111523238.182.000) 04/26 20:45:25 Image size of job updated: 17555364
	17052  -  MemoryUsage of job (MB)
	17460512  -  ResidentSetSize of job (KB)
...
006 (111523238.182.000) 04/26 20:50:23 Image size of job updated: 17886220
	17374  -  MemoryUsage of job (MB)
	17790212  -  ResidentSetSize of job (KB)
...
006 (111523238.182.000) 04/26 20:55:24 Image size of job updated: 18010632
	17493  -  MemoryUsage of job (MB)
	17912320  -  ResidentSetSize of job (KB)
...
006 (111523238.182.000) 04/26 21:00:27 Image size of job updated: 18252452
	17725  -  MemoryUsage of job (MB)
	18150020  -  ResidentSetSize of job (KB)
...
006 (111523238.182.000) 04/26 21:05:25 Image size of job updated: 18496028
	17955  -  MemoryUsage of job (MB)
	18385224  -  ResidentSetSize of job (KB)
...
006 (111523238.182.000) 04/26 21:10:24 Image size of job updated: 18764496
	18210  -  MemoryUsage of job (MB)
	18646064  -  ResidentSetSize of job (KB)
...
006 (111523238.182.000) 04/26 21:15:24 Image size of job updated: 19077824
	18509  -  MemoryUsage of job (MB)
	18952668  -  ResidentSetSize of job (KB)
...
006 (111523238.182.000) 04/26 21:20:24 Image size of job updated: 19258092
	18681  -  MemoryUsage of job (MB)
	19128380  -  ResidentSetSize of job (KB)
...
006 (111523238.182.000) 04/26 21:25:24 Image size of job updated: 19448780
	18863  -  MemoryUsage of job (MB)
	19315036  -  ResidentSetSize of job (KB)
...
006 (111523238.182.000) 04/26 21:30:24 Image size of job updated: 19556424
	18964  -  MemoryUsage of job (MB)
	19418968  -  ResidentSetSize of job (KB)
...
006 (111523238.182.000) 04/26 21:35:24 Image size of job updated: 19770244
	19165  -  MemoryUsage of job (MB)
	19624488  -  ResidentSetSize of job (KB)
...
006 (111523238.182.000) 04/26 21:40:25 Image size of job updated: 19877324
	19264  -  MemoryUsage of job (MB)
	19726040  -  ResidentSetSize of job (KB)
...
006 (111523238.182.000) 04/26 21:45:26 Image size of job updated: 20094788
	19464  -  MemoryUsage of job (MB)
	19930492  -  ResidentSetSize of job (KB)
...
006 (111523238.182.000) 04/26 21:50:26 Image size of job updated: 20180584
	19540  -  MemoryUsage of job (MB)
	20008448  -  ResidentSetSize of job (KB)
...
006 (111523238.182.000) 04/26 21:55:26 Image size of job updated: 20260036
	19608  -  MemoryUsage of job (MB)
	20078108  -  ResidentSetSize of job (KB)
...
006 (111523238.182.000) 04/26 22:00:27 Image size of job updated: 20398224
	19724  -  MemoryUsage of job (MB)
	20197028  -  ResidentSetSize of job (KB)
...
006 (111523238.182.000) 04/26 22:05:28 Image size of job updated: 20456472
	19771  -  MemoryUsage of job (MB)
	20244604  -  ResidentSetSize of job (KB)
...
006 (111523238.182.000) 04/26 22:10:26 Image size of job updated: 20494388
	19797  -  MemoryUsage of job (MB)
	20271444  -  ResidentSetSize of job (KB)
...
006 (111523238.182.000) 04/26 22:15:26 Image size of job updated: 20526868
	19820  -  MemoryUsage of job (MB)
	20295280  -  ResidentSetSize of job (KB)
...
006 (111523238.182.000) 04/26 22:20:27 Image size of job updated: 20805184
	20047  -  MemoryUsage of job (MB)
	20527756  -  ResidentSetSize of job (KB)
...
006 (111523238.182.000) 04/26 22:25:27 Image size of job updated: 20992780
	20180  -  MemoryUsage of job (MB)
	20663408  -  ResidentSetSize of job (KB)
...
006 (111523238.182.000) 04/26 22:30:28 Image size of job updated: 21141396
	20290  -  MemoryUsage of job (MB)
	20776656  -  ResidentSetSize of job (KB)
...
006 (111523238.182.000) 04/26 22:35:29 Image size of job updated: 21207824
	20318  -  MemoryUsage of job (MB)
	20804988  -  ResidentSetSize of job (KB)
...
006 (111523238.182.000) 04/26 22:40:29 Image size of job updated: 21442872
	20441  -  MemoryUsage of job (MB)
	20930760  -  ResidentSetSize of job (KB)
...
006 (111523238.182.000) 04/26 22:45:30 Image size of job updated: 21517940
	20441  -  MemoryUsage of job (MB)
	20931016  -  ResidentSetSize of job (KB)
...
006 (111523238.182.000) 04/26 22:50:31 Image size of job updated: 21595328
	20441  -  MemoryUsage of job (MB)
	20931016  -  ResidentSetSize of job (KB)
...
006 (111523238.182.000) 04/26 22:55:31 Image size of job updated: 21753320
	20453  -  MemoryUsage of job (MB)
	20943444  -  ResidentSetSize of job (KB)
...
006 (111523238.182.000) 04/26 23:00:31 Image size of job updated: 21820732
	20453  -  MemoryUsage of job (MB)
	20943444  -  ResidentSetSize of job (KB)
...
006 (111523238.182.000) 04/26 23:05:33 Image size of job updated: 21879384
	20453  -  MemoryUsage of job (MB)
	20943444  -  ResidentSetSize of job (KB)
...
006 (111523238.182.000) 04/26 23:10:33 Image size of job updated: 21943124
	20453  -  MemoryUsage of job (MB)
	20943444  -  ResidentSetSize of job (KB)
...
006 (111523238.182.000) 04/26 23:15:34 Image size of job updated: 22081400
	20462  -  MemoryUsage of job (MB)
	20952204  -  ResidentSetSize of job (KB)
...
006 (111523238.182.000) 04/26 23:20:35 Image size of job updated: 22111996
	20462  -  MemoryUsage of job (MB)
	20952204  -  ResidentSetSize of job (KB)
...
006 (111523238.182.000) 04/26 23:25:36 Image size of job updated: 22167700
	20462  -  MemoryUsage of job (MB)
	20952204  -  ResidentSetSize of job (KB)
...
006 (111523238.182.000) 04/26 23:30:37 Image size of job updated: 22214656
	20462  -  MemoryUsage of job (MB)
	20952204  -  ResidentSetSize of job (KB)
...
006 (111523238.182.000) 04/26 23:35:38 Image size of job updated: 22294752
	20462  -  MemoryUsage of job (MB)
	20952204  -  ResidentSetSize of job (KB)
...
006 (111523238.182.000) 04/26 23:40:38 Image size of job updated: 22603204
	20462  -  MemoryUsage of job (MB)
	20952204  -  ResidentSetSize of job (KB)
...
006 (111523238.182.000) 04/26 23:45:39 Image size of job updated: 22811628
	20463  -  MemoryUsage of job (MB)
	20953272  -  ResidentSetSize of job (KB)
...
006 (111523238.182.000) 04/26 23:50:42 Image size of job updated: 22901704
	20463  -  MemoryUsage of job (MB)
	20953272  -  ResidentSetSize of job (KB)
...
006 (111523238.182.000) 04/26 23:55:39 Image size of job updated: 23013864
	20463  -  MemoryUsage of job (MB)
	20953272  -  ResidentSetSize of job (KB)
...
005 (111523238.182.000) 04/26 23:58:39 Job terminated.
	(1) Normal termination (return value 0)
		Usr 0 02:05:34, Sys 0 00:02:29  -  Run Remote Usage
		Usr 0 00:00:00, Sys 0 00:00:00  -  Run Local Usage
		Usr 0 02:05:34, Sys 0 00:02:29  -  Total Remote Usage
		Usr 0 00:00:00, Sys 0 00:00:00  -  Total Local Usage
	22170864  -  Run Bytes Sent By Job
	1780294400  -  Run Bytes Received By Job
	22170864  -  Total Bytes Sent By Job
	1780294400  -  Total Bytes Received By Job
	Partitionable Resources :      Usage  Request Allocated 
	   Cpus                 :       0.00        1         1 
	   Disk (KB)            : 6851379    20971520  21194864 
	   Ioheavy              :                             0 
	   Memory (MB)          :   20463       20480     20480 
...
