000 (111523238.028.000) 04/26 11:15:00 Job submitted from host: <128.104.100.44:9618?addrs=128.104.100.44-9618+[2607-f388-107c-501-90e2-baff-fe2c-2724]-9618&noUDP&sock=4699_0235_3>
...
001 (111523238.028.000) 04/26 12:09:00 Job executing on host: <128.105.245.251:9618?addrs=128.105.245.251-9618&noUDP&sock=5438_981b_24>
...
006 (111523238.028.000) 04/26 12:09:09 Image size of job updated: 616
	1  -  MemoryUsage of job (MB)
	616  -  ResidentSetSize of job (KB)
...
006 (111523238.028.000) 04/26 12:14:13 Image size of job updated: 624
	1  -  MemoryUsage of job (MB)
	624  -  ResidentSetSize of job (KB)
...
006 (111523238.028.000) 04/26 12:34:17 Image size of job updated: 628
	1  -  MemoryUsage of job (MB)
	628  -  ResidentSetSize of job (KB)
...
006 (111523238.028.000) 04/26 12:44:21 Image size of job updated: 644
	1  -  MemoryUsage of job (MB)
	644  -  ResidentSetSize of job (KB)
...
006 (111523238.028.000) 04/26 12:49:16 Image size of job updated: 648
	1  -  MemoryUsage of job (MB)
	648  -  ResidentSetSize of job (KB)
...
006 (111523238.028.000) 04/26 13:39:20 Image size of job updated: 652
	1  -  MemoryUsage of job (MB)
	652  -  ResidentSetSize of job (KB)
...
006 (111523238.028.000) 04/26 14:04:47 Image size of job updated: 656
	1  -  MemoryUsage of job (MB)
	656  -  ResidentSetSize of job (KB)
...
006 (111523238.028.000) 04/26 14:09:25 Image size of job updated: 664
	1  -  MemoryUsage of job (MB)
	664  -  ResidentSetSize of job (KB)
...
006 (111523238.028.000) 04/26 14:29:28 Image size of job updated: 395608
	311  -  MemoryUsage of job (MB)
	317612  -  ResidentSetSize of job (KB)
...
006 (111523238.028.000) 04/26 14:34:28 Image size of job updated: 609564
	520  -  MemoryUsage of job (MB)
	531568  -  ResidentSetSize of job (KB)
...
006 (111523238.028.000) 04/26 14:39:29 Image size of job updated: 936732
	839  -  MemoryUsage of job (MB)
	858680  -  ResidentSetSize of job (KB)
...
006 (111523238.028.000) 04/26 14:44:29 Image size of job updated: 1620780
	1507  -  MemoryUsage of job (MB)
	1542728  -  ResidentSetSize of job (KB)
...
006 (111523238.028.000) 04/26 14:49:29 Image size of job updated: 2619492
	2482  -  MemoryUsage of job (MB)
	2541440  -  ResidentSetSize of job (KB)
...
006 (111523238.028.000) 04/26 14:54:30 Image size of job updated: 3853324
	3687  -  MemoryUsage of job (MB)
	3775272  -  ResidentSetSize of job (KB)
...
006 (111523238.028.000) 04/26 14:59:31 Image size of job updated: 4996720
	4804  -  MemoryUsage of job (MB)
	4918668  -  ResidentSetSize of job (KB)
...
006 (111523238.028.000) 04/26 15:04:31 Image size of job updated: 6028076
	5811  -  MemoryUsage of job (MB)
	5950024  -  ResidentSetSize of job (KB)
...
006 (111523238.028.000) 04/26 15:09:34 Image size of job updated: 7085588
	6844  -  MemoryUsage of job (MB)
	7007536  -  ResidentSetSize of job (KB)
...
006 (111523238.028.000) 04/26 15:14:32 Image size of job updated: 8282760
	8013  -  MemoryUsage of job (MB)
	8204708  -  ResidentSetSize of job (KB)
...
006 (111523238.028.000) 04/26 15:19:33 Image size of job updated: 9209732
	8918  -  MemoryUsage of job (MB)
	9131680  -  ResidentSetSize of job (KB)
...
006 (111523238.028.000) 04/26 15:24:34 Image size of job updated: 10178664
	9864  -  MemoryUsage of job (MB)
	10100612  -  ResidentSetSize of job (KB)
...
006 (111523238.028.000) 04/26 15:29:37 Image size of job updated: 11114484
	10778  -  MemoryUsage of job (MB)
	11036432  -  ResidentSetSize of job (KB)
...
006 (111523238.028.000) 04/26 15:34:35 Image size of job updated: 12103324
	11744  -  MemoryUsage of job (MB)
	12025272  -  ResidentSetSize of job (KB)
...
006 (111523238.028.000) 04/26 15:39:35 Image size of job updated: 13038528
	12657  -  MemoryUsage of job (MB)
	12960476  -  ResidentSetSize of job (KB)
...
006 (111523238.028.000) 04/26 15:44:36 Image size of job updated: 14123380
	13717  -  MemoryUsage of job (MB)
	14045328  -  ResidentSetSize of job (KB)
...
006 (111523238.028.000) 04/26 15:49:37 Image size of job updated: 15265232
	14832  -  MemoryUsage of job (MB)
	15187180  -  ResidentSetSize of job (KB)
...
006 (111523238.028.000) 04/26 15:54:38 Image size of job updated: 16320328
	15862  -  MemoryUsage of job (MB)
	16242276  -  ResidentSetSize of job (KB)
...
006 (111523238.028.000) 04/26 15:59:38 Image size of job updated: 17171508
	16693  -  MemoryUsage of job (MB)
	17092816  -  ResidentSetSize of job (KB)
...
006 (111523238.028.000) 04/26 16:04:39 Image size of job updated: 17840136
	17343  -  MemoryUsage of job (MB)
	17759008  -  ResidentSetSize of job (KB)
...
006 (111523238.028.000) 04/26 16:09:40 Image size of job updated: 18470604
	17955  -  MemoryUsage of job (MB)
	18385336  -  ResidentSetSize of job (KB)
...
006 (111523238.028.000) 04/26 16:14:41 Image size of job updated: 18949020
	18419  -  MemoryUsage of job (MB)
	18861048  -  ResidentSetSize of job (KB)
...
006 (111523238.028.000) 04/26 16:19:42 Image size of job updated: 19571480
	19020  -  MemoryUsage of job (MB)
	19476304  -  ResidentSetSize of job (KB)
...
006 (111523238.028.000) 04/26 16:24:41 Image size of job updated: 19832060
	19266  -  MemoryUsage of job (MB)
	19728080  -  ResidentSetSize of job (KB)
...
006 (111523238.028.000) 04/26 16:29:41 Image size of job updated: 20082348
	19499  -  MemoryUsage of job (MB)
	19966600  -  ResidentSetSize of job (KB)
...
006 (111523238.028.000) 04/26 16:34:43 Image size of job updated: 20436328
	19822  -  MemoryUsage of job (MB)
	20296728  -  ResidentSetSize of job (KB)
...
006 (111523238.028.000) 04/26 16:39:43 Image size of job updated: 20861272
	20191  -  MemoryUsage of job (MB)
	20675132  -  ResidentSetSize of job (KB)
...
006 (111523238.028.000) 04/26 16:44:43 Image size of job updated: 21131152
	20368  -  MemoryUsage of job (MB)
	20856328  -  ResidentSetSize of job (KB)
...
006 (111523238.028.000) 04/26 16:49:43 Image size of job updated: 21234448
	20396  -  MemoryUsage of job (MB)
	20884720  -  ResidentSetSize of job (KB)
...
006 (111523238.028.000) 04/26 16:54:45 Image size of job updated: 21319624
	20402  -  MemoryUsage of job (MB)
	20891256  -  ResidentSetSize of job (KB)
...
006 (111523238.028.000) 04/26 16:59:45 Image size of job updated: 21432228
	20441  -  MemoryUsage of job (MB)
	20931308  -  ResidentSetSize of job (KB)
...
006 (111523238.028.000) 04/26 17:04:45 Image size of job updated: 21486668
	20441  -  MemoryUsage of job (MB)
	20931308  -  ResidentSetSize of job (KB)
...
006 (111523238.028.000) 04/26 17:09:46 Image size of job updated: 21527576
	20441  -  MemoryUsage of job (MB)
	20931308  -  ResidentSetSize of job (KB)
...
006 (111523238.028.000) 04/26 17:14:46 Image size of job updated: 21618312
	20441  -  MemoryUsage of job (MB)
	20931308  -  ResidentSetSize of job (KB)
...
006 (111523238.028.000) 04/26 17:19:47 Image size of job updated: 21751040
	20448  -  MemoryUsage of job (MB)
	20938164  -  ResidentSetSize of job (KB)
...
006 (111523238.028.000) 04/26 17:24:47 Image size of job updated: 21812760
	20448  -  MemoryUsage of job (MB)
	20938164  -  ResidentSetSize of job (KB)
...
006 (111523238.028.000) 04/26 17:29:48 Image size of job updated: 21930760
	20448  -  MemoryUsage of job (MB)
	20938164  -  ResidentSetSize of job (KB)
...
006 (111523238.028.000) 04/26 17:34:48 Image size of job updated: 22170660
	20448  -  MemoryUsage of job (MB)
	20938164  -  ResidentSetSize of job (KB)
...
006 (111523238.028.000) 04/26 17:39:48 Image size of job updated: 22230764
	20448  -  MemoryUsage of job (MB)
	20938164  -  ResidentSetSize of job (KB)
...
006 (111523238.028.000) 04/26 17:44:49 Image size of job updated: 22371260
	20466  -  MemoryUsage of job (MB)
	20956536  -  ResidentSetSize of job (KB)
...
006 (111523238.028.000) 04/26 17:49:49 Image size of job updated: 22484680
	20466  -  MemoryUsage of job (MB)
	20956536  -  ResidentSetSize of job (KB)
...
006 (111523238.028.000) 04/26 17:54:50 Image size of job updated: 22596696
	20466  -  MemoryUsage of job (MB)
	20956536  -  ResidentSetSize of job (KB)
...
006 (111523238.028.000) 04/26 17:59:50 Image size of job updated: 22706000
	20466  -  MemoryUsage of job (MB)
	20956536  -  ResidentSetSize of job (KB)
...
006 (111523238.028.000) 04/26 18:04:51 Image size of job updated: 22826672
	20466  -  MemoryUsage of job (MB)
	20956536  -  ResidentSetSize of job (KB)
...
006 (111523238.028.000) 04/26 18:09:51 Image size of job updated: 22961700
	20466  -  MemoryUsage of job (MB)
	20956536  -  ResidentSetSize of job (KB)
...
006 (111523238.028.000) 04/26 18:12:31 Image size of job updated: 23077548
	20466  -  MemoryUsage of job (MB)
	20956536  -  ResidentSetSize of job (KB)
...
005 (111523238.028.000) 04/26 18:12:33 Job terminated.
	(1) Normal termination (return value 0)
		Usr 0 01:32:55, Sys 0 00:02:56  -  Run Remote Usage
		Usr 0 00:00:00, Sys 0 00:00:00  -  Run Local Usage
		Usr 0 01:32:55, Sys 0 00:02:56  -  Total Remote Usage
		Usr 0 00:00:00, Sys 0 00:00:00  -  Total Local Usage
	22384396  -  Run Bytes Sent By Job
	1780294400  -  Run Bytes Received By Job
	22384396  -  Total Bytes Sent By Job
	1780294400  -  Total Bytes Received By Job
	Partitionable Resources :      Usage  Request Allocated 
	   Cpus                 :       0.19        1         1 
	   Disk (KB)            : 6851588    20971520  21206760 
	   Ioheavy              :                             0 
	   Memory (MB)          :   20466       20480     20480 
...
