000 (111523238.092.000) 04/26 11:15:00 Job submitted from host: <128.104.100.44:9618?addrs=128.104.100.44-9618+[2607-f388-107c-501-90e2-baff-fe2c-2724]-9618&noUDP&sock=4699_0235_3>
...
001 (111523238.092.000) 04/26 12:27:14 Job executing on host: <128.105.245.248:9618?addrs=128.105.245.248-9618&noUDP&sock=5505_8cf3_29>
...
006 (111523238.092.000) 04/26 12:27:26 Image size of job updated: 616
	1  -  MemoryUsage of job (MB)
	616  -  ResidentSetSize of job (KB)
...
006 (111523238.092.000) 04/26 12:32:23 Image size of job updated: 283388
	201  -  MemoryUsage of job (MB)
	205400  -  ResidentSetSize of job (KB)
...
006 (111523238.092.000) 04/26 12:37:23 Image size of job updated: 733000
	640  -  MemoryUsage of job (MB)
	655004  -  ResidentSetSize of job (KB)
...
006 (111523238.092.000) 04/26 12:42:23 Image size of job updated: 1154104
	1051  -  MemoryUsage of job (MB)
	1076052  -  ResidentSetSize of job (KB)
...
006 (111523238.092.000) 04/26 12:47:26 Image size of job updated: 1709128
	1593  -  MemoryUsage of job (MB)
	1631076  -  ResidentSetSize of job (KB)
...
006 (111523238.092.000) 04/26 12:52:25 Image size of job updated: 2452552
	2319  -  MemoryUsage of job (MB)
	2374500  -  ResidentSetSize of job (KB)
...
006 (111523238.092.000) 04/26 12:57:25 Image size of job updated: 3243080
	3091  -  MemoryUsage of job (MB)
	3165028  -  ResidentSetSize of job (KB)
...
006 (111523238.092.000) 04/26 13:02:25 Image size of job updated: 4187652
	4014  -  MemoryUsage of job (MB)
	4109600  -  ResidentSetSize of job (KB)
...
006 (111523238.092.000) 04/26 13:07:26 Image size of job updated: 5160752
	4964  -  MemoryUsage of job (MB)
	5082700  -  ResidentSetSize of job (KB)
...
006 (111523238.092.000) 04/26 13:12:28 Image size of job updated: 6191716
	5971  -  MemoryUsage of job (MB)
	6113664  -  ResidentSetSize of job (KB)
...
006 (111523238.092.000) 04/26 13:17:28 Image size of job updated: 7173112
	6929  -  MemoryUsage of job (MB)
	7095060  -  ResidentSetSize of job (KB)
...
006 (111523238.092.000) 04/26 13:22:42 Image size of job updated: 7930960
	7669  -  MemoryUsage of job (MB)
	7852908  -  ResidentSetSize of job (KB)
...
006 (111523238.092.000) 04/26 13:27:28 Image size of job updated: 8827848
	8545  -  MemoryUsage of job (MB)
	8749796  -  ResidentSetSize of job (KB)
...
006 (111523238.092.000) 04/26 13:32:28 Image size of job updated: 9622660
	9321  -  MemoryUsage of job (MB)
	9544608  -  ResidentSetSize of job (KB)
...
006 (111523238.092.000) 04/26 13:37:29 Image size of job updated: 10347320
	10029  -  MemoryUsage of job (MB)
	10269268  -  ResidentSetSize of job (KB)
...
006 (111523238.092.000) 04/26 13:42:30 Image size of job updated: 11123584
	10787  -  MemoryUsage of job (MB)
	11045532  -  ResidentSetSize of job (KB)
...
006 (111523238.092.000) 04/26 13:47:30 Image size of job updated: 12139720
	11779  -  MemoryUsage of job (MB)
	12061668  -  ResidentSetSize of job (KB)
...
006 (111523238.092.000) 04/26 13:52:30 Image size of job updated: 13004528
	12624  -  MemoryUsage of job (MB)
	12926476  -  ResidentSetSize of job (KB)
...
006 (111523238.092.000) 04/26 13:57:31 Image size of job updated: 14009196
	13605  -  MemoryUsage of job (MB)
	13931144  -  ResidentSetSize of job (KB)
...
006 (111523238.092.000) 04/26 14:02:32 Image size of job updated: 14783848
	14362  -  MemoryUsage of job (MB)
	14705796  -  ResidentSetSize of job (KB)
...
006 (111523238.092.000) 04/26 14:07:33 Image size of job updated: 15512556
	15067  -  MemoryUsage of job (MB)
	15428548  -  ResidentSetSize of job (KB)
...
006 (111523238.092.000) 04/26 14:12:34 Image size of job updated: 16349536
	15870  -  MemoryUsage of job (MB)
	16250716  -  ResidentSetSize of job (KB)
...
006 (111523238.092.000) 04/26 14:17:34 Image size of job updated: 17067376
	16547  -  MemoryUsage of job (MB)
	16943740  -  ResidentSetSize of job (KB)
...
006 (111523238.092.000) 04/26 14:22:35 Image size of job updated: 17705104
	17140  -  MemoryUsage of job (MB)
	17551320  -  ResidentSetSize of job (KB)
...
006 (111523238.092.000) 04/26 14:27:35 Image size of job updated: 18799420
	18154  -  MemoryUsage of job (MB)
	18588756  -  ResidentSetSize of job (KB)
...
006 (111523238.092.000) 04/26 14:32:35 Image size of job updated: 19607148
	18876  -  MemoryUsage of job (MB)
	19328524  -  ResidentSetSize of job (KB)
...
006 (111523238.092.000) 04/26 14:37:36 Image size of job updated: 20211268
	19403  -  MemoryUsage of job (MB)
	19868408  -  ResidentSetSize of job (KB)
...
006 (111523238.092.000) 04/26 14:42:38 Image size of job updated: 21098640
	20044  -  MemoryUsage of job (MB)
	20524240  -  ResidentSetSize of job (KB)
...
006 (111523238.092.000) 04/26 14:47:38 Image size of job updated: 21759484
	20422  -  MemoryUsage of job (MB)
	20911624  -  ResidentSetSize of job (KB)
...
006 (111523238.092.000) 04/26 14:52:38 Image size of job updated: 22110164
	20444  -  MemoryUsage of job (MB)
	20934552  -  ResidentSetSize of job (KB)
...
006 (111523238.092.000) 04/26 14:57:39 Image size of job updated: 22482712
	20455  -  MemoryUsage of job (MB)
	20945000  -  ResidentSetSize of job (KB)
...
006 (111523238.092.000) 04/26 15:02:41 Image size of job updated: 22998196
	20455  -  MemoryUsage of job (MB)
	20945000  -  ResidentSetSize of job (KB)
...
006 (111523238.092.000) 04/26 15:03:26 Image size of job updated: 23076804
	20455  -  MemoryUsage of job (MB)
	20945000  -  ResidentSetSize of job (KB)
...
005 (111523238.092.000) 04/26 15:03:30 Job terminated.
	(1) Normal termination (return value 0)
		Usr 0 02:09:46, Sys 0 00:02:09  -  Run Remote Usage
		Usr 0 00:00:00, Sys 0 00:00:00  -  Run Local Usage
		Usr 0 02:09:46, Sys 0 00:02:09  -  Total Remote Usage
		Usr 0 00:00:00, Sys 0 00:00:00  -  Total Local Usage
	22316568  -  Run Bytes Sent By Job
	1780294400  -  Run Bytes Received By Job
	22316568  -  Total Bytes Sent By Job
	1780294400  -  Total Bytes Received By Job
	Partitionable Resources :      Usage  Request Allocated 
	   Cpus                 :       0.76        1         1 
	   Disk (KB)            : 6851522    20971520  21149981 
	   Ioheavy              :                             0 
	   Memory (MB)          :   20455       20480     20480 
...
