000 (111523238.174.000) 04/26 11:15:00 Job submitted from host: <128.104.100.44:9618?addrs=128.104.100.44-9618+[2607-f388-107c-501-90e2-baff-fe2c-2724]-9618&noUDP&sock=4699_0235_3>
...
001 (111523238.174.000) 04/26 15:24:16 Job executing on host: <128.105.245.243:9618?addrs=128.105.245.243-9618&noUDP&sock=5430_1b59_3>
...
006 (111523238.174.000) 04/26 15:24:25 Image size of job updated: 628
	1  -  MemoryUsage of job (MB)
	628  -  ResidentSetSize of job (KB)
...
006 (111523238.174.000) 04/26 15:29:27 Image size of job updated: 187236
	110  -  MemoryUsage of job (MB)
	112328  -  ResidentSetSize of job (KB)
...
006 (111523238.174.000) 04/26 15:34:27 Image size of job updated: 627072
	537  -  MemoryUsage of job (MB)
	549076  -  ResidentSetSize of job (KB)
...
006 (111523238.174.000) 04/26 15:39:27 Image size of job updated: 1083732
	983  -  MemoryUsage of job (MB)
	1005680  -  ResidentSetSize of job (KB)
...
006 (111523238.174.000) 04/26 15:44:29 Image size of job updated: 1716988
	1601  -  MemoryUsage of job (MB)
	1638936  -  ResidentSetSize of job (KB)
...
006 (111523238.174.000) 04/26 15:49:28 Image size of job updated: 2406064
	2274  -  MemoryUsage of job (MB)
	2328012  -  ResidentSetSize of job (KB)
...
006 (111523238.174.000) 04/26 15:54:28 Image size of job updated: 3196916
	3046  -  MemoryUsage of job (MB)
	3118864  -  ResidentSetSize of job (KB)
...
006 (111523238.174.000) 04/26 15:59:29 Image size of job updated: 4170844
	3997  -  MemoryUsage of job (MB)
	4092792  -  ResidentSetSize of job (KB)
...
006 (111523238.174.000) 04/26 16:04:29 Image size of job updated: 5008076
	4815  -  MemoryUsage of job (MB)
	4930024  -  ResidentSetSize of job (KB)
...
006 (111523238.174.000) 04/26 16:09:30 Image size of job updated: 5892684
	5679  -  MemoryUsage of job (MB)
	5814632  -  ResidentSetSize of job (KB)
...
006 (111523238.174.000) 04/26 16:14:30 Image size of job updated: 6707856
	6475  -  MemoryUsage of job (MB)
	6629804  -  ResidentSetSize of job (KB)
...
006 (111523238.174.000) 04/26 16:19:30 Image size of job updated: 7535188
	7283  -  MemoryUsage of job (MB)
	7457136  -  ResidentSetSize of job (KB)
...
006 (111523238.174.000) 04/26 16:24:31 Image size of job updated: 8344504
	8073  -  MemoryUsage of job (MB)
	8266452  -  ResidentSetSize of job (KB)
...
006 (111523238.174.000) 04/26 16:29:32 Image size of job updated: 9165888
	8875  -  MemoryUsage of job (MB)
	9087836  -  ResidentSetSize of job (KB)
...
006 (111523238.174.000) 04/26 16:34:32 Image size of job updated: 9918128
	9610  -  MemoryUsage of job (MB)
	9840076  -  ResidentSetSize of job (KB)
...
006 (111523238.174.000) 04/26 16:39:33 Image size of job updated: 10684044
	10358  -  MemoryUsage of job (MB)
	10605992  -  ResidentSetSize of job (KB)
...
006 (111523238.174.000) 04/26 16:44:33 Image size of job updated: 11419848
	11076  -  MemoryUsage of job (MB)
	11341796  -  ResidentSetSize of job (KB)
...
006 (111523238.174.000) 04/26 16:49:34 Image size of job updated: 12139704
	11779  -  MemoryUsage of job (MB)
	12061652  -  ResidentSetSize of job (KB)
...
006 (111523238.174.000) 04/26 16:54:35 Image size of job updated: 12792636
	12417  -  MemoryUsage of job (MB)
	12714584  -  ResidentSetSize of job (KB)
...
006 (111523238.174.000) 04/26 16:59:35 Image size of job updated: 13547940
	13155  -  MemoryUsage of job (MB)
	13469888  -  ResidentSetSize of job (KB)
...
006 (111523238.174.000) 04/26 17:04:36 Image size of job updated: 14121288
	13715  -  MemoryUsage of job (MB)
	14043236  -  ResidentSetSize of job (KB)
...
006 (111523238.174.000) 04/26 17:09:36 Image size of job updated: 14867944
	14444  -  MemoryUsage of job (MB)
	14789892  -  ResidentSetSize of job (KB)
...
006 (111523238.174.000) 04/26 17:14:36 Image size of job updated: 15515224
	15076  -  MemoryUsage of job (MB)
	15437172  -  ResidentSetSize of job (KB)
...
006 (111523238.174.000) 04/26 17:19:37 Image size of job updated: 16231348
	15775  -  MemoryUsage of job (MB)
	16153168  -  ResidentSetSize of job (KB)
...
006 (111523238.174.000) 04/26 17:24:37 Image size of job updated: 16845096
	16373  -  MemoryUsage of job (MB)
	16765748  -  ResidentSetSize of job (KB)
...
006 (111523238.174.000) 04/26 17:29:37 Image size of job updated: 17585888
	17095  -  MemoryUsage of job (MB)
	17505244  -  ResidentSetSize of job (KB)
...
006 (111523238.174.000) 04/26 17:34:38 Image size of job updated: 18260216
	17749  -  MemoryUsage of job (MB)
	18174220  -  ResidentSetSize of job (KB)
...
006 (111523238.174.000) 04/26 17:39:38 Image size of job updated: 19053672
	18518  -  MemoryUsage of job (MB)
	18962432  -  ResidentSetSize of job (KB)
...
006 (111523238.174.000) 04/26 17:44:39 Image size of job updated: 19782564
	19226  -  MemoryUsage of job (MB)
	19687364  -  ResidentSetSize of job (KB)
...
006 (111523238.174.000) 04/26 17:49:39 Image size of job updated: 20447748
	19816  -  MemoryUsage of job (MB)
	20291312  -  ResidentSetSize of job (KB)
...
006 (111523238.174.000) 04/26 17:54:40 Image size of job updated: 21197308
	20329  -  MemoryUsage of job (MB)
	20815972  -  ResidentSetSize of job (KB)
...
006 (111523238.174.000) 04/26 17:59:40 Image size of job updated: 21538616
	20425  -  MemoryUsage of job (MB)
	20914652  -  ResidentSetSize of job (KB)
...
006 (111523238.174.000) 04/26 18:04:40 Image size of job updated: 22217448
	20432  -  MemoryUsage of job (MB)
	20921888  -  ResidentSetSize of job (KB)
...
006 (111523238.174.000) 04/26 18:09:40 Image size of job updated: 22915340
	20439  -  MemoryUsage of job (MB)
	20929104  -  ResidentSetSize of job (KB)
...
005 (111523238.174.000) 04/26 18:11:03 Job terminated.
	(1) Normal termination (return value 0)
		Usr 0 02:33:46, Sys 0 00:02:28  -  Run Remote Usage
		Usr 0 00:00:00, Sys 0 00:00:00  -  Run Local Usage
		Usr 0 02:33:46, Sys 0 00:02:28  -  Total Remote Usage
		Usr 0 00:00:00, Sys 0 00:00:00  -  Total Local Usage
	22208776  -  Run Bytes Sent By Job
	1780294400  -  Run Bytes Received By Job
	22208776  -  Total Bytes Sent By Job
	1780294400  -  Total Bytes Received By Job
	Partitionable Resources :      Usage  Request Allocated 
	   Cpus                 :       0.88        1         1 
	   Disk (KB)            : 6851417    20971520  21579675 
	   Ioheavy              :                             0 
	   Memory (MB)          :   20439       20480     20480 
...
