000 (111523238.194.000) 04/26 11:15:00 Job submitted from host: <128.104.100.44:9618?addrs=128.104.100.44-9618+[2607-f388-107c-501-90e2-baff-fe2c-2724]-9618&noUDP&sock=4699_0235_3>
...
001 (111523238.194.000) 04/26 16:02:34 Job executing on host: <128.105.245.160:9618?addrs=128.105.245.160-9618&noUDP&sock=5483_75de_3>
...
006 (111523238.194.000) 04/26 16:02:42 Image size of job updated: 620
	1  -  MemoryUsage of job (MB)
	620  -  ResidentSetSize of job (KB)
...
006 (111523238.194.000) 04/26 16:07:42 Image size of job updated: 632
	1  -  MemoryUsage of job (MB)
	632  -  ResidentSetSize of job (KB)
...
006 (111523238.194.000) 04/26 16:12:44 Image size of job updated: 648
	1  -  MemoryUsage of job (MB)
	648  -  ResidentSetSize of job (KB)
...
006 (111523238.194.000) 04/26 16:17:45 Image size of job updated: 652
	1  -  MemoryUsage of job (MB)
	652  -  ResidentSetSize of job (KB)
...
006 (111523238.194.000) 04/26 16:37:47 Image size of job updated: 656
	1  -  MemoryUsage of job (MB)
	656  -  ResidentSetSize of job (KB)
...
006 (111523238.194.000) 04/26 16:47:53 Image size of job updated: 664
	1  -  MemoryUsage of job (MB)
	664  -  ResidentSetSize of job (KB)
...
006 (111523238.194.000) 04/26 16:52:48 Image size of job updated: 668
	1  -  MemoryUsage of job (MB)
	668  -  ResidentSetSize of job (KB)
...
006 (111523238.194.000) 04/26 17:12:52 Image size of job updated: 332860
	249  -  MemoryUsage of job (MB)
	254864  -  ResidentSetSize of job (KB)
...
006 (111523238.194.000) 04/26 17:17:53 Image size of job updated: 406740
	322  -  MemoryUsage of job (MB)
	328744  -  ResidentSetSize of job (KB)
...
006 (111523238.194.000) 04/26 17:22:54 Image size of job updated: 507960
	420  -  MemoryUsage of job (MB)
	429964  -  ResidentSetSize of job (KB)
...
006 (111523238.194.000) 04/26 17:27:55 Image size of job updated: 617212
	527  -  MemoryUsage of job (MB)
	539216  -  ResidentSetSize of job (KB)
...
006 (111523238.194.000) 04/26 17:32:56 Image size of job updated: 809168
	714  -  MemoryUsage of job (MB)
	731116  -  ResidentSetSize of job (KB)
...
006 (111523238.194.000) 04/26 17:37:57 Image size of job updated: 942836
	845  -  MemoryUsage of job (MB)
	864784  -  ResidentSetSize of job (KB)
...
006 (111523238.194.000) 04/26 17:42:58 Image size of job updated: 1037464
	937  -  MemoryUsage of job (MB)
	959412  -  ResidentSetSize of job (KB)
...
006 (111523238.194.000) 04/26 17:47:59 Image size of job updated: 1181744
	1078  -  MemoryUsage of job (MB)
	1103692  -  ResidentSetSize of job (KB)
...
006 (111523238.194.000) 04/26 17:52:59 Image size of job updated: 1399072
	1291  -  MemoryUsage of job (MB)
	1321020  -  ResidentSetSize of job (KB)
...
006 (111523238.194.000) 04/26 17:57:59 Image size of job updated: 1731512
	1615  -  MemoryUsage of job (MB)
	1653460  -  ResidentSetSize of job (KB)
...
006 (111523238.194.000) 04/26 18:02:59 Image size of job updated: 2163324
	2037  -  MemoryUsage of job (MB)
	2085272  -  ResidentSetSize of job (KB)
...
006 (111523238.194.000) 04/26 18:08:00 Image size of job updated: 2634868
	2497  -  MemoryUsage of job (MB)
	2556816  -  ResidentSetSize of job (KB)
...
006 (111523238.194.000) 04/26 18:13:00 Image size of job updated: 3234604
	3083  -  MemoryUsage of job (MB)
	3156552  -  ResidentSetSize of job (KB)
...
006 (111523238.194.000) 04/26 18:18:00 Image size of job updated: 4119940
	3948  -  MemoryUsage of job (MB)
	4041888  -  ResidentSetSize of job (KB)
...
006 (111523238.194.000) 04/26 18:23:01 Image size of job updated: 4845556
	4656  -  MemoryUsage of job (MB)
	4767504  -  ResidentSetSize of job (KB)
...
006 (111523238.194.000) 04/26 18:28:01 Image size of job updated: 5550892
	5345  -  MemoryUsage of job (MB)
	5472840  -  ResidentSetSize of job (KB)
...
006 (111523238.194.000) 04/26 18:33:01 Image size of job updated: 6259192
	6037  -  MemoryUsage of job (MB)
	6181140  -  ResidentSetSize of job (KB)
...
006 (111523238.194.000) 04/26 18:38:03 Image size of job updated: 7034296
	6794  -  MemoryUsage of job (MB)
	6956244  -  ResidentSetSize of job (KB)
...
006 (111523238.194.000) 04/26 18:43:03 Image size of job updated: 7768412
	7511  -  MemoryUsage of job (MB)
	7690360  -  ResidentSetSize of job (KB)
...
006 (111523238.194.000) 04/26 18:48:03 Image size of job updated: 8620824
	8343  -  MemoryUsage of job (MB)
	8542772  -  ResidentSetSize of job (KB)
...
006 (111523238.194.000) 04/26 18:53:04 Image size of job updated: 9294644
	9001  -  MemoryUsage of job (MB)
	9216592  -  ResidentSetSize of job (KB)
...
006 (111523238.194.000) 04/26 18:58:04 Image size of job updated: 9994216
	9684  -  MemoryUsage of job (MB)
	9916164  -  ResidentSetSize of job (KB)
...
006 (111523238.194.000) 04/26 19:03:05 Image size of job updated: 10558812
	10236  -  MemoryUsage of job (MB)
	10480760  -  ResidentSetSize of job (KB)
...
006 (111523238.194.000) 04/26 19:08:08 Image size of job updated: 10930232
	10598  -  MemoryUsage of job (MB)
	10852180  -  ResidentSetSize of job (KB)
...
006 (111523238.194.000) 04/26 19:13:07 Image size of job updated: 11469636
	11125  -  MemoryUsage of job (MB)
	11391584  -  ResidentSetSize of job (KB)
...
006 (111523238.194.000) 04/26 19:18:08 Image size of job updated: 12115108
	11755  -  MemoryUsage of job (MB)
	12037056  -  ResidentSetSize of job (KB)
...
006 (111523238.194.000) 04/26 19:23:09 Image size of job updated: 12692932
	12320  -  MemoryUsage of job (MB)
	12614880  -  ResidentSetSize of job (KB)
...
006 (111523238.194.000) 04/26 19:28:09 Image size of job updated: 13237392
	12851  -  MemoryUsage of job (MB)
	13159340  -  ResidentSetSize of job (KB)
...
006 (111523238.194.000) 04/26 19:33:10 Image size of job updated: 13897056
	13496  -  MemoryUsage of job (MB)
	13819004  -  ResidentSetSize of job (KB)
...
006 (111523238.194.000) 04/26 19:38:10 Image size of job updated: 14345420
	13933  -  MemoryUsage of job (MB)
	14267368  -  ResidentSetSize of job (KB)
...
006 (111523238.194.000) 04/26 19:43:11 Image size of job updated: 14927020
	14501  -  MemoryUsage of job (MB)
	14848968  -  ResidentSetSize of job (KB)
...
006 (111523238.194.000) 04/26 19:48:11 Image size of job updated: 15576136
	15134  -  MemoryUsage of job (MB)
	15496696  -  ResidentSetSize of job (KB)
...
006 (111523238.194.000) 04/26 19:53:11 Image size of job updated: 16199364
	15741  -  MemoryUsage of job (MB)
	16118564  -  ResidentSetSize of job (KB)
...
006 (111523238.194.000) 04/26 19:58:11 Image size of job updated: 16840072
	16362  -  MemoryUsage of job (MB)
	16754260  -  ResidentSetSize of job (KB)
...
006 (111523238.194.000) 04/26 20:03:12 Image size of job updated: 17567956
	17062  -  MemoryUsage of job (MB)
	17471264  -  ResidentSetSize of job (KB)
...
006 (111523238.194.000) 04/26 20:08:12 Image size of job updated: 18247804
	17718  -  MemoryUsage of job (MB)
	18142400  -  ResidentSetSize of job (KB)
...
006 (111523238.194.000) 04/26 20:13:13 Image size of job updated: 18942512
	18393  -  MemoryUsage of job (MB)
	18833976  -  ResidentSetSize of job (KB)
...
006 (111523238.194.000) 04/26 20:18:14 Image size of job updated: 19568636
	19001  -  MemoryUsage of job (MB)
	19456852  -  ResidentSetSize of job (KB)
...
006 (111523238.194.000) 04/26 20:23:14 Image size of job updated: 19854260
	19275  -  MemoryUsage of job (MB)
	19737296  -  ResidentSetSize of job (KB)
...
006 (111523238.194.000) 04/26 20:28:15 Image size of job updated: 20122040
	19524  -  MemoryUsage of job (MB)
	19991932  -  ResidentSetSize of job (KB)
...
006 (111523238.194.000) 04/26 20:33:16 Image size of job updated: 20263144
	19638  -  MemoryUsage of job (MB)
	20108832  -  ResidentSetSize of job (KB)
...
006 (111523238.194.000) 04/26 20:38:15 Image size of job updated: 20441420
	19793  -  MemoryUsage of job (MB)
	20267532  -  ResidentSetSize of job (KB)
...
006 (111523238.194.000) 04/26 20:43:16 Image size of job updated: 20581672
	19900  -  MemoryUsage of job (MB)
	20377508  -  ResidentSetSize of job (KB)
...
006 (111523238.194.000) 04/26 20:48:16 Image size of job updated: 20859152
	20125  -  MemoryUsage of job (MB)
	20607188  -  ResidentSetSize of job (KB)
...
006 (111523238.194.000) 04/26 20:53:16 Image size of job updated: 21110504
	20276  -  MemoryUsage of job (MB)
	20762180  -  ResidentSetSize of job (KB)
...
006 (111523238.194.000) 04/26 20:58:16 Image size of job updated: 21398908
	20432  -  MemoryUsage of job (MB)
	20921672  -  ResidentSetSize of job (KB)
...
006 (111523238.194.000) 04/26 21:03:17 Image size of job updated: 21537988
	20432  -  MemoryUsage of job (MB)
	20921672  -  ResidentSetSize of job (KB)
...
006 (111523238.194.000) 04/26 21:08:18 Image size of job updated: 21912472
	20432  -  MemoryUsage of job (MB)
	20921672  -  ResidentSetSize of job (KB)
...
006 (111523238.194.000) 04/26 21:13:19 Image size of job updated: 22174452
	20441  -  MemoryUsage of job (MB)
	20930788  -  ResidentSetSize of job (KB)
...
006 (111523238.194.000) 04/26 21:18:19 Image size of job updated: 22256044
	20441  -  MemoryUsage of job (MB)
	20930788  -  ResidentSetSize of job (KB)
...
006 (111523238.194.000) 04/26 21:23:19 Image size of job updated: 22463432
	20461  -  MemoryUsage of job (MB)
	20951076  -  ResidentSetSize of job (KB)
...
006 (111523238.194.000) 04/26 21:28:20 Image size of job updated: 22538280
	20461  -  MemoryUsage of job (MB)
	20951076  -  ResidentSetSize of job (KB)
...
006 (111523238.194.000) 04/26 21:33:21 Image size of job updated: 22617300
	20461  -  MemoryUsage of job (MB)
	20951076  -  ResidentSetSize of job (KB)
...
006 (111523238.194.000) 04/26 21:38:22 Image size of job updated: 22662848
	20461  -  MemoryUsage of job (MB)
	20951076  -  ResidentSetSize of job (KB)
...
006 (111523238.194.000) 04/26 21:43:23 Image size of job updated: 22810396
	20461  -  MemoryUsage of job (MB)
	20951076  -  ResidentSetSize of job (KB)
...
006 (111523238.194.000) 04/26 21:48:23 Image size of job updated: 22876020
	20461  -  MemoryUsage of job (MB)
	20951076  -  ResidentSetSize of job (KB)
...
006 (111523238.194.000) 04/26 21:53:24 Image size of job updated: 22960908
	20461  -  MemoryUsage of job (MB)
	20951076  -  ResidentSetSize of job (KB)
...
005 (111523238.194.000) 04/26 21:57:15 Job terminated.
	(1) Normal termination (return value 0)
		Usr 0 02:27:28, Sys 0 00:02:40  -  Run Remote Usage
		Usr 0 00:00:00, Sys 0 00:00:00  -  Run Local Usage
		Usr 0 02:27:28, Sys 0 00:02:40  -  Total Remote Usage
		Usr 0 00:00:00, Sys 0 00:00:00  -  Total Local Usage
	22353072  -  Run Bytes Sent By Job
	1780294400  -  Run Bytes Received By Job
	22353072  -  Total Bytes Sent By Job
	1780294400  -  Total Bytes Received By Job
	Partitionable Resources :      Usage  Request Allocated 
	   Cpus                 :       0.26        1         1 
	   Disk (KB)            : 6851556    20971520  21210155 
	   Ioheavy              :                             0 
	   Memory (MB)          :   20461       20480     20480 
...
