000 (111523238.142.000) 04/26 11:15:00 Job submitted from host: <128.104.100.44:9618?addrs=128.104.100.44-9618+[2607-f388-107c-501-90e2-baff-fe2c-2724]-9618&noUDP&sock=4699_0235_3>
...
001 (111523238.142.000) 04/26 14:44:22 Job executing on host: <128.105.245.156:9618?addrs=128.105.245.156-9618&noUDP&sock=5445_6544_3>
...
006 (111523238.142.000) 04/26 14:44:31 Image size of job updated: 624
	1  -  MemoryUsage of job (MB)
	624  -  ResidentSetSize of job (KB)
...
006 (111523238.142.000) 04/26 14:49:32 Image size of job updated: 648
	1  -  MemoryUsage of job (MB)
	648  -  ResidentSetSize of job (KB)
...
006 (111523238.142.000) 04/26 14:54:33 Image size of job updated: 660
	1  -  MemoryUsage of job (MB)
	660  -  ResidentSetSize of job (KB)
...
006 (111523238.142.000) 04/26 14:59:37 Image size of job updated: 664
	1  -  MemoryUsage of job (MB)
	664  -  ResidentSetSize of job (KB)
...
006 (111523238.142.000) 04/26 15:04:33 Image size of job updated: 442652
	357  -  MemoryUsage of job (MB)
	364656  -  ResidentSetSize of job (KB)
...
006 (111523238.142.000) 04/26 15:09:34 Image size of job updated: 873312
	777  -  MemoryUsage of job (MB)
	795260  -  ResidentSetSize of job (KB)
...
006 (111523238.142.000) 04/26 15:14:34 Image size of job updated: 1461008
	1351  -  MemoryUsage of job (MB)
	1382956  -  ResidentSetSize of job (KB)
...
006 (111523238.142.000) 04/26 15:19:35 Image size of job updated: 2324392
	2194  -  MemoryUsage of job (MB)
	2246340  -  ResidentSetSize of job (KB)
...
006 (111523238.142.000) 04/26 15:24:36 Image size of job updated: 3431272
	3275  -  MemoryUsage of job (MB)
	3353220  -  ResidentSetSize of job (KB)
...
006 (111523238.142.000) 04/26 15:29:36 Image size of job updated: 4484900
	4304  -  MemoryUsage of job (MB)
	4406848  -  ResidentSetSize of job (KB)
...
006 (111523238.142.000) 04/26 15:34:37 Image size of job updated: 5628772
	5421  -  MemoryUsage of job (MB)
	5550720  -  ResidentSetSize of job (KB)
...
006 (111523238.142.000) 04/26 15:39:38 Image size of job updated: 6703732
	6471  -  MemoryUsage of job (MB)
	6625680  -  ResidentSetSize of job (KB)
...
006 (111523238.142.000) 04/26 15:44:39 Image size of job updated: 7586672
	7333  -  MemoryUsage of job (MB)
	7508620  -  ResidentSetSize of job (KB)
...
006 (111523238.142.000) 04/26 15:49:41 Image size of job updated: 8187916
	7920  -  MemoryUsage of job (MB)
	8109864  -  ResidentSetSize of job (KB)
...
006 (111523238.142.000) 04/26 15:54:41 Image size of job updated: 8865304
	8582  -  MemoryUsage of job (MB)
	8787252  -  ResidentSetSize of job (KB)
...
006 (111523238.142.000) 04/26 15:59:41 Image size of job updated: 9435548
	9139  -  MemoryUsage of job (MB)
	9357496  -  ResidentSetSize of job (KB)
...
006 (111523238.142.000) 04/26 16:04:41 Image size of job updated: 10109748
	9797  -  MemoryUsage of job (MB)
	10031696  -  ResidentSetSize of job (KB)
...
006 (111523238.142.000) 04/26 16:09:41 Image size of job updated: 10894124
	10563  -  MemoryUsage of job (MB)
	10816072  -  ResidentSetSize of job (KB)
...
006 (111523238.142.000) 04/26 16:14:42 Image size of job updated: 11692816
	11343  -  MemoryUsage of job (MB)
	11614764  -  ResidentSetSize of job (KB)
...
006 (111523238.142.000) 04/26 16:19:43 Image size of job updated: 12521752
	12153  -  MemoryUsage of job (MB)
	12443700  -  ResidentSetSize of job (KB)
...
006 (111523238.142.000) 04/26 16:24:43 Image size of job updated: 13304684
	12917  -  MemoryUsage of job (MB)
	13226632  -  ResidentSetSize of job (KB)
...
006 (111523238.142.000) 04/26 16:29:43 Image size of job updated: 14101680
	13695  -  MemoryUsage of job (MB)
	14023628  -  ResidentSetSize of job (KB)
...
006 (111523238.142.000) 04/26 16:34:43 Image size of job updated: 14983140
	14556  -  MemoryUsage of job (MB)
	14905088  -  ResidentSetSize of job (KB)
...
006 (111523238.142.000) 04/26 16:39:43 Image size of job updated: 15722992
	15278  -  MemoryUsage of job (MB)
	15644172  -  ResidentSetSize of job (KB)
...
006 (111523238.142.000) 04/26 16:44:44 Image size of job updated: 16202564
	15746  -  MemoryUsage of job (MB)
	16122976  -  ResidentSetSize of job (KB)
...
006 (111523238.142.000) 04/26 16:49:45 Image size of job updated: 16763444
	16292  -  MemoryUsage of job (MB)
	16682012  -  ResidentSetSize of job (KB)
...
006 (111523238.142.000) 04/26 16:54:46 Image size of job updated: 17582192
	17084  -  MemoryUsage of job (MB)
	17493348  -  ResidentSetSize of job (KB)
...
006 (111523238.142.000) 04/26 16:59:47 Image size of job updated: 18479424
	17951  -  MemoryUsage of job (MB)
	18381132  -  ResidentSetSize of job (KB)
...
006 (111523238.142.000) 04/26 17:04:49 Image size of job updated: 19254352
	18706  -  MemoryUsage of job (MB)
	19154232  -  ResidentSetSize of job (KB)
...
006 (111523238.142.000) 04/26 17:09:49 Image size of job updated: 20162048
	19581  -  MemoryUsage of job (MB)
	20050244  -  ResidentSetSize of job (KB)
...
006 (111523238.142.000) 04/26 17:14:49 Image size of job updated: 20922304
	20223  -  MemoryUsage of job (MB)
	20707528  -  ResidentSetSize of job (KB)
...
006 (111523238.142.000) 04/26 17:19:50 Image size of job updated: 21413408
	20449  -  MemoryUsage of job (MB)
	20939056  -  ResidentSetSize of job (KB)
...
006 (111523238.142.000) 04/26 17:24:51 Image size of job updated: 21766188
	20449  -  MemoryUsage of job (MB)
	20939056  -  ResidentSetSize of job (KB)
...
006 (111523238.142.000) 04/26 17:29:53 Image size of job updated: 22064472
	20462  -  MemoryUsage of job (MB)
	20952972  -  ResidentSetSize of job (KB)
...
006 (111523238.142.000) 04/26 17:34:53 Image size of job updated: 22410268
	20466  -  MemoryUsage of job (MB)
	20957024  -  ResidentSetSize of job (KB)
...
006 (111523238.142.000) 04/26 17:39:53 Image size of job updated: 22844604
	20466  -  MemoryUsage of job (MB)
	20957024  -  ResidentSetSize of job (KB)
...
006 (111523238.142.000) 04/26 17:43:04 Image size of job updated: 23073656
	20466  -  MemoryUsage of job (MB)
	20957024  -  ResidentSetSize of job (KB)
...
005 (111523238.142.000) 04/26 17:43:06 Job terminated.
	(1) Normal termination (return value 0)
		Usr 0 02:06:55, Sys 0 00:02:05  -  Run Remote Usage
		Usr 0 00:00:00, Sys 0 00:00:00  -  Run Local Usage
		Usr 0 02:06:55, Sys 0 00:02:05  -  Total Remote Usage
		Usr 0 00:00:00, Sys 0 00:00:00  -  Total Local Usage
	22420238  -  Run Bytes Sent By Job
	1780294400  -  Run Bytes Received By Job
	22420238  -  Total Bytes Sent By Job
	1780294400  -  Total Bytes Received By Job
	Partitionable Resources :      Usage  Request Allocated 
	   Cpus                 :       0.73        1         1 
	   Disk (KB)            : 6851622    20971520  21116620 
	   Ioheavy              :                             0 
	   Memory (MB)          :   20466       20480     20480 
...
