000 (111523238.033.000) 04/26 11:15:00 Job submitted from host: <128.104.100.44:9618?addrs=128.104.100.44-9618+[2607-f388-107c-501-90e2-baff-fe2c-2724]-9618&noUDP&sock=4699_0235_3>
...
001 (111523238.033.000) 04/26 12:07:47 Job executing on host: <128.105.245.137:9618?addrs=128.105.245.137-9618&noUDP&sock=5431_caf1_3>
...
006 (111523238.033.000) 04/26 12:07:56 Image size of job updated: 624
	1  -  MemoryUsage of job (MB)
	624  -  ResidentSetSize of job (KB)
...
006 (111523238.033.000) 04/26 12:13:03 Image size of job updated: 632
	1  -  MemoryUsage of job (MB)
	632  -  ResidentSetSize of job (KB)
...
006 (111523238.033.000) 04/26 12:22:58 Image size of job updated: 636
	1  -  MemoryUsage of job (MB)
	636  -  ResidentSetSize of job (KB)
...
006 (111523238.033.000) 04/26 12:38:00 Image size of job updated: 652
	1  -  MemoryUsage of job (MB)
	652  -  ResidentSetSize of job (KB)
...
006 (111523238.033.000) 04/26 12:43:01 Image size of job updated: 656
	1  -  MemoryUsage of job (MB)
	656  -  ResidentSetSize of job (KB)
...
006 (111523238.033.000) 04/26 13:13:05 Image size of job updated: 660
	1  -  MemoryUsage of job (MB)
	660  -  ResidentSetSize of job (KB)
...
006 (111523238.033.000) 04/26 13:18:06 Image size of job updated: 664
	1  -  MemoryUsage of job (MB)
	664  -  ResidentSetSize of job (KB)
...
006 (111523238.033.000) 04/26 13:28:08 Image size of job updated: 672
	1  -  MemoryUsage of job (MB)
	672  -  ResidentSetSize of job (KB)
...
006 (111523238.033.000) 04/26 13:43:09 Image size of job updated: 676
	1  -  MemoryUsage of job (MB)
	676  -  ResidentSetSize of job (KB)
...
006 (111523238.033.000) 04/26 13:48:09 Image size of job updated: 353032
	269  -  MemoryUsage of job (MB)
	275036  -  ResidentSetSize of job (KB)
...
006 (111523238.033.000) 04/26 13:53:10 Image size of job updated: 464200
	378  -  MemoryUsage of job (MB)
	386204  -  ResidentSetSize of job (KB)
...
006 (111523238.033.000) 04/26 13:58:11 Image size of job updated: 615080
	525  -  MemoryUsage of job (MB)
	537084  -  ResidentSetSize of job (KB)
...
006 (111523238.033.000) 04/26 14:03:12 Image size of job updated: 817648
	723  -  MemoryUsage of job (MB)
	739596  -  ResidentSetSize of job (KB)
...
006 (111523238.033.000) 04/26 14:08:13 Image size of job updated: 1009564
	910  -  MemoryUsage of job (MB)
	931512  -  ResidentSetSize of job (KB)
...
006 (111523238.033.000) 04/26 14:13:14 Image size of job updated: 1098936
	997  -  MemoryUsage of job (MB)
	1020884  -  ResidentSetSize of job (KB)
...
006 (111523238.033.000) 04/26 14:18:14 Image size of job updated: 1258880
	1154  -  MemoryUsage of job (MB)
	1180828  -  ResidentSetSize of job (KB)
...
006 (111523238.033.000) 04/26 14:23:15 Image size of job updated: 1399136
	1291  -  MemoryUsage of job (MB)
	1321084  -  ResidentSetSize of job (KB)
...
006 (111523238.033.000) 04/26 14:28:15 Image size of job updated: 1657764
	1543  -  MemoryUsage of job (MB)
	1579712  -  ResidentSetSize of job (KB)
...
006 (111523238.033.000) 04/26 14:33:15 Image size of job updated: 2232612
	2105  -  MemoryUsage of job (MB)
	2154560  -  ResidentSetSize of job (KB)
...
006 (111523238.033.000) 04/26 14:38:15 Image size of job updated: 3468404
	3311  -  MemoryUsage of job (MB)
	3390352  -  ResidentSetSize of job (KB)
...
006 (111523238.033.000) 04/26 14:43:16 Image size of job updated: 4812212
	4624  -  MemoryUsage of job (MB)
	4734160  -  ResidentSetSize of job (KB)
...
006 (111523238.033.000) 04/26 14:48:17 Image size of job updated: 6103352
	5885  -  MemoryUsage of job (MB)
	6025300  -  ResidentSetSize of job (KB)
...
006 (111523238.033.000) 04/26 14:53:20 Image size of job updated: 7314496
	7067  -  MemoryUsage of job (MB)
	7236444  -  ResidentSetSize of job (KB)
...
006 (111523238.033.000) 04/26 14:58:19 Image size of job updated: 8441528
	8168  -  MemoryUsage of job (MB)
	8363476  -  ResidentSetSize of job (KB)
...
006 (111523238.033.000) 04/26 15:03:19 Image size of job updated: 9470712
	9173  -  MemoryUsage of job (MB)
	9392660  -  ResidentSetSize of job (KB)
...
006 (111523238.033.000) 04/26 15:08:20 Image size of job updated: 10553320
	10230  -  MemoryUsage of job (MB)
	10475268  -  ResidentSetSize of job (KB)
...
006 (111523238.033.000) 04/26 15:13:20 Image size of job updated: 11505524
	11160  -  MemoryUsage of job (MB)
	11427472  -  ResidentSetSize of job (KB)
...
006 (111523238.033.000) 04/26 15:18:20 Image size of job updated: 12545416
	12176  -  MemoryUsage of job (MB)
	12467364  -  ResidentSetSize of job (KB)
...
006 (111523238.033.000) 04/26 15:23:21 Image size of job updated: 13611784
	13217  -  MemoryUsage of job (MB)
	13533732  -  ResidentSetSize of job (KB)
...
006 (111523238.033.000) 04/26 15:28:22 Image size of job updated: 14535972
	14120  -  MemoryUsage of job (MB)
	14457920  -  ResidentSetSize of job (KB)
...
006 (111523238.033.000) 04/26 15:33:23 Image size of job updated: 15468304
	15030  -  MemoryUsage of job (MB)
	15390252  -  ResidentSetSize of job (KB)
...
006 (111523238.033.000) 04/26 15:38:25 Image size of job updated: 16544304
	16081  -  MemoryUsage of job (MB)
	16466252  -  ResidentSetSize of job (KB)
...
006 (111523238.033.000) 04/26 15:43:25 Image size of job updated: 17546004
	17058  -  MemoryUsage of job (MB)
	17466560  -  ResidentSetSize of job (KB)
...
006 (111523238.033.000) 04/26 15:48:25 Image size of job updated: 18339152
	17830  -  MemoryUsage of job (MB)
	18257132  -  ResidentSetSize of job (KB)
...
006 (111523238.033.000) 04/26 15:53:25 Image size of job updated: 19122832
	18589  -  MemoryUsage of job (MB)
	19034992  -  ResidentSetSize of job (KB)
...
006 (111523238.033.000) 04/26 15:58:26 Image size of job updated: 19613944
	19054  -  MemoryUsage of job (MB)
	19510572  -  ResidentSetSize of job (KB)
...
006 (111523238.033.000) 04/26 16:03:26 Image size of job updated: 20199904
	19613  -  MemoryUsage of job (MB)
	20082948  -  ResidentSetSize of job (KB)
...
006 (111523238.033.000) 04/26 16:08:26 Image size of job updated: 20492864
	19873  -  MemoryUsage of job (MB)
	20349768  -  ResidentSetSize of job (KB)
...
006 (111523238.033.000) 04/26 16:13:26 Image size of job updated: 20779852
	20117  -  MemoryUsage of job (MB)
	20598844  -  ResidentSetSize of job (KB)
...
006 (111523238.033.000) 04/26 16:18:26 Image size of job updated: 20966508
	20232  -  MemoryUsage of job (MB)
	20717564  -  ResidentSetSize of job (KB)
...
006 (111523238.033.000) 04/26 16:23:27 Image size of job updated: 21174428
	20328  -  MemoryUsage of job (MB)
	20814956  -  ResidentSetSize of job (KB)
...
006 (111523238.033.000) 04/26 16:28:29 Image size of job updated: 21350788
	20366  -  MemoryUsage of job (MB)
	20853772  -  ResidentSetSize of job (KB)
...
006 (111523238.033.000) 04/26 16:33:28 Image size of job updated: 21521776
	20407  -  MemoryUsage of job (MB)
	20896052  -  ResidentSetSize of job (KB)
...
006 (111523238.033.000) 04/26 16:38:28 Image size of job updated: 21670448
	20407  -  MemoryUsage of job (MB)
	20896052  -  ResidentSetSize of job (KB)
...
006 (111523238.033.000) 04/26 16:43:29 Image size of job updated: 21799712
	20434  -  MemoryUsage of job (MB)
	20924128  -  ResidentSetSize of job (KB)
...
006 (111523238.033.000) 04/26 16:48:28 Image size of job updated: 21967516
	20434  -  MemoryUsage of job (MB)
	20924128  -  ResidentSetSize of job (KB)
...
006 (111523238.033.000) 04/26 16:53:29 Image size of job updated: 22260748
	20434  -  MemoryUsage of job (MB)
	20924128  -  ResidentSetSize of job (KB)
...
006 (111523238.033.000) 04/26 16:58:30 Image size of job updated: 22500476
	20451  -  MemoryUsage of job (MB)
	20941488  -  ResidentSetSize of job (KB)
...
006 (111523238.033.000) 04/26 17:03:30 Image size of job updated: 22595308
	20451  -  MemoryUsage of job (MB)
	20941488  -  ResidentSetSize of job (KB)
...
006 (111523238.033.000) 04/26 17:08:34 Image size of job updated: 22763496
	20460  -  MemoryUsage of job (MB)
	20950192  -  ResidentSetSize of job (KB)
...
006 (111523238.033.000) 04/26 17:13:32 Image size of job updated: 22894744
	20462  -  MemoryUsage of job (MB)
	20953084  -  ResidentSetSize of job (KB)
...
006 (111523238.033.000) 04/26 17:18:33 Image size of job updated: 23011992
	20462  -  MemoryUsage of job (MB)
	20953084  -  ResidentSetSize of job (KB)
...
006 (111523238.033.000) 04/26 17:21:21 Image size of job updated: 23095280
	20462  -  MemoryUsage of job (MB)
	20953084  -  ResidentSetSize of job (KB)
...
005 (111523238.033.000) 04/26 17:21:23 Job terminated.
	(1) Normal termination (return value 0)
		Usr 0 01:32:11, Sys 0 00:02:15  -  Run Remote Usage
		Usr 0 00:00:00, Sys 0 00:00:00  -  Run Local Usage
		Usr 0 01:32:11, Sys 0 00:02:15  -  Total Remote Usage
		Usr 0 00:00:00, Sys 0 00:00:00  -  Total Local Usage
	22136960  -  Run Bytes Sent By Job
	1780294400  -  Run Bytes Received By Job
	22136960  -  Total Bytes Sent By Job
	1780294400  -  Total Bytes Received By Job
	Partitionable Resources :      Usage  Request Allocated 
	   Cpus                 :       0.21        1         1 
	   Disk (KB)            : 6851345    20971520  21159766 
	   Ioheavy              :                             0 
	   Memory (MB)          :   20462       20480     20480 
...
