000 (111523238.086.000) 04/26 11:15:00 Job submitted from host: <128.104.100.44:9618?addrs=128.104.100.44-9618+[2607-f388-107c-501-90e2-baff-fe2c-2724]-9618&noUDP&sock=4699_0235_3>
...
001 (111523238.086.000) 04/26 12:22:30 Job executing on host: <128.105.245.198:9618?addrs=128.105.245.198-9618&noUDP&sock=25034_d1fb_29>
...
006 (111523238.086.000) 04/26 12:22:39 Image size of job updated: 620
	1  -  MemoryUsage of job (MB)
	620  -  ResidentSetSize of job (KB)
...
006 (111523238.086.000) 04/26 12:27:39 Image size of job updated: 632
	1  -  MemoryUsage of job (MB)
	632  -  ResidentSetSize of job (KB)
...
006 (111523238.086.000) 04/26 12:32:40 Image size of job updated: 652
	1  -  MemoryUsage of job (MB)
	652  -  ResidentSetSize of job (KB)
...
006 (111523238.086.000) 04/26 12:42:41 Image size of job updated: 660
	1  -  MemoryUsage of job (MB)
	660  -  ResidentSetSize of job (KB)
...
006 (111523238.086.000) 04/26 12:47:43 Image size of job updated: 350844
	267  -  MemoryUsage of job (MB)
	272848  -  ResidentSetSize of job (KB)
...
006 (111523238.086.000) 04/26 12:52:43 Image size of job updated: 797176
	703  -  MemoryUsage of job (MB)
	719124  -  ResidentSetSize of job (KB)
...
006 (111523238.086.000) 04/26 12:57:43 Image size of job updated: 1100016
	999  -  MemoryUsage of job (MB)
	1021964  -  ResidentSetSize of job (KB)
...
006 (111523238.086.000) 04/26 13:02:43 Image size of job updated: 1375456
	1267  -  MemoryUsage of job (MB)
	1297404  -  ResidentSetSize of job (KB)
...
006 (111523238.086.000) 04/26 13:07:44 Image size of job updated: 1553592
	1441  -  MemoryUsage of job (MB)
	1475540  -  ResidentSetSize of job (KB)
...
006 (111523238.086.000) 04/26 13:12:44 Image size of job updated: 1793252
	1675  -  MemoryUsage of job (MB)
	1715200  -  ResidentSetSize of job (KB)
...
006 (111523238.086.000) 04/26 13:17:44 Image size of job updated: 2135288
	2010  -  MemoryUsage of job (MB)
	2057236  -  ResidentSetSize of job (KB)
...
006 (111523238.086.000) 04/26 13:22:45 Image size of job updated: 2645100
	2507  -  MemoryUsage of job (MB)
	2567048  -  ResidentSetSize of job (KB)
...
006 (111523238.086.000) 04/26 13:27:45 Image size of job updated: 3472452
	3315  -  MemoryUsage of job (MB)
	3394400  -  ResidentSetSize of job (KB)
...
006 (111523238.086.000) 04/26 13:32:48 Image size of job updated: 4347120
	4170  -  MemoryUsage of job (MB)
	4269068  -  ResidentSetSize of job (KB)
...
006 (111523238.086.000) 04/26 13:37:47 Image size of job updated: 5076228
	4882  -  MemoryUsage of job (MB)
	4998176  -  ResidentSetSize of job (KB)
...
006 (111523238.086.000) 04/26 13:42:48 Image size of job updated: 6072796
	5855  -  MemoryUsage of job (MB)
	5994744  -  ResidentSetSize of job (KB)
...
006 (111523238.086.000) 04/26 13:47:49 Image size of job updated: 6495804
	6268  -  MemoryUsage of job (MB)
	6417752  -  ResidentSetSize of job (KB)
...
006 (111523238.086.000) 04/26 13:52:50 Image size of job updated: 6701688
	6469  -  MemoryUsage of job (MB)
	6623636  -  ResidentSetSize of job (KB)
...
006 (111523238.086.000) 04/26 13:57:50 Image size of job updated: 7000328
	6761  -  MemoryUsage of job (MB)
	6922276  -  ResidentSetSize of job (KB)
...
006 (111523238.086.000) 04/26 14:02:50 Image size of job updated: 7511488
	7260  -  MemoryUsage of job (MB)
	7433436  -  ResidentSetSize of job (KB)
...
006 (111523238.086.000) 04/26 14:07:50 Image size of job updated: 8483832
	8209  -  MemoryUsage of job (MB)
	8405780  -  ResidentSetSize of job (KB)
...
006 (111523238.086.000) 04/26 14:12:50 Image size of job updated: 9619712
	9319  -  MemoryUsage of job (MB)
	9541660  -  ResidentSetSize of job (KB)
...
006 (111523238.086.000) 04/26 14:17:51 Image size of job updated: 10567560
	10244  -  MemoryUsage of job (MB)
	10489508  -  ResidentSetSize of job (KB)
...
006 (111523238.086.000) 04/26 14:22:51 Image size of job updated: 11508424
	11163  -  MemoryUsage of job (MB)
	11430372  -  ResidentSetSize of job (KB)
...
006 (111523238.086.000) 04/26 14:27:52 Image size of job updated: 12664044
	12292  -  MemoryUsage of job (MB)
	12585992  -  ResidentSetSize of job (KB)
...
006 (111523238.086.000) 04/26 14:32:52 Image size of job updated: 13678032
	13282  -  MemoryUsage of job (MB)
	13599980  -  ResidentSetSize of job (KB)
...
006 (111523238.086.000) 04/26 14:38:08 Image size of job updated: 14768380
	14347  -  MemoryUsage of job (MB)
	14690328  -  ResidentSetSize of job (KB)
...
006 (111523238.086.000) 04/26 14:42:53 Image size of job updated: 15710264
	15266  -  MemoryUsage of job (MB)
	15632212  -  ResidentSetSize of job (KB)
...
006 (111523238.086.000) 04/26 14:47:55 Image size of job updated: 16540520
	16076  -  MemoryUsage of job (MB)
	16461700  -  ResidentSetSize of job (KB)
...
006 (111523238.086.000) 04/26 14:52:55 Image size of job updated: 17379584
	16894  -  MemoryUsage of job (MB)
	17298592  -  ResidentSetSize of job (KB)
...
006 (111523238.086.000) 04/26 14:57:57 Image size of job updated: 18154752
	17649  -  MemoryUsage of job (MB)
	18071584  -  ResidentSetSize of job (KB)
...
006 (111523238.086.000) 04/26 15:02:57 Image size of job updated: 19066140
	18536  -  MemoryUsage of job (MB)
	18979892  -  ResidentSetSize of job (KB)
...
006 (111523238.086.000) 04/26 15:07:57 Image size of job updated: 19605072
	19056  -  MemoryUsage of job (MB)
	19512348  -  ResidentSetSize of job (KB)
...
006 (111523238.086.000) 04/26 15:12:58 Image size of job updated: 20139096
	19563  -  MemoryUsage of job (MB)
	20031624  -  ResidentSetSize of job (KB)
...
006 (111523238.086.000) 04/26 15:17:59 Image size of job updated: 20492060
	19891  -  MemoryUsage of job (MB)
	20368272  -  ResidentSetSize of job (KB)
...
006 (111523238.086.000) 04/26 15:22:59 Image size of job updated: 20838760
	20199  -  MemoryUsage of job (MB)
	20683760  -  ResidentSetSize of job (KB)
...
006 (111523238.086.000) 04/26 15:28:00 Image size of job updated: 21109320
	20383  -  MemoryUsage of job (MB)
	20872092  -  ResidentSetSize of job (KB)
...
006 (111523238.086.000) 04/26 15:32:59 Image size of job updated: 21266340
	20408  -  MemoryUsage of job (MB)
	20896776  -  ResidentSetSize of job (KB)
...
006 (111523238.086.000) 04/26 15:37:58 Image size of job updated: 21481380
	20436  -  MemoryUsage of job (MB)
	20925500  -  ResidentSetSize of job (KB)
...
006 (111523238.086.000) 04/26 15:42:58 Image size of job updated: 21567464
	20436  -  MemoryUsage of job (MB)
	20925500  -  ResidentSetSize of job (KB)
...
006 (111523238.086.000) 04/26 15:47:59 Image size of job updated: 21774612
	20449  -  MemoryUsage of job (MB)
	20939304  -  ResidentSetSize of job (KB)
...
006 (111523238.086.000) 04/26 15:53:01 Image size of job updated: 21912440
	20449  -  MemoryUsage of job (MB)
	20939304  -  ResidentSetSize of job (KB)
...
006 (111523238.086.000) 04/26 15:58:00 Image size of job updated: 22115776
	20452  -  MemoryUsage of job (MB)
	20942588  -  ResidentSetSize of job (KB)
...
006 (111523238.086.000) 04/26 16:03:00 Image size of job updated: 22242628
	20452  -  MemoryUsage of job (MB)
	20942588  -  ResidentSetSize of job (KB)
...
006 (111523238.086.000) 04/26 16:08:02 Image size of job updated: 22430704
	20466  -  MemoryUsage of job (MB)
	20956708  -  ResidentSetSize of job (KB)
...
006 (111523238.086.000) 04/26 16:13:02 Image size of job updated: 22520416
	20466  -  MemoryUsage of job (MB)
	20956708  -  ResidentSetSize of job (KB)
...
006 (111523238.086.000) 04/26 16:18:02 Image size of job updated: 22614700
	20466  -  MemoryUsage of job (MB)
	20956708  -  ResidentSetSize of job (KB)
...
006 (111523238.086.000) 04/26 16:23:03 Image size of job updated: 22714680
	20466  -  MemoryUsage of job (MB)
	20956708  -  ResidentSetSize of job (KB)
...
006 (111523238.086.000) 04/26 16:28:04 Image size of job updated: 22863084
	20466  -  MemoryUsage of job (MB)
	20956708  -  ResidentSetSize of job (KB)
...
006 (111523238.086.000) 04/26 16:33:05 Image size of job updated: 22966488
	20466  -  MemoryUsage of job (MB)
	20956708  -  ResidentSetSize of job (KB)
...
006 (111523238.086.000) 04/26 16:38:06 Image size of job updated: 23079304
	20466  -  MemoryUsage of job (MB)
	20956708  -  ResidentSetSize of job (KB)
...
006 (111523238.086.000) 04/26 16:38:29 Image size of job updated: 23089212
	20466  -  MemoryUsage of job (MB)
	20956708  -  ResidentSetSize of job (KB)
...
005 (111523238.086.000) 04/26 16:38:33 Job terminated.
	(1) Normal termination (return value 0)
		Usr 0 01:46:35, Sys 0 00:02:57  -  Run Remote Usage
		Usr 0 00:00:00, Sys 0 00:00:00  -  Run Local Usage
		Usr 0 01:46:35, Sys 0 00:02:57  -  Total Remote Usage
		Usr 0 00:00:00, Sys 0 00:00:00  -  Total Local Usage
	22540784  -  Run Bytes Sent By Job
	1780294400  -  Run Bytes Received By Job
	22540784  -  Total Bytes Sent By Job
	1780294400  -  Total Bytes Received By Job
	Partitionable Resources :      Usage  Request Allocated 
	   Cpus                 :       0.03        1         1 
	   Disk (KB)            : 6851739    20971520  21209983 
	   Ioheavy              :                             0 
	   Memory (MB)          :   20466       20480     20480 
...
