000 (111523238.134.000) 04/26 11:15:00 Job submitted from host: <128.104.100.44:9618?addrs=128.104.100.44-9618+[2607-f388-107c-501-90e2-baff-fe2c-2724]-9618&noUDP&sock=4699_0235_3>
...
001 (111523238.134.000) 04/26 14:29:36 Job executing on host: <128.105.245.249:9618?addrs=128.105.245.249-9618&noUDP&sock=5434_d9ba_3>
...
006 (111523238.134.000) 04/26 14:29:45 Image size of job updated: 620
	1  -  MemoryUsage of job (MB)
	620  -  ResidentSetSize of job (KB)
...
006 (111523238.134.000) 04/26 14:34:46 Image size of job updated: 652
	1  -  MemoryUsage of job (MB)
	652  -  ResidentSetSize of job (KB)
...
006 (111523238.134.000) 04/26 14:39:47 Image size of job updated: 336244
	253  -  MemoryUsage of job (MB)
	258240  -  ResidentSetSize of job (KB)
...
006 (111523238.134.000) 04/26 14:44:48 Image size of job updated: 889760
	793  -  MemoryUsage of job (MB)
	811700  -  ResidentSetSize of job (KB)
...
006 (111523238.134.000) 04/26 14:49:49 Image size of job updated: 1528768
	1417  -  MemoryUsage of job (MB)
	1450708  -  ResidentSetSize of job (KB)
...
006 (111523238.134.000) 04/26 14:54:50 Image size of job updated: 1926164
	1805  -  MemoryUsage of job (MB)
	1848104  -  ResidentSetSize of job (KB)
...
006 (111523238.134.000) 04/26 14:59:52 Image size of job updated: 2663056
	2525  -  MemoryUsage of job (MB)
	2584996  -  ResidentSetSize of job (KB)
...
006 (111523238.134.000) 04/26 15:04:51 Image size of job updated: 3544024
	3385  -  MemoryUsage of job (MB)
	3465964  -  ResidentSetSize of job (KB)
...
006 (111523238.134.000) 04/26 15:09:51 Image size of job updated: 4174768
	4001  -  MemoryUsage of job (MB)
	4096708  -  ResidentSetSize of job (KB)
...
006 (111523238.134.000) 04/26 15:14:52 Image size of job updated: 4715440
	4529  -  MemoryUsage of job (MB)
	4637380  -  ResidentSetSize of job (KB)
...
006 (111523238.134.000) 04/26 15:19:52 Image size of job updated: 5395600
	5193  -  MemoryUsage of job (MB)
	5317540  -  ResidentSetSize of job (KB)
...
006 (111523238.134.000) 04/26 15:24:52 Image size of job updated: 6035444
	5818  -  MemoryUsage of job (MB)
	5957384  -  ResidentSetSize of job (KB)
...
006 (111523238.134.000) 04/26 15:29:52 Image size of job updated: 6856668
	6620  -  MemoryUsage of job (MB)
	6778608  -  ResidentSetSize of job (KB)
...
006 (111523238.134.000) 04/26 15:34:53 Image size of job updated: 7757132
	7500  -  MemoryUsage of job (MB)
	7679072  -  ResidentSetSize of job (KB)
...
006 (111523238.134.000) 04/26 15:39:54 Image size of job updated: 8629424
	8351  -  MemoryUsage of job (MB)
	8551364  -  ResidentSetSize of job (KB)
...
006 (111523238.134.000) 04/26 15:44:55 Image size of job updated: 9372576
	9077  -  MemoryUsage of job (MB)
	9294516  -  ResidentSetSize of job (KB)
...
006 (111523238.134.000) 04/26 15:49:56 Image size of job updated: 9957020
	9648  -  MemoryUsage of job (MB)
	9878960  -  ResidentSetSize of job (KB)
...
006 (111523238.134.000) 04/26 15:54:56 Image size of job updated: 10581584
	10258  -  MemoryUsage of job (MB)
	10503524  -  ResidentSetSize of job (KB)
...
006 (111523238.134.000) 04/26 15:59:57 Image size of job updated: 11156736
	10820  -  MemoryUsage of job (MB)
	11078676  -  ResidentSetSize of job (KB)
...
006 (111523238.134.000) 04/26 16:04:58 Image size of job updated: 11956216
	11600  -  MemoryUsage of job (MB)
	11878156  -  ResidentSetSize of job (KB)
...
006 (111523238.134.000) 04/26 16:09:59 Image size of job updated: 12744960
	12371  -  MemoryUsage of job (MB)
	12666900  -  ResidentSetSize of job (KB)
...
006 (111523238.134.000) 04/26 16:14:59 Image size of job updated: 13594800
	13200  -  MemoryUsage of job (MB)
	13516740  -  ResidentSetSize of job (KB)
...
006 (111523238.134.000) 04/26 16:19:59 Image size of job updated: 14345832
	13934  -  MemoryUsage of job (MB)
	14267772  -  ResidentSetSize of job (KB)
...
006 (111523238.134.000) 04/26 16:25:00 Image size of job updated: 15024384
	14597  -  MemoryUsage of job (MB)
	14946324  -  ResidentSetSize of job (KB)
...
006 (111523238.134.000) 04/26 16:30:01 Image size of job updated: 15564952
	15124  -  MemoryUsage of job (MB)
	15486892  -  ResidentSetSize of job (KB)
...
006 (111523238.134.000) 04/26 16:35:02 Image size of job updated: 16340560
	15880  -  MemoryUsage of job (MB)
	16261092  -  ResidentSetSize of job (KB)
...
006 (111523238.134.000) 04/26 16:40:04 Image size of job updated: 17049788
	16570  -  MemoryUsage of job (MB)
	16967424  -  ResidentSetSize of job (KB)
...
006 (111523238.134.000) 04/26 16:45:02 Image size of job updated: 17646060
	17148  -  MemoryUsage of job (MB)
	17559376  -  ResidentSetSize of job (KB)
...
006 (111523238.134.000) 04/26 16:50:02 Image size of job updated: 18019452
	17509  -  MemoryUsage of job (MB)
	17928548  -  ResidentSetSize of job (KB)
...
006 (111523238.134.000) 04/26 16:55:02 Image size of job updated: 18328176
	17805  -  MemoryUsage of job (MB)
	18231992  -  ResidentSetSize of job (KB)
...
006 (111523238.134.000) 04/26 17:00:03 Image size of job updated: 18825032
	18282  -  MemoryUsage of job (MB)
	18720388  -  ResidentSetSize of job (KB)
...
006 (111523238.134.000) 04/26 17:05:04 Image size of job updated: 19274532
	18708  -  MemoryUsage of job (MB)
	19156176  -  ResidentSetSize of job (KB)
...
006 (111523238.134.000) 04/26 17:10:05 Image size of job updated: 19830956
	19249  -  MemoryUsage of job (MB)
	19710944  -  ResidentSetSize of job (KB)
...
006 (111523238.134.000) 04/26 17:15:05 Image size of job updated: 20248000
	19643  -  MemoryUsage of job (MB)
	20114284  -  ResidentSetSize of job (KB)
...
006 (111523238.134.000) 04/26 17:20:05 Image size of job updated: 20581128
	19910  -  MemoryUsage of job (MB)
	20387296  -  ResidentSetSize of job (KB)
...
006 (111523238.134.000) 04/26 17:25:06 Image size of job updated: 20930284
	20152  -  MemoryUsage of job (MB)
	20634952  -  ResidentSetSize of job (KB)
...
006 (111523238.134.000) 04/26 17:30:06 Image size of job updated: 21258840
	20354  -  MemoryUsage of job (MB)
	20841888  -  ResidentSetSize of job (KB)
...
006 (111523238.134.000) 04/26 17:35:06 Image size of job updated: 21583132
	20415  -  MemoryUsage of job (MB)
	20904312  -  ResidentSetSize of job (KB)
...
006 (111523238.134.000) 04/26 17:40:08 Image size of job updated: 22156748
	20444  -  MemoryUsage of job (MB)
	20933924  -  ResidentSetSize of job (KB)
...
006 (111523238.134.000) 04/26 17:45:10 Image size of job updated: 22323268
	20444  -  MemoryUsage of job (MB)
	20933924  -  ResidentSetSize of job (KB)
...
006 (111523238.134.000) 04/26 17:50:09 Image size of job updated: 22652632
	20444  -  MemoryUsage of job (MB)
	20933924  -  ResidentSetSize of job (KB)
...
006 (111523238.134.000) 04/26 17:53:55 Image size of job updated: 23089372
	20444  -  MemoryUsage of job (MB)
	20933924  -  ResidentSetSize of job (KB)
...
005 (111523238.134.000) 04/26 17:53:57 Job terminated.
	(1) Normal termination (return value 0)
		Usr 0 02:12:21, Sys 0 00:02:35  -  Run Remote Usage
		Usr 0 00:00:00, Sys 0 00:00:00  -  Run Local Usage
		Usr 0 02:12:21, Sys 0 00:02:35  -  Total Remote Usage
		Usr 0 00:00:00, Sys 0 00:00:00  -  Total Local Usage
	22360748  -  Run Bytes Sent By Job
	1780294400  -  Run Bytes Received By Job
	22360748  -  Total Bytes Sent By Job
	1780294400  -  Total Bytes Received By Job
	Partitionable Resources :      Usage  Request Allocated 
	   Cpus                 :       0.29        1         1 
	   Disk (KB)            : 6851565    20971520  21335780 
	   Ioheavy              :                             0 
	   Memory (MB)          :   20444       20480     20480 
...
