000 (111523238.042.000) 04/26 11:15:00 Job submitted from host: <128.104.100.44:9618?addrs=128.104.100.44-9618+[2607-f388-107c-501-90e2-baff-fe2c-2724]-9618&noUDP&sock=4699_0235_3>
...
001 (111523238.042.000) 04/26 11:56:52 Job executing on host: <128.105.245.187:9618?addrs=128.105.245.187-9618&noUDP&sock=5433_2a21_29>
...
006 (111523238.042.000) 04/26 11:57:04 Image size of job updated: 620
	1  -  MemoryUsage of job (MB)
	620  -  ResidentSetSize of job (KB)
...
006 (111523238.042.000) 04/26 12:02:03 Image size of job updated: 652
	1  -  MemoryUsage of job (MB)
	652  -  ResidentSetSize of job (KB)
...
006 (111523238.042.000) 04/26 12:07:04 Image size of job updated: 660
	1  -  MemoryUsage of job (MB)
	660  -  ResidentSetSize of job (KB)
...
006 (111523238.042.000) 04/26 12:12:04 Image size of job updated: 340744
	257  -  MemoryUsage of job (MB)
	262748  -  ResidentSetSize of job (KB)
...
006 (111523238.042.000) 04/26 12:17:05 Image size of job updated: 585480
	496  -  MemoryUsage of job (MB)
	507484  -  ResidentSetSize of job (KB)
...
006 (111523238.042.000) 04/26 12:22:05 Image size of job updated: 851208
	756  -  MemoryUsage of job (MB)
	773156  -  ResidentSetSize of job (KB)
...
006 (111523238.042.000) 04/26 12:27:05 Image size of job updated: 1162888
	1060  -  MemoryUsage of job (MB)
	1084836  -  ResidentSetSize of job (KB)
...
006 (111523238.042.000) 04/26 12:32:05 Image size of job updated: 1881368
	1762  -  MemoryUsage of job (MB)
	1803316  -  ResidentSetSize of job (KB)
...
006 (111523238.042.000) 04/26 12:37:06 Image size of job updated: 2663412
	2525  -  MemoryUsage of job (MB)
	2585360  -  ResidentSetSize of job (KB)
...
006 (111523238.042.000) 04/26 12:42:07 Image size of job updated: 3398264
	3243  -  MemoryUsage of job (MB)
	3320212  -  ResidentSetSize of job (KB)
...
006 (111523238.042.000) 04/26 12:47:08 Image size of job updated: 3968624
	3800  -  MemoryUsage of job (MB)
	3890572  -  ResidentSetSize of job (KB)
...
006 (111523238.042.000) 04/26 12:52:13 Image size of job updated: 4429084
	4250  -  MemoryUsage of job (MB)
	4351032  -  ResidentSetSize of job (KB)
...
006 (111523238.042.000) 04/26 12:57:08 Image size of job updated: 4768260
	4581  -  MemoryUsage of job (MB)
	4690208  -  ResidentSetSize of job (KB)
...
006 (111523238.042.000) 04/26 13:02:08 Image size of job updated: 5271092
	5072  -  MemoryUsage of job (MB)
	5193040  -  ResidentSetSize of job (KB)
...
006 (111523238.042.000) 04/26 13:07:08 Image size of job updated: 5798148
	5587  -  MemoryUsage of job (MB)
	5720096  -  ResidentSetSize of job (KB)
...
006 (111523238.042.000) 04/26 13:12:08 Image size of job updated: 6219904
	5998  -  MemoryUsage of job (MB)
	6141852  -  ResidentSetSize of job (KB)
...
006 (111523238.042.000) 04/26 13:17:09 Image size of job updated: 6709096
	6476  -  MemoryUsage of job (MB)
	6631044  -  ResidentSetSize of job (KB)
...
006 (111523238.042.000) 04/26 13:22:09 Image size of job updated: 7554248
	7301  -  MemoryUsage of job (MB)
	7476196  -  ResidentSetSize of job (KB)
...
006 (111523238.042.000) 04/26 13:27:09 Image size of job updated: 8482236
	8208  -  MemoryUsage of job (MB)
	8404184  -  ResidentSetSize of job (KB)
...
006 (111523238.042.000) 04/26 13:32:10 Image size of job updated: 9245300
	8953  -  MemoryUsage of job (MB)
	9167248  -  ResidentSetSize of job (KB)
...
006 (111523238.042.000) 04/26 13:37:11 Image size of job updated: 9795508
	9490  -  MemoryUsage of job (MB)
	9717456  -  ResidentSetSize of job (KB)
...
006 (111523238.042.000) 04/26 13:42:18 Image size of job updated: 10361460
	10043  -  MemoryUsage of job (MB)
	10283408  -  ResidentSetSize of job (KB)
...
006 (111523238.042.000) 04/26 13:47:11 Image size of job updated: 11081532
	10746  -  MemoryUsage of job (MB)
	11003480  -  ResidentSetSize of job (KB)
...
006 (111523238.042.000) 04/26 13:52:11 Image size of job updated: 11942628
	11587  -  MemoryUsage of job (MB)
	11864576  -  ResidentSetSize of job (KB)
...
006 (111523238.042.000) 04/26 13:57:12 Image size of job updated: 12711332
	12338  -  MemoryUsage of job (MB)
	12633280  -  ResidentSetSize of job (KB)
...
006 (111523238.042.000) 04/26 14:02:13 Image size of job updated: 13676516
	13280  -  MemoryUsage of job (MB)
	13598464  -  ResidentSetSize of job (KB)
...
006 (111523238.042.000) 04/26 14:07:14 Image size of job updated: 14505576
	14090  -  MemoryUsage of job (MB)
	14427524  -  ResidentSetSize of job (KB)
...
006 (111523238.042.000) 04/26 14:12:14 Image size of job updated: 15216692
	14784  -  MemoryUsage of job (MB)
	15138512  -  ResidentSetSize of job (KB)
...
006 (111523238.042.000) 04/26 14:17:16 Image size of job updated: 15969172
	15517  -  MemoryUsage of job (MB)
	15889364  -  ResidentSetSize of job (KB)
...
006 (111523238.042.000) 04/26 14:22:16 Image size of job updated: 16704848
	16234  -  MemoryUsage of job (MB)
	16623000  -  ResidentSetSize of job (KB)
...
006 (111523238.042.000) 04/26 14:27:16 Image size of job updated: 17329432
	16838  -  MemoryUsage of job (MB)
	17241376  -  ResidentSetSize of job (KB)
...
006 (111523238.042.000) 04/26 14:32:16 Image size of job updated: 17962936
	17450  -  MemoryUsage of job (MB)
	17868568  -  ResidentSetSize of job (KB)
...
006 (111523238.042.000) 04/26 14:37:17 Image size of job updated: 18559224
	18024  -  MemoryUsage of job (MB)
	18456368  -  ResidentSetSize of job (KB)
...
006 (111523238.042.000) 04/26 14:42:19 Image size of job updated: 19216512
	18656  -  MemoryUsage of job (MB)
	19103556  -  ResidentSetSize of job (KB)
...
006 (111523238.042.000) 04/26 14:47:19 Image size of job updated: 19796560
	19206  -  MemoryUsage of job (MB)
	19666172  -  ResidentSetSize of job (KB)
...
006 (111523238.042.000) 04/26 14:52:19 Image size of job updated: 20173152
	19565  -  MemoryUsage of job (MB)
	20034200  -  ResidentSetSize of job (KB)
...
006 (111523238.042.000) 04/26 14:57:19 Image size of job updated: 20281872
	19664  -  MemoryUsage of job (MB)
	20135044  -  ResidentSetSize of job (KB)
...
006 (111523238.042.000) 04/26 15:02:19 Image size of job updated: 20499980
	19861  -  MemoryUsage of job (MB)
	20336960  -  ResidentSetSize of job (KB)
...
006 (111523238.042.000) 04/26 15:07:19 Image size of job updated: 20845640
	20151  -  MemoryUsage of job (MB)
	20633624  -  ResidentSetSize of job (KB)
...
006 (111523238.042.000) 04/26 15:12:23 Image size of job updated: 21182388
	20392  -  MemoryUsage of job (MB)
	20881400  -  ResidentSetSize of job (KB)
...
006 (111523238.042.000) 04/26 15:17:21 Image size of job updated: 21631596
	20428  -  MemoryUsage of job (MB)
	20917856  -  ResidentSetSize of job (KB)
...
006 (111523238.042.000) 04/26 15:22:21 Image size of job updated: 22145944
	20442  -  MemoryUsage of job (MB)
	20931796  -  ResidentSetSize of job (KB)
...
006 (111523238.042.000) 04/26 15:27:23 Image size of job updated: 22622704
	20442  -  MemoryUsage of job (MB)
	20932588  -  ResidentSetSize of job (KB)
...
006 (111523238.042.000) 04/26 15:32:23 Image size of job updated: 22975372
	20442  -  MemoryUsage of job (MB)
	20932588  -  ResidentSetSize of job (KB)
...
006 (111523238.042.000) 04/26 15:37:00 Image size of job updated: 23079636
	20442  -  MemoryUsage of job (MB)
	20932588  -  ResidentSetSize of job (KB)
...
005 (111523238.042.000) 04/26 15:37:04 Job terminated.
	(1) Normal termination (return value 0)
		Usr 0 02:04:53, Sys 0 00:02:13  -  Run Remote Usage
		Usr 0 00:00:00, Sys 0 00:00:00  -  Run Local Usage
		Usr 0 02:04:53, Sys 0 00:02:13  -  Total Remote Usage
		Usr 0 00:00:00, Sys 0 00:00:00  -  Total Local Usage
	22326712  -  Run Bytes Sent By Job
	1780294400  -  Run Bytes Received By Job
	22326712  -  Total Bytes Sent By Job
	1780294400  -  Total Bytes Received By Job
	Partitionable Resources :      Usage  Request Allocated 
	   Cpus                 :       0.01        1         1 
	   Disk (KB)            : 6851530    20971520  21262869 
	   Ioheavy              :                             0 
	   Memory (MB)          :   20442       20480     20480 
...
