000 (111523238.077.000) 04/26 11:15:00 Job submitted from host: <128.104.100.44:9618?addrs=128.104.100.44-9618+[2607-f388-107c-501-90e2-baff-fe2c-2724]-9618&noUDP&sock=4699_0235_3>
...
001 (111523238.077.000) 04/26 12:20:07 Job executing on host: <128.105.245.152:9618?addrs=128.105.245.152-9618&noUDP&sock=5500_1efa_3>
...
006 (111523238.077.000) 04/26 12:20:15 Image size of job updated: 620
	1  -  MemoryUsage of job (MB)
	620  -  ResidentSetSize of job (KB)
...
006 (111523238.077.000) 04/26 12:25:15 Image size of job updated: 628
	1  -  MemoryUsage of job (MB)
	628  -  ResidentSetSize of job (KB)
...
006 (111523238.077.000) 04/26 12:30:15 Image size of job updated: 632
	1  -  MemoryUsage of job (MB)
	632  -  ResidentSetSize of job (KB)
...
006 (111523238.077.000) 04/26 12:35:15 Image size of job updated: 636
	1  -  MemoryUsage of job (MB)
	636  -  ResidentSetSize of job (KB)
...
006 (111523238.077.000) 04/26 12:40:16 Image size of job updated: 652
	1  -  MemoryUsage of job (MB)
	652  -  ResidentSetSize of job (KB)
...
006 (111523238.077.000) 04/26 12:50:17 Image size of job updated: 656
	1  -  MemoryUsage of job (MB)
	656  -  ResidentSetSize of job (KB)
...
006 (111523238.077.000) 04/26 12:55:18 Image size of job updated: 668
	1  -  MemoryUsage of job (MB)
	668  -  ResidentSetSize of job (KB)
...
006 (111523238.077.000) 04/26 13:00:19 Image size of job updated: 431432
	346  -  MemoryUsage of job (MB)
	353436  -  ResidentSetSize of job (KB)
...
006 (111523238.077.000) 04/26 13:05:20 Image size of job updated: 676228
	585  -  MemoryUsage of job (MB)
	598232  -  ResidentSetSize of job (KB)
...
006 (111523238.077.000) 04/26 13:10:20 Image size of job updated: 1007464
	908  -  MemoryUsage of job (MB)
	929412  -  ResidentSetSize of job (KB)
...
006 (111523238.077.000) 04/26 13:15:20 Image size of job updated: 1549120
	1437  -  MemoryUsage of job (MB)
	1471068  -  ResidentSetSize of job (KB)
...
006 (111523238.077.000) 04/26 13:20:21 Image size of job updated: 2207120
	2080  -  MemoryUsage of job (MB)
	2129068  -  ResidentSetSize of job (KB)
...
006 (111523238.077.000) 04/26 13:25:22 Image size of job updated: 2895848
	2752  -  MemoryUsage of job (MB)
	2817796  -  ResidentSetSize of job (KB)
...
006 (111523238.077.000) 04/26 13:30:22 Image size of job updated: 3371392
	3217  -  MemoryUsage of job (MB)
	3293340  -  ResidentSetSize of job (KB)
...
006 (111523238.077.000) 04/26 13:35:22 Image size of job updated: 3682904
	3521  -  MemoryUsage of job (MB)
	3604852  -  ResidentSetSize of job (KB)
...
006 (111523238.077.000) 04/26 13:40:22 Image size of job updated: 4079856
	3909  -  MemoryUsage of job (MB)
	4001804  -  ResidentSetSize of job (KB)
...
006 (111523238.077.000) 04/26 13:45:23 Image size of job updated: 4353060
	4175  -  MemoryUsage of job (MB)
	4275008  -  ResidentSetSize of job (KB)
...
006 (111523238.077.000) 04/26 13:50:24 Image size of job updated: 4613196
	4429  -  MemoryUsage of job (MB)
	4535144  -  ResidentSetSize of job (KB)
...
006 (111523238.077.000) 04/26 13:55:24 Image size of job updated: 5117344
	4922  -  MemoryUsage of job (MB)
	5039292  -  ResidentSetSize of job (KB)
...
006 (111523238.077.000) 04/26 14:00:25 Image size of job updated: 6072672
	5855  -  MemoryUsage of job (MB)
	5994620  -  ResidentSetSize of job (KB)
...
006 (111523238.077.000) 04/26 14:05:27 Image size of job updated: 6909064
	6671  -  MemoryUsage of job (MB)
	6831012  -  ResidentSetSize of job (KB)
...
006 (111523238.077.000) 04/26 14:10:27 Image size of job updated: 8110308
	7844  -  MemoryUsage of job (MB)
	8032256  -  ResidentSetSize of job (KB)
...
006 (111523238.077.000) 04/26 14:15:27 Image size of job updated: 9083216
	8795  -  MemoryUsage of job (MB)
	9005164  -  ResidentSetSize of job (KB)
...
006 (111523238.077.000) 04/26 14:20:27 Image size of job updated: 9679696
	9377  -  MemoryUsage of job (MB)
	9601644  -  ResidentSetSize of job (KB)
...
006 (111523238.077.000) 04/26 14:25:27 Image size of job updated: 10177120
	9863  -  MemoryUsage of job (MB)
	10099068  -  ResidentSetSize of job (KB)
...
006 (111523238.077.000) 04/26 14:30:27 Image size of job updated: 11100304
	10764  -  MemoryUsage of job (MB)
	11022252  -  ResidentSetSize of job (KB)
...
006 (111523238.077.000) 04/26 14:35:28 Image size of job updated: 11886720
	11532  -  MemoryUsage of job (MB)
	11808668  -  ResidentSetSize of job (KB)
...
006 (111523238.077.000) 04/26 14:40:29 Image size of job updated: 12666276
	12294  -  MemoryUsage of job (MB)
	12588224  -  ResidentSetSize of job (KB)
...
006 (111523238.077.000) 04/26 14:45:30 Image size of job updated: 13602340
	13208  -  MemoryUsage of job (MB)
	13524288  -  ResidentSetSize of job (KB)
...
006 (111523238.077.000) 04/26 14:50:31 Image size of job updated: 14733536
	14312  -  MemoryUsage of job (MB)
	14655484  -  ResidentSetSize of job (KB)
...
006 (111523238.077.000) 04/26 14:55:31 Image size of job updated: 15579664
	15135  -  MemoryUsage of job (MB)
	15497772  -  ResidentSetSize of job (KB)
...
006 (111523238.077.000) 04/26 15:00:32 Image size of job updated: 16508088
	16033  -  MemoryUsage of job (MB)
	16417744  -  ResidentSetSize of job (KB)
...
006 (111523238.077.000) 04/26 15:05:33 Image size of job updated: 17328764
	16832  -  MemoryUsage of job (MB)
	17235924  -  ResidentSetSize of job (KB)
...
006 (111523238.077.000) 04/26 15:10:33 Image size of job updated: 18256596
	17734  -  MemoryUsage of job (MB)
	18159196  -  ResidentSetSize of job (KB)
...
006 (111523238.077.000) 04/26 15:15:33 Image size of job updated: 19147252
	18591  -  MemoryUsage of job (MB)
	19037048  -  ResidentSetSize of job (KB)
...
006 (111523238.077.000) 04/26 15:20:34 Image size of job updated: 19481880
	18907  -  MemoryUsage of job (MB)
	19360272  -  ResidentSetSize of job (KB)
...
006 (111523238.077.000) 04/26 15:25:34 Image size of job updated: 19812040
	19220  -  MemoryUsage of job (MB)
	19680272  -  ResidentSetSize of job (KB)
...
006 (111523238.077.000) 04/26 15:30:34 Image size of job updated: 20229060
	19609  -  MemoryUsage of job (MB)
	20079392  -  ResidentSetSize of job (KB)
...
006 (111523238.077.000) 04/26 15:35:34 Image size of job updated: 20463440
	19814  -  MemoryUsage of job (MB)
	20288968  -  ResidentSetSize of job (KB)
...
006 (111523238.077.000) 04/26 15:40:34 Image size of job updated: 20586936
	19910  -  MemoryUsage of job (MB)
	20387040  -  ResidentSetSize of job (KB)
...
006 (111523238.077.000) 04/26 15:45:34 Image size of job updated: 20809812
	20094  -  MemoryUsage of job (MB)
	20575952  -  ResidentSetSize of job (KB)
...
006 (111523238.077.000) 04/26 15:50:34 Image size of job updated: 20922356
	20166  -  MemoryUsage of job (MB)
	20649500  -  ResidentSetSize of job (KB)
...
006 (111523238.077.000) 04/26 15:55:34 Image size of job updated: 21132212
	20324  -  MemoryUsage of job (MB)
	20811660  -  ResidentSetSize of job (KB)
...
006 (111523238.077.000) 04/26 16:00:35 Image size of job updated: 21278564
	20374  -  MemoryUsage of job (MB)
	20862284  -  ResidentSetSize of job (KB)
...
006 (111523238.077.000) 04/26 16:05:37 Image size of job updated: 21512220
	20432  -  MemoryUsage of job (MB)
	20921640  -  ResidentSetSize of job (KB)
...
006 (111523238.077.000) 04/26 16:10:37 Image size of job updated: 21812492
	20442  -  MemoryUsage of job (MB)
	20931788  -  ResidentSetSize of job (KB)
...
006 (111523238.077.000) 04/26 16:15:38 Image size of job updated: 21912040
	20442  -  MemoryUsage of job (MB)
	20931788  -  ResidentSetSize of job (KB)
...
006 (111523238.077.000) 04/26 16:20:39 Image size of job updated: 22135880
	20448  -  MemoryUsage of job (MB)
	20937800  -  ResidentSetSize of job (KB)
...
006 (111523238.077.000) 04/26 16:25:40 Image size of job updated: 22176532
	20448  -  MemoryUsage of job (MB)
	20937800  -  ResidentSetSize of job (KB)
...
006 (111523238.077.000) 04/26 16:30:41 Image size of job updated: 22296688
	20448  -  MemoryUsage of job (MB)
	20937800  -  ResidentSetSize of job (KB)
...
006 (111523238.077.000) 04/26 16:35:42 Image size of job updated: 22491700
	20454  -  MemoryUsage of job (MB)
	20944368  -  ResidentSetSize of job (KB)
...
006 (111523238.077.000) 04/26 16:40:42 Image size of job updated: 22598920
	20454  -  MemoryUsage of job (MB)
	20944368  -  ResidentSetSize of job (KB)
...
006 (111523238.077.000) 04/26 16:45:47 Image size of job updated: 22694376
	20454  -  MemoryUsage of job (MB)
	20944368  -  ResidentSetSize of job (KB)
...
006 (111523238.077.000) 04/26 16:50:44 Image size of job updated: 22833496
	20454  -  MemoryUsage of job (MB)
	20944368  -  ResidentSetSize of job (KB)
...
006 (111523238.077.000) 04/26 16:55:44 Image size of job updated: 22902440
	20454  -  MemoryUsage of job (MB)
	20944368  -  ResidentSetSize of job (KB)
...
006 (111523238.077.000) 04/26 17:00:44 Image size of job updated: 22961624
	20454  -  MemoryUsage of job (MB)
	20944368  -  ResidentSetSize of job (KB)
...
006 (111523238.077.000) 04/26 17:05:45 Image size of job updated: 23014128
	20454  -  MemoryUsage of job (MB)
	20944368  -  ResidentSetSize of job (KB)
...
006 (111523238.077.000) 04/26 17:10:27 Image size of job updated: 23079712
	20454  -  MemoryUsage of job (MB)
	20944368  -  ResidentSetSize of job (KB)
...
005 (111523238.077.000) 04/26 17:10:28 Job terminated.
	(1) Normal termination (return value 0)
		Usr 0 01:49:13, Sys 0 00:02:01  -  Run Remote Usage
		Usr 0 00:00:00, Sys 0 00:00:00  -  Run Local Usage
		Usr 0 01:49:13, Sys 0 00:02:01  -  Total Remote Usage
		Usr 0 00:00:00, Sys 0 00:00:00  -  Total Local Usage
	22096896  -  Run Bytes Sent By Job
	1780294400  -  Run Bytes Received By Job
	22096896  -  Total Bytes Sent By Job
	1780294400  -  Total Bytes Received By Job
	Partitionable Resources :      Usage  Request Allocated 
	   Cpus                 :       0.05        1         1 
	   Disk (KB)            : 6851307    20971520  21381859 
	   Ioheavy              :                             0 
	   Memory (MB)          :   20454       20480     20480 
...
