000 (111523238.059.000) 04/26 11:15:00 Job submitted from host: <128.104.100.44:9618?addrs=128.104.100.44-9618+[2607-f388-107c-501-90e2-baff-fe2c-2724]-9618&noUDP&sock=4699_0235_3>
...
001 (111523238.059.000) 04/26 12:14:10 Job executing on host: <128.105.245.136:9618?addrs=128.105.245.136-9618&noUDP&sock=25391_b14a_25>
...
006 (111523238.059.000) 04/26 12:14:19 Image size of job updated: 624
	1  -  MemoryUsage of job (MB)
	624  -  ResidentSetSize of job (KB)
...
006 (111523238.059.000) 04/26 12:19:20 Image size of job updated: 648
	1  -  MemoryUsage of job (MB)
	648  -  ResidentSetSize of job (KB)
...
006 (111523238.059.000) 04/26 12:24:20 Image size of job updated: 429852
	344  -  MemoryUsage of job (MB)
	351852  -  ResidentSetSize of job (KB)
...
006 (111523238.059.000) 04/26 12:29:21 Image size of job updated: 870604
	774  -  MemoryUsage of job (MB)
	792548  -  ResidentSetSize of job (KB)
...
006 (111523238.059.000) 04/26 12:34:21 Image size of job updated: 1399428
	1291  -  MemoryUsage of job (MB)
	1321372  -  ResidentSetSize of job (KB)
...
006 (111523238.059.000) 04/26 12:39:21 Image size of job updated: 2162704
	2036  -  MemoryUsage of job (MB)
	2084648  -  ResidentSetSize of job (KB)
...
006 (111523238.059.000) 04/26 12:44:22 Image size of job updated: 2978792
	2833  -  MemoryUsage of job (MB)
	2900736  -  ResidentSetSize of job (KB)
...
006 (111523238.059.000) 04/26 12:49:23 Image size of job updated: 3984460
	3815  -  MemoryUsage of job (MB)
	3906404  -  ResidentSetSize of job (KB)
...
006 (111523238.059.000) 04/26 12:54:24 Image size of job updated: 4934296
	4743  -  MemoryUsage of job (MB)
	4856240  -  ResidentSetSize of job (KB)
...
006 (111523238.059.000) 04/26 12:59:25 Image size of job updated: 5874120
	5661  -  MemoryUsage of job (MB)
	5796064  -  ResidentSetSize of job (KB)
...
006 (111523238.059.000) 04/26 13:04:26 Image size of job updated: 6734988
	6501  -  MemoryUsage of job (MB)
	6656932  -  ResidentSetSize of job (KB)
...
006 (111523238.059.000) 04/26 13:09:25 Image size of job updated: 7586976
	7333  -  MemoryUsage of job (MB)
	7508920  -  ResidentSetSize of job (KB)
...
006 (111523238.059.000) 04/26 13:14:26 Image size of job updated: 8479220
	8205  -  MemoryUsage of job (MB)
	8401164  -  ResidentSetSize of job (KB)
...
006 (111523238.059.000) 04/26 13:19:26 Image size of job updated: 9432248
	9135  -  MemoryUsage of job (MB)
	9354192  -  ResidentSetSize of job (KB)
...
006 (111523238.059.000) 04/26 13:24:27 Image size of job updated: 10333652
	10016  -  MemoryUsage of job (MB)
	10255596  -  ResidentSetSize of job (KB)
...
006 (111523238.059.000) 04/26 13:29:28 Image size of job updated: 11167416
	10830  -  MemoryUsage of job (MB)
	11089360  -  ResidentSetSize of job (KB)
...
006 (111523238.059.000) 04/26 13:34:28 Image size of job updated: 12096640
	11737  -  MemoryUsage of job (MB)
	12018584  -  ResidentSetSize of job (KB)
...
006 (111523238.059.000) 04/26 13:39:29 Image size of job updated: 12778780
	12404  -  MemoryUsage of job (MB)
	12700724  -  ResidentSetSize of job (KB)
...
006 (111523238.059.000) 04/26 13:44:29 Image size of job updated: 13613588
	13219  -  MemoryUsage of job (MB)
	13535532  -  ResidentSetSize of job (KB)
...
006 (111523238.059.000) 04/26 13:49:29 Image size of job updated: 14492296
	14077  -  MemoryUsage of job (MB)
	14414240  -  ResidentSetSize of job (KB)
...
006 (111523238.059.000) 04/26 13:54:29 Image size of job updated: 15266248
	14833  -  MemoryUsage of job (MB)
	15188192  -  ResidentSetSize of job (KB)
...
006 (111523238.059.000) 04/26 13:59:29 Image size of job updated: 16070704
	15618  -  MemoryUsage of job (MB)
	15992648  -  ResidentSetSize of job (KB)
...
006 (111523238.059.000) 04/26 14:04:30 Image size of job updated: 16764304
	16294  -  MemoryUsage of job (MB)
	16684216  -  ResidentSetSize of job (KB)
...
006 (111523238.059.000) 04/26 14:09:31 Image size of job updated: 17564108
	17066  -  MemoryUsage of job (MB)
	17475548  -  ResidentSetSize of job (KB)
...
006 (111523238.059.000) 04/26 14:14:32 Image size of job updated: 18326320
	17805  -  MemoryUsage of job (MB)
	18232288  -  ResidentSetSize of job (KB)
...
006 (111523238.059.000) 04/26 14:19:33 Image size of job updated: 19233668
	18690  -  MemoryUsage of job (MB)
	19138088  -  ResidentSetSize of job (KB)
...
006 (111523238.059.000) 04/26 14:24:33 Image size of job updated: 20136220
	19565  -  MemoryUsage of job (MB)
	20034412  -  ResidentSetSize of job (KB)
...
006 (111523238.059.000) 04/26 14:29:33 Image size of job updated: 20856264
	20209  -  MemoryUsage of job (MB)
	20693312  -  ResidentSetSize of job (KB)
...
006 (111523238.059.000) 04/26 14:34:33 Image size of job updated: 21455224
	20442  -  MemoryUsage of job (MB)
	20932584  -  ResidentSetSize of job (KB)
...
006 (111523238.059.000) 04/26 14:39:34 Image size of job updated: 22061048
	20463  -  MemoryUsage of job (MB)
	20953148  -  ResidentSetSize of job (KB)
...
006 (111523238.059.000) 04/26 14:44:35 Image size of job updated: 22672300
	20463  -  MemoryUsage of job (MB)
	20953148  -  ResidentSetSize of job (KB)
...
006 (111523238.059.000) 04/26 14:49:36 Image size of job updated: 23523036
	20466  -  MemoryUsage of job (MB)
	20956524  -  ResidentSetSize of job (KB)
...
006 (111523238.059.000) 04/26 14:54:36 Image size of job updated: 24053996
	20466  -  MemoryUsage of job (MB)
	20956524  -  ResidentSetSize of job (KB)
...
006 (111523238.059.000) 04/26 14:59:36 Image size of job updated: 24541172
	20466  -  MemoryUsage of job (MB)
	20956524  -  ResidentSetSize of job (KB)
...
006 (111523238.059.000) 04/26 15:04:36 Image size of job updated: 25017504
	20466  -  MemoryUsage of job (MB)
	20956524  -  ResidentSetSize of job (KB)
...
006 (111523238.059.000) 04/26 15:09:37 Image size of job updated: 25509708
	20466  -  MemoryUsage of job (MB)
	20956524  -  ResidentSetSize of job (KB)
...
006 (111523238.059.000) 04/26 15:13:33 Image size of job updated: 25657284
	20466  -  MemoryUsage of job (MB)
	20956524  -  ResidentSetSize of job (KB)
...
005 (111523238.059.000) 04/26 15:13:40 Job terminated.
	(1) Normal termination (return value 0)
		Usr 0 02:40:54, Sys 0 00:02:41  -  Run Remote Usage
		Usr 0 00:00:00, Sys 0 00:00:00  -  Run Local Usage
		Usr 0 02:40:54, Sys 0 00:02:41  -  Total Remote Usage
		Usr 0 00:00:00, Sys 0 00:00:00  -  Total Local Usage
	25407300  -  Run Bytes Sent By Job
	1780294400  -  Run Bytes Received By Job
	25407300  -  Total Bytes Sent By Job
	1780294400  -  Total Bytes Received By Job
	Partitionable Resources :      Usage  Request Allocated 
	   Cpus                 :       0.01        1         1 
	   Disk (KB)            : 6893948    20971520  21384350 
	   Ioheavy              :                             0 
	   Memory (MB)          :   20466       20480     20480 
...
