000 (111523238.058.000) 04/26 11:15:00 Job submitted from host: <128.104.100.44:9618?addrs=128.104.100.44-9618+[2607-f388-107c-501-90e2-baff-fe2c-2724]-9618&noUDP&sock=4699_0235_3>
...
001 (111523238.058.000) 04/26 12:09:57 Job executing on host: <128.105.245.181:9618?addrs=128.105.245.181-9618&noUDP&sock=5448_740d_3>
...
006 (111523238.058.000) 04/26 12:10:06 Image size of job updated: 624
	1  -  MemoryUsage of job (MB)
	624  -  ResidentSetSize of job (KB)
...
006 (111523238.058.000) 04/26 12:15:08 Image size of job updated: 648
	1  -  MemoryUsage of job (MB)
	648  -  ResidentSetSize of job (KB)
...
006 (111523238.058.000) 04/26 12:20:08 Image size of job updated: 660
	1  -  MemoryUsage of job (MB)
	660  -  ResidentSetSize of job (KB)
...
006 (111523238.058.000) 04/26 12:25:09 Image size of job updated: 537404
	449  -  MemoryUsage of job (MB)
	459404  -  ResidentSetSize of job (KB)
...
006 (111523238.058.000) 04/26 12:30:11 Image size of job updated: 1034140
	934  -  MemoryUsage of job (MB)
	956084  -  ResidentSetSize of job (KB)
...
006 (111523238.058.000) 04/26 12:35:11 Image size of job updated: 1633412
	1519  -  MemoryUsage of job (MB)
	1555356  -  ResidentSetSize of job (KB)
...
006 (111523238.058.000) 04/26 12:40:11 Image size of job updated: 2403400
	2271  -  MemoryUsage of job (MB)
	2325344  -  ResidentSetSize of job (KB)
...
006 (111523238.058.000) 04/26 12:45:12 Image size of job updated: 3260472
	3108  -  MemoryUsage of job (MB)
	3182416  -  ResidentSetSize of job (KB)
...
006 (111523238.058.000) 04/26 12:50:12 Image size of job updated: 4224580
	4050  -  MemoryUsage of job (MB)
	4146524  -  ResidentSetSize of job (KB)
...
006 (111523238.058.000) 04/26 12:55:13 Image size of job updated: 5121096
	4925  -  MemoryUsage of job (MB)
	5043040  -  ResidentSetSize of job (KB)
...
006 (111523238.058.000) 04/26 13:00:13 Image size of job updated: 6045084
	5828  -  MemoryUsage of job (MB)
	5967028  -  ResidentSetSize of job (KB)
...
006 (111523238.058.000) 04/26 13:05:15 Image size of job updated: 6860328
	6624  -  MemoryUsage of job (MB)
	6782272  -  ResidentSetSize of job (KB)
...
006 (111523238.058.000) 04/26 13:10:15 Image size of job updated: 7714320
	7458  -  MemoryUsage of job (MB)
	7636264  -  ResidentSetSize of job (KB)
...
006 (111523238.058.000) 04/26 13:15:16 Image size of job updated: 8630332
	8352  -  MemoryUsage of job (MB)
	8552276  -  ResidentSetSize of job (KB)
...
006 (111523238.058.000) 04/26 13:20:16 Image size of job updated: 9451604
	9154  -  MemoryUsage of job (MB)
	9373548  -  ResidentSetSize of job (KB)
...
006 (111523238.058.000) 04/26 13:25:16 Image size of job updated: 10211352
	9896  -  MemoryUsage of job (MB)
	10133296  -  ResidentSetSize of job (KB)
...
006 (111523238.058.000) 04/26 13:30:18 Image size of job updated: 10941940
	10610  -  MemoryUsage of job (MB)
	10863884  -  ResidentSetSize of job (KB)
...
006 (111523238.058.000) 04/26 13:35:17 Image size of job updated: 11734156
	11383  -  MemoryUsage of job (MB)
	11656100  -  ResidentSetSize of job (KB)
...
006 (111523238.058.000) 04/26 13:40:18 Image size of job updated: 12537384
	12168  -  MemoryUsage of job (MB)
	12459328  -  ResidentSetSize of job (KB)
...
006 (111523238.058.000) 04/26 13:45:18 Image size of job updated: 13204252
	12819  -  MemoryUsage of job (MB)
	13126196  -  ResidentSetSize of job (KB)
...
006 (111523238.058.000) 04/26 13:50:19 Image size of job updated: 13979676
	13576  -  MemoryUsage of job (MB)
	13901620  -  ResidentSetSize of job (KB)
...
006 (111523238.058.000) 04/26 13:55:19 Image size of job updated: 14745840
	14325  -  MemoryUsage of job (MB)
	14667784  -  ResidentSetSize of job (KB)
...
006 (111523238.058.000) 04/26 14:00:21 Image size of job updated: 15235048
	14802  -  MemoryUsage of job (MB)
	15156480  -  ResidentSetSize of job (KB)
...
006 (111523238.058.000) 04/26 14:05:21 Image size of job updated: 15957060
	15506  -  MemoryUsage of job (MB)
	15877212  -  ResidentSetSize of job (KB)
...
006 (111523238.058.000) 04/26 14:10:21 Image size of job updated: 16732672
	16262  -  MemoryUsage of job (MB)
	16652064  -  ResidentSetSize of job (KB)
...
006 (111523238.058.000) 04/26 14:15:23 Image size of job updated: 17633272
	17141  -  MemoryUsage of job (MB)
	17552092  -  ResidentSetSize of job (KB)
...
006 (111523238.058.000) 04/26 14:20:23 Image size of job updated: 18581500
	18067  -  MemoryUsage of job (MB)
	18499676  -  ResidentSetSize of job (KB)
...
006 (111523238.058.000) 04/26 14:25:23 Image size of job updated: 19522868
	18976  -  MemoryUsage of job (MB)
	19430620  -  ResidentSetSize of job (KB)
...
006 (111523238.058.000) 04/26 14:30:23 Image size of job updated: 20411100
	19801  -  MemoryUsage of job (MB)
	20276160  -  ResidentSetSize of job (KB)
...
006 (111523238.058.000) 04/26 14:35:24 Image size of job updated: 21194808
	20392  -  MemoryUsage of job (MB)
	20880740  -  ResidentSetSize of job (KB)
...
006 (111523238.058.000) 04/26 14:40:24 Image size of job updated: 21788976
	20444  -  MemoryUsage of job (MB)
	20934024  -  ResidentSetSize of job (KB)
...
006 (111523238.058.000) 04/26 14:45:24 Image size of job updated: 21938168
	20444  -  MemoryUsage of job (MB)
	20934024  -  ResidentSetSize of job (KB)
...
006 (111523238.058.000) 04/26 14:50:25 Image size of job updated: 22292200
	20444  -  MemoryUsage of job (MB)
	20934024  -  ResidentSetSize of job (KB)
...
006 (111523238.058.000) 04/26 14:55:25 Image size of job updated: 22843504
	20453  -  MemoryUsage of job (MB)
	20943768  -  ResidentSetSize of job (KB)
...
006 (111523238.058.000) 04/26 14:58:59 Image size of job updated: 23094232
	20453  -  MemoryUsage of job (MB)
	20943768  -  ResidentSetSize of job (KB)
...
005 (111523238.058.000) 04/26 14:59:02 Job terminated.
	(1) Normal termination (return value 0)
		Usr 0 02:14:47, Sys 0 00:02:33  -  Run Remote Usage
		Usr 0 00:00:00, Sys 0 00:00:00  -  Run Local Usage
		Usr 0 02:14:47, Sys 0 00:02:33  -  Total Remote Usage
		Usr 0 00:00:00, Sys 0 00:00:00  -  Total Local Usage
	22332646  -  Run Bytes Sent By Job
	1780294400  -  Run Bytes Received By Job
	22332646  -  Total Bytes Sent By Job
	1780294400  -  Total Bytes Received By Job
	Partitionable Resources :      Usage  Request Allocated 
	   Cpus                 :       0.69        1         1 
	   Disk (KB)            : 6851536    20971520  21409613 
	   Ioheavy              :                             0 
	   Memory (MB)          :   20453       20480     20480 
...
