000 (111523238.149.000) 04/26 11:15:00 Job submitted from host: <128.104.100.44:9618?addrs=128.104.100.44-9618+[2607-f388-107c-501-90e2-baff-fe2c-2724]-9618&noUDP&sock=4699_0235_3>
...
001 (111523238.149.000) 04/26 14:54:33 Job executing on host: <128.105.245.195:9618?addrs=128.105.245.195-9618&noUDP&sock=5498_bfc9_3>
...
006 (111523238.149.000) 04/26 14:54:42 Image size of job updated: 632
	1  -  MemoryUsage of job (MB)
	632  -  ResidentSetSize of job (KB)
...
006 (111523238.149.000) 04/26 14:59:42 Image size of job updated: 656
	1  -  MemoryUsage of job (MB)
	656  -  ResidentSetSize of job (KB)
...
006 (111523238.149.000) 04/26 15:04:43 Image size of job updated: 672
	1  -  MemoryUsage of job (MB)
	672  -  ResidentSetSize of job (KB)
...
006 (111523238.149.000) 04/26 15:09:44 Image size of job updated: 485136
	398  -  MemoryUsage of job (MB)
	407140  -  ResidentSetSize of job (KB)
...
006 (111523238.149.000) 04/26 15:14:45 Image size of job updated: 922884
	826  -  MemoryUsage of job (MB)
	844832  -  ResidentSetSize of job (KB)
...
006 (111523238.149.000) 04/26 15:19:45 Image size of job updated: 1479540
	1369  -  MemoryUsage of job (MB)
	1401488  -  ResidentSetSize of job (KB)
...
006 (111523238.149.000) 04/26 15:24:45 Image size of job updated: 2226176
	2098  -  MemoryUsage of job (MB)
	2148124  -  ResidentSetSize of job (KB)
...
006 (111523238.149.000) 04/26 15:29:45 Image size of job updated: 3061224
	2914  -  MemoryUsage of job (MB)
	2983172  -  ResidentSetSize of job (KB)
...
006 (111523238.149.000) 04/26 15:34:46 Image size of job updated: 4214728
	4040  -  MemoryUsage of job (MB)
	4136676  -  ResidentSetSize of job (KB)
...
006 (111523238.149.000) 04/26 15:39:47 Image size of job updated: 5388120
	5186  -  MemoryUsage of job (MB)
	5310068  -  ResidentSetSize of job (KB)
...
006 (111523238.149.000) 04/26 15:44:48 Image size of job updated: 6446936
	6220  -  MemoryUsage of job (MB)
	6368884  -  ResidentSetSize of job (KB)
...
006 (111523238.149.000) 04/26 15:49:49 Image size of job updated: 7389832
	7141  -  MemoryUsage of job (MB)
	7311780  -  ResidentSetSize of job (KB)
...
006 (111523238.149.000) 04/26 15:54:49 Image size of job updated: 8178616
	7911  -  MemoryUsage of job (MB)
	8100564  -  ResidentSetSize of job (KB)
...
006 (111523238.149.000) 04/26 15:59:50 Image size of job updated: 8833840
	8551  -  MemoryUsage of job (MB)
	8755788  -  ResidentSetSize of job (KB)
...
006 (111523238.149.000) 04/26 16:04:50 Image size of job updated: 9282060
	8989  -  MemoryUsage of job (MB)
	9204008  -  ResidentSetSize of job (KB)
...
006 (111523238.149.000) 04/26 16:09:52 Image size of job updated: 9938352
	9630  -  MemoryUsage of job (MB)
	9860300  -  ResidentSetSize of job (KB)
...
006 (111523238.149.000) 04/26 16:14:52 Image size of job updated: 10509092
	10187  -  MemoryUsage of job (MB)
	10431040  -  ResidentSetSize of job (KB)
...
006 (111523238.149.000) 04/26 16:19:52 Image size of job updated: 11299060
	10959  -  MemoryUsage of job (MB)
	11221008  -  ResidentSetSize of job (KB)
...
006 (111523238.149.000) 04/26 16:24:53 Image size of job updated: 12104604
	11745  -  MemoryUsage of job (MB)
	12026552  -  ResidentSetSize of job (KB)
...
006 (111523238.149.000) 04/26 16:29:54 Image size of job updated: 12747916
	12373  -  MemoryUsage of job (MB)
	12669864  -  ResidentSetSize of job (KB)
...
006 (111523238.149.000) 04/26 16:34:55 Image size of job updated: 13590528
	13196  -  MemoryUsage of job (MB)
	13512476  -  ResidentSetSize of job (KB)
...
006 (111523238.149.000) 04/26 16:39:55 Image size of job updated: 14483284
	14068  -  MemoryUsage of job (MB)
	14405232  -  ResidentSetSize of job (KB)
...
006 (111523238.149.000) 04/26 16:44:55 Image size of job updated: 15077536
	14648  -  MemoryUsage of job (MB)
	14999484  -  ResidentSetSize of job (KB)
...
006 (111523238.149.000) 04/26 16:49:56 Image size of job updated: 15963716
	15514  -  MemoryUsage of job (MB)
	15885664  -  ResidentSetSize of job (KB)
...
006 (111523238.149.000) 04/26 16:54:57 Image size of job updated: 16767444
	16298  -  MemoryUsage of job (MB)
	16688752  -  ResidentSetSize of job (KB)
...
006 (111523238.149.000) 04/26 16:59:57 Image size of job updated: 17353644
	16869  -  MemoryUsage of job (MB)
	17273216  -  ResidentSetSize of job (KB)
...
006 (111523238.149.000) 04/26 17:04:57 Image size of job updated: 17906064
	17406  -  MemoryUsage of job (MB)
	17823416  -  ResidentSetSize of job (KB)
...
006 (111523238.149.000) 04/26 17:09:57 Image size of job updated: 18459184
	17943  -  MemoryUsage of job (MB)
	18373564  -  ResidentSetSize of job (KB)
...
006 (111523238.149.000) 04/26 17:14:58 Image size of job updated: 19149456
	18612  -  MemoryUsage of job (MB)
	19057972  -  ResidentSetSize of job (KB)
...
006 (111523238.149.000) 04/26 17:19:59 Image size of job updated: 19866112
	19293  -  MemoryUsage of job (MB)
	19755200  -  ResidentSetSize of job (KB)
...
006 (111523238.149.000) 04/26 17:24:59 Image size of job updated: 20583464
	19936  -  MemoryUsage of job (MB)
	20414172  -  ResidentSetSize of job (KB)
...
006 (111523238.149.000) 04/26 17:30:00 Image size of job updated: 21414228
	20442  -  MemoryUsage of job (MB)
	20932472  -  ResidentSetSize of job (KB)
...
006 (111523238.149.000) 04/26 17:35:01 Image size of job updated: 21925720
	20442  -  MemoryUsage of job (MB)
	20932472  -  ResidentSetSize of job (KB)
...
006 (111523238.149.000) 04/26 17:40:01 Image size of job updated: 22500712
	20450  -  MemoryUsage of job (MB)
	20940096  -  ResidentSetSize of job (KB)
...
006 (111523238.149.000) 04/26 17:43:48 Image size of job updated: 23075604
	20451  -  MemoryUsage of job (MB)
	20940812  -  ResidentSetSize of job (KB)
...
005 (111523238.149.000) 04/26 17:43:50 Job terminated.
	(1) Normal termination (return value 0)
		Usr 0 02:10:43, Sys 0 00:02:04  -  Run Remote Usage
		Usr 0 00:00:00, Sys 0 00:00:00  -  Run Local Usage
		Usr 0 02:10:43, Sys 0 00:02:04  -  Total Remote Usage
		Usr 0 00:00:00, Sys 0 00:00:00  -  Total Local Usage
	22348896  -  Run Bytes Sent By Job
	1780294400  -  Run Bytes Received By Job
	22348896  -  Total Bytes Sent By Job
	1780294400  -  Total Bytes Received By Job
	Partitionable Resources :      Usage  Request Allocated 
	   Cpus                 :       0.98        1         1 
	   Disk (KB)            : 6851552    20971520  21333817 
	   Ioheavy              :                             0 
	   Memory (MB)          :   20451       20480     20480 
...
