000 (111523238.020.000) 04/26 11:15:00 Job submitted from host: <128.104.100.44:9618?addrs=128.104.100.44-9618+[2607-f388-107c-501-90e2-baff-fe2c-2724]-9618&noUDP&sock=4699_0235_3>
...
001 (111523238.020.000) 04/26 11:58:45 Job executing on host: <128.105.245.217:9618?addrs=128.105.245.217-9618&noUDP&sock=5464_e5ec_3>
...
006 (111523238.020.000) 04/26 11:58:53 Image size of job updated: 616
	1  -  MemoryUsage of job (MB)
	616  -  ResidentSetSize of job (KB)
...
006 (111523238.020.000) 04/26 12:03:53 Image size of job updated: 624
	1  -  MemoryUsage of job (MB)
	624  -  ResidentSetSize of job (KB)
...
006 (111523238.020.000) 04/26 12:09:01 Image size of job updated: 644
	1  -  MemoryUsage of job (MB)
	644  -  ResidentSetSize of job (KB)
...
006 (111523238.020.000) 04/26 12:13:55 Image size of job updated: 648
	1  -  MemoryUsage of job (MB)
	648  -  ResidentSetSize of job (KB)
...
006 (111523238.020.000) 04/26 12:18:56 Image size of job updated: 664
	1  -  MemoryUsage of job (MB)
	664  -  ResidentSetSize of job (KB)
...
006 (111523238.020.000) 04/26 12:23:57 Image size of job updated: 355284
	271  -  MemoryUsage of job (MB)
	277288  -  ResidentSetSize of job (KB)
...
006 (111523238.020.000) 04/26 12:28:57 Image size of job updated: 669392
	578  -  MemoryUsage of job (MB)
	591396  -  ResidentSetSize of job (KB)
...
006 (111523238.020.000) 04/26 12:33:57 Image size of job updated: 1174012
	1071  -  MemoryUsage of job (MB)
	1095960  -  ResidentSetSize of job (KB)
...
006 (111523238.020.000) 04/26 12:38:58 Image size of job updated: 1562472
	1450  -  MemoryUsage of job (MB)
	1484420  -  ResidentSetSize of job (KB)
...
006 (111523238.020.000) 04/26 12:43:59 Image size of job updated: 2229184
	2101  -  MemoryUsage of job (MB)
	2151132  -  ResidentSetSize of job (KB)
...
006 (111523238.020.000) 04/26 12:48:59 Image size of job updated: 2814488
	2673  -  MemoryUsage of job (MB)
	2736436  -  ResidentSetSize of job (KB)
...
006 (111523238.020.000) 04/26 12:53:59 Image size of job updated: 3406328
	3251  -  MemoryUsage of job (MB)
	3328276  -  ResidentSetSize of job (KB)
...
006 (111523238.020.000) 04/26 12:59:04 Image size of job updated: 3971108
	3802  -  MemoryUsage of job (MB)
	3893056  -  ResidentSetSize of job (KB)
...
006 (111523238.020.000) 04/26 13:03:59 Image size of job updated: 4437456
	4258  -  MemoryUsage of job (MB)
	4359404  -  ResidentSetSize of job (KB)
...
006 (111523238.020.000) 04/26 13:09:01 Image size of job updated: 4773992
	4586  -  MemoryUsage of job (MB)
	4695940  -  ResidentSetSize of job (KB)
...
006 (111523238.020.000) 04/26 13:14:00 Image size of job updated: 5558684
	5353  -  MemoryUsage of job (MB)
	5480632  -  ResidentSetSize of job (KB)
...
006 (111523238.020.000) 04/26 13:19:01 Image size of job updated: 6495476
	6268  -  MemoryUsage of job (MB)
	6417424  -  ResidentSetSize of job (KB)
...
006 (111523238.020.000) 04/26 13:24:02 Image size of job updated: 7250848
	7005  -  MemoryUsage of job (MB)
	7172796  -  ResidentSetSize of job (KB)
...
006 (111523238.020.000) 04/26 13:29:07 Image size of job updated: 8119844
	7854  -  MemoryUsage of job (MB)
	8041792  -  ResidentSetSize of job (KB)
...
006 (111523238.020.000) 04/26 13:34:03 Image size of job updated: 8621300
	8344  -  MemoryUsage of job (MB)
	8543248  -  ResidentSetSize of job (KB)
...
006 (111523238.020.000) 04/26 13:39:06 Image size of job updated: 9030104
	8743  -  MemoryUsage of job (MB)
	8952052  -  ResidentSetSize of job (KB)
...
006 (111523238.020.000) 04/26 13:44:06 Image size of job updated: 9258796
	8966  -  MemoryUsage of job (MB)
	9180744  -  ResidentSetSize of job (KB)
...
006 (111523238.020.000) 04/26 13:49:06 Image size of job updated: 9616672
	9316  -  MemoryUsage of job (MB)
	9538620  -  ResidentSetSize of job (KB)
...
006 (111523238.020.000) 04/26 13:54:07 Image size of job updated: 10181972
	9868  -  MemoryUsage of job (MB)
	10103920  -  ResidentSetSize of job (KB)
...
006 (111523238.020.000) 04/26 13:59:07 Image size of job updated: 11077024
	10742  -  MemoryUsage of job (MB)
	10998972  -  ResidentSetSize of job (KB)
...
006 (111523238.020.000) 04/26 14:04:07 Image size of job updated: 11769288
	11418  -  MemoryUsage of job (MB)
	11691236  -  ResidentSetSize of job (KB)
...
006 (111523238.020.000) 04/26 14:09:10 Image size of job updated: 12296804
	11933  -  MemoryUsage of job (MB)
	12218752  -  ResidentSetSize of job (KB)
...
006 (111523238.020.000) 04/26 14:14:09 Image size of job updated: 12602520
	12231  -  MemoryUsage of job (MB)
	12524468  -  ResidentSetSize of job (KB)
...
006 (111523238.020.000) 04/26 14:19:09 Image size of job updated: 13136148
	12753  -  MemoryUsage of job (MB)
	13058096  -  ResidentSetSize of job (KB)
...
006 (111523238.020.000) 04/26 14:24:09 Image size of job updated: 14043096
	13638  -  MemoryUsage of job (MB)
	13965044  -  ResidentSetSize of job (KB)
...
006 (111523238.020.000) 04/26 14:29:09 Image size of job updated: 15006664
	14579  -  MemoryUsage of job (MB)
	14928612  -  ResidentSetSize of job (KB)
...
006 (111523238.020.000) 04/26 14:34:11 Image size of job updated: 16034320
	15583  -  MemoryUsage of job (MB)
	15956268  -  ResidentSetSize of job (KB)
...
006 (111523238.020.000) 04/26 14:39:10 Image size of job updated: 16806436
	16337  -  MemoryUsage of job (MB)
	16728384  -  ResidentSetSize of job (KB)
...
006 (111523238.020.000) 04/26 14:44:20 Image size of job updated: 17541252
	17054  -  MemoryUsage of job (MB)
	17462328  -  ResidentSetSize of job (KB)
...
006 (111523238.020.000) 04/26 14:49:10 Image size of job updated: 18278612
	17773  -  MemoryUsage of job (MB)
	18198616  -  ResidentSetSize of job (KB)
...
006 (111523238.020.000) 04/26 14:54:12 Image size of job updated: 18861928
	18341  -  MemoryUsage of job (MB)
	18780584  -  ResidentSetSize of job (KB)
...
006 (111523238.020.000) 04/26 14:59:14 Image size of job updated: 19242068
	18709  -  MemoryUsage of job (MB)
	19157468  -  ResidentSetSize of job (KB)
...
006 (111523238.020.000) 04/26 15:04:13 Image size of job updated: 19707156
	19159  -  MemoryUsage of job (MB)
	19618768  -  ResidentSetSize of job (KB)
...
006 (111523238.020.000) 04/26 15:09:14 Image size of job updated: 19908552
	19342  -  MemoryUsage of job (MB)
	19805540  -  ResidentSetSize of job (KB)
...
006 (111523238.020.000) 04/26 15:14:15 Image size of job updated: 20280044
	19680  -  MemoryUsage of job (MB)
	20151700  -  ResidentSetSize of job (KB)
...
006 (111523238.020.000) 04/26 15:19:15 Image size of job updated: 20561904
	19938  -  MemoryUsage of job (MB)
	20415916  -  ResidentSetSize of job (KB)
...
006 (111523238.020.000) 04/26 15:24:17 Image size of job updated: 20831856
	20181  -  MemoryUsage of job (MB)
	20664548  -  ResidentSetSize of job (KB)
...
006 (111523238.020.000) 04/26 15:29:15 Image size of job updated: 20959948
	20266  -  MemoryUsage of job (MB)
	20751940  -  ResidentSetSize of job (KB)
...
006 (111523238.020.000) 04/26 15:34:15 Image size of job updated: 21118052
	20365  -  MemoryUsage of job (MB)
	20853368  -  ResidentSetSize of job (KB)
...
006 (111523238.020.000) 04/26 15:39:15 Image size of job updated: 21165312
	20385  -  MemoryUsage of job (MB)
	20873564  -  ResidentSetSize of job (KB)
...
006 (111523238.020.000) 04/26 15:44:15 Image size of job updated: 21231364
	20396  -  MemoryUsage of job (MB)
	20884932  -  ResidentSetSize of job (KB)
...
006 (111523238.020.000) 04/26 15:49:18 Image size of job updated: 21364432
	20445  -  MemoryUsage of job (MB)
	20935672  -  ResidentSetSize of job (KB)
...
006 (111523238.020.000) 04/26 15:54:17 Image size of job updated: 21456300
	20446  -  MemoryUsage of job (MB)
	20935948  -  ResidentSetSize of job (KB)
...
006 (111523238.020.000) 04/26 15:59:17 Image size of job updated: 21526112
	20446  -  MemoryUsage of job (MB)
	20935948  -  ResidentSetSize of job (KB)
...
006 (111523238.020.000) 04/26 16:04:17 Image size of job updated: 21606116
	20446  -  MemoryUsage of job (MB)
	20935948  -  ResidentSetSize of job (KB)
...
006 (111523238.020.000) 04/26 16:09:18 Image size of job updated: 21763316
	20446  -  MemoryUsage of job (MB)
	20935948  -  ResidentSetSize of job (KB)
...
006 (111523238.020.000) 04/26 16:14:20 Image size of job updated: 21836080
	20446  -  MemoryUsage of job (MB)
	20935948  -  ResidentSetSize of job (KB)
...
006 (111523238.020.000) 04/26 16:19:21 Image size of job updated: 22068104
	20459  -  MemoryUsage of job (MB)
	20949740  -  ResidentSetSize of job (KB)
...
006 (111523238.020.000) 04/26 16:24:20 Image size of job updated: 22231696
	20459  -  MemoryUsage of job (MB)
	20949740  -  ResidentSetSize of job (KB)
...
006 (111523238.020.000) 04/26 16:29:20 Image size of job updated: 22466908
	20459  -  MemoryUsage of job (MB)
	20949740  -  ResidentSetSize of job (KB)
...
006 (111523238.020.000) 04/26 16:34:21 Image size of job updated: 22580888
	20459  -  MemoryUsage of job (MB)
	20949740  -  ResidentSetSize of job (KB)
...
006 (111523238.020.000) 04/26 16:39:22 Image size of job updated: 22822360
	20459  -  MemoryUsage of job (MB)
	20949740  -  ResidentSetSize of job (KB)
...
006 (111523238.020.000) 04/26 16:44:21 Image size of job updated: 22913852
	20459  -  MemoryUsage of job (MB)
	20949740  -  ResidentSetSize of job (KB)
...
006 (111523238.020.000) 04/26 16:49:21 Image size of job updated: 22968300
	20459  -  MemoryUsage of job (MB)
	20949740  -  ResidentSetSize of job (KB)
...
006 (111523238.020.000) 04/26 16:54:22 Image size of job updated: 23025876
	20459  -  MemoryUsage of job (MB)
	20949740  -  ResidentSetSize of job (KB)
...
006 (111523238.020.000) 04/26 16:56:02 Image size of job updated: 23723852
	20459  -  MemoryUsage of job (MB)
	20949740  -  ResidentSetSize of job (KB)
...
005 (111523238.020.000) 04/26 16:56:05 Job terminated.
	(1) Normal termination (return value 0)
		Usr 0 01:55:19, Sys 0 00:02:05  -  Run Remote Usage
		Usr 0 00:00:00, Sys 0 00:00:00  -  Run Local Usage
		Usr 0 01:55:19, Sys 0 00:02:05  -  Total Remote Usage
		Usr 0 00:00:00, Sys 0 00:00:00  -  Total Local Usage
	22719456  -  Run Bytes Sent By Job
	1780294400  -  Run Bytes Received By Job
	22719456  -  Total Bytes Sent By Job
	1780294400  -  Total Bytes Received By Job
	Partitionable Resources :    Usage  Request Allocated 
	   Cpus                 :        0        1         1 
	   Disk (KB)            :  6851915 20971520  21350697 
	   Ioheavy              :                           0 
	   Memory (MB)          :    20459    20480     20480 
...
