000 (111367109.066.000) 04/22 22:38:18 Job submitted from host: <128.104.100.44:9618?addrs=128.104.100.44-9618+[2607-f388-107c-501-90e2-baff-fe2c-2724]-9618&noUDP&sock=1497440_afb9_3>
...
001 (111367109.066.000) 04/23 04:28:29 Job executing on host: <128.105.245.161:9618?addrs=128.105.245.161-9618&noUDP&sock=5440_f74b_3>
...
006 (111367109.066.000) 04/23 04:28:39 Image size of job updated: 628
	1  -  MemoryUsage of job (MB)
	628  -  ResidentSetSize of job (KB)
...
006 (111367109.066.000) 04/23 04:33:42 Image size of job updated: 668
	1  -  MemoryUsage of job (MB)
	668  -  ResidentSetSize of job (KB)
...
006 (111367109.066.000) 04/23 04:38:40 Image size of job updated: 489304
	402  -  MemoryUsage of job (MB)
	411308  -  ResidentSetSize of job (KB)
...
006 (111367109.066.000) 04/23 04:43:40 Image size of job updated: 787972
	694  -  MemoryUsage of job (MB)
	709920  -  ResidentSetSize of job (KB)
...
006 (111367109.066.000) 04/23 04:48:40 Image size of job updated: 1103632
	1002  -  MemoryUsage of job (MB)
	1025580  -  ResidentSetSize of job (KB)
...
006 (111367109.066.000) 04/23 04:53:41 Image size of job updated: 1474240
	1364  -  MemoryUsage of job (MB)
	1396188  -  ResidentSetSize of job (KB)
...
006 (111367109.066.000) 04/23 04:58:42 Image size of job updated: 1901400
	1781  -  MemoryUsage of job (MB)
	1823348  -  ResidentSetSize of job (KB)
...
006 (111367109.066.000) 04/23 05:03:42 Image size of job updated: 2314484
	2185  -  MemoryUsage of job (MB)
	2236432  -  ResidentSetSize of job (KB)
...
006 (111367109.066.000) 04/23 05:08:43 Image size of job updated: 2941452
	2797  -  MemoryUsage of job (MB)
	2863400  -  ResidentSetSize of job (KB)
...
006 (111367109.066.000) 04/23 05:13:43 Image size of job updated: 3577452
	3418  -  MemoryUsage of job (MB)
	3499400  -  ResidentSetSize of job (KB)
...
006 (111367109.066.000) 04/23 05:18:44 Image size of job updated: 4425688
	4246  -  MemoryUsage of job (MB)
	4347636  -  ResidentSetSize of job (KB)
...
006 (111367109.066.000) 04/23 05:23:45 Image size of job updated: 5260380
	5061  -  MemoryUsage of job (MB)
	5182328  -  ResidentSetSize of job (KB)
...
006 (111367109.066.000) 04/23 05:28:45 Image size of job updated: 6084016
	5866  -  MemoryUsage of job (MB)
	6005964  -  ResidentSetSize of job (KB)
...
006 (111367109.066.000) 04/23 05:33:45 Image size of job updated: 6894360
	6657  -  MemoryUsage of job (MB)
	6816308  -  ResidentSetSize of job (KB)
...
006 (111367109.066.000) 04/23 05:38:46 Image size of job updated: 7591792
	7338  -  MemoryUsage of job (MB)
	7513740  -  ResidentSetSize of job (KB)
...
006 (111367109.066.000) 04/23 05:43:46 Image size of job updated: 8384324
	8112  -  MemoryUsage of job (MB)
	8306272  -  ResidentSetSize of job (KB)
...
006 (111367109.066.000) 04/23 05:48:46 Image size of job updated: 9109808
	8821  -  MemoryUsage of job (MB)
	9031756  -  ResidentSetSize of job (KB)
...
006 (111367109.066.000) 04/23 05:53:47 Image size of job updated: 9795220
	9490  -  MemoryUsage of job (MB)
	9717168  -  ResidentSetSize of job (KB)
...
006 (111367109.066.000) 04/23 05:58:49 Image size of job updated: 10343864
	10026  -  MemoryUsage of job (MB)
	10265812  -  ResidentSetSize of job (KB)
...
006 (111367109.066.000) 04/23 06:03:48 Image size of job updated: 10764192
	10436  -  MemoryUsage of job (MB)
	10686140  -  ResidentSetSize of job (KB)
...
006 (111367109.066.000) 04/23 06:08:48 Image size of job updated: 11143432
	10807  -  MemoryUsage of job (MB)
	11065380  -  ResidentSetSize of job (KB)
...
006 (111367109.066.000) 04/23 06:13:48 Image size of job updated: 11868844
	11515  -  MemoryUsage of job (MB)
	11790792  -  ResidentSetSize of job (KB)
...
006 (111367109.066.000) 04/23 06:18:50 Image size of job updated: 12458556
	12091  -  MemoryUsage of job (MB)
	12380504  -  ResidentSetSize of job (KB)
...
006 (111367109.066.000) 04/23 06:23:49 Image size of job updated: 13025648
	12645  -  MemoryUsage of job (MB)
	12947596  -  ResidentSetSize of job (KB)
...
006 (111367109.066.000) 04/23 06:28:49 Image size of job updated: 13576140
	13182  -  MemoryUsage of job (MB)
	13498088  -  ResidentSetSize of job (KB)
...
006 (111367109.066.000) 04/23 06:33:51 Image size of job updated: 14266916
	13857  -  MemoryUsage of job (MB)
	14188864  -  ResidentSetSize of job (KB)
...
006 (111367109.066.000) 04/23 06:38:51 Image size of job updated: 14754660
	14333  -  MemoryUsage of job (MB)
	14676608  -  ResidentSetSize of job (KB)
...
006 (111367109.066.000) 04/23 06:43:52 Image size of job updated: 15199088
	14767  -  MemoryUsage of job (MB)
	15121036  -  ResidentSetSize of job (KB)
...
006 (111367109.066.000) 04/23 06:48:54 Image size of job updated: 15823408
	15375  -  MemoryUsage of job (MB)
	15743972  -  ResidentSetSize of job (KB)
...
006 (111367109.066.000) 04/23 06:53:54 Image size of job updated: 16505680
	16040  -  MemoryUsage of job (MB)
	16424428  -  ResidentSetSize of job (KB)
...
006 (111367109.066.000) 04/23 06:58:54 Image size of job updated: 17209216
	16726  -  MemoryUsage of job (MB)
	17127228  -  ResidentSetSize of job (KB)
...
006 (111367109.066.000) 04/23 07:03:55 Image size of job updated: 18036744
	17533  -  MemoryUsage of job (MB)
	17953088  -  ResidentSetSize of job (KB)
...
006 (111367109.066.000) 04/23 07:08:56 Image size of job updated: 18889852
	18362  -  MemoryUsage of job (MB)
	18801728  -  ResidentSetSize of job (KB)
...
006 (111367109.066.000) 04/23 07:13:57 Image size of job updated: 19494960
	18946  -  MemoryUsage of job (MB)
	19400232  -  ResidentSetSize of job (KB)
...
006 (111367109.066.000) 04/23 07:18:57 Image size of job updated: 20164236
	19562  -  MemoryUsage of job (MB)
	20030500  -  ResidentSetSize of job (KB)
...
006 (111367109.066.000) 04/23 07:23:57 Image size of job updated: 20810012
	20148  -  MemoryUsage of job (MB)
	20631208  -  ResidentSetSize of job (KB)
...
006 (111367109.066.000) 04/23 07:28:58 Image size of job updated: 21216052
	20406  -  MemoryUsage of job (MB)
	20895664  -  ResidentSetSize of job (KB)
...
006 (111367109.066.000) 04/23 07:33:58 Image size of job updated: 21611960
	20437  -  MemoryUsage of job (MB)
	20927320  -  ResidentSetSize of job (KB)
...
006 (111367109.066.000) 04/23 07:38:59 Image size of job updated: 22127580
	20459  -  MemoryUsage of job (MB)
	20949788  -  ResidentSetSize of job (KB)
...
006 (111367109.066.000) 04/23 07:43:59 Image size of job updated: 22576720
	20459  -  MemoryUsage of job (MB)
	20949788  -  ResidentSetSize of job (KB)
...
006 (111367109.066.000) 04/23 07:49:00 Image size of job updated: 22831256
	20465  -  MemoryUsage of job (MB)
	20956072  -  ResidentSetSize of job (KB)
...
006 (111367109.066.000) 04/23 07:54:00 Image size of job updated: 23003076
	20466  -  MemoryUsage of job (MB)
	20956172  -  ResidentSetSize of job (KB)
...
006 (111367109.066.000) 04/23 07:57:46 Image size of job updated: 23810840
	20466  -  MemoryUsage of job (MB)
	20956172  -  ResidentSetSize of job (KB)
...
005 (111367109.066.000) 04/23 07:57:48 Job terminated.
	(1) Normal termination (return value 0)
		Usr 0 02:31:15, Sys 0 00:02:33  -  Run Remote Usage
		Usr 0 00:00:00, Sys 0 00:00:00  -  Run Local Usage
		Usr 0 02:31:15, Sys 0 00:02:33  -  Total Remote Usage
		Usr 0 00:00:00, Sys 0 00:00:00  -  Total Local Usage
	25605982  -  Run Bytes Sent By Job
	1780295296  -  Run Bytes Received By Job
	25605982  -  Total Bytes Sent By Job
	1780295296  -  Total Bytes Received By Job
	Partitionable Resources :      Usage  Request Allocated 
	   Cpus                 :       0.01        1         1 
	   Disk (KB)            : 6854736    20971520  20994143 
	   Ioheavy              :                             0 
	   Memory (MB)          :   20466       20480     20480 
...
