000 (111515044.079.000) 04/25 20:20:11 Job submitted from host: <128.104.100.44:9618?addrs=128.104.100.44-9618+[2607-f388-107c-501-90e2-baff-fe2c-2724]-9618&noUDP&sock=4699_0235_3>
...
001 (111515044.079.000) 04/25 22:12:51 Job executing on host: <128.105.245.132:9618?addrs=128.105.245.132-9618&noUDP&sock=5469_db8a_29>
...
006 (111515044.079.000) 04/25 22:12:59 Image size of job updated: 624
	1  -  MemoryUsage of job (MB)
	624  -  ResidentSetSize of job (KB)
...
006 (111515044.079.000) 04/25 22:18:01 Image size of job updated: 664
	1  -  MemoryUsage of job (MB)
	664  -  ResidentSetSize of job (KB)
...
006 (111515044.079.000) 04/25 22:23:01 Image size of job updated: 714920
	622  -  MemoryUsage of job (MB)
	636920  -  ResidentSetSize of job (KB)
...
006 (111515044.079.000) 04/25 22:28:01 Image size of job updated: 1222112
	1118  -  MemoryUsage of job (MB)
	1144056  -  ResidentSetSize of job (KB)
...
006 (111515044.079.000) 04/25 22:33:01 Image size of job updated: 1939436
	1818  -  MemoryUsage of job (MB)
	1861380  -  ResidentSetSize of job (KB)
...
006 (111515044.079.000) 04/25 22:38:02 Image size of job updated: 2766092
	2626  -  MemoryUsage of job (MB)
	2688036  -  ResidentSetSize of job (KB)
...
006 (111515044.079.000) 04/25 22:43:02 Image size of job updated: 3805400
	3640  -  MemoryUsage of job (MB)
	3727344  -  ResidentSetSize of job (KB)
...
006 (111515044.079.000) 04/25 22:48:03 Image size of job updated: 4850124
	4661  -  MemoryUsage of job (MB)
	4772068  -  ResidentSetSize of job (KB)
...
006 (111515044.079.000) 04/25 22:53:03 Image size of job updated: 5913676
	5699  -  MemoryUsage of job (MB)
	5835620  -  ResidentSetSize of job (KB)
...
006 (111515044.079.000) 04/25 22:58:03 Image size of job updated: 6901752
	6664  -  MemoryUsage of job (MB)
	6823696  -  ResidentSetSize of job (KB)
...
006 (111515044.079.000) 04/25 23:03:03 Image size of job updated: 7913788
	7653  -  MemoryUsage of job (MB)
	7835732  -  ResidentSetSize of job (KB)
...
006 (111515044.079.000) 04/25 23:08:04 Image size of job updated: 8851024
	8568  -  MemoryUsage of job (MB)
	8772968  -  ResidentSetSize of job (KB)
...
006 (111515044.079.000) 04/25 23:13:05 Image size of job updated: 9741508
	9437  -  MemoryUsage of job (MB)
	9663452  -  ResidentSetSize of job (KB)
...
006 (111515044.079.000) 04/25 23:18:06 Image size of job updated: 10551744
	10229  -  MemoryUsage of job (MB)
	10473688  -  ResidentSetSize of job (KB)
...
006 (111515044.079.000) 04/25 23:23:07 Image size of job updated: 11356396
	11015  -  MemoryUsage of job (MB)
	11278340  -  ResidentSetSize of job (KB)
...
006 (111515044.079.000) 04/25 23:28:07 Image size of job updated: 12226816
	11865  -  MemoryUsage of job (MB)
	12148760  -  ResidentSetSize of job (KB)
...
006 (111515044.079.000) 04/25 23:33:07 Image size of job updated: 13053128
	12671  -  MemoryUsage of job (MB)
	12975072  -  ResidentSetSize of job (KB)
...
006 (111515044.079.000) 04/25 23:38:08 Image size of job updated: 13906720
	13505  -  MemoryUsage of job (MB)
	13828664  -  ResidentSetSize of job (KB)
...
006 (111515044.079.000) 04/25 23:43:08 Image size of job updated: 14828372
	14405  -  MemoryUsage of job (MB)
	14750316  -  ResidentSetSize of job (KB)
...
006 (111515044.079.000) 04/25 23:48:09 Image size of job updated: 15615164
	15172  -  MemoryUsage of job (MB)
	15536112  -  ResidentSetSize of job (KB)
...
006 (111515044.079.000) 04/25 23:53:09 Image size of job updated: 16539068
	16072  -  MemoryUsage of job (MB)
	16457168  -  ResidentSetSize of job (KB)
...
006 (111515044.079.000) 04/25 23:58:09 Image size of job updated: 17372224
	16882  -  MemoryUsage of job (MB)
	17287140  -  ResidentSetSize of job (KB)
...
006 (111515044.079.000) 04/26 00:03:10 Image size of job updated: 18294500
	17774  -  MemoryUsage of job (MB)
	18200128  -  ResidentSetSize of job (KB)
...
006 (111515044.079.000) 04/26 00:08:10 Image size of job updated: 19243236
	18695  -  MemoryUsage of job (MB)
	19143340  -  ResidentSetSize of job (KB)
...
006 (111515044.079.000) 04/26 00:13:10 Image size of job updated: 20182628
	19609  -  MemoryUsage of job (MB)
	20079288  -  ResidentSetSize of job (KB)
...
006 (111515044.079.000) 04/26 00:18:11 Image size of job updated: 21012216
	20332  -  MemoryUsage of job (MB)
	20819716  -  ResidentSetSize of job (KB)
...
006 (111515044.079.000) 04/26 00:23:12 Image size of job updated: 21851520
	20453  -  MemoryUsage of job (MB)
	20943388  -  ResidentSetSize of job (KB)
...
006 (111515044.079.000) 04/26 00:28:13 Image size of job updated: 22678092
	20453  -  MemoryUsage of job (MB)
	20943464  -  ResidentSetSize of job (KB)
...
006 (111515044.079.000) 04/26 00:31:21 Image size of job updated: 23163520
	20453  -  MemoryUsage of job (MB)
	20943464  -  ResidentSetSize of job (KB)
...
005 (111515044.079.000) 04/26 00:31:25 Job terminated.
	(1) Normal termination (return value 0)
		Usr 0 02:09:56, Sys 0 00:02:11  -  Run Remote Usage
		Usr 0 00:00:00, Sys 0 00:00:00  -  Run Local Usage
		Usr 0 02:09:56, Sys 0 00:02:11  -  Total Remote Usage
		Usr 0 00:00:00, Sys 0 00:00:00  -  Total Local Usage
	24551862  -  Run Bytes Sent By Job
	1780295552  -  Run Bytes Received By Job
	24551862  -  Total Bytes Sent By Job
	1780295552  -  Total Bytes Received By Job
	Partitionable Resources :      Usage  Request Allocated 
	   Cpus                 :       0.98        1         1 
	   Disk (KB)            : 6853707    20971520  21220372 
	   Ioheavy              :                             0 
	   Memory (MB)          :   20453       20480     20480 
...
