000 (111515044.031.000) 04/25 20:20:11 Job submitted from host: <128.104.100.44:9618?addrs=128.104.100.44-9618+[2607-f388-107c-501-90e2-baff-fe2c-2724]-9618&noUDP&sock=4699_0235_3>
...
001 (111515044.031.000) 04/25 21:07:38 Job executing on host: <128.105.245.168:9618?addrs=128.105.245.168-9618&noUDP&sock=5474_4983_3>
...
006 (111515044.031.000) 04/25 21:07:53 Image size of job updated: 620
	1  -  MemoryUsage of job (MB)
	620  -  ResidentSetSize of job (KB)
...
006 (111515044.031.000) 04/25 21:13:05 Image size of job updated: 628
	1  -  MemoryUsage of job (MB)
	628  -  ResidentSetSize of job (KB)
...
006 (111515044.031.000) 04/25 21:23:28 Image size of job updated: 632
	1  -  MemoryUsage of job (MB)
	632  -  ResidentSetSize of job (KB)
...
006 (111515044.031.000) 04/25 21:33:02 Image size of job updated: 652
	1  -  MemoryUsage of job (MB)
	652  -  ResidentSetSize of job (KB)
...
006 (111515044.031.000) 04/25 21:42:59 Image size of job updated: 656
	1  -  MemoryUsage of job (MB)
	656  -  ResidentSetSize of job (KB)
...
006 (111515044.031.000) 04/25 21:52:58 Image size of job updated: 668
	1  -  MemoryUsage of job (MB)
	668  -  ResidentSetSize of job (KB)
...
006 (111515044.031.000) 04/25 22:02:59 Image size of job updated: 618012
	528  -  MemoryUsage of job (MB)
	540016  -  ResidentSetSize of job (KB)
...
006 (111515044.031.000) 04/25 22:08:00 Image size of job updated: 1096856
	995  -  MemoryUsage of job (MB)
	1018804  -  ResidentSetSize of job (KB)
...
006 (111515044.031.000) 04/25 22:13:01 Image size of job updated: 1798956
	1681  -  MemoryUsage of job (MB)
	1720904  -  ResidentSetSize of job (KB)
...
006 (111515044.031.000) 04/25 22:18:02 Image size of job updated: 2598604
	2462  -  MemoryUsage of job (MB)
	2520552  -  ResidentSetSize of job (KB)
...
006 (111515044.031.000) 04/25 22:23:02 Image size of job updated: 3456712
	3300  -  MemoryUsage of job (MB)
	3378660  -  ResidentSetSize of job (KB)
...
006 (111515044.031.000) 04/25 22:28:02 Image size of job updated: 4367644
	4190  -  MemoryUsage of job (MB)
	4289592  -  ResidentSetSize of job (KB)
...
006 (111515044.031.000) 04/25 22:33:02 Image size of job updated: 5418204
	5215  -  MemoryUsage of job (MB)
	5340152  -  ResidentSetSize of job (KB)
...
006 (111515044.031.000) 04/25 22:38:03 Image size of job updated: 6409288
	6183  -  MemoryUsage of job (MB)
	6331236  -  ResidentSetSize of job (KB)
...
006 (111515044.031.000) 04/25 22:43:05 Image size of job updated: 7321316
	7074  -  MemoryUsage of job (MB)
	7243264  -  ResidentSetSize of job (KB)
...
006 (111515044.031.000) 04/25 22:48:05 Image size of job updated: 8318668
	8048  -  MemoryUsage of job (MB)
	8240616  -  ResidentSetSize of job (KB)
...
006 (111515044.031.000) 04/25 22:53:07 Image size of job updated: 9107820
	8819  -  MemoryUsage of job (MB)
	9029768  -  ResidentSetSize of job (KB)
...
006 (111515044.031.000) 04/25 22:58:07 Image size of job updated: 9678772
	9376  -  MemoryUsage of job (MB)
	9600720  -  ResidentSetSize of job (KB)
...
006 (111515044.031.000) 04/25 23:03:07 Image size of job updated: 10424460
	10104  -  MemoryUsage of job (MB)
	10346408  -  ResidentSetSize of job (KB)
...
006 (111515044.031.000) 04/25 23:08:09 Image size of job updated: 11123544
	10787  -  MemoryUsage of job (MB)
	11045492  -  ResidentSetSize of job (KB)
...
006 (111515044.031.000) 04/25 23:13:08 Image size of job updated: 11585916
	11239  -  MemoryUsage of job (MB)
	11507864  -  ResidentSetSize of job (KB)
...
006 (111515044.031.000) 04/25 23:18:08 Image size of job updated: 12238280
	11876  -  MemoryUsage of job (MB)
	12160228  -  ResidentSetSize of job (KB)
...
006 (111515044.031.000) 04/25 23:23:08 Image size of job updated: 12648348
	12276  -  MemoryUsage of job (MB)
	12570296  -  ResidentSetSize of job (KB)
...
006 (111515044.031.000) 04/25 23:28:08 Image size of job updated: 13059288
	12677  -  MemoryUsage of job (MB)
	12981236  -  ResidentSetSize of job (KB)
...
006 (111515044.031.000) 04/25 23:33:09 Image size of job updated: 13323028
	12935  -  MemoryUsage of job (MB)
	13244976  -  ResidentSetSize of job (KB)
...
006 (111515044.031.000) 04/25 23:38:10 Image size of job updated: 13514984
	13123  -  MemoryUsage of job (MB)
	13436932  -  ResidentSetSize of job (KB)
...
006 (111515044.031.000) 04/25 23:43:11 Image size of job updated: 13675468
	13279  -  MemoryUsage of job (MB)
	13597416  -  ResidentSetSize of job (KB)
...
006 (111515044.031.000) 04/25 23:48:15 Image size of job updated: 13767560
	13369  -  MemoryUsage of job (MB)
	13689508  -  ResidentSetSize of job (KB)
...
006 (111515044.031.000) 04/25 23:53:13 Image size of job updated: 13922840
	13521  -  MemoryUsage of job (MB)
	13844788  -  ResidentSetSize of job (KB)
...
006 (111515044.031.000) 04/25 23:58:13 Image size of job updated: 14098484
	13692  -  MemoryUsage of job (MB)
	14020432  -  ResidentSetSize of job (KB)
...
006 (111515044.031.000) 04/26 00:03:14 Image size of job updated: 14362652
	13950  -  MemoryUsage of job (MB)
	14284600  -  ResidentSetSize of job (KB)
...
006 (111515044.031.000) 04/26 00:08:15 Image size of job updated: 14528244
	14112  -  MemoryUsage of job (MB)
	14450192  -  ResidentSetSize of job (KB)
...
006 (111515044.031.000) 04/26 00:13:16 Image size of job updated: 14859732
	14436  -  MemoryUsage of job (MB)
	14781680  -  ResidentSetSize of job (KB)
...
006 (111515044.031.000) 04/26 00:18:17 Image size of job updated: 15080164
	14651  -  MemoryUsage of job (MB)
	15002112  -  ResidentSetSize of job (KB)
...
006 (111515044.031.000) 04/26 00:23:18 Image size of job updated: 15338452
	14903  -  MemoryUsage of job (MB)
	15260400  -  ResidentSetSize of job (KB)
...
006 (111515044.031.000) 04/26 00:28:19 Image size of job updated: 15688476
	15245  -  MemoryUsage of job (MB)
	15610424  -  ResidentSetSize of job (KB)
...
006 (111515044.031.000) 04/26 00:33:20 Image size of job updated: 16416040
	15956  -  MemoryUsage of job (MB)
	16337988  -  ResidentSetSize of job (KB)
...
006 (111515044.031.000) 04/26 00:38:21 Image size of job updated: 17215564
	16736  -  MemoryUsage of job (MB)
	17137512  -  ResidentSetSize of job (KB)
...
006 (111515044.031.000) 04/26 00:43:21 Image size of job updated: 17996404
	17498  -  MemoryUsage of job (MB)
	17917332  -  ResidentSetSize of job (KB)
...
006 (111515044.031.000) 04/26 00:48:22 Image size of job updated: 18756344
	18237  -  MemoryUsage of job (MB)
	18674060  -  ResidentSetSize of job (KB)
...
006 (111515044.031.000) 04/26 00:53:22 Image size of job updated: 19617736
	19072  -  MemoryUsage of job (MB)
	19528804  -  ResidentSetSize of job (KB)
...
006 (111515044.031.000) 04/26 00:58:23 Image size of job updated: 20369472
	19781  -  MemoryUsage of job (MB)
	20255224  -  ResidentSetSize of job (KB)
...
006 (111515044.031.000) 04/26 01:03:23 Image size of job updated: 21036900
	20340  -  MemoryUsage of job (MB)
	20828028  -  ResidentSetSize of job (KB)
...
006 (111515044.031.000) 04/26 01:08:23 Image size of job updated: 21635700
	20442  -  MemoryUsage of job (MB)
	20932328  -  ResidentSetSize of job (KB)
...
006 (111515044.031.000) 04/26 01:13:25 Image size of job updated: 22003532
	20455  -  MemoryUsage of job (MB)
	20945324  -  ResidentSetSize of job (KB)
...
006 (111515044.031.000) 04/26 01:18:25 Image size of job updated: 22662004
	20455  -  MemoryUsage of job (MB)
	20945600  -  ResidentSetSize of job (KB)
...
006 (111515044.031.000) 04/26 01:23:05 Image size of job updated: 23208676
	20455  -  MemoryUsage of job (MB)
	20945600  -  ResidentSetSize of job (KB)
...
005 (111515044.031.000) 04/26 01:23:07 Job terminated.
	(1) Normal termination (return value 0)
		Usr 0 02:10:19, Sys 0 00:03:36  -  Run Remote Usage
		Usr 0 00:00:00, Sys 0 00:00:00  -  Run Local Usage
		Usr 0 02:10:19, Sys 0 00:03:36  -  Total Remote Usage
		Usr 0 00:00:00, Sys 0 00:00:00  -  Total Local Usage
	24756040  -  Run Bytes Sent By Job
	1780295552  -  Run Bytes Received By Job
	24756040  -  Total Bytes Sent By Job
	1780295552  -  Total Bytes Received By Job
	Partitionable Resources :      Usage  Request Allocated 
	   Cpus                 :       0.71        1         1 
	   Disk (KB)            : 6853906    20971520  21314763 
	   Ioheavy              :                             0 
	   Memory (MB)          :   20455       20480     20480 
...
