000 (111367109.150.000) 04/22 22:38:18 Job submitted from host: <128.104.100.44:9618?addrs=128.104.100.44-9618+[2607-f388-107c-501-90e2-baff-fe2c-2724]-9618&noUDP&sock=1497440_afb9_3>
...
001 (111367109.150.000) 04/23 06:46:15 Job executing on host: <128.105.245.251:9618?addrs=128.105.245.251-9618&noUDP&sock=5438_981b_24>
...
006 (111367109.150.000) 04/23 06:46:24 Image size of job updated: 632
	1  -  MemoryUsage of job (MB)
	632  -  ResidentSetSize of job (KB)
...
006 (111367109.150.000) 04/23 06:51:27 Image size of job updated: 656
	1  -  MemoryUsage of job (MB)
	656  -  ResidentSetSize of job (KB)
...
006 (111367109.150.000) 04/23 07:01:26 Image size of job updated: 660
	1  -  MemoryUsage of job (MB)
	660  -  ResidentSetSize of job (KB)
...
006 (111367109.150.000) 04/23 07:06:28 Image size of job updated: 396840
	312  -  MemoryUsage of job (MB)
	318844  -  ResidentSetSize of job (KB)
...
006 (111367109.150.000) 04/23 07:11:28 Image size of job updated: 806272
	712  -  MemoryUsage of job (MB)
	728220  -  ResidentSetSize of job (KB)
...
006 (111367109.150.000) 04/23 07:16:30 Image size of job updated: 1303144
	1197  -  MemoryUsage of job (MB)
	1225092  -  ResidentSetSize of job (KB)
...
006 (111367109.150.000) 04/23 07:21:30 Image size of job updated: 1979812
	1858  -  MemoryUsage of job (MB)
	1901760  -  ResidentSetSize of job (KB)
...
006 (111367109.150.000) 04/23 07:26:31 Image size of job updated: 2688424
	2550  -  MemoryUsage of job (MB)
	2610372  -  ResidentSetSize of job (KB)
...
006 (111367109.150.000) 04/23 07:31:34 Image size of job updated: 3462564
	3306  -  MemoryUsage of job (MB)
	3384512  -  ResidentSetSize of job (KB)
...
006 (111367109.150.000) 04/23 07:36:32 Image size of job updated: 4117288
	3945  -  MemoryUsage of job (MB)
	4039236  -  ResidentSetSize of job (KB)
...
006 (111367109.150.000) 04/23 07:41:32 Image size of job updated: 5121412
	4926  -  MemoryUsage of job (MB)
	5043360  -  ResidentSetSize of job (KB)
...
006 (111367109.150.000) 04/23 07:46:32 Image size of job updated: 5927808
	5713  -  MemoryUsage of job (MB)
	5849756  -  ResidentSetSize of job (KB)
...
006 (111367109.150.000) 04/23 07:51:33 Image size of job updated: 6810544
	6575  -  MemoryUsage of job (MB)
	6732492  -  ResidentSetSize of job (KB)
...
006 (111367109.150.000) 04/23 07:56:33 Image size of job updated: 7628588
	7374  -  MemoryUsage of job (MB)
	7550536  -  ResidentSetSize of job (KB)
...
006 (111367109.150.000) 04/23 08:01:35 Image size of job updated: 8482444
	8208  -  MemoryUsage of job (MB)
	8404392  -  ResidentSetSize of job (KB)
...
006 (111367109.150.000) 04/23 08:06:35 Image size of job updated: 9173396
	8883  -  MemoryUsage of job (MB)
	9095344  -  ResidentSetSize of job (KB)
...
006 (111367109.150.000) 04/23 08:11:36 Image size of job updated: 9685032
	9382  -  MemoryUsage of job (MB)
	9606980  -  ResidentSetSize of job (KB)
...
006 (111367109.150.000) 04/23 08:16:40 Image size of job updated: 10318760
	10001  -  MemoryUsage of job (MB)
	10240708  -  ResidentSetSize of job (KB)
...
006 (111367109.150.000) 04/23 08:21:38 Image size of job updated: 10665528
	10340  -  MemoryUsage of job (MB)
	10587476  -  ResidentSetSize of job (KB)
...
006 (111367109.150.000) 04/23 08:26:38 Image size of job updated: 10952080
	10620  -  MemoryUsage of job (MB)
	10874028  -  ResidentSetSize of job (KB)
...
006 (111367109.150.000) 04/23 08:31:38 Image size of job updated: 11321972
	10981  -  MemoryUsage of job (MB)
	11243920  -  ResidentSetSize of job (KB)
...
006 (111367109.150.000) 04/23 08:36:38 Image size of job updated: 11803228
	11451  -  MemoryUsage of job (MB)
	11725176  -  ResidentSetSize of job (KB)
...
006 (111367109.150.000) 04/23 08:41:39 Image size of job updated: 12236856
	11874  -  MemoryUsage of job (MB)
	12158804  -  ResidentSetSize of job (KB)
...
006 (111367109.150.000) 04/23 08:46:40 Image size of job updated: 12966264
	12587  -  MemoryUsage of job (MB)
	12888212  -  ResidentSetSize of job (KB)
...
006 (111367109.150.000) 04/23 08:51:40 Image size of job updated: 13710828
	13314  -  MemoryUsage of job (MB)
	13632776  -  ResidentSetSize of job (KB)
...
006 (111367109.150.000) 04/23 08:56:43 Image size of job updated: 14396700
	13984  -  MemoryUsage of job (MB)
	14318648  -  ResidentSetSize of job (KB)
...
006 (111367109.150.000) 04/23 09:01:41 Image size of job updated: 15145692
	14715  -  MemoryUsage of job (MB)
	15067640  -  ResidentSetSize of job (KB)
...
006 (111367109.150.000) 04/23 09:06:41 Image size of job updated: 15584688
	15144  -  MemoryUsage of job (MB)
	15506636  -  ResidentSetSize of job (KB)
...
006 (111367109.150.000) 04/23 09:11:43 Image size of job updated: 16166844
	15712  -  MemoryUsage of job (MB)
	16088792  -  ResidentSetSize of job (KB)
...
006 (111367109.150.000) 04/23 09:16:45 Image size of job updated: 16583212
	16119  -  MemoryUsage of job (MB)
	16505160  -  ResidentSetSize of job (KB)
...
006 (111367109.150.000) 04/23 09:21:44 Image size of job updated: 17111980
	16635  -  MemoryUsage of job (MB)
	17033928  -  ResidentSetSize of job (KB)
...
