000 (111472063.198.000) 04/24 11:52:22 Job submitted from host: <128.104.100.44:9618?addrs=128.104.100.44-9618+[2607-f388-107c-501-90e2-baff-fe2c-2724]-9618&noUDP&sock=4699_0235_3>
...
001 (111472063.198.000) 04/24 23:23:26 Job executing on host: <128.105.245.133:9618?addrs=128.105.245.133-9618&noUDP&sock=5404_45e2_16>
...
006 (111472063.198.000) 04/24 23:23:35 Image size of job updated: 616
	1  -  MemoryUsage of job (MB)
	616  -  ResidentSetSize of job (KB)
...
006 (111472063.198.000) 04/24 23:28:40 Image size of job updated: 628
	1  -  MemoryUsage of job (MB)
	628  -  ResidentSetSize of job (KB)
...
006 (111472063.198.000) 04/24 23:33:38 Image size of job updated: 648
	1  -  MemoryUsage of job (MB)
	648  -  ResidentSetSize of job (KB)
...
006 (111472063.198.000) 04/24 23:38:42 Image size of job updated: 652
	1  -  MemoryUsage of job (MB)
	652  -  ResidentSetSize of job (KB)
...
006 (111472063.198.000) 04/24 23:43:39 Image size of job updated: 664
	1  -  MemoryUsage of job (MB)
	664  -  ResidentSetSize of job (KB)
...
006 (111472063.198.000) 04/24 23:48:39 Image size of job updated: 453624
	367  -  MemoryUsage of job (MB)
	375628  -  ResidentSetSize of job (KB)
...
006 (111472063.198.000) 04/24 23:53:39 Image size of job updated: 881664
	785  -  MemoryUsage of job (MB)
	803612  -  ResidentSetSize of job (KB)
...
006 (111472063.198.000) 04/24 23:58:39 Image size of job updated: 1349568
	1242  -  MemoryUsage of job (MB)
	1271516  -  ResidentSetSize of job (KB)
...
006 (111472063.198.000) 04/25 00:03:40 Image size of job updated: 2109184
	1984  -  MemoryUsage of job (MB)
	2031132  -  ResidentSetSize of job (KB)
...
006 (111472063.198.000) 04/25 00:08:40 Image size of job updated: 2953640
	2809  -  MemoryUsage of job (MB)
	2875588  -  ResidentSetSize of job (KB)
...
006 (111472063.198.000) 04/25 00:13:41 Image size of job updated: 3510208
	3352  -  MemoryUsage of job (MB)
	3432156  -  ResidentSetSize of job (KB)
...
006 (111472063.198.000) 04/25 00:18:42 Image size of job updated: 4134776
	3962  -  MemoryUsage of job (MB)
	4056724  -  ResidentSetSize of job (KB)
...
006 (111472063.198.000) 04/25 00:23:42 Image size of job updated: 4732956
	4546  -  MemoryUsage of job (MB)
	4654904  -  ResidentSetSize of job (KB)
...
006 (111472063.198.000) 04/25 00:28:43 Image size of job updated: 5159192
	4963  -  MemoryUsage of job (MB)
	5081140  -  ResidentSetSize of job (KB)
...
006 (111472063.198.000) 04/25 00:33:43 Image size of job updated: 5601676
	5395  -  MemoryUsage of job (MB)
	5523624  -  ResidentSetSize of job (KB)
...
006 (111472063.198.000) 04/25 00:38:44 Image size of job updated: 5941500
	5727  -  MemoryUsage of job (MB)
	5863448  -  ResidentSetSize of job (KB)
...
006 (111472063.198.000) 04/25 00:43:44 Image size of job updated: 6236092
	6014  -  MemoryUsage of job (MB)
	6158040  -  ResidentSetSize of job (KB)
...
006 (111472063.198.000) 04/25 00:48:44 Image size of job updated: 6747484
	6514  -  MemoryUsage of job (MB)
	6669432  -  ResidentSetSize of job (KB)
...
006 (111472063.198.000) 04/25 00:53:44 Image size of job updated: 7352848
	7105  -  MemoryUsage of job (MB)
	7274796  -  ResidentSetSize of job (KB)
...
006 (111472063.198.000) 04/25 00:58:45 Image size of job updated: 8143232
	7877  -  MemoryUsage of job (MB)
	8065180  -  ResidentSetSize of job (KB)
...
006 (111472063.198.000) 04/25 01:03:45 Image size of job updated: 9224880
	8933  -  MemoryUsage of job (MB)
	9146828  -  ResidentSetSize of job (KB)
...
006 (111472063.198.000) 04/25 01:08:45 Image size of job updated: 10065392
	9754  -  MemoryUsage of job (MB)
	9987340  -  ResidentSetSize of job (KB)
...
006 (111472063.198.000) 04/25 01:13:45 Image size of job updated: 10850720
	10521  -  MemoryUsage of job (MB)
	10772668  -  ResidentSetSize of job (KB)
...
006 (111472063.198.000) 04/25 01:18:46 Image size of job updated: 11799488
	11447  -  MemoryUsage of job (MB)
	11721436  -  ResidentSetSize of job (KB)
...
006 (111472063.198.000) 04/25 01:23:46 Image size of job updated: 12470040
	12102  -  MemoryUsage of job (MB)
	12391988  -  ResidentSetSize of job (KB)
...
006 (111472063.198.000) 04/25 01:28:47 Image size of job updated: 13118084
	12735  -  MemoryUsage of job (MB)
	13040032  -  ResidentSetSize of job (KB)
...
006 (111472063.198.000) 04/25 01:33:48 Image size of job updated: 13763380
	13365  -  MemoryUsage of job (MB)
	13685328  -  ResidentSetSize of job (KB)
...
006 (111472063.198.000) 04/25 01:38:48 Image size of job updated: 14530468
	14114  -  MemoryUsage of job (MB)
	14452416  -  ResidentSetSize of job (KB)
...
006 (111472063.198.000) 04/25 01:43:48 Image size of job updated: 15443556
	15006  -  MemoryUsage of job (MB)
	15365504  -  ResidentSetSize of job (KB)
...
006 (111472063.198.000) 04/25 01:48:48 Image size of job updated: 16348132
	15889  -  MemoryUsage of job (MB)
	16270080  -  ResidentSetSize of job (KB)
...
006 (111472063.198.000) 04/25 01:53:48 Image size of job updated: 17058204
	16582  -  MemoryUsage of job (MB)
	16979332  -  ResidentSetSize of job (KB)
...
006 (111472063.198.000) 04/25 01:58:48 Image size of job updated: 17817820
	17321  -  MemoryUsage of job (MB)
	17736124  -  ResidentSetSize of job (KB)
...
006 (111472063.198.000) 04/25 02:03:49 Image size of job updated: 18377456
	17856  -  MemoryUsage of job (MB)
	18284468  -  ResidentSetSize of job (KB)
...
006 (111472063.198.000) 04/25 02:08:50 Image size of job updated: 18774252
	18232  -  MemoryUsage of job (MB)
	18668844  -  ResidentSetSize of job (KB)
...
006 (111472063.198.000) 04/25 02:13:50 Image size of job updated: 19097044
	18530  -  MemoryUsage of job (MB)
	18974444  -  ResidentSetSize of job (KB)
...
006 (111472063.198.000) 04/25 02:18:50 Image size of job updated: 19377380
	18786  -  MemoryUsage of job (MB)
	19236192  -  ResidentSetSize of job (KB)
...
006 (111472063.198.000) 04/25 02:23:50 Image size of job updated: 19659328
	19035  -  MemoryUsage of job (MB)
	19491052  -  ResidentSetSize of job (KB)
...
006 (111472063.198.000) 04/25 02:28:51 Image size of job updated: 19929256
	19277  -  MemoryUsage of job (MB)
	19739156  -  ResidentSetSize of job (KB)
...
006 (111472063.198.000) 04/25 02:33:52 Image size of job updated: 20065676
	19394  -  MemoryUsage of job (MB)
	19859264  -  ResidentSetSize of job (KB)
...
006 (111472063.198.000) 04/25 02:38:52 Image size of job updated: 20291840
	19599  -  MemoryUsage of job (MB)
	20068392  -  ResidentSetSize of job (KB)
...
006 (111472063.198.000) 04/25 02:43:53 Image size of job updated: 20387316
	19682  -  MemoryUsage of job (MB)
	20154036  -  ResidentSetSize of job (KB)
...
006 (111472063.198.000) 04/25 02:48:54 Image size of job updated: 20480880
	19750  -  MemoryUsage of job (MB)
	20223832  -  ResidentSetSize of job (KB)
...
006 (111472063.198.000) 04/25 02:53:54 Image size of job updated: 20618168
	19862  -  MemoryUsage of job (MB)
	20338100  -  ResidentSetSize of job (KB)
...
006 (111472063.198.000) 04/25 02:58:54 Image size of job updated: 20676460
	19904  -  MemoryUsage of job (MB)
	20380928  -  ResidentSetSize of job (KB)
...
006 (111472063.198.000) 04/25 03:03:56 Image size of job updated: 20722652
	19937  -  MemoryUsage of job (MB)
	20414680  -  ResidentSetSize of job (KB)
...
006 (111472063.198.000) 04/25 03:08:56 Image size of job updated: 20771768
	19967  -  MemoryUsage of job (MB)
	20446008  -  ResidentSetSize of job (KB)
...
006 (111472063.198.000) 04/25 03:13:56 Image size of job updated: 20895304
	20051  -  MemoryUsage of job (MB)
	20531944  -  ResidentSetSize of job (KB)
...
006 (111472063.198.000) 04/25 03:18:56 Image size of job updated: 21020544
	20136  -  MemoryUsage of job (MB)
	20619052  -  ResidentSetSize of job (KB)
...
006 (111472063.198.000) 04/25 03:23:57 Image size of job updated: 21127492
	20182  -  MemoryUsage of job (MB)
	20666312  -  ResidentSetSize of job (KB)
...
006 (111472063.198.000) 04/25 03:28:58 Image size of job updated: 21308352
	20289  -  MemoryUsage of job (MB)
	20775216  -  ResidentSetSize of job (KB)
...
006 (111472063.198.000) 04/25 03:33:59 Image size of job updated: 21392328
	20310  -  MemoryUsage of job (MB)
	20797176  -  ResidentSetSize of job (KB)
...
006 (111472063.198.000) 04/25 03:38:59 Image size of job updated: 21501816
	20334  -  MemoryUsage of job (MB)
	20821152  -  ResidentSetSize of job (KB)
...
006 (111472063.198.000) 04/25 03:43:59 Image size of job updated: 21665420
	20395  -  MemoryUsage of job (MB)
	20883940  -  ResidentSetSize of job (KB)
...
006 (111472063.198.000) 04/25 03:48:59 Image size of job updated: 21801420
	20403  -  MemoryUsage of job (MB)
	20891776  -  ResidentSetSize of job (KB)
...
006 (111472063.198.000) 04/25 03:54:00 Image size of job updated: 22014848
	20422  -  MemoryUsage of job (MB)
	20911656  -  ResidentSetSize of job (KB)
...
006 (111472063.198.000) 04/25 03:59:00 Image size of job updated: 22146392
	20422  -  MemoryUsage of job (MB)
	20911820  -  ResidentSetSize of job (KB)
...
006 (111472063.198.000) 04/25 04:04:01 Image size of job updated: 22315664
	20441  -  MemoryUsage of job (MB)
	20930824  -  ResidentSetSize of job (KB)
...
006 (111472063.198.000) 04/25 04:09:01 Image size of job updated: 22484504
	20441  -  MemoryUsage of job (MB)
	20930824  -  ResidentSetSize of job (KB)
...
006 (111472063.198.000) 04/25 04:14:01 Image size of job updated: 22813940
	20441  -  MemoryUsage of job (MB)
	20930824  -  ResidentSetSize of job (KB)
...
006 (111472063.198.000) 04/25 04:19:03 Image size of job updated: 23119092
	20444  -  MemoryUsage of job (MB)
	20934040  -  ResidentSetSize of job (KB)
...
006 (111472063.198.000) 04/25 04:23:40 Image size of job updated: 23269540
	20444  -  MemoryUsage of job (MB)
	20934040  -  ResidentSetSize of job (KB)
...
005 (111472063.198.000) 04/25 04:23:44 Job terminated.
	(1) Normal termination (return value 0)
		Usr 0 02:05:58, Sys 0 00:02:24  -  Run Remote Usage
		Usr 0 00:00:00, Sys 0 00:00:00  -  Run Local Usage
		Usr 0 02:05:58, Sys 0 00:02:24  -  Total Remote Usage
		Usr 0 00:00:00, Sys 0 00:00:00  -  Total Local Usage
	24633216  -  Run Bytes Sent By Job
	1780295552  -  Run Bytes Received By Job
	24633216  -  Total Bytes Sent By Job
	1780295552  -  Total Bytes Received By Job
	Partitionable Resources :      Usage  Request Allocated 
	   Cpus                 :       0.37        1         1 
	   Disk (KB)            : 6853787    20971520  21361911 
	   Ioheavy              :                             0 
	   Memory (MB)          :   20444       20480     20480 
...
