000 (111351044.055.000) 04/22 20:35:43 Job submitted from host: <128.104.100.44:9618?addrs=128.104.100.44-9618+[2607-f388-107c-501-90e2-baff-fe2c-2724]-9618&noUDP&sock=1497440_afb9_3>
...
001 (111351044.055.000) 04/22 21:39:17 Job executing on host: <128.105.245.210:9618?addrs=128.105.245.210-9618&noUDP&sock=5438_981b_29>
...
006 (111351044.055.000) 04/22 21:39:26 Image size of job updated: 616
	1  -  MemoryUsage of job (MB)
	616  -  ResidentSetSize of job (KB)
...
006 (111351044.055.000) 04/22 21:44:27 Image size of job updated: 628
	1  -  MemoryUsage of job (MB)
	628  -  ResidentSetSize of job (KB)
...
006 (111351044.055.000) 04/22 21:49:29 Image size of job updated: 648
	1  -  MemoryUsage of job (MB)
	648  -  ResidentSetSize of job (KB)
...
006 (111351044.055.000) 04/22 21:54:30 Image size of job updated: 652
	1  -  MemoryUsage of job (MB)
	652  -  ResidentSetSize of job (KB)
...
006 (111351044.055.000) 04/22 21:59:29 Image size of job updated: 664
	1  -  MemoryUsage of job (MB)
	664  -  ResidentSetSize of job (KB)
...
006 (111351044.055.000) 04/22 22:04:30 Image size of job updated: 498484
	411  -  MemoryUsage of job (MB)
	420488  -  ResidentSetSize of job (KB)
...
006 (111351044.055.000) 04/22 22:07:52 Image size of job updated: 1330036
	412  -  MemoryUsage of job (MB)
	421532  -  ResidentSetSize of job (KB)
...
005 (111351044.055.000) 04/22 22:07:53 Job terminated.
	(1) Normal termination (return value 0)
		Usr 0 00:06:30, Sys 0 00:00:23  -  Run Remote Usage
		Usr 0 00:00:00, Sys 0 00:00:00  -  Run Local Usage
		Usr 0 00:06:30, Sys 0 00:00:23  -  Total Remote Usage
		Usr 0 00:00:00, Sys 0 00:00:00  -  Total Local Usage
	1254567  -  Run Bytes Sent By Job
	1780295296  -  Run Bytes Received By Job
	1254567  -  Total Bytes Sent By Job
	1780295296  -  Total Bytes Received By Job
	Partitionable Resources :    Usage  Request Allocated 
	   Cpus                 :        0        1         1 
	   Disk (KB)            :  6832650 20971520  21294368 
	   Ioheavy              :                           0 
	   Memory (MB)          :      412    20480     20480 
...
