000 (111367109.125.000) 04/22 22:38:18 Job submitted from host: <128.104.100.44:9618?addrs=128.104.100.44-9618+[2607-f388-107c-501-90e2-baff-fe2c-2724]-9618&noUDP&sock=1497440_afb9_3>
...
001 (111367109.125.000) 04/23 05:53:56 Job executing on host: <128.105.245.177:9618?addrs=128.105.245.177-9618&noUDP&sock=5454_919e_29>
...
006 (111367109.125.000) 04/23 05:54:06 Image size of job updated: 620
	1  -  MemoryUsage of job (MB)
	620  -  ResidentSetSize of job (KB)
...
006 (111367109.125.000) 04/23 05:59:12 Image size of job updated: 632
	1  -  MemoryUsage of job (MB)
	632  -  ResidentSetSize of job (KB)
...
006 (111367109.125.000) 04/23 06:04:10 Image size of job updated: 660
	1  -  MemoryUsage of job (MB)
	660  -  ResidentSetSize of job (KB)
...
006 (111367109.125.000) 04/23 06:09:09 Image size of job updated: 528408
	440  -  MemoryUsage of job (MB)
	450412  -  ResidentSetSize of job (KB)
...
006 (111367109.125.000) 04/23 06:14:10 Image size of job updated: 984416
	886  -  MemoryUsage of job (MB)
	906364  -  ResidentSetSize of job (KB)
...
006 (111367109.125.000) 04/23 06:19:12 Image size of job updated: 1593440
	1480  -  MemoryUsage of job (MB)
	1515388  -  ResidentSetSize of job (KB)
...
006 (111367109.125.000) 04/23 06:24:12 Image size of job updated: 2216804
	2089  -  MemoryUsage of job (MB)
	2138752  -  ResidentSetSize of job (KB)
...
006 (111367109.125.000) 04/23 06:29:12 Image size of job updated: 2946860
	2802  -  MemoryUsage of job (MB)
	2868808  -  ResidentSetSize of job (KB)
...
006 (111367109.125.000) 04/23 06:34:13 Image size of job updated: 3911768
	3744  -  MemoryUsage of job (MB)
	3833716  -  ResidentSetSize of job (KB)
...
006 (111367109.125.000) 04/23 06:39:14 Image size of job updated: 4796504
	4608  -  MemoryUsage of job (MB)
	4718452  -  ResidentSetSize of job (KB)
...
006 (111367109.125.000) 04/23 06:44:14 Image size of job updated: 5747900
	5537  -  MemoryUsage of job (MB)
	5669848  -  ResidentSetSize of job (KB)
...
006 (111367109.125.000) 04/23 06:49:15 Image size of job updated: 6602840
	6372  -  MemoryUsage of job (MB)
	6524788  -  ResidentSetSize of job (KB)
...
006 (111367109.125.000) 04/23 06:54:16 Image size of job updated: 7294040
	7047  -  MemoryUsage of job (MB)
	7215988  -  ResidentSetSize of job (KB)
...
006 (111367109.125.000) 04/23 06:59:17 Image size of job updated: 8140624
	7874  -  MemoryUsage of job (MB)
	8062572  -  ResidentSetSize of job (KB)
...
006 (111367109.125.000) 04/23 07:04:16 Image size of job updated: 8837840
	8555  -  MemoryUsage of job (MB)
	8759788  -  ResidentSetSize of job (KB)
...
006 (111367109.125.000) 04/23 07:09:16 Image size of job updated: 9512984
	9214  -  MemoryUsage of job (MB)
	9434932  -  ResidentSetSize of job (KB)
...
006 (111367109.125.000) 04/23 07:14:16 Image size of job updated: 10208676
	9894  -  MemoryUsage of job (MB)
	10130624  -  ResidentSetSize of job (KB)
...
006 (111367109.125.000) 04/23 07:19:17 Image size of job updated: 10910576
	10579  -  MemoryUsage of job (MB)
	10832524  -  ResidentSetSize of job (KB)
...
006 (111367109.125.000) 04/23 07:24:18 Image size of job updated: 11478452
	11134  -  MemoryUsage of job (MB)
	11400400  -  ResidentSetSize of job (KB)
...
006 (111367109.125.000) 04/23 07:29:18 Image size of job updated: 12148480
	11788  -  MemoryUsage of job (MB)
	12070428  -  ResidentSetSize of job (KB)
...
006 (111367109.125.000) 04/23 07:34:19 Image size of job updated: 12774244
	12399  -  MemoryUsage of job (MB)
	12696192  -  ResidentSetSize of job (KB)
...
006 (111367109.125.000) 04/23 07:39:19 Image size of job updated: 13514220
	13122  -  MemoryUsage of job (MB)
	13436168  -  ResidentSetSize of job (KB)
...
006 (111367109.125.000) 04/23 07:44:21 Image size of job updated: 14159716
	13752  -  MemoryUsage of job (MB)
	14081664  -  ResidentSetSize of job (KB)
...
006 (111367109.125.000) 04/23 07:49:21 Image size of job updated: 14817272
	14394  -  MemoryUsage of job (MB)
	14739220  -  ResidentSetSize of job (KB)
...
006 (111367109.125.000) 04/23 07:54:21 Image size of job updated: 15314232
	14878  -  MemoryUsage of job (MB)
	15234772  -  ResidentSetSize of job (KB)
...
006 (111367109.125.000) 04/23 07:59:22 Image size of job updated: 15547804
	15105  -  MemoryUsage of job (MB)
	15467276  -  ResidentSetSize of job (KB)
...
006 (111367109.125.000) 04/23 08:04:22 Image size of job updated: 15786528
	15338  -  MemoryUsage of job (MB)
	15705536  -  ResidentSetSize of job (KB)
...
006 (111367109.125.000) 04/23 08:09:24 Image size of job updated: 16014484
	15559  -  MemoryUsage of job (MB)
	15931528  -  ResidentSetSize of job (KB)
...
006 (111367109.125.000) 04/23 08:14:24 Image size of job updated: 16140372
	15680  -  MemoryUsage of job (MB)
	16055668  -  ResidentSetSize of job (KB)
...
006 (111367109.125.000) 04/23 08:19:24 Image size of job updated: 16328196
	15860  -  MemoryUsage of job (MB)
	16240544  -  ResidentSetSize of job (KB)
...
006 (111367109.125.000) 04/23 08:24:25 Image size of job updated: 16646260
	16168  -  MemoryUsage of job (MB)
	16555976  -  ResidentSetSize of job (KB)
...
006 (111367109.125.000) 04/23 08:29:26 Image size of job updated: 16877904
	16392  -  MemoryUsage of job (MB)
	16785380  -  ResidentSetSize of job (KB)
...
006 (111367109.125.000) 04/23 08:34:27 Image size of job updated: 17411376
	16911  -  MemoryUsage of job (MB)
	17316804  -  ResidentSetSize of job (KB)
...
006 (111367109.125.000) 04/23 08:39:27 Image size of job updated: 17981608
	17458  -  MemoryUsage of job (MB)
	17876656  -  ResidentSetSize of job (KB)
...
006 (111367109.125.000) 04/23 08:44:28 Image size of job updated: 18414852
	17866  -  MemoryUsage of job (MB)
	18294572  -  ResidentSetSize of job (KB)
...
006 (111367109.125.000) 04/23 08:49:29 Image size of job updated: 18669456
	18107  -  MemoryUsage of job (MB)
	18541004  -  ResidentSetSize of job (KB)
...
006 (111367109.125.000) 04/23 08:54:30 Image size of job updated: 18991104
	18410  -  MemoryUsage of job (MB)
	18851468  -  ResidentSetSize of job (KB)
...
006 (111367109.125.000) 04/23 08:59:31 Image size of job updated: 19366240
	18756  -  MemoryUsage of job (MB)
	19205784  -  ResidentSetSize of job (KB)
...
006 (111367109.125.000) 04/23 09:04:31 Image size of job updated: 19648008
	19021  -  MemoryUsage of job (MB)
	19477060  -  ResidentSetSize of job (KB)
...
006 (111367109.125.000) 04/23 09:09:31 Image size of job updated: 19807292
	19164  -  MemoryUsage of job (MB)
	19623928  -  ResidentSetSize of job (KB)
...
006 (111367109.125.000) 04/23 09:14:32 Image size of job updated: 20061556
	19398  -  MemoryUsage of job (MB)
	19863192  -  ResidentSetSize of job (KB)
...
006 (111367109.125.000) 04/23 09:19:32 Image size of job updated: 20370456
	19680  -  MemoryUsage of job (MB)
	20151400  -  ResidentSetSize of job (KB)
...
006 (111367109.125.000) 04/23 09:24:33 Image size of job updated: 20476940
	19758  -  MemoryUsage of job (MB)
	20231180  -  ResidentSetSize of job (KB)
...
