000 (111472063.059.000) 04/24 11:52:22 Job submitted from host: <128.104.100.44:9618?addrs=128.104.100.44-9618+[2607-f388-107c-501-90e2-baff-fe2c-2724]-9618&noUDP&sock=4699_0235_3>
...
001 (111472063.059.000) 04/24 20:44:08 Job executing on host: <128.105.245.194:9618?addrs=128.105.245.194-9618&noUDP&sock=5465_1d29_3>
...
006 (111472063.059.000) 04/24 20:44:17 Image size of job updated: 624
	1  -  MemoryUsage of job (MB)
	624  -  ResidentSetSize of job (KB)
...
006 (111472063.059.000) 04/24 20:49:19 Image size of job updated: 664
	1  -  MemoryUsage of job (MB)
	664  -  ResidentSetSize of job (KB)
...
006 (111472063.059.000) 04/24 20:54:19 Image size of job updated: 860612
	765  -  MemoryUsage of job (MB)
	782560  -  ResidentSetSize of job (KB)
...
006 (111472063.059.000) 04/24 20:59:20 Image size of job updated: 1709464
	1594  -  MemoryUsage of job (MB)
	1631412  -  ResidentSetSize of job (KB)
...
006 (111472063.059.000) 04/24 21:04:21 Image size of job updated: 2823760
	2682  -  MemoryUsage of job (MB)
	2745708  -  ResidentSetSize of job (KB)
...
006 (111472063.059.000) 04/24 21:09:22 Image size of job updated: 3908564
	3741  -  MemoryUsage of job (MB)
	3830512  -  ResidentSetSize of job (KB)
...
006 (111472063.059.000) 04/24 21:14:22 Image size of job updated: 4870824
	4681  -  MemoryUsage of job (MB)
	4792772  -  ResidentSetSize of job (KB)
...
006 (111472063.059.000) 04/24 21:19:22 Image size of job updated: 5812596
	5601  -  MemoryUsage of job (MB)
	5734544  -  ResidentSetSize of job (KB)
...
006 (111472063.059.000) 04/24 21:24:23 Image size of job updated: 6720948
	6488  -  MemoryUsage of job (MB)
	6642896  -  ResidentSetSize of job (KB)
...
006 (111472063.059.000) 04/24 21:29:24 Image size of job updated: 7713276
	7457  -  MemoryUsage of job (MB)
	7635224  -  ResidentSetSize of job (KB)
...
006 (111472063.059.000) 04/24 21:34:25 Image size of job updated: 8636532
	8358  -  MemoryUsage of job (MB)
	8558480  -  ResidentSetSize of job (KB)
...
006 (111472063.059.000) 04/24 21:39:26 Image size of job updated: 9414004
	9118  -  MemoryUsage of job (MB)
	9335952  -  ResidentSetSize of job (KB)
...
006 (111472063.059.000) 04/24 21:44:27 Image size of job updated: 9994500
	9685  -  MemoryUsage of job (MB)
	9916448  -  ResidentSetSize of job (KB)
...
006 (111472063.059.000) 04/24 21:49:28 Image size of job updated: 10722312
	10395  -  MemoryUsage of job (MB)
	10644260  -  ResidentSetSize of job (KB)
...
006 (111472063.059.000) 04/24 21:54:29 Image size of job updated: 11480772
	11136  -  MemoryUsage of job (MB)
	11402720  -  ResidentSetSize of job (KB)
...
006 (111472063.059.000) 04/24 21:59:30 Image size of job updated: 12296648
	11933  -  MemoryUsage of job (MB)
	12218596  -  ResidentSetSize of job (KB)
...
006 (111472063.059.000) 04/24 22:04:31 Image size of job updated: 13008864
	12628  -  MemoryUsage of job (MB)
	12930812  -  ResidentSetSize of job (KB)
...
006 (111472063.059.000) 04/24 22:09:31 Image size of job updated: 13677252
	13281  -  MemoryUsage of job (MB)
	13599200  -  ResidentSetSize of job (KB)
...
006 (111472063.059.000) 04/24 22:14:31 Image size of job updated: 14583620
	14166  -  MemoryUsage of job (MB)
	14505568  -  ResidentSetSize of job (KB)
...
006 (111472063.059.000) 04/24 22:19:32 Image size of job updated: 15294428
	14860  -  MemoryUsage of job (MB)
	15216376  -  ResidentSetSize of job (KB)
...
006 (111472063.059.000) 04/24 22:24:32 Image size of job updated: 16098700
	15646  -  MemoryUsage of job (MB)
	16020648  -  ResidentSetSize of job (KB)
...
006 (111472063.059.000) 04/24 22:29:32 Image size of job updated: 17035092
	16560  -  MemoryUsage of job (MB)
	16956580  -  ResidentSetSize of job (KB)
...
006 (111472063.059.000) 04/24 22:34:32 Image size of job updated: 17882476
	17385  -  MemoryUsage of job (MB)
	17801856  -  ResidentSetSize of job (KB)
...
006 (111472063.059.000) 04/24 22:39:33 Image size of job updated: 18808800
	18287  -  MemoryUsage of job (MB)
	18725512  -  ResidentSetSize of job (KB)
...
006 (111472063.059.000) 04/24 22:44:34 Image size of job updated: 19752652
	19205  -  MemoryUsage of job (MB)
	19665008  -  ResidentSetSize of job (KB)
...
006 (111472063.059.000) 04/24 22:49:35 Image size of job updated: 20544724
	19949  -  MemoryUsage of job (MB)
	20427704  -  ResidentSetSize of job (KB)
...
006 (111472063.059.000) 04/24 22:54:36 Image size of job updated: 21370504
	20428  -  MemoryUsage of job (MB)
	20917628  -  ResidentSetSize of job (KB)
...
006 (111472063.059.000) 04/24 22:59:36 Image size of job updated: 21753052
	20442  -  MemoryUsage of job (MB)
	20932608  -  ResidentSetSize of job (KB)
...
006 (111472063.059.000) 04/24 23:04:36 Image size of job updated: 21875576
	20442  -  MemoryUsage of job (MB)
	20932608  -  ResidentSetSize of job (KB)
...
006 (111472063.059.000) 04/24 23:09:38 Image size of job updated: 22200880
	20442  -  MemoryUsage of job (MB)
	20932608  -  ResidentSetSize of job (KB)
...
006 (111472063.059.000) 04/24 23:14:38 Image size of job updated: 22473208
	20450  -  MemoryUsage of job (MB)
	20940044  -  ResidentSetSize of job (KB)
...
006 (111472063.059.000) 04/24 23:19:39 Image size of job updated: 22743860
	20460  -  MemoryUsage of job (MB)
	20950112  -  ResidentSetSize of job (KB)
...
006 (111472063.059.000) 04/24 23:24:39 Image size of job updated: 23031788
	20460  -  MemoryUsage of job (MB)
	20950112  -  ResidentSetSize of job (KB)
...
006 (111472063.059.000) 04/24 23:24:44 Image size of job updated: 23031808
	20460  -  MemoryUsage of job (MB)
	20950112  -  ResidentSetSize of job (KB)
...
005 (111472063.059.000) 04/24 23:24:50 Job terminated.
	(1) Normal termination (return value 0)
		Usr 0 02:09:25, Sys 0 00:02:16  -  Run Remote Usage
		Usr 0 00:00:00, Sys 0 00:00:00  -  Run Local Usage
		Usr 0 02:09:25, Sys 0 00:02:16  -  Total Remote Usage
		Usr 0 00:00:00, Sys 0 00:00:00  -  Total Local Usage
	24337748  -  Run Bytes Sent By Job
	1780295552  -  Run Bytes Received By Job
	24337748  -  Total Bytes Sent By Job
	1780295552  -  Total Bytes Received By Job
	Partitionable Resources :      Usage  Request Allocated 
	   Cpus                 :       0.80        1         1 
	   Disk (KB)            : 6853497    20971520  21139215 
	   Ioheavy              :                             0 
	   Memory (MB)          :   20460       20480     20480 
...
