000 (111472063.183.000) 04/24 11:52:22 Job submitted from host: <128.104.100.44:9618?addrs=128.104.100.44-9618+[2607-f388-107c-501-90e2-baff-fe2c-2724]-9618&noUDP&sock=4699_0235_3>
...
001 (111472063.183.000) 04/24 23:00:56 Job executing on host: <128.105.245.178:9618?addrs=128.105.245.178-9618&noUDP&sock=5426_5cf8_29>
...
006 (111472063.183.000) 04/24 23:01:04 Image size of job updated: 624
	1  -  MemoryUsage of job (MB)
	624  -  ResidentSetSize of job (KB)
...
006 (111472063.183.000) 04/24 23:06:05 Image size of job updated: 268988
	187  -  MemoryUsage of job (MB)
	191068  -  ResidentSetSize of job (KB)
...
006 (111472063.183.000) 04/24 23:11:06 Image size of job updated: 580240
	491  -  MemoryUsage of job (MB)
	502244  -  ResidentSetSize of job (KB)
...
006 (111472063.183.000) 04/24 23:16:06 Image size of job updated: 896740
	800  -  MemoryUsage of job (MB)
	818688  -  ResidentSetSize of job (KB)
...
006 (111472063.183.000) 04/24 23:21:07 Image size of job updated: 1309616
	1203  -  MemoryUsage of job (MB)
	1231564  -  ResidentSetSize of job (KB)
...
006 (111472063.183.000) 04/24 23:26:07 Image size of job updated: 1821188
	1703  -  MemoryUsage of job (MB)
	1743136  -  ResidentSetSize of job (KB)
...
006 (111472063.183.000) 04/24 23:31:09 Image size of job updated: 2405180
	2273  -  MemoryUsage of job (MB)
	2327128  -  ResidentSetSize of job (KB)
...
006 (111472063.183.000) 04/24 23:36:09 Image size of job updated: 3396488
	3241  -  MemoryUsage of job (MB)
	3318436  -  ResidentSetSize of job (KB)
...
006 (111472063.183.000) 04/24 23:41:10 Image size of job updated: 4192348
	4018  -  MemoryUsage of job (MB)
	4114296  -  ResidentSetSize of job (KB)
...
006 (111472063.183.000) 04/24 23:46:10 Image size of job updated: 4869696
	4680  -  MemoryUsage of job (MB)
	4791644  -  ResidentSetSize of job (KB)
...
006 (111472063.183.000) 04/24 23:51:11 Image size of job updated: 5567788
	5362  -  MemoryUsage of job (MB)
	5489736  -  ResidentSetSize of job (KB)
...
006 (111472063.183.000) 04/24 23:56:11 Image size of job updated: 6384084
	6159  -  MemoryUsage of job (MB)
	6306032  -  ResidentSetSize of job (KB)
...
006 (111472063.183.000) 04/25 00:01:12 Image size of job updated: 7183392
	6939  -  MemoryUsage of job (MB)
	7105340  -  ResidentSetSize of job (KB)
...
006 (111472063.183.000) 04/25 00:06:12 Image size of job updated: 8117452
	7851  -  MemoryUsage of job (MB)
	8039400  -  ResidentSetSize of job (KB)
...
006 (111472063.183.000) 04/25 00:11:15 Image size of job updated: 8829320
	8547  -  MemoryUsage of job (MB)
	8751268  -  ResidentSetSize of job (KB)
...
006 (111472063.183.000) 04/25 00:16:13 Image size of job updated: 9465328
	9168  -  MemoryUsage of job (MB)
	9387276  -  ResidentSetSize of job (KB)
...
006 (111472063.183.000) 04/25 00:21:14 Image size of job updated: 10154388
	9841  -  MemoryUsage of job (MB)
	10076336  -  ResidentSetSize of job (KB)
...
006 (111472063.183.000) 04/25 00:26:14 Image size of job updated: 10857504
	10527  -  MemoryUsage of job (MB)
	10779452  -  ResidentSetSize of job (KB)
...
006 (111472063.183.000) 04/25 00:31:16 Image size of job updated: 11674656
	11325  -  MemoryUsage of job (MB)
	11596604  -  ResidentSetSize of job (KB)
...
006 (111472063.183.000) 04/25 00:36:14 Image size of job updated: 12303944
	11940  -  MemoryUsage of job (MB)
	12225892  -  ResidentSetSize of job (KB)
...
006 (111472063.183.000) 04/25 00:41:14 Image size of job updated: 13095356
	12713  -  MemoryUsage of job (MB)
	13017304  -  ResidentSetSize of job (KB)
...
006 (111472063.183.000) 04/25 00:46:14 Image size of job updated: 13637488
	13242  -  MemoryUsage of job (MB)
	13559436  -  ResidentSetSize of job (KB)
...
006 (111472063.183.000) 04/25 00:51:15 Image size of job updated: 14311080
	13900  -  MemoryUsage of job (MB)
	14233028  -  ResidentSetSize of job (KB)
...
006 (111472063.183.000) 04/25 00:56:15 Image size of job updated: 14947020
	14521  -  MemoryUsage of job (MB)
	14868968  -  ResidentSetSize of job (KB)
...
006 (111472063.183.000) 04/25 01:01:16 Image size of job updated: 15891512
	15443  -  MemoryUsage of job (MB)
	15813460  -  ResidentSetSize of job (KB)
...
006 (111472063.183.000) 04/25 01:06:16 Image size of job updated: 16423248
	15963  -  MemoryUsage of job (MB)
	16345196  -  ResidentSetSize of job (KB)
...
006 (111472063.183.000) 04/25 01:11:17 Image size of job updated: 16998564
	16524  -  MemoryUsage of job (MB)
	16920056  -  ResidentSetSize of job (KB)
...
006 (111472063.183.000) 04/25 01:16:18 Image size of job updated: 17592012
	17102  -  MemoryUsage of job (MB)
	17512344  -  ResidentSetSize of job (KB)
...
006 (111472063.183.000) 04/25 01:21:18 Image size of job updated: 18410528
	17901  -  MemoryUsage of job (MB)
	18330136  -  ResidentSetSize of job (KB)
...
006 (111472063.183.000) 04/25 01:26:18 Image size of job updated: 19049524
	18523  -  MemoryUsage of job (MB)
	18967124  -  ResidentSetSize of job (KB)
...
006 (111472063.183.000) 04/25 01:31:19 Image size of job updated: 19532184
	18989  -  MemoryUsage of job (MB)
	19443852  -  ResidentSetSize of job (KB)
...
006 (111472063.183.000) 04/25 01:36:19 Image size of job updated: 20156500
	19582  -  MemoryUsage of job (MB)
	20051664  -  ResidentSetSize of job (KB)
...
006 (111472063.183.000) 04/25 01:41:19 Image size of job updated: 20791344
	20138  -  MemoryUsage of job (MB)
	20620916  -  ResidentSetSize of job (KB)
...
006 (111472063.183.000) 04/25 01:46:20 Image size of job updated: 21193612
	20387  -  MemoryUsage of job (MB)
	20876036  -  ResidentSetSize of job (KB)
...
006 (111472063.183.000) 04/25 01:51:20 Image size of job updated: 21727452
	20449  -  MemoryUsage of job (MB)
	20939028  -  ResidentSetSize of job (KB)
...
006 (111472063.183.000) 04/25 01:56:21 Image size of job updated: 22165404
	20449  -  MemoryUsage of job (MB)
	20939168  -  ResidentSetSize of job (KB)
...
006 (111472063.183.000) 04/25 02:01:22 Image size of job updated: 22790052
	20452  -  MemoryUsage of job (MB)
	20942476  -  ResidentSetSize of job (KB)
...
006 (111472063.183.000) 04/25 02:04:40 Image size of job updated: 23046644
	20452  -  MemoryUsage of job (MB)
	20942492  -  ResidentSetSize of job (KB)
...
005 (111472063.183.000) 04/25 02:04:42 Job terminated.
	(1) Normal termination (return value 0)
		Usr 0 02:17:50, Sys 0 00:02:27  -  Run Remote Usage
		Usr 0 00:00:00, Sys 0 00:00:00  -  Run Local Usage
		Usr 0 02:17:50, Sys 0 00:02:27  -  Total Remote Usage
		Usr 0 00:00:00, Sys 0 00:00:00  -  Total Local Usage
	24095288  -  Run Bytes Sent By Job
	1780295552  -  Run Bytes Received By Job
	24095288  -  Total Bytes Sent By Job
	1780295552  -  Total Bytes Received By Job
	Partitionable Resources :      Usage  Request Allocated 
	   Cpus                 :       0.19        1         1 
	   Disk (KB)            : 6853261    20971520  21339514 
	   Ioheavy              :                             0 
	   Memory (MB)          :   20452       20480     20480 
...
