000 (111351044.160.000) 04/22 20:35:43 Job submitted from host: <128.104.100.44:9618?addrs=128.104.100.44-9618+[2607-f388-107c-501-90e2-baff-fe2c-2724]-9618&noUDP&sock=1497440_afb9_3>
...
001 (111351044.160.000) 04/22 22:01:28 Job executing on host: <128.105.245.132:9618?addrs=128.105.245.132-9618&noUDP&sock=5469_db8a_29>
...
006 (111351044.160.000) 04/22 22:01:38 Image size of job updated: 628
	1  -  MemoryUsage of job (MB)
	628  -  ResidentSetSize of job (KB)
...
006 (111351044.160.000) 04/22 22:06:39 Image size of job updated: 656
	1  -  MemoryUsage of job (MB)
	656  -  ResidentSetSize of job (KB)
...
006 (111351044.160.000) 04/22 22:11:39 Image size of job updated: 374840
	290  -  MemoryUsage of job (MB)
	296844  -  ResidentSetSize of job (KB)
...
006 (111351044.160.000) 04/22 22:16:39 Image size of job updated: 686400
	595  -  MemoryUsage of job (MB)
	608404  -  ResidentSetSize of job (KB)
...
006 (111351044.160.000) 04/22 22:17:12 Image size of job updated: 770868
	596  -  MemoryUsage of job (MB)
	609528  -  ResidentSetSize of job (KB)
...
005 (111351044.160.000) 04/22 22:17:13 Job terminated.
	(1) Normal termination (return value 0)
		Usr 0 00:06:42, Sys 0 00:00:23  -  Run Remote Usage
		Usr 0 00:00:00, Sys 0 00:00:00  -  Run Local Usage
		Usr 0 00:06:42, Sys 0 00:00:23  -  Total Remote Usage
		Usr 0 00:00:00, Sys 0 00:00:00  -  Total Local Usage
	1371960  -  Run Bytes Sent By Job
	1780295296  -  Run Bytes Received By Job
	1371960  -  Total Bytes Sent By Job
	1780295296  -  Total Bytes Received By Job
	Partitionable Resources :      Usage  Request Allocated 
	   Cpus                 :       0.75        1         1 
	   Disk (KB)            : 6832906    20971520  21173597 
	   Ioheavy              :                             0 
	   Memory (MB)          :     596       20480     20480 
...
