000 (111351044.070.000) 04/22 20:35:43 Job submitted from host: <128.104.100.44:9618?addrs=128.104.100.44-9618+[2607-f388-107c-501-90e2-baff-fe2c-2724]-9618&noUDP&sock=1497440_afb9_3>
...
001 (111351044.070.000) 04/22 21:36:44 Job executing on host: <128.105.245.154:9618?addrs=128.105.245.154-9618&noUDP&sock=5448_740d_29>
...
006 (111351044.070.000) 04/22 21:36:54 Image size of job updated: 632
	1  -  MemoryUsage of job (MB)
	632  -  ResidentSetSize of job (KB)
...
006 (111351044.070.000) 04/22 21:41:55 Image size of job updated: 672
	1  -  MemoryUsage of job (MB)
	672  -  ResidentSetSize of job (KB)
...
006 (111351044.070.000) 04/22 21:46:55 Image size of job updated: 596436
	507  -  MemoryUsage of job (MB)
	518440  -  ResidentSetSize of job (KB)
...
006 (111351044.070.000) 04/22 21:48:40 Image size of job updated: 1329268
	507  -  MemoryUsage of job (MB)
	518440  -  ResidentSetSize of job (KB)
...
005 (111351044.070.000) 04/22 21:48:41 Job terminated.
	(1) Normal termination (return value 0)
		Usr 0 00:06:50, Sys 0 00:00:24  -  Run Remote Usage
		Usr 0 00:00:00, Sys 0 00:00:00  -  Run Local Usage
		Usr 0 00:06:50, Sys 0 00:00:24  -  Total Remote Usage
		Usr 0 00:00:00, Sys 0 00:00:00  -  Total Local Usage
	1266777  -  Run Bytes Sent By Job
	1780295296  -  Run Bytes Received By Job
	1266777  -  Total Bytes Sent By Job
	1780295296  -  Total Bytes Received By Job
	Partitionable Resources :      Usage  Request Allocated 
	   Cpus                 :       1.00        1         1 
	   Disk (KB)            : 6832662    20971520  21207092 
	   Ioheavy              :                             0 
	   Memory (MB)          :     507       20480     20480 
...
