000 (111472063.040.000) 04/24 11:52:22 Job submitted from host: <128.104.100.44:9618?addrs=128.104.100.44-9618+[2607-f388-107c-501-90e2-baff-fe2c-2724]-9618&noUDP&sock=4699_0235_3>
...
001 (111472063.040.000) 04/24 20:18:02 Job executing on host: <128.105.245.212:9618?addrs=128.105.245.212-9618&noUDP&sock=5446_14dd_3>
...
006 (111472063.040.000) 04/24 20:18:12 Image size of job updated: 616
	1  -  MemoryUsage of job (MB)
	616  -  ResidentSetSize of job (KB)
...
006 (111472063.040.000) 04/24 20:23:12 Image size of job updated: 624
	1  -  MemoryUsage of job (MB)
	624  -  ResidentSetSize of job (KB)
...
006 (111472063.040.000) 04/24 20:28:13 Image size of job updated: 628
	1  -  MemoryUsage of job (MB)
	628  -  ResidentSetSize of job (KB)
...
006 (111472063.040.000) 04/24 20:33:14 Image size of job updated: 648
	1  -  MemoryUsage of job (MB)
	648  -  ResidentSetSize of job (KB)
...
006 (111472063.040.000) 04/24 21:03:17 Image size of job updated: 652
	1  -  MemoryUsage of job (MB)
	652  -  ResidentSetSize of job (KB)
...
006 (111472063.040.000) 04/24 21:13:19 Image size of job updated: 656
	1  -  MemoryUsage of job (MB)
	656  -  ResidentSetSize of job (KB)
...
006 (111472063.040.000) 04/24 21:18:19 Image size of job updated: 660
	1  -  MemoryUsage of job (MB)
	660  -  ResidentSetSize of job (KB)
...
006 (111472063.040.000) 04/24 21:23:19 Image size of job updated: 664
	1  -  MemoryUsage of job (MB)
	664  -  ResidentSetSize of job (KB)
...
006 (111472063.040.000) 04/24 21:33:19 Image size of job updated: 302032
	219  -  MemoryUsage of job (MB)
	224036  -  ResidentSetSize of job (KB)
...
006 (111472063.040.000) 04/24 21:38:19 Image size of job updated: 416572
	331  -  MemoryUsage of job (MB)
	338576  -  ResidentSetSize of job (KB)
...
006 (111472063.040.000) 04/24 21:43:19 Image size of job updated: 637776
	547  -  MemoryUsage of job (MB)
	559780  -  ResidentSetSize of job (KB)
...
006 (111472063.040.000) 04/24 21:48:20 Image size of job updated: 880256
	784  -  MemoryUsage of job (MB)
	802204  -  ResidentSetSize of job (KB)
...
006 (111472063.040.000) 04/24 21:53:20 Image size of job updated: 1027852
	928  -  MemoryUsage of job (MB)
	949800  -  ResidentSetSize of job (KB)
...
006 (111472063.040.000) 04/24 21:58:20 Image size of job updated: 1157700
	1055  -  MemoryUsage of job (MB)
	1079648  -  ResidentSetSize of job (KB)
...
006 (111472063.040.000) 04/24 22:03:20 Image size of job updated: 1392928
	1285  -  MemoryUsage of job (MB)
	1314876  -  ResidentSetSize of job (KB)
...
006 (111472063.040.000) 04/24 22:08:20 Image size of job updated: 2013864
	1891  -  MemoryUsage of job (MB)
	1935812  -  ResidentSetSize of job (KB)
...
006 (111472063.040.000) 04/24 22:13:20 Image size of job updated: 3170776
	3021  -  MemoryUsage of job (MB)
	3092724  -  ResidentSetSize of job (KB)
...
006 (111472063.040.000) 04/24 22:18:20 Image size of job updated: 3948088
	3780  -  MemoryUsage of job (MB)
	3870036  -  ResidentSetSize of job (KB)
...
006 (111472063.040.000) 04/24 22:23:21 Image size of job updated: 4777308
	4590  -  MemoryUsage of job (MB)
	4699256  -  ResidentSetSize of job (KB)
...
006 (111472063.040.000) 04/24 22:28:22 Image size of job updated: 5799140
	5587  -  MemoryUsage of job (MB)
	5721088  -  ResidentSetSize of job (KB)
...
006 (111472063.040.000) 04/24 22:33:23 Image size of job updated: 6600728
	6370  -  MemoryUsage of job (MB)
	6522676  -  ResidentSetSize of job (KB)
...
006 (111472063.040.000) 04/24 22:38:23 Image size of job updated: 7560808
	7308  -  MemoryUsage of job (MB)
	7482756  -  ResidentSetSize of job (KB)
...
006 (111472063.040.000) 04/24 22:43:23 Image size of job updated: 8536524
	8261  -  MemoryUsage of job (MB)
	8458472  -  ResidentSetSize of job (KB)
...
006 (111472063.040.000) 04/24 22:48:23 Image size of job updated: 9431944
	9135  -  MemoryUsage of job (MB)
	9353892  -  ResidentSetSize of job (KB)
...
006 (111472063.040.000) 04/24 22:53:24 Image size of job updated: 10193468
	9879  -  MemoryUsage of job (MB)
	10115416  -  ResidentSetSize of job (KB)
...
006 (111472063.040.000) 04/24 22:58:25 Image size of job updated: 10616752
	10292  -  MemoryUsage of job (MB)
	10538700  -  ResidentSetSize of job (KB)
...
006 (111472063.040.000) 04/24 23:03:25 Image size of job updated: 11354100
	11012  -  MemoryUsage of job (MB)
	11276048  -  ResidentSetSize of job (KB)
...
006 (111472063.040.000) 04/24 23:08:25 Image size of job updated: 12205204
	11843  -  MemoryUsage of job (MB)
	12127152  -  ResidentSetSize of job (KB)
...
006 (111472063.040.000) 04/24 23:13:26 Image size of job updated: 12750832
	12376  -  MemoryUsage of job (MB)
	12672268  -  ResidentSetSize of job (KB)
...
006 (111472063.040.000) 04/24 23:18:26 Image size of job updated: 13264632
	12878  -  MemoryUsage of job (MB)
	13186068  -  ResidentSetSize of job (KB)
...
006 (111472063.040.000) 04/24 23:23:26 Image size of job updated: 13844536
	13442  -  MemoryUsage of job (MB)
	13764352  -  ResidentSetSize of job (KB)
...
006 (111472063.040.000) 04/24 23:28:27 Image size of job updated: 14513036
	14058  -  MemoryUsage of job (MB)
	14394392  -  ResidentSetSize of job (KB)
...
006 (111472063.040.000) 04/24 23:33:28 Image size of job updated: 15296748
	14821  -  MemoryUsage of job (MB)
	15176432  -  ResidentSetSize of job (KB)
...
006 (111472063.040.000) 04/24 23:38:28 Image size of job updated: 16022312
	15526  -  MemoryUsage of job (MB)
	15897740  -  ResidentSetSize of job (KB)
...
006 (111472063.040.000) 04/24 23:43:29 Image size of job updated: 16806880
	16290  -  MemoryUsage of job (MB)
	16679944  -  ResidentSetSize of job (KB)
...
006 (111472063.040.000) 04/24 23:48:32 Image size of job updated: 17631040
	17082  -  MemoryUsage of job (MB)
	17491036  -  ResidentSetSize of job (KB)
...
006 (111472063.040.000) 04/24 23:53:31 Image size of job updated: 18202636
	17627  -  MemoryUsage of job (MB)
	18049444  -  ResidentSetSize of job (KB)
...
006 (111472063.040.000) 04/24 23:58:32 Image size of job updated: 18595224
	17997  -  MemoryUsage of job (MB)
	18428048  -  ResidentSetSize of job (KB)
...
006 (111472063.040.000) 04/25 00:03:32 Image size of job updated: 19162892
	18500  -  MemoryUsage of job (MB)
	18943892  -  ResidentSetSize of job (KB)
...
006 (111472063.040.000) 04/25 00:08:32 Image size of job updated: 19585108
	18870  -  MemoryUsage of job (MB)
	19322468  -  ResidentSetSize of job (KB)
...
006 (111472063.040.000) 04/25 00:13:32 Image size of job updated: 20033400
	19276  -  MemoryUsage of job (MB)
	19738020  -  ResidentSetSize of job (KB)
...
006 (111472063.040.000) 04/25 00:18:33 Image size of job updated: 20478500
	19649  -  MemoryUsage of job (MB)
	20120092  -  ResidentSetSize of job (KB)
...
006 (111472063.040.000) 04/25 00:23:35 Image size of job updated: 20669860
	19783  -  MemoryUsage of job (MB)
	20257412  -  ResidentSetSize of job (KB)
...
006 (111472063.040.000) 04/25 00:28:35 Image size of job updated: 20888740
	19957  -  MemoryUsage of job (MB)
	20435260  -  ResidentSetSize of job (KB)
...
006 (111472063.040.000) 04/25 00:33:35 Image size of job updated: 20964268
	19994  -  MemoryUsage of job (MB)
	20473772  -  ResidentSetSize of job (KB)
...
006 (111472063.040.000) 04/25 00:38:37 Image size of job updated: 21045568
	20043  -  MemoryUsage of job (MB)
	20523084  -  ResidentSetSize of job (KB)
...
006 (111472063.040.000) 04/25 00:43:37 Image size of job updated: 21156016
	20116  -  MemoryUsage of job (MB)
	20598752  -  ResidentSetSize of job (KB)
...
006 (111472063.040.000) 04/25 00:48:39 Image size of job updated: 21270556
	20170  -  MemoryUsage of job (MB)
	20653576  -  ResidentSetSize of job (KB)
...
006 (111472063.040.000) 04/25 00:53:37 Image size of job updated: 21381180
	20222  -  MemoryUsage of job (MB)
	20706456  -  ResidentSetSize of job (KB)
...
006 (111472063.040.000) 04/25 00:58:39 Image size of job updated: 21531408
	20299  -  MemoryUsage of job (MB)
	20786052  -  ResidentSetSize of job (KB)
...
006 (111472063.040.000) 04/25 01:03:41 Image size of job updated: 21588048
	20324  -  MemoryUsage of job (MB)
	20811540  -  ResidentSetSize of job (KB)
...
006 (111472063.040.000) 04/25 01:08:39 Image size of job updated: 21679212
	20354  -  MemoryUsage of job (MB)
	20842316  -  ResidentSetSize of job (KB)
...
006 (111472063.040.000) 04/25 01:13:39 Image size of job updated: 21731240
	20368  -  MemoryUsage of job (MB)
	20856424  -  ResidentSetSize of job (KB)
...
006 (111472063.040.000) 04/25 01:18:39 Image size of job updated: 21839104
	20410  -  MemoryUsage of job (MB)
	20899384  -  ResidentSetSize of job (KB)
...
006 (111472063.040.000) 04/25 01:23:39 Image size of job updated: 21855224
	20411  -  MemoryUsage of job (MB)
	20900800  -  ResidentSetSize of job (KB)
...
006 (111472063.040.000) 04/25 01:28:40 Image size of job updated: 21870396
	20412  -  MemoryUsage of job (MB)
	20901476  -  ResidentSetSize of job (KB)
...
006 (111472063.040.000) 04/25 01:33:40 Image size of job updated: 21870396
	20421  -  MemoryUsage of job (MB)
	20910236  -  ResidentSetSize of job (KB)
...
006 (111472063.040.000) 04/25 01:38:41 Image size of job updated: 21875648
	20425  -  MemoryUsage of job (MB)
	20914536  -  ResidentSetSize of job (KB)
...
006 (111472063.040.000) 04/25 01:43:42 Image size of job updated: 21896228
	20425  -  MemoryUsage of job (MB)
	20914536  -  ResidentSetSize of job (KB)
...
006 (111472063.040.000) 04/25 01:48:47 Image size of job updated: 21956616
	20427  -  MemoryUsage of job (MB)
	20916520  -  ResidentSetSize of job (KB)
...
006 (111472063.040.000) 04/25 01:53:44 Image size of job updated: 21978528
	20427  -  MemoryUsage of job (MB)
	20916520  -  ResidentSetSize of job (KB)
...
006 (111472063.040.000) 04/25 01:58:46 Image size of job updated: 22048272
	20435  -  MemoryUsage of job (MB)
	20924832  -  ResidentSetSize of job (KB)
...
006 (111472063.040.000) 04/25 02:03:46 Image size of job updated: 22128284
	20463  -  MemoryUsage of job (MB)
	20954052  -  ResidentSetSize of job (KB)
...
006 (111472063.040.000) 04/25 02:08:46 Image size of job updated: 22196600
	20463  -  MemoryUsage of job (MB)
	20954052  -  ResidentSetSize of job (KB)
...
006 (111472063.040.000) 04/25 02:13:47 Image size of job updated: 22242024
	20463  -  MemoryUsage of job (MB)
	20954052  -  ResidentSetSize of job (KB)
...
006 (111472063.040.000) 04/25 02:18:49 Image size of job updated: 22263064
	20463  -  MemoryUsage of job (MB)
	20954052  -  ResidentSetSize of job (KB)
...
006 (111472063.040.000) 04/25 02:23:49 Image size of job updated: 22343400
	20463  -  MemoryUsage of job (MB)
	20954052  -  ResidentSetSize of job (KB)
...
006 (111472063.040.000) 04/25 02:28:48 Image size of job updated: 22398848
	20463  -  MemoryUsage of job (MB)
	20954052  -  ResidentSetSize of job (KB)
...
006 (111472063.040.000) 04/25 02:33:49 Image size of job updated: 22484840
	20463  -  MemoryUsage of job (MB)
	20954052  -  ResidentSetSize of job (KB)
...
006 (111472063.040.000) 04/25 02:38:49 Image size of job updated: 22540220
	20463  -  MemoryUsage of job (MB)
	20954052  -  ResidentSetSize of job (KB)
...
006 (111472063.040.000) 04/25 02:43:49 Image size of job updated: 22557556
	20463  -  MemoryUsage of job (MB)
	20954052  -  ResidentSetSize of job (KB)
...
006 (111472063.040.000) 04/25 02:48:50 Image size of job updated: 22576208
	20463  -  MemoryUsage of job (MB)
	20954052  -  ResidentSetSize of job (KB)
...
006 (111472063.040.000) 04/25 02:53:51 Image size of job updated: 22595016
	20463  -  MemoryUsage of job (MB)
	20954052  -  ResidentSetSize of job (KB)
...
006 (111472063.040.000) 04/25 02:58:52 Image size of job updated: 22615888
	20463  -  MemoryUsage of job (MB)
	20954052  -  ResidentSetSize of job (KB)
...
006 (111472063.040.000) 04/25 03:03:53 Image size of job updated: 22639708
	20463  -  MemoryUsage of job (MB)
	20954052  -  ResidentSetSize of job (KB)
...
006 (111472063.040.000) 04/25 03:08:54 Image size of job updated: 22692748
	20463  -  MemoryUsage of job (MB)
	20954052  -  ResidentSetSize of job (KB)
...
006 (111472063.040.000) 04/25 03:13:55 Image size of job updated: 22739176
	20463  -  MemoryUsage of job (MB)
	20954052  -  ResidentSetSize of job (KB)
...
006 (111472063.040.000) 04/25 03:18:56 Image size of job updated: 22826428
	20465  -  MemoryUsage of job (MB)
	20955196  -  ResidentSetSize of job (KB)
...
006 (111472063.040.000) 04/25 03:23:57 Image size of job updated: 22859252
	20465  -  MemoryUsage of job (MB)
	20955196  -  ResidentSetSize of job (KB)
...
006 (111472063.040.000) 04/25 03:28:57 Image size of job updated: 22879244
	20465  -  MemoryUsage of job (MB)
	20955196  -  ResidentSetSize of job (KB)
...
006 (111472063.040.000) 04/25 03:33:57 Image size of job updated: 22922220
	20465  -  MemoryUsage of job (MB)
	20955196  -  ResidentSetSize of job (KB)
...
006 (111472063.040.000) 04/25 03:38:58 Image size of job updated: 22950584
	20465  -  MemoryUsage of job (MB)
	20955196  -  ResidentSetSize of job (KB)
...
006 (111472063.040.000) 04/25 03:44:00 Image size of job updated: 22975352
	20465  -  MemoryUsage of job (MB)
	20955196  -  ResidentSetSize of job (KB)
...
006 (111472063.040.000) 04/25 03:49:00 Image size of job updated: 22983864
	20465  -  MemoryUsage of job (MB)
	20955196  -  ResidentSetSize of job (KB)
...
006 (111472063.040.000) 04/25 03:54:01 Image size of job updated: 23002232
	20465  -  MemoryUsage of job (MB)
	20955196  -  ResidentSetSize of job (KB)
...
006 (111472063.040.000) 04/25 03:59:02 Image size of job updated: 23038656
	20465  -  MemoryUsage of job (MB)
	20955196  -  ResidentSetSize of job (KB)
...
006 (111472063.040.000) 04/25 04:04:03 Image size of job updated: 23070780
	20465  -  MemoryUsage of job (MB)
	20955196  -  ResidentSetSize of job (KB)
...
006 (111472063.040.000) 04/25 04:09:03 Image size of job updated: 23093080
	20465  -  MemoryUsage of job (MB)
	20955196  -  ResidentSetSize of job (KB)
...
006 (111472063.040.000) 04/25 04:14:03 Image size of job updated: 23130228
	20465  -  MemoryUsage of job (MB)
	20955196  -  ResidentSetSize of job (KB)
...
006 (111472063.040.000) 04/25 04:16:22 Image size of job updated: 23156624
	20465  -  MemoryUsage of job (MB)
	20955196  -  ResidentSetSize of job (KB)
...
005 (111472063.040.000) 04/25 04:16:24 Job terminated.
	(1) Normal termination (return value 0)
		Usr 0 02:00:53, Sys 0 00:05:56  -  Run Remote Usage
		Usr 0 00:00:00, Sys 0 00:00:00  -  Run Local Usage
		Usr 0 02:00:53, Sys 0 00:05:56  -  Total Remote Usage
		Usr 0 00:00:00, Sys 0 00:00:00  -  Total Local Usage
	24736760  -  Run Bytes Sent By Job
	1780295552  -  Run Bytes Received By Job
	24736760  -  Total Bytes Sent By Job
	1780295552  -  Total Bytes Received By Job
	Partitionable Resources :    Usage  Request Allocated 
	   Cpus                 :        0        1         1 
	   Disk (KB)            :  6853886 20971520  21260721 
	   Ioheavy              :                           0 
	   Memory (MB)          :    20465    20480     20480 
...
