000 (111515044.055.000) 04/25 20:20:11 Job submitted from host: <128.104.100.44:9618?addrs=128.104.100.44-9618+[2607-f388-107c-501-90e2-baff-fe2c-2724]-9618&noUDP&sock=4699_0235_3>
...
001 (111515044.055.000) 04/25 21:18:39 Job executing on host: <128.105.245.210:9618?addrs=128.105.245.210-9618&noUDP&sock=5438_981b_29>
...
006 (111515044.055.000) 04/25 21:18:57 Image size of job updated: 628
	1  -  MemoryUsage of job (MB)
	628  -  ResidentSetSize of job (KB)
...
006 (111515044.055.000) 04/25 21:23:50 Image size of job updated: 656
	1  -  MemoryUsage of job (MB)
	656  -  ResidentSetSize of job (KB)
...
006 (111515044.055.000) 04/25 21:28:51 Image size of job updated: 183272
	106  -  MemoryUsage of job (MB)
	108496  -  ResidentSetSize of job (KB)
...
006 (111515044.055.000) 04/25 21:33:51 Image size of job updated: 612856
	523  -  MemoryUsage of job (MB)
	534860  -  ResidentSetSize of job (KB)
...
006 (111515044.055.000) 04/25 21:38:51 Image size of job updated: 1055476
	955  -  MemoryUsage of job (MB)
	977424  -  ResidentSetSize of job (KB)
...
006 (111515044.055.000) 04/25 21:43:51 Image size of job updated: 1542996
	1431  -  MemoryUsage of job (MB)
	1464944  -  ResidentSetSize of job (KB)
...
006 (111515044.055.000) 04/25 21:48:52 Image size of job updated: 2096288
	1971  -  MemoryUsage of job (MB)
	2018236  -  ResidentSetSize of job (KB)
...
006 (111515044.055.000) 04/25 21:53:52 Image size of job updated: 2820948
	2679  -  MemoryUsage of job (MB)
	2742896  -  ResidentSetSize of job (KB)
...
006 (111515044.055.000) 04/25 21:58:52 Image size of job updated: 3634492
	3474  -  MemoryUsage of job (MB)
	3556440  -  ResidentSetSize of job (KB)
...
006 (111515044.055.000) 04/25 22:03:53 Image size of job updated: 4606812
	4423  -  MemoryUsage of job (MB)
	4528760  -  ResidentSetSize of job (KB)
...
006 (111515044.055.000) 04/25 22:08:53 Image size of job updated: 5567324
	5361  -  MemoryUsage of job (MB)
	5489272  -  ResidentSetSize of job (KB)
...
006 (111515044.055.000) 04/25 22:13:53 Image size of job updated: 6440672
	6214  -  MemoryUsage of job (MB)
	6362620  -  ResidentSetSize of job (KB)
...
006 (111515044.055.000) 04/25 22:18:55 Image size of job updated: 7304088
	7057  -  MemoryUsage of job (MB)
	7226036  -  ResidentSetSize of job (KB)
...
006 (111515044.055.000) 04/25 22:23:55 Image size of job updated: 8200896
	7933  -  MemoryUsage of job (MB)
	8122844  -  ResidentSetSize of job (KB)
...
006 (111515044.055.000) 04/25 22:28:55 Image size of job updated: 8909660
	8625  -  MemoryUsage of job (MB)
	8831608  -  ResidentSetSize of job (KB)
...
006 (111515044.055.000) 04/25 22:33:56 Image size of job updated: 9589260
	9289  -  MemoryUsage of job (MB)
	9511208  -  ResidentSetSize of job (KB)
...
006 (111515044.055.000) 04/25 22:38:56 Image size of job updated: 10229736
	9914  -  MemoryUsage of job (MB)
	10151684  -  ResidentSetSize of job (KB)
...
006 (111515044.055.000) 04/25 22:43:57 Image size of job updated: 10550492
	10227  -  MemoryUsage of job (MB)
	10472440  -  ResidentSetSize of job (KB)
...
006 (111515044.055.000) 04/25 22:48:57 Image size of job updated: 10826176
	10497  -  MemoryUsage of job (MB)
	10748124  -  ResidentSetSize of job (KB)
...
006 (111515044.055.000) 04/25 22:53:58 Image size of job updated: 11196356
	10858  -  MemoryUsage of job (MB)
	11118304  -  ResidentSetSize of job (KB)
...
006 (111515044.055.000) 04/25 22:58:57 Image size of job updated: 11924076
	11569  -  MemoryUsage of job (MB)
	11846024  -  ResidentSetSize of job (KB)
...
006 (111515044.055.000) 04/25 23:04:00 Image size of job updated: 12632932
	12261  -  MemoryUsage of job (MB)
	12554880  -  ResidentSetSize of job (KB)
...
006 (111515044.055.000) 04/25 23:08:59 Image size of job updated: 13192804
	12808  -  MemoryUsage of job (MB)
	13114752  -  ResidentSetSize of job (KB)
...
006 (111515044.055.000) 04/25 23:13:59 Image size of job updated: 13935460
	13533  -  MemoryUsage of job (MB)
	13857408  -  ResidentSetSize of job (KB)
...
006 (111515044.055.000) 04/25 23:18:59 Image size of job updated: 14414200
	14001  -  MemoryUsage of job (MB)
	14336148  -  ResidentSetSize of job (KB)
...
006 (111515044.055.000) 04/25 23:24:00 Image size of job updated: 15023492
	14596  -  MemoryUsage of job (MB)
	14945440  -  ResidentSetSize of job (KB)
...
006 (111515044.055.000) 04/25 23:29:02 Image size of job updated: 15383616
	14947  -  MemoryUsage of job (MB)
	15304924  -  ResidentSetSize of job (KB)
...
006 (111515044.055.000) 04/25 23:34:01 Image size of job updated: 15715816
	15271  -  MemoryUsage of job (MB)
	15636484  -  ResidentSetSize of job (KB)
...
006 (111515044.055.000) 04/25 23:39:04 Image size of job updated: 16396788
	15933  -  MemoryUsage of job (MB)
	16315144  -  ResidentSetSize of job (KB)
...
006 (111515044.055.000) 04/25 23:44:03 Image size of job updated: 16974152
	16495  -  MemoryUsage of job (MB)
	16890772  -  ResidentSetSize of job (KB)
...
006 (111515044.055.000) 04/25 23:49:04 Image size of job updated: 17603320
	17108  -  MemoryUsage of job (MB)
	17518068  -  ResidentSetSize of job (KB)
...
006 (111515044.055.000) 04/25 23:54:04 Image size of job updated: 18175560
	17664  -  MemoryUsage of job (MB)
	18087208  -  ResidentSetSize of job (KB)
...
006 (111515044.055.000) 04/25 23:59:04 Image size of job updated: 18662784
	18137  -  MemoryUsage of job (MB)
	18572260  -  ResidentSetSize of job (KB)
...
006 (111515044.055.000) 04/26 00:04:05 Image size of job updated: 19091912
	18555  -  MemoryUsage of job (MB)
	18999856  -  ResidentSetSize of job (KB)
...
006 (111515044.055.000) 04/26 00:09:05 Image size of job updated: 19635584
	19075  -  MemoryUsage of job (MB)
	19532328  -  ResidentSetSize of job (KB)
...
006 (111515044.055.000) 04/26 00:14:06 Image size of job updated: 20296892
	19698  -  MemoryUsage of job (MB)
	20170604  -  ResidentSetSize of job (KB)
...
006 (111515044.055.000) 04/26 00:19:06 Image size of job updated: 21019600
	20327  -  MemoryUsage of job (MB)
	20813964  -  ResidentSetSize of job (KB)
...
006 (111515044.055.000) 04/26 00:24:07 Image size of job updated: 21544548
	20462  -  MemoryUsage of job (MB)
	20952476  -  ResidentSetSize of job (KB)
...
006 (111515044.055.000) 04/26 00:29:08 Image size of job updated: 22082232
	20462  -  MemoryUsage of job (MB)
	20952964  -  ResidentSetSize of job (KB)
...
006 (111515044.055.000) 04/26 00:34:09 Image size of job updated: 22569572
	20466  -  MemoryUsage of job (MB)
	20956284  -  ResidentSetSize of job (KB)
...
006 (111515044.055.000) 04/26 00:39:09 Image size of job updated: 22818952
	20466  -  MemoryUsage of job (MB)
	20956848  -  ResidentSetSize of job (KB)
...
006 (111515044.055.000) 04/26 00:44:09 Image size of job updated: 23231948
	20466  -  MemoryUsage of job (MB)
	20956848  -  ResidentSetSize of job (KB)
...
006 (111515044.055.000) 04/26 00:45:05 Image size of job updated: 23295460
	20466  -  MemoryUsage of job (MB)
	20956848  -  ResidentSetSize of job (KB)
...
005 (111515044.055.000) 04/26 00:45:07 Job terminated.
	(1) Normal termination (return value 0)
		Usr 0 02:22:42, Sys 0 00:02:15  -  Run Remote Usage
		Usr 0 00:00:00, Sys 0 00:00:00  -  Run Local Usage
		Usr 0 02:22:42, Sys 0 00:02:15  -  Total Remote Usage
		Usr 0 00:00:00, Sys 0 00:00:00  -  Total Local Usage
	24755076  -  Run Bytes Sent By Job
	1780295552  -  Run Bytes Received By Job
	24755076  -  Total Bytes Sent By Job
	1780295552  -  Total Bytes Received By Job
	Partitionable Resources :      Usage  Request Allocated 
	   Cpus                 :       0.94        1         1 
	   Disk (KB)            : 6853904    20971520  21319763 
	   Ioheavy              :                             0 
	   Memory (MB)          :   20466       20480     20480 
...
