000 (111351044.036.000) 04/22 20:35:43 Job submitted from host: <128.104.100.44:9618?addrs=128.104.100.44-9618+[2607-f388-107c-501-90e2-baff-fe2c-2724]-9618&noUDP&sock=1497440_afb9_3>
...
001 (111351044.036.000) 04/22 21:27:13 Job executing on host: <128.105.245.254:9618?addrs=128.105.245.254-9618&noUDP&sock=5430_1b59_27>
...
006 (111351044.036.000) 04/22 21:27:22 Image size of job updated: 632
	1  -  MemoryUsage of job (MB)
	632  -  ResidentSetSize of job (KB)
...
006 (111351044.036.000) 04/22 21:32:24 Image size of job updated: 656
	1  -  MemoryUsage of job (MB)
	656  -  ResidentSetSize of job (KB)
...
006 (111351044.036.000) 04/22 21:37:23 Image size of job updated: 660
	1  -  MemoryUsage of job (MB)
	660  -  ResidentSetSize of job (KB)
...
006 (111351044.036.000) 04/22 21:42:23 Image size of job updated: 672
	1  -  MemoryUsage of job (MB)
	672  -  ResidentSetSize of job (KB)
...
006 (111351044.036.000) 04/22 21:47:23 Image size of job updated: 416808
	331  -  MemoryUsage of job (MB)
	338812  -  ResidentSetSize of job (KB)
...
006 (111351044.036.000) 04/22 21:52:23 Image size of job updated: 609484
	520  -  MemoryUsage of job (MB)
	531488  -  ResidentSetSize of job (KB)
...
006 (111351044.036.000) 04/22 21:54:52 Image size of job updated: 1340084
	520  -  MemoryUsage of job (MB)
	531488  -  ResidentSetSize of job (KB)
...
005 (111351044.036.000) 04/22 21:54:53 Job terminated.
	(1) Normal termination (return value 0)
		Usr 0 00:06:55, Sys 0 00:00:24  -  Run Remote Usage
		Usr 0 00:00:00, Sys 0 00:00:00  -  Run Local Usage
		Usr 0 00:06:55, Sys 0 00:00:24  -  Total Remote Usage
		Usr 0 00:00:00, Sys 0 00:00:00  -  Total Local Usage
	1253817  -  Run Bytes Sent By Job
	1780295296  -  Run Bytes Received By Job
	1253817  -  Total Bytes Sent By Job
	1780295296  -  Total Bytes Received By Job
	Partitionable Resources :      Usage  Request Allocated 
	   Cpus                 :       0.47        1         1 
	   Disk (KB)            : 6832791    20971520  21361325 
	   Ioheavy              :                             0 
	   Memory (MB)          :     520       20480     20480 
...
