000 (111515044.077.000) 04/25 20:20:11 Job submitted from host: <128.104.100.44:9618?addrs=128.104.100.44-9618+[2607-f388-107c-501-90e2-baff-fe2c-2724]-9618&noUDP&sock=4699_0235_3>
...
001 (111515044.077.000) 04/25 21:58:00 Job executing on host: <128.105.245.185:9618?addrs=128.105.245.185-9618&noUDP&sock=5452_326e_36>
...
006 (111515044.077.000) 04/25 21:58:08 Image size of job updated: 628
	1  -  MemoryUsage of job (MB)
	628  -  ResidentSetSize of job (KB)
...
006 (111515044.077.000) 04/25 22:03:09 Image size of job updated: 296360
	214  -  MemoryUsage of job (MB)
	218364  -  ResidentSetSize of job (KB)
...
006 (111515044.077.000) 04/25 22:08:10 Image size of job updated: 744916
	652  -  MemoryUsage of job (MB)
	666920  -  ResidentSetSize of job (KB)
...
006 (111515044.077.000) 04/25 22:13:11 Image size of job updated: 1268884
	1163  -  MemoryUsage of job (MB)
	1190832  -  ResidentSetSize of job (KB)
...
006 (111515044.077.000) 04/25 22:18:12 Image size of job updated: 2000552
	1878  -  MemoryUsage of job (MB)
	1922500  -  ResidentSetSize of job (KB)
...
006 (111515044.077.000) 04/25 22:23:12 Image size of job updated: 2894316
	2751  -  MemoryUsage of job (MB)
	2816264  -  ResidentSetSize of job (KB)
...
006 (111515044.077.000) 04/25 22:28:13 Image size of job updated: 3959524
	3791  -  MemoryUsage of job (MB)
	3881472  -  ResidentSetSize of job (KB)
...
006 (111515044.077.000) 04/25 22:33:14 Image size of job updated: 4988156
	4796  -  MemoryUsage of job (MB)
	4910104  -  ResidentSetSize of job (KB)
...
006 (111515044.077.000) 04/25 22:38:14 Image size of job updated: 6060356
	5843  -  MemoryUsage of job (MB)
	5982304  -  ResidentSetSize of job (KB)
...
006 (111515044.077.000) 04/25 22:43:14 Image size of job updated: 7026416
	6786  -  MemoryUsage of job (MB)
	6948364  -  ResidentSetSize of job (KB)
...
006 (111515044.077.000) 04/25 22:48:14 Image size of job updated: 7951824
	7690  -  MemoryUsage of job (MB)
	7873772  -  ResidentSetSize of job (KB)
...
006 (111515044.077.000) 04/25 22:53:14 Image size of job updated: 8923444
	8639  -  MemoryUsage of job (MB)
	8845392  -  ResidentSetSize of job (KB)
...
006 (111515044.077.000) 04/25 22:58:15 Image size of job updated: 9784736
	9480  -  MemoryUsage of job (MB)
	9706684  -  ResidentSetSize of job (KB)
...
006 (111515044.077.000) 04/25 23:03:16 Image size of job updated: 10738728
	10411  -  MemoryUsage of job (MB)
	10660676  -  ResidentSetSize of job (KB)
...
006 (111515044.077.000) 04/25 23:08:17 Image size of job updated: 11722204
	11372  -  MemoryUsage of job (MB)
	11644152  -  ResidentSetSize of job (KB)
...
006 (111515044.077.000) 04/25 23:13:18 Image size of job updated: 12498084
	12129  -  MemoryUsage of job (MB)
	12420032  -  ResidentSetSize of job (KB)
...
006 (111515044.077.000) 04/25 23:18:18 Image size of job updated: 13356392
	12968  -  MemoryUsage of job (MB)
	13278340  -  ResidentSetSize of job (KB)
...
006 (111515044.077.000) 04/25 23:23:18 Image size of job updated: 14223248
	13814  -  MemoryUsage of job (MB)
	14145196  -  ResidentSetSize of job (KB)
...
006 (111515044.077.000) 04/25 23:28:19 Image size of job updated: 15279088
	14845  -  MemoryUsage of job (MB)
	15200900  -  ResidentSetSize of job (KB)
...
006 (111515044.077.000) 04/25 23:33:19 Image size of job updated: 15962696
	15511  -  MemoryUsage of job (MB)
	15882864  -  ResidentSetSize of job (KB)
...
006 (111515044.077.000) 04/25 23:38:19 Image size of job updated: 16557144
	16091  -  MemoryUsage of job (MB)
	16476368  -  ResidentSetSize of job (KB)
...
006 (111515044.077.000) 04/25 23:43:19 Image size of job updated: 17405840
	16917  -  MemoryUsage of job (MB)
	17322968  -  ResidentSetSize of job (KB)
...
006 (111515044.077.000) 04/25 23:48:19 Image size of job updated: 18198860
	17689  -  MemoryUsage of job (MB)
	18112756  -  ResidentSetSize of job (KB)
...
006 (111515044.077.000) 04/25 23:53:21 Image size of job updated: 18930280
	18396  -  MemoryUsage of job (MB)
	18836816  -  ResidentSetSize of job (KB)
...
006 (111515044.077.000) 04/25 23:58:21 Image size of job updated: 19749348
	19179  -  MemoryUsage of job (MB)
	19639252  -  ResidentSetSize of job (KB)
...
006 (111515044.077.000) 04/26 00:03:21 Image size of job updated: 20420584
	19811  -  MemoryUsage of job (MB)
	20286060  -  ResidentSetSize of job (KB)
...
006 (111515044.077.000) 04/26 00:08:21 Image size of job updated: 21150044
	20389  -  MemoryUsage of job (MB)
	20877616  -  ResidentSetSize of job (KB)
...
006 (111515044.077.000) 04/26 00:13:22 Image size of job updated: 21784748
	20444  -  MemoryUsage of job (MB)
	20933712  -  ResidentSetSize of job (KB)
...
006 (111515044.077.000) 04/26 00:18:23 Image size of job updated: 22494964
	20450  -  MemoryUsage of job (MB)
	20940560  -  ResidentSetSize of job (KB)
...
005 (111515044.077.000) 04/26 00:22:34 Job terminated.
	(1) Normal termination (return value 0)
		Usr 0 02:10:26, Sys 0 00:04:13  -  Run Remote Usage
		Usr 0 00:00:00, Sys 0 00:00:00  -  Run Local Usage
		Usr 0 02:10:26, Sys 0 00:04:13  -  Total Remote Usage
		Usr 0 00:00:00, Sys 0 00:00:00  -  Total Local Usage
	24611072  -  Run Bytes Sent By Job
	1780295552  -  Run Bytes Received By Job
	24611072  -  Total Bytes Sent By Job
	1780295552  -  Total Bytes Received By Job
	Partitionable Resources :      Usage  Request Allocated 
	   Cpus                 :       0.95        1         1 
	   Disk (KB)            : 6853765    20971520  21275951 
	   Ioheavy              :                             0 
	   Memory (MB)          :   20450       20480     20480 
...
