000 (111472063.115.000) 04/24 11:52:22 Job submitted from host: <128.104.100.44:9618?addrs=128.104.100.44-9618+[2607-f388-107c-501-90e2-baff-fe2c-2724]-9618&noUDP&sock=4699_0235_3>
...
001 (111472063.115.000) 04/24 21:54:37 Job executing on host: <128.105.245.209:9618?addrs=128.105.245.209-9618&noUDP&sock=5422_9e97_3>
...
006 (111472063.115.000) 04/24 21:54:45 Image size of job updated: 620
	1  -  MemoryUsage of job (MB)
	620  -  ResidentSetSize of job (KB)
...
006 (111472063.115.000) 04/24 21:59:48 Image size of job updated: 628
	1  -  MemoryUsage of job (MB)
	628  -  ResidentSetSize of job (KB)
...
006 (111472063.115.000) 04/24 22:04:47 Image size of job updated: 632
	1  -  MemoryUsage of job (MB)
	632  -  ResidentSetSize of job (KB)
...
006 (111472063.115.000) 04/24 22:09:48 Image size of job updated: 656
	1  -  MemoryUsage of job (MB)
	656  -  ResidentSetSize of job (KB)
...
006 (111472063.115.000) 04/24 22:14:48 Image size of job updated: 668
	1  -  MemoryUsage of job (MB)
	668  -  ResidentSetSize of job (KB)
...
006 (111472063.115.000) 04/24 22:19:49 Image size of job updated: 528860
	441  -  MemoryUsage of job (MB)
	450864  -  ResidentSetSize of job (KB)
...
006 (111472063.115.000) 04/24 22:24:49 Image size of job updated: 1074876
	974  -  MemoryUsage of job (MB)
	996824  -  ResidentSetSize of job (KB)
...
006 (111472063.115.000) 04/24 22:29:49 Image size of job updated: 1713468
	1598  -  MemoryUsage of job (MB)
	1635416  -  ResidentSetSize of job (KB)
...
006 (111472063.115.000) 04/24 22:34:50 Image size of job updated: 2510844
	2376  -  MemoryUsage of job (MB)
	2432792  -  ResidentSetSize of job (KB)
...
006 (111472063.115.000) 04/24 22:39:51 Image size of job updated: 3429632
	3274  -  MemoryUsage of job (MB)
	3351580  -  ResidentSetSize of job (KB)
...
006 (111472063.115.000) 04/24 22:44:52 Image size of job updated: 4418248
	4239  -  MemoryUsage of job (MB)
	4340196  -  ResidentSetSize of job (KB)
...
006 (111472063.115.000) 04/24 22:49:51 Image size of job updated: 5522688
	5318  -  MemoryUsage of job (MB)
	5444636  -  ResidentSetSize of job (KB)
...
006 (111472063.115.000) 04/24 22:54:52 Image size of job updated: 6499916
	6272  -  MemoryUsage of job (MB)
	6421864  -  ResidentSetSize of job (KB)
...
006 (111472063.115.000) 04/24 22:59:53 Image size of job updated: 7407624
	7158  -  MemoryUsage of job (MB)
	7329572  -  ResidentSetSize of job (KB)
...
006 (111472063.115.000) 04/24 23:04:54 Image size of job updated: 8249020
	7980  -  MemoryUsage of job (MB)
	8170968  -  ResidentSetSize of job (KB)
...
006 (111472063.115.000) 04/24 23:09:55 Image size of job updated: 8477452
	8203  -  MemoryUsage of job (MB)
	8399400  -  ResidentSetSize of job (KB)
...
006 (111472063.115.000) 04/24 23:14:55 Image size of job updated: 8847972
	8565  -  MemoryUsage of job (MB)
	8769920  -  ResidentSetSize of job (KB)
...
006 (111472063.115.000) 04/24 23:19:55 Image size of job updated: 9140480
	8851  -  MemoryUsage of job (MB)
	9062428  -  ResidentSetSize of job (KB)
...
006 (111472063.115.000) 04/24 23:24:56 Image size of job updated: 9426108
	9129  -  MemoryUsage of job (MB)
	9348056  -  ResidentSetSize of job (KB)
...
006 (111472063.115.000) 04/24 23:29:56 Image size of job updated: 9760528
	9456  -  MemoryUsage of job (MB)
	9682476  -  ResidentSetSize of job (KB)
...
006 (111472063.115.000) 04/24 23:34:57 Image size of job updated: 10110376
	9798  -  MemoryUsage of job (MB)
	10032324  -  ResidentSetSize of job (KB)
...
006 (111472063.115.000) 04/24 23:39:58 Image size of job updated: 10671700
	10346  -  MemoryUsage of job (MB)
	10593648  -  ResidentSetSize of job (KB)
...
006 (111472063.115.000) 04/24 23:44:58 Image size of job updated: 11417496
	11074  -  MemoryUsage of job (MB)
	11339444  -  ResidentSetSize of job (KB)
...
006 (111472063.115.000) 04/24 23:49:59 Image size of job updated: 11967096
	11611  -  MemoryUsage of job (MB)
	11889044  -  ResidentSetSize of job (KB)
...
006 (111472063.115.000) 04/24 23:55:01 Image size of job updated: 12531496
	12162  -  MemoryUsage of job (MB)
	12453444  -  ResidentSetSize of job (KB)
...
006 (111472063.115.000) 04/25 00:00:00 Image size of job updated: 13281788
	12895  -  MemoryUsage of job (MB)
	13203736  -  ResidentSetSize of job (KB)
...
006 (111472063.115.000) 04/25 00:05:00 Image size of job updated: 13849024
	13449  -  MemoryUsage of job (MB)
	13770972  -  ResidentSetSize of job (KB)
...
006 (111472063.115.000) 04/25 00:10:00 Image size of job updated: 14467872
	14053  -  MemoryUsage of job (MB)
	14389820  -  ResidentSetSize of job (KB)
...
006 (111472063.115.000) 04/25 00:15:01 Image size of job updated: 14995088
	14568  -  MemoryUsage of job (MB)
	14917036  -  ResidentSetSize of job (KB)
...
006 (111472063.115.000) 04/25 00:20:02 Image size of job updated: 15718760
	15275  -  MemoryUsage of job (MB)
	15640708  -  ResidentSetSize of job (KB)
...
006 (111472063.115.000) 04/25 00:25:02 Image size of job updated: 16413044
	15953  -  MemoryUsage of job (MB)
	16334992  -  ResidentSetSize of job (KB)
...
006 (111472063.115.000) 04/25 00:30:04 Image size of job updated: 16998296
	16524  -  MemoryUsage of job (MB)
	16920064  -  ResidentSetSize of job (KB)
...
006 (111472063.115.000) 04/25 00:35:02 Image size of job updated: 17478052
	16992  -  MemoryUsage of job (MB)
	17399156  -  ResidentSetSize of job (KB)
...
006 (111472063.115.000) 04/25 00:40:03 Image size of job updated: 17923912
	17427  -  MemoryUsage of job (MB)
	17844460  -  ResidentSetSize of job (KB)
...
006 (111472063.115.000) 04/25 00:45:03 Image size of job updated: 18530600
	18019  -  MemoryUsage of job (MB)
	18450640  -  ResidentSetSize of job (KB)
...
006 (111472063.115.000) 04/25 00:50:04 Image size of job updated: 19090964
	18560  -  MemoryUsage of job (MB)
	19005188  -  ResidentSetSize of job (KB)
...
006 (111472063.115.000) 04/25 00:55:05 Image size of job updated: 19664880
	19114  -  MemoryUsage of job (MB)
	19572208  -  ResidentSetSize of job (KB)
...
006 (111472063.115.000) 04/25 01:00:05 Image size of job updated: 20306156
	19716  -  MemoryUsage of job (MB)
	20189008  -  ResidentSetSize of job (KB)
...
006 (111472063.115.000) 04/25 01:05:06 Image size of job updated: 20677436
	20020  -  MemoryUsage of job (MB)
	20500196  -  ResidentSetSize of job (KB)
...
006 (111472063.115.000) 04/25 01:10:06 Image size of job updated: 20777484
	20092  -  MemoryUsage of job (MB)
	20574192  -  ResidentSetSize of job (KB)
...
006 (111472063.115.000) 04/25 01:15:07 Image size of job updated: 20855760
	20145  -  MemoryUsage of job (MB)
	20627576  -  ResidentSetSize of job (KB)
...
006 (111472063.115.000) 04/25 01:20:07 Image size of job updated: 21029320
	20270  -  MemoryUsage of job (MB)
	20755608  -  ResidentSetSize of job (KB)
...
006 (111472063.115.000) 04/25 01:25:08 Image size of job updated: 21077560
	20296  -  MemoryUsage of job (MB)
	20782272  -  ResidentSetSize of job (KB)
...
006 (111472063.115.000) 04/25 01:30:08 Image size of job updated: 21123436
	20310  -  MemoryUsage of job (MB)
	20797188  -  ResidentSetSize of job (KB)
...
006 (111472063.115.000) 04/25 01:35:09 Image size of job updated: 21161144
	20321  -  MemoryUsage of job (MB)
	20808344  -  ResidentSetSize of job (KB)
...
006 (111472063.115.000) 04/25 01:40:10 Image size of job updated: 21199168
	20335  -  MemoryUsage of job (MB)
	20822276  -  ResidentSetSize of job (KB)
...
006 (111472063.115.000) 04/25 01:45:10 Image size of job updated: 21332900
	20399  -  MemoryUsage of job (MB)
	20888180  -  ResidentSetSize of job (KB)
...
006 (111472063.115.000) 04/25 01:50:11 Image size of job updated: 21359208
	20412  -  MemoryUsage of job (MB)
	20901260  -  ResidentSetSize of job (KB)
...
006 (111472063.115.000) 04/25 01:55:12 Image size of job updated: 21403860
	20417  -  MemoryUsage of job (MB)
	20906540  -  ResidentSetSize of job (KB)
...
006 (111472063.115.000) 04/25 02:00:13 Image size of job updated: 21459360
	20422  -  MemoryUsage of job (MB)
	20911888  -  ResidentSetSize of job (KB)
...
006 (111472063.115.000) 04/25 02:05:13 Image size of job updated: 21493832
	20423  -  MemoryUsage of job (MB)
	20912896  -  ResidentSetSize of job (KB)
...
006 (111472063.115.000) 04/25 02:10:14 Image size of job updated: 21635292
	20454  -  MemoryUsage of job (MB)
	20943972  -  ResidentSetSize of job (KB)
...
006 (111472063.115.000) 04/25 02:15:14 Image size of job updated: 21767700
	20454  -  MemoryUsage of job (MB)
	20943972  -  ResidentSetSize of job (KB)
...
006 (111472063.115.000) 04/25 02:20:15 Image size of job updated: 22165768
	20454  -  MemoryUsage of job (MB)
	20943972  -  ResidentSetSize of job (KB)
...
006 (111472063.115.000) 04/25 02:25:16 Image size of job updated: 22380856
	20456  -  MemoryUsage of job (MB)
	20946268  -  ResidentSetSize of job (KB)
...
006 (111472063.115.000) 04/25 02:30:16 Image size of job updated: 22435700
	20456  -  MemoryUsage of job (MB)
	20946268  -  ResidentSetSize of job (KB)
...
006 (111472063.115.000) 04/25 02:35:18 Image size of job updated: 22492640
	20456  -  MemoryUsage of job (MB)
	20946268  -  ResidentSetSize of job (KB)
...
006 (111472063.115.000) 04/25 02:40:17 Image size of job updated: 22537968
	20456  -  MemoryUsage of job (MB)
	20946268  -  ResidentSetSize of job (KB)
...
006 (111472063.115.000) 04/25 02:45:18 Image size of job updated: 22655504
	20462  -  MemoryUsage of job (MB)
	20952728  -  ResidentSetSize of job (KB)
...
006 (111472063.115.000) 04/25 02:50:18 Image size of job updated: 22790532
	20462  -  MemoryUsage of job (MB)
	20952728  -  ResidentSetSize of job (KB)
...
006 (111472063.115.000) 04/25 02:55:19 Image size of job updated: 22823344
	20462  -  MemoryUsage of job (MB)
	20952728  -  ResidentSetSize of job (KB)
...
006 (111472063.115.000) 04/25 03:00:19 Image size of job updated: 22863932
	20462  -  MemoryUsage of job (MB)
	20952728  -  ResidentSetSize of job (KB)
...
006 (111472063.115.000) 04/25 03:05:19 Image size of job updated: 22954572
	20462  -  MemoryUsage of job (MB)
	20952728  -  ResidentSetSize of job (KB)
...
005 (111472063.115.000) 04/25 03:06:59 Job terminated.
	(1) Normal termination (return value 0)
		Usr 0 02:09:18, Sys 0 00:03:23  -  Run Remote Usage
		Usr 0 00:00:00, Sys 0 00:00:00  -  Run Local Usage
		Usr 0 02:09:18, Sys 0 00:03:23  -  Total Remote Usage
		Usr 0 00:00:00, Sys 0 00:00:00  -  Total Local Usage
	24469852  -  Run Bytes Sent By Job
	1780295552  -  Run Bytes Received By Job
	24469852  -  Total Bytes Sent By Job
	1780295552  -  Total Bytes Received By Job
	Partitionable Resources :      Usage  Request Allocated 
	   Cpus                 :       0.05        1         1 
	   Disk (KB)            : 6853627    20971520  21304583 
	   Ioheavy              :                             0 
	   Memory (MB)          :   20462       20480     20480 
...
