000 (111351044.054.000) 04/22 20:35:43 Job submitted from host: <128.104.100.44:9618?addrs=128.104.100.44-9618+[2607-f388-107c-501-90e2-baff-fe2c-2724]-9618&noUDP&sock=1497440_afb9_3>
...
001 (111351044.054.000) 04/22 21:38:58 Job executing on host: <128.105.245.168:9618?addrs=128.105.245.168-9618&noUDP&sock=5474_4983_3>
...
006 (111351044.054.000) 04/22 21:39:07 Image size of job updated: 620
	1  -  MemoryUsage of job (MB)
	620  -  ResidentSetSize of job (KB)
...
006 (111351044.054.000) 04/22 21:44:12 Image size of job updated: 640
	1  -  MemoryUsage of job (MB)
	640  -  ResidentSetSize of job (KB)
...
006 (111351044.054.000) 04/22 21:49:09 Image size of job updated: 644
	1  -  MemoryUsage of job (MB)
	644  -  ResidentSetSize of job (KB)
...
006 (111351044.054.000) 04/22 21:54:13 Image size of job updated: 648
	1  -  MemoryUsage of job (MB)
	648  -  ResidentSetSize of job (KB)
...
006 (111351044.054.000) 04/22 21:59:11 Image size of job updated: 656
	1  -  MemoryUsage of job (MB)
	656  -  ResidentSetSize of job (KB)
...
006 (111351044.054.000) 04/22 22:04:12 Image size of job updated: 660
	1  -  MemoryUsage of job (MB)
	660  -  ResidentSetSize of job (KB)
...
006 (111351044.054.000) 04/22 22:09:12 Image size of job updated: 489840
	403  -  MemoryUsage of job (MB)
	411844  -  ResidentSetSize of job (KB)
...
006 (111351044.054.000) 04/22 22:12:05 Image size of job updated: 760184
	405  -  MemoryUsage of job (MB)
	413892  -  ResidentSetSize of job (KB)
...
005 (111351044.054.000) 04/22 22:12:09 Job terminated.
	(1) Normal termination (return value 0)
		Usr 0 00:06:14, Sys 0 00:00:24  -  Run Remote Usage
		Usr 0 00:00:00, Sys 0 00:00:00  -  Run Local Usage
		Usr 0 00:06:14, Sys 0 00:00:24  -  Total Remote Usage
		Usr 0 00:00:00, Sys 0 00:00:00  -  Total Local Usage
	1264817  -  Run Bytes Sent By Job
	1780295296  -  Run Bytes Received By Job
	1264817  -  Total Bytes Sent By Job
	1780295296  -  Total Bytes Received By Job
	Partitionable Resources :      Usage  Request Allocated 
	   Cpus                 :       0.95        1         1 
	   Disk (KB)            : 6832731    20971520  21349244 
	   Ioheavy              :                             0 
	   Memory (MB)          :     405       20480     20480 
...
