000 (111515044.028.000) 04/25 20:20:11 Job submitted from host: <128.104.100.44:9618?addrs=128.104.100.44-9618+[2607-f388-107c-501-90e2-baff-fe2c-2724]-9618&noUDP&sock=4699_0235_3>
...
001 (111515044.028.000) 04/25 20:47:25 Job executing on host: <128.105.245.164:9618?addrs=128.105.245.164-9618&noUDP&sock=5143_3faa_3>
...
006 (111515044.028.000) 04/25 20:47:34 Image size of job updated: 624
	1  -  MemoryUsage of job (MB)
	624  -  ResidentSetSize of job (KB)
...
006 (111515044.028.000) 04/25 20:52:36 Image size of job updated: 652
	1  -  MemoryUsage of job (MB)
	652  -  ResidentSetSize of job (KB)
...
006 (111515044.028.000) 04/25 20:57:36 Image size of job updated: 485060
	398  -  MemoryUsage of job (MB)
	407064  -  ResidentSetSize of job (KB)
...
006 (111515044.028.000) 04/25 21:02:36 Image size of job updated: 926420
	829  -  MemoryUsage of job (MB)
	848368  -  ResidentSetSize of job (KB)
...
006 (111515044.028.000) 04/25 21:07:37 Image size of job updated: 1541024
	1429  -  MemoryUsage of job (MB)
	1462972  -  ResidentSetSize of job (KB)
...
006 (111515044.028.000) 04/25 21:12:37 Image size of job updated: 2216736
	2089  -  MemoryUsage of job (MB)
	2138684  -  ResidentSetSize of job (KB)
...
006 (111515044.028.000) 04/25 21:17:37 Image size of job updated: 3024828
	2878  -  MemoryUsage of job (MB)
	2946776  -  ResidentSetSize of job (KB)
...
006 (111515044.028.000) 04/25 21:22:38 Image size of job updated: 3951896
	3784  -  MemoryUsage of job (MB)
	3873844  -  ResidentSetSize of job (KB)
...
006 (111515044.028.000) 04/25 21:27:39 Image size of job updated: 4825616
	4637  -  MemoryUsage of job (MB)
	4747564  -  ResidentSetSize of job (KB)
...
006 (111515044.028.000) 04/25 21:32:39 Image size of job updated: 5413244
	5211  -  MemoryUsage of job (MB)
	5335192  -  ResidentSetSize of job (KB)
...
006 (111515044.028.000) 04/25 21:37:39 Image size of job updated: 6366568
	6142  -  MemoryUsage of job (MB)
	6288516  -  ResidentSetSize of job (KB)
...
006 (111515044.028.000) 04/25 21:42:40 Image size of job updated: 7041692
	6801  -  MemoryUsage of job (MB)
	6963640  -  ResidentSetSize of job (KB)
...
006 (111515044.028.000) 04/25 21:47:41 Image size of job updated: 7917432
	7656  -  MemoryUsage of job (MB)
	7839380  -  ResidentSetSize of job (KB)
...
006 (111515044.028.000) 04/25 21:52:41 Image size of job updated: 8743100
	8462  -  MemoryUsage of job (MB)
	8665048  -  ResidentSetSize of job (KB)
...
006 (111515044.028.000) 04/25 21:57:41 Image size of job updated: 9624796
	9323  -  MemoryUsage of job (MB)
	9546744  -  ResidentSetSize of job (KB)
...
006 (111515044.028.000) 04/25 22:02:42 Image size of job updated: 10393124
	10074  -  MemoryUsage of job (MB)
	10315072  -  ResidentSetSize of job (KB)
...
006 (111515044.028.000) 04/25 22:07:43 Image size of job updated: 11223040
	10884  -  MemoryUsage of job (MB)
	11144988  -  ResidentSetSize of job (KB)
...
006 (111515044.028.000) 04/25 22:12:44 Image size of job updated: 12174152
	11813  -  MemoryUsage of job (MB)
	12096100  -  ResidentSetSize of job (KB)
...
006 (111515044.028.000) 04/25 22:17:44 Image size of job updated: 13066264
	12684  -  MemoryUsage of job (MB)
	12988212  -  ResidentSetSize of job (KB)
...
006 (111515044.028.000) 04/25 22:22:44 Image size of job updated: 13934100
	13532  -  MemoryUsage of job (MB)
	13856048  -  ResidentSetSize of job (KB)
...
006 (111515044.028.000) 04/25 22:27:45 Image size of job updated: 14704016
	14284  -  MemoryUsage of job (MB)
	14625964  -  ResidentSetSize of job (KB)
...
006 (111515044.028.000) 04/25 22:32:46 Image size of job updated: 15400624
	14962  -  MemoryUsage of job (MB)
	15320268  -  ResidentSetSize of job (KB)
...
006 (111515044.028.000) 04/25 22:37:48 Image size of job updated: 16425388
	15959  -  MemoryUsage of job (MB)
	16341704  -  ResidentSetSize of job (KB)
...
006 (111515044.028.000) 04/25 22:42:48 Image size of job updated: 17459660
	16969  -  MemoryUsage of job (MB)
	17375976  -  ResidentSetSize of job (KB)
...
006 (111515044.028.000) 04/25 22:47:48 Image size of job updated: 18603384
	18079  -  MemoryUsage of job (MB)
	18512484  -  ResidentSetSize of job (KB)
...
006 (111515044.028.000) 04/25 22:52:48 Image size of job updated: 19578308
	19023  -  MemoryUsage of job (MB)
	19478888  -  ResidentSetSize of job (KB)
...
006 (111515044.028.000) 04/25 22:57:49 Image size of job updated: 20273972
	19696  -  MemoryUsage of job (MB)
	20168280  -  ResidentSetSize of job (KB)
...
006 (111515044.028.000) 04/25 23:02:50 Image size of job updated: 20705844
	20067  -  MemoryUsage of job (MB)
	20548460  -  ResidentSetSize of job (KB)
...
006 (111515044.028.000) 04/25 23:07:52 Image size of job updated: 21113652
	20338  -  MemoryUsage of job (MB)
	20825916  -  ResidentSetSize of job (KB)
...
006 (111515044.028.000) 04/25 23:12:52 Image size of job updated: 21377796
	20394  -  MemoryUsage of job (MB)
	20883448  -  ResidentSetSize of job (KB)
...
006 (111515044.028.000) 04/25 23:17:52 Image size of job updated: 21629276
	20426  -  MemoryUsage of job (MB)
	20915336  -  ResidentSetSize of job (KB)
...
006 (111515044.028.000) 04/25 23:22:52 Image size of job updated: 21907080
	20445  -  MemoryUsage of job (MB)
	20934868  -  ResidentSetSize of job (KB)
...
006 (111515044.028.000) 04/25 23:27:53 Image size of job updated: 22176868
	20462  -  MemoryUsage of job (MB)
	20952256  -  ResidentSetSize of job (KB)
...
006 (111515044.028.000) 04/25 23:32:54 Image size of job updated: 22450556
	20462  -  MemoryUsage of job (MB)
	20952256  -  ResidentSetSize of job (KB)
...
006 (111515044.028.000) 04/25 23:37:54 Image size of job updated: 23050340
	20462  -  MemoryUsage of job (MB)
	20952256  -  ResidentSetSize of job (KB)
...
006 (111515044.028.000) 04/25 23:42:54 Image size of job updated: 23770692
	20462  -  MemoryUsage of job (MB)
	20952256  -  ResidentSetSize of job (KB)
...
006 (111515044.028.000) 04/25 23:47:55 Image size of job updated: 24284168
	20462  -  MemoryUsage of job (MB)
	20952256  -  ResidentSetSize of job (KB)
...
006 (111515044.028.000) 04/25 23:52:56 Image size of job updated: 24529652
	20462  -  MemoryUsage of job (MB)
	20952256  -  ResidentSetSize of job (KB)
...
006 (111515044.028.000) 04/25 23:57:56 Image size of job updated: 24882136
	20462  -  MemoryUsage of job (MB)
	20952256  -  ResidentSetSize of job (KB)
...
006 (111515044.028.000) 04/26 00:02:56 Image size of job updated: 25192912
	20462  -  MemoryUsage of job (MB)
	20952256  -  ResidentSetSize of job (KB)
...
006 (111515044.028.000) 04/26 00:07:56 Image size of job updated: 25642408
	20462  -  MemoryUsage of job (MB)
	20952256  -  ResidentSetSize of job (KB)
...
005 (111515044.028.000) 04/26 00:10:21 Job terminated.
	(1) Normal termination (return value 0)
		Usr 0 02:28:38, Sys 0 00:02:35  -  Run Remote Usage
		Usr 0 00:00:00, Sys 0 00:00:00  -  Run Local Usage
		Usr 0 02:28:38, Sys 0 00:02:35  -  Total Remote Usage
		Usr 0 00:00:00, Sys 0 00:00:00  -  Total Local Usage
	28121716  -  Run Bytes Sent By Job
	1780295552  -  Run Bytes Received By Job
	28121716  -  Total Bytes Sent By Job
	1780295552  -  Total Bytes Received By Job
	Partitionable Resources :      Usage  Request Allocated 
	   Cpus                 :       0.92        1         1 
	   Disk (KB)            : 6901741    20971520  21379092 
	   Ioheavy              :                             0 
	   Memory (MB)          :   20462       20480     20480 
...
