000 (111351044.091.000) 04/22 20:35:43 Job submitted from host: <128.104.100.44:9618?addrs=128.104.100.44-9618+[2607-f388-107c-501-90e2-baff-fe2c-2724]-9618&noUDP&sock=1497440_afb9_3>
...
001 (111351044.091.000) 04/22 21:46:26 Job executing on host: <128.105.245.232:9618?addrs=128.105.245.232-9618&noUDP&sock=5406_a513_30>
...
006 (111351044.091.000) 04/22 21:46:35 Image size of job updated: 640
	1  -  MemoryUsage of job (MB)
	640  -  ResidentSetSize of job (KB)
...
006 (111351044.091.000) 04/22 21:51:38 Image size of job updated: 664
	1  -  MemoryUsage of job (MB)
	664  -  ResidentSetSize of job (KB)
...
006 (111351044.091.000) 04/22 21:56:38 Image size of job updated: 327972
	245  -  MemoryUsage of job (MB)
	249972  -  ResidentSetSize of job (KB)
...
006 (111351044.091.000) 04/22 22:01:38 Image size of job updated: 744252
	651  -  MemoryUsage of job (MB)
	666252  -  ResidentSetSize of job (KB)
...
006 (111351044.091.000) 04/22 22:02:05 Image size of job updated: 770244
	651  -  MemoryUsage of job (MB)
	666252  -  ResidentSetSize of job (KB)
...
005 (111351044.091.000) 04/22 22:02:06 Job terminated.
	(1) Normal termination (return value 0)
		Usr 0 00:06:44, Sys 0 00:00:24  -  Run Remote Usage
		Usr 0 00:00:00, Sys 0 00:00:00  -  Run Local Usage
		Usr 0 00:06:44, Sys 0 00:00:24  -  Total Remote Usage
		Usr 0 00:00:00, Sys 0 00:00:00  -  Total Local Usage
	1366289  -  Run Bytes Sent By Job
	1780295296  -  Run Bytes Received By Job
	1366289  -  Total Bytes Sent By Job
	1780295296  -  Total Bytes Received By Job
	Partitionable Resources :      Usage  Request Allocated 
	   Cpus                 :       0.85        1         1 
	   Disk (KB)            : 6832901    20971520  21380622 
	   Ioheavy              :                             0 
	   Memory (MB)          :     651       20480     20480 
...
