000 (111515044.150.000) 04/25 20:20:11 Job submitted from host: <128.104.100.44:9618?addrs=128.104.100.44-9618+[2607-f388-107c-501-90e2-baff-fe2c-2724]-9618&noUDP&sock=4699_0235_3>
...
001 (111515044.150.000) 04/25 23:36:48 Job executing on host: <128.105.245.253:9618?addrs=128.105.245.253-9618&noUDP&sock=5429_6bc0_3>
...
006 (111515044.150.000) 04/25 23:36:57 Image size of job updated: 624
	1  -  MemoryUsage of job (MB)
	624  -  ResidentSetSize of job (KB)
...
006 (111515044.150.000) 04/25 23:41:58 Image size of job updated: 648
	1  -  MemoryUsage of job (MB)
	648  -  ResidentSetSize of job (KB)
...
006 (111515044.150.000) 04/25 23:46:57 Image size of job updated: 652
	1  -  MemoryUsage of job (MB)
	652  -  ResidentSetSize of job (KB)
...
006 (111515044.150.000) 04/25 23:51:57 Image size of job updated: 664
	1  -  MemoryUsage of job (MB)
	664  -  ResidentSetSize of job (KB)
...
006 (111515044.150.000) 04/25 23:56:58 Image size of job updated: 560072
	471  -  MemoryUsage of job (MB)
	482076  -  ResidentSetSize of job (KB)
...
006 (111515044.150.000) 04/26 00:01:58 Image size of job updated: 1288660
	1183  -  MemoryUsage of job (MB)
	1210608  -  ResidentSetSize of job (KB)
...
006 (111515044.150.000) 04/26 00:06:58 Image size of job updated: 2373628
	2242  -  MemoryUsage of job (MB)
	2295576  -  ResidentSetSize of job (KB)
...
006 (111515044.150.000) 04/26 00:11:59 Image size of job updated: 3681492
	3519  -  MemoryUsage of job (MB)
	3603440  -  ResidentSetSize of job (KB)
...
006 (111515044.150.000) 04/26 00:16:59 Image size of job updated: 5141812
	4946  -  MemoryUsage of job (MB)
	5063760  -  ResidentSetSize of job (KB)
...
006 (111515044.150.000) 04/26 00:21:59 Image size of job updated: 6481000
	6253  -  MemoryUsage of job (MB)
	6402948  -  ResidentSetSize of job (KB)
...
006 (111515044.150.000) 04/26 00:27:00 Image size of job updated: 7757332
	7500  -  MemoryUsage of job (MB)
	7679280  -  ResidentSetSize of job (KB)
...
006 (111515044.150.000) 04/26 00:32:01 Image size of job updated: 9037020
	8749  -  MemoryUsage of job (MB)
	8958968  -  ResidentSetSize of job (KB)
...
006 (111515044.150.000) 04/26 00:37:02 Image size of job updated: 10141604
	9828  -  MemoryUsage of job (MB)
	10063552  -  ResidentSetSize of job (KB)
...
006 (111515044.150.000) 04/26 00:42:03 Image size of job updated: 11301936
	10961  -  MemoryUsage of job (MB)
	11223884  -  ResidentSetSize of job (KB)
...
006 (111515044.150.000) 04/26 00:47:04 Image size of job updated: 12351548
	11986  -  MemoryUsage of job (MB)
	12273496  -  ResidentSetSize of job (KB)
...
006 (111515044.150.000) 04/26 00:52:04 Image size of job updated: 13446632
	13056  -  MemoryUsage of job (MB)
	13368580  -  ResidentSetSize of job (KB)
...
006 (111515044.150.000) 04/26 00:57:05 Image size of job updated: 14537932
	14121  -  MemoryUsage of job (MB)
	14459880  -  ResidentSetSize of job (KB)
...
006 (111515044.150.000) 04/26 01:02:07 Image size of job updated: 15657136
	15211  -  MemoryUsage of job (MB)
	15575060  -  ResidentSetSize of job (KB)
...
006 (111515044.150.000) 04/26 01:07:07 Image size of job updated: 16687864
	16211  -  MemoryUsage of job (MB)
	16599268  -  ResidentSetSize of job (KB)
...
006 (111515044.150.000) 04/26 01:12:07 Image size of job updated: 17832700
	17319  -  MemoryUsage of job (MB)
	17734380  -  ResidentSetSize of job (KB)
...
006 (111515044.150.000) 04/26 01:17:09 Image size of job updated: 18926704
	18375  -  MemoryUsage of job (MB)
	18815288  -  ResidentSetSize of job (KB)
...
006 (111515044.150.000) 04/26 01:22:10 Image size of job updated: 20051468
	19469  -  MemoryUsage of job (MB)
	19936036  -  ResidentSetSize of job (KB)
...
006 (111515044.150.000) 04/26 01:27:10 Image size of job updated: 21087040
	20356  -  MemoryUsage of job (MB)
	20844340  -  ResidentSetSize of job (KB)
...
006 (111515044.150.000) 04/26 01:32:11 Image size of job updated: 22049544
	20444  -  MemoryUsage of job (MB)
	20934252  -  ResidentSetSize of job (KB)
...
006 (111515044.150.000) 04/26 01:36:28 Image size of job updated: 22963344
	20444  -  MemoryUsage of job (MB)
	20934252  -  ResidentSetSize of job (KB)
...
005 (111515044.150.000) 04/26 01:36:30 Job terminated.
	(1) Normal termination (return value 0)
		Usr 0 01:38:48, Sys 0 00:03:24  -  Run Remote Usage
		Usr 0 00:00:00, Sys 0 00:00:00  -  Run Local Usage
		Usr 0 01:38:48, Sys 0 00:03:24  -  Total Remote Usage
		Usr 0 00:00:00, Sys 0 00:00:00  -  Total Local Usage
	24331164  -  Run Bytes Sent By Job
	1780295552  -  Run Bytes Received By Job
	24331164  -  Total Bytes Sent By Job
	1780295552  -  Total Bytes Received By Job
	Partitionable Resources :      Usage  Request Allocated 
	   Cpus                 :       0.97        1         1 
	   Disk (KB)            : 6853491    20971520  21154258 
	   Ioheavy              :                             0 
	   Memory (MB)          :   20444       20480     20480 
...
