000 (111515044.196.000) 04/25 20:20:11 Job submitted from host: <128.104.100.44:9618?addrs=128.104.100.44-9618+[2607-f388-107c-501-90e2-baff-fe2c-2724]-9618&noUDP&sock=4699_0235_3>
...
001 (111515044.196.000) 04/26 00:10:40 Job executing on host: <128.105.245.187:9618?addrs=128.105.245.187-9618&noUDP&sock=5433_2a21_29>
...
006 (111515044.196.000) 04/26 00:10:49 Image size of job updated: 628
	1  -  MemoryUsage of job (MB)
	628  -  ResidentSetSize of job (KB)
...
006 (111515044.196.000) 04/26 00:15:50 Image size of job updated: 652
	1  -  MemoryUsage of job (MB)
	652  -  ResidentSetSize of job (KB)
...
006 (111515044.196.000) 04/26 00:20:51 Image size of job updated: 656
	1  -  MemoryUsage of job (MB)
	656  -  ResidentSetSize of job (KB)
...
006 (111515044.196.000) 04/26 00:25:52 Image size of job updated: 668
	1  -  MemoryUsage of job (MB)
	668  -  ResidentSetSize of job (KB)
...
006 (111515044.196.000) 04/26 00:35:54 Image size of job updated: 277884
	196  -  MemoryUsage of job (MB)
	199896  -  ResidentSetSize of job (KB)
...
006 (111515044.196.000) 04/26 00:40:54 Image size of job updated: 484988
	398  -  MemoryUsage of job (MB)
	406992  -  ResidentSetSize of job (KB)
...
006 (111515044.196.000) 04/26 00:45:54 Image size of job updated: 1048608
	948  -  MemoryUsage of job (MB)
	970556  -  ResidentSetSize of job (KB)
...
006 (111515044.196.000) 04/26 00:50:55 Image size of job updated: 1813820
	1696  -  MemoryUsage of job (MB)
	1735768  -  ResidentSetSize of job (KB)
...
006 (111515044.196.000) 04/26 00:55:56 Image size of job updated: 2679320
	2541  -  MemoryUsage of job (MB)
	2601268  -  ResidentSetSize of job (KB)
...
006 (111515044.196.000) 04/26 01:00:56 Image size of job updated: 3730532
	3567  -  MemoryUsage of job (MB)
	3652480  -  ResidentSetSize of job (KB)
...
006 (111515044.196.000) 04/26 01:05:56 Image size of job updated: 4802320
	4614  -  MemoryUsage of job (MB)
	4724268  -  ResidentSetSize of job (KB)
...
006 (111515044.196.000) 04/26 01:10:58 Image size of job updated: 5928104
	5713  -  MemoryUsage of job (MB)
	5850052  -  ResidentSetSize of job (KB)
...
006 (111515044.196.000) 04/26 01:15:58 Image size of job updated: 6913156
	6675  -  MemoryUsage of job (MB)
	6835104  -  ResidentSetSize of job (KB)
...
006 (111515044.196.000) 04/26 01:20:58 Image size of job updated: 7985980
	7723  -  MemoryUsage of job (MB)
	7907928  -  ResidentSetSize of job (KB)
...
006 (111515044.196.000) 04/26 01:25:58 Image size of job updated: 8807688
	8526  -  MemoryUsage of job (MB)
	8729636  -  ResidentSetSize of job (KB)
...
006 (111515044.196.000) 04/26 01:30:59 Image size of job updated: 9701672
	9399  -  MemoryUsage of job (MB)
	9623620  -  ResidentSetSize of job (KB)
...
006 (111515044.196.000) 04/26 01:35:59 Image size of job updated: 10445924
	10125  -  MemoryUsage of job (MB)
	10367872  -  ResidentSetSize of job (KB)
...
006 (111515044.196.000) 04/26 01:40:59 Image size of job updated: 11198528
	10860  -  MemoryUsage of job (MB)
	11120376  -  ResidentSetSize of job (KB)
...
006 (111515044.196.000) 04/26 01:45:59 Image size of job updated: 11976588
	11619  -  MemoryUsage of job (MB)
	11897396  -  ResidentSetSize of job (KB)
...
006 (111515044.196.000) 04/26 01:51:00 Image size of job updated: 12698528
	12324  -  MemoryUsage of job (MB)
	12619336  -  ResidentSetSize of job (KB)
...
006 (111515044.196.000) 04/26 01:56:00 Image size of job updated: 13485776
	13093  -  MemoryUsage of job (MB)
	13406584  -  ResidentSetSize of job (KB)
...
006 (111515044.196.000) 04/26 02:01:02 Image size of job updated: 14037836
	13632  -  MemoryUsage of job (MB)
	13958644  -  ResidentSetSize of job (KB)
...
006 (111515044.196.000) 04/26 02:06:02 Image size of job updated: 14858116
	14433  -  MemoryUsage of job (MB)
	14779044  -  ResidentSetSize of job (KB)
...
006 (111515044.196.000) 04/26 02:11:02 Image size of job updated: 15549640
	15108  -  MemoryUsage of job (MB)
	15470580  -  ResidentSetSize of job (KB)
...
006 (111515044.196.000) 04/26 02:16:02 Image size of job updated: 16358196
	15898  -  MemoryUsage of job (MB)
	16279136  -  ResidentSetSize of job (KB)
...
006 (111515044.196.000) 04/26 02:21:03 Image size of job updated: 17182384
	16699  -  MemoryUsage of job (MB)
	17099052  -  ResidentSetSize of job (KB)
...
006 (111515044.196.000) 04/26 02:26:04 Image size of job updated: 18041232
	17537  -  MemoryUsage of job (MB)
	17957224  -  ResidentSetSize of job (KB)
...
006 (111515044.196.000) 04/26 02:31:05 Image size of job updated: 18938124
	18411  -  MemoryUsage of job (MB)
	18852860  -  ResidentSetSize of job (KB)
...
006 (111515044.196.000) 04/26 02:36:05 Image size of job updated: 19665292
	19117  -  MemoryUsage of job (MB)
	19574884  -  ResidentSetSize of job (KB)
...
006 (111515044.196.000) 04/26 02:41:06 Image size of job updated: 20390096
	19804  -  MemoryUsage of job (MB)
	20278400  -  ResidentSetSize of job (KB)
...
006 (111515044.196.000) 04/26 02:46:07 Image size of job updated: 21066528
	20373  -  MemoryUsage of job (MB)
	20861452  -  ResidentSetSize of job (KB)
...
006 (111515044.196.000) 04/26 02:51:09 Image size of job updated: 21551604
	20456  -  MemoryUsage of job (MB)
	20946432  -  ResidentSetSize of job (KB)
...
006 (111515044.196.000) 04/26 02:56:09 Image size of job updated: 22002660
	20456  -  MemoryUsage of job (MB)
	20946660  -  ResidentSetSize of job (KB)
...
006 (111515044.196.000) 04/26 03:01:09 Image size of job updated: 22626452
	20460  -  MemoryUsage of job (MB)
	20950664  -  ResidentSetSize of job (KB)
...
006 (111515044.196.000) 04/26 03:06:10 Image size of job updated: 23040124
	20460  -  MemoryUsage of job (MB)
	20950664  -  ResidentSetSize of job (KB)
...
005 (111515044.196.000) 04/26 03:09:05 Job terminated.
	(1) Normal termination (return value 0)
		Usr 0 02:09:59, Sys 0 00:03:48  -  Run Remote Usage
		Usr 0 00:00:00, Sys 0 00:00:00  -  Run Local Usage
		Usr 0 02:09:59, Sys 0 00:03:48  -  Total Remote Usage
		Usr 0 00:00:00, Sys 0 00:00:00  -  Total Local Usage
	24950828  -  Run Bytes Sent By Job
	1780295552  -  Run Bytes Received By Job
	24950828  -  Total Bytes Sent By Job
	1780295552  -  Total Bytes Received By Job
	Partitionable Resources :      Usage  Request Allocated 
	   Cpus                 :       0.08        1         1 
	   Disk (KB)            : 6854096    20971520  25453805 
	   Ioheavy              :                             0 
	   Memory (MB)          :   20460       20480     20480 
...
