000 (111515044.034.000) 04/25 20:20:11 Job submitted from host: <128.104.100.44:9618?addrs=128.104.100.44-9618+[2607-f388-107c-501-90e2-baff-fe2c-2724]-9618&noUDP&sock=4699_0235_3>
...
001 (111515044.034.000) 04/25 20:59:18 Job executing on host: <128.105.245.169:9618?addrs=128.105.245.169-9618&noUDP&sock=5489_936f_3>
...
006 (111515044.034.000) 04/25 20:59:27 Image size of job updated: 628
	1  -  MemoryUsage of job (MB)
	628  -  ResidentSetSize of job (KB)
...
006 (111515044.034.000) 04/25 21:04:29 Image size of job updated: 668
	1  -  MemoryUsage of job (MB)
	668  -  ResidentSetSize of job (KB)
...
006 (111515044.034.000) 04/25 21:09:29 Image size of job updated: 582132
	493  -  MemoryUsage of job (MB)
	504136  -  ResidentSetSize of job (KB)
...
006 (111515044.034.000) 04/25 21:14:30 Image size of job updated: 1017864
	918  -  MemoryUsage of job (MB)
	939812  -  ResidentSetSize of job (KB)
...
006 (111515044.034.000) 04/25 21:19:30 Image size of job updated: 1589816
	1477  -  MemoryUsage of job (MB)
	1511764  -  ResidentSetSize of job (KB)
...
006 (111515044.034.000) 04/25 21:24:30 Image size of job updated: 2232384
	2104  -  MemoryUsage of job (MB)
	2154332  -  ResidentSetSize of job (KB)
...
006 (111515044.034.000) 04/25 21:29:31 Image size of job updated: 3002800
	2857  -  MemoryUsage of job (MB)
	2924748  -  ResidentSetSize of job (KB)
...
006 (111515044.034.000) 04/25 21:34:31 Image size of job updated: 3941512
	3773  -  MemoryUsage of job (MB)
	3863460  -  ResidentSetSize of job (KB)
...
006 (111515044.034.000) 04/25 21:39:31 Image size of job updated: 4830036
	4641  -  MemoryUsage of job (MB)
	4751984  -  ResidentSetSize of job (KB)
...
006 (111515044.034.000) 04/25 21:44:31 Image size of job updated: 5794420
	5583  -  MemoryUsage of job (MB)
	5716368  -  ResidentSetSize of job (KB)
...
006 (111515044.034.000) 04/25 21:49:32 Image size of job updated: 6572124
	6342  -  MemoryUsage of job (MB)
	6494072  -  ResidentSetSize of job (KB)
...
006 (111515044.034.000) 04/25 21:54:32 Image size of job updated: 7386436
	7138  -  MemoryUsage of job (MB)
	7308384  -  ResidentSetSize of job (KB)
...
006 (111515044.034.000) 04/25 21:59:33 Image size of job updated: 8215248
	7947  -  MemoryUsage of job (MB)
	8137196  -  ResidentSetSize of job (KB)
...
006 (111515044.034.000) 04/25 22:04:34 Image size of job updated: 9044540
	8757  -  MemoryUsage of job (MB)
	8966488  -  ResidentSetSize of job (KB)
...
006 (111515044.034.000) 04/25 22:09:34 Image size of job updated: 9722216
	9419  -  MemoryUsage of job (MB)
	9644164  -  ResidentSetSize of job (KB)
...
006 (111515044.034.000) 04/25 22:14:35 Image size of job updated: 10435668
	10115  -  MemoryUsage of job (MB)
	10357616  -  ResidentSetSize of job (KB)
...
006 (111515044.034.000) 04/25 22:19:36 Image size of job updated: 11129668
	10793  -  MemoryUsage of job (MB)
	11051616  -  ResidentSetSize of job (KB)
...
006 (111515044.034.000) 04/25 22:24:37 Image size of job updated: 11850076
	11497  -  MemoryUsage of job (MB)
	11772024  -  ResidentSetSize of job (KB)
...
006 (111515044.034.000) 04/25 22:29:37 Image size of job updated: 12571196
	12201  -  MemoryUsage of job (MB)
	12493144  -  ResidentSetSize of job (KB)
...
006 (111515044.034.000) 04/25 22:34:38 Image size of job updated: 13272100
	12885  -  MemoryUsage of job (MB)
	13194048  -  ResidentSetSize of job (KB)
...
006 (111515044.034.000) 04/25 22:39:38 Image size of job updated: 13960524
	13558  -  MemoryUsage of job (MB)
	13882472  -  ResidentSetSize of job (KB)
...
006 (111515044.034.000) 04/25 22:44:39 Image size of job updated: 14672876
	14253  -  MemoryUsage of job (MB)
	14594824  -  ResidentSetSize of job (KB)
...
006 (111515044.034.000) 04/25 22:49:41 Image size of job updated: 15361468
	14926  -  MemoryUsage of job (MB)
	15283416  -  ResidentSetSize of job (KB)
...
006 (111515044.034.000) 04/25 22:54:41 Image size of job updated: 16112916
	15660  -  MemoryUsage of job (MB)
	16034864  -  ResidentSetSize of job (KB)
...
006 (111515044.034.000) 04/25 22:59:43 Image size of job updated: 16837560
	16367  -  MemoryUsage of job (MB)
	16759508  -  ResidentSetSize of job (KB)
...
006 (111515044.034.000) 04/25 23:04:43 Image size of job updated: 17513752
	17027  -  MemoryUsage of job (MB)
	17435444  -  ResidentSetSize of job (KB)
...
006 (111515044.034.000) 04/25 23:09:44 Image size of job updated: 18317064
	17806  -  MemoryUsage of job (MB)
	18232624  -  ResidentSetSize of job (KB)
...
006 (111515044.034.000) 04/25 23:14:44 Image size of job updated: 19025684
	18489  -  MemoryUsage of job (MB)
	18931900  -  ResidentSetSize of job (KB)
...
006 (111515044.034.000) 04/25 23:19:44 Image size of job updated: 19743412
	19183  -  MemoryUsage of job (MB)
	19643232  -  ResidentSetSize of job (KB)
...
006 (111515044.034.000) 04/25 23:24:45 Image size of job updated: 20369432
	19804  -  MemoryUsage of job (MB)
	20278440  -  ResidentSetSize of job (KB)
...
006 (111515044.034.000) 04/25 23:29:46 Image size of job updated: 21006176
	20360  -  MemoryUsage of job (MB)
	20848424  -  ResidentSetSize of job (KB)
...
006 (111515044.034.000) 04/25 23:34:46 Image size of job updated: 21339412
	20432  -  MemoryUsage of job (MB)
	20921360  -  ResidentSetSize of job (KB)
...
006 (111515044.034.000) 04/25 23:39:48 Image size of job updated: 21725468
	20435  -  MemoryUsage of job (MB)
	20924968  -  ResidentSetSize of job (KB)
...
006 (111515044.034.000) 04/25 23:44:48 Image size of job updated: 22345304
	20444  -  MemoryUsage of job (MB)
	20933916  -  ResidentSetSize of job (KB)
...
006 (111515044.034.000) 04/25 23:49:48 Image size of job updated: 23097028
	20444  -  MemoryUsage of job (MB)
	20934480  -  ResidentSetSize of job (KB)
...
006 (111515044.034.000) 04/25 23:51:32 Image size of job updated: 23304220
	20444  -  MemoryUsage of job (MB)
	20934480  -  ResidentSetSize of job (KB)
...
005 (111515044.034.000) 04/25 23:51:34 Job terminated.
	(1) Normal termination (return value 0)
		Usr 0 02:35:56, Sys 0 00:02:31  -  Run Remote Usage
		Usr 0 00:00:00, Sys 0 00:00:00  -  Run Local Usage
		Usr 0 02:35:56, Sys 0 00:02:31  -  Total Remote Usage
		Usr 0 00:00:00, Sys 0 00:00:00  -  Total Local Usage
	24667492  -  Run Bytes Sent By Job
	1780295552  -  Run Bytes Received By Job
	24667492  -  Total Bytes Sent By Job
	1780295552  -  Total Bytes Received By Job
	Partitionable Resources :      Usage  Request Allocated 
	   Cpus                 :       0.95        1         1 
	   Disk (KB)            : 6853820    20971520  21190142 
	   Ioheavy              :                             0 
	   Memory (MB)          :   20444       20480     20480 
...
