000 (111472063.153.000) 04/24 11:52:22 Job submitted from host: <128.104.100.44:9618?addrs=128.104.100.44-9618+[2607-f388-107c-501-90e2-baff-fe2c-2724]-9618&noUDP&sock=4699_0235_3>
...
001 (111472063.153.000) 04/24 22:25:12 Job executing on host: <128.105.245.225:9618?addrs=128.105.245.225-9618&noUDP&sock=19608_0919_26>
...
006 (111472063.153.000) 04/24 22:25:21 Image size of job updated: 628
	1  -  MemoryUsage of job (MB)
	628  -  ResidentSetSize of job (KB)
...
006 (111472063.153.000) 04/24 22:30:23 Image size of job updated: 186084
	109  -  MemoryUsage of job (MB)
	111196  -  ResidentSetSize of job (KB)
...
006 (111472063.153.000) 04/24 22:35:23 Image size of job updated: 636752
	546  -  MemoryUsage of job (MB)
	558756  -  ResidentSetSize of job (KB)
...
006 (111472063.153.000) 04/24 22:40:24 Image size of job updated: 1148936
	1046  -  MemoryUsage of job (MB)
	1070884  -  ResidentSetSize of job (KB)
...
006 (111472063.153.000) 04/24 22:45:25 Image size of job updated: 1738192
	1622  -  MemoryUsage of job (MB)
	1660140  -  ResidentSetSize of job (KB)
...
006 (111472063.153.000) 04/24 22:50:25 Image size of job updated: 2466844
	2333  -  MemoryUsage of job (MB)
	2388792  -  ResidentSetSize of job (KB)
...
006 (111472063.153.000) 04/24 22:55:25 Image size of job updated: 3343676
	3190  -  MemoryUsage of job (MB)
	3265624  -  ResidentSetSize of job (KB)
...
006 (111472063.153.000) 04/24 23:00:26 Image size of job updated: 4323276
	4146  -  MemoryUsage of job (MB)
	4245224  -  ResidentSetSize of job (KB)
...
006 (111472063.153.000) 04/24 23:05:26 Image size of job updated: 5174060
	4977  -  MemoryUsage of job (MB)
	5096008  -  ResidentSetSize of job (KB)
...
006 (111472063.153.000) 04/24 23:10:27 Image size of job updated: 6091660
	5873  -  MemoryUsage of job (MB)
	6013608  -  ResidentSetSize of job (KB)
...
006 (111472063.153.000) 04/24 23:15:27 Image size of job updated: 7001372
	6762  -  MemoryUsage of job (MB)
	6923320  -  ResidentSetSize of job (KB)
...
006 (111472063.153.000) 04/24 23:20:29 Image size of job updated: 7789060
	7531  -  MemoryUsage of job (MB)
	7711008  -  ResidentSetSize of job (KB)
...
006 (111472063.153.000) 04/24 23:25:29 Image size of job updated: 8654692
	8376  -  MemoryUsage of job (MB)
	8576640  -  ResidentSetSize of job (KB)
...
006 (111472063.153.000) 04/24 23:30:29 Image size of job updated: 9415312
	9119  -  MemoryUsage of job (MB)
	9337260  -  ResidentSetSize of job (KB)
...
006 (111472063.153.000) 04/24 23:35:31 Image size of job updated: 10141212
	9828  -  MemoryUsage of job (MB)
	10063160  -  ResidentSetSize of job (KB)
...
006 (111472063.153.000) 04/24 23:40:31 Image size of job updated: 10880652
	10550  -  MemoryUsage of job (MB)
	10802600  -  ResidentSetSize of job (KB)
...
006 (111472063.153.000) 04/24 23:45:31 Image size of job updated: 11677640
	11328  -  MemoryUsage of job (MB)
	11599588  -  ResidentSetSize of job (KB)
...
006 (111472063.153.000) 04/24 23:50:31 Image size of job updated: 12357612
	11992  -  MemoryUsage of job (MB)
	12279560  -  ResidentSetSize of job (KB)
...
006 (111472063.153.000) 04/24 23:55:32 Image size of job updated: 13128980
	12746  -  MemoryUsage of job (MB)
	13050928  -  ResidentSetSize of job (KB)
...
006 (111472063.153.000) 04/25 00:00:32 Image size of job updated: 13820888
	13421  -  MemoryUsage of job (MB)
	13742836  -  ResidentSetSize of job (KB)
...
006 (111472063.153.000) 04/25 00:05:33 Image size of job updated: 14555188
	14138  -  MemoryUsage of job (MB)
	14477136  -  ResidentSetSize of job (KB)
...
006 (111472063.153.000) 04/25 00:10:34 Image size of job updated: 15275500
	14842  -  MemoryUsage of job (MB)
	15197448  -  ResidentSetSize of job (KB)
...
006 (111472063.153.000) 04/25 00:15:34 Image size of job updated: 16041236
	15589  -  MemoryUsage of job (MB)
	15963056  -  ResidentSetSize of job (KB)
...
006 (111472063.153.000) 04/25 00:20:34 Image size of job updated: 16752340
	16283  -  MemoryUsage of job (MB)
	16673044  -  ResidentSetSize of job (KB)
...
006 (111472063.153.000) 04/25 00:25:35 Image size of job updated: 17439132
	16952  -  MemoryUsage of job (MB)
	17358256  -  ResidentSetSize of job (KB)
...
006 (111472063.153.000) 04/25 00:30:36 Image size of job updated: 18234048
	17723  -  MemoryUsage of job (MB)
	18147920  -  ResidentSetSize of job (KB)
...
006 (111472063.153.000) 04/25 00:35:36 Image size of job updated: 18985220
	18454  -  MemoryUsage of job (MB)
	18896460  -  ResidentSetSize of job (KB)
...
006 (111472063.153.000) 04/25 00:40:37 Image size of job updated: 19822432
	19265  -  MemoryUsage of job (MB)
	19727284  -  ResidentSetSize of job (KB)
...
006 (111472063.153.000) 04/25 00:45:37 Image size of job updated: 20508804
	19861  -  MemoryUsage of job (MB)
	20337336  -  ResidentSetSize of job (KB)
...
006 (111472063.153.000) 04/25 00:50:37 Image size of job updated: 21187696
	20314  -  MemoryUsage of job (MB)
	20800680  -  ResidentSetSize of job (KB)
...
006 (111472063.153.000) 04/25 00:55:38 Image size of job updated: 21636144
	20425  -  MemoryUsage of job (MB)
	20914864  -  ResidentSetSize of job (KB)
...
006 (111472063.153.000) 04/25 01:00:38 Image size of job updated: 22202296
	20444  -  MemoryUsage of job (MB)
	20933816  -  ResidentSetSize of job (KB)
...
006 (111472063.153.000) 04/25 01:05:38 Image size of job updated: 22848356
	20461  -  MemoryUsage of job (MB)
	20951484  -  ResidentSetSize of job (KB)
...
006 (111472063.153.000) 04/25 01:10:38 Image size of job updated: 23366696
	20461  -  MemoryUsage of job (MB)
	20951704  -  ResidentSetSize of job (KB)
...
006 (111472063.153.000) 04/25 01:15:40 Image size of job updated: 23932916
	20461  -  MemoryUsage of job (MB)
	20951704  -  ResidentSetSize of job (KB)
...
006 (111472063.153.000) 04/25 01:20:40 Image size of job updated: 24348520
	20461  -  MemoryUsage of job (MB)
	20951704  -  ResidentSetSize of job (KB)
...
006 (111472063.153.000) 04/25 01:25:40 Image size of job updated: 24800056
	20461  -  MemoryUsage of job (MB)
	20951704  -  ResidentSetSize of job (KB)
...
006 (111472063.153.000) 04/25 01:30:41 Image size of job updated: 25262648
	20461  -  MemoryUsage of job (MB)
	20951704  -  ResidentSetSize of job (KB)
...
006 (111472063.153.000) 04/25 01:35:42 Image size of job updated: 25593140
	20461  -  MemoryUsage of job (MB)
	20951704  -  ResidentSetSize of job (KB)
...
005 (111472063.153.000) 04/25 01:38:10 Job terminated.
	(1) Normal termination (return value 0)
		Usr 0 02:51:34, Sys 0 00:03:02  -  Run Remote Usage
		Usr 0 00:00:00, Sys 0 00:00:00  -  Run Local Usage
		Usr 0 02:51:34, Sys 0 00:03:02  -  Total Remote Usage
		Usr 0 00:00:00, Sys 0 00:00:00  -  Total Local Usage
	28154116  -  Run Bytes Sent By Job
	1780295552  -  Run Bytes Received By Job
	28154116  -  Total Bytes Sent By Job
	1780295552  -  Total Bytes Received By Job
	Partitionable Resources :      Usage  Request Allocated 
	   Cpus                 :       0.98        1         1 
	   Disk (KB)            : 6901771    20971520  21455122 
	   Ioheavy              :                             0 
	   Memory (MB)          :   20461       20480     20480 
...
