000 (111351044.142.000) 04/22 20:35:43 Job submitted from host: <128.104.100.44:9618?addrs=128.104.100.44-9618+[2607-f388-107c-501-90e2-baff-fe2c-2724]-9618&noUDP&sock=1497440_afb9_3>
...
001 (111351044.142.000) 04/22 21:58:42 Job executing on host: <128.105.245.235:9618?addrs=128.105.245.235-9618&noUDP&sock=5440_f74b_3>
...
006 (111351044.142.000) 04/22 21:58:51 Image size of job updated: 632
	1  -  MemoryUsage of job (MB)
	632  -  ResidentSetSize of job (KB)
...
006 (111351044.142.000) 04/22 22:03:55 Image size of job updated: 656
	1  -  MemoryUsage of job (MB)
	656  -  ResidentSetSize of job (KB)
...
006 (111351044.142.000) 04/22 22:08:53 Image size of job updated: 280304
	198  -  MemoryUsage of job (MB)
	202316  -  ResidentSetSize of job (KB)
...
006 (111351044.142.000) 04/22 22:13:12 Image size of job updated: 742580
	198  -  MemoryUsage of job (MB)
	202316  -  ResidentSetSize of job (KB)
...
005 (111351044.142.000) 04/22 22:13:13 Job terminated.
	(1) Normal termination (return value 0)
		Usr 0 00:05:18, Sys 0 00:00:22  -  Run Remote Usage
		Usr 0 00:00:00, Sys 0 00:00:00  -  Run Local Usage
		Usr 0 00:05:18, Sys 0 00:00:22  -  Total Remote Usage
		Usr 0 00:00:00, Sys 0 00:00:00  -  Total Local Usage
	1280465  -  Run Bytes Sent By Job
	1780295296  -  Run Bytes Received By Job
	1280465  -  Total Bytes Sent By Job
	1780295296  -  Total Bytes Received By Job
	Partitionable Resources :      Usage  Request Allocated 
	   Cpus                 :       1.00        1         1 
	   Disk (KB)            : 6832887    20971520  21357703 
	   Ioheavy              :                             0 
	   Memory (MB)          :     198       20480     20480 
...
