000 (111351044.068.000) 04/22 20:35:43 Job submitted from host: <128.104.100.44:9618?addrs=128.104.100.44-9618+[2607-f388-107c-501-90e2-baff-fe2c-2724]-9618&noUDP&sock=1497440_afb9_3>
...
001 (111351044.068.000) 04/22 21:36:18 Job executing on host: <128.105.245.152:9618?addrs=128.105.245.152-9618&noUDP&sock=5500_1efa_3>
...
006 (111351044.068.000) 04/22 21:36:27 Image size of job updated: 624
	1  -  MemoryUsage of job (MB)
	624  -  ResidentSetSize of job (KB)
...
006 (111351044.068.000) 04/22 21:41:29 Image size of job updated: 660
	1  -  MemoryUsage of job (MB)
	660  -  ResidentSetSize of job (KB)
...
006 (111351044.068.000) 04/22 21:46:29 Image size of job updated: 501500
	414  -  MemoryUsage of job (MB)
	423504  -  ResidentSetSize of job (KB)
...
006 (111351044.068.000) 04/22 21:49:34 Image size of job updated: 737348
	414  -  MemoryUsage of job (MB)
	423504  -  ResidentSetSize of job (KB)
...
005 (111351044.068.000) 04/22 21:49:35 Job terminated.
	(1) Normal termination (return value 0)
		Usr 0 00:06:56, Sys 0 00:00:23  -  Run Remote Usage
		Usr 0 00:00:00, Sys 0 00:00:00  -  Run Local Usage
		Usr 0 00:06:56, Sys 0 00:00:23  -  Total Remote Usage
		Usr 0 00:00:00, Sys 0 00:00:00  -  Total Local Usage
	1267609  -  Run Bytes Sent By Job
	1780295296  -  Run Bytes Received By Job
	1267609  -  Total Bytes Sent By Job
	1780295296  -  Total Bytes Received By Job
	Partitionable Resources :      Usage  Request Allocated 
	   Cpus                 :       0.97        1         1 
	   Disk (KB)            : 6832521    20971520  21280734 
	   Ioheavy              :                             0 
	   Memory (MB)          :     414       20480     20480 
...
