000 (111367109.102.000) 04/22 22:38:18 Job submitted from host: <128.104.100.44:9618?addrs=128.104.100.44-9618+[2607-f388-107c-501-90e2-baff-fe2c-2724]-9618&noUDP&sock=1497440_afb9_3>
...
001 (111367109.102.000) 04/23 05:14:36 Job executing on host: <128.105.245.160:9618?addrs=128.105.245.160-9618&noUDP&sock=5483_75de_3>
...
006 (111367109.102.000) 04/23 05:14:45 Image size of job updated: 616
	1  -  MemoryUsage of job (MB)
	616  -  ResidentSetSize of job (KB)
...
006 (111367109.102.000) 04/23 05:19:48 Image size of job updated: 624
	1  -  MemoryUsage of job (MB)
	624  -  ResidentSetSize of job (KB)
...
006 (111367109.102.000) 04/23 05:24:47 Image size of job updated: 628
	1  -  MemoryUsage of job (MB)
	628  -  ResidentSetSize of job (KB)
...
006 (111367109.102.000) 04/23 05:29:53 Image size of job updated: 644
	1  -  MemoryUsage of job (MB)
	644  -  ResidentSetSize of job (KB)
...
006 (111367109.102.000) 04/23 05:35:01 Image size of job updated: 648
	1  -  MemoryUsage of job (MB)
	648  -  ResidentSetSize of job (KB)
...
006 (111367109.102.000) 04/23 05:54:52 Image size of job updated: 652
	1  -  MemoryUsage of job (MB)
	652  -  ResidentSetSize of job (KB)
...
006 (111367109.102.000) 04/23 05:59:54 Image size of job updated: 664
	1  -  MemoryUsage of job (MB)
	664  -  ResidentSetSize of job (KB)
...
006 (111367109.102.000) 04/23 06:04:52 Image size of job updated: 394464
	310  -  MemoryUsage of job (MB)
	316468  -  ResidentSetSize of job (KB)
...
006 (111367109.102.000) 04/23 06:09:52 Image size of job updated: 885064
	789  -  MemoryUsage of job (MB)
	807012  -  ResidentSetSize of job (KB)
...
006 (111367109.102.000) 04/23 06:14:53 Image size of job updated: 1507068
	1396  -  MemoryUsage of job (MB)
	1429016  -  ResidentSetSize of job (KB)
...
006 (111367109.102.000) 04/23 06:19:54 Image size of job updated: 2325116
	2195  -  MemoryUsage of job (MB)
	2247064  -  ResidentSetSize of job (KB)
...
006 (111367109.102.000) 04/23 06:24:56 Image size of job updated: 3184700
	3034  -  MemoryUsage of job (MB)
	3106648  -  ResidentSetSize of job (KB)
...
006 (111367109.102.000) 04/23 06:29:54 Image size of job updated: 3844532
	3679  -  MemoryUsage of job (MB)
	3766480  -  ResidentSetSize of job (KB)
...
006 (111367109.102.000) 04/23 06:34:57 Image size of job updated: 4887732
	4697  -  MemoryUsage of job (MB)
	4809680  -  ResidentSetSize of job (KB)
...
006 (111367109.102.000) 04/23 06:39:56 Image size of job updated: 6216272
	5995  -  MemoryUsage of job (MB)
	6138220  -  ResidentSetSize of job (KB)
...
006 (111367109.102.000) 04/23 06:44:56 Image size of job updated: 7269268
	7023  -  MemoryUsage of job (MB)
	7191216  -  ResidentSetSize of job (KB)
...
006 (111367109.102.000) 04/23 06:50:00 Image size of job updated: 8225384
	7957  -  MemoryUsage of job (MB)
	8147332  -  ResidentSetSize of job (KB)
...
006 (111367109.102.000) 04/23 06:54:56 Image size of job updated: 9178916
	8888  -  MemoryUsage of job (MB)
	9100864  -  ResidentSetSize of job (KB)
...
006 (111367109.102.000) 04/23 06:59:57 Image size of job updated: 10183716
	9869  -  MemoryUsage of job (MB)
	10105664  -  ResidentSetSize of job (KB)
...
006 (111367109.102.000) 04/23 07:04:57 Image size of job updated: 11189948
	10852  -  MemoryUsage of job (MB)
	11111896  -  ResidentSetSize of job (KB)
...
006 (111367109.102.000) 04/23 07:09:57 Image size of job updated: 12204648
	11843  -  MemoryUsage of job (MB)
	12126596  -  ResidentSetSize of job (KB)
...
006 (111367109.102.000) 04/23 07:14:57 Image size of job updated: 13188944
	12804  -  MemoryUsage of job (MB)
	13110892  -  ResidentSetSize of job (KB)
...
006 (111367109.102.000) 04/23 07:19:58 Image size of job updated: 13873808
	13473  -  MemoryUsage of job (MB)
	13795756  -  ResidentSetSize of job (KB)
...
006 (111367109.102.000) 04/23 07:24:58 Image size of job updated: 14815840
	14393  -  MemoryUsage of job (MB)
	14737788  -  ResidentSetSize of job (KB)
...
006 (111367109.102.000) 04/23 07:29:59 Image size of job updated: 15559500
	15119  -  MemoryUsage of job (MB)
	15481448  -  ResidentSetSize of job (KB)
...
006 (111367109.102.000) 04/23 07:34:59 Image size of job updated: 16402372
	15942  -  MemoryUsage of job (MB)
	16324320  -  ResidentSetSize of job (KB)
...
006 (111367109.102.000) 04/23 07:39:59 Image size of job updated: 17250096
	16770  -  MemoryUsage of job (MB)
	17171524  -  ResidentSetSize of job (KB)
...
006 (111367109.102.000) 04/23 07:45:00 Image size of job updated: 18086644
	17586  -  MemoryUsage of job (MB)
	18007396  -  ResidentSetSize of job (KB)
...
006 (111367109.102.000) 04/23 07:50:00 Image size of job updated: 18677912
	18163  -  MemoryUsage of job (MB)
	18598340  -  ResidentSetSize of job (KB)
...
006 (111367109.102.000) 04/23 07:55:00 Image size of job updated: 19116016
	18588  -  MemoryUsage of job (MB)
	19033944  -  ResidentSetSize of job (KB)
...
006 (111367109.102.000) 04/23 08:00:01 Image size of job updated: 19733712
	19183  -  MemoryUsage of job (MB)
	19642700  -  ResidentSetSize of job (KB)
...
006 (111367109.102.000) 04/23 08:05:01 Image size of job updated: 20052740
	19478  -  MemoryUsage of job (MB)
	19945376  -  ResidentSetSize of job (KB)
...
006 (111367109.102.000) 04/23 08:10:01 Image size of job updated: 20146832
	19564  -  MemoryUsage of job (MB)
	20032856  -  ResidentSetSize of job (KB)
...
006 (111367109.102.000) 04/23 08:15:01 Image size of job updated: 20395460
	19794  -  MemoryUsage of job (MB)
	20268312  -  ResidentSetSize of job (KB)
...
006 (111367109.102.000) 04/23 08:20:04 Image size of job updated: 20691512
	20073  -  MemoryUsage of job (MB)
	20554600  -  ResidentSetSize of job (KB)
...
006 (111367109.102.000) 04/23 08:25:04 Image size of job updated: 20798208
	20168  -  MemoryUsage of job (MB)
	20651188  -  ResidentSetSize of job (KB)
...
006 (111367109.102.000) 04/23 08:30:05 Image size of job updated: 20972712
	20319  -  MemoryUsage of job (MB)
	20805948  -  ResidentSetSize of job (KB)
...
006 (111367109.102.000) 04/23 08:35:03 Image size of job updated: 21030972
	20359  -  MemoryUsage of job (MB)
	20846656  -  ResidentSetSize of job (KB)
...
006 (111367109.102.000) 04/23 08:40:03 Image size of job updated: 21089052
	20378  -  MemoryUsage of job (MB)
	20866192  -  ResidentSetSize of job (KB)
...
006 (111367109.102.000) 04/23 08:45:04 Image size of job updated: 21136296
	20388  -  MemoryUsage of job (MB)
	20876584  -  ResidentSetSize of job (KB)
...
006 (111367109.102.000) 04/23 08:50:05 Image size of job updated: 21221504
	20429  -  MemoryUsage of job (MB)
	20918480  -  ResidentSetSize of job (KB)
...
006 (111367109.102.000) 04/23 08:55:04 Image size of job updated: 21302476
	20462  -  MemoryUsage of job (MB)
	20952700  -  ResidentSetSize of job (KB)
...
006 (111367109.102.000) 04/23 09:00:05 Image size of job updated: 21363576
	20462  -  MemoryUsage of job (MB)
	20952700  -  ResidentSetSize of job (KB)
...
006 (111367109.102.000) 04/23 09:05:05 Image size of job updated: 21402004
	20462  -  MemoryUsage of job (MB)
	20952700  -  ResidentSetSize of job (KB)
...
006 (111367109.102.000) 04/23 09:10:06 Image size of job updated: 21445632
	20462  -  MemoryUsage of job (MB)
	20952700  -  ResidentSetSize of job (KB)
...
006 (111367109.102.000) 04/23 09:15:06 Image size of job updated: 21479304
	20462  -  MemoryUsage of job (MB)
	20952700  -  ResidentSetSize of job (KB)
...
006 (111367109.102.000) 04/23 09:20:07 Image size of job updated: 21501632
	20462  -  MemoryUsage of job (MB)
	20952700  -  ResidentSetSize of job (KB)
...
