000 (111515044.156.000) 04/25 20:20:11 Job submitted from host: <128.104.100.44:9618?addrs=128.104.100.44-9618+[2607-f388-107c-501-90e2-baff-fe2c-2724]-9618&noUDP&sock=4699_0235_3>
...
001 (111515044.156.000) 04/25 23:42:01 Job executing on host: <128.105.245.156:9618?addrs=128.105.245.156-9618&noUDP&sock=5445_6544_3>
...
006 (111515044.156.000) 04/25 23:42:09 Image size of job updated: 628
	1  -  MemoryUsage of job (MB)
	628  -  ResidentSetSize of job (KB)
...
006 (111515044.156.000) 04/25 23:47:10 Image size of job updated: 656
	1  -  MemoryUsage of job (MB)
	656  -  ResidentSetSize of job (KB)
...
006 (111515044.156.000) 04/25 23:52:10 Image size of job updated: 451448
	365  -  MemoryUsage of job (MB)
	373452  -  ResidentSetSize of job (KB)
...
006 (111515044.156.000) 04/25 23:57:30 Image size of job updated: 871924
	776  -  MemoryUsage of job (MB)
	793872  -  ResidentSetSize of job (KB)
...
006 (111515044.156.000) 04/26 00:02:12 Image size of job updated: 1342788
	1236  -  MemoryUsage of job (MB)
	1264736  -  ResidentSetSize of job (KB)
...
006 (111515044.156.000) 04/26 00:07:12 Image size of job updated: 1971820
	1850  -  MemoryUsage of job (MB)
	1893768  -  ResidentSetSize of job (KB)
...
006 (111515044.156.000) 04/26 00:12:12 Image size of job updated: 2690244
	2551  -  MemoryUsage of job (MB)
	2612192  -  ResidentSetSize of job (KB)
...
006 (111515044.156.000) 04/26 00:17:13 Image size of job updated: 3516912
	3359  -  MemoryUsage of job (MB)
	3438860  -  ResidentSetSize of job (KB)
...
006 (111515044.156.000) 04/26 00:22:13 Image size of job updated: 4422024
	4243  -  MemoryUsage of job (MB)
	4343972  -  ResidentSetSize of job (KB)
...
006 (111515044.156.000) 04/26 00:27:13 Image size of job updated: 5338144
	5137  -  MemoryUsage of job (MB)
	5260092  -  ResidentSetSize of job (KB)
...
006 (111515044.156.000) 04/26 00:32:14 Image size of job updated: 6284416
	6061  -  MemoryUsage of job (MB)
	6206364  -  ResidentSetSize of job (KB)
...
006 (111515044.156.000) 04/26 00:37:14 Image size of job updated: 7124356
	6882  -  MemoryUsage of job (MB)
	7046304  -  ResidentSetSize of job (KB)
...
006 (111515044.156.000) 04/26 00:42:14 Image size of job updated: 7819928
	7561  -  MemoryUsage of job (MB)
	7741876  -  ResidentSetSize of job (KB)
...
006 (111515044.156.000) 04/26 00:47:15 Image size of job updated: 8568032
	8291  -  MemoryUsage of job (MB)
	8489980  -  ResidentSetSize of job (KB)
...
006 (111515044.156.000) 04/26 00:52:16 Image size of job updated: 9333172
	9039  -  MemoryUsage of job (MB)
	9255120  -  ResidentSetSize of job (KB)
...
006 (111515044.156.000) 04/26 00:57:17 Image size of job updated: 10074992
	9763  -  MemoryUsage of job (MB)
	9996940  -  ResidentSetSize of job (KB)
...
006 (111515044.156.000) 04/26 01:02:17 Image size of job updated: 10797252
	10468  -  MemoryUsage of job (MB)
	10719200  -  ResidentSetSize of job (KB)
...
006 (111515044.156.000) 04/26 01:07:18 Image size of job updated: 11539832
	11194  -  MemoryUsage of job (MB)
	11461780  -  ResidentSetSize of job (KB)
...
006 (111515044.156.000) 04/26 01:12:19 Image size of job updated: 12255000
	11892  -  MemoryUsage of job (MB)
	12176948  -  ResidentSetSize of job (KB)
...
006 (111515044.156.000) 04/26 01:17:19 Image size of job updated: 12891744
	12514  -  MemoryUsage of job (MB)
	12813692  -  ResidentSetSize of job (KB)
...
006 (111515044.156.000) 04/26 01:22:20 Image size of job updated: 13574736
	13181  -  MemoryUsage of job (MB)
	13496684  -  ResidentSetSize of job (KB)
...
006 (111515044.156.000) 04/26 01:27:20 Image size of job updated: 14225312
	13816  -  MemoryUsage of job (MB)
	14147260  -  ResidentSetSize of job (KB)
...
006 (111515044.156.000) 04/26 01:32:20 Image size of job updated: 14980236
	14553  -  MemoryUsage of job (MB)
	14902184  -  ResidentSetSize of job (KB)
...
006 (111515044.156.000) 04/26 01:37:20 Image size of job updated: 15633584
	15187  -  MemoryUsage of job (MB)
	15551172  -  ResidentSetSize of job (KB)
...
006 (111515044.156.000) 04/26 01:42:21 Image size of job updated: 16370844
	15904  -  MemoryUsage of job (MB)
	16285376  -  ResidentSetSize of job (KB)
...
006 (111515044.156.000) 04/26 01:47:21 Image size of job updated: 17059912
	16567  -  MemoryUsage of job (MB)
	16964208  -  ResidentSetSize of job (KB)
...
006 (111515044.156.000) 04/26 01:52:21 Image size of job updated: 17737196
	17213  -  MemoryUsage of job (MB)
	17625812  -  ResidentSetSize of job (KB)
...
006 (111515044.156.000) 04/26 01:57:23 Image size of job updated: 18419648
	17860  -  MemoryUsage of job (MB)
	18287816  -  ResidentSetSize of job (KB)
...
006 (111515044.156.000) 04/26 02:02:23 Image size of job updated: 19126348
	18525  -  MemoryUsage of job (MB)
	18968624  -  ResidentSetSize of job (KB)
...
006 (111515044.156.000) 04/26 02:07:23 Image size of job updated: 19913084
	19262  -  MemoryUsage of job (MB)
	19723812  -  ResidentSetSize of job (KB)
...
006 (111515044.156.000) 04/26 02:12:25 Image size of job updated: 20584656
	19893  -  MemoryUsage of job (MB)
	20370308  -  ResidentSetSize of job (KB)
...
006 (111515044.156.000) 04/26 02:17:25 Image size of job updated: 21279972
	20379  -  MemoryUsage of job (MB)
	20867268  -  ResidentSetSize of job (KB)
...
006 (111515044.156.000) 04/26 02:22:25 Image size of job updated: 21796764
	20430  -  MemoryUsage of job (MB)
	20919372  -  ResidentSetSize of job (KB)
...
006 (111515044.156.000) 04/26 02:27:26 Image size of job updated: 22280424
	20459  -  MemoryUsage of job (MB)
	20949472  -  ResidentSetSize of job (KB)
...
006 (111515044.156.000) 04/26 02:32:26 Image size of job updated: 22636080
	20463  -  MemoryUsage of job (MB)
	20953816  -  ResidentSetSize of job (KB)
...
006 (111515044.156.000) 04/26 02:37:27 Image size of job updated: 22994968
	20463  -  MemoryUsage of job (MB)
	20953816  -  ResidentSetSize of job (KB)
...
006 (111515044.156.000) 04/26 02:41:15 Image size of job updated: 23255712
	20463  -  MemoryUsage of job (MB)
	20953816  -  ResidentSetSize of job (KB)
...
005 (111515044.156.000) 04/26 02:41:17 Job terminated.
	(1) Normal termination (return value 0)
		Usr 0 02:33:27, Sys 0 00:02:39  -  Run Remote Usage
		Usr 0 00:00:00, Sys 0 00:00:00  -  Run Local Usage
		Usr 0 02:33:27, Sys 0 00:02:39  -  Total Remote Usage
		Usr 0 00:00:00, Sys 0 00:00:00  -  Total Local Usage
	24698810  -  Run Bytes Sent By Job
	1780295552  -  Run Bytes Received By Job
	24698810  -  Total Bytes Sent By Job
	1780295552  -  Total Bytes Received By Job
	Partitionable Resources :      Usage  Request Allocated 
	   Cpus                 :       0.86        1         1 
	   Disk (KB)            : 6853849    20971520  21218716 
	   Ioheavy              :                             0 
	   Memory (MB)          :   20463       20480     20480 
...
