000 (111515044.106.000) 04/25 20:20:11 Job submitted from host: <128.104.100.44:9618?addrs=128.104.100.44-9618+[2607-f388-107c-501-90e2-baff-fe2c-2724]-9618&noUDP&sock=4699_0235_3>
...
001 (111515044.106.000) 04/25 22:42:21 Job executing on host: <128.105.245.223:9618?addrs=128.105.245.223-9618&noUDP&sock=5421_eefe_3>
...
006 (111515044.106.000) 04/25 22:42:30 Image size of job updated: 628
	1  -  MemoryUsage of job (MB)
	628  -  ResidentSetSize of job (KB)
...
006 (111515044.106.000) 04/25 22:47:32 Image size of job updated: 290548
	208  -  MemoryUsage of job (MB)
	212552  -  ResidentSetSize of job (KB)
...
006 (111515044.106.000) 04/25 22:52:32 Image size of job updated: 711900
	620  -  MemoryUsage of job (MB)
	633904  -  ResidentSetSize of job (KB)
...
006 (111515044.106.000) 04/25 22:57:34 Image size of job updated: 1144080
	1042  -  MemoryUsage of job (MB)
	1066028  -  ResidentSetSize of job (KB)
...
006 (111515044.106.000) 04/25 23:02:34 Image size of job updated: 1700220
	1585  -  MemoryUsage of job (MB)
	1622168  -  ResidentSetSize of job (KB)
...
006 (111515044.106.000) 04/25 23:07:34 Image size of job updated: 2370852
	2240  -  MemoryUsage of job (MB)
	2292800  -  ResidentSetSize of job (KB)
...
006 (111515044.106.000) 04/25 23:12:35 Image size of job updated: 3147420
	2998  -  MemoryUsage of job (MB)
	3069368  -  ResidentSetSize of job (KB)
...
006 (111515044.106.000) 04/25 23:17:35 Image size of job updated: 4078712
	3907  -  MemoryUsage of job (MB)
	4000660  -  ResidentSetSize of job (KB)
...
006 (111515044.106.000) 04/25 23:22:35 Image size of job updated: 4828148
	4639  -  MemoryUsage of job (MB)
	4750096  -  ResidentSetSize of job (KB)
...
006 (111515044.106.000) 04/25 23:27:36 Image size of job updated: 5752844
	5542  -  MemoryUsage of job (MB)
	5674792  -  ResidentSetSize of job (KB)
...
006 (111515044.106.000) 04/25 23:32:36 Image size of job updated: 6652728
	6421  -  MemoryUsage of job (MB)
	6574676  -  ResidentSetSize of job (KB)
...
006 (111515044.106.000) 04/25 23:37:36 Image size of job updated: 7529924
	7278  -  MemoryUsage of job (MB)
	7451872  -  ResidentSetSize of job (KB)
...
006 (111515044.106.000) 04/25 23:42:37 Image size of job updated: 8445672
	8172  -  MemoryUsage of job (MB)
	8367620  -  ResidentSetSize of job (KB)
...
006 (111515044.106.000) 04/25 23:47:39 Image size of job updated: 9255884
	8963  -  MemoryUsage of job (MB)
	9177832  -  ResidentSetSize of job (KB)
...
006 (111515044.106.000) 04/25 23:52:39 Image size of job updated: 10116164
	9803  -  MemoryUsage of job (MB)
	10038112  -  ResidentSetSize of job (KB)
...
006 (111515044.106.000) 04/25 23:57:39 Image size of job updated: 10903800
	10573  -  MemoryUsage of job (MB)
	10825748  -  ResidentSetSize of job (KB)
...
006 (111515044.106.000) 04/26 00:02:40 Image size of job updated: 11739908
	11389  -  MemoryUsage of job (MB)
	11661856  -  ResidentSetSize of job (KB)
...
006 (111515044.106.000) 04/26 00:07:41 Image size of job updated: 12530732
	12161  -  MemoryUsage of job (MB)
	12452680  -  ResidentSetSize of job (KB)
...
006 (111515044.106.000) 04/26 00:12:41 Image size of job updated: 13261296
	12875  -  MemoryUsage of job (MB)
	13183244  -  ResidentSetSize of job (KB)
...
006 (111515044.106.000) 04/26 00:17:41 Image size of job updated: 14022704
	13618  -  MemoryUsage of job (MB)
	13944652  -  ResidentSetSize of job (KB)
...
006 (111515044.106.000) 04/26 00:22:42 Image size of job updated: 14831220
	14408  -  MemoryUsage of job (MB)
	14753168  -  ResidentSetSize of job (KB)
...
006 (111515044.106.000) 04/26 00:27:43 Image size of job updated: 15556844
	15117  -  MemoryUsage of job (MB)
	15478792  -  ResidentSetSize of job (KB)
...
006 (111515044.106.000) 04/26 00:32:43 Image size of job updated: 16478968
	16016  -  MemoryUsage of job (MB)
	16400236  -  ResidentSetSize of job (KB)
...
006 (111515044.106.000) 04/26 00:37:43 Image size of job updated: 17292160
	16809  -  MemoryUsage of job (MB)
	17212276  -  ResidentSetSize of job (KB)
...
006 (111515044.106.000) 04/26 00:42:44 Image size of job updated: 18007076
	17500  -  MemoryUsage of job (MB)
	17919144  -  ResidentSetSize of job (KB)
...
006 (111515044.106.000) 04/26 00:47:45 Image size of job updated: 18866000
	18311  -  MemoryUsage of job (MB)
	18750012  -  ResidentSetSize of job (KB)
...
006 (111515044.106.000) 04/26 00:52:46 Image size of job updated: 19610696
	18994  -  MemoryUsage of job (MB)
	19449412  -  ResidentSetSize of job (KB)
...
006 (111515044.106.000) 04/26 00:57:46 Image size of job updated: 20297448
	19596  -  MemoryUsage of job (MB)
	20066100  -  ResidentSetSize of job (KB)
...
006 (111515044.106.000) 04/26 01:02:47 Image size of job updated: 21138680
	20171  -  MemoryUsage of job (MB)
	20654664  -  ResidentSetSize of job (KB)
...
006 (111515044.106.000) 04/26 01:07:47 Image size of job updated: 21822900
	20443  -  MemoryUsage of job (MB)
	20932972  -  ResidentSetSize of job (KB)
...
006 (111515044.106.000) 04/26 01:12:48 Image size of job updated: 22553312
	20457  -  MemoryUsage of job (MB)
	20946984  -  ResidentSetSize of job (KB)
...
006 (111515044.106.000) 04/26 01:17:51 Image size of job updated: 23162648
	20457  -  MemoryUsage of job (MB)
	20946984  -  ResidentSetSize of job (KB)
...
005 (111515044.106.000) 04/26 01:18:01 Job terminated.
	(1) Normal termination (return value 0)
		Usr 0 02:25:11, Sys 0 00:02:17  -  Run Remote Usage
		Usr 0 00:00:00, Sys 0 00:00:00  -  Run Local Usage
		Usr 0 02:25:11, Sys 0 00:02:17  -  Total Remote Usage
		Usr 0 00:00:00, Sys 0 00:00:00  -  Total Local Usage
	24673642  -  Run Bytes Sent By Job
	1780295552  -  Run Bytes Received By Job
	24673642  -  Total Bytes Sent By Job
	1780295552  -  Total Bytes Received By Job
	Partitionable Resources :      Usage  Request Allocated 
	   Cpus                 :       0.96        1         1 
	   Disk (KB)            : 6853826    20971520  21339940 
	   Ioheavy              :                             0 
	   Memory (MB)          :   20457       20480     20480 
...
