000 (111367109.018.000) 04/22 22:38:18 Job submitted from host: <128.104.100.44:9618?addrs=128.104.100.44-9618+[2607-f388-107c-501-90e2-baff-fe2c-2724]-9618&noUDP&sock=1497440_afb9_3>
...
001 (111367109.018.000) 04/23 03:49:36 Job executing on host: <128.105.245.236:9618?addrs=128.105.245.236-9618&noUDP&sock=5457_a067_3>
...
006 (111367109.018.000) 04/23 03:49:44 Image size of job updated: 636
	1  -  MemoryUsage of job (MB)
	636  -  ResidentSetSize of job (KB)
...
006 (111367109.018.000) 04/23 03:54:47 Image size of job updated: 189568
	112  -  MemoryUsage of job (MB)
	114616  -  ResidentSetSize of job (KB)
...
006 (111367109.018.000) 04/23 03:59:46 Image size of job updated: 626144
	536  -  MemoryUsage of job (MB)
	548148  -  ResidentSetSize of job (KB)
...
006 (111367109.018.000) 04/23 04:04:47 Image size of job updated: 1074436
	974  -  MemoryUsage of job (MB)
	996384  -  ResidentSetSize of job (KB)
...
006 (111367109.018.000) 04/23 04:09:48 Image size of job updated: 1598628
	1485  -  MemoryUsage of job (MB)
	1520576  -  ResidentSetSize of job (KB)
...
006 (111367109.018.000) 04/23 04:14:48 Image size of job updated: 2180636
	2054  -  MemoryUsage of job (MB)
	2102584  -  ResidentSetSize of job (KB)
...
006 (111367109.018.000) 04/23 04:19:49 Image size of job updated: 2864796
	2722  -  MemoryUsage of job (MB)
	2786744  -  ResidentSetSize of job (KB)
...
006 (111367109.018.000) 04/23 04:24:49 Image size of job updated: 3738276
	3575  -  MemoryUsage of job (MB)
	3660224  -  ResidentSetSize of job (KB)
...
006 (111367109.018.000) 04/23 04:29:49 Image size of job updated: 4605456
	4422  -  MemoryUsage of job (MB)
	4527404  -  ResidentSetSize of job (KB)
...
006 (111367109.018.000) 04/23 04:34:50 Image size of job updated: 5493876
	5289  -  MemoryUsage of job (MB)
	5415824  -  ResidentSetSize of job (KB)
...
006 (111367109.018.000) 04/23 04:39:50 Image size of job updated: 6468940
	6242  -  MemoryUsage of job (MB)
	6390888  -  ResidentSetSize of job (KB)
...
006 (111367109.018.000) 04/23 04:44:51 Image size of job updated: 7250328
	7005  -  MemoryUsage of job (MB)
	7172276  -  ResidentSetSize of job (KB)
...
006 (111367109.018.000) 04/23 04:49:52 Image size of job updated: 7969936
	7707  -  MemoryUsage of job (MB)
	7891884  -  ResidentSetSize of job (KB)
...
006 (111367109.018.000) 04/23 04:54:52 Image size of job updated: 8800568
	8519  -  MemoryUsage of job (MB)
	8722516  -  ResidentSetSize of job (KB)
...
006 (111367109.018.000) 04/23 04:59:52 Image size of job updated: 9529496
	9230  -  MemoryUsage of job (MB)
	9451444  -  ResidentSetSize of job (KB)
...
006 (111367109.018.000) 04/23 05:04:53 Image size of job updated: 10203096
	9888  -  MemoryUsage of job (MB)
	10125044  -  ResidentSetSize of job (KB)
...
006 (111367109.018.000) 04/23 05:09:54 Image size of job updated: 10810728
	10482  -  MemoryUsage of job (MB)
	10732676  -  ResidentSetSize of job (KB)
...
006 (111367109.018.000) 04/23 05:14:54 Image size of job updated: 11550068
	11204  -  MemoryUsage of job (MB)
	11472016  -  ResidentSetSize of job (KB)
...
006 (111367109.018.000) 04/23 05:19:55 Image size of job updated: 11980184
	11624  -  MemoryUsage of job (MB)
	11902132  -  ResidentSetSize of job (KB)
...
006 (111367109.018.000) 04/23 05:24:55 Image size of job updated: 12620692
	12249  -  MemoryUsage of job (MB)
	12542640  -  ResidentSetSize of job (KB)
...
006 (111367109.018.000) 04/23 05:29:56 Image size of job updated: 13269536
	12883  -  MemoryUsage of job (MB)
	13191484  -  ResidentSetSize of job (KB)
...
006 (111367109.018.000) 04/23 05:34:56 Image size of job updated: 13854064
	13454  -  MemoryUsage of job (MB)
	13776012  -  ResidentSetSize of job (KB)
...
006 (111367109.018.000) 04/23 05:39:56 Image size of job updated: 14635460
	14217  -  MemoryUsage of job (MB)
	14557408  -  ResidentSetSize of job (KB)
...
006 (111367109.018.000) 04/23 05:44:57 Image size of job updated: 15273744
	14840  -  MemoryUsage of job (MB)
	15195580  -  ResidentSetSize of job (KB)
...
006 (111367109.018.000) 04/23 05:49:58 Image size of job updated: 15665008
	15221  -  MemoryUsage of job (MB)
	15586212  -  ResidentSetSize of job (KB)
...
006 (111367109.018.000) 04/23 05:54:58 Image size of job updated: 16126496
	15671  -  MemoryUsage of job (MB)
	16046904  -  ResidentSetSize of job (KB)
...
006 (111367109.018.000) 04/23 05:59:59 Image size of job updated: 16896356
	16421  -  MemoryUsage of job (MB)
	16814932  -  ResidentSetSize of job (KB)
...
006 (111367109.018.000) 04/23 06:05:00 Image size of job updated: 17386024
	16899  -  MemoryUsage of job (MB)
	17304116  -  ResidentSetSize of job (KB)
...
006 (111367109.018.000) 04/23 06:10:00 Image size of job updated: 18046152
	17542  -  MemoryUsage of job (MB)
	17962716  -  ResidentSetSize of job (KB)
...
006 (111367109.018.000) 04/23 06:15:00 Image size of job updated: 18685796
	18161  -  MemoryUsage of job (MB)
	18596420  -  ResidentSetSize of job (KB)
...
006 (111367109.018.000) 04/23 06:20:01 Image size of job updated: 19407208
	18855  -  MemoryUsage of job (MB)
	19307136  -  ResidentSetSize of job (KB)
...
006 (111367109.018.000) 04/23 06:25:01 Image size of job updated: 20058412
	19466  -  MemoryUsage of job (MB)
	19932588  -  ResidentSetSize of job (KB)
...
006 (111367109.018.000) 04/23 06:30:02 Image size of job updated: 20664292
	20011  -  MemoryUsage of job (MB)
	20490380  -  ResidentSetSize of job (KB)
...
006 (111367109.018.000) 04/23 06:35:03 Image size of job updated: 21101680
	20326  -  MemoryUsage of job (MB)
	20813380  -  ResidentSetSize of job (KB)
...
006 (111367109.018.000) 04/23 06:40:05 Image size of job updated: 21534312
	20463  -  MemoryUsage of job (MB)
	20953520  -  ResidentSetSize of job (KB)
...
006 (111367109.018.000) 04/23 06:45:04 Image size of job updated: 21917584
	20463  -  MemoryUsage of job (MB)
	20953520  -  ResidentSetSize of job (KB)
...
006 (111367109.018.000) 04/23 06:50:04 Image size of job updated: 22467952
	20463  -  MemoryUsage of job (MB)
	20953520  -  ResidentSetSize of job (KB)
...
005 (111367109.018.000) 04/23 06:53:36 Job terminated.
	(1) Normal termination (return value 0)
		Usr 0 02:29:03, Sys 0 00:02:29  -  Run Remote Usage
		Usr 0 00:00:00, Sys 0 00:00:00  -  Run Local Usage
		Usr 0 02:29:03, Sys 0 00:02:29  -  Total Remote Usage
		Usr 0 00:00:00, Sys 0 00:00:00  -  Total Local Usage
	25150662  -  Run Bytes Sent By Job
	1780295296  -  Run Bytes Received By Job
	25150662  -  Total Bytes Sent By Job
	1780295296  -  Total Bytes Received By Job
	Partitionable Resources :      Usage  Request Allocated 
	   Cpus                 :       0.95        1         1 
	   Disk (KB)            : 6854291    20971520  21613790 
	   Ioheavy              :                             0 
	   Memory (MB)          :   20463       20480     20480 
...
