000 (111515044.141.000) 04/25 20:20:11 Job submitted from host: <128.104.100.44:9618?addrs=128.104.100.44-9618+[2607-f388-107c-501-90e2-baff-fe2c-2724]-9618&noUDP&sock=4699_0235_3>
...
001 (111515044.141.000) 04/25 23:24:49 Job executing on host: <128.105.245.189:9618?addrs=128.105.245.189-9618&noUDP&sock=5433_2a21_3>
...
006 (111515044.141.000) 04/25 23:24:58 Image size of job updated: 644
	1  -  MemoryUsage of job (MB)
	644  -  ResidentSetSize of job (KB)
...
006 (111515044.141.000) 04/25 23:30:00 Image size of job updated: 672
	1  -  MemoryUsage of job (MB)
	672  -  ResidentSetSize of job (KB)
...
006 (111515044.141.000) 04/25 23:35:00 Image size of job updated: 434080
	348  -  MemoryUsage of job (MB)
	356084  -  ResidentSetSize of job (KB)
...
006 (111515044.141.000) 04/25 23:40:00 Image size of job updated: 1176552
	1073  -  MemoryUsage of job (MB)
	1098500  -  ResidentSetSize of job (KB)
...
006 (111515044.141.000) 04/25 23:45:00 Image size of job updated: 2171260
	2045  -  MemoryUsage of job (MB)
	2093208  -  ResidentSetSize of job (KB)
...
006 (111515044.141.000) 04/25 23:50:01 Image size of job updated: 3406492
	3251  -  MemoryUsage of job (MB)
	3328440  -  ResidentSetSize of job (KB)
...
006 (111515044.141.000) 04/25 23:55:01 Image size of job updated: 4843552
	4654  -  MemoryUsage of job (MB)
	4765500  -  ResidentSetSize of job (KB)
...
006 (111515044.141.000) 04/26 00:00:01 Image size of job updated: 6264652
	6042  -  MemoryUsage of job (MB)
	6186600  -  ResidentSetSize of job (KB)
...
006 (111515044.141.000) 04/26 00:05:02 Image size of job updated: 7571020
	7318  -  MemoryUsage of job (MB)
	7492968  -  ResidentSetSize of job (KB)
...
006 (111515044.141.000) 04/26 00:10:02 Image size of job updated: 8894276
	8610  -  MemoryUsage of job (MB)
	8816224  -  ResidentSetSize of job (KB)
...
006 (111515044.141.000) 04/26 00:15:02 Image size of job updated: 10147264
	9834  -  MemoryUsage of job (MB)
	10069212  -  ResidentSetSize of job (KB)
...
006 (111515044.141.000) 04/26 00:20:02 Image size of job updated: 11289340
	10949  -  MemoryUsage of job (MB)
	11211288  -  ResidentSetSize of job (KB)
...
006 (111515044.141.000) 04/26 00:25:03 Image size of job updated: 12450172
	12083  -  MemoryUsage of job (MB)
	12372120  -  ResidentSetSize of job (KB)
...
006 (111515044.141.000) 04/26 00:30:04 Image size of job updated: 13520864
	13128  -  MemoryUsage of job (MB)
	13442812  -  ResidentSetSize of job (KB)
...
006 (111515044.141.000) 04/26 00:35:04 Image size of job updated: 14536604
	14120  -  MemoryUsage of job (MB)
	14458552  -  ResidentSetSize of job (KB)
...
006 (111515044.141.000) 04/26 00:40:04 Image size of job updated: 15373128
	14937  -  MemoryUsage of job (MB)
	15295076  -  ResidentSetSize of job (KB)
...
006 (111515044.141.000) 04/26 00:45:04 Image size of job updated: 16216812
	15761  -  MemoryUsage of job (MB)
	16138760  -  ResidentSetSize of job (KB)
...
006 (111515044.141.000) 04/26 00:50:06 Image size of job updated: 17149184
	16672  -  MemoryUsage of job (MB)
	17071132  -  ResidentSetSize of job (KB)
...
006 (111515044.141.000) 04/26 00:55:06 Image size of job updated: 18105332
	17604  -  MemoryUsage of job (MB)
	18025876  -  ResidentSetSize of job (KB)
...
006 (111515044.141.000) 04/26 01:00:06 Image size of job updated: 19346720
	18812  -  MemoryUsage of job (MB)
	19263208  -  ResidentSetSize of job (KB)
...
006 (111515044.141.000) 04/26 01:05:07 Image size of job updated: 20641564
	20009  -  MemoryUsage of job (MB)
	20488820  -  ResidentSetSize of job (KB)
...
006 (111515044.141.000) 04/26 01:10:08 Image size of job updated: 21295860
	20430  -  MemoryUsage of job (MB)
	20919640  -  ResidentSetSize of job (KB)
...
006 (111515044.141.000) 04/26 01:15:08 Image size of job updated: 22144588
	20439  -  MemoryUsage of job (MB)
	20929436  -  ResidentSetSize of job (KB)
...
006 (111515044.141.000) 04/26 01:18:57 Image size of job updated: 22928064
	20439  -  MemoryUsage of job (MB)
	20929436  -  ResidentSetSize of job (KB)
...
005 (111515044.141.000) 04/26 01:18:59 Job terminated.
	(1) Normal termination (return value 0)
		Usr 0 01:41:19, Sys 0 00:01:40  -  Run Remote Usage
		Usr 0 00:00:00, Sys 0 00:00:00  -  Run Local Usage
		Usr 0 01:41:19, Sys 0 00:01:40  -  Total Remote Usage
		Usr 0 00:00:00, Sys 0 00:00:00  -  Total Local Usage
	24869944  -  Run Bytes Sent By Job
	1780295552  -  Run Bytes Received By Job
	24869944  -  Total Bytes Sent By Job
	1780295552  -  Total Bytes Received By Job
	Partitionable Resources :      Usage  Request Allocated 
	   Cpus                 :       0.99        1         1 
	   Disk (KB)            : 6854017    20971520  21397362 
	   Ioheavy              :                             0 
	   Memory (MB)          :   20439       20480     20480 
...
