000 (111515044.100.000) 04/25 20:20:11 Job submitted from host: <128.104.100.44:9618?addrs=128.104.100.44-9618+[2607-f388-107c-501-90e2-baff-fe2c-2724]-9618&noUDP&sock=4699_0235_3>
...
001 (111515044.100.000) 04/25 22:26:07 Job executing on host: <128.105.245.213:9618?addrs=128.105.245.213-9618&noUDP&sock=5528_53a1_3>
...
006 (111515044.100.000) 04/25 22:26:16 Image size of job updated: 620
	1  -  MemoryUsage of job (MB)
	620  -  ResidentSetSize of job (KB)
...
006 (111515044.100.000) 04/25 22:31:17 Image size of job updated: 648
	1  -  MemoryUsage of job (MB)
	648  -  ResidentSetSize of job (KB)
...
006 (111515044.100.000) 04/25 22:36:20 Image size of job updated: 656
	1  -  MemoryUsage of job (MB)
	656  -  ResidentSetSize of job (KB)
...
006 (111515044.100.000) 04/25 22:41:19 Image size of job updated: 668
	1  -  MemoryUsage of job (MB)
	668  -  ResidentSetSize of job (KB)
...
006 (111515044.100.000) 04/25 22:46:20 Image size of job updated: 804532
	710  -  MemoryUsage of job (MB)
	726480  -  ResidentSetSize of job (KB)
...
006 (111515044.100.000) 04/25 22:51:21 Image size of job updated: 1567264
	1455  -  MemoryUsage of job (MB)
	1489212  -  ResidentSetSize of job (KB)
...
006 (111515044.100.000) 04/25 22:56:22 Image size of job updated: 2548584
	2413  -  MemoryUsage of job (MB)
	2470532  -  ResidentSetSize of job (KB)
...
006 (111515044.100.000) 04/25 23:01:22 Image size of job updated: 3719524
	3557  -  MemoryUsage of job (MB)
	3641472  -  ResidentSetSize of job (KB)
...
006 (111515044.100.000) 04/25 23:06:22 Image size of job updated: 5100604
	4905  -  MemoryUsage of job (MB)
	5022552  -  ResidentSetSize of job (KB)
...
006 (111515044.100.000) 04/25 23:11:22 Image size of job updated: 6239424
	6017  -  MemoryUsage of job (MB)
	6161372  -  ResidentSetSize of job (KB)
...
006 (111515044.100.000) 04/25 23:16:22 Image size of job updated: 7509032
	7257  -  MemoryUsage of job (MB)
	7430980  -  ResidentSetSize of job (KB)
...
006 (111515044.100.000) 04/25 23:21:21 Image size of job updated: 8696668
	8417  -  MemoryUsage of job (MB)
	8618616  -  ResidentSetSize of job (KB)
...
006 (111515044.100.000) 04/25 23:26:21 Image size of job updated: 9764328
	9460  -  MemoryUsage of job (MB)
	9686276  -  ResidentSetSize of job (KB)
...
006 (111515044.100.000) 04/25 23:31:21 Image size of job updated: 10686336
	10360  -  MemoryUsage of job (MB)
	10608284  -  ResidentSetSize of job (KB)
...
006 (111515044.100.000) 04/25 23:36:22 Image size of job updated: 11728024
	11377  -  MemoryUsage of job (MB)
	11649972  -  ResidentSetSize of job (KB)
...
006 (111515044.100.000) 04/25 23:41:21 Image size of job updated: 12640500
	12269  -  MemoryUsage of job (MB)
	12562448  -  ResidentSetSize of job (KB)
...
006 (111515044.100.000) 04/25 23:46:22 Image size of job updated: 13594592
	13200  -  MemoryUsage of job (MB)
	13516540  -  ResidentSetSize of job (KB)
...
006 (111515044.100.000) 04/25 23:51:23 Image size of job updated: 14389924
	13977  -  MemoryUsage of job (MB)
	14311872  -  ResidentSetSize of job (KB)
...
006 (111515044.100.000) 04/25 23:56:24 Image size of job updated: 15433296
	14994  -  MemoryUsage of job (MB)
	15353380  -  ResidentSetSize of job (KB)
...
006 (111515044.100.000) 04/26 00:01:25 Image size of job updated: 16362532
	15901  -  MemoryUsage of job (MB)
	16282252  -  ResidentSetSize of job (KB)
...
006 (111515044.100.000) 04/26 00:06:25 Image size of job updated: 17358956
	16872  -  MemoryUsage of job (MB)
	17276460  -  ResidentSetSize of job (KB)
...
006 (111515044.100.000) 04/26 00:11:25 Image size of job updated: 18496316
	17977  -  MemoryUsage of job (MB)
	18408356  -  ResidentSetSize of job (KB)
...
006 (111515044.100.000) 04/26 00:16:26 Image size of job updated: 19514748
	18967  -  MemoryUsage of job (MB)
	19421272  -  ResidentSetSize of job (KB)
...
006 (111515044.100.000) 04/26 00:21:26 Image size of job updated: 20527020
	19891  -  MemoryUsage of job (MB)
	20368316  -  ResidentSetSize of job (KB)
...
006 (111515044.100.000) 04/26 00:26:27 Image size of job updated: 20994500
	20262  -  MemoryUsage of job (MB)
	20747964  -  ResidentSetSize of job (KB)
...
006 (111515044.100.000) 04/26 00:31:28 Image size of job updated: 21270280
	20388  -  MemoryUsage of job (MB)
	20876520  -  ResidentSetSize of job (KB)
...
006 (111515044.100.000) 04/26 00:36:29 Image size of job updated: 21591356
	20435  -  MemoryUsage of job (MB)
	20924792  -  ResidentSetSize of job (KB)
...
006 (111515044.100.000) 04/26 00:41:30 Image size of job updated: 22121664
	20455  -  MemoryUsage of job (MB)
	20945524  -  ResidentSetSize of job (KB)
...
006 (111515044.100.000) 04/26 00:46:32 Image size of job updated: 22893260
	20455  -  MemoryUsage of job (MB)
	20945524  -  ResidentSetSize of job (KB)
...
005 (111515044.100.000) 04/26 00:48:31 Job terminated.
	(1) Normal termination (return value 0)
		Usr 0 01:44:32, Sys 0 00:01:47  -  Run Remote Usage
		Usr 0 00:00:00, Sys 0 00:00:00  -  Run Local Usage
		Usr 0 01:44:32, Sys 0 00:01:47  -  Total Remote Usage
		Usr 0 00:00:00, Sys 0 00:00:00  -  Total Local Usage
	24883712  -  Run Bytes Sent By Job
	1780295552  -  Run Bytes Received By Job
	24883712  -  Total Bytes Sent By Job
	1780295552  -  Total Bytes Received By Job
	Partitionable Resources :      Usage  Request Allocated 
	   Cpus                 :       0.90        1         1 
	   Disk (KB)            : 6854029    20971520  21419116 
	   Ioheavy              :                             0 
	   Memory (MB)          :   20455       20480     20480 
...
