000 (111472063.047.000) 04/24 11:52:22 Job submitted from host: <128.104.100.44:9618?addrs=128.104.100.44-9618+[2607-f388-107c-501-90e2-baff-fe2c-2724]-9618&noUDP&sock=4699_0235_3>
...
001 (111472063.047.000) 04/24 20:24:21 Job executing on host: <128.105.245.177:9618?addrs=128.105.245.177-9618&noUDP&sock=5454_919e_29>
...
006 (111472063.047.000) 04/24 20:24:29 Image size of job updated: 620
	1  -  MemoryUsage of job (MB)
	620  -  ResidentSetSize of job (KB)
...
006 (111472063.047.000) 04/24 20:29:30 Image size of job updated: 648
	1  -  MemoryUsage of job (MB)
	648  -  ResidentSetSize of job (KB)
...
006 (111472063.047.000) 04/24 20:34:31 Image size of job updated: 579360
	490  -  MemoryUsage of job (MB)
	501364  -  ResidentSetSize of job (KB)
...
006 (111472063.047.000) 04/24 20:39:31 Image size of job updated: 1209184
	1105  -  MemoryUsage of job (MB)
	1131132  -  ResidentSetSize of job (KB)
...
006 (111472063.047.000) 04/24 20:44:32 Image size of job updated: 2142460
	2017  -  MemoryUsage of job (MB)
	2064408  -  ResidentSetSize of job (KB)
...
006 (111472063.047.000) 04/24 20:49:32 Image size of job updated: 3231592
	3080  -  MemoryUsage of job (MB)
	3153540  -  ResidentSetSize of job (KB)
...
006 (111472063.047.000) 04/24 20:54:33 Image size of job updated: 4476572
	4296  -  MemoryUsage of job (MB)
	4398520  -  ResidentSetSize of job (KB)
...
006 (111472063.047.000) 04/24 20:59:34 Image size of job updated: 5760888
	5550  -  MemoryUsage of job (MB)
	5682836  -  ResidentSetSize of job (KB)
...
006 (111472063.047.000) 04/24 21:04:35 Image size of job updated: 6926180
	6688  -  MemoryUsage of job (MB)
	6848128  -  ResidentSetSize of job (KB)
...
006 (111472063.047.000) 04/24 21:09:36 Image size of job updated: 8141752
	7875  -  MemoryUsage of job (MB)
	8063700  -  ResidentSetSize of job (KB)
...
006 (111472063.047.000) 04/24 21:14:37 Image size of job updated: 9232232
	8940  -  MemoryUsage of job (MB)
	9154180  -  ResidentSetSize of job (KB)
...
006 (111472063.047.000) 04/24 21:19:38 Image size of job updated: 10324684
	10007  -  MemoryUsage of job (MB)
	10246632  -  ResidentSetSize of job (KB)
...
006 (111472063.047.000) 04/24 21:24:39 Image size of job updated: 11226160
	10887  -  MemoryUsage of job (MB)
	11148108  -  ResidentSetSize of job (KB)
...
006 (111472063.047.000) 04/24 21:29:39 Image size of job updated: 12227200
	11865  -  MemoryUsage of job (MB)
	12149148  -  ResidentSetSize of job (KB)
...
006 (111472063.047.000) 04/24 21:34:40 Image size of job updated: 13183960
	12799  -  MemoryUsage of job (MB)
	13105908  -  ResidentSetSize of job (KB)
...
006 (111472063.047.000) 04/24 21:39:40 Image size of job updated: 14061264
	13656  -  MemoryUsage of job (MB)
	13983212  -  ResidentSetSize of job (KB)
...
006 (111472063.047.000) 04/24 21:44:41 Image size of job updated: 15003180
	14576  -  MemoryUsage of job (MB)
	14925128  -  ResidentSetSize of job (KB)
...
006 (111472063.047.000) 04/24 21:49:42 Image size of job updated: 15842144
	15395  -  MemoryUsage of job (MB)
	15764092  -  ResidentSetSize of job (KB)
...
006 (111472063.047.000) 04/24 21:54:43 Image size of job updated: 16750344
	16282  -  MemoryUsage of job (MB)
	16672052  -  ResidentSetSize of job (KB)
...
006 (111472063.047.000) 04/24 21:59:44 Image size of job updated: 17601160
	17112  -  MemoryUsage of job (MB)
	17522688  -  ResidentSetSize of job (KB)
...
006 (111472063.047.000) 04/24 22:04:45 Image size of job updated: 18553612
	18041  -  MemoryUsage of job (MB)
	18473248  -  ResidentSetSize of job (KB)
...
006 (111472063.047.000) 04/24 22:09:46 Image size of job updated: 19485988
	18949  -  MemoryUsage of job (MB)
	19402756  -  ResidentSetSize of job (KB)
...
006 (111472063.047.000) 04/24 22:14:46 Image size of job updated: 20322400
	19722  -  MemoryUsage of job (MB)
	20195024  -  ResidentSetSize of job (KB)
...
006 (111472063.047.000) 04/24 22:19:46 Image size of job updated: 21236452
	20428  -  MemoryUsage of job (MB)
	20917444  -  ResidentSetSize of job (KB)
...
006 (111472063.047.000) 04/24 22:24:46 Image size of job updated: 22185096
	20452  -  MemoryUsage of job (MB)
	20942264  -  ResidentSetSize of job (KB)
...
006 (111472063.047.000) 04/24 22:29:47 Image size of job updated: 23044880
	20452  -  MemoryUsage of job (MB)
	20942264  -  ResidentSetSize of job (KB)
...
005 (111472063.047.000) 04/24 22:30:35 Job terminated.
	(1) Normal termination (return value 0)
		Usr 0 01:55:48, Sys 0 00:02:40  -  Run Remote Usage
		Usr 0 00:00:00, Sys 0 00:00:00  -  Run Local Usage
		Usr 0 01:55:48, Sys 0 00:02:40  -  Total Remote Usage
		Usr 0 00:00:00, Sys 0 00:00:00  -  Total Local Usage
	24774268  -  Run Bytes Sent By Job
	1780295552  -  Run Bytes Received By Job
	24774268  -  Total Bytes Sent By Job
	1780295552  -  Total Bytes Received By Job
	Partitionable Resources :      Usage  Request Allocated 
	   Cpus                 :       0.99        1         1 
	   Disk (KB)            : 6853924    20971520  21338125 
	   Ioheavy              :                             0 
	   Memory (MB)          :   20452       20480     20480 
...
