000 (111515044.061.000) 04/25 20:20:11 Job submitted from host: <128.104.100.44:9618?addrs=128.104.100.44-9618+[2607-f388-107c-501-90e2-baff-fe2c-2724]-9618&noUDP&sock=4699_0235_3>
...
001 (111515044.061.000) 04/25 21:18:47 Job executing on host: <128.105.245.158:9618?addrs=128.105.245.158-9618&noUDP&sock=5419_8fce_3>
...
006 (111515044.061.000) 04/25 21:18:55 Image size of job updated: 628
	1  -  MemoryUsage of job (MB)
	628  -  ResidentSetSize of job (KB)
...
006 (111515044.061.000) 04/25 21:23:56 Image size of job updated: 652
	1  -  MemoryUsage of job (MB)
	652  -  ResidentSetSize of job (KB)
...
006 (111515044.061.000) 04/25 21:28:56 Image size of job updated: 335116
	252  -  MemoryUsage of job (MB)
	257120  -  ResidentSetSize of job (KB)
...
006 (111515044.061.000) 04/25 21:33:57 Image size of job updated: 695096
	603  -  MemoryUsage of job (MB)
	617100  -  ResidentSetSize of job (KB)
...
006 (111515044.061.000) 04/25 21:38:57 Image size of job updated: 1146636
	1044  -  MemoryUsage of job (MB)
	1068584  -  ResidentSetSize of job (KB)
...
006 (111515044.061.000) 04/25 21:43:57 Image size of job updated: 1708444
	1593  -  MemoryUsage of job (MB)
	1630392  -  ResidentSetSize of job (KB)
...
006 (111515044.061.000) 04/25 21:48:57 Image size of job updated: 2323492
	2193  -  MemoryUsage of job (MB)
	2245440  -  ResidentSetSize of job (KB)
...
006 (111515044.061.000) 04/25 21:53:57 Image size of job updated: 3095096
	2947  -  MemoryUsage of job (MB)
	3017044  -  ResidentSetSize of job (KB)
...
006 (111515044.061.000) 04/25 21:58:58 Image size of job updated: 4021788
	3852  -  MemoryUsage of job (MB)
	3943736  -  ResidentSetSize of job (KB)
...
006 (111515044.061.000) 04/25 22:03:59 Image size of job updated: 4887092
	4697  -  MemoryUsage of job (MB)
	4809040  -  ResidentSetSize of job (KB)
...
006 (111515044.061.000) 04/25 22:09:00 Image size of job updated: 5793452
	5582  -  MemoryUsage of job (MB)
	5715400  -  ResidentSetSize of job (KB)
...
006 (111515044.061.000) 04/25 22:14:01 Image size of job updated: 6639316
	6408  -  MemoryUsage of job (MB)
	6561264  -  ResidentSetSize of job (KB)
...
006 (111515044.061.000) 04/25 22:19:02 Image size of job updated: 7604756
	7351  -  MemoryUsage of job (MB)
	7526704  -  ResidentSetSize of job (KB)
...
006 (111515044.061.000) 04/25 22:24:03 Image size of job updated: 8570388
	8294  -  MemoryUsage of job (MB)
	8492336  -  ResidentSetSize of job (KB)
...
006 (111515044.061.000) 04/25 22:29:03 Image size of job updated: 9479020
	9181  -  MemoryUsage of job (MB)
	9400968  -  ResidentSetSize of job (KB)
...
006 (111515044.061.000) 04/25 22:34:03 Image size of job updated: 10283716
	9967  -  MemoryUsage of job (MB)
	10205664  -  ResidentSetSize of job (KB)
...
006 (111515044.061.000) 04/25 22:39:04 Image size of job updated: 10973152
	10640  -  MemoryUsage of job (MB)
	10895100  -  ResidentSetSize of job (KB)
...
006 (111515044.061.000) 04/25 22:44:05 Image size of job updated: 11513988
	11168  -  MemoryUsage of job (MB)
	11435936  -  ResidentSetSize of job (KB)
...
006 (111515044.061.000) 04/25 22:49:08 Image size of job updated: 12003792
	11647  -  MemoryUsage of job (MB)
	11925740  -  ResidentSetSize of job (KB)
...
006 (111515044.061.000) 04/25 22:54:07 Image size of job updated: 12619112
	12248  -  MemoryUsage of job (MB)
	12541060  -  ResidentSetSize of job (KB)
...
006 (111515044.061.000) 04/25 22:59:07 Image size of job updated: 13454268
	13063  -  MemoryUsage of job (MB)
	13376216  -  ResidentSetSize of job (KB)
...
006 (111515044.061.000) 04/25 23:04:08 Image size of job updated: 14163728
	13756  -  MemoryUsage of job (MB)
	14085676  -  ResidentSetSize of job (KB)
...
006 (111515044.061.000) 04/25 23:09:09 Image size of job updated: 15118996
	14689  -  MemoryUsage of job (MB)
	15040944  -  ResidentSetSize of job (KB)
...
006 (111515044.061.000) 04/25 23:14:09 Image size of job updated: 16128568
	15663  -  MemoryUsage of job (MB)
	16038548  -  ResidentSetSize of job (KB)
...
006 (111515044.061.000) 04/25 23:19:09 Image size of job updated: 16935524
	16435  -  MemoryUsage of job (MB)
	16828800  -  ResidentSetSize of job (KB)
...
006 (111515044.061.000) 04/25 23:24:10 Image size of job updated: 17737040
	17201  -  MemoryUsage of job (MB)
	17613500  -  ResidentSetSize of job (KB)
...
006 (111515044.061.000) 04/25 23:29:10 Image size of job updated: 18866064
	18266  -  MemoryUsage of job (MB)
	18703936  -  ResidentSetSize of job (KB)
...
006 (111515044.061.000) 04/25 23:34:11 Image size of job updated: 19604756
	18954  -  MemoryUsage of job (MB)
	19408520  -  ResidentSetSize of job (KB)
...
006 (111515044.061.000) 04/25 23:39:11 Image size of job updated: 20507616
	19747  -  MemoryUsage of job (MB)
	20219944  -  ResidentSetSize of job (KB)
...
006 (111515044.061.000) 04/25 23:44:12 Image size of job updated: 21272524
	20333  -  MemoryUsage of job (MB)
	20820056  -  ResidentSetSize of job (KB)
...
006 (111515044.061.000) 04/25 23:49:12 Image size of job updated: 22036684
	20433  -  MemoryUsage of job (MB)
	20923204  -  ResidentSetSize of job (KB)
...
006 (111515044.061.000) 04/25 23:54:13 Image size of job updated: 22721316
	20438  -  MemoryUsage of job (MB)
	20928148  -  ResidentSetSize of job (KB)
...
006 (111515044.061.000) 04/25 23:59:13 Image size of job updated: 23008408
	20447  -  MemoryUsage of job (MB)
	20937248  -  ResidentSetSize of job (KB)
...
006 (111515044.061.000) 04/26 00:01:05 Image size of job updated: 23176140
	20447  -  MemoryUsage of job (MB)
	20937248  -  ResidentSetSize of job (KB)
...
005 (111515044.061.000) 04/26 00:01:08 Job terminated.
	(1) Normal termination (return value 0)
		Usr 0 02:09:26, Sys 0 00:03:29  -  Run Remote Usage
		Usr 0 00:00:00, Sys 0 00:00:00  -  Run Local Usage
		Usr 0 02:09:26, Sys 0 00:03:29  -  Total Remote Usage
		Usr 0 00:00:00, Sys 0 00:00:00  -  Total Local Usage
	24881480  -  Run Bytes Sent By Job
	1780295552  -  Run Bytes Received By Job
	24881480  -  Total Bytes Sent By Job
	1780295552  -  Total Bytes Received By Job
	Partitionable Resources :      Usage  Request Allocated 
	   Cpus                 :       0.49        1         1 
	   Disk (KB)            : 6854029    20971520  21255461 
	   Ioheavy              :                             0 
	   Memory (MB)          :   20447       20480     20480 
...
