000 (111351044.147.000) 04/22 20:35:43 Job submitted from host: <128.104.100.44:9618?addrs=128.104.100.44-9618+[2607-f388-107c-501-90e2-baff-fe2c-2724]-9618&noUDP&sock=1497440_afb9_3>
...
001 (111351044.147.000) 04/22 21:57:46 Job executing on host: <128.105.245.230:9618?addrs=128.105.245.230-9618&noUDP&sock=5412_c2a4_3>
...
006 (111351044.147.000) 04/22 21:57:56 Image size of job updated: 628
	1  -  MemoryUsage of job (MB)
	628  -  ResidentSetSize of job (KB)
...
006 (111351044.147.000) 04/22 22:02:57 Image size of job updated: 652
	1  -  MemoryUsage of job (MB)
	652  -  ResidentSetSize of job (KB)
...
006 (111351044.147.000) 04/22 22:07:57 Image size of job updated: 668
	1  -  MemoryUsage of job (MB)
	668  -  ResidentSetSize of job (KB)
...
006 (111351044.147.000) 04/22 22:12:57 Image size of job updated: 539016
	451  -  MemoryUsage of job (MB)
	461020  -  ResidentSetSize of job (KB)
...
006 (111351044.147.000) 04/22 22:16:04 Image size of job updated: 797116
	452  -  MemoryUsage of job (MB)
	462152  -  ResidentSetSize of job (KB)
...
005 (111351044.147.000) 04/22 22:16:08 Job terminated.
	(1) Normal termination (return value 0)
		Usr 0 00:07:44, Sys 0 00:00:24  -  Run Remote Usage
		Usr 0 00:00:00, Sys 0 00:00:00  -  Run Local Usage
		Usr 0 00:07:44, Sys 0 00:00:24  -  Total Remote Usage
		Usr 0 00:00:00, Sys 0 00:00:00  -  Total Local Usage
	1383604  -  Run Bytes Sent By Job
	1780295296  -  Run Bytes Received By Job
	1383604  -  Total Bytes Sent By Job
	1780295296  -  Total Bytes Received By Job
	Partitionable Resources :      Usage  Request Allocated 
	   Cpus                 :       0.98        1         1 
	   Disk (KB)            : 6833129    20971520  21265377 
	   Ioheavy              :                             0 
	   Memory (MB)          :     452       20480     20480 
...
