000 (111515044.089.000) 04/25 20:20:11 Job submitted from host: <128.104.100.44:9618?addrs=128.104.100.44-9618+[2607-f388-107c-501-90e2-baff-fe2c-2724]-9618&noUDP&sock=4699_0235_3>
...
001 (111515044.089.000) 04/25 22:14:11 Job executing on host: <128.105.245.195:9618?addrs=128.105.245.195-9618&noUDP&sock=5498_bfc9_3>
...
006 (111515044.089.000) 04/25 22:14:19 Image size of job updated: 628
	1  -  MemoryUsage of job (MB)
	628  -  ResidentSetSize of job (KB)
...
006 (111515044.089.000) 04/25 22:19:20 Image size of job updated: 660
	1  -  MemoryUsage of job (MB)
	660  -  ResidentSetSize of job (KB)
...
006 (111515044.089.000) 04/25 22:24:21 Image size of job updated: 668
	1  -  MemoryUsage of job (MB)
	668  -  ResidentSetSize of job (KB)
...
006 (111515044.089.000) 04/25 22:29:21 Image size of job updated: 432752
	347  -  MemoryUsage of job (MB)
	354756  -  ResidentSetSize of job (KB)
...
006 (111515044.089.000) 04/25 22:34:21 Image size of job updated: 829952
	735  -  MemoryUsage of job (MB)
	751900  -  ResidentSetSize of job (KB)
...
006 (111515044.089.000) 04/25 22:39:22 Image size of job updated: 1290900
	1185  -  MemoryUsage of job (MB)
	1212848  -  ResidentSetSize of job (KB)
...
006 (111515044.089.000) 04/25 22:44:23 Image size of job updated: 1899160
	1779  -  MemoryUsage of job (MB)
	1821108  -  ResidentSetSize of job (KB)
...
006 (111515044.089.000) 04/25 22:49:23 Image size of job updated: 2582724
	2446  -  MemoryUsage of job (MB)
	2504672  -  ResidentSetSize of job (KB)
...
006 (111515044.089.000) 04/25 22:54:24 Image size of job updated: 3403196
	3248  -  MemoryUsage of job (MB)
	3325144  -  ResidentSetSize of job (KB)
...
006 (111515044.089.000) 04/25 22:59:25 Image size of job updated: 4252292
	4077  -  MemoryUsage of job (MB)
	4174240  -  ResidentSetSize of job (KB)
...
006 (111515044.089.000) 04/25 23:04:26 Image size of job updated: 5181756
	4985  -  MemoryUsage of job (MB)
	5103704  -  ResidentSetSize of job (KB)
...
006 (111515044.089.000) 04/25 23:09:26 Image size of job updated: 5998944
	5783  -  MemoryUsage of job (MB)
	5920892  -  ResidentSetSize of job (KB)
...
006 (111515044.089.000) 04/25 23:14:26 Image size of job updated: 6907704
	6670  -  MemoryUsage of job (MB)
	6829652  -  ResidentSetSize of job (KB)
...
006 (111515044.089.000) 04/25 23:19:26 Image size of job updated: 7717560
	7461  -  MemoryUsage of job (MB)
	7639508  -  ResidentSetSize of job (KB)
...
006 (111515044.089.000) 04/25 23:24:26 Image size of job updated: 8605184
	8328  -  MemoryUsage of job (MB)
	8527132  -  ResidentSetSize of job (KB)
...
006 (111515044.089.000) 04/25 23:29:27 Image size of job updated: 9489292
	9191  -  MemoryUsage of job (MB)
	9411240  -  ResidentSetSize of job (KB)
...
006 (111515044.089.000) 04/25 23:34:27 Image size of job updated: 10238052
	9922  -  MemoryUsage of job (MB)
	10160000  -  ResidentSetSize of job (KB)
...
006 (111515044.089.000) 04/25 23:39:27 Image size of job updated: 11100136
	10764  -  MemoryUsage of job (MB)
	11022084  -  ResidentSetSize of job (KB)
...
006 (111515044.089.000) 04/25 23:44:28 Image size of job updated: 12019344
	11662  -  MemoryUsage of job (MB)
	11941292  -  ResidentSetSize of job (KB)
...
006 (111515044.089.000) 04/25 23:49:29 Image size of job updated: 12915436
	12537  -  MemoryUsage of job (MB)
	12837384  -  ResidentSetSize of job (KB)
...
006 (111515044.089.000) 04/25 23:54:29 Image size of job updated: 13936236
	13534  -  MemoryUsage of job (MB)
	13858184  -  ResidentSetSize of job (KB)
...
006 (111515044.089.000) 04/25 23:59:29 Image size of job updated: 14882872
	14458  -  MemoryUsage of job (MB)
	14804820  -  ResidentSetSize of job (KB)
...
006 (111515044.089.000) 04/26 00:04:30 Image size of job updated: 15844992
	15398  -  MemoryUsage of job (MB)
	15766940  -  ResidentSetSize of job (KB)
...
006 (111515044.089.000) 04/26 00:09:31 Image size of job updated: 16861560
	16391  -  MemoryUsage of job (MB)
	16783508  -  ResidentSetSize of job (KB)
...
006 (111515044.089.000) 04/26 00:14:31 Image size of job updated: 17843956
	17349  -  MemoryUsage of job (MB)
	17764764  -  ResidentSetSize of job (KB)
...
006 (111515044.089.000) 04/26 00:19:32 Image size of job updated: 18941632
	18416  -  MemoryUsage of job (MB)
	18857652  -  ResidentSetSize of job (KB)
...
006 (111515044.089.000) 04/26 00:24:32 Image size of job updated: 19897692
	19340  -  MemoryUsage of job (MB)
	19803904  -  ResidentSetSize of job (KB)
...
006 (111515044.089.000) 04/26 00:29:33 Image size of job updated: 20894580
	20183  -  MemoryUsage of job (MB)
	20667028  -  ResidentSetSize of job (KB)
...
006 (111515044.089.000) 04/26 00:34:34 Image size of job updated: 21618292
	20447  -  MemoryUsage of job (MB)
	20937432  -  ResidentSetSize of job (KB)
...
006 (111515044.089.000) 04/26 00:39:34 Image size of job updated: 22013764
	20447  -  MemoryUsage of job (MB)
	20937432  -  ResidentSetSize of job (KB)
...
006 (111515044.089.000) 04/26 00:44:35 Image size of job updated: 22638896
	20462  -  MemoryUsage of job (MB)
	20952432  -  ResidentSetSize of job (KB)
...
006 (111515044.089.000) 04/26 00:49:35 Image size of job updated: 23231580
	20462  -  MemoryUsage of job (MB)
	20952432  -  ResidentSetSize of job (KB)
...
006 (111515044.089.000) 04/26 00:50:25 Image size of job updated: 23261636
	20462  -  MemoryUsage of job (MB)
	20952432  -  ResidentSetSize of job (KB)
...
005 (111515044.089.000) 04/26 00:50:28 Job terminated.
	(1) Normal termination (return value 0)
		Usr 0 02:10:24, Sys 0 00:02:15  -  Run Remote Usage
		Usr 0 00:00:00, Sys 0 00:00:00  -  Run Local Usage
		Usr 0 02:10:24, Sys 0 00:02:15  -  Total Remote Usage
		Usr 0 00:00:00, Sys 0 00:00:00  -  Total Local Usage
	25032652  -  Run Bytes Sent By Job
	1780295552  -  Run Bytes Received By Job
	25032652  -  Total Bytes Sent By Job
	1780295552  -  Total Bytes Received By Job
	Partitionable Resources :      Usage  Request Allocated 
	   Cpus                 :       0.29        1         1 
	   Disk (KB)            : 6854176    20971520  21301677 
	   Ioheavy              :                             0 
	   Memory (MB)          :   20462       20480     20480 
...
