000 (111472063.061.000) 04/24 11:52:22 Job submitted from host: <128.104.100.44:9618?addrs=128.104.100.44-9618+[2607-f388-107c-501-90e2-baff-fe2c-2724]-9618&noUDP&sock=4699_0235_3>
...
001 (111472063.061.000) 04/24 20:47:25 Job executing on host: <128.105.245.151:9618?addrs=128.105.245.151-9618&noUDP&sock=13358_0e2f_3>
...
006 (111472063.061.000) 04/24 20:47:34 Image size of job updated: 644
	1  -  MemoryUsage of job (MB)
	644  -  ResidentSetSize of job (KB)
...
006 (111472063.061.000) 04/24 20:52:35 Image size of job updated: 349568
	266  -  MemoryUsage of job (MB)
	271572  -  ResidentSetSize of job (KB)
...
006 (111472063.061.000) 04/24 20:57:35 Image size of job updated: 1034192
	934  -  MemoryUsage of job (MB)
	956140  -  ResidentSetSize of job (KB)
...
006 (111472063.061.000) 04/24 21:02:36 Image size of job updated: 1997368
	1875  -  MemoryUsage of job (MB)
	1919316  -  ResidentSetSize of job (KB)
...
006 (111472063.061.000) 04/24 21:07:37 Image size of job updated: 3265508
	3113  -  MemoryUsage of job (MB)
	3187456  -  ResidentSetSize of job (KB)
...
006 (111472063.061.000) 04/24 21:12:38 Image size of job updated: 4770540
	4583  -  MemoryUsage of job (MB)
	4692488  -  ResidentSetSize of job (KB)
...
006 (111472063.061.000) 04/24 21:17:39 Image size of job updated: 6235032
	6013  -  MemoryUsage of job (MB)
	6156980  -  ResidentSetSize of job (KB)
...
006 (111472063.061.000) 04/24 21:22:40 Image size of job updated: 7578096
	7325  -  MemoryUsage of job (MB)
	7500044  -  ResidentSetSize of job (KB)
...
006 (111472063.061.000) 04/24 21:27:40 Image size of job updated: 8922068
	8637  -  MemoryUsage of job (MB)
	8844016  -  ResidentSetSize of job (KB)
...
006 (111472063.061.000) 04/24 21:32:40 Image size of job updated: 10165748
	9852  -  MemoryUsage of job (MB)
	10087696  -  ResidentSetSize of job (KB)
...
006 (111472063.061.000) 04/24 21:37:41 Image size of job updated: 11321972
	10981  -  MemoryUsage of job (MB)
	11243920  -  ResidentSetSize of job (KB)
...
006 (111472063.061.000) 04/24 21:42:40 Image size of job updated: 12432648
	12066  -  MemoryUsage of job (MB)
	12354596  -  ResidentSetSize of job (KB)
...
006 (111472063.061.000) 04/24 21:47:40 Image size of job updated: 13612480
	13218  -  MemoryUsage of job (MB)
	13534428  -  ResidentSetSize of job (KB)
...
006 (111472063.061.000) 04/24 21:52:41 Image size of job updated: 14790724
	14368  -  MemoryUsage of job (MB)
	14712672  -  ResidentSetSize of job (KB)
...
006 (111472063.061.000) 04/24 21:57:41 Image size of job updated: 15907324
	15457  -  MemoryUsage of job (MB)
	15827552  -  ResidentSetSize of job (KB)
...
006 (111472063.061.000) 04/24 22:02:41 Image size of job updated: 17134152
	16653  -  MemoryUsage of job (MB)
	17052392  -  ResidentSetSize of job (KB)
...
006 (111472063.061.000) 04/24 22:07:41 Image size of job updated: 18332336
	17804  -  MemoryUsage of job (MB)
	18230968  -  ResidentSetSize of job (KB)
...
006 (111472063.061.000) 04/24 22:12:41 Image size of job updated: 19594792
	19004  -  MemoryUsage of job (MB)
	19459312  -  ResidentSetSize of job (KB)
...
006 (111472063.061.000) 04/24 22:17:41 Image size of job updated: 20896212
	20084  -  MemoryUsage of job (MB)
	20565404  -  ResidentSetSize of job (KB)
...
006 (111472063.061.000) 04/24 22:22:42 Image size of job updated: 21964844
	20432  -  MemoryUsage of job (MB)
	20921572  -  ResidentSetSize of job (KB)
...
006 (111472063.061.000) 04/24 22:27:43 Image size of job updated: 22938992
	20452  -  MemoryUsage of job (MB)
	20941848  -  ResidentSetSize of job (KB)
...
006 (111472063.061.000) 04/24 22:32:45 Image size of job updated: 23672060
	20452  -  MemoryUsage of job (MB)
	20941848  -  ResidentSetSize of job (KB)
...
006 (111472063.061.000) 04/24 22:37:45 Image size of job updated: 24450336
	20452  -  MemoryUsage of job (MB)
	20941848  -  ResidentSetSize of job (KB)
...
006 (111472063.061.000) 04/24 22:42:45 Image size of job updated: 25186004
	20452  -  MemoryUsage of job (MB)
	20941848  -  ResidentSetSize of job (KB)
...
006 (111472063.061.000) 04/24 22:46:21 Image size of job updated: 26330756
	20452  -  MemoryUsage of job (MB)
	20941848  -  ResidentSetSize of job (KB)
...
005 (111472063.061.000) 04/24 22:46:22 Job terminated.
	(1) Normal termination (return value 0)
		Usr 0 01:49:19, Sys 0 00:01:59  -  Run Remote Usage
		Usr 0 00:00:00, Sys 0 00:00:00  -  Run Local Usage
		Usr 0 01:49:19, Sys 0 00:01:59  -  Total Remote Usage
		Usr 0 00:00:00, Sys 0 00:00:00  -  Total Local Usage
	27903474  -  Run Bytes Sent By Job
	1780295552  -  Run Bytes Received By Job
	27903474  -  Total Bytes Sent By Job
	1780295552  -  Total Bytes Received By Job
	Partitionable Resources :      Usage  Request Allocated 
	   Cpus                 :       1.00        1         1 
	   Disk (KB)            : 6899815    20971520  21561351 
	   Ioheavy              :                             0 
	   Memory (MB)          :   20452       20480     20480 
...
