000 (111472063.041.000) 04/24 11:52:22 Job submitted from host: <128.104.100.44:9618?addrs=128.104.100.44-9618+[2607-f388-107c-501-90e2-baff-fe2c-2724]-9618&noUDP&sock=4699_0235_3>
...
001 (111472063.041.000) 04/24 20:26:06 Job executing on host: <128.105.245.178:9618?addrs=128.105.245.178-9618&noUDP&sock=5426_5cf8_29>
...
006 (111472063.041.000) 04/24 20:26:15 Image size of job updated: 620
	1  -  MemoryUsage of job (MB)
	620  -  ResidentSetSize of job (KB)
...
006 (111472063.041.000) 04/24 20:31:17 Image size of job updated: 648
	1  -  MemoryUsage of job (MB)
	648  -  ResidentSetSize of job (KB)
...
006 (111472063.041.000) 04/24 20:36:17 Image size of job updated: 652
	1  -  MemoryUsage of job (MB)
	652  -  ResidentSetSize of job (KB)
...
006 (111472063.041.000) 04/24 20:51:19 Image size of job updated: 656
	1  -  MemoryUsage of job (MB)
	656  -  ResidentSetSize of job (KB)
...
006 (111472063.041.000) 04/24 21:01:21 Image size of job updated: 660
	1  -  MemoryUsage of job (MB)
	660  -  ResidentSetSize of job (KB)
...
006 (111472063.041.000) 04/24 21:06:22 Image size of job updated: 668
	1  -  MemoryUsage of job (MB)
	668  -  ResidentSetSize of job (KB)
...
006 (111472063.041.000) 04/24 21:26:26 Image size of job updated: 330700
	247  -  MemoryUsage of job (MB)
	252704  -  ResidentSetSize of job (KB)
...
006 (111472063.041.000) 04/24 21:31:29 Image size of job updated: 504900
	417  -  MemoryUsage of job (MB)
	426904  -  ResidentSetSize of job (KB)
...
006 (111472063.041.000) 04/24 21:36:28 Image size of job updated: 737376
	644  -  MemoryUsage of job (MB)
	659380  -  ResidentSetSize of job (KB)
...
006 (111472063.041.000) 04/24 21:41:29 Image size of job updated: 979808
	881  -  MemoryUsage of job (MB)
	901756  -  ResidentSetSize of job (KB)
...
006 (111472063.041.000) 04/24 21:46:30 Image size of job updated: 1370240
	1262  -  MemoryUsage of job (MB)
	1292188  -  ResidentSetSize of job (KB)
...
006 (111472063.041.000) 04/24 21:51:30 Image size of job updated: 2149712
	2024  -  MemoryUsage of job (MB)
	2071660  -  ResidentSetSize of job (KB)
...
006 (111472063.041.000) 04/24 21:56:31 Image size of job updated: 2822344
	2680  -  MemoryUsage of job (MB)
	2744292  -  ResidentSetSize of job (KB)
...
006 (111472063.041.000) 04/24 22:01:31 Image size of job updated: 3697336
	3535  -  MemoryUsage of job (MB)
	3619284  -  ResidentSetSize of job (KB)
...
006 (111472063.041.000) 04/24 22:06:32 Image size of job updated: 4726912
	4540  -  MemoryUsage of job (MB)
	4648860  -  ResidentSetSize of job (KB)
...
006 (111472063.041.000) 04/24 22:11:33 Image size of job updated: 5428184
	5225  -  MemoryUsage of job (MB)
	5350132  -  ResidentSetSize of job (KB)
...
006 (111472063.041.000) 04/24 22:16:33 Image size of job updated: 6116600
	5898  -  MemoryUsage of job (MB)
	6038548  -  ResidentSetSize of job (KB)
...
006 (111472063.041.000) 04/24 22:21:35 Image size of job updated: 6943240
	6705  -  MemoryUsage of job (MB)
	6865188  -  ResidentSetSize of job (KB)
...
006 (111472063.041.000) 04/24 22:26:35 Image size of job updated: 7714944
	7458  -  MemoryUsage of job (MB)
	7636892  -  ResidentSetSize of job (KB)
...
006 (111472063.041.000) 04/24 22:31:35 Image size of job updated: 8496184
	8221  -  MemoryUsage of job (MB)
	8418132  -  ResidentSetSize of job (KB)
...
006 (111472063.041.000) 04/24 22:36:37 Image size of job updated: 9147888
	8858  -  MemoryUsage of job (MB)
	9069836  -  ResidentSetSize of job (KB)
...
006 (111472063.041.000) 04/24 22:41:36 Image size of job updated: 9889252
	9582  -  MemoryUsage of job (MB)
	9811200  -  ResidentSetSize of job (KB)
...
006 (111472063.041.000) 04/24 22:46:36 Image size of job updated: 10573080
	10250  -  MemoryUsage of job (MB)
	10495028  -  ResidentSetSize of job (KB)
...
006 (111472063.041.000) 04/24 22:51:37 Image size of job updated: 11305108
	10964  -  MemoryUsage of job (MB)
	11227056  -  ResidentSetSize of job (KB)
...
006 (111472063.041.000) 04/24 22:56:38 Image size of job updated: 12015508
	11658  -  MemoryUsage of job (MB)
	11937456  -  ResidentSetSize of job (KB)
...
006 (111472063.041.000) 04/24 23:01:39 Image size of job updated: 12546232
	12176  -  MemoryUsage of job (MB)
	12468180  -  ResidentSetSize of job (KB)
...
006 (111472063.041.000) 04/24 23:06:39 Image size of job updated: 13082432
	12700  -  MemoryUsage of job (MB)
	13004380  -  ResidentSetSize of job (KB)
...
006 (111472063.041.000) 04/24 23:11:39 Image size of job updated: 13779092
	13380  -  MemoryUsage of job (MB)
	13701040  -  ResidentSetSize of job (KB)
...
006 (111472063.041.000) 04/24 23:16:40 Image size of job updated: 14419892
	14006  -  MemoryUsage of job (MB)
	14341840  -  ResidentSetSize of job (KB)
...
006 (111472063.041.000) 04/24 23:21:40 Image size of job updated: 15116060
	14686  -  MemoryUsage of job (MB)
	15038008  -  ResidentSetSize of job (KB)
...
006 (111472063.041.000) 04/24 23:26:41 Image size of job updated: 15657732
	15215  -  MemoryUsage of job (MB)
	15579680  -  ResidentSetSize of job (KB)
...
006 (111472063.041.000) 04/24 23:31:41 Image size of job updated: 16160440
	15706  -  MemoryUsage of job (MB)
	16082388  -  ResidentSetSize of job (KB)
...
006 (111472063.041.000) 04/24 23:36:43 Image size of job updated: 16886676
	16415  -  MemoryUsage of job (MB)
	16808404  -  ResidentSetSize of job (KB)
...
006 (111472063.041.000) 04/24 23:41:43 Image size of job updated: 17780724
	17287  -  MemoryUsage of job (MB)
	17701136  -  ResidentSetSize of job (KB)
...
006 (111472063.041.000) 04/24 23:46:44 Image size of job updated: 18380876
	17872  -  MemoryUsage of job (MB)
	18300904  -  ResidentSetSize of job (KB)
...
006 (111472063.041.000) 04/24 23:51:44 Image size of job updated: 19067492
	18536  -  MemoryUsage of job (MB)
	18980180  -  ResidentSetSize of job (KB)
...
006 (111472063.041.000) 04/24 23:56:45 Image size of job updated: 19872904
	19303  -  MemoryUsage of job (MB)
	19765592  -  ResidentSetSize of job (KB)
...
006 (111472063.041.000) 04/25 00:01:45 Image size of job updated: 20221536
	19617  -  MemoryUsage of job (MB)
	20087548  -  ResidentSetSize of job (KB)
...
006 (111472063.041.000) 04/25 00:06:45 Image size of job updated: 20611792
	19961  -  MemoryUsage of job (MB)
	20439104  -  ResidentSetSize of job (KB)
...
006 (111472063.041.000) 04/25 00:11:46 Image size of job updated: 20913840
	20226  -  MemoryUsage of job (MB)
	20710572  -  ResidentSetSize of job (KB)
...
006 (111472063.041.000) 04/25 00:16:47 Image size of job updated: 21249600
	20420  -  MemoryUsage of job (MB)
	20909216  -  ResidentSetSize of job (KB)
...
006 (111472063.041.000) 04/25 00:21:47 Image size of job updated: 21365404
	20420  -  MemoryUsage of job (MB)
	20909216  -  ResidentSetSize of job (KB)
...
006 (111472063.041.000) 04/25 00:26:48 Image size of job updated: 21843024
	20463  -  MemoryUsage of job (MB)
	20953972  -  ResidentSetSize of job (KB)
...
006 (111472063.041.000) 04/25 00:31:48 Image size of job updated: 22018776
	20463  -  MemoryUsage of job (MB)
	20953972  -  ResidentSetSize of job (KB)
...
006 (111472063.041.000) 04/25 00:36:49 Image size of job updated: 22453032
	20463  -  MemoryUsage of job (MB)
	20953972  -  ResidentSetSize of job (KB)
...
006 (111472063.041.000) 04/25 00:41:49 Image size of job updated: 22983852
	20464  -  MemoryUsage of job (MB)
	20954900  -  ResidentSetSize of job (KB)
...
006 (111472063.041.000) 04/25 00:44:20 Image size of job updated: 23199740
	20464  -  MemoryUsage of job (MB)
	20954900  -  ResidentSetSize of job (KB)
...
005 (111472063.041.000) 04/25 00:44:23 Job terminated.
	(1) Normal termination (return value 0)
		Usr 0 02:09:35, Sys 0 00:02:25  -  Run Remote Usage
		Usr 0 00:00:00, Sys 0 00:00:00  -  Run Local Usage
		Usr 0 02:09:35, Sys 0 00:02:25  -  Total Remote Usage
		Usr 0 00:00:00, Sys 0 00:00:00  -  Total Local Usage
	24823100  -  Run Bytes Sent By Job
	1780295552  -  Run Bytes Received By Job
	24823100  -  Total Bytes Sent By Job
	1780295552  -  Total Bytes Received By Job
	Partitionable Resources :      Usage  Request Allocated 
	   Cpus                 :       0.61        1         1 
	   Disk (KB)            : 6853971    20971520  23247132 
	   Ioheavy              :                             0 
	   Memory (MB)          :   20464       20480     20480 
...
