000 (111367109.197.000) 04/22 22:38:18 Job submitted from host: <128.104.100.44:9618?addrs=128.104.100.44-9618+[2607-f388-107c-501-90e2-baff-fe2c-2724]-9618&noUDP&sock=1497440_afb9_3>
...
001 (111367109.197.000) 04/23 08:05:57 Job executing on host: <128.105.245.254:9618?addrs=128.105.245.254-9618&noUDP&sock=5430_1b59_27>
...
006 (111367109.197.000) 04/23 08:06:08 Image size of job updated: 620
	1  -  MemoryUsage of job (MB)
	620  -  ResidentSetSize of job (KB)
...
006 (111367109.197.000) 04/23 08:11:09 Image size of job updated: 628
	1  -  MemoryUsage of job (MB)
	628  -  ResidentSetSize of job (KB)
...
006 (111367109.197.000) 04/23 08:16:08 Image size of job updated: 632
	1  -  MemoryUsage of job (MB)
	632  -  ResidentSetSize of job (KB)
...
006 (111367109.197.000) 04/23 08:26:11 Image size of job updated: 652
	1  -  MemoryUsage of job (MB)
	652  -  ResidentSetSize of job (KB)
...
006 (111367109.197.000) 04/23 08:51:15 Image size of job updated: 656
	1  -  MemoryUsage of job (MB)
	656  -  ResidentSetSize of job (KB)
...
006 (111367109.197.000) 04/23 09:01:16 Image size of job updated: 664
	1  -  MemoryUsage of job (MB)
	664  -  ResidentSetSize of job (KB)
...
006 (111367109.197.000) 04/23 09:06:17 Image size of job updated: 668
	1  -  MemoryUsage of job (MB)
	668  -  ResidentSetSize of job (KB)
...
006 (111367109.197.000) 04/23 09:11:17 Image size of job updated: 299712
	217  -  MemoryUsage of job (MB)
	221716  -  ResidentSetSize of job (KB)
...
006 (111367109.197.000) 04/23 09:16:18 Image size of job updated: 662684
	571  -  MemoryUsage of job (MB)
	584688  -  ResidentSetSize of job (KB)
...
006 (111367109.197.000) 04/23 09:21:20 Image size of job updated: 885072
	789  -  MemoryUsage of job (MB)
	807020  -  ResidentSetSize of job (KB)
...
