000 (111367109.061.000) 04/22 22:38:18 Job submitted from host: <128.104.100.44:9618?addrs=128.104.100.44-9618+[2607-f388-107c-501-90e2-baff-fe2c-2724]-9618&noUDP&sock=1497440_afb9_3>
...
001 (111367109.061.000) 04/23 04:26:40 Job executing on host: <128.105.245.175:9618?addrs=128.105.245.175-9618&noUDP&sock=5429_6bc0_3>
...
006 (111367109.061.000) 04/23 04:26:48 Image size of job updated: 628
	1  -  MemoryUsage of job (MB)
	628  -  ResidentSetSize of job (KB)
...
006 (111367109.061.000) 04/23 04:31:49 Image size of job updated: 652
	1  -  MemoryUsage of job (MB)
	652  -  ResidentSetSize of job (KB)
...
006 (111367109.061.000) 04/23 04:36:51 Image size of job updated: 656
	1  -  MemoryUsage of job (MB)
	656  -  ResidentSetSize of job (KB)
...
006 (111367109.061.000) 04/23 04:41:50 Image size of job updated: 668
	1  -  MemoryUsage of job (MB)
	668  -  ResidentSetSize of job (KB)
...
006 (111367109.061.000) 04/23 04:46:50 Image size of job updated: 500508
	413  -  MemoryUsage of job (MB)
	422512  -  ResidentSetSize of job (KB)
...
006 (111367109.061.000) 04/23 04:51:51 Image size of job updated: 854892
	759  -  MemoryUsage of job (MB)
	776840  -  ResidentSetSize of job (KB)
...
006 (111367109.061.000) 04/23 04:57:01 Image size of job updated: 1179168
	1076  -  MemoryUsage of job (MB)
	1101116  -  ResidentSetSize of job (KB)
...
006 (111367109.061.000) 04/23 05:01:53 Image size of job updated: 1689628
	1574  -  MemoryUsage of job (MB)
	1611576  -  ResidentSetSize of job (KB)
...
006 (111367109.061.000) 04/23 05:06:53 Image size of job updated: 2303572
	2174  -  MemoryUsage of job (MB)
	2225520  -  ResidentSetSize of job (KB)
...
006 (111367109.061.000) 04/23 05:11:54 Image size of job updated: 3032000
	2885  -  MemoryUsage of job (MB)
	2953948  -  ResidentSetSize of job (KB)
...
006 (111367109.061.000) 04/23 05:16:55 Image size of job updated: 3873940
	3707  -  MemoryUsage of job (MB)
	3795888  -  ResidentSetSize of job (KB)
...
006 (111367109.061.000) 04/23 05:21:55 Image size of job updated: 4683968
	4498  -  MemoryUsage of job (MB)
	4605916  -  ResidentSetSize of job (KB)
...
006 (111367109.061.000) 04/23 05:26:56 Image size of job updated: 5589860
	5383  -  MemoryUsage of job (MB)
	5511808  -  ResidentSetSize of job (KB)
...
006 (111367109.061.000) 04/23 05:31:56 Image size of job updated: 6406560
	6181  -  MemoryUsage of job (MB)
	6328508  -  ResidentSetSize of job (KB)
...
006 (111367109.061.000) 04/23 05:36:57 Image size of job updated: 7246096
	7001  -  MemoryUsage of job (MB)
	7168044  -  ResidentSetSize of job (KB)
...
006 (111367109.061.000) 04/23 05:41:57 Image size of job updated: 7948228
	7686  -  MemoryUsage of job (MB)
	7870176  -  ResidentSetSize of job (KB)
...
006 (111367109.061.000) 04/23 05:46:58 Image size of job updated: 8678340
	8399  -  MemoryUsage of job (MB)
	8600288  -  ResidentSetSize of job (KB)
...
006 (111367109.061.000) 04/23 05:51:58 Image size of job updated: 9228792
	8937  -  MemoryUsage of job (MB)
	9150740  -  ResidentSetSize of job (KB)
...
006 (111367109.061.000) 04/23 05:56:58 Image size of job updated: 9906004
	9598  -  MemoryUsage of job (MB)
	9827952  -  ResidentSetSize of job (KB)
...
006 (111367109.061.000) 04/23 06:01:59 Image size of job updated: 10611724
	10287  -  MemoryUsage of job (MB)
	10533672  -  ResidentSetSize of job (KB)
...
006 (111367109.061.000) 04/23 06:07:01 Image size of job updated: 11346820
	11005  -  MemoryUsage of job (MB)
	11268768  -  ResidentSetSize of job (KB)
...
006 (111367109.061.000) 04/23 06:11:59 Image size of job updated: 11996040
	11639  -  MemoryUsage of job (MB)
	11917988  -  ResidentSetSize of job (KB)
...
006 (111367109.061.000) 04/23 06:17:00 Image size of job updated: 12546732
	12177  -  MemoryUsage of job (MB)
	12468680  -  ResidentSetSize of job (KB)
...
006 (111367109.061.000) 04/23 06:22:00 Image size of job updated: 13262688
	12876  -  MemoryUsage of job (MB)
	13184636  -  ResidentSetSize of job (KB)
...
006 (111367109.061.000) 04/23 06:27:01 Image size of job updated: 13836144
	13436  -  MemoryUsage of job (MB)
	13758092  -  ResidentSetSize of job (KB)
...
006 (111367109.061.000) 04/23 06:32:01 Image size of job updated: 14504716
	14089  -  MemoryUsage of job (MB)
	14426664  -  ResidentSetSize of job (KB)
...
006 (111367109.061.000) 04/23 06:37:02 Image size of job updated: 15151984
	14721  -  MemoryUsage of job (MB)
	15073932  -  ResidentSetSize of job (KB)
...
006 (111367109.061.000) 04/23 06:42:02 Image size of job updated: 15856040
	15408  -  MemoryUsage of job (MB)
	15777052  -  ResidentSetSize of job (KB)
...
006 (111367109.061.000) 04/23 06:47:03 Image size of job updated: 16440124
	15977  -  MemoryUsage of job (MB)
	16359932  -  ResidentSetSize of job (KB)
...
006 (111367109.061.000) 04/23 06:52:04 Image size of job updated: 17028828
	16551  -  MemoryUsage of job (MB)
	16947372  -  ResidentSetSize of job (KB)
...
006 (111367109.061.000) 04/23 06:57:05 Image size of job updated: 17595712
	17102  -  MemoryUsage of job (MB)
	17511700  -  ResidentSetSize of job (KB)
...
006 (111367109.061.000) 04/23 07:02:05 Image size of job updated: 18184292
	17672  -  MemoryUsage of job (MB)
	18096076  -  ResidentSetSize of job (KB)
...
006 (111367109.061.000) 04/23 07:07:05 Image size of job updated: 18776180
	18245  -  MemoryUsage of job (MB)
	18682760  -  ResidentSetSize of job (KB)
...
006 (111367109.061.000) 04/23 07:12:05 Image size of job updated: 19208976
	18663  -  MemoryUsage of job (MB)
	19110244  -  ResidentSetSize of job (KB)
...
006 (111367109.061.000) 04/23 07:17:06 Image size of job updated: 19799468
	19231  -  MemoryUsage of job (MB)
	19691860  -  ResidentSetSize of job (KB)
...
006 (111367109.061.000) 04/23 07:22:07 Image size of job updated: 20420092
	19811  -  MemoryUsage of job (MB)
	20285548  -  ResidentSetSize of job (KB)
...
006 (111367109.061.000) 04/23 07:27:09 Image size of job updated: 20775024
	20124  -  MemoryUsage of job (MB)
	20606304  -  ResidentSetSize of job (KB)
...
006 (111367109.061.000) 04/23 07:32:08 Image size of job updated: 21172292
	20385  -  MemoryUsage of job (MB)
	20874132  -  ResidentSetSize of job (KB)
...
006 (111367109.061.000) 04/23 07:37:09 Image size of job updated: 21506660
	20430  -  MemoryUsage of job (MB)
	20919464  -  ResidentSetSize of job (KB)
...
006 (111367109.061.000) 04/23 07:42:11 Image size of job updated: 21840432
	20436  -  MemoryUsage of job (MB)
	20925636  -  ResidentSetSize of job (KB)
...
006 (111367109.061.000) 04/23 07:47:11 Image size of job updated: 22176244
	20436  -  MemoryUsage of job (MB)
	20926048  -  ResidentSetSize of job (KB)
...
006 (111367109.061.000) 04/23 07:52:12 Image size of job updated: 22715020
	20463  -  MemoryUsage of job (MB)
	20953884  -  ResidentSetSize of job (KB)
...
006 (111367109.061.000) 04/23 07:57:04 Image size of job updated: 23048760
	20463  -  MemoryUsage of job (MB)
	20953884  -  ResidentSetSize of job (KB)
...
005 (111367109.061.000) 04/23 07:57:07 Job terminated.
	(1) Normal termination (return value 0)
		Usr 0 02:37:30, Sys 0 00:07:37  -  Run Remote Usage
		Usr 0 00:00:00, Sys 0 00:00:00  -  Run Local Usage
		Usr 0 02:37:30, Sys 0 00:07:37  -  Total Remote Usage
		Usr 0 00:00:00, Sys 0 00:00:00  -  Total Local Usage
	25609730  -  Run Bytes Sent By Job
	1780295296  -  Run Bytes Received By Job
	25609730  -  Total Bytes Sent By Job
	1780295296  -  Total Bytes Received By Job
	Partitionable Resources :      Usage  Request Allocated 
	   Cpus                 :       0.37        1         1 
	   Disk (KB)            : 6854740    20971520  21211715 
	   Ioheavy              :                             0 
	   Memory (MB)          :   20463       20480     20480 
...
