000 (111515044.197.000) 04/25 20:20:11 Job submitted from host: <128.104.100.44:9618?addrs=128.104.100.44-9618+[2607-f388-107c-501-90e2-baff-fe2c-2724]-9618&noUDP&sock=4699_0235_3>
...
001 (111515044.197.000) 04/26 00:15:16 Job executing on host: <128.105.245.208:9618?addrs=128.105.245.208-9618&noUDP&sock=5437_e882_3>
...
006 (111515044.197.000) 04/26 00:15:25 Image size of job updated: 616
	1  -  MemoryUsage of job (MB)
	616  -  ResidentSetSize of job (KB)
...
006 (111515044.197.000) 04/26 00:20:27 Image size of job updated: 640
	1  -  MemoryUsage of job (MB)
	640  -  ResidentSetSize of job (KB)
...
006 (111515044.197.000) 04/26 00:25:27 Image size of job updated: 644
	1  -  MemoryUsage of job (MB)
	644  -  ResidentSetSize of job (KB)
...
006 (111515044.197.000) 04/26 00:35:30 Image size of job updated: 652
	1  -  MemoryUsage of job (MB)
	652  -  ResidentSetSize of job (KB)
...
006 (111515044.197.000) 04/26 00:40:30 Image size of job updated: 660
	1  -  MemoryUsage of job (MB)
	660  -  ResidentSetSize of job (KB)
...
006 (111515044.197.000) 04/26 00:45:30 Image size of job updated: 528148
	440  -  MemoryUsage of job (MB)
	450152  -  ResidentSetSize of job (KB)
...
006 (111515044.197.000) 04/26 00:50:30 Image size of job updated: 1110092
	1008  -  MemoryUsage of job (MB)
	1032040  -  ResidentSetSize of job (KB)
...
006 (111515044.197.000) 04/26 00:55:31 Image size of job updated: 1746356
	1630  -  MemoryUsage of job (MB)
	1668304  -  ResidentSetSize of job (KB)
...
006 (111515044.197.000) 04/26 01:00:32 Image size of job updated: 2512964
	2378  -  MemoryUsage of job (MB)
	2434912  -  ResidentSetSize of job (KB)
...
006 (111515044.197.000) 04/26 01:05:32 Image size of job updated: 3411804
	3256  -  MemoryUsage of job (MB)
	3333752  -  ResidentSetSize of job (KB)
...
006 (111515044.197.000) 04/26 01:10:32 Image size of job updated: 4273536
	4098  -  MemoryUsage of job (MB)
	4195484  -  ResidentSetSize of job (KB)
...
006 (111515044.197.000) 04/26 01:15:33 Image size of job updated: 5276584
	5077  -  MemoryUsage of job (MB)
	5198532  -  ResidentSetSize of job (KB)
...
006 (111515044.197.000) 04/26 01:20:33 Image size of job updated: 6014596
	5798  -  MemoryUsage of job (MB)
	5936544  -  ResidentSetSize of job (KB)
...
006 (111515044.197.000) 04/26 01:25:33 Image size of job updated: 6930148
	6692  -  MemoryUsage of job (MB)
	6852096  -  ResidentSetSize of job (KB)
...
006 (111515044.197.000) 04/26 01:30:33 Image size of job updated: 7672136
	7417  -  MemoryUsage of job (MB)
	7594084  -  ResidentSetSize of job (KB)
...
006 (111515044.197.000) 04/26 01:35:33 Image size of job updated: 8537468
	8262  -  MemoryUsage of job (MB)
	8459416  -  ResidentSetSize of job (KB)
...
006 (111515044.197.000) 04/26 01:40:34 Image size of job updated: 9276592
	8983  -  MemoryUsage of job (MB)
	9198540  -  ResidentSetSize of job (KB)
...
006 (111515044.197.000) 04/26 01:45:34 Image size of job updated: 9944880
	9636  -  MemoryUsage of job (MB)
	9866828  -  ResidentSetSize of job (KB)
...
006 (111515044.197.000) 04/26 01:50:35 Image size of job updated: 10655068
	10330  -  MemoryUsage of job (MB)
	10577016  -  ResidentSetSize of job (KB)
...
006 (111515044.197.000) 04/26 01:55:35 Image size of job updated: 11166692
	10829  -  MemoryUsage of job (MB)
	11088640  -  ResidentSetSize of job (KB)
...
006 (111515044.197.000) 04/26 02:00:36 Image size of job updated: 11591300
	11244  -  MemoryUsage of job (MB)
	11513248  -  ResidentSetSize of job (KB)
...
006 (111515044.197.000) 04/26 02:05:45 Image size of job updated: 12233388
	11871  -  MemoryUsage of job (MB)
	12155336  -  ResidentSetSize of job (KB)
...
006 (111515044.197.000) 04/26 02:10:36 Image size of job updated: 12776004
	12401  -  MemoryUsage of job (MB)
	12697952  -  ResidentSetSize of job (KB)
...
006 (111515044.197.000) 04/26 02:15:36 Image size of job updated: 13328180
	12940  -  MemoryUsage of job (MB)
	13250128  -  ResidentSetSize of job (KB)
...
006 (111515044.197.000) 04/26 02:20:37 Image size of job updated: 13932324
	13529  -  MemoryUsage of job (MB)
	13853676  -  ResidentSetSize of job (KB)
...
006 (111515044.197.000) 04/26 02:25:38 Image size of job updated: 14497848
	14081  -  MemoryUsage of job (MB)
	14418708  -  ResidentSetSize of job (KB)
...
006 (111515044.197.000) 04/26 02:30:38 Image size of job updated: 15048660
	14619  -  MemoryUsage of job (MB)
	14969612  -  ResidentSetSize of job (KB)
...
006 (111515044.197.000) 04/26 02:35:40 Image size of job updated: 15540736
	15044  -  MemoryUsage of job (MB)
	15404088  -  ResidentSetSize of job (KB)
...
006 (111515044.197.000) 04/26 02:40:40 Image size of job updated: 16078088
	15567  -  MemoryUsage of job (MB)
	15939724  -  ResidentSetSize of job (KB)
...
006 (111515044.197.000) 04/26 02:45:41 Image size of job updated: 16611312
	16048  -  MemoryUsage of job (MB)
	16432288  -  ResidentSetSize of job (KB)
...
006 (111515044.197.000) 04/26 02:50:41 Image size of job updated: 17175396
	16594  -  MemoryUsage of job (MB)
	16991504  -  ResidentSetSize of job (KB)
...
006 (111515044.197.000) 04/26 02:55:42 Image size of job updated: 17724056
	17123  -  MemoryUsage of job (MB)
	17533236  -  ResidentSetSize of job (KB)
...
006 (111515044.197.000) 04/26 03:00:42 Image size of job updated: 18397308
	17771  -  MemoryUsage of job (MB)
	18197248  -  ResidentSetSize of job (KB)
...
006 (111515044.197.000) 04/26 03:05:43 Image size of job updated: 19020168
	18338  -  MemoryUsage of job (MB)
	18777988  -  ResidentSetSize of job (KB)
...
006 (111515044.197.000) 04/26 03:10:44 Image size of job updated: 19721688
	18965  -  MemoryUsage of job (MB)
	19420108  -  ResidentSetSize of job (KB)
...
006 (111515044.197.000) 04/26 03:15:53 Image size of job updated: 20351564
	19501  -  MemoryUsage of job (MB)
	19968964  -  ResidentSetSize of job (KB)
...
006 (111515044.197.000) 04/26 03:21:08 Image size of job updated: 20994712
	19993  -  MemoryUsage of job (MB)
	20472716  -  ResidentSetSize of job (KB)
...
006 (111515044.197.000) 04/26 03:25:45 Image size of job updated: 21446556
	20253  -  MemoryUsage of job (MB)
	20738896  -  ResidentSetSize of job (KB)
...
006 (111515044.197.000) 04/26 03:30:47 Image size of job updated: 21938924
	20434  -  MemoryUsage of job (MB)
	20924048  -  ResidentSetSize of job (KB)
...
006 (111515044.197.000) 04/26 03:35:47 Image size of job updated: 22581944
	20465  -  MemoryUsage of job (MB)
	20955740  -  ResidentSetSize of job (KB)
...
006 (111515044.197.000) 04/26 03:40:48 Image size of job updated: 23023288
	20465  -  MemoryUsage of job (MB)
	20956136  -  ResidentSetSize of job (KB)
...
006 (111515044.197.000) 04/26 03:42:34 Image size of job updated: 23229288
	20465  -  MemoryUsage of job (MB)
	20956136  -  ResidentSetSize of job (KB)
...
005 (111515044.197.000) 04/26 03:42:36 Job terminated.
	(1) Normal termination (return value 0)
		Usr 0 02:15:24, Sys 0 00:04:49  -  Run Remote Usage
		Usr 0 00:00:00, Sys 0 00:00:00  -  Run Local Usage
		Usr 0 02:15:24, Sys 0 00:04:49  -  Total Remote Usage
		Usr 0 00:00:00, Sys 0 00:00:00  -  Total Local Usage
	25229864  -  Run Bytes Sent By Job
	1780295552  -  Run Bytes Received By Job
	25229864  -  Total Bytes Sent By Job
	1780295552  -  Total Bytes Received By Job
	Partitionable Resources :      Usage  Request Allocated 
	   Cpus                 :       0.99        1         1 
	   Disk (KB)            : 6854369    20971520  21466783 
	   Ioheavy              :                             0 
	   Memory (MB)          :   20465       20480     20480 
...
