000 (111367109.163.000) 04/22 22:38:18 Job submitted from host: <128.104.100.44:9618?addrs=128.104.100.44-9618+[2607-f388-107c-501-90e2-baff-fe2c-2724]-9618&noUDP&sock=1497440_afb9_3>
...
001 (111367109.163.000) 04/23 07:03:16 Job executing on host: <128.105.245.213:9618?addrs=128.105.245.213-9618&noUDP&sock=5528_53a1_3>
...
006 (111367109.163.000) 04/23 07:03:26 Image size of job updated: 628
	1  -  MemoryUsage of job (MB)
	628  -  ResidentSetSize of job (KB)
...
006 (111367109.163.000) 04/23 07:08:27 Image size of job updated: 294164
	212  -  MemoryUsage of job (MB)
	216168  -  ResidentSetSize of job (KB)
...
006 (111367109.163.000) 04/23 07:13:27 Image size of job updated: 772820
	679  -  MemoryUsage of job (MB)
	694768  -  ResidentSetSize of job (KB)
...
006 (111367109.163.000) 04/23 07:18:27 Image size of job updated: 1287244
	1181  -  MemoryUsage of job (MB)
	1209192  -  ResidentSetSize of job (KB)
...
006 (111367109.163.000) 04/23 07:23:28 Image size of job updated: 1906932
	1787  -  MemoryUsage of job (MB)
	1828880  -  ResidentSetSize of job (KB)
...
006 (111367109.163.000) 04/23 07:28:28 Image size of job updated: 2640092
	2502  -  MemoryUsage of job (MB)
	2562040  -  ResidentSetSize of job (KB)
...
006 (111367109.163.000) 04/23 07:33:28 Image size of job updated: 3504900
	3347  -  MemoryUsage of job (MB)
	3426848  -  ResidentSetSize of job (KB)
...
006 (111367109.163.000) 04/23 07:38:29 Image size of job updated: 4495772
	4315  -  MemoryUsage of job (MB)
	4417720  -  ResidentSetSize of job (KB)
...
006 (111367109.163.000) 04/23 07:43:29 Image size of job updated: 5278864
	5079  -  MemoryUsage of job (MB)
	5200812  -  ResidentSetSize of job (KB)
...
006 (111367109.163.000) 04/23 07:48:29 Image size of job updated: 6092108
	5874  -  MemoryUsage of job (MB)
	6014056  -  ResidentSetSize of job (KB)
...
006 (111367109.163.000) 04/23 07:53:30 Image size of job updated: 6866432
	6630  -  MemoryUsage of job (MB)
	6788380  -  ResidentSetSize of job (KB)
...
006 (111367109.163.000) 04/23 07:58:31 Image size of job updated: 7588916
	7335  -  MemoryUsage of job (MB)
	7510864  -  ResidentSetSize of job (KB)
...
006 (111367109.163.000) 04/23 08:03:31 Image size of job updated: 8216472
	7948  -  MemoryUsage of job (MB)
	8138420  -  ResidentSetSize of job (KB)
...
006 (111367109.163.000) 04/23 08:08:31 Image size of job updated: 8886248
	8602  -  MemoryUsage of job (MB)
	8808196  -  ResidentSetSize of job (KB)
...
006 (111367109.163.000) 04/23 08:13:32 Image size of job updated: 9629492
	9328  -  MemoryUsage of job (MB)
	9551440  -  ResidentSetSize of job (KB)
...
006 (111367109.163.000) 04/23 08:18:33 Image size of job updated: 10167092
	9853  -  MemoryUsage of job (MB)
	10089040  -  ResidentSetSize of job (KB)
...
006 (111367109.163.000) 04/23 08:23:33 Image size of job updated: 10546112
	10223  -  MemoryUsage of job (MB)
	10468060  -  ResidentSetSize of job (KB)
...
006 (111367109.163.000) 04/23 08:28:33 Image size of job updated: 10996896
	10663  -  MemoryUsage of job (MB)
	10918844  -  ResidentSetSize of job (KB)
...
006 (111367109.163.000) 04/23 08:33:34 Image size of job updated: 11497028
	11152  -  MemoryUsage of job (MB)
	11418976  -  ResidentSetSize of job (KB)
...
006 (111367109.163.000) 04/23 08:38:34 Image size of job updated: 12197592
	11836  -  MemoryUsage of job (MB)
	12119540  -  ResidentSetSize of job (KB)
...
006 (111367109.163.000) 04/23 08:43:35 Image size of job updated: 12734252
	12360  -  MemoryUsage of job (MB)
	12656200  -  ResidentSetSize of job (KB)
...
006 (111367109.163.000) 04/23 08:48:37 Image size of job updated: 13314536
	12927  -  MemoryUsage of job (MB)
	13236484  -  ResidentSetSize of job (KB)
...
006 (111367109.163.000) 04/23 08:53:37 Image size of job updated: 13961428
	13558  -  MemoryUsage of job (MB)
	13883376  -  ResidentSetSize of job (KB)
...
006 (111367109.163.000) 04/23 08:58:38 Image size of job updated: 14586388
	14169  -  MemoryUsage of job (MB)
	14508336  -  ResidentSetSize of job (KB)
...
006 (111367109.163.000) 04/23 09:03:38 Image size of job updated: 15206896
	14774  -  MemoryUsage of job (MB)
	15128332  -  ResidentSetSize of job (KB)
...
006 (111367109.163.000) 04/23 09:08:39 Image size of job updated: 15737144
	15288  -  MemoryUsage of job (MB)
	15654276  -  ResidentSetSize of job (KB)
...
006 (111367109.163.000) 04/23 09:13:40 Image size of job updated: 16313372
	15845  -  MemoryUsage of job (MB)
	16225128  -  ResidentSetSize of job (KB)
...
006 (111367109.163.000) 04/23 09:18:41 Image size of job updated: 16852592
	16367  -  MemoryUsage of job (MB)
	16759272  -  ResidentSetSize of job (KB)
...
006 (111367109.163.000) 04/23 09:23:42 Image size of job updated: 17381656
	16881  -  MemoryUsage of job (MB)
	17285920  -  ResidentSetSize of job (KB)
...
