000 (111515044.138.000) 04/25 20:20:11 Job submitted from host: <128.104.100.44:9618?addrs=128.104.100.44-9618+[2607-f388-107c-501-90e2-baff-fe2c-2724]-9618&noUDP&sock=4699_0235_3>
...
001 (111515044.138.000) 04/25 23:24:20 Job executing on host: <128.105.245.209:9618?addrs=128.105.245.209-9618&noUDP&sock=5422_9e97_3>
...
006 (111515044.138.000) 04/25 23:24:29 Image size of job updated: 624
	1  -  MemoryUsage of job (MB)
	624  -  ResidentSetSize of job (KB)
...
006 (111515044.138.000) 04/25 23:29:31 Image size of job updated: 652
	1  -  MemoryUsage of job (MB)
	652  -  ResidentSetSize of job (KB)
...
006 (111515044.138.000) 04/25 23:34:31 Image size of job updated: 482232
	395  -  MemoryUsage of job (MB)
	404236  -  ResidentSetSize of job (KB)
...
006 (111515044.138.000) 04/25 23:39:31 Image size of job updated: 886112
	790  -  MemoryUsage of job (MB)
	808060  -  ResidentSetSize of job (KB)
...
006 (111515044.138.000) 04/25 23:44:32 Image size of job updated: 1344120
	1237  -  MemoryUsage of job (MB)
	1266068  -  ResidentSetSize of job (KB)
...
006 (111515044.138.000) 04/25 23:49:33 Image size of job updated: 1996888
	1874  -  MemoryUsage of job (MB)
	1918836  -  ResidentSetSize of job (KB)
...
006 (111515044.138.000) 04/25 23:54:33 Image size of job updated: 2681172
	2543  -  MemoryUsage of job (MB)
	2603120  -  ResidentSetSize of job (KB)
...
006 (111515044.138.000) 04/25 23:59:33 Image size of job updated: 3511848
	3354  -  MemoryUsage of job (MB)
	3433796  -  ResidentSetSize of job (KB)
...
006 (111515044.138.000) 04/26 00:04:34 Image size of job updated: 4450392
	4270  -  MemoryUsage of job (MB)
	4372340  -  ResidentSetSize of job (KB)
...
006 (111515044.138.000) 04/26 00:09:35 Image size of job updated: 5273064
	5074  -  MemoryUsage of job (MB)
	5195012  -  ResidentSetSize of job (KB)
...
006 (111515044.138.000) 04/26 00:14:35 Image size of job updated: 6133696
	5914  -  MemoryUsage of job (MB)
	6055644  -  ResidentSetSize of job (KB)
...
006 (111515044.138.000) 04/26 00:19:35 Image size of job updated: 6966644
	6728  -  MemoryUsage of job (MB)
	6888592  -  ResidentSetSize of job (KB)
...
006 (111515044.138.000) 04/26 00:24:36 Image size of job updated: 7799524
	7541  -  MemoryUsage of job (MB)
	7721472  -  ResidentSetSize of job (KB)
...
006 (111515044.138.000) 04/26 00:29:36 Image size of job updated: 8598692
	8321  -  MemoryUsage of job (MB)
	8520640  -  ResidentSetSize of job (KB)
...
006 (111515044.138.000) 04/26 00:34:37 Image size of job updated: 9416808
	9120  -  MemoryUsage of job (MB)
	9338756  -  ResidentSetSize of job (KB)
...
006 (111515044.138.000) 04/26 00:39:37 Image size of job updated: 10124124
	9811  -  MemoryUsage of job (MB)
	10046072  -  ResidentSetSize of job (KB)
...
006 (111515044.138.000) 04/26 00:44:37 Image size of job updated: 10836176
	10506  -  MemoryUsage of job (MB)
	10758124  -  ResidentSetSize of job (KB)
...
006 (111515044.138.000) 04/26 00:49:38 Image size of job updated: 11583464
	11236  -  MemoryUsage of job (MB)
	11505412  -  ResidentSetSize of job (KB)
...
006 (111515044.138.000) 04/26 00:54:38 Image size of job updated: 12328536
	11964  -  MemoryUsage of job (MB)
	12250484  -  ResidentSetSize of job (KB)
...
006 (111515044.138.000) 04/26 00:59:40 Image size of job updated: 13075296
	12693  -  MemoryUsage of job (MB)
	12997244  -  ResidentSetSize of job (KB)
...
006 (111515044.138.000) 04/26 01:04:40 Image size of job updated: 13783080
	13384  -  MemoryUsage of job (MB)
	13705028  -  ResidentSetSize of job (KB)
...
006 (111515044.138.000) 04/26 01:09:41 Image size of job updated: 14516764
	14101  -  MemoryUsage of job (MB)
	14438712  -  ResidentSetSize of job (KB)
...
006 (111515044.138.000) 04/26 01:14:41 Image size of job updated: 15200696
	14769  -  MemoryUsage of job (MB)
	15122644  -  ResidentSetSize of job (KB)
...
006 (111515044.138.000) 04/26 01:19:42 Image size of job updated: 15968684
	15519  -  MemoryUsage of job (MB)
	15890632  -  ResidentSetSize of job (KB)
...
006 (111515044.138.000) 04/26 01:24:43 Image size of job updated: 16713856
	16246  -  MemoryUsage of job (MB)
	16635804  -  ResidentSetSize of job (KB)
...
006 (111515044.138.000) 04/26 01:29:43 Image size of job updated: 17475660
	16990  -  MemoryUsage of job (MB)
	17397100  -  ResidentSetSize of job (KB)
...
006 (111515044.138.000) 04/26 01:34:45 Image size of job updated: 18162192
	17659  -  MemoryUsage of job (MB)
	18082432  -  ResidentSetSize of job (KB)
...
006 (111515044.138.000) 04/26 01:39:45 Image size of job updated: 18855896
	18335  -  MemoryUsage of job (MB)
	18774308  -  ResidentSetSize of job (KB)
...
006 (111515044.138.000) 04/26 01:44:46 Image size of job updated: 19673932
	19118  -  MemoryUsage of job (MB)
	19576240  -  ResidentSetSize of job (KB)
...
006 (111515044.138.000) 04/26 01:49:47 Image size of job updated: 20359416
	19752  -  MemoryUsage of job (MB)
	20225736  -  ResidentSetSize of job (KB)
...
006 (111515044.138.000) 04/26 01:54:47 Image size of job updated: 21038960
	20313  -  MemoryUsage of job (MB)
	20800004  -  ResidentSetSize of job (KB)
...
006 (111515044.138.000) 04/26 01:59:48 Image size of job updated: 21196656
	20354  -  MemoryUsage of job (MB)
	20841740  -  ResidentSetSize of job (KB)
...
006 (111515044.138.000) 04/26 02:04:48 Image size of job updated: 21495216
	20406  -  MemoryUsage of job (MB)
	20894912  -  ResidentSetSize of job (KB)
...
006 (111515044.138.000) 04/26 02:09:48 Image size of job updated: 21745988
	20422  -  MemoryUsage of job (MB)
	20911348  -  ResidentSetSize of job (KB)
...
006 (111515044.138.000) 04/26 02:14:49 Image size of job updated: 22112856
	20430  -  MemoryUsage of job (MB)
	20919868  -  ResidentSetSize of job (KB)
...
006 (111515044.138.000) 04/26 02:19:50 Image size of job updated: 22727368
	20452  -  MemoryUsage of job (MB)
	20941920  -  ResidentSetSize of job (KB)
...
006 (111515044.138.000) 04/26 02:24:50 Image size of job updated: 23271848
	20452  -  MemoryUsage of job (MB)
	20941920  -  ResidentSetSize of job (KB)
...
005 (111515044.138.000) 04/26 02:25:35 Job terminated.
	(1) Normal termination (return value 0)
		Usr 0 02:33:01, Sys 0 00:02:42  -  Run Remote Usage
		Usr 0 00:00:00, Sys 0 00:00:00  -  Run Local Usage
		Usr 0 02:33:01, Sys 0 00:02:42  -  Total Remote Usage
		Usr 0 00:00:00, Sys 0 00:00:00  -  Total Local Usage
	24637424  -  Run Bytes Sent By Job
	1780295552  -  Run Bytes Received By Job
	24637424  -  Total Bytes Sent By Job
	1780295552  -  Total Bytes Received By Job
	Partitionable Resources :      Usage  Request Allocated 
	   Cpus                 :       0.99        1         1 
	   Disk (KB)            : 6853790    20971520  21286404 
	   Ioheavy              :                             0 
	   Memory (MB)          :   20452       20480     20480 
...
