000 (111515044.169.000) 04/25 20:20:11 Job submitted from host: <128.104.100.44:9618?addrs=128.104.100.44-9618+[2607-f388-107c-501-90e2-baff-fe2c-2724]-9618&noUDP&sock=4699_0235_3>
...
001 (111515044.169.000) 04/25 23:53:09 Job executing on host: <128.105.245.173:9618?addrs=128.105.245.173-9618&noUDP&sock=5466_ccc1_3>
...
006 (111515044.169.000) 04/25 23:53:18 Image size of job updated: 632
	1  -  MemoryUsage of job (MB)
	632  -  ResidentSetSize of job (KB)
...
006 (111515044.169.000) 04/25 23:58:20 Image size of job updated: 672
	1  -  MemoryUsage of job (MB)
	672  -  ResidentSetSize of job (KB)
...
006 (111515044.169.000) 04/26 00:03:20 Image size of job updated: 430656
	345  -  MemoryUsage of job (MB)
	352660  -  ResidentSetSize of job (KB)
...
006 (111515044.169.000) 04/26 00:08:21 Image size of job updated: 843780
	748  -  MemoryUsage of job (MB)
	765728  -  ResidentSetSize of job (KB)
...
006 (111515044.169.000) 04/26 00:13:21 Image size of job updated: 1293980
	1188  -  MemoryUsage of job (MB)
	1215928  -  ResidentSetSize of job (KB)
...
006 (111515044.169.000) 04/26 00:18:21 Image size of job updated: 1884044
	1764  -  MemoryUsage of job (MB)
	1805992  -  ResidentSetSize of job (KB)
...
006 (111515044.169.000) 04/26 00:23:22 Image size of job updated: 2576228
	2440  -  MemoryUsage of job (MB)
	2498176  -  ResidentSetSize of job (KB)
...
006 (111515044.169.000) 04/26 00:28:22 Image size of job updated: 3320216
	3167  -  MemoryUsage of job (MB)
	3242164  -  ResidentSetSize of job (KB)
...
006 (111515044.169.000) 04/26 00:33:23 Image size of job updated: 4120608
	3948  -  MemoryUsage of job (MB)
	4042556  -  ResidentSetSize of job (KB)
...
006 (111515044.169.000) 04/26 00:38:23 Image size of job updated: 4798092
	4610  -  MemoryUsage of job (MB)
	4720040  -  ResidentSetSize of job (KB)
...
006 (111515044.169.000) 04/26 00:43:24 Image size of job updated: 5713980
	5504  -  MemoryUsage of job (MB)
	5635928  -  ResidentSetSize of job (KB)
...
006 (111515044.169.000) 04/26 00:48:24 Image size of job updated: 6461492
	6234  -  MemoryUsage of job (MB)
	6383440  -  ResidentSetSize of job (KB)
...
006 (111515044.169.000) 04/26 00:53:24 Image size of job updated: 7308040
	7061  -  MemoryUsage of job (MB)
	7229988  -  ResidentSetSize of job (KB)
...
006 (111515044.169.000) 04/26 00:58:24 Image size of job updated: 8115068
	7849  -  MemoryUsage of job (MB)
	8037016  -  ResidentSetSize of job (KB)
...
006 (111515044.169.000) 04/26 01:03:26 Image size of job updated: 8988392
	8702  -  MemoryUsage of job (MB)
	8910340  -  ResidentSetSize of job (KB)
...
006 (111515044.169.000) 04/26 01:08:26 Image size of job updated: 9596132
	9295  -  MemoryUsage of job (MB)
	9518080  -  ResidentSetSize of job (KB)
...
006 (111515044.169.000) 04/26 01:13:27 Image size of job updated: 10187052
	9873  -  MemoryUsage of job (MB)
	10109000  -  ResidentSetSize of job (KB)
...
006 (111515044.169.000) 04/26 01:18:27 Image size of job updated: 10730708
	10403  -  MemoryUsage of job (MB)
	10652656  -  ResidentSetSize of job (KB)
...
006 (111515044.169.000) 04/26 01:23:28 Image size of job updated: 11271072
	10931  -  MemoryUsage of job (MB)
	11193020  -  ResidentSetSize of job (KB)
...
006 (111515044.169.000) 04/26 01:28:28 Image size of job updated: 11902844
	11548  -  MemoryUsage of job (MB)
	11824792  -  ResidentSetSize of job (KB)
...
006 (111515044.169.000) 04/26 01:33:29 Image size of job updated: 12510016
	12141  -  MemoryUsage of job (MB)
	12431964  -  ResidentSetSize of job (KB)
...
006 (111515044.169.000) 04/26 01:38:29 Image size of job updated: 13130688
	12747  -  MemoryUsage of job (MB)
	13052636  -  ResidentSetSize of job (KB)
...
006 (111515044.169.000) 04/26 01:43:30 Image size of job updated: 13607388
	13213  -  MemoryUsage of job (MB)
	13529336  -  ResidentSetSize of job (KB)
...
006 (111515044.169.000) 04/26 01:48:31 Image size of job updated: 14280816
	13870  -  MemoryUsage of job (MB)
	14202764  -  ResidentSetSize of job (KB)
...
006 (111515044.169.000) 04/26 01:53:31 Image size of job updated: 14983100
	14556  -  MemoryUsage of job (MB)
	14905048  -  ResidentSetSize of job (KB)
...
006 (111515044.169.000) 04/26 01:58:32 Image size of job updated: 15550436
	15110  -  MemoryUsage of job (MB)
	15472068  -  ResidentSetSize of job (KB)
...
006 (111515044.169.000) 04/26 02:03:33 Image size of job updated: 16206500
	15750  -  MemoryUsage of job (MB)
	16127100  -  ResidentSetSize of job (KB)
...
006 (111515044.169.000) 04/26 02:08:33 Image size of job updated: 16758272
	16288  -  MemoryUsage of job (MB)
	16678748  -  ResidentSetSize of job (KB)
...
006 (111515044.169.000) 04/26 02:13:35 Image size of job updated: 17371400
	16887  -  MemoryUsage of job (MB)
	17291976  -  ResidentSetSize of job (KB)
...
006 (111515044.169.000) 04/26 02:18:35 Image size of job updated: 18036852
	17535  -  MemoryUsage of job (MB)
	17955568  -  ResidentSetSize of job (KB)
...
006 (111515044.169.000) 04/26 02:23:36 Image size of job updated: 18813268
	18289  -  MemoryUsage of job (MB)
	18727576  -  ResidentSetSize of job (KB)
...
006 (111515044.169.000) 04/26 02:28:36 Image size of job updated: 19457952
	18906  -  MemoryUsage of job (MB)
	19358976  -  ResidentSetSize of job (KB)
...
006 (111515044.169.000) 04/26 02:33:36 Image size of job updated: 20069640
	19489  -  MemoryUsage of job (MB)
	19955820  -  ResidentSetSize of job (KB)
...
006 (111515044.169.000) 04/26 02:38:37 Image size of job updated: 20601968
	19976  -  MemoryUsage of job (MB)
	20454492  -  ResidentSetSize of job (KB)
...
006 (111515044.169.000) 04/26 02:43:38 Image size of job updated: 21196760
	20402  -  MemoryUsage of job (MB)
	20890820  -  ResidentSetSize of job (KB)
...
006 (111515044.169.000) 04/26 02:48:38 Image size of job updated: 21760796
	20448  -  MemoryUsage of job (MB)
	20938584  -  ResidentSetSize of job (KB)
...
006 (111515044.169.000) 04/26 02:53:39 Image size of job updated: 22265116
	20448  -  MemoryUsage of job (MB)
	20938584  -  ResidentSetSize of job (KB)
...
006 (111515044.169.000) 04/26 02:58:39 Image size of job updated: 22914992
	20448  -  MemoryUsage of job (MB)
	20938584  -  ResidentSetSize of job (KB)
...
006 (111515044.169.000) 04/26 03:00:53 Image size of job updated: 23737620
	20448  -  MemoryUsage of job (MB)
	20938584  -  ResidentSetSize of job (KB)
...
005 (111515044.169.000) 04/26 03:00:55 Job terminated.
	(1) Normal termination (return value 0)
		Usr 0 02:31:18, Sys 0 00:02:35  -  Run Remote Usage
		Usr 0 00:00:00, Sys 0 00:00:00  -  Run Local Usage
		Usr 0 02:31:18, Sys 0 00:02:35  -  Total Remote Usage
		Usr 0 00:00:00, Sys 0 00:00:00  -  Total Local Usage
	24451808  -  Run Bytes Sent By Job
	1780295552  -  Run Bytes Received By Job
	24451808  -  Total Bytes Sent By Job
	1780295552  -  Total Bytes Received By Job
	Partitionable Resources :      Usage  Request Allocated 
	   Cpus                 :       0.48        1         1 
	   Disk (KB)            : 6853609    20971520  21382256 
	   Ioheavy              :                             0 
	   Memory (MB)          :   20448       20480     20480 
...
