000 (111472063.182.000) 04/24 11:52:22 Job submitted from host: <128.104.100.44:9618?addrs=128.104.100.44-9618+[2607-f388-107c-501-90e2-baff-fe2c-2724]-9618&noUDP&sock=4699_0235_3>
...
001 (111472063.182.000) 04/24 23:02:50 Job executing on host: <128.105.245.157:9618?addrs=128.105.245.157-9618&noUDP&sock=5433_2a21_29>
...
006 (111472063.182.000) 04/24 23:02:59 Image size of job updated: 616
	1  -  MemoryUsage of job (MB)
	616  -  ResidentSetSize of job (KB)
...
006 (111472063.182.000) 04/24 23:08:00 Image size of job updated: 624
	1  -  MemoryUsage of job (MB)
	624  -  ResidentSetSize of job (KB)
...
006 (111472063.182.000) 04/24 23:13:00 Image size of job updated: 628
	1  -  MemoryUsage of job (MB)
	628  -  ResidentSetSize of job (KB)
...
006 (111472063.182.000) 04/24 23:18:01 Image size of job updated: 648
	1  -  MemoryUsage of job (MB)
	648  -  ResidentSetSize of job (KB)
...
006 (111472063.182.000) 04/24 23:38:03 Image size of job updated: 652
	1  -  MemoryUsage of job (MB)
	652  -  ResidentSetSize of job (KB)
...
006 (111472063.182.000) 04/24 23:43:08 Image size of job updated: 656
	1  -  MemoryUsage of job (MB)
	656  -  ResidentSetSize of job (KB)
...
006 (111472063.182.000) 04/24 23:48:04 Image size of job updated: 660
	1  -  MemoryUsage of job (MB)
	660  -  ResidentSetSize of job (KB)
...
006 (111472063.182.000) 04/24 23:53:04 Image size of job updated: 664
	1  -  MemoryUsage of job (MB)
	664  -  ResidentSetSize of job (KB)
...
006 (111472063.182.000) 04/25 00:03:05 Image size of job updated: 289852
	207  -  MemoryUsage of job (MB)
	211856  -  ResidentSetSize of job (KB)
...
006 (111472063.182.000) 04/25 00:08:04 Image size of job updated: 516976
	429  -  MemoryUsage of job (MB)
	438980  -  ResidentSetSize of job (KB)
...
006 (111472063.182.000) 04/25 00:13:04 Image size of job updated: 981800
	883  -  MemoryUsage of job (MB)
	903748  -  ResidentSetSize of job (KB)
...
006 (111472063.182.000) 04/25 00:18:05 Image size of job updated: 1372944
	1265  -  MemoryUsage of job (MB)
	1294892  -  ResidentSetSize of job (KB)
...
006 (111472063.182.000) 04/25 00:23:05 Image size of job updated: 2069676
	1945  -  MemoryUsage of job (MB)
	1991624  -  ResidentSetSize of job (KB)
...
006 (111472063.182.000) 04/25 00:28:06 Image size of job updated: 2712872
	2574  -  MemoryUsage of job (MB)
	2634820  -  ResidentSetSize of job (KB)
...
006 (111472063.182.000) 04/25 00:33:10 Image size of job updated: 3310292
	3157  -  MemoryUsage of job (MB)
	3232240  -  ResidentSetSize of job (KB)
...
006 (111472063.182.000) 04/25 00:38:07 Image size of job updated: 4070216
	3899  -  MemoryUsage of job (MB)
	3992164  -  ResidentSetSize of job (KB)
...
006 (111472063.182.000) 04/25 00:43:08 Image size of job updated: 4952916
	4761  -  MemoryUsage of job (MB)
	4874864  -  ResidentSetSize of job (KB)
...
006 (111472063.182.000) 04/25 00:48:08 Image size of job updated: 5921844
	5707  -  MemoryUsage of job (MB)
	5843792  -  ResidentSetSize of job (KB)
...
006 (111472063.182.000) 04/25 00:53:09 Image size of job updated: 6754356
	6520  -  MemoryUsage of job (MB)
	6676304  -  ResidentSetSize of job (KB)
...
006 (111472063.182.000) 04/25 00:58:10 Image size of job updated: 7579912
	7327  -  MemoryUsage of job (MB)
	7501860  -  ResidentSetSize of job (KB)
...
006 (111472063.182.000) 04/25 01:03:10 Image size of job updated: 8403864
	8131  -  MemoryUsage of job (MB)
	8325812  -  ResidentSetSize of job (KB)
...
006 (111472063.182.000) 04/25 01:08:10 Image size of job updated: 9226804
	8935  -  MemoryUsage of job (MB)
	9148752  -  ResidentSetSize of job (KB)
...
006 (111472063.182.000) 04/25 01:13:12 Image size of job updated: 9860956
	9554  -  MemoryUsage of job (MB)
	9782904  -  ResidentSetSize of job (KB)
...
006 (111472063.182.000) 04/25 01:18:12 Image size of job updated: 10396940
	10078  -  MemoryUsage of job (MB)
	10318888  -  ResidentSetSize of job (KB)
...
006 (111472063.182.000) 04/25 01:23:12 Image size of job updated: 10737548
	10410  -  MemoryUsage of job (MB)
	10659496  -  ResidentSetSize of job (KB)
...
006 (111472063.182.000) 04/25 01:28:12 Image size of job updated: 11100368
	10764  -  MemoryUsage of job (MB)
	11022316  -  ResidentSetSize of job (KB)
...
006 (111472063.182.000) 04/25 01:33:16 Image size of job updated: 11361504
	11019  -  MemoryUsage of job (MB)
	11283452  -  ResidentSetSize of job (KB)
...
006 (111472063.182.000) 04/25 01:38:15 Image size of job updated: 11741300
	11390  -  MemoryUsage of job (MB)
	11663248  -  ResidentSetSize of job (KB)
...
006 (111472063.182.000) 04/25 01:43:15 Image size of job updated: 12177844
	11817  -  MemoryUsage of job (MB)
	12099792  -  ResidentSetSize of job (KB)
...
006 (111472063.182.000) 04/25 01:48:16 Image size of job updated: 12824984
	12449  -  MemoryUsage of job (MB)
	12746932  -  ResidentSetSize of job (KB)
...
006 (111472063.182.000) 04/25 01:53:16 Image size of job updated: 13636172
	13241  -  MemoryUsage of job (MB)
	13558120  -  ResidentSetSize of job (KB)
...
006 (111472063.182.000) 04/25 01:58:16 Image size of job updated: 14358416
	13946  -  MemoryUsage of job (MB)
	14280364  -  ResidentSetSize of job (KB)
...
006 (111472063.182.000) 04/25 02:03:17 Image size of job updated: 15061144
	14632  -  MemoryUsage of job (MB)
	14983092  -  ResidentSetSize of job (KB)
...
006 (111472063.182.000) 04/25 02:08:19 Image size of job updated: 15872400
	15425  -  MemoryUsage of job (MB)
	15794348  -  ResidentSetSize of job (KB)
...
006 (111472063.182.000) 04/25 02:13:19 Image size of job updated: 16637660
	16172  -  MemoryUsage of job (MB)
	16559224  -  ResidentSetSize of job (KB)
...
006 (111472063.182.000) 04/25 02:18:19 Image size of job updated: 17350428
	16867  -  MemoryUsage of job (MB)
	17270840  -  ResidentSetSize of job (KB)
...
006 (111472063.182.000) 04/25 02:23:21 Image size of job updated: 18206752
	17700  -  MemoryUsage of job (MB)
	18124332  -  ResidentSetSize of job (KB)
...
006 (111472063.182.000) 04/25 02:28:21 Image size of job updated: 18926528
	18397  -  MemoryUsage of job (MB)
	18838060  -  ResidentSetSize of job (KB)
...
006 (111472063.182.000) 04/25 02:33:22 Image size of job updated: 19471360
	18921  -  MemoryUsage of job (MB)
	19375032  -  ResidentSetSize of job (KB)
...
006 (111472063.182.000) 04/25 02:38:23 Image size of job updated: 19828484
	19266  -  MemoryUsage of job (MB)
	19728192  -  ResidentSetSize of job (KB)
...
006 (111472063.182.000) 04/25 02:43:24 Image size of job updated: 20124480
	19556  -  MemoryUsage of job (MB)
	20024328  -  ResidentSetSize of job (KB)
...
006 (111472063.182.000) 04/25 02:48:25 Image size of job updated: 20436528
	19855  -  MemoryUsage of job (MB)
	20330976  -  ResidentSetSize of job (KB)
...
006 (111472063.182.000) 04/25 02:53:25 Image size of job updated: 20609912
	20013  -  MemoryUsage of job (MB)
	20492600  -  ResidentSetSize of job (KB)
...
006 (111472063.182.000) 04/25 02:58:26 Image size of job updated: 20924504
	20282  -  MemoryUsage of job (MB)
	20768252  -  ResidentSetSize of job (KB)
...
006 (111472063.182.000) 04/25 03:03:29 Image size of job updated: 21096844
	20415  -  MemoryUsage of job (MB)
	20904120  -  ResidentSetSize of job (KB)
...
006 (111472063.182.000) 04/25 03:08:37 Image size of job updated: 21157148
	20420  -  MemoryUsage of job (MB)
	20909344  -  ResidentSetSize of job (KB)
...
006 (111472063.182.000) 04/25 03:13:27 Image size of job updated: 21252552
	20433  -  MemoryUsage of job (MB)
	20922504  -  ResidentSetSize of job (KB)
...
006 (111472063.182.000) 04/25 03:18:27 Image size of job updated: 21502064
	20444  -  MemoryUsage of job (MB)
	20934140  -  ResidentSetSize of job (KB)
...
006 (111472063.182.000) 04/25 03:23:27 Image size of job updated: 21770916
	20454  -  MemoryUsage of job (MB)
	20944404  -  ResidentSetSize of job (KB)
...
006 (111472063.182.000) 04/25 03:28:28 Image size of job updated: 22149944
	20454  -  MemoryUsage of job (MB)
	20944404  -  ResidentSetSize of job (KB)
...
006 (111472063.182.000) 04/25 03:33:28 Image size of job updated: 22628744
	20454  -  MemoryUsage of job (MB)
	20944404  -  ResidentSetSize of job (KB)
...
006 (111472063.182.000) 04/25 03:38:28 Image size of job updated: 23098812
	20454  -  MemoryUsage of job (MB)
	20944404  -  ResidentSetSize of job (KB)
...
005 (111472063.182.000) 04/25 03:38:59 Job terminated.
	(1) Normal termination (return value 0)
		Usr 0 02:06:41, Sys 0 00:02:14  -  Run Remote Usage
		Usr 0 00:00:00, Sys 0 00:00:00  -  Run Local Usage
		Usr 0 02:06:41, Sys 0 00:02:14  -  Total Remote Usage
		Usr 0 00:00:00, Sys 0 00:00:00  -  Total Local Usage
	25111856  -  Run Bytes Sent By Job
	1780295552  -  Run Bytes Received By Job
	25111856  -  Total Bytes Sent By Job
	1780295552  -  Total Bytes Received By Job
	Partitionable Resources :      Usage  Request Allocated 
	   Cpus                 :       0.00        1         1 
	   Disk (KB)            : 6854254    20971520  21452741 
	   Ioheavy              :                             0 
	   Memory (MB)          :   20454       20480     20480 
...
