000 (111367109.149.000) 04/22 22:38:18 Job submitted from host: <128.104.100.44:9618?addrs=128.104.100.44-9618+[2607-f388-107c-501-90e2-baff-fe2c-2724]-9618&noUDP&sock=1497440_afb9_3>
...
001 (111367109.149.000) 04/23 06:45:02 Job executing on host: <128.105.245.133:9618?addrs=128.105.245.133-9618&noUDP&sock=5404_45e2_16>
...
006 (111367109.149.000) 04/23 06:45:11 Image size of job updated: 628
	1  -  MemoryUsage of job (MB)
	628  -  ResidentSetSize of job (KB)
...
006 (111367109.149.000) 04/23 06:50:12 Image size of job updated: 656
	1  -  MemoryUsage of job (MB)
	656  -  ResidentSetSize of job (KB)
...
006 (111367109.149.000) 04/23 06:55:13 Image size of job updated: 421212
	336  -  MemoryUsage of job (MB)
	343216  -  ResidentSetSize of job (KB)
...
006 (111367109.149.000) 04/23 07:00:14 Image size of job updated: 1032892
	933  -  MemoryUsage of job (MB)
	954840  -  ResidentSetSize of job (KB)
...
006 (111367109.149.000) 04/23 07:05:15 Image size of job updated: 1807460
	1689  -  MemoryUsage of job (MB)
	1729408  -  ResidentSetSize of job (KB)
...
006 (111367109.149.000) 04/23 07:10:15 Image size of job updated: 2640048
	2502  -  MemoryUsage of job (MB)
	2561996  -  ResidentSetSize of job (KB)
...
006 (111367109.149.000) 04/23 07:15:15 Image size of job updated: 3801504
	3637  -  MemoryUsage of job (MB)
	3723452  -  ResidentSetSize of job (KB)
...
006 (111367109.149.000) 04/23 07:20:15 Image size of job updated: 4958696
	4767  -  MemoryUsage of job (MB)
	4880644  -  ResidentSetSize of job (KB)
...
006 (111367109.149.000) 04/23 07:25:16 Image size of job updated: 5788200
	5577  -  MemoryUsage of job (MB)
	5710148  -  ResidentSetSize of job (KB)
...
006 (111367109.149.000) 04/23 07:30:18 Image size of job updated: 6504408
	6276  -  MemoryUsage of job (MB)
	6426356  -  ResidentSetSize of job (KB)
...
006 (111367109.149.000) 04/23 07:35:18 Image size of job updated: 7101980
	6860  -  MemoryUsage of job (MB)
	7023928  -  ResidentSetSize of job (KB)
...
006 (111367109.149.000) 04/23 07:40:18 Image size of job updated: 7429700
	7180  -  MemoryUsage of job (MB)
	7351648  -  ResidentSetSize of job (KB)
...
006 (111367109.149.000) 04/23 07:45:19 Image size of job updated: 7790872
	7533  -  MemoryUsage of job (MB)
	7712820  -  ResidentSetSize of job (KB)
...
006 (111367109.149.000) 04/23 07:50:18 Image size of job updated: 8138860
	7872  -  MemoryUsage of job (MB)
	8060808  -  ResidentSetSize of job (KB)
...
006 (111367109.149.000) 04/23 07:55:19 Image size of job updated: 8278752
	8009  -  MemoryUsage of job (MB)
	8200700  -  ResidentSetSize of job (KB)
...
006 (111367109.149.000) 04/23 08:00:19 Image size of job updated: 8513508
	8238  -  MemoryUsage of job (MB)
	8435456  -  ResidentSetSize of job (KB)
...
006 (111367109.149.000) 04/23 08:05:20 Image size of job updated: 8842264
	8559  -  MemoryUsage of job (MB)
	8764212  -  ResidentSetSize of job (KB)
...
006 (111367109.149.000) 04/23 08:10:21 Image size of job updated: 9212776
	8921  -  MemoryUsage of job (MB)
	9134724  -  ResidentSetSize of job (KB)
...
006 (111367109.149.000) 04/23 08:15:22 Image size of job updated: 10099180
	9787  -  MemoryUsage of job (MB)
	10021128  -  ResidentSetSize of job (KB)
...
006 (111367109.149.000) 04/23 08:20:23 Image size of job updated: 10913120
	10582  -  MemoryUsage of job (MB)
	10835068  -  ResidentSetSize of job (KB)
...
006 (111367109.149.000) 04/23 08:25:22 Image size of job updated: 11682328
	11333  -  MemoryUsage of job (MB)
	11604276  -  ResidentSetSize of job (KB)
...
006 (111367109.149.000) 04/23 08:30:22 Image size of job updated: 12463512
	12096  -  MemoryUsage of job (MB)
	12385460  -  ResidentSetSize of job (KB)
...
006 (111367109.149.000) 04/23 08:35:22 Image size of job updated: 12948936
	12570  -  MemoryUsage of job (MB)
	12870884  -  ResidentSetSize of job (KB)
...
006 (111367109.149.000) 04/23 08:40:24 Image size of job updated: 13207136
	12822  -  MemoryUsage of job (MB)
	13129084  -  ResidentSetSize of job (KB)
...
006 (111367109.149.000) 04/23 08:45:24 Image size of job updated: 13458924
	13068  -  MemoryUsage of job (MB)
	13380872  -  ResidentSetSize of job (KB)
...
006 (111367109.149.000) 04/23 08:50:24 Image size of job updated: 13793076
	13394  -  MemoryUsage of job (MB)
	13715024  -  ResidentSetSize of job (KB)
...
006 (111367109.149.000) 04/23 08:55:25 Image size of job updated: 13938300
	13536  -  MemoryUsage of job (MB)
	13860248  -  ResidentSetSize of job (KB)
...
006 (111367109.149.000) 04/23 09:00:26 Image size of job updated: 14323200
	13912  -  MemoryUsage of job (MB)
	14245148  -  ResidentSetSize of job (KB)
...
006 (111367109.149.000) 04/23 09:05:27 Image size of job updated: 14728908
	14308  -  MemoryUsage of job (MB)
	14650856  -  ResidentSetSize of job (KB)
...
006 (111367109.149.000) 04/23 09:10:27 Image size of job updated: 15360380
	14925  -  MemoryUsage of job (MB)
	15282328  -  ResidentSetSize of job (KB)
...
006 (111367109.149.000) 04/23 09:15:27 Image size of job updated: 16025472
	15574  -  MemoryUsage of job (MB)
	15947420  -  ResidentSetSize of job (KB)
...
006 (111367109.149.000) 04/23 09:20:27 Image size of job updated: 16606508
	16142  -  MemoryUsage of job (MB)
	16528456  -  ResidentSetSize of job (KB)
...
