000 (111515044.050.000) 04/25 20:20:11 Job submitted from host: <128.104.100.44:9618?addrs=128.104.100.44-9618+[2607-f388-107c-501-90e2-baff-fe2c-2724]-9618&noUDP&sock=4699_0235_3>
...
001 (111515044.050.000) 04/25 21:11:57 Job executing on host: <128.105.245.245:9618?addrs=128.105.245.245-9618&noUDP&sock=2805_933e_3>
...
006 (111515044.050.000) 04/25 21:12:06 Image size of job updated: 632
	1  -  MemoryUsage of job (MB)
	632  -  ResidentSetSize of job (KB)
...
006 (111515044.050.000) 04/25 21:17:08 Image size of job updated: 293032
	210  -  MemoryUsage of job (MB)
	215036  -  ResidentSetSize of job (KB)
...
006 (111515044.050.000) 04/25 21:22:08 Image size of job updated: 651328
	560  -  MemoryUsage of job (MB)
	573332  -  ResidentSetSize of job (KB)
...
006 (111515044.050.000) 04/25 21:27:09 Image size of job updated: 1119220
	1017  -  MemoryUsage of job (MB)
	1041168  -  ResidentSetSize of job (KB)
...
006 (111515044.050.000) 04/25 21:32:10 Image size of job updated: 1672672
	1558  -  MemoryUsage of job (MB)
	1594620  -  ResidentSetSize of job (KB)
...
006 (111515044.050.000) 04/25 21:37:10 Image size of job updated: 2245448
	2117  -  MemoryUsage of job (MB)
	2167396  -  ResidentSetSize of job (KB)
...
006 (111515044.050.000) 04/25 21:42:10 Image size of job updated: 2991516
	2846  -  MemoryUsage of job (MB)
	2913464  -  ResidentSetSize of job (KB)
...
006 (111515044.050.000) 04/25 21:47:10 Image size of job updated: 3881060
	3714  -  MemoryUsage of job (MB)
	3803008  -  ResidentSetSize of job (KB)
...
006 (111515044.050.000) 04/25 21:52:10 Image size of job updated: 4800400
	4612  -  MemoryUsage of job (MB)
	4722348  -  ResidentSetSize of job (KB)
...
006 (111515044.050.000) 04/25 21:57:10 Image size of job updated: 5727048
	5517  -  MemoryUsage of job (MB)
	5648996  -  ResidentSetSize of job (KB)
...
006 (111515044.050.000) 04/25 22:02:10 Image size of job updated: 6568076
	6338  -  MemoryUsage of job (MB)
	6490024  -  ResidentSetSize of job (KB)
...
006 (111515044.050.000) 04/25 22:07:11 Image size of job updated: 7386692
	7138  -  MemoryUsage of job (MB)
	7308640  -  ResidentSetSize of job (KB)
...
006 (111515044.050.000) 04/25 22:12:11 Image size of job updated: 8204684
	7937  -  MemoryUsage of job (MB)
	8126632  -  ResidentSetSize of job (KB)
...
006 (111515044.050.000) 04/25 22:17:11 Image size of job updated: 8895416
	8611  -  MemoryUsage of job (MB)
	8817364  -  ResidentSetSize of job (KB)
...
006 (111515044.050.000) 04/25 22:22:12 Image size of job updated: 9514628
	9216  -  MemoryUsage of job (MB)
	9436576  -  ResidentSetSize of job (KB)
...
006 (111515044.050.000) 04/25 22:27:13 Image size of job updated: 10244428
	9929  -  MemoryUsage of job (MB)
	10166376  -  ResidentSetSize of job (KB)
...
006 (111515044.050.000) 04/25 22:32:13 Image size of job updated: 10944240
	10612  -  MemoryUsage of job (MB)
	10866188  -  ResidentSetSize of job (KB)
...
006 (111515044.050.000) 04/25 22:37:14 Image size of job updated: 11509856
	11164  -  MemoryUsage of job (MB)
	11431804  -  ResidentSetSize of job (KB)
...
006 (111515044.050.000) 04/25 22:42:14 Image size of job updated: 11996408
	11640  -  MemoryUsage of job (MB)
	11918356  -  ResidentSetSize of job (KB)
...
006 (111515044.050.000) 04/25 22:47:15 Image size of job updated: 12415068
	12048  -  MemoryUsage of job (MB)
	12337016  -  ResidentSetSize of job (KB)
...
006 (111515044.050.000) 04/25 22:52:16 Image size of job updated: 12827904
	12452  -  MemoryUsage of job (MB)
	12749852  -  ResidentSetSize of job (KB)
...
006 (111515044.050.000) 04/25 22:57:16 Image size of job updated: 13470736
	13079  -  MemoryUsage of job (MB)
	13392684  -  ResidentSetSize of job (KB)
...
006 (111515044.050.000) 04/25 23:02:16 Image size of job updated: 14028880
	13624  -  MemoryUsage of job (MB)
	13950828  -  ResidentSetSize of job (KB)
...
006 (111515044.050.000) 04/25 23:07:16 Image size of job updated: 14614836
	14197  -  MemoryUsage of job (MB)
	14536784  -  ResidentSetSize of job (KB)
...
006 (111515044.050.000) 04/25 23:12:17 Image size of job updated: 15236788
	14802  -  MemoryUsage of job (MB)
	15157152  -  ResidentSetSize of job (KB)
...
006 (111515044.050.000) 04/25 23:17:18 Image size of job updated: 15845816
	15392  -  MemoryUsage of job (MB)
	15760632  -  ResidentSetSize of job (KB)
...
006 (111515044.050.000) 04/25 23:22:19 Image size of job updated: 16357836
	15886  -  MemoryUsage of job (MB)
	16266304  -  ResidentSetSize of job (KB)
...
006 (111515044.050.000) 04/25 23:27:20 Image size of job updated: 16788332
	16298  -  MemoryUsage of job (MB)
	16688188  -  ResidentSetSize of job (KB)
...
006 (111515044.050.000) 04/25 23:32:19 Image size of job updated: 17398056
	16883  -  MemoryUsage of job (MB)
	17287424  -  ResidentSetSize of job (KB)
...
006 (111515044.050.000) 04/25 23:37:21 Image size of job updated: 18015592
	17467  -  MemoryUsage of job (MB)
	17885424  -  ResidentSetSize of job (KB)
...
006 (111515044.050.000) 04/25 23:42:21 Image size of job updated: 18619668
	18033  -  MemoryUsage of job (MB)
	18465476  -  ResidentSetSize of job (KB)
...
006 (111515044.050.000) 04/25 23:47:22 Image size of job updated: 19228936
	18600  -  MemoryUsage of job (MB)
	19046092  -  ResidentSetSize of job (KB)
...
006 (111515044.050.000) 04/25 23:52:23 Image size of job updated: 19949700
	19239  -  MemoryUsage of job (MB)
	19700380  -  ResidentSetSize of job (KB)
...
006 (111515044.050.000) 04/25 23:57:30 Image size of job updated: 20568148
	19740  -  MemoryUsage of job (MB)
	20213112  -  ResidentSetSize of job (KB)
...
006 (111515044.050.000) 04/26 00:02:25 Image size of job updated: 21256188
	20336  -  MemoryUsage of job (MB)
	20823136  -  ResidentSetSize of job (KB)
...
006 (111515044.050.000) 04/26 00:07:26 Image size of job updated: 21770076
	20445  -  MemoryUsage of job (MB)
	20935408  -  ResidentSetSize of job (KB)
...
006 (111515044.050.000) 04/26 00:12:26 Image size of job updated: 22224808
	20448  -  MemoryUsage of job (MB)
	20938748  -  ResidentSetSize of job (KB)
...
006 (111515044.050.000) 04/26 00:17:27 Image size of job updated: 22665688
	20448  -  MemoryUsage of job (MB)
	20938748  -  ResidentSetSize of job (KB)
...
006 (111515044.050.000) 04/26 00:22:32 Image size of job updated: 23041752
	20448  -  MemoryUsage of job (MB)
	20938748  -  ResidentSetSize of job (KB)
...
006 (111515044.050.000) 04/26 00:27:27 Image size of job updated: 23435936
	20448  -  MemoryUsage of job (MB)
	20938748  -  ResidentSetSize of job (KB)
...
006 (111515044.050.000) 04/26 00:32:28 Image size of job updated: 23888508
	20448  -  MemoryUsage of job (MB)
	20938748  -  ResidentSetSize of job (KB)
...
006 (111515044.050.000) 04/26 00:37:28 Image size of job updated: 24109960
	20461  -  MemoryUsage of job (MB)
	20951172  -  ResidentSetSize of job (KB)
...
006 (111515044.050.000) 04/26 00:42:28 Image size of job updated: 24267136
	20461  -  MemoryUsage of job (MB)
	20951172  -  ResidentSetSize of job (KB)
...
006 (111515044.050.000) 04/26 00:47:30 Image size of job updated: 24513544
	20461  -  MemoryUsage of job (MB)
	20951172  -  ResidentSetSize of job (KB)
...
006 (111515044.050.000) 04/26 00:52:30 Image size of job updated: 24681776
	20461  -  MemoryUsage of job (MB)
	20951172  -  ResidentSetSize of job (KB)
...
006 (111515044.050.000) 04/26 00:57:30 Image size of job updated: 24971236
	20461  -  MemoryUsage of job (MB)
	20951172  -  ResidentSetSize of job (KB)
...
006 (111515044.050.000) 04/26 01:02:31 Image size of job updated: 25371980
	20461  -  MemoryUsage of job (MB)
	20951172  -  ResidentSetSize of job (KB)
...
006 (111515044.050.000) 04/26 01:07:31 Image size of job updated: 25712936
	20461  -  MemoryUsage of job (MB)
	20951172  -  ResidentSetSize of job (KB)
...
006 (111515044.050.000) 04/26 01:07:57 Image size of job updated: 25718452
	20461  -  MemoryUsage of job (MB)
	20951172  -  ResidentSetSize of job (KB)
...
005 (111515044.050.000) 04/26 01:08:00 Job terminated.
	(1) Normal termination (return value 0)
		Usr 0 02:48:51, Sys 0 00:03:01  -  Run Remote Usage
		Usr 0 00:00:00, Sys 0 00:00:00  -  Run Local Usage
		Usr 0 02:48:51, Sys 0 00:03:01  -  Total Remote Usage
		Usr 0 00:00:00, Sys 0 00:00:00  -  Total Local Usage
	27940096  -  Run Bytes Sent By Job
	1780295552  -  Run Bytes Received By Job
	27940096  -  Total Bytes Sent By Job
	1780295552  -  Total Bytes Received By Job
	Partitionable Resources :      Usage  Request Allocated 
	   Cpus                 :       0.32        1         1 
	   Disk (KB)            : 6904134    20971520  21387705 
	   Ioheavy              :                             0 
	   Memory (MB)          :   20461       20480     20480 
...
