000 (112045438.167.000) 05/01 17:51:46 Job submitted from host: <128.104.100.44:9618?addrs=128.104.100.44-9618+[2607-f388-107c-501-90e2-baff-fe2c-2724]-9618&noUDP&sock=4699_0235_3>
...
001 (112045438.167.000) 05/02 03:05:17 Job executing on host: <128.105.245.225:9618?addrs=128.105.245.225-9618&noUDP&sock=19608_0919_26>
...
006 (112045438.167.000) 05/02 03:05:26 Image size of job updated: 636
	1  -  MemoryUsage of job (MB)
	636  -  ResidentSetSize of job (KB)
...
006 (112045438.167.000) 05/02 03:10:28 Image size of job updated: 660
	1  -  MemoryUsage of job (MB)
	660  -  ResidentSetSize of job (KB)
...
006 (112045438.167.000) 05/02 03:15:29 Image size of job updated: 301940
	219  -  MemoryUsage of job (MB)
	223948  -  ResidentSetSize of job (KB)
...
006 (112045438.167.000) 05/02 03:20:30 Image size of job updated: 662656
	571  -  MemoryUsage of job (MB)
	584664  -  ResidentSetSize of job (KB)
...
006 (112045438.167.000) 05/02 03:25:30 Image size of job updated: 1107776
	1006  -  MemoryUsage of job (MB)
	1029724  -  ResidentSetSize of job (KB)
...
006 (112045438.167.000) 05/02 03:30:32 Image size of job updated: 1715820
	1600  -  MemoryUsage of job (MB)
	1637768  -  ResidentSetSize of job (KB)
...
006 (112045438.167.000) 05/02 03:35:32 Image size of job updated: 2389440
	2258  -  MemoryUsage of job (MB)
	2311388  -  ResidentSetSize of job (KB)
...
006 (112045438.167.000) 05/02 03:40:32 Image size of job updated: 3149152
	3000  -  MemoryUsage of job (MB)
	3071100  -  ResidentSetSize of job (KB)
...
006 (112045438.167.000) 05/02 03:45:33 Image size of job updated: 3978432
	3809  -  MemoryUsage of job (MB)
	3900380  -  ResidentSetSize of job (KB)
...
006 (112045438.167.000) 05/02 03:50:34 Image size of job updated: 4822840
	4634  -  MemoryUsage of job (MB)
	4744788  -  ResidentSetSize of job (KB)
...
006 (112045438.167.000) 05/02 03:55:34 Image size of job updated: 5725388
	5515  -  MemoryUsage of job (MB)
	5647336  -  ResidentSetSize of job (KB)
...
006 (112045438.167.000) 05/02 04:00:36 Image size of job updated: 6526784
	6298  -  MemoryUsage of job (MB)
	6448732  -  ResidentSetSize of job (KB)
...
006 (112045438.167.000) 05/02 04:05:36 Image size of job updated: 7256024
	7010  -  MemoryUsage of job (MB)
	7177972  -  ResidentSetSize of job (KB)
...
006 (112045438.167.000) 05/02 04:10:36 Image size of job updated: 7951828
	7690  -  MemoryUsage of job (MB)
	7873776  -  ResidentSetSize of job (KB)
...
006 (112045438.167.000) 05/02 04:14:03 Image size of job updated: 9073164
	7692  -  MemoryUsage of job (MB)
	7876124  -  ResidentSetSize of job (KB)
...
005 (112045438.167.000) 05/02 04:14:04 Job terminated.
	(1) Normal termination (return value 0)
		Usr 0 00:57:23, Sys 0 00:00:56  -  Run Remote Usage
		Usr 0 00:00:00, Sys 0 00:00:00  -  Run Local Usage
		Usr 0 00:57:23, Sys 0 00:00:56  -  Total Remote Usage
		Usr 0 00:00:00, Sys 0 00:00:00  -  Total Local Usage
	10395996  -  Run Bytes Sent By Job
	1780294016  -  Run Bytes Received By Job
	10395996  -  Total Bytes Sent By Job
	1780294016  -  Total Bytes Received By Job
	Partitionable Resources :      Usage  Request Allocated 
	   Cpus                 :       0.99        1         1 
	   Disk (KB)            : 6875004    20971520  21348325 
	   Ioheavy              :                             0 
	   Memory (MB)          :    7692       20480     20480 
...
