000 (112045438.128.000) 05/01 17:51:46 Job submitted from host: <128.104.100.44:9618?addrs=128.104.100.44-9618+[2607-f388-107c-501-90e2-baff-fe2c-2724]-9618&noUDP&sock=4699_0235_3>
...
001 (112045438.128.000) 05/02 02:44:37 Job executing on host: <128.105.245.166:9618?addrs=128.105.245.166-9618&noUDP&sock=5434_d9ba_3>
...
006 (112045438.128.000) 05/02 02:44:46 Image size of job updated: 632
	1  -  MemoryUsage of job (MB)
	632  -  ResidentSetSize of job (KB)
...
006 (112045438.128.000) 05/02 02:49:48 Image size of job updated: 183268
	106  -  MemoryUsage of job (MB)
	108492  -  ResidentSetSize of job (KB)
...
006 (112045438.128.000) 05/02 02:54:48 Image size of job updated: 642068
	551  -  MemoryUsage of job (MB)
	564076  -  ResidentSetSize of job (KB)
...
006 (112045438.128.000) 05/02 02:59:50 Image size of job updated: 1101184
	1000  -  MemoryUsage of job (MB)
	1023132  -  ResidentSetSize of job (KB)
...
006 (112045438.128.000) 05/02 03:04:50 Image size of job updated: 1727116
	1611  -  MemoryUsage of job (MB)
	1649064  -  ResidentSetSize of job (KB)
...
006 (112045438.128.000) 05/02 03:09:50 Image size of job updated: 2530520
	2395  -  MemoryUsage of job (MB)
	2452468  -  ResidentSetSize of job (KB)
...
006 (112045438.128.000) 05/02 03:12:39 Image size of job updated: 2952408
	2395  -  MemoryUsage of job (MB)
	2452468  -  ResidentSetSize of job (KB)
...
005 (112045438.128.000) 05/02 03:12:40 Job terminated.
	(1) Normal termination (return value 0)
		Usr 0 00:22:46, Sys 0 00:00:28  -  Run Remote Usage
		Usr 0 00:00:00, Sys 0 00:00:00  -  Run Local Usage
		Usr 0 00:22:46, Sys 0 00:00:28  -  Total Remote Usage
		Usr 0 00:00:00, Sys 0 00:00:00  -  Total Local Usage
	5431274  -  Run Bytes Sent By Job
	1780294016  -  Run Bytes Received By Job
	5431274  -  Total Bytes Sent By Job
	1780294016  -  Total Bytes Received By Job
	Partitionable Resources :    Usage  Request Allocated 
	   Cpus                 :        0        1         1 
	   Disk (KB)            :  6852166 20971520  21404160 
	   Ioheavy              :                           0 
	   Memory (MB)          :     2395    20480     20480 
...
