000 (112045438.105.000) 05/01 17:51:46 Job submitted from host: <128.104.100.44:9618?addrs=128.104.100.44-9618+[2607-f388-107c-501-90e2-baff-fe2c-2724]-9618&noUDP&sock=4699_0235_3>
...
001 (112045438.105.000) 05/02 02:34:10 Job executing on host: <128.105.245.203:9618?addrs=128.105.245.203-9618&noUDP&sock=38396_0a74_3>
...
006 (112045438.105.000) 05/02 02:34:19 Image size of job updated: 616
	1  -  MemoryUsage of job (MB)
	616  -  ResidentSetSize of job (KB)
...
006 (112045438.105.000) 05/02 02:39:20 Image size of job updated: 640
	1  -  MemoryUsage of job (MB)
	640  -  ResidentSetSize of job (KB)
...
006 (112045438.105.000) 05/02 02:44:21 Image size of job updated: 648
	1  -  MemoryUsage of job (MB)
	648  -  ResidentSetSize of job (KB)
...
006 (112045438.105.000) 05/02 02:49:21 Image size of job updated: 656
	1  -  MemoryUsage of job (MB)
	656  -  ResidentSetSize of job (KB)
...
006 (112045438.105.000) 05/02 02:54:21 Image size of job updated: 526480
	438  -  MemoryUsage of job (MB)
	448488  -  ResidentSetSize of job (KB)
...
006 (112045438.105.000) 05/02 02:59:21 Image size of job updated: 933528
	836  -  MemoryUsage of job (MB)
	855476  -  ResidentSetSize of job (KB)
...
006 (112045438.105.000) 05/02 03:04:22 Image size of job updated: 1474976
	1365  -  MemoryUsage of job (MB)
	1396924  -  ResidentSetSize of job (KB)
...
006 (112045438.105.000) 05/02 03:09:22 Image size of job updated: 1920416
	1800  -  MemoryUsage of job (MB)
	1842364  -  ResidentSetSize of job (KB)
...
006 (112045438.105.000) 05/02 03:14:23 Image size of job updated: 2645204
	2507  -  MemoryUsage of job (MB)
	2567152  -  ResidentSetSize of job (KB)
...
006 (112045438.105.000) 05/02 03:19:25 Image size of job updated: 3474852
	3318  -  MemoryUsage of job (MB)
	3396800  -  ResidentSetSize of job (KB)
...
006 (112045438.105.000) 05/02 03:24:25 Image size of job updated: 4464084
	4284  -  MemoryUsage of job (MB)
	4386032  -  ResidentSetSize of job (KB)
...
006 (112045438.105.000) 05/02 03:29:26 Image size of job updated: 5399716
	5197  -  MemoryUsage of job (MB)
	5321664  -  ResidentSetSize of job (KB)
...
006 (112045438.105.000) 05/02 03:34:27 Image size of job updated: 6261208
	6039  -  MemoryUsage of job (MB)
	6183156  -  ResidentSetSize of job (KB)
...
006 (112045438.105.000) 05/02 03:39:28 Image size of job updated: 7117736
	6875  -  MemoryUsage of job (MB)
	7039684  -  ResidentSetSize of job (KB)
...
006 (112045438.105.000) 05/02 03:44:28 Image size of job updated: 7930324
	7669  -  MemoryUsage of job (MB)
	7852272  -  ResidentSetSize of job (KB)
...
006 (112045438.105.000) 05/02 03:49:28 Image size of job updated: 8813480
	8531  -  MemoryUsage of job (MB)
	8735428  -  ResidentSetSize of job (KB)
...
006 (112045438.105.000) 05/02 03:54:28 Image size of job updated: 9575316
	9275  -  MemoryUsage of job (MB)
	9497264  -  ResidentSetSize of job (KB)
...
006 (112045438.105.000) 05/02 03:59:30 Image size of job updated: 9992808
	9683  -  MemoryUsage of job (MB)
	9914756  -  ResidentSetSize of job (KB)
...
006 (112045438.105.000) 05/02 04:04:30 Image size of job updated: 10717664
	10391  -  MemoryUsage of job (MB)
	10639612  -  ResidentSetSize of job (KB)
...
006 (112045438.105.000) 05/02 04:09:30 Image size of job updated: 11207608
	10869  -  MemoryUsage of job (MB)
	11129556  -  ResidentSetSize of job (KB)
...
006 (112045438.105.000) 05/02 04:14:30 Image size of job updated: 11481268
	11136  -  MemoryUsage of job (MB)
	11403216  -  ResidentSetSize of job (KB)
...
006 (112045438.105.000) 05/02 04:19:31 Image size of job updated: 12277876
	11914  -  MemoryUsage of job (MB)
	12199824  -  ResidentSetSize of job (KB)
...
006 (112045438.105.000) 05/02 04:24:32 Image size of job updated: 12986376
	12606  -  MemoryUsage of job (MB)
	12908324  -  ResidentSetSize of job (KB)
...
006 (112045438.105.000) 05/02 04:29:32 Image size of job updated: 13683664
	13287  -  MemoryUsage of job (MB)
	13605612  -  ResidentSetSize of job (KB)
...
006 (112045438.105.000) 05/02 04:34:32 Image size of job updated: 14506588
	14091  -  MemoryUsage of job (MB)
	14428536  -  ResidentSetSize of job (KB)
...
006 (112045438.105.000) 05/02 04:39:34 Image size of job updated: 15215448
	14783  -  MemoryUsage of job (MB)
	15137396  -  ResidentSetSize of job (KB)
...
006 (112045438.105.000) 05/02 04:44:34 Image size of job updated: 15965040
	15513  -  MemoryUsage of job (MB)
	15885304  -  ResidentSetSize of job (KB)
...
006 (112045438.105.000) 05/02 04:49:34 Image size of job updated: 16623552
	16154  -  MemoryUsage of job (MB)
	16541684  -  ResidentSetSize of job (KB)
...
006 (112045438.105.000) 05/02 04:54:35 Image size of job updated: 17390980
	16902  -  MemoryUsage of job (MB)
	17307648  -  ResidentSetSize of job (KB)
...
006 (112045438.105.000) 05/02 04:59:36 Image size of job updated: 18225344
	17711  -  MemoryUsage of job (MB)
	18136040  -  ResidentSetSize of job (KB)
...
006 (112045438.105.000) 05/02 05:04:41 Image size of job updated: 18914056
	18377  -  MemoryUsage of job (MB)
	18817096  -  ResidentSetSize of job (KB)
...
006 (112045438.105.000) 05/02 05:09:38 Image size of job updated: 19614516
	19045  -  MemoryUsage of job (MB)
	19501952  -  ResidentSetSize of job (KB)
...
006 (112045438.105.000) 05/02 05:14:38 Image size of job updated: 20421296
	19773  -  MemoryUsage of job (MB)
	20246988  -  ResidentSetSize of job (KB)
...
006 (112045438.105.000) 05/02 05:19:39 Image size of job updated: 21181184
	20385  -  MemoryUsage of job (MB)
	20873708  -  ResidentSetSize of job (KB)
...
006 (112045438.105.000) 05/02 05:24:40 Image size of job updated: 21519628
	20438  -  MemoryUsage of job (MB)
	20928248  -  ResidentSetSize of job (KB)
...
006 (112045438.105.000) 05/02 05:29:41 Image size of job updated: 22028432
	20465  -  MemoryUsage of job (MB)
	20955916  -  ResidentSetSize of job (KB)
...
006 (112045438.105.000) 05/02 05:34:42 Image size of job updated: 22476708
	20465  -  MemoryUsage of job (MB)
	20955916  -  ResidentSetSize of job (KB)
...
006 (112045438.105.000) 05/02 05:39:42 Image size of job updated: 22966512
	20465  -  MemoryUsage of job (MB)
	20955916  -  ResidentSetSize of job (KB)
...
006 (112045438.105.000) 05/02 05:40:12 Image size of job updated: 22978000
	20465  -  MemoryUsage of job (MB)
	20955916  -  ResidentSetSize of job (KB)
...
005 (112045438.105.000) 05/02 05:40:15 Job terminated.
	(1) Normal termination (return value 0)
		Usr 0 02:27:21, Sys 0 00:02:41  -  Run Remote Usage
		Usr 0 00:00:00, Sys 0 00:00:00  -  Run Local Usage
		Usr 0 02:27:21, Sys 0 00:02:41  -  Total Remote Usage
		Usr 0 00:00:00, Sys 0 00:00:00  -  Total Local Usage
	22334900  -  Run Bytes Sent By Job
	1780294016  -  Run Bytes Received By Job
	22334900  -  Total Bytes Sent By Job
	1780294016  -  Total Bytes Received By Job
	Partitionable Resources :      Usage  Request Allocated 
	   Cpus                 :       0.53        1         1 
	   Disk (KB)            : 6888377    20971520  22028268 
	   Ioheavy              :                             0 
	   Memory (MB)          :   20465       20480     20480 
...
