000 (112045438.034.000) 05/01 17:51:46 Job submitted from host: <128.104.100.44:9618?addrs=128.104.100.44-9618+[2607-f388-107c-501-90e2-baff-fe2c-2724]-9618&noUDP&sock=4699_0235_3>
...
001 (112045438.034.000) 05/02 01:45:40 Job executing on host: <128.105.245.184:9618?addrs=128.105.245.184-9618&noUDP&sock=5452_326e_3>
...
006 (112045438.034.000) 05/02 01:45:49 Image size of job updated: 624
	1  -  MemoryUsage of job (MB)
	624  -  ResidentSetSize of job (KB)
...
006 (112045438.034.000) 05/02 01:50:52 Image size of job updated: 628
	1  -  MemoryUsage of job (MB)
	628  -  ResidentSetSize of job (KB)
...
006 (112045438.034.000) 05/02 01:55:52 Image size of job updated: 652
	1  -  MemoryUsage of job (MB)
	652  -  ResidentSetSize of job (KB)
...
006 (112045438.034.000) 05/02 02:00:51 Image size of job updated: 473404
	387  -  MemoryUsage of job (MB)
	395412  -  ResidentSetSize of job (KB)
...
006 (112045438.034.000) 05/02 02:05:52 Image size of job updated: 832308
	737  -  MemoryUsage of job (MB)
	754256  -  ResidentSetSize of job (KB)
...
006 (112045438.034.000) 05/02 02:10:52 Image size of job updated: 1162868
	1060  -  MemoryUsage of job (MB)
	1084816  -  ResidentSetSize of job (KB)
...
006 (112045438.034.000) 05/02 02:15:53 Image size of job updated: 1726156
	1610  -  MemoryUsage of job (MB)
	1648104  -  ResidentSetSize of job (KB)
...
006 (112045438.034.000) 05/02 02:20:54 Image size of job updated: 2332248
	2202  -  MemoryUsage of job (MB)
	2254196  -  ResidentSetSize of job (KB)
...
006 (112045438.034.000) 05/02 02:25:55 Image size of job updated: 3174292
	3024  -  MemoryUsage of job (MB)
	3096240  -  ResidentSetSize of job (KB)
...
006 (112045438.034.000) 05/02 02:30:55 Image size of job updated: 3821824
	3657  -  MemoryUsage of job (MB)
	3743772  -  ResidentSetSize of job (KB)
...
006 (112045438.034.000) 05/02 02:35:55 Image size of job updated: 4435100
	4255  -  MemoryUsage of job (MB)
	4357048  -  ResidentSetSize of job (KB)
...
006 (112045438.034.000) 05/02 02:40:56 Image size of job updated: 5031488
	4838  -  MemoryUsage of job (MB)
	4953436  -  ResidentSetSize of job (KB)
...
006 (112045438.034.000) 05/02 02:42:53 Image size of job updated: 5274824
	4839  -  MemoryUsage of job (MB)
	4954364  -  ResidentSetSize of job (KB)
...
005 (112045438.034.000) 05/02 02:42:54 Job terminated.
	(1) Normal termination (return value 0)
		Usr 0 00:34:22, Sys 0 00:00:37  -  Run Remote Usage
		Usr 0 00:00:00, Sys 0 00:00:00  -  Run Local Usage
		Usr 0 00:34:22, Sys 0 00:00:37  -  Total Remote Usage
		Usr 0 00:00:00, Sys 0 00:00:00  -  Total Local Usage
	7599215  -  Run Bytes Sent By Job
	1780294016  -  Run Bytes Received By Job
	7599215  -  Total Bytes Sent By Job
	1780294016  -  Total Bytes Received By Job
	Partitionable Resources :      Usage  Request Allocated 
	   Cpus                 :       0.65        1         1 
	   Disk (KB)            : 6871415    20971520  21295001 
	   Ioheavy              :                             0 
	   Memory (MB)          :    4839       20480     20480 
...
