000 (112045438.193.000) 05/01 17:51:46 Job submitted from host: <128.104.100.44:9618?addrs=128.104.100.44-9618+[2607-f388-107c-501-90e2-baff-fe2c-2724]-9618&noUDP&sock=4699_0235_3>
...
001 (112045438.193.000) 05/02 03:26:45 Job executing on host: <128.105.245.254:9618?addrs=128.105.245.254-9618&noUDP&sock=5430_1b59_27>
...
006 (112045438.193.000) 05/02 03:26:53 Image size of job updated: 620
	1  -  MemoryUsage of job (MB)
	620  -  ResidentSetSize of job (KB)
...
006 (112045438.193.000) 05/02 03:31:55 Image size of job updated: 660
	1  -  MemoryUsage of job (MB)
	660  -  ResidentSetSize of job (KB)
...
006 (112045438.193.000) 05/02 03:36:55 Image size of job updated: 587708
	498  -  MemoryUsage of job (MB)
	509716  -  ResidentSetSize of job (KB)
...
006 (112045438.193.000) 05/02 03:41:57 Image size of job updated: 1061556
	961  -  MemoryUsage of job (MB)
	983504  -  ResidentSetSize of job (KB)
...
006 (112045438.193.000) 05/02 03:46:57 Image size of job updated: 1475808
	1365  -  MemoryUsage of job (MB)
	1397756  -  ResidentSetSize of job (KB)
...
006 (112045438.193.000) 05/02 03:51:57 Image size of job updated: 2085200
	1961  -  MemoryUsage of job (MB)
	2007148  -  ResidentSetSize of job (KB)
...
006 (112045438.193.000) 05/02 03:56:58 Image size of job updated: 2819304
	2678  -  MemoryUsage of job (MB)
	2741252  -  ResidentSetSize of job (KB)
...
006 (112045438.193.000) 05/02 04:01:59 Image size of job updated: 3809980
	3645  -  MemoryUsage of job (MB)
	3731928  -  ResidentSetSize of job (KB)
...
006 (112045438.193.000) 05/02 04:06:59 Image size of job updated: 4565692
	4383  -  MemoryUsage of job (MB)
	4487640  -  ResidentSetSize of job (KB)
...
006 (112045438.193.000) 05/02 04:12:00 Image size of job updated: 5278940
	5079  -  MemoryUsage of job (MB)
	5200888  -  ResidentSetSize of job (KB)
...
005 (112045438.193.000) 05/02 04:12:05 Job terminated.
	(1) Normal termination (return value 0)
		Usr 0 00:34:52, Sys 0 00:00:42  -  Run Remote Usage
		Usr 0 00:00:00, Sys 0 00:00:00  -  Run Local Usage
		Usr 0 00:34:52, Sys 0 00:00:42  -  Total Remote Usage
		Usr 0 00:00:00, Sys 0 00:00:00  -  Total Local Usage
	7584755  -  Run Bytes Sent By Job
	1780294016  -  Run Bytes Received By Job
	7584755  -  Total Bytes Sent By Job
	1780294016  -  Total Bytes Received By Job
	Partitionable Resources :      Usage  Request Allocated 
	   Cpus                 :       0.98        1         1 
	   Disk (KB)            : 6871403    20971520  21460176 
	   Ioheavy              :                             0 
	   Memory (MB)          :    5079       20480     20480 
...
