000 (112045438.015.000) 05/01 17:51:46 Job submitted from host: <128.104.100.44:9618?addrs=128.104.100.44-9618+[2607-f388-107c-501-90e2-baff-fe2c-2724]-9618&noUDP&sock=4699_0235_3>
...
001 (112045438.015.000) 05/02 01:31:53 Job executing on host: <128.105.245.211:9618?addrs=128.105.245.211-9618&noUDP&sock=5414_21d5_3>
...
006 (112045438.015.000) 05/02 01:32:02 Image size of job updated: 620
	1  -  MemoryUsage of job (MB)
	620  -  ResidentSetSize of job (KB)
...
006 (112045438.015.000) 05/02 01:37:05 Image size of job updated: 648
	1  -  MemoryUsage of job (MB)
	648  -  ResidentSetSize of job (KB)
...
006 (112045438.015.000) 05/02 01:42:04 Image size of job updated: 660
	1  -  MemoryUsage of job (MB)
	660  -  ResidentSetSize of job (KB)
...
006 (112045438.015.000) 05/02 01:47:04 Image size of job updated: 578012
	489  -  MemoryUsage of job (MB)
	500016  -  ResidentSetSize of job (KB)
...
006 (112045438.015.000) 05/02 01:52:05 Image size of job updated: 1052068
	952  -  MemoryUsage of job (MB)
	974012  -  ResidentSetSize of job (KB)
...
006 (112045438.015.000) 05/02 01:57:06 Image size of job updated: 1749728
	1633  -  MemoryUsage of job (MB)
	1671672  -  ResidentSetSize of job (KB)
...
006 (112045438.015.000) 05/02 02:02:07 Image size of job updated: 2329208
	2199  -  MemoryUsage of job (MB)
	2251152  -  ResidentSetSize of job (KB)
...
006 (112045438.015.000) 05/02 02:07:08 Image size of job updated: 3195316
	3045  -  MemoryUsage of job (MB)
	3117260  -  ResidentSetSize of job (KB)
...
006 (112045438.015.000) 05/02 02:12:09 Image size of job updated: 3939996
	3772  -  MemoryUsage of job (MB)
	3861940  -  ResidentSetSize of job (KB)
...
006 (112045438.015.000) 05/02 02:17:09 Image size of job updated: 4469444
	4289  -  MemoryUsage of job (MB)
	4391388  -  ResidentSetSize of job (KB)
...
006 (112045438.015.000) 05/02 02:22:09 Image size of job updated: 5145028
	4949  -  MemoryUsage of job (MB)
	5066972  -  ResidentSetSize of job (KB)
...
006 (112045438.015.000) 05/02 02:27:09 Image size of job updated: 5944564
	5730  -  MemoryUsage of job (MB)
	5866508  -  ResidentSetSize of job (KB)
...
006 (112045438.015.000) 05/02 02:32:10 Image size of job updated: 6738912
	6505  -  MemoryUsage of job (MB)
	6660856  -  ResidentSetSize of job (KB)
...
006 (112045438.015.000) 05/02 02:37:11 Image size of job updated: 7513592
	7262  -  MemoryUsage of job (MB)
	7435536  -  ResidentSetSize of job (KB)
...
006 (112045438.015.000) 05/02 02:42:12 Image size of job updated: 8107632
	7842  -  MemoryUsage of job (MB)
	8029576  -  ResidentSetSize of job (KB)
...
006 (112045438.015.000) 05/02 02:47:13 Image size of job updated: 8526168
	8251  -  MemoryUsage of job (MB)
	8448112  -  ResidentSetSize of job (KB)
...
006 (112045438.015.000) 05/02 02:52:13 Image size of job updated: 9252900
	8960  -  MemoryUsage of job (MB)
	9174844  -  ResidentSetSize of job (KB)
...
006 (112045438.015.000) 05/02 02:57:14 Image size of job updated: 10007052
	9697  -  MemoryUsage of job (MB)
	9928996  -  ResidentSetSize of job (KB)
...
006 (112045438.015.000) 05/02 03:02:14 Image size of job updated: 10867984
	10538  -  MemoryUsage of job (MB)
	10789928  -  ResidentSetSize of job (KB)
...
006 (112045438.015.000) 05/02 03:07:15 Image size of job updated: 11915560
	11561  -  MemoryUsage of job (MB)
	11837504  -  ResidentSetSize of job (KB)
...
006 (112045438.015.000) 05/02 03:12:15 Image size of job updated: 12786072
	12411  -  MemoryUsage of job (MB)
	12708016  -  ResidentSetSize of job (KB)
...
006 (112045438.015.000) 05/02 03:17:15 Image size of job updated: 13449808
	13059  -  MemoryUsage of job (MB)
	13371752  -  ResidentSetSize of job (KB)
...
006 (112045438.015.000) 05/02 03:22:15 Image size of job updated: 14071904
	13666  -  MemoryUsage of job (MB)
	13993848  -  ResidentSetSize of job (KB)
...
006 (112045438.015.000) 05/02 03:27:15 Image size of job updated: 14974784
	14548  -  MemoryUsage of job (MB)
	14896728  -  ResidentSetSize of job (KB)
...
006 (112045438.015.000) 05/02 03:32:16 Image size of job updated: 15843740
	15396  -  MemoryUsage of job (MB)
	15764584  -  ResidentSetSize of job (KB)
...
006 (112045438.015.000) 05/02 03:37:15 Image size of job updated: 16552644
	16086  -  MemoryUsage of job (MB)
	16471556  -  ResidentSetSize of job (KB)
...
006 (112045438.015.000) 05/02 03:42:15 Image size of job updated: 17310088
	16824  -  MemoryUsage of job (MB)
	17227028  -  ResidentSetSize of job (KB)
...
006 (112045438.015.000) 05/02 03:47:15 Image size of job updated: 18218352
	17703  -  MemoryUsage of job (MB)
	18127808  -  ResidentSetSize of job (KB)
...
006 (112045438.015.000) 05/02 03:52:16 Image size of job updated: 18658784
	18124  -  MemoryUsage of job (MB)
	18558464  -  ResidentSetSize of job (KB)
...
006 (112045438.015.000) 05/02 03:57:16 Image size of job updated: 18942428
	18395  -  MemoryUsage of job (MB)
	18836412  -  ResidentSetSize of job (KB)
...
006 (112045438.015.000) 05/02 04:02:17 Image size of job updated: 19086576
	18535  -  MemoryUsage of job (MB)
	18978824  -  ResidentSetSize of job (KB)
...
006 (112045438.015.000) 05/02 04:07:18 Image size of job updated: 19474388
	18898  -  MemoryUsage of job (MB)
	19351500  -  ResidentSetSize of job (KB)
...
006 (112045438.015.000) 05/02 04:12:18 Image size of job updated: 19833384
	19236  -  MemoryUsage of job (MB)
	19696708  -  ResidentSetSize of job (KB)
...
006 (112045438.015.000) 05/02 04:17:18 Image size of job updated: 20198912
	19568  -  MemoryUsage of job (MB)
	20037204  -  ResidentSetSize of job (KB)
...
006 (112045438.015.000) 05/02 04:22:20 Image size of job updated: 20583160
	19894  -  MemoryUsage of job (MB)
	20371440  -  ResidentSetSize of job (KB)
...
006 (112045438.015.000) 05/02 04:27:20 Image size of job updated: 20923284
	20167  -  MemoryUsage of job (MB)
	20650164  -  ResidentSetSize of job (KB)
...
006 (112045438.015.000) 05/02 04:32:20 Image size of job updated: 21218148
	20353  -  MemoryUsage of job (MB)
	20841088  -  ResidentSetSize of job (KB)
...
006 (112045438.015.000) 05/02 04:37:21 Image size of job updated: 21470468
	20442  -  MemoryUsage of job (MB)
	20931912  -  ResidentSetSize of job (KB)
...
006 (112045438.015.000) 05/02 04:42:22 Image size of job updated: 21607324
	20442  -  MemoryUsage of job (MB)
	20931912  -  ResidentSetSize of job (KB)
...
006 (112045438.015.000) 05/02 04:47:22 Image size of job updated: 21976860
	20442  -  MemoryUsage of job (MB)
	20931912  -  ResidentSetSize of job (KB)
...
006 (112045438.015.000) 05/02 04:52:22 Image size of job updated: 22195068
	20442  -  MemoryUsage of job (MB)
	20931912  -  ResidentSetSize of job (KB)
...
006 (112045438.015.000) 05/02 04:57:22 Image size of job updated: 22482616
	20454  -  MemoryUsage of job (MB)
	20944496  -  ResidentSetSize of job (KB)
...
006 (112045438.015.000) 05/02 05:02:23 Image size of job updated: 22638360
	20454  -  MemoryUsage of job (MB)
	20944496  -  ResidentSetSize of job (KB)
...
006 (112045438.015.000) 05/02 05:07:25 Image size of job updated: 22847440
	20454  -  MemoryUsage of job (MB)
	20944496  -  ResidentSetSize of job (KB)
...
006 (112045438.015.000) 05/02 05:09:52 Image size of job updated: 23073708
	20454  -  MemoryUsage of job (MB)
	20944496  -  ResidentSetSize of job (KB)
...
005 (112045438.015.000) 05/02 05:09:53 Job terminated.
	(1) Normal termination (return value 0)
		Usr 0 01:59:08, Sys 0 00:02:20  -  Run Remote Usage
		Usr 0 00:00:00, Sys 0 00:00:00  -  Run Local Usage
		Usr 0 01:59:08, Sys 0 00:02:20  -  Total Remote Usage
		Usr 0 00:00:00, Sys 0 00:00:00  -  Total Local Usage
	22440568  -  Run Bytes Sent By Job
	1780294016  -  Run Bytes Received By Job
	22440568  -  Total Bytes Sent By Job
	1780294016  -  Total Bytes Received By Job
	Partitionable Resources :    Usage  Request Allocated 
	   Cpus                 :        0        1         1 
	   Disk (KB)            :  6851642 20971520  21323248 
	   Ioheavy              :                           0 
	   Memory (MB)          :    20454    20480     20480 
...
