000 (112045438.119.000) 05/01 17:51:46 Job submitted from host: <128.104.100.44:9618?addrs=128.104.100.44-9618+[2607-f388-107c-501-90e2-baff-fe2c-2724]-9618&noUDP&sock=4699_0235_3>
...
001 (112045438.119.000) 05/02 02:41:45 Job executing on host: <128.105.245.156:9618?addrs=128.105.245.156-9618&noUDP&sock=5445_6544_48>
...
006 (112045438.119.000) 05/02 02:41:53 Image size of job updated: 628
	1  -  MemoryUsage of job (MB)
	628  -  ResidentSetSize of job (KB)
...
006 (112045438.119.000) 05/02 02:46:54 Image size of job updated: 656
	1  -  MemoryUsage of job (MB)
	656  -  ResidentSetSize of job (KB)
...
006 (112045438.119.000) 05/02 02:56:56 Image size of job updated: 668
	1  -  MemoryUsage of job (MB)
	668  -  ResidentSetSize of job (KB)
...
006 (112045438.119.000) 05/02 03:01:56 Image size of job updated: 471192
	384  -  MemoryUsage of job (MB)
	393200  -  ResidentSetSize of job (KB)
...
006 (112045438.119.000) 05/02 03:06:57 Image size of job updated: 1206812
	1103  -  MemoryUsage of job (MB)
	1128760  -  ResidentSetSize of job (KB)
...
006 (112045438.119.000) 05/02 03:11:58 Image size of job updated: 2339212
	2209  -  MemoryUsage of job (MB)
	2261160  -  ResidentSetSize of job (KB)
...
006 (112045438.119.000) 05/02 03:16:59 Image size of job updated: 3812932
	3648  -  MemoryUsage of job (MB)
	3734880  -  ResidentSetSize of job (KB)
...
006 (112045438.119.000) 05/02 03:22:00 Image size of job updated: 5288132
	5088  -  MemoryUsage of job (MB)
	5210080  -  ResidentSetSize of job (KB)
...
006 (112045438.119.000) 05/02 03:27:00 Image size of job updated: 6764132
	6530  -  MemoryUsage of job (MB)
	6686080  -  ResidentSetSize of job (KB)
...
006 (112045438.119.000) 05/02 03:32:00 Image size of job updated: 8273468
	8004  -  MemoryUsage of job (MB)
	8195416  -  ResidentSetSize of job (KB)
...
006 (112045438.119.000) 05/02 03:37:00 Image size of job updated: 9616840
	9316  -  MemoryUsage of job (MB)
	9538788  -  ResidentSetSize of job (KB)
...
006 (112045438.119.000) 05/02 03:42:00 Image size of job updated: 10775032
	10447  -  MemoryUsage of job (MB)
	10696980  -  ResidentSetSize of job (KB)
...
006 (112045438.119.000) 05/02 03:47:00 Image size of job updated: 12084804
	11726  -  MemoryUsage of job (MB)
	12006752  -  ResidentSetSize of job (KB)
...
006 (112045438.119.000) 05/02 03:52:00 Image size of job updated: 13255616
	12869  -  MemoryUsage of job (MB)
	13177564  -  ResidentSetSize of job (KB)
...
006 (112045438.119.000) 05/02 03:57:01 Image size of job updated: 14523664
	14108  -  MemoryUsage of job (MB)
	14445612  -  ResidentSetSize of job (KB)
...
006 (112045438.119.000) 05/02 04:02:02 Image size of job updated: 15787704
	15341  -  MemoryUsage of job (MB)
	15708368  -  ResidentSetSize of job (KB)
...
006 (112045438.119.000) 05/02 04:07:03 Image size of job updated: 17059260
	16580  -  MemoryUsage of job (MB)
	16977192  -  ResidentSetSize of job (KB)
...
006 (112045438.119.000) 05/02 04:12:04 Image size of job updated: 18300204
	17788  -  MemoryUsage of job (MB)
	18214184  -  ResidentSetSize of job (KB)
...
006 (112045438.119.000) 05/02 04:17:05 Image size of job updated: 19585456
	19029  -  MemoryUsage of job (MB)
	19485364  -  ResidentSetSize of job (KB)
...
006 (112045438.119.000) 05/02 04:22:06 Image size of job updated: 20921948
	20218  -  MemoryUsage of job (MB)
	20702716  -  ResidentSetSize of job (KB)
...
006 (112045438.119.000) 05/02 04:27:07 Image size of job updated: 22095224
	20453  -  MemoryUsage of job (MB)
	20943504  -  ResidentSetSize of job (KB)
...
006 (112045438.119.000) 05/02 04:32:08 Image size of job updated: 22933248
	20453  -  MemoryUsage of job (MB)
	20943644  -  ResidentSetSize of job (KB)
...
006 (112045438.119.000) 05/02 04:33:01 Image size of job updated: 23071304
	20453  -  MemoryUsage of job (MB)
	20943644  -  ResidentSetSize of job (KB)
...
005 (112045438.119.000) 05/02 04:33:03 Job terminated.
	(1) Normal termination (return value 0)
		Usr 0 01:29:31, Sys 0 00:01:51  -  Run Remote Usage
		Usr 0 00:00:00, Sys 0 00:00:00  -  Run Local Usage
		Usr 0 01:29:31, Sys 0 00:01:51  -  Total Remote Usage
		Usr 0 00:00:00, Sys 0 00:00:00  -  Total Local Usage
	22494024  -  Run Bytes Sent By Job
	1780294016  -  Run Bytes Received By Job
	22494024  -  Total Bytes Sent By Job
	1780294016  -  Total Bytes Received By Job
	Partitionable Resources :      Usage  Request Allocated 
	   Cpus                 :       1.00        1         1 
	   Disk (KB)            : 6851692    20971520  21303080 
	   Ioheavy              :                             0 
	   Memory (MB)          :   20453       20480     20480 
...
