000 (112045438.168.000) 05/01 17:51:46 Job submitted from host: <128.104.100.44:9618?addrs=128.104.100.44-9618+[2607-f388-107c-501-90e2-baff-fe2c-2724]-9618&noUDP&sock=4699_0235_3>
...
001 (112045438.168.000) 05/02 03:05:41 Job executing on host: <128.105.245.225:9618?addrs=128.105.245.225-9618&noUDP&sock=19608_0919_26>
...
006 (112045438.168.000) 05/02 03:05:51 Image size of job updated: 620
	1  -  MemoryUsage of job (MB)
	620  -  ResidentSetSize of job (KB)
...
006 (112045438.168.000) 05/02 03:10:54 Image size of job updated: 652
	1  -  MemoryUsage of job (MB)
	652  -  ResidentSetSize of job (KB)
...
006 (112045438.168.000) 05/02 03:15:54 Image size of job updated: 322360
	239  -  MemoryUsage of job (MB)
	244364  -  ResidentSetSize of job (KB)
...
006 (112045438.168.000) 05/02 03:20:55 Image size of job updated: 660776
	570  -  MemoryUsage of job (MB)
	582780  -  ResidentSetSize of job (KB)
...
006 (112045438.168.000) 05/02 03:25:55 Image size of job updated: 1099344
	998  -  MemoryUsage of job (MB)
	1021288  -  ResidentSetSize of job (KB)
...
006 (112045438.168.000) 05/02 03:30:56 Image size of job updated: 1654020
	1540  -  MemoryUsage of job (MB)
	1575964  -  ResidentSetSize of job (KB)
...
006 (112045438.168.000) 05/02 03:35:56 Image size of job updated: 2317188
	2187  -  MemoryUsage of job (MB)
	2239132  -  ResidentSetSize of job (KB)
...
006 (112045438.168.000) 05/02 03:40:57 Image size of job updated: 3055004
	2908  -  MemoryUsage of job (MB)
	2976948  -  ResidentSetSize of job (KB)
...
006 (112045438.168.000) 05/02 03:45:58 Image size of job updated: 3986584
	3817  -  MemoryUsage of job (MB)
	3908528  -  ResidentSetSize of job (KB)
...
006 (112045438.168.000) 05/02 03:50:59 Image size of job updated: 4851560
	4662  -  MemoryUsage of job (MB)
	4773504  -  ResidentSetSize of job (KB)
...
006 (112045438.168.000) 05/02 03:53:27 Image size of job updated: 5854196
	4662  -  MemoryUsage of job (MB)
	4773504  -  ResidentSetSize of job (KB)
...
005 (112045438.168.000) 05/02 03:53:28 Job terminated.
	(1) Normal termination (return value 0)
		Usr 0 00:38:07, Sys 0 00:00:38  -  Run Remote Usage
		Usr 0 00:00:00, Sys 0 00:00:00  -  Run Local Usage
		Usr 0 00:38:07, Sys 0 00:00:38  -  Total Remote Usage
		Usr 0 00:00:00, Sys 0 00:00:00  -  Total Local Usage
	7670824  -  Run Bytes Sent By Job
	1780294016  -  Run Bytes Received By Job
	7670824  -  Total Bytes Sent By Job
	1780294016  -  Total Bytes Received By Job
	Partitionable Resources :    Usage  Request Allocated 
	   Cpus                 :        0        1         1 
	   Disk (KB)            :  6871486 20971520  21348307 
	   Ioheavy              :                           0 
	   Memory (MB)          :     4662    20480     20480 
...
