000 (112045438.030.000) 05/01 17:51:46 Job submitted from host: <128.104.100.44:9618?addrs=128.104.100.44-9618+[2607-f388-107c-501-90e2-baff-fe2c-2724]-9618&noUDP&sock=4699_0235_3>
...
001 (112045438.030.000) 05/02 01:39:34 Job executing on host: <128.105.245.227:9618?addrs=128.105.245.227-9618&noUDP&sock=5505_8cf3_47>
...
006 (112045438.030.000) 05/02 01:39:43 Image size of job updated: 712
	1  -  MemoryUsage of job (MB)
	620  -  ResidentSetSize of job (KB)
...
006 (112045438.030.000) 05/02 01:44:45 Image size of job updated: 744
	1  -  MemoryUsage of job (MB)
	652  -  ResidentSetSize of job (KB)
...
006 (112045438.030.000) 05/02 01:49:45 Image size of job updated: 546156
	458  -  MemoryUsage of job (MB)
	468072  -  ResidentSetSize of job (KB)
...
006 (112045438.030.000) 05/02 01:54:46 Image size of job updated: 1045256
	945  -  MemoryUsage of job (MB)
	967112  -  ResidentSetSize of job (KB)
...
006 (112045438.030.000) 05/02 01:59:46 Image size of job updated: 1620788
	1507  -  MemoryUsage of job (MB)
	1542644  -  ResidentSetSize of job (KB)
...
006 (112045438.030.000) 05/02 02:04:46 Image size of job updated: 2266860
	2138  -  MemoryUsage of job (MB)
	2188716  -  ResidentSetSize of job (KB)
...
006 (112045438.030.000) 05/02 02:09:05 Image size of job updated: 2953208
	2140  -  MemoryUsage of job (MB)
	2190612  -  ResidentSetSize of job (KB)
...
005 (112045438.030.000) 05/02 02:09:06 Job terminated.
	(1) Normal termination (return value 0)
		Usr 0 00:23:38, Sys 0 00:00:28  -  Run Remote Usage
		Usr 0 00:00:00, Sys 0 00:00:00  -  Run Local Usage
		Usr 0 00:23:38, Sys 0 00:00:28  -  Total Remote Usage
		Usr 0 00:00:00, Sys 0 00:00:00  -  Total Local Usage
	5420983  -  Run Bytes Sent By Job
	1780294016  -  Run Bytes Received By Job
	5420983  -  Total Bytes Sent By Job
	1780294016  -  Total Bytes Received By Job
	Partitionable Resources :      Usage  Request Allocated 
	   Cpus                 :       1.13        1         1 
	   Disk (KB)            : 6852154    20971520  21314968 
	   Ioheavy              :                             0 
	   Memory (MB)          :    2140       20480     20480 
...
