000 (112045438.022.000) 05/01 17:51:46 Job submitted from host: <128.104.100.44:9618?addrs=128.104.100.44-9618+[2607-f388-107c-501-90e2-baff-fe2c-2724]-9618&noUDP&sock=4699_0235_3>
...
001 (112045438.022.000) 05/02 01:46:49 Job executing on host: <128.105.245.212:9618?addrs=128.105.245.212-9618&noUDP&sock=5446_14dd_3>
...
006 (112045438.022.000) 05/02 01:46:58 Image size of job updated: 620
	1  -  MemoryUsage of job (MB)
	620  -  ResidentSetSize of job (KB)
...
006 (112045438.022.000) 05/02 01:52:06 Image size of job updated: 628
	1  -  MemoryUsage of job (MB)
	628  -  ResidentSetSize of job (KB)
...
006 (112045438.022.000) 05/02 01:57:06 Image size of job updated: 632
	1  -  MemoryUsage of job (MB)
	632  -  ResidentSetSize of job (KB)
...
006 (112045438.022.000) 05/02 02:07:01 Image size of job updated: 652
	1  -  MemoryUsage of job (MB)
	652  -  ResidentSetSize of job (KB)
...
006 (112045438.022.000) 05/02 02:27:05 Image size of job updated: 656
	1  -  MemoryUsage of job (MB)
	656  -  ResidentSetSize of job (KB)
...
006 (112045438.022.000) 05/02 02:37:05 Image size of job updated: 668
	1  -  MemoryUsage of job (MB)
	668  -  ResidentSetSize of job (KB)
...
006 (112045438.022.000) 05/02 02:42:05 Image size of job updated: 410068
	325  -  MemoryUsage of job (MB)
	332076  -  ResidentSetSize of job (KB)
...
006 (112045438.022.000) 05/02 02:47:06 Image size of job updated: 819916
	725  -  MemoryUsage of job (MB)
	741864  -  ResidentSetSize of job (KB)
...
006 (112045438.022.000) 05/02 02:52:06 Image size of job updated: 1182928
	1079  -  MemoryUsage of job (MB)
	1104876  -  ResidentSetSize of job (KB)
...
006 (112045438.022.000) 05/02 02:57:06 Image size of job updated: 1708376
	1593  -  MemoryUsage of job (MB)
	1630324  -  ResidentSetSize of job (KB)
...
006 (112045438.022.000) 05/02 03:02:07 Image size of job updated: 2241852
	2114  -  MemoryUsage of job (MB)
	2163800  -  ResidentSetSize of job (KB)
...
006 (112045438.022.000) 05/02 03:07:08 Image size of job updated: 2832564
	2690  -  MemoryUsage of job (MB)
	2754512  -  ResidentSetSize of job (KB)
...
006 (112045438.022.000) 05/02 03:12:09 Image size of job updated: 3453272
	3297  -  MemoryUsage of job (MB)
	3375220  -  ResidentSetSize of job (KB)
...
006 (112045438.022.000) 05/02 03:17:09 Image size of job updated: 3942744
	3775  -  MemoryUsage of job (MB)
	3864692  -  ResidentSetSize of job (KB)
...
006 (112045438.022.000) 05/02 03:22:09 Image size of job updated: 4482112
	4301  -  MemoryUsage of job (MB)
	4404060  -  ResidentSetSize of job (KB)
...
006 (112045438.022.000) 05/02 03:27:09 Image size of job updated: 5015776
	4822  -  MemoryUsage of job (MB)
	4937724  -  ResidentSetSize of job (KB)
...
006 (112045438.022.000) 05/02 03:32:10 Image size of job updated: 5615096
	5408  -  MemoryUsage of job (MB)
	5537044  -  ResidentSetSize of job (KB)
...
006 (112045438.022.000) 05/02 03:37:12 Image size of job updated: 6231496
	6010  -  MemoryUsage of job (MB)
	6153444  -  ResidentSetSize of job (KB)
...
006 (112045438.022.000) 05/02 03:42:12 Image size of job updated: 6846008
	6610  -  MemoryUsage of job (MB)
	6767956  -  ResidentSetSize of job (KB)
...
006 (112045438.022.000) 05/02 03:47:12 Image size of job updated: 7493432
	7242  -  MemoryUsage of job (MB)
	7415380  -  ResidentSetSize of job (KB)
...
006 (112045438.022.000) 05/02 03:52:13 Image size of job updated: 8058004
	7793  -  MemoryUsage of job (MB)
	7979952  -  ResidentSetSize of job (KB)
...
006 (112045438.022.000) 05/02 03:57:14 Image size of job updated: 8620368
	8343  -  MemoryUsage of job (MB)
	8542316  -  ResidentSetSize of job (KB)
...
006 (112045438.022.000) 05/02 04:02:14 Image size of job updated: 9199932
	8909  -  MemoryUsage of job (MB)
	9121880  -  ResidentSetSize of job (KB)
...
006 (112045438.022.000) 05/02 04:07:14 Image size of job updated: 9654932
	9353  -  MemoryUsage of job (MB)
	9576880  -  ResidentSetSize of job (KB)
...
006 (112045438.022.000) 05/02 04:12:16 Image size of job updated: 10192460
	9878  -  MemoryUsage of job (MB)
	10114408  -  ResidentSetSize of job (KB)
...
006 (112045438.022.000) 05/02 04:17:16 Image size of job updated: 10678456
	10352  -  MemoryUsage of job (MB)
	10600404  -  ResidentSetSize of job (KB)
...
006 (112045438.022.000) 05/02 04:22:16 Image size of job updated: 11138876
	10802  -  MemoryUsage of job (MB)
	11060824  -  ResidentSetSize of job (KB)
...
006 (112045438.022.000) 05/02 04:27:16 Image size of job updated: 11746548
	11396  -  MemoryUsage of job (MB)
	11668496  -  ResidentSetSize of job (KB)
...
006 (112045438.022.000) 05/02 04:32:17 Image size of job updated: 12302208
	11938  -  MemoryUsage of job (MB)
	12224156  -  ResidentSetSize of job (KB)
...
006 (112045438.022.000) 05/02 04:37:18 Image size of job updated: 12928536
	12550  -  MemoryUsage of job (MB)
	12850484  -  ResidentSetSize of job (KB)
...
006 (112045438.022.000) 05/02 04:42:18 Image size of job updated: 13583636
	13190  -  MemoryUsage of job (MB)
	13505584  -  ResidentSetSize of job (KB)
...
006 (112045438.022.000) 05/02 04:47:20 Image size of job updated: 14291460
	13881  -  MemoryUsage of job (MB)
	14213408  -  ResidentSetSize of job (KB)
...
006 (112045438.022.000) 05/02 04:52:20 Image size of job updated: 14985796
	14559  -  MemoryUsage of job (MB)
	14907744  -  ResidentSetSize of job (KB)
...
006 (112045438.022.000) 05/02 04:57:20 Image size of job updated: 15718824
	15275  -  MemoryUsage of job (MB)
	15640772  -  ResidentSetSize of job (KB)
...
006 (112045438.022.000) 05/02 05:02:21 Image size of job updated: 16305028
	15847  -  MemoryUsage of job (MB)
	16226976  -  ResidentSetSize of job (KB)
...
006 (112045438.022.000) 05/02 05:07:22 Image size of job updated: 16831084
	16210  -  MemoryUsage of job (MB)
	16598968  -  ResidentSetSize of job (KB)
...
006 (112045438.022.000) 05/02 05:12:22 Image size of job updated: 17317300
	16634  -  MemoryUsage of job (MB)
	17032436  -  ResidentSetSize of job (KB)
...
006 (112045438.022.000) 05/02 05:17:22 Image size of job updated: 17677364
	16966  -  MemoryUsage of job (MB)
	17373068  -  ResidentSetSize of job (KB)
...
006 (112045438.022.000) 05/02 05:22:22 Image size of job updated: 18012164
	17164  -  MemoryUsage of job (MB)
	17575604  -  ResidentSetSize of job (KB)
...
006 (112045438.022.000) 05/02 05:27:23 Image size of job updated: 18309496
	17326  -  MemoryUsage of job (MB)
	17741304  -  ResidentSetSize of job (KB)
...
006 (112045438.022.000) 05/02 05:32:24 Image size of job updated: 18826256
	17766  -  MemoryUsage of job (MB)
	18192036  -  ResidentSetSize of job (KB)
...
006 (112045438.022.000) 05/02 05:37:24 Image size of job updated: 19188536
	18045  -  MemoryUsage of job (MB)
	18477796  -  ResidentSetSize of job (KB)
...
006 (112045438.022.000) 05/02 05:42:24 Image size of job updated: 19554280
	18400  -  MemoryUsage of job (MB)
	18841328  -  ResidentSetSize of job (KB)
...
006 (112045438.022.000) 05/02 05:47:26 Image size of job updated: 19901344
	18705  -  MemoryUsage of job (MB)
	19153400  -  ResidentSetSize of job (KB)
...
006 (112045438.022.000) 05/02 05:52:26 Image size of job updated: 20265480
	18976  -  MemoryUsage of job (MB)
	19430572  -  ResidentSetSize of job (KB)
...
006 (112045438.022.000) 05/02 05:57:26 Image size of job updated: 20639100
	19266  -  MemoryUsage of job (MB)
	19727728  -  ResidentSetSize of job (KB)
...
006 (112045438.022.000) 05/02 06:02:26 Image size of job updated: 20935000
	19502  -  MemoryUsage of job (MB)
	19969832  -  ResidentSetSize of job (KB)
...
006 (112045438.022.000) 05/02 06:07:27 Image size of job updated: 21184672
	19684  -  MemoryUsage of job (MB)
	20156192  -  ResidentSetSize of job (KB)
...
006 (112045438.022.000) 05/02 06:12:28 Image size of job updated: 21490744
	19900  -  MemoryUsage of job (MB)
	20377428  -  ResidentSetSize of job (KB)
...
006 (112045438.022.000) 05/02 06:17:28 Image size of job updated: 21907840
	20187  -  MemoryUsage of job (MB)
	20671428  -  ResidentSetSize of job (KB)
...
006 (112045438.022.000) 05/02 06:22:28 Image size of job updated: 22261272
	20411  -  MemoryUsage of job (MB)
	20900268  -  ResidentSetSize of job (KB)
...
006 (112045438.022.000) 05/02 06:27:29 Image size of job updated: 22513928
	20463  -  MemoryUsage of job (MB)
	20953216  -  ResidentSetSize of job (KB)
...
006 (112045438.022.000) 05/02 06:32:30 Image size of job updated: 22654588
	20466  -  MemoryUsage of job (MB)
	20956980  -  ResidentSetSize of job (KB)
...
006 (112045438.022.000) 05/02 06:37:30 Image size of job updated: 22750476
	20468  -  MemoryUsage of job (MB)
	20958832  -  ResidentSetSize of job (KB)
...
006 (112045438.022.000) 05/02 06:42:30 Image size of job updated: 22829936
	20468  -  MemoryUsage of job (MB)
	20958832  -  ResidentSetSize of job (KB)
...
006 (112045438.022.000) 05/02 06:47:30 Image size of job updated: 22886220
	20468  -  MemoryUsage of job (MB)
	20958832  -  ResidentSetSize of job (KB)
...
006 (112045438.022.000) 05/02 06:52:31 Image size of job updated: 22954900
	20468  -  MemoryUsage of job (MB)
	20958832  -  ResidentSetSize of job (KB)
...
006 (112045438.022.000) 05/02 06:57:32 Image size of job updated: 22968964
	20468  -  MemoryUsage of job (MB)
	20958832  -  ResidentSetSize of job (KB)
...
005 (112045438.022.000) 05/02 06:59:30 Job terminated.
	(1) Normal termination (return value 0)
		Usr 0 02:19:32, Sys 0 00:03:00  -  Run Remote Usage
		Usr 0 00:00:00, Sys 0 00:00:00  -  Run Local Usage
		Usr 0 02:19:32, Sys 0 00:03:00  -  Total Remote Usage
		Usr 0 00:00:00, Sys 0 00:00:00  -  Total Local Usage
	22425162  -  Run Bytes Sent By Job
	1780294016  -  Run Bytes Received By Job
	22425162  -  Total Bytes Sent By Job
	1780294016  -  Total Bytes Received By Job
	Partitionable Resources :      Usage  Request Allocated 
	   Cpus                 :       0.00        1         1 
	   Disk (KB)            : 6888465    20971520  21174502 
	   Ioheavy              :                             0 
	   Memory (MB)          :   20468       20480     20480 
...
