000 (112045438.187.000) 05/01 17:51:46 Job submitted from host: <128.104.100.44:9618?addrs=128.104.100.44-9618+[2607-f388-107c-501-90e2-baff-fe2c-2724]-9618&noUDP&sock=4699_0235_3>
...
001 (112045438.187.000) 05/02 03:23:48 Job executing on host: <128.105.245.178:9618?addrs=128.105.245.178-9618&noUDP&sock=5426_5cf8_29>
...
006 (112045438.187.000) 05/02 03:23:57 Image size of job updated: 652
	1  -  MemoryUsage of job (MB)
	632  -  ResidentSetSize of job (KB)
...
006 (112045438.187.000) 05/02 03:28:58 Image size of job updated: 676
	1  -  MemoryUsage of job (MB)
	656  -  ResidentSetSize of job (KB)
...
006 (112045438.187.000) 05/02 03:39:00 Image size of job updated: 692
	1  -  MemoryUsage of job (MB)
	672  -  ResidentSetSize of job (KB)
...
006 (112045438.187.000) 05/02 03:44:00 Image size of job updated: 580084
	491  -  MemoryUsage of job (MB)
	502072  -  ResidentSetSize of job (KB)
...
006 (112045438.187.000) 05/02 03:49:00 Image size of job updated: 984136
	885  -  MemoryUsage of job (MB)
	906064  -  ResidentSetSize of job (KB)
...
006 (112045438.187.000) 05/02 03:54:00 Image size of job updated: 1453140
	1343  -  MemoryUsage of job (MB)
	1375068  -  ResidentSetSize of job (KB)
...
006 (112045438.187.000) 05/02 03:59:04 Image size of job updated: 2145368
	2019  -  MemoryUsage of job (MB)
	2067296  -  ResidentSetSize of job (KB)
...
006 (112045438.187.000) 05/02 04:04:02 Image size of job updated: 2790488
	2649  -  MemoryUsage of job (MB)
	2712416  -  ResidentSetSize of job (KB)
...
006 (112045438.187.000) 05/02 04:09:03 Image size of job updated: 3684100
	3522  -  MemoryUsage of job (MB)
	3606028  -  ResidentSetSize of job (KB)
...
006 (112045438.187.000) 05/02 04:14:04 Image size of job updated: 4594336
	4411  -  MemoryUsage of job (MB)
	4516264  -  ResidentSetSize of job (KB)
...
006 (112045438.187.000) 05/02 04:18:21 Image size of job updated: 5850300
	4413  -  MemoryUsage of job (MB)
	4518288  -  ResidentSetSize of job (KB)
...
005 (112045438.187.000) 05/02 04:18:23 Job terminated.
	(1) Normal termination (return value 0)
		Usr 0 00:34:44, Sys 0 00:00:39  -  Run Remote Usage
		Usr 0 00:00:00, Sys 0 00:00:00  -  Run Local Usage
		Usr 0 00:34:44, Sys 0 00:00:39  -  Total Remote Usage
		Usr 0 00:00:00, Sys 0 00:00:00  -  Total Local Usage
	7608187  -  Run Bytes Sent By Job
	1780294016  -  Run Bytes Received By Job
	7608187  -  Total Bytes Sent By Job
	1780294016  -  Total Bytes Received By Job
	Partitionable Resources :      Usage  Request Allocated 
	   Cpus                 :       0.87        1         1 
	   Disk (KB)            : 6871424    20971520  21633097 
	   Ioheavy              :                             0 
	   Memory (MB)          :    4413       20480     20480 
...
