000 (112045438.136.000) 05/01 17:51:46 Job submitted from host: <128.104.100.44:9618?addrs=128.104.100.44-9618+[2607-f388-107c-501-90e2-baff-fe2c-2724]-9618&noUDP&sock=4699_0235_3>
...
001 (112045438.136.000) 05/02 02:49:45 Job executing on host: <128.105.245.175:9618?addrs=128.105.245.175-9618&noUDP&sock=5429_6bc0_3>
...
006 (112045438.136.000) 05/02 02:49:53 Image size of job updated: 624
	1  -  MemoryUsage of job (MB)
	624  -  ResidentSetSize of job (KB)
...
006 (112045438.136.000) 05/02 02:54:54 Image size of job updated: 648
	1  -  MemoryUsage of job (MB)
	648  -  ResidentSetSize of job (KB)
...
006 (112045438.136.000) 05/02 02:59:55 Image size of job updated: 664
	1  -  MemoryUsage of job (MB)
	664  -  ResidentSetSize of job (KB)
...
006 (112045438.136.000) 05/02 03:04:55 Image size of job updated: 287688
	205  -  MemoryUsage of job (MB)
	209704  -  ResidentSetSize of job (KB)
...
006 (112045438.136.000) 05/02 03:09:56 Image size of job updated: 616244
	526  -  MemoryUsage of job (MB)
	538252  -  ResidentSetSize of job (KB)
...
006 (112045438.136.000) 05/02 03:14:57 Image size of job updated: 1039824
	940  -  MemoryUsage of job (MB)
	961772  -  ResidentSetSize of job (KB)
...
006 (112045438.136.000) 05/02 03:19:57 Image size of job updated: 1474828
	1365  -  MemoryUsage of job (MB)
	1396776  -  ResidentSetSize of job (KB)
...
006 (112045438.136.000) 05/02 03:24:58 Image size of job updated: 2332648
	2202  -  MemoryUsage of job (MB)
	2254596  -  ResidentSetSize of job (KB)
...
006 (112045438.136.000) 05/02 03:29:58 Image size of job updated: 3045260
	2898  -  MemoryUsage of job (MB)
	2967208  -  ResidentSetSize of job (KB)
...
006 (112045438.136.000) 05/02 03:34:58 Image size of job updated: 3806184
	3641  -  MemoryUsage of job (MB)
	3728132  -  ResidentSetSize of job (KB)
...
006 (112045438.136.000) 05/02 03:39:59 Image size of job updated: 4475584
	4295  -  MemoryUsage of job (MB)
	4397532  -  ResidentSetSize of job (KB)
...
006 (112045438.136.000) 05/02 03:44:59 Image size of job updated: 5236360
	5038  -  MemoryUsage of job (MB)
	5158308  -  ResidentSetSize of job (KB)
...
006 (112045438.136.000) 05/02 03:50:00 Image size of job updated: 5870448
	5657  -  MemoryUsage of job (MB)
	5792396  -  ResidentSetSize of job (KB)
...
006 (112045438.136.000) 05/02 03:55:00 Image size of job updated: 6533668
	6305  -  MemoryUsage of job (MB)
	6455616  -  ResidentSetSize of job (KB)
...
006 (112045438.136.000) 05/02 04:00:00 Image size of job updated: 7753860
	7496  -  MemoryUsage of job (MB)
	7675808  -  ResidentSetSize of job (KB)
...
006 (112045438.136.000) 05/02 04:05:01 Image size of job updated: 8651176
	8373  -  MemoryUsage of job (MB)
	8573124  -  ResidentSetSize of job (KB)
...
006 (112045438.136.000) 05/02 04:10:02 Image size of job updated: 9378752
	9083  -  MemoryUsage of job (MB)
	9300700  -  ResidentSetSize of job (KB)
...
006 (112045438.136.000) 05/02 04:15:02 Image size of job updated: 9946268
	9637  -  MemoryUsage of job (MB)
	9868216  -  ResidentSetSize of job (KB)
...
006 (112045438.136.000) 05/02 04:20:03 Image size of job updated: 10506732
	10185  -  MemoryUsage of job (MB)
	10428680  -  ResidentSetSize of job (KB)
...
006 (112045438.136.000) 05/02 04:25:03 Image size of job updated: 11099152
	10763  -  MemoryUsage of job (MB)
	11021100  -  ResidentSetSize of job (KB)
...
006 (112045438.136.000) 05/02 04:30:03 Image size of job updated: 11735420
	11385  -  MemoryUsage of job (MB)
	11657368  -  ResidentSetSize of job (KB)
...
006 (112045438.136.000) 05/02 04:35:03 Image size of job updated: 12550768
	12181  -  MemoryUsage of job (MB)
	12472716  -  ResidentSetSize of job (KB)
...
006 (112045438.136.000) 05/02 04:40:04 Image size of job updated: 12977352
	12597  -  MemoryUsage of job (MB)
	12899300  -  ResidentSetSize of job (KB)
...
006 (112045438.136.000) 05/02 04:45:05 Image size of job updated: 13559920
	13166  -  MemoryUsage of job (MB)
	13481868  -  ResidentSetSize of job (KB)
...
006 (112045438.136.000) 05/02 04:50:05 Image size of job updated: 13999176
	13595  -  MemoryUsage of job (MB)
	13921124  -  ResidentSetSize of job (KB)
...
006 (112045438.136.000) 05/02 04:55:06 Image size of job updated: 15053728
	14625  -  MemoryUsage of job (MB)
	14975676  -  ResidentSetSize of job (KB)
...
006 (112045438.136.000) 05/02 05:00:06 Image size of job updated: 15607828
	15166  -  MemoryUsage of job (MB)
	15529112  -  ResidentSetSize of job (KB)
...
006 (112045438.136.000) 05/02 05:05:06 Image size of job updated: 16265852
	15807  -  MemoryUsage of job (MB)
	16185912  -  ResidentSetSize of job (KB)
...
006 (112045438.136.000) 05/02 05:10:07 Image size of job updated: 16748516
	16277  -  MemoryUsage of job (MB)
	16667024  -  ResidentSetSize of job (KB)
...
006 (112045438.136.000) 05/02 05:15:09 Image size of job updated: 17378484
	16888  -  MemoryUsage of job (MB)
	17292796  -  ResidentSetSize of job (KB)
...
006 (112045438.136.000) 05/02 05:20:09 Image size of job updated: 17905892
	17397  -  MemoryUsage of job (MB)
	17813796  -  ResidentSetSize of job (KB)
...
006 (112045438.136.000) 05/02 05:25:09 Image size of job updated: 18514752
	17986  -  MemoryUsage of job (MB)
	18417452  -  ResidentSetSize of job (KB)
...
006 (112045438.136.000) 05/02 05:30:10 Image size of job updated: 19179428
	18629  -  MemoryUsage of job (MB)
	19075320  -  ResidentSetSize of job (KB)
...
006 (112045438.136.000) 05/02 05:35:10 Image size of job updated: 19949364
	19358  -  MemoryUsage of job (MB)
	19822328  -  ResidentSetSize of job (KB)
...
006 (112045438.136.000) 05/02 05:40:10 Image size of job updated: 20919944
	20198  -  MemoryUsage of job (MB)
	20681792  -  ResidentSetSize of job (KB)
...
006 (112045438.136.000) 05/02 05:45:11 Image size of job updated: 21502024
	20428  -  MemoryUsage of job (MB)
	20918020  -  ResidentSetSize of job (KB)
...
006 (112045438.136.000) 05/02 05:50:12 Image size of job updated: 21910364
	20440  -  MemoryUsage of job (MB)
	20930352  -  ResidentSetSize of job (KB)
...
006 (112045438.136.000) 05/02 05:55:12 Image size of job updated: 22290684
	20442  -  MemoryUsage of job (MB)
	20931792  -  ResidentSetSize of job (KB)
...
006 (112045438.136.000) 05/02 06:00:13 Image size of job updated: 22810044
	20459  -  MemoryUsage of job (MB)
	20949392  -  ResidentSetSize of job (KB)
...
005 (112045438.136.000) 05/02 06:03:59 Job terminated.
	(1) Normal termination (return value 0)
		Usr 0 02:13:38, Sys 0 00:02:20  -  Run Remote Usage
		Usr 0 00:00:00, Sys 0 00:00:00  -  Run Local Usage
		Usr 0 02:13:38, Sys 0 00:02:20  -  Total Remote Usage
		Usr 0 00:00:00, Sys 0 00:00:00  -  Total Local Usage
	22504762  -  Run Bytes Sent By Job
	1780294016  -  Run Bytes Received By Job
	22504762  -  Total Bytes Sent By Job
	1780294016  -  Total Bytes Received By Job
	Partitionable Resources :      Usage  Request Allocated 
	   Cpus                 :       0.48        1         1 
	   Disk (KB)            : 6888542    20971520  21232964 
	   Ioheavy              :                             0 
	   Memory (MB)          :   20459       20480     20480 
...
