000 (112045438.190.000) 05/01 17:51:46 Job submitted from host: <128.104.100.44:9618?addrs=128.104.100.44-9618+[2607-f388-107c-501-90e2-baff-fe2c-2724]-9618&noUDP&sock=4699_0235_3>
...
001 (112045438.190.000) 05/02 03:29:59 Job executing on host: <128.105.245.182:9618?addrs=128.105.245.182-9618&noUDP&sock=5445_6544_46>
...
006 (112045438.190.000) 05/02 03:30:07 Image size of job updated: 620
	1  -  MemoryUsage of job (MB)
	620  -  ResidentSetSize of job (KB)
...
006 (112045438.190.000) 05/02 03:35:09 Image size of job updated: 628
	1  -  MemoryUsage of job (MB)
	628  -  ResidentSetSize of job (KB)
...
006 (112045438.190.000) 05/02 03:55:08 Image size of job updated: 632
	1  -  MemoryUsage of job (MB)
	632  -  ResidentSetSize of job (KB)
...
006 (112045438.190.000) 05/02 04:00:11 Image size of job updated: 652
	1  -  MemoryUsage of job (MB)
	652  -  ResidentSetSize of job (KB)
...
006 (112045438.190.000) 05/02 04:10:10 Image size of job updated: 656
	1  -  MemoryUsage of job (MB)
	656  -  ResidentSetSize of job (KB)
...
006 (112045438.190.000) 05/02 04:20:18 Image size of job updated: 668
	1  -  MemoryUsage of job (MB)
	668  -  ResidentSetSize of job (KB)
...
006 (112045438.190.000) 05/02 04:30:12 Image size of job updated: 332864
	249  -  MemoryUsage of job (MB)
	254872  -  ResidentSetSize of job (KB)
...
006 (112045438.190.000) 05/02 04:35:31 Image size of job updated: 395652
	311  -  MemoryUsage of job (MB)
	317660  -  ResidentSetSize of job (KB)
...
006 (112045438.190.000) 05/02 04:40:14 Image size of job updated: 451648
	365  -  MemoryUsage of job (MB)
	373656  -  ResidentSetSize of job (KB)
...
006 (112045438.190.000) 05/02 04:50:14 Image size of job updated: 534312
	446  -  MemoryUsage of job (MB)
	456320  -  ResidentSetSize of job (KB)
...
006 (112045438.190.000) 05/02 04:55:15 Image size of job updated: 839736
	744  -  MemoryUsage of job (MB)
	761684  -  ResidentSetSize of job (KB)
...
006 (112045438.190.000) 05/02 05:00:15 Image size of job updated: 1196664
	1093  -  MemoryUsage of job (MB)
	1118612  -  ResidentSetSize of job (KB)
...
006 (112045438.190.000) 05/02 05:05:15 Image size of job updated: 1545832
	1434  -  MemoryUsage of job (MB)
	1467780  -  ResidentSetSize of job (KB)
...
006 (112045438.190.000) 05/02 05:10:15 Image size of job updated: 1907992
	1788  -  MemoryUsage of job (MB)
	1829940  -  ResidentSetSize of job (KB)
...
006 (112045438.190.000) 05/02 05:15:16 Image size of job updated: 2317908
	2188  -  MemoryUsage of job (MB)
	2239856  -  ResidentSetSize of job (KB)
...
006 (112045438.190.000) 05/02 05:30:15 Image size of job updated: 4228136
	4053  -  MemoryUsage of job (MB)
	4150084  -  ResidentSetSize of job (KB)
...
006 (112045438.190.000) 05/02 06:00:40 Image size of job updated: 7774168
	7516  -  MemoryUsage of job (MB)
	7696116  -  ResidentSetSize of job (KB)
...
006 (112045438.190.000) 05/02 06:25:03 Image size of job updated: 10874600
	10544  -  MemoryUsage of job (MB)
	10796548  -  ResidentSetSize of job (KB)
...
006 (112045438.190.000) 05/02 06:39:50 Image size of job updated: 12664400
	12292  -  MemoryUsage of job (MB)
	12586348  -  ResidentSetSize of job (KB)
...
006 (112045438.190.000) 05/02 06:48:53 Image size of job updated: 13583684
	13190  -  MemoryUsage of job (MB)
	13505632  -  ResidentSetSize of job (KB)
...
006 (112045438.190.000) 05/02 06:54:27 Image size of job updated: 14298092
	13887  -  MemoryUsage of job (MB)
	14220040  -  ResidentSetSize of job (KB)
...
006 (112045438.190.000) 05/02 06:59:28 Image size of job updated: 14950248
	14524  -  MemoryUsage of job (MB)
	14872196  -  ResidentSetSize of job (KB)
...
006 (112045438.190.000) 05/02 07:04:29 Image size of job updated: 15452432
	15014  -  MemoryUsage of job (MB)
	15374140  -  ResidentSetSize of job (KB)
...
006 (112045438.190.000) 05/02 07:09:29 Image size of job updated: 15951440
	15501  -  MemoryUsage of job (MB)
	15872272  -  ResidentSetSize of job (KB)
...
006 (112045438.190.000) 05/02 07:14:30 Image size of job updated: 16480652
	16017  -  MemoryUsage of job (MB)
	16401000  -  ResidentSetSize of job (KB)
...
006 (112045438.190.000) 05/02 07:19:31 Image size of job updated: 17130232
	16648  -  MemoryUsage of job (MB)
	17046808  -  ResidentSetSize of job (KB)
...
006 (112045438.190.000) 05/02 07:24:31 Image size of job updated: 17864596
	17357  -  MemoryUsage of job (MB)
	17773416  -  ResidentSetSize of job (KB)
...
006 (112045438.190.000) 05/02 07:29:31 Image size of job updated: 18307540
	17783  -  MemoryUsage of job (MB)
	18209584  -  ResidentSetSize of job (KB)
...
006 (112045438.190.000) 05/02 07:34:32 Image size of job updated: 18827028
	18284  -  MemoryUsage of job (MB)
	18722456  -  ResidentSetSize of job (KB)
...
006 (112045438.190.000) 05/02 07:39:33 Image size of job updated: 19174508
	18621  -  MemoryUsage of job (MB)
	19067100  -  ResidentSetSize of job (KB)
...
006 (112045438.190.000) 05/02 07:44:34 Image size of job updated: 19738296
	19163  -  MemoryUsage of job (MB)
	19622124  -  ResidentSetSize of job (KB)
...
006 (112045438.190.000) 05/02 07:49:34 Image size of job updated: 20413036
	19789  -  MemoryUsage of job (MB)
	20262992  -  ResidentSetSize of job (KB)
...
006 (112045438.190.000) 05/02 07:54:36 Image size of job updated: 20567292
	19924  -  MemoryUsage of job (MB)
	20402144  -  ResidentSetSize of job (KB)
...
006 (112045438.190.000) 05/02 07:59:46 Image size of job updated: 20840684
	20155  -  MemoryUsage of job (MB)
	20637776  -  ResidentSetSize of job (KB)
...
006 (112045438.190.000) 05/02 08:04:36 Image size of job updated: 21426244
	20434  -  MemoryUsage of job (MB)
	20923872  -  ResidentSetSize of job (KB)
...
006 (112045438.190.000) 05/02 08:09:38 Image size of job updated: 21908612
	20434  -  MemoryUsage of job (MB)
	20923872  -  ResidentSetSize of job (KB)
...
006 (112045438.190.000) 05/02 08:14:38 Image size of job updated: 22174464
	20439  -  MemoryUsage of job (MB)
	20929440  -  ResidentSetSize of job (KB)
...
006 (112045438.190.000) 05/02 08:19:38 Image size of job updated: 22370608
	20465  -  MemoryUsage of job (MB)
	20955552  -  ResidentSetSize of job (KB)
...
006 (112045438.190.000) 05/02 08:24:38 Image size of job updated: 22790608
	20466  -  MemoryUsage of job (MB)
	20956940  -  ResidentSetSize of job (KB)
...
005 (112045438.190.000) 05/02 08:27:57 Job terminated.
	(1) Normal termination (return value 0)
		Usr 0 02:30:37, Sys 0 00:03:01  -  Run Remote Usage
		Usr 0 00:00:00, Sys 0 00:00:00  -  Run Local Usage
		Usr 0 02:30:37, Sys 0 00:03:01  -  Total Remote Usage
		Usr 0 00:00:00, Sys 0 00:00:00  -  Total Local Usage
	22474788  -  Run Bytes Sent By Job
	1780294016  -  Run Bytes Received By Job
	22474788  -  Total Bytes Sent By Job
	1780294016  -  Total Bytes Received By Job
	Partitionable Resources :      Usage  Request Allocated 
	   Cpus                 :       0.65        1         1 
	   Disk (KB)            : 6851674    20971520  21268627 
	   Ioheavy              :                             0 
	   Memory (MB)          :   20466       20480     20480 
...
