000 (112045438.002.000) 05/01 17:51:46 Job submitted from host: <128.104.100.44:9618?addrs=128.104.100.44-9618+[2607-f388-107c-501-90e2-baff-fe2c-2724]-9618&noUDP&sock=4699_0235_3>
...
001 (112045438.002.000) 05/02 01:15:24 Job executing on host: <128.105.245.214:9618?addrs=128.105.245.214-9618&noUDP&sock=5455_4137_3>
...
006 (112045438.002.000) 05/02 01:15:33 Image size of job updated: 632
	1  -  MemoryUsage of job (MB)
	632  -  ResidentSetSize of job (KB)
...
006 (112045438.002.000) 05/02 01:20:35 Image size of job updated: 672
	1  -  MemoryUsage of job (MB)
	672  -  ResidentSetSize of job (KB)
...
006 (112045438.002.000) 05/02 01:25:34 Image size of job updated: 652436
	561  -  MemoryUsage of job (MB)
	574444  -  ResidentSetSize of job (KB)
...
006 (112045438.002.000) 05/02 01:30:35 Image size of job updated: 1088284
	987  -  MemoryUsage of job (MB)
	1010232  -  ResidentSetSize of job (KB)
...
006 (112045438.002.000) 05/02 01:35:35 Image size of job updated: 1478040
	1368  -  MemoryUsage of job (MB)
	1399988  -  ResidentSetSize of job (KB)
...
006 (112045438.002.000) 05/02 01:40:36 Image size of job updated: 1924832
	1804  -  MemoryUsage of job (MB)
	1846780  -  ResidentSetSize of job (KB)
...
006 (112045438.002.000) 05/02 01:45:36 Image size of job updated: 2552388
	2417  -  MemoryUsage of job (MB)
	2474336  -  ResidentSetSize of job (KB)
...
006 (112045438.002.000) 05/02 01:50:36 Image size of job updated: 3151076
	3001  -  MemoryUsage of job (MB)
	3073024  -  ResidentSetSize of job (KB)
...
006 (112045438.002.000) 05/02 01:55:38 Image size of job updated: 3848668
	3683  -  MemoryUsage of job (MB)
	3770616  -  ResidentSetSize of job (KB)
...
006 (112045438.002.000) 05/02 02:00:38 Image size of job updated: 4746208
	4559  -  MemoryUsage of job (MB)
	4668156  -  ResidentSetSize of job (KB)
...
006 (112045438.002.000) 05/02 02:05:38 Image size of job updated: 5426380
	5223  -  MemoryUsage of job (MB)
	5348328  -  ResidentSetSize of job (KB)
...
006 (112045438.002.000) 05/02 02:10:39 Image size of job updated: 6095908
	5877  -  MemoryUsage of job (MB)
	6017856  -  ResidentSetSize of job (KB)
...
006 (112045438.002.000) 05/02 02:15:39 Image size of job updated: 6707840
	6475  -  MemoryUsage of job (MB)
	6629788  -  ResidentSetSize of job (KB)
...
006 (112045438.002.000) 05/02 02:20:39 Image size of job updated: 7253516
	7008  -  MemoryUsage of job (MB)
	7175464  -  ResidentSetSize of job (KB)
...
006 (112045438.002.000) 05/02 02:25:39 Image size of job updated: 7752804
	7495  -  MemoryUsage of job (MB)
	7674752  -  ResidentSetSize of job (KB)
...
006 (112045438.002.000) 05/02 02:30:40 Image size of job updated: 8488956
	8214  -  MemoryUsage of job (MB)
	8410904  -  ResidentSetSize of job (KB)
...
006 (112045438.002.000) 05/02 02:30:45 Image size of job updated: 8492412
	8217  -  MemoryUsage of job (MB)
	8413712  -  ResidentSetSize of job (KB)
...
005 (112045438.002.000) 05/02 02:30:46 Job terminated.
	(1) Normal termination (return value 0)
		Usr 0 00:52:35, Sys 0 00:00:57  -  Run Remote Usage
		Usr 0 00:00:00, Sys 0 00:00:00  -  Run Local Usage
		Usr 0 00:52:35, Sys 0 00:00:57  -  Total Remote Usage
		Usr 0 00:00:00, Sys 0 00:00:00  -  Total Local Usage
	10357698  -  Run Bytes Sent By Job
	1780294016  -  Run Bytes Received By Job
	10357698  -  Total Bytes Sent By Job
	1780294016  -  Total Bytes Received By Job
	Partitionable Resources :      Usage  Request Allocated 
	   Cpus                 :       0.82        1         1 
	   Disk (KB)            : 6874966    20971520  22194424 
	   Ioheavy              :                             0 
	   Memory (MB)          :    8217       20480     20480 
...
