000 (112045438.033.000) 05/01 17:51:46 Job submitted from host: <128.104.100.44:9618?addrs=128.104.100.44-9618+[2607-f388-107c-501-90e2-baff-fe2c-2724]-9618&noUDP&sock=4699_0235_3>
...
001 (112045438.033.000) 05/02 01:44:26 Job executing on host: <128.105.245.203:9618?addrs=128.105.245.203-9618&noUDP&sock=38396_0a74_3>
...
006 (112045438.033.000) 05/02 01:44:36 Image size of job updated: 624
	1  -  MemoryUsage of job (MB)
	624  -  ResidentSetSize of job (KB)
...
006 (112045438.033.000) 05/02 01:49:37 Image size of job updated: 636
	1  -  MemoryUsage of job (MB)
	636  -  ResidentSetSize of job (KB)
...
006 (112045438.033.000) 05/02 01:54:38 Image size of job updated: 656
	1  -  MemoryUsage of job (MB)
	656  -  ResidentSetSize of job (KB)
...
006 (112045438.033.000) 05/02 01:59:38 Image size of job updated: 275540
	193  -  MemoryUsage of job (MB)
	197556  -  ResidentSetSize of job (KB)
...
006 (112045438.033.000) 05/02 02:04:39 Image size of job updated: 447108
	361  -  MemoryUsage of job (MB)
	369116  -  ResidentSetSize of job (KB)
...
006 (112045438.033.000) 05/02 02:09:39 Image size of job updated: 765288
	672  -  MemoryUsage of job (MB)
	687256  -  ResidentSetSize of job (KB)
...
006 (112045438.033.000) 05/02 02:14:39 Image size of job updated: 1087024
	986  -  MemoryUsage of job (MB)
	1008972  -  ResidentSetSize of job (KB)
...
006 (112045438.033.000) 05/02 02:19:40 Image size of job updated: 1630352
	1516  -  MemoryUsage of job (MB)
	1552300  -  ResidentSetSize of job (KB)
...
006 (112045438.033.000) 05/02 02:24:41 Image size of job updated: 2227112
	2099  -  MemoryUsage of job (MB)
	2149060  -  ResidentSetSize of job (KB)
...
006 (112045438.033.000) 05/02 02:29:42 Image size of job updated: 2610660
	2474  -  MemoryUsage of job (MB)
	2532608  -  ResidentSetSize of job (KB)
...
006 (112045438.033.000) 05/02 02:33:05 Image size of job updated: 3528564
	2475  -  MemoryUsage of job (MB)
	2533440  -  ResidentSetSize of job (KB)
...
005 (112045438.033.000) 05/02 02:33:07 Job terminated.
	(1) Normal termination (return value 0)
		Usr 0 00:23:51, Sys 0 00:00:31  -  Run Remote Usage
		Usr 0 00:00:00, Sys 0 00:00:00  -  Run Local Usage
		Usr 0 00:23:51, Sys 0 00:00:31  -  Total Remote Usage
		Usr 0 00:00:00, Sys 0 00:00:00  -  Total Local Usage
	5410876  -  Run Bytes Sent By Job
	1780294016  -  Run Bytes Received By Job
	5410876  -  Total Bytes Sent By Job
	1780294016  -  Total Bytes Received By Job
	Partitionable Resources :      Usage  Request Allocated 
	   Cpus                 :       0.43        1         1 
	   Disk (KB)            : 6852145    20971520  22028037 
	   Ioheavy              :                             0 
	   Memory (MB)          :    2475       20480     20480 
...
