000 (111987068.034.000) 04/30 09:11:54 Job submitted from host: <128.104.100.44:9618?addrs=128.104.100.44-9618+[2607-f388-107c-501-90e2-baff-fe2c-2724]-9618&noUDP&sock=4699_0235_3>
...
001 (111987068.034.000) 04/30 09:55:50 Job executing on host: <128.105.245.254:9618?addrs=128.105.245.254-9618&noUDP&sock=5430_1b59_27>
...
006 (111987068.034.000) 04/30 09:56:00 Image size of job updated: 624
	1  -  MemoryUsage of job (MB)
	624  -  ResidentSetSize of job (KB)
...
006 (111987068.034.000) 04/30 10:01:03 Image size of job updated: 632
	1  -  MemoryUsage of job (MB)
	632  -  ResidentSetSize of job (KB)
...
006 (111987068.034.000) 04/30 10:06:01 Image size of job updated: 652
	1  -  MemoryUsage of job (MB)
	652  -  ResidentSetSize of job (KB)
...
006 (111987068.034.000) 04/30 10:16:02 Image size of job updated: 656
	1  -  MemoryUsage of job (MB)
	656  -  ResidentSetSize of job (KB)
...
006 (111987068.034.000) 04/30 10:21:15 Image size of job updated: 668
	1  -  MemoryUsage of job (MB)
	668  -  ResidentSetSize of job (KB)
...
006 (111987068.034.000) 04/30 10:26:04 Image size of job updated: 483944
	397  -  MemoryUsage of job (MB)
	405948  -  ResidentSetSize of job (KB)
...
006 (111987068.034.000) 04/30 10:31:04 Image size of job updated: 879084
	783  -  MemoryUsage of job (MB)
	801032  -  ResidentSetSize of job (KB)
...
006 (111987068.034.000) 04/30 10:36:05 Image size of job updated: 1379332
	1271  -  MemoryUsage of job (MB)
	1301280  -  ResidentSetSize of job (KB)
...
006 (111987068.034.000) 04/30 10:41:10 Image size of job updated: 1957540
	1836  -  MemoryUsage of job (MB)
	1879488  -  ResidentSetSize of job (KB)
...
006 (111987068.034.000) 04/30 10:46:07 Image size of job updated: 2601208
	2465  -  MemoryUsage of job (MB)
	2523156  -  ResidentSetSize of job (KB)
...
006 (111987068.034.000) 04/30 10:51:05 Image size of job updated: 3381816
	3227  -  MemoryUsage of job (MB)
	3303764  -  ResidentSetSize of job (KB)
...
006 (111987068.034.000) 04/30 10:56:05 Image size of job updated: 4325064
	4148  -  MemoryUsage of job (MB)
	4247012  -  ResidentSetSize of job (KB)
...
006 (111987068.034.000) 04/30 11:01:05 Image size of job updated: 5167756
	4971  -  MemoryUsage of job (MB)
	5089704  -  ResidentSetSize of job (KB)
...
006 (111987068.034.000) 04/30 11:06:06 Image size of job updated: 6053948
	5836  -  MemoryUsage of job (MB)
	5975896  -  ResidentSetSize of job (KB)
...
006 (111987068.034.000) 04/30 11:11:07 Image size of job updated: 6867904
	6631  -  MemoryUsage of job (MB)
	6789852  -  ResidentSetSize of job (KB)
...
006 (111987068.034.000) 04/30 11:16:07 Image size of job updated: 7587264
	7334  -  MemoryUsage of job (MB)
	7509212  -  ResidentSetSize of job (KB)
...
006 (111987068.034.000) 04/30 11:21:07 Image size of job updated: 8442124
	8169  -  MemoryUsage of job (MB)
	8364072  -  ResidentSetSize of job (KB)
...
006 (111987068.034.000) 04/30 11:26:08 Image size of job updated: 9182876
	8892  -  MemoryUsage of job (MB)
	9104824  -  ResidentSetSize of job (KB)
...
006 (111987068.034.000) 04/30 11:31:09 Image size of job updated: 9841236
	9535  -  MemoryUsage of job (MB)
	9763184  -  ResidentSetSize of job (KB)
...
006 (111987068.034.000) 04/30 11:36:10 Image size of job updated: 10581432
	10258  -  MemoryUsage of job (MB)
	10503380  -  ResidentSetSize of job (KB)
...
006 (111987068.034.000) 04/30 11:41:10 Image size of job updated: 11123888
	10787  -  MemoryUsage of job (MB)
	11045836  -  ResidentSetSize of job (KB)
...
006 (111987068.034.000) 04/30 11:46:10 Image size of job updated: 11706012
	11356  -  MemoryUsage of job (MB)
	11627960  -  ResidentSetSize of job (KB)
...
006 (111987068.034.000) 04/30 11:51:12 Image size of job updated: 12180524
	11819  -  MemoryUsage of job (MB)
	12102472  -  ResidentSetSize of job (KB)
...
006 (111987068.034.000) 04/30 11:56:12 Image size of job updated: 12731028
	12357  -  MemoryUsage of job (MB)
	12652976  -  ResidentSetSize of job (KB)
...
006 (111987068.034.000) 04/30 12:01:13 Image size of job updated: 13233124
	12847  -  MemoryUsage of job (MB)
	13155072  -  ResidentSetSize of job (KB)
...
006 (111987068.034.000) 04/30 12:06:14 Image size of job updated: 13600060
	13206  -  MemoryUsage of job (MB)
	13522008  -  ResidentSetSize of job (KB)
...
006 (111987068.034.000) 04/30 12:11:17 Image size of job updated: 13730604
	13333  -  MemoryUsage of job (MB)
	13652552  -  ResidentSetSize of job (KB)
...
006 (111987068.034.000) 04/30 12:16:16 Image size of job updated: 14008904
	13605  -  MemoryUsage of job (MB)
	13930852  -  ResidentSetSize of job (KB)
...
006 (111987068.034.000) 04/30 12:21:16 Image size of job updated: 14392784
	13980  -  MemoryUsage of job (MB)
	14314732  -  ResidentSetSize of job (KB)
...
006 (111987068.034.000) 04/30 12:26:16 Image size of job updated: 15107036
	14677  -  MemoryUsage of job (MB)
	15028984  -  ResidentSetSize of job (KB)
...
006 (111987068.034.000) 04/30 12:31:17 Image size of job updated: 15888692
	15441  -  MemoryUsage of job (MB)
	15810640  -  ResidentSetSize of job (KB)
...
006 (111987068.034.000) 04/30 12:36:17 Image size of job updated: 16643820
	16178  -  MemoryUsage of job (MB)
	16565768  -  ResidentSetSize of job (KB)
...
006 (111987068.034.000) 04/30 12:41:17 Image size of job updated: 17033416
	16558  -  MemoryUsage of job (MB)
	16955364  -  ResidentSetSize of job (KB)
...
006 (111987068.034.000) 04/30 12:46:17 Image size of job updated: 17166044
	16688  -  MemoryUsage of job (MB)
	17087992  -  ResidentSetSize of job (KB)
...
006 (111987068.034.000) 04/30 12:51:18 Image size of job updated: 17409704
	16926  -  MemoryUsage of job (MB)
	17331428  -  ResidentSetSize of job (KB)
...
006 (111987068.034.000) 04/30 12:56:19 Image size of job updated: 17684164
	17194  -  MemoryUsage of job (MB)
	17605760  -  ResidentSetSize of job (KB)
...
006 (111987068.034.000) 04/30 13:01:21 Image size of job updated: 17975364
	17477  -  MemoryUsage of job (MB)
	17895888  -  ResidentSetSize of job (KB)
...
006 (111987068.034.000) 04/30 13:06:21 Image size of job updated: 18204916
	17701  -  MemoryUsage of job (MB)
	18124908  -  ResidentSetSize of job (KB)
...
006 (111987068.034.000) 04/30 13:11:21 Image size of job updated: 18338324
	17831  -  MemoryUsage of job (MB)
	18258316  -  ResidentSetSize of job (KB)
...
006 (111987068.034.000) 04/30 13:16:22 Image size of job updated: 18624816
	18111  -  MemoryUsage of job (MB)
	18544680  -  ResidentSetSize of job (KB)
...
006 (111987068.034.000) 04/30 13:21:23 Image size of job updated: 18933580
	18411  -  MemoryUsage of job (MB)
	18852420  -  ResidentSetSize of job (KB)
...
006 (111987068.034.000) 04/30 13:26:24 Image size of job updated: 19267436
	18736  -  MemoryUsage of job (MB)
	19184868  -  ResidentSetSize of job (KB)
...
006 (111987068.034.000) 04/30 13:31:25 Image size of job updated: 19616220
	19074  -  MemoryUsage of job (MB)
	19531484  -  ResidentSetSize of job (KB)
...
006 (111987068.034.000) 04/30 13:36:24 Image size of job updated: 19815304
	19265  -  MemoryUsage of job (MB)
	19727160  -  ResidentSetSize of job (KB)
...
006 (111987068.034.000) 04/30 13:41:39 Image size of job updated: 19935564
	19381  -  MemoryUsage of job (MB)
	19845192  -  ResidentSetSize of job (KB)
...
006 (111987068.034.000) 04/30 13:46:25 Image size of job updated: 20156276
	19593  -  MemoryUsage of job (MB)
	20063076  -  ResidentSetSize of job (KB)
...
006 (111987068.034.000) 04/30 13:51:26 Image size of job updated: 20243524
	19669  -  MemoryUsage of job (MB)
	20140884  -  ResidentSetSize of job (KB)
...
006 (111987068.034.000) 04/30 13:56:27 Image size of job updated: 20454040
	19859  -  MemoryUsage of job (MB)
	20335040  -  ResidentSetSize of job (KB)
...
006 (111987068.034.000) 04/30 14:01:27 Image size of job updated: 20543200
	19934  -  MemoryUsage of job (MB)
	20412376  -  ResidentSetSize of job (KB)
...
006 (111987068.034.000) 04/30 14:06:27 Image size of job updated: 20707780
	20071  -  MemoryUsage of job (MB)
	20552528  -  ResidentSetSize of job (KB)
...
006 (111987068.034.000) 04/30 14:11:27 Image size of job updated: 20882644
	20190  -  MemoryUsage of job (MB)
	20673540  -  ResidentSetSize of job (KB)
...
006 (111987068.034.000) 04/30 14:16:29 Image size of job updated: 20943880
	20227  -  MemoryUsage of job (MB)
	20712204  -  ResidentSetSize of job (KB)
...
006 (111987068.034.000) 04/30 14:21:30 Image size of job updated: 21142888
	20345  -  MemoryUsage of job (MB)
	20832640  -  ResidentSetSize of job (KB)
...
006 (111987068.034.000) 04/30 14:26:29 Image size of job updated: 21231816
	20373  -  MemoryUsage of job (MB)
	20861324  -  ResidentSetSize of job (KB)
...
006 (111987068.034.000) 04/30 14:31:29 Image size of job updated: 21368432
	20445  -  MemoryUsage of job (MB)
	20935564  -  ResidentSetSize of job (KB)
...
006 (111987068.034.000) 04/30 14:36:30 Image size of job updated: 21519720
	20445  -  MemoryUsage of job (MB)
	20935564  -  ResidentSetSize of job (KB)
...
006 (111987068.034.000) 04/30 14:41:31 Image size of job updated: 21752220
	20452  -  MemoryUsage of job (MB)
	20942216  -  ResidentSetSize of job (KB)
...
006 (111987068.034.000) 04/30 14:46:32 Image size of job updated: 21844812
	20452  -  MemoryUsage of job (MB)
	20942280  -  ResidentSetSize of job (KB)
...
006 (111987068.034.000) 04/30 14:51:32 Image size of job updated: 21956204
	20452  -  MemoryUsage of job (MB)
	20942280  -  ResidentSetSize of job (KB)
...
006 (111987068.034.000) 04/30 14:56:32 Image size of job updated: 22159948
	20452  -  MemoryUsage of job (MB)
	20942280  -  ResidentSetSize of job (KB)
...
006 (111987068.034.000) 04/30 15:01:32 Image size of job updated: 22272460
	20452  -  MemoryUsage of job (MB)
	20942280  -  ResidentSetSize of job (KB)
...
006 (111987068.034.000) 04/30 15:06:33 Image size of job updated: 22497204
	20454  -  MemoryUsage of job (MB)
	20944548  -  ResidentSetSize of job (KB)
...
006 (111987068.034.000) 04/30 15:11:33 Image size of job updated: 22582860
	20454  -  MemoryUsage of job (MB)
	20944548  -  ResidentSetSize of job (KB)
...
006 (111987068.034.000) 04/30 15:16:37 Image size of job updated: 22689468
	20454  -  MemoryUsage of job (MB)
	20944548  -  ResidentSetSize of job (KB)
...
006 (111987068.034.000) 04/30 15:21:33 Image size of job updated: 22871248
	20454  -  MemoryUsage of job (MB)
	20944548  -  ResidentSetSize of job (KB)
...
006 (111987068.034.000) 04/30 15:26:33 Image size of job updated: 22988860
	20454  -  MemoryUsage of job (MB)
	20944548  -  ResidentSetSize of job (KB)
...
006 (111987068.034.000) 04/30 15:31:34 Image size of job updated: 23091428
	20454  -  MemoryUsage of job (MB)
	20944548  -  ResidentSetSize of job (KB)
...
005 (111987068.034.000) 04/30 15:31:42 Job terminated.
	(1) Normal termination (return value 0)
		Usr 0 02:17:19, Sys 0 00:02:10  -  Run Remote Usage
		Usr 0 00:00:00, Sys 0 00:00:00  -  Run Local Usage
		Usr 0 02:17:19, Sys 0 00:02:10  -  Total Remote Usage
		Usr 0 00:00:00, Sys 0 00:00:00  -  Total Local Usage
	24444040  -  Run Bytes Sent By Job
	1780294400  -  Run Bytes Received By Job
	24444040  -  Total Bytes Sent By Job
	1780294400  -  Total Bytes Received By Job
	Partitionable Resources :      Usage  Request Allocated 
	   Cpus                 :       0.05        1         1 
	   Disk (KB)            : 6853599    20971520  21109586 
	   Ioheavy              :                             0 
	   Memory (MB)          :   20454       20480     20480 
...
