000 (111987068.010.000) 04/30 09:11:54 Job submitted from host: <128.104.100.44:9618?addrs=128.104.100.44-9618+[2607-f388-107c-501-90e2-baff-fe2c-2724]-9618&noUDP&sock=4699_0235_3>
...
001 (111987068.010.000) 04/30 09:17:13 Job executing on host: <128.105.245.189:9618?addrs=128.105.245.189-9618&noUDP&sock=5433_2a21_3>
...
006 (111987068.010.000) 04/30 09:17:22 Image size of job updated: 644
	1  -  MemoryUsage of job (MB)
	644  -  ResidentSetSize of job (KB)
...
006 (111987068.010.000) 04/30 09:22:23 Image size of job updated: 648
	1  -  MemoryUsage of job (MB)
	648  -  ResidentSetSize of job (KB)
...
006 (111987068.010.000) 04/30 09:27:25 Image size of job updated: 668
	1  -  MemoryUsage of job (MB)
	668  -  ResidentSetSize of job (KB)
...
006 (111987068.010.000) 04/30 09:37:26 Image size of job updated: 672
	1  -  MemoryUsage of job (MB)
	672  -  ResidentSetSize of job (KB)
...
006 (111987068.010.000) 04/30 09:42:25 Image size of job updated: 684
	1  -  MemoryUsage of job (MB)
	684  -  ResidentSetSize of job (KB)
...
006 (111987068.010.000) 04/30 09:47:26 Image size of job updated: 510372
	423  -  MemoryUsage of job (MB)
	432380  -  ResidentSetSize of job (KB)
...
006 (111987068.010.000) 04/30 09:52:27 Image size of job updated: 936164
	839  -  MemoryUsage of job (MB)
	858116  -  ResidentSetSize of job (KB)
...
006 (111987068.010.000) 04/30 09:57:27 Image size of job updated: 1472800
	1363  -  MemoryUsage of job (MB)
	1394752  -  ResidentSetSize of job (KB)
...
006 (111987068.010.000) 04/30 10:02:28 Image size of job updated: 2150992
	2025  -  MemoryUsage of job (MB)
	2072944  -  ResidentSetSize of job (KB)
...
006 (111987068.010.000) 04/30 10:07:29 Image size of job updated: 2940228
	2796  -  MemoryUsage of job (MB)
	2862180  -  ResidentSetSize of job (KB)
...
006 (111987068.010.000) 04/30 10:12:30 Image size of job updated: 3846328
	3680  -  MemoryUsage of job (MB)
	3768280  -  ResidentSetSize of job (KB)
...
006 (111987068.010.000) 04/30 10:17:30 Image size of job updated: 4821888
	4633  -  MemoryUsage of job (MB)
	4743840  -  ResidentSetSize of job (KB)
...
006 (111987068.010.000) 04/30 10:22:30 Image size of job updated: 5774344
	5563  -  MemoryUsage of job (MB)
	5696296  -  ResidentSetSize of job (KB)
...
006 (111987068.010.000) 04/30 10:27:31 Image size of job updated: 6666476
	6435  -  MemoryUsage of job (MB)
	6588428  -  ResidentSetSize of job (KB)
...
006 (111987068.010.000) 04/30 10:32:32 Image size of job updated: 7536316
	7284  -  MemoryUsage of job (MB)
	7458268  -  ResidentSetSize of job (KB)
...
006 (111987068.010.000) 04/30 10:37:32 Image size of job updated: 8377316
	8105  -  MemoryUsage of job (MB)
	8299268  -  ResidentSetSize of job (KB)
...
006 (111987068.010.000) 04/30 10:42:32 Image size of job updated: 9228236
	8936  -  MemoryUsage of job (MB)
	9150188  -  ResidentSetSize of job (KB)
...
006 (111987068.010.000) 04/30 10:47:33 Image size of job updated: 9992148
	9682  -  MemoryUsage of job (MB)
	9914100  -  ResidentSetSize of job (KB)
...
006 (111987068.010.000) 04/30 10:52:34 Image size of job updated: 10738452
	10411  -  MemoryUsage of job (MB)
	10660404  -  ResidentSetSize of job (KB)
...
006 (111987068.010.000) 04/30 10:57:34 Image size of job updated: 11487696
	11143  -  MemoryUsage of job (MB)
	11409648  -  ResidentSetSize of job (KB)
...
006 (111987068.010.000) 04/30 11:02:34 Image size of job updated: 12271948
	11909  -  MemoryUsage of job (MB)
	12193900  -  ResidentSetSize of job (KB)
...
006 (111987068.010.000) 04/30 11:07:34 Image size of job updated: 12757404
	12383  -  MemoryUsage of job (MB)
	12679356  -  ResidentSetSize of job (KB)
...
006 (111987068.010.000) 04/30 11:12:35 Image size of job updated: 13251424
	12865  -  MemoryUsage of job (MB)
	13173376  -  ResidentSetSize of job (KB)
...
006 (111987068.010.000) 04/30 11:17:36 Image size of job updated: 13869436
	13469  -  MemoryUsage of job (MB)
	13791388  -  ResidentSetSize of job (KB)
...
006 (111987068.010.000) 04/30 11:22:37 Image size of job updated: 14636516
	14218  -  MemoryUsage of job (MB)
	14558468  -  ResidentSetSize of job (KB)
...
006 (111987068.010.000) 04/30 11:27:38 Image size of job updated: 15079188
	14650  -  MemoryUsage of job (MB)
	15001140  -  ResidentSetSize of job (KB)
...
006 (111987068.010.000) 04/30 11:32:38 Image size of job updated: 15801660
	15356  -  MemoryUsage of job (MB)
	15723612  -  ResidentSetSize of job (KB)
...
006 (111987068.010.000) 04/30 11:37:39 Image size of job updated: 16354240
	15895  -  MemoryUsage of job (MB)
	16276064  -  ResidentSetSize of job (KB)
...
006 (111987068.010.000) 04/30 11:42:39 Image size of job updated: 17047140
	16571  -  MemoryUsage of job (MB)
	16967760  -  ResidentSetSize of job (KB)
...
006 (111987068.010.000) 04/30 11:47:39 Image size of job updated: 17463244
	16976  -  MemoryUsage of job (MB)
	17382776  -  ResidentSetSize of job (KB)
...
006 (111987068.010.000) 04/30 11:52:39 Image size of job updated: 18184900
	17678  -  MemoryUsage of job (MB)
	18101680  -  ResidentSetSize of job (KB)
...
006 (111987068.010.000) 04/30 11:57:40 Image size of job updated: 19161180
	18628  -  MemoryUsage of job (MB)
	19074412  -  ResidentSetSize of job (KB)
...
006 (111987068.010.000) 04/30 12:02:41 Image size of job updated: 19624080
	19072  -  MemoryUsage of job (MB)
	19528948  -  ResidentSetSize of job (KB)
...
006 (111987068.010.000) 04/30 12:07:41 Image size of job updated: 20247828
	19660  -  MemoryUsage of job (MB)
	20131024  -  ResidentSetSize of job (KB)
...
006 (111987068.010.000) 04/30 12:12:42 Image size of job updated: 20851180
	20176  -  MemoryUsage of job (MB)
	20659620  -  ResidentSetSize of job (KB)
...
006 (111987068.010.000) 04/30 12:17:42 Image size of job updated: 21475200
	20450  -  MemoryUsage of job (MB)
	20939992  -  ResidentSetSize of job (KB)
...
006 (111987068.010.000) 04/30 12:22:42 Image size of job updated: 21910268
	20450  -  MemoryUsage of job (MB)
	20939992  -  ResidentSetSize of job (KB)
...
006 (111987068.010.000) 04/30 12:27:43 Image size of job updated: 22568544
	20450  -  MemoryUsage of job (MB)
	20940292  -  ResidentSetSize of job (KB)
...
006 (111987068.010.000) 04/30 12:32:43 Image size of job updated: 23017780
	20450  -  MemoryUsage of job (MB)
	20940292  -  ResidentSetSize of job (KB)
...
005 (111987068.010.000) 04/30 12:33:47 Job terminated.
	(1) Normal termination (return value 0)
		Usr 0 02:21:19, Sys 0 00:02:11  -  Run Remote Usage
		Usr 0 00:00:00, Sys 0 00:00:00  -  Run Local Usage
		Usr 0 02:21:19, Sys 0 00:02:11  -  Total Remote Usage
		Usr 0 00:00:00, Sys 0 00:00:00  -  Total Local Usage
	24159856  -  Run Bytes Sent By Job
	1780294400  -  Run Bytes Received By Job
	24159856  -  Total Bytes Sent By Job
	1780294400  -  Total Bytes Received By Job
	Partitionable Resources :      Usage  Request Allocated 
	   Cpus                 :       0.99        1         1 
	   Disk (KB)            : 6853322    20971520  21418371 
	   Ioheavy              :                             0 
	   Memory (MB)          :   20450       20480     20480 
...
