000 (111987068.078.000) 04/30 09:11:54 Job submitted from host: <128.104.100.44:9618?addrs=128.104.100.44-9618+[2607-f388-107c-501-90e2-baff-fe2c-2724]-9618&noUDP&sock=4699_0235_3>
...
001 (111987068.078.000) 04/30 10:57:10 Job executing on host: <128.105.245.222:9618?addrs=128.105.245.222-9618&noUDP&sock=5446_14dd_29>
...
006 (111987068.078.000) 04/30 10:57:19 Image size of job updated: 616
	1  -  MemoryUsage of job (MB)
	616  -  ResidentSetSize of job (KB)
...
006 (111987068.078.000) 04/30 11:02:21 Image size of job updated: 644
	1  -  MemoryUsage of job (MB)
	644  -  ResidentSetSize of job (KB)
...
006 (111987068.078.000) 04/30 11:07:21 Image size of job updated: 452540
	366  -  MemoryUsage of job (MB)
	374548  -  ResidentSetSize of job (KB)
...
006 (111987068.078.000) 04/30 11:12:21 Image size of job updated: 842160
	747  -  MemoryUsage of job (MB)
	764112  -  ResidentSetSize of job (KB)
...
006 (111987068.078.000) 04/30 11:17:22 Image size of job updated: 1243496
	1139  -  MemoryUsage of job (MB)
	1165448  -  ResidentSetSize of job (KB)
...
006 (111987068.078.000) 04/30 11:22:22 Image size of job updated: 1786460
	1669  -  MemoryUsage of job (MB)
	1708412  -  ResidentSetSize of job (KB)
...
006 (111987068.078.000) 04/30 11:27:23 Image size of job updated: 2448312
	2315  -  MemoryUsage of job (MB)
	2370264  -  ResidentSetSize of job (KB)
...
006 (111987068.078.000) 04/30 11:32:24 Image size of job updated: 3216444
	3065  -  MemoryUsage of job (MB)
	3138396  -  ResidentSetSize of job (KB)
...
006 (111987068.078.000) 04/30 11:37:24 Image size of job updated: 4149568
	3977  -  MemoryUsage of job (MB)
	4071520  -  ResidentSetSize of job (KB)
...
006 (111987068.078.000) 04/30 11:42:24 Image size of job updated: 4931340
	4740  -  MemoryUsage of job (MB)
	4853292  -  ResidentSetSize of job (KB)
...
006 (111987068.078.000) 04/30 11:47:25 Image size of job updated: 5835208
	5623  -  MemoryUsage of job (MB)
	5757160  -  ResidentSetSize of job (KB)
...
006 (111987068.078.000) 04/30 11:52:26 Image size of job updated: 6602876
	6372  -  MemoryUsage of job (MB)
	6524828  -  ResidentSetSize of job (KB)
...
006 (111987068.078.000) 04/30 11:57:25 Image size of job updated: 7268220
	7022  -  MemoryUsage of job (MB)
	7190172  -  ResidentSetSize of job (KB)
...
006 (111987068.078.000) 04/30 12:02:25 Image size of job updated: 7746000
	7489  -  MemoryUsage of job (MB)
	7667952  -  ResidentSetSize of job (KB)
...
006 (111987068.078.000) 04/30 12:07:25 Image size of job updated: 8407736
	8135  -  MemoryUsage of job (MB)
	8329688  -  ResidentSetSize of job (KB)
...
006 (111987068.078.000) 04/30 12:12:26 Image size of job updated: 8985892
	8700  -  MemoryUsage of job (MB)
	8907844  -  ResidentSetSize of job (KB)
...
006 (111987068.078.000) 04/30 12:17:26 Image size of job updated: 9356316
	9061  -  MemoryUsage of job (MB)
	9278268  -  ResidentSetSize of job (KB)
...
006 (111987068.078.000) 04/30 12:22:27 Image size of job updated: 10023052
	9712  -  MemoryUsage of job (MB)
	9945004  -  ResidentSetSize of job (KB)
...
006 (111987068.078.000) 04/30 12:27:28 Image size of job updated: 10576012
	10252  -  MemoryUsage of job (MB)
	10497964  -  ResidentSetSize of job (KB)
...
006 (111987068.078.000) 04/30 12:32:27 Image size of job updated: 11104780
	10769  -  MemoryUsage of job (MB)
	11026732  -  ResidentSetSize of job (KB)
...
006 (111987068.078.000) 04/30 12:37:29 Image size of job updated: 11554176
	11208  -  MemoryUsage of job (MB)
	11476128  -  ResidentSetSize of job (KB)
...
006 (111987068.078.000) 04/30 12:42:32 Image size of job updated: 12052096
	11694  -  MemoryUsage of job (MB)
	11974048  -  ResidentSetSize of job (KB)
...
006 (111987068.078.000) 04/30 12:47:32 Image size of job updated: 12351076
	11986  -  MemoryUsage of job (MB)
	12273028  -  ResidentSetSize of job (KB)
...
006 (111987068.078.000) 04/30 12:52:31 Image size of job updated: 12664120
	12292  -  MemoryUsage of job (MB)
	12586072  -  ResidentSetSize of job (KB)
...
006 (111987068.078.000) 04/30 12:57:31 Image size of job updated: 13056620
	12675  -  MemoryUsage of job (MB)
	12978572  -  ResidentSetSize of job (KB)
...
006 (111987068.078.000) 04/30 13:02:32 Image size of job updated: 13679568
	13283  -  MemoryUsage of job (MB)
	13601520  -  ResidentSetSize of job (KB)
...
006 (111987068.078.000) 04/30 13:07:32 Image size of job updated: 14302272
	13891  -  MemoryUsage of job (MB)
	14224224  -  ResidentSetSize of job (KB)
...
006 (111987068.078.000) 04/30 13:12:32 Image size of job updated: 14843348
	14420  -  MemoryUsage of job (MB)
	14765300  -  ResidentSetSize of job (KB)
...
006 (111987068.078.000) 04/30 13:17:33 Image size of job updated: 15326780
	14892  -  MemoryUsage of job (MB)
	15248732  -  ResidentSetSize of job (KB)
...
006 (111987068.078.000) 04/30 13:22:34 Image size of job updated: 15813380
	15367  -  MemoryUsage of job (MB)
	15735332  -  ResidentSetSize of job (KB)
...
006 (111987068.078.000) 04/30 13:27:34 Image size of job updated: 16372156
	15911  -  MemoryUsage of job (MB)
	16292768  -  ResidentSetSize of job (KB)
...
006 (111987068.078.000) 04/30 13:32:36 Image size of job updated: 16883568
	16410  -  MemoryUsage of job (MB)
	16802948  -  ResidentSetSize of job (KB)
...
006 (111987068.078.000) 04/30 13:37:36 Image size of job updated: 17375380
	16884  -  MemoryUsage of job (MB)
	17289060  -  ResidentSetSize of job (KB)
...
006 (111987068.078.000) 04/30 13:42:36 Image size of job updated: 17929160
	17418  -  MemoryUsage of job (MB)
	17835716  -  ResidentSetSize of job (KB)
...
006 (111987068.078.000) 04/30 13:47:37 Image size of job updated: 18610096
	18078  -  MemoryUsage of job (MB)
	18511660  -  ResidentSetSize of job (KB)
...
006 (111987068.078.000) 04/30 13:52:37 Image size of job updated: 19205796
	18653  -  MemoryUsage of job (MB)
	19099996  -  ResidentSetSize of job (KB)
...
006 (111987068.078.000) 04/30 13:57:38 Image size of job updated: 19856016
	19282  -  MemoryUsage of job (MB)
	19744048  -  ResidentSetSize of job (KB)
...
006 (111987068.078.000) 04/30 14:02:38 Image size of job updated: 20326732
	19719  -  MemoryUsage of job (MB)
	20191812  -  ResidentSetSize of job (KB)
...
006 (111987068.078.000) 04/30 14:07:39 Image size of job updated: 20843504
	20164  -  MemoryUsage of job (MB)
	20647404  -  ResidentSetSize of job (KB)
...
006 (111987068.078.000) 04/30 14:12:39 Image size of job updated: 21163300
	20423  -  MemoryUsage of job (MB)
	20912540  -  ResidentSetSize of job (KB)
...
006 (111987068.078.000) 04/30 14:17:40 Image size of job updated: 21461436
	20445  -  MemoryUsage of job (MB)
	20935472  -  ResidentSetSize of job (KB)
...
006 (111987068.078.000) 04/30 14:22:40 Image size of job updated: 21621096
	20445  -  MemoryUsage of job (MB)
	20935472  -  ResidentSetSize of job (KB)
...
006 (111987068.078.000) 04/30 14:27:41 Image size of job updated: 21856196
	20445  -  MemoryUsage of job (MB)
	20935472  -  ResidentSetSize of job (KB)
...
006 (111987068.078.000) 04/30 14:32:46 Image size of job updated: 21983008
	20445  -  MemoryUsage of job (MB)
	20935472  -  ResidentSetSize of job (KB)
...
006 (111987068.078.000) 04/30 14:37:42 Image size of job updated: 22217028
	20445  -  MemoryUsage of job (MB)
	20935472  -  ResidentSetSize of job (KB)
...
006 (111987068.078.000) 04/30 14:42:42 Image size of job updated: 22329048
	20445  -  MemoryUsage of job (MB)
	20935472  -  ResidentSetSize of job (KB)
...
006 (111987068.078.000) 04/30 14:47:43 Image size of job updated: 22563808
	20455  -  MemoryUsage of job (MB)
	20945688  -  ResidentSetSize of job (KB)
...
006 (111987068.078.000) 04/30 14:52:43 Image size of job updated: 22652724
	20455  -  MemoryUsage of job (MB)
	20945688  -  ResidentSetSize of job (KB)
...
006 (111987068.078.000) 04/30 14:57:43 Image size of job updated: 22748636
	20455  -  MemoryUsage of job (MB)
	20945688  -  ResidentSetSize of job (KB)
...
006 (111987068.078.000) 04/30 15:02:44 Image size of job updated: 22915556
	20455  -  MemoryUsage of job (MB)
	20945688  -  ResidentSetSize of job (KB)
...
006 (111987068.078.000) 04/30 15:07:44 Image size of job updated: 22973648
	20455  -  MemoryUsage of job (MB)
	20945688  -  ResidentSetSize of job (KB)
...
006 (111987068.078.000) 04/30 15:12:44 Image size of job updated: 23110928
	20455  -  MemoryUsage of job (MB)
	20945688  -  ResidentSetSize of job (KB)
...
006 (111987068.078.000) 04/30 15:13:32 Image size of job updated: 23154376
	20455  -  MemoryUsage of job (MB)
	20945688  -  ResidentSetSize of job (KB)
...
005 (111987068.078.000) 04/30 15:13:35 Job terminated.
	(1) Normal termination (return value 0)
		Usr 0 02:40:32, Sys 0 00:05:06  -  Run Remote Usage
		Usr 0 00:00:00, Sys 0 00:00:00  -  Run Local Usage
		Usr 0 02:40:32, Sys 0 00:05:06  -  Total Remote Usage
		Usr 0 00:00:00, Sys 0 00:00:00  -  Total Local Usage
	24431822  -  Run Bytes Sent By Job
	1780294400  -  Run Bytes Received By Job
	24431822  -  Total Bytes Sent By Job
	1780294400  -  Total Bytes Received By Job
	Partitionable Resources :      Usage  Request Allocated 
	   Cpus                 :       0.28        1         1 
	   Disk (KB)            : 6853587    20971520  21445259 
	   Ioheavy              :                             0 
	   Memory (MB)          :   20455       20480     20480 
...
