000 (111987068.009.000) 04/30 09:11:54 Job submitted from host: <128.104.100.44:9618?addrs=128.104.100.44-9618+[2607-f388-107c-501-90e2-baff-fe2c-2724]-9618&noUDP&sock=4699_0235_3>
...
001 (111987068.009.000) 04/30 09:23:38 Job executing on host: <128.105.245.189:9618?addrs=128.105.245.189-9618&noUDP&sock=5433_2a21_3>
...
006 (111987068.009.000) 04/30 09:23:46 Image size of job updated: 636
	1  -  MemoryUsage of job (MB)
	636  -  ResidentSetSize of job (KB)
...
006 (111987068.009.000) 04/30 09:28:47 Image size of job updated: 644
	1  -  MemoryUsage of job (MB)
	644  -  ResidentSetSize of job (KB)
...
006 (111987068.009.000) 04/30 09:33:48 Image size of job updated: 668
	1  -  MemoryUsage of job (MB)
	668  -  ResidentSetSize of job (KB)
...
006 (111987068.009.000) 04/30 09:43:49 Image size of job updated: 676
	1  -  MemoryUsage of job (MB)
	676  -  ResidentSetSize of job (KB)
...
006 (111987068.009.000) 04/30 09:48:50 Image size of job updated: 423664
	338  -  MemoryUsage of job (MB)
	345672  -  ResidentSetSize of job (KB)
...
006 (111987068.009.000) 04/30 09:53:51 Image size of job updated: 827828
	733  -  MemoryUsage of job (MB)
	749780  -  ResidentSetSize of job (KB)
...
006 (111987068.009.000) 04/30 09:58:52 Image size of job updated: 1277808
	1172  -  MemoryUsage of job (MB)
	1199760  -  ResidentSetSize of job (KB)
...
006 (111987068.009.000) 04/30 10:03:53 Image size of job updated: 1943336
	1822  -  MemoryUsage of job (MB)
	1865288  -  ResidentSetSize of job (KB)
...
006 (111987068.009.000) 04/30 10:08:53 Image size of job updated: 2672812
	2534  -  MemoryUsage of job (MB)
	2594764  -  ResidentSetSize of job (KB)
...
006 (111987068.009.000) 04/30 10:13:53 Image size of job updated: 3635584
	3475  -  MemoryUsage of job (MB)
	3557536  -  ResidentSetSize of job (KB)
...
006 (111987068.009.000) 04/30 10:18:53 Image size of job updated: 4517676
	4336  -  MemoryUsage of job (MB)
	4439628  -  ResidentSetSize of job (KB)
...
006 (111987068.009.000) 04/30 10:23:54 Image size of job updated: 5458644
	5255  -  MemoryUsage of job (MB)
	5380596  -  ResidentSetSize of job (KB)
...
006 (111987068.009.000) 04/30 10:28:56 Image size of job updated: 6349596
	6125  -  MemoryUsage of job (MB)
	6271548  -  ResidentSetSize of job (KB)
...
006 (111987068.009.000) 04/30 10:33:56 Image size of job updated: 7291688
	7045  -  MemoryUsage of job (MB)
	7213640  -  ResidentSetSize of job (KB)
...
006 (111987068.009.000) 04/30 10:38:56 Image size of job updated: 8108780
	7843  -  MemoryUsage of job (MB)
	8030732  -  ResidentSetSize of job (KB)
...
006 (111987068.009.000) 04/30 10:43:56 Image size of job updated: 8970776
	8685  -  MemoryUsage of job (MB)
	8892728  -  ResidentSetSize of job (KB)
...
006 (111987068.009.000) 04/30 10:48:56 Image size of job updated: 9771340
	9467  -  MemoryUsage of job (MB)
	9693292  -  ResidentSetSize of job (KB)
...
006 (111987068.009.000) 04/30 10:53:57 Image size of job updated: 10524704
	10202  -  MemoryUsage of job (MB)
	10446656  -  ResidentSetSize of job (KB)
...
006 (111987068.009.000) 04/30 10:58:59 Image size of job updated: 11226304
	10887  -  MemoryUsage of job (MB)
	11148256  -  ResidentSetSize of job (KB)
...
006 (111987068.009.000) 04/30 11:03:59 Image size of job updated: 12049800
	11692  -  MemoryUsage of job (MB)
	11971752  -  ResidentSetSize of job (KB)
...
006 (111987068.009.000) 04/30 11:08:59 Image size of job updated: 12667648
	12295  -  MemoryUsage of job (MB)
	12589600  -  ResidentSetSize of job (KB)
...
006 (111987068.009.000) 04/30 11:13:59 Image size of job updated: 13438752
	13048  -  MemoryUsage of job (MB)
	13360704  -  ResidentSetSize of job (KB)
...
006 (111987068.009.000) 04/30 11:18:59 Image size of job updated: 13897072
	13496  -  MemoryUsage of job (MB)
	13819024  -  ResidentSetSize of job (KB)
...
006 (111987068.009.000) 04/30 11:23:59 Image size of job updated: 14479064
	14064  -  MemoryUsage of job (MB)
	14401016  -  ResidentSetSize of job (KB)
...
006 (111987068.009.000) 04/30 11:28:59 Image size of job updated: 15209456
	14777  -  MemoryUsage of job (MB)
	15131408  -  ResidentSetSize of job (KB)
...
006 (111987068.009.000) 04/30 11:34:00 Image size of job updated: 16286732
	15829  -  MemoryUsage of job (MB)
	16208684  -  ResidentSetSize of job (KB)
...
006 (111987068.009.000) 04/30 11:39:00 Image size of job updated: 17029744
	16554  -  MemoryUsage of job (MB)
	16951056  -  ResidentSetSize of job (KB)
...
006 (111987068.009.000) 04/30 11:44:01 Image size of job updated: 17659052
	17167  -  MemoryUsage of job (MB)
	17578892  -  ResidentSetSize of job (KB)
...
006 (111987068.009.000) 04/30 11:49:02 Image size of job updated: 18419268
	17907  -  MemoryUsage of job (MB)
	18336744  -  ResidentSetSize of job (KB)
...
006 (111987068.009.000) 04/30 11:54:02 Image size of job updated: 19053692
	18524  -  MemoryUsage of job (MB)
	18968400  -  ResidentSetSize of job (KB)
...
006 (111987068.009.000) 04/30 11:59:03 Image size of job updated: 19751328
	19200  -  MemoryUsage of job (MB)
	19660500  -  ResidentSetSize of job (KB)
...
006 (111987068.009.000) 04/30 12:04:04 Image size of job updated: 20450160
	19858  -  MemoryUsage of job (MB)
	20333924  -  ResidentSetSize of job (KB)
...
006 (111987068.009.000) 04/30 12:09:05 Image size of job updated: 21137184
	20376  -  MemoryUsage of job (MB)
	20864604  -  ResidentSetSize of job (KB)
...
006 (111987068.009.000) 04/30 12:14:07 Image size of job updated: 21677604
	20459  -  MemoryUsage of job (MB)
	20949412  -  ResidentSetSize of job (KB)
...
006 (111987068.009.000) 04/30 12:19:07 Image size of job updated: 22239324
	20459  -  MemoryUsage of job (MB)
	20949444  -  ResidentSetSize of job (KB)
...
006 (111987068.009.000) 04/30 12:24:07 Image size of job updated: 22792892
	20459  -  MemoryUsage of job (MB)
	20949444  -  ResidentSetSize of job (KB)
...
006 (111987068.009.000) 04/30 12:29:08 Image size of job updated: 23324524
	20459  -  MemoryUsage of job (MB)
	20949444  -  ResidentSetSize of job (KB)
...
005 (111987068.009.000) 04/30 12:29:32 Job terminated.
	(1) Normal termination (return value 0)
		Usr 0 02:19:21, Sys 0 00:02:06  -  Run Remote Usage
		Usr 0 00:00:00, Sys 0 00:00:00  -  Run Local Usage
		Usr 0 02:19:21, Sys 0 00:02:06  -  Total Remote Usage
		Usr 0 00:00:00, Sys 0 00:00:00  -  Total Local Usage
	24386008  -  Run Bytes Sent By Job
	1780294400  -  Run Bytes Received By Job
	24386008  -  Total Bytes Sent By Job
	1780294400  -  Total Bytes Received By Job
	Partitionable Resources :      Usage  Request Allocated 
	   Cpus                 :       0.53        1         1 
	   Disk (KB)            : 6853541    20971520  21418380 
	   Ioheavy              :                             0 
	   Memory (MB)          :   20459       20480     20480 
...
