000 (111987068.195.000) 04/30 09:11:54 Job submitted from host: <128.104.100.44:9618?addrs=128.104.100.44-9618+[2607-f388-107c-501-90e2-baff-fe2c-2724]-9618&noUDP&sock=4699_0235_3>
...
001 (111987068.195.000) 04/30 19:04:00 Job executing on host: <128.105.245.133:9618?addrs=128.105.245.133-9618&noUDP&sock=5404_45e2_16>
...
006 (111987068.195.000) 04/30 19:04:09 Image size of job updated: 628
	1  -  MemoryUsage of job (MB)
	628  -  ResidentSetSize of job (KB)
...
006 (111987068.195.000) 04/30 19:09:11 Image size of job updated: 668
	1  -  MemoryUsage of job (MB)
	668  -  ResidentSetSize of job (KB)
...
006 (111987068.195.000) 04/30 19:14:11 Image size of job updated: 822228
	727  -  MemoryUsage of job (MB)
	744180  -  ResidentSetSize of job (KB)
...
006 (111987068.195.000) 04/30 19:19:11 Image size of job updated: 1700004
	1584  -  MemoryUsage of job (MB)
	1621956  -  ResidentSetSize of job (KB)
...
006 (111987068.195.000) 04/30 19:24:12 Image size of job updated: 2743016
	2603  -  MemoryUsage of job (MB)
	2664968  -  ResidentSetSize of job (KB)
...
006 (111987068.195.000) 04/30 19:29:13 Image size of job updated: 4197408
	4023  -  MemoryUsage of job (MB)
	4119360  -  ResidentSetSize of job (KB)
...
006 (111987068.195.000) 04/30 19:34:14 Image size of job updated: 5604808
	5398  -  MemoryUsage of job (MB)
	5526760  -  ResidentSetSize of job (KB)
...
006 (111987068.195.000) 04/30 19:39:15 Image size of job updated: 6914180
	6676  -  MemoryUsage of job (MB)
	6836132  -  ResidentSetSize of job (KB)
...
006 (111987068.195.000) 04/30 19:44:15 Image size of job updated: 8177588
	7910  -  MemoryUsage of job (MB)
	8099540  -  ResidentSetSize of job (KB)
...
006 (111987068.195.000) 04/30 19:49:15 Image size of job updated: 9305144
	9011  -  MemoryUsage of job (MB)
	9227096  -  ResidentSetSize of job (KB)
...
006 (111987068.195.000) 04/30 19:54:16 Image size of job updated: 10419764
	10100  -  MemoryUsage of job (MB)
	10341716  -  ResidentSetSize of job (KB)
...
006 (111987068.195.000) 04/30 19:59:17 Image size of job updated: 11474740
	11130  -  MemoryUsage of job (MB)
	11396692  -  ResidentSetSize of job (KB)
...
006 (111987068.195.000) 04/30 20:04:17 Image size of job updated: 12477080
	12109  -  MemoryUsage of job (MB)
	12399032  -  ResidentSetSize of job (KB)
...
006 (111987068.195.000) 04/30 20:09:18 Image size of job updated: 13558900
	13165  -  MemoryUsage of job (MB)
	13480852  -  ResidentSetSize of job (KB)
...
006 (111987068.195.000) 04/30 20:14:18 Image size of job updated: 14626792
	14208  -  MemoryUsage of job (MB)
	14548744  -  ResidentSetSize of job (KB)
...
006 (111987068.195.000) 04/30 20:19:18 Image size of job updated: 15651656
	15209  -  MemoryUsage of job (MB)
	15573048  -  ResidentSetSize of job (KB)
...
006 (111987068.195.000) 04/30 20:24:19 Image size of job updated: 16799768
	16328  -  MemoryUsage of job (MB)
	16719436  -  ResidentSetSize of job (KB)
...
006 (111987068.195.000) 04/30 20:29:19 Image size of job updated: 17891196
	17390  -  MemoryUsage of job (MB)
	17806708  -  ResidentSetSize of job (KB)
...
006 (111987068.195.000) 04/30 20:34:19 Image size of job updated: 19023860
	18496  -  MemoryUsage of job (MB)
	18939372  -  ResidentSetSize of job (KB)
...
006 (111987068.195.000) 04/30 20:39:19 Image size of job updated: 20240888
	19675  -  MemoryUsage of job (MB)
	20146648  -  ResidentSetSize of job (KB)
...
006 (111987068.195.000) 04/30 20:44:21 Image size of job updated: 21252320
	20441  -  MemoryUsage of job (MB)
	20930664  -  ResidentSetSize of job (KB)
...
006 (111987068.195.000) 04/30 20:49:21 Image size of job updated: 22289260
	20442  -  MemoryUsage of job (MB)
	20931936  -  ResidentSetSize of job (KB)
...
005 (111987068.195.000) 04/30 20:53:38 Job terminated.
	(1) Normal termination (return value 0)
		Usr 0 01:41:42, Sys 0 00:01:48  -  Run Remote Usage
		Usr 0 00:00:00, Sys 0 00:00:00  -  Run Local Usage
		Usr 0 01:41:42, Sys 0 00:01:48  -  Total Remote Usage
		Usr 0 00:00:00, Sys 0 00:00:00  -  Total Local Usage
	24355486  -  Run Bytes Sent By Job
	1780294400  -  Run Bytes Received By Job
	24355486  -  Total Bytes Sent By Job
	1780294400  -  Total Bytes Received By Job
	Partitionable Resources :      Usage  Request Allocated 
	   Cpus                 :       0.97        1         1 
	   Disk (KB)            : 6853511    20971520  21133643 
	   Ioheavy              :                             0 
	   Memory (MB)          :   20442       20480     20480 
...
