000 (111987068.077.000) 04/30 09:11:54 Job submitted from host: <128.104.100.44:9618?addrs=128.104.100.44-9618+[2607-f388-107c-501-90e2-baff-fe2c-2724]-9618&noUDP&sock=4699_0235_3>
...
001 (111987068.077.000) 04/30 10:56:39 Job executing on host: <128.105.245.228:9618?addrs=128.105.245.228-9618&noUDP&sock=5445_6544_23>
...
006 (111987068.077.000) 04/30 10:56:48 Image size of job updated: 624
	1  -  MemoryUsage of job (MB)
	624  -  ResidentSetSize of job (KB)
...
006 (111987068.077.000) 04/30 11:01:50 Image size of job updated: 648
	1  -  MemoryUsage of job (MB)
	648  -  ResidentSetSize of job (KB)
...
006 (111987068.077.000) 04/30 11:06:50 Image size of job updated: 664
	1  -  MemoryUsage of job (MB)
	664  -  ResidentSetSize of job (KB)
...
006 (111987068.077.000) 04/30 11:11:50 Image size of job updated: 529548
	441  -  MemoryUsage of job (MB)
	451556  -  ResidentSetSize of job (KB)
...
006 (111987068.077.000) 04/30 11:16:50 Image size of job updated: 840912
	745  -  MemoryUsage of job (MB)
	762864  -  ResidentSetSize of job (KB)
...
006 (111987068.077.000) 04/30 11:21:50 Image size of job updated: 1197260
	1093  -  MemoryUsage of job (MB)
	1119212  -  ResidentSetSize of job (KB)
...
006 (111987068.077.000) 04/30 11:26:51 Image size of job updated: 1623252
	1509  -  MemoryUsage of job (MB)
	1545204  -  ResidentSetSize of job (KB)
...
006 (111987068.077.000) 04/30 11:31:52 Image size of job updated: 2196692
	2069  -  MemoryUsage of job (MB)
	2118644  -  ResidentSetSize of job (KB)
...
006 (111987068.077.000) 04/30 11:36:52 Image size of job updated: 2783088
	2642  -  MemoryUsage of job (MB)
	2705040  -  ResidentSetSize of job (KB)
...
006 (111987068.077.000) 04/30 11:41:53 Image size of job updated: 3779792
	3615  -  MemoryUsage of job (MB)
	3701744  -  ResidentSetSize of job (KB)
...
006 (111987068.077.000) 04/30 11:46:53 Image size of job updated: 4551588
	4369  -  MemoryUsage of job (MB)
	4473540  -  ResidentSetSize of job (KB)
...
006 (111987068.077.000) 04/30 11:51:54 Image size of job updated: 5487844
	5284  -  MemoryUsage of job (MB)
	5409796  -  ResidentSetSize of job (KB)
...
006 (111987068.077.000) 04/30 11:56:56 Image size of job updated: 6224484
	6003  -  MemoryUsage of job (MB)
	6146436  -  ResidentSetSize of job (KB)
...
006 (111987068.077.000) 04/30 12:01:56 Image size of job updated: 6819932
	6584  -  MemoryUsage of job (MB)
	6741884  -  ResidentSetSize of job (KB)
...
006 (111987068.077.000) 04/30 12:06:56 Image size of job updated: 7556492
	7304  -  MemoryUsage of job (MB)
	7478444  -  ResidentSetSize of job (KB)
...
006 (111987068.077.000) 04/30 12:11:56 Image size of job updated: 8419688
	8147  -  MemoryUsage of job (MB)
	8341640  -  ResidentSetSize of job (KB)
...
006 (111987068.077.000) 04/30 12:16:57 Image size of job updated: 9130192
	8840  -  MemoryUsage of job (MB)
	9052144  -  ResidentSetSize of job (KB)
...
006 (111987068.077.000) 04/30 12:21:57 Image size of job updated: 9877472
	9570  -  MemoryUsage of job (MB)
	9799424  -  ResidentSetSize of job (KB)
...
006 (111987068.077.000) 04/30 12:26:59 Image size of job updated: 10663156
	10338  -  MemoryUsage of job (MB)
	10585108  -  ResidentSetSize of job (KB)
...
006 (111987068.077.000) 04/30 12:31:59 Image size of job updated: 11341060
	11000  -  MemoryUsage of job (MB)
	11263012  -  ResidentSetSize of job (KB)
...
006 (111987068.077.000) 04/30 12:36:59 Image size of job updated: 12095504
	11736  -  MemoryUsage of job (MB)
	12017456  -  ResidentSetSize of job (KB)
...
006 (111987068.077.000) 04/30 12:42:00 Image size of job updated: 12769032
	12394  -  MemoryUsage of job (MB)
	12690984  -  ResidentSetSize of job (KB)
...
006 (111987068.077.000) 04/30 12:47:02 Image size of job updated: 13464208
	13073  -  MemoryUsage of job (MB)
	13386160  -  ResidentSetSize of job (KB)
...
006 (111987068.077.000) 04/30 12:52:02 Image size of job updated: 14047844
	13643  -  MemoryUsage of job (MB)
	13969796  -  ResidentSetSize of job (KB)
...
006 (111987068.077.000) 04/30 12:57:02 Image size of job updated: 14799600
	14377  -  MemoryUsage of job (MB)
	14721552  -  ResidentSetSize of job (KB)
...
006 (111987068.077.000) 04/30 13:02:03 Image size of job updated: 15448776
	15011  -  MemoryUsage of job (MB)
	15370728  -  ResidentSetSize of job (KB)
...
006 (111987068.077.000) 04/30 13:07:03 Image size of job updated: 16067832
	15616  -  MemoryUsage of job (MB)
	15989784  -  ResidentSetSize of job (KB)
...
006 (111987068.077.000) 04/30 13:12:03 Image size of job updated: 16788348
	16319  -  MemoryUsage of job (MB)
	16709988  -  ResidentSetSize of job (KB)
...
006 (111987068.077.000) 04/30 13:17:04 Image size of job updated: 17569844
	17081  -  MemoryUsage of job (MB)
	17490276  -  ResidentSetSize of job (KB)
...
006 (111987068.077.000) 04/30 13:22:04 Image size of job updated: 18256576
	17751  -  MemoryUsage of job (MB)
	18176268  -  ResidentSetSize of job (KB)
...
006 (111987068.077.000) 04/30 13:27:05 Image size of job updated: 18654220
	18135  -  MemoryUsage of job (MB)
	18569924  -  ResidentSetSize of job (KB)
...
006 (111987068.077.000) 04/30 13:32:06 Image size of job updated: 19358940
	18811  -  MemoryUsage of job (MB)
	19261960  -  ResidentSetSize of job (KB)
...
006 (111987068.077.000) 04/30 13:37:05 Image size of job updated: 20123172
	19539  -  MemoryUsage of job (MB)
	20007288  -  ResidentSetSize of job (KB)
...
006 (111987068.077.000) 04/30 13:42:05 Image size of job updated: 20828808
	20177  -  MemoryUsage of job (MB)
	20660952  -  ResidentSetSize of job (KB)
...
006 (111987068.077.000) 04/30 13:47:05 Image size of job updated: 21070356
	20365  -  MemoryUsage of job (MB)
	20852932  -  ResidentSetSize of job (KB)
...
006 (111987068.077.000) 04/30 13:52:05 Image size of job updated: 21196116
	20419  -  MemoryUsage of job (MB)
	20908724  -  ResidentSetSize of job (KB)
...
006 (111987068.077.000) 04/30 13:57:06 Image size of job updated: 21487612
	20441  -  MemoryUsage of job (MB)
	20931084  -  ResidentSetSize of job (KB)
...
006 (111987068.077.000) 04/30 14:02:06 Image size of job updated: 21943280
	20441  -  MemoryUsage of job (MB)
	20931084  -  ResidentSetSize of job (KB)
...
006 (111987068.077.000) 04/30 14:07:06 Image size of job updated: 22635036
	20441  -  MemoryUsage of job (MB)
	20931084  -  ResidentSetSize of job (KB)
...
005 (111987068.077.000) 04/30 14:11:21 Job terminated.
	(1) Normal termination (return value 0)
		Usr 0 02:25:48, Sys 0 00:04:06  -  Run Remote Usage
		Usr 0 00:00:00, Sys 0 00:00:00  -  Run Local Usage
		Usr 0 02:25:48, Sys 0 00:04:06  -  Total Remote Usage
		Usr 0 00:00:00, Sys 0 00:00:00  -  Total Local Usage
	24468960  -  Run Bytes Sent By Job
	1780294400  -  Run Bytes Received By Job
	24468960  -  Total Bytes Sent By Job
	1780294400  -  Total Bytes Received By Job
	Partitionable Resources :      Usage  Request Allocated 
	   Cpus                 :       0.01        1         1 
	   Disk (KB)            : 6853623    20971520  21212735 
	   Ioheavy              :                             0 
	   Memory (MB)          :   20441       20480     20480 
...
