000 (111987068.075.000) 04/30 09:11:54 Job submitted from host: <128.104.100.44:9618?addrs=128.104.100.44-9618+[2607-f388-107c-501-90e2-baff-fe2c-2724]-9618&noUDP&sock=4699_0235_3>
...
001 (111987068.075.000) 04/30 10:57:07 Job executing on host: <128.105.245.247:9618?addrs=128.105.245.247-9618&noUDP&sock=5487_343f_3>
...
006 (111987068.075.000) 04/30 10:57:15 Image size of job updated: 624
	1  -  MemoryUsage of job (MB)
	624  -  ResidentSetSize of job (KB)
...
006 (111987068.075.000) 04/30 11:02:18 Image size of job updated: 648
	1  -  MemoryUsage of job (MB)
	648  -  ResidentSetSize of job (KB)
...
006 (111987068.075.000) 04/30 11:07:17 Image size of job updated: 664
	1  -  MemoryUsage of job (MB)
	664  -  ResidentSetSize of job (KB)
...
006 (111987068.075.000) 04/30 11:12:17 Image size of job updated: 564720
	476  -  MemoryUsage of job (MB)
	486728  -  ResidentSetSize of job (KB)
...
006 (111987068.075.000) 04/30 11:17:17 Image size of job updated: 1087192
	986  -  MemoryUsage of job (MB)
	1009144  -  ResidentSetSize of job (KB)
...
006 (111987068.075.000) 04/30 11:22:18 Image size of job updated: 1617528
	1504  -  MemoryUsage of job (MB)
	1539480  -  ResidentSetSize of job (KB)
...
006 (111987068.075.000) 04/30 11:27:18 Image size of job updated: 2207392
	2080  -  MemoryUsage of job (MB)
	2129344  -  ResidentSetSize of job (KB)
...
006 (111987068.075.000) 04/30 11:32:19 Image size of job updated: 2944404
	2800  -  MemoryUsage of job (MB)
	2866356  -  ResidentSetSize of job (KB)
...
006 (111987068.075.000) 04/30 11:37:19 Image size of job updated: 3946760
	3779  -  MemoryUsage of job (MB)
	3868712  -  ResidentSetSize of job (KB)
...
006 (111987068.075.000) 04/30 11:42:20 Image size of job updated: 4867292
	4677  -  MemoryUsage of job (MB)
	4789244  -  ResidentSetSize of job (KB)
...
006 (111987068.075.000) 04/30 11:47:20 Image size of job updated: 5695148
	5486  -  MemoryUsage of job (MB)
	5617100  -  ResidentSetSize of job (KB)
...
006 (111987068.075.000) 04/30 11:52:20 Image size of job updated: 6404956
	6179  -  MemoryUsage of job (MB)
	6326908  -  ResidentSetSize of job (KB)
...
006 (111987068.075.000) 04/30 11:57:21 Image size of job updated: 7002888
	6763  -  MemoryUsage of job (MB)
	6924840  -  ResidentSetSize of job (KB)
...
006 (111987068.075.000) 04/30 12:02:21 Image size of job updated: 7514812
	7263  -  MemoryUsage of job (MB)
	7436764  -  ResidentSetSize of job (KB)
...
006 (111987068.075.000) 04/30 12:07:22 Image size of job updated: 8308256
	8038  -  MemoryUsage of job (MB)
	8230208  -  ResidentSetSize of job (KB)
...
006 (111987068.075.000) 04/30 12:12:22 Image size of job updated: 8793156
	8511  -  MemoryUsage of job (MB)
	8715108  -  ResidentSetSize of job (KB)
...
006 (111987068.075.000) 04/30 12:17:22 Image size of job updated: 9066828
	8779  -  MemoryUsage of job (MB)
	8988780  -  ResidentSetSize of job (KB)
...
006 (111987068.075.000) 04/30 12:22:22 Image size of job updated: 9220344
	8929  -  MemoryUsage of job (MB)
	9142296  -  ResidentSetSize of job (KB)
...
006 (111987068.075.000) 04/30 12:27:23 Image size of job updated: 9423956
	9127  -  MemoryUsage of job (MB)
	9345908  -  ResidentSetSize of job (KB)
...
006 (111987068.075.000) 04/30 12:32:24 Image size of job updated: 9715120
	9412  -  MemoryUsage of job (MB)
	9637072  -  ResidentSetSize of job (KB)
...
006 (111987068.075.000) 04/30 12:37:24 Image size of job updated: 9958840
	9650  -  MemoryUsage of job (MB)
	9880792  -  ResidentSetSize of job (KB)
...
006 (111987068.075.000) 04/30 12:42:24 Image size of job updated: 10220596
	9905  -  MemoryUsage of job (MB)
	10142548  -  ResidentSetSize of job (KB)
...
006 (111987068.075.000) 04/30 12:47:24 Image size of job updated: 10535844
	10213  -  MemoryUsage of job (MB)
	10457796  -  ResidentSetSize of job (KB)
...
006 (111987068.075.000) 04/30 12:52:24 Image size of job updated: 10847280
	10517  -  MemoryUsage of job (MB)
	10769232  -  ResidentSetSize of job (KB)
...
006 (111987068.075.000) 04/30 12:57:24 Image size of job updated: 11099268
	10763  -  MemoryUsage of job (MB)
	11021220  -  ResidentSetSize of job (KB)
...
006 (111987068.075.000) 04/30 13:02:24 Image size of job updated: 11305388
	10965  -  MemoryUsage of job (MB)
	11227340  -  ResidentSetSize of job (KB)
...
006 (111987068.075.000) 04/30 13:07:25 Image size of job updated: 11496792
	11152  -  MemoryUsage of job (MB)
	11418744  -  ResidentSetSize of job (KB)
...
006 (111987068.075.000) 04/30 13:12:25 Image size of job updated: 11727304
	11377  -  MemoryUsage of job (MB)
	11649256  -  ResidentSetSize of job (KB)
...
006 (111987068.075.000) 04/30 13:17:25 Image size of job updated: 11891932
	11537  -  MemoryUsage of job (MB)
	11813884  -  ResidentSetSize of job (KB)
...
006 (111987068.075.000) 04/30 13:22:26 Image size of job updated: 12182088
	11821  -  MemoryUsage of job (MB)
	12104040  -  ResidentSetSize of job (KB)
...
006 (111987068.075.000) 04/30 13:27:27 Image size of job updated: 12540220
	12171  -  MemoryUsage of job (MB)
	12462172  -  ResidentSetSize of job (KB)
...
006 (111987068.075.000) 04/30 13:32:28 Image size of job updated: 12746396
	12372  -  MemoryUsage of job (MB)
	12668348  -  ResidentSetSize of job (KB)
...
006 (111987068.075.000) 04/30 13:37:29 Image size of job updated: 13149148
	12765  -  MemoryUsage of job (MB)
	13071100  -  ResidentSetSize of job (KB)
...
006 (111987068.075.000) 04/30 13:42:31 Image size of job updated: 13595228
	13201  -  MemoryUsage of job (MB)
	13517180  -  ResidentSetSize of job (KB)
...
006 (111987068.075.000) 04/30 13:47:29 Image size of job updated: 14010544
	13606  -  MemoryUsage of job (MB)
	13932496  -  ResidentSetSize of job (KB)
...
006 (111987068.075.000) 04/30 13:52:30 Image size of job updated: 14836352
	14413  -  MemoryUsage of job (MB)
	14758304  -  ResidentSetSize of job (KB)
...
006 (111987068.075.000) 04/30 13:57:30 Image size of job updated: 15265568
	14832  -  MemoryUsage of job (MB)
	15187520  -  ResidentSetSize of job (KB)
...
006 (111987068.075.000) 04/30 14:02:30 Image size of job updated: 15571008
	15130  -  MemoryUsage of job (MB)
	15492960  -  ResidentSetSize of job (KB)
...
006 (111987068.075.000) 04/30 14:07:32 Image size of job updated: 16054048
	15602  -  MemoryUsage of job (MB)
	15976000  -  ResidentSetSize of job (KB)
...
006 (111987068.075.000) 04/30 14:12:33 Image size of job updated: 16509688
	16047  -  MemoryUsage of job (MB)
	16431544  -  ResidentSetSize of job (KB)
...
006 (111987068.075.000) 04/30 14:17:33 Image size of job updated: 16824588
	16353  -  MemoryUsage of job (MB)
	16745472  -  ResidentSetSize of job (KB)
...
006 (111987068.075.000) 04/30 14:22:33 Image size of job updated: 17155576
	16676  -  MemoryUsage of job (MB)
	17075948  -  ResidentSetSize of job (KB)
...
006 (111987068.075.000) 04/30 14:27:35 Image size of job updated: 17562560
	17073  -  MemoryUsage of job (MB)
	17482192  -  ResidentSetSize of job (KB)
...
006 (111987068.075.000) 04/30 14:32:35 Image size of job updated: 17837848
	17341  -  MemoryUsage of job (MB)
	17756772  -  ResidentSetSize of job (KB)
...
006 (111987068.075.000) 04/30 14:37:35 Image size of job updated: 18227992
	17720  -  MemoryUsage of job (MB)
	18145220  -  ResidentSetSize of job (KB)
...
006 (111987068.075.000) 04/30 14:42:36 Image size of job updated: 19110960
	18580  -  MemoryUsage of job (MB)
	19025044  -  ResidentSetSize of job (KB)
...
006 (111987068.075.000) 04/30 14:47:37 Image size of job updated: 19948012
	19390  -  MemoryUsage of job (MB)
	19855308  -  ResidentSetSize of job (KB)
...
006 (111987068.075.000) 04/30 14:52:37 Image size of job updated: 20242684
	19676  -  MemoryUsage of job (MB)
	20148088  -  ResidentSetSize of job (KB)
...
006 (111987068.075.000) 04/30 14:57:37 Image size of job updated: 20663092
	20062  -  MemoryUsage of job (MB)
	20542672  -  ResidentSetSize of job (KB)
...
006 (111987068.075.000) 04/30 15:02:37 Image size of job updated: 21486060
	20450  -  MemoryUsage of job (MB)
	20939944  -  ResidentSetSize of job (KB)
...
006 (111987068.075.000) 04/30 15:07:38 Image size of job updated: 22128528
	20454  -  MemoryUsage of job (MB)
	20944652  -  ResidentSetSize of job (KB)
...
006 (111987068.075.000) 04/30 15:12:39 Image size of job updated: 22306636
	20454  -  MemoryUsage of job (MB)
	20944652  -  ResidentSetSize of job (KB)
...
006 (111987068.075.000) 04/30 15:17:39 Image size of job updated: 22724660
	20454  -  MemoryUsage of job (MB)
	20944652  -  ResidentSetSize of job (KB)
...
006 (111987068.075.000) 04/30 15:22:40 Image size of job updated: 23064032
	20454  -  MemoryUsage of job (MB)
	20944652  -  ResidentSetSize of job (KB)
...
006 (111987068.075.000) 04/30 15:23:03 Image size of job updated: 23114476
	20454  -  MemoryUsage of job (MB)
	20944652  -  ResidentSetSize of job (KB)
...
005 (111987068.075.000) 04/30 15:23:06 Job terminated.
	(1) Normal termination (return value 0)
		Usr 0 02:08:52, Sys 0 00:03:11  -  Run Remote Usage
		Usr 0 00:00:00, Sys 0 00:00:00  -  Run Local Usage
		Usr 0 02:08:52, Sys 0 00:03:11  -  Total Remote Usage
		Usr 0 00:00:00, Sys 0 00:00:00  -  Total Local Usage
	24041224  -  Run Bytes Sent By Job
	1780294400  -  Run Bytes Received By Job
	24041224  -  Total Bytes Sent By Job
	1780294400  -  Total Bytes Received By Job
	Partitionable Resources :      Usage  Request Allocated 
	   Cpus                 :       0.59        1         1 
	   Disk (KB)            : 6853205    20971520  21143311 
	   Ioheavy              :                             0 
	   Memory (MB)          :   20454       20480     20480 
...
