000 (111987068.126.000) 04/30 09:11:54 Job submitted from host: <128.104.100.44:9618?addrs=128.104.100.44-9618+[2607-f388-107c-501-90e2-baff-fe2c-2724]-9618&noUDP&sock=4699_0235_3>
...
001 (111987068.126.000) 04/30 11:36:41 Job executing on host: <128.105.245.153:9618?addrs=128.105.245.153-9618&noUDP&sock=5476_a8b4_29>
...
006 (111987068.126.000) 04/30 11:36:50 Image size of job updated: 632
	1  -  MemoryUsage of job (MB)
	632  -  ResidentSetSize of job (KB)
...
006 (111987068.126.000) 04/30 11:47:01 Image size of job updated: 652
	1  -  MemoryUsage of job (MB)
	652  -  ResidentSetSize of job (KB)
...
006 (111987068.126.000) 04/30 11:51:54 Image size of job updated: 656
	1  -  MemoryUsage of job (MB)
	656  -  ResidentSetSize of job (KB)
...
006 (111987068.126.000) 04/30 12:16:56 Image size of job updated: 660
	1  -  MemoryUsage of job (MB)
	660  -  ResidentSetSize of job (KB)
...
006 (111987068.126.000) 04/30 12:31:55 Image size of job updated: 664
	1  -  MemoryUsage of job (MB)
	664  -  ResidentSetSize of job (KB)
...
006 (111987068.126.000) 04/30 12:36:56 Image size of job updated: 672
	1  -  MemoryUsage of job (MB)
	672  -  ResidentSetSize of job (KB)
...
006 (111987068.126.000) 04/30 12:51:58 Image size of job updated: 373636
	289  -  MemoryUsage of job (MB)
	295644  -  ResidentSetSize of job (KB)
...
006 (111987068.126.000) 04/30 12:56:58 Image size of job updated: 561460
	473  -  MemoryUsage of job (MB)
	483468  -  ResidentSetSize of job (KB)
...
006 (111987068.126.000) 04/30 13:01:59 Image size of job updated: 746508
	653  -  MemoryUsage of job (MB)
	668480  -  ResidentSetSize of job (KB)
...
006 (111987068.126.000) 04/30 13:06:57 Image size of job updated: 847164
	752  -  MemoryUsage of job (MB)
	769116  -  ResidentSetSize of job (KB)
...
006 (111987068.126.000) 04/30 13:15:30 Image size of job updated: 1356848
	1249  -  MemoryUsage of job (MB)
	1278800  -  ResidentSetSize of job (KB)
...
006 (111987068.126.000) 04/30 13:26:33 Image size of job updated: 1770544
	1653  -  MemoryUsage of job (MB)
	1692496  -  ResidentSetSize of job (KB)
...
006 (111987068.126.000) 04/30 13:35:26 Image size of job updated: 2140740
	2015  -  MemoryUsage of job (MB)
	2062692  -  ResidentSetSize of job (KB)
...
006 (111987068.126.000) 04/30 13:40:52 Image size of job updated: 2511912
	2377  -  MemoryUsage of job (MB)
	2433864  -  ResidentSetSize of job (KB)
...
006 (111987068.126.000) 04/30 13:45:52 Image size of job updated: 2698264
	2559  -  MemoryUsage of job (MB)
	2620216  -  ResidentSetSize of job (KB)
...
006 (111987068.126.000) 04/30 13:50:53 Image size of job updated: 2926868
	2783  -  MemoryUsage of job (MB)
	2848820  -  ResidentSetSize of job (KB)
...
006 (111987068.126.000) 04/30 13:56:49 Image size of job updated: 3550752
	3392  -  MemoryUsage of job (MB)
	3472704  -  ResidentSetSize of job (KB)
...
006 (111987068.126.000) 04/30 14:00:52 Image size of job updated: 3798000
	3633  -  MemoryUsage of job (MB)
	3719952  -  ResidentSetSize of job (KB)
...
006 (111987068.126.000) 04/30 14:05:53 Image size of job updated: 4163512
	3990  -  MemoryUsage of job (MB)
	4085464  -  ResidentSetSize of job (KB)
...
006 (111987068.126.000) 04/30 14:10:53 Image size of job updated: 4423236
	4244  -  MemoryUsage of job (MB)
	4345188  -  ResidentSetSize of job (KB)
...
006 (111987068.126.000) 04/30 14:15:54 Image size of job updated: 4781384
	4594  -  MemoryUsage of job (MB)
	4703336  -  ResidentSetSize of job (KB)
...
006 (111987068.126.000) 04/30 14:20:54 Image size of job updated: 5125720
	4930  -  MemoryUsage of job (MB)
	5047672  -  ResidentSetSize of job (KB)
...
006 (111987068.126.000) 04/30 14:25:56 Image size of job updated: 5852904
	5640  -  MemoryUsage of job (MB)
	5774856  -  ResidentSetSize of job (KB)
...
006 (111987068.126.000) 04/30 14:30:56 Image size of job updated: 6076148
	5858  -  MemoryUsage of job (MB)
	5998100  -  ResidentSetSize of job (KB)
...
006 (111987068.126.000) 04/30 14:35:56 Image size of job updated: 6339540
	6115  -  MemoryUsage of job (MB)
	6261492  -  ResidentSetSize of job (KB)
...
006 (111987068.126.000) 04/30 14:40:56 Image size of job updated: 6503980
	6276  -  MemoryUsage of job (MB)
	6425932  -  ResidentSetSize of job (KB)
...
006 (111987068.126.000) 04/30 14:45:57 Image size of job updated: 6865428
	6629  -  MemoryUsage of job (MB)
	6787380  -  ResidentSetSize of job (KB)
...
006 (111987068.126.000) 04/30 14:50:57 Image size of job updated: 7277880
	7032  -  MemoryUsage of job (MB)
	7199832  -  ResidentSetSize of job (KB)
...
006 (111987068.126.000) 04/30 14:55:57 Image size of job updated: 7854900
	7595  -  MemoryUsage of job (MB)
	7776852  -  ResidentSetSize of job (KB)
...
006 (111987068.126.000) 04/30 15:01:00 Image size of job updated: 7976036
	7713  -  MemoryUsage of job (MB)
	7897988  -  ResidentSetSize of job (KB)
...
006 (111987068.126.000) 04/30 15:11:00 Image size of job updated: 8268736
	7999  -  MemoryUsage of job (MB)
	8190688  -  ResidentSetSize of job (KB)
...
006 (111987068.126.000) 04/30 15:16:01 Image size of job updated: 8397828
	8125  -  MemoryUsage of job (MB)
	8319780  -  ResidentSetSize of job (KB)
...
006 (111987068.126.000) 04/30 15:21:02 Image size of job updated: 8628504
	8351  -  MemoryUsage of job (MB)
	8550456  -  ResidentSetSize of job (KB)
...
006 (111987068.126.000) 04/30 15:26:02 Image size of job updated: 9028624
	8741  -  MemoryUsage of job (MB)
	8950576  -  ResidentSetSize of job (KB)
...
006 (111987068.126.000) 04/30 15:31:02 Image size of job updated: 9414144
	9118  -  MemoryUsage of job (MB)
	9336096  -  ResidentSetSize of job (KB)
...
006 (111987068.126.000) 04/30 15:36:03 Image size of job updated: 9859332
	9553  -  MemoryUsage of job (MB)
	9781284  -  ResidentSetSize of job (KB)
...
006 (111987068.126.000) 04/30 15:41:03 Image size of job updated: 10474648
	10153  -  MemoryUsage of job (MB)
	10396600  -  ResidentSetSize of job (KB)
...
006 (111987068.126.000) 04/30 15:46:04 Image size of job updated: 11033708
	10699  -  MemoryUsage of job (MB)
	10955660  -  ResidentSetSize of job (KB)
...
006 (111987068.126.000) 04/30 15:51:04 Image size of job updated: 11667212
	11318  -  MemoryUsage of job (MB)
	11589164  -  ResidentSetSize of job (KB)
...
006 (111987068.126.000) 04/30 15:56:04 Image size of job updated: 12247152
	11884  -  MemoryUsage of job (MB)
	12169104  -  ResidentSetSize of job (KB)
...
006 (111987068.126.000) 04/30 16:01:11 Image size of job updated: 12606700
	12236  -  MemoryUsage of job (MB)
	12528652  -  ResidentSetSize of job (KB)
...
006 (111987068.126.000) 04/30 16:06:05 Image size of job updated: 12876340
	12499  -  MemoryUsage of job (MB)
	12798292  -  ResidentSetSize of job (KB)
...
006 (111987068.126.000) 04/30 16:11:05 Image size of job updated: 13296100
	12909  -  MemoryUsage of job (MB)
	13218052  -  ResidentSetSize of job (KB)
...
006 (111987068.126.000) 04/30 16:16:06 Image size of job updated: 13507812
	13116  -  MemoryUsage of job (MB)
	13429764  -  ResidentSetSize of job (KB)
...
006 (111987068.126.000) 04/30 16:21:06 Image size of job updated: 13852208
	13452  -  MemoryUsage of job (MB)
	13774160  -  ResidentSetSize of job (KB)
...
006 (111987068.126.000) 04/30 16:26:06 Image size of job updated: 14199616
	13791  -  MemoryUsage of job (MB)
	14121568  -  ResidentSetSize of job (KB)
...
006 (111987068.126.000) 04/30 16:31:06 Image size of job updated: 14504196
	14089  -  MemoryUsage of job (MB)
	14426148  -  ResidentSetSize of job (KB)
...
006 (111987068.126.000) 04/30 16:36:07 Image size of job updated: 14792216
	14370  -  MemoryUsage of job (MB)
	14714168  -  ResidentSetSize of job (KB)
...
006 (111987068.126.000) 04/30 16:41:07 Image size of job updated: 14996776
	14570  -  MemoryUsage of job (MB)
	14918728  -  ResidentSetSize of job (KB)
...
006 (111987068.126.000) 04/30 16:46:07 Image size of job updated: 15251644
	14818  -  MemoryUsage of job (MB)
	15173596  -  ResidentSetSize of job (KB)
...
006 (111987068.126.000) 04/30 16:51:07 Image size of job updated: 15965624
	15512  -  MemoryUsage of job (MB)
	15884064  -  ResidentSetSize of job (KB)
...
006 (111987068.126.000) 04/30 16:56:07 Image size of job updated: 16678828
	16207  -  MemoryUsage of job (MB)
	16595476  -  ResidentSetSize of job (KB)
...
006 (111987068.126.000) 04/30 17:01:08 Image size of job updated: 17504608
	17012  -  MemoryUsage of job (MB)
	17419336  -  ResidentSetSize of job (KB)
...
006 (111987068.126.000) 04/30 17:06:10 Image size of job updated: 18222516
	17711  -  MemoryUsage of job (MB)
	18135788  -  ResidentSetSize of job (KB)
...
006 (111987068.126.000) 04/30 17:11:10 Image size of job updated: 19158056
	18614  -  MemoryUsage of job (MB)
	19060240  -  ResidentSetSize of job (KB)
...
006 (111987068.126.000) 04/30 17:16:11 Image size of job updated: 19749680
	19187  -  MemoryUsage of job (MB)
	19646940  -  ResidentSetSize of job (KB)
...
006 (111987068.126.000) 04/30 17:21:11 Image size of job updated: 20747764
	20088  -  MemoryUsage of job (MB)
	20569120  -  ResidentSetSize of job (KB)
...
006 (111987068.126.000) 04/30 17:26:12 Image size of job updated: 21355476
	20446  -  MemoryUsage of job (MB)
	20936640  -  ResidentSetSize of job (KB)
...
006 (111987068.126.000) 04/30 17:31:12 Image size of job updated: 22017332
	20454  -  MemoryUsage of job (MB)
	20943940  -  ResidentSetSize of job (KB)
...
006 (111987068.126.000) 04/30 17:36:12 Image size of job updated: 22355488
	20463  -  MemoryUsage of job (MB)
	20953112  -  ResidentSetSize of job (KB)
...
006 (111987068.126.000) 04/30 17:41:13 Image size of job updated: 22497188
	20463  -  MemoryUsage of job (MB)
	20953180  -  ResidentSetSize of job (KB)
...
006 (111987068.126.000) 04/30 17:46:14 Image size of job updated: 22816004
	20463  -  MemoryUsage of job (MB)
	20953180  -  ResidentSetSize of job (KB)
...
006 (111987068.126.000) 04/30 17:48:20 Image size of job updated: 22970440
	20463  -  MemoryUsage of job (MB)
	20953180  -  ResidentSetSize of job (KB)
...
005 (111987068.126.000) 04/30 17:48:22 Job terminated.
	(1) Normal termination (return value 0)
		Usr 0 02:10:00, Sys 0 00:02:16  -  Run Remote Usage
		Usr 0 00:00:00, Sys 0 00:00:00  -  Run Local Usage
		Usr 0 02:10:00, Sys 0 00:02:16  -  Total Remote Usage
		Usr 0 00:00:00, Sys 0 00:00:00  -  Total Local Usage
	24239318  -  Run Bytes Sent By Job
	1780294400  -  Run Bytes Received By Job
	24239318  -  Total Bytes Sent By Job
	1780294400  -  Total Bytes Received By Job
	Partitionable Resources :      Usage  Request Allocated 
	   Cpus                 :       0.01        1         1 
	   Disk (KB)            : 6853399    20971520  21348314 
	   Ioheavy              :                             0 
	   Memory (MB)          :   20463       20480     20480 
...
