000 (111987068.172.000) 04/30 09:11:54 Job submitted from host: <128.104.100.44:9618?addrs=128.104.100.44-9618+[2607-f388-107c-501-90e2-baff-fe2c-2724]-9618&noUDP&sock=4699_0235_3>
...
001 (111987068.172.000) 04/30 12:51:16 Job executing on host: <128.105.245.161:9618?addrs=128.105.245.161-9618&noUDP&sock=5440_f74b_3>
...
006 (111987068.172.000) 04/30 12:51:27 Image size of job updated: 624
	1  -  MemoryUsage of job (MB)
	624  -  ResidentSetSize of job (KB)
...
006 (111987068.172.000) 04/30 12:56:27 Image size of job updated: 652
	1  -  MemoryUsage of job (MB)
	652  -  ResidentSetSize of job (KB)
...
006 (111987068.172.000) 04/30 13:01:27 Image size of job updated: 656
	1  -  MemoryUsage of job (MB)
	656  -  ResidentSetSize of job (KB)
...
006 (111987068.172.000) 04/30 13:06:28 Image size of job updated: 441576
	356  -  MemoryUsage of job (MB)
	363584  -  ResidentSetSize of job (KB)
...
006 (111987068.172.000) 04/30 13:11:30 Image size of job updated: 839644
	744  -  MemoryUsage of job (MB)
	761596  -  ResidentSetSize of job (KB)
...
006 (111987068.172.000) 04/30 13:16:30 Image size of job updated: 1240580
	1136  -  MemoryUsage of job (MB)
	1162532  -  ResidentSetSize of job (KB)
...
006 (111987068.172.000) 04/30 13:21:30 Image size of job updated: 1634276
	1520  -  MemoryUsage of job (MB)
	1556228  -  ResidentSetSize of job (KB)
...
006 (111987068.172.000) 04/30 13:26:31 Image size of job updated: 2240160
	2112  -  MemoryUsage of job (MB)
	2162112  -  ResidentSetSize of job (KB)
...
006 (111987068.172.000) 04/30 13:31:32 Image size of job updated: 2873084
	2730  -  MemoryUsage of job (MB)
	2795036  -  ResidentSetSize of job (KB)
...
006 (111987068.172.000) 04/30 13:36:32 Image size of job updated: 3765776
	3602  -  MemoryUsage of job (MB)
	3687728  -  ResidentSetSize of job (KB)
...
006 (111987068.172.000) 04/30 13:41:32 Image size of job updated: 4706324
	4520  -  MemoryUsage of job (MB)
	4628276  -  ResidentSetSize of job (KB)
...
006 (111987068.172.000) 04/30 13:46:33 Image size of job updated: 5525544
	5320  -  MemoryUsage of job (MB)
	5447496  -  ResidentSetSize of job (KB)
...
006 (111987068.172.000) 04/30 13:51:34 Image size of job updated: 6444540
	6218  -  MemoryUsage of job (MB)
	6366492  -  ResidentSetSize of job (KB)
...
006 (111987068.172.000) 04/30 13:56:34 Image size of job updated: 7151172
	6908  -  MemoryUsage of job (MB)
	7073124  -  ResidentSetSize of job (KB)
...
006 (111987068.172.000) 04/30 14:01:35 Image size of job updated: 7646472
	7392  -  MemoryUsage of job (MB)
	7568424  -  ResidentSetSize of job (KB)
...
006 (111987068.172.000) 04/30 14:06:36 Image size of job updated: 8320532
	8050  -  MemoryUsage of job (MB)
	8242484  -  ResidentSetSize of job (KB)
...
006 (111987068.172.000) 04/30 14:11:36 Image size of job updated: 9144904
	8855  -  MemoryUsage of job (MB)
	9066856  -  ResidentSetSize of job (KB)
...
006 (111987068.172.000) 04/30 14:16:37 Image size of job updated: 9764956
	9460  -  MemoryUsage of job (MB)
	9686908  -  ResidentSetSize of job (KB)
...
006 (111987068.172.000) 04/30 14:21:37 Image size of job updated: 10477068
	10156  -  MemoryUsage of job (MB)
	10399020  -  ResidentSetSize of job (KB)
...
006 (111987068.172.000) 04/30 14:26:37 Image size of job updated: 10880500
	10550  -  MemoryUsage of job (MB)
	10802452  -  ResidentSetSize of job (KB)
...
006 (111987068.172.000) 04/30 14:31:38 Image size of job updated: 11249408
	10910  -  MemoryUsage of job (MB)
	11171360  -  ResidentSetSize of job (KB)
...
006 (111987068.172.000) 04/30 14:36:39 Image size of job updated: 11679472
	11330  -  MemoryUsage of job (MB)
	11601424  -  ResidentSetSize of job (KB)
...
006 (111987068.172.000) 04/30 14:41:42 Image size of job updated: 12015052
	11658  -  MemoryUsage of job (MB)
	11937004  -  ResidentSetSize of job (KB)
...
006 (111987068.172.000) 04/30 14:46:39 Image size of job updated: 12160204
	11799  -  MemoryUsage of job (MB)
	12082156  -  ResidentSetSize of job (KB)
...
006 (111987068.172.000) 04/30 14:51:40 Image size of job updated: 12485244
	12117  -  MemoryUsage of job (MB)
	12407196  -  ResidentSetSize of job (KB)
...
006 (111987068.172.000) 04/30 14:56:40 Image size of job updated: 13024064
	12643  -  MemoryUsage of job (MB)
	12946016  -  ResidentSetSize of job (KB)
...
006 (111987068.172.000) 04/30 15:01:41 Image size of job updated: 13365636
	12977  -  MemoryUsage of job (MB)
	13287588  -  ResidentSetSize of job (KB)
...
006 (111987068.172.000) 04/30 15:06:43 Image size of job updated: 13585284
	13191  -  MemoryUsage of job (MB)
	13507236  -  ResidentSetSize of job (KB)
...
006 (111987068.172.000) 04/30 15:11:43 Image size of job updated: 13972416
	13569  -  MemoryUsage of job (MB)
	13894368  -  ResidentSetSize of job (KB)
...
006 (111987068.172.000) 04/30 15:16:43 Image size of job updated: 14407776
	13994  -  MemoryUsage of job (MB)
	14329728  -  ResidentSetSize of job (KB)
...
006 (111987068.172.000) 04/30 15:21:44 Image size of job updated: 14863188
	14439  -  MemoryUsage of job (MB)
	14785140  -  ResidentSetSize of job (KB)
...
006 (111987068.172.000) 04/30 15:26:56 Image size of job updated: 15151464
	14721  -  MemoryUsage of job (MB)
	15073416  -  ResidentSetSize of job (KB)
...
006 (111987068.172.000) 04/30 15:31:45 Image size of job updated: 15581912
	15140  -  MemoryUsage of job (MB)
	15502784  -  ResidentSetSize of job (KB)
...
006 (111987068.172.000) 04/30 15:36:45 Image size of job updated: 15886164
	15437  -  MemoryUsage of job (MB)
	15806524  -  ResidentSetSize of job (KB)
...
006 (111987068.172.000) 04/30 15:42:00 Image size of job updated: 16184192
	15727  -  MemoryUsage of job (MB)
	16103620  -  ResidentSetSize of job (KB)
...
006 (111987068.172.000) 04/30 15:46:45 Image size of job updated: 16559632
	16092  -  MemoryUsage of job (MB)
	16478036  -  ResidentSetSize of job (KB)
...
006 (111987068.172.000) 04/30 15:51:45 Image size of job updated: 16985860
	16507  -  MemoryUsage of job (MB)
	16903036  -  ResidentSetSize of job (KB)
...
006 (111987068.172.000) 04/30 15:56:45 Image size of job updated: 17491136
	17000  -  MemoryUsage of job (MB)
	17407084  -  ResidentSetSize of job (KB)
...
006 (111987068.172.000) 04/30 16:01:45 Image size of job updated: 17798136
	17298  -  MemoryUsage of job (MB)
	17712936  -  ResidentSetSize of job (KB)
...
006 (111987068.172.000) 04/30 16:06:46 Image size of job updated: 18330164
	17816  -  MemoryUsage of job (MB)
	18243300  -  ResidentSetSize of job (KB)
...
006 (111987068.172.000) 04/30 16:11:46 Image size of job updated: 18749328
	18223  -  MemoryUsage of job (MB)
	18659732  -  ResidentSetSize of job (KB)
...
006 (111987068.172.000) 04/30 16:16:47 Image size of job updated: 19117472
	18577  -  MemoryUsage of job (MB)
	19022824  -  ResidentSetSize of job (KB)
...
006 (111987068.172.000) 04/30 16:21:47 Image size of job updated: 19743024
	19178  -  MemoryUsage of job (MB)
	19637420  -  ResidentSetSize of job (KB)
...
006 (111987068.172.000) 04/30 16:26:48 Image size of job updated: 20111856
	19510  -  MemoryUsage of job (MB)
	19977248  -  ResidentSetSize of job (KB)
...
006 (111987068.172.000) 04/30 16:31:52 Image size of job updated: 20379500
	19752  -  MemoryUsage of job (MB)
	20225660  -  ResidentSetSize of job (KB)
...
006 (111987068.172.000) 04/30 16:36:50 Image size of job updated: 20666248
	20011  -  MemoryUsage of job (MB)
	20490624  -  ResidentSetSize of job (KB)
...
006 (111987068.172.000) 04/30 16:41:49 Image size of job updated: 20817700
	20139  -  MemoryUsage of job (MB)
	20621832  -  ResidentSetSize of job (KB)
...
006 (111987068.172.000) 04/30 16:46:49 Image size of job updated: 21075612
	20328  -  MemoryUsage of job (MB)
	20815152  -  ResidentSetSize of job (KB)
...
006 (111987068.172.000) 04/30 16:51:49 Image size of job updated: 21329608
	20439  -  MemoryUsage of job (MB)
	20928704  -  ResidentSetSize of job (KB)
...
006 (111987068.172.000) 04/30 16:56:50 Image size of job updated: 21616308
	20444  -  MemoryUsage of job (MB)
	20933996  -  ResidentSetSize of job (KB)
...
006 (111987068.172.000) 04/30 17:01:53 Image size of job updated: 21925700
	20458  -  MemoryUsage of job (MB)
	20948332  -  ResidentSetSize of job (KB)
...
006 (111987068.172.000) 04/30 17:06:51 Image size of job updated: 22121328
	20458  -  MemoryUsage of job (MB)
	20948332  -  ResidentSetSize of job (KB)
...
006 (111987068.172.000) 04/30 17:11:51 Image size of job updated: 22441844
	20458  -  MemoryUsage of job (MB)
	20948332  -  ResidentSetSize of job (KB)
...
006 (111987068.172.000) 04/30 17:16:52 Image size of job updated: 22736356
	20458  -  MemoryUsage of job (MB)
	20948332  -  ResidentSetSize of job (KB)
...
006 (111987068.172.000) 04/30 17:20:29 Image size of job updated: 22930024
	20458  -  MemoryUsage of job (MB)
	20948332  -  ResidentSetSize of job (KB)
...
005 (111987068.172.000) 04/30 17:20:31 Job terminated.
	(1) Normal termination (return value 0)
		Usr 0 02:17:50, Sys 0 00:02:18  -  Run Remote Usage
		Usr 0 00:00:00, Sys 0 00:00:00  -  Run Local Usage
		Usr 0 02:17:50, Sys 0 00:02:18  -  Total Remote Usage
		Usr 0 00:00:00, Sys 0 00:00:00  -  Total Local Usage
	24285912  -  Run Bytes Sent By Job
	1780294400  -  Run Bytes Received By Job
	24285912  -  Total Bytes Sent By Job
	1780294400  -  Total Bytes Received By Job
	Partitionable Resources :      Usage  Request Allocated 
	   Cpus                 :       0.56        1         1 
	   Disk (KB)            : 6853445    20971520  21198201 
	   Ioheavy              :                             0 
	   Memory (MB)          :   20458       20480     20480 
...
