000 (111987068.063.000) 04/30 09:11:54 Job submitted from host: <128.104.100.44:9618?addrs=128.104.100.44-9618+[2607-f388-107c-501-90e2-baff-fe2c-2724]-9618&noUDP&sock=4699_0235_3>
...
001 (111987068.063.000) 04/30 10:25:03 Job executing on host: <128.105.245.64:9618?addrs=128.105.245.64-9618&noUDP&sock=4562_bb24_3>
...
006 (111987068.063.000) 04/30 10:25:14 Image size of job updated: 616
	1  -  MemoryUsage of job (MB)
	616  -  ResidentSetSize of job (KB)
...
006 (111987068.063.000) 04/30 10:30:15 Image size of job updated: 644
	1  -  MemoryUsage of job (MB)
	644  -  ResidentSetSize of job (KB)
...
006 (111987068.063.000) 04/30 10:35:15 Image size of job updated: 660
	1  -  MemoryUsage of job (MB)
	660  -  ResidentSetSize of job (KB)
...
006 (111987068.063.000) 04/30 10:40:14 Image size of job updated: 592872
	503  -  MemoryUsage of job (MB)
	514880  -  ResidentSetSize of job (KB)
...
006 (111987068.063.000) 04/30 10:45:15 Image size of job updated: 1073224
	972  -  MemoryUsage of job (MB)
	995176  -  ResidentSetSize of job (KB)
...
006 (111987068.063.000) 04/30 10:50:17 Image size of job updated: 1700152
	1585  -  MemoryUsage of job (MB)
	1622104  -  ResidentSetSize of job (KB)
...
006 (111987068.063.000) 04/30 10:55:17 Image size of job updated: 2369812
	2239  -  MemoryUsage of job (MB)
	2291764  -  ResidentSetSize of job (KB)
...
006 (111987068.063.000) 04/30 11:00:18 Image size of job updated: 3196084
	3045  -  MemoryUsage of job (MB)
	3118036  -  ResidentSetSize of job (KB)
...
006 (111987068.063.000) 04/30 11:05:19 Image size of job updated: 4148480
	3976  -  MemoryUsage of job (MB)
	4070432  -  ResidentSetSize of job (KB)
...
006 (111987068.063.000) 04/30 11:10:19 Image size of job updated: 5080640
	4886  -  MemoryUsage of job (MB)
	5002592  -  ResidentSetSize of job (KB)
...
006 (111987068.063.000) 04/30 11:15:20 Image size of job updated: 5884820
	5671  -  MemoryUsage of job (MB)
	5806772  -  ResidentSetSize of job (KB)
...
006 (111987068.063.000) 04/30 11:20:20 Image size of job updated: 6690224
	6458  -  MemoryUsage of job (MB)
	6612176  -  ResidentSetSize of job (KB)
...
006 (111987068.063.000) 04/30 11:25:20 Image size of job updated: 7488660
	7237  -  MemoryUsage of job (MB)
	7410612  -  ResidentSetSize of job (KB)
...
006 (111987068.063.000) 04/30 11:30:20 Image size of job updated: 8312960
	8042  -  MemoryUsage of job (MB)
	8234912  -  ResidentSetSize of job (KB)
...
006 (111987068.063.000) 04/30 11:35:21 Image size of job updated: 9124800
	8835  -  MemoryUsage of job (MB)
	9046752  -  ResidentSetSize of job (KB)
...
006 (111987068.063.000) 04/30 11:40:21 Image size of job updated: 9734012
	9430  -  MemoryUsage of job (MB)
	9655964  -  ResidentSetSize of job (KB)
...
006 (111987068.063.000) 04/30 11:45:21 Image size of job updated: 10204588
	9890  -  MemoryUsage of job (MB)
	10126540  -  ResidentSetSize of job (KB)
...
006 (111987068.063.000) 04/30 11:50:22 Image size of job updated: 10823088
	10494  -  MemoryUsage of job (MB)
	10745040  -  ResidentSetSize of job (KB)
...
006 (111987068.063.000) 04/30 11:55:23 Image size of job updated: 11351444
	11010  -  MemoryUsage of job (MB)
	11273396  -  ResidentSetSize of job (KB)
...
006 (111987068.063.000) 04/30 12:00:25 Image size of job updated: 11649672
	11301  -  MemoryUsage of job (MB)
	11571624  -  ResidentSetSize of job (KB)
...
006 (111987068.063.000) 04/30 12:05:25 Image size of job updated: 11963836
	11608  -  MemoryUsage of job (MB)
	11885788  -  ResidentSetSize of job (KB)
...
006 (111987068.063.000) 04/30 12:10:30 Image size of job updated: 12333900
	11969  -  MemoryUsage of job (MB)
	12255852  -  ResidentSetSize of job (KB)
...
006 (111987068.063.000) 04/30 12:15:24 Image size of job updated: 12709828
	12336  -  MemoryUsage of job (MB)
	12631780  -  ResidentSetSize of job (KB)
...
006 (111987068.063.000) 04/30 12:20:24 Image size of job updated: 13067960
	12686  -  MemoryUsage of job (MB)
	12989912  -  ResidentSetSize of job (KB)
...
006 (111987068.063.000) 04/30 12:25:24 Image size of job updated: 13508844
	13117  -  MemoryUsage of job (MB)
	13430796  -  ResidentSetSize of job (KB)
...
006 (111987068.063.000) 04/30 12:30:25 Image size of job updated: 13850440
	13450  -  MemoryUsage of job (MB)
	13772392  -  ResidentSetSize of job (KB)
...
006 (111987068.063.000) 04/30 12:35:26 Image size of job updated: 14277060
	13867  -  MemoryUsage of job (MB)
	14199012  -  ResidentSetSize of job (KB)
...
006 (111987068.063.000) 04/30 12:40:26 Image size of job updated: 14764784
	14343  -  MemoryUsage of job (MB)
	14686736  -  ResidentSetSize of job (KB)
...
006 (111987068.063.000) 04/30 12:45:26 Image size of job updated: 15433236
	14996  -  MemoryUsage of job (MB)
	15355188  -  ResidentSetSize of job (KB)
...
006 (111987068.063.000) 04/30 12:50:27 Image size of job updated: 16187816
	15733  -  MemoryUsage of job (MB)
	16109768  -  ResidentSetSize of job (KB)
...
006 (111987068.063.000) 04/30 12:55:27 Image size of job updated: 16835044
	16364  -  MemoryUsage of job (MB)
	16756136  -  ResidentSetSize of job (KB)
...
006 (111987068.063.000) 04/30 13:00:27 Image size of job updated: 17487272
	17000  -  MemoryUsage of job (MB)
	17407736  -  ResidentSetSize of job (KB)
...
006 (111987068.063.000) 04/30 13:05:27 Image size of job updated: 18174208
	17670  -  MemoryUsage of job (MB)
	18093476  -  ResidentSetSize of job (KB)
...
006 (111987068.063.000) 04/30 13:10:28 Image size of job updated: 18784668
	18266  -  MemoryUsage of job (MB)
	18703936  -  ResidentSetSize of job (KB)
...
006 (111987068.063.000) 04/30 13:15:29 Image size of job updated: 19488776
	18952  -  MemoryUsage of job (MB)
	19406400  -  ResidentSetSize of job (KB)
...
006 (111987068.063.000) 04/30 13:20:30 Image size of job updated: 20133756
	19544  -  MemoryUsage of job (MB)
	20012880  -  ResidentSetSize of job (KB)
...
006 (111987068.063.000) 04/30 13:25:31 Image size of job updated: 20822564
	20163  -  MemoryUsage of job (MB)
	20646600  -  ResidentSetSize of job (KB)
...
006 (111987068.063.000) 04/30 13:30:31 Image size of job updated: 21352172
	20458  -  MemoryUsage of job (MB)
	20948344  -  ResidentSetSize of job (KB)
...
006 (111987068.063.000) 04/30 13:35:32 Image size of job updated: 21718940
	20459  -  MemoryUsage of job (MB)
	20949460  -  ResidentSetSize of job (KB)
...
006 (111987068.063.000) 04/30 13:40:33 Image size of job updated: 22261644
	20459  -  MemoryUsage of job (MB)
	20949584  -  ResidentSetSize of job (KB)
...
006 (111987068.063.000) 04/30 13:45:32 Image size of job updated: 22877648
	20459  -  MemoryUsage of job (MB)
	20949584  -  ResidentSetSize of job (KB)
...
006 (111987068.063.000) 04/30 13:50:32 Image size of job updated: 23425732
	20459  -  MemoryUsage of job (MB)
	20949584  -  ResidentSetSize of job (KB)
...
006 (111987068.063.000) 04/30 13:55:33 Image size of job updated: 23910160
	20459  -  MemoryUsage of job (MB)
	20949584  -  ResidentSetSize of job (KB)
...
006 (111987068.063.000) 04/30 14:00:34 Image size of job updated: 24274684
	20459  -  MemoryUsage of job (MB)
	20949584  -  ResidentSetSize of job (KB)
...
006 (111987068.063.000) 04/30 14:05:34 Image size of job updated: 24530684
	20459  -  MemoryUsage of job (MB)
	20949584  -  ResidentSetSize of job (KB)
...
006 (111987068.063.000) 04/30 14:10:34 Image size of job updated: 24740896
	20459  -  MemoryUsage of job (MB)
	20949584  -  ResidentSetSize of job (KB)
...
006 (111987068.063.000) 04/30 14:15:34 Image size of job updated: 24880612
	20459  -  MemoryUsage of job (MB)
	20949584  -  ResidentSetSize of job (KB)
...
006 (111987068.063.000) 04/30 14:20:36 Image size of job updated: 25082624
	20459  -  MemoryUsage of job (MB)
	20949584  -  ResidentSetSize of job (KB)
...
006 (111987068.063.000) 04/30 14:25:35 Image size of job updated: 25317236
	20459  -  MemoryUsage of job (MB)
	20949584  -  ResidentSetSize of job (KB)
...
006 (111987068.063.000) 04/30 14:30:35 Image size of job updated: 25433260
	20459  -  MemoryUsage of job (MB)
	20949584  -  ResidentSetSize of job (KB)
...
006 (111987068.063.000) 04/30 14:35:36 Image size of job updated: 25657028
	20459  -  MemoryUsage of job (MB)
	20949584  -  ResidentSetSize of job (KB)
...
005 (111987068.063.000) 04/30 14:36:04 Job terminated.
	(1) Normal termination (return value 0)
		Usr 0 02:47:57, Sys 0 00:05:33  -  Run Remote Usage
		Usr 0 00:00:00, Sys 0 00:00:00  -  Run Local Usage
		Usr 0 02:47:57, Sys 0 00:05:33  -  Total Remote Usage
		Usr 0 00:00:00, Sys 0 00:00:00  -  Total Local Usage
	27495482  -  Run Bytes Sent By Job
	1780294400  -  Run Bytes Received By Job
	27495482  -  Total Bytes Sent By Job
	1780294400  -  Total Bytes Received By Job
	Partitionable Resources :      Usage  Request Allocated 
	   Cpus                 :       0.69        1         1 
	   Disk (KB)            : 6906266    20971520  21328210 
	   Ioheavy              :                             0 
	   Memory (MB)          :   20459       20480     20480 
...
