000 (111987068.198.000) 04/30 09:11:54 Job submitted from host: <128.104.100.44:9618?addrs=128.104.100.44-9618+[2607-f388-107c-501-90e2-baff-fe2c-2724]-9618&noUDP&sock=4699_0235_3>
...
001 (111987068.198.000) 04/30 19:06:50 Job executing on host: <128.105.245.177:9618?addrs=128.105.245.177-9618&noUDP&sock=5454_919e_46>
...
006 (111987068.198.000) 04/30 19:07:00 Image size of job updated: 632
	1  -  MemoryUsage of job (MB)
	632  -  ResidentSetSize of job (KB)
...
006 (111987068.198.000) 04/30 19:12:01 Image size of job updated: 306544
	224  -  MemoryUsage of job (MB)
	228548  -  ResidentSetSize of job (KB)
...
006 (111987068.198.000) 04/30 19:17:01 Image size of job updated: 965492
	867  -  MemoryUsage of job (MB)
	887440  -  ResidentSetSize of job (KB)
...
006 (111987068.198.000) 04/30 19:22:02 Image size of job updated: 1615324
	1502  -  MemoryUsage of job (MB)
	1537272  -  ResidentSetSize of job (KB)
...
006 (111987068.198.000) 04/30 19:27:04 Image size of job updated: 2633008
	2496  -  MemoryUsage of job (MB)
	2554956  -  ResidentSetSize of job (KB)
...
006 (111987068.198.000) 04/30 19:32:04 Image size of job updated: 3577348
	3418  -  MemoryUsage of job (MB)
	3499296  -  ResidentSetSize of job (KB)
...
006 (111987068.198.000) 04/30 19:37:04 Image size of job updated: 4450720
	4271  -  MemoryUsage of job (MB)
	4372668  -  ResidentSetSize of job (KB)
...
006 (111987068.198.000) 04/30 19:42:05 Image size of job updated: 5301900
	5102  -  MemoryUsage of job (MB)
	5223848  -  ResidentSetSize of job (KB)
...
006 (111987068.198.000) 04/30 19:47:05 Image size of job updated: 6233608
	6012  -  MemoryUsage of job (MB)
	6155556  -  ResidentSetSize of job (KB)
...
006 (111987068.198.000) 04/30 19:52:05 Image size of job updated: 6945028
	6707  -  MemoryUsage of job (MB)
	6866976  -  ResidentSetSize of job (KB)
...
006 (111987068.198.000) 04/30 19:57:06 Image size of job updated: 7771860
	7514  -  MemoryUsage of job (MB)
	7693808  -  ResidentSetSize of job (KB)
...
006 (111987068.198.000) 04/30 20:02:07 Image size of job updated: 8549648
	8274  -  MemoryUsage of job (MB)
	8471596  -  ResidentSetSize of job (KB)
...
006 (111987068.198.000) 04/30 20:07:08 Image size of job updated: 9207260
	8916  -  MemoryUsage of job (MB)
	9129208  -  ResidentSetSize of job (KB)
...
006 (111987068.198.000) 04/30 20:12:08 Image size of job updated: 9857004
	9550  -  MemoryUsage of job (MB)
	9778952  -  ResidentSetSize of job (KB)
...
006 (111987068.198.000) 04/30 20:17:08 Image size of job updated: 10630808
	10306  -  MemoryUsage of job (MB)
	10552756  -  ResidentSetSize of job (KB)
...
006 (111987068.198.000) 04/30 20:22:09 Image size of job updated: 11223952
	10885  -  MemoryUsage of job (MB)
	11145900  -  ResidentSetSize of job (KB)
...
006 (111987068.198.000) 04/30 20:27:10 Image size of job updated: 11894404
	11540  -  MemoryUsage of job (MB)
	11816352  -  ResidentSetSize of job (KB)
...
006 (111987068.198.000) 04/30 20:32:10 Image size of job updated: 12494956
	12126  -  MemoryUsage of job (MB)
	12416904  -  ResidentSetSize of job (KB)
...
006 (111987068.198.000) 04/30 20:37:12 Image size of job updated: 13073928
	12692  -  MemoryUsage of job (MB)
	12995876  -  ResidentSetSize of job (KB)
...
006 (111987068.198.000) 04/30 20:42:12 Image size of job updated: 13656232
	13260  -  MemoryUsage of job (MB)
	13578180  -  ResidentSetSize of job (KB)
...
006 (111987068.198.000) 04/30 20:47:12 Image size of job updated: 14243792
	13834  -  MemoryUsage of job (MB)
	14165740  -  ResidentSetSize of job (KB)
...
006 (111987068.198.000) 04/30 20:52:12 Image size of job updated: 14969336
	14543  -  MemoryUsage of job (MB)
	14891284  -  ResidentSetSize of job (KB)
...
006 (111987068.198.000) 04/30 20:57:12 Image size of job updated: 15527096
	15087  -  MemoryUsage of job (MB)
	15449044  -  ResidentSetSize of job (KB)
...
006 (111987068.198.000) 04/30 21:02:13 Image size of job updated: 16236512
	15780  -  MemoryUsage of job (MB)
	16158072  -  ResidentSetSize of job (KB)
...
006 (111987068.198.000) 04/30 21:07:14 Image size of job updated: 16974796
	16498  -  MemoryUsage of job (MB)
	16893456  -  ResidentSetSize of job (KB)
...
006 (111987068.198.000) 04/30 21:12:15 Image size of job updated: 17771900
	17266  -  MemoryUsage of job (MB)
	17679612  -  ResidentSetSize of job (KB)
...
006 (111987068.198.000) 04/30 21:17:16 Image size of job updated: 18744300
	18209  -  MemoryUsage of job (MB)
	18645144  -  ResidentSetSize of job (KB)
...
006 (111987068.198.000) 04/30 21:22:17 Image size of job updated: 19497124
	18938  -  MemoryUsage of job (MB)
	19392020  -  ResidentSetSize of job (KB)
...
006 (111987068.198.000) 04/30 21:27:17 Image size of job updated: 20159752
	19572  -  MemoryUsage of job (MB)
	20041572  -  ResidentSetSize of job (KB)
...
006 (111987068.198.000) 04/30 21:32:18 Image size of job updated: 20794876
	20053  -  MemoryUsage of job (MB)
	20533784  -  ResidentSetSize of job (KB)
...
006 (111987068.198.000) 04/30 21:37:19 Image size of job updated: 21568620
	20396  -  MemoryUsage of job (MB)
	20885284  -  ResidentSetSize of job (KB)
...
006 (111987068.198.000) 04/30 21:42:20 Image size of job updated: 22379820
	20455  -  MemoryUsage of job (MB)
	20945020  -  ResidentSetSize of job (KB)
...
006 (111987068.198.000) 04/30 21:47:21 Image size of job updated: 22942012
	20455  -  MemoryUsage of job (MB)
	20945020  -  ResidentSetSize of job (KB)
...
006 (111987068.198.000) 04/30 21:50:04 Image size of job updated: 23367964
	20455  -  MemoryUsage of job (MB)
	20945020  -  ResidentSetSize of job (KB)
...
005 (111987068.198.000) 04/30 21:50:06 Job terminated.
	(1) Normal termination (return value 0)
		Usr 0 02:24:28, Sys 0 00:02:19  -  Run Remote Usage
		Usr 0 00:00:00, Sys 0 00:00:00  -  Run Local Usage
		Usr 0 02:24:28, Sys 0 00:02:19  -  Total Remote Usage
		Usr 0 00:00:00, Sys 0 00:00:00  -  Total Local Usage
	24682608  -  Run Bytes Sent By Job
	1780294400  -  Run Bytes Received By Job
	24682608  -  Total Bytes Sent By Job
	1780294400  -  Total Bytes Received By Job
	Partitionable Resources :      Usage  Request Allocated 
	   Cpus                 :       0.66        1         1 
	   Disk (KB)            : 6853831    20971520  22480958 
	   Ioheavy              :                             0 
	   Memory (MB)          :   20455       20480     20480 
...
