000 (111987068.183.000) 04/30 09:11:54 Job submitted from host: <128.104.100.44:9618?addrs=128.104.100.44-9618+[2607-f388-107c-501-90e2-baff-fe2c-2724]-9618&noUDP&sock=4699_0235_3>
...
001 (111987068.183.000) 04/30 13:07:26 Job executing on host: <128.105.245.152:9618?addrs=128.105.245.152-9618&noUDP&sock=5500_1efa_3>
...
006 (111987068.183.000) 04/30 13:07:34 Image size of job updated: 628
	1  -  MemoryUsage of job (MB)
	628  -  ResidentSetSize of job (KB)
...
006 (111987068.183.000) 04/30 13:12:37 Image size of job updated: 656
	1  -  MemoryUsage of job (MB)
	656  -  ResidentSetSize of job (KB)
...
006 (111987068.183.000) 04/30 13:17:36 Image size of job updated: 345244
	261  -  MemoryUsage of job (MB)
	267252  -  ResidentSetSize of job (KB)
...
006 (111987068.183.000) 04/30 13:22:36 Image size of job updated: 749056
	656  -  MemoryUsage of job (MB)
	671044  -  ResidentSetSize of job (KB)
...
006 (111987068.183.000) 04/30 13:27:36 Image size of job updated: 1048132
	948  -  MemoryUsage of job (MB)
	970084  -  ResidentSetSize of job (KB)
...
006 (111987068.183.000) 04/30 13:32:37 Image size of job updated: 1379652
	1272  -  MemoryUsage of job (MB)
	1301604  -  ResidentSetSize of job (KB)
...
006 (111987068.183.000) 04/30 13:37:37 Image size of job updated: 1886220
	1766  -  MemoryUsage of job (MB)
	1808172  -  ResidentSetSize of job (KB)
...
006 (111987068.183.000) 04/30 13:42:37 Image size of job updated: 2469988
	2336  -  MemoryUsage of job (MB)
	2391940  -  ResidentSetSize of job (KB)
...
006 (111987068.183.000) 04/30 13:47:38 Image size of job updated: 3252504
	3101  -  MemoryUsage of job (MB)
	3174456  -  ResidentSetSize of job (KB)
...
006 (111987068.183.000) 04/30 13:52:40 Image size of job updated: 4060724
	3890  -  MemoryUsage of job (MB)
	3982676  -  ResidentSetSize of job (KB)
...
006 (111987068.183.000) 04/30 13:57:40 Image size of job updated: 4843676
	4654  -  MemoryUsage of job (MB)
	4765628  -  ResidentSetSize of job (KB)
...
006 (111987068.183.000) 04/30 14:02:40 Image size of job updated: 5770508
	5560  -  MemoryUsage of job (MB)
	5692460  -  ResidentSetSize of job (KB)
...
006 (111987068.183.000) 04/30 14:07:40 Image size of job updated: 6422436
	6196  -  MemoryUsage of job (MB)
	6344388  -  ResidentSetSize of job (KB)
...
006 (111987068.183.000) 04/30 14:12:40 Image size of job updated: 6830784
	6595  -  MemoryUsage of job (MB)
	6752736  -  ResidentSetSize of job (KB)
...
006 (111987068.183.000) 04/30 14:17:41 Image size of job updated: 7414768
	7165  -  MemoryUsage of job (MB)
	7336720  -  ResidentSetSize of job (KB)
...
006 (111987068.183.000) 04/30 14:22:41 Image size of job updated: 8124632
	7858  -  MemoryUsage of job (MB)
	8046584  -  ResidentSetSize of job (KB)
...
006 (111987068.183.000) 04/30 14:27:42 Image size of job updated: 8884956
	8601  -  MemoryUsage of job (MB)
	8806908  -  ResidentSetSize of job (KB)
...
006 (111987068.183.000) 04/30 14:32:43 Image size of job updated: 9401908
	9106  -  MemoryUsage of job (MB)
	9323860  -  ResidentSetSize of job (KB)
...
006 (111987068.183.000) 04/30 14:38:20 Image size of job updated: 10141236
	9828  -  MemoryUsage of job (MB)
	10063188  -  ResidentSetSize of job (KB)
...
006 (111987068.183.000) 04/30 14:42:43 Image size of job updated: 10721672
	10395  -  MemoryUsage of job (MB)
	10643624  -  ResidentSetSize of job (KB)
...
006 (111987068.183.000) 04/30 14:47:43 Image size of job updated: 11166128
	10829  -  MemoryUsage of job (MB)
	11088080  -  ResidentSetSize of job (KB)
...
006 (111987068.183.000) 04/30 14:52:43 Image size of job updated: 11523008
	11177  -  MemoryUsage of job (MB)
	11444960  -  ResidentSetSize of job (KB)
...
006 (111987068.183.000) 04/30 14:57:44 Image size of job updated: 11800728
	11448  -  MemoryUsage of job (MB)
	11722680  -  ResidentSetSize of job (KB)
...
006 (111987068.183.000) 04/30 15:02:44 Image size of job updated: 12144172
	11784  -  MemoryUsage of job (MB)
	12066124  -  ResidentSetSize of job (KB)
...
006 (111987068.183.000) 04/30 15:07:44 Image size of job updated: 12743772
	12369  -  MemoryUsage of job (MB)
	12665724  -  ResidentSetSize of job (KB)
...
006 (111987068.183.000) 04/30 15:12:46 Image size of job updated: 13481144
	13089  -  MemoryUsage of job (MB)
	13403096  -  ResidentSetSize of job (KB)
...
006 (111987068.183.000) 04/30 15:17:47 Image size of job updated: 13957768
	13555  -  MemoryUsage of job (MB)
	13879720  -  ResidentSetSize of job (KB)
...
006 (111987068.183.000) 04/30 15:22:47 Image size of job updated: 14660980
	14242  -  MemoryUsage of job (MB)
	14582932  -  ResidentSetSize of job (KB)
...
006 (111987068.183.000) 04/30 15:27:47 Image size of job updated: 15357608
	14922  -  MemoryUsage of job (MB)
	15279560  -  ResidentSetSize of job (KB)
...
006 (111987068.183.000) 04/30 15:33:01 Image size of job updated: 16015220
	15564  -  MemoryUsage of job (MB)
	15936672  -  ResidentSetSize of job (KB)
...
006 (111987068.183.000) 04/30 15:37:48 Image size of job updated: 16627076
	16159  -  MemoryUsage of job (MB)
	16546716  -  ResidentSetSize of job (KB)
...
006 (111987068.183.000) 04/30 15:42:49 Image size of job updated: 17172196
	16690  -  MemoryUsage of job (MB)
	17090556  -  ResidentSetSize of job (KB)
...
006 (111987068.183.000) 04/30 15:47:50 Image size of job updated: 17664852
	17170  -  MemoryUsage of job (MB)
	17582040  -  ResidentSetSize of job (KB)
...
006 (111987068.183.000) 04/30 15:52:50 Image size of job updated: 18257304
	17748  -  MemoryUsage of job (MB)
	18173304  -  ResidentSetSize of job (KB)
...
006 (111987068.183.000) 04/30 15:57:50 Image size of job updated: 18570884
	18054  -  MemoryUsage of job (MB)
	18486884  -  ResidentSetSize of job (KB)
...
006 (111987068.183.000) 04/30 16:02:50 Image size of job updated: 18917560
	18391  -  MemoryUsage of job (MB)
	18832224  -  ResidentSetSize of job (KB)
...
006 (111987068.183.000) 04/30 16:07:50 Image size of job updated: 19210596
	18676  -  MemoryUsage of job (MB)
	19123964  -  ResidentSetSize of job (KB)
...
006 (111987068.183.000) 04/30 16:12:51 Image size of job updated: 19403852
	18863  -  MemoryUsage of job (MB)
	19315696  -  ResidentSetSize of job (KB)
...
006 (111987068.183.000) 04/30 16:17:52 Image size of job updated: 19689240
	19139  -  MemoryUsage of job (MB)
	19597688  -  ResidentSetSize of job (KB)
...
006 (111987068.183.000) 04/30 16:22:52 Image size of job updated: 19932000
	19367  -  MemoryUsage of job (MB)
	19831656  -  ResidentSetSize of job (KB)
...
006 (111987068.183.000) 04/30 16:27:53 Image size of job updated: 20616024
	19994  -  MemoryUsage of job (MB)
	20473472  -  ResidentSetSize of job (KB)
...
006 (111987068.183.000) 04/30 16:32:53 Image size of job updated: 21268800
	20434  -  MemoryUsage of job (MB)
	20923464  -  ResidentSetSize of job (KB)
...
006 (111987068.183.000) 04/30 16:37:54 Image size of job updated: 21878948
	20454  -  MemoryUsage of job (MB)
	20943916  -  ResidentSetSize of job (KB)
...
006 (111987068.183.000) 04/30 16:42:55 Image size of job updated: 22034736
	20454  -  MemoryUsage of job (MB)
	20943972  -  ResidentSetSize of job (KB)
...
006 (111987068.183.000) 04/30 16:47:56 Image size of job updated: 22289200
	20454  -  MemoryUsage of job (MB)
	20943972  -  ResidentSetSize of job (KB)
...
006 (111987068.183.000) 04/30 16:52:56 Image size of job updated: 22613820
	20454  -  MemoryUsage of job (MB)
	20943972  -  ResidentSetSize of job (KB)
...
006 (111987068.183.000) 04/30 16:57:57 Image size of job updated: 22925732
	20465  -  MemoryUsage of job (MB)
	20955452  -  ResidentSetSize of job (KB)
...
006 (111987068.183.000) 04/30 17:02:58 Image size of job updated: 23179164
	20465  -  MemoryUsage of job (MB)
	20955452  -  ResidentSetSize of job (KB)
...
005 (111987068.183.000) 04/30 17:03:02 Job terminated.
	(1) Normal termination (return value 0)
		Usr 0 02:17:03, Sys 0 00:05:50  -  Run Remote Usage
		Usr 0 00:00:00, Sys 0 00:00:00  -  Run Local Usage
		Usr 0 02:17:03, Sys 0 00:05:50  -  Total Remote Usage
		Usr 0 00:00:00, Sys 0 00:00:00  -  Total Local Usage
	24168410  -  Run Bytes Sent By Job
	1780294400  -  Run Bytes Received By Job
	24168410  -  Total Bytes Sent By Job
	1780294400  -  Total Bytes Received By Job
	Partitionable Resources :      Usage  Request Allocated 
	   Cpus                 :       0.05        1         1 
	   Disk (KB)            : 6853329    20971520  21072359 
	   Ioheavy              :                             0 
	   Memory (MB)          :   20465       20480     20480 
...
