000 (111987068.163.000) 04/30 09:11:54 Job submitted from host: <128.104.100.44:9618?addrs=128.104.100.44-9618+[2607-f388-107c-501-90e2-baff-fe2c-2724]-9618&noUDP&sock=4699_0235_3>
...
001 (111987068.163.000) 04/30 12:36:20 Job executing on host: <128.105.245.234:9618?addrs=128.105.245.234-9618&noUDP&sock=5449_23a5_29>
...
006 (111987068.163.000) 04/30 12:36:29 Image size of job updated: 660
	1  -  MemoryUsage of job (MB)
	624  -  ResidentSetSize of job (KB)
...
006 (111987068.163.000) 04/30 12:41:31 Image size of job updated: 688
	1  -  MemoryUsage of job (MB)
	652  -  ResidentSetSize of job (KB)
...
006 (111987068.163.000) 04/30 12:46:33 Image size of job updated: 522012
	434  -  MemoryUsage of job (MB)
	443984  -  ResidentSetSize of job (KB)
...
006 (111987068.163.000) 04/30 12:51:33 Image size of job updated: 980840
	882  -  MemoryUsage of job (MB)
	902756  -  ResidentSetSize of job (KB)
...
006 (111987068.163.000) 04/30 12:56:33 Image size of job updated: 1298524
	1192  -  MemoryUsage of job (MB)
	1220440  -  ResidentSetSize of job (KB)
...
006 (111987068.163.000) 04/30 13:01:34 Image size of job updated: 1795940
	1678  -  MemoryUsage of job (MB)
	1717856  -  ResidentSetSize of job (KB)
...
006 (111987068.163.000) 04/30 13:06:35 Image size of job updated: 2385780
	2254  -  MemoryUsage of job (MB)
	2307696  -  ResidentSetSize of job (KB)
...
006 (111987068.163.000) 04/30 13:11:35 Image size of job updated: 3044932
	2898  -  MemoryUsage of job (MB)
	2966848  -  ResidentSetSize of job (KB)
...
006 (111987068.163.000) 04/30 13:16:36 Image size of job updated: 3805044
	3640  -  MemoryUsage of job (MB)
	3726960  -  ResidentSetSize of job (KB)
...
006 (111987068.163.000) 04/30 13:21:37 Image size of job updated: 4767680
	4580  -  MemoryUsage of job (MB)
	4689596  -  ResidentSetSize of job (KB)
...
006 (111987068.163.000) 04/30 13:26:37 Image size of job updated: 5468972
	5265  -  MemoryUsage of job (MB)
	5390888  -  ResidentSetSize of job (KB)
...
006 (111987068.163.000) 04/30 13:31:42 Image size of job updated: 6410084
	6184  -  MemoryUsage of job (MB)
	6332000  -  ResidentSetSize of job (KB)
...
006 (111987068.163.000) 04/30 13:36:37 Image size of job updated: 7085564
	6844  -  MemoryUsage of job (MB)
	7007480  -  ResidentSetSize of job (KB)
...
006 (111987068.163.000) 04/30 13:41:37 Image size of job updated: 7977192
	7714  -  MemoryUsage of job (MB)
	7899108  -  ResidentSetSize of job (KB)
...
006 (111987068.163.000) 04/30 13:46:37 Image size of job updated: 8496008
	8221  -  MemoryUsage of job (MB)
	8417924  -  ResidentSetSize of job (KB)
...
006 (111987068.163.000) 04/30 13:51:38 Image size of job updated: 8792144
	8510  -  MemoryUsage of job (MB)
	8714060  -  ResidentSetSize of job (KB)
...
006 (111987068.163.000) 04/30 13:56:39 Image size of job updated: 9157348
	8867  -  MemoryUsage of job (MB)
	9079264  -  ResidentSetSize of job (KB)
...
006 (111987068.163.000) 04/30 14:01:59 Image size of job updated: 9693752
	9391  -  MemoryUsage of job (MB)
	9615668  -  ResidentSetSize of job (KB)
...
006 (111987068.163.000) 04/30 14:06:39 Image size of job updated: 10031408
	9721  -  MemoryUsage of job (MB)
	9953324  -  ResidentSetSize of job (KB)
...
006 (111987068.163.000) 04/30 14:11:39 Image size of job updated: 10576572
	10253  -  MemoryUsage of job (MB)
	10498488  -  ResidentSetSize of job (KB)
...
006 (111987068.163.000) 04/30 14:16:39 Image size of job updated: 11225352
	10887  -  MemoryUsage of job (MB)
	11147268  -  ResidentSetSize of job (KB)
...
006 (111987068.163.000) 04/30 14:21:40 Image size of job updated: 12002072
	11645  -  MemoryUsage of job (MB)
	11923988  -  ResidentSetSize of job (KB)
...
006 (111987068.163.000) 04/30 14:26:42 Image size of job updated: 12638056
	12266  -  MemoryUsage of job (MB)
	12559972  -  ResidentSetSize of job (KB)
...
006 (111987068.163.000) 04/30 14:31:41 Image size of job updated: 13212736
	12827  -  MemoryUsage of job (MB)
	13134652  -  ResidentSetSize of job (KB)
...
006 (111987068.163.000) 04/30 14:36:42 Image size of job updated: 13918880
	13517  -  MemoryUsage of job (MB)
	13840796  -  ResidentSetSize of job (KB)
...
006 (111987068.163.000) 04/30 14:41:42 Image size of job updated: 14380404
	13968  -  MemoryUsage of job (MB)
	14302320  -  ResidentSetSize of job (KB)
...
006 (111987068.163.000) 04/30 14:46:43 Image size of job updated: 14929308
	14504  -  MemoryUsage of job (MB)
	14851224  -  ResidentSetSize of job (KB)
...
006 (111987068.163.000) 04/30 14:51:44 Image size of job updated: 15269904
	14836  -  MemoryUsage of job (MB)
	15191820  -  ResidentSetSize of job (KB)
...
006 (111987068.163.000) 04/30 14:56:44 Image size of job updated: 15548932
	15109  -  MemoryUsage of job (MB)
	15470848  -  ResidentSetSize of job (KB)
...
006 (111987068.163.000) 04/30 15:01:44 Image size of job updated: 15897216
	15449  -  MemoryUsage of job (MB)
	15819132  -  ResidentSetSize of job (KB)
...
006 (111987068.163.000) 04/30 15:06:45 Image size of job updated: 16330180
	15872  -  MemoryUsage of job (MB)
	16252096  -  ResidentSetSize of job (KB)
...
006 (111987068.163.000) 04/30 15:11:46 Image size of job updated: 17099532
	16623  -  MemoryUsage of job (MB)
	17021320  -  ResidentSetSize of job (KB)
...
006 (111987068.163.000) 04/30 15:16:46 Image size of job updated: 17760880
	17267  -  MemoryUsage of job (MB)
	17681136  -  ResidentSetSize of job (KB)
...
006 (111987068.163.000) 04/30 15:21:47 Image size of job updated: 18621436
	18103  -  MemoryUsage of job (MB)
	18536856  -  ResidentSetSize of job (KB)
...
006 (111987068.163.000) 04/30 15:26:47 Image size of job updated: 19027480
	18496  -  MemoryUsage of job (MB)
	18939104  -  ResidentSetSize of job (KB)
...
006 (111987068.163.000) 04/30 15:31:47 Image size of job updated: 19581920
	19035  -  MemoryUsage of job (MB)
	19491288  -  ResidentSetSize of job (KB)
...
006 (111987068.163.000) 04/30 15:36:49 Image size of job updated: 19935956
	19364  -  MemoryUsage of job (MB)
	19827996  -  ResidentSetSize of job (KB)
...
006 (111987068.163.000) 04/30 15:41:50 Image size of job updated: 20513592
	19890  -  MemoryUsage of job (MB)
	20366436  -  ResidentSetSize of job (KB)
...
006 (111987068.163.000) 04/30 15:46:49 Image size of job updated: 21000184
	20303  -  MemoryUsage of job (MB)
	20789380  -  ResidentSetSize of job (KB)
...
006 (111987068.163.000) 04/30 15:51:50 Image size of job updated: 21554868
	20442  -  MemoryUsage of job (MB)
	20932268  -  ResidentSetSize of job (KB)
...
006 (111987068.163.000) 04/30 15:56:51 Image size of job updated: 21826660
	20460  -  MemoryUsage of job (MB)
	20950876  -  ResidentSetSize of job (KB)
...
006 (111987068.163.000) 04/30 16:01:51 Image size of job updated: 21933284
	20460  -  MemoryUsage of job (MB)
	20950876  -  ResidentSetSize of job (KB)
...
006 (111987068.163.000) 04/30 16:06:51 Image size of job updated: 22190192
	20460  -  MemoryUsage of job (MB)
	20950976  -  ResidentSetSize of job (KB)
...
006 (111987068.163.000) 04/30 16:11:53 Image size of job updated: 22265272
	20460  -  MemoryUsage of job (MB)
	20950976  -  ResidentSetSize of job (KB)
...
006 (111987068.163.000) 04/30 16:16:52 Image size of job updated: 22331640
	20460  -  MemoryUsage of job (MB)
	20950976  -  ResidentSetSize of job (KB)
...
006 (111987068.163.000) 04/30 16:21:52 Image size of job updated: 22577380
	20465  -  MemoryUsage of job (MB)
	20955928  -  ResidentSetSize of job (KB)
...
006 (111987068.163.000) 04/30 16:26:52 Image size of job updated: 22696744
	20465  -  MemoryUsage of job (MB)
	20955928  -  ResidentSetSize of job (KB)
...
006 (111987068.163.000) 04/30 16:31:54 Image size of job updated: 22977176
	20465  -  MemoryUsage of job (MB)
	20955928  -  ResidentSetSize of job (KB)
...
006 (111987068.163.000) 04/30 16:36:54 Image size of job updated: 23125704
	20465  -  MemoryUsage of job (MB)
	20955928  -  ResidentSetSize of job (KB)
...
005 (111987068.163.000) 04/30 16:39:48 Job terminated.
	(1) Normal termination (return value 0)
		Usr 0 02:16:58, Sys 0 00:02:24  -  Run Remote Usage
		Usr 0 00:00:00, Sys 0 00:00:00  -  Run Local Usage
		Usr 0 02:16:58, Sys 0 00:02:24  -  Total Remote Usage
		Usr 0 00:00:00, Sys 0 00:00:00  -  Total Local Usage
	24508790  -  Run Bytes Sent By Job
	1780294400  -  Run Bytes Received By Job
	24508790  -  Total Bytes Sent By Job
	1780294400  -  Total Bytes Received By Job
	Partitionable Resources :      Usage  Request Allocated 
	   Cpus                 :       0.01        1         1 
	   Disk (KB)            : 6853663    20971520  21003286 
	   Ioheavy              :                             0 
	   Memory (MB)          :   20465       20480     20480 
...
