000 (111987068.105.000) 04/30 09:11:54 Job submitted from host: <128.104.100.44:9618?addrs=128.104.100.44-9618+[2607-f388-107c-501-90e2-baff-fe2c-2724]-9618&noUDP&sock=4699_0235_3>
...
001 (111987068.105.000) 04/30 11:20:35 Job executing on host: <128.105.245.209:9618?addrs=128.105.245.209-9618&noUDP&sock=5422_9e97_3>
...
006 (111987068.105.000) 04/30 11:20:43 Image size of job updated: 624
	1  -  MemoryUsage of job (MB)
	624  -  ResidentSetSize of job (KB)
...
006 (111987068.105.000) 04/30 11:25:48 Image size of job updated: 632
	1  -  MemoryUsage of job (MB)
	632  -  ResidentSetSize of job (KB)
...
006 (111987068.105.000) 04/30 11:30:45 Image size of job updated: 652
	1  -  MemoryUsage of job (MB)
	652  -  ResidentSetSize of job (KB)
...
006 (111987068.105.000) 04/30 11:35:45 Image size of job updated: 656
	1  -  MemoryUsage of job (MB)
	656  -  ResidentSetSize of job (KB)
...
006 (111987068.105.000) 04/30 11:55:49 Image size of job updated: 660
	1  -  MemoryUsage of job (MB)
	660  -  ResidentSetSize of job (KB)
...
006 (111987068.105.000) 04/30 12:10:50 Image size of job updated: 664
	1  -  MemoryUsage of job (MB)
	664  -  ResidentSetSize of job (KB)
...
006 (111987068.105.000) 04/30 12:16:01 Image size of job updated: 668
	1  -  MemoryUsage of job (MB)
	668  -  ResidentSetSize of job (KB)
...
006 (111987068.105.000) 04/30 12:20:52 Image size of job updated: 672
	1  -  MemoryUsage of job (MB)
	672  -  ResidentSetSize of job (KB)
...
006 (111987068.105.000) 04/30 12:35:52 Image size of job updated: 416504
	331  -  MemoryUsage of job (MB)
	338512  -  ResidentSetSize of job (KB)
...
006 (111987068.105.000) 04/30 12:40:53 Image size of job updated: 555896
	467  -  MemoryUsage of job (MB)
	477904  -  ResidentSetSize of job (KB)
...
006 (111987068.105.000) 04/30 12:45:53 Image size of job updated: 715228
	623  -  MemoryUsage of job (MB)
	637236  -  ResidentSetSize of job (KB)
...
006 (111987068.105.000) 04/30 12:50:53 Image size of job updated: 824112
	729  -  MemoryUsage of job (MB)
	746064  -  ResidentSetSize of job (KB)
...
006 (111987068.105.000) 04/30 12:55:53 Image size of job updated: 964424
	866  -  MemoryUsage of job (MB)
	886376  -  ResidentSetSize of job (KB)
...
006 (111987068.105.000) 04/30 13:00:53 Image size of job updated: 1058644
	958  -  MemoryUsage of job (MB)
	980596  -  ResidentSetSize of job (KB)
...
006 (111987068.105.000) 04/30 13:05:53 Image size of job updated: 1178608
	1075  -  MemoryUsage of job (MB)
	1100560  -  ResidentSetSize of job (KB)
...
006 (111987068.105.000) 04/30 13:11:07 Image size of job updated: 1288756
	1183  -  MemoryUsage of job (MB)
	1210708  -  ResidentSetSize of job (KB)
...
006 (111987068.105.000) 04/30 13:15:55 Image size of job updated: 1432872
	1324  -  MemoryUsage of job (MB)
	1354824  -  ResidentSetSize of job (KB)
...
006 (111987068.105.000) 04/30 13:20:56 Image size of job updated: 1522016
	1411  -  MemoryUsage of job (MB)
	1443968  -  ResidentSetSize of job (KB)
...
006 (111987068.105.000) 04/30 13:25:56 Image size of job updated: 1618108
	1504  -  MemoryUsage of job (MB)
	1540060  -  ResidentSetSize of job (KB)
...
006 (111987068.105.000) 04/30 13:30:56 Image size of job updated: 1755984
	1639  -  MemoryUsage of job (MB)
	1677936  -  ResidentSetSize of job (KB)
...
006 (111987068.105.000) 04/30 13:35:56 Image size of job updated: 1942352
	1821  -  MemoryUsage of job (MB)
	1864304  -  ResidentSetSize of job (KB)
...
006 (111987068.105.000) 04/30 13:40:56 Image size of job updated: 2113432
	1988  -  MemoryUsage of job (MB)
	2035384  -  ResidentSetSize of job (KB)
...
006 (111987068.105.000) 04/30 13:45:58 Image size of job updated: 2500900
	2367  -  MemoryUsage of job (MB)
	2422852  -  ResidentSetSize of job (KB)
...
006 (111987068.105.000) 04/30 13:50:58 Image size of job updated: 2828004
	2686  -  MemoryUsage of job (MB)
	2749956  -  ResidentSetSize of job (KB)
...
006 (111987068.105.000) 04/30 13:55:58 Image size of job updated: 3116484
	2968  -  MemoryUsage of job (MB)
	3038436  -  ResidentSetSize of job (KB)
...
006 (111987068.105.000) 04/30 14:00:58 Image size of job updated: 3546292
	3387  -  MemoryUsage of job (MB)
	3468244  -  ResidentSetSize of job (KB)
...
006 (111987068.105.000) 04/30 14:05:59 Image size of job updated: 3744592
	3581  -  MemoryUsage of job (MB)
	3666544  -  ResidentSetSize of job (KB)
...
006 (111987068.105.000) 04/30 14:11:00 Image size of job updated: 4138080
	3965  -  MemoryUsage of job (MB)
	4060032  -  ResidentSetSize of job (KB)
...
006 (111987068.105.000) 04/30 14:16:00 Image size of job updated: 4968968
	4777  -  MemoryUsage of job (MB)
	4890920  -  ResidentSetSize of job (KB)
...
006 (111987068.105.000) 04/30 14:21:00 Image size of job updated: 5628748
	5421  -  MemoryUsage of job (MB)
	5550700  -  ResidentSetSize of job (KB)
...
006 (111987068.105.000) 04/30 14:26:01 Image size of job updated: 6162680
	5943  -  MemoryUsage of job (MB)
	6084632  -  ResidentSetSize of job (KB)
...
006 (111987068.105.000) 04/30 14:31:02 Image size of job updated: 6947036
	6708  -  MemoryUsage of job (MB)
	6868988  -  ResidentSetSize of job (KB)
...
006 (111987068.105.000) 04/30 14:36:02 Image size of job updated: 7290764
	7044  -  MemoryUsage of job (MB)
	7212716  -  ResidentSetSize of job (KB)
...
006 (111987068.105.000) 04/30 14:41:02 Image size of job updated: 7614488
	7360  -  MemoryUsage of job (MB)
	7536440  -  ResidentSetSize of job (KB)
...
006 (111987068.105.000) 04/30 14:46:03 Image size of job updated: 8095536
	7830  -  MemoryUsage of job (MB)
	8017488  -  ResidentSetSize of job (KB)
...
006 (111987068.105.000) 04/30 14:51:14 Image size of job updated: 8733380
	8453  -  MemoryUsage of job (MB)
	8655332  -  ResidentSetSize of job (KB)
...
006 (111987068.105.000) 04/30 14:56:04 Image size of job updated: 9509492
	9211  -  MemoryUsage of job (MB)
	9431444  -  ResidentSetSize of job (KB)
...
006 (111987068.105.000) 04/30 15:01:04 Image size of job updated: 10314316
	9997  -  MemoryUsage of job (MB)
	10236268  -  ResidentSetSize of job (KB)
...
006 (111987068.105.000) 04/30 15:06:07 Image size of job updated: 10593644
	10270  -  MemoryUsage of job (MB)
	10515596  -  ResidentSetSize of job (KB)
...
006 (111987068.105.000) 04/30 15:11:05 Image size of job updated: 10996828
	10663  -  MemoryUsage of job (MB)
	10918780  -  ResidentSetSize of job (KB)
...
006 (111987068.105.000) 04/30 15:16:06 Image size of job updated: 11493944
	11149  -  MemoryUsage of job (MB)
	11415896  -  ResidentSetSize of job (KB)
...
006 (111987068.105.000) 04/30 15:21:15 Image size of job updated: 11855452
	11502  -  MemoryUsage of job (MB)
	11777404  -  ResidentSetSize of job (KB)
...
006 (111987068.105.000) 04/30 15:26:08 Image size of job updated: 12095248
	11736  -  MemoryUsage of job (MB)
	12017200  -  ResidentSetSize of job (KB)
...
006 (111987068.105.000) 04/30 15:31:08 Image size of job updated: 12580332
	12210  -  MemoryUsage of job (MB)
	12502284  -  ResidentSetSize of job (KB)
...
006 (111987068.105.000) 04/30 15:36:08 Image size of job updated: 13367904
	12979  -  MemoryUsage of job (MB)
	13289856  -  ResidentSetSize of job (KB)
...
006 (111987068.105.000) 04/30 15:41:09 Image size of job updated: 13781144
	13382  -  MemoryUsage of job (MB)
	13703096  -  ResidentSetSize of job (KB)
...
006 (111987068.105.000) 04/30 15:46:09 Image size of job updated: 14115744
	13709  -  MemoryUsage of job (MB)
	14037696  -  ResidentSetSize of job (KB)
...
006 (111987068.105.000) 04/30 15:51:09 Image size of job updated: 14375084
	13962  -  MemoryUsage of job (MB)
	14297036  -  ResidentSetSize of job (KB)
...
006 (111987068.105.000) 04/30 15:56:10 Image size of job updated: 14566968
	14150  -  MemoryUsage of job (MB)
	14488920  -  ResidentSetSize of job (KB)
...
006 (111987068.105.000) 04/30 16:01:11 Image size of job updated: 14754996
	14333  -  MemoryUsage of job (MB)
	14676948  -  ResidentSetSize of job (KB)
...
006 (111987068.105.000) 04/30 16:06:11 Image size of job updated: 14938952
	14513  -  MemoryUsage of job (MB)
	14860904  -  ResidentSetSize of job (KB)
...
006 (111987068.105.000) 04/30 16:11:11 Image size of job updated: 15023916
	14596  -  MemoryUsage of job (MB)
	14945868  -  ResidentSetSize of job (KB)
...
006 (111987068.105.000) 04/30 16:16:12 Image size of job updated: 15241036
	14808  -  MemoryUsage of job (MB)
	15162988  -  ResidentSetSize of job (KB)
...
006 (111987068.105.000) 04/30 16:21:13 Image size of job updated: 15341476
	14906  -  MemoryUsage of job (MB)
	15263308  -  ResidentSetSize of job (KB)
...
006 (111987068.105.000) 04/30 16:26:13 Image size of job updated: 15539052
	15099  -  MemoryUsage of job (MB)
	15460668  -  ResidentSetSize of job (KB)
...
006 (111987068.105.000) 04/30 16:31:13 Image size of job updated: 15851512
	15404  -  MemoryUsage of job (MB)
	15772864  -  ResidentSetSize of job (KB)
...
006 (111987068.105.000) 04/30 16:36:13 Image size of job updated: 16254388
	15796  -  MemoryUsage of job (MB)
	16175064  -  ResidentSetSize of job (KB)
...
006 (111987068.105.000) 04/30 16:41:14 Image size of job updated: 16522456
	16058  -  MemoryUsage of job (MB)
	16442788  -  ResidentSetSize of job (KB)
...
006 (111987068.105.000) 04/30 16:46:15 Image size of job updated: 16864212
	16392  -  MemoryUsage of job (MB)
	16784416  -  ResidentSetSize of job (KB)
...
006 (111987068.105.000) 04/30 16:51:15 Image size of job updated: 17461200
	16973  -  MemoryUsage of job (MB)
	17379940  -  ResidentSetSize of job (KB)
...
006 (111987068.105.000) 04/30 16:56:15 Image size of job updated: 18321008
	17810  -  MemoryUsage of job (MB)
	18236652  -  ResidentSetSize of job (KB)
...
006 (111987068.105.000) 04/30 17:01:16 Image size of job updated: 19235684
	18699  -  MemoryUsage of job (MB)
	19147244  -  ResidentSetSize of job (KB)
...
006 (111987068.105.000) 04/30 17:06:17 Image size of job updated: 20013012
	19437  -  MemoryUsage of job (MB)
	19902752  -  ResidentSetSize of job (KB)
...
006 (111987068.105.000) 04/30 17:11:17 Image size of job updated: 20910756
	20221  -  MemoryUsage of job (MB)
	20706128  -  ResidentSetSize of job (KB)
...
006 (111987068.105.000) 04/30 17:16:17 Image size of job updated: 21388364
	20441  -  MemoryUsage of job (MB)
	20930820  -  ResidentSetSize of job (KB)
...
006 (111987068.105.000) 04/30 17:21:18 Image size of job updated: 22179012
	20463  -  MemoryUsage of job (MB)
	20953924  -  ResidentSetSize of job (KB)
...
006 (111987068.105.000) 04/30 17:26:19 Image size of job updated: 22598380
	20463  -  MemoryUsage of job (MB)
	20953924  -  ResidentSetSize of job (KB)
...
006 (111987068.105.000) 04/30 17:31:20 Image size of job updated: 22919448
	20465  -  MemoryUsage of job (MB)
	20955592  -  ResidentSetSize of job (KB)
...
006 (111987068.105.000) 04/30 17:36:23 Image size of job updated: 23150932
	20465  -  MemoryUsage of job (MB)
	20956132  -  ResidentSetSize of job (KB)
...
006 (111987068.105.000) 04/30 17:37:26 Image size of job updated: 23215108
	20465  -  MemoryUsage of job (MB)
	20956132  -  ResidentSetSize of job (KB)
...
005 (111987068.105.000) 04/30 17:37:29 Job terminated.
	(1) Normal termination (return value 0)
		Usr 0 01:58:02, Sys 0 00:02:07  -  Run Remote Usage
		Usr 0 00:00:00, Sys 0 00:00:00  -  Run Local Usage
		Usr 0 01:58:02, Sys 0 00:02:07  -  Total Remote Usage
		Usr 0 00:00:00, Sys 0 00:00:00  -  Total Local Usage
	24355916  -  Run Bytes Sent By Job
	1780294400  -  Run Bytes Received By Job
	24355916  -  Total Bytes Sent By Job
	1780294400  -  Total Bytes Received By Job
	Partitionable Resources :      Usage  Request Allocated 
	   Cpus                 :       0.30        1         1 
	   Disk (KB)            : 6853512    20971520  21443286 
	   Ioheavy              :                             0 
	   Memory (MB)          :   20465       20480     20480 
...
