000 (111987068.046.000) 04/30 09:11:54 Job submitted from host: <128.104.100.44:9618?addrs=128.104.100.44-9618+[2607-f388-107c-501-90e2-baff-fe2c-2724]-9618&noUDP&sock=4699_0235_3>
...
001 (111987068.046.000) 04/30 10:01:59 Job executing on host: <128.105.245.248:9618?addrs=128.105.245.248-9618&noUDP&sock=5505_8cf3_29>
...
006 (111987068.046.000) 04/30 10:02:07 Image size of job updated: 624
	1  -  MemoryUsage of job (MB)
	624  -  ResidentSetSize of job (KB)
...
006 (111987068.046.000) 04/30 10:07:09 Image size of job updated: 628
	1  -  MemoryUsage of job (MB)
	628  -  ResidentSetSize of job (KB)
...
006 (111987068.046.000) 04/30 10:12:10 Image size of job updated: 652
	1  -  MemoryUsage of job (MB)
	652  -  ResidentSetSize of job (KB)
...
006 (111987068.046.000) 04/30 10:17:10 Image size of job updated: 664
	1  -  MemoryUsage of job (MB)
	664  -  ResidentSetSize of job (KB)
...
006 (111987068.046.000) 04/30 10:22:11 Image size of job updated: 574400
	485  -  MemoryUsage of job (MB)
	496408  -  ResidentSetSize of job (KB)
...
006 (111987068.046.000) 04/30 10:27:12 Image size of job updated: 1070072
	969  -  MemoryUsage of job (MB)
	992024  -  ResidentSetSize of job (KB)
...
006 (111987068.046.000) 04/30 10:32:13 Image size of job updated: 1656420
	1542  -  MemoryUsage of job (MB)
	1578372  -  ResidentSetSize of job (KB)
...
006 (111987068.046.000) 04/30 10:37:13 Image size of job updated: 2378764
	2247  -  MemoryUsage of job (MB)
	2300716  -  ResidentSetSize of job (KB)
...
006 (111987068.046.000) 04/30 10:42:13 Image size of job updated: 3165076
	3015  -  MemoryUsage of job (MB)
	3087028  -  ResidentSetSize of job (KB)
...
006 (111987068.046.000) 04/30 10:47:14 Image size of job updated: 4148908
	3976  -  MemoryUsage of job (MB)
	4070860  -  ResidentSetSize of job (KB)
...
006 (111987068.046.000) 04/30 10:52:15 Image size of job updated: 5049408
	4855  -  MemoryUsage of job (MB)
	4971360  -  ResidentSetSize of job (KB)
...
006 (111987068.046.000) 04/30 10:57:16 Image size of job updated: 5895336
	5681  -  MemoryUsage of job (MB)
	5817288  -  ResidentSetSize of job (KB)
...
006 (111987068.046.000) 04/30 11:02:16 Image size of job updated: 6710368
	6477  -  MemoryUsage of job (MB)
	6632320  -  ResidentSetSize of job (KB)
...
006 (111987068.046.000) 04/30 11:07:16 Image size of job updated: 7555444
	7303  -  MemoryUsage of job (MB)
	7477396  -  ResidentSetSize of job (KB)
...
006 (111987068.046.000) 04/30 11:12:17 Image size of job updated: 8439944
	8166  -  MemoryUsage of job (MB)
	8361896  -  ResidentSetSize of job (KB)
...
006 (111987068.046.000) 04/30 11:17:17 Image size of job updated: 9232772
	8941  -  MemoryUsage of job (MB)
	9154724  -  ResidentSetSize of job (KB)
...
006 (111987068.046.000) 04/30 11:22:18 Image size of job updated: 10079232
	9767  -  MemoryUsage of job (MB)
	10001184  -  ResidentSetSize of job (KB)
...
006 (111987068.046.000) 04/30 11:27:19 Image size of job updated: 10752520
	10425  -  MemoryUsage of job (MB)
	10674472  -  ResidentSetSize of job (KB)
...
006 (111987068.046.000) 04/30 11:32:19 Image size of job updated: 11478184
	11133  -  MemoryUsage of job (MB)
	11400136  -  ResidentSetSize of job (KB)
...
006 (111987068.046.000) 04/30 11:37:19 Image size of job updated: 12110432
	11751  -  MemoryUsage of job (MB)
	12032384  -  ResidentSetSize of job (KB)
...
006 (111987068.046.000) 04/30 11:42:20 Image size of job updated: 12758364
	12384  -  MemoryUsage of job (MB)
	12680316  -  ResidentSetSize of job (KB)
...
006 (111987068.046.000) 04/30 11:47:20 Image size of job updated: 13519872
	13127  -  MemoryUsage of job (MB)
	13441824  -  ResidentSetSize of job (KB)
...
006 (111987068.046.000) 04/30 11:52:20 Image size of job updated: 13796780
	13398  -  MemoryUsage of job (MB)
	13718732  -  ResidentSetSize of job (KB)
...
006 (111987068.046.000) 04/30 11:57:21 Image size of job updated: 14076508
	13671  -  MemoryUsage of job (MB)
	13998460  -  ResidentSetSize of job (KB)
...
006 (111987068.046.000) 04/30 12:02:24 Image size of job updated: 14353288
	13941  -  MemoryUsage of job (MB)
	14275240  -  ResidentSetSize of job (KB)
...
006 (111987068.046.000) 04/30 12:07:22 Image size of job updated: 14556560
	14140  -  MemoryUsage of job (MB)
	14478512  -  ResidentSetSize of job (KB)
...
006 (111987068.046.000) 04/30 12:12:22 Image size of job updated: 14791556
	14369  -  MemoryUsage of job (MB)
	14713508  -  ResidentSetSize of job (KB)
...
006 (111987068.046.000) 04/30 12:17:37 Image size of job updated: 14973696
	14547  -  MemoryUsage of job (MB)
	14895648  -  ResidentSetSize of job (KB)
...
006 (111987068.046.000) 04/30 12:22:25 Image size of job updated: 15166460
	14735  -  MemoryUsage of job (MB)
	15088412  -  ResidentSetSize of job (KB)
...
006 (111987068.046.000) 04/30 12:27:24 Image size of job updated: 15327268
	14892  -  MemoryUsage of job (MB)
	15249220  -  ResidentSetSize of job (KB)
...
006 (111987068.046.000) 04/30 12:32:25 Image size of job updated: 15514512
	15075  -  MemoryUsage of job (MB)
	15436464  -  ResidentSetSize of job (KB)
...
006 (111987068.046.000) 04/30 12:37:25 Image size of job updated: 15758688
	15314  -  MemoryUsage of job (MB)
	15680640  -  ResidentSetSize of job (KB)
...
006 (111987068.046.000) 04/30 12:42:26 Image size of job updated: 15976284
	15526  -  MemoryUsage of job (MB)
	15898236  -  ResidentSetSize of job (KB)
...
006 (111987068.046.000) 04/30 12:47:26 Image size of job updated: 16103584
	15650  -  MemoryUsage of job (MB)
	16025536  -  ResidentSetSize of job (KB)
...
006 (111987068.046.000) 04/30 12:52:27 Image size of job updated: 16268048
	15811  -  MemoryUsage of job (MB)
	16190000  -  ResidentSetSize of job (KB)
...
006 (111987068.046.000) 04/30 12:57:27 Image size of job updated: 16468772
	16007  -  MemoryUsage of job (MB)
	16390596  -  ResidentSetSize of job (KB)
...
006 (111987068.046.000) 04/30 13:02:28 Image size of job updated: 16584332
	16120  -  MemoryUsage of job (MB)
	16505928  -  ResidentSetSize of job (KB)
...
006 (111987068.046.000) 04/30 13:07:28 Image size of job updated: 16756940
	16288  -  MemoryUsage of job (MB)
	16678252  -  ResidentSetSize of job (KB)
...
006 (111987068.046.000) 04/30 13:12:28 Image size of job updated: 16875492
	16403  -  MemoryUsage of job (MB)
	16796548  -  ResidentSetSize of job (KB)
...
006 (111987068.046.000) 04/30 13:17:28 Image size of job updated: 17022276
	16546  -  MemoryUsage of job (MB)
	16943076  -  ResidentSetSize of job (KB)
...
006 (111987068.046.000) 04/30 13:22:29 Image size of job updated: 17117904
	16640  -  MemoryUsage of job (MB)
	17038448  -  ResidentSetSize of job (KB)
...
006 (111987068.046.000) 04/30 13:27:30 Image size of job updated: 17313732
	16830  -  MemoryUsage of job (MB)
	17233892  -  ResidentSetSize of job (KB)
...
006 (111987068.046.000) 04/30 13:32:31 Image size of job updated: 17454060
	16967  -  MemoryUsage of job (MB)
	17373836  -  ResidentSetSize of job (KB)
...
006 (111987068.046.000) 04/30 13:37:32 Image size of job updated: 17647764
	17154  -  MemoryUsage of job (MB)
	17565224  -  ResidentSetSize of job (KB)
...
006 (111987068.046.000) 04/30 13:42:33 Image size of job updated: 17978912
	17474  -  MemoryUsage of job (MB)
	17892528  -  ResidentSetSize of job (KB)
...
006 (111987068.046.000) 04/30 13:47:34 Image size of job updated: 18262972
	17750  -  MemoryUsage of job (MB)
	18175072  -  ResidentSetSize of job (KB)
...
006 (111987068.046.000) 04/30 13:52:34 Image size of job updated: 18544408
	18023  -  MemoryUsage of job (MB)
	18455344  -  ResidentSetSize of job (KB)
...
006 (111987068.046.000) 04/30 13:57:34 Image size of job updated: 18644200
	18120  -  MemoryUsage of job (MB)
	18554536  -  ResidentSetSize of job (KB)
...
006 (111987068.046.000) 04/30 14:02:35 Image size of job updated: 18895896
	18365  -  MemoryUsage of job (MB)
	18805024  -  ResidentSetSize of job (KB)
...
006 (111987068.046.000) 04/30 14:07:36 Image size of job updated: 19180820
	18640  -  MemoryUsage of job (MB)
	19086676  -  ResidentSetSize of job (KB)
...
006 (111987068.046.000) 04/30 14:12:36 Image size of job updated: 19489200
	18934  -  MemoryUsage of job (MB)
	19388152  -  ResidentSetSize of job (KB)
...
006 (111987068.046.000) 04/30 14:17:37 Image size of job updated: 19832396
	19261  -  MemoryUsage of job (MB)
	19722276  -  ResidentSetSize of job (KB)
...
006 (111987068.046.000) 04/30 14:26:26 Image size of job updated: 20490516
	19862  -  MemoryUsage of job (MB)
	20337704  -  ResidentSetSize of job (KB)
...
006 (111987068.046.000) 04/30 14:38:15 Image size of job updated: 21113788
	20339  -  MemoryUsage of job (MB)
	20826336  -  ResidentSetSize of job (KB)
...
006 (111987068.046.000) 04/30 14:47:47 Image size of job updated: 21578572
	20416  -  MemoryUsage of job (MB)
	20905588  -  ResidentSetSize of job (KB)
...
006 (111987068.046.000) 04/30 14:53:39 Image size of job updated: 21854296
	20435  -  MemoryUsage of job (MB)
	20924768  -  ResidentSetSize of job (KB)
...
006 (111987068.046.000) 04/30 14:58:40 Image size of job updated: 21942188
	20435  -  MemoryUsage of job (MB)
	20924768  -  ResidentSetSize of job (KB)
...
006 (111987068.046.000) 04/30 15:03:40 Image size of job updated: 22269484
	20450  -  MemoryUsage of job (MB)
	20939800  -  ResidentSetSize of job (KB)
...
006 (111987068.046.000) 04/30 15:08:40 Image size of job updated: 22717716
	20450  -  MemoryUsage of job (MB)
	20939932  -  ResidentSetSize of job (KB)
...
006 (111987068.046.000) 04/30 15:13:33 Image size of job updated: 23096412
	20450  -  MemoryUsage of job (MB)
	20939932  -  ResidentSetSize of job (KB)
...
005 (111987068.046.000) 04/30 15:13:35 Job terminated.
	(1) Normal termination (return value 0)
		Usr 0 02:19:18, Sys 0 00:02:28  -  Run Remote Usage
		Usr 0 00:00:00, Sys 0 00:00:00  -  Run Local Usage
		Usr 0 02:19:18, Sys 0 00:02:28  -  Total Remote Usage
		Usr 0 00:00:00, Sys 0 00:00:00  -  Total Local Usage
	24435892  -  Run Bytes Sent By Job
	1780294400  -  Run Bytes Received By Job
	24435892  -  Total Bytes Sent By Job
	1780294400  -  Total Bytes Received By Job
	Partitionable Resources :      Usage  Request Allocated 
	   Cpus                 :       0.80        1         1 
	   Disk (KB)            : 6853591    20971520  21197564 
	   Ioheavy              :                             0 
	   Memory (MB)          :   20450       20480     20480 
...
