000 (111987068.197.000) 04/30 09:11:54 Job submitted from host: <128.104.100.44:9618?addrs=128.104.100.44-9618+[2607-f388-107c-501-90e2-baff-fe2c-2724]-9618&noUDP&sock=4699_0235_3>
...
001 (111987068.197.000) 04/30 19:06:02 Job executing on host: <128.105.245.150:9618?addrs=128.105.245.150-9618&noUDP&sock=5248_451c_27>
...
006 (111987068.197.000) 04/30 19:06:12 Image size of job updated: 628
	1  -  MemoryUsage of job (MB)
	628  -  ResidentSetSize of job (KB)
...
006 (111987068.197.000) 04/30 19:11:14 Image size of job updated: 668
	1  -  MemoryUsage of job (MB)
	668  -  ResidentSetSize of job (KB)
...
006 (111987068.197.000) 04/30 19:16:13 Image size of job updated: 566904
	478  -  MemoryUsage of job (MB)
	488912  -  ResidentSetSize of job (KB)
...
006 (111987068.197.000) 04/30 19:21:16 Image size of job updated: 979944
	881  -  MemoryUsage of job (MB)
	901896  -  ResidentSetSize of job (KB)
...
006 (111987068.197.000) 04/30 19:26:14 Image size of job updated: 1480544
	1370  -  MemoryUsage of job (MB)
	1402496  -  ResidentSetSize of job (KB)
...
006 (111987068.197.000) 04/30 19:31:15 Image size of job updated: 2070760
	1947  -  MemoryUsage of job (MB)
	1992712  -  ResidentSetSize of job (KB)
...
006 (111987068.197.000) 04/30 19:36:15 Image size of job updated: 2793216
	2652  -  MemoryUsage of job (MB)
	2715168  -  ResidentSetSize of job (KB)
...
006 (111987068.197.000) 04/30 19:41:16 Image size of job updated: 3786416
	3622  -  MemoryUsage of job (MB)
	3708368  -  ResidentSetSize of job (KB)
...
006 (111987068.197.000) 04/30 19:46:16 Image size of job updated: 4687760
	4502  -  MemoryUsage of job (MB)
	4609712  -  ResidentSetSize of job (KB)
...
006 (111987068.197.000) 04/30 19:51:17 Image size of job updated: 5525736
	5321  -  MemoryUsage of job (MB)
	5447688  -  ResidentSetSize of job (KB)
...
006 (111987068.197.000) 04/30 19:56:18 Image size of job updated: 6319132
	6095  -  MemoryUsage of job (MB)
	6241084  -  ResidentSetSize of job (KB)
...
006 (111987068.197.000) 04/30 20:01:18 Image size of job updated: 6998636
	6759  -  MemoryUsage of job (MB)
	6920588  -  ResidentSetSize of job (KB)
...
006 (111987068.197.000) 04/30 20:06:19 Image size of job updated: 7647992
	7393  -  MemoryUsage of job (MB)
	7569944  -  ResidentSetSize of job (KB)
...
006 (111987068.197.000) 04/30 20:11:18 Image size of job updated: 8443548
	8170  -  MemoryUsage of job (MB)
	8365500  -  ResidentSetSize of job (KB)
...
006 (111987068.197.000) 04/30 20:16:21 Image size of job updated: 9136732
	8847  -  MemoryUsage of job (MB)
	9058684  -  ResidentSetSize of job (KB)
...
006 (111987068.197.000) 04/30 20:21:21 Image size of job updated: 9619764
	9319  -  MemoryUsage of job (MB)
	9541716  -  ResidentSetSize of job (KB)
...
006 (111987068.197.000) 04/30 20:26:19 Image size of job updated: 10275924
	9959  -  MemoryUsage of job (MB)
	10197876  -  ResidentSetSize of job (KB)
...
006 (111987068.197.000) 04/30 20:31:19 Image size of job updated: 10906772
	10575  -  MemoryUsage of job (MB)
	10828724  -  ResidentSetSize of job (KB)
...
006 (111987068.197.000) 04/30 20:36:18 Image size of job updated: 11675104
	11326  -  MemoryUsage of job (MB)
	11597056  -  ResidentSetSize of job (KB)
...
006 (111987068.197.000) 04/30 20:41:19 Image size of job updated: 12260484
	11897  -  MemoryUsage of job (MB)
	12182436  -  ResidentSetSize of job (KB)
...
006 (111987068.197.000) 04/30 20:46:19 Image size of job updated: 12885180
	12507  -  MemoryUsage of job (MB)
	12807132  -  ResidentSetSize of job (KB)
...
006 (111987068.197.000) 04/30 20:51:19 Image size of job updated: 13568900
	13175  -  MemoryUsage of job (MB)
	13490852  -  ResidentSetSize of job (KB)
...
006 (111987068.197.000) 04/30 20:56:19 Image size of job updated: 14315516
	13904  -  MemoryUsage of job (MB)
	14237468  -  ResidentSetSize of job (KB)
...
006 (111987068.197.000) 04/30 21:01:19 Image size of job updated: 14954028
	14528  -  MemoryUsage of job (MB)
	14875980  -  ResidentSetSize of job (KB)
...
006 (111987068.197.000) 04/30 21:06:19 Image size of job updated: 15518192
	15079  -  MemoryUsage of job (MB)
	15440020  -  ResidentSetSize of job (KB)
...
006 (111987068.197.000) 04/30 21:11:20 Image size of job updated: 16232124
	15774  -  MemoryUsage of job (MB)
	16152296  -  ResidentSetSize of job (KB)
...
006 (111987068.197.000) 04/30 21:16:20 Image size of job updated: 16761360
	16290  -  MemoryUsage of job (MB)
	16680584  -  ResidentSetSize of job (KB)
...
006 (111987068.197.000) 04/30 21:21:21 Image size of job updated: 17397368
	16909  -  MemoryUsage of job (MB)
	17314076  -  ResidentSetSize of job (KB)
...
006 (111987068.197.000) 04/30 21:26:21 Image size of job updated: 18162092
	17650  -  MemoryUsage of job (MB)
	18073552  -  ResidentSetSize of job (KB)
...
006 (111987068.197.000) 04/30 21:31:22 Image size of job updated: 18824572
	18291  -  MemoryUsage of job (MB)
	18729364  -  ResidentSetSize of job (KB)
...
006 (111987068.197.000) 04/30 21:36:22 Image size of job updated: 19505720
	18949  -  MemoryUsage of job (MB)
	19403252  -  ResidentSetSize of job (KB)
...
006 (111987068.197.000) 04/30 21:41:25 Image size of job updated: 20108552
	19526  -  MemoryUsage of job (MB)
	19994312  -  ResidentSetSize of job (KB)
...
006 (111987068.197.000) 04/30 21:46:22 Image size of job updated: 20501700
	19889  -  MemoryUsage of job (MB)
	20365652  -  ResidentSetSize of job (KB)
...
006 (111987068.197.000) 04/30 21:51:25 Image size of job updated: 20927712
	20261  -  MemoryUsage of job (MB)
	20746284  -  ResidentSetSize of job (KB)
...
006 (111987068.197.000) 04/30 21:56:31 Image size of job updated: 21251636
	20431  -  MemoryUsage of job (MB)
	20921068  -  ResidentSetSize of job (KB)
...
006 (111987068.197.000) 04/30 22:01:27 Image size of job updated: 21701612
	20464  -  MemoryUsage of job (MB)
	20954940  -  ResidentSetSize of job (KB)
...
006 (111987068.197.000) 04/30 22:06:24 Image size of job updated: 21936808
	20465  -  MemoryUsage of job (MB)
	20955568  -  ResidentSetSize of job (KB)
...
006 (111987068.197.000) 04/30 22:11:28 Image size of job updated: 22170936
	20465  -  MemoryUsage of job (MB)
	20955568  -  ResidentSetSize of job (KB)
...
006 (111987068.197.000) 04/30 22:16:26 Image size of job updated: 22504152
	20465  -  MemoryUsage of job (MB)
	20955568  -  ResidentSetSize of job (KB)
...
006 (111987068.197.000) 04/30 22:21:27 Image size of job updated: 22834628
	20465  -  MemoryUsage of job (MB)
	20955568  -  ResidentSetSize of job (KB)
...
006 (111987068.197.000) 04/30 22:26:30 Image size of job updated: 23100604
	20465  -  MemoryUsage of job (MB)
	20955568  -  ResidentSetSize of job (KB)
...
005 (111987068.197.000) 04/30 22:26:36 Job terminated.
	(1) Normal termination (return value 0)
		Usr 0 02:20:34, Sys 0 00:02:44  -  Run Remote Usage
		Usr 0 00:00:00, Sys 0 00:00:00  -  Run Local Usage
		Usr 0 02:20:34, Sys 0 00:02:44  -  Total Remote Usage
		Usr 0 00:00:00, Sys 0 00:00:00  -  Total Local Usage
	24291740  -  Run Bytes Sent By Job
	1780294400  -  Run Bytes Received By Job
	24291740  -  Total Bytes Sent By Job
	1780294400  -  Total Bytes Received By Job
	Partitionable Resources :      Usage  Request Allocated 
	   Cpus                 :       0.96        1         1 
	   Disk (KB)            : 6853533    20971520  21694711 
	   Ioheavy              :                             0 
	   Memory (MB)          :   20465       20480     20480 
...
