000 (111987068.122.000) 04/30 09:11:54 Job submitted from host: <128.104.100.44:9618?addrs=128.104.100.44-9618+[2607-f388-107c-501-90e2-baff-fe2c-2724]-9618&noUDP&sock=4699_0235_3>
...
001 (111987068.122.000) 04/30 11:36:20 Job executing on host: <128.105.245.168:9618?addrs=128.105.245.168-9618&noUDP&sock=5474_4983_3>
...
006 (111987068.122.000) 04/30 11:36:29 Image size of job updated: 628
	1  -  MemoryUsage of job (MB)
	628  -  ResidentSetSize of job (KB)
...
006 (111987068.122.000) 04/30 11:41:30 Image size of job updated: 652
	1  -  MemoryUsage of job (MB)
	652  -  ResidentSetSize of job (KB)
...
006 (111987068.122.000) 04/30 11:46:31 Image size of job updated: 298720
	216  -  MemoryUsage of job (MB)
	220728  -  ResidentSetSize of job (KB)
...
006 (111987068.122.000) 04/30 11:51:31 Image size of job updated: 652300
	561  -  MemoryUsage of job (MB)
	574308  -  ResidentSetSize of job (KB)
...
006 (111987068.122.000) 04/30 11:56:32 Image size of job updated: 1092692
	991  -  MemoryUsage of job (MB)
	1014644  -  ResidentSetSize of job (KB)
...
006 (111987068.122.000) 04/30 12:01:32 Image size of job updated: 1645324
	1531  -  MemoryUsage of job (MB)
	1567276  -  ResidentSetSize of job (KB)
...
006 (111987068.122.000) 04/30 12:06:33 Image size of job updated: 2315328
	2185  -  MemoryUsage of job (MB)
	2237280  -  ResidentSetSize of job (KB)
...
006 (111987068.122.000) 04/30 12:11:34 Image size of job updated: 3140672
	2991  -  MemoryUsage of job (MB)
	3062624  -  ResidentSetSize of job (KB)
...
006 (111987068.122.000) 04/30 12:16:34 Image size of job updated: 4070040
	3899  -  MemoryUsage of job (MB)
	3991992  -  ResidentSetSize of job (KB)
...
006 (111987068.122.000) 04/30 12:21:34 Image size of job updated: 4860988
	4671  -  MemoryUsage of job (MB)
	4782940  -  ResidentSetSize of job (KB)
...
006 (111987068.122.000) 04/30 12:26:35 Image size of job updated: 5813580
	5602  -  MemoryUsage of job (MB)
	5735532  -  ResidentSetSize of job (KB)
...
006 (111987068.122.000) 04/30 12:31:36 Image size of job updated: 6577964
	6348  -  MemoryUsage of job (MB)
	6499916  -  ResidentSetSize of job (KB)
...
006 (111987068.122.000) 04/30 12:36:37 Image size of job updated: 7385212
	7136  -  MemoryUsage of job (MB)
	7307164  -  ResidentSetSize of job (KB)
...
006 (111987068.122.000) 04/30 12:41:38 Image size of job updated: 8128616
	7862  -  MemoryUsage of job (MB)
	8050568  -  ResidentSetSize of job (KB)
...
006 (111987068.122.000) 04/30 12:46:38 Image size of job updated: 8855728
	8572  -  MemoryUsage of job (MB)
	8777680  -  ResidentSetSize of job (KB)
...
006 (111987068.122.000) 04/30 12:51:38 Image size of job updated: 9620876
	9320  -  MemoryUsage of job (MB)
	9542828  -  ResidentSetSize of job (KB)
...
006 (111987068.122.000) 04/30 12:56:39 Image size of job updated: 10356040
	10038  -  MemoryUsage of job (MB)
	10277992  -  ResidentSetSize of job (KB)
...
006 (111987068.122.000) 04/30 13:01:40 Image size of job updated: 10951556
	10619  -  MemoryUsage of job (MB)
	10873508  -  ResidentSetSize of job (KB)
...
006 (111987068.122.000) 04/30 13:06:40 Image size of job updated: 11779092
	11427  -  MemoryUsage of job (MB)
	11701044  -  ResidentSetSize of job (KB)
...
006 (111987068.122.000) 04/30 13:11:41 Image size of job updated: 12440680
	12073  -  MemoryUsage of job (MB)
	12362632  -  ResidentSetSize of job (KB)
...
006 (111987068.122.000) 04/30 13:16:42 Image size of job updated: 13171240
	12787  -  MemoryUsage of job (MB)
	13093192  -  ResidentSetSize of job (KB)
...
006 (111987068.122.000) 04/30 13:21:42 Image size of job updated: 13876772
	13476  -  MemoryUsage of job (MB)
	13798724  -  ResidentSetSize of job (KB)
...
006 (111987068.122.000) 04/30 13:26:43 Image size of job updated: 14543416
	14127  -  MemoryUsage of job (MB)
	14465368  -  ResidentSetSize of job (KB)
...
006 (111987068.122.000) 04/30 13:31:43 Image size of job updated: 15207368
	14775  -  MemoryUsage of job (MB)
	15129320  -  ResidentSetSize of job (KB)
...
006 (111987068.122.000) 04/30 13:36:43 Image size of job updated: 15893472
	15445  -  MemoryUsage of job (MB)
	15815424  -  ResidentSetSize of job (KB)
...
006 (111987068.122.000) 04/30 13:41:44 Image size of job updated: 16383852
	15924  -  MemoryUsage of job (MB)
	16305804  -  ResidentSetSize of job (KB)
...
006 (111987068.122.000) 04/30 13:46:44 Image size of job updated: 17068588
	16593  -  MemoryUsage of job (MB)
	16990540  -  ResidentSetSize of job (KB)
...
006 (111987068.122.000) 04/30 13:51:46 Image size of job updated: 17816520
	17323  -  MemoryUsage of job (MB)
	17737960  -  ResidentSetSize of job (KB)
...
006 (111987068.122.000) 04/30 13:56:46 Image size of job updated: 18562796
	18052  -  MemoryUsage of job (MB)
	18484904  -  ResidentSetSize of job (KB)
...
006 (111987068.122.000) 04/30 14:01:54 Image size of job updated: 19228348
	18702  -  MemoryUsage of job (MB)
	19150804  -  ResidentSetSize of job (KB)
...
006 (111987068.122.000) 04/30 14:06:47 Image size of job updated: 19827600
	19285  -  MemoryUsage of job (MB)
	19747632  -  ResidentSetSize of job (KB)
...
006 (111987068.122.000) 04/30 14:11:48 Image size of job updated: 20493464
	19913  -  MemoryUsage of job (MB)
	20390460  -  ResidentSetSize of job (KB)
...
006 (111987068.122.000) 04/30 14:16:48 Image size of job updated: 21175560
	20429  -  MemoryUsage of job (MB)
	20918472  -  ResidentSetSize of job (KB)
...
006 (111987068.122.000) 04/30 14:21:49 Image size of job updated: 21830636
	20449  -  MemoryUsage of job (MB)
	20938944  -  ResidentSetSize of job (KB)
...
006 (111987068.122.000) 04/30 14:26:50 Image size of job updated: 22597476
	20449  -  MemoryUsage of job (MB)
	20938944  -  ResidentSetSize of job (KB)
...
005 (111987068.122.000) 04/30 14:31:16 Job terminated.
	(1) Normal termination (return value 0)
		Usr 0 02:25:26, Sys 0 00:07:58  -  Run Remote Usage
		Usr 0 00:00:00, Sys 0 00:00:00  -  Run Local Usage
		Usr 0 02:25:26, Sys 0 00:07:58  -  Total Remote Usage
		Usr 0 00:00:00, Sys 0 00:00:00  -  Total Local Usage
	24347960  -  Run Bytes Sent By Job
	1780294400  -  Run Bytes Received By Job
	24347960  -  Total Bytes Sent By Job
	1780294400  -  Total Bytes Received By Job
	Partitionable Resources :      Usage  Request Allocated 
	   Cpus                 :       0.97        1         1 
	   Disk (KB)            : 6853504    20971520  21254216 
	   Ioheavy              :                             0 
	   Memory (MB)          :   20449       20480     20480 
...
