000 (111987068.092.000) 04/30 09:11:54 Job submitted from host: <128.104.100.44:9618?addrs=128.104.100.44-9618+[2607-f388-107c-501-90e2-baff-fe2c-2724]-9618&noUDP&sock=4699_0235_3>
...
001 (111987068.092.000) 04/30 10:59:27 Job executing on host: <128.105.245.213:9618?addrs=128.105.245.213-9618&noUDP&sock=5528_53a1_16>
...
006 (111987068.092.000) 04/30 10:59:36 Image size of job updated: 628
	1  -  MemoryUsage of job (MB)
	628  -  ResidentSetSize of job (KB)
...
006 (111987068.092.000) 04/30 11:04:37 Image size of job updated: 652
	1  -  MemoryUsage of job (MB)
	652  -  ResidentSetSize of job (KB)
...
006 (111987068.092.000) 04/30 11:09:38 Image size of job updated: 364060
	280  -  MemoryUsage of job (MB)
	286068  -  ResidentSetSize of job (KB)
...
006 (111987068.092.000) 04/30 11:14:39 Image size of job updated: 798916
	704  -  MemoryUsage of job (MB)
	720868  -  ResidentSetSize of job (KB)
...
006 (111987068.092.000) 04/30 11:19:40 Image size of job updated: 1234708
	1130  -  MemoryUsage of job (MB)
	1156660  -  ResidentSetSize of job (KB)
...
006 (111987068.092.000) 04/30 11:24:40 Image size of job updated: 1896452
	1776  -  MemoryUsage of job (MB)
	1818404  -  ResidentSetSize of job (KB)
...
006 (111987068.092.000) 04/30 11:29:40 Image size of job updated: 2627536
	2490  -  MemoryUsage of job (MB)
	2549488  -  ResidentSetSize of job (KB)
...
006 (111987068.092.000) 04/30 11:34:40 Image size of job updated: 3469440
	3312  -  MemoryUsage of job (MB)
	3391392  -  ResidentSetSize of job (KB)
...
006 (111987068.092.000) 04/30 11:39:41 Image size of job updated: 4225744
	4051  -  MemoryUsage of job (MB)
	4147696  -  ResidentSetSize of job (KB)
...
006 (111987068.092.000) 04/30 11:44:42 Image size of job updated: 5234684
	5036  -  MemoryUsage of job (MB)
	5156636  -  ResidentSetSize of job (KB)
...
006 (111987068.092.000) 04/30 11:49:43 Image size of job updated: 6103700
	5885  -  MemoryUsage of job (MB)
	6025652  -  ResidentSetSize of job (KB)
...
006 (111987068.092.000) 04/30 11:54:44 Image size of job updated: 7008252
	6768  -  MemoryUsage of job (MB)
	6930204  -  ResidentSetSize of job (KB)
...
006 (111987068.092.000) 04/30 11:59:45 Image size of job updated: 7872756
	7613  -  MemoryUsage of job (MB)
	7794708  -  ResidentSetSize of job (KB)
...
006 (111987068.092.000) 04/30 12:04:45 Image size of job updated: 8652148
	8374  -  MemoryUsage of job (MB)
	8574100  -  ResidentSetSize of job (KB)
...
006 (111987068.092.000) 04/30 12:09:45 Image size of job updated: 9409412
	9113  -  MemoryUsage of job (MB)
	9331364  -  ResidentSetSize of job (KB)
...
006 (111987068.092.000) 04/30 12:14:46 Image size of job updated: 10132004
	9819  -  MemoryUsage of job (MB)
	10053956  -  ResidentSetSize of job (KB)
...
006 (111987068.092.000) 04/30 12:19:47 Image size of job updated: 10658952
	10333  -  MemoryUsage of job (MB)
	10580904  -  ResidentSetSize of job (KB)
...
006 (111987068.092.000) 04/30 12:24:48 Image size of job updated: 11183236
	10838  -  MemoryUsage of job (MB)
	11097328  -  ResidentSetSize of job (KB)
...
006 (111987068.092.000) 04/30 12:29:48 Image size of job updated: 11513392
	10982  -  MemoryUsage of job (MB)
	11245140  -  ResidentSetSize of job (KB)
...
006 (111987068.092.000) 04/30 12:34:49 Image size of job updated: 12229068
	11680  -  MemoryUsage of job (MB)
	11959904  -  ResidentSetSize of job (KB)
...
006 (111987068.092.000) 04/30 12:39:49 Image size of job updated: 12924980
	12329  -  MemoryUsage of job (MB)
	12624784  -  ResidentSetSize of job (KB)
...
006 (111987068.092.000) 04/30 12:44:49 Image size of job updated: 13283908
	12680  -  MemoryUsage of job (MB)
	12983712  -  ResidentSetSize of job (KB)
...
006 (111987068.092.000) 04/30 12:49:51 Image size of job updated: 13715092
	13096  -  MemoryUsage of job (MB)
	13409304  -  ResidentSetSize of job (KB)
...
006 (111987068.092.000) 04/30 12:54:51 Image size of job updated: 14254076
	13619  -  MemoryUsage of job (MB)
	13945388  -  ResidentSetSize of job (KB)
...
006 (111987068.092.000) 04/30 12:59:52 Image size of job updated: 14622088
	13977  -  MemoryUsage of job (MB)
	14312312  -  ResidentSetSize of job (KB)
...
006 (111987068.092.000) 04/30 13:04:51 Image size of job updated: 14892772
	14242  -  MemoryUsage of job (MB)
	14583012  -  ResidentSetSize of job (KB)
...
006 (111987068.092.000) 04/30 13:09:52 Image size of job updated: 15417336
	14754  -  MemoryUsage of job (MB)
	15107788  -  ResidentSetSize of job (KB)
...
006 (111987068.092.000) 04/30 13:14:52 Image size of job updated: 15955964
	15279  -  MemoryUsage of job (MB)
	15644752  -  ResidentSetSize of job (KB)
...
006 (111987068.092.000) 04/30 13:19:52 Image size of job updated: 16459772
	15767  -  MemoryUsage of job (MB)
	16145120  -  ResidentSetSize of job (KB)
...
006 (111987068.092.000) 04/30 13:24:53 Image size of job updated: 17037552
	16329  -  MemoryUsage of job (MB)
	16720536  -  ResidentSetSize of job (KB)
...
006 (111987068.092.000) 04/30 13:29:54 Image size of job updated: 17594920
	16873  -  MemoryUsage of job (MB)
	17277472  -  ResidentSetSize of job (KB)
...
006 (111987068.092.000) 04/30 13:34:54 Image size of job updated: 18285860
	17547  -  MemoryUsage of job (MB)
	17967536  -  ResidentSetSize of job (KB)
...
006 (111987068.092.000) 04/30 13:39:54 Image size of job updated: 19139324
	18373  -  MemoryUsage of job (MB)
	18813036  -  ResidentSetSize of job (KB)
...
006 (111987068.092.000) 04/30 13:44:55 Image size of job updated: 19585932
	18803  -  MemoryUsage of job (MB)
	19254220  -  ResidentSetSize of job (KB)
...
006 (111987068.092.000) 04/30 13:49:55 Image size of job updated: 20223724
	19416  -  MemoryUsage of job (MB)
	19881544  -  ResidentSetSize of job (KB)
...
006 (111987068.092.000) 04/30 13:54:56 Image size of job updated: 20835444
	19982  -  MemoryUsage of job (MB)
	20461068  -  ResidentSetSize of job (KB)
...
006 (111987068.092.000) 04/30 13:59:57 Image size of job updated: 21486452
	20443  -  MemoryUsage of job (MB)
	20933500  -  ResidentSetSize of job (KB)
...
006 (111987068.092.000) 04/30 14:04:58 Image size of job updated: 22145960
	20452  -  MemoryUsage of job (MB)
	20942132  -  ResidentSetSize of job (KB)
...
006 (111987068.092.000) 04/30 14:09:59 Image size of job updated: 22983596
	20452  -  MemoryUsage of job (MB)
	20942132  -  ResidentSetSize of job (KB)
...
005 (111987068.092.000) 04/30 14:11:56 Job terminated.
	(1) Normal termination (return value 0)
		Usr 0 02:12:00, Sys 0 00:03:05  -  Run Remote Usage
		Usr 0 00:00:00, Sys 0 00:00:00  -  Run Local Usage
		Usr 0 02:12:00, Sys 0 00:03:05  -  Total Remote Usage
		Usr 0 00:00:00, Sys 0 00:00:00  -  Total Local Usage
	24432204  -  Run Bytes Sent By Job
	1780294400  -  Run Bytes Received By Job
	24432204  -  Total Bytes Sent By Job
	1780294400  -  Total Bytes Received By Job
	Partitionable Resources :      Usage  Request Allocated 
	   Cpus                 :       0.38        1         1 
	   Disk (KB)            : 6853586    20971520  21411320 
	   Ioheavy              :                             0 
	   Memory (MB)          :   20452       20480     20480 
...
