000 (111987068.178.000) 04/30 09:11:54 Job submitted from host: <128.104.100.44:9618?addrs=128.104.100.44-9618+[2607-f388-107c-501-90e2-baff-fe2c-2724]-9618&noUDP&sock=4699_0235_3>
...
001 (111987068.178.000) 04/30 12:52:05 Job executing on host: <128.105.245.177:9618?addrs=128.105.245.177-9618&noUDP&sock=5454_919e_46>
...
006 (111987068.178.000) 04/30 12:52:13 Image size of job updated: 624
	1  -  MemoryUsage of job (MB)
	624  -  ResidentSetSize of job (KB)
...
006 (111987068.178.000) 04/30 12:57:14 Image size of job updated: 648
	1  -  MemoryUsage of job (MB)
	648  -  ResidentSetSize of job (KB)
...
006 (111987068.178.000) 04/30 13:07:15 Image size of job updated: 295256
	213  -  MemoryUsage of job (MB)
	217260  -  ResidentSetSize of job (KB)
...
006 (111987068.178.000) 04/30 13:12:15 Image size of job updated: 607808
	518  -  MemoryUsage of job (MB)
	529812  -  ResidentSetSize of job (KB)
...
006 (111987068.178.000) 04/30 13:17:16 Image size of job updated: 1035092
	935  -  MemoryUsage of job (MB)
	957040  -  ResidentSetSize of job (KB)
...
006 (111987068.178.000) 04/30 13:22:16 Image size of job updated: 1250012
	1145  -  MemoryUsage of job (MB)
	1171960  -  ResidentSetSize of job (KB)
...
006 (111987068.178.000) 04/30 13:27:17 Image size of job updated: 1589208
	1476  -  MemoryUsage of job (MB)
	1511156  -  ResidentSetSize of job (KB)
...
006 (111987068.178.000) 04/30 13:32:17 Image size of job updated: 1961168
	1839  -  MemoryUsage of job (MB)
	1883116  -  ResidentSetSize of job (KB)
...
006 (111987068.178.000) 04/30 13:37:17 Image size of job updated: 2611716
	2475  -  MemoryUsage of job (MB)
	2533664  -  ResidentSetSize of job (KB)
...
006 (111987068.178.000) 04/30 13:42:17 Image size of job updated: 3332224
	3178  -  MemoryUsage of job (MB)
	3254172  -  ResidentSetSize of job (KB)
...
006 (111987068.178.000) 04/30 13:47:17 Image size of job updated: 4192092
	4018  -  MemoryUsage of job (MB)
	4114040  -  ResidentSetSize of job (KB)
...
006 (111987068.178.000) 04/30 13:52:19 Image size of job updated: 4825200
	4636  -  MemoryUsage of job (MB)
	4747148  -  ResidentSetSize of job (KB)
...
006 (111987068.178.000) 04/30 13:57:19 Image size of job updated: 5375676
	5174  -  MemoryUsage of job (MB)
	5297624  -  ResidentSetSize of job (KB)
...
006 (111987068.178.000) 04/30 14:02:19 Image size of job updated: 5950564
	5735  -  MemoryUsage of job (MB)
	5872512  -  ResidentSetSize of job (KB)
...
006 (111987068.178.000) 04/30 14:07:20 Image size of job updated: 6490956
	6263  -  MemoryUsage of job (MB)
	6412904  -  ResidentSetSize of job (KB)
...
006 (111987068.178.000) 04/30 14:12:22 Image size of job updated: 7317368
	7070  -  MemoryUsage of job (MB)
	7239316  -  ResidentSetSize of job (KB)
...
006 (111987068.178.000) 04/30 14:17:22 Image size of job updated: 7836316
	7577  -  MemoryUsage of job (MB)
	7758264  -  ResidentSetSize of job (KB)
...
006 (111987068.178.000) 04/30 14:22:22 Image size of job updated: 8564168
	8288  -  MemoryUsage of job (MB)
	8486116  -  ResidentSetSize of job (KB)
...
006 (111987068.178.000) 04/30 14:27:23 Image size of job updated: 9152056
	8862  -  MemoryUsage of job (MB)
	9074004  -  ResidentSetSize of job (KB)
...
006 (111987068.178.000) 04/30 14:32:23 Image size of job updated: 9557896
	9258  -  MemoryUsage of job (MB)
	9479844  -  ResidentSetSize of job (KB)
...
006 (111987068.178.000) 04/30 14:37:25 Image size of job updated: 10124636
	9812  -  MemoryUsage of job (MB)
	10046584  -  ResidentSetSize of job (KB)
...
006 (111987068.178.000) 04/30 14:42:25 Image size of job updated: 10708068
	10381  -  MemoryUsage of job (MB)
	10629524  -  ResidentSetSize of job (KB)
...
006 (111987068.178.000) 04/30 14:47:25 Image size of job updated: 11065088
	10729  -  MemoryUsage of job (MB)
	10986416  -  ResidentSetSize of job (KB)
...
006 (111987068.178.000) 04/30 14:52:25 Image size of job updated: 11503192
	11157  -  MemoryUsage of job (MB)
	11424324  -  ResidentSetSize of job (KB)
...
006 (111987068.178.000) 04/30 14:57:25 Image size of job updated: 12037828
	11679  -  MemoryUsage of job (MB)
	11958532  -  ResidentSetSize of job (KB)
...
006 (111987068.178.000) 04/30 15:02:26 Image size of job updated: 12351204
	11984  -  MemoryUsage of job (MB)
	12271596  -  ResidentSetSize of job (KB)
...
006 (111987068.178.000) 04/30 15:07:27 Image size of job updated: 12928336
	12548  -  MemoryUsage of job (MB)
	12848696  -  ResidentSetSize of job (KB)
...
006 (111987068.178.000) 04/30 15:12:28 Image size of job updated: 13600060
	13204  -  MemoryUsage of job (MB)
	13520388  -  ResidentSetSize of job (KB)
...
006 (111987068.178.000) 04/30 15:17:27 Image size of job updated: 14069120
	13662  -  MemoryUsage of job (MB)
	13989448  -  ResidentSetSize of job (KB)
...
006 (111987068.178.000) 04/30 15:22:27 Image size of job updated: 14527444
	14110  -  MemoryUsage of job (MB)
	14447772  -  ResidentSetSize of job (KB)
...
006 (111987068.178.000) 04/30 15:27:28 Image size of job updated: 15164008
	14731  -  MemoryUsage of job (MB)
	15084336  -  ResidentSetSize of job (KB)
...
006 (111987068.178.000) 04/30 15:32:28 Image size of job updated: 15644312
	15200  -  MemoryUsage of job (MB)
	15564640  -  ResidentSetSize of job (KB)
...
006 (111987068.178.000) 04/30 15:37:29 Image size of job updated: 15986708
	15535  -  MemoryUsage of job (MB)
	15907036  -  ResidentSetSize of job (KB)
...
006 (111987068.178.000) 04/30 15:42:30 Image size of job updated: 16476652
	16013  -  MemoryUsage of job (MB)
	16396980  -  ResidentSetSize of job (KB)
...
006 (111987068.178.000) 04/30 15:47:31 Image size of job updated: 16805836
	16334  -  MemoryUsage of job (MB)
	16725916  -  ResidentSetSize of job (KB)
...
006 (111987068.178.000) 04/30 15:52:32 Image size of job updated: 17183172
	16701  -  MemoryUsage of job (MB)
	17101396  -  ResidentSetSize of job (KB)
...
006 (111987068.178.000) 04/30 15:57:32 Image size of job updated: 17356480
	16869  -  MemoryUsage of job (MB)
	17272996  -  ResidentSetSize of job (KB)
...
006 (111987068.178.000) 04/30 16:02:34 Image size of job updated: 17652016
	17146  -  MemoryUsage of job (MB)
	17556724  -  ResidentSetSize of job (KB)
...
006 (111987068.178.000) 04/30 16:07:32 Image size of job updated: 17883548
	17372  -  MemoryUsage of job (MB)
	17788256  -  ResidentSetSize of job (KB)
...
006 (111987068.178.000) 04/30 16:12:32 Image size of job updated: 18158140
	17640  -  MemoryUsage of job (MB)
	18062424  -  ResidentSetSize of job (KB)
...
006 (111987068.178.000) 04/30 16:17:33 Image size of job updated: 18440888
	17911  -  MemoryUsage of job (MB)
	18340676  -  ResidentSetSize of job (KB)
...
006 (111987068.178.000) 04/30 16:22:34 Image size of job updated: 18702252
	18164  -  MemoryUsage of job (MB)
	18599456  -  ResidentSetSize of job (KB)
...
006 (111987068.178.000) 04/30 16:27:35 Image size of job updated: 18984400
	18438  -  MemoryUsage of job (MB)
	18879724  -  ResidentSetSize of job (KB)
...
006 (111987068.178.000) 04/30 16:32:35 Image size of job updated: 19284400
	18727  -  MemoryUsage of job (MB)
	19176392  -  ResidentSetSize of job (KB)
...
006 (111987068.178.000) 04/30 16:37:35 Image size of job updated: 19621692
	19054  -  MemoryUsage of job (MB)
	19510840  -  ResidentSetSize of job (KB)
...
006 (111987068.178.000) 04/30 16:42:36 Image size of job updated: 19759228
	19197  -  MemoryUsage of job (MB)
	19657420  -  ResidentSetSize of job (KB)
...
006 (111987068.178.000) 04/30 16:47:37 Image size of job updated: 20252212
	19668  -  MemoryUsage of job (MB)
	20139244  -  ResidentSetSize of job (KB)
...
006 (111987068.178.000) 04/30 16:52:38 Image size of job updated: 20685808
	20048  -  MemoryUsage of job (MB)
	20528620  -  ResidentSetSize of job (KB)
...
006 (111987068.178.000) 04/30 16:57:38 Image size of job updated: 21269956
	20435  -  MemoryUsage of job (MB)
	20925124  -  ResidentSetSize of job (KB)
...
006 (111987068.178.000) 04/30 17:02:38 Image size of job updated: 21879340
	20466  -  MemoryUsage of job (MB)
	20956252  -  ResidentSetSize of job (KB)
...
006 (111987068.178.000) 04/30 17:07:39 Image size of job updated: 22475016
	20466  -  MemoryUsage of job (MB)
	20956964  -  ResidentSetSize of job (KB)
...
006 (111987068.178.000) 04/30 17:12:40 Image size of job updated: 23184620
	20466  -  MemoryUsage of job (MB)
	20956964  -  ResidentSetSize of job (KB)
...
005 (111987068.178.000) 04/30 17:14:32 Job terminated.
	(1) Normal termination (return value 0)
		Usr 0 02:24:13, Sys 0 00:04:44  -  Run Remote Usage
		Usr 0 00:00:00, Sys 0 00:00:00  -  Run Local Usage
		Usr 0 02:24:13, Sys 0 00:04:44  -  Total Remote Usage
		Usr 0 00:00:00, Sys 0 00:00:00  -  Total Local Usage
	24629860  -  Run Bytes Sent By Job
	1780294400  -  Run Bytes Received By Job
	24629860  -  Total Bytes Sent By Job
	1780294400  -  Total Bytes Received By Job
	Partitionable Resources :      Usage  Request Allocated 
	   Cpus                 :       0.70        1         1 
	   Disk (KB)            : 6853781    20971520  21397160 
	   Ioheavy              :                             0 
	   Memory (MB)          :   20466       20480     20480 
...
