000 (111987068.138.000) 04/30 09:11:54 Job submitted from host: <128.104.100.44:9618?addrs=128.104.100.44-9618+[2607-f388-107c-501-90e2-baff-fe2c-2724]-9618&noUDP&sock=4699_0235_3>
...
001 (111987068.138.000) 04/30 11:54:30 Job executing on host: <128.105.245.197:9618?addrs=128.105.245.197-9618&noUDP&sock=5434_d9ba_27>
...
006 (111987068.138.000) 04/30 11:54:38 Image size of job updated: 628
	1  -  MemoryUsage of job (MB)
	628  -  ResidentSetSize of job (KB)
...
006 (111987068.138.000) 04/30 11:59:39 Image size of job updated: 652
	1  -  MemoryUsage of job (MB)
	652  -  ResidentSetSize of job (KB)
...
006 (111987068.138.000) 04/30 12:09:41 Image size of job updated: 660
	1  -  MemoryUsage of job (MB)
	660  -  ResidentSetSize of job (KB)
...
006 (111987068.138.000) 04/30 12:14:41 Image size of job updated: 504464
	417  -  MemoryUsage of job (MB)
	426472  -  ResidentSetSize of job (KB)
...
006 (111987068.138.000) 04/30 12:19:42 Image size of job updated: 785944
	692  -  MemoryUsage of job (MB)
	707952  -  ResidentSetSize of job (KB)
...
006 (111987068.138.000) 04/30 12:24:43 Image size of job updated: 1172132
	1069  -  MemoryUsage of job (MB)
	1094084  -  ResidentSetSize of job (KB)
...
006 (111987068.138.000) 04/30 12:29:43 Image size of job updated: 1786324
	1669  -  MemoryUsage of job (MB)
	1708276  -  ResidentSetSize of job (KB)
...
006 (111987068.138.000) 04/30 12:34:43 Image size of job updated: 2420776
	2288  -  MemoryUsage of job (MB)
	2342728  -  ResidentSetSize of job (KB)
...
006 (111987068.138.000) 04/30 12:39:44 Image size of job updated: 3254168
	3102  -  MemoryUsage of job (MB)
	3176120  -  ResidentSetSize of job (KB)
...
006 (111987068.138.000) 04/30 12:44:45 Image size of job updated: 4298816
	4122  -  MemoryUsage of job (MB)
	4220768  -  ResidentSetSize of job (KB)
...
006 (111987068.138.000) 04/30 12:49:46 Image size of job updated: 5341096
	5140  -  MemoryUsage of job (MB)
	5263048  -  ResidentSetSize of job (KB)
...
006 (111987068.138.000) 04/30 12:54:47 Image size of job updated: 6282484
	6060  -  MemoryUsage of job (MB)
	6204436  -  ResidentSetSize of job (KB)
...
006 (111987068.138.000) 04/30 12:59:46 Image size of job updated: 7132864
	6890  -  MemoryUsage of job (MB)
	7054816  -  ResidentSetSize of job (KB)
...
006 (111987068.138.000) 04/30 13:04:46 Image size of job updated: 8029080
	7765  -  MemoryUsage of job (MB)
	7951032  -  ResidentSetSize of job (KB)
...
006 (111987068.138.000) 04/30 13:09:47 Image size of job updated: 8982076
	8696  -  MemoryUsage of job (MB)
	8904028  -  ResidentSetSize of job (KB)
...
006 (111987068.138.000) 04/30 13:14:48 Image size of job updated: 9723736
	9420  -  MemoryUsage of job (MB)
	9645688  -  ResidentSetSize of job (KB)
...
006 (111987068.138.000) 04/30 13:19:48 Image size of job updated: 10119160
	9806  -  MemoryUsage of job (MB)
	10041112  -  ResidentSetSize of job (KB)
...
006 (111987068.138.000) 04/30 13:24:49 Image size of job updated: 10511544
	10189  -  MemoryUsage of job (MB)
	10433496  -  ResidentSetSize of job (KB)
...
006 (111987068.138.000) 04/30 13:29:50 Image size of job updated: 11023692
	10690  -  MemoryUsage of job (MB)
	10945644  -  ResidentSetSize of job (KB)
...
006 (111987068.138.000) 04/30 13:34:51 Image size of job updated: 11548284
	11202  -  MemoryUsage of job (MB)
	11470236  -  ResidentSetSize of job (KB)
...
006 (111987068.138.000) 04/30 13:39:51 Image size of job updated: 12021992
	11665  -  MemoryUsage of job (MB)
	11943944  -  ResidentSetSize of job (KB)
...
006 (111987068.138.000) 04/30 13:44:52 Image size of job updated: 12824148
	12448  -  MemoryUsage of job (MB)
	12746100  -  ResidentSetSize of job (KB)
...
006 (111987068.138.000) 04/30 13:49:53 Image size of job updated: 13143992
	12760  -  MemoryUsage of job (MB)
	13065944  -  ResidentSetSize of job (KB)
...
006 (111987068.138.000) 04/30 13:54:53 Image size of job updated: 13524916
	13132  -  MemoryUsage of job (MB)
	13446868  -  ResidentSetSize of job (KB)
...
006 (111987068.138.000) 04/30 13:59:53 Image size of job updated: 13840492
	13440  -  MemoryUsage of job (MB)
	13762444  -  ResidentSetSize of job (KB)
...
006 (111987068.138.000) 04/30 14:04:55 Image size of job updated: 14476244
	14061  -  MemoryUsage of job (MB)
	14398196  -  ResidentSetSize of job (KB)
...
006 (111987068.138.000) 04/30 14:09:55 Image size of job updated: 15170200
	14739  -  MemoryUsage of job (MB)
	15092152  -  ResidentSetSize of job (KB)
...
006 (111987068.138.000) 04/30 14:14:56 Image size of job updated: 15908052
	15459  -  MemoryUsage of job (MB)
	15830004  -  ResidentSetSize of job (KB)
...
006 (111987068.138.000) 04/30 14:19:58 Image size of job updated: 16657128
	16191  -  MemoryUsage of job (MB)
	16579080  -  ResidentSetSize of job (KB)
...
006 (111987068.138.000) 04/30 14:24:58 Image size of job updated: 17384112
	16900  -  MemoryUsage of job (MB)
	17305168  -  ResidentSetSize of job (KB)
...
006 (111987068.138.000) 04/30 14:29:58 Image size of job updated: 18159632
	17654  -  MemoryUsage of job (MB)
	18077160  -  ResidentSetSize of job (KB)
...
006 (111987068.138.000) 04/30 14:34:59 Image size of job updated: 18786912
	18262  -  MemoryUsage of job (MB)
	18699876  -  ResidentSetSize of job (KB)
...
006 (111987068.138.000) 04/30 14:40:00 Image size of job updated: 19418080
	18872  -  MemoryUsage of job (MB)
	19324760  -  ResidentSetSize of job (KB)
...
006 (111987068.138.000) 04/30 14:45:00 Image size of job updated: 20065276
	19479  -  MemoryUsage of job (MB)
	19946496  -  ResidentSetSize of job (KB)
...
006 (111987068.138.000) 04/30 14:50:03 Image size of job updated: 20735908
	20084  -  MemoryUsage of job (MB)
	20565268  -  ResidentSetSize of job (KB)
...
006 (111987068.138.000) 04/30 14:55:01 Image size of job updated: 21109204
	20354  -  MemoryUsage of job (MB)
	20841584  -  ResidentSetSize of job (KB)
...
006 (111987068.138.000) 04/30 15:00:03 Image size of job updated: 21307376
	20430  -  MemoryUsage of job (MB)
	20919604  -  ResidentSetSize of job (KB)
...
006 (111987068.138.000) 04/30 15:05:12 Image size of job updated: 21434400
	20430  -  MemoryUsage of job (MB)
	20919604  -  ResidentSetSize of job (KB)
...
006 (111987068.138.000) 04/30 15:10:03 Image size of job updated: 21707540
	20435  -  MemoryUsage of job (MB)
	20925316  -  ResidentSetSize of job (KB)
...
006 (111987068.138.000) 04/30 15:15:03 Image size of job updated: 21828812
	20436  -  MemoryUsage of job (MB)
	20925608  -  ResidentSetSize of job (KB)
...
006 (111987068.138.000) 04/30 15:20:04 Image size of job updated: 22007252
	20448  -  MemoryUsage of job (MB)
	20937836  -  ResidentSetSize of job (KB)
...
006 (111987068.138.000) 04/30 15:25:04 Image size of job updated: 22137844
	20448  -  MemoryUsage of job (MB)
	20937836  -  ResidentSetSize of job (KB)
...
006 (111987068.138.000) 04/30 15:30:06 Image size of job updated: 22384992
	20448  -  MemoryUsage of job (MB)
	20937836  -  ResidentSetSize of job (KB)
...
006 (111987068.138.000) 04/30 15:35:07 Image size of job updated: 22699028
	20462  -  MemoryUsage of job (MB)
	20952648  -  ResidentSetSize of job (KB)
...
006 (111987068.138.000) 04/30 15:40:07 Image size of job updated: 23247328
	20462  -  MemoryUsage of job (MB)
	20952648  -  ResidentSetSize of job (KB)
...
005 (111987068.138.000) 04/30 15:41:33 Job terminated.
	(1) Normal termination (return value 0)
		Usr 0 02:12:25, Sys 0 00:02:21  -  Run Remote Usage
		Usr 0 00:00:00, Sys 0 00:00:00  -  Run Local Usage
		Usr 0 02:12:25, Sys 0 00:02:21  -  Total Remote Usage
		Usr 0 00:00:00, Sys 0 00:00:00  -  Total Local Usage
	24730050  -  Run Bytes Sent By Job
	1780294400  -  Run Bytes Received By Job
	24730050  -  Total Bytes Sent By Job
	1780294400  -  Total Bytes Received By Job
	Partitionable Resources :      Usage  Request Allocated 
	   Cpus                 :       1.00        1         1 
	   Disk (KB)            : 6853879    20971520  21383009 
	   Ioheavy              :                             0 
	   Memory (MB)          :   20462       20480     20480 
...
