000 (111987068.139.000) 04/30 09:11:54 Job submitted from host: <128.104.100.44:9618?addrs=128.104.100.44-9618+[2607-f388-107c-501-90e2-baff-fe2c-2724]-9618&noUDP&sock=4699_0235_3>
...
001 (111987068.139.000) 04/30 11:53:39 Job executing on host: <128.105.245.172:9618?addrs=128.105.245.172-9618&noUDP&sock=5426_5cf8_44>
...
006 (111987068.139.000) 04/30 11:53:50 Image size of job updated: 624
	1  -  MemoryUsage of job (MB)
	624  -  ResidentSetSize of job (KB)
...
006 (111987068.139.000) 04/30 11:58:51 Image size of job updated: 648
	1  -  MemoryUsage of job (MB)
	648  -  ResidentSetSize of job (KB)
...
006 (111987068.139.000) 04/30 12:03:52 Image size of job updated: 652
	1  -  MemoryUsage of job (MB)
	652  -  ResidentSetSize of job (KB)
...
006 (111987068.139.000) 04/30 12:08:53 Image size of job updated: 664
	1  -  MemoryUsage of job (MB)
	664  -  ResidentSetSize of job (KB)
...
006 (111987068.139.000) 04/30 12:18:55 Image size of job updated: 401488
	316  -  MemoryUsage of job (MB)
	323100  -  ResidentSetSize of job (KB)
...
006 (111987068.139.000) 04/30 12:23:55 Image size of job updated: 797148
	702  -  MemoryUsage of job (MB)
	718704  -  ResidentSetSize of job (KB)
...
006 (111987068.139.000) 04/30 12:28:55 Image size of job updated: 1259996
	1154  -  MemoryUsage of job (MB)
	1181552  -  ResidentSetSize of job (KB)
...
006 (111987068.139.000) 04/30 12:33:56 Image size of job updated: 1889508
	1769  -  MemoryUsage of job (MB)
	1811064  -  ResidentSetSize of job (KB)
...
006 (111987068.139.000) 04/30 12:38:57 Image size of job updated: 2406772
	2274  -  MemoryUsage of job (MB)
	2328328  -  ResidentSetSize of job (KB)
...
006 (111987068.139.000) 04/30 12:43:58 Image size of job updated: 3022684
	2876  -  MemoryUsage of job (MB)
	2944240  -  ResidentSetSize of job (KB)
...
006 (111987068.139.000) 04/30 12:48:59 Image size of job updated: 3608888
	3448  -  MemoryUsage of job (MB)
	3530444  -  ResidentSetSize of job (KB)
...
006 (111987068.139.000) 04/30 12:54:00 Image size of job updated: 4114956
	3942  -  MemoryUsage of job (MB)
	4036512  -  ResidentSetSize of job (KB)
...
006 (111987068.139.000) 04/30 12:59:01 Image size of job updated: 4757032
	4569  -  MemoryUsage of job (MB)
	4678588  -  ResidentSetSize of job (KB)
...
006 (111987068.139.000) 04/30 13:04:01 Image size of job updated: 5297828
	5098  -  MemoryUsage of job (MB)
	5219384  -  ResidentSetSize of job (KB)
...
006 (111987068.139.000) 04/30 13:09:02 Image size of job updated: 6222316
	6000  -  MemoryUsage of job (MB)
	6143872  -  ResidentSetSize of job (KB)
...
006 (111987068.139.000) 04/30 13:14:02 Image size of job updated: 6844908
	6608  -  MemoryUsage of job (MB)
	6766464  -  ResidentSetSize of job (KB)
...
006 (111987068.139.000) 04/30 13:19:02 Image size of job updated: 7407400
	7158  -  MemoryUsage of job (MB)
	7328956  -  ResidentSetSize of job (KB)
...
006 (111987068.139.000) 04/30 13:24:47 Image size of job updated: 8299712
	8029  -  MemoryUsage of job (MB)
	8221268  -  ResidentSetSize of job (KB)
...
006 (111987068.139.000) 04/30 13:29:04 Image size of job updated: 8655328
	8376  -  MemoryUsage of job (MB)
	8576884  -  ResidentSetSize of job (KB)
...
006 (111987068.139.000) 04/30 13:34:04 Image size of job updated: 9241344
	8949  -  MemoryUsage of job (MB)
	9162900  -  ResidentSetSize of job (KB)
...
006 (111987068.139.000) 04/30 13:39:04 Image size of job updated: 9956772
	9647  -  MemoryUsage of job (MB)
	9878328  -  ResidentSetSize of job (KB)
...
006 (111987068.139.000) 04/30 13:44:05 Image size of job updated: 10435584
	10115  -  MemoryUsage of job (MB)
	10357140  -  ResidentSetSize of job (KB)
...
006 (111987068.139.000) 04/30 13:49:05 Image size of job updated: 10959652
	10627  -  MemoryUsage of job (MB)
	10881208  -  ResidentSetSize of job (KB)
...
006 (111987068.139.000) 04/30 13:54:07 Image size of job updated: 11454828
	11110  -  MemoryUsage of job (MB)
	11376384  -  ResidentSetSize of job (KB)
...
006 (111987068.139.000) 04/30 13:59:07 Image size of job updated: 12193040
	11831  -  MemoryUsage of job (MB)
	12114552  -  ResidentSetSize of job (KB)
...
006 (111987068.139.000) 04/30 14:04:07 Image size of job updated: 12778744
	12403  -  MemoryUsage of job (MB)
	12700256  -  ResidentSetSize of job (KB)
...
006 (111987068.139.000) 04/30 14:09:08 Image size of job updated: 13417856
	13027  -  MemoryUsage of job (MB)
	13339368  -  ResidentSetSize of job (KB)
...
006 (111987068.139.000) 04/30 14:14:09 Image size of job updated: 13690304
	13292  -  MemoryUsage of job (MB)
	13610964  -  ResidentSetSize of job (KB)
...
006 (111987068.139.000) 04/30 14:19:10 Image size of job updated: 14362612
	13948  -  MemoryUsage of job (MB)
	14281876  -  ResidentSetSize of job (KB)
...
006 (111987068.139.000) 04/30 14:24:10 Image size of job updated: 14883776
	14457  -  MemoryUsage of job (MB)
	14802984  -  ResidentSetSize of job (KB)
...
006 (111987068.139.000) 04/30 14:29:11 Image size of job updated: 15509468
	15068  -  MemoryUsage of job (MB)
	15428676  -  ResidentSetSize of job (KB)
...
006 (111987068.139.000) 04/30 14:34:12 Image size of job updated: 15845008
	15395  -  MemoryUsage of job (MB)
	15764216  -  ResidentSetSize of job (KB)
...
006 (111987068.139.000) 04/30 14:39:12 Image size of job updated: 16298444
	15838  -  MemoryUsage of job (MB)
	16217652  -  ResidentSetSize of job (KB)
...
006 (111987068.139.000) 04/30 14:44:13 Image size of job updated: 17044228
	16566  -  MemoryUsage of job (MB)
	16963436  -  ResidentSetSize of job (KB)
...
006 (111987068.139.000) 04/30 14:49:14 Image size of job updated: 17355768
	16869  -  MemoryUsage of job (MB)
	17273568  -  ResidentSetSize of job (KB)
...
006 (111987068.139.000) 04/30 14:54:15 Image size of job updated: 17665292
	17167  -  MemoryUsage of job (MB)
	17578836  -  ResidentSetSize of job (KB)
...
006 (111987068.139.000) 04/30 14:59:16 Image size of job updated: 17909404
	17401  -  MemoryUsage of job (MB)
	17818068  -  ResidentSetSize of job (KB)
...
006 (111987068.139.000) 04/30 15:04:17 Image size of job updated: 18292124
	17766  -  MemoryUsage of job (MB)
	18191776  -  ResidentSetSize of job (KB)
...
006 (111987068.139.000) 04/30 15:09:17 Image size of job updated: 18622220
	18077  -  MemoryUsage of job (MB)
	18510552  -  ResidentSetSize of job (KB)
...
006 (111987068.139.000) 04/30 15:14:17 Image size of job updated: 18883728
	18327  -  MemoryUsage of job (MB)
	18766124  -  ResidentSetSize of job (KB)
...
006 (111987068.139.000) 04/30 15:19:26 Image size of job updated: 19002588
	18441  -  MemoryUsage of job (MB)
	18883492  -  ResidentSetSize of job (KB)
...
006 (111987068.139.000) 04/30 15:24:17 Image size of job updated: 19213420
	18645  -  MemoryUsage of job (MB)
	19092436  -  ResidentSetSize of job (KB)
...
006 (111987068.139.000) 04/30 15:29:18 Image size of job updated: 19809972
	19212  -  MemoryUsage of job (MB)
	19672600  -  ResidentSetSize of job (KB)
...
006 (111987068.139.000) 04/30 15:34:18 Image size of job updated: 20312424
	19688  -  MemoryUsage of job (MB)
	20159652  -  ResidentSetSize of job (KB)
...
006 (111987068.139.000) 04/30 15:39:19 Image size of job updated: 20887016
	20208  -  MemoryUsage of job (MB)
	20692512  -  ResidentSetSize of job (KB)
...
006 (111987068.139.000) 04/30 15:44:20 Image size of job updated: 21201464
	20394  -  MemoryUsage of job (MB)
	20883224  -  ResidentSetSize of job (KB)
...
006 (111987068.139.000) 04/30 15:49:21 Image size of job updated: 21327852
	20399  -  MemoryUsage of job (MB)
	20888552  -  ResidentSetSize of job (KB)
...
006 (111987068.139.000) 04/30 15:54:22 Image size of job updated: 21568832
	20431  -  MemoryUsage of job (MB)
	20920416  -  ResidentSetSize of job (KB)
...
006 (111987068.139.000) 04/30 15:59:23 Image size of job updated: 21814292
	20449  -  MemoryUsage of job (MB)
	20939512  -  ResidentSetSize of job (KB)
...
006 (111987068.139.000) 04/30 16:04:23 Image size of job updated: 21908068
	20449  -  MemoryUsage of job (MB)
	20939512  -  ResidentSetSize of job (KB)
...
006 (111987068.139.000) 04/30 16:09:23 Image size of job updated: 22003368
	20449  -  MemoryUsage of job (MB)
	20939512  -  ResidentSetSize of job (KB)
...
006 (111987068.139.000) 04/30 16:14:28 Image size of job updated: 22179812
	20453  -  MemoryUsage of job (MB)
	20943084  -  ResidentSetSize of job (KB)
...
006 (111987068.139.000) 04/30 16:19:24 Image size of job updated: 22236792
	20458  -  MemoryUsage of job (MB)
	20948576  -  ResidentSetSize of job (KB)
...
006 (111987068.139.000) 04/30 16:24:26 Image size of job updated: 22300940
	20463  -  MemoryUsage of job (MB)
	20953344  -  ResidentSetSize of job (KB)
...
006 (111987068.139.000) 04/30 16:29:26 Image size of job updated: 22357356
	20463  -  MemoryUsage of job (MB)
	20953344  -  ResidentSetSize of job (KB)
...
006 (111987068.139.000) 04/30 16:34:26 Image size of job updated: 22492428
	20464  -  MemoryUsage of job (MB)
	20955128  -  ResidentSetSize of job (KB)
...
006 (111987068.139.000) 04/30 16:39:27 Image size of job updated: 22558728
	20464  -  MemoryUsage of job (MB)
	20955128  -  ResidentSetSize of job (KB)
...
006 (111987068.139.000) 04/30 16:44:28 Image size of job updated: 22608308
	20464  -  MemoryUsage of job (MB)
	20955128  -  ResidentSetSize of job (KB)
...
006 (111987068.139.000) 04/30 16:49:29 Image size of job updated: 22669456
	20464  -  MemoryUsage of job (MB)
	20955128  -  ResidentSetSize of job (KB)
...
006 (111987068.139.000) 04/30 16:54:30 Image size of job updated: 22771384
	20464  -  MemoryUsage of job (MB)
	20955128  -  ResidentSetSize of job (KB)
...
006 (111987068.139.000) 04/30 16:59:30 Image size of job updated: 22945280
	20464  -  MemoryUsage of job (MB)
	20955128  -  ResidentSetSize of job (KB)
...
006 (111987068.139.000) 04/30 17:04:30 Image size of job updated: 23084020
	20464  -  MemoryUsage of job (MB)
	20955128  -  ResidentSetSize of job (KB)
...
006 (111987068.139.000) 04/30 17:07:36 Image size of job updated: 23811516
	20464  -  MemoryUsage of job (MB)
	20955128  -  ResidentSetSize of job (KB)
...
005 (111987068.139.000) 04/30 17:07:38 Job terminated.
	(1) Normal termination (return value 0)
		Usr 0 02:15:59, Sys 0 00:04:23  -  Run Remote Usage
		Usr 0 00:00:00, Sys 0 00:00:00  -  Run Local Usage
		Usr 0 02:15:59, Sys 0 00:04:23  -  Total Remote Usage
		Usr 0 00:00:00, Sys 0 00:00:00  -  Total Local Usage
	24355260  -  Run Bytes Sent By Job
	1780294400  -  Run Bytes Received By Job
	24355260  -  Total Bytes Sent By Job
	1780294400  -  Total Bytes Received By Job
	Partitionable Resources :      Usage  Request Allocated 
	   Cpus                 :       0.06        1         1 
	   Disk (KB)            : 6853511    20971520  21466115 
	   Ioheavy              :                             0 
	   Memory (MB)          :   20464       20480     20480 
...
