000 (111987068.136.000) 04/30 09:11:54 Job submitted from host: <128.104.100.44:9618?addrs=128.104.100.44-9618+[2607-f388-107c-501-90e2-baff-fe2c-2724]-9618&noUDP&sock=4699_0235_3>
...
001 (111987068.136.000) 04/30 11:54:13 Job executing on host: <128.105.245.192:9618?addrs=128.105.245.192-9618&noUDP&sock=5416_8105_44>
...
006 (111987068.136.000) 04/30 11:54:21 Image size of job updated: 620
	1  -  MemoryUsage of job (MB)
	620  -  ResidentSetSize of job (KB)
...
006 (111987068.136.000) 04/30 11:59:22 Image size of job updated: 628
	1  -  MemoryUsage of job (MB)
	628  -  ResidentSetSize of job (KB)
...
006 (111987068.136.000) 04/30 12:04:24 Image size of job updated: 652
	1  -  MemoryUsage of job (MB)
	652  -  ResidentSetSize of job (KB)
...
006 (111987068.136.000) 04/30 12:19:25 Image size of job updated: 656
	1  -  MemoryUsage of job (MB)
	656  -  ResidentSetSize of job (KB)
...
006 (111987068.136.000) 04/30 12:24:25 Image size of job updated: 668
	1  -  MemoryUsage of job (MB)
	668  -  ResidentSetSize of job (KB)
...
006 (111987068.136.000) 04/30 12:29:25 Image size of job updated: 672
	1  -  MemoryUsage of job (MB)
	672  -  ResidentSetSize of job (KB)
...
006 (111987068.136.000) 04/30 12:34:26 Image size of job updated: 599912
	510  -  MemoryUsage of job (MB)
	521920  -  ResidentSetSize of job (KB)
...
006 (111987068.136.000) 04/30 12:39:27 Image size of job updated: 1057748
	957  -  MemoryUsage of job (MB)
	979700  -  ResidentSetSize of job (KB)
...
006 (111987068.136.000) 04/30 12:44:28 Image size of job updated: 1652092
	1538  -  MemoryUsage of job (MB)
	1574044  -  ResidentSetSize of job (KB)
...
006 (111987068.136.000) 04/30 12:49:28 Image size of job updated: 2348404
	2218  -  MemoryUsage of job (MB)
	2270356  -  ResidentSetSize of job (KB)
...
006 (111987068.136.000) 04/30 12:54:28 Image size of job updated: 3251076
	3099  -  MemoryUsage of job (MB)
	3173028  -  ResidentSetSize of job (KB)
...
006 (111987068.136.000) 04/30 12:59:29 Image size of job updated: 4224940
	4050  -  MemoryUsage of job (MB)
	4146892  -  ResidentSetSize of job (KB)
...
006 (111987068.136.000) 04/30 13:04:30 Image size of job updated: 5157844
	4961  -  MemoryUsage of job (MB)
	5079796  -  ResidentSetSize of job (KB)
...
006 (111987068.136.000) 04/30 13:09:30 Image size of job updated: 6077392
	5859  -  MemoryUsage of job (MB)
	5999344  -  ResidentSetSize of job (KB)
...
006 (111987068.136.000) 04/30 13:14:31 Image size of job updated: 6957140
	6718  -  MemoryUsage of job (MB)
	6879092  -  ResidentSetSize of job (KB)
...
006 (111987068.136.000) 04/30 13:19:32 Image size of job updated: 7797292
	7539  -  MemoryUsage of job (MB)
	7719244  -  ResidentSetSize of job (KB)
...
006 (111987068.136.000) 04/30 13:24:32 Image size of job updated: 8591404
	8314  -  MemoryUsage of job (MB)
	8513356  -  ResidentSetSize of job (KB)
...
006 (111987068.136.000) 04/30 13:29:32 Image size of job updated: 9351952
	9057  -  MemoryUsage of job (MB)
	9273904  -  ResidentSetSize of job (KB)
...
006 (111987068.136.000) 04/30 13:34:33 Image size of job updated: 10072436
	9761  -  MemoryUsage of job (MB)
	9994388  -  ResidentSetSize of job (KB)
...
006 (111987068.136.000) 04/30 13:39:34 Image size of job updated: 10746356
	10419  -  MemoryUsage of job (MB)
	10668308  -  ResidentSetSize of job (KB)
...
006 (111987068.136.000) 04/30 13:44:34 Image size of job updated: 11422688
	11079  -  MemoryUsage of job (MB)
	11344640  -  ResidentSetSize of job (KB)
...
006 (111987068.136.000) 04/30 13:49:35 Image size of job updated: 12188440
	11827  -  MemoryUsage of job (MB)
	12110000  -  ResidentSetSize of job (KB)
...
006 (111987068.136.000) 04/30 13:54:35 Image size of job updated: 12868280
	12490  -  MemoryUsage of job (MB)
	12789480  -  ResidentSetSize of job (KB)
...
006 (111987068.136.000) 04/30 13:59:37 Image size of job updated: 13601616
	13206  -  MemoryUsage of job (MB)
	13522200  -  ResidentSetSize of job (KB)
...
006 (111987068.136.000) 04/30 14:04:37 Image size of job updated: 14250440
	13839  -  MemoryUsage of job (MB)
	14170824  -  ResidentSetSize of job (KB)
...
006 (111987068.136.000) 04/30 14:09:37 Image size of job updated: 14980300
	14552  -  MemoryUsage of job (MB)
	14900824  -  ResidentSetSize of job (KB)
...
006 (111987068.136.000) 04/30 14:14:39 Image size of job updated: 15657052
	15213  -  MemoryUsage of job (MB)
	15577596  -  ResidentSetSize of job (KB)
...
006 (111987068.136.000) 04/30 14:19:39 Image size of job updated: 16411512
	15950  -  MemoryUsage of job (MB)
	16332056  -  ResidentSetSize of job (KB)
...
006 (111987068.136.000) 04/30 14:24:40 Image size of job updated: 17188432
	16708  -  MemoryUsage of job (MB)
	17108272  -  ResidentSetSize of job (KB)
...
006 (111987068.136.000) 04/30 14:29:40 Image size of job updated: 17823364
	17326  -  MemoryUsage of job (MB)
	17741488  -  ResidentSetSize of job (KB)
...
006 (111987068.136.000) 04/30 14:34:40 Image size of job updated: 18574068
	18055  -  MemoryUsage of job (MB)
	18487356  -  ResidentSetSize of job (KB)
...
006 (111987068.136.000) 04/30 14:39:41 Image size of job updated: 19327676
	18785  -  MemoryUsage of job (MB)
	19235516  -  ResidentSetSize of job (KB)
...
006 (111987068.136.000) 04/30 14:44:41 Image size of job updated: 20043876
	19465  -  MemoryUsage of job (MB)
	19931728  -  ResidentSetSize of job (KB)
...
006 (111987068.136.000) 04/30 14:49:41 Image size of job updated: 20735968
	20066  -  MemoryUsage of job (MB)
	20546896  -  ResidentSetSize of job (KB)
...
006 (111987068.136.000) 04/30 14:54:42 Image size of job updated: 21326796
	20417  -  MemoryUsage of job (MB)
	20906504  -  ResidentSetSize of job (KB)
...
006 (111987068.136.000) 04/30 14:59:42 Image size of job updated: 21876532
	20466  -  MemoryUsage of job (MB)
	20956520  -  ResidentSetSize of job (KB)
...
006 (111987068.136.000) 04/30 15:04:42 Image size of job updated: 22394800
	20466  -  MemoryUsage of job (MB)
	20956520  -  ResidentSetSize of job (KB)
...
006 (111987068.136.000) 04/30 15:09:43 Image size of job updated: 23013632
	20466  -  MemoryUsage of job (MB)
	20956520  -  ResidentSetSize of job (KB)
...
005 (111987068.136.000) 04/30 15:12:18 Job terminated.
	(1) Normal termination (return value 0)
		Usr 0 02:29:17, Sys 0 00:08:12  -  Run Remote Usage
		Usr 0 00:00:00, Sys 0 00:00:00  -  Run Local Usage
		Usr 0 02:29:17, Sys 0 00:08:12  -  Total Remote Usage
		Usr 0 00:00:00, Sys 0 00:00:00  -  Total Local Usage
	24502784  -  Run Bytes Sent By Job
	1780294400  -  Run Bytes Received By Job
	24502784  -  Total Bytes Sent By Job
	1780294400  -  Total Bytes Received By Job
	Partitionable Resources :      Usage  Request Allocated 
	   Cpus                 :       0.91        1         1 
	   Disk (KB)            : 6853655    20971520  21151698 
	   Ioheavy              :                             0 
	   Memory (MB)          :   20466       20480     20480 
...
