000 (112171411.054.000) 05/03 11:53:31 Job submitted from host: <128.104.100.44:9618?addrs=128.104.100.44-9618+[2607-f388-107c-501-90e2-baff-fe2c-2724]-9618&noUDP&sock=4699_0235_3>
...
001 (112171411.054.000) 05/03 13:54:56 Job executing on host: <128.105.245.139:9618?addrs=128.105.245.139-9618&noUDP&sock=5430_f4b4_3>
...
006 (112171411.054.000) 05/03 13:55:05 Image size of job updated: 632
	1  -  MemoryUsage of job (MB)
	632  -  ResidentSetSize of job (KB)
...
006 (112171411.054.000) 05/03 14:00:06 Image size of job updated: 660
	1  -  MemoryUsage of job (MB)
	660  -  ResidentSetSize of job (KB)
...
006 (112171411.054.000) 05/03 14:05:06 Image size of job updated: 349668
	266  -  MemoryUsage of job (MB)
	271672  -  ResidentSetSize of job (KB)
...
006 (112171411.054.000) 05/03 14:10:07 Image size of job updated: 719972
	627  -  MemoryUsage of job (MB)
	641976  -  ResidentSetSize of job (KB)
...
006 (112171411.054.000) 05/03 14:15:07 Image size of job updated: 1072536
	972  -  MemoryUsage of job (MB)
	994484  -  ResidentSetSize of job (KB)
...
006 (112171411.054.000) 05/03 14:20:09 Image size of job updated: 1600936
	1488  -  MemoryUsage of job (MB)
	1522884  -  ResidentSetSize of job (KB)
...
006 (112171411.054.000) 05/03 14:25:09 Image size of job updated: 2192540
	2065  -  MemoryUsage of job (MB)
	2114488  -  ResidentSetSize of job (KB)
...
006 (112171411.054.000) 05/03 14:30:09 Image size of job updated: 2840280
	2698  -  MemoryUsage of job (MB)
	2762228  -  ResidentSetSize of job (KB)
...
006 (112171411.054.000) 05/03 14:35:09 Image size of job updated: 3566136
	3407  -  MemoryUsage of job (MB)
	3488084  -  ResidentSetSize of job (KB)
...
006 (112171411.054.000) 05/03 14:40:09 Image size of job updated: 4310292
	4134  -  MemoryUsage of job (MB)
	4232240  -  ResidentSetSize of job (KB)
...
006 (112171411.054.000) 05/03 14:45:10 Image size of job updated: 5056880
	4863  -  MemoryUsage of job (MB)
	4978828  -  ResidentSetSize of job (KB)
...
006 (112171411.054.000) 05/03 14:50:10 Image size of job updated: 5748988
	5539  -  MemoryUsage of job (MB)
	5670936  -  ResidentSetSize of job (KB)
...
006 (112171411.054.000) 05/03 14:55:11 Image size of job updated: 6442972
	6216  -  MemoryUsage of job (MB)
	6364920  -  ResidentSetSize of job (KB)
...
006 (112171411.054.000) 05/03 15:00:11 Image size of job updated: 7133600
	6891  -  MemoryUsage of job (MB)
	7055548  -  ResidentSetSize of job (KB)
...
006 (112171411.054.000) 05/03 15:05:12 Image size of job updated: 7789976
	7532  -  MemoryUsage of job (MB)
	7711924  -  ResidentSetSize of job (KB)
...
006 (112171411.054.000) 05/03 15:10:12 Image size of job updated: 8409212
	8136  -  MemoryUsage of job (MB)
	8331160  -  ResidentSetSize of job (KB)
...
006 (112171411.054.000) 05/03 15:15:13 Image size of job updated: 9014464
	8727  -  MemoryUsage of job (MB)
	8936412  -  ResidentSetSize of job (KB)
...
006 (112171411.054.000) 05/03 15:20:13 Image size of job updated: 9587456
	9287  -  MemoryUsage of job (MB)
	9509404  -  ResidentSetSize of job (KB)
...
006 (112171411.054.000) 05/03 15:25:14 Image size of job updated: 10120696
	9808  -  MemoryUsage of job (MB)
	10042644  -  ResidentSetSize of job (KB)
...
006 (112171411.054.000) 05/03 15:30:14 Image size of job updated: 10673872
	10348  -  MemoryUsage of job (MB)
	10595820  -  ResidentSetSize of job (KB)
...
006 (112171411.054.000) 05/03 15:35:15 Image size of job updated: 11271088
	10931  -  MemoryUsage of job (MB)
	11193036  -  ResidentSetSize of job (KB)
...
006 (112171411.054.000) 05/03 15:40:15 Image size of job updated: 11870464
	11517  -  MemoryUsage of job (MB)
	11792412  -  ResidentSetSize of job (KB)
...
006 (112171411.054.000) 05/03 15:45:16 Image size of job updated: 12498524
	12130  -  MemoryUsage of job (MB)
	12420472  -  ResidentSetSize of job (KB)
...
006 (112171411.054.000) 05/03 15:50:16 Image size of job updated: 13073208
	12691  -  MemoryUsage of job (MB)
	12995156  -  ResidentSetSize of job (KB)
...
006 (112171411.054.000) 05/03 15:55:16 Image size of job updated: 13582660
	13189  -  MemoryUsage of job (MB)
	13504608  -  ResidentSetSize of job (KB)
...
006 (112171411.054.000) 05/03 16:00:16 Image size of job updated: 14197992
	13790  -  MemoryUsage of job (MB)
	14119940  -  ResidentSetSize of job (KB)
...
006 (112171411.054.000) 05/03 16:05:17 Image size of job updated: 14565428
	14148  -  MemoryUsage of job (MB)
	14487376  -  ResidentSetSize of job (KB)
...
006 (112171411.054.000) 05/03 16:10:18 Image size of job updated: 15133540
	14703  -  MemoryUsage of job (MB)
	15055488  -  ResidentSetSize of job (KB)
...
006 (112171411.054.000) 05/03 16:15:19 Image size of job updated: 15738160
	15293  -  MemoryUsage of job (MB)
	15659724  -  ResidentSetSize of job (KB)
...
006 (112171411.054.000) 05/03 16:20:19 Image size of job updated: 16378888
	15914  -  MemoryUsage of job (MB)
	16295548  -  ResidentSetSize of job (KB)
...
006 (112171411.054.000) 05/03 16:25:20 Image size of job updated: 16967656
	16483  -  MemoryUsage of job (MB)
	16877788  -  ResidentSetSize of job (KB)
...
006 (112171411.054.000) 05/03 16:30:19 Image size of job updated: 17536164
	17032  -  MemoryUsage of job (MB)
	17439816  -  ResidentSetSize of job (KB)
...
006 (112171411.054.000) 05/03 16:35:19 Image size of job updated: 18110860
	17589  -  MemoryUsage of job (MB)
	18010164  -  ResidentSetSize of job (KB)
...
006 (112171411.054.000) 05/03 16:40:20 Image size of job updated: 18745236
	18207  -  MemoryUsage of job (MB)
	18643052  -  ResidentSetSize of job (KB)
...
006 (112171411.054.000) 05/03 16:45:20 Image size of job updated: 19341420
	18775  -  MemoryUsage of job (MB)
	19225012  -  ResidentSetSize of job (KB)
...
006 (112171411.054.000) 05/03 16:50:20 Image size of job updated: 19835196
	19241  -  MemoryUsage of job (MB)
	19702268  -  ResidentSetSize of job (KB)
...
006 (112171411.054.000) 05/03 16:55:21 Image size of job updated: 20432304
	19783  -  MemoryUsage of job (MB)
	20257420  -  ResidentSetSize of job (KB)
...
006 (112171411.054.000) 05/03 17:00:21 Image size of job updated: 21032432
	20324  -  MemoryUsage of job (MB)
	20811000  -  ResidentSetSize of job (KB)
...
006 (112171411.054.000) 05/03 17:05:22 Image size of job updated: 21379648
	20426  -  MemoryUsage of job (MB)
	20916020  -  ResidentSetSize of job (KB)
...
006 (112171411.054.000) 05/03 17:10:22 Image size of job updated: 21832708
	20443  -  MemoryUsage of job (MB)
	20933124  -  ResidentSetSize of job (KB)
...
006 (112171411.054.000) 05/03 17:15:23 Image size of job updated: 22435624
	20448  -  MemoryUsage of job (MB)
	20938244  -  ResidentSetSize of job (KB)
...
006 (112171411.054.000) 05/03 17:20:24 Image size of job updated: 22783368
	20449  -  MemoryUsage of job (MB)
	20939524  -  ResidentSetSize of job (KB)
...
006 (112171411.054.000) 05/03 17:23:10 Image size of job updated: 22783368
	20449  -  MemoryUsage of job (MB)
	20939528  -  ResidentSetSize of job (KB)
...
005 (112171411.054.000) 05/03 17:23:12 Job terminated.
	(1) Normal termination (return value 0)
		Usr 0 02:56:29, Sys 0 00:09:49  -  Run Remote Usage
		Usr 0 00:00:00, Sys 0 00:00:00  -  Run Local Usage
		Usr 0 02:56:29, Sys 0 00:09:49  -  Total Remote Usage
		Usr 0 00:00:00, Sys 0 00:00:00  -  Total Local Usage
	24775828  -  Run Bytes Sent By Job
	1780307328  -  Run Bytes Received By Job
	24775828  -  Total Bytes Sent By Job
	1780307328  -  Total Bytes Received By Job
	Partitionable Resources :      Usage  Request Allocated 
	   Cpus                 :       0.72        1         1 
	   Disk (KB)            : 6853949    20971520  22394090 
	   Ioheavy              :                             0 
	   Memory (MB)          :   20449       20480     20480 
...
