000 (111515044.017.000) 04/25 20:20:11 Job submitted from host: <128.104.100.44:9618?addrs=128.104.100.44-9618+[2607-f388-107c-501-90e2-baff-fe2c-2724]-9618&noUDP&sock=4699_0235_3>
...
001 (111515044.017.000) 04/25 20:51:24 Job executing on host: <128.105.245.208:9618?addrs=128.105.245.208-9618&noUDP&sock=5437_e882_3>
...
006 (111515044.017.000) 04/25 20:51:36 Image size of job updated: 612
	1  -  MemoryUsage of job (MB)
	612  -  ResidentSetSize of job (KB)
...
006 (111515044.017.000) 04/25 20:56:34 Image size of job updated: 620
	1  -  MemoryUsage of job (MB)
	620  -  ResidentSetSize of job (KB)
...
006 (111515044.017.000) 04/25 21:01:35 Image size of job updated: 624
	1  -  MemoryUsage of job (MB)
	624  -  ResidentSetSize of job (KB)
...
006 (111515044.017.000) 04/25 21:06:34 Image size of job updated: 644
	1  -  MemoryUsage of job (MB)
	644  -  ResidentSetSize of job (KB)
...
006 (111515044.017.000) 04/25 21:11:39 Image size of job updated: 648
	1  -  MemoryUsage of job (MB)
	648  -  ResidentSetSize of job (KB)
...
006 (111515044.017.000) 04/25 21:16:36 Image size of job updated: 279776
	198  -  MemoryUsage of job (MB)
	201788  -  ResidentSetSize of job (KB)
...
006 (111515044.017.000) 04/25 21:21:36 Image size of job updated: 634352
	544  -  MemoryUsage of job (MB)
	556356  -  ResidentSetSize of job (KB)
...
006 (111515044.017.000) 04/25 21:26:37 Image size of job updated: 1078304
	977  -  MemoryUsage of job (MB)
	1000252  -  ResidentSetSize of job (KB)
...
006 (111515044.017.000) 04/25 21:31:37 Image size of job updated: 1641980
	1528  -  MemoryUsage of job (MB)
	1563928  -  ResidentSetSize of job (KB)
...
006 (111515044.017.000) 04/25 21:36:37 Image size of job updated: 2262712
	2134  -  MemoryUsage of job (MB)
	2184660  -  ResidentSetSize of job (KB)
...
006 (111515044.017.000) 04/25 21:41:37 Image size of job updated: 2985832
	2840  -  MemoryUsage of job (MB)
	2907780  -  ResidentSetSize of job (KB)
...
006 (111515044.017.000) 04/25 21:46:38 Image size of job updated: 3865428
	3699  -  MemoryUsage of job (MB)
	3787376  -  ResidentSetSize of job (KB)
...
006 (111515044.017.000) 04/25 21:51:39 Image size of job updated: 4771588
	4584  -  MemoryUsage of job (MB)
	4693536  -  ResidentSetSize of job (KB)
...
006 (111515044.017.000) 04/25 21:56:39 Image size of job updated: 5620724
	5413  -  MemoryUsage of job (MB)
	5542672  -  ResidentSetSize of job (KB)
...
006 (111515044.017.000) 04/25 22:01:40 Image size of job updated: 6489680
	6262  -  MemoryUsage of job (MB)
	6411628  -  ResidentSetSize of job (KB)
...
006 (111515044.017.000) 04/25 22:06:40 Image size of job updated: 7318564
	7071  -  MemoryUsage of job (MB)
	7240512  -  ResidentSetSize of job (KB)
...
006 (111515044.017.000) 04/25 22:11:40 Image size of job updated: 8181900
	7914  -  MemoryUsage of job (MB)
	8103848  -  ResidentSetSize of job (KB)
...
006 (111515044.017.000) 04/25 22:16:42 Image size of job updated: 8918504
	8633  -  MemoryUsage of job (MB)
	8840116  -  ResidentSetSize of job (KB)
...
006 (111515044.017.000) 04/25 22:21:42 Image size of job updated: 9663048
	9351  -  MemoryUsage of job (MB)
	9574984  -  ResidentSetSize of job (KB)
...
006 (111515044.017.000) 04/25 22:26:44 Image size of job updated: 10320228
	9968  -  MemoryUsage of job (MB)
	10207036  -  ResidentSetSize of job (KB)
...
006 (111515044.017.000) 04/25 22:31:44 Image size of job updated: 11031744
	10653  -  MemoryUsage of job (MB)
	10908040  -  ResidentSetSize of job (KB)
...
006 (111515044.017.000) 04/25 22:36:44 Image size of job updated: 11669324
	11224  -  MemoryUsage of job (MB)
	11492912  -  ResidentSetSize of job (KB)
...
006 (111515044.017.000) 04/25 22:41:45 Image size of job updated: 12416816
	11928  -  MemoryUsage of job (MB)
	12213352  -  ResidentSetSize of job (KB)
...
006 (111515044.017.000) 04/25 22:46:46 Image size of job updated: 13121424
	12615  -  MemoryUsage of job (MB)
	12917456  -  ResidentSetSize of job (KB)
...
006 (111515044.017.000) 04/25 22:51:46 Image size of job updated: 13805340
	13132  -  MemoryUsage of job (MB)
	13446928  -  ResidentSetSize of job (KB)
...
006 (111515044.017.000) 04/25 22:56:47 Image size of job updated: 14549032
	13859  -  MemoryUsage of job (MB)
	14190668  -  ResidentSetSize of job (KB)
...
006 (111515044.017.000) 04/25 23:01:47 Image size of job updated: 15399560
	14688  -  MemoryUsage of job (MB)
	15039696  -  ResidentSetSize of job (KB)
...
006 (111515044.017.000) 04/25 23:06:48 Image size of job updated: 16264156
	15513  -  MemoryUsage of job (MB)
	15885300  -  ResidentSetSize of job (KB)
...
006 (111515044.017.000) 04/25 23:11:49 Image size of job updated: 17209872
	16319  -  MemoryUsage of job (MB)
	16710104  -  ResidentSetSize of job (KB)
...
006 (111515044.017.000) 04/25 23:16:49 Image size of job updated: 18040852
	17007  -  MemoryUsage of job (MB)
	17414188  -  ResidentSetSize of job (KB)
...
006 (111515044.017.000) 04/25 23:21:49 Image size of job updated: 18737036
	17667  -  MemoryUsage of job (MB)
	18090164  -  ResidentSetSize of job (KB)
...
006 (111515044.017.000) 04/25 23:26:49 Image size of job updated: 19055328
	17935  -  MemoryUsage of job (MB)
	18364640  -  ResidentSetSize of job (KB)
...
006 (111515044.017.000) 04/25 23:31:50 Image size of job updated: 19413268
	18271  -  MemoryUsage of job (MB)
	18709244  -  ResidentSetSize of job (KB)
...
006 (111515044.017.000) 04/25 23:36:50 Image size of job updated: 19707004
	18552  -  MemoryUsage of job (MB)
	18996244  -  ResidentSetSize of job (KB)
...
006 (111515044.017.000) 04/25 23:41:51 Image size of job updated: 20002684
	18816  -  MemoryUsage of job (MB)
	19266724  -  ResidentSetSize of job (KB)
...
006 (111515044.017.000) 04/25 23:46:52 Image size of job updated: 20392140
	19176  -  MemoryUsage of job (MB)
	19635524  -  ResidentSetSize of job (KB)
...
006 (111515044.017.000) 04/25 23:51:52 Image size of job updated: 20983564
	19721  -  MemoryUsage of job (MB)
	20193368  -  ResidentSetSize of job (KB)
...
006 (111515044.017.000) 04/25 23:56:52 Image size of job updated: 21760312
	20313  -  MemoryUsage of job (MB)
	20799604  -  ResidentSetSize of job (KB)
...
006 (111515044.017.000) 04/26 00:01:53 Image size of job updated: 22439572
	20435  -  MemoryUsage of job (MB)
	20925352  -  ResidentSetSize of job (KB)
...
006 (111515044.017.000) 04/26 00:06:54 Image size of job updated: 23224572
	20436  -  MemoryUsage of job (MB)
	20925476  -  ResidentSetSize of job (KB)
...
006 (111515044.017.000) 04/26 00:07:19 Image size of job updated: 23258036
	20436  -  MemoryUsage of job (MB)
	20925476  -  ResidentSetSize of job (KB)
...
005 (111515044.017.000) 04/26 00:07:21 Job terminated.
	(1) Normal termination (return value 0)
		Usr 0 02:20:52, Sys 0 00:04:23  -  Run Remote Usage
		Usr 0 00:00:00, Sys 0 00:00:00  -  Run Local Usage
		Usr 0 02:20:52, Sys 0 00:04:23  -  Total Remote Usage
		Usr 0 00:00:00, Sys 0 00:00:00  -  Total Local Usage
	24983624  -  Run Bytes Sent By Job
	1780295552  -  Run Bytes Received By Job
	24983624  -  Total Bytes Sent By Job
	1780295552  -  Total Bytes Received By Job
	Partitionable Resources :      Usage  Request Allocated 
	   Cpus                 :       0.20        1         1 
	   Disk (KB)            : 6854128    20971520  21144298 
	   Ioheavy              :                             0 
	   Memory (MB)          :   20436       20480     20480 
...
