000 (112025886.125.000) 04/30 21:55:26 Job submitted from host: <128.104.100.44:9618?addrs=128.104.100.44-9618+[2607-f388-107c-501-90e2-baff-fe2c-2724]-9618&noUDP&sock=4699_0235_3>
...
001 (112025886.125.000) 05/01 08:29:12 Job executing on host: <128.105.245.248:9618?addrs=128.105.245.248-9618&noUDP&sock=5505_8cf3_29>
...
006 (112025886.125.000) 05/01 08:29:21 Image size of job updated: 624
	1  -  MemoryUsage of job (MB)
	624  -  ResidentSetSize of job (KB)
...
006 (112025886.125.000) 05/01 08:34:22 Image size of job updated: 660
	1  -  MemoryUsage of job (MB)
	660  -  ResidentSetSize of job (KB)
...
006 (112025886.125.000) 05/01 08:39:23 Image size of job updated: 430444
	345  -  MemoryUsage of job (MB)
	352448  -  ResidentSetSize of job (KB)
...
006 (112025886.125.000) 05/01 08:44:24 Image size of job updated: 842148
	747  -  MemoryUsage of job (MB)
	764096  -  ResidentSetSize of job (KB)
...
006 (112025886.125.000) 05/01 08:49:24 Image size of job updated: 1301976
	1196  -  MemoryUsage of job (MB)
	1223924  -  ResidentSetSize of job (KB)
...
006 (112025886.125.000) 05/01 08:54:24 Image size of job updated: 1898428
	1778  -  MemoryUsage of job (MB)
	1820376  -  ResidentSetSize of job (KB)
...
006 (112025886.125.000) 05/01 08:59:26 Image size of job updated: 2631360
	2494  -  MemoryUsage of job (MB)
	2553308  -  ResidentSetSize of job (KB)
...
006 (112025886.125.000) 05/01 09:04:26 Image size of job updated: 3452484
	3296  -  MemoryUsage of job (MB)
	3374432  -  ResidentSetSize of job (KB)
...
006 (112025886.125.000) 05/01 09:09:26 Image size of job updated: 4334304
	4157  -  MemoryUsage of job (MB)
	4256252  -  ResidentSetSize of job (KB)
...
006 (112025886.125.000) 05/01 09:14:26 Image size of job updated: 5148996
	4953  -  MemoryUsage of job (MB)
	5070944  -  ResidentSetSize of job (KB)
...
006 (112025886.125.000) 05/01 09:19:27 Image size of job updated: 6019508
	5803  -  MemoryUsage of job (MB)
	5941456  -  ResidentSetSize of job (KB)
...
006 (112025886.125.000) 05/01 09:24:28 Image size of job updated: 6821720
	6586  -  MemoryUsage of job (MB)
	6743668  -  ResidentSetSize of job (KB)
...
006 (112025886.125.000) 05/01 09:29:28 Image size of job updated: 7572788
	7320  -  MemoryUsage of job (MB)
	7494736  -  ResidentSetSize of job (KB)
...
006 (112025886.125.000) 05/01 09:34:30 Image size of job updated: 8436372
	8163  -  MemoryUsage of job (MB)
	8358320  -  ResidentSetSize of job (KB)
...
006 (112025886.125.000) 05/01 09:39:30 Image size of job updated: 9156728
	8866  -  MemoryUsage of job (MB)
	9078676  -  ResidentSetSize of job (KB)
...
006 (112025886.125.000) 05/01 09:44:30 Image size of job updated: 9800116
	9495  -  MemoryUsage of job (MB)
	9722064  -  ResidentSetSize of job (KB)
...
006 (112025886.125.000) 05/01 09:49:31 Image size of job updated: 10476984
	10156  -  MemoryUsage of job (MB)
	10398932  -  ResidentSetSize of job (KB)
...
006 (112025886.125.000) 05/01 09:54:31 Image size of job updated: 11085892
	10750  -  MemoryUsage of job (MB)
	11007840  -  ResidentSetSize of job (KB)
...
006 (112025886.125.000) 05/01 09:59:31 Image size of job updated: 11751308
	11400  -  MemoryUsage of job (MB)
	11673256  -  ResidentSetSize of job (KB)
...
006 (112025886.125.000) 05/01 10:04:32 Image size of job updated: 12471952
	12104  -  MemoryUsage of job (MB)
	12393900  -  ResidentSetSize of job (KB)
...
006 (112025886.125.000) 05/01 10:09:33 Image size of job updated: 13133932
	12750  -  MemoryUsage of job (MB)
	13055880  -  ResidentSetSize of job (KB)
...
006 (112025886.125.000) 05/01 10:14:34 Image size of job updated: 13780876
	13382  -  MemoryUsage of job (MB)
	13702824  -  ResidentSetSize of job (KB)
...
006 (112025886.125.000) 05/01 10:19:34 Image size of job updated: 14467240
	14052  -  MemoryUsage of job (MB)
	14389188  -  ResidentSetSize of job (KB)
...
006 (112025886.125.000) 05/01 10:24:34 Image size of job updated: 15153164
	14722  -  MemoryUsage of job (MB)
	15075112  -  ResidentSetSize of job (KB)
...
006 (112025886.125.000) 05/01 10:29:35 Image size of job updated: 15946072
	15496  -  MemoryUsage of job (MB)
	15867380  -  ResidentSetSize of job (KB)
...
006 (112025886.125.000) 05/01 10:34:36 Image size of job updated: 16660040
	16192  -  MemoryUsage of job (MB)
	16580268  -  ResidentSetSize of job (KB)
...
006 (112025886.125.000) 05/01 10:39:37 Image size of job updated: 17319864
	16834  -  MemoryUsage of job (MB)
	17237476  -  ResidentSetSize of job (KB)
...
006 (112025886.125.000) 05/01 10:44:37 Image size of job updated: 17889920
	17387  -  MemoryUsage of job (MB)
	17803284  -  ResidentSetSize of job (KB)
...
006 (112025886.125.000) 05/01 10:49:37 Image size of job updated: 18493936
	17970  -  MemoryUsage of job (MB)
	18400916  -  ResidentSetSize of job (KB)
...
006 (112025886.125.000) 05/01 10:54:38 Image size of job updated: 19359144
	18812  -  MemoryUsage of job (MB)
	19263204  -  ResidentSetSize of job (KB)
...
006 (112025886.125.000) 05/01 10:59:38 Image size of job updated: 20071692
	19493  -  MemoryUsage of job (MB)
	19960564  -  ResidentSetSize of job (KB)
...
006 (112025886.125.000) 05/01 11:04:38 Image size of job updated: 20754200
	20129  -  MemoryUsage of job (MB)
	20611356  -  ResidentSetSize of job (KB)
...
006 (112025886.125.000) 05/01 11:09:39 Image size of job updated: 21413036
	20443  -  MemoryUsage of job (MB)
	20933492  -  ResidentSetSize of job (KB)
...
006 (112025886.125.000) 05/01 11:14:40 Image size of job updated: 22106528
	20443  -  MemoryUsage of job (MB)
	20933552  -  ResidentSetSize of job (KB)
...
006 (112025886.125.000) 05/01 11:19:40 Image size of job updated: 22855140
	20443  -  MemoryUsage of job (MB)
	20933552  -  ResidentSetSize of job (KB)
...
006 (112025886.125.000) 05/01 11:21:07 Image size of job updated: 23014404
	20443  -  MemoryUsage of job (MB)
	20933552  -  ResidentSetSize of job (KB)
...
005 (112025886.125.000) 05/01 11:21:34 Job terminated.
	(1) Normal termination (return value 0)
		Usr 0 02:34:32, Sys 0 00:02:26  -  Run Remote Usage
		Usr 0 00:00:00, Sys 0 00:00:00  -  Run Local Usage
		Usr 0 02:34:32, Sys 0 00:02:26  -  Total Remote Usage
		Usr 0 00:00:00, Sys 0 00:00:00  -  Total Local Usage
	24454238  -  Run Bytes Sent By Job
	1780295680  -  Run Bytes Received By Job
	24454238  -  Total Bytes Sent By Job
	1780295680  -  Total Bytes Received By Job
	Partitionable Resources :      Usage  Request Allocated 
	   Cpus                 :       0.99        1         1 
	   Disk (KB)            : 6853612    20971520  21136877 
	   Ioheavy              :                             0 
	   Memory (MB)          :   20443       20480     20480 
...
