000 (111472063.173.000) 04/24 11:52:22 Job submitted from host: <128.104.100.44:9618?addrs=128.104.100.44-9618+[2607-f388-107c-501-90e2-baff-fe2c-2724]-9618&noUDP&sock=4699_0235_3>
...
001 (111472063.173.000) 04/24 22:51:24 Job executing on host: <128.105.245.152:9618?addrs=128.105.245.152-9618&noUDP&sock=5500_1efa_3>
...
006 (111472063.173.000) 04/24 22:51:33 Image size of job updated: 620
	1  -  MemoryUsage of job (MB)
	620  -  ResidentSetSize of job (KB)
...
006 (111472063.173.000) 04/24 22:56:34 Image size of job updated: 660
	1  -  MemoryUsage of job (MB)
	660  -  ResidentSetSize of job (KB)
...
006 (111472063.173.000) 04/24 23:01:35 Image size of job updated: 552256
	464  -  MemoryUsage of job (MB)
	474260  -  ResidentSetSize of job (KB)
...
006 (111472063.173.000) 04/24 23:06:36 Image size of job updated: 1033816
	934  -  MemoryUsage of job (MB)
	955764  -  ResidentSetSize of job (KB)
...
006 (111472063.173.000) 04/24 23:11:37 Image size of job updated: 1442320
	1333  -  MemoryUsage of job (MB)
	1364268  -  ResidentSetSize of job (KB)
...
006 (111472063.173.000) 04/24 23:16:39 Image size of job updated: 1953912
	1832  -  MemoryUsage of job (MB)
	1875860  -  ResidentSetSize of job (KB)
...
006 (111472063.173.000) 04/24 23:21:39 Image size of job updated: 2691216
	2552  -  MemoryUsage of job (MB)
	2613164  -  ResidentSetSize of job (KB)
...
006 (111472063.173.000) 04/24 23:26:38 Image size of job updated: 3501448
	3344  -  MemoryUsage of job (MB)
	3423396  -  ResidentSetSize of job (KB)
...
006 (111472063.173.000) 04/24 23:31:39 Image size of job updated: 4191616
	4018  -  MemoryUsage of job (MB)
	4113564  -  ResidentSetSize of job (KB)
...
006 (111472063.173.000) 04/24 23:36:39 Image size of job updated: 5089612
	4895  -  MemoryUsage of job (MB)
	5011560  -  ResidentSetSize of job (KB)
...
006 (111472063.173.000) 04/24 23:41:40 Image size of job updated: 5853968
	5641  -  MemoryUsage of job (MB)
	5775916  -  ResidentSetSize of job (KB)
...
006 (111472063.173.000) 04/24 23:46:41 Image size of job updated: 6505824
	6278  -  MemoryUsage of job (MB)
	6427772  -  ResidentSetSize of job (KB)
...
006 (111472063.173.000) 04/24 23:51:43 Image size of job updated: 7297936
	7051  -  MemoryUsage of job (MB)
	7219884  -  ResidentSetSize of job (KB)
...
006 (111472063.173.000) 04/24 23:56:43 Image size of job updated: 7975792
	7713  -  MemoryUsage of job (MB)
	7897740  -  ResidentSetSize of job (KB)
...
006 (111472063.173.000) 04/25 00:01:43 Image size of job updated: 8734080
	8454  -  MemoryUsage of job (MB)
	8656028  -  ResidentSetSize of job (KB)
...
006 (111472063.173.000) 04/25 00:06:43 Image size of job updated: 9483648
	9186  -  MemoryUsage of job (MB)
	9405596  -  ResidentSetSize of job (KB)
...
006 (111472063.173.000) 04/25 00:11:43 Image size of job updated: 10139044
	9826  -  MemoryUsage of job (MB)
	10060992  -  ResidentSetSize of job (KB)
...
006 (111472063.173.000) 04/25 00:16:44 Image size of job updated: 10824112
	10495  -  MemoryUsage of job (MB)
	10746060  -  ResidentSetSize of job (KB)
...
006 (111472063.173.000) 04/25 00:21:45 Image size of job updated: 11463508
	11119  -  MemoryUsage of job (MB)
	11385456  -  ResidentSetSize of job (KB)
...
006 (111472063.173.000) 04/25 00:26:45 Image size of job updated: 12180260
	11819  -  MemoryUsage of job (MB)
	12102208  -  ResidentSetSize of job (KB)
...
006 (111472063.173.000) 04/25 00:31:46 Image size of job updated: 12664324
	12292  -  MemoryUsage of job (MB)
	12586272  -  ResidentSetSize of job (KB)
...
006 (111472063.173.000) 04/25 00:36:47 Image size of job updated: 13353104
	12964  -  MemoryUsage of job (MB)
	13275052  -  ResidentSetSize of job (KB)
...
006 (111472063.173.000) 04/25 00:41:48 Image size of job updated: 14018992
	13615  -  MemoryUsage of job (MB)
	13940940  -  ResidentSetSize of job (KB)
...
006 (111472063.173.000) 04/25 00:46:48 Image size of job updated: 14820556
	14397  -  MemoryUsage of job (MB)
	14742504  -  ResidentSetSize of job (KB)
...
006 (111472063.173.000) 04/25 00:51:48 Image size of job updated: 15517280
	15078  -  MemoryUsage of job (MB)
	15439228  -  ResidentSetSize of job (KB)
...
006 (111472063.173.000) 04/25 00:56:49 Image size of job updated: 16305252
	15843  -  MemoryUsage of job (MB)
	16222932  -  ResidentSetSize of job (KB)
...
006 (111472063.173.000) 04/25 01:01:50 Image size of job updated: 16944708
	16459  -  MemoryUsage of job (MB)
	16853280  -  ResidentSetSize of job (KB)
...
006 (111472063.173.000) 04/25 01:06:51 Image size of job updated: 17643416
	17124  -  MemoryUsage of job (MB)
	17534592  -  ResidentSetSize of job (KB)
...
006 (111472063.173.000) 04/25 01:11:51 Image size of job updated: 18279636
	17727  -  MemoryUsage of job (MB)
	18151772  -  ResidentSetSize of job (KB)
...
006 (111472063.173.000) 04/25 01:16:51 Image size of job updated: 18828720
	18238  -  MemoryUsage of job (MB)
	18674712  -  ResidentSetSize of job (KB)
...
006 (111472063.173.000) 04/25 01:21:52 Image size of job updated: 19259792
	18633  -  MemoryUsage of job (MB)
	19080188  -  ResidentSetSize of job (KB)
...
006 (111472063.173.000) 04/25 01:26:52 Image size of job updated: 19829632
	19148  -  MemoryUsage of job (MB)
	19607256  -  ResidentSetSize of job (KB)
...
006 (111472063.173.000) 04/25 01:31:53 Image size of job updated: 20357836
	19627  -  MemoryUsage of job (MB)
	20097684  -  ResidentSetSize of job (KB)
...
006 (111472063.173.000) 04/25 01:36:53 Image size of job updated: 21203920
	20253  -  MemoryUsage of job (MB)
	20738752  -  ResidentSetSize of job (KB)
...
006 (111472063.173.000) 04/25 01:41:53 Image size of job updated: 21826696
	20445  -  MemoryUsage of job (MB)
	20934804  -  ResidentSetSize of job (KB)
...
006 (111472063.173.000) 04/25 01:46:54 Image size of job updated: 22536252
	20459  -  MemoryUsage of job (MB)
	20949376  -  ResidentSetSize of job (KB)
...
006 (111472063.173.000) 04/25 01:51:55 Image size of job updated: 23115844
	20459  -  MemoryUsage of job (MB)
	20949376  -  ResidentSetSize of job (KB)
...
006 (111472063.173.000) 04/25 01:52:05 Image size of job updated: 23143916
	20459  -  MemoryUsage of job (MB)
	20949376  -  ResidentSetSize of job (KB)
...
005 (111472063.173.000) 04/25 01:52:06 Job terminated.
	(1) Normal termination (return value 0)
		Usr 0 02:36:21, Sys 0 00:02:34  -  Run Remote Usage
		Usr 0 00:00:00, Sys 0 00:00:00  -  Run Local Usage
		Usr 0 02:36:21, Sys 0 00:02:34  -  Total Remote Usage
		Usr 0 00:00:00, Sys 0 00:00:00  -  Total Local Usage
	24633462  -  Run Bytes Sent By Job
	1780295552  -  Run Bytes Received By Job
	24633462  -  Total Bytes Sent By Job
	1780295552  -  Total Bytes Received By Job
	Partitionable Resources :      Usage  Request Allocated 
	   Cpus                 :       1.02        1         1 
	   Disk (KB)            : 6853786    20971520  21249407 
	   Ioheavy              :                             0 
	   Memory (MB)          :   20459       20480     20480 
...
