000 (111515044.166.000) 04/25 20:20:11 Job submitted from host: <128.104.100.44:9618?addrs=128.104.100.44-9618+[2607-f388-107c-501-90e2-baff-fe2c-2724]-9618&noUDP&sock=4699_0235_3>
...
001 (111515044.166.000) 04/25 23:53:01 Job executing on host: <128.105.245.207:9618?addrs=128.105.245.207-9618&noUDP&sock=15577_1ad6_3>
...
006 (111515044.166.000) 04/25 23:53:10 Image size of job updated: 624
	1  -  MemoryUsage of job (MB)
	624  -  ResidentSetSize of job (KB)
...
006 (111515044.166.000) 04/25 23:58:12 Image size of job updated: 648
	1  -  MemoryUsage of job (MB)
	648  -  ResidentSetSize of job (KB)
...
006 (111515044.166.000) 04/26 00:03:13 Image size of job updated: 652
	1  -  MemoryUsage of job (MB)
	652  -  ResidentSetSize of job (KB)
...
006 (111515044.166.000) 04/26 00:08:12 Image size of job updated: 664
	1  -  MemoryUsage of job (MB)
	664  -  ResidentSetSize of job (KB)
...
006 (111515044.166.000) 04/26 00:23:15 Image size of job updated: 299880
	217  -  MemoryUsage of job (MB)
	221884  -  ResidentSetSize of job (KB)
...
006 (111515044.166.000) 04/26 00:28:16 Image size of job updated: 433292
	347  -  MemoryUsage of job (MB)
	355296  -  ResidentSetSize of job (KB)
...
006 (111515044.166.000) 04/26 00:33:16 Image size of job updated: 576656
	487  -  MemoryUsage of job (MB)
	498660  -  ResidentSetSize of job (KB)
...
006 (111515044.166.000) 04/26 00:38:17 Image size of job updated: 765072
	671  -  MemoryUsage of job (MB)
	687076  -  ResidentSetSize of job (KB)
...
006 (111515044.166.000) 04/26 00:43:17 Image size of job updated: 1000648
	901  -  MemoryUsage of job (MB)
	922596  -  ResidentSetSize of job (KB)
...
006 (111515044.166.000) 04/26 00:48:17 Image size of job updated: 1220564
	1116  -  MemoryUsage of job (MB)
	1142512  -  ResidentSetSize of job (KB)
...
006 (111515044.166.000) 04/26 00:53:17 Image size of job updated: 1656480
	1542  -  MemoryUsage of job (MB)
	1578428  -  ResidentSetSize of job (KB)
...
006 (111515044.166.000) 04/26 00:58:18 Image size of job updated: 2240884
	2113  -  MemoryUsage of job (MB)
	2162832  -  ResidentSetSize of job (KB)
...
006 (111515044.166.000) 04/26 01:03:19 Image size of job updated: 2677316
	2539  -  MemoryUsage of job (MB)
	2599264  -  ResidentSetSize of job (KB)
...
006 (111515044.166.000) 04/26 01:08:19 Image size of job updated: 3295252
	3142  -  MemoryUsage of job (MB)
	3217200  -  ResidentSetSize of job (KB)
...
006 (111515044.166.000) 04/26 01:13:19 Image size of job updated: 3990148
	3821  -  MemoryUsage of job (MB)
	3912096  -  ResidentSetSize of job (KB)
...
006 (111515044.166.000) 04/26 01:18:20 Image size of job updated: 4629956
	4446  -  MemoryUsage of job (MB)
	4551904  -  ResidentSetSize of job (KB)
...
006 (111515044.166.000) 04/26 01:23:20 Image size of job updated: 5276924
	5078  -  MemoryUsage of job (MB)
	5198872  -  ResidentSetSize of job (KB)
...
006 (111515044.166.000) 04/26 01:28:20 Image size of job updated: 6120136
	5901  -  MemoryUsage of job (MB)
	6042084  -  ResidentSetSize of job (KB)
...
006 (111515044.166.000) 04/26 01:33:21 Image size of job updated: 6924268
	6686  -  MemoryUsage of job (MB)
	6846216  -  ResidentSetSize of job (KB)
...
006 (111515044.166.000) 04/26 01:38:21 Image size of job updated: 7615552
	7361  -  MemoryUsage of job (MB)
	7537500  -  ResidentSetSize of job (KB)
...
006 (111515044.166.000) 04/26 01:43:23 Image size of job updated: 8500584
	8226  -  MemoryUsage of job (MB)
	8422532  -  ResidentSetSize of job (KB)
...
006 (111515044.166.000) 04/26 01:48:23 Image size of job updated: 9267924
	8975  -  MemoryUsage of job (MB)
	9189872  -  ResidentSetSize of job (KB)
...
006 (111515044.166.000) 04/26 01:53:25 Image size of job updated: 9906744
	9599  -  MemoryUsage of job (MB)
	9828692  -  ResidentSetSize of job (KB)
...
006 (111515044.166.000) 04/26 01:58:25 Image size of job updated: 10623220
	10299  -  MemoryUsage of job (MB)
	10545168  -  ResidentSetSize of job (KB)
...
006 (111515044.166.000) 04/26 02:03:25 Image size of job updated: 11250008
	10911  -  MemoryUsage of job (MB)
	11171956  -  ResidentSetSize of job (KB)
...
006 (111515044.166.000) 04/26 02:08:26 Image size of job updated: 11987384
	11631  -  MemoryUsage of job (MB)
	11909332  -  ResidentSetSize of job (KB)
...
006 (111515044.166.000) 04/26 02:13:26 Image size of job updated: 12654800
	12282  -  MemoryUsage of job (MB)
	12576748  -  ResidentSetSize of job (KB)
...
006 (111515044.166.000) 04/26 02:18:28 Image size of job updated: 13266984
	12880  -  MemoryUsage of job (MB)
	13188932  -  ResidentSetSize of job (KB)
...
006 (111515044.166.000) 04/26 02:23:28 Image size of job updated: 13741972
	13344  -  MemoryUsage of job (MB)
	13663920  -  ResidentSetSize of job (KB)
...
006 (111515044.166.000) 04/26 02:28:28 Image size of job updated: 14429412
	14015  -  MemoryUsage of job (MB)
	14351360  -  ResidentSetSize of job (KB)
...
006 (111515044.166.000) 04/26 02:33:29 Image size of job updated: 15059156
	14630  -  MemoryUsage of job (MB)
	14981104  -  ResidentSetSize of job (KB)
...
006 (111515044.166.000) 04/26 02:38:30 Image size of job updated: 15606388
	15164  -  MemoryUsage of job (MB)
	15527164  -  ResidentSetSize of job (KB)
...
006 (111515044.166.000) 04/26 02:43:30 Image size of job updated: 16251812
	15792  -  MemoryUsage of job (MB)
	16170744  -  ResidentSetSize of job (KB)
...
006 (111515044.166.000) 04/26 02:48:30 Image size of job updated: 16869428
	16394  -  MemoryUsage of job (MB)
	16786688  -  ResidentSetSize of job (KB)
...
006 (111515044.166.000) 04/26 02:53:31 Image size of job updated: 17479380
	16987  -  MemoryUsage of job (MB)
	17394256  -  ResidentSetSize of job (KB)
...
006 (111515044.166.000) 04/26 02:58:32 Image size of job updated: 17992960
	17483  -  MemoryUsage of job (MB)
	17902152  -  ResidentSetSize of job (KB)
...
006 (111515044.166.000) 04/26 03:03:33 Image size of job updated: 18448580
	17922  -  MemoryUsage of job (MB)
	18351492  -  ResidentSetSize of job (KB)
...
006 (111515044.166.000) 04/26 03:08:33 Image size of job updated: 18971444
	18425  -  MemoryUsage of job (MB)
	18867188  -  ResidentSetSize of job (KB)
...
006 (111515044.166.000) 04/26 03:13:34 Image size of job updated: 19394936
	18824  -  MemoryUsage of job (MB)
	19275272  -  ResidentSetSize of job (KB)
...
006 (111515044.166.000) 04/26 03:18:34 Image size of job updated: 19773204
	19178  -  MemoryUsage of job (MB)
	19638212  -  ResidentSetSize of job (KB)
...
006 (111515044.166.000) 04/26 03:23:34 Image size of job updated: 20355392
	19719  -  MemoryUsage of job (MB)
	20191800  -  ResidentSetSize of job (KB)
...
006 (111515044.166.000) 04/26 03:28:34 Image size of job updated: 21040616
	20301  -  MemoryUsage of job (MB)
	20787916  -  ResidentSetSize of job (KB)
...
006 (111515044.166.000) 04/26 03:33:36 Image size of job updated: 21461484
	20427  -  MemoryUsage of job (MB)
	20916668  -  ResidentSetSize of job (KB)
...
006 (111515044.166.000) 04/26 03:38:36 Image size of job updated: 21780736
	20431  -  MemoryUsage of job (MB)
	20921084  -  ResidentSetSize of job (KB)
...
006 (111515044.166.000) 04/26 03:43:36 Image size of job updated: 22050816
	20447  -  MemoryUsage of job (MB)
	20936920  -  ResidentSetSize of job (KB)
...
006 (111515044.166.000) 04/26 03:48:37 Image size of job updated: 22270348
	20463  -  MemoryUsage of job (MB)
	20953236  -  ResidentSetSize of job (KB)
...
006 (111515044.166.000) 04/26 03:53:37 Image size of job updated: 22438512
	20463  -  MemoryUsage of job (MB)
	20953236  -  ResidentSetSize of job (KB)
...
006 (111515044.166.000) 04/26 03:58:38 Image size of job updated: 22698160
	20463  -  MemoryUsage of job (MB)
	20953236  -  ResidentSetSize of job (KB)
...
006 (111515044.166.000) 04/26 04:03:38 Image size of job updated: 22809756
	20463  -  MemoryUsage of job (MB)
	20953236  -  ResidentSetSize of job (KB)
...
006 (111515044.166.000) 04/26 04:08:46 Image size of job updated: 22875676
	20463  -  MemoryUsage of job (MB)
	20953236  -  ResidentSetSize of job (KB)
...
006 (111515044.166.000) 04/26 04:13:39 Image size of job updated: 23070208
	20463  -  MemoryUsage of job (MB)
	20953236  -  ResidentSetSize of job (KB)
...
006 (111515044.166.000) 04/26 04:18:44 Image size of job updated: 23124620
	20463  -  MemoryUsage of job (MB)
	20953236  -  ResidentSetSize of job (KB)
...
006 (111515044.166.000) 04/26 04:23:40 Image size of job updated: 23290768
	20463  -  MemoryUsage of job (MB)
	20953236  -  ResidentSetSize of job (KB)
...
006 (111515044.166.000) 04/26 04:24:08 Image size of job updated: 23948160
	20463  -  MemoryUsage of job (MB)
	20953236  -  ResidentSetSize of job (KB)
...
005 (111515044.166.000) 04/26 04:24:12 Job terminated.
	(1) Normal termination (return value 0)
		Usr 0 02:14:13, Sys 0 00:03:32  -  Run Remote Usage
		Usr 0 00:00:00, Sys 0 00:00:00  -  Run Local Usage
		Usr 0 02:14:13, Sys 0 00:03:32  -  Total Remote Usage
		Usr 0 00:00:00, Sys 0 00:00:00  -  Total Local Usage
	24696578  -  Run Bytes Sent By Job
	1780295552  -  Run Bytes Received By Job
	24696578  -  Total Bytes Sent By Job
	1780295552  -  Total Bytes Received By Job
	Partitionable Resources :      Usage  Request Allocated 
	   Cpus                 :       0.13        1         1 
	   Disk (KB)            : 6853848    20971520  22344534 
	   Ioheavy              :                             0 
	   Memory (MB)          :   20463       20480     20480 
...
