000 (111367109.078.000) 04/22 22:38:18 Job submitted from host: <128.104.100.44:9618?addrs=128.104.100.44-9618+[2607-f388-107c-501-90e2-baff-fe2c-2724]-9618&noUDP&sock=1497440_afb9_3>
...
001 (111367109.078.000) 04/23 04:39:03 Job executing on host: <128.105.245.216:9618?addrs=128.105.245.216-9618&noUDP&sock=5463_9584_3>
...
006 (111367109.078.000) 04/23 04:39:11 Image size of job updated: 640
	1  -  MemoryUsage of job (MB)
	640  -  ResidentSetSize of job (KB)
...
006 (111367109.078.000) 04/23 04:44:12 Image size of job updated: 680
	1  -  MemoryUsage of job (MB)
	680  -  ResidentSetSize of job (KB)
...
006 (111367109.078.000) 04/23 04:49:13 Image size of job updated: 444808
	359  -  MemoryUsage of job (MB)
	366812  -  ResidentSetSize of job (KB)
...
006 (111367109.078.000) 04/23 04:54:14 Image size of job updated: 841088
	746  -  MemoryUsage of job (MB)
	763036  -  ResidentSetSize of job (KB)
...
006 (111367109.078.000) 04/23 04:59:14 Image size of job updated: 1208232
	1104  -  MemoryUsage of job (MB)
	1130180  -  ResidentSetSize of job (KB)
...
006 (111367109.078.000) 04/23 05:04:14 Image size of job updated: 1662308
	1548  -  MemoryUsage of job (MB)
	1584256  -  ResidentSetSize of job (KB)
...
006 (111367109.078.000) 04/23 05:09:15 Image size of job updated: 2102524
	1978  -  MemoryUsage of job (MB)
	2024472  -  ResidentSetSize of job (KB)
...
006 (111367109.078.000) 04/23 05:14:15 Image size of job updated: 2750268
	2610  -  MemoryUsage of job (MB)
	2672216  -  ResidentSetSize of job (KB)
...
006 (111367109.078.000) 04/23 05:19:15 Image size of job updated: 3360964
	3206  -  MemoryUsage of job (MB)
	3282912  -  ResidentSetSize of job (KB)
...
006 (111367109.078.000) 04/23 05:24:16 Image size of job updated: 4323020
	4146  -  MemoryUsage of job (MB)
	4244968  -  ResidentSetSize of job (KB)
...
006 (111367109.078.000) 04/23 05:29:16 Image size of job updated: 5001084
	4808  -  MemoryUsage of job (MB)
	4923032  -  ResidentSetSize of job (KB)
...
006 (111367109.078.000) 04/23 05:34:18 Image size of job updated: 5734616
	5524  -  MemoryUsage of job (MB)
	5656564  -  ResidentSetSize of job (KB)
...
006 (111367109.078.000) 04/23 05:39:18 Image size of job updated: 6395252
	6170  -  MemoryUsage of job (MB)
	6317200  -  ResidentSetSize of job (KB)
...
006 (111367109.078.000) 04/23 05:44:19 Image size of job updated: 7232060
	6987  -  MemoryUsage of job (MB)
	7154008  -  ResidentSetSize of job (KB)
...
006 (111367109.078.000) 04/23 05:49:19 Image size of job updated: 7811268
	7552  -  MemoryUsage of job (MB)
	7733216  -  ResidentSetSize of job (KB)
...
006 (111367109.078.000) 04/23 05:54:19 Image size of job updated: 8314128
	8044  -  MemoryUsage of job (MB)
	8236076  -  ResidentSetSize of job (KB)
...
006 (111367109.078.000) 04/23 05:59:20 Image size of job updated: 8833080
	8550  -  MemoryUsage of job (MB)
	8755028  -  ResidentSetSize of job (KB)
...
006 (111367109.078.000) 04/23 06:04:20 Image size of job updated: 9323432
	9029  -  MemoryUsage of job (MB)
	9245380  -  ResidentSetSize of job (KB)
...
006 (111367109.078.000) 04/23 06:09:22 Image size of job updated: 9866316
	9559  -  MemoryUsage of job (MB)
	9788264  -  ResidentSetSize of job (KB)
...
006 (111367109.078.000) 04/23 06:14:22 Image size of job updated: 10426200
	10106  -  MemoryUsage of job (MB)
	10348148  -  ResidentSetSize of job (KB)
...
006 (111367109.078.000) 04/23 06:19:22 Image size of job updated: 10934508
	10603  -  MemoryUsage of job (MB)
	10856456  -  ResidentSetSize of job (KB)
...
006 (111367109.078.000) 04/23 06:24:23 Image size of job updated: 11520216
	11174  -  MemoryUsage of job (MB)
	11442164  -  ResidentSetSize of job (KB)
...
006 (111367109.078.000) 04/23 06:29:23 Image size of job updated: 12034172
	11676  -  MemoryUsage of job (MB)
	11956120  -  ResidentSetSize of job (KB)
...
006 (111367109.078.000) 04/23 06:34:24 Image size of job updated: 12460528
	12093  -  MemoryUsage of job (MB)
	12382476  -  ResidentSetSize of job (KB)
...
006 (111367109.078.000) 04/23 06:39:25 Image size of job updated: 12880356
	12503  -  MemoryUsage of job (MB)
	12802304  -  ResidentSetSize of job (KB)
...
006 (111367109.078.000) 04/23 06:44:25 Image size of job updated: 13603088
	13209  -  MemoryUsage of job (MB)
	13525036  -  ResidentSetSize of job (KB)
...
006 (111367109.078.000) 04/23 06:49:27 Image size of job updated: 14406764
	13993  -  MemoryUsage of job (MB)
	14328712  -  ResidentSetSize of job (KB)
...
006 (111367109.078.000) 04/23 06:54:27 Image size of job updated: 15098036
	14668  -  MemoryUsage of job (MB)
	15019984  -  ResidentSetSize of job (KB)
...
006 (111367109.078.000) 04/23 06:59:28 Image size of job updated: 15827148
	15380  -  MemoryUsage of job (MB)
	15748124  -  ResidentSetSize of job (KB)
...
006 (111367109.078.000) 04/23 07:04:28 Image size of job updated: 16458452
	15994  -  MemoryUsage of job (MB)
	16377732  -  ResidentSetSize of job (KB)
...
006 (111367109.078.000) 04/23 07:09:29 Image size of job updated: 16950600
	16473  -  MemoryUsage of job (MB)
	16867876  -  ResidentSetSize of job (KB)
...
006 (111367109.078.000) 04/23 07:14:29 Image size of job updated: 17463408
	16972  -  MemoryUsage of job (MB)
	17378648  -  ResidentSetSize of job (KB)
...
006 (111367109.078.000) 04/23 07:19:30 Image size of job updated: 18008840
	17501  -  MemoryUsage of job (MB)
	17920108  -  ResidentSetSize of job (KB)
...
006 (111367109.078.000) 04/23 07:24:30 Image size of job updated: 18991332
	18453  -  MemoryUsage of job (MB)
	18895176  -  ResidentSetSize of job (KB)
...
006 (111367109.078.000) 04/23 07:29:31 Image size of job updated: 19993228
	19417  -  MemoryUsage of job (MB)
	19882452  -  ResidentSetSize of job (KB)
...
006 (111367109.078.000) 04/23 07:34:31 Image size of job updated: 20741640
	20047  -  MemoryUsage of job (MB)
	20527412  -  ResidentSetSize of job (KB)
...
006 (111367109.078.000) 04/23 07:39:32 Image size of job updated: 21567416
	20454  -  MemoryUsage of job (MB)
	20944512  -  ResidentSetSize of job (KB)
...
006 (111367109.078.000) 04/23 07:44:32 Image size of job updated: 22029824
	20454  -  MemoryUsage of job (MB)
	20944632  -  ResidentSetSize of job (KB)
...
006 (111367109.078.000) 04/23 07:49:32 Image size of job updated: 22468924
	20454  -  MemoryUsage of job (MB)
	20944632  -  ResidentSetSize of job (KB)
...
005 (111367109.078.000) 04/23 07:54:05 Job terminated.
	(1) Normal termination (return value 0)
		Usr 0 02:18:32, Sys 0 00:02:28  -  Run Remote Usage
		Usr 0 00:00:00, Sys 0 00:00:00  -  Run Local Usage
		Usr 0 02:18:32, Sys 0 00:02:28  -  Total Remote Usage
		Usr 0 00:00:00, Sys 0 00:00:00  -  Total Local Usage
	25646304  -  Run Bytes Sent By Job
	1780295296  -  Run Bytes Received By Job
	25646304  -  Total Bytes Sent By Job
	1780295296  -  Total Bytes Received By Job
	Partitionable Resources :      Usage  Request Allocated 
	   Cpus                 :       0.50        1         1 
	   Disk (KB)            : 6854775    20971520  22262033 
	   Ioheavy              :                             0 
	   Memory (MB)          :   20454       20480     20480 
...
