000 (112025886.123.000) 04/30 21:55:26 Job submitted from host: <128.104.100.44:9618?addrs=128.104.100.44-9618+[2607-f388-107c-501-90e2-baff-fe2c-2724]-9618&noUDP&sock=4699_0235_3>
...
001 (112025886.123.000) 05/01 08:24:23 Job executing on host: <128.105.245.185:9618?addrs=128.105.245.185-9618&noUDP&sock=5452_326e_36>
...
006 (112025886.123.000) 05/01 08:24:32 Image size of job updated: 624
	1  -  MemoryUsage of job (MB)
	624  -  ResidentSetSize of job (KB)
...
006 (112025886.123.000) 05/01 08:29:34 Image size of job updated: 660
	1  -  MemoryUsage of job (MB)
	660  -  ResidentSetSize of job (KB)
...
006 (112025886.123.000) 05/01 08:34:34 Image size of job updated: 511460
	424  -  MemoryUsage of job (MB)
	433460  -  ResidentSetSize of job (KB)
...
006 (112025886.123.000) 05/01 08:39:34 Image size of job updated: 830864
	736  -  MemoryUsage of job (MB)
	752808  -  ResidentSetSize of job (KB)
...
006 (112025886.123.000) 05/01 08:44:34 Image size of job updated: 1231784
	1127  -  MemoryUsage of job (MB)
	1153728  -  ResidentSetSize of job (KB)
...
006 (112025886.123.000) 05/01 08:49:35 Image size of job updated: 1737292
	1621  -  MemoryUsage of job (MB)
	1659236  -  ResidentSetSize of job (KB)
...
006 (112025886.123.000) 05/01 08:54:36 Image size of job updated: 2284964
	2156  -  MemoryUsage of job (MB)
	2206908  -  ResidentSetSize of job (KB)
...
006 (112025886.123.000) 05/01 08:59:37 Image size of job updated: 3200588
	3050  -  MemoryUsage of job (MB)
	3122532  -  ResidentSetSize of job (KB)
...
006 (112025886.123.000) 05/01 09:04:38 Image size of job updated: 3883540
	3717  -  MemoryUsage of job (MB)
	3805484  -  ResidentSetSize of job (KB)
...
006 (112025886.123.000) 05/01 09:09:38 Image size of job updated: 4824020
	4635  -  MemoryUsage of job (MB)
	4745964  -  ResidentSetSize of job (KB)
...
006 (112025886.123.000) 05/01 09:13:01 Image size of job updated: 5453388
	4636  -  MemoryUsage of job (MB)
	4747096  -  ResidentSetSize of job (KB)
...
005 (112025886.123.000) 05/01 09:13:02 Job terminated.
	(1) Normal termination (return value 0)
		Usr 0 00:34:14, Sys 0 00:00:40  -  Run Remote Usage
		Usr 0 00:00:00, Sys 0 00:00:00  -  Run Local Usage
		Usr 0 00:34:14, Sys 0 00:00:40  -  Total Remote Usage
		Usr 0 00:00:00, Sys 0 00:00:00  -  Total Local Usage
	8896263  -  Run Bytes Sent By Job
	1780295680  -  Run Bytes Received By Job
	8896263  -  Total Bytes Sent By Job
	1780295680  -  Total Bytes Received By Job
	Partitionable Resources :      Usage  Request Allocated 
	   Cpus                 :       0.96        1         1 
	   Disk (KB)            : 6854697    20971520  21123157 
	   Ioheavy              :                             0 
	   Memory (MB)          :    4636       20480     20480 
...
