000 (112171411.050.000) 05/03 11:53:31 Job submitted from host: <128.104.100.44:9618?addrs=128.104.100.44-9618+[2607-f388-107c-501-90e2-baff-fe2c-2724]-9618&noUDP&sock=4699_0235_3>
...
001 (112171411.050.000) 05/03 13:34:23 Job executing on host: <128.105.245.132:9618?addrs=128.105.245.132-9618&noUDP&sock=5469_db8a_29>
...
006 (112171411.050.000) 05/03 13:34:32 Image size of job updated: 624
	1  -  MemoryUsage of job (MB)
	624  -  ResidentSetSize of job (KB)
...
006 (112171411.050.000) 05/03 13:39:35 Image size of job updated: 648
	1  -  MemoryUsage of job (MB)
	648  -  ResidentSetSize of job (KB)
...
006 (112171411.050.000) 05/03 13:44:33 Image size of job updated: 656
	1  -  MemoryUsage of job (MB)
	656  -  ResidentSetSize of job (KB)
...
006 (112171411.050.000) 05/03 13:49:33 Image size of job updated: 441916
	356  -  MemoryUsage of job (MB)
	363920  -  ResidentSetSize of job (KB)
...
006 (112171411.050.000) 05/03 13:54:33 Image size of job updated: 796680
	702  -  MemoryUsage of job (MB)
	718628  -  ResidentSetSize of job (KB)
...
006 (112171411.050.000) 05/03 13:59:34 Image size of job updated: 1283004
	1177  -  MemoryUsage of job (MB)
	1204952  -  ResidentSetSize of job (KB)
...
006 (112171411.050.000) 05/03 14:04:34 Image size of job updated: 1585080
	1472  -  MemoryUsage of job (MB)
	1507028  -  ResidentSetSize of job (KB)
...
006 (112171411.050.000) 05/03 14:09:35 Image size of job updated: 2180024
	2053  -  MemoryUsage of job (MB)
	2101972  -  ResidentSetSize of job (KB)
...
006 (112171411.050.000) 05/03 14:14:35 Image size of job updated: 2847992
	2706  -  MemoryUsage of job (MB)
	2769940  -  ResidentSetSize of job (KB)
...
006 (112171411.050.000) 05/03 14:19:36 Image size of job updated: 3710016
	3547  -  MemoryUsage of job (MB)
	3631964  -  ResidentSetSize of job (KB)
...
006 (112171411.050.000) 05/03 14:24:36 Image size of job updated: 4584360
	4401  -  MemoryUsage of job (MB)
	4506308  -  ResidentSetSize of job (KB)
...
006 (112171411.050.000) 05/03 14:29:36 Image size of job updated: 5312308
	5112  -  MemoryUsage of job (MB)
	5234256  -  ResidentSetSize of job (KB)
...
006 (112171411.050.000) 05/03 14:34:37 Image size of job updated: 6189984
	5969  -  MemoryUsage of job (MB)
	6111932  -  ResidentSetSize of job (KB)
...
006 (112171411.050.000) 05/03 14:39:37 Image size of job updated: 6892144
	6655  -  MemoryUsage of job (MB)
	6814092  -  ResidentSetSize of job (KB)
...
006 (112171411.050.000) 05/03 14:44:38 Image size of job updated: 7674112
	7419  -  MemoryUsage of job (MB)
	7596060  -  ResidentSetSize of job (KB)
...
006 (112171411.050.000) 05/03 14:49:39 Image size of job updated: 8389904
	8118  -  MemoryUsage of job (MB)
	8311852  -  ResidentSetSize of job (KB)
...
006 (112171411.050.000) 05/03 14:54:39 Image size of job updated: 8817828
	8535  -  MemoryUsage of job (MB)
	8739776  -  ResidentSetSize of job (KB)
...
006 (112171411.050.000) 05/03 14:59:40 Image size of job updated: 9413492
	9117  -  MemoryUsage of job (MB)
	9335440  -  ResidentSetSize of job (KB)
...
006 (112171411.050.000) 05/03 15:04:41 Image size of job updated: 10115708
	9803  -  MemoryUsage of job (MB)
	10037656  -  ResidentSetSize of job (KB)
...
006 (112171411.050.000) 05/03 15:09:41 Image size of job updated: 10814316
	10485  -  MemoryUsage of job (MB)
	10736264  -  ResidentSetSize of job (KB)
...
006 (112171411.050.000) 05/03 15:14:42 Image size of job updated: 11403784
	11061  -  MemoryUsage of job (MB)
	11325732  -  ResidentSetSize of job (KB)
...
006 (112171411.050.000) 05/03 15:19:42 Image size of job updated: 12026376
	11669  -  MemoryUsage of job (MB)
	11948324  -  ResidentSetSize of job (KB)
...
006 (112171411.050.000) 05/03 15:24:42 Image size of job updated: 12641988
	12270  -  MemoryUsage of job (MB)
	12563936  -  ResidentSetSize of job (KB)
...
006 (112171411.050.000) 05/03 15:29:42 Image size of job updated: 13411232
	13021  -  MemoryUsage of job (MB)
	13333180  -  ResidentSetSize of job (KB)
...
006 (112171411.050.000) 05/03 15:34:43 Image size of job updated: 14039988
	13635  -  MemoryUsage of job (MB)
	13961936  -  ResidentSetSize of job (KB)
...
006 (112171411.050.000) 05/03 15:39:43 Image size of job updated: 14646936
	14228  -  MemoryUsage of job (MB)
	14568884  -  ResidentSetSize of job (KB)
...
006 (112171411.050.000) 05/03 15:44:44 Image size of job updated: 15177324
	14746  -  MemoryUsage of job (MB)
	15099272  -  ResidentSetSize of job (KB)
...
006 (112171411.050.000) 05/03 15:49:44 Image size of job updated: 15854356
	15407  -  MemoryUsage of job (MB)
	15776304  -  ResidentSetSize of job (KB)
...
006 (112171411.050.000) 05/03 15:54:44 Image size of job updated: 16404708
	15944  -  MemoryUsage of job (MB)
	16326412  -  ResidentSetSize of job (KB)
...
006 (112171411.050.000) 05/03 15:59:45 Image size of job updated: 17003220
	16528  -  MemoryUsage of job (MB)
	16924412  -  ResidentSetSize of job (KB)
...
006 (112171411.050.000) 05/03 16:04:45 Image size of job updated: 17374300
	16888  -  MemoryUsage of job (MB)
	17292744  -  ResidentSetSize of job (KB)
...
006 (112171411.050.000) 05/03 16:09:46 Image size of job updated: 17805372
	17305  -  MemoryUsage of job (MB)
	17719548  -  ResidentSetSize of job (KB)
...
006 (112171411.050.000) 05/03 16:14:46 Image size of job updated: 18458056
	17938  -  MemoryUsage of job (MB)
	18368324  -  ResidentSetSize of job (KB)
...
006 (112171411.050.000) 05/03 16:19:47 Image size of job updated: 19237788
	18696  -  MemoryUsage of job (MB)
	19144144  -  ResidentSetSize of job (KB)
...
006 (112171411.050.000) 05/03 16:24:47 Image size of job updated: 19933692
	19374  -  MemoryUsage of job (MB)
	19838500  -  ResidentSetSize of job (KB)
...
006 (112171411.050.000) 05/03 16:29:48 Image size of job updated: 20609796
	20020  -  MemoryUsage of job (MB)
	20499580  -  ResidentSetSize of job (KB)
...
006 (112171411.050.000) 05/03 16:34:49 Image size of job updated: 21066636
	20393  -  MemoryUsage of job (MB)
	20881644  -  ResidentSetSize of job (KB)
...
006 (112171411.050.000) 05/03 16:39:49 Image size of job updated: 21608520
	20449  -  MemoryUsage of job (MB)
	20939252  -  ResidentSetSize of job (KB)
...
006 (112171411.050.000) 05/03 16:44:50 Image size of job updated: 22300928
	20458  -  MemoryUsage of job (MB)
	20948988  -  ResidentSetSize of job (KB)
...
006 (112171411.050.000) 05/03 16:49:51 Image size of job updated: 22709204
	20458  -  MemoryUsage of job (MB)
	20948988  -  ResidentSetSize of job (KB)
...
006 (112171411.050.000) 05/03 16:52:54 Image size of job updated: 22893212
	20458  -  MemoryUsage of job (MB)
	20948988  -  ResidentSetSize of job (KB)
...
005 (112171411.050.000) 05/03 16:52:56 Job terminated.
	(1) Normal termination (return value 0)
		Usr 0 02:37:44, Sys 0 00:02:39  -  Run Remote Usage
		Usr 0 00:00:00, Sys 0 00:00:00  -  Run Local Usage
		Usr 0 02:37:44, Sys 0 00:02:39  -  Total Remote Usage
		Usr 0 00:00:00, Sys 0 00:00:00  -  Total Local Usage
	24309108  -  Run Bytes Sent By Job
	1780307328  -  Run Bytes Received By Job
	24309108  -  Total Bytes Sent By Job
	1780307328  -  Total Bytes Received By Job
	Partitionable Resources :      Usage  Request Allocated 
	   Cpus                 :       0.01        1         1 
	   Disk (KB)            : 6853491    20971520  21341771 
	   Ioheavy              :                             0 
	   Memory (MB)          :   20458       20480     20480 
...
