000 (112171411.152.000) 05/03 11:53:31 Job submitted from host: <128.104.100.44:9618?addrs=128.104.100.44-9618+[2607-f388-107c-501-90e2-baff-fe2c-2724]-9618&noUDP&sock=4699_0235_3>
...
001 (112171411.152.000) 05/03 16:45:20 Job executing on host: <128.105.245.158:9618?addrs=128.105.245.158-9618&noUDP&sock=5419_8fce_3>
...
006 (112171411.152.000) 05/03 16:45:28 Image size of job updated: 620
	1  -  MemoryUsage of job (MB)
	620  -  ResidentSetSize of job (KB)
...
006 (112171411.152.000) 05/03 16:50:29 Image size of job updated: 644
	1  -  MemoryUsage of job (MB)
	644  -  ResidentSetSize of job (KB)
...
006 (112171411.152.000) 05/03 16:55:30 Image size of job updated: 316648
	234  -  MemoryUsage of job (MB)
	238652  -  ResidentSetSize of job (KB)
...
006 (112171411.152.000) 05/03 17:00:31 Image size of job updated: 602188
	512  -  MemoryUsage of job (MB)
	524192  -  ResidentSetSize of job (KB)
...
006 (112171411.152.000) 05/03 17:05:31 Image size of job updated: 948316
	850  -  MemoryUsage of job (MB)
	870264  -  ResidentSetSize of job (KB)
...
006 (112171411.152.000) 05/03 17:10:31 Image size of job updated: 1337448
	1230  -  MemoryUsage of job (MB)
	1259396  -  ResidentSetSize of job (KB)
...
006 (112171411.152.000) 05/03 17:15:31 Image size of job updated: 1836968
	1718  -  MemoryUsage of job (MB)
	1758916  -  ResidentSetSize of job (KB)
...
006 (112171411.152.000) 05/03 17:20:31 Image size of job updated: 2425220
	2293  -  MemoryUsage of job (MB)
	2347168  -  ResidentSetSize of job (KB)
...
006 (112171411.152.000) 05/03 17:25:32 Image size of job updated: 3049084
	2902  -  MemoryUsage of job (MB)
	2971032  -  ResidentSetSize of job (KB)
...
006 (112171411.152.000) 05/03 17:30:33 Image size of job updated: 3722648
	3560  -  MemoryUsage of job (MB)
	3644596  -  ResidentSetSize of job (KB)
...
006 (112171411.152.000) 05/03 17:35:33 Image size of job updated: 4473840
	4293  -  MemoryUsage of job (MB)
	4395788  -  ResidentSetSize of job (KB)
...
006 (112171411.152.000) 05/03 17:40:33 Image size of job updated: 5239992
	5041  -  MemoryUsage of job (MB)
	5161940  -  ResidentSetSize of job (KB)
...
006 (112171411.152.000) 05/03 17:45:33 Image size of job updated: 5925472
	5711  -  MemoryUsage of job (MB)
	5847420  -  ResidentSetSize of job (KB)
...
006 (112171411.152.000) 05/03 17:50:35 Image size of job updated: 6565104
	6336  -  MemoryUsage of job (MB)
	6487052  -  ResidentSetSize of job (KB)
...
006 (112171411.152.000) 05/03 17:55:35 Image size of job updated: 7262120
	7016  -  MemoryUsage of job (MB)
	7184068  -  ResidentSetSize of job (KB)
...
006 (112171411.152.000) 05/03 18:00:36 Image size of job updated: 7701228
	7445  -  MemoryUsage of job (MB)
	7623176  -  ResidentSetSize of job (KB)
...
006 (112171411.152.000) 05/03 18:05:37 Image size of job updated: 7966564
	7704  -  MemoryUsage of job (MB)
	7888496  -  ResidentSetSize of job (KB)
...
006 (112171411.152.000) 05/03 18:10:38 Image size of job updated: 8510604
	8235  -  MemoryUsage of job (MB)
	8432552  -  ResidentSetSize of job (KB)
...
006 (112171411.152.000) 05/03 18:15:38 Image size of job updated: 9116672
	8827  -  MemoryUsage of job (MB)
	9038620  -  ResidentSetSize of job (KB)
...
006 (112171411.152.000) 05/03 18:20:38 Image size of job updated: 9673128
	9371  -  MemoryUsage of job (MB)
	9595076  -  ResidentSetSize of job (KB)
...
006 (112171411.152.000) 05/03 18:25:38 Image size of job updated: 10227716
	9912  -  MemoryUsage of job (MB)
	10149648  -  ResidentSetSize of job (KB)
...
006 (112171411.152.000) 05/03 18:30:41 Image size of job updated: 10705732
	10379  -  MemoryUsage of job (MB)
	10627680  -  ResidentSetSize of job (KB)
...
006 (112171411.152.000) 05/03 18:35:40 Image size of job updated: 11290368
	10950  -  MemoryUsage of job (MB)
	11212316  -  ResidentSetSize of job (KB)
...
006 (112171411.152.000) 05/03 18:40:41 Image size of job updated: 11793996
	11442  -  MemoryUsage of job (MB)
	11715944  -  ResidentSetSize of job (KB)
...
006 (112171411.152.000) 05/03 18:45:42 Image size of job updated: 12293684
	11930  -  MemoryUsage of job (MB)
	12215632  -  ResidentSetSize of job (KB)
...
006 (112171411.152.000) 05/03 18:50:42 Image size of job updated: 12812264
	12436  -  MemoryUsage of job (MB)
	12734212  -  ResidentSetSize of job (KB)
...
006 (112171411.152.000) 05/03 18:55:43 Image size of job updated: 13393288
	13004  -  MemoryUsage of job (MB)
	13315236  -  ResidentSetSize of job (KB)
...
006 (112171411.152.000) 05/03 19:00:44 Image size of job updated: 13799572
	13400  -  MemoryUsage of job (MB)
	13721520  -  ResidentSetSize of job (KB)
...
006 (112171411.152.000) 05/03 19:05:55 Image size of job updated: 14121668
	13715  -  MemoryUsage of job (MB)
	14043616  -  ResidentSetSize of job (KB)
...
006 (112171411.152.000) 05/03 19:10:45 Image size of job updated: 14609060
	14191  -  MemoryUsage of job (MB)
	14531008  -  ResidentSetSize of job (KB)
...
006 (112171411.152.000) 05/03 19:15:48 Image size of job updated: 15087904
	14659  -  MemoryUsage of job (MB)
	15009852  -  ResidentSetSize of job (KB)
...
006 (112171411.152.000) 05/03 19:20:48 Image size of job updated: 15500776
	15062  -  MemoryUsage of job (MB)
	15422724  -  ResidentSetSize of job (KB)
...
006 (112171411.152.000) 05/03 19:25:49 Image size of job updated: 15872660
	15425  -  MemoryUsage of job (MB)
	15794608  -  ResidentSetSize of job (KB)
...
006 (112171411.152.000) 05/03 19:30:49 Image size of job updated: 16147208
	15693  -  MemoryUsage of job (MB)
	16069156  -  ResidentSetSize of job (KB)
...
006 (112171411.152.000) 05/03 19:35:49 Image size of job updated: 16660624
	16194  -  MemoryUsage of job (MB)
	16582572  -  ResidentSetSize of job (KB)
...
006 (112171411.152.000) 05/03 19:40:50 Image size of job updated: 17134196
	16656  -  MemoryUsage of job (MB)
	17055704  -  ResidentSetSize of job (KB)
...
006 (112171411.152.000) 05/03 19:45:51 Image size of job updated: 17527456
	17040  -  MemoryUsage of job (MB)
	17448408  -  ResidentSetSize of job (KB)
...
006 (112171411.152.000) 05/03 19:50:52 Image size of job updated: 18066448
	17565  -  MemoryUsage of job (MB)
	17986192  -  ResidentSetSize of job (KB)
...
006 (112171411.152.000) 05/03 19:55:53 Image size of job updated: 18671132
	18155  -  MemoryUsage of job (MB)
	18589832  -  ResidentSetSize of job (KB)
...
006 (112171411.152.000) 05/03 20:00:53 Image size of job updated: 19257856
	18723  -  MemoryUsage of job (MB)
	19171732  -  ResidentSetSize of job (KB)
...
006 (112171411.152.000) 05/03 20:05:56 Image size of job updated: 19663224
	19135  -  MemoryUsage of job (MB)
	19593404  -  ResidentSetSize of job (KB)
...
006 (112171411.152.000) 05/03 20:10:54 Image size of job updated: 20164204
	19621  -  MemoryUsage of job (MB)
	20091660  -  ResidentSetSize of job (KB)
...
006 (112171411.152.000) 05/03 20:15:55 Image size of job updated: 20627600
	20046  -  MemoryUsage of job (MB)
	20526632  -  ResidentSetSize of job (KB)
...
006 (112171411.152.000) 05/03 20:20:58 Image size of job updated: 21106312
	20404  -  MemoryUsage of job (MB)
	20893676  -  ResidentSetSize of job (KB)
...
006 (112171411.152.000) 05/03 20:25:57 Image size of job updated: 21390088
	20427  -  MemoryUsage of job (MB)
	20917232  -  ResidentSetSize of job (KB)
...
006 (112171411.152.000) 05/03 20:30:56 Image size of job updated: 21946860
	20441  -  MemoryUsage of job (MB)
	20930912  -  ResidentSetSize of job (KB)
...
006 (112171411.152.000) 05/03 20:35:55 Image size of job updated: 22571456
	20464  -  MemoryUsage of job (MB)
	20954836  -  ResidentSetSize of job (KB)
...
006 (112171411.152.000) 05/03 20:40:56 Image size of job updated: 23020384
	20464  -  MemoryUsage of job (MB)
	20954836  -  ResidentSetSize of job (KB)
...
006 (112171411.152.000) 05/03 20:44:49 Image size of job updated: 23196832
	20464  -  MemoryUsage of job (MB)
	20954836  -  ResidentSetSize of job (KB)
...
005 (112171411.152.000) 05/03 20:44:52 Job terminated.
	(1) Normal termination (return value 0)
		Usr 0 02:53:12, Sys 0 00:14:37  -  Run Remote Usage
		Usr 0 00:00:00, Sys 0 00:00:00  -  Run Local Usage
		Usr 0 02:53:12, Sys 0 00:14:37  -  Total Remote Usage
		Usr 0 00:00:00, Sys 0 00:00:00  -  Total Local Usage
	24496112  -  Run Bytes Sent By Job
	1780307328  -  Run Bytes Received By Job
	24496112  -  Total Bytes Sent By Job
	1780307328  -  Total Bytes Received By Job
	Partitionable Resources :      Usage  Request Allocated 
	   Cpus                 :       0.50        1         1 
	   Disk (KB)            : 6853675    20971520  21139750 
	   Ioheavy              :                             0 
	   Memory (MB)          :   20464       20480     20480 
...
