000 (111351044.002.000) 04/22 20:35:43 Job submitted from host: <128.104.100.44:9618?addrs=128.104.100.44-9618+[2607-f388-107c-501-90e2-baff-fe2c-2724]-9618&noUDP&sock=1497440_afb9_3>
...
001 (111351044.002.000) 04/22 21:17:45 Job executing on host: <128.105.245.208:9618?addrs=128.105.245.208-9618&noUDP&sock=5437_e882_3>
...
006 (111351044.002.000) 04/22 21:17:54 Image size of job updated: 628
	1  -  MemoryUsage of job (MB)
	628  -  ResidentSetSize of job (KB)
...
006 (111351044.002.000) 04/22 21:23:04 Image size of job updated: 636
	1  -  MemoryUsage of job (MB)
	636  -  ResidentSetSize of job (KB)
...
006 (111351044.002.000) 04/22 21:27:56 Image size of job updated: 652
	1  -  MemoryUsage of job (MB)
	652  -  ResidentSetSize of job (KB)
...
006 (111351044.002.000) 04/22 21:32:54 Image size of job updated: 656
	1  -  MemoryUsage of job (MB)
	656  -  ResidentSetSize of job (KB)
...
006 (111351044.002.000) 04/22 21:47:54 Image size of job updated: 660
	1  -  MemoryUsage of job (MB)
	660  -  ResidentSetSize of job (KB)
...
006 (111351044.002.000) 04/22 21:52:56 Image size of job updated: 672
	1  -  MemoryUsage of job (MB)
	672  -  ResidentSetSize of job (KB)
...
006 (111351044.002.000) 04/22 21:57:56 Image size of job updated: 524076
	436  -  MemoryUsage of job (MB)
	446076  -  ResidentSetSize of job (KB)
...
006 (111351044.002.000) 04/22 22:00:24 Image size of job updated: 738276
	437  -  MemoryUsage of job (MB)
	447220  -  ResidentSetSize of job (KB)
...
005 (111351044.002.000) 04/22 22:00:26 Job terminated.
	(1) Normal termination (return value 0)
		Usr 0 00:06:37, Sys 0 00:00:24  -  Run Remote Usage
		Usr 0 00:00:00, Sys 0 00:00:00  -  Run Local Usage
		Usr 0 00:06:37, Sys 0 00:00:24  -  Total Remote Usage
		Usr 0 00:00:00, Sys 0 00:00:00  -  Total Local Usage
	1263881  -  Run Bytes Sent By Job
	1780295296  -  Run Bytes Received By Job
	1263881  -  Total Bytes Sent By Job
	1780295296  -  Total Bytes Received By Job
	Partitionable Resources :      Usage  Request Allocated 
	   Cpus                 :       1.00        1         1 
	   Disk (KB)            : 6832588    20971520  21266961 
	   Ioheavy              :                             0 
	   Memory (MB)          :     437       20480     20480 
...
