000 (111515044.131.000) 04/25 20:20:11 Job submitted from host: <128.104.100.44:9618?addrs=128.104.100.44-9618+[2607-f388-107c-501-90e2-baff-fe2c-2724]-9618&noUDP&sock=4699_0235_3>
...
001 (111515044.131.000) 04/25 23:12:35 Job executing on host: <128.105.245.199:9618?addrs=128.105.245.199-9618&noUDP&sock=5436_38ea_3>
...
006 (111515044.131.000) 04/25 23:12:44 Image size of job updated: 620
	1  -  MemoryUsage of job (MB)
	620  -  ResidentSetSize of job (KB)
...
006 (111515044.131.000) 04/25 23:17:45 Image size of job updated: 652
	1  -  MemoryUsage of job (MB)
	652  -  ResidentSetSize of job (KB)
...
006 (111515044.131.000) 04/25 23:22:46 Image size of job updated: 496180
	409  -  MemoryUsage of job (MB)
	418184  -  ResidentSetSize of job (KB)
...
006 (111515044.131.000) 04/25 23:27:47 Image size of job updated: 1222456
	1118  -  MemoryUsage of job (MB)
	1144404  -  ResidentSetSize of job (KB)
...
006 (111515044.131.000) 04/25 23:32:48 Image size of job updated: 2253080
	2125  -  MemoryUsage of job (MB)
	2175028  -  ResidentSetSize of job (KB)
...
006 (111515044.131.000) 04/25 23:37:48 Image size of job updated: 3609812
	3449  -  MemoryUsage of job (MB)
	3531760  -  ResidentSetSize of job (KB)
...
006 (111515044.131.000) 04/25 23:42:48 Image size of job updated: 5047632
	4854  -  MemoryUsage of job (MB)
	4969580  -  ResidentSetSize of job (KB)
...
006 (111515044.131.000) 04/25 23:47:49 Image size of job updated: 6545184
	6316  -  MemoryUsage of job (MB)
	6467132  -  ResidentSetSize of job (KB)
...
006 (111515044.131.000) 04/25 23:52:49 Image size of job updated: 7826384
	7567  -  MemoryUsage of job (MB)
	7748332  -  ResidentSetSize of job (KB)
...
006 (111515044.131.000) 04/25 23:57:49 Image size of job updated: 9166944
	8876  -  MemoryUsage of job (MB)
	9088892  -  ResidentSetSize of job (KB)
...
006 (111515044.131.000) 04/26 00:02:50 Image size of job updated: 10417240
	10097  -  MemoryUsage of job (MB)
	10339188  -  ResidentSetSize of job (KB)
...
006 (111515044.131.000) 04/26 00:07:51 Image size of job updated: 11558316
	11212  -  MemoryUsage of job (MB)
	11480264  -  ResidentSetSize of job (KB)
...
006 (111515044.131.000) 04/26 00:12:52 Image size of job updated: 12733736
	12360  -  MemoryUsage of job (MB)
	12655684  -  ResidentSetSize of job (KB)
...
006 (111515044.131.000) 04/26 00:17:53 Image size of job updated: 13910600
	13509  -  MemoryUsage of job (MB)
	13832548  -  ResidentSetSize of job (KB)
...
006 (111515044.131.000) 04/26 00:22:53 Image size of job updated: 14986568
	14560  -  MemoryUsage of job (MB)
	14908516  -  ResidentSetSize of job (KB)
...
006 (111515044.131.000) 04/26 00:27:54 Image size of job updated: 16186884
	15732  -  MemoryUsage of job (MB)
	16108832  -  ResidentSetSize of job (KB)
...
006 (111515044.131.000) 04/26 00:32:54 Image size of job updated: 17415004
	16931  -  MemoryUsage of job (MB)
	17336888  -  ResidentSetSize of job (KB)
...
006 (111515044.131.000) 04/26 00:37:54 Image size of job updated: 18628624
	18113  -  MemoryUsage of job (MB)
	18546916  -  ResidentSetSize of job (KB)
...
006 (111515044.131.000) 04/26 00:42:54 Image size of job updated: 19768948
	19216  -  MemoryUsage of job (MB)
	19677092  -  ResidentSetSize of job (KB)
...
006 (111515044.131.000) 04/26 00:47:54 Image size of job updated: 21042024
	20343  -  MemoryUsage of job (MB)
	20830984  -  ResidentSetSize of job (KB)
...
006 (111515044.131.000) 04/26 00:52:54 Image size of job updated: 22096160
	20432  -  MemoryUsage of job (MB)
	20921876  -  ResidentSetSize of job (KB)
...
006 (111515044.131.000) 04/26 00:57:54 Image size of job updated: 23156332
	20433  -  MemoryUsage of job (MB)
	20923384  -  ResidentSetSize of job (KB)
...
006 (111515044.131.000) 04/26 00:58:26 Image size of job updated: 23226792
	20433  -  MemoryUsage of job (MB)
	20923384  -  ResidentSetSize of job (KB)
...
005 (111515044.131.000) 04/26 00:58:27 Job terminated.
	(1) Normal termination (return value 0)
		Usr 0 01:34:52, Sys 0 00:02:01  -  Run Remote Usage
		Usr 0 00:00:00, Sys 0 00:00:00  -  Run Local Usage
		Usr 0 01:34:52, Sys 0 00:02:01  -  Total Remote Usage
		Usr 0 00:00:00, Sys 0 00:00:00  -  Total Local Usage
	24606528  -  Run Bytes Sent By Job
	1780295552  -  Run Bytes Received By Job
	24606528  -  Total Bytes Sent By Job
	1780295552  -  Total Bytes Received By Job
	Partitionable Resources :      Usage  Request Allocated 
	   Cpus                 :       0.96        1         1 
	   Disk (KB)            : 6853759    20971520  21310292 
	   Ioheavy              :                             0 
	   Memory (MB)          :   20433       20480     20480 
...
