000 (111515044.119.000) 04/25 20:20:11 Job submitted from host: <128.104.100.44:9618?addrs=128.104.100.44-9618+[2607-f388-107c-501-90e2-baff-fe2c-2724]-9618&noUDP&sock=4699_0235_3>
...
001 (111515044.119.000) 04/25 22:53:56 Job executing on host: <128.105.245.166:9618?addrs=128.105.245.166-9618&noUDP&sock=5434_d9ba_3>
...
006 (111515044.119.000) 04/25 22:54:05 Image size of job updated: 624
	1  -  MemoryUsage of job (MB)
	624  -  ResidentSetSize of job (KB)
...
006 (111515044.119.000) 04/25 22:59:08 Image size of job updated: 664
	1  -  MemoryUsage of job (MB)
	664  -  ResidentSetSize of job (KB)
...
006 (111515044.119.000) 04/25 23:04:08 Image size of job updated: 684572
	593  -  MemoryUsage of job (MB)
	606576  -  ResidentSetSize of job (KB)
...
006 (111515044.119.000) 04/25 23:09:08 Image size of job updated: 1238436
	1134  -  MemoryUsage of job (MB)
	1160384  -  ResidentSetSize of job (KB)
...
006 (111515044.119.000) 04/25 23:14:08 Image size of job updated: 1968756
	1847  -  MemoryUsage of job (MB)
	1890704  -  ResidentSetSize of job (KB)
...
006 (111515044.119.000) 04/25 23:19:09 Image size of job updated: 2892404
	2749  -  MemoryUsage of job (MB)
	2814352  -  ResidentSetSize of job (KB)
...
006 (111515044.119.000) 04/25 23:24:10 Image size of job updated: 3910068
	3743  -  MemoryUsage of job (MB)
	3832016  -  ResidentSetSize of job (KB)
...
006 (111515044.119.000) 04/25 23:29:10 Image size of job updated: 4913780
	4723  -  MemoryUsage of job (MB)
	4835728  -  ResidentSetSize of job (KB)
...
006 (111515044.119.000) 04/25 23:34:11 Image size of job updated: 5972596
	5757  -  MemoryUsage of job (MB)
	5894544  -  ResidentSetSize of job (KB)
...
006 (111515044.119.000) 04/25 23:39:12 Image size of job updated: 7014876
	6775  -  MemoryUsage of job (MB)
	6936824  -  ResidentSetSize of job (KB)
...
006 (111515044.119.000) 04/25 23:44:12 Image size of job updated: 8003968
	7741  -  MemoryUsage of job (MB)
	7925916  -  ResidentSetSize of job (KB)
...
006 (111515044.119.000) 04/25 23:49:12 Image size of job updated: 8991184
	8705  -  MemoryUsage of job (MB)
	8913132  -  ResidentSetSize of job (KB)
...
006 (111515044.119.000) 04/25 23:54:12 Image size of job updated: 9988720
	9679  -  MemoryUsage of job (MB)
	9910668  -  ResidentSetSize of job (KB)
...
006 (111515044.119.000) 04/25 23:59:13 Image size of job updated: 10784768
	10456  -  MemoryUsage of job (MB)
	10706716  -  ResidentSetSize of job (KB)
...
006 (111515044.119.000) 04/26 00:04:14 Image size of job updated: 11588180
	11241  -  MemoryUsage of job (MB)
	11510128  -  ResidentSetSize of job (KB)
...
006 (111515044.119.000) 04/26 00:09:15 Image size of job updated: 12442736
	12075  -  MemoryUsage of job (MB)
	12364684  -  ResidentSetSize of job (KB)
...
006 (111515044.119.000) 04/26 00:14:15 Image size of job updated: 13269884
	12883  -  MemoryUsage of job (MB)
	13191832  -  ResidentSetSize of job (KB)
...
006 (111515044.119.000) 04/26 00:19:15 Image size of job updated: 14051956
	13647  -  MemoryUsage of job (MB)
	13973904  -  ResidentSetSize of job (KB)
...
006 (111515044.119.000) 04/26 00:24:16 Image size of job updated: 14884072
	14460  -  MemoryUsage of job (MB)
	14806020  -  ResidentSetSize of job (KB)
...
006 (111515044.119.000) 04/26 00:29:17 Image size of job updated: 15656712
	15213  -  MemoryUsage of job (MB)
	15577952  -  ResidentSetSize of job (KB)
...
006 (111515044.119.000) 04/26 00:34:17 Image size of job updated: 16800000
	16322  -  MemoryUsage of job (MB)
	16713160  -  ResidentSetSize of job (KB)
...
006 (111515044.119.000) 04/26 00:39:17 Image size of job updated: 17667752
	17157  -  MemoryUsage of job (MB)
	17567780  -  ResidentSetSize of job (KB)
...
006 (111515044.119.000) 04/26 00:44:18 Image size of job updated: 18591360
	18044  -  MemoryUsage of job (MB)
	18476448  -  ResidentSetSize of job (KB)
...
006 (111515044.119.000) 04/26 00:49:19 Image size of job updated: 19539352
	18939  -  MemoryUsage of job (MB)
	19392656  -  ResidentSetSize of job (KB)
...
006 (111515044.119.000) 04/26 00:54:19 Image size of job updated: 20344532
	19655  -  MemoryUsage of job (MB)
	20126296  -  ResidentSetSize of job (KB)
...
006 (111515044.119.000) 04/26 00:59:20 Image size of job updated: 21251600
	20279  -  MemoryUsage of job (MB)
	20765076  -  ResidentSetSize of job (KB)
...
006 (111515044.119.000) 04/26 01:04:21 Image size of job updated: 21973844
	20435  -  MemoryUsage of job (MB)
	20925256  -  ResidentSetSize of job (KB)
...
006 (111515044.119.000) 04/26 01:09:21 Image size of job updated: 22906292
	20460  -  MemoryUsage of job (MB)
	20950672  -  ResidentSetSize of job (KB)
...
005 (111515044.119.000) 04/26 01:11:24 Job terminated.
	(1) Normal termination (return value 0)
		Usr 0 02:08:36, Sys 0 00:02:14  -  Run Remote Usage
		Usr 0 00:00:00, Sys 0 00:00:00  -  Run Local Usage
		Usr 0 02:08:36, Sys 0 00:02:14  -  Total Remote Usage
		Usr 0 00:00:00, Sys 0 00:00:00  -  Total Local Usage
	24811468  -  Run Bytes Sent By Job
	1780295552  -  Run Bytes Received By Job
	24811468  -  Total Bytes Sent By Job
	1780295552  -  Total Bytes Received By Job
	Partitionable Resources :      Usage  Request Allocated 
	   Cpus                 :       1.00        1         1 
	   Disk (KB)            : 6853959    20971520  21362294 
	   Ioheavy              :                             0 
	   Memory (MB)          :   20460       20480     20480 
...
