000 (111351044.123.000) 04/22 20:35:43 Job submitted from host: <128.104.100.44:9618?addrs=128.104.100.44-9618+[2607-f388-107c-501-90e2-baff-fe2c-2724]-9618&noUDP&sock=1497440_afb9_3>
...
001 (111351044.123.000) 04/22 21:50:27 Job executing on host: <128.105.245.152:9618?addrs=128.105.245.152-9618&noUDP&sock=5500_1efa_3>
...
006 (111351044.123.000) 04/22 21:50:36 Image size of job updated: 632
	1  -  MemoryUsage of job (MB)
	632  -  ResidentSetSize of job (KB)
...
006 (111351044.123.000) 04/22 21:55:38 Image size of job updated: 672
	1  -  MemoryUsage of job (MB)
	672  -  ResidentSetSize of job (KB)
...
006 (111351044.123.000) 04/22 22:00:38 Image size of job updated: 450504
	364  -  MemoryUsage of job (MB)
	372508  -  ResidentSetSize of job (KB)
...
006 (111351044.123.000) 04/22 22:05:12 Image size of job updated: 767388
	365  -  MemoryUsage of job (MB)
	373520  -  ResidentSetSize of job (KB)
...
005 (111351044.123.000) 04/22 22:05:14 Job terminated.
	(1) Normal termination (return value 0)
		Usr 0 00:07:33, Sys 0 00:00:25  -  Run Remote Usage
		Usr 0 00:00:00, Sys 0 00:00:00  -  Run Local Usage
		Usr 0 00:07:33, Sys 0 00:00:25  -  Total Remote Usage
		Usr 0 00:00:00, Sys 0 00:00:00  -  Total Local Usage
	1263419  -  Run Bytes Sent By Job
	1780295296  -  Run Bytes Received By Job
	1263419  -  Total Bytes Sent By Job
	1780295296  -  Total Bytes Received By Job
	Partitionable Resources :      Usage  Request Allocated 
	   Cpus                 :       1.00        1         1 
	   Disk (KB)            : 6832798    20971520  21200800 
	   Ioheavy              :                             0 
	   Memory (MB)          :     365       20480     20480 
...
