000 (112025886.118.000) 04/30 21:55:26 Job submitted from host: <128.104.100.44:9618?addrs=128.104.100.44-9618+[2607-f388-107c-501-90e2-baff-fe2c-2724]-9618&noUDP&sock=4699_0235_3>
...
001 (112025886.118.000) 05/01 08:24:43 Job executing on host: <128.105.245.133:9618?addrs=128.105.245.133-9618&noUDP&sock=5404_45e2_16>
...
006 (112025886.118.000) 05/01 08:24:51 Image size of job updated: 616
	1  -  MemoryUsage of job (MB)
	616  -  ResidentSetSize of job (KB)
...
006 (112025886.118.000) 05/01 08:29:52 Image size of job updated: 624
	1  -  MemoryUsage of job (MB)
	624  -  ResidentSetSize of job (KB)
...
006 (112025886.118.000) 05/01 08:34:53 Image size of job updated: 644
	1  -  MemoryUsage of job (MB)
	644  -  ResidentSetSize of job (KB)
...
006 (112025886.118.000) 05/01 08:44:55 Image size of job updated: 660
	1  -  MemoryUsage of job (MB)
	660  -  ResidentSetSize of job (KB)
...
006 (112025886.118.000) 05/01 08:49:55 Image size of job updated: 486384
	399  -  MemoryUsage of job (MB)
	408388  -  ResidentSetSize of job (KB)
...
006 (112025886.118.000) 05/01 08:53:36 Image size of job updated: 756720
	403  -  MemoryUsage of job (MB)
	412484  -  ResidentSetSize of job (KB)
...
005 (112025886.118.000) 05/01 08:53:43 Job terminated.
	(1) Normal termination (return value 0)
		Usr 0 00:05:22, Sys 0 00:00:22  -  Run Remote Usage
		Usr 0 00:00:00, Sys 0 00:00:00  -  Run Local Usage
		Usr 0 00:05:22, Sys 0 00:00:22  -  Total Remote Usage
		Usr 0 00:00:00, Sys 0 00:00:00  -  Total Local Usage
	1304898  -  Run Bytes Sent By Job
	1780295680  -  Run Bytes Received By Job
	1304898  -  Total Bytes Sent By Job
	1780295680  -  Total Bytes Received By Job
	Partitionable Resources :      Usage  Request Allocated 
	   Cpus                 :       0.65        1         1 
	   Disk (KB)            : 6832769    20971520  21366658 
	   Ioheavy              :                             0 
	   Memory (MB)          :     403       20480     20480 
...
