000 (112171411.049.000) 05/03 11:53:31 Job submitted from host: <128.104.100.44:9618?addrs=128.104.100.44-9618+[2607-f388-107c-501-90e2-baff-fe2c-2724]-9618&noUDP&sock=4699_0235_3>
...
001 (112171411.049.000) 05/03 13:33:03 Job executing on host: <128.105.245.150:9618?addrs=128.105.245.150-9618&noUDP&sock=5248_451c_27>
...
006 (112171411.049.000) 05/03 13:33:13 Image size of job updated: 624
	1  -  MemoryUsage of job (MB)
	624  -  ResidentSetSize of job (KB)
...
006 (112171411.049.000) 05/03 13:38:15 Image size of job updated: 343040
	259  -  MemoryUsage of job (MB)
	265044  -  ResidentSetSize of job (KB)
...
006 (112171411.049.000) 05/03 13:43:15 Image size of job updated: 645084
	554  -  MemoryUsage of job (MB)
	567088  -  ResidentSetSize of job (KB)
...
006 (112171411.049.000) 05/03 13:48:15 Image size of job updated: 974744
	876  -  MemoryUsage of job (MB)
	896692  -  ResidentSetSize of job (KB)
...
006 (112171411.049.000) 05/03 13:53:15 Image size of job updated: 1362612
	1255  -  MemoryUsage of job (MB)
	1284560  -  ResidentSetSize of job (KB)
...
006 (112171411.049.000) 05/03 13:58:15 Image size of job updated: 1870952
	1751  -  MemoryUsage of job (MB)
	1792900  -  ResidentSetSize of job (KB)
...
006 (112171411.049.000) 05/03 14:03:16 Image size of job updated: 2444436
	2311  -  MemoryUsage of job (MB)
	2366384  -  ResidentSetSize of job (KB)
...
006 (112171411.049.000) 05/03 14:08:19 Image size of job updated: 3008604
	2862  -  MemoryUsage of job (MB)
	2930552  -  ResidentSetSize of job (KB)
...
006 (112171411.049.000) 05/03 14:13:18 Image size of job updated: 3706656
	3544  -  MemoryUsage of job (MB)
	3628604  -  ResidentSetSize of job (KB)
...
006 (112171411.049.000) 05/03 14:18:18 Image size of job updated: 4389728
	4211  -  MemoryUsage of job (MB)
	4311676  -  ResidentSetSize of job (KB)
...
006 (112171411.049.000) 05/03 14:23:18 Image size of job updated: 5140556
	4944  -  MemoryUsage of job (MB)
	5062504  -  ResidentSetSize of job (KB)
...
006 (112171411.049.000) 05/03 14:28:19 Image size of job updated: 5815472
	5603  -  MemoryUsage of job (MB)
	5737420  -  ResidentSetSize of job (KB)
...
006 (112171411.049.000) 05/03 14:33:19 Image size of job updated: 6467652
	6240  -  MemoryUsage of job (MB)
	6389600  -  ResidentSetSize of job (KB)
...
006 (112171411.049.000) 05/03 14:38:20 Image size of job updated: 7085648
	6844  -  MemoryUsage of job (MB)
	7007596  -  ResidentSetSize of job (KB)
...
006 (112171411.049.000) 05/03 14:43:20 Image size of job updated: 7737636
	7481  -  MemoryUsage of job (MB)
	7659584  -  ResidentSetSize of job (KB)
...
006 (112171411.049.000) 05/03 14:48:22 Image size of job updated: 8370356
	8098  -  MemoryUsage of job (MB)
	8292304  -  ResidentSetSize of job (KB)
...
006 (112171411.049.000) 05/03 14:53:23 Image size of job updated: 8982108
	8696  -  MemoryUsage of job (MB)
	8904056  -  ResidentSetSize of job (KB)
...
006 (112171411.049.000) 05/03 14:58:25 Image size of job updated: 9653144
	9351  -  MemoryUsage of job (MB)
	9575092  -  ResidentSetSize of job (KB)
...
006 (112171411.049.000) 05/03 15:03:24 Image size of job updated: 10182732
	9868  -  MemoryUsage of job (MB)
	10104680  -  ResidentSetSize of job (KB)
...
006 (112171411.049.000) 05/03 15:08:27 Image size of job updated: 10653948
	10329  -  MemoryUsage of job (MB)
	10575896  -  ResidentSetSize of job (KB)
...
006 (112171411.049.000) 05/03 15:13:25 Image size of job updated: 11200156
	10862  -  MemoryUsage of job (MB)
	11122104  -  ResidentSetSize of job (KB)
...
006 (112171411.049.000) 05/03 15:18:25 Image size of job updated: 11802964
	11451  -  MemoryUsage of job (MB)
	11724912  -  ResidentSetSize of job (KB)
...
006 (112171411.049.000) 05/03 15:23:26 Image size of job updated: 12365356
	12000  -  MemoryUsage of job (MB)
	12287304  -  ResidentSetSize of job (KB)
...
006 (112171411.049.000) 05/03 15:28:26 Image size of job updated: 12877624
	12500  -  MemoryUsage of job (MB)
	12799572  -  ResidentSetSize of job (KB)
...
006 (112171411.049.000) 05/03 15:33:26 Image size of job updated: 13488768
	13097  -  MemoryUsage of job (MB)
	13410716  -  ResidentSetSize of job (KB)
...
006 (112171411.049.000) 05/03 15:38:27 Image size of job updated: 13993700
	13590  -  MemoryUsage of job (MB)
	13915648  -  ResidentSetSize of job (KB)
...
006 (112171411.049.000) 05/03 15:43:27 Image size of job updated: 14573644
	14156  -  MemoryUsage of job (MB)
	14495592  -  ResidentSetSize of job (KB)
...
006 (112171411.049.000) 05/03 15:48:27 Image size of job updated: 15084320
	14655  -  MemoryUsage of job (MB)
	15006268  -  ResidentSetSize of job (KB)
...
006 (112171411.049.000) 05/03 15:53:27 Image size of job updated: 15640596
	15197  -  MemoryUsage of job (MB)
	15561392  -  ResidentSetSize of job (KB)
...
006 (112171411.049.000) 05/03 15:58:29 Image size of job updated: 16350004
	15889  -  MemoryUsage of job (MB)
	16270024  -  ResidentSetSize of job (KB)
...
006 (112171411.049.000) 05/03 16:03:30 Image size of job updated: 16812296
	16340  -  MemoryUsage of job (MB)
	16731660  -  ResidentSetSize of job (KB)
...
006 (112171411.049.000) 05/03 16:08:31 Image size of job updated: 17167692
	16685  -  MemoryUsage of job (MB)
	17085208  -  ResidentSetSize of job (KB)
...
006 (112171411.049.000) 05/03 16:13:31 Image size of job updated: 17514388
	17023  -  MemoryUsage of job (MB)
	17430784  -  ResidentSetSize of job (KB)
...
006 (112171411.049.000) 05/03 16:18:32 Image size of job updated: 18096528
	17585  -  MemoryUsage of job (MB)
	18006364  -  ResidentSetSize of job (KB)
...
006 (112171411.049.000) 05/03 16:23:33 Image size of job updated: 18741708
	18214  -  MemoryUsage of job (MB)
	18650648  -  ResidentSetSize of job (KB)
...
006 (112171411.049.000) 05/03 16:28:34 Image size of job updated: 19298748
	18753  -  MemoryUsage of job (MB)
	19202320  -  ResidentSetSize of job (KB)
...
006 (112171411.049.000) 05/03 16:33:35 Image size of job updated: 19748920
	19179  -  MemoryUsage of job (MB)
	19638600  -  ResidentSetSize of job (KB)
...
006 (112171411.049.000) 05/03 16:38:35 Image size of job updated: 20295188
	19683  -  MemoryUsage of job (MB)
	20154528  -  ResidentSetSize of job (KB)
...
006 (112171411.049.000) 05/03 16:43:38 Image size of job updated: 20950548
	20288  -  MemoryUsage of job (MB)
	20774668  -  ResidentSetSize of job (KB)
...
006 (112171411.049.000) 05/03 16:48:39 Image size of job updated: 21363872
	20430  -  MemoryUsage of job (MB)
	20919920  -  ResidentSetSize of job (KB)
...
006 (112171411.049.000) 05/03 16:53:38 Image size of job updated: 21870284
	20460  -  MemoryUsage of job (MB)
	20950640  -  ResidentSetSize of job (KB)
...
006 (112171411.049.000) 05/03 16:58:40 Image size of job updated: 22290976
	20460  -  MemoryUsage of job (MB)
	20950640  -  ResidentSetSize of job (KB)
...
006 (112171411.049.000) 05/03 17:03:41 Image size of job updated: 22805732
	20460  -  MemoryUsage of job (MB)
	20950640  -  ResidentSetSize of job (KB)
...
005 (112171411.049.000) 05/03 17:08:24 Job terminated.
	(1) Normal termination (return value 0)
		Usr 0 03:01:00, Sys 0 00:03:04  -  Run Remote Usage
		Usr 0 00:00:00, Sys 0 00:00:00  -  Run Local Usage
		Usr 0 03:01:00, Sys 0 00:03:04  -  Total Remote Usage
		Usr 0 00:00:00, Sys 0 00:00:00  -  Total Local Usage
	24730388  -  Run Bytes Sent By Job
	1780307328  -  Run Bytes Received By Job
	24730388  -  Total Bytes Sent By Job
	1780307328  -  Total Bytes Received By Job
	Partitionable Resources :      Usage  Request Allocated 
	   Cpus                 :       0.84        1         1 
	   Disk (KB)            : 6853986    20971520  21401641 
	   Ioheavy              :                             0 
	   Memory (MB)          :   20460       20480     20480 
...
