000 (111472063.067.000) 04/24 11:52:22 Job submitted from host: <128.104.100.44:9618?addrs=128.104.100.44-9618+[2607-f388-107c-501-90e2-baff-fe2c-2724]-9618&noUDP&sock=4699_0235_3>
...
001 (111472063.067.000) 04/24 20:54:29 Job executing on host: <128.105.245.236:9618?addrs=128.105.245.236-9618&noUDP&sock=5457_a067_3>
...
006 (111472063.067.000) 04/24 20:54:38 Image size of job updated: 628
	1  -  MemoryUsage of job (MB)
	628  -  ResidentSetSize of job (KB)
...
006 (111472063.067.000) 04/24 20:59:39 Image size of job updated: 632
	1  -  MemoryUsage of job (MB)
	632  -  ResidentSetSize of job (KB)
...
006 (111472063.067.000) 04/24 21:04:40 Image size of job updated: 652
	1  -  MemoryUsage of job (MB)
	652  -  ResidentSetSize of job (KB)
...
006 (111472063.067.000) 04/24 21:14:42 Image size of job updated: 656
	1  -  MemoryUsage of job (MB)
	656  -  ResidentSetSize of job (KB)
...
006 (111472063.067.000) 04/24 21:19:42 Image size of job updated: 660
	1  -  MemoryUsage of job (MB)
	660  -  ResidentSetSize of job (KB)
...
006 (111472063.067.000) 04/24 21:24:43 Image size of job updated: 668
	1  -  MemoryUsage of job (MB)
	668  -  ResidentSetSize of job (KB)
...
006 (111472063.067.000) 04/24 21:34:44 Image size of job updated: 480956
	394  -  MemoryUsage of job (MB)
	402960  -  ResidentSetSize of job (KB)
...
006 (111472063.067.000) 04/24 21:39:45 Image size of job updated: 859984
	764  -  MemoryUsage of job (MB)
	781932  -  ResidentSetSize of job (KB)
...
006 (111472063.067.000) 04/24 21:44:46 Image size of job updated: 1112444
	1011  -  MemoryUsage of job (MB)
	1034392  -  ResidentSetSize of job (KB)
...
006 (111472063.067.000) 04/24 21:49:48 Image size of job updated: 1700912
	1585  -  MemoryUsage of job (MB)
	1622860  -  ResidentSetSize of job (KB)
...
006 (111472063.067.000) 04/24 21:54:47 Image size of job updated: 2400704
	2269  -  MemoryUsage of job (MB)
	2322652  -  ResidentSetSize of job (KB)
...
006 (111472063.067.000) 04/24 21:59:47 Image size of job updated: 3319340
	3166  -  MemoryUsage of job (MB)
	3241288  -  ResidentSetSize of job (KB)
...
006 (111472063.067.000) 04/24 22:04:47 Image size of job updated: 4416920
	4238  -  MemoryUsage of job (MB)
	4338868  -  ResidentSetSize of job (KB)
...
006 (111472063.067.000) 04/24 22:09:48 Image size of job updated: 5307220
	5107  -  MemoryUsage of job (MB)
	5229168  -  ResidentSetSize of job (KB)
...
006 (111472063.067.000) 04/24 22:14:48 Image size of job updated: 6123552
	5904  -  MemoryUsage of job (MB)
	6045500  -  ResidentSetSize of job (KB)
...
006 (111472063.067.000) 04/24 22:19:49 Image size of job updated: 6938908
	6701  -  MemoryUsage of job (MB)
	6860856  -  ResidentSetSize of job (KB)
...
006 (111472063.067.000) 04/24 22:24:49 Image size of job updated: 7817352
	7558  -  MemoryUsage of job (MB)
	7739300  -  ResidentSetSize of job (KB)
...
006 (111472063.067.000) 04/24 22:29:50 Image size of job updated: 8794132
	8512  -  MemoryUsage of job (MB)
	8716080  -  ResidentSetSize of job (KB)
...
006 (111472063.067.000) 04/24 22:34:51 Image size of job updated: 9604892
	9304  -  MemoryUsage of job (MB)
	9526840  -  ResidentSetSize of job (KB)
...
006 (111472063.067.000) 04/24 22:39:51 Image size of job updated: 10314828
	9997  -  MemoryUsage of job (MB)
	10236776  -  ResidentSetSize of job (KB)
...
006 (111472063.067.000) 04/24 22:44:52 Image size of job updated: 11078156
	10743  -  MemoryUsage of job (MB)
	11000104  -  ResidentSetSize of job (KB)
...
006 (111472063.067.000) 04/24 22:49:52 Image size of job updated: 11964948
	11609  -  MemoryUsage of job (MB)
	11886896  -  ResidentSetSize of job (KB)
...
006 (111472063.067.000) 04/24 22:54:53 Image size of job updated: 12638052
	12266  -  MemoryUsage of job (MB)
	12560000  -  ResidentSetSize of job (KB)
...
006 (111472063.067.000) 04/24 22:59:54 Image size of job updated: 13355684
	12967  -  MemoryUsage of job (MB)
	13277632  -  ResidentSetSize of job (KB)
...
006 (111472063.067.000) 04/24 23:04:54 Image size of job updated: 13972616
	13569  -  MemoryUsage of job (MB)
	13894564  -  ResidentSetSize of job (KB)
...
006 (111472063.067.000) 04/24 23:09:54 Image size of job updated: 14662632
	14243  -  MemoryUsage of job (MB)
	14584580  -  ResidentSetSize of job (KB)
...
006 (111472063.067.000) 04/24 23:14:55 Image size of job updated: 15324712
	14890  -  MemoryUsage of job (MB)
	15246660  -  ResidentSetSize of job (KB)
...
006 (111472063.067.000) 04/24 23:19:55 Image size of job updated: 16094360
	15641  -  MemoryUsage of job (MB)
	16016308  -  ResidentSetSize of job (KB)
...
006 (111472063.067.000) 04/24 23:24:55 Image size of job updated: 16842316
	16371  -  MemoryUsage of job (MB)
	16763752  -  ResidentSetSize of job (KB)
...
006 (111472063.067.000) 04/24 23:29:57 Image size of job updated: 17755128
	17262  -  MemoryUsage of job (MB)
	17675420  -  ResidentSetSize of job (KB)
...
006 (111472063.067.000) 04/24 23:34:57 Image size of job updated: 18427028
	17916  -  MemoryUsage of job (MB)
	18345748  -  ResidentSetSize of job (KB)
...
006 (111472063.067.000) 04/24 23:39:58 Image size of job updated: 19186492
	18649  -  MemoryUsage of job (MB)
	19096464  -  ResidentSetSize of job (KB)
...
006 (111472063.067.000) 04/24 23:44:58 Image size of job updated: 19908612
	19340  -  MemoryUsage of job (MB)
	19803876  -  ResidentSetSize of job (KB)
...
006 (111472063.067.000) 04/24 23:49:59 Image size of job updated: 20321828
	19725  -  MemoryUsage of job (MB)
	20197624  -  ResidentSetSize of job (KB)
...
006 (111472063.067.000) 04/24 23:54:59 Image size of job updated: 20584448
	19964  -  MemoryUsage of job (MB)
	20442984  -  ResidentSetSize of job (KB)
...
006 (111472063.067.000) 04/24 23:59:59 Image size of job updated: 20761496
	20110  -  MemoryUsage of job (MB)
	20592360  -  ResidentSetSize of job (KB)
...
006 (111472063.067.000) 04/25 00:05:00 Image size of job updated: 21061368
	20343  -  MemoryUsage of job (MB)
	20830376  -  ResidentSetSize of job (KB)
...
006 (111472063.067.000) 04/25 00:10:01 Image size of job updated: 21211624
	20423  -  MemoryUsage of job (MB)
	20913076  -  ResidentSetSize of job (KB)
...
006 (111472063.067.000) 04/25 00:15:02 Image size of job updated: 21370024
	20424  -  MemoryUsage of job (MB)
	20913492  -  ResidentSetSize of job (KB)
...
006 (111472063.067.000) 04/25 00:20:02 Image size of job updated: 21663188
	20435  -  MemoryUsage of job (MB)
	20924748  -  ResidentSetSize of job (KB)
...
006 (111472063.067.000) 04/25 00:25:02 Image size of job updated: 21901408
	20456  -  MemoryUsage of job (MB)
	20946532  -  ResidentSetSize of job (KB)
...
006 (111472063.067.000) 04/25 00:30:03 Image size of job updated: 22047900
	20456  -  MemoryUsage of job (MB)
	20946532  -  ResidentSetSize of job (KB)
...
006 (111472063.067.000) 04/25 00:35:03 Image size of job updated: 22230400
	20456  -  MemoryUsage of job (MB)
	20946532  -  ResidentSetSize of job (KB)
...
006 (111472063.067.000) 04/25 00:40:03 Image size of job updated: 22323036
	20456  -  MemoryUsage of job (MB)
	20946532  -  ResidentSetSize of job (KB)
...
006 (111472063.067.000) 04/25 00:45:04 Image size of job updated: 22432880
	20456  -  MemoryUsage of job (MB)
	20946532  -  ResidentSetSize of job (KB)
...
006 (111472063.067.000) 04/25 00:50:05 Image size of job updated: 22637456
	20457  -  MemoryUsage of job (MB)
	20947448  -  ResidentSetSize of job (KB)
...
006 (111472063.067.000) 04/25 00:55:05 Image size of job updated: 22757828
	20457  -  MemoryUsage of job (MB)
	20947448  -  ResidentSetSize of job (KB)
...
006 (111472063.067.000) 04/25 01:00:05 Image size of job updated: 22965400
	20461  -  MemoryUsage of job (MB)
	20951948  -  ResidentSetSize of job (KB)
...
006 (111472063.067.000) 04/25 01:05:06 Image size of job updated: 23054988
	20461  -  MemoryUsage of job (MB)
	20951948  -  ResidentSetSize of job (KB)
...
006 (111472063.067.000) 04/25 01:10:07 Image size of job updated: 23159224
	20461  -  MemoryUsage of job (MB)
	20951948  -  ResidentSetSize of job (KB)
...
005 (111472063.067.000) 04/25 01:13:48 Job terminated.
	(1) Normal termination (return value 0)
		Usr 0 02:08:20, Sys 0 00:04:03  -  Run Remote Usage
		Usr 0 00:00:00, Sys 0 00:00:00  -  Run Local Usage
		Usr 0 02:08:20, Sys 0 00:04:03  -  Total Remote Usage
		Usr 0 00:00:00, Sys 0 00:00:00  -  Total Local Usage
	24891990  -  Run Bytes Sent By Job
	1780295552  -  Run Bytes Received By Job
	24891990  -  Total Bytes Sent By Job
	1780295552  -  Total Bytes Received By Job
	Partitionable Resources :      Usage  Request Allocated 
	   Cpus                 :       0.04        1         1 
	   Disk (KB)            : 6854039    20971520  21255064 
	   Ioheavy              :                             0 
	   Memory (MB)          :   20461       20480     20480 
...
