000 (111367109.023.000) 04/22 22:38:18 Job submitted from host: <128.104.100.44:9618?addrs=128.104.100.44-9618+[2607-f388-107c-501-90e2-baff-fe2c-2724]-9618&noUDP&sock=1497440_afb9_3>
...
001 (111367109.023.000) 04/23 03:55:23 Job executing on host: <128.105.245.169:9618?addrs=128.105.245.169-9618&noUDP&sock=5489_936f_3>
...
006 (111367109.023.000) 04/23 03:55:32 Image size of job updated: 628
	1  -  MemoryUsage of job (MB)
	628  -  ResidentSetSize of job (KB)
...
006 (111367109.023.000) 04/23 04:00:33 Image size of job updated: 652
	1  -  MemoryUsage of job (MB)
	652  -  ResidentSetSize of job (KB)
...
006 (111367109.023.000) 04/23 04:05:34 Image size of job updated: 332960
	249  -  MemoryUsage of job (MB)
	254964  -  ResidentSetSize of job (KB)
...
006 (111367109.023.000) 04/23 04:10:35 Image size of job updated: 752284
	659  -  MemoryUsage of job (MB)
	674288  -  ResidentSetSize of job (KB)
...
006 (111367109.023.000) 04/23 04:15:36 Image size of job updated: 1109208
	1007  -  MemoryUsage of job (MB)
	1031156  -  ResidentSetSize of job (KB)
...
006 (111367109.023.000) 04/23 04:20:36 Image size of job updated: 1739892
	1623  -  MemoryUsage of job (MB)
	1661840  -  ResidentSetSize of job (KB)
...
006 (111367109.023.000) 04/23 04:25:36 Image size of job updated: 2460348
	2327  -  MemoryUsage of job (MB)
	2382296  -  ResidentSetSize of job (KB)
...
006 (111367109.023.000) 04/23 04:30:36 Image size of job updated: 3240636
	3089  -  MemoryUsage of job (MB)
	3162584  -  ResidentSetSize of job (KB)
...
006 (111367109.023.000) 04/23 04:35:37 Image size of job updated: 4109948
	3938  -  MemoryUsage of job (MB)
	4031896  -  ResidentSetSize of job (KB)
...
006 (111367109.023.000) 04/23 04:40:37 Image size of job updated: 4823740
	4635  -  MemoryUsage of job (MB)
	4745688  -  ResidentSetSize of job (KB)
...
006 (111367109.023.000) 04/23 04:45:38 Image size of job updated: 5587644
	5381  -  MemoryUsage of job (MB)
	5509592  -  ResidentSetSize of job (KB)
...
006 (111367109.023.000) 04/23 04:50:39 Image size of job updated: 6369996
	6145  -  MemoryUsage of job (MB)
	6291944  -  ResidentSetSize of job (KB)
...
006 (111367109.023.000) 04/23 04:55:40 Image size of job updated: 7190348
	6946  -  MemoryUsage of job (MB)
	7112296  -  ResidentSetSize of job (KB)
...
006 (111367109.023.000) 04/23 05:00:41 Image size of job updated: 7828452
	7569  -  MemoryUsage of job (MB)
	7750400  -  ResidentSetSize of job (KB)
...
006 (111367109.023.000) 04/23 05:05:41 Image size of job updated: 8504012
	8229  -  MemoryUsage of job (MB)
	8425960  -  ResidentSetSize of job (KB)
...
006 (111367109.023.000) 04/23 05:10:42 Image size of job updated: 9089436
	8801  -  MemoryUsage of job (MB)
	9011384  -  ResidentSetSize of job (KB)
...
006 (111367109.023.000) 04/23 05:15:43 Image size of job updated: 9684316
	9382  -  MemoryUsage of job (MB)
	9606264  -  ResidentSetSize of job (KB)
...
006 (111367109.023.000) 04/23 05:20:43 Image size of job updated: 10278732
	9962  -  MemoryUsage of job (MB)
	10200680  -  ResidentSetSize of job (KB)
...
006 (111367109.023.000) 04/23 05:25:44 Image size of job updated: 10738380
	10411  -  MemoryUsage of job (MB)
	10660328  -  ResidentSetSize of job (KB)
...
006 (111367109.023.000) 04/23 05:30:44 Image size of job updated: 11239576
	10900  -  MemoryUsage of job (MB)
	11161524  -  ResidentSetSize of job (KB)
...
006 (111367109.023.000) 04/23 05:35:45 Image size of job updated: 12037076
	11679  -  MemoryUsage of job (MB)
	11959024  -  ResidentSetSize of job (KB)
...
006 (111367109.023.000) 04/23 05:40:46 Image size of job updated: 12821512
	12445  -  MemoryUsage of job (MB)
	12743460  -  ResidentSetSize of job (KB)
...
006 (111367109.023.000) 04/23 05:45:47 Image size of job updated: 13474832
	13083  -  MemoryUsage of job (MB)
	13396780  -  ResidentSetSize of job (KB)
...
006 (111367109.023.000) 04/23 05:50:47 Image size of job updated: 14158484
	13751  -  MemoryUsage of job (MB)
	14080432  -  ResidentSetSize of job (KB)
...
006 (111367109.023.000) 04/23 05:55:47 Image size of job updated: 14648824
	14230  -  MemoryUsage of job (MB)
	14570772  -  ResidentSetSize of job (KB)
...
006 (111367109.023.000) 04/23 06:00:47 Image size of job updated: 15168924
	14737  -  MemoryUsage of job (MB)
	15090544  -  ResidentSetSize of job (KB)
...
006 (111367109.023.000) 04/23 06:05:48 Image size of job updated: 15860428
	15409  -  MemoryUsage of job (MB)
	15778040  -  ResidentSetSize of job (KB)
...
006 (111367109.023.000) 04/23 06:10:50 Image size of job updated: 16540312
	16070  -  MemoryUsage of job (MB)
	16455524  -  ResidentSetSize of job (KB)
...
006 (111367109.023.000) 04/23 06:15:50 Image size of job updated: 17204440
	16717  -  MemoryUsage of job (MB)
	17117296  -  ResidentSetSize of job (KB)
...
006 (111367109.023.000) 04/23 06:20:50 Image size of job updated: 17691024
	17190  -  MemoryUsage of job (MB)
	17602216  -  ResidentSetSize of job (KB)
...
006 (111367109.023.000) 04/23 06:25:50 Image size of job updated: 18314532
	17798  -  MemoryUsage of job (MB)
	18225092  -  ResidentSetSize of job (KB)
...
006 (111367109.023.000) 04/23 06:30:51 Image size of job updated: 18896396
	18364  -  MemoryUsage of job (MB)
	18804216  -  ResidentSetSize of job (KB)
...
006 (111367109.023.000) 04/23 06:35:52 Image size of job updated: 19591584
	19039  -  MemoryUsage of job (MB)
	19495844  -  ResidentSetSize of job (KB)
...
006 (111367109.023.000) 04/23 06:40:52 Image size of job updated: 20233792
	19641  -  MemoryUsage of job (MB)
	20111396  -  ResidentSetSize of job (KB)
...
006 (111367109.023.000) 04/23 06:45:55 Image size of job updated: 20976492
	20315  -  MemoryUsage of job (MB)
	20802392  -  ResidentSetSize of job (KB)
...
006 (111367109.023.000) 04/23 06:50:53 Image size of job updated: 21534120
	20441  -  MemoryUsage of job (MB)
	20930964  -  ResidentSetSize of job (KB)
...
006 (111367109.023.000) 04/23 06:55:55 Image size of job updated: 22227468
	20459  -  MemoryUsage of job (MB)
	20949208  -  ResidentSetSize of job (KB)
...
006 (111367109.023.000) 04/23 07:00:55 Image size of job updated: 22642920
	20459  -  MemoryUsage of job (MB)
	20949208  -  ResidentSetSize of job (KB)
...
006 (111367109.023.000) 04/23 07:03:42 Image size of job updated: 23508912
	20459  -  MemoryUsage of job (MB)
	20949208  -  ResidentSetSize of job (KB)
...
005 (111367109.023.000) 04/23 07:03:44 Job terminated.
	(1) Normal termination (return value 0)
		Usr 0 02:27:23, Sys 0 00:02:33  -  Run Remote Usage
		Usr 0 00:00:00, Sys 0 00:00:00  -  Run Local Usage
		Usr 0 02:27:23, Sys 0 00:02:33  -  Total Remote Usage
		Usr 0 00:00:00, Sys 0 00:00:00  -  Total Local Usage
	25115882  -  Run Bytes Sent By Job
	1780295296  -  Run Bytes Received By Job
	25115882  -  Total Bytes Sent By Job
	1780295296  -  Total Bytes Received By Job
	Partitionable Resources :      Usage  Request Allocated 
	   Cpus                 :       0.06        1         1 
	   Disk (KB)            : 6854257    20971520  21123655 
	   Ioheavy              :                             0 
	   Memory (MB)          :   20459       20480     20480 
...
