000 (111367109.116.000) 04/22 22:38:18 Job submitted from host: <128.104.100.44:9618?addrs=128.104.100.44-9618+[2607-f388-107c-501-90e2-baff-fe2c-2724]-9618&noUDP&sock=1497440_afb9_3>
...
001 (111367109.116.000) 04/23 05:43:56 Job executing on host: <128.105.245.168:9618?addrs=128.105.245.168-9618&noUDP&sock=5474_4983_3>
...
006 (111367109.116.000) 04/23 05:44:05 Image size of job updated: 620
	1  -  MemoryUsage of job (MB)
	620  -  ResidentSetSize of job (KB)
...
006 (111367109.116.000) 04/23 05:49:09 Image size of job updated: 648
	1  -  MemoryUsage of job (MB)
	648  -  ResidentSetSize of job (KB)
...
006 (111367109.116.000) 04/23 05:59:07 Image size of job updated: 652
	1  -  MemoryUsage of job (MB)
	652  -  ResidentSetSize of job (KB)
...
006 (111367109.116.000) 04/23 06:09:20 Image size of job updated: 664
	1  -  MemoryUsage of job (MB)
	664  -  ResidentSetSize of job (KB)
...
006 (111367109.116.000) 04/23 06:14:10 Image size of job updated: 523504
	436  -  MemoryUsage of job (MB)
	445508  -  ResidentSetSize of job (KB)
...
006 (111367109.116.000) 04/23 06:19:11 Image size of job updated: 940764
	843  -  MemoryUsage of job (MB)
	862712  -  ResidentSetSize of job (KB)
...
006 (111367109.116.000) 04/23 06:24:11 Image size of job updated: 1482804
	1372  -  MemoryUsage of job (MB)
	1404752  -  ResidentSetSize of job (KB)
...
006 (111367109.116.000) 04/23 06:29:12 Image size of job updated: 1994824
	1872  -  MemoryUsage of job (MB)
	1916772  -  ResidentSetSize of job (KB)
...
006 (111367109.116.000) 04/23 06:34:12 Image size of job updated: 2512972
	2378  -  MemoryUsage of job (MB)
	2434920  -  ResidentSetSize of job (KB)
...
006 (111367109.116.000) 04/23 06:39:12 Image size of job updated: 3080828
	2933  -  MemoryUsage of job (MB)
	3002776  -  ResidentSetSize of job (KB)
...
006 (111367109.116.000) 04/23 06:44:14 Image size of job updated: 3745844
	3582  -  MemoryUsage of job (MB)
	3667792  -  ResidentSetSize of job (KB)
...
006 (111367109.116.000) 04/23 06:49:17 Image size of job updated: 4535936
	4354  -  MemoryUsage of job (MB)
	4457884  -  ResidentSetSize of job (KB)
...
006 (111367109.116.000) 04/23 06:54:17 Image size of job updated: 5170752
	4974  -  MemoryUsage of job (MB)
	5092700  -  ResidentSetSize of job (KB)
...
006 (111367109.116.000) 04/23 06:59:15 Image size of job updated: 5940156
	5725  -  MemoryUsage of job (MB)
	5862104  -  ResidentSetSize of job (KB)
...
006 (111367109.116.000) 04/23 07:04:17 Image size of job updated: 6724636
	6491  -  MemoryUsage of job (MB)
	6646584  -  ResidentSetSize of job (KB)
...
006 (111367109.116.000) 04/23 07:09:15 Image size of job updated: 7537856
	7285  -  MemoryUsage of job (MB)
	7459804  -  ResidentSetSize of job (KB)
...
006 (111367109.116.000) 04/23 07:14:14 Image size of job updated: 8344280
	8073  -  MemoryUsage of job (MB)
	8266228  -  ResidentSetSize of job (KB)
...
006 (111367109.116.000) 04/23 07:19:18 Image size of job updated: 9061996
	8774  -  MemoryUsage of job (MB)
	8983944  -  ResidentSetSize of job (KB)
...
006 (111367109.116.000) 04/23 07:24:17 Image size of job updated: 9773636
	9469  -  MemoryUsage of job (MB)
	9695584  -  ResidentSetSize of job (KB)
...
006 (111367109.116.000) 04/23 07:29:17 Image size of job updated: 10415824
	10096  -  MemoryUsage of job (MB)
	10337772  -  ResidentSetSize of job (KB)
...
006 (111367109.116.000) 04/23 07:34:18 Image size of job updated: 11013144
	10679  -  MemoryUsage of job (MB)
	10935092  -  ResidentSetSize of job (KB)
...
006 (111367109.116.000) 04/23 07:39:19 Image size of job updated: 11690464
	11341  -  MemoryUsage of job (MB)
	11612412  -  ResidentSetSize of job (KB)
...
006 (111367109.116.000) 04/23 07:44:20 Image size of job updated: 12393184
	12027  -  MemoryUsage of job (MB)
	12315132  -  ResidentSetSize of job (KB)
...
006 (111367109.116.000) 04/23 07:49:21 Image size of job updated: 13098504
	12716  -  MemoryUsage of job (MB)
	13020452  -  ResidentSetSize of job (KB)
...
006 (111367109.116.000) 04/23 07:54:20 Image size of job updated: 13757288
	13359  -  MemoryUsage of job (MB)
	13679236  -  ResidentSetSize of job (KB)
...
006 (111367109.116.000) 04/23 07:59:21 Image size of job updated: 14431408
	14017  -  MemoryUsage of job (MB)
	14353356  -  ResidentSetSize of job (KB)
...
006 (111367109.116.000) 04/23 08:04:22 Image size of job updated: 14981940
	14555  -  MemoryUsage of job (MB)
	14903888  -  ResidentSetSize of job (KB)
...
006 (111367109.116.000) 04/23 08:09:22 Image size of job updated: 15690568
	15247  -  MemoryUsage of job (MB)
	15612516  -  ResidentSetSize of job (KB)
...
006 (111367109.116.000) 04/23 08:14:22 Image size of job updated: 16254100
	15797  -  MemoryUsage of job (MB)
	16176048  -  ResidentSetSize of job (KB)
...
006 (111367109.116.000) 04/23 08:19:24 Image size of job updated: 16545556
	16082  -  MemoryUsage of job (MB)
	16467232  -  ResidentSetSize of job (KB)
...
006 (111367109.116.000) 04/23 08:24:23 Image size of job updated: 16897904
	16426  -  MemoryUsage of job (MB)
	16819420  -  ResidentSetSize of job (KB)
...
006 (111367109.116.000) 04/23 08:29:24 Image size of job updated: 17491580
	17005  -  MemoryUsage of job (MB)
	17412112  -  ResidentSetSize of job (KB)
...
006 (111367109.116.000) 04/23 08:34:24 Image size of job updated: 17845984
	17349  -  MemoryUsage of job (MB)
	17764984  -  ResidentSetSize of job (KB)
...
006 (111367109.116.000) 04/23 08:39:26 Image size of job updated: 18129892
	17625  -  MemoryUsage of job (MB)
	18047016  -  ResidentSetSize of job (KB)
...
006 (111367109.116.000) 04/23 08:44:25 Image size of job updated: 18431080
	17917  -  MemoryUsage of job (MB)
	18346056  -  ResidentSetSize of job (KB)
...
006 (111367109.116.000) 04/23 08:49:28 Image size of job updated: 18842904
	18312  -  MemoryUsage of job (MB)
	18750596  -  ResidentSetSize of job (KB)
...
006 (111367109.116.000) 04/23 08:54:27 Image size of job updated: 19376184
	18832  -  MemoryUsage of job (MB)
	19283812  -  ResidentSetSize of job (KB)
...
006 (111367109.116.000) 04/23 08:59:28 Image size of job updated: 19507544
	18959  -  MemoryUsage of job (MB)
	19413364  -  ResidentSetSize of job (KB)
...
006 (111367109.116.000) 04/23 09:04:29 Image size of job updated: 19696260
	19140  -  MemoryUsage of job (MB)
	19599176  -  ResidentSetSize of job (KB)
...
006 (111367109.116.000) 04/23 09:09:30 Image size of job updated: 19843072
	19282  -  MemoryUsage of job (MB)
	19744220  -  ResidentSetSize of job (KB)
...
006 (111367109.116.000) 04/23 09:14:30 Image size of job updated: 20041000
	19469  -  MemoryUsage of job (MB)
	19936236  -  ResidentSetSize of job (KB)
...
006 (111367109.116.000) 04/23 09:19:32 Image size of job updated: 20188740
	19610  -  MemoryUsage of job (MB)
	20080080  -  ResidentSetSize of job (KB)
...
006 (111367109.116.000) 04/23 09:24:31 Image size of job updated: 20362216
	19770  -  MemoryUsage of job (MB)
	20244144  -  ResidentSetSize of job (KB)
...
