000 (112171411.078.000) 05/03 11:53:31 Job submitted from host: <128.104.100.44:9618?addrs=128.104.100.44-9618+[2607-f388-107c-501-90e2-baff-fe2c-2724]-9618&noUDP&sock=4699_0235_3>
...
001 (112171411.078.000) 05/03 14:07:18 Job executing on host: <128.105.245.169:9618?addrs=128.105.245.169-9618&noUDP&sock=5489_936f_3>
...
006 (112171411.078.000) 05/03 14:07:27 Image size of job updated: 628
	1  -  MemoryUsage of job (MB)
	628  -  ResidentSetSize of job (KB)
...
006 (112171411.078.000) 05/03 14:12:34 Image size of job updated: 636
	1  -  MemoryUsage of job (MB)
	636  -  ResidentSetSize of job (KB)
...
006 (112171411.078.000) 05/03 14:17:29 Image size of job updated: 656
	1  -  MemoryUsage of job (MB)
	656  -  ResidentSetSize of job (KB)
...
006 (112171411.078.000) 05/03 14:27:40 Image size of job updated: 668
	1  -  MemoryUsage of job (MB)
	668  -  ResidentSetSize of job (KB)
...
006 (112171411.078.000) 05/03 14:32:31 Image size of job updated: 519276
	431  -  MemoryUsage of job (MB)
	441280  -  ResidentSetSize of job (KB)
...
006 (112171411.078.000) 05/03 14:37:32 Image size of job updated: 973268
	875  -  MemoryUsage of job (MB)
	895216  -  ResidentSetSize of job (KB)
...
006 (112171411.078.000) 05/03 14:42:32 Image size of job updated: 1586860
	1474  -  MemoryUsage of job (MB)
	1508808  -  ResidentSetSize of job (KB)
...
006 (112171411.078.000) 05/03 14:47:33 Image size of job updated: 2328668
	2198  -  MemoryUsage of job (MB)
	2250616  -  ResidentSetSize of job (KB)
...
006 (112171411.078.000) 05/03 14:52:33 Image size of job updated: 3191984
	3041  -  MemoryUsage of job (MB)
	3113932  -  ResidentSetSize of job (KB)
...
006 (112171411.078.000) 05/03 14:57:35 Image size of job updated: 4196424
	4022  -  MemoryUsage of job (MB)
	4118372  -  ResidentSetSize of job (KB)
...
006 (112171411.078.000) 05/03 15:02:33 Image size of job updated: 5026188
	4833  -  MemoryUsage of job (MB)
	4948136  -  ResidentSetSize of job (KB)
...
006 (112171411.078.000) 05/03 15:07:33 Image size of job updated: 5928476
	5714  -  MemoryUsage of job (MB)
	5850424  -  ResidentSetSize of job (KB)
...
006 (112171411.078.000) 05/03 15:12:33 Image size of job updated: 6794368
	6559  -  MemoryUsage of job (MB)
	6716316  -  ResidentSetSize of job (KB)
...
006 (112171411.078.000) 05/03 15:17:33 Image size of job updated: 7682120
	7426  -  MemoryUsage of job (MB)
	7604068  -  ResidentSetSize of job (KB)
...
006 (112171411.078.000) 05/03 15:22:36 Image size of job updated: 8538080
	8262  -  MemoryUsage of job (MB)
	8460028  -  ResidentSetSize of job (KB)
...
006 (112171411.078.000) 05/03 15:27:34 Image size of job updated: 9435960
	9139  -  MemoryUsage of job (MB)
	9357908  -  ResidentSetSize of job (KB)
...
006 (112171411.078.000) 05/03 15:32:38 Image size of job updated: 10166048
	9852  -  MemoryUsage of job (MB)
	10087996  -  ResidentSetSize of job (KB)
...
006 (112171411.078.000) 05/03 15:37:36 Image size of job updated: 10856552
	10526  -  MemoryUsage of job (MB)
	10778500  -  ResidentSetSize of job (KB)
...
006 (112171411.078.000) 05/03 15:42:37 Image size of job updated: 11552248
	11206  -  MemoryUsage of job (MB)
	11474196  -  ResidentSetSize of job (KB)
...
006 (112171411.078.000) 05/03 15:47:37 Image size of job updated: 12349672
	11985  -  MemoryUsage of job (MB)
	12271620  -  ResidentSetSize of job (KB)
...
006 (112171411.078.000) 05/03 15:52:37 Image size of job updated: 13119760
	12737  -  MemoryUsage of job (MB)
	13041708  -  ResidentSetSize of job (KB)
...
006 (112171411.078.000) 05/03 15:57:37 Image size of job updated: 13886032
	13485  -  MemoryUsage of job (MB)
	13807980  -  ResidentSetSize of job (KB)
...
006 (112171411.078.000) 05/03 16:02:39 Image size of job updated: 14684264
	14264  -  MemoryUsage of job (MB)
	14606212  -  ResidentSetSize of job (KB)
...
006 (112171411.078.000) 05/03 16:07:42 Image size of job updated: 15558720
	15118  -  MemoryUsage of job (MB)
	15480668  -  ResidentSetSize of job (KB)
...
006 (112171411.078.000) 05/03 16:12:39 Image size of job updated: 16319352
	15861  -  MemoryUsage of job (MB)
	16240804  -  ResidentSetSize of job (KB)
...
006 (112171411.078.000) 05/03 16:17:40 Image size of job updated: 16984176
	16509  -  MemoryUsage of job (MB)
	16904472  -  ResidentSetSize of job (KB)
...
006 (112171411.078.000) 05/03 16:22:40 Image size of job updated: 17591080
	17100  -  MemoryUsage of job (MB)
	17509444  -  ResidentSetSize of job (KB)
...
006 (112171411.078.000) 05/03 16:27:41 Image size of job updated: 18126004
	17616  -  MemoryUsage of job (MB)
	18038564  -  ResidentSetSize of job (KB)
...
006 (112171411.078.000) 05/03 16:32:41 Image size of job updated: 18773520
	18246  -  MemoryUsage of job (MB)
	18683588  -  ResidentSetSize of job (KB)
...
006 (112171411.078.000) 05/03 16:37:42 Image size of job updated: 19409992
	18864  -  MemoryUsage of job (MB)
	19316652  -  ResidentSetSize of job (KB)
...
006 (112171411.078.000) 05/03 16:42:43 Image size of job updated: 19709644
	19152  -  MemoryUsage of job (MB)
	19611632  -  ResidentSetSize of job (KB)
...
006 (112171411.078.000) 05/03 16:47:43 Image size of job updated: 20055800
	19491  -  MemoryUsage of job (MB)
	19958432  -  ResidentSetSize of job (KB)
...
006 (112171411.078.000) 05/03 16:52:43 Image size of job updated: 20175540
	19596  -  MemoryUsage of job (MB)
	20065632  -  ResidentSetSize of job (KB)
...
006 (112171411.078.000) 05/03 16:57:44 Image size of job updated: 20407064
	19807  -  MemoryUsage of job (MB)
	20281544  -  ResidentSetSize of job (KB)
...
006 (112171411.078.000) 05/03 17:02:46 Image size of job updated: 20534628
	19914  -  MemoryUsage of job (MB)
	20391456  -  ResidentSetSize of job (KB)
...
006 (112171411.078.000) 05/03 17:07:46 Image size of job updated: 20766184
	20114  -  MemoryUsage of job (MB)
	20596020  -  ResidentSetSize of job (KB)
...
006 (112171411.078.000) 05/03 17:12:46 Image size of job updated: 20848560
	20169  -  MemoryUsage of job (MB)
	20652116  -  ResidentSetSize of job (KB)
...
006 (112171411.078.000) 05/03 17:17:47 Image size of job updated: 20904736
	20205  -  MemoryUsage of job (MB)
	20689860  -  ResidentSetSize of job (KB)
...
006 (112171411.078.000) 05/03 17:22:48 Image size of job updated: 21011016
	20277  -  MemoryUsage of job (MB)
	20763416  -  ResidentSetSize of job (KB)
...
006 (112171411.078.000) 05/03 17:27:49 Image size of job updated: 21079068
	20306  -  MemoryUsage of job (MB)
	20793020  -  ResidentSetSize of job (KB)
...
006 (112171411.078.000) 05/03 17:32:50 Image size of job updated: 21129668
	20324  -  MemoryUsage of job (MB)
	20811616  -  ResidentSetSize of job (KB)
...
006 (112171411.078.000) 05/03 17:37:50 Image size of job updated: 21177312
	20337  -  MemoryUsage of job (MB)
	20824384  -  ResidentSetSize of job (KB)
...
006 (112171411.078.000) 05/03 17:42:51 Image size of job updated: 21225908
	20349  -  MemoryUsage of job (MB)
	20836572  -  ResidentSetSize of job (KB)
...
006 (112171411.078.000) 05/03 17:47:53 Image size of job updated: 21270784
	20361  -  MemoryUsage of job (MB)
	20848980  -  ResidentSetSize of job (KB)
...
006 (112171411.078.000) 05/03 17:52:53 Image size of job updated: 21370960
	20402  -  MemoryUsage of job (MB)
	20890768  -  ResidentSetSize of job (KB)
...
006 (112171411.078.000) 05/03 17:57:53 Image size of job updated: 21410760
	20402  -  MemoryUsage of job (MB)
	20890768  -  ResidentSetSize of job (KB)
...
006 (112171411.078.000) 05/03 18:02:53 Image size of job updated: 21447892
	20402  -  MemoryUsage of job (MB)
	20891104  -  ResidentSetSize of job (KB)
...
006 (112171411.078.000) 05/03 18:07:53 Image size of job updated: 21533044
	20406  -  MemoryUsage of job (MB)
	20895672  -  ResidentSetSize of job (KB)
...
006 (112171411.078.000) 05/03 18:12:53 Image size of job updated: 21582096
	20409  -  MemoryUsage of job (MB)
	20898048  -  ResidentSetSize of job (KB)
...
006 (112171411.078.000) 05/03 18:17:54 Image size of job updated: 21674376
	20442  -  MemoryUsage of job (MB)
	20932052  -  ResidentSetSize of job (KB)
...
006 (112171411.078.000) 05/03 18:22:55 Image size of job updated: 21726152
	20442  -  MemoryUsage of job (MB)
	20932052  -  ResidentSetSize of job (KB)
...
006 (112171411.078.000) 05/03 18:27:55 Image size of job updated: 21774684
	20442  -  MemoryUsage of job (MB)
	20932052  -  ResidentSetSize of job (KB)
...
006 (112171411.078.000) 05/03 18:32:55 Image size of job updated: 21819400
	20442  -  MemoryUsage of job (MB)
	20932052  -  ResidentSetSize of job (KB)
...
006 (112171411.078.000) 05/03 18:37:57 Image size of job updated: 21871704
	20442  -  MemoryUsage of job (MB)
	20932052  -  ResidentSetSize of job (KB)
...
006 (112171411.078.000) 05/03 18:42:58 Image size of job updated: 21915500
	20442  -  MemoryUsage of job (MB)
	20932052  -  ResidentSetSize of job (KB)
...
006 (112171411.078.000) 05/03 18:48:00 Image size of job updated: 22034208
	20447  -  MemoryUsage of job (MB)
	20937432  -  ResidentSetSize of job (KB)
...
006 (112171411.078.000) 05/03 18:52:58 Image size of job updated: 22156152
	20447  -  MemoryUsage of job (MB)
	20937432  -  ResidentSetSize of job (KB)
...
006 (112171411.078.000) 05/03 18:58:00 Image size of job updated: 22248348
	20447  -  MemoryUsage of job (MB)
	20937432  -  ResidentSetSize of job (KB)
...
006 (112171411.078.000) 05/03 19:03:00 Image size of job updated: 22495524
	20447  -  MemoryUsage of job (MB)
	20937432  -  ResidentSetSize of job (KB)
...
006 (112171411.078.000) 05/03 19:08:00 Image size of job updated: 22614436
	20447  -  MemoryUsage of job (MB)
	20937432  -  ResidentSetSize of job (KB)
...
006 (112171411.078.000) 05/03 19:13:01 Image size of job updated: 22822104
	20447  -  MemoryUsage of job (MB)
	20937432  -  ResidentSetSize of job (KB)
...
006 (112171411.078.000) 05/03 19:18:01 Image size of job updated: 23019352
	20447  -  MemoryUsage of job (MB)
	20937432  -  ResidentSetSize of job (KB)
...
005 (112171411.078.000) 05/03 19:19:21 Job terminated.
	(1) Normal termination (return value 0)
		Usr 0 02:08:42, Sys 0 00:05:04  -  Run Remote Usage
		Usr 0 00:00:00, Sys 0 00:00:00  -  Run Local Usage
		Usr 0 02:08:42, Sys 0 00:05:04  -  Total Remote Usage
		Usr 0 00:00:00, Sys 0 00:00:00  -  Total Local Usage
	24696336  -  Run Bytes Sent By Job
	1780307328  -  Run Bytes Received By Job
	24696336  -  Total Bytes Sent By Job
	1780307328  -  Total Bytes Received By Job
	Partitionable Resources :      Usage  Request Allocated 
	   Cpus                 :       0.22        1         1 
	   Disk (KB)            : 6853868    20971520  21162483 
	   Ioheavy              :                             0 
	   Memory (MB)          :   20447       20480     20480 
...
