000 (111472063.091.000) 04/24 11:52:22 Job submitted from host: <128.104.100.44:9618?addrs=128.104.100.44-9618+[2607-f388-107c-501-90e2-baff-fe2c-2724]-9618&noUDP&sock=4699_0235_3>
...
001 (111472063.091.000) 04/24 21:28:01 Job executing on host: <128.105.245.188:9618?addrs=128.105.245.188-9618&noUDP&sock=5463_bdf9_3>
...
006 (111472063.091.000) 04/24 21:28:09 Image size of job updated: 620
	1  -  MemoryUsage of job (MB)
	620  -  ResidentSetSize of job (KB)
...
006 (111472063.091.000) 04/24 21:33:10 Image size of job updated: 660
	1  -  MemoryUsage of job (MB)
	660  -  ResidentSetSize of job (KB)
...
006 (111472063.091.000) 04/24 21:38:11 Image size of job updated: 616040
	526  -  MemoryUsage of job (MB)
	538044  -  ResidentSetSize of job (KB)
...
006 (111472063.091.000) 04/24 21:43:12 Image size of job updated: 1085012
	984  -  MemoryUsage of job (MB)
	1006960  -  ResidentSetSize of job (KB)
...
006 (111472063.091.000) 04/24 21:48:12 Image size of job updated: 1689932
	1575  -  MemoryUsage of job (MB)
	1611880  -  ResidentSetSize of job (KB)
...
006 (111472063.091.000) 04/24 21:53:12 Image size of job updated: 2352732
	2222  -  MemoryUsage of job (MB)
	2274680  -  ResidentSetSize of job (KB)
...
006 (111472063.091.000) 04/24 21:58:13 Image size of job updated: 3184904
	3035  -  MemoryUsage of job (MB)
	3106852  -  ResidentSetSize of job (KB)
...
006 (111472063.091.000) 04/24 22:03:14 Image size of job updated: 4134624
	3962  -  MemoryUsage of job (MB)
	4056572  -  ResidentSetSize of job (KB)
...
006 (111472063.091.000) 04/24 22:08:16 Image size of job updated: 5064800
	4870  -  MemoryUsage of job (MB)
	4986748  -  ResidentSetSize of job (KB)
...
006 (111472063.091.000) 04/24 22:13:16 Image size of job updated: 5870060
	5657  -  MemoryUsage of job (MB)
	5792008  -  ResidentSetSize of job (KB)
...
006 (111472063.091.000) 04/24 22:18:16 Image size of job updated: 6808880
	6574  -  MemoryUsage of job (MB)
	6730828  -  ResidentSetSize of job (KB)
...
006 (111472063.091.000) 04/24 22:23:17 Image size of job updated: 7647832
	7393  -  MemoryUsage of job (MB)
	7569780  -  ResidentSetSize of job (KB)
...
006 (111472063.091.000) 04/24 22:28:17 Image size of job updated: 8438424
	8165  -  MemoryUsage of job (MB)
	8360372  -  ResidentSetSize of job (KB)
...
006 (111472063.091.000) 04/24 22:33:17 Image size of job updated: 9233848
	8942  -  MemoryUsage of job (MB)
	9155796  -  ResidentSetSize of job (KB)
...
006 (111472063.091.000) 04/24 22:38:18 Image size of job updated: 9939628
	9631  -  MemoryUsage of job (MB)
	9861576  -  ResidentSetSize of job (KB)
...
006 (111472063.091.000) 04/24 22:43:19 Image size of job updated: 10674012
	10348  -  MemoryUsage of job (MB)
	10595960  -  ResidentSetSize of job (KB)
...
006 (111472063.091.000) 04/24 22:48:19 Image size of job updated: 11364748
	11023  -  MemoryUsage of job (MB)
	11286696  -  ResidentSetSize of job (KB)
...
006 (111472063.091.000) 04/24 22:53:20 Image size of job updated: 12132564
	11772  -  MemoryUsage of job (MB)
	12054512  -  ResidentSetSize of job (KB)
...
006 (111472063.091.000) 04/24 22:58:21 Image size of job updated: 12796596
	12421  -  MemoryUsage of job (MB)
	12718544  -  ResidentSetSize of job (KB)
...
006 (111472063.091.000) 04/24 23:03:22 Image size of job updated: 13544480
	13151  -  MemoryUsage of job (MB)
	13466428  -  ResidentSetSize of job (KB)
...
006 (111472063.091.000) 04/24 23:08:22 Image size of job updated: 14266508
	13856  -  MemoryUsage of job (MB)
	14188456  -  ResidentSetSize of job (KB)
...
006 (111472063.091.000) 04/24 23:13:23 Image size of job updated: 14954224
	14528  -  MemoryUsage of job (MB)
	14876172  -  ResidentSetSize of job (KB)
...
006 (111472063.091.000) 04/24 23:18:24 Image size of job updated: 15687220
	15244  -  MemoryUsage of job (MB)
	15609168  -  ResidentSetSize of job (KB)
...
006 (111472063.091.000) 04/24 23:23:25 Image size of job updated: 16340424
	15881  -  MemoryUsage of job (MB)
	16261528  -  ResidentSetSize of job (KB)
...
006 (111472063.091.000) 04/24 23:28:25 Image size of job updated: 17093040
	16615  -  MemoryUsage of job (MB)
	17013472  -  ResidentSetSize of job (KB)
...
006 (111472063.091.000) 04/24 23:33:25 Image size of job updated: 17914568
	17417  -  MemoryUsage of job (MB)
	17834884  -  ResidentSetSize of job (KB)
...
006 (111472063.091.000) 04/24 23:38:25 Image size of job updated: 18768484
	18250  -  MemoryUsage of job (MB)
	18687584  -  ResidentSetSize of job (KB)
...
006 (111472063.091.000) 04/24 23:43:26 Image size of job updated: 19475720
	18924  -  MemoryUsage of job (MB)
	19377160  -  ResidentSetSize of job (KB)
...
006 (111472063.091.000) 04/24 23:48:27 Image size of job updated: 20158208
	19549  -  MemoryUsage of job (MB)
	20018008  -  ResidentSetSize of job (KB)
...
006 (111472063.091.000) 04/24 23:53:27 Image size of job updated: 20940568
	20128  -  MemoryUsage of job (MB)
	20610468  -  ResidentSetSize of job (KB)
...
006 (111472063.091.000) 04/24 23:58:28 Image size of job updated: 21582756
	20447  -  MemoryUsage of job (MB)
	20937528  -  ResidentSetSize of job (KB)
...
006 (111472063.091.000) 04/25 00:03:29 Image size of job updated: 22413980
	20465  -  MemoryUsage of job (MB)
	20955252  -  ResidentSetSize of job (KB)
...
006 (111472063.091.000) 04/25 00:08:30 Image size of job updated: 23023548
	20465  -  MemoryUsage of job (MB)
	20955352  -  ResidentSetSize of job (KB)
...
006 (111472063.091.000) 04/25 00:08:49 Image size of job updated: 23721904
	20465  -  MemoryUsage of job (MB)
	20955352  -  ResidentSetSize of job (KB)
...
005 (111472063.091.000) 04/25 00:08:51 Job terminated.
	(1) Normal termination (return value 0)
		Usr 0 02:29:59, Sys 0 00:02:14  -  Run Remote Usage
		Usr 0 00:00:00, Sys 0 00:00:00  -  Run Local Usage
		Usr 0 02:29:59, Sys 0 00:02:14  -  Total Remote Usage
		Usr 0 00:00:00, Sys 0 00:00:00  -  Total Local Usage
	24566644  -  Run Bytes Sent By Job
	1780295552  -  Run Bytes Received By Job
	24566644  -  Total Bytes Sent By Job
	1780295552  -  Total Bytes Received By Job
	Partitionable Resources :      Usage  Request Allocated 
	   Cpus                 :       1.00        1         1 
	   Disk (KB)            : 6853721    20971520  21391165 
	   Ioheavy              :                             0 
	   Memory (MB)          :   20465       20480     20480 
...
