000 (111351044.139.000) 04/22 20:35:43 Job submitted from host: <128.104.100.44:9618?addrs=128.104.100.44-9618+[2607-f388-107c-501-90e2-baff-fe2c-2724]-9618&noUDP&sock=1497440_afb9_3>
...
001 (111351044.139.000) 04/22 21:53:42 Job executing on host: <128.105.245.194:9618?addrs=128.105.245.194-9618&noUDP&sock=5465_1d29_3>
...
006 (111351044.139.000) 04/22 21:53:51 Image size of job updated: 624
	1  -  MemoryUsage of job (MB)
	624  -  ResidentSetSize of job (KB)
...
006 (111351044.139.000) 04/22 21:58:53 Image size of job updated: 648
	1  -  MemoryUsage of job (MB)
	648  -  ResidentSetSize of job (KB)
...
006 (111351044.139.000) 04/22 22:03:54 Image size of job updated: 186188
	109  -  MemoryUsage of job (MB)
	111288  -  ResidentSetSize of job (KB)
...
006 (111351044.139.000) 04/22 22:08:54 Image size of job updated: 636808
	546  -  MemoryUsage of job (MB)
	558812  -  ResidentSetSize of job (KB)
...
006 (111351044.139.000) 04/22 22:09:48 Image size of job updated: 735916
	547  -  MemoryUsage of job (MB)
	559896  -  ResidentSetSize of job (KB)
...
005 (111351044.139.000) 04/22 22:09:49 Job terminated.
	(1) Normal termination (return value 0)
		Usr 0 00:06:37, Sys 0 00:00:26  -  Run Remote Usage
		Usr 0 00:00:00, Sys 0 00:00:00  -  Run Local Usage
		Usr 0 00:06:37, Sys 0 00:00:26  -  Total Remote Usage
		Usr 0 00:00:00, Sys 0 00:00:00  -  Total Local Usage
	1249212  -  Run Bytes Sent By Job
	1780295296  -  Run Bytes Received By Job
	1249212  -  Total Bytes Sent By Job
	1780295296  -  Total Bytes Received By Job
	Partitionable Resources :      Usage  Request Allocated 
	   Cpus                 :       0.89        1         1 
	   Disk (KB)            : 6832644    20971520  21469665 
	   Ioheavy              :                             0 
	   Memory (MB)          :     547       20480     20480 
...
