000 (112171411.061.000) 05/03 11:53:31 Job submitted from host: <128.104.100.44:9618?addrs=128.104.100.44-9618+[2607-f388-107c-501-90e2-baff-fe2c-2724]-9618&noUDP&sock=4699_0235_3>
...
001 (112171411.061.000) 05/03 14:01:47 Job executing on host: <128.105.245.161:9618?addrs=128.105.245.161-9618&noUDP&sock=5440_f74b_3>
...
006 (112171411.061.000) 05/03 14:01:56 Image size of job updated: 620
	1  -  MemoryUsage of job (MB)
	620  -  ResidentSetSize of job (KB)
...
006 (112171411.061.000) 05/03 14:06:59 Image size of job updated: 648
	1  -  MemoryUsage of job (MB)
	648  -  ResidentSetSize of job (KB)
...
006 (112171411.061.000) 05/03 14:11:58 Image size of job updated: 652
	1  -  MemoryUsage of job (MB)
	652  -  ResidentSetSize of job (KB)
...
006 (112171411.061.000) 05/03 14:17:00 Image size of job updated: 280356
	198  -  MemoryUsage of job (MB)
	202368  -  ResidentSetSize of job (KB)
...
006 (112171411.061.000) 05/03 14:22:00 Image size of job updated: 557604
	469  -  MemoryUsage of job (MB)
	479608  -  ResidentSetSize of job (KB)
...
006 (112171411.061.000) 05/03 14:27:01 Image size of job updated: 928428
	831  -  MemoryUsage of job (MB)
	850376  -  ResidentSetSize of job (KB)
...
006 (112171411.061.000) 05/03 14:32:02 Image size of job updated: 1320540
	1214  -  MemoryUsage of job (MB)
	1242488  -  ResidentSetSize of job (KB)
...
006 (112171411.061.000) 05/03 14:37:02 Image size of job updated: 1807296
	1689  -  MemoryUsage of job (MB)
	1729244  -  ResidentSetSize of job (KB)
...
006 (112171411.061.000) 05/03 14:42:02 Image size of job updated: 2387220
	2256  -  MemoryUsage of job (MB)
	2309168  -  ResidentSetSize of job (KB)
...
006 (112171411.061.000) 05/03 14:47:02 Image size of job updated: 3027408
	2881  -  MemoryUsage of job (MB)
	2949356  -  ResidentSetSize of job (KB)
...
006 (112171411.061.000) 05/03 14:52:02 Image size of job updated: 3700324
	3538  -  MemoryUsage of job (MB)
	3622272  -  ResidentSetSize of job (KB)
...
006 (112171411.061.000) 05/03 14:57:03 Image size of job updated: 4445048
	4265  -  MemoryUsage of job (MB)
	4366996  -  ResidentSetSize of job (KB)
...
006 (112171411.061.000) 05/03 15:02:03 Image size of job updated: 5204020
	5006  -  MemoryUsage of job (MB)
	5125968  -  ResidentSetSize of job (KB)
...
006 (112171411.061.000) 05/03 15:07:04 Image size of job updated: 5943884
	5729  -  MemoryUsage of job (MB)
	5865832  -  ResidentSetSize of job (KB)
...
006 (112171411.061.000) 05/03 15:12:04 Image size of job updated: 6627652
	6397  -  MemoryUsage of job (MB)
	6549600  -  ResidentSetSize of job (KB)
...
006 (112171411.061.000) 05/03 15:17:05 Image size of job updated: 7339752
	7092  -  MemoryUsage of job (MB)
	7261700  -  ResidentSetSize of job (KB)
...
006 (112171411.061.000) 05/03 15:22:05 Image size of job updated: 8055516
	7791  -  MemoryUsage of job (MB)
	7977464  -  ResidentSetSize of job (KB)
...
006 (112171411.061.000) 05/03 15:27:06 Image size of job updated: 8805884
	8524  -  MemoryUsage of job (MB)
	8727832  -  ResidentSetSize of job (KB)
...
006 (112171411.061.000) 05/03 15:32:07 Image size of job updated: 9483280
	9185  -  MemoryUsage of job (MB)
	9405228  -  ResidentSetSize of job (KB)
...
006 (112171411.061.000) 05/03 15:37:07 Image size of job updated: 10063932
	9752  -  MemoryUsage of job (MB)
	9985880  -  ResidentSetSize of job (KB)
...
006 (112171411.061.000) 05/03 15:42:08 Image size of job updated: 10666804
	10341  -  MemoryUsage of job (MB)
	10588752  -  ResidentSetSize of job (KB)
...
006 (112171411.061.000) 05/03 15:47:10 Image size of job updated: 11270264
	10930  -  MemoryUsage of job (MB)
	11192212  -  ResidentSetSize of job (KB)
...
006 (112171411.061.000) 05/03 15:52:10 Image size of job updated: 11960988
	11605  -  MemoryUsage of job (MB)
	11882936  -  ResidentSetSize of job (KB)
...
006 (112171411.061.000) 05/03 15:57:11 Image size of job updated: 12641644
	12270  -  MemoryUsage of job (MB)
	12563592  -  ResidentSetSize of job (KB)
...
006 (112171411.061.000) 05/03 16:02:12 Image size of job updated: 13213744
	12828  -  MemoryUsage of job (MB)
	13135692  -  ResidentSetSize of job (KB)
...
006 (112171411.061.000) 05/03 16:07:13 Image size of job updated: 13712912
	13316  -  MemoryUsage of job (MB)
	13634860  -  ResidentSetSize of job (KB)
...
006 (112171411.061.000) 05/03 16:12:12 Image size of job updated: 14187204
	13779  -  MemoryUsage of job (MB)
	14109152  -  ResidentSetSize of job (KB)
...
006 (112171411.061.000) 05/03 16:17:12 Image size of job updated: 14837832
	14414  -  MemoryUsage of job (MB)
	14759780  -  ResidentSetSize of job (KB)
...
006 (112171411.061.000) 05/03 16:22:14 Image size of job updated: 15345332
	14910  -  MemoryUsage of job (MB)
	15267280  -  ResidentSetSize of job (KB)
...
006 (112171411.061.000) 05/03 16:27:15 Image size of job updated: 15881960
	15434  -  MemoryUsage of job (MB)
	15803908  -  ResidentSetSize of job (KB)
...
006 (112171411.061.000) 05/03 16:32:17 Image size of job updated: 16400340
	15940  -  MemoryUsage of job (MB)
	16321776  -  ResidentSetSize of job (KB)
...
006 (112171411.061.000) 05/03 16:37:18 Image size of job updated: 16941260
	16467  -  MemoryUsage of job (MB)
	16861416  -  ResidentSetSize of job (KB)
...
006 (112171411.061.000) 05/03 16:42:17 Image size of job updated: 17539364
	17050  -  MemoryUsage of job (MB)
	17458240  -  ResidentSetSize of job (KB)
...
006 (112171411.061.000) 05/03 16:47:19 Image size of job updated: 18263356
	17756  -  MemoryUsage of job (MB)
	18181464  -  ResidentSetSize of job (KB)
...
006 (112171411.061.000) 05/03 16:52:19 Image size of job updated: 18893460
	18366  -  MemoryUsage of job (MB)
	18805788  -  ResidentSetSize of job (KB)
...
006 (112171411.061.000) 05/03 16:57:19 Image size of job updated: 19427280
	18878  -  MemoryUsage of job (MB)
	19330524  -  ResidentSetSize of job (KB)
...
006 (112171411.061.000) 05/03 17:02:19 Image size of job updated: 20039560
	19460  -  MemoryUsage of job (MB)
	19926796  -  ResidentSetSize of job (KB)
...
006 (112171411.061.000) 05/03 17:07:20 Image size of job updated: 20656936
	20028  -  MemoryUsage of job (MB)
	20508476  -  ResidentSetSize of job (KB)
...
006 (112171411.061.000) 05/03 17:12:21 Image size of job updated: 21164984
	20419  -  MemoryUsage of job (MB)
	20908184  -  ResidentSetSize of job (KB)
...
006 (112171411.061.000) 05/03 17:17:23 Image size of job updated: 21621740
	20445  -  MemoryUsage of job (MB)
	20935280  -  ResidentSetSize of job (KB)
...
006 (112171411.061.000) 05/03 17:22:23 Image size of job updated: 22242700
	20455  -  MemoryUsage of job (MB)
	20945848  -  ResidentSetSize of job (KB)
...
006 (112171411.061.000) 05/03 17:27:23 Image size of job updated: 22739324
	20455  -  MemoryUsage of job (MB)
	20945848  -  ResidentSetSize of job (KB)
...
005 (112171411.061.000) 05/03 17:32:23 Job terminated.
	(1) Normal termination (return value 0)
		Usr 0 02:53:02, Sys 0 00:10:59  -  Run Remote Usage
		Usr 0 00:00:00, Sys 0 00:00:00  -  Run Local Usage
		Usr 0 02:53:02, Sys 0 00:10:59  -  Total Remote Usage
		Usr 0 00:00:00, Sys 0 00:00:00  -  Total Local Usage
	24985980  -  Run Bytes Sent By Job
	1780307328  -  Run Bytes Received By Job
	24985980  -  Total Bytes Sent By Job
	1780307328  -  Total Bytes Received By Job
	Partitionable Resources :      Usage  Request Allocated 
	   Cpus                 :       0.92        1         1 
	   Disk (KB)            : 6854152    20971520  21177515 
	   Ioheavy              :                             0 
	   Memory (MB)          :   20455       20480     20480 
...
