000 (112025886.038.000) 04/30 21:55:26 Job submitted from host: <128.104.100.44:9618?addrs=128.104.100.44-9618+[2607-f388-107c-501-90e2-baff-fe2c-2724]-9618&noUDP&sock=4699_0235_3>
...
001 (112025886.038.000) 05/01 07:03:11 Job executing on host: <128.105.245.139:9618?addrs=128.105.245.139-9618&noUDP&sock=5430_f4b4_3>
...
006 (112025886.038.000) 05/01 07:03:20 Image size of job updated: 620
	1  -  MemoryUsage of job (MB)
	620  -  ResidentSetSize of job (KB)
...
006 (112025886.038.000) 05/01 07:08:22 Image size of job updated: 355200
	271  -  MemoryUsage of job (MB)
	277204  -  ResidentSetSize of job (KB)
...
006 (112025886.038.000) 05/01 07:13:22 Image size of job updated: 702580
	610  -  MemoryUsage of job (MB)
	624584  -  ResidentSetSize of job (KB)
...
006 (112025886.038.000) 05/01 07:18:22 Image size of job updated: 1131352
	1029  -  MemoryUsage of job (MB)
	1053300  -  ResidentSetSize of job (KB)
...
006 (112025886.038.000) 05/01 07:23:23 Image size of job updated: 1695240
	1580  -  MemoryUsage of job (MB)
	1617188  -  ResidentSetSize of job (KB)
...
006 (112025886.038.000) 05/01 07:28:25 Image size of job updated: 2377060
	2246  -  MemoryUsage of job (MB)
	2299008  -  ResidentSetSize of job (KB)
...
006 (112025886.038.000) 05/01 07:33:32 Image size of job updated: 3078872
	2931  -  MemoryUsage of job (MB)
	3000820  -  ResidentSetSize of job (KB)
...
006 (112025886.038.000) 05/01 07:38:25 Image size of job updated: 4005924
	3836  -  MemoryUsage of job (MB)
	3927872  -  ResidentSetSize of job (KB)
...
006 (112025886.038.000) 05/01 07:43:25 Image size of job updated: 4892024
	4702  -  MemoryUsage of job (MB)
	4813972  -  ResidentSetSize of job (KB)
...
006 (112025886.038.000) 05/01 07:48:25 Image size of job updated: 5845568
	5633  -  MemoryUsage of job (MB)
	5767516  -  ResidentSetSize of job (KB)
...
006 (112025886.038.000) 05/01 07:53:25 Image size of job updated: 6621452
	6391  -  MemoryUsage of job (MB)
	6543400  -  ResidentSetSize of job (KB)
...
006 (112025886.038.000) 05/01 07:58:26 Image size of job updated: 7423932
	7174  -  MemoryUsage of job (MB)
	7345880  -  ResidentSetSize of job (KB)
...
006 (112025886.038.000) 05/01 08:03:27 Image size of job updated: 8331976
	8061  -  MemoryUsage of job (MB)
	8253924  -  ResidentSetSize of job (KB)
...
006 (112025886.038.000) 05/01 08:08:27 Image size of job updated: 9073352
	8785  -  MemoryUsage of job (MB)
	8995300  -  ResidentSetSize of job (KB)
...
006 (112025886.038.000) 05/01 08:13:28 Image size of job updated: 9750536
	9446  -  MemoryUsage of job (MB)
	9672484  -  ResidentSetSize of job (KB)
...
006 (112025886.038.000) 05/01 08:18:29 Image size of job updated: 10441512
	10121  -  MemoryUsage of job (MB)
	10363460  -  ResidentSetSize of job (KB)
...
006 (112025886.038.000) 05/01 08:23:30 Image size of job updated: 11104344
	10768  -  MemoryUsage of job (MB)
	11026292  -  ResidentSetSize of job (KB)
...
006 (112025886.038.000) 05/01 08:28:30 Image size of job updated: 11853136
	11500  -  MemoryUsage of job (MB)
	11775084  -  ResidentSetSize of job (KB)
...
006 (112025886.038.000) 05/01 08:33:31 Image size of job updated: 12584260
	12214  -  MemoryUsage of job (MB)
	12506208  -  ResidentSetSize of job (KB)
...
006 (112025886.038.000) 05/01 08:38:32 Image size of job updated: 13270988
	12884  -  MemoryUsage of job (MB)
	13192936  -  ResidentSetSize of job (KB)
...
006 (112025886.038.000) 05/01 08:43:32 Image size of job updated: 13916920
	13515  -  MemoryUsage of job (MB)
	13838868  -  ResidentSetSize of job (KB)
...
006 (112025886.038.000) 05/01 08:48:32 Image size of job updated: 14637488
	14219  -  MemoryUsage of job (MB)
	14559436  -  ResidentSetSize of job (KB)
...
006 (112025886.038.000) 05/01 08:53:33 Image size of job updated: 15313692
	14879  -  MemoryUsage of job (MB)
	15235640  -  ResidentSetSize of job (KB)
...
006 (112025886.038.000) 05/01 08:58:34 Image size of job updated: 15915700
	15467  -  MemoryUsage of job (MB)
	15837648  -  ResidentSetSize of job (KB)
...
006 (112025886.038.000) 05/01 09:03:35 Image size of job updated: 16583808
	16119  -  MemoryUsage of job (MB)
	16505440  -  ResidentSetSize of job (KB)
...
006 (112025886.038.000) 05/01 09:08:35 Image size of job updated: 17322624
	16840  -  MemoryUsage of job (MB)
	17243304  -  ResidentSetSize of job (KB)
...
006 (112025886.038.000) 05/01 09:13:36 Image size of job updated: 17962300
	17449  -  MemoryUsage of job (MB)
	17866896  -  ResidentSetSize of job (KB)
...
006 (112025886.038.000) 05/01 09:18:36 Image size of job updated: 18612648
	18013  -  MemoryUsage of job (MB)
	18444404  -  ResidentSetSize of job (KB)
...
006 (112025886.038.000) 05/01 09:23:36 Image size of job updated: 19274560
	18616  -  MemoryUsage of job (MB)
	19062308  -  ResidentSetSize of job (KB)
...
006 (112025886.038.000) 05/01 09:28:37 Image size of job updated: 19978972
	19257  -  MemoryUsage of job (MB)
	19718256  -  ResidentSetSize of job (KB)
...
006 (112025886.038.000) 05/01 09:33:38 Image size of job updated: 20642476
	19806  -  MemoryUsage of job (MB)
	20281236  -  ResidentSetSize of job (KB)
...
006 (112025886.038.000) 05/01 09:38:39 Image size of job updated: 21302064
	20241  -  MemoryUsage of job (MB)
	20726368  -  ResidentSetSize of job (KB)
...
006 (112025886.038.000) 05/01 09:43:40 Image size of job updated: 21918044
	20427  -  MemoryUsage of job (MB)
	20916784  -  ResidentSetSize of job (KB)
...
006 (112025886.038.000) 05/01 09:48:40 Image size of job updated: 22636836
	20440  -  MemoryUsage of job (MB)
	20929632  -  ResidentSetSize of job (KB)
...
006 (112025886.038.000) 05/01 09:52:08 Image size of job updated: 22636836
	20440  -  MemoryUsage of job (MB)
	20929660  -  ResidentSetSize of job (KB)
...
005 (112025886.038.000) 05/01 09:52:11 Job terminated.
	(1) Normal termination (return value 0)
		Usr 0 02:35:46, Sys 0 00:06:40  -  Run Remote Usage
		Usr 0 00:00:00, Sys 0 00:00:00  -  Run Local Usage
		Usr 0 02:35:46, Sys 0 00:06:40  -  Total Remote Usage
		Usr 0 00:00:00, Sys 0 00:00:00  -  Total Local Usage
	24838602  -  Run Bytes Sent By Job
	1780295680  -  Run Bytes Received By Job
	24838602  -  Total Bytes Sent By Job
	1780295680  -  Total Bytes Received By Job
	Partitionable Resources :      Usage  Request Allocated 
	   Cpus                 :       0.68        1         1 
	   Disk (KB)            : 6853987    20971520  21203319 
	   Ioheavy              :                             0 
	   Memory (MB)          :   20440       20480     20480 
...
