000 (112171411.092.000) 05/03 11:53:31 Job submitted from host: <128.104.100.44:9618?addrs=128.104.100.44-9618+[2607-f388-107c-501-90e2-baff-fe2c-2724]-9618&noUDP&sock=4699_0235_3>
...
001 (112171411.092.000) 05/03 14:14:29 Job executing on host: <128.105.245.233:9618?addrs=128.105.245.233-9618&noUDP&sock=5448_740d_3>
...
006 (112171411.092.000) 05/03 14:14:37 Image size of job updated: 628
	1  -  MemoryUsage of job (MB)
	628  -  ResidentSetSize of job (KB)
...
006 (112171411.092.000) 05/03 14:19:38 Image size of job updated: 660
	1  -  MemoryUsage of job (MB)
	660  -  ResidentSetSize of job (KB)
...
006 (112171411.092.000) 05/03 14:24:39 Image size of job updated: 326772
	243  -  MemoryUsage of job (MB)
	248772  -  ResidentSetSize of job (KB)
...
006 (112171411.092.000) 05/03 14:29:39 Image size of job updated: 642852
	552  -  MemoryUsage of job (MB)
	564852  -  ResidentSetSize of job (KB)
...
006 (112171411.092.000) 05/03 14:34:39 Image size of job updated: 954300
	856  -  MemoryUsage of job (MB)
	876244  -  ResidentSetSize of job (KB)
...
006 (112171411.092.000) 05/03 14:39:40 Image size of job updated: 1202824
	1099  -  MemoryUsage of job (MB)
	1124768  -  ResidentSetSize of job (KB)
...
006 (112171411.092.000) 05/03 14:44:40 Image size of job updated: 1558688
	1446  -  MemoryUsage of job (MB)
	1480632  -  ResidentSetSize of job (KB)
...
006 (112171411.092.000) 05/03 14:49:40 Image size of job updated: 2084060
	1959  -  MemoryUsage of job (MB)
	2006004  -  ResidentSetSize of job (KB)
...
006 (112171411.092.000) 05/03 14:54:41 Image size of job updated: 2545520
	2410  -  MemoryUsage of job (MB)
	2467464  -  ResidentSetSize of job (KB)
...
006 (112171411.092.000) 05/03 14:59:41 Image size of job updated: 3048124
	2901  -  MemoryUsage of job (MB)
	2970068  -  ResidentSetSize of job (KB)
...
006 (112171411.092.000) 05/03 15:04:43 Image size of job updated: 3778296
	3614  -  MemoryUsage of job (MB)
	3700240  -  ResidentSetSize of job (KB)
...
006 (112171411.092.000) 05/03 15:09:43 Image size of job updated: 4432940
	4253  -  MemoryUsage of job (MB)
	4354884  -  ResidentSetSize of job (KB)
...
006 (112171411.092.000) 05/03 15:14:44 Image size of job updated: 5074524
	4880  -  MemoryUsage of job (MB)
	4996468  -  ResidentSetSize of job (KB)
...
006 (112171411.092.000) 05/03 15:19:44 Image size of job updated: 5669276
	5461  -  MemoryUsage of job (MB)
	5591220  -  ResidentSetSize of job (KB)
...
006 (112171411.092.000) 05/03 15:24:45 Image size of job updated: 6451040
	6224  -  MemoryUsage of job (MB)
	6372984  -  ResidentSetSize of job (KB)
...
006 (112171411.092.000) 05/03 15:29:45 Image size of job updated: 6991816
	6752  -  MemoryUsage of job (MB)
	6913760  -  ResidentSetSize of job (KB)
...
006 (112171411.092.000) 05/03 15:34:46 Image size of job updated: 7694628
	7439  -  MemoryUsage of job (MB)
	7616572  -  ResidentSetSize of job (KB)
...
006 (112171411.092.000) 05/03 15:39:46 Image size of job updated: 8296288
	8026  -  MemoryUsage of job (MB)
	8218232  -  ResidentSetSize of job (KB)
...
006 (112171411.092.000) 05/03 15:44:47 Image size of job updated: 8973620
	8688  -  MemoryUsage of job (MB)
	8895564  -  ResidentSetSize of job (KB)
...
006 (112171411.092.000) 05/03 15:49:47 Image size of job updated: 9517936
	9219  -  MemoryUsage of job (MB)
	9439880  -  ResidentSetSize of job (KB)
...
006 (112171411.092.000) 05/03 15:54:48 Image size of job updated: 10091008
	9779  -  MemoryUsage of job (MB)
	10012952  -  ResidentSetSize of job (KB)
...
006 (112171411.092.000) 05/03 15:59:48 Image size of job updated: 10608048
	10284  -  MemoryUsage of job (MB)
	10529992  -  ResidentSetSize of job (KB)
...
006 (112171411.092.000) 05/03 16:04:48 Image size of job updated: 11075576
	10740  -  MemoryUsage of job (MB)
	10997520  -  ResidentSetSize of job (KB)
...
006 (112171411.092.000) 05/03 16:09:49 Image size of job updated: 11582492
	11235  -  MemoryUsage of job (MB)
	11504436  -  ResidentSetSize of job (KB)
...
006 (112171411.092.000) 05/03 16:14:49 Image size of job updated: 12181344
	11820  -  MemoryUsage of job (MB)
	12103288  -  ResidentSetSize of job (KB)
...
006 (112171411.092.000) 05/03 16:19:50 Image size of job updated: 12668604
	12296  -  MemoryUsage of job (MB)
	12590548  -  ResidentSetSize of job (KB)
...
006 (112171411.092.000) 05/03 16:24:50 Image size of job updated: 13129644
	12746  -  MemoryUsage of job (MB)
	13051588  -  ResidentSetSize of job (KB)
...
006 (112171411.092.000) 05/03 16:29:51 Image size of job updated: 13724132
	13327  -  MemoryUsage of job (MB)
	13646076  -  ResidentSetSize of job (KB)
...
006 (112171411.092.000) 05/03 16:34:52 Image size of job updated: 14267564
	13857  -  MemoryUsage of job (MB)
	14189508  -  ResidentSetSize of job (KB)
...
006 (112171411.092.000) 05/03 16:39:52 Image size of job updated: 14944140
	14518  -  MemoryUsage of job (MB)
	14866084  -  ResidentSetSize of job (KB)
...
006 (112171411.092.000) 05/03 16:44:53 Image size of job updated: 15624048
	15182  -  MemoryUsage of job (MB)
	15545992  -  ResidentSetSize of job (KB)
...
006 (112171411.092.000) 05/03 16:49:53 Image size of job updated: 16257008
	15800  -  MemoryUsage of job (MB)
	16178952  -  ResidentSetSize of job (KB)
...
006 (112171411.092.000) 05/03 16:54:54 Image size of job updated: 16861932
	16391  -  MemoryUsage of job (MB)
	16783876  -  ResidentSetSize of job (KB)
...
006 (112171411.092.000) 05/03 16:59:55 Image size of job updated: 17487596
	17001  -  MemoryUsage of job (MB)
	17408232  -  ResidentSetSize of job (KB)
...
006 (112171411.092.000) 05/03 17:04:55 Image size of job updated: 18142120
	17639  -  MemoryUsage of job (MB)
	18061712  -  ResidentSetSize of job (KB)
...
006 (112171411.092.000) 05/03 17:09:56 Image size of job updated: 18730000
	18206  -  MemoryUsage of job (MB)
	18642184  -  ResidentSetSize of job (KB)
...
006 (112171411.092.000) 05/03 17:14:56 Image size of job updated: 19287400
	18746  -  MemoryUsage of job (MB)
	19194904  -  ResidentSetSize of job (KB)
...
006 (112171411.092.000) 05/03 17:19:56 Image size of job updated: 19809832
	19249  -  MemoryUsage of job (MB)
	19709984  -  ResidentSetSize of job (KB)
...
006 (112171411.092.000) 05/03 17:24:57 Image size of job updated: 20387460
	19787  -  MemoryUsage of job (MB)
	20261732  -  ResidentSetSize of job (KB)
...
006 (112171411.092.000) 05/03 17:29:57 Image size of job updated: 21069852
	20328  -  MemoryUsage of job (MB)
	20815176  -  ResidentSetSize of job (KB)
...
006 (112171411.092.000) 05/03 17:34:57 Image size of job updated: 21351572
	20438  -  MemoryUsage of job (MB)
	20928336  -  ResidentSetSize of job (KB)
...
006 (112171411.092.000) 05/03 17:39:57 Image size of job updated: 21765664
	20438  -  MemoryUsage of job (MB)
	20928336  -  ResidentSetSize of job (KB)
...
006 (112171411.092.000) 05/03 17:44:57 Image size of job updated: 22070416
	20440  -  MemoryUsage of job (MB)
	20929984  -  ResidentSetSize of job (KB)
...
006 (112171411.092.000) 05/03 17:49:57 Image size of job updated: 22464236
	20440  -  MemoryUsage of job (MB)
	20929984  -  ResidentSetSize of job (KB)
...
006 (112171411.092.000) 05/03 17:54:58 Image size of job updated: 23089760
	20446  -  MemoryUsage of job (MB)
	20936412  -  ResidentSetSize of job (KB)
...
006 (112171411.092.000) 05/03 17:59:37 Image size of job updated: 23291316
	20446  -  MemoryUsage of job (MB)
	20936412  -  ResidentSetSize of job (KB)
...
005 (112171411.092.000) 05/03 17:59:39 Job terminated.
	(1) Normal termination (return value 0)
		Usr 0 02:34:11, Sys 0 00:07:55  -  Run Remote Usage
		Usr 0 00:00:00, Sys 0 00:00:00  -  Run Local Usage
		Usr 0 02:34:11, Sys 0 00:07:55  -  Total Remote Usage
		Usr 0 00:00:00, Sys 0 00:00:00  -  Total Local Usage
	25165142  -  Run Bytes Sent By Job
	1780307328  -  Run Bytes Received By Job
	25165142  -  Total Bytes Sent By Job
	1780307328  -  Total Bytes Received By Job
	Partitionable Resources :    Usage  Request Allocated 
	   Cpus                 :        0        1         1 
	   Disk (KB)            :  6854329 20971520  21266412 
	   Ioheavy              :                           0 
	   Memory (MB)          :    20446    20480     20480 
...
