000 (111351044.129.000) 04/22 20:35:43 Job submitted from host: <128.104.100.44:9618?addrs=128.104.100.44-9618+[2607-f388-107c-501-90e2-baff-fe2c-2724]-9618&noUDP&sock=1497440_afb9_3>
...
001 (111351044.129.000) 04/22 21:53:00 Job executing on host: <128.105.245.248:9618?addrs=128.105.245.248-9618&noUDP&sock=5505_8cf3_29>
...
006 (111351044.129.000) 04/22 21:53:09 Image size of job updated: 624
	1  -  MemoryUsage of job (MB)
	624  -  ResidentSetSize of job (KB)
...
006 (111351044.129.000) 04/22 21:58:10 Image size of job updated: 648
	1  -  MemoryUsage of job (MB)
	648  -  ResidentSetSize of job (KB)
...
006 (111351044.129.000) 04/22 22:03:11 Image size of job updated: 387816
	303  -  MemoryUsage of job (MB)
	309820  -  ResidentSetSize of job (KB)
...
006 (111351044.129.000) 04/22 22:07:57 Image size of job updated: 774792
	304  -  MemoryUsage of job (MB)
	310916  -  ResidentSetSize of job (KB)
...
005 (111351044.129.000) 04/22 22:07:58 Job terminated.
	(1) Normal termination (return value 0)
		Usr 0 00:07:12, Sys 0 00:00:23  -  Run Remote Usage
		Usr 0 00:00:00, Sys 0 00:00:00  -  Run Local Usage
		Usr 0 00:07:12, Sys 0 00:00:23  -  Total Remote Usage
		Usr 0 00:00:00, Sys 0 00:00:00  -  Total Local Usage
	1385937  -  Run Bytes Sent By Job
	1780295296  -  Run Bytes Received By Job
	1385937  -  Total Bytes Sent By Job
	1780295296  -  Total Bytes Received By Job
	Partitionable Resources :      Usage  Request Allocated 
	   Cpus                 :       1.00        1         1 
	   Disk (KB)            : 6832919    20971520  21183724 
	   Ioheavy              :                             0 
	   Memory (MB)          :     304       20480     20480 
...
