000 (112025886.077.000) 04/30 21:55:26 Job submitted from host: <128.104.100.44:9618?addrs=128.104.100.44-9618+[2607-f388-107c-501-90e2-baff-fe2c-2724]-9618&noUDP&sock=4699_0235_3>
...
001 (112025886.077.000) 05/01 07:48:08 Job executing on host: <128.105.245.64:9618?addrs=128.105.245.64-9618&noUDP&sock=4562_bb24_3>
...
006 (112025886.077.000) 05/01 07:48:17 Image size of job updated: 628
	1  -  MemoryUsage of job (MB)
	628  -  ResidentSetSize of job (KB)
...
006 (112025886.077.000) 05/01 07:53:19 Image size of job updated: 300816
	218  -  MemoryUsage of job (MB)
	222820  -  ResidentSetSize of job (KB)
...
006 (112025886.077.000) 05/01 07:58:19 Image size of job updated: 675460
	584  -  MemoryUsage of job (MB)
	597464  -  ResidentSetSize of job (KB)
...
006 (112025886.077.000) 05/01 07:58:55 Image size of job updated: 757312
	592  -  MemoryUsage of job (MB)
	605632  -  ResidentSetSize of job (KB)
...
005 (112025886.077.000) 05/01 07:58:57 Job terminated.
	(1) Normal termination (return value 0)
		Usr 0 00:06:54, Sys 0 00:00:22  -  Run Remote Usage
		Usr 0 00:00:00, Sys 0 00:00:00  -  Run Local Usage
		Usr 0 00:06:54, Sys 0 00:00:22  -  Total Remote Usage
		Usr 0 00:00:00, Sys 0 00:00:00  -  Total Local Usage
	1307235  -  Run Bytes Sent By Job
	1780295680  -  Run Bytes Received By Job
	1307235  -  Total Bytes Sent By Job
	1780295680  -  Total Bytes Received By Job
	Partitionable Resources :      Usage  Request Allocated 
	   Cpus                 :       1.09        1         1 
	   Disk (KB)            : 6832773    20971520  21401959 
	   Ioheavy              :                             0 
	   Memory (MB)          :     592       20480     20480 
...
