000 (112171411.119.000) 05/03 11:53:31 Job submitted from host: <128.104.100.44:9618?addrs=128.104.100.44-9618+[2607-f388-107c-501-90e2-baff-fe2c-2724]-9618&noUDP&sock=4699_0235_3>
...
001 (112171411.119.000) 05/03 15:18:17 Job executing on host: <128.105.245.160:9618?addrs=128.105.245.160-9618&noUDP&sock=5483_75de_3>
...
006 (112171411.119.000) 05/03 15:18:28 Image size of job updated: 628
	1  -  MemoryUsage of job (MB)
	628  -  ResidentSetSize of job (KB)
...
006 (112171411.119.000) 05/03 15:23:29 Image size of job updated: 272232
	190  -  MemoryUsage of job (MB)
	194244  -  ResidentSetSize of job (KB)
...
006 (112171411.119.000) 05/03 15:28:29 Image size of job updated: 582456
	493  -  MemoryUsage of job (MB)
	504460  -  ResidentSetSize of job (KB)
...
006 (112171411.119.000) 05/03 15:33:30 Image size of job updated: 934008
	836  -  MemoryUsage of job (MB)
	855956  -  ResidentSetSize of job (KB)
...
006 (112171411.119.000) 05/03 15:38:30 Image size of job updated: 1316328
	1210  -  MemoryUsage of job (MB)
	1238276  -  ResidentSetSize of job (KB)
...
006 (112171411.119.000) 05/03 15:43:31 Image size of job updated: 1834156
	1715  -  MemoryUsage of job (MB)
	1756104  -  ResidentSetSize of job (KB)
...
006 (112171411.119.000) 05/03 15:48:32 Image size of job updated: 2402916
	2271  -  MemoryUsage of job (MB)
	2324864  -  ResidentSetSize of job (KB)
...
006 (112171411.119.000) 05/03 15:53:33 Image size of job updated: 3020844
	2874  -  MemoryUsage of job (MB)
	2942792  -  ResidentSetSize of job (KB)
...
006 (112171411.119.000) 05/03 15:58:33 Image size of job updated: 3595468
	3435  -  MemoryUsage of job (MB)
	3517416  -  ResidentSetSize of job (KB)
...
006 (112171411.119.000) 05/03 16:03:34 Image size of job updated: 4191552
	4018  -  MemoryUsage of job (MB)
	4113500  -  ResidentSetSize of job (KB)
...
006 (112171411.119.000) 05/03 16:08:36 Image size of job updated: 4866136
	4676  -  MemoryUsage of job (MB)
	4788084  -  ResidentSetSize of job (KB)
...
006 (112171411.119.000) 05/03 16:13:36 Image size of job updated: 5526720
	5321  -  MemoryUsage of job (MB)
	5448668  -  ResidentSetSize of job (KB)
...
006 (112171411.119.000) 05/03 16:18:36 Image size of job updated: 6166156
	5946  -  MemoryUsage of job (MB)
	6088104  -  ResidentSetSize of job (KB)
...
006 (112171411.119.000) 05/03 16:23:36 Image size of job updated: 6787068
	6552  -  MemoryUsage of job (MB)
	6709016  -  ResidentSetSize of job (KB)
...
006 (112171411.119.000) 05/03 16:28:36 Image size of job updated: 7363452
	7115  -  MemoryUsage of job (MB)
	7285400  -  ResidentSetSize of job (KB)
...
006 (112171411.119.000) 05/03 16:33:38 Image size of job updated: 8071920
	7807  -  MemoryUsage of job (MB)
	7993868  -  ResidentSetSize of job (KB)
...
006 (112171411.119.000) 05/03 16:38:39 Image size of job updated: 8675720
	8397  -  MemoryUsage of job (MB)
	8597668  -  ResidentSetSize of job (KB)
...
006 (112171411.119.000) 05/03 16:43:40 Image size of job updated: 9338192
	9043  -  MemoryUsage of job (MB)
	9260012  -  ResidentSetSize of job (KB)
...
006 (112171411.119.000) 05/03 16:48:39 Image size of job updated: 9864388
	9557  -  MemoryUsage of job (MB)
	9786080  -  ResidentSetSize of job (KB)
...
006 (112171411.119.000) 05/03 16:53:39 Image size of job updated: 10341196
	10023  -  MemoryUsage of job (MB)
	10262888  -  ResidentSetSize of job (KB)
...
006 (112171411.119.000) 05/03 16:58:40 Image size of job updated: 10826708
	10497  -  MemoryUsage of job (MB)
	10748400  -  ResidentSetSize of job (KB)
...
006 (112171411.119.000) 05/03 17:03:40 Image size of job updated: 11242996
	10904  -  MemoryUsage of job (MB)
	11164688  -  ResidentSetSize of job (KB)
...
006 (112171411.119.000) 05/03 17:08:40 Image size of job updated: 11757496
	11406  -  MemoryUsage of job (MB)
	11679188  -  ResidentSetSize of job (KB)
...
006 (112171411.119.000) 05/03 17:13:42 Image size of job updated: 12127072
	11767  -  MemoryUsage of job (MB)
	12048764  -  ResidentSetSize of job (KB)
...
006 (112171411.119.000) 05/03 17:18:42 Image size of job updated: 12629620
	12258  -  MemoryUsage of job (MB)
	12551312  -  ResidentSetSize of job (KB)
...
006 (112171411.119.000) 05/03 17:23:42 Image size of job updated: 13150016
	12766  -  MemoryUsage of job (MB)
	13071708  -  ResidentSetSize of job (KB)
...
006 (112171411.119.000) 05/03 17:28:44 Image size of job updated: 13579752
	13186  -  MemoryUsage of job (MB)
	13501444  -  ResidentSetSize of job (KB)
...
006 (112171411.119.000) 05/03 17:33:44 Image size of job updated: 14192988
	13784  -  MemoryUsage of job (MB)
	14114680  -  ResidentSetSize of job (KB)
...
006 (112171411.119.000) 05/03 17:38:44 Image size of job updated: 14738804
	14317  -  MemoryUsage of job (MB)
	14660496  -  ResidentSetSize of job (KB)
...
006 (112171411.119.000) 05/03 17:43:46 Image size of job updated: 15244472
	14811  -  MemoryUsage of job (MB)
	15166164  -  ResidentSetSize of job (KB)
...
006 (112171411.119.000) 05/03 17:48:46 Image size of job updated: 15906176
	15457  -  MemoryUsage of job (MB)
	15827868  -  ResidentSetSize of job (KB)
...
006 (112171411.119.000) 05/03 17:53:47 Image size of job updated: 16452976
	15991  -  MemoryUsage of job (MB)
	16374668  -  ResidentSetSize of job (KB)
...
006 (112171411.119.000) 05/03 17:58:47 Image size of job updated: 17040980
	16562  -  MemoryUsage of job (MB)
	16958736  -  ResidentSetSize of job (KB)
...
006 (112171411.119.000) 05/03 18:03:47 Image size of job updated: 17590300
	17096  -  MemoryUsage of job (MB)
	17505880  -  ResidentSetSize of job (KB)
...
006 (112171411.119.000) 05/03 18:08:48 Image size of job updated: 18229868
	17721  -  MemoryUsage of job (MB)
	18145684  -  ResidentSetSize of job (KB)
...
006 (112171411.119.000) 05/03 18:13:48 Image size of job updated: 18866164
	18352  -  MemoryUsage of job (MB)
	18792300  -  ResidentSetSize of job (KB)
...
006 (112171411.119.000) 05/03 18:18:49 Image size of job updated: 19491548
	18965  -  MemoryUsage of job (MB)
	19419264  -  ResidentSetSize of job (KB)
...
006 (112171411.119.000) 05/03 18:23:50 Image size of job updated: 20085232
	19542  -  MemoryUsage of job (MB)
	20010204  -  ResidentSetSize of job (KB)
...
006 (112171411.119.000) 05/03 18:28:49 Image size of job updated: 20691028
	20108  -  MemoryUsage of job (MB)
	20590124  -  ResidentSetSize of job (KB)
...
006 (112171411.119.000) 05/03 18:33:50 Image size of job updated: 21033452
	20341  -  MemoryUsage of job (MB)
	20828536  -  ResidentSetSize of job (KB)
...
006 (112171411.119.000) 05/03 18:38:51 Image size of job updated: 21163276
	20403  -  MemoryUsage of job (MB)
	20892524  -  ResidentSetSize of job (KB)
...
006 (112171411.119.000) 05/03 18:43:52 Image size of job updated: 21383100
	20446  -  MemoryUsage of job (MB)
	20935752  -  ResidentSetSize of job (KB)
...
006 (112171411.119.000) 05/03 18:48:53 Image size of job updated: 21792548
	20446  -  MemoryUsage of job (MB)
	20935752  -  ResidentSetSize of job (KB)
...
006 (112171411.119.000) 05/03 18:53:54 Image size of job updated: 22256852
	20446  -  MemoryUsage of job (MB)
	20935752  -  ResidentSetSize of job (KB)
...
006 (112171411.119.000) 05/03 18:58:52 Image size of job updated: 22492248
	20446  -  MemoryUsage of job (MB)
	20935752  -  ResidentSetSize of job (KB)
...
006 (112171411.119.000) 05/03 19:03:54 Image size of job updated: 22942492
	20446  -  MemoryUsage of job (MB)
	20935752  -  ResidentSetSize of job (KB)
...
005 (112171411.119.000) 05/03 19:05:40 Job terminated.
	(1) Normal termination (return value 0)
		Usr 0 02:57:23, Sys 0 00:12:49  -  Run Remote Usage
		Usr 0 00:00:00, Sys 0 00:00:00  -  Run Local Usage
		Usr 0 02:57:23, Sys 0 00:12:49  -  Total Remote Usage
		Usr 0 00:00:00, Sys 0 00:00:00  -  Total Local Usage
	24543010  -  Run Bytes Sent By Job
	1780307328  -  Run Bytes Received By Job
	24543010  -  Total Bytes Sent By Job
	1780307328  -  Total Bytes Received By Job
	Partitionable Resources :    Usage  Request Allocated 
	   Cpus                 :        0        1         1 
	   Disk (KB)            :  6853721 20971520  21297923 
	   Ioheavy              :                           0 
	   Memory (MB)          :    20446    20480     20480 
...
