000 (111351044.138.000) 04/22 20:35:43 Job submitted from host: <128.104.100.44:9618?addrs=128.104.100.44-9618+[2607-f388-107c-501-90e2-baff-fe2c-2724]-9618&noUDP&sock=1497440_afb9_3>
...
001 (111351044.138.000) 04/22 21:56:29 Job executing on host: <128.105.245.228:9618?addrs=128.105.245.228-9618&noUDP&sock=5445_6544_23>
...
006 (111351044.138.000) 04/22 21:56:37 Image size of job updated: 616
	1  -  MemoryUsage of job (MB)
	616  -  ResidentSetSize of job (KB)
...
006 (111351044.138.000) 04/22 22:01:38 Image size of job updated: 628
	1  -  MemoryUsage of job (MB)
	628  -  ResidentSetSize of job (KB)
...
006 (111351044.138.000) 04/22 22:06:39 Image size of job updated: 648
	1  -  MemoryUsage of job (MB)
	648  -  ResidentSetSize of job (KB)
...
006 (111351044.138.000) 04/22 22:11:40 Image size of job updated: 664
	1  -  MemoryUsage of job (MB)
	664  -  ResidentSetSize of job (KB)
...
006 (111351044.138.000) 04/22 22:16:41 Image size of job updated: 518124
	430  -  MemoryUsage of job (MB)
	440128  -  ResidentSetSize of job (KB)
...
006 (111351044.138.000) 04/22 22:19:32 Image size of job updated: 1337976
	436  -  MemoryUsage of job (MB)
	446392  -  ResidentSetSize of job (KB)
...
005 (111351044.138.000) 04/22 22:19:35 Job terminated.
	(1) Normal termination (return value 0)
		Usr 0 00:07:23, Sys 0 00:00:25  -  Run Remote Usage
		Usr 0 00:00:00, Sys 0 00:00:00  -  Run Local Usage
		Usr 0 00:07:23, Sys 0 00:00:25  -  Total Remote Usage
		Usr 0 00:00:00, Sys 0 00:00:00  -  Total Local Usage
	1278094  -  Run Bytes Sent By Job
	1780295296  -  Run Bytes Received By Job
	1278094  -  Total Bytes Sent By Job
	1780295296  -  Total Bytes Received By Job
	Partitionable Resources :    Usage  Request Allocated 
	   Cpus                 :        0        1         1 
	   Disk (KB)            :  6832743 20971520  21414204 
	   Ioheavy              :                           0 
	   Memory (MB)          :      436    20480     20480 
...
