000 (112025886.111.000) 04/30 21:55:26 Job submitted from host: <128.104.100.44:9618?addrs=128.104.100.44-9618+[2607-f388-107c-501-90e2-baff-fe2c-2724]-9618&noUDP&sock=4699_0235_3>
...
001 (112025886.111.000) 05/01 08:14:34 Job executing on host: <128.105.245.209:9618?addrs=128.105.245.209-9618&noUDP&sock=5422_9e97_3>
...
006 (112025886.111.000) 05/01 08:14:43 Image size of job updated: 624
	1  -  MemoryUsage of job (MB)
	624  -  ResidentSetSize of job (KB)
...
006 (112025886.111.000) 05/01 08:19:44 Image size of job updated: 648
	1  -  MemoryUsage of job (MB)
	648  -  ResidentSetSize of job (KB)
...
006 (112025886.111.000) 05/01 08:24:45 Image size of job updated: 358672
	275  -  MemoryUsage of job (MB)
	280676  -  ResidentSetSize of job (KB)
...
006 (112025886.111.000) 05/01 08:29:46 Image size of job updated: 773448
	680  -  MemoryUsage of job (MB)
	695396  -  ResidentSetSize of job (KB)
...
006 (112025886.111.000) 05/01 08:34:47 Image size of job updated: 1224944
	1121  -  MemoryUsage of job (MB)
	1146892  -  ResidentSetSize of job (KB)
...
006 (112025886.111.000) 05/01 08:39:48 Image size of job updated: 1771188
	1654  -  MemoryUsage of job (MB)
	1693136  -  ResidentSetSize of job (KB)
...
006 (112025886.111.000) 05/01 08:44:48 Image size of job updated: 2446096
	2313  -  MemoryUsage of job (MB)
	2368044  -  ResidentSetSize of job (KB)
...
006 (112025886.111.000) 05/01 08:49:48 Image size of job updated: 3209672
	3059  -  MemoryUsage of job (MB)
	3131620  -  ResidentSetSize of job (KB)
...
006 (112025886.111.000) 05/01 08:54:50 Image size of job updated: 4143948
	3971  -  MemoryUsage of job (MB)
	4065896  -  ResidentSetSize of job (KB)
...
006 (112025886.111.000) 05/01 08:59:50 Image size of job updated: 5029544
	4836  -  MemoryUsage of job (MB)
	4951492  -  ResidentSetSize of job (KB)
...
006 (112025886.111.000) 05/01 09:04:51 Image size of job updated: 5845960
	5633  -  MemoryUsage of job (MB)
	5767908  -  ResidentSetSize of job (KB)
...
006 (112025886.111.000) 05/01 09:09:51 Image size of job updated: 6615052
	6384  -  MemoryUsage of job (MB)
	6537000  -  ResidentSetSize of job (KB)
...
006 (112025886.111.000) 05/01 09:14:51 Image size of job updated: 7451188
	7201  -  MemoryUsage of job (MB)
	7373136  -  ResidentSetSize of job (KB)
...
006 (112025886.111.000) 05/01 09:19:51 Image size of job updated: 8334980
	8064  -  MemoryUsage of job (MB)
	8256928  -  ResidentSetSize of job (KB)
...
006 (112025886.111.000) 05/01 09:24:52 Image size of job updated: 9090024
	8801  -  MemoryUsage of job (MB)
	9011972  -  ResidentSetSize of job (KB)
...
006 (112025886.111.000) 05/01 09:26:41 Image size of job updated: 9296136
	8802  -  MemoryUsage of job (MB)
	9012912  -  ResidentSetSize of job (KB)
...
005 (112025886.111.000) 05/01 09:26:47 Job terminated.
	(1) Normal termination (return value 0)
		Usr 0 01:01:02, Sys 0 00:00:57  -  Run Remote Usage
		Usr 0 00:00:00, Sys 0 00:00:00  -  Run Local Usage
		Usr 0 01:01:02, Sys 0 00:00:57  -  Total Remote Usage
		Usr 0 00:00:00, Sys 0 00:00:00  -  Total Local Usage
	12580953  -  Run Bytes Sent By Job
	1780295680  -  Run Bytes Received By Job
	12580953  -  Total Bytes Sent By Job
	1780295680  -  Total Bytes Received By Job
	Partitionable Resources :      Usage  Request Allocated 
	   Cpus                 :       1.00        1         1 
	   Disk (KB)            : 6865148    20971520  21420295 
	   Ioheavy              :                             0 
	   Memory (MB)          :    8802       20480     20480 
...
