000 (112171411.141.000) 05/03 11:53:31 Job submitted from host: <128.104.100.44:9618?addrs=128.104.100.44-9618+[2607-f388-107c-501-90e2-baff-fe2c-2724]-9618&noUDP&sock=4699_0235_3>
...
001 (112171411.141.000) 05/03 16:37:55 Job executing on host: <128.105.245.154:9618?addrs=128.105.245.154-9618&noUDP&sock=5448_740d_29>
...
006 (112171411.141.000) 05/03 16:38:03 Image size of job updated: 636
	1  -  MemoryUsage of job (MB)
	636  -  ResidentSetSize of job (KB)
...
006 (112171411.141.000) 05/03 16:43:05 Image size of job updated: 676
	1  -  MemoryUsage of job (MB)
	676  -  ResidentSetSize of job (KB)
...
006 (112171411.141.000) 05/03 16:48:05 Image size of job updated: 594368
	505  -  MemoryUsage of job (MB)
	516368  -  ResidentSetSize of job (KB)
...
006 (112171411.141.000) 05/03 16:53:05 Image size of job updated: 1017400
	918  -  MemoryUsage of job (MB)
	939344  -  ResidentSetSize of job (KB)
...
006 (112171411.141.000) 05/03 16:58:06 Image size of job updated: 1423808
	1315  -  MemoryUsage of job (MB)
	1345752  -  ResidentSetSize of job (KB)
...
006 (112171411.141.000) 05/03 17:03:06 Image size of job updated: 1956184
	1835  -  MemoryUsage of job (MB)
	1878128  -  ResidentSetSize of job (KB)
...
006 (112171411.141.000) 05/03 17:08:07 Image size of job updated: 2667792
	2530  -  MemoryUsage of job (MB)
	2589736  -  ResidentSetSize of job (KB)
...
006 (112171411.141.000) 05/03 17:13:07 Image size of job updated: 3316496
	3163  -  MemoryUsage of job (MB)
	3238440  -  ResidentSetSize of job (KB)
...
006 (112171411.141.000) 05/03 17:18:08 Image size of job updated: 4215044
	4041  -  MemoryUsage of job (MB)
	4136988  -  ResidentSetSize of job (KB)
...
006 (112171411.141.000) 05/03 17:23:08 Image size of job updated: 5021260
	4828  -  MemoryUsage of job (MB)
	4943204  -  ResidentSetSize of job (KB)
...
006 (112171411.141.000) 05/03 17:28:08 Image size of job updated: 5633636
	5426  -  MemoryUsage of job (MB)
	5555580  -  ResidentSetSize of job (KB)
...
006 (112171411.141.000) 05/03 17:33:09 Image size of job updated: 6293360
	6070  -  MemoryUsage of job (MB)
	6215304  -  ResidentSetSize of job (KB)
...
006 (112171411.141.000) 05/03 17:38:09 Image size of job updated: 6917780
	6680  -  MemoryUsage of job (MB)
	6839724  -  ResidentSetSize of job (KB)
...
006 (112171411.141.000) 05/03 17:43:10 Image size of job updated: 7558140
	7305  -  MemoryUsage of job (MB)
	7480084  -  ResidentSetSize of job (KB)
...
006 (112171411.141.000) 05/03 17:48:11 Image size of job updated: 8175848
	7908  -  MemoryUsage of job (MB)
	8097792  -  ResidentSetSize of job (KB)
...
006 (112171411.141.000) 05/03 17:53:11 Image size of job updated: 8750688
	8470  -  MemoryUsage of job (MB)
	8672632  -  ResidentSetSize of job (KB)
...
006 (112171411.141.000) 05/03 17:58:11 Image size of job updated: 9402712
	9107  -  MemoryUsage of job (MB)
	9324656  -  ResidentSetSize of job (KB)
...
006 (112171411.141.000) 05/03 18:03:12 Image size of job updated: 9969296
	9660  -  MemoryUsage of job (MB)
	9891240  -  ResidentSetSize of job (KB)
...
006 (112171411.141.000) 05/03 18:08:12 Image size of job updated: 10562252
	10239  -  MemoryUsage of job (MB)
	10484196  -  ResidentSetSize of job (KB)
...
006 (112171411.141.000) 05/03 18:13:12 Image size of job updated: 11140624
	10804  -  MemoryUsage of job (MB)
	11062568  -  ResidentSetSize of job (KB)
...
006 (112171411.141.000) 05/03 18:18:13 Image size of job updated: 11856200
	11503  -  MemoryUsage of job (MB)
	11778144  -  ResidentSetSize of job (KB)
...
006 (112171411.141.000) 05/03 18:23:13 Image size of job updated: 12336468
	11972  -  MemoryUsage of job (MB)
	12258412  -  ResidentSetSize of job (KB)
...
006 (112171411.141.000) 05/03 18:28:15 Image size of job updated: 12963344
	12584  -  MemoryUsage of job (MB)
	12885288  -  ResidentSetSize of job (KB)
...
006 (112171411.141.000) 05/03 18:33:15 Image size of job updated: 13611008
	13216  -  MemoryUsage of job (MB)
	13532952  -  ResidentSetSize of job (KB)
...
006 (112171411.141.000) 05/03 18:38:15 Image size of job updated: 14105660
	13699  -  MemoryUsage of job (MB)
	14027604  -  ResidentSetSize of job (KB)
...
006 (112171411.141.000) 05/03 18:43:16 Image size of job updated: 14772596
	14351  -  MemoryUsage of job (MB)
	14694540  -  ResidentSetSize of job (KB)
...
006 (112171411.141.000) 05/03 18:48:17 Image size of job updated: 15307420
	14870  -  MemoryUsage of job (MB)
	15226744  -  ResidentSetSize of job (KB)
...
006 (112171411.141.000) 05/03 18:53:17 Image size of job updated: 16043404
	15582  -  MemoryUsage of job (MB)
	15955328  -  ResidentSetSize of job (KB)
...
006 (112171411.141.000) 05/03 18:58:17 Image size of job updated: 16730124
	16248  -  MemoryUsage of job (MB)
	16637708  -  ResidentSetSize of job (KB)
...
006 (112171411.141.000) 05/03 19:03:18 Image size of job updated: 17385716
	16887  -  MemoryUsage of job (MB)
	17292208  -  ResidentSetSize of job (KB)
...
006 (112171411.141.000) 05/03 19:08:18 Image size of job updated: 18231064
	17712  -  MemoryUsage of job (MB)
	18137044  -  ResidentSetSize of job (KB)
...
006 (112171411.141.000) 05/03 19:13:19 Image size of job updated: 19126968
	18582  -  MemoryUsage of job (MB)
	19027804  -  ResidentSetSize of job (KB)
...
006 (112171411.141.000) 05/03 19:18:19 Image size of job updated: 19872264
	19304  -  MemoryUsage of job (MB)
	19766692  -  ResidentSetSize of job (KB)
...
006 (112171411.141.000) 05/03 19:23:20 Image size of job updated: 20549040
	19896  -  MemoryUsage of job (MB)
	20373336  -  ResidentSetSize of job (KB)
...
006 (112171411.141.000) 05/03 19:28:20 Image size of job updated: 21270248
	20295  -  MemoryUsage of job (MB)
	20781916  -  ResidentSetSize of job (KB)
...
006 (112171411.141.000) 05/03 19:33:20 Image size of job updated: 21900736
	20426  -  MemoryUsage of job (MB)
	20915404  -  ResidentSetSize of job (KB)
...
006 (112171411.141.000) 05/03 19:38:21 Image size of job updated: 22598716
	20448  -  MemoryUsage of job (MB)
	20938000  -  ResidentSetSize of job (KB)
...
006 (112171411.141.000) 05/03 19:42:34 Image size of job updated: 23089752
	20448  -  MemoryUsage of job (MB)
	20938000  -  ResidentSetSize of job (KB)
...
005 (112171411.141.000) 05/03 19:42:36 Job terminated.
	(1) Normal termination (return value 0)
		Usr 0 02:51:13, Sys 0 00:02:55  -  Run Remote Usage
		Usr 0 00:00:00, Sys 0 00:00:00  -  Run Local Usage
		Usr 0 02:51:13, Sys 0 00:02:55  -  Total Remote Usage
		Usr 0 00:00:00, Sys 0 00:00:00  -  Total Local Usage
	24653040  -  Run Bytes Sent By Job
	1780307328  -  Run Bytes Received By Job
	24653040  -  Total Bytes Sent By Job
	1780307328  -  Total Bytes Received By Job
	Partitionable Resources :      Usage  Request Allocated 
	   Cpus                 :       1.00        1         1 
	   Disk (KB)            : 6853829    20971520  21433225 
	   Ioheavy              :                             0 
	   Memory (MB)          :   20448       20480     20480 
...
