000 (112171411.160.000) 05/03 11:53:31 Job submitted from host: <128.104.100.44:9618?addrs=128.104.100.44-9618+[2607-f388-107c-501-90e2-baff-fe2c-2724]-9618&noUDP&sock=4699_0235_3>
...
001 (112171411.160.000) 05/03 16:47:16 Job executing on host: <128.105.245.137:9618?addrs=128.105.245.137-9618&noUDP&sock=5431_caf1_46>
...
006 (112171411.160.000) 05/03 16:47:24 Image size of job updated: 628
	1  -  MemoryUsage of job (MB)
	628  -  ResidentSetSize of job (KB)
...
006 (112171411.160.000) 05/03 16:52:25 Image size of job updated: 656
	1  -  MemoryUsage of job (MB)
	656  -  ResidentSetSize of job (KB)
...
006 (112171411.160.000) 05/03 16:57:26 Image size of job updated: 415836
	330  -  MemoryUsage of job (MB)
	337840  -  ResidentSetSize of job (KB)
...
006 (112171411.160.000) 05/03 17:02:26 Image size of job updated: 837780
	742  -  MemoryUsage of job (MB)
	759728  -  ResidentSetSize of job (KB)
...
006 (112171411.160.000) 05/03 17:07:26 Image size of job updated: 1290856
	1185  -  MemoryUsage of job (MB)
	1212804  -  ResidentSetSize of job (KB)
...
006 (112171411.160.000) 05/03 17:12:26 Image size of job updated: 1874184
	1755  -  MemoryUsage of job (MB)
	1796132  -  ResidentSetSize of job (KB)
...
006 (112171411.160.000) 05/03 17:17:26 Image size of job updated: 2532752
	2398  -  MemoryUsage of job (MB)
	2454700  -  ResidentSetSize of job (KB)
...
006 (112171411.160.000) 05/03 17:22:27 Image size of job updated: 3237308
	3086  -  MemoryUsage of job (MB)
	3159256  -  ResidentSetSize of job (KB)
...
006 (112171411.160.000) 05/03 17:27:28 Image size of job updated: 4106404
	3934  -  MemoryUsage of job (MB)
	4028352  -  ResidentSetSize of job (KB)
...
006 (112171411.160.000) 05/03 17:32:28 Image size of job updated: 4943512
	4752  -  MemoryUsage of job (MB)
	4865460  -  ResidentSetSize of job (KB)
...
006 (112171411.160.000) 05/03 17:37:28 Image size of job updated: 5757660
	5547  -  MemoryUsage of job (MB)
	5679608  -  ResidentSetSize of job (KB)
...
006 (112171411.160.000) 05/03 17:42:29 Image size of job updated: 6596764
	6366  -  MemoryUsage of job (MB)
	6518712  -  ResidentSetSize of job (KB)
...
006 (112171411.160.000) 05/03 17:47:29 Image size of job updated: 7320508
	7073  -  MemoryUsage of job (MB)
	7242456  -  ResidentSetSize of job (KB)
...
006 (112171411.160.000) 05/03 17:52:30 Image size of job updated: 8121296
	7855  -  MemoryUsage of job (MB)
	8043244  -  ResidentSetSize of job (KB)
...
006 (112171411.160.000) 05/03 17:57:30 Image size of job updated: 8806232
	8524  -  MemoryUsage of job (MB)
	8728180  -  ResidentSetSize of job (KB)
...
006 (112171411.160.000) 05/03 18:02:31 Image size of job updated: 9533284
	9234  -  MemoryUsage of job (MB)
	9455232  -  ResidentSetSize of job (KB)
...
006 (112171411.160.000) 05/03 18:07:31 Image size of job updated: 10107724
	9795  -  MemoryUsage of job (MB)
	10029672  -  ResidentSetSize of job (KB)
...
006 (112171411.160.000) 05/03 18:12:31 Image size of job updated: 10762200
	10434  -  MemoryUsage of job (MB)
	10684148  -  ResidentSetSize of job (KB)
...
006 (112171411.160.000) 05/03 18:17:32 Image size of job updated: 11325744
	10985  -  MemoryUsage of job (MB)
	11247692  -  ResidentSetSize of job (KB)
...
006 (112171411.160.000) 05/03 18:22:32 Image size of job updated: 12032684
	11675  -  MemoryUsage of job (MB)
	11954632  -  ResidentSetSize of job (KB)
...
006 (112171411.160.000) 05/03 18:27:33 Image size of job updated: 12585348
	12215  -  MemoryUsage of job (MB)
	12507296  -  ResidentSetSize of job (KB)
...
006 (112171411.160.000) 05/03 18:32:34 Image size of job updated: 13242512
	12856  -  MemoryUsage of job (MB)
	13164460  -  ResidentSetSize of job (KB)
...
006 (112171411.160.000) 05/03 18:37:35 Image size of job updated: 13864128
	13463  -  MemoryUsage of job (MB)
	13786076  -  ResidentSetSize of job (KB)
...
006 (112171411.160.000) 05/03 18:42:36 Image size of job updated: 14488844
	14074  -  MemoryUsage of job (MB)
	14410792  -  ResidentSetSize of job (KB)
...
006 (112171411.160.000) 05/03 18:47:37 Image size of job updated: 15090892
	14661  -  MemoryUsage of job (MB)
	15012840  -  ResidentSetSize of job (KB)
...
006 (112171411.160.000) 05/03 18:52:36 Image size of job updated: 15690196
	15246  -  MemoryUsage of job (MB)
	15611576  -  ResidentSetSize of job (KB)
...
006 (112171411.160.000) 05/03 18:57:36 Image size of job updated: 16346052
	15886  -  MemoryUsage of job (MB)
	16266408  -  ResidentSetSize of job (KB)
...
006 (112171411.160.000) 05/03 19:02:36 Image size of job updated: 16984664
	16509  -  MemoryUsage of job (MB)
	16904948  -  ResidentSetSize of job (KB)
...
006 (112171411.160.000) 05/03 19:07:37 Image size of job updated: 17545320
	17054  -  MemoryUsage of job (MB)
	17462948  -  ResidentSetSize of job (KB)
...
006 (112171411.160.000) 05/03 19:12:38 Image size of job updated: 18304452
	17787  -  MemoryUsage of job (MB)
	18213796  -  ResidentSetSize of job (KB)
...
006 (112171411.160.000) 05/03 19:17:37 Image size of job updated: 18964328
	18429  -  MemoryUsage of job (MB)
	18870848  -  ResidentSetSize of job (KB)
...
006 (112171411.160.000) 05/03 19:22:38 Image size of job updated: 19676944
	19123  -  MemoryUsage of job (MB)
	19581828  -  ResidentSetSize of job (KB)
...
006 (112171411.160.000) 05/03 19:27:38 Image size of job updated: 20313900
	19724  -  MemoryUsage of job (MB)
	20196792  -  ResidentSetSize of job (KB)
...
006 (112171411.160.000) 05/03 19:32:39 Image size of job updated: 20978856
	20272  -  MemoryUsage of job (MB)
	20758160  -  ResidentSetSize of job (KB)
...
006 (112171411.160.000) 05/03 19:37:40 Image size of job updated: 21428652
	20429  -  MemoryUsage of job (MB)
	20918968  -  ResidentSetSize of job (KB)
...
006 (112171411.160.000) 05/03 19:42:41 Image size of job updated: 21988952
	20446  -  MemoryUsage of job (MB)
	20936304  -  ResidentSetSize of job (KB)
...
006 (112171411.160.000) 05/03 19:47:41 Image size of job updated: 22385900
	20446  -  MemoryUsage of job (MB)
	20936384  -  ResidentSetSize of job (KB)
...
006 (112171411.160.000) 05/03 19:52:42 Image size of job updated: 22694180
	20453  -  MemoryUsage of job (MB)
	20943404  -  ResidentSetSize of job (KB)
...
005 (112171411.160.000) 05/03 19:56:34 Job terminated.
	(1) Normal termination (return value 0)
		Usr 0 02:41:13, Sys 0 00:05:30  -  Run Remote Usage
		Usr 0 00:00:00, Sys 0 00:00:00  -  Run Local Usage
		Usr 0 02:41:13, Sys 0 00:05:30  -  Total Remote Usage
		Usr 0 00:00:00, Sys 0 00:00:00  -  Total Local Usage
	24486040  -  Run Bytes Sent By Job
	1780307328  -  Run Bytes Received By Job
	24486040  -  Total Bytes Sent By Job
	1780307328  -  Total Bytes Received By Job
	Partitionable Resources :      Usage  Request Allocated 
	   Cpus                 :       0.00        1         1 
	   Disk (KB)            : 6853666    20971520  20982081 
	   Ioheavy              :                             0 
	   Memory (MB)          :   20453       20480     20480 
...
