000 (111367109.084.000) 04/22 22:38:18 Job submitted from host: <128.104.100.44:9618?addrs=128.104.100.44-9618+[2607-f388-107c-501-90e2-baff-fe2c-2724]-9618&noUDP&sock=1497440_afb9_3>
...
001 (111367109.084.000) 04/23 04:58:03 Job executing on host: <128.105.245.168:9618?addrs=128.105.245.168-9618&noUDP&sock=5474_4983_3>
...
006 (111367109.084.000) 04/23 04:58:12 Image size of job updated: 624
	1  -  MemoryUsage of job (MB)
	624  -  ResidentSetSize of job (KB)
...
006 (111367109.084.000) 04/23 05:03:14 Image size of job updated: 632
	1  -  MemoryUsage of job (MB)
	632  -  ResidentSetSize of job (KB)
...
006 (111367109.084.000) 04/23 05:08:15 Image size of job updated: 648
	1  -  MemoryUsage of job (MB)
	648  -  ResidentSetSize of job (KB)
...
006 (111367109.084.000) 04/23 05:13:16 Image size of job updated: 652
	1  -  MemoryUsage of job (MB)
	652  -  ResidentSetSize of job (KB)
...
006 (111367109.084.000) 04/23 05:28:27 Image size of job updated: 656
	1  -  MemoryUsage of job (MB)
	656  -  ResidentSetSize of job (KB)
...
006 (111367109.084.000) 04/23 05:33:18 Image size of job updated: 668
	1  -  MemoryUsage of job (MB)
	668  -  ResidentSetSize of job (KB)
...
006 (111367109.084.000) 04/23 05:38:18 Image size of job updated: 470188
	383  -  MemoryUsage of job (MB)
	392192  -  ResidentSetSize of job (KB)
...
006 (111367109.084.000) 04/23 05:43:19 Image size of job updated: 775900
	682  -  MemoryUsage of job (MB)
	697868  -  ResidentSetSize of job (KB)
...
006 (111367109.084.000) 04/23 05:48:19 Image size of job updated: 1094884
	993  -  MemoryUsage of job (MB)
	1016832  -  ResidentSetSize of job (KB)
...
006 (111367109.084.000) 04/23 05:53:20 Image size of job updated: 1501828
	1391  -  MemoryUsage of job (MB)
	1423776  -  ResidentSetSize of job (KB)
...
006 (111367109.084.000) 04/23 05:58:23 Image size of job updated: 1821940
	1704  -  MemoryUsage of job (MB)
	1743888  -  ResidentSetSize of job (KB)
...
006 (111367109.084.000) 04/23 06:03:21 Image size of job updated: 1963248
	1842  -  MemoryUsage of job (MB)
	1885196  -  ResidentSetSize of job (KB)
...
006 (111367109.084.000) 04/23 06:08:22 Image size of job updated: 2350324
	2220  -  MemoryUsage of job (MB)
	2272272  -  ResidentSetSize of job (KB)
...
006 (111367109.084.000) 04/23 06:13:23 Image size of job updated: 3065076
	2918  -  MemoryUsage of job (MB)
	2987024  -  ResidentSetSize of job (KB)
...
006 (111367109.084.000) 04/23 06:18:22 Image size of job updated: 4142380
	3970  -  MemoryUsage of job (MB)
	4064328  -  ResidentSetSize of job (KB)
...
006 (111367109.084.000) 04/23 06:23:23 Image size of job updated: 4914796
	4724  -  MemoryUsage of job (MB)
	4836744  -  ResidentSetSize of job (KB)
...
006 (111367109.084.000) 04/23 06:28:23 Image size of job updated: 5606644
	5400  -  MemoryUsage of job (MB)
	5528592  -  ResidentSetSize of job (KB)
...
006 (111367109.084.000) 04/23 06:33:24 Image size of job updated: 6445656
	6219  -  MemoryUsage of job (MB)
	6367604  -  ResidentSetSize of job (KB)
...
006 (111367109.084.000) 04/23 06:38:25 Image size of job updated: 7212212
	6967  -  MemoryUsage of job (MB)
	7134160  -  ResidentSetSize of job (KB)
...
006 (111367109.084.000) 04/23 06:43:25 Image size of job updated: 7874704
	7614  -  MemoryUsage of job (MB)
	7796652  -  ResidentSetSize of job (KB)
...
006 (111367109.084.000) 04/23 06:48:30 Image size of job updated: 8442652
	8169  -  MemoryUsage of job (MB)
	8364600  -  ResidentSetSize of job (KB)
...
006 (111367109.084.000) 04/23 06:53:26 Image size of job updated: 9052188
	8764  -  MemoryUsage of job (MB)
	8974136  -  ResidentSetSize of job (KB)
...
006 (111367109.084.000) 04/23 06:58:26 Image size of job updated: 9571544
	9271  -  MemoryUsage of job (MB)
	9493492  -  ResidentSetSize of job (KB)
...
006 (111367109.084.000) 04/23 07:03:26 Image size of job updated: 10275048
	9959  -  MemoryUsage of job (MB)
	10196996  -  ResidentSetSize of job (KB)
...
006 (111367109.084.000) 04/23 07:08:27 Image size of job updated: 10914276
	10583  -  MemoryUsage of job (MB)
	10836224  -  ResidentSetSize of job (KB)
...
006 (111367109.084.000) 04/23 07:13:28 Image size of job updated: 11725972
	11375  -  MemoryUsage of job (MB)
	11647920  -  ResidentSetSize of job (KB)
...
006 (111367109.084.000) 04/23 07:18:28 Image size of job updated: 12411764
	12045  -  MemoryUsage of job (MB)
	12333712  -  ResidentSetSize of job (KB)
...
006 (111367109.084.000) 04/23 07:23:28 Image size of job updated: 13154380
	12770  -  MemoryUsage of job (MB)
	13076328  -  ResidentSetSize of job (KB)
...
006 (111367109.084.000) 04/23 07:28:30 Image size of job updated: 13791396
	13392  -  MemoryUsage of job (MB)
	13713140  -  ResidentSetSize of job (KB)
...
006 (111367109.084.000) 04/23 07:33:29 Image size of job updated: 14540276
	14124  -  MemoryUsage of job (MB)
	14462092  -  ResidentSetSize of job (KB)
...
006 (111367109.084.000) 04/23 07:38:31 Image size of job updated: 15200928
	14769  -  MemoryUsage of job (MB)
	15122452  -  ResidentSetSize of job (KB)
...
006 (111367109.084.000) 04/23 07:43:30 Image size of job updated: 15958676
	15508  -  MemoryUsage of job (MB)
	15879528  -  ResidentSetSize of job (KB)
...
006 (111367109.084.000) 04/23 07:48:32 Image size of job updated: 16603312
	16137  -  MemoryUsage of job (MB)
	16523840  -  ResidentSetSize of job (KB)
...
006 (111367109.084.000) 04/23 07:53:32 Image size of job updated: 17281060
	16798  -  MemoryUsage of job (MB)
	17200968  -  ResidentSetSize of job (KB)
...
006 (111367109.084.000) 04/23 07:58:32 Image size of job updated: 17838624
	17340  -  MemoryUsage of job (MB)
	17755544  -  ResidentSetSize of job (KB)
...
006 (111367109.084.000) 04/23 08:03:35 Image size of job updated: 18326760
	17811  -  MemoryUsage of job (MB)
	18237980  -  ResidentSetSize of job (KB)
...
006 (111367109.084.000) 04/23 08:08:35 Image size of job updated: 19124864
	18582  -  MemoryUsage of job (MB)
	19027356  -  ResidentSetSize of job (KB)
...
006 (111367109.084.000) 04/23 08:13:35 Image size of job updated: 19571244
	19016  -  MemoryUsage of job (MB)
	19472380  -  ResidentSetSize of job (KB)
...
006 (111367109.084.000) 04/23 08:18:36 Image size of job updated: 19922956
	19351  -  MemoryUsage of job (MB)
	19814680  -  ResidentSetSize of job (KB)
...
006 (111367109.084.000) 04/23 08:23:37 Image size of job updated: 20181336
	19601  -  MemoryUsage of job (MB)
	20071012  -  ResidentSetSize of job (KB)
...
006 (111367109.084.000) 04/23 08:28:38 Image size of job updated: 20522472
	19924  -  MemoryUsage of job (MB)
	20401768  -  ResidentSetSize of job (KB)
...
006 (111367109.084.000) 04/23 08:33:39 Image size of job updated: 20701012
	20086  -  MemoryUsage of job (MB)
	20567060  -  ResidentSetSize of job (KB)
...
006 (111367109.084.000) 04/23 08:38:40 Image size of job updated: 20890308
	20242  -  MemoryUsage of job (MB)
	20727760  -  ResidentSetSize of job (KB)
...
006 (111367109.084.000) 04/23 08:43:40 Image size of job updated: 21007588
	20309  -  MemoryUsage of job (MB)
	20796220  -  ResidentSetSize of job (KB)
...
006 (111367109.084.000) 04/23 08:48:40 Image size of job updated: 21223400
	20405  -  MemoryUsage of job (MB)
	20894196  -  ResidentSetSize of job (KB)
...
006 (111367109.084.000) 04/23 08:53:41 Image size of job updated: 21418076
	20448  -  MemoryUsage of job (MB)
	20938276  -  ResidentSetSize of job (KB)
...
006 (111367109.084.000) 04/23 08:58:42 Image size of job updated: 21489744
	20448  -  MemoryUsage of job (MB)
	20938276  -  ResidentSetSize of job (KB)
...
006 (111367109.084.000) 04/23 09:03:42 Image size of job updated: 21564636
	20448  -  MemoryUsage of job (MB)
	20938276  -  ResidentSetSize of job (KB)
...
006 (111367109.084.000) 04/23 09:08:42 Image size of job updated: 21636188
	20448  -  MemoryUsage of job (MB)
	20938276  -  ResidentSetSize of job (KB)
...
006 (111367109.084.000) 04/23 09:13:44 Image size of job updated: 21773828
	20457  -  MemoryUsage of job (MB)
	20947816  -  ResidentSetSize of job (KB)
...
006 (111367109.084.000) 04/23 09:18:45 Image size of job updated: 21838132
	20457  -  MemoryUsage of job (MB)
	20947816  -  ResidentSetSize of job (KB)
...
006 (111367109.084.000) 04/23 09:23:44 Image size of job updated: 21929116
	20457  -  MemoryUsage of job (MB)
	20947816  -  ResidentSetSize of job (KB)
...
