000 (112171411.148.000) 05/03 11:53:31 Job submitted from host: <128.104.100.44:9618?addrs=128.104.100.44-9618+[2607-f388-107c-501-90e2-baff-fe2c-2724]-9618&noUDP&sock=4699_0235_3>
...
001 (112171411.148.000) 05/03 16:57:31 Job executing on host: <128.105.245.224:9618?addrs=128.105.245.224-9618&noUDP&sock=5442_567c_3>
...
006 (112171411.148.000) 05/03 16:57:40 Image size of job updated: 612
	1  -  MemoryUsage of job (MB)
	612  -  ResidentSetSize of job (KB)
...
006 (112171411.148.000) 05/03 17:02:41 Image size of job updated: 620
	1  -  MemoryUsage of job (MB)
	620  -  ResidentSetSize of job (KB)
...
006 (112171411.148.000) 05/03 17:12:43 Image size of job updated: 624
	1  -  MemoryUsage of job (MB)
	624  -  ResidentSetSize of job (KB)
...
006 (112171411.148.000) 05/03 17:17:46 Image size of job updated: 640
	1  -  MemoryUsage of job (MB)
	640  -  ResidentSetSize of job (KB)
...
006 (112171411.148.000) 05/03 17:27:50 Image size of job updated: 644
	1  -  MemoryUsage of job (MB)
	644  -  ResidentSetSize of job (KB)
...
006 (112171411.148.000) 05/03 18:22:56 Image size of job updated: 648
	1  -  MemoryUsage of job (MB)
	648  -  ResidentSetSize of job (KB)
...
006 (112171411.148.000) 05/03 18:37:54 Image size of job updated: 652
	1  -  MemoryUsage of job (MB)
	652  -  ResidentSetSize of job (KB)
...
006 (112171411.148.000) 05/03 18:42:55 Image size of job updated: 660
	1  -  MemoryUsage of job (MB)
	660  -  ResidentSetSize of job (KB)
...
006 (112171411.148.000) 05/03 19:07:59 Image size of job updated: 305488
	223  -  MemoryUsage of job (MB)
	227492  -  ResidentSetSize of job (KB)
...
006 (112171411.148.000) 05/03 19:13:01 Image size of job updated: 383776
	299  -  MemoryUsage of job (MB)
	305780  -  ResidentSetSize of job (KB)
...
006 (112171411.148.000) 05/03 19:18:01 Image size of job updated: 492780
	406  -  MemoryUsage of job (MB)
	414784  -  ResidentSetSize of job (KB)
...
006 (112171411.148.000) 05/03 19:23:02 Image size of job updated: 570848
	482  -  MemoryUsage of job (MB)
	492852  -  ResidentSetSize of job (KB)
...
006 (112171411.148.000) 05/03 19:28:03 Image size of job updated: 664032
	573  -  MemoryUsage of job (MB)
	586036  -  ResidentSetSize of job (KB)
...
006 (112171411.148.000) 05/03 19:33:04 Image size of job updated: 823172
	728  -  MemoryUsage of job (MB)
	745120  -  ResidentSetSize of job (KB)
...
006 (112171411.148.000) 05/03 19:38:05 Image size of job updated: 988652
	890  -  MemoryUsage of job (MB)
	910600  -  ResidentSetSize of job (KB)
...
006 (112171411.148.000) 05/03 19:43:05 Image size of job updated: 1077388
	976  -  MemoryUsage of job (MB)
	999336  -  ResidentSetSize of job (KB)
...
006 (112171411.148.000) 05/03 19:48:44 Image size of job updated: 1252884
	1148  -  MemoryUsage of job (MB)
	1174832  -  ResidentSetSize of job (KB)
...
006 (112171411.148.000) 05/03 19:53:07 Image size of job updated: 1379104
	1271  -  MemoryUsage of job (MB)
	1301052  -  ResidentSetSize of job (KB)
...
006 (112171411.148.000) 05/03 19:58:12 Image size of job updated: 1638964
	1525  -  MemoryUsage of job (MB)
	1560912  -  ResidentSetSize of job (KB)
...
006 (112171411.148.000) 05/03 20:03:07 Image size of job updated: 1884608
	1765  -  MemoryUsage of job (MB)
	1806556  -  ResidentSetSize of job (KB)
...
006 (112171411.148.000) 05/03 20:08:08 Image size of job updated: 2074680
	1950  -  MemoryUsage of job (MB)
	1996628  -  ResidentSetSize of job (KB)
...
006 (112171411.148.000) 05/03 20:13:08 Image size of job updated: 2374464
	2243  -  MemoryUsage of job (MB)
	2296412  -  ResidentSetSize of job (KB)
...
006 (112171411.148.000) 05/03 20:18:11 Image size of job updated: 2649940
	2512  -  MemoryUsage of job (MB)
	2571888  -  ResidentSetSize of job (KB)
...
006 (112171411.148.000) 05/03 20:23:10 Image size of job updated: 2808056
	2667  -  MemoryUsage of job (MB)
	2730004  -  ResidentSetSize of job (KB)
...
006 (112171411.148.000) 05/03 20:28:10 Image size of job updated: 3023592
	2877  -  MemoryUsage of job (MB)
	2945540  -  ResidentSetSize of job (KB)
...
006 (112171411.148.000) 05/03 20:33:10 Image size of job updated: 3341880
	3188  -  MemoryUsage of job (MB)
	3263828  -  ResidentSetSize of job (KB)
...
006 (112171411.148.000) 05/03 20:38:10 Image size of job updated: 3536464
	3378  -  MemoryUsage of job (MB)
	3458412  -  ResidentSetSize of job (KB)
...
006 (112171411.148.000) 05/03 20:43:11 Image size of job updated: 3698480
	3536  -  MemoryUsage of job (MB)
	3620428  -  ResidentSetSize of job (KB)
...
006 (112171411.148.000) 05/03 20:48:12 Image size of job updated: 3924996
	3757  -  MemoryUsage of job (MB)
	3846944  -  ResidentSetSize of job (KB)
...
006 (112171411.148.000) 05/03 20:53:13 Image size of job updated: 4177080
	4003  -  MemoryUsage of job (MB)
	4099028  -  ResidentSetSize of job (KB)
...
006 (112171411.148.000) 05/03 20:58:14 Image size of job updated: 4348212
	4171  -  MemoryUsage of job (MB)
	4270160  -  ResidentSetSize of job (KB)
...
006 (112171411.148.000) 05/03 21:03:15 Image size of job updated: 4563672
	4381  -  MemoryUsage of job (MB)
	4485620  -  ResidentSetSize of job (KB)
...
006 (112171411.148.000) 05/03 21:08:15 Image size of job updated: 4995636
	4803  -  MemoryUsage of job (MB)
	4917584  -  ResidentSetSize of job (KB)
...
006 (112171411.148.000) 05/03 21:13:15 Image size of job updated: 5676388
	5468  -  MemoryUsage of job (MB)
	5598336  -  ResidentSetSize of job (KB)
...
006 (112171411.148.000) 05/03 21:18:17 Image size of job updated: 6069036
	5851  -  MemoryUsage of job (MB)
	5990984  -  ResidentSetSize of job (KB)
...
006 (112171411.148.000) 05/03 21:23:17 Image size of job updated: 6354704
	6130  -  MemoryUsage of job (MB)
	6276652  -  ResidentSetSize of job (KB)
...
006 (112171411.148.000) 05/03 21:28:17 Image size of job updated: 6647692
	6416  -  MemoryUsage of job (MB)
	6569640  -  ResidentSetSize of job (KB)
...
006 (112171411.148.000) 05/03 21:33:17 Image size of job updated: 6891320
	6654  -  MemoryUsage of job (MB)
	6813268  -  ResidentSetSize of job (KB)
...
006 (112171411.148.000) 05/03 21:38:18 Image size of job updated: 7314624
	7067  -  MemoryUsage of job (MB)
	7236572  -  ResidentSetSize of job (KB)
...
006 (112171411.148.000) 05/03 21:43:19 Image size of job updated: 7751788
	7494  -  MemoryUsage of job (MB)
	7673736  -  ResidentSetSize of job (KB)
...
006 (112171411.148.000) 05/03 21:48:20 Image size of job updated: 8266212
	7997  -  MemoryUsage of job (MB)
	8188160  -  ResidentSetSize of job (KB)
...
006 (112171411.148.000) 05/03 21:53:20 Image size of job updated: 8705660
	8426  -  MemoryUsage of job (MB)
	8627608  -  ResidentSetSize of job (KB)
...
006 (112171411.148.000) 05/03 21:58:20 Image size of job updated: 9161108
	8871  -  MemoryUsage of job (MB)
	9083056  -  ResidentSetSize of job (KB)
...
006 (112171411.148.000) 05/03 22:03:21 Image size of job updated: 9744092
	9440  -  MemoryUsage of job (MB)
	9666040  -  ResidentSetSize of job (KB)
...
006 (112171411.148.000) 05/03 22:08:21 Image size of job updated: 10677464
	10351  -  MemoryUsage of job (MB)
	10599412  -  ResidentSetSize of job (KB)
...
006 (112171411.148.000) 05/03 22:13:22 Image size of job updated: 11698960
	11349  -  MemoryUsage of job (MB)
	11620908  -  ResidentSetSize of job (KB)
...
006 (112171411.148.000) 05/03 22:18:23 Image size of job updated: 12314060
	11950  -  MemoryUsage of job (MB)
	12236008  -  ResidentSetSize of job (KB)
...
006 (112171411.148.000) 05/03 22:23:23 Image size of job updated: 12571336
	12201  -  MemoryUsage of job (MB)
	12493284  -  ResidentSetSize of job (KB)
...
006 (112171411.148.000) 05/03 22:28:32 Image size of job updated: 12936712
	12558  -  MemoryUsage of job (MB)
	12858660  -  ResidentSetSize of job (KB)
...
006 (112171411.148.000) 05/03 22:33:24 Image size of job updated: 13240448
	12854  -  MemoryUsage of job (MB)
	13162396  -  ResidentSetSize of job (KB)
...
006 (112171411.148.000) 05/03 22:38:25 Image size of job updated: 14034428
	13630  -  MemoryUsage of job (MB)
	13956376  -  ResidentSetSize of job (KB)
...
006 (112171411.148.000) 05/03 22:43:25 Image size of job updated: 14940920
	14515  -  MemoryUsage of job (MB)
	14862868  -  ResidentSetSize of job (KB)
...
006 (112171411.148.000) 05/03 22:48:26 Image size of job updated: 15965700
	15514  -  MemoryUsage of job (MB)
	15885788  -  ResidentSetSize of job (KB)
...
006 (112171411.148.000) 05/03 22:53:27 Image size of job updated: 17022228
	16543  -  MemoryUsage of job (MB)
	16939548  -  ResidentSetSize of job (KB)
...
006 (112171411.148.000) 05/03 22:58:27 Image size of job updated: 17976096
	17471  -  MemoryUsage of job (MB)
	17890040  -  ResidentSetSize of job (KB)
...
006 (112171411.148.000) 05/03 23:03:27 Image size of job updated: 19058620
	18523  -  MemoryUsage of job (MB)
	18967200  -  ResidentSetSize of job (KB)
...
006 (112171411.148.000) 05/03 23:08:27 Image size of job updated: 19905992
	19323  -  MemoryUsage of job (MB)
	19786728  -  ResidentSetSize of job (KB)
...
006 (112171411.148.000) 05/03 23:13:28 Image size of job updated: 20809616
	20151  -  MemoryUsage of job (MB)
	20634048  -  ResidentSetSize of job (KB)
...
006 (112171411.148.000) 05/03 23:18:30 Image size of job updated: 21754852
	20446  -  MemoryUsage of job (MB)
	20936400  -  ResidentSetSize of job (KB)
...
006 (112171411.148.000) 05/03 23:23:30 Image size of job updated: 22542664
	20446  -  MemoryUsage of job (MB)
	20936400  -  ResidentSetSize of job (KB)
...
006 (112171411.148.000) 05/03 23:27:10 Image size of job updated: 23007540
	20446  -  MemoryUsage of job (MB)
	20936400  -  ResidentSetSize of job (KB)
...
005 (112171411.148.000) 05/03 23:27:12 Job terminated.
	(1) Normal termination (return value 0)
		Usr 0 01:49:18, Sys 0 00:02:05  -  Run Remote Usage
		Usr 0 00:00:00, Sys 0 00:00:00  -  Run Local Usage
		Usr 0 01:49:18, Sys 0 00:02:05  -  Total Remote Usage
		Usr 0 00:00:00, Sys 0 00:00:00  -  Total Local Usage
	24575462  -  Run Bytes Sent By Job
	1780307328  -  Run Bytes Received By Job
	24575462  -  Total Bytes Sent By Job
	1780307328  -  Total Bytes Received By Job
	Partitionable Resources :      Usage  Request Allocated 
	   Cpus                 :       1.00        1         1 
	   Disk (KB)            : 6853753    20971520  21195148 
	   Ioheavy              :                             0 
	   Memory (MB)          :   20446       20480     20480 
...
