000 (112025886.007.000) 04/30 21:55:26 Job submitted from host: <128.104.100.44:9618?addrs=128.104.100.44-9618+[2607-f388-107c-501-90e2-baff-fe2c-2724]-9618&noUDP&sock=4699_0235_3>
...
001 (112025886.007.000) 05/01 06:18:16 Job executing on host: <128.105.245.181:9618?addrs=128.105.245.181-9618&noUDP&sock=5448_740d_3>
...
006 (112025886.007.000) 05/01 06:18:27 Image size of job updated: 624
	1  -  MemoryUsage of job (MB)
	624  -  ResidentSetSize of job (KB)
...
006 (112025886.007.000) 05/01 06:23:29 Image size of job updated: 628
	1  -  MemoryUsage of job (MB)
	628  -  ResidentSetSize of job (KB)
...
006 (112025886.007.000) 05/01 06:28:29 Image size of job updated: 652
	1  -  MemoryUsage of job (MB)
	652  -  ResidentSetSize of job (KB)
...
006 (112025886.007.000) 05/01 06:33:30 Image size of job updated: 300848
	218  -  MemoryUsage of job (MB)
	222852  -  ResidentSetSize of job (KB)
...
006 (112025886.007.000) 05/01 06:38:31 Image size of job updated: 719160
	627  -  MemoryUsage of job (MB)
	641164  -  ResidentSetSize of job (KB)
...
006 (112025886.007.000) 05/01 06:43:32 Image size of job updated: 1153392
	1051  -  MemoryUsage of job (MB)
	1075340  -  ResidentSetSize of job (KB)
...
006 (112025886.007.000) 05/01 06:48:36 Image size of job updated: 1704788
	1589  -  MemoryUsage of job (MB)
	1626736  -  ResidentSetSize of job (KB)
...
006 (112025886.007.000) 05/01 06:53:32 Image size of job updated: 2197640
	2070  -  MemoryUsage of job (MB)
	2119588  -  ResidentSetSize of job (KB)
...
006 (112025886.007.000) 05/01 06:58:34 Image size of job updated: 2921248
	2777  -  MemoryUsage of job (MB)
	2843196  -  ResidentSetSize of job (KB)
...
006 (112025886.007.000) 05/01 07:03:34 Image size of job updated: 4028240
	3858  -  MemoryUsage of job (MB)
	3950188  -  ResidentSetSize of job (KB)
...
006 (112025886.007.000) 05/01 07:08:34 Image size of job updated: 4915588
	4725  -  MemoryUsage of job (MB)
	4837536  -  ResidentSetSize of job (KB)
...
006 (112025886.007.000) 05/01 07:13:35 Image size of job updated: 5849864
	5637  -  MemoryUsage of job (MB)
	5771812  -  ResidentSetSize of job (KB)
...
006 (112025886.007.000) 05/01 07:18:36 Image size of job updated: 6818080
	6583  -  MemoryUsage of job (MB)
	6740028  -  ResidentSetSize of job (KB)
...
006 (112025886.007.000) 05/01 07:23:37 Image size of job updated: 7703496
	7447  -  MemoryUsage of job (MB)
	7625444  -  ResidentSetSize of job (KB)
...
006 (112025886.007.000) 05/01 07:28:37 Image size of job updated: 8486580
	8212  -  MemoryUsage of job (MB)
	8408528  -  ResidentSetSize of job (KB)
...
006 (112025886.007.000) 05/01 07:33:00 Image size of job updated: 9206116
	8214  -  MemoryUsage of job (MB)
	8410824  -  ResidentSetSize of job (KB)
...
005 (112025886.007.000) 05/01 07:33:02 Job terminated.
	(1) Normal termination (return value 0)
		Usr 0 00:54:14, Sys 0 00:00:49  -  Run Remote Usage
		Usr 0 00:00:00, Sys 0 00:00:00  -  Run Local Usage
		Usr 0 00:54:14, Sys 0 00:00:49  -  Total Remote Usage
		Usr 0 00:00:00, Sys 0 00:00:00  -  Total Local Usage
	12096333  -  Run Bytes Sent By Job
	1780295680  -  Run Bytes Received By Job
	12096333  -  Total Bytes Sent By Job
	1780295680  -  Total Bytes Received By Job
	Partitionable Resources :      Usage  Request Allocated 
	   Cpus                 :       0.99        1         1 
	   Disk (KB)            : 6873241    20971520  21354304 
	   Ioheavy              :                             0 
	   Memory (MB)          :    8214       20480     20480 
...
