000 (112025886.126.000) 04/30 21:55:26 Job submitted from host: <128.104.100.44:9618?addrs=128.104.100.44-9618+[2607-f388-107c-501-90e2-baff-fe2c-2724]-9618&noUDP&sock=4699_0235_3>
...
001 (112025886.126.000) 05/01 08:29:18 Job executing on host: <128.105.245.177:9618?addrs=128.105.245.177-9618&noUDP&sock=5454_919e_46>
...
006 (112025886.126.000) 05/01 08:29:26 Image size of job updated: 632
	1  -  MemoryUsage of job (MB)
	632  -  ResidentSetSize of job (KB)
...
006 (112025886.126.000) 05/01 08:34:27 Image size of job updated: 660
	1  -  MemoryUsage of job (MB)
	660  -  ResidentSetSize of job (KB)
...
006 (112025886.126.000) 05/01 08:39:28 Image size of job updated: 332032
	249  -  MemoryUsage of job (MB)
	254036  -  ResidentSetSize of job (KB)
...
006 (112025886.126.000) 05/01 08:44:29 Image size of job updated: 740476
	647  -  MemoryUsage of job (MB)
	662480  -  ResidentSetSize of job (KB)
...
006 (112025886.126.000) 05/01 08:44:57 Image size of job updated: 772408
	649  -  MemoryUsage of job (MB)
	664528  -  ResidentSetSize of job (KB)
...
005 (112025886.126.000) 05/01 08:45:13 Job terminated.
	(1) Normal termination (return value 0)
		Usr 0 00:07:13, Sys 0 00:00:22  -  Run Remote Usage
		Usr 0 00:00:00, Sys 0 00:00:00  -  Run Local Usage
		Usr 0 00:07:13, Sys 0 00:00:22  -  Total Remote Usage
		Usr 0 00:00:00, Sys 0 00:00:00  -  Total Local Usage
	1346596  -  Run Bytes Sent By Job
	1780295680  -  Run Bytes Received By Job
	1346596  -  Total Bytes Sent By Job
	1780295680  -  Total Bytes Received By Job
	Partitionable Resources :      Usage  Request Allocated 
	   Cpus                 :       0.97        1         1 
	   Disk (KB)            : 6832880    20971520  21411414 
	   Ioheavy              :                             0 
	   Memory (MB)          :     649       20480     20480 
...
