000 (112025886.179.000) 04/30 21:55:26 Job submitted from host: <128.104.100.44:9618?addrs=128.104.100.44-9618+[2607-f388-107c-501-90e2-baff-fe2c-2724]-9618&noUDP&sock=4699_0235_3>
...
001 (112025886.179.000) 05/01 09:09:56 Job executing on host: <128.105.245.64:9618?addrs=128.105.245.64-9618&noUDP&sock=4562_bb24_3>
...
006 (112025886.179.000) 05/01 09:10:05 Image size of job updated: 636
	1  -  MemoryUsage of job (MB)
	636  -  ResidentSetSize of job (KB)
...
006 (112025886.179.000) 05/01 09:15:07 Image size of job updated: 296396
	214  -  MemoryUsage of job (MB)
	218400  -  ResidentSetSize of job (KB)
...
006 (112025886.179.000) 05/01 09:20:07 Image size of job updated: 731760
	639  -  MemoryUsage of job (MB)
	653764  -  ResidentSetSize of job (KB)
...
006 (112025886.179.000) 05/01 09:25:07 Image size of job updated: 1196580
	1093  -  MemoryUsage of job (MB)
	1118528  -  ResidentSetSize of job (KB)
...
006 (112025886.179.000) 05/01 09:30:07 Image size of job updated: 1817292
	1699  -  MemoryUsage of job (MB)
	1739240  -  ResidentSetSize of job (KB)
...
006 (112025886.179.000) 05/01 09:35:08 Image size of job updated: 2486760
	2353  -  MemoryUsage of job (MB)
	2408708  -  ResidentSetSize of job (KB)
...
006 (112025886.179.000) 05/01 09:38:31 Image size of job updated: 2975756
	2353  -  MemoryUsage of job (MB)
	2408708  -  ResidentSetSize of job (KB)
...
005 (112025886.179.000) 05/01 09:38:54 Job terminated.
	(1) Normal termination (return value 0)
		Usr 0 00:24:02, Sys 0 00:00:29  -  Run Remote Usage
		Usr 0 00:00:00, Sys 0 00:00:00  -  Run Local Usage
		Usr 0 00:24:02, Sys 0 00:00:29  -  Total Remote Usage
		Usr 0 00:00:00, Sys 0 00:00:00  -  Total Local Usage
	6333488  -  Run Bytes Sent By Job
	1780295680  -  Run Bytes Received By Job
	6333488  -  Total Bytes Sent By Job
	1780295680  -  Total Bytes Received By Job
	Partitionable Resources :      Usage  Request Allocated 
	   Cpus                 :       0.50        1         1 
	   Disk (KB)            : 6839094    20971520  21330417 
	   Ioheavy              :                             0 
	   Memory (MB)          :    2353       20480     20480 
...
