000 (112171411.159.000) 05/03 11:53:31 Job submitted from host: <128.104.100.44:9618?addrs=128.104.100.44-9618+[2607-f388-107c-501-90e2-baff-fe2c-2724]-9618&noUDP&sock=4699_0235_3>
...
001 (112171411.159.000) 05/03 16:44:36 Job executing on host: <128.105.245.253:9618?addrs=128.105.245.253-9618&noUDP&sock=5429_6bc0_3>
...
006 (112171411.159.000) 05/03 16:44:45 Image size of job updated: 628
	1  -  MemoryUsage of job (MB)
	628  -  ResidentSetSize of job (KB)
...
006 (112171411.159.000) 05/03 16:49:47 Image size of job updated: 320308
	237  -  MemoryUsage of job (MB)
	242312  -  ResidentSetSize of job (KB)
...
006 (112171411.159.000) 05/03 16:54:47 Image size of job updated: 649048
	558  -  MemoryUsage of job (MB)
	571052  -  ResidentSetSize of job (KB)
...
006 (112171411.159.000) 05/03 16:59:48 Image size of job updated: 1048364
	948  -  MemoryUsage of job (MB)
	970312  -  ResidentSetSize of job (KB)
...
006 (112171411.159.000) 05/03 17:04:48 Image size of job updated: 1515940
	1405  -  MemoryUsage of job (MB)
	1437888  -  ResidentSetSize of job (KB)
...
006 (112171411.159.000) 05/03 17:09:49 Image size of job updated: 2085612
	1961  -  MemoryUsage of job (MB)
	2007560  -  ResidentSetSize of job (KB)
...
006 (112171411.159.000) 05/03 17:14:49 Image size of job updated: 2747464
	2607  -  MemoryUsage of job (MB)
	2669412  -  ResidentSetSize of job (KB)
...
006 (112171411.159.000) 05/03 17:19:49 Image size of job updated: 3489732
	3332  -  MemoryUsage of job (MB)
	3411680  -  ResidentSetSize of job (KB)
...
006 (112171411.159.000) 05/03 17:24:50 Image size of job updated: 4265108
	4089  -  MemoryUsage of job (MB)
	4187056  -  ResidentSetSize of job (KB)
...
006 (112171411.159.000) 05/03 17:29:51 Image size of job updated: 4966124
	4774  -  MemoryUsage of job (MB)
	4888072  -  ResidentSetSize of job (KB)
...
006 (112171411.159.000) 05/03 17:34:52 Image size of job updated: 5679300
	5470  -  MemoryUsage of job (MB)
	5601248  -  ResidentSetSize of job (KB)
...
006 (112171411.159.000) 05/03 17:39:53 Image size of job updated: 6448248
	6221  -  MemoryUsage of job (MB)
	6370196  -  ResidentSetSize of job (KB)
...
006 (112171411.159.000) 05/03 17:44:53 Image size of job updated: 7153688
	6910  -  MemoryUsage of job (MB)
	7075636  -  ResidentSetSize of job (KB)
...
006 (112171411.159.000) 05/03 17:49:53 Image size of job updated: 7884560
	7624  -  MemoryUsage of job (MB)
	7806508  -  ResidentSetSize of job (KB)
...
006 (112171411.159.000) 05/03 17:54:54 Image size of job updated: 8598760
	8322  -  MemoryUsage of job (MB)
	8520708  -  ResidentSetSize of job (KB)
...
006 (112171411.159.000) 05/03 17:59:54 Image size of job updated: 9312304
	9018  -  MemoryUsage of job (MB)
	9234252  -  ResidentSetSize of job (KB)
...
006 (112171411.159.000) 05/03 18:04:55 Image size of job updated: 9969752
	9660  -  MemoryUsage of job (MB)
	9891700  -  ResidentSetSize of job (KB)
...
006 (112171411.159.000) 05/03 18:09:55 Image size of job updated: 10533576
	10211  -  MemoryUsage of job (MB)
	10455524  -  ResidentSetSize of job (KB)
...
006 (112171411.159.000) 05/03 18:14:55 Image size of job updated: 11112936
	10777  -  MemoryUsage of job (MB)
	11034884  -  ResidentSetSize of job (KB)
...
006 (112171411.159.000) 05/03 18:19:55 Image size of job updated: 11665448
	11316  -  MemoryUsage of job (MB)
	11587396  -  ResidentSetSize of job (KB)
...
006 (112171411.159.000) 05/03 18:24:55 Image size of job updated: 12283472
	11920  -  MemoryUsage of job (MB)
	12205420  -  ResidentSetSize of job (KB)
...
006 (112171411.159.000) 05/03 18:29:56 Image size of job updated: 12847496
	12471  -  MemoryUsage of job (MB)
	12769444  -  ResidentSetSize of job (KB)
...
006 (112171411.159.000) 05/03 18:34:56 Image size of job updated: 13516528
	13124  -  MemoryUsage of job (MB)
	13438476  -  ResidentSetSize of job (KB)
...
006 (112171411.159.000) 05/03 18:39:57 Image size of job updated: 14044200
	13639  -  MemoryUsage of job (MB)
	13966148  -  ResidentSetSize of job (KB)
...
006 (112171411.159.000) 05/03 18:44:57 Image size of job updated: 14677976
	14258  -  MemoryUsage of job (MB)
	14599924  -  ResidentSetSize of job (KB)
...
006 (112171411.159.000) 05/03 18:49:58 Image size of job updated: 15275744
	14842  -  MemoryUsage of job (MB)
	15197692  -  ResidentSetSize of job (KB)
...
006 (112171411.159.000) 05/03 18:54:57 Image size of job updated: 15892592
	15444  -  MemoryUsage of job (MB)
	15814540  -  ResidentSetSize of job (KB)
...
006 (112171411.159.000) 05/03 18:59:57 Image size of job updated: 16576592
	16112  -  MemoryUsage of job (MB)
	16498540  -  ResidentSetSize of job (KB)
...
006 (112171411.159.000) 05/03 19:04:57 Image size of job updated: 17194492
	16715  -  MemoryUsage of job (MB)
	17115564  -  ResidentSetSize of job (KB)
...
006 (112171411.159.000) 05/03 19:09:57 Image size of job updated: 17761280
	17268  -  MemoryUsage of job (MB)
	17681628  -  ResidentSetSize of job (KB)
...
006 (112171411.159.000) 05/03 19:14:57 Image size of job updated: 18361584
	17851  -  MemoryUsage of job (MB)
	18278820  -  ResidentSetSize of job (KB)
...
006 (112171411.159.000) 05/03 19:19:58 Image size of job updated: 19016412
	18478  -  MemoryUsage of job (MB)
	18921120  -  ResidentSetSize of job (KB)
...
006 (112171411.159.000) 05/03 19:24:59 Image size of job updated: 19651264
	19076  -  MemoryUsage of job (MB)
	19533072  -  ResidentSetSize of job (KB)
...
006 (112171411.159.000) 05/03 19:30:00 Image size of job updated: 20239304
	19620  -  MemoryUsage of job (MB)
	20090432  -  ResidentSetSize of job (KB)
...
006 (112171411.159.000) 05/03 19:35:00 Image size of job updated: 20860568
	20136  -  MemoryUsage of job (MB)
	20618328  -  ResidentSetSize of job (KB)
...
006 (112171411.159.000) 05/03 19:40:01 Image size of job updated: 21415020
	20460  -  MemoryUsage of job (MB)
	20950204  -  ResidentSetSize of job (KB)
...
006 (112171411.159.000) 05/03 19:45:02 Image size of job updated: 21978944
	20460  -  MemoryUsage of job (MB)
	20950204  -  ResidentSetSize of job (KB)
...
006 (112171411.159.000) 05/03 19:50:02 Image size of job updated: 22634700
	20460  -  MemoryUsage of job (MB)
	20950204  -  ResidentSetSize of job (KB)
...
006 (112171411.159.000) 05/03 19:55:02 Image size of job updated: 23123912
	20460  -  MemoryUsage of job (MB)
	20950204  -  ResidentSetSize of job (KB)
...
005 (112171411.159.000) 05/03 19:55:24 Job terminated.
	(1) Normal termination (return value 0)
		Usr 0 02:47:19, Sys 0 00:11:36  -  Run Remote Usage
		Usr 0 00:00:00, Sys 0 00:00:00  -  Run Local Usage
		Usr 0 02:47:19, Sys 0 00:11:36  -  Total Remote Usage
		Usr 0 00:00:00, Sys 0 00:00:00  -  Total Local Usage
	24961250  -  Run Bytes Sent By Job
	1780307328  -  Run Bytes Received By Job
	24961250  -  Total Bytes Sent By Job
	1780307328  -  Total Bytes Received By Job
	Partitionable Resources :      Usage  Request Allocated 
	   Cpus                 :       1.00        1         1 
	   Disk (KB)            : 6854130    20971520  21484461 
	   Ioheavy              :                             0 
	   Memory (MB)          :   20460       20480     20480 
...
