000 (112025886.167.000) 04/30 21:55:26 Job submitted from host: <128.104.100.44:9618?addrs=128.104.100.44-9618+[2607-f388-107c-501-90e2-baff-fe2c-2724]-9618&noUDP&sock=4699_0235_3>
...
001 (112025886.167.000) 05/01 09:00:14 Job executing on host: <128.105.245.137:9618?addrs=128.105.245.137-9618&noUDP&sock=5431_caf1_46>
...
006 (112025886.167.000) 05/01 09:00:23 Image size of job updated: 624
	1  -  MemoryUsage of job (MB)
	624  -  ResidentSetSize of job (KB)
...
006 (112025886.167.000) 05/01 09:05:25 Image size of job updated: 636
	1  -  MemoryUsage of job (MB)
	636  -  ResidentSetSize of job (KB)
...
006 (112025886.167.000) 05/01 09:10:26 Image size of job updated: 656
	1  -  MemoryUsage of job (MB)
	656  -  ResidentSetSize of job (KB)
...
006 (112025886.167.000) 05/01 09:15:26 Image size of job updated: 668
	1  -  MemoryUsage of job (MB)
	668  -  ResidentSetSize of job (KB)
...
006 (112025886.167.000) 05/01 09:20:28 Image size of job updated: 465896
	379  -  MemoryUsage of job (MB)
	387900  -  ResidentSetSize of job (KB)
...
006 (112025886.167.000) 05/01 09:25:28 Image size of job updated: 909692
	813  -  MemoryUsage of job (MB)
	831640  -  ResidentSetSize of job (KB)
...
006 (112025886.167.000) 05/01 09:30:29 Image size of job updated: 1469284
	1359  -  MemoryUsage of job (MB)
	1391232  -  ResidentSetSize of job (KB)
...
006 (112025886.167.000) 05/01 09:35:30 Image size of job updated: 2096880
	1972  -  MemoryUsage of job (MB)
	2018828  -  ResidentSetSize of job (KB)
...
006 (112025886.167.000) 05/01 09:40:31 Image size of job updated: 2884652
	2741  -  MemoryUsage of job (MB)
	2806600  -  ResidentSetSize of job (KB)
...
006 (112025886.167.000) 05/01 09:45:32 Image size of job updated: 3731000
	3568  -  MemoryUsage of job (MB)
	3652948  -  ResidentSetSize of job (KB)
...
006 (112025886.167.000) 05/01 09:50:32 Image size of job updated: 4736044
	4549  -  MemoryUsage of job (MB)
	4657992  -  ResidentSetSize of job (KB)
...
006 (112025886.167.000) 05/01 09:55:32 Image size of job updated: 5617952
	5411  -  MemoryUsage of job (MB)
	5539900  -  ResidentSetSize of job (KB)
...
006 (112025886.167.000) 05/01 10:00:33 Image size of job updated: 6550476
	6321  -  MemoryUsage of job (MB)
	6472424  -  ResidentSetSize of job (KB)
...
006 (112025886.167.000) 05/01 10:05:34 Image size of job updated: 7404496
	7155  -  MemoryUsage of job (MB)
	7326444  -  ResidentSetSize of job (KB)
...
006 (112025886.167.000) 05/01 10:10:35 Image size of job updated: 8334360
	8063  -  MemoryUsage of job (MB)
	8256308  -  ResidentSetSize of job (KB)
...
006 (112025886.167.000) 05/01 10:15:36 Image size of job updated: 9152700
	8862  -  MemoryUsage of job (MB)
	9074648  -  ResidentSetSize of job (KB)
...
006 (112025886.167.000) 05/01 10:20:37 Image size of job updated: 9911856
	9604  -  MemoryUsage of job (MB)
	9833804  -  ResidentSetSize of job (KB)
...
006 (112025886.167.000) 05/01 10:25:37 Image size of job updated: 10657784
	10332  -  MemoryUsage of job (MB)
	10579732  -  ResidentSetSize of job (KB)
...
006 (112025886.167.000) 05/01 10:30:37 Image size of job updated: 11394216
	11051  -  MemoryUsage of job (MB)
	11316164  -  ResidentSetSize of job (KB)
...
006 (112025886.167.000) 05/01 10:35:37 Image size of job updated: 12132920
	11773  -  MemoryUsage of job (MB)
	12054868  -  ResidentSetSize of job (KB)
...
006 (112025886.167.000) 05/01 10:40:37 Image size of job updated: 12880264
	12503  -  MemoryUsage of job (MB)
	12802212  -  ResidentSetSize of job (KB)
...
006 (112025886.167.000) 05/01 10:45:38 Image size of job updated: 13630364
	13235  -  MemoryUsage of job (MB)
	13552312  -  ResidentSetSize of job (KB)
...
006 (112025886.167.000) 05/01 10:50:39 Image size of job updated: 14405556
	13992  -  MemoryUsage of job (MB)
	14327504  -  ResidentSetSize of job (KB)
...
006 (112025886.167.000) 05/01 10:55:39 Image size of job updated: 15145016
	14714  -  MemoryUsage of job (MB)
	15066964  -  ResidentSetSize of job (KB)
...
006 (112025886.167.000) 05/01 11:00:40 Image size of job updated: 15941328
	15492  -  MemoryUsage of job (MB)
	15863276  -  ResidentSetSize of job (KB)
...
006 (112025886.167.000) 05/01 11:05:40 Image size of job updated: 16705588
	16238  -  MemoryUsage of job (MB)
	16627536  -  ResidentSetSize of job (KB)
...
006 (112025886.167.000) 05/01 11:10:40 Image size of job updated: 17454624
	16969  -  MemoryUsage of job (MB)
	17375856  -  ResidentSetSize of job (KB)
...
006 (112025886.167.000) 05/01 11:15:41 Image size of job updated: 18156116
	17653  -  MemoryUsage of job (MB)
	18075916  -  ResidentSetSize of job (KB)
...
006 (112025886.167.000) 05/01 11:20:42 Image size of job updated: 19022056
	18497  -  MemoryUsage of job (MB)
	18940848  -  ResidentSetSize of job (KB)
...
006 (112025886.167.000) 05/01 11:25:43 Image size of job updated: 19798508
	19247  -  MemoryUsage of job (MB)
	19708060  -  ResidentSetSize of job (KB)
...
006 (112025886.167.000) 05/01 11:30:44 Image size of job updated: 20653232
	20031  -  MemoryUsage of job (MB)
	20511472  -  ResidentSetSize of job (KB)
...
006 (112025886.167.000) 05/01 11:35:45 Image size of job updated: 21350104
	20447  -  MemoryUsage of job (MB)
	20937120  -  ResidentSetSize of job (KB)
...
