000 (112025886.110.000) 04/30 21:55:26 Job submitted from host: <128.104.100.44:9618?addrs=128.104.100.44-9618+[2607-f388-107c-501-90e2-baff-fe2c-2724]-9618&noUDP&sock=4699_0235_3>
...
001 (112025886.110.000) 05/01 08:13:25 Job executing on host: <128.105.245.203:9618?addrs=128.105.245.203-9618&noUDP&sock=38396_0a74_3>
...
006 (112025886.110.000) 05/01 08:13:34 Image size of job updated: 632
	1  -  MemoryUsage of job (MB)
	632  -  ResidentSetSize of job (KB)
...
006 (112025886.110.000) 05/01 08:18:35 Image size of job updated: 185412
	108  -  MemoryUsage of job (MB)
	110532  -  ResidentSetSize of job (KB)
...
006 (112025886.110.000) 05/01 08:23:35 Image size of job updated: 681776
	590  -  MemoryUsage of job (MB)
	603780  -  ResidentSetSize of job (KB)
...
006 (112025886.110.000) 05/01 08:28:39 Image size of job updated: 1165780
	1063  -  MemoryUsage of job (MB)
	1087728  -  ResidentSetSize of job (KB)
...
006 (112025886.110.000) 05/01 08:33:35 Image size of job updated: 1825740
	1707  -  MemoryUsage of job (MB)
	1747688  -  ResidentSetSize of job (KB)
...
006 (112025886.110.000) 05/01 08:38:36 Image size of job updated: 2597348
	2461  -  MemoryUsage of job (MB)
	2519296  -  ResidentSetSize of job (KB)
...
006 (112025886.110.000) 05/01 08:43:36 Image size of job updated: 3385932
	3231  -  MemoryUsage of job (MB)
	3307880  -  ResidentSetSize of job (KB)
...
006 (112025886.110.000) 05/01 08:48:36 Image size of job updated: 4354716
	4177  -  MemoryUsage of job (MB)
	4276664  -  ResidentSetSize of job (KB)
...
006 (112025886.110.000) 05/01 08:53:36 Image size of job updated: 5279424
	5080  -  MemoryUsage of job (MB)
	5201372  -  ResidentSetSize of job (KB)
...
006 (112025886.110.000) 05/01 08:58:37 Image size of job updated: 6235644
	6014  -  MemoryUsage of job (MB)
	6157592  -  ResidentSetSize of job (KB)
...
006 (112025886.110.000) 05/01 09:03:38 Image size of job updated: 7072088
	6831  -  MemoryUsage of job (MB)
	6994036  -  ResidentSetSize of job (KB)
...
006 (112025886.110.000) 05/01 09:08:39 Image size of job updated: 7884576
	7624  -  MemoryUsage of job (MB)
	7806524  -  ResidentSetSize of job (KB)
...
006 (112025886.110.000) 05/01 09:13:39 Image size of job updated: 8701692
	8422  -  MemoryUsage of job (MB)
	8623640  -  ResidentSetSize of job (KB)
...
006 (112025886.110.000) 05/01 09:18:39 Image size of job updated: 9495396
	9197  -  MemoryUsage of job (MB)
	9417344  -  ResidentSetSize of job (KB)
...
006 (112025886.110.000) 05/01 09:23:39 Image size of job updated: 9998852
	9689  -  MemoryUsage of job (MB)
	9920800  -  ResidentSetSize of job (KB)
...
006 (112025886.110.000) 05/01 09:28:52 Image size of job updated: 10717064
	10390  -  MemoryUsage of job (MB)
	10639012  -  ResidentSetSize of job (KB)
...
006 (112025886.110.000) 05/01 09:33:41 Image size of job updated: 11411676
	11068  -  MemoryUsage of job (MB)
	11333624  -  ResidentSetSize of job (KB)
...
006 (112025886.110.000) 05/01 09:38:42 Image size of job updated: 12206992
	11845  -  MemoryUsage of job (MB)
	12128940  -  ResidentSetSize of job (KB)
...
006 (112025886.110.000) 05/01 09:43:43 Image size of job updated: 12957292
	12578  -  MemoryUsage of job (MB)
	12879240  -  ResidentSetSize of job (KB)
...
006 (112025886.110.000) 05/01 09:48:44 Image size of job updated: 13673888
	13278  -  MemoryUsage of job (MB)
	13595836  -  ResidentSetSize of job (KB)
...
006 (112025886.110.000) 05/01 09:53:45 Image size of job updated: 14436316
	14022  -  MemoryUsage of job (MB)
	14358264  -  ResidentSetSize of job (KB)
...
006 (112025886.110.000) 05/01 09:58:46 Image size of job updated: 15241736
	14809  -  MemoryUsage of job (MB)
	15163684  -  ResidentSetSize of job (KB)
...
006 (112025886.110.000) 05/01 10:03:46 Image size of job updated: 16033216
	15582  -  MemoryUsage of job (MB)
	15955164  -  ResidentSetSize of job (KB)
...
006 (112025886.110.000) 05/01 10:08:46 Image size of job updated: 16718368
	16251  -  MemoryUsage of job (MB)
	16640316  -  ResidentSetSize of job (KB)
...
006 (112025886.110.000) 05/01 10:13:47 Image size of job updated: 17466748
	16981  -  MemoryUsage of job (MB)
	17387568  -  ResidentSetSize of job (KB)
...
006 (112025886.110.000) 05/01 10:18:48 Image size of job updated: 18272556
	17765  -  MemoryUsage of job (MB)
	18190640  -  ResidentSetSize of job (KB)
...
006 (112025886.110.000) 05/01 10:23:48 Image size of job updated: 19167752
	18634  -  MemoryUsage of job (MB)
	19080476  -  ResidentSetSize of job (KB)
...
006 (112025886.110.000) 05/01 10:28:48 Image size of job updated: 19937456
	19376  -  MemoryUsage of job (MB)
	19840800  -  ResidentSetSize of job (KB)
...
006 (112025886.110.000) 05/01 10:33:48 Image size of job updated: 20656040
	20037  -  MemoryUsage of job (MB)
	20517712  -  ResidentSetSize of job (KB)
...
006 (112025886.110.000) 05/01 10:38:49 Image size of job updated: 21495252
	20462  -  MemoryUsage of job (MB)
	20952704  -  ResidentSetSize of job (KB)
...
006 (112025886.110.000) 05/01 10:43:51 Image size of job updated: 22217348
	20462  -  MemoryUsage of job (MB)
	20952704  -  ResidentSetSize of job (KB)
...
006 (112025886.110.000) 05/01 10:48:51 Image size of job updated: 22971940
	20462  -  MemoryUsage of job (MB)
	20952704  -  ResidentSetSize of job (KB)
...
006 (112025886.110.000) 05/01 10:53:51 Image size of job updated: 23744692
	20462  -  MemoryUsage of job (MB)
	20952704  -  ResidentSetSize of job (KB)
...
006 (112025886.110.000) 05/01 10:58:52 Image size of job updated: 24230764
	20462  -  MemoryUsage of job (MB)
	20952704  -  ResidentSetSize of job (KB)
...
005 (112025886.110.000) 05/01 11:02:46 Job terminated.
	(1) Normal termination (return value 0)
		Usr 0 02:35:33, Sys 0 00:02:23  -  Run Remote Usage
		Usr 0 00:00:00, Sys 0 00:00:00  -  Run Local Usage
		Usr 0 02:35:33, Sys 0 00:02:23  -  Total Remote Usage
		Usr 0 00:00:00, Sys 0 00:00:00  -  Total Local Usage
	25760716  -  Run Bytes Sent By Job
	1780295680  -  Run Bytes Received By Job
	25760716  -  Total Bytes Sent By Job
	1780295680  -  Total Bytes Received By Job
	Partitionable Resources :      Usage  Request Allocated 
	   Cpus                 :       1.00        1         1 
	   Disk (KB)            : 6899435    20971520  21885091 
	   Ioheavy              :                             0 
	   Memory (MB)          :   20462       20480     20480 
...
