000 (112025886.149.000) 04/30 21:55:26 Job submitted from host: <128.104.100.44:9618?addrs=128.104.100.44-9618+[2607-f388-107c-501-90e2-baff-fe2c-2724]-9618&noUDP&sock=4699_0235_3>
...
001 (112025886.149.000) 05/01 08:46:59 Job executing on host: <128.105.245.177:9618?addrs=128.105.245.177-9618&noUDP&sock=5454_919e_46>
...
006 (112025886.149.000) 05/01 08:47:07 Image size of job updated: 620
	1  -  MemoryUsage of job (MB)
	620  -  ResidentSetSize of job (KB)
...
006 (112025886.149.000) 05/01 08:52:10 Image size of job updated: 648
	1  -  MemoryUsage of job (MB)
	648  -  ResidentSetSize of job (KB)
...
006 (112025886.149.000) 05/01 08:57:09 Image size of job updated: 664
	1  -  MemoryUsage of job (MB)
	664  -  ResidentSetSize of job (KB)
...
006 (112025886.149.000) 05/01 09:02:10 Image size of job updated: 558340
	470  -  MemoryUsage of job (MB)
	480344  -  ResidentSetSize of job (KB)
...
006 (112025886.149.000) 05/01 09:07:12 Image size of job updated: 961920
	864  -  MemoryUsage of job (MB)
	883868  -  ResidentSetSize of job (KB)
...
006 (112025886.149.000) 05/01 09:12:12 Image size of job updated: 1501628
	1391  -  MemoryUsage of job (MB)
	1423576  -  ResidentSetSize of job (KB)
...
006 (112025886.149.000) 05/01 09:17:13 Image size of job updated: 2040656
	1917  -  MemoryUsage of job (MB)
	1962604  -  ResidentSetSize of job (KB)
...
006 (112025886.149.000) 05/01 09:22:14 Image size of job updated: 2823568
	2682  -  MemoryUsage of job (MB)
	2745516  -  ResidentSetSize of job (KB)
...
006 (112025886.149.000) 05/01 09:27:14 Image size of job updated: 3639276
	3478  -  MemoryUsage of job (MB)
	3561224  -  ResidentSetSize of job (KB)
...
006 (112025886.149.000) 05/01 09:32:14 Image size of job updated: 4581368
	4398  -  MemoryUsage of job (MB)
	4503316  -  ResidentSetSize of job (KB)
...
006 (112025886.149.000) 05/01 09:37:15 Image size of job updated: 5476316
	5272  -  MemoryUsage of job (MB)
	5398264  -  ResidentSetSize of job (KB)
...
006 (112025886.149.000) 05/01 09:38:05 Image size of job updated: 5617624
	5274  -  MemoryUsage of job (MB)
	5400548  -  ResidentSetSize of job (KB)
...
005 (112025886.149.000) 05/01 09:38:38 Job terminated.
	(1) Normal termination (return value 0)
		Usr 0 00:38:17, Sys 0 00:00:39  -  Run Remote Usage
		Usr 0 00:00:00, Sys 0 00:00:00  -  Run Local Usage
		Usr 0 00:38:17, Sys 0 00:00:39  -  Total Remote Usage
		Usr 0 00:00:00, Sys 0 00:00:00  -  Total Local Usage
	8922965  -  Run Bytes Sent By Job
	1780295680  -  Run Bytes Received By Job
	8922965  -  Total Bytes Sent By Job
	1780295680  -  Total Bytes Received By Job
	Partitionable Resources :      Usage  Request Allocated 
	   Cpus                 :       1.00        1         1 
	   Disk (KB)            : 6866714    20971520  21404480 
	   Ioheavy              :                             0 
	   Memory (MB)          :    5274       20480     20480 
...
