000 (112171411.145.000) 05/03 11:53:31 Job submitted from host: <128.104.100.44:9618?addrs=128.104.100.44-9618+[2607-f388-107c-501-90e2-baff-fe2c-2724]-9618&noUDP&sock=4699_0235_3>
...
001 (112171411.145.000) 05/03 16:44:51 Job executing on host: <128.105.245.212:9618?addrs=128.105.245.212-9618&noUDP&sock=5446_14dd_3>
...
006 (112171411.145.000) 05/03 16:45:01 Image size of job updated: 616
	1  -  MemoryUsage of job (MB)
	616  -  ResidentSetSize of job (KB)
...
006 (112171411.145.000) 05/03 16:50:01 Image size of job updated: 624
	1  -  MemoryUsage of job (MB)
	624  -  ResidentSetSize of job (KB)
...
006 (112171411.145.000) 05/03 16:55:01 Image size of job updated: 628
	1  -  MemoryUsage of job (MB)
	628  -  ResidentSetSize of job (KB)
...
006 (112171411.145.000) 05/03 17:00:02 Image size of job updated: 648
	1  -  MemoryUsage of job (MB)
	648  -  ResidentSetSize of job (KB)
...
006 (112171411.145.000) 05/03 17:10:03 Image size of job updated: 652
	1  -  MemoryUsage of job (MB)
	652  -  ResidentSetSize of job (KB)
...
006 (112171411.145.000) 05/03 17:15:03 Image size of job updated: 656
	1  -  MemoryUsage of job (MB)
	656  -  ResidentSetSize of job (KB)
...
006 (112171411.145.000) 05/03 17:20:03 Image size of job updated: 664
	1  -  MemoryUsage of job (MB)
	664  -  ResidentSetSize of job (KB)
...
006 (112171411.145.000) 05/03 17:45:05 Image size of job updated: 274216
	192  -  MemoryUsage of job (MB)
	196228  -  ResidentSetSize of job (KB)
...
006 (112171411.145.000) 05/03 17:50:06 Image size of job updated: 377316
	293  -  MemoryUsage of job (MB)
	299320  -  ResidentSetSize of job (KB)
...
006 (112171411.145.000) 05/03 17:55:07 Image size of job updated: 504308
	417  -  MemoryUsage of job (MB)
	426296  -  ResidentSetSize of job (KB)
...
006 (112171411.145.000) 05/03 18:00:07 Image size of job updated: 594716
	505  -  MemoryUsage of job (MB)
	516704  -  ResidentSetSize of job (KB)
...
006 (112171411.145.000) 05/03 18:05:07 Image size of job updated: 685184
	593  -  MemoryUsage of job (MB)
	607188  -  ResidentSetSize of job (KB)
...
006 (112171411.145.000) 05/03 18:10:09 Image size of job updated: 830060
	735  -  MemoryUsage of job (MB)
	752008  -  ResidentSetSize of job (KB)
...
006 (112171411.145.000) 05/03 18:15:09 Image size of job updated: 1010204
	911  -  MemoryUsage of job (MB)
	932152  -  ResidentSetSize of job (KB)
...
006 (112171411.145.000) 05/03 18:20:10 Image size of job updated: 1132452
	1030  -  MemoryUsage of job (MB)
	1054384  -  ResidentSetSize of job (KB)
...
006 (112171411.145.000) 05/03 18:25:10 Image size of job updated: 1319452
	1213  -  MemoryUsage of job (MB)
	1241400  -  ResidentSetSize of job (KB)
...
006 (112171411.145.000) 05/03 18:30:11 Image size of job updated: 1600820
	1488  -  MemoryUsage of job (MB)
	1522752  -  ResidentSetSize of job (KB)
...
006 (112171411.145.000) 05/03 18:35:11 Image size of job updated: 1862160
	1743  -  MemoryUsage of job (MB)
	1784108  -  ResidentSetSize of job (KB)
...
006 (112171411.145.000) 05/03 18:40:11 Image size of job updated: 2050812
	1927  -  MemoryUsage of job (MB)
	1972760  -  ResidentSetSize of job (KB)
...
006 (112171411.145.000) 05/03 18:45:12 Image size of job updated: 2241068
	2113  -  MemoryUsage of job (MB)
	2163016  -  ResidentSetSize of job (KB)
...
006 (112171411.145.000) 05/03 18:50:13 Image size of job updated: 2507196
	2373  -  MemoryUsage of job (MB)
	2429144  -  ResidentSetSize of job (KB)
...
006 (112171411.145.000) 05/03 18:55:15 Image size of job updated: 2922776
	2779  -  MemoryUsage of job (MB)
	2844724  -  ResidentSetSize of job (KB)
...
006 (112171411.145.000) 05/03 19:00:15 Image size of job updated: 3691072
	3529  -  MemoryUsage of job (MB)
	3613020  -  ResidentSetSize of job (KB)
...
006 (112171411.145.000) 05/03 19:05:15 Image size of job updated: 4394928
	4216  -  MemoryUsage of job (MB)
	4316876  -  ResidentSetSize of job (KB)
...
006 (112171411.145.000) 05/03 19:10:16 Image size of job updated: 5218460
	5020  -  MemoryUsage of job (MB)
	5140408  -  ResidentSetSize of job (KB)
...
006 (112171411.145.000) 05/03 19:15:16 Image size of job updated: 6101544
	5883  -  MemoryUsage of job (MB)
	6023492  -  ResidentSetSize of job (KB)
...
006 (112171411.145.000) 05/03 19:20:17 Image size of job updated: 6904664
	6667  -  MemoryUsage of job (MB)
	6826612  -  ResidentSetSize of job (KB)
...
006 (112171411.145.000) 05/03 19:25:17 Image size of job updated: 7423132
	7173  -  MemoryUsage of job (MB)
	7345080  -  ResidentSetSize of job (KB)
...
006 (112171411.145.000) 05/03 19:30:18 Image size of job updated: 7997588
	7734  -  MemoryUsage of job (MB)
	7919536  -  ResidentSetSize of job (KB)
...
006 (112171411.145.000) 05/03 19:35:18 Image size of job updated: 8714352
	8434  -  MemoryUsage of job (MB)
	8636300  -  ResidentSetSize of job (KB)
...
006 (112171411.145.000) 05/03 19:40:18 Image size of job updated: 9290248
	8997  -  MemoryUsage of job (MB)
	9212196  -  ResidentSetSize of job (KB)
...
006 (112171411.145.000) 05/03 19:45:19 Image size of job updated: 9992388
	9682  -  MemoryUsage of job (MB)
	9914336  -  ResidentSetSize of job (KB)
...
006 (112171411.145.000) 05/03 19:50:20 Image size of job updated: 10631796
	10307  -  MemoryUsage of job (MB)
	10553744  -  ResidentSetSize of job (KB)
...
006 (112171411.145.000) 05/03 19:55:21 Image size of job updated: 11345612
	11004  -  MemoryUsage of job (MB)
	11267560  -  ResidentSetSize of job (KB)
...
006 (112171411.145.000) 05/03 20:00:21 Image size of job updated: 11922012
	11567  -  MemoryUsage of job (MB)
	11843960  -  ResidentSetSize of job (KB)
...
006 (112171411.145.000) 05/03 20:05:21 Image size of job updated: 12464440
	12097  -  MemoryUsage of job (MB)
	12386388  -  ResidentSetSize of job (KB)
...
006 (112171411.145.000) 05/03 20:10:21 Image size of job updated: 13201992
	12817  -  MemoryUsage of job (MB)
	13123940  -  ResidentSetSize of job (KB)
...
006 (112171411.145.000) 05/03 20:15:22 Image size of job updated: 13905936
	13504  -  MemoryUsage of job (MB)
	13827884  -  ResidentSetSize of job (KB)
...
006 (112171411.145.000) 05/03 20:20:22 Image size of job updated: 14593332
	14176  -  MemoryUsage of job (MB)
	14515280  -  ResidentSetSize of job (KB)
...
006 (112171411.145.000) 05/03 20:25:24 Image size of job updated: 15253676
	14820  -  MemoryUsage of job (MB)
	15174728  -  ResidentSetSize of job (KB)
...
006 (112171411.145.000) 05/03 20:30:24 Image size of job updated: 15916504
	15464  -  MemoryUsage of job (MB)
	15834184  -  ResidentSetSize of job (KB)
...
006 (112171411.145.000) 05/03 20:35:24 Image size of job updated: 16532484
	16063  -  MemoryUsage of job (MB)
	16447828  -  ResidentSetSize of job (KB)
...
006 (112171411.145.000) 05/03 20:40:25 Image size of job updated: 17161716
	16674  -  MemoryUsage of job (MB)
	17073540  -  ResidentSetSize of job (KB)
...
006 (112171411.145.000) 05/03 20:45:26 Image size of job updated: 17633224
	17131  -  MemoryUsage of job (MB)
	17541840  -  ResidentSetSize of job (KB)
...
006 (112171411.145.000) 05/03 20:50:26 Image size of job updated: 18291988
	17768  -  MemoryUsage of job (MB)
	18194384  -  ResidentSetSize of job (KB)
...
006 (112171411.145.000) 05/03 20:55:26 Image size of job updated: 18960164
	18418  -  MemoryUsage of job (MB)
	18859664  -  ResidentSetSize of job (KB)
...
006 (112171411.145.000) 05/03 21:00:26 Image size of job updated: 19552420
	18983  -  MemoryUsage of job (MB)
	19438092  -  ResidentSetSize of job (KB)
...
006 (112171411.145.000) 05/03 21:05:26 Image size of job updated: 20156064
	19559  -  MemoryUsage of job (MB)
	20028324  -  ResidentSetSize of job (KB)
...
006 (112171411.145.000) 05/03 21:10:27 Image size of job updated: 20490044
	19870  -  MemoryUsage of job (MB)
	20345924  -  ResidentSetSize of job (KB)
...
006 (112171411.145.000) 05/03 21:15:27 Image size of job updated: 21143600
	20387  -  MemoryUsage of job (MB)
	20876216  -  ResidentSetSize of job (KB)
...
006 (112171411.145.000) 05/03 21:20:28 Image size of job updated: 21578732
	20437  -  MemoryUsage of job (MB)
	20927052  -  ResidentSetSize of job (KB)
...
006 (112171411.145.000) 05/03 21:25:28 Image size of job updated: 21973616
	20440  -  MemoryUsage of job (MB)
	20929820  -  ResidentSetSize of job (KB)
...
006 (112171411.145.000) 05/03 21:30:29 Image size of job updated: 22594152
	20441  -  MemoryUsage of job (MB)
	20930872  -  ResidentSetSize of job (KB)
...
006 (112171411.145.000) 05/03 21:35:30 Image size of job updated: 23126440
	20441  -  MemoryUsage of job (MB)
	20930960  -  ResidentSetSize of job (KB)
...
006 (112171411.145.000) 05/03 21:35:53 Image size of job updated: 23144616
	20441  -  MemoryUsage of job (MB)
	20930960  -  ResidentSetSize of job (KB)
...
005 (112171411.145.000) 05/03 21:35:55 Job terminated.
	(1) Normal termination (return value 0)
		Usr 0 02:30:12, Sys 0 00:05:19  -  Run Remote Usage
		Usr 0 00:00:00, Sys 0 00:00:00  -  Run Local Usage
		Usr 0 02:30:12, Sys 0 00:05:19  -  Total Remote Usage
		Usr 0 00:00:00, Sys 0 00:00:00  -  Total Local Usage
	24517480  -  Run Bytes Sent By Job
	1780307328  -  Run Bytes Received By Job
	24517480  -  Total Bytes Sent By Job
	1780307328  -  Total Bytes Received By Job
	Partitionable Resources :      Usage  Request Allocated 
	   Cpus                 :       0.06        1         1 
	   Disk (KB)            : 6853697    20971520  21549078 
	   Ioheavy              :                             0 
	   Memory (MB)          :   20441       20480     20480 
...
