000 (112171411.090.000) 05/03 11:53:31 Job submitted from host: <128.104.100.44:9618?addrs=128.104.100.44-9618+[2607-f388-107c-501-90e2-baff-fe2c-2724]-9618&noUDP&sock=4699_0235_3>
...
001 (112171411.090.000) 05/03 14:11:20 Job executing on host: <128.105.245.203:9618?addrs=128.105.245.203-9618&noUDP&sock=38396_0a74_3>
...
006 (112171411.090.000) 05/03 14:11:29 Image size of job updated: 632
	1  -  MemoryUsage of job (MB)
	632  -  ResidentSetSize of job (KB)
...
006 (112171411.090.000) 05/03 14:16:30 Image size of job updated: 668
	1  -  MemoryUsage of job (MB)
	668  -  ResidentSetSize of job (KB)
...
006 (112171411.090.000) 05/03 14:21:30 Image size of job updated: 456168
	370  -  MemoryUsage of job (MB)
	378172  -  ResidentSetSize of job (KB)
...
006 (112171411.090.000) 05/03 14:26:31 Image size of job updated: 807260
	713  -  MemoryUsage of job (MB)
	729244  -  ResidentSetSize of job (KB)
...
006 (112171411.090.000) 05/03 14:31:31 Image size of job updated: 1158976
	1056  -  MemoryUsage of job (MB)
	1080924  -  ResidentSetSize of job (KB)
...
006 (112171411.090.000) 05/03 14:36:31 Image size of job updated: 1677708
	1563  -  MemoryUsage of job (MB)
	1599656  -  ResidentSetSize of job (KB)
...
006 (112171411.090.000) 05/03 14:41:32 Image size of job updated: 2213700
	2086  -  MemoryUsage of job (MB)
	2135648  -  ResidentSetSize of job (KB)
...
006 (112171411.090.000) 05/03 14:46:32 Image size of job updated: 2855312
	2713  -  MemoryUsage of job (MB)
	2777260  -  ResidentSetSize of job (KB)
...
006 (112171411.090.000) 05/03 14:51:33 Image size of job updated: 3636712
	3476  -  MemoryUsage of job (MB)
	3558660  -  ResidentSetSize of job (KB)
...
006 (112171411.090.000) 05/03 14:56:33 Image size of job updated: 4408180
	4229  -  MemoryUsage of job (MB)
	4330128  -  ResidentSetSize of job (KB)
...
006 (112171411.090.000) 05/03 15:01:34 Image size of job updated: 5069372
	4875  -  MemoryUsage of job (MB)
	4991320  -  ResidentSetSize of job (KB)
...
006 (112171411.090.000) 05/03 15:06:34 Image size of job updated: 5772880
	5562  -  MemoryUsage of job (MB)
	5694828  -  ResidentSetSize of job (KB)
...
006 (112171411.090.000) 05/03 15:11:35 Image size of job updated: 6476248
	6249  -  MemoryUsage of job (MB)
	6398196  -  ResidentSetSize of job (KB)
...
006 (112171411.090.000) 05/03 15:16:36 Image size of job updated: 7182740
	6939  -  MemoryUsage of job (MB)
	7104688  -  ResidentSetSize of job (KB)
...
006 (112171411.090.000) 05/03 15:21:36 Image size of job updated: 7852444
	7593  -  MemoryUsage of job (MB)
	7774392  -  ResidentSetSize of job (KB)
...
006 (112171411.090.000) 05/03 15:26:37 Image size of job updated: 8670584
	8392  -  MemoryUsage of job (MB)
	8592532  -  ResidentSetSize of job (KB)
...
006 (112171411.090.000) 05/03 15:31:39 Image size of job updated: 9286088
	8993  -  MemoryUsage of job (MB)
	9208036  -  ResidentSetSize of job (KB)
...
006 (112171411.090.000) 05/03 15:36:40 Image size of job updated: 9953724
	9645  -  MemoryUsage of job (MB)
	9875672  -  ResidentSetSize of job (KB)
...
006 (112171411.090.000) 05/03 15:41:39 Image size of job updated: 10441148
	10121  -  MemoryUsage of job (MB)
	10363096  -  ResidentSetSize of job (KB)
...
006 (112171411.090.000) 05/03 15:46:39 Image size of job updated: 10943232
	10611  -  MemoryUsage of job (MB)
	10865180  -  ResidentSetSize of job (KB)
...
006 (112171411.090.000) 05/03 15:51:40 Image size of job updated: 11494384
	11149  -  MemoryUsage of job (MB)
	11416332  -  ResidentSetSize of job (KB)
...
006 (112171411.090.000) 05/03 15:56:41 Image size of job updated: 12118468
	11759  -  MemoryUsage of job (MB)
	12040416  -  ResidentSetSize of job (KB)
...
006 (112171411.090.000) 05/03 16:01:41 Image size of job updated: 12699940
	12327  -  MemoryUsage of job (MB)
	12621888  -  ResidentSetSize of job (KB)
...
006 (112171411.090.000) 05/03 16:06:43 Image size of job updated: 13257632
	12871  -  MemoryUsage of job (MB)
	13179580  -  ResidentSetSize of job (KB)
...
006 (112171411.090.000) 05/03 16:11:44 Image size of job updated: 13856144
	13456  -  MemoryUsage of job (MB)
	13778092  -  ResidentSetSize of job (KB)
...
006 (112171411.090.000) 05/03 16:16:43 Image size of job updated: 14403960
	13991  -  MemoryUsage of job (MB)
	14325908  -  ResidentSetSize of job (KB)
...
006 (112171411.090.000) 05/03 16:21:43 Image size of job updated: 14986868
	14560  -  MemoryUsage of job (MB)
	14908712  -  ResidentSetSize of job (KB)
...
006 (112171411.090.000) 05/03 16:26:44 Image size of job updated: 15553692
	15113  -  MemoryUsage of job (MB)
	15475280  -  ResidentSetSize of job (KB)
...
006 (112171411.090.000) 05/03 16:31:43 Image size of job updated: 16229156
	15766  -  MemoryUsage of job (MB)
	16144324  -  ResidentSetSize of job (KB)
...
006 (112171411.090.000) 05/03 16:36:45 Image size of job updated: 16804348
	16328  -  MemoryUsage of job (MB)
	16719516  -  ResidentSetSize of job (KB)
...
006 (112171411.090.000) 05/03 16:41:45 Image size of job updated: 17327904
	16837  -  MemoryUsage of job (MB)
	17240640  -  ResidentSetSize of job (KB)
...
006 (112171411.090.000) 05/03 16:46:45 Image size of job updated: 17884516
	17374  -  MemoryUsage of job (MB)
	17790972  -  ResidentSetSize of job (KB)
...
006 (112171411.090.000) 05/03 16:51:46 Image size of job updated: 18525068
	17996  -  MemoryUsage of job (MB)
	18427300  -  ResidentSetSize of job (KB)
...
006 (112171411.090.000) 05/03 16:56:46 Image size of job updated: 19144328
	18600  -  MemoryUsage of job (MB)
	19045948  -  ResidentSetSize of job (KB)
...
006 (112171411.090.000) 05/03 17:01:46 Image size of job updated: 19523192
	18970  -  MemoryUsage of job (MB)
	19424488  -  ResidentSetSize of job (KB)
...
006 (112171411.090.000) 05/03 17:06:47 Image size of job updated: 20071392
	19500  -  MemoryUsage of job (MB)
	19967972  -  ResidentSetSize of job (KB)
...
006 (112171411.090.000) 05/03 17:11:47 Image size of job updated: 20499984
	19905  -  MemoryUsage of job (MB)
	20381760  -  ResidentSetSize of job (KB)
...
006 (112171411.090.000) 05/03 17:16:47 Image size of job updated: 20827304
	20196  -  MemoryUsage of job (MB)
	20680516  -  ResidentSetSize of job (KB)
...
006 (112171411.090.000) 05/03 17:21:48 Image size of job updated: 21197216
	20427  -  MemoryUsage of job (MB)
	20917040  -  ResidentSetSize of job (KB)
...
006 (112171411.090.000) 05/03 17:26:48 Image size of job updated: 21456088
	20441  -  MemoryUsage of job (MB)
	20930824  -  ResidentSetSize of job (KB)
...
006 (112171411.090.000) 05/03 17:31:48 Image size of job updated: 21852068
	20441  -  MemoryUsage of job (MB)
	20930904  -  ResidentSetSize of job (KB)
...
006 (112171411.090.000) 05/03 17:36:49 Image size of job updated: 22282800
	20441  -  MemoryUsage of job (MB)
	20930904  -  ResidentSetSize of job (KB)
...
006 (112171411.090.000) 05/03 17:41:50 Image size of job updated: 22863824
	20452  -  MemoryUsage of job (MB)
	20942640  -  ResidentSetSize of job (KB)
...
006 (112171411.090.000) 05/03 17:46:51 Image size of job updated: 23391488
	20452  -  MemoryUsage of job (MB)
	20942640  -  ResidentSetSize of job (KB)
...
006 (112171411.090.000) 05/03 17:51:51 Image size of job updated: 23769252
	20452  -  MemoryUsage of job (MB)
	20942640  -  ResidentSetSize of job (KB)
...
006 (112171411.090.000) 05/03 17:56:51 Image size of job updated: 24123296
	20452  -  MemoryUsage of job (MB)
	20942640  -  ResidentSetSize of job (KB)
...
006 (112171411.090.000) 05/03 18:01:51 Image size of job updated: 24389340
	20452  -  MemoryUsage of job (MB)
	20942640  -  ResidentSetSize of job (KB)
...
006 (112171411.090.000) 05/03 18:06:52 Image size of job updated: 24665132
	20452  -  MemoryUsage of job (MB)
	20942640  -  ResidentSetSize of job (KB)
...
006 (112171411.090.000) 05/03 18:11:52 Image size of job updated: 25003400
	20452  -  MemoryUsage of job (MB)
	20942640  -  ResidentSetSize of job (KB)
...
006 (112171411.090.000) 05/03 18:16:53 Image size of job updated: 25321020
	20452  -  MemoryUsage of job (MB)
	20942640  -  ResidentSetSize of job (KB)
...
006 (112171411.090.000) 05/03 18:21:54 Image size of job updated: 25560564
	20452  -  MemoryUsage of job (MB)
	20942640  -  ResidentSetSize of job (KB)
...
005 (112171411.090.000) 05/03 18:26:26 Job terminated.
	(1) Normal termination (return value 0)
		Usr 0 03:20:07, Sys 0 00:10:34  -  Run Remote Usage
		Usr 0 00:00:00, Sys 0 00:00:00  -  Run Local Usage
		Usr 0 03:20:07, Sys 0 00:10:34  -  Total Remote Usage
		Usr 0 00:00:00, Sys 0 00:00:00  -  Total Local Usage
	28556264  -  Run Bytes Sent By Job
	1780307328  -  Run Bytes Received By Job
	28556264  -  Total Bytes Sent By Job
	1780307328  -  Total Bytes Received By Job
	Partitionable Resources :      Usage  Request Allocated 
	   Cpus                 :       0.01        1         1 
	   Disk (KB)            : 6904758    20971520  21103811 
	   Ioheavy              :                             0 
	   Memory (MB)          :   20452       20480     20480 
...
