000 (112025886.083.000) 04/30 21:55:26 Job submitted from host: <128.104.100.44:9618?addrs=128.104.100.44-9618+[2607-f388-107c-501-90e2-baff-fe2c-2724]-9618&noUDP&sock=4699_0235_3>
...
001 (112025886.083.000) 05/01 07:53:14 Job executing on host: <128.105.245.169:9618?addrs=128.105.245.169-9618&noUDP&sock=5489_936f_3>
...
006 (112025886.083.000) 05/01 07:53:22 Image size of job updated: 620
	1  -  MemoryUsage of job (MB)
	620  -  ResidentSetSize of job (KB)
...
006 (112025886.083.000) 05/01 07:58:23 Image size of job updated: 660
	1  -  MemoryUsage of job (MB)
	660  -  ResidentSetSize of job (KB)
...
006 (112025886.083.000) 05/01 08:03:24 Image size of job updated: 591072
	502  -  MemoryUsage of job (MB)
	513076  -  ResidentSetSize of job (KB)
...
006 (112025886.083.000) 05/01 08:05:12 Image size of job updated: 772464
	503  -  MemoryUsage of job (MB)
	514272  -  ResidentSetSize of job (KB)
...
005 (112025886.083.000) 05/01 08:05:13 Job terminated.
	(1) Normal termination (return value 0)
		Usr 0 00:07:09, Sys 0 00:00:22  -  Run Remote Usage
		Usr 0 00:00:00, Sys 0 00:00:00  -  Run Local Usage
		Usr 0 00:07:09, Sys 0 00:00:22  -  Total Remote Usage
		Usr 0 00:00:00, Sys 0 00:00:00  -  Total Local Usage
	1393273  -  Run Bytes Sent By Job
	1780295680  -  Run Bytes Received By Job
	1393273  -  Total Bytes Sent By Job
	1780295680  -  Total Bytes Received By Job
	Partitionable Resources :      Usage  Request Allocated 
	   Cpus                 :       0.98        1         1 
	   Disk (KB)            : 6832928    20971520  21556096 
	   Ioheavy              :                             0 
	   Memory (MB)          :     503       20480     20480 
...
