000 (112171411.179.000) 05/03 11:53:31 Job submitted from host: <128.104.100.44:9618?addrs=128.104.100.44-9618+[2607-f388-107c-501-90e2-baff-fe2c-2724]-9618&noUDP&sock=4699_0235_3>
...
001 (112171411.179.000) 05/03 17:00:26 Job executing on host: <128.105.245.160:9618?addrs=128.105.245.160-9618&noUDP&sock=5483_75de_3>
...
006 (112171411.179.000) 05/03 17:00:34 Image size of job updated: 624
	1  -  MemoryUsage of job (MB)
	624  -  ResidentSetSize of job (KB)
...
006 (112171411.179.000) 05/03 17:05:36 Image size of job updated: 652
	1  -  MemoryUsage of job (MB)
	652  -  ResidentSetSize of job (KB)
...
006 (112171411.179.000) 05/03 17:10:36 Image size of job updated: 664
	1  -  MemoryUsage of job (MB)
	664  -  ResidentSetSize of job (KB)
...
006 (112171411.179.000) 05/03 17:15:37 Image size of job updated: 209792
	130  -  MemoryUsage of job (MB)
	132284  -  ResidentSetSize of job (KB)
...
006 (112171411.179.000) 05/03 17:20:37 Image size of job updated: 541216
	453  -  MemoryUsage of job (MB)
	463220  -  ResidentSetSize of job (KB)
...
006 (112171411.179.000) 05/03 17:25:39 Image size of job updated: 833396
	738  -  MemoryUsage of job (MB)
	755344  -  ResidentSetSize of job (KB)
...
006 (112171411.179.000) 05/03 17:30:51 Image size of job updated: 1178848
	1075  -  MemoryUsage of job (MB)
	1100796  -  ResidentSetSize of job (KB)
...
006 (112171411.179.000) 05/03 17:35:39 Image size of job updated: 1630936
	1517  -  MemoryUsage of job (MB)
	1552884  -  ResidentSetSize of job (KB)
...
006 (112171411.179.000) 05/03 17:40:40 Image size of job updated: 2108336
	1983  -  MemoryUsage of job (MB)
	2030284  -  ResidentSetSize of job (KB)
...
006 (112171411.179.000) 05/03 17:45:41 Image size of job updated: 2742124
	2602  -  MemoryUsage of job (MB)
	2664072  -  ResidentSetSize of job (KB)
...
006 (112171411.179.000) 05/03 17:50:41 Image size of job updated: 3471312
	3314  -  MemoryUsage of job (MB)
	3393260  -  ResidentSetSize of job (KB)
...
006 (112171411.179.000) 05/03 17:55:42 Image size of job updated: 4189924
	4016  -  MemoryUsage of job (MB)
	4111872  -  ResidentSetSize of job (KB)
...
006 (112171411.179.000) 05/03 18:00:42 Image size of job updated: 4864408
	4675  -  MemoryUsage of job (MB)
	4786356  -  ResidentSetSize of job (KB)
...
006 (112171411.179.000) 05/03 18:05:44 Image size of job updated: 5569180
	5363  -  MemoryUsage of job (MB)
	5491128  -  ResidentSetSize of job (KB)
...
006 (112171411.179.000) 05/03 18:10:44 Image size of job updated: 6270540
	6048  -  MemoryUsage of job (MB)
	6192488  -  ResidentSetSize of job (KB)
...
006 (112171411.179.000) 05/03 18:15:44 Image size of job updated: 6928900
	6691  -  MemoryUsage of job (MB)
	6850848  -  ResidentSetSize of job (KB)
...
006 (112171411.179.000) 05/03 18:20:44 Image size of job updated: 7605848
	7352  -  MemoryUsage of job (MB)
	7527796  -  ResidentSetSize of job (KB)
...
006 (112171411.179.000) 05/03 18:25:44 Image size of job updated: 8243816
	7975  -  MemoryUsage of job (MB)
	8165764  -  ResidentSetSize of job (KB)
...
006 (112171411.179.000) 05/03 18:30:45 Image size of job updated: 8863568
	8580  -  MemoryUsage of job (MB)
	8785516  -  ResidentSetSize of job (KB)
...
006 (112171411.179.000) 05/03 18:35:45 Image size of job updated: 9394780
	9099  -  MemoryUsage of job (MB)
	9316728  -  ResidentSetSize of job (KB)
...
006 (112171411.179.000) 05/03 18:40:47 Image size of job updated: 9759324
	9455  -  MemoryUsage of job (MB)
	9681272  -  ResidentSetSize of job (KB)
...
006 (112171411.179.000) 05/03 18:45:48 Image size of job updated: 10248796
	9933  -  MemoryUsage of job (MB)
	10170744  -  ResidentSetSize of job (KB)
...
006 (112171411.179.000) 05/03 18:50:47 Image size of job updated: 10894988
	10564  -  MemoryUsage of job (MB)
	10816936  -  ResidentSetSize of job (KB)
...
006 (112171411.179.000) 05/03 18:55:47 Image size of job updated: 11366920
	11025  -  MemoryUsage of job (MB)
	11288868  -  ResidentSetSize of job (KB)
...
006 (112171411.179.000) 05/03 19:00:48 Image size of job updated: 11895436
	11541  -  MemoryUsage of job (MB)
	11817384  -  ResidentSetSize of job (KB)
...
006 (112171411.179.000) 05/03 19:05:49 Image size of job updated: 12537844
	12168  -  MemoryUsage of job (MB)
	12459792  -  ResidentSetSize of job (KB)
...
006 (112171411.179.000) 05/03 19:10:50 Image size of job updated: 13018348
	12638  -  MemoryUsage of job (MB)
	12940296  -  ResidentSetSize of job (KB)
...
006 (112171411.179.000) 05/03 19:15:50 Image size of job updated: 13613804
	13219  -  MemoryUsage of job (MB)
	13535752  -  ResidentSetSize of job (KB)
...
006 (112171411.179.000) 05/03 19:20:52 Image size of job updated: 14095756
	13690  -  MemoryUsage of job (MB)
	14017704  -  ResidentSetSize of job (KB)
...
006 (112171411.179.000) 05/03 19:25:52 Image size of job updated: 14613628
	14195  -  MemoryUsage of job (MB)
	14535576  -  ResidentSetSize of job (KB)
...
006 (112171411.179.000) 05/03 19:30:54 Image size of job updated: 15195784
	14764  -  MemoryUsage of job (MB)
	15117732  -  ResidentSetSize of job (KB)
...
006 (112171411.179.000) 05/03 19:35:54 Image size of job updated: 15759224
	15314  -  MemoryUsage of job (MB)
	15681172  -  ResidentSetSize of job (KB)
...
006 (112171411.179.000) 05/03 19:40:55 Image size of job updated: 16318244
	15860  -  MemoryUsage of job (MB)
	16240192  -  ResidentSetSize of job (KB)
...
006 (112171411.179.000) 05/03 19:45:55 Image size of job updated: 16860200
	16389  -  MemoryUsage of job (MB)
	16782148  -  ResidentSetSize of job (KB)
...
006 (112171411.179.000) 05/03 19:50:55 Image size of job updated: 17388280
	16905  -  MemoryUsage of job (MB)
	17310100  -  ResidentSetSize of job (KB)
...
006 (112171411.179.000) 05/03 19:55:55 Image size of job updated: 17943816
	17446  -  MemoryUsage of job (MB)
	17864696  -  ResidentSetSize of job (KB)
...
006 (112171411.179.000) 05/03 20:00:56 Image size of job updated: 18461252
	17948  -  MemoryUsage of job (MB)
	18378100  -  ResidentSetSize of job (KB)
...
006 (112171411.179.000) 05/03 20:05:57 Image size of job updated: 19125944
	18591  -  MemoryUsage of job (MB)
	19036200  -  ResidentSetSize of job (KB)
...
006 (112171411.179.000) 05/03 20:10:57 Image size of job updated: 19552784
	19003  -  MemoryUsage of job (MB)
	19458052  -  ResidentSetSize of job (KB)
...
006 (112171411.179.000) 05/03 20:15:57 Image size of job updated: 20116188
	19542  -  MemoryUsage of job (MB)
	20010716  -  ResidentSetSize of job (KB)
...
006 (112171411.179.000) 05/03 20:20:58 Image size of job updated: 20560236
	19949  -  MemoryUsage of job (MB)
	20427340  -  ResidentSetSize of job (KB)
...
006 (112171411.179.000) 05/03 20:25:58 Image size of job updated: 21144624
	20392  -  MemoryUsage of job (MB)
	20880896  -  ResidentSetSize of job (KB)
...
006 (112171411.179.000) 05/03 20:30:59 Image size of job updated: 21465556
	20442  -  MemoryUsage of job (MB)
	20932176  -  ResidentSetSize of job (KB)
...
006 (112171411.179.000) 05/03 20:35:59 Image size of job updated: 21924192
	20442  -  MemoryUsage of job (MB)
	20932296  -  ResidentSetSize of job (KB)
...
006 (112171411.179.000) 05/03 20:41:00 Image size of job updated: 22239828
	20442  -  MemoryUsage of job (MB)
	20932296  -  ResidentSetSize of job (KB)
...
006 (112171411.179.000) 05/03 20:46:01 Image size of job updated: 22639576
	20442  -  MemoryUsage of job (MB)
	20932296  -  ResidentSetSize of job (KB)
...
005 (112171411.179.000) 05/03 20:51:00 Job terminated.
	(1) Normal termination (return value 0)
		Usr 0 03:04:10, Sys 0 00:06:12  -  Run Remote Usage
		Usr 0 00:00:00, Sys 0 00:00:00  -  Run Local Usage
		Usr 0 03:04:10, Sys 0 00:06:12  -  Total Remote Usage
		Usr 0 00:00:00, Sys 0 00:00:00  -  Total Local Usage
	24672632  -  Run Bytes Sent By Job
	1780307328  -  Run Bytes Received By Job
	24672632  -  Total Bytes Sent By Job
	1780307328  -  Total Bytes Received By Job
	Partitionable Resources :      Usage  Request Allocated 
	   Cpus                 :       0.98        1         1 
	   Disk (KB)            : 6853848    20971520  21174852 
	   Ioheavy              :                             0 
	   Memory (MB)          :   20442       20480     20480 
...
