000 (112171411.057.000) 05/03 11:53:31 Job submitted from host: <128.104.100.44:9618?addrs=128.104.100.44-9618+[2607-f388-107c-501-90e2-baff-fe2c-2724]-9618&noUDP&sock=4699_0235_3>
...
001 (112171411.057.000) 05/03 13:55:57 Job executing on host: <128.105.245.153:9618?addrs=128.105.245.153-9618&noUDP&sock=5476_a8b4_29>
...
006 (112171411.057.000) 05/03 13:56:05 Image size of job updated: 628
	1  -  MemoryUsage of job (MB)
	628  -  ResidentSetSize of job (KB)
...
006 (112171411.057.000) 05/03 14:01:06 Image size of job updated: 664
	1  -  MemoryUsage of job (MB)
	664  -  ResidentSetSize of job (KB)
...
006 (112171411.057.000) 05/03 14:06:07 Image size of job updated: 523496
	436  -  MemoryUsage of job (MB)
	445500  -  ResidentSetSize of job (KB)
...
006 (112171411.057.000) 05/03 14:11:07 Image size of job updated: 865500
	769  -  MemoryUsage of job (MB)
	787448  -  ResidentSetSize of job (KB)
...
006 (112171411.057.000) 05/03 14:16:08 Image size of job updated: 1250592
	1146  -  MemoryUsage of job (MB)
	1172540  -  ResidentSetSize of job (KB)
...
006 (112171411.057.000) 05/03 14:21:08 Image size of job updated: 1774508
	1657  -  MemoryUsage of job (MB)
	1696456  -  ResidentSetSize of job (KB)
...
006 (112171411.057.000) 05/03 14:26:10 Image size of job updated: 2365116
	2234  -  MemoryUsage of job (MB)
	2287064  -  ResidentSetSize of job (KB)
...
006 (112171411.057.000) 05/03 14:31:10 Image size of job updated: 3113712
	2965  -  MemoryUsage of job (MB)
	3035660  -  ResidentSetSize of job (KB)
...
006 (112171411.057.000) 05/03 14:36:11 Image size of job updated: 3923248
	3756  -  MemoryUsage of job (MB)
	3845196  -  ResidentSetSize of job (KB)
...
006 (112171411.057.000) 05/03 14:41:12 Image size of job updated: 4702648
	4517  -  MemoryUsage of job (MB)
	4624596  -  ResidentSetSize of job (KB)
...
006 (112171411.057.000) 05/03 14:46:12 Image size of job updated: 5413524
	5211  -  MemoryUsage of job (MB)
	5335472  -  ResidentSetSize of job (KB)
...
006 (112171411.057.000) 05/03 14:51:13 Image size of job updated: 6216840
	5995  -  MemoryUsage of job (MB)
	6138788  -  ResidentSetSize of job (KB)
...
006 (112171411.057.000) 05/03 14:56:14 Image size of job updated: 6974768
	6736  -  MemoryUsage of job (MB)
	6896716  -  ResidentSetSize of job (KB)
...
006 (112171411.057.000) 05/03 15:01:14 Image size of job updated: 7672280
	7417  -  MemoryUsage of job (MB)
	7594228  -  ResidentSetSize of job (KB)
...
006 (112171411.057.000) 05/03 15:06:15 Image size of job updated: 8408360
	8136  -  MemoryUsage of job (MB)
	8330308  -  ResidentSetSize of job (KB)
...
006 (112171411.057.000) 05/03 15:11:15 Image size of job updated: 9048176
	8760  -  MemoryUsage of job (MB)
	8970124  -  ResidentSetSize of job (KB)
...
006 (112171411.057.000) 05/03 15:16:16 Image size of job updated: 9653264
	9351  -  MemoryUsage of job (MB)
	9575212  -  ResidentSetSize of job (KB)
...
006 (112171411.057.000) 05/03 15:21:16 Image size of job updated: 10226984
	9912  -  MemoryUsage of job (MB)
	10148932  -  ResidentSetSize of job (KB)
...
006 (112171411.057.000) 05/03 15:26:17 Image size of job updated: 10895772
	10565  -  MemoryUsage of job (MB)
	10817720  -  ResidentSetSize of job (KB)
...
006 (112171411.057.000) 05/03 15:31:17 Image size of job updated: 11516260
	11171  -  MemoryUsage of job (MB)
	11438208  -  ResidentSetSize of job (KB)
...
006 (112171411.057.000) 05/03 15:36:17 Image size of job updated: 12197116
	11836  -  MemoryUsage of job (MB)
	12119064  -  ResidentSetSize of job (KB)
...
006 (112171411.057.000) 05/03 15:41:18 Image size of job updated: 12810956
	12435  -  MemoryUsage of job (MB)
	12732904  -  ResidentSetSize of job (KB)
...
006 (112171411.057.000) 05/03 15:46:18 Image size of job updated: 13467568
	13076  -  MemoryUsage of job (MB)
	13389516  -  ResidentSetSize of job (KB)
...
006 (112171411.057.000) 05/03 15:51:19 Image size of job updated: 14050964
	13646  -  MemoryUsage of job (MB)
	13972912  -  ResidentSetSize of job (KB)
...
006 (112171411.057.000) 05/03 15:56:19 Image size of job updated: 14666592
	14247  -  MemoryUsage of job (MB)
	14588540  -  ResidentSetSize of job (KB)
...
006 (112171411.057.000) 05/03 16:01:21 Image size of job updated: 15263752
	14830  -  MemoryUsage of job (MB)
	15185700  -  ResidentSetSize of job (KB)
...
006 (112171411.057.000) 05/03 16:06:21 Image size of job updated: 15901628
	15453  -  MemoryUsage of job (MB)
	15823576  -  ResidentSetSize of job (KB)
...
006 (112171411.057.000) 05/03 16:11:21 Image size of job updated: 16563512
	16100  -  MemoryUsage of job (MB)
	16485460  -  ResidentSetSize of job (KB)
...
006 (112171411.057.000) 05/03 16:16:23 Image size of job updated: 17120552
	16644  -  MemoryUsage of job (MB)
	17042500  -  ResidentSetSize of job (KB)
...
006 (112171411.057.000) 05/03 16:21:27 Image size of job updated: 17479220
	16993  -  MemoryUsage of job (MB)
	17400772  -  ResidentSetSize of job (KB)
...
006 (112171411.057.000) 05/03 16:26:24 Image size of job updated: 17821572
	17327  -  MemoryUsage of job (MB)
	17742548  -  ResidentSetSize of job (KB)
...
006 (112171411.057.000) 05/03 16:31:25 Image size of job updated: 18413496
	17903  -  MemoryUsage of job (MB)
	18332436  -  ResidentSetSize of job (KB)
...
006 (112171411.057.000) 05/03 16:36:25 Image size of job updated: 19090860
	18563  -  MemoryUsage of job (MB)
	19008052  -  ResidentSetSize of job (KB)
...
006 (112171411.057.000) 05/03 16:41:25 Image size of job updated: 19674308
	19126  -  MemoryUsage of job (MB)
	19584208  -  ResidentSetSize of job (KB)
...
006 (112171411.057.000) 05/03 16:46:26 Image size of job updated: 20253988
	19667  -  MemoryUsage of job (MB)
	20138076  -  ResidentSetSize of job (KB)
...
006 (112171411.057.000) 05/03 16:51:26 Image size of job updated: 20767976
	20129  -  MemoryUsage of job (MB)
	20611108  -  ResidentSetSize of job (KB)
...
006 (112171411.057.000) 05/03 16:56:27 Image size of job updated: 21370500
	20429  -  MemoryUsage of job (MB)
	20919188  -  ResidentSetSize of job (KB)
...
006 (112171411.057.000) 05/03 17:01:27 Image size of job updated: 21994364
	20446  -  MemoryUsage of job (MB)
	20936600  -  ResidentSetSize of job (KB)
...
006 (112171411.057.000) 05/03 17:06:28 Image size of job updated: 22439216
	20447  -  MemoryUsage of job (MB)
	20936924  -  ResidentSetSize of job (KB)
...
006 (112171411.057.000) 05/03 17:11:28 Image size of job updated: 23106196
	20447  -  MemoryUsage of job (MB)
	20937572  -  ResidentSetSize of job (KB)
...
006 (112171411.057.000) 05/03 17:13:14 Image size of job updated: 23286808
	20447  -  MemoryUsage of job (MB)
	20937572  -  ResidentSetSize of job (KB)
...
005 (112171411.057.000) 05/03 17:13:16 Job terminated.
	(1) Normal termination (return value 0)
		Usr 0 02:52:30, Sys 0 00:03:03  -  Run Remote Usage
		Usr 0 00:00:00, Sys 0 00:00:00  -  Run Local Usage
		Usr 0 02:52:30, Sys 0 00:03:03  -  Total Remote Usage
		Usr 0 00:00:00, Sys 0 00:00:00  -  Total Local Usage
	24686288  -  Run Bytes Sent By Job
	1780307328  -  Run Bytes Received By Job
	24686288  -  Total Bytes Sent By Job
	1780307328  -  Total Bytes Received By Job
	Partitionable Resources :      Usage  Request Allocated 
	   Cpus                 :       0.94        1         1 
	   Disk (KB)            : 6853860    20971520  23141011 
	   Ioheavy              :                             0 
	   Memory (MB)          :   20447       20480     20480 
...
