000 (112171411.021.000) 05/03 11:53:31 Job submitted from host: <128.104.100.44:9618?addrs=128.104.100.44-9618+[2607-f388-107c-501-90e2-baff-fe2c-2724]-9618&noUDP&sock=4699_0235_3>
...
001 (112171411.021.000) 05/03 13:09:50 Job executing on host: <128.105.245.212:9618?addrs=128.105.245.212-9618&noUDP&sock=5446_14dd_3>
...
006 (112171411.021.000) 05/03 13:09:59 Image size of job updated: 624
	1  -  MemoryUsage of job (MB)
	624  -  ResidentSetSize of job (KB)
...
006 (112171411.021.000) 05/03 13:15:04 Image size of job updated: 632
	1  -  MemoryUsage of job (MB)
	632  -  ResidentSetSize of job (KB)
...
006 (112171411.021.000) 05/03 13:20:01 Image size of job updated: 656
	1  -  MemoryUsage of job (MB)
	656  -  ResidentSetSize of job (KB)
...
006 (112171411.021.000) 05/03 13:25:02 Image size of job updated: 664
	1  -  MemoryUsage of job (MB)
	664  -  ResidentSetSize of job (KB)
...
006 (112171411.021.000) 05/03 13:30:02 Image size of job updated: 438348
	352  -  MemoryUsage of job (MB)
	360352  -  ResidentSetSize of job (KB)
...
006 (112171411.021.000) 05/03 13:35:02 Image size of job updated: 869336
	773  -  MemoryUsage of job (MB)
	791284  -  ResidentSetSize of job (KB)
...
006 (112171411.021.000) 05/03 13:40:03 Image size of job updated: 1380632
	1273  -  MemoryUsage of job (MB)
	1302580  -  ResidentSetSize of job (KB)
...
006 (112171411.021.000) 05/03 13:45:03 Image size of job updated: 1931004
	1810  -  MemoryUsage of job (MB)
	1852952  -  ResidentSetSize of job (KB)
...
006 (112171411.021.000) 05/03 13:50:05 Image size of job updated: 2648300
	2511  -  MemoryUsage of job (MB)
	2570248  -  ResidentSetSize of job (KB)
...
006 (112171411.021.000) 05/03 13:55:05 Image size of job updated: 3471716
	3315  -  MemoryUsage of job (MB)
	3393664  -  ResidentSetSize of job (KB)
...
006 (112171411.021.000) 05/03 14:00:06 Image size of job updated: 4367928
	4190  -  MemoryUsage of job (MB)
	4289876  -  ResidentSetSize of job (KB)
...
006 (112171411.021.000) 05/03 14:05:07 Image size of job updated: 5168884
	4972  -  MemoryUsage of job (MB)
	5090832  -  ResidentSetSize of job (KB)
...
006 (112171411.021.000) 05/03 14:10:09 Image size of job updated: 6076360
	5858  -  MemoryUsage of job (MB)
	5998308  -  ResidentSetSize of job (KB)
...
006 (112171411.021.000) 05/03 14:15:09 Image size of job updated: 6842504
	6606  -  MemoryUsage of job (MB)
	6764452  -  ResidentSetSize of job (KB)
...
006 (112171411.021.000) 05/03 14:20:09 Image size of job updated: 7426628
	7177  -  MemoryUsage of job (MB)
	7348576  -  ResidentSetSize of job (KB)
...
006 (112171411.021.000) 05/03 14:25:09 Image size of job updated: 8172832
	7906  -  MemoryUsage of job (MB)
	8094780  -  ResidentSetSize of job (KB)
...
006 (112171411.021.000) 05/03 14:30:10 Image size of job updated: 8932536
	8647  -  MemoryUsage of job (MB)
	8854484  -  ResidentSetSize of job (KB)
...
006 (112171411.021.000) 05/03 14:35:10 Image size of job updated: 9653656
	9352  -  MemoryUsage of job (MB)
	9575604  -  ResidentSetSize of job (KB)
...
006 (112171411.021.000) 05/03 14:40:10 Image size of job updated: 10354500
	10036  -  MemoryUsage of job (MB)
	10276448  -  ResidentSetSize of job (KB)
...
006 (112171411.021.000) 05/03 14:45:10 Image size of job updated: 10960168
	10628  -  MemoryUsage of job (MB)
	10882116  -  ResidentSetSize of job (KB)
...
006 (112171411.021.000) 05/03 14:50:10 Image size of job updated: 11382592
	11040  -  MemoryUsage of job (MB)
	11304540  -  ResidentSetSize of job (KB)
...
006 (112171411.021.000) 05/03 14:55:11 Image size of job updated: 11973484
	11617  -  MemoryUsage of job (MB)
	11895432  -  ResidentSetSize of job (KB)
...
006 (112171411.021.000) 05/03 15:00:12 Image size of job updated: 12617756
	12246  -  MemoryUsage of job (MB)
	12539704  -  ResidentSetSize of job (KB)
...
006 (112171411.021.000) 05/03 15:05:13 Image size of job updated: 13285932
	12899  -  MemoryUsage of job (MB)
	13207880  -  ResidentSetSize of job (KB)
...
006 (112171411.021.000) 05/03 15:10:13 Image size of job updated: 13941644
	13539  -  MemoryUsage of job (MB)
	13863592  -  ResidentSetSize of job (KB)
...
006 (112171411.021.000) 05/03 15:15:13 Image size of job updated: 14640796
	14222  -  MemoryUsage of job (MB)
	14562744  -  ResidentSetSize of job (KB)
...
006 (112171411.021.000) 05/03 15:20:13 Image size of job updated: 15298644
	14864  -  MemoryUsage of job (MB)
	15220592  -  ResidentSetSize of job (KB)
...
006 (112171411.021.000) 05/03 15:25:14 Image size of job updated: 16010920
	15559  -  MemoryUsage of job (MB)
	15931548  -  ResidentSetSize of job (KB)
...
006 (112171411.021.000) 05/03 15:30:15 Image size of job updated: 16602272
	16135  -  MemoryUsage of job (MB)
	16521448  -  ResidentSetSize of job (KB)
...
006 (112171411.021.000) 05/03 15:35:16 Image size of job updated: 17324136
	16837  -  MemoryUsage of job (MB)
	17240896  -  ResidentSetSize of job (KB)
...
006 (112171411.021.000) 05/03 15:40:16 Image size of job updated: 17786872
	17287  -  MemoryUsage of job (MB)
	17701840  -  ResidentSetSize of job (KB)
...
006 (112171411.021.000) 05/03 15:45:17 Image size of job updated: 18516928
	17965  -  MemoryUsage of job (MB)
	18396120  -  ResidentSetSize of job (KB)
...
006 (112171411.021.000) 05/03 15:50:18 Image size of job updated: 19214964
	18641  -  MemoryUsage of job (MB)
	19087772  -  ResidentSetSize of job (KB)
...
006 (112171411.021.000) 05/03 15:55:18 Image size of job updated: 19913320
	19297  -  MemoryUsage of job (MB)
	19759228  -  ResidentSetSize of job (KB)
...
006 (112171411.021.000) 05/03 16:00:20 Image size of job updated: 20526676
	19841  -  MemoryUsage of job (MB)
	20317160  -  ResidentSetSize of job (KB)
...
006 (112171411.021.000) 05/03 16:05:20 Image size of job updated: 21046712
	20287  -  MemoryUsage of job (MB)
	20773264  -  ResidentSetSize of job (KB)
...
006 (112171411.021.000) 05/03 16:10:21 Image size of job updated: 21504052
	20440  -  MemoryUsage of job (MB)
	20929968  -  ResidentSetSize of job (KB)
...
006 (112171411.021.000) 05/03 16:15:22 Image size of job updated: 21974968
	20440  -  MemoryUsage of job (MB)
	20929968  -  ResidentSetSize of job (KB)
...
006 (112171411.021.000) 05/03 16:20:22 Image size of job updated: 22364832
	20440  -  MemoryUsage of job (MB)
	20929968  -  ResidentSetSize of job (KB)
...
006 (112171411.021.000) 05/03 16:25:22 Image size of job updated: 22691140
	20440  -  MemoryUsage of job (MB)
	20929968  -  ResidentSetSize of job (KB)
...
006 (112171411.021.000) 05/03 16:30:23 Image size of job updated: 22946144
	20460  -  MemoryUsage of job (MB)
	20950436  -  ResidentSetSize of job (KB)
...
006 (112171411.021.000) 05/03 16:35:23 Image size of job updated: 23044964
	20460  -  MemoryUsage of job (MB)
	20950436  -  ResidentSetSize of job (KB)
...
005 (112171411.021.000) 05/03 16:39:53 Job terminated.
	(1) Normal termination (return value 0)
		Usr 0 02:35:17, Sys 0 00:04:28  -  Run Remote Usage
		Usr 0 00:00:00, Sys 0 00:00:00  -  Run Local Usage
		Usr 0 02:35:17, Sys 0 00:04:28  -  Total Remote Usage
		Usr 0 00:00:00, Sys 0 00:00:00  -  Total Local Usage
	24565196  -  Run Bytes Sent By Job
	1780307328  -  Run Bytes Received By Job
	24565196  -  Total Bytes Sent By Job
	1780307328  -  Total Bytes Received By Job
	Partitionable Resources :      Usage  Request Allocated 
	   Cpus                 :       0.01        1         1 
	   Disk (KB)            : 6853743    20971520  21114615 
	   Ioheavy              :                             0 
	   Memory (MB)          :   20460       20480     20480 
...
