000 (112171411.048.000) 05/03 11:53:31 Job submitted from host: <128.104.100.44:9618?addrs=128.104.100.44-9618+[2607-f388-107c-501-90e2-baff-fe2c-2724]-9618&noUDP&sock=4699_0235_3>
...
001 (112171411.048.000) 05/03 13:33:59 Job executing on host: <128.105.245.248:9618?addrs=128.105.245.248-9618&noUDP&sock=5505_8cf3_29>
...
006 (112171411.048.000) 05/03 13:34:09 Image size of job updated: 632
	1  -  MemoryUsage of job (MB)
	632  -  ResidentSetSize of job (KB)
...
006 (112171411.048.000) 05/03 13:39:11 Image size of job updated: 652
	1  -  MemoryUsage of job (MB)
	652  -  ResidentSetSize of job (KB)
...
006 (112171411.048.000) 05/03 13:44:10 Image size of job updated: 291872
	209  -  MemoryUsage of job (MB)
	213876  -  ResidentSetSize of job (KB)
...
006 (112171411.048.000) 05/03 13:49:10 Image size of job updated: 638864
	548  -  MemoryUsage of job (MB)
	560868  -  ResidentSetSize of job (KB)
...
006 (112171411.048.000) 05/03 13:54:10 Image size of job updated: 1065148
	964  -  MemoryUsage of job (MB)
	987096  -  ResidentSetSize of job (KB)
...
006 (112171411.048.000) 05/03 13:59:11 Image size of job updated: 1604644
	1491  -  MemoryUsage of job (MB)
	1526592  -  ResidentSetSize of job (KB)
...
006 (112171411.048.000) 05/03 14:04:12 Image size of job updated: 2202136
	2075  -  MemoryUsage of job (MB)
	2124084  -  ResidentSetSize of job (KB)
...
006 (112171411.048.000) 05/03 14:09:12 Image size of job updated: 2763464
	2623  -  MemoryUsage of job (MB)
	2685412  -  ResidentSetSize of job (KB)
...
006 (112171411.048.000) 05/03 14:14:13 Image size of job updated: 3438812
	3282  -  MemoryUsage of job (MB)
	3360760  -  ResidentSetSize of job (KB)
...
006 (112171411.048.000) 05/03 14:19:13 Image size of job updated: 4276752
	4101  -  MemoryUsage of job (MB)
	4198700  -  ResidentSetSize of job (KB)
...
006 (112171411.048.000) 05/03 14:24:14 Image size of job updated: 4959444
	4767  -  MemoryUsage of job (MB)
	4881392  -  ResidentSetSize of job (KB)
...
006 (112171411.048.000) 05/03 14:29:14 Image size of job updated: 5744136
	5534  -  MemoryUsage of job (MB)
	5666084  -  ResidentSetSize of job (KB)
...
006 (112171411.048.000) 05/03 14:34:15 Image size of job updated: 6419592
	6193  -  MemoryUsage of job (MB)
	6341540  -  ResidentSetSize of job (KB)
...
006 (112171411.048.000) 05/03 14:39:16 Image size of job updated: 7127996
	6885  -  MemoryUsage of job (MB)
	7049944  -  ResidentSetSize of job (KB)
...
006 (112171411.048.000) 05/03 14:44:16 Image size of job updated: 7801068
	7543  -  MemoryUsage of job (MB)
	7723016  -  ResidentSetSize of job (KB)
...
006 (112171411.048.000) 05/03 14:49:16 Image size of job updated: 8450464
	8177  -  MemoryUsage of job (MB)
	8372412  -  ResidentSetSize of job (KB)
...
006 (112171411.048.000) 05/03 14:54:17 Image size of job updated: 9136632
	8847  -  MemoryUsage of job (MB)
	9058580  -  ResidentSetSize of job (KB)
...
006 (112171411.048.000) 05/03 14:59:18 Image size of job updated: 9746212
	9442  -  MemoryUsage of job (MB)
	9668160  -  ResidentSetSize of job (KB)
...
006 (112171411.048.000) 05/03 15:04:18 Image size of job updated: 10415324
	10095  -  MemoryUsage of job (MB)
	10337272  -  ResidentSetSize of job (KB)
...
006 (112171411.048.000) 05/03 15:09:19 Image size of job updated: 11032932
	10699  -  MemoryUsage of job (MB)
	10954880  -  ResidentSetSize of job (KB)
...
006 (112171411.048.000) 05/03 15:14:19 Image size of job updated: 11683640
	11334  -  MemoryUsage of job (MB)
	11605588  -  ResidentSetSize of job (KB)
...
006 (112171411.048.000) 05/03 15:19:20 Image size of job updated: 12275448
	11912  -  MemoryUsage of job (MB)
	12197396  -  ResidentSetSize of job (KB)
...
006 (112171411.048.000) 05/03 15:24:21 Image size of job updated: 12871252
	12494  -  MemoryUsage of job (MB)
	12793128  -  ResidentSetSize of job (KB)
...
006 (112171411.048.000) 05/03 15:29:22 Image size of job updated: 13405176
	13015  -  MemoryUsage of job (MB)
	13326612  -  ResidentSetSize of job (KB)
...
006 (112171411.048.000) 05/03 15:34:23 Image size of job updated: 14017860
	13613  -  MemoryUsage of job (MB)
	13939296  -  ResidentSetSize of job (KB)
...
006 (112171411.048.000) 05/03 15:39:23 Image size of job updated: 14716392
	14295  -  MemoryUsage of job (MB)
	14637828  -  ResidentSetSize of job (KB)
...
006 (112171411.048.000) 05/03 15:44:23 Image size of job updated: 15332316
	14895  -  MemoryUsage of job (MB)
	15251636  -  ResidentSetSize of job (KB)
...
006 (112171411.048.000) 05/03 15:49:24 Image size of job updated: 15946344
	15493  -  MemoryUsage of job (MB)
	15863816  -  ResidentSetSize of job (KB)
...
006 (112171411.048.000) 05/03 15:54:25 Image size of job updated: 16497184
	16026  -  MemoryUsage of job (MB)
	16410372  -  ResidentSetSize of job (KB)
...
006 (112171411.048.000) 05/03 15:59:24 Image size of job updated: 17180600
	16684  -  MemoryUsage of job (MB)
	17084112  -  ResidentSetSize of job (KB)
...
006 (112171411.048.000) 05/03 16:04:24 Image size of job updated: 17767960
	17250  -  MemoryUsage of job (MB)
	17663380  -  ResidentSetSize of job (KB)
...
006 (112171411.048.000) 05/03 16:09:25 Image size of job updated: 18411976
	17875  -  MemoryUsage of job (MB)
	18303148  -  ResidentSetSize of job (KB)
...
006 (112171411.048.000) 05/03 16:14:25 Image size of job updated: 19084540
	18527  -  MemoryUsage of job (MB)
	18971320  -  ResidentSetSize of job (KB)
...
006 (112171411.048.000) 05/03 16:19:26 Image size of job updated: 19768000
	19193  -  MemoryUsage of job (MB)
	19653516  -  ResidentSetSize of job (KB)
...
006 (112171411.048.000) 05/03 16:24:26 Image size of job updated: 20386120
	19788  -  MemoryUsage of job (MB)
	20262576  -  ResidentSetSize of job (KB)
...
006 (112171411.048.000) 05/03 16:29:26 Image size of job updated: 21001124
	20324  -  MemoryUsage of job (MB)
	20811320  -  ResidentSetSize of job (KB)
...
006 (112171411.048.000) 05/03 16:34:27 Image size of job updated: 21500316
	20437  -  MemoryUsage of job (MB)
	20927184  -  ResidentSetSize of job (KB)
...
006 (112171411.048.000) 05/03 16:39:27 Image size of job updated: 22163120
	20437  -  MemoryUsage of job (MB)
	20927184  -  ResidentSetSize of job (KB)
...
006 (112171411.048.000) 05/03 16:44:28 Image size of job updated: 22867372
	20439  -  MemoryUsage of job (MB)
	20928704  -  ResidentSetSize of job (KB)
...
006 (112171411.048.000) 05/03 16:46:39 Image size of job updated: 22867372
	20439  -  MemoryUsage of job (MB)
	20928816  -  ResidentSetSize of job (KB)
...
005 (112171411.048.000) 05/03 16:46:40 Job terminated.
	(1) Normal termination (return value 0)
		Usr 0 02:50:09, Sys 0 00:07:38  -  Run Remote Usage
		Usr 0 00:00:00, Sys 0 00:00:00  -  Run Local Usage
		Usr 0 02:50:09, Sys 0 00:07:38  -  Total Remote Usage
		Usr 0 00:00:00, Sys 0 00:00:00  -  Total Local Usage
	24625104  -  Run Bytes Sent By Job
	1780307328  -  Run Bytes Received By Job
	24625104  -  Total Bytes Sent By Job
	1780307328  -  Total Bytes Received By Job
	Partitionable Resources :      Usage  Request Allocated 
	   Cpus                 :       0.45        1         1 
	   Disk (KB)            : 6853801    20971520  21349896 
	   Ioheavy              :                             0 
	   Memory (MB)          :   20439       20480     20480 
...
