000 (111351044.061.000) 04/22 20:35:43 Job submitted from host: <128.104.100.44:9618?addrs=128.104.100.44-9618+[2607-f388-107c-501-90e2-baff-fe2c-2724]-9618&noUDP&sock=1497440_afb9_3>
...
001 (111351044.061.000) 04/22 21:35:50 Job executing on host: <128.105.245.163:9618?addrs=128.105.245.163-9618&noUDP&sock=5471_3abb_3>
...
006 (111351044.061.000) 04/22 21:35:59 Image size of job updated: 628
	1  -  MemoryUsage of job (MB)
	628  -  ResidentSetSize of job (KB)
...
006 (111351044.061.000) 04/22 21:41:02 Image size of job updated: 656
	1  -  MemoryUsage of job (MB)
	656  -  ResidentSetSize of job (KB)
...
006 (111351044.061.000) 04/22 21:46:01 Image size of job updated: 420252
	335  -  MemoryUsage of job (MB)
	342256  -  ResidentSetSize of job (KB)
...
006 (111351044.061.000) 04/22 21:50:42 Image size of job updated: 1347920
	336  -  MemoryUsage of job (MB)
	343340  -  ResidentSetSize of job (KB)
...
005 (111351044.061.000) 04/22 21:51:49 Job terminated.
	(1) Normal termination (return value 0)
		Usr 0 00:07:06, Sys 0 00:00:23  -  Run Remote Usage
		Usr 0 00:00:00, Sys 0 00:00:00  -  Run Local Usage
		Usr 0 00:07:06, Sys 0 00:00:23  -  Total Remote Usage
		Usr 0 00:00:00, Sys 0 00:00:00  -  Total Local Usage
	1282160  -  Run Bytes Sent By Job
	1780295296  -  Run Bytes Received By Job
	1282160  -  Total Bytes Sent By Job
	1780295296  -  Total Bytes Received By Job
	Partitionable Resources :    Usage  Request Allocated 
	   Cpus                 :        0        1         1 
	   Disk (KB)            :  6832889 20971520  21337975 
	   Ioheavy              :                           0 
	   Memory (MB)          :      336    20480     20480 
...
