000 (111351044.059.000) 04/22 20:35:43 Job submitted from host: <128.104.100.44:9618?addrs=128.104.100.44-9618+[2607-f388-107c-501-90e2-baff-fe2c-2724]-9618&noUDP&sock=1497440_afb9_3>
...
001 (111351044.059.000) 04/22 21:35:51 Job executing on host: <128.105.245.232:9618?addrs=128.105.245.232-9618&noUDP&sock=5406_a513_30>
...
006 (111351044.059.000) 04/22 21:36:00 Image size of job updated: 640
	1  -  MemoryUsage of job (MB)
	640  -  ResidentSetSize of job (KB)
...
006 (111351044.059.000) 04/22 21:41:01 Image size of job updated: 357492
	273  -  MemoryUsage of job (MB)
	279492  -  ResidentSetSize of job (KB)
...
006 (111351044.059.000) 04/22 21:45:35 Image size of job updated: 780708
	275  -  MemoryUsage of job (MB)
	280664  -  ResidentSetSize of job (KB)
...
005 (111351044.059.000) 04/22 21:45:38 Job terminated.
	(1) Normal termination (return value 0)
		Usr 0 00:06:33, Sys 0 00:00:24  -  Run Remote Usage
		Usr 0 00:00:00, Sys 0 00:00:00  -  Run Local Usage
		Usr 0 00:06:33, Sys 0 00:00:24  -  Total Remote Usage
		Usr 0 00:00:00, Sys 0 00:00:00  -  Total Local Usage
	1385380  -  Run Bytes Sent By Job
	1780295296  -  Run Bytes Received By Job
	1385380  -  Total Bytes Sent By Job
	1780295296  -  Total Bytes Received By Job
	Partitionable Resources :      Usage  Request Allocated 
	   Cpus                 :       1.00        1         1 
	   Disk (KB)            : 6832282    20971520  21325001 
	   Ioheavy              :                             0 
	   Memory (MB)          :     275       20480     20480 
...
