000 (112025886.024.000) 04/30 21:55:26 Job submitted from host: <128.104.100.44:9618?addrs=128.104.100.44-9618+[2607-f388-107c-501-90e2-baff-fe2c-2724]-9618&noUDP&sock=4699_0235_3>
...
001 (112025886.024.000) 05/01 06:41:36 Job executing on host: <128.105.245.208:9618?addrs=128.105.245.208-9618&noUDP&sock=5437_e882_3>
...
006 (112025886.024.000) 05/01 06:41:45 Image size of job updated: 632
	1  -  MemoryUsage of job (MB)
	632  -  ResidentSetSize of job (KB)
...
006 (112025886.024.000) 05/01 06:46:47 Image size of job updated: 300072
	217  -  MemoryUsage of job (MB)
	222052  -  ResidentSetSize of job (KB)
...
006 (112025886.024.000) 05/01 06:51:47 Image size of job updated: 660576
	569  -  MemoryUsage of job (MB)
	582556  -  ResidentSetSize of job (KB)
...
006 (112025886.024.000) 05/01 06:56:48 Image size of job updated: 1092896
	992  -  MemoryUsage of job (MB)
	1014820  -  ResidentSetSize of job (KB)
...
006 (112025886.024.000) 05/01 07:01:49 Image size of job updated: 1630892
	1517  -  MemoryUsage of job (MB)
	1552816  -  ResidentSetSize of job (KB)
...
006 (112025886.024.000) 05/01 07:06:49 Image size of job updated: 2253032
	2124  -  MemoryUsage of job (MB)
	2174956  -  ResidentSetSize of job (KB)
...
006 (112025886.024.000) 05/01 07:11:50 Image size of job updated: 2957728
	2813  -  MemoryUsage of job (MB)
	2879652  -  ResidentSetSize of job (KB)
...
006 (112025886.024.000) 05/01 07:16:50 Image size of job updated: 3814588
	3649  -  MemoryUsage of job (MB)
	3736512  -  ResidentSetSize of job (KB)
...
006 (112025886.024.000) 05/01 07:21:51 Image size of job updated: 4613640
	4430  -  MemoryUsage of job (MB)
	4535564  -  ResidentSetSize of job (KB)
...
006 (112025886.024.000) 05/01 07:26:15 Image size of job updated: 5951328
	4431  -  MemoryUsage of job (MB)
	4536596  -  ResidentSetSize of job (KB)
...
005 (112025886.024.000) 05/01 07:26:19 Job terminated.
	(1) Normal termination (return value 0)
		Usr 0 00:39:12, Sys 0 00:00:44  -  Run Remote Usage
		Usr 0 00:00:00, Sys 0 00:00:00  -  Run Local Usage
		Usr 0 00:39:12, Sys 0 00:00:44  -  Total Remote Usage
		Usr 0 00:00:00, Sys 0 00:00:00  -  Total Local Usage
	8526857  -  Run Bytes Sent By Job
	1780295680  -  Run Bytes Received By Job
	8526857  -  Total Bytes Sent By Job
	1780295680  -  Total Bytes Received By Job
	Partitionable Resources :    Usage  Request Allocated 
	   Cpus                 :        0        1         1 
	   Disk (KB)            :  6841730 20971520  21312205 
	   Ioheavy              :                           0 
	   Memory (MB)          :     4431    20480     20480 
...
