000 (112171411.014.000) 05/03 11:53:31 Job submitted from host: <128.104.100.44:9618?addrs=128.104.100.44-9618+[2607-f388-107c-501-90e2-baff-fe2c-2724]-9618&noUDP&sock=4699_0235_3>
...
001 (112171411.014.000) 05/03 12:51:44 Job executing on host: <128.105.245.167:9618?addrs=128.105.245.167-9618&noUDP&sock=5445_6544_7>
...
006 (112171411.014.000) 05/03 12:51:53 Image size of job updated: 624
	1  -  MemoryUsage of job (MB)
	624  -  ResidentSetSize of job (KB)
...
006 (112171411.014.000) 05/03 12:56:55 Image size of job updated: 664
	1  -  MemoryUsage of job (MB)
	664  -  ResidentSetSize of job (KB)
...
006 (112171411.014.000) 05/03 13:01:55 Image size of job updated: 496112
	409  -  MemoryUsage of job (MB)
	418112  -  ResidentSetSize of job (KB)
...
006 (112171411.014.000) 05/03 13:06:55 Image size of job updated: 826440
	731  -  MemoryUsage of job (MB)
	748384  -  ResidentSetSize of job (KB)
...
006 (112171411.014.000) 05/03 13:11:56 Image size of job updated: 1044412
	944  -  MemoryUsage of job (MB)
	966356  -  ResidentSetSize of job (KB)
...
006 (112171411.014.000) 05/03 13:16:56 Image size of job updated: 1412896
	1304  -  MemoryUsage of job (MB)
	1334840  -  ResidentSetSize of job (KB)
...
006 (112171411.014.000) 05/03 13:21:57 Image size of job updated: 2010988
	1888  -  MemoryUsage of job (MB)
	1932932  -  ResidentSetSize of job (KB)
...
006 (112171411.014.000) 05/03 13:26:57 Image size of job updated: 2659856
	2522  -  MemoryUsage of job (MB)
	2581800  -  ResidentSetSize of job (KB)
...
006 (112171411.014.000) 05/03 13:31:59 Image size of job updated: 3396780
	3241  -  MemoryUsage of job (MB)
	3318724  -  ResidentSetSize of job (KB)
...
006 (112171411.014.000) 05/03 13:36:59 Image size of job updated: 4231696
	4057  -  MemoryUsage of job (MB)
	4153640  -  ResidentSetSize of job (KB)
...
006 (112171411.014.000) 05/03 13:41:59 Image size of job updated: 5039752
	4846  -  MemoryUsage of job (MB)
	4961696  -  ResidentSetSize of job (KB)
...
006 (112171411.014.000) 05/03 13:46:59 Image size of job updated: 5831832
	5619  -  MemoryUsage of job (MB)
	5753776  -  ResidentSetSize of job (KB)
...
006 (112171411.014.000) 05/03 13:52:01 Image size of job updated: 6573032
	6343  -  MemoryUsage of job (MB)
	6494976  -  ResidentSetSize of job (KB)
...
006 (112171411.014.000) 05/03 13:57:00 Image size of job updated: 7312252
	7065  -  MemoryUsage of job (MB)
	7234196  -  ResidentSetSize of job (KB)
...
006 (112171411.014.000) 05/03 14:02:01 Image size of job updated: 8008860
	7745  -  MemoryUsage of job (MB)
	7930804  -  ResidentSetSize of job (KB)
...
006 (112171411.014.000) 05/03 14:07:01 Image size of job updated: 8757224
	8476  -  MemoryUsage of job (MB)
	8679168  -  ResidentSetSize of job (KB)
...
006 (112171411.014.000) 05/03 14:12:02 Image size of job updated: 9411936
	9116  -  MemoryUsage of job (MB)
	9333880  -  ResidentSetSize of job (KB)
...
006 (112171411.014.000) 05/03 14:17:03 Image size of job updated: 10043396
	9732  -  MemoryUsage of job (MB)
	9965340  -  ResidentSetSize of job (KB)
...
006 (112171411.014.000) 05/03 14:22:03 Image size of job updated: 10655500
	10330  -  MemoryUsage of job (MB)
	10577444  -  ResidentSetSize of job (KB)
...
006 (112171411.014.000) 05/03 14:27:04 Image size of job updated: 11211992
	10873  -  MemoryUsage of job (MB)
	11133936  -  ResidentSetSize of job (KB)
...
006 (112171411.014.000) 05/03 14:32:05 Image size of job updated: 11863356
	11510  -  MemoryUsage of job (MB)
	11785300  -  ResidentSetSize of job (KB)
...
006 (112171411.014.000) 05/03 14:37:04 Image size of job updated: 12448672
	12081  -  MemoryUsage of job (MB)
	12370616  -  ResidentSetSize of job (KB)
...
006 (112171411.014.000) 05/03 14:42:04 Image size of job updated: 13054372
	12673  -  MemoryUsage of job (MB)
	12976316  -  ResidentSetSize of job (KB)
...
006 (112171411.014.000) 05/03 14:47:05 Image size of job updated: 13679428
	13283  -  MemoryUsage of job (MB)
	13601372  -  ResidentSetSize of job (KB)
...
006 (112171411.014.000) 05/03 14:52:05 Image size of job updated: 14343740
	13932  -  MemoryUsage of job (MB)
	14265684  -  ResidentSetSize of job (KB)
...
006 (112171411.014.000) 05/03 14:57:05 Image size of job updated: 14919308
	14494  -  MemoryUsage of job (MB)
	14841252  -  ResidentSetSize of job (KB)
...
006 (112171411.014.000) 05/03 15:02:06 Image size of job updated: 15527128
	15087  -  MemoryUsage of job (MB)
	15448816  -  ResidentSetSize of job (KB)
...
006 (112171411.014.000) 05/03 15:07:07 Image size of job updated: 16131420
	15676  -  MemoryUsage of job (MB)
	16051456  -  ResidentSetSize of job (KB)
...
006 (112171411.014.000) 05/03 15:12:07 Image size of job updated: 16688124
	16218  -  MemoryUsage of job (MB)
	16606480  -  ResidentSetSize of job (KB)
...
006 (112171411.014.000) 05/03 15:17:08 Image size of job updated: 17288624
	16803  -  MemoryUsage of job (MB)
	17205736  -  ResidentSetSize of job (KB)
...
006 (112171411.014.000) 05/03 15:22:08 Image size of job updated: 17962136
	17458  -  MemoryUsage of job (MB)
	17876012  -  ResidentSetSize of job (KB)
...
006 (112171411.014.000) 05/03 15:27:09 Image size of job updated: 18546000
	18024  -  MemoryUsage of job (MB)
	18456244  -  ResidentSetSize of job (KB)
...
006 (112171411.014.000) 05/03 15:32:09 Image size of job updated: 19068724
	18532  -  MemoryUsage of job (MB)
	18976452  -  ResidentSetSize of job (KB)
...
006 (112171411.014.000) 05/03 15:37:09 Image size of job updated: 19606928
	19049  -  MemoryUsage of job (MB)
	19505520  -  ResidentSetSize of job (KB)
...
006 (112171411.014.000) 05/03 15:42:09 Image size of job updated: 20218924
	19622  -  MemoryUsage of job (MB)
	20092108  -  ResidentSetSize of job (KB)
...
006 (112171411.014.000) 05/03 15:47:11 Image size of job updated: 20419876
	19800  -  MemoryUsage of job (MB)
	20275152  -  ResidentSetSize of job (KB)
...
006 (112171411.014.000) 05/03 15:52:11 Image size of job updated: 20657332
	20014  -  MemoryUsage of job (MB)
	20493732  -  ResidentSetSize of job (KB)
...
006 (112171411.014.000) 05/03 15:57:11 Image size of job updated: 21073716
	20340  -  MemoryUsage of job (MB)
	20827880  -  ResidentSetSize of job (KB)
...
006 (112171411.014.000) 05/03 16:02:13 Image size of job updated: 21289056
	20412  -  MemoryUsage of job (MB)
	20901600  -  ResidentSetSize of job (KB)
...
006 (112171411.014.000) 05/03 16:07:12 Image size of job updated: 21563316
	20438  -  MemoryUsage of job (MB)
	20927768  -  ResidentSetSize of job (KB)
...
006 (112171411.014.000) 05/03 16:12:13 Image size of job updated: 21905316
	20448  -  MemoryUsage of job (MB)
	20938752  -  ResidentSetSize of job (KB)
...
006 (112171411.014.000) 05/03 16:17:12 Image size of job updated: 22002336
	20448  -  MemoryUsage of job (MB)
	20938752  -  ResidentSetSize of job (KB)
...
006 (112171411.014.000) 05/03 16:22:13 Image size of job updated: 22212428
	20453  -  MemoryUsage of job (MB)
	20943632  -  ResidentSetSize of job (KB)
...
006 (112171411.014.000) 05/03 16:27:14 Image size of job updated: 22433384
	20453  -  MemoryUsage of job (MB)
	20943636  -  ResidentSetSize of job (KB)
...
006 (112171411.014.000) 05/03 16:32:15 Image size of job updated: 22777924
	20453  -  MemoryUsage of job (MB)
	20943636  -  ResidentSetSize of job (KB)
...
006 (112171411.014.000) 05/03 16:37:16 Image size of job updated: 23123888
	20453  -  MemoryUsage of job (MB)
	20943636  -  ResidentSetSize of job (KB)
...
005 (112171411.014.000) 05/03 16:39:03 Job terminated.
	(1) Normal termination (return value 0)
		Usr 0 02:48:55, Sys 0 00:08:53  -  Run Remote Usage
		Usr 0 00:00:00, Sys 0 00:00:00  -  Run Local Usage
		Usr 0 02:48:55, Sys 0 00:08:53  -  Total Remote Usage
		Usr 0 00:00:00, Sys 0 00:00:00  -  Total Local Usage
	24661048  -  Run Bytes Sent By Job
	1780307328  -  Run Bytes Received By Job
	24661048  -  Total Bytes Sent By Job
	1780307328  -  Total Bytes Received By Job
	Partitionable Resources :    Usage  Request Allocated 
	   Cpus                 :        0        1         1 
	   Disk (KB)            :  6853837 20971520  21062604 
	   Ioheavy              :                           0 
	   Memory (MB)          :    20453    20480     20480 
...
