000 (112171411.125.000) 05/03 11:53:31 Job submitted from host: <128.104.100.44:9618?addrs=128.104.100.44-9618+[2607-f388-107c-501-90e2-baff-fe2c-2724]-9618&noUDP&sock=4699_0235_3>
...
001 (112171411.125.000) 05/03 15:26:42 Job executing on host: <128.105.245.214:9618?addrs=128.105.245.214-9618&noUDP&sock=5455_4137_3>
...
006 (112171411.125.000) 05/03 15:26:51 Image size of job updated: 636
	1  -  MemoryUsage of job (MB)
	636  -  ResidentSetSize of job (KB)
...
006 (112171411.125.000) 05/03 15:31:53 Image size of job updated: 656
	1  -  MemoryUsage of job (MB)
	656  -  ResidentSetSize of job (KB)
...
006 (112171411.125.000) 05/03 15:36:53 Image size of job updated: 660
	1  -  MemoryUsage of job (MB)
	660  -  ResidentSetSize of job (KB)
...
006 (112171411.125.000) 05/03 15:41:54 Image size of job updated: 676
	1  -  MemoryUsage of job (MB)
	676  -  ResidentSetSize of job (KB)
...
006 (112171411.125.000) 05/03 15:46:54 Image size of job updated: 296384
	214  -  MemoryUsage of job (MB)
	218388  -  ResidentSetSize of job (KB)
...
006 (112171411.125.000) 05/03 15:51:54 Image size of job updated: 487784
	401  -  MemoryUsage of job (MB)
	409788  -  ResidentSetSize of job (KB)
...
006 (112171411.125.000) 05/03 15:56:55 Image size of job updated: 794984
	701  -  MemoryUsage of job (MB)
	716988  -  ResidentSetSize of job (KB)
...
006 (112171411.125.000) 05/03 16:01:55 Image size of job updated: 1152124
	1049  -  MemoryUsage of job (MB)
	1074072  -  ResidentSetSize of job (KB)
...
006 (112171411.125.000) 05/03 16:06:56 Image size of job updated: 1425844
	1317  -  MemoryUsage of job (MB)
	1347792  -  ResidentSetSize of job (KB)
...
006 (112171411.125.000) 05/03 16:11:58 Image size of job updated: 1840492
	1722  -  MemoryUsage of job (MB)
	1762440  -  ResidentSetSize of job (KB)
...
006 (112171411.125.000) 05/03 16:16:57 Image size of job updated: 2426060
	2293  -  MemoryUsage of job (MB)
	2348008  -  ResidentSetSize of job (KB)
...
006 (112171411.125.000) 05/03 16:21:58 Image size of job updated: 3079552
	2932  -  MemoryUsage of job (MB)
	3001500  -  ResidentSetSize of job (KB)
...
006 (112171411.125.000) 05/03 16:26:59 Image size of job updated: 3871552
	3705  -  MemoryUsage of job (MB)
	3793500  -  ResidentSetSize of job (KB)
...
006 (112171411.125.000) 05/03 16:31:59 Image size of job updated: 4634128
	4450  -  MemoryUsage of job (MB)
	4556076  -  ResidentSetSize of job (KB)
...
006 (112171411.125.000) 05/03 16:36:59 Image size of job updated: 5311100
	5111  -  MemoryUsage of job (MB)
	5233048  -  ResidentSetSize of job (KB)
...
006 (112171411.125.000) 05/03 16:42:00 Image size of job updated: 6074456
	5856  -  MemoryUsage of job (MB)
	5996404  -  ResidentSetSize of job (KB)
...
006 (112171411.125.000) 05/03 16:47:00 Image size of job updated: 6863264
	6627  -  MemoryUsage of job (MB)
	6785212  -  ResidentSetSize of job (KB)
...
006 (112171411.125.000) 05/03 16:52:01 Image size of job updated: 7541152
	7289  -  MemoryUsage of job (MB)
	7463100  -  ResidentSetSize of job (KB)
...
006 (112171411.125.000) 05/03 16:57:01 Image size of job updated: 8220204
	7952  -  MemoryUsage of job (MB)
	8142152  -  ResidentSetSize of job (KB)
...
006 (112171411.125.000) 05/03 17:02:02 Image size of job updated: 8783312
	8502  -  MemoryUsage of job (MB)
	8705260  -  ResidentSetSize of job (KB)
...
006 (112171411.125.000) 05/03 17:07:02 Image size of job updated: 9230752
	8939  -  MemoryUsage of job (MB)
	9152700  -  ResidentSetSize of job (KB)
...
006 (112171411.125.000) 05/03 17:12:03 Image size of job updated: 9695512
	9393  -  MemoryUsage of job (MB)
	9617460  -  ResidentSetSize of job (KB)
...
006 (112171411.125.000) 05/03 17:17:03 Image size of job updated: 10216332
	9901  -  MemoryUsage of job (MB)
	10138280  -  ResidentSetSize of job (KB)
...
006 (112171411.125.000) 05/03 17:22:04 Image size of job updated: 10750040
	10422  -  MemoryUsage of job (MB)
	10671988  -  ResidentSetSize of job (KB)
...
006 (112171411.125.000) 05/03 17:27:06 Image size of job updated: 11356572
	11015  -  MemoryUsage of job (MB)
	11278520  -  ResidentSetSize of job (KB)
...
006 (112171411.125.000) 05/03 17:32:06 Image size of job updated: 11873028
	11519  -  MemoryUsage of job (MB)
	11794976  -  ResidentSetSize of job (KB)
...
006 (112171411.125.000) 05/03 17:37:06 Image size of job updated: 12305508
	11941  -  MemoryUsage of job (MB)
	12227456  -  ResidentSetSize of job (KB)
...
006 (112171411.125.000) 05/03 17:42:07 Image size of job updated: 12875940
	12498  -  MemoryUsage of job (MB)
	12797888  -  ResidentSetSize of job (KB)
...
006 (112171411.125.000) 05/03 17:47:08 Image size of job updated: 13397564
	13008  -  MemoryUsage of job (MB)
	13319512  -  ResidentSetSize of job (KB)
...
006 (112171411.125.000) 05/03 17:52:08 Image size of job updated: 14024400
	13620  -  MemoryUsage of job (MB)
	13946348  -  ResidentSetSize of job (KB)
...
006 (112171411.125.000) 05/03 17:57:09 Image size of job updated: 14657700
	14238  -  MemoryUsage of job (MB)
	14579648  -  ResidentSetSize of job (KB)
...
006 (112171411.125.000) 05/03 18:02:10 Image size of job updated: 15195908
	14764  -  MemoryUsage of job (MB)
	15117856  -  ResidentSetSize of job (KB)
...
006 (112171411.125.000) 05/03 18:07:11 Image size of job updated: 15780008
	15334  -  MemoryUsage of job (MB)
	15701956  -  ResidentSetSize of job (KB)
...
006 (112171411.125.000) 05/03 18:12:11 Image size of job updated: 16469368
	16008  -  MemoryUsage of job (MB)
	16391316  -  ResidentSetSize of job (KB)
...
006 (112171411.125.000) 05/03 18:17:12 Image size of job updated: 17051748
	16576  -  MemoryUsage of job (MB)
	16972904  -  ResidentSetSize of job (KB)
...
006 (112171411.125.000) 05/03 18:22:13 Image size of job updated: 17680580
	17187  -  MemoryUsage of job (MB)
	17599444  -  ResidentSetSize of job (KB)
...
006 (112171411.125.000) 05/03 18:27:14 Image size of job updated: 18222144
	17715  -  MemoryUsage of job (MB)
	18139648  -  ResidentSetSize of job (KB)
...
006 (112171411.125.000) 05/03 18:32:31 Image size of job updated: 18754252
	18233  -  MemoryUsage of job (MB)
	18670328  -  ResidentSetSize of job (KB)
...
006 (112171411.125.000) 05/03 18:37:14 Image size of job updated: 19054584
	18519  -  MemoryUsage of job (MB)
	18962960  -  ResidentSetSize of job (KB)
...
006 (112171411.125.000) 05/03 18:42:14 Image size of job updated: 19374624
	18821  -  MemoryUsage of job (MB)
	19272032  -  ResidentSetSize of job (KB)
...
006 (112171411.125.000) 05/03 18:47:15 Image size of job updated: 19539140
	18978  -  MemoryUsage of job (MB)
	19432920  -  ResidentSetSize of job (KB)
...
006 (112171411.125.000) 05/03 18:52:18 Image size of job updated: 19786908
	19214  -  MemoryUsage of job (MB)
	19674844  -  ResidentSetSize of job (KB)
...
006 (112171411.125.000) 05/03 18:57:17 Image size of job updated: 20067128
	19475  -  MemoryUsage of job (MB)
	19942368  -  ResidentSetSize of job (KB)
...
006 (112171411.125.000) 05/03 19:02:20 Image size of job updated: 20348488
	19721  -  MemoryUsage of job (MB)
	20193976  -  ResidentSetSize of job (KB)
...
006 (112171411.125.000) 05/03 19:07:18 Image size of job updated: 20476520
	19821  -  MemoryUsage of job (MB)
	20296700  -  ResidentSetSize of job (KB)
...
006 (112171411.125.000) 05/03 19:12:19 Image size of job updated: 20725508
	20033  -  MemoryUsage of job (MB)
	20513188  -  ResidentSetSize of job (KB)
...
006 (112171411.125.000) 05/03 19:17:20 Image size of job updated: 21111916
	20324  -  MemoryUsage of job (MB)
	20811604  -  ResidentSetSize of job (KB)
...
006 (112171411.125.000) 05/03 19:22:20 Image size of job updated: 21387612
	20446  -  MemoryUsage of job (MB)
	20935876  -  ResidentSetSize of job (KB)
...
006 (112171411.125.000) 05/03 19:27:21 Image size of job updated: 21543284
	20446  -  MemoryUsage of job (MB)
	20936220  -  ResidentSetSize of job (KB)
...
006 (112171411.125.000) 05/03 19:32:21 Image size of job updated: 21792152
	20446  -  MemoryUsage of job (MB)
	20936220  -  ResidentSetSize of job (KB)
...
006 (112171411.125.000) 05/03 19:37:21 Image size of job updated: 22233760
	20446  -  MemoryUsage of job (MB)
	20936220  -  ResidentSetSize of job (KB)
...
006 (112171411.125.000) 05/03 19:42:21 Image size of job updated: 22923380
	20446  -  MemoryUsage of job (MB)
	20936220  -  ResidentSetSize of job (KB)
...
005 (112171411.125.000) 05/03 19:47:22 Job terminated.
	(1) Normal termination (return value 0)
		Usr 0 02:50:22, Sys 0 00:03:42  -  Run Remote Usage
		Usr 0 00:00:00, Sys 0 00:00:00  -  Run Local Usage
		Usr 0 02:50:22, Sys 0 00:03:42  -  Total Remote Usage
		Usr 0 00:00:00, Sys 0 00:00:00  -  Total Local Usage
	24808562  -  Run Bytes Sent By Job
	1780307328  -  Run Bytes Received By Job
	24808562  -  Total Bytes Sent By Job
	1780307328  -  Total Bytes Received By Job
	Partitionable Resources :      Usage  Request Allocated 
	   Cpus                 :       0.43        1         1 
	   Disk (KB)            : 6853979    20971520  21108181 
	   Ioheavy              :                             0 
	   Memory (MB)          :   20446       20480     20480 
...
