000 (112025886.192.000) 04/30 21:55:26 Job submitted from host: <128.104.100.44:9618?addrs=128.104.100.44-9618+[2607-f388-107c-501-90e2-baff-fe2c-2724]-9618&noUDP&sock=4699_0235_3>
...
001 (112025886.192.000) 05/01 09:14:31 Job executing on host: <128.105.245.209:9618?addrs=128.105.245.209-9618&noUDP&sock=5422_9e97_3>
...
006 (112025886.192.000) 05/01 09:14:40 Image size of job updated: 620
	1  -  MemoryUsage of job (MB)
	620  -  ResidentSetSize of job (KB)
...
006 (112025886.192.000) 05/01 09:19:42 Image size of job updated: 648
	1  -  MemoryUsage of job (MB)
	648  -  ResidentSetSize of job (KB)
...
006 (112025886.192.000) 05/01 09:24:43 Image size of job updated: 489768
	403  -  MemoryUsage of job (MB)
	411772  -  ResidentSetSize of job (KB)
...
006 (112025886.192.000) 05/01 09:28:18 Image size of job updated: 762656
	403  -  MemoryUsage of job (MB)
	411772  -  ResidentSetSize of job (KB)
...
005 (112025886.192.000) 05/01 09:28:20 Job terminated.
	(1) Normal termination (return value 0)
		Usr 0 00:07:04, Sys 0 00:00:24  -  Run Remote Usage
		Usr 0 00:00:00, Sys 0 00:00:00  -  Run Local Usage
		Usr 0 00:07:04, Sys 0 00:00:24  -  Total Remote Usage
		Usr 0 00:00:00, Sys 0 00:00:00  -  Total Local Usage
	1345230  -  Run Bytes Sent By Job
	1780295680  -  Run Bytes Received By Job
	1345230  -  Total Bytes Sent By Job
	1780295680  -  Total Bytes Received By Job
	Partitionable Resources :      Usage  Request Allocated 
	   Cpus                 :       1.00        1         1 
	   Disk (KB)            : 6832810    20971520  21726086 
	   Ioheavy              :                             0 
	   Memory (MB)          :     403       20480     20480 
...
