000 (112171411.083.000) 05/03 11:53:31 Job submitted from host: <128.104.100.44:9618?addrs=128.104.100.44-9618+[2607-f388-107c-501-90e2-baff-fe2c-2724]-9618&noUDP&sock=4699_0235_3>
...
001 (112171411.083.000) 05/03 14:04:30 Job executing on host: <128.105.245.184:9618?addrs=128.105.245.184-9618&noUDP&sock=5452_326e_3>
...
006 (112171411.083.000) 05/03 14:04:38 Image size of job updated: 636
	1  -  MemoryUsage of job (MB)
	628  -  ResidentSetSize of job (KB)
...
006 (112171411.083.000) 05/03 14:09:39 Image size of job updated: 660
	1  -  MemoryUsage of job (MB)
	652  -  ResidentSetSize of job (KB)
...
006 (112171411.083.000) 05/03 14:14:40 Image size of job updated: 676
	1  -  MemoryUsage of job (MB)
	668  -  ResidentSetSize of job (KB)
...
006 (112171411.083.000) 05/03 14:19:40 Image size of job updated: 556408
	468  -  MemoryUsage of job (MB)
	478404  -  ResidentSetSize of job (KB)
...
006 (112171411.083.000) 05/03 14:24:41 Image size of job updated: 986200
	887  -  MemoryUsage of job (MB)
	908140  -  ResidentSetSize of job (KB)
...
006 (112171411.083.000) 05/03 14:29:42 Image size of job updated: 1454840
	1345  -  MemoryUsage of job (MB)
	1376780  -  ResidentSetSize of job (KB)
...
006 (112171411.083.000) 05/03 14:34:42 Image size of job updated: 2054096
	1930  -  MemoryUsage of job (MB)
	1976036  -  ResidentSetSize of job (KB)
...
006 (112171411.083.000) 05/03 14:39:42 Image size of job updated: 2791728
	2651  -  MemoryUsage of job (MB)
	2713668  -  ResidentSetSize of job (KB)
...
006 (112171411.083.000) 05/03 14:44:42 Image size of job updated: 3652724
	3491  -  MemoryUsage of job (MB)
	3574664  -  ResidentSetSize of job (KB)
...
006 (112171411.083.000) 05/03 14:49:43 Image size of job updated: 4600936
	4417  -  MemoryUsage of job (MB)
	4522876  -  ResidentSetSize of job (KB)
...
006 (112171411.083.000) 05/03 14:54:43 Image size of job updated: 5439636
	5236  -  MemoryUsage of job (MB)
	5361576  -  ResidentSetSize of job (KB)
...
006 (112171411.083.000) 05/03 14:59:44 Image size of job updated: 6393828
	6168  -  MemoryUsage of job (MB)
	6315768  -  ResidentSetSize of job (KB)
...
006 (112171411.083.000) 05/03 15:04:46 Image size of job updated: 7219416
	6974  -  MemoryUsage of job (MB)
	7141356  -  ResidentSetSize of job (KB)
...
006 (112171411.083.000) 05/03 15:09:46 Image size of job updated: 7987012
	7724  -  MemoryUsage of job (MB)
	7908952  -  ResidentSetSize of job (KB)
...
006 (112171411.083.000) 05/03 15:14:48 Image size of job updated: 8867864
	8584  -  MemoryUsage of job (MB)
	8789804  -  ResidentSetSize of job (KB)
...
006 (112171411.083.000) 05/03 15:19:48 Image size of job updated: 9640536
	9339  -  MemoryUsage of job (MB)
	9562476  -  ResidentSetSize of job (KB)
...
006 (112171411.083.000) 05/03 15:24:49 Image size of job updated: 10339416
	10021  -  MemoryUsage of job (MB)
	10261356  -  ResidentSetSize of job (KB)
...
006 (112171411.083.000) 05/03 15:29:50 Image size of job updated: 10942612
	10610  -  MemoryUsage of job (MB)
	10864552  -  ResidentSetSize of job (KB)
...
006 (112171411.083.000) 05/03 15:34:50 Image size of job updated: 11719768
	11369  -  MemoryUsage of job (MB)
	11641708  -  ResidentSetSize of job (KB)
...
006 (112171411.083.000) 05/03 15:39:50 Image size of job updated: 12374928
	12009  -  MemoryUsage of job (MB)
	12296868  -  ResidentSetSize of job (KB)
...
006 (112171411.083.000) 05/03 15:44:51 Image size of job updated: 13057732
	12676  -  MemoryUsage of job (MB)
	12979672  -  ResidentSetSize of job (KB)
...
006 (112171411.083.000) 05/03 15:49:52 Image size of job updated: 13826268
	13426  -  MemoryUsage of job (MB)
	13748208  -  ResidentSetSize of job (KB)
...
006 (112171411.083.000) 05/03 15:54:53 Image size of job updated: 14555604
	14139  -  MemoryUsage of job (MB)
	14477544  -  ResidentSetSize of job (KB)
...
006 (112171411.083.000) 05/03 15:59:53 Image size of job updated: 15302016
	14868  -  MemoryUsage of job (MB)
	15223956  -  ResidentSetSize of job (KB)
...
006 (112171411.083.000) 05/03 16:04:55 Image size of job updated: 16073436
	15620  -  MemoryUsage of job (MB)
	15994740  -  ResidentSetSize of job (KB)
...
006 (112171411.083.000) 05/03 16:09:55 Image size of job updated: 16829256
	16358  -  MemoryUsage of job (MB)
	16749772  -  ResidentSetSize of job (KB)
...
006 (112171411.083.000) 05/03 16:14:56 Image size of job updated: 17616032
	17118  -  MemoryUsage of job (MB)
	17528068  -  ResidentSetSize of job (KB)
...
006 (112171411.083.000) 05/03 16:19:56 Image size of job updated: 18396320
	17869  -  MemoryUsage of job (MB)
	18297848  -  ResidentSetSize of job (KB)
...
006 (112171411.083.000) 05/03 16:24:56 Image size of job updated: 19160776
	18602  -  MemoryUsage of job (MB)
	19047744  -  ResidentSetSize of job (KB)
...
006 (112171411.083.000) 05/03 16:29:57 Image size of job updated: 19877124
	19295  -  MemoryUsage of job (MB)
	19757724  -  ResidentSetSize of job (KB)
...
006 (112171411.083.000) 05/03 16:34:57 Image size of job updated: 20539704
	19914  -  MemoryUsage of job (MB)
	20391332  -  ResidentSetSize of job (KB)
...
006 (112171411.083.000) 05/03 16:39:59 Image size of job updated: 20977596
	20282  -  MemoryUsage of job (MB)
	20768480  -  ResidentSetSize of job (KB)
...
006 (112171411.083.000) 05/03 16:44:59 Image size of job updated: 21236268
	20421  -  MemoryUsage of job (MB)
	20910564  -  ResidentSetSize of job (KB)
...
006 (112171411.083.000) 05/03 16:50:00 Image size of job updated: 21533544
	20441  -  MemoryUsage of job (MB)
	20930812  -  ResidentSetSize of job (KB)
...
006 (112171411.083.000) 05/03 16:55:01 Image size of job updated: 21873652
	20441  -  MemoryUsage of job (MB)
	20930868  -  ResidentSetSize of job (KB)
...
006 (112171411.083.000) 05/03 17:00:00 Image size of job updated: 22161592
	20448  -  MemoryUsage of job (MB)
	20938028  -  ResidentSetSize of job (KB)
...
006 (112171411.083.000) 05/03 17:05:00 Image size of job updated: 22571924
	20448  -  MemoryUsage of job (MB)
	20938176  -  ResidentSetSize of job (KB)
...
006 (112171411.083.000) 05/03 17:10:01 Image size of job updated: 22999112
	20448  -  MemoryUsage of job (MB)
	20938176  -  ResidentSetSize of job (KB)
...
006 (112171411.083.000) 05/03 17:11:08 Image size of job updated: 23086704
	20448  -  MemoryUsage of job (MB)
	20938176  -  ResidentSetSize of job (KB)
...
005 (112171411.083.000) 05/03 17:11:11 Job terminated.
	(1) Normal termination (return value 0)
		Usr 0 02:26:59, Sys 0 00:02:45  -  Run Remote Usage
		Usr 0 00:00:00, Sys 0 00:00:00  -  Run Local Usage
		Usr 0 02:26:59, Sys 0 00:02:45  -  Total Remote Usage
		Usr 0 00:00:00, Sys 0 00:00:00  -  Total Local Usage
	24728502  -  Run Bytes Sent By Job
	1780307328  -  Run Bytes Received By Job
	24728502  -  Total Bytes Sent By Job
	1780307328  -  Total Bytes Received By Job
	Partitionable Resources :      Usage  Request Allocated 
	   Cpus                 :       0.91        1         1 
	   Disk (KB)            : 6853901    20971520  21208680 
	   Ioheavy              :                             0 
	   Memory (MB)          :   20448       20480     20480 
...
