000 (112025886.146.000) 04/30 21:55:26 Job submitted from host: <128.104.100.44:9618?addrs=128.104.100.44-9618+[2607-f388-107c-501-90e2-baff-fe2c-2724]-9618&noUDP&sock=4699_0235_3>
...
001 (112025886.146.000) 05/01 08:44:48 Job executing on host: <128.105.245.137:9618?addrs=128.105.245.137-9618&noUDP&sock=5431_caf1_46>
...
006 (112025886.146.000) 05/01 08:44:57 Image size of job updated: 620
	1  -  MemoryUsage of job (MB)
	620  -  ResidentSetSize of job (KB)
...
006 (112025886.146.000) 05/01 08:49:59 Image size of job updated: 301908
	219  -  MemoryUsage of job (MB)
	223912  -  ResidentSetSize of job (KB)
...
006 (112025886.146.000) 05/01 08:54:59 Image size of job updated: 743620
	651  -  MemoryUsage of job (MB)
	665624  -  ResidentSetSize of job (KB)
...
006 (112025886.146.000) 05/01 08:55:11 Image size of job updated: 752428
	651  -  MemoryUsage of job (MB)
	665624  -  ResidentSetSize of job (KB)
...
005 (112025886.146.000) 05/01 08:55:13 Job terminated.
	(1) Normal termination (return value 0)
		Usr 0 00:06:25, Sys 0 00:00:20  -  Run Remote Usage
		Usr 0 00:00:00, Sys 0 00:00:00  -  Run Local Usage
		Usr 0 00:06:25, Sys 0 00:00:20  -  Total Remote Usage
		Usr 0 00:00:00, Sys 0 00:00:00  -  Total Local Usage
	1317708  -  Run Bytes Sent By Job
	1780295680  -  Run Bytes Received By Job
	1317708  -  Total Bytes Sent By Job
	1780295680  -  Total Bytes Received By Job
	Partitionable Resources :      Usage  Request Allocated 
	   Cpus                 :       0.99        1         1 
	   Disk (KB)            : 6832711    20971520  21190911 
	   Ioheavy              :                             0 
	   Memory (MB)          :     651       20480     20480 
...
