000 (112171411.044.000) 05/03 11:53:31 Job submitted from host: <128.104.100.44:9618?addrs=128.104.100.44-9618+[2607-f388-107c-501-90e2-baff-fe2c-2724]-9618&noUDP&sock=4699_0235_3>
...
001 (112171411.044.000) 05/03 13:39:14 Job executing on host: <128.105.245.208:9618?addrs=128.105.245.208-9618&noUDP&sock=5437_e882_3>
...
006 (112171411.044.000) 05/03 13:39:22 Image size of job updated: 620
	1  -  MemoryUsage of job (MB)
	620  -  ResidentSetSize of job (KB)
...
006 (112171411.044.000) 05/03 13:44:23 Image size of job updated: 628
	1  -  MemoryUsage of job (MB)
	628  -  ResidentSetSize of job (KB)
...
006 (112171411.044.000) 05/03 13:49:24 Image size of job updated: 652
	1  -  MemoryUsage of job (MB)
	652  -  ResidentSetSize of job (KB)
...
006 (112171411.044.000) 05/03 13:54:45 Image size of job updated: 656
	1  -  MemoryUsage of job (MB)
	656  -  ResidentSetSize of job (KB)
...
006 (112171411.044.000) 05/03 13:59:27 Image size of job updated: 660
	1  -  MemoryUsage of job (MB)
	660  -  ResidentSetSize of job (KB)
...
006 (112171411.044.000) 05/03 14:04:27 Image size of job updated: 668
	1  -  MemoryUsage of job (MB)
	668  -  ResidentSetSize of job (KB)
...
006 (112171411.044.000) 05/03 14:09:27 Image size of job updated: 385580
	301  -  MemoryUsage of job (MB)
	307584  -  ResidentSetSize of job (KB)
...
006 (112171411.044.000) 05/03 14:14:27 Image size of job updated: 616928
	527  -  MemoryUsage of job (MB)
	538932  -  ResidentSetSize of job (KB)
...
006 (112171411.044.000) 05/03 14:19:28 Image size of job updated: 986352
	888  -  MemoryUsage of job (MB)
	908300  -  ResidentSetSize of job (KB)
...
006 (112171411.044.000) 05/03 14:24:28 Image size of job updated: 1321992
	1215  -  MemoryUsage of job (MB)
	1243940  -  ResidentSetSize of job (KB)
...
006 (112171411.044.000) 05/03 14:29:29 Image size of job updated: 1905304
	1785  -  MemoryUsage of job (MB)
	1827252  -  ResidentSetSize of job (KB)
...
006 (112171411.044.000) 05/03 14:34:29 Image size of job updated: 2538964
	2404  -  MemoryUsage of job (MB)
	2460912  -  ResidentSetSize of job (KB)
...
006 (112171411.044.000) 05/03 14:39:29 Image size of job updated: 3226188
	3075  -  MemoryUsage of job (MB)
	3148136  -  ResidentSetSize of job (KB)
...
006 (112171411.044.000) 05/03 14:44:31 Image size of job updated: 3927368
	3760  -  MemoryUsage of job (MB)
	3849316  -  ResidentSetSize of job (KB)
...
006 (112171411.044.000) 05/03 14:49:31 Image size of job updated: 4634600
	4450  -  MemoryUsage of job (MB)
	4556548  -  ResidentSetSize of job (KB)
...
006 (112171411.044.000) 05/03 14:54:31 Image size of job updated: 5402008
	5200  -  MemoryUsage of job (MB)
	5323956  -  ResidentSetSize of job (KB)
...
006 (112171411.044.000) 05/03 14:59:31 Image size of job updated: 6198320
	5977  -  MemoryUsage of job (MB)
	6120268  -  ResidentSetSize of job (KB)
...
006 (112171411.044.000) 05/03 15:04:32 Image size of job updated: 6986040
	6747  -  MemoryUsage of job (MB)
	6907988  -  ResidentSetSize of job (KB)
...
006 (112171411.044.000) 05/03 15:09:32 Image size of job updated: 7698304
	7442  -  MemoryUsage of job (MB)
	7620252  -  ResidentSetSize of job (KB)
...
006 (112171411.044.000) 05/03 15:14:32 Image size of job updated: 8250232
	7981  -  MemoryUsage of job (MB)
	8172180  -  ResidentSetSize of job (KB)
...
006 (112171411.044.000) 05/03 15:19:32 Image size of job updated: 8635288
	8357  -  MemoryUsage of job (MB)
	8557236  -  ResidentSetSize of job (KB)
...
006 (112171411.044.000) 05/03 15:24:32 Image size of job updated: 8872640
	8589  -  MemoryUsage of job (MB)
	8794588  -  ResidentSetSize of job (KB)
...
006 (112171411.044.000) 05/03 15:29:34 Image size of job updated: 9544076
	9245  -  MemoryUsage of job (MB)
	9466024  -  ResidentSetSize of job (KB)
...
006 (112171411.044.000) 05/03 15:34:34 Image size of job updated: 10073680
	9762  -  MemoryUsage of job (MB)
	9995628  -  ResidentSetSize of job (KB)
...
006 (112171411.044.000) 05/03 15:39:35 Image size of job updated: 10612424
	10288  -  MemoryUsage of job (MB)
	10534372  -  ResidentSetSize of job (KB)
...
006 (112171411.044.000) 05/03 15:44:35 Image size of job updated: 11244896
	10906  -  MemoryUsage of job (MB)
	11166844  -  ResidentSetSize of job (KB)
...
006 (112171411.044.000) 05/03 15:49:35 Image size of job updated: 11864964
	11511  -  MemoryUsage of job (MB)
	11786912  -  ResidentSetSize of job (KB)
...
006 (112171411.044.000) 05/03 15:54:36 Image size of job updated: 12450568
	12083  -  MemoryUsage of job (MB)
	12372516  -  ResidentSetSize of job (KB)
...
006 (112171411.044.000) 05/03 15:59:36 Image size of job updated: 13090008
	12707  -  MemoryUsage of job (MB)
	13011956  -  ResidentSetSize of job (KB)
...
006 (112171411.044.000) 05/03 16:04:37 Image size of job updated: 13525876
	13133  -  MemoryUsage of job (MB)
	13447824  -  ResidentSetSize of job (KB)
...
006 (112171411.044.000) 05/03 16:09:50 Image size of job updated: 13765368
	13367  -  MemoryUsage of job (MB)
	13687316  -  ResidentSetSize of job (KB)
...
006 (112171411.044.000) 05/03 16:14:37 Image size of job updated: 13961184
	13558  -  MemoryUsage of job (MB)
	13883132  -  ResidentSetSize of job (KB)
...
006 (112171411.044.000) 05/03 16:19:39 Image size of job updated: 14250384
	13841  -  MemoryUsage of job (MB)
	14172332  -  ResidentSetSize of job (KB)
...
006 (112171411.044.000) 05/03 16:24:39 Image size of job updated: 14480108
	14065  -  MemoryUsage of job (MB)
	14402056  -  ResidentSetSize of job (KB)
...
006 (112171411.044.000) 05/03 16:29:39 Image size of job updated: 14893780
	14469  -  MemoryUsage of job (MB)
	14815728  -  ResidentSetSize of job (KB)
...
006 (112171411.044.000) 05/03 16:34:39 Image size of job updated: 15542224
	15102  -  MemoryUsage of job (MB)
	15464172  -  ResidentSetSize of job (KB)
...
006 (112171411.044.000) 05/03 16:39:40 Image size of job updated: 16177008
	15721  -  MemoryUsage of job (MB)
	16097292  -  ResidentSetSize of job (KB)
...
006 (112171411.044.000) 05/03 16:44:43 Image size of job updated: 16690772
	16221  -  MemoryUsage of job (MB)
	16609396  -  ResidentSetSize of job (KB)
...
006 (112171411.044.000) 05/03 16:49:47 Image size of job updated: 17004764
	16525  -  MemoryUsage of job (MB)
	16921208  -  ResidentSetSize of job (KB)
...
006 (112171411.044.000) 05/03 16:54:41 Image size of job updated: 17071316
	16590  -  MemoryUsage of job (MB)
	16987556  -  ResidentSetSize of job (KB)
...
006 (112171411.044.000) 05/03 17:00:00 Image size of job updated: 17242688
	16757  -  MemoryUsage of job (MB)
	17158284  -  ResidentSetSize of job (KB)
...
006 (112171411.044.000) 05/03 17:04:43 Image size of job updated: 17337796
	16849  -  MemoryUsage of job (MB)
	17252764  -  ResidentSetSize of job (KB)
...
006 (112171411.044.000) 05/03 17:09:44 Image size of job updated: 17607256
	17109  -  MemoryUsage of job (MB)
	17519236  -  ResidentSetSize of job (KB)
...
006 (112171411.044.000) 05/03 17:14:43 Image size of job updated: 17946412
	17438  -  MemoryUsage of job (MB)
	17855928  -  ResidentSetSize of job (KB)
...
006 (112171411.044.000) 05/03 17:19:48 Image size of job updated: 18421756
	17900  -  MemoryUsage of job (MB)
	18329148  -  ResidentSetSize of job (KB)
...
006 (112171411.044.000) 05/03 17:24:47 Image size of job updated: 18848120
	18313  -  MemoryUsage of job (MB)
	18751632  -  ResidentSetSize of job (KB)
...
006 (112171411.044.000) 05/03 17:29:46 Image size of job updated: 19290048
	18739  -  MemoryUsage of job (MB)
	19188620  -  ResidentSetSize of job (KB)
...
006 (112171411.044.000) 05/03 17:34:46 Image size of job updated: 19652292
	19088  -  MemoryUsage of job (MB)
	19545300  -  ResidentSetSize of job (KB)
...
006 (112171411.044.000) 05/03 17:39:47 Image size of job updated: 19788708
	19220  -  MemoryUsage of job (MB)
	19681168  -  ResidentSetSize of job (KB)
...
006 (112171411.044.000) 05/03 17:44:47 Image size of job updated: 19989876
	19417  -  MemoryUsage of job (MB)
	19882056  -  ResidentSetSize of job (KB)
...
006 (112171411.044.000) 05/03 17:49:47 Image size of job updated: 20141256
	19560  -  MemoryUsage of job (MB)
	20028432  -  ResidentSetSize of job (KB)
...
006 (112171411.044.000) 05/03 17:54:49 Image size of job updated: 20357984
	19763  -  MemoryUsage of job (MB)
	20237052  -  ResidentSetSize of job (KB)
...
006 (112171411.044.000) 05/03 17:59:49 Image size of job updated: 20443580
	19843  -  MemoryUsage of job (MB)
	20319232  -  ResidentSetSize of job (KB)
...
006 (112171411.044.000) 05/03 18:04:50 Image size of job updated: 20676076
	20064  -  MemoryUsage of job (MB)
	20545528  -  ResidentSetSize of job (KB)
...
006 (112171411.044.000) 05/03 18:09:51 Image size of job updated: 20758416
	20138  -  MemoryUsage of job (MB)
	20620744  -  ResidentSetSize of job (KB)
...
006 (112171411.044.000) 05/03 18:14:51 Image size of job updated: 20864164
	20218  -  MemoryUsage of job (MB)
	20702808  -  ResidentSetSize of job (KB)
...
006 (112171411.044.000) 05/03 18:19:53 Image size of job updated: 21041684
	20358  -  MemoryUsage of job (MB)
	20846556  -  ResidentSetSize of job (KB)
...
006 (112171411.044.000) 05/03 18:24:59 Image size of job updated: 21126576
	20402  -  MemoryUsage of job (MB)
	20891528  -  ResidentSetSize of job (KB)
...
006 (112171411.044.000) 05/03 18:29:54 Image size of job updated: 21197784
	20423  -  MemoryUsage of job (MB)
	20912168  -  ResidentSetSize of job (KB)
...
006 (112171411.044.000) 05/03 18:34:55 Image size of job updated: 21352020
	20438  -  MemoryUsage of job (MB)
	20928256  -  ResidentSetSize of job (KB)
...
006 (112171411.044.000) 05/03 18:39:55 Image size of job updated: 21442940
	20438  -  MemoryUsage of job (MB)
	20928256  -  ResidentSetSize of job (KB)
...
006 (112171411.044.000) 05/03 18:44:56 Image size of job updated: 21657732
	20456  -  MemoryUsage of job (MB)
	20946180  -  ResidentSetSize of job (KB)
...
006 (112171411.044.000) 05/03 18:49:59 Image size of job updated: 21745968
	20456  -  MemoryUsage of job (MB)
	20946304  -  ResidentSetSize of job (KB)
...
006 (112171411.044.000) 05/03 18:54:57 Image size of job updated: 21878028
	20456  -  MemoryUsage of job (MB)
	20946304  -  ResidentSetSize of job (KB)
...
006 (112171411.044.000) 05/03 18:59:57 Image size of job updated: 22008872
	20456  -  MemoryUsage of job (MB)
	20946304  -  ResidentSetSize of job (KB)
...
006 (112171411.044.000) 05/03 19:04:58 Image size of job updated: 22138220
	20456  -  MemoryUsage of job (MB)
	20946304  -  ResidentSetSize of job (KB)
...
006 (112171411.044.000) 05/03 19:09:58 Image size of job updated: 22487252
	20456  -  MemoryUsage of job (MB)
	20946304  -  ResidentSetSize of job (KB)
...
006 (112171411.044.000) 05/03 19:14:58 Image size of job updated: 22809528
	20456  -  MemoryUsage of job (MB)
	20946304  -  ResidentSetSize of job (KB)
...
006 (112171411.044.000) 05/03 19:19:58 Image size of job updated: 22933364
	20456  -  MemoryUsage of job (MB)
	20946304  -  ResidentSetSize of job (KB)
...
006 (112171411.044.000) 05/03 19:21:50 Image size of job updated: 22992696
	20456  -  MemoryUsage of job (MB)
	20946304  -  ResidentSetSize of job (KB)
...
005 (112171411.044.000) 05/03 19:21:52 Job terminated.
	(1) Normal termination (return value 0)
		Usr 0 02:24:17, Sys 0 00:04:48  -  Run Remote Usage
		Usr 0 00:00:00, Sys 0 00:00:00  -  Run Local Usage
		Usr 0 02:24:17, Sys 0 00:04:48  -  Total Remote Usage
		Usr 0 00:00:00, Sys 0 00:00:00  -  Total Local Usage
	24503316  -  Run Bytes Sent By Job
	1780307328  -  Run Bytes Received By Job
	24503316  -  Total Bytes Sent By Job
	1780307328  -  Total Bytes Received By Job
	Partitionable Resources :      Usage  Request Allocated 
	   Cpus                 :       0.26        1         1 
	   Disk (KB)            : 6853681    20971520  21692523 
	   Ioheavy              :                             0 
	   Memory (MB)          :   20456       20480     20480 
...
