000 (112025886.048.000) 04/30 21:55:26 Job submitted from host: <128.104.100.44:9618?addrs=128.104.100.44-9618+[2607-f388-107c-501-90e2-baff-fe2c-2724]-9618&noUDP&sock=4699_0235_3>
...
001 (112025886.048.000) 05/01 07:06:21 Job executing on host: <128.105.245.169:9618?addrs=128.105.245.169-9618&noUDP&sock=5489_936f_3>
...
006 (112025886.048.000) 05/01 07:06:29 Image size of job updated: 624
	1  -  MemoryUsage of job (MB)
	624  -  ResidentSetSize of job (KB)
...
006 (112025886.048.000) 05/01 07:11:31 Image size of job updated: 656
	1  -  MemoryUsage of job (MB)
	656  -  ResidentSetSize of job (KB)
...
006 (112025886.048.000) 05/01 07:16:31 Image size of job updated: 549232
	461  -  MemoryUsage of job (MB)
	471236  -  ResidentSetSize of job (KB)
...
006 (112025886.048.000) 05/01 07:19:21 Image size of job updated: 786796
	463  -  MemoryUsage of job (MB)
	473284  -  ResidentSetSize of job (KB)
...
005 (112025886.048.000) 05/01 07:19:22 Job terminated.
	(1) Normal termination (return value 0)
		Usr 0 00:07:26, Sys 0 00:00:24  -  Run Remote Usage
		Usr 0 00:00:00, Sys 0 00:00:00  -  Run Local Usage
		Usr 0 00:07:26, Sys 0 00:00:24  -  Total Remote Usage
		Usr 0 00:00:00, Sys 0 00:00:00  -  Total Local Usage
	1374382  -  Run Bytes Sent By Job
	1780295680  -  Run Bytes Received By Job
	1374382  -  Total Bytes Sent By Job
	1780295680  -  Total Bytes Received By Job
	Partitionable Resources :      Usage  Request Allocated 
	   Cpus                 :       0.97        1         1 
	   Disk (KB)            : 6832908    20971520  21559292 
	   Ioheavy              :                             0 
	   Memory (MB)          :     463       20480     20480 
...
