000 (112025886.068.000) 04/30 21:55:26 Job submitted from host: <128.104.100.44:9618?addrs=128.104.100.44-9618+[2607-f388-107c-501-90e2-baff-fe2c-2724]-9618&noUDP&sock=4699_0235_3>
...
001 (112025886.068.000) 05/01 07:34:47 Job executing on host: <128.105.245.228:9618?addrs=128.105.245.228-9618&noUDP&sock=5445_6544_23>
...
006 (112025886.068.000) 05/01 07:34:56 Image size of job updated: 620
	1  -  MemoryUsage of job (MB)
	620  -  ResidentSetSize of job (KB)
...
006 (112025886.068.000) 05/01 07:39:57 Image size of job updated: 656
	1  -  MemoryUsage of job (MB)
	656  -  ResidentSetSize of job (KB)
...
006 (112025886.068.000) 05/01 07:49:59 Image size of job updated: 668
	1  -  MemoryUsage of job (MB)
	668  -  ResidentSetSize of job (KB)
...
006 (112025886.068.000) 05/01 07:54:59 Image size of job updated: 442708
	357  -  MemoryUsage of job (MB)
	364712  -  ResidentSetSize of job (KB)
...
006 (112025886.068.000) 05/01 08:00:00 Image size of job updated: 859680
	764  -  MemoryUsage of job (MB)
	781628  -  ResidentSetSize of job (KB)
...
006 (112025886.068.000) 05/01 08:05:01 Image size of job updated: 1323076
	1216  -  MemoryUsage of job (MB)
	1245024  -  ResidentSetSize of job (KB)
...
006 (112025886.068.000) 05/01 08:10:02 Image size of job updated: 1936400
	1815  -  MemoryUsage of job (MB)
	1858348  -  ResidentSetSize of job (KB)
...
006 (112025886.068.000) 05/01 08:15:02 Image size of job updated: 2660452
	2522  -  MemoryUsage of job (MB)
	2582400  -  ResidentSetSize of job (KB)
...
006 (112025886.068.000) 05/01 08:20:02 Image size of job updated: 3604788
	3445  -  MemoryUsage of job (MB)
	3526736  -  ResidentSetSize of job (KB)
...
006 (112025886.068.000) 05/01 08:25:03 Image size of job updated: 4573388
	4390  -  MemoryUsage of job (MB)
	4495336  -  ResidentSetSize of job (KB)
...
006 (112025886.068.000) 05/01 08:30:04 Image size of job updated: 5552476
	5347  -  MemoryUsage of job (MB)
	5474424  -  ResidentSetSize of job (KB)
...
006 (112025886.068.000) 05/01 08:35:05 Image size of job updated: 6399312
	6174  -  MemoryUsage of job (MB)
	6321260  -  ResidentSetSize of job (KB)
...
006 (112025886.068.000) 05/01 08:40:06 Image size of job updated: 7247152
	7002  -  MemoryUsage of job (MB)
	7169100  -  ResidentSetSize of job (KB)
...
006 (112025886.068.000) 05/01 08:45:06 Image size of job updated: 8140556
	7874  -  MemoryUsage of job (MB)
	8062504  -  ResidentSetSize of job (KB)
...
006 (112025886.068.000) 05/01 08:50:06 Image size of job updated: 8924364
	8639  -  MemoryUsage of job (MB)
	8846312  -  ResidentSetSize of job (KB)
...
006 (112025886.068.000) 05/01 08:55:07 Image size of job updated: 9758096
	9454  -  MemoryUsage of job (MB)
	9680044  -  ResidentSetSize of job (KB)
...
006 (112025886.068.000) 05/01 09:00:07 Image size of job updated: 10433004
	10113  -  MemoryUsage of job (MB)
	10354952  -  ResidentSetSize of job (KB)
...
006 (112025886.068.000) 05/01 09:05:07 Image size of job updated: 11127044
	10791  -  MemoryUsage of job (MB)
	11048992  -  ResidentSetSize of job (KB)
...
006 (112025886.068.000) 05/01 09:10:09 Image size of job updated: 11878720
	11525  -  MemoryUsage of job (MB)
	11800668  -  ResidentSetSize of job (KB)
...
006 (112025886.068.000) 05/01 09:15:09 Image size of job updated: 12560472
	12190  -  MemoryUsage of job (MB)
	12482420  -  ResidentSetSize of job (KB)
...
006 (112025886.068.000) 05/01 09:20:10 Image size of job updated: 13189552
	12805  -  MemoryUsage of job (MB)
	13111500  -  ResidentSetSize of job (KB)
...
006 (112025886.068.000) 05/01 09:25:10 Image size of job updated: 13880396
	13479  -  MemoryUsage of job (MB)
	13802344  -  ResidentSetSize of job (KB)
...
006 (112025886.068.000) 05/01 09:30:10 Image size of job updated: 14549672
	14133  -  MemoryUsage of job (MB)
	14471620  -  ResidentSetSize of job (KB)
...
006 (112025886.068.000) 05/01 09:35:11 Image size of job updated: 15208524
	14776  -  MemoryUsage of job (MB)
	15130472  -  ResidentSetSize of job (KB)
...
006 (112025886.068.000) 05/01 09:40:13 Image size of job updated: 15876212
	15424  -  MemoryUsage of job (MB)
	15793464  -  ResidentSetSize of job (KB)
...
006 (112025886.068.000) 05/01 09:45:13 Image size of job updated: 16592788
	16116  -  MemoryUsage of job (MB)
	16502124  -  ResidentSetSize of job (KB)
...
006 (112025886.068.000) 05/01 09:50:13 Image size of job updated: 17353892
	16842  -  MemoryUsage of job (MB)
	17245672  -  ResidentSetSize of job (KB)
...
006 (112025886.068.000) 05/01 09:55:14 Image size of job updated: 18012856
	17482  -  MemoryUsage of job (MB)
	17900712  -  ResidentSetSize of job (KB)
...
006 (112025886.068.000) 05/01 10:00:14 Image size of job updated: 18810796
	18260  -  MemoryUsage of job (MB)
	18698116  -  ResidentSetSize of job (KB)
...
006 (112025886.068.000) 05/01 10:05:14 Image size of job updated: 19567084
	18978  -  MemoryUsage of job (MB)
	19432456  -  ResidentSetSize of job (KB)
...
006 (112025886.068.000) 05/01 10:10:14 Image size of job updated: 20268188
	19626  -  MemoryUsage of job (MB)
	20096216  -  ResidentSetSize of job (KB)
...
006 (112025886.068.000) 05/01 10:15:14 Image size of job updated: 21097892
	20378  -  MemoryUsage of job (MB)
	20866092  -  ResidentSetSize of job (KB)
...
006 (112025886.068.000) 05/01 10:20:15 Image size of job updated: 21778436
	20460  -  MemoryUsage of job (MB)
	20950148  -  ResidentSetSize of job (KB)
...
006 (112025886.068.000) 05/01 10:25:16 Image size of job updated: 22512132
	20460  -  MemoryUsage of job (MB)
	20950148  -  ResidentSetSize of job (KB)
...
005 (112025886.068.000) 05/01 10:30:34 Job terminated.
	(1) Normal termination (return value 0)
		Usr 0 02:30:35, Sys 0 00:04:20  -  Run Remote Usage
		Usr 0 00:00:00, Sys 0 00:00:00  -  Run Local Usage
		Usr 0 02:30:35, Sys 0 00:04:20  -  Total Remote Usage
		Usr 0 00:00:00, Sys 0 00:00:00  -  Total Local Usage
	24695710  -  Run Bytes Sent By Job
	1780295680  -  Run Bytes Received By Job
	24695710  -  Total Bytes Sent By Job
	1780295680  -  Total Bytes Received By Job
	Partitionable Resources :      Usage  Request Allocated 
	   Cpus                 :       1.00        1         1 
	   Disk (KB)            : 6853848    20971520  21210847 
	   Ioheavy              :                             0 
	   Memory (MB)          :   20460       20480     20480 
...
