000 (112025886.088.000) 04/30 21:55:26 Job submitted from host: <128.104.100.44:9618?addrs=128.104.100.44-9618+[2607-f388-107c-501-90e2-baff-fe2c-2724]-9618&noUDP&sock=4699_0235_3>
...
001 (112025886.088.000) 05/01 07:55:31 Job executing on host: <128.105.245.245:9618?addrs=128.105.245.245-9618&noUDP&sock=2805_933e_3>
...
006 (112025886.088.000) 05/01 07:55:41 Image size of job updated: 632
	1  -  MemoryUsage of job (MB)
	632  -  ResidentSetSize of job (KB)
...
006 (112025886.088.000) 05/01 08:00:46 Image size of job updated: 656
	1  -  MemoryUsage of job (MB)
	656  -  ResidentSetSize of job (KB)
...
006 (112025886.088.000) 05/01 08:05:44 Image size of job updated: 660
	1  -  MemoryUsage of job (MB)
	660  -  ResidentSetSize of job (KB)
...
006 (112025886.088.000) 05/01 08:10:44 Image size of job updated: 325688
	242  -  MemoryUsage of job (MB)
	247692  -  ResidentSetSize of job (KB)
...
006 (112025886.088.000) 05/01 08:15:45 Image size of job updated: 729980
	637  -  MemoryUsage of job (MB)
	651984  -  ResidentSetSize of job (KB)
...
006 (112025886.088.000) 05/01 08:20:46 Image size of job updated: 1090676
	989  -  MemoryUsage of job (MB)
	1012624  -  ResidentSetSize of job (KB)
...
006 (112025886.088.000) 05/01 08:25:46 Image size of job updated: 1628048
	1514  -  MemoryUsage of job (MB)
	1549996  -  ResidentSetSize of job (KB)
...
006 (112025886.088.000) 05/01 08:30:46 Image size of job updated: 2303116
	2173  -  MemoryUsage of job (MB)
	2225064  -  ResidentSetSize of job (KB)
...
006 (112025886.088.000) 05/01 08:35:47 Image size of job updated: 3030136
	2883  -  MemoryUsage of job (MB)
	2952084  -  ResidentSetSize of job (KB)
...
006 (112025886.088.000) 05/01 08:41:04 Image size of job updated: 3949872
	3782  -  MemoryUsage of job (MB)
	3871820  -  ResidentSetSize of job (KB)
...
006 (112025886.088.000) 05/01 08:45:49 Image size of job updated: 4765068
	4578  -  MemoryUsage of job (MB)
	4687016  -  ResidentSetSize of job (KB)
...
006 (112025886.088.000) 05/01 08:50:50 Image size of job updated: 5591316
	5385  -  MemoryUsage of job (MB)
	5513264  -  ResidentSetSize of job (KB)
...
006 (112025886.088.000) 05/01 08:55:51 Image size of job updated: 6501460
	6273  -  MemoryUsage of job (MB)
	6423408  -  ResidentSetSize of job (KB)
...
006 (112025886.088.000) 05/01 09:00:51 Image size of job updated: 7326216
	7079  -  MemoryUsage of job (MB)
	7248164  -  ResidentSetSize of job (KB)
...
006 (112025886.088.000) 05/01 09:05:51 Image size of job updated: 8155436
	7889  -  MemoryUsage of job (MB)
	8077384  -  ResidentSetSize of job (KB)
...
006 (112025886.088.000) 05/01 09:10:52 Image size of job updated: 8883416
	8599  -  MemoryUsage of job (MB)
	8805364  -  ResidentSetSize of job (KB)
...
006 (112025886.088.000) 05/01 09:15:52 Image size of job updated: 9657108
	9355  -  MemoryUsage of job (MB)
	9579056  -  ResidentSetSize of job (KB)
...
006 (112025886.088.000) 05/01 09:20:53 Image size of job updated: 10338048
	10020  -  MemoryUsage of job (MB)
	10259996  -  ResidentSetSize of job (KB)
...
006 (112025886.088.000) 05/01 09:25:53 Image size of job updated: 11026172
	10692  -  MemoryUsage of job (MB)
	10948120  -  ResidentSetSize of job (KB)
...
006 (112025886.088.000) 05/01 09:30:53 Image size of job updated: 11753336
	11402  -  MemoryUsage of job (MB)
	11675284  -  ResidentSetSize of job (KB)
...
006 (112025886.088.000) 05/01 09:35:53 Image size of job updated: 12395400
	12029  -  MemoryUsage of job (MB)
	12317348  -  ResidentSetSize of job (KB)
...
006 (112025886.088.000) 05/01 09:40:54 Image size of job updated: 13150752
	12767  -  MemoryUsage of job (MB)
	13072700  -  ResidentSetSize of job (KB)
...
006 (112025886.088.000) 05/01 09:45:55 Image size of job updated: 13811284
	13412  -  MemoryUsage of job (MB)
	13733232  -  ResidentSetSize of job (KB)
...
006 (112025886.088.000) 05/01 09:50:55 Image size of job updated: 14498576
	14083  -  MemoryUsage of job (MB)
	14420524  -  ResidentSetSize of job (KB)
...
006 (112025886.088.000) 05/01 09:55:55 Image size of job updated: 15175940
	14745  -  MemoryUsage of job (MB)
	15097888  -  ResidentSetSize of job (KB)
...
006 (112025886.088.000) 05/01 10:00:56 Image size of job updated: 15926416
	15477  -  MemoryUsage of job (MB)
	15848056  -  ResidentSetSize of job (KB)
...
006 (112025886.088.000) 05/01 10:05:57 Image size of job updated: 16552140
	16087  -  MemoryUsage of job (MB)
	16472500  -  ResidentSetSize of job (KB)
...
006 (112025886.088.000) 05/01 10:10:57 Image size of job updated: 17369908
	16885  -  MemoryUsage of job (MB)
	17289380  -  ResidentSetSize of job (KB)
...
006 (112025886.088.000) 05/01 10:15:57 Image size of job updated: 18201308
	17697  -  MemoryUsage of job (MB)
	18120824  -  ResidentSetSize of job (KB)
...
006 (112025886.088.000) 05/01 10:20:58 Image size of job updated: 18960520
	18436  -  MemoryUsage of job (MB)
	18878192  -  ResidentSetSize of job (KB)
...
006 (112025886.088.000) 05/01 10:25:59 Image size of job updated: 19788328
	19236  -  MemoryUsage of job (MB)
	19697084  -  ResidentSetSize of job (KB)
...
006 (112025886.088.000) 05/01 10:31:00 Image size of job updated: 20466000
	19836  -  MemoryUsage of job (MB)
	20312060  -  ResidentSetSize of job (KB)
...
006 (112025886.088.000) 05/01 10:36:00 Image size of job updated: 21181532
	20344  -  MemoryUsage of job (MB)
	20832152  -  ResidentSetSize of job (KB)
...
006 (112025886.088.000) 05/01 10:41:00 Image size of job updated: 21654480
	20425  -  MemoryUsage of job (MB)
	20915004  -  ResidentSetSize of job (KB)
...
006 (112025886.088.000) 05/01 10:46:00 Image size of job updated: 22467804
	20465  -  MemoryUsage of job (MB)
	20955940  -  ResidentSetSize of job (KB)
...
006 (112025886.088.000) 05/01 10:51:01 Image size of job updated: 23033436
	20465  -  MemoryUsage of job (MB)
	20955940  -  ResidentSetSize of job (KB)
...
006 (112025886.088.000) 05/01 10:56:02 Image size of job updated: 23746060
	20465  -  MemoryUsage of job (MB)
	20955940  -  ResidentSetSize of job (KB)
...
006 (112025886.088.000) 05/01 11:01:03 Image size of job updated: 24178784
	20465  -  MemoryUsage of job (MB)
	20955940  -  ResidentSetSize of job (KB)
...
006 (112025886.088.000) 05/01 11:06:03 Image size of job updated: 24588684
	20465  -  MemoryUsage of job (MB)
	20955940  -  ResidentSetSize of job (KB)
...
006 (112025886.088.000) 05/01 11:11:04 Image size of job updated: 25048112
	20465  -  MemoryUsage of job (MB)
	20955940  -  ResidentSetSize of job (KB)
...
006 (112025886.088.000) 05/01 11:16:05 Image size of job updated: 25503576
	20465  -  MemoryUsage of job (MB)
	20955940  -  ResidentSetSize of job (KB)
...
006 (112025886.088.000) 05/01 11:18:31 Image size of job updated: 26330768
	20465  -  MemoryUsage of job (MB)
	20955940  -  ResidentSetSize of job (KB)
...
005 (112025886.088.000) 05/01 11:18:34 Job terminated.
	(1) Normal termination (return value 0)
		Usr 0 02:59:23, Sys 0 00:03:03  -  Run Remote Usage
		Usr 0 00:00:00, Sys 0 00:00:00  -  Run Local Usage
		Usr 0 02:59:23, Sys 0 00:03:03  -  Total Remote Usage
		Usr 0 00:00:00, Sys 0 00:00:00  -  Total Local Usage
	27981760  -  Run Bytes Sent By Job
	1780295680  -  Run Bytes Received By Job
	27981760  -  Total Bytes Sent By Job
	1780295680  -  Total Bytes Received By Job
	Partitionable Resources :      Usage  Request Allocated 
	   Cpus                 :       0.61        1         1 
	   Disk (KB)            : 6906745    20971520  21265444 
	   Ioheavy              :                             0 
	   Memory (MB)          :   20465       20480     20480 
...
