000 (112171411.008.000) 05/03 11:53:31 Job submitted from host: <128.104.100.44:9618?addrs=128.104.100.44-9618+[2607-f388-107c-501-90e2-baff-fe2c-2724]-9618&noUDP&sock=4699_0235_3>
...
001 (112171411.008.000) 05/03 12:30:06 Job executing on host: <128.105.245.236:9618?addrs=128.105.245.236-9618&noUDP&sock=5457_a067_3>
...
006 (112171411.008.000) 05/03 12:30:15 Image size of job updated: 628
	1  -  MemoryUsage of job (MB)
	628  -  ResidentSetSize of job (KB)
...
006 (112171411.008.000) 05/03 12:35:16 Image size of job updated: 668
	1  -  MemoryUsage of job (MB)
	668  -  ResidentSetSize of job (KB)
...
006 (112171411.008.000) 05/03 12:40:17 Image size of job updated: 565084
	476  -  MemoryUsage of job (MB)
	487088  -  ResidentSetSize of job (KB)
...
006 (112171411.008.000) 05/03 12:45:18 Image size of job updated: 1005880
	907  -  MemoryUsage of job (MB)
	927828  -  ResidentSetSize of job (KB)
...
006 (112171411.008.000) 05/03 12:50:18 Image size of job updated: 1493880
	1383  -  MemoryUsage of job (MB)
	1415828  -  ResidentSetSize of job (KB)
...
006 (112171411.008.000) 05/03 12:55:18 Image size of job updated: 2127928
	2002  -  MemoryUsage of job (MB)
	2049876  -  ResidentSetSize of job (KB)
...
006 (112171411.008.000) 05/03 13:00:19 Image size of job updated: 2892104
	2749  -  MemoryUsage of job (MB)
	2814052  -  ResidentSetSize of job (KB)
...
006 (112171411.008.000) 05/03 13:05:19 Image size of job updated: 3760340
	3596  -  MemoryUsage of job (MB)
	3682288  -  ResidentSetSize of job (KB)
...
006 (112171411.008.000) 05/03 13:10:20 Image size of job updated: 4714840
	4529  -  MemoryUsage of job (MB)
	4636788  -  ResidentSetSize of job (KB)
...
006 (112171411.008.000) 05/03 13:15:21 Image size of job updated: 5551052
	5345  -  MemoryUsage of job (MB)
	5473000  -  ResidentSetSize of job (KB)
...
006 (112171411.008.000) 05/03 13:20:21 Image size of job updated: 6404676
	6179  -  MemoryUsage of job (MB)
	6326624  -  ResidentSetSize of job (KB)
...
006 (112171411.008.000) 05/03 13:25:23 Image size of job updated: 7249960
	7004  -  MemoryUsage of job (MB)
	7171908  -  ResidentSetSize of job (KB)
...
006 (112171411.008.000) 05/03 13:30:23 Image size of job updated: 8098116
	7833  -  MemoryUsage of job (MB)
	8020064  -  ResidentSetSize of job (KB)
...
006 (112171411.008.000) 05/03 13:35:23 Image size of job updated: 8834224
	8551  -  MemoryUsage of job (MB)
	8756172  -  ResidentSetSize of job (KB)
...
006 (112171411.008.000) 05/03 13:40:24 Image size of job updated: 9564484
	9265  -  MemoryUsage of job (MB)
	9486432  -  ResidentSetSize of job (KB)
...
006 (112171411.008.000) 05/03 13:45:32 Image size of job updated: 10307904
	9991  -  MemoryUsage of job (MB)
	10229852  -  ResidentSetSize of job (KB)
...
006 (112171411.008.000) 05/03 13:50:25 Image size of job updated: 10974968
	10642  -  MemoryUsage of job (MB)
	10896916  -  ResidentSetSize of job (KB)
...
006 (112171411.008.000) 05/03 13:55:26 Image size of job updated: 11734164
	11383  -  MemoryUsage of job (MB)
	11656112  -  ResidentSetSize of job (KB)
...
006 (112171411.008.000) 05/03 14:00:27 Image size of job updated: 12382532
	12017  -  MemoryUsage of job (MB)
	12304480  -  ResidentSetSize of job (KB)
...
006 (112171411.008.000) 05/03 14:05:27 Image size of job updated: 13150936
	12767  -  MemoryUsage of job (MB)
	13072884  -  ResidentSetSize of job (KB)
...
006 (112171411.008.000) 05/03 14:10:28 Image size of job updated: 13834836
	13435  -  MemoryUsage of job (MB)
	13756784  -  ResidentSetSize of job (KB)
...
006 (112171411.008.000) 05/03 14:15:28 Image size of job updated: 14560976
	14144  -  MemoryUsage of job (MB)
	14482924  -  ResidentSetSize of job (KB)
...
006 (112171411.008.000) 05/03 14:20:29 Image size of job updated: 15196320
	14764  -  MemoryUsage of job (MB)
	15118268  -  ResidentSetSize of job (KB)
...
006 (112171411.008.000) 05/03 14:25:30 Image size of job updated: 15791636
	15346  -  MemoryUsage of job (MB)
	15713584  -  ResidentSetSize of job (KB)
...
006 (112171411.008.000) 05/03 14:30:31 Image size of job updated: 16482052
	16020  -  MemoryUsage of job (MB)
	16403512  -  ResidentSetSize of job (KB)
...
006 (112171411.008.000) 05/03 14:35:32 Image size of job updated: 17234196
	16753  -  MemoryUsage of job (MB)
	17154456  -  ResidentSetSize of job (KB)
...
006 (112171411.008.000) 05/03 14:40:32 Image size of job updated: 17859428
	17356  -  MemoryUsage of job (MB)
	17771628  -  ResidentSetSize of job (KB)
...
006 (112171411.008.000) 05/03 14:45:33 Image size of job updated: 18509640
	17974  -  MemoryUsage of job (MB)
	18404800  -  ResidentSetSize of job (KB)
...
006 (112171411.008.000) 05/03 14:50:34 Image size of job updated: 19200312
	18629  -  MemoryUsage of job (MB)
	19076040  -  ResidentSetSize of job (KB)
...
006 (112171411.008.000) 05/03 14:55:34 Image size of job updated: 19879452
	19257  -  MemoryUsage of job (MB)
	19718760  -  ResidentSetSize of job (KB)
...
006 (112171411.008.000) 05/03 15:00:35 Image size of job updated: 20565832
	19837  -  MemoryUsage of job (MB)
	20313080  -  ResidentSetSize of job (KB)
...
006 (112171411.008.000) 05/03 15:05:35 Image size of job updated: 21273888
	20304  -  MemoryUsage of job (MB)
	20790976  -  ResidentSetSize of job (KB)
...
006 (112171411.008.000) 05/03 15:10:36 Image size of job updated: 21868012
	20445  -  MemoryUsage of job (MB)
	20935340  -  ResidentSetSize of job (KB)
...
006 (112171411.008.000) 05/03 15:15:36 Image size of job updated: 22408852
	20465  -  MemoryUsage of job (MB)
	20955544  -  ResidentSetSize of job (KB)
...
006 (112171411.008.000) 05/03 15:20:36 Image size of job updated: 22937900
	20465  -  MemoryUsage of job (MB)
	20955928  -  ResidentSetSize of job (KB)
...
005 (112171411.008.000) 05/03 15:21:53 Job terminated.
	(1) Normal termination (return value 0)
		Usr 0 02:34:33, Sys 0 00:05:39  -  Run Remote Usage
		Usr 0 00:00:00, Sys 0 00:00:00  -  Run Local Usage
		Usr 0 02:34:33, Sys 0 00:05:39  -  Total Remote Usage
		Usr 0 00:00:00, Sys 0 00:00:00  -  Total Local Usage
	24830772  -  Run Bytes Sent By Job
	1780307328  -  Run Bytes Received By Job
	24830772  -  Total Bytes Sent By Job
	1780307328  -  Total Bytes Received By Job
	Partitionable Resources :      Usage  Request Allocated 
	   Cpus                 :       0.98        1         1 
	   Disk (KB)            : 6854001    20971520  22680646 
	   Ioheavy              :                             0 
	   Memory (MB)          :   20465       20480     20480 
...
