000 (112025886.082.000) 04/30 21:55:26 Job submitted from host: <128.104.100.44:9618?addrs=128.104.100.44-9618+[2607-f388-107c-501-90e2-baff-fe2c-2724]-9618&noUDP&sock=4699_0235_3>
...
001 (112025886.082.000) 05/01 07:51:00 Job executing on host: <128.105.245.167:9618?addrs=128.105.245.167-9618&noUDP&sock=5445_6544_7>
...
006 (112025886.082.000) 05/01 07:51:09 Image size of job updated: 620
	1  -  MemoryUsage of job (MB)
	620  -  ResidentSetSize of job (KB)
...
006 (112025886.082.000) 05/01 07:56:10 Image size of job updated: 648
	1  -  MemoryUsage of job (MB)
	648  -  ResidentSetSize of job (KB)
...
006 (112025886.082.000) 05/01 08:01:11 Image size of job updated: 397836
	313  -  MemoryUsage of job (MB)
	319840  -  ResidentSetSize of job (KB)
...
006 (112025886.082.000) 05/01 08:06:01 Image size of job updated: 753736
	314  -  MemoryUsage of job (MB)
	321048  -  ResidentSetSize of job (KB)
...
005 (112025886.082.000) 05/01 08:06:02 Job terminated.
	(1) Normal termination (return value 0)
		Usr 0 00:07:08, Sys 0 00:00:23  -  Run Remote Usage
		Usr 0 00:00:00, Sys 0 00:00:00  -  Run Local Usage
		Usr 0 00:07:08, Sys 0 00:00:23  -  Total Remote Usage
		Usr 0 00:00:00, Sys 0 00:00:00  -  Total Local Usage
	1328230  -  Run Bytes Sent By Job
	1780295680  -  Run Bytes Received By Job
	1328230  -  Total Bytes Sent By Job
	1780295680  -  Total Bytes Received By Job
	Partitionable Resources :      Usage  Request Allocated 
	   Cpus                 :       0.90        1         1 
	   Disk (KB)            : 6832723    20971520  23890656 
	   Ioheavy              :                             0 
	   Memory (MB)          :     314       20480     20480 
...
