000 (112171411.005.000) 05/03 11:53:31 Job submitted from host: <128.104.100.44:9618?addrs=128.104.100.44-9618+[2607-f388-107c-501-90e2-baff-fe2c-2724]-9618&noUDP&sock=4699_0235_3>
...
001 (112171411.005.000) 05/03 12:22:07 Job executing on host: <128.105.245.208:9618?addrs=128.105.245.208-9618&noUDP&sock=5437_e882_3>
...
006 (112171411.005.000) 05/03 12:22:16 Image size of job updated: 624
	1  -  MemoryUsage of job (MB)
	624  -  ResidentSetSize of job (KB)
...
006 (112171411.005.000) 05/03 12:27:17 Image size of job updated: 648
	1  -  MemoryUsage of job (MB)
	648  -  ResidentSetSize of job (KB)
...
006 (112171411.005.000) 05/03 12:32:19 Image size of job updated: 664
	1  -  MemoryUsage of job (MB)
	664  -  ResidentSetSize of job (KB)
...
006 (112171411.005.000) 05/03 12:37:19 Image size of job updated: 564480
	476  -  MemoryUsage of job (MB)
	486484  -  ResidentSetSize of job (KB)
...
006 (112171411.005.000) 05/03 12:42:20 Image size of job updated: 911828
	815  -  MemoryUsage of job (MB)
	833776  -  ResidentSetSize of job (KB)
...
006 (112171411.005.000) 05/03 12:47:20 Image size of job updated: 1321868
	1215  -  MemoryUsage of job (MB)
	1243816  -  ResidentSetSize of job (KB)
...
006 (112171411.005.000) 05/03 12:52:21 Image size of job updated: 1887704
	1768  -  MemoryUsage of job (MB)
	1809652  -  ResidentSetSize of job (KB)
...
006 (112171411.005.000) 05/03 12:57:21 Image size of job updated: 2394468
	2263  -  MemoryUsage of job (MB)
	2316416  -  ResidentSetSize of job (KB)
...
006 (112171411.005.000) 05/03 13:02:21 Image size of job updated: 2884120
	2741  -  MemoryUsage of job (MB)
	2806068  -  ResidentSetSize of job (KB)
...
006 (112171411.005.000) 05/03 13:07:22 Image size of job updated: 3440256
	3284  -  MemoryUsage of job (MB)
	3362204  -  ResidentSetSize of job (KB)
...
006 (112171411.005.000) 05/03 13:12:22 Image size of job updated: 3928636
	3761  -  MemoryUsage of job (MB)
	3850584  -  ResidentSetSize of job (KB)
...
006 (112171411.005.000) 05/03 13:17:23 Image size of job updated: 4737860
	4551  -  MemoryUsage of job (MB)
	4659808  -  ResidentSetSize of job (KB)
...
006 (112171411.005.000) 05/03 13:22:24 Image size of job updated: 5541908
	5336  -  MemoryUsage of job (MB)
	5463856  -  ResidentSetSize of job (KB)
...
006 (112171411.005.000) 05/03 13:27:25 Image size of job updated: 6374384
	6149  -  MemoryUsage of job (MB)
	6296332  -  ResidentSetSize of job (KB)
...
006 (112171411.005.000) 05/03 13:32:24 Image size of job updated: 7040932
	6800  -  MemoryUsage of job (MB)
	6962880  -  ResidentSetSize of job (KB)
...
006 (112171411.005.000) 05/03 13:37:24 Image size of job updated: 7478820
	7228  -  MemoryUsage of job (MB)
	7400768  -  ResidentSetSize of job (KB)
...
006 (112171411.005.000) 05/03 13:42:25 Image size of job updated: 7732232
	7475  -  MemoryUsage of job (MB)
	7654180  -  ResidentSetSize of job (KB)
...
006 (112171411.005.000) 05/03 13:47:25 Image size of job updated: 8250628
	7982  -  MemoryUsage of job (MB)
	8172576  -  ResidentSetSize of job (KB)
...
006 (112171411.005.000) 05/03 13:52:26 Image size of job updated: 8686836
	8408  -  MemoryUsage of job (MB)
	8608784  -  ResidentSetSize of job (KB)
...
006 (112171411.005.000) 05/03 13:57:27 Image size of job updated: 9069924
	8782  -  MemoryUsage of job (MB)
	8991872  -  ResidentSetSize of job (KB)
...
006 (112171411.005.000) 05/03 14:02:27 Image size of job updated: 9420996
	9124  -  MemoryUsage of job (MB)
	9342944  -  ResidentSetSize of job (KB)
...
006 (112171411.005.000) 05/03 14:07:29 Image size of job updated: 9892484
	9585  -  MemoryUsage of job (MB)
	9814432  -  ResidentSetSize of job (KB)
...
006 (112171411.005.000) 05/03 14:12:29 Image size of job updated: 10200348
	9886  -  MemoryUsage of job (MB)
	10122296  -  ResidentSetSize of job (KB)
...
006 (112171411.005.000) 05/03 14:17:31 Image size of job updated: 10712868
	10386  -  MemoryUsage of job (MB)
	10634816  -  ResidentSetSize of job (KB)
...
006 (112171411.005.000) 05/03 14:22:31 Image size of job updated: 11331112
	10990  -  MemoryUsage of job (MB)
	11253060  -  ResidentSetSize of job (KB)
...
006 (112171411.005.000) 05/03 14:27:32 Image size of job updated: 12073528
	11715  -  MemoryUsage of job (MB)
	11995476  -  ResidentSetSize of job (KB)
...
006 (112171411.005.000) 05/03 14:32:34 Image size of job updated: 12704136
	12331  -  MemoryUsage of job (MB)
	12626084  -  ResidentSetSize of job (KB)
...
006 (112171411.005.000) 05/03 14:37:33 Image size of job updated: 13278548
	12892  -  MemoryUsage of job (MB)
	13200496  -  ResidentSetSize of job (KB)
...
006 (112171411.005.000) 05/03 14:42:34 Image size of job updated: 13826512
	13427  -  MemoryUsage of job (MB)
	13748460  -  ResidentSetSize of job (KB)
...
006 (112171411.005.000) 05/03 14:47:36 Image size of job updated: 14449980
	14036  -  MemoryUsage of job (MB)
	14371928  -  ResidentSetSize of job (KB)
...
006 (112171411.005.000) 05/03 14:52:34 Image size of job updated: 14983448
	14557  -  MemoryUsage of job (MB)
	14905396  -  ResidentSetSize of job (KB)
...
006 (112171411.005.000) 05/03 14:57:34 Image size of job updated: 15723520
	15279  -  MemoryUsage of job (MB)
	15645084  -  ResidentSetSize of job (KB)
...
006 (112171411.005.000) 05/03 15:02:34 Image size of job updated: 16385388
	15924  -  MemoryUsage of job (MB)
	16305928  -  ResidentSetSize of job (KB)
...
006 (112171411.005.000) 05/03 15:07:35 Image size of job updated: 16851772
	16374  -  MemoryUsage of job (MB)
	16766940  -  ResidentSetSize of job (KB)
...
006 (112171411.005.000) 05/03 15:12:36 Image size of job updated: 17266200
	16773  -  MemoryUsage of job (MB)
	17175156  -  ResidentSetSize of job (KB)
...
006 (112171411.005.000) 05/03 15:17:34 Image size of job updated: 17446260
	16945  -  MemoryUsage of job (MB)
	17351376  -  ResidentSetSize of job (KB)
...
006 (112171411.005.000) 05/03 15:22:37 Image size of job updated: 17619500
	17111  -  MemoryUsage of job (MB)
	17520776  -  ResidentSetSize of job (KB)
...
006 (112171411.005.000) 05/03 15:27:36 Image size of job updated: 17912012
	17388  -  MemoryUsage of job (MB)
	17805088  -  ResidentSetSize of job (KB)
...
006 (112171411.005.000) 05/03 15:32:38 Image size of job updated: 18320748
	17776  -  MemoryUsage of job (MB)
	18201932  -  ResidentSetSize of job (KB)
...
006 (112171411.005.000) 05/03 15:37:37 Image size of job updated: 18841224
	18267  -  MemoryUsage of job (MB)
	18705184  -  ResidentSetSize of job (KB)
...
006 (112171411.005.000) 05/03 15:42:38 Image size of job updated: 19510180
	18878  -  MemoryUsage of job (MB)
	19330396  -  ResidentSetSize of job (KB)
...
006 (112171411.005.000) 05/03 15:47:38 Image size of job updated: 20063316
	19359  -  MemoryUsage of job (MB)
	19823480  -  ResidentSetSize of job (KB)
...
006 (112171411.005.000) 05/03 15:52:39 Image size of job updated: 20422572
	19665  -  MemoryUsage of job (MB)
	20136060  -  ResidentSetSize of job (KB)
...
006 (112171411.005.000) 05/03 15:57:39 Image size of job updated: 21056188
	20131  -  MemoryUsage of job (MB)
	20613184  -  ResidentSetSize of job (KB)
...
006 (112171411.005.000) 05/03 16:02:39 Image size of job updated: 21469452
	20298  -  MemoryUsage of job (MB)
	20784580  -  ResidentSetSize of job (KB)
...
006 (112171411.005.000) 05/03 16:07:40 Image size of job updated: 21599668
	20325  -  MemoryUsage of job (MB)
	20812764  -  ResidentSetSize of job (KB)
...
006 (112171411.005.000) 05/03 16:12:41 Image size of job updated: 21751804
	20438  -  MemoryUsage of job (MB)
	20927912  -  ResidentSetSize of job (KB)
...
006 (112171411.005.000) 05/03 16:17:41 Image size of job updated: 21887396
	20438  -  MemoryUsage of job (MB)
	20927912  -  ResidentSetSize of job (KB)
...
006 (112171411.005.000) 05/03 16:22:41 Image size of job updated: 22085188
	20444  -  MemoryUsage of job (MB)
	20934464  -  ResidentSetSize of job (KB)
...
006 (112171411.005.000) 05/03 16:27:41 Image size of job updated: 22179468
	20444  -  MemoryUsage of job (MB)
	20934512  -  ResidentSetSize of job (KB)
...
006 (112171411.005.000) 05/03 16:32:42 Image size of job updated: 22354100
	20464  -  MemoryUsage of job (MB)
	20954960  -  ResidentSetSize of job (KB)
...
006 (112171411.005.000) 05/03 16:37:43 Image size of job updated: 22437244
	20464  -  MemoryUsage of job (MB)
	20954960  -  ResidentSetSize of job (KB)
...
006 (112171411.005.000) 05/03 16:42:43 Image size of job updated: 22485684
	20464  -  MemoryUsage of job (MB)
	20954960  -  ResidentSetSize of job (KB)
...
006 (112171411.005.000) 05/03 16:47:43 Image size of job updated: 22532180
	20464  -  MemoryUsage of job (MB)
	20954960  -  ResidentSetSize of job (KB)
...
006 (112171411.005.000) 05/03 16:52:45 Image size of job updated: 22571376
	20464  -  MemoryUsage of job (MB)
	20954960  -  ResidentSetSize of job (KB)
...
006 (112171411.005.000) 05/03 16:57:45 Image size of job updated: 22600196
	20464  -  MemoryUsage of job (MB)
	20954960  -  ResidentSetSize of job (KB)
...
006 (112171411.005.000) 05/03 17:02:46 Image size of job updated: 22617912
	20464  -  MemoryUsage of job (MB)
	20954960  -  ResidentSetSize of job (KB)
...
006 (112171411.005.000) 05/03 17:07:47 Image size of job updated: 22742392
	20466  -  MemoryUsage of job (MB)
	20956540  -  ResidentSetSize of job (KB)
...
006 (112171411.005.000) 05/03 17:12:48 Image size of job updated: 22809672
	20466  -  MemoryUsage of job (MB)
	20956568  -  ResidentSetSize of job (KB)
...
006 (112171411.005.000) 05/03 17:17:48 Image size of job updated: 22862448
	20466  -  MemoryUsage of job (MB)
	20956568  -  ResidentSetSize of job (KB)
...
006 (112171411.005.000) 05/03 17:22:48 Image size of job updated: 22945348
	20466  -  MemoryUsage of job (MB)
	20956568  -  ResidentSetSize of job (KB)
...
006 (112171411.005.000) 05/03 17:26:26 Image size of job updated: 23011804
	20466  -  MemoryUsage of job (MB)
	20956568  -  ResidentSetSize of job (KB)
...
005 (112171411.005.000) 05/03 17:26:30 Job terminated.
	(1) Normal termination (return value 0)
		Usr 0 02:30:58, Sys 0 00:03:05  -  Run Remote Usage
		Usr 0 00:00:00, Sys 0 00:00:00  -  Run Local Usage
		Usr 0 02:30:58, Sys 0 00:03:05  -  Total Remote Usage
		Usr 0 00:00:00, Sys 0 00:00:00  -  Total Local Usage
	24802260  -  Run Bytes Sent By Job
	1780307328  -  Run Bytes Received By Job
	24802260  -  Total Bytes Sent By Job
	1780307328  -  Total Bytes Received By Job
	Partitionable Resources :    Usage  Request Allocated 
	   Cpus                 :        0        1         1 
	   Disk (KB)            :  6853975 20971520  22090500 
	   Ioheavy              :                           0 
	   Memory (MB)          :    20466    20480     20480 
...
