000 (112025886.053.000) 04/30 21:55:26 Job submitted from host: <128.104.100.44:9618?addrs=128.104.100.44-9618+[2607-f388-107c-501-90e2-baff-fe2c-2724]-9618&noUDP&sock=4699_0235_3>
...
001 (112025886.053.000) 05/01 07:29:38 Job executing on host: <128.105.245.235:9618?addrs=128.105.245.235-9618&noUDP&sock=5440_f74b_3>
...
006 (112025886.053.000) 05/01 07:29:47 Image size of job updated: 624
	1  -  MemoryUsage of job (MB)
	624  -  ResidentSetSize of job (KB)
...
006 (112025886.053.000) 05/01 07:34:49 Image size of job updated: 656
	1  -  MemoryUsage of job (MB)
	656  -  ResidentSetSize of job (KB)
...
006 (112025886.053.000) 05/01 07:39:49 Image size of job updated: 672
	1  -  MemoryUsage of job (MB)
	672  -  ResidentSetSize of job (KB)
...
006 (112025886.053.000) 05/01 07:44:50 Image size of job updated: 189176
	112  -  MemoryUsage of job (MB)
	114228  -  ResidentSetSize of job (KB)
...
006 (112025886.053.000) 05/01 07:49:51 Image size of job updated: 632440
	542  -  MemoryUsage of job (MB)
	554444  -  ResidentSetSize of job (KB)
...
006 (112025886.053.000) 05/01 07:54:52 Image size of job updated: 1062744
	962  -  MemoryUsage of job (MB)
	984692  -  ResidentSetSize of job (KB)
...
006 (112025886.053.000) 05/01 07:59:52 Image size of job updated: 1522032
	1411  -  MemoryUsage of job (MB)
	1443980  -  ResidentSetSize of job (KB)
...
006 (112025886.053.000) 05/01 08:04:52 Image size of job updated: 2285476
	2156  -  MemoryUsage of job (MB)
	2207424  -  ResidentSetSize of job (KB)
...
006 (112025886.053.000) 05/01 08:09:52 Image size of job updated: 2867024
	2724  -  MemoryUsage of job (MB)
	2788972  -  ResidentSetSize of job (KB)
...
006 (112025886.053.000) 05/01 08:14:52 Image size of job updated: 3679844
	3518  -  MemoryUsage of job (MB)
	3601792  -  ResidentSetSize of job (KB)
...
006 (112025886.053.000) 05/01 08:19:53 Image size of job updated: 4683012
	4498  -  MemoryUsage of job (MB)
	4604960  -  ResidentSetSize of job (KB)
...
006 (112025886.053.000) 05/01 08:24:54 Image size of job updated: 5371216
	5170  -  MemoryUsage of job (MB)
	5293164  -  ResidentSetSize of job (KB)
...
006 (112025886.053.000) 05/01 08:29:55 Image size of job updated: 6176116
	5956  -  MemoryUsage of job (MB)
	6098064  -  ResidentSetSize of job (KB)
...
006 (112025886.053.000) 05/01 08:34:55 Image size of job updated: 7000500
	6761  -  MemoryUsage of job (MB)
	6922448  -  ResidentSetSize of job (KB)
...
006 (112025886.053.000) 05/01 08:39:55 Image size of job updated: 7893228
	7633  -  MemoryUsage of job (MB)
	7815176  -  ResidentSetSize of job (KB)
...
006 (112025886.053.000) 05/01 08:44:56 Image size of job updated: 8761472
	8480  -  MemoryUsage of job (MB)
	8683420  -  ResidentSetSize of job (KB)
...
006 (112025886.053.000) 05/01 08:49:57 Image size of job updated: 9531836
	9233  -  MemoryUsage of job (MB)
	9453784  -  ResidentSetSize of job (KB)
...
006 (112025886.053.000) 05/01 08:54:57 Image size of job updated: 10261504
	9945  -  MemoryUsage of job (MB)
	10183452  -  ResidentSetSize of job (KB)
...
006 (112025886.053.000) 05/01 08:59:57 Image size of job updated: 10964888
	10632  -  MemoryUsage of job (MB)
	10886836  -  ResidentSetSize of job (KB)
...
006 (112025886.053.000) 05/01 09:04:59 Image size of job updated: 11704840
	11355  -  MemoryUsage of job (MB)
	11626788  -  ResidentSetSize of job (KB)
...
006 (112025886.053.000) 05/01 09:09:59 Image size of job updated: 12363016
	11998  -  MemoryUsage of job (MB)
	12284964  -  ResidentSetSize of job (KB)
...
006 (112025886.053.000) 05/01 09:14:59 Image size of job updated: 13140576
	12757  -  MemoryUsage of job (MB)
	13062524  -  ResidentSetSize of job (KB)
...
006 (112025886.053.000) 05/01 09:20:01 Image size of job updated: 13744040
	13346  -  MemoryUsage of job (MB)
	13665988  -  ResidentSetSize of job (KB)
...
006 (112025886.053.000) 05/01 09:25:01 Image size of job updated: 14255028
	13845  -  MemoryUsage of job (MB)
	14176976  -  ResidentSetSize of job (KB)
...
006 (112025886.053.000) 05/01 09:30:01 Image size of job updated: 14930400
	14505  -  MemoryUsage of job (MB)
	14852348  -  ResidentSetSize of job (KB)
...
006 (112025886.053.000) 05/01 09:35:06 Image size of job updated: 15689820
	15246  -  MemoryUsage of job (MB)
	15611768  -  ResidentSetSize of job (KB)
...
006 (112025886.053.000) 05/01 09:40:04 Image size of job updated: 16406404
	15946  -  MemoryUsage of job (MB)
	16328352  -  ResidentSetSize of job (KB)
...
006 (112025886.053.000) 05/01 09:45:04 Image size of job updated: 17050676
	16575  -  MemoryUsage of job (MB)
	16972624  -  ResidentSetSize of job (KB)
...
006 (112025886.053.000) 05/01 09:50:04 Image size of job updated: 17815936
	17322  -  MemoryUsage of job (MB)
	17737112  -  ResidentSetSize of job (KB)
...
006 (112025886.053.000) 05/01 09:55:04 Image size of job updated: 18454968
	17944  -  MemoryUsage of job (MB)
	18374344  -  ResidentSetSize of job (KB)
...
006 (112025886.053.000) 05/01 10:00:05 Image size of job updated: 19099456
	18570  -  MemoryUsage of job (MB)
	19015420  -  ResidentSetSize of job (KB)
...
006 (112025886.053.000) 05/01 10:05:06 Image size of job updated: 19744396
	19193  -  MemoryUsage of job (MB)
	19653032  -  ResidentSetSize of job (KB)
...
006 (112025886.053.000) 05/01 10:10:07 Image size of job updated: 20545000
	19931  -  MemoryUsage of job (MB)
	20408640  -  ResidentSetSize of job (KB)
...
006 (112025886.053.000) 05/01 10:15:07 Image size of job updated: 21352836
	20463  -  MemoryUsage of job (MB)
	20953832  -  ResidentSetSize of job (KB)
...
006 (112025886.053.000) 05/01 10:20:07 Image size of job updated: 22077988
	20463  -  MemoryUsage of job (MB)
	20953832  -  ResidentSetSize of job (KB)
...
006 (112025886.053.000) 05/01 10:25:07 Image size of job updated: 22655172
	20463  -  MemoryUsage of job (MB)
	20953832  -  ResidentSetSize of job (KB)
...
005 (112025886.053.000) 05/01 10:29:59 Job terminated.
	(1) Normal termination (return value 0)
		Usr 0 02:21:33, Sys 0 00:03:15  -  Run Remote Usage
		Usr 0 00:00:00, Sys 0 00:00:00  -  Run Local Usage
		Usr 0 02:21:33, Sys 0 00:03:15  -  Total Remote Usage
		Usr 0 00:00:00, Sys 0 00:00:00  -  Total Local Usage
	24487962  -  Run Bytes Sent By Job
	1780295680  -  Run Bytes Received By Job
	24487962  -  Total Bytes Sent By Job
	1780295680  -  Total Bytes Received By Job
	Partitionable Resources :      Usage  Request Allocated 
	   Cpus                 :       0.31        1         1 
	   Disk (KB)            : 6853645    20971520  21362813 
	   Ioheavy              :                             0 
	   Memory (MB)          :   20463       20480     20480 
...
