000 (112025886.173.000) 04/30 21:55:26 Job submitted from host: <128.104.100.44:9618?addrs=128.104.100.44-9618+[2607-f388-107c-501-90e2-baff-fe2c-2724]-9618&noUDP&sock=4699_0235_3>
...
001 (112025886.173.000) 05/01 09:04:51 Job executing on host: <128.105.245.210:9618?addrs=128.105.245.210-9618&noUDP&sock=5438_981b_29>
...
006 (112025886.173.000) 05/01 09:04:59 Image size of job updated: 884
	1  -  MemoryUsage of job (MB)
	624  -  ResidentSetSize of job (KB)
...
006 (112025886.173.000) 05/01 09:10:00 Image size of job updated: 189624
	112  -  MemoryUsage of job (MB)
	114100  -  ResidentSetSize of job (KB)
...
006 (112025886.173.000) 05/01 09:15:02 Image size of job updated: 622228
	531  -  MemoryUsage of job (MB)
	543656  -  ResidentSetSize of job (KB)
...
006 (112025886.173.000) 05/01 09:20:02 Image size of job updated: 1065500
	964  -  MemoryUsage of job (MB)
	986872  -  ResidentSetSize of job (KB)
...
006 (112025886.173.000) 05/01 09:25:02 Image size of job updated: 1582556
	1469  -  MemoryUsage of job (MB)
	1503928  -  ResidentSetSize of job (KB)
...
006 (112025886.173.000) 05/01 09:30:02 Image size of job updated: 2265016
	2136  -  MemoryUsage of job (MB)
	2186388  -  ResidentSetSize of job (KB)
...
006 (112025886.173.000) 05/01 09:35:03 Image size of job updated: 3031756
	2884  -  MemoryUsage of job (MB)
	2953128  -  ResidentSetSize of job (KB)
...
006 (112025886.173.000) 05/01 09:40:03 Image size of job updated: 3840020
	3674  -  MemoryUsage of job (MB)
	3761392  -  ResidentSetSize of job (KB)
...
006 (112025886.173.000) 05/01 09:45:03 Image size of job updated: 4729684
	4543  -  MemoryUsage of job (MB)
	4651056  -  ResidentSetSize of job (KB)
...
006 (112025886.173.000) 05/01 09:50:04 Image size of job updated: 5540836
	5335  -  MemoryUsage of job (MB)
	5462208  -  ResidentSetSize of job (KB)
...
006 (112025886.173.000) 05/01 09:55:04 Image size of job updated: 6372608
	6147  -  MemoryUsage of job (MB)
	6293980  -  ResidentSetSize of job (KB)
...
006 (112025886.173.000) 05/01 10:00:05 Image size of job updated: 7179956
	6935  -  MemoryUsage of job (MB)
	7101328  -  ResidentSetSize of job (KB)
...
006 (112025886.173.000) 05/01 10:05:06 Image size of job updated: 7883236
	7622  -  MemoryUsage of job (MB)
	7804608  -  ResidentSetSize of job (KB)
...
006 (112025886.173.000) 05/01 10:10:06 Image size of job updated: 8660588
	8381  -  MemoryUsage of job (MB)
	8581960  -  ResidentSetSize of job (KB)
...
006 (112025886.173.000) 05/01 10:15:06 Image size of job updated: 9418512
	9121  -  MemoryUsage of job (MB)
	9339884  -  ResidentSetSize of job (KB)
...
006 (112025886.173.000) 05/01 10:20:07 Image size of job updated: 10103024
	9790  -  MemoryUsage of job (MB)
	10024396  -  ResidentSetSize of job (KB)
...
006 (112025886.173.000) 05/01 10:25:08 Image size of job updated: 10729552
	10402  -  MemoryUsage of job (MB)
	10650924  -  ResidentSetSize of job (KB)
...
006 (112025886.173.000) 05/01 10:30:08 Image size of job updated: 11448468
	11104  -  MemoryUsage of job (MB)
	11369840  -  ResidentSetSize of job (KB)
...
006 (112025886.173.000) 05/01 10:35:08 Image size of job updated: 12179580
	11818  -  MemoryUsage of job (MB)
	12100952  -  ResidentSetSize of job (KB)
...
006 (112025886.173.000) 05/01 10:40:10 Image size of job updated: 12877572
	12499  -  MemoryUsage of job (MB)
	12798944  -  ResidentSetSize of job (KB)
...
006 (112025886.173.000) 05/01 10:45:10 Image size of job updated: 13553412
	13159  -  MemoryUsage of job (MB)
	13474784  -  ResidentSetSize of job (KB)
...
006 (112025886.173.000) 05/01 10:50:10 Image size of job updated: 14254200
	13844  -  MemoryUsage of job (MB)
	14175572  -  ResidentSetSize of job (KB)
...
006 (112025886.173.000) 05/01 10:55:12 Image size of job updated: 14843144
	14419  -  MemoryUsage of job (MB)
	14764516  -  ResidentSetSize of job (KB)
...
006 (112025886.173.000) 05/01 11:00:12 Image size of job updated: 15493220
	15053  -  MemoryUsage of job (MB)
	15413356  -  ResidentSetSize of job (KB)
...
006 (112025886.173.000) 05/01 11:05:12 Image size of job updated: 16104264
	15648  -  MemoryUsage of job (MB)
	16022992  -  ResidentSetSize of job (KB)
...
006 (112025886.173.000) 05/01 11:10:13 Image size of job updated: 16754912
	16278  -  MemoryUsage of job (MB)
	16668252  -  ResidentSetSize of job (KB)
...
006 (112025886.173.000) 05/01 11:15:14 Image size of job updated: 17383924
	16887  -  MemoryUsage of job (MB)
	17291480  -  ResidentSetSize of job (KB)
...
006 (112025886.173.000) 05/01 11:20:14 Image size of job updated: 17977360
	17456  -  MemoryUsage of job (MB)
	17874816  -  ResidentSetSize of job (KB)
...
006 (112025886.173.000) 05/01 11:25:14 Image size of job updated: 18644476
	18094  -  MemoryUsage of job (MB)
	18527300  -  ResidentSetSize of job (KB)
...
006 (112025886.173.000) 05/01 11:30:15 Image size of job updated: 19371796
	18787  -  MemoryUsage of job (MB)
	19237072  -  ResidentSetSize of job (KB)
...
006 (112025886.173.000) 05/01 11:35:16 Image size of job updated: 20131584
	19519  -  MemoryUsage of job (MB)
	19986496  -  ResidentSetSize of job (KB)
...
