000 (112025886.101.000) 04/30 21:55:26 Job submitted from host: <128.104.100.44:9618?addrs=128.104.100.44-9618+[2607-f388-107c-501-90e2-baff-fe2c-2724]-9618&noUDP&sock=4699_0235_3>
...
001 (112025886.101.000) 05/01 08:06:24 Job executing on host: <128.105.245.160:9618?addrs=128.105.245.160-9618&noUDP&sock=5483_75de_3>
...
006 (112025886.101.000) 05/01 08:06:32 Image size of job updated: 620
	1  -  MemoryUsage of job (MB)
	620  -  ResidentSetSize of job (KB)
...
006 (112025886.101.000) 05/01 08:11:33 Image size of job updated: 624
	1  -  MemoryUsage of job (MB)
	624  -  ResidentSetSize of job (KB)
...
006 (112025886.101.000) 05/01 08:16:34 Image size of job updated: 644
	1  -  MemoryUsage of job (MB)
	644  -  ResidentSetSize of job (KB)
...
006 (112025886.101.000) 05/01 08:21:41 Image size of job updated: 656
	1  -  MemoryUsage of job (MB)
	656  -  ResidentSetSize of job (KB)
...
006 (112025886.101.000) 05/01 08:26:35 Image size of job updated: 306588
	224  -  MemoryUsage of job (MB)
	228592  -  ResidentSetSize of job (KB)
...
006 (112025886.101.000) 05/01 08:31:36 Image size of job updated: 589976
	500  -  MemoryUsage of job (MB)
	511980  -  ResidentSetSize of job (KB)
...
006 (112025886.101.000) 05/01 08:36:36 Image size of job updated: 930932
	833  -  MemoryUsage of job (MB)
	852880  -  ResidentSetSize of job (KB)
...
006 (112025886.101.000) 05/01 08:41:37 Image size of job updated: 1324528
	1218  -  MemoryUsage of job (MB)
	1246476  -  ResidentSetSize of job (KB)
...
006 (112025886.101.000) 05/01 08:46:37 Image size of job updated: 1802580
	1685  -  MemoryUsage of job (MB)
	1724528  -  ResidentSetSize of job (KB)
...
006 (112025886.101.000) 05/01 08:51:38 Image size of job updated: 2403424
	2271  -  MemoryUsage of job (MB)
	2325372  -  ResidentSetSize of job (KB)
...
006 (112025886.101.000) 05/01 08:56:38 Image size of job updated: 2898640
	2755  -  MemoryUsage of job (MB)
	2820588  -  ResidentSetSize of job (KB)
...
006 (112025886.101.000) 05/01 09:01:39 Image size of job updated: 3862776
	3697  -  MemoryUsage of job (MB)
	3784724  -  ResidentSetSize of job (KB)
...
006 (112025886.101.000) 05/01 09:06:39 Image size of job updated: 4586180
	4403  -  MemoryUsage of job (MB)
	4508128  -  ResidentSetSize of job (KB)
...
006 (112025886.101.000) 05/01 09:11:40 Image size of job updated: 5267656
	5068  -  MemoryUsage of job (MB)
	5189604  -  ResidentSetSize of job (KB)
...
006 (112025886.101.000) 05/01 09:16:40 Image size of job updated: 5950320
	5735  -  MemoryUsage of job (MB)
	5872268  -  ResidentSetSize of job (KB)
...
006 (112025886.101.000) 05/01 09:21:41 Image size of job updated: 6548792
	6320  -  MemoryUsage of job (MB)
	6470740  -  ResidentSetSize of job (KB)
...
006 (112025886.101.000) 05/01 09:26:41 Image size of job updated: 7249828
	7004  -  MemoryUsage of job (MB)
	7171776  -  ResidentSetSize of job (KB)
...
006 (112025886.101.000) 05/01 09:31:41 Image size of job updated: 7788952
	7531  -  MemoryUsage of job (MB)
	7710900  -  ResidentSetSize of job (KB)
...
006 (112025886.101.000) 05/01 09:36:42 Image size of job updated: 8535176
	8259  -  MemoryUsage of job (MB)
	8457124  -  ResidentSetSize of job (KB)
...
006 (112025886.101.000) 05/01 09:41:43 Image size of job updated: 9414144
	9118  -  MemoryUsage of job (MB)
	9336092  -  ResidentSetSize of job (KB)
...
006 (112025886.101.000) 05/01 09:46:44 Image size of job updated: 10251364
	9935  -  MemoryUsage of job (MB)
	10173312  -  ResidentSetSize of job (KB)
...
006 (112025886.101.000) 05/01 09:51:45 Image size of job updated: 11034612
	10700  -  MemoryUsage of job (MB)
	10956560  -  ResidentSetSize of job (KB)
...
006 (112025886.101.000) 05/01 09:56:45 Image size of job updated: 11755628
	11404  -  MemoryUsage of job (MB)
	11677576  -  ResidentSetSize of job (KB)
...
006 (112025886.101.000) 05/01 10:01:45 Image size of job updated: 12386140
	12020  -  MemoryUsage of job (MB)
	12308088  -  ResidentSetSize of job (KB)
...
006 (112025886.101.000) 05/01 10:06:46 Image size of job updated: 12867200
	12490  -  MemoryUsage of job (MB)
	12789148  -  ResidentSetSize of job (KB)
...
006 (112025886.101.000) 05/01 10:11:47 Image size of job updated: 13473596
	13082  -  MemoryUsage of job (MB)
	13395544  -  ResidentSetSize of job (KB)
...
006 (112025886.101.000) 05/01 10:16:48 Image size of job updated: 13914268
	13512  -  MemoryUsage of job (MB)
	13836216  -  ResidentSetSize of job (KB)
...
006 (112025886.101.000) 05/01 10:21:49 Image size of job updated: 14408036
	13995  -  MemoryUsage of job (MB)
	14329984  -  ResidentSetSize of job (KB)
...
006 (112025886.101.000) 05/01 10:26:49 Image size of job updated: 14937804
	14512  -  MemoryUsage of job (MB)
	14859752  -  ResidentSetSize of job (KB)
...
006 (112025886.101.000) 05/01 10:31:49 Image size of job updated: 15538920
	15099  -  MemoryUsage of job (MB)
	15460868  -  ResidentSetSize of job (KB)
...
006 (112025886.101.000) 05/01 10:36:50 Image size of job updated: 15966452
	15511  -  MemoryUsage of job (MB)
	15882280  -  ResidentSetSize of job (KB)
...
006 (112025886.101.000) 05/01 10:41:51 Image size of job updated: 16441920
	15968  -  MemoryUsage of job (MB)
	16350592  -  ResidentSetSize of job (KB)
...
006 (112025886.101.000) 05/01 10:46:53 Image size of job updated: 16962528
	16466  -  MemoryUsage of job (MB)
	16860580  -  ResidentSetSize of job (KB)
...
006 (112025886.101.000) 05/01 10:51:53 Image size of job updated: 17565144
	17043  -  MemoryUsage of job (MB)
	17451296  -  ResidentSetSize of job (KB)
...
006 (112025886.101.000) 05/01 10:56:53 Image size of job updated: 18263752
	17712  -  MemoryUsage of job (MB)
	18136496  -  ResidentSetSize of job (KB)
...
006 (112025886.101.000) 05/01 11:01:53 Image size of job updated: 18944496
	18356  -  MemoryUsage of job (MB)
	18796040  -  ResidentSetSize of job (KB)
...
006 (112025886.101.000) 05/01 11:06:53 Image size of job updated: 19610748
	18977  -  MemoryUsage of job (MB)
	19432204  -  ResidentSetSize of job (KB)
...
006 (112025886.101.000) 05/01 11:11:53 Image size of job updated: 20014556
	19336  -  MemoryUsage of job (MB)
	19799648  -  ResidentSetSize of job (KB)
...
006 (112025886.101.000) 05/01 11:16:54 Image size of job updated: 20622500
	19829  -  MemoryUsage of job (MB)
	20304796  -  ResidentSetSize of job (KB)
...
006 (112025886.101.000) 05/01 11:21:55 Image size of job updated: 21242588
	20209  -  MemoryUsage of job (MB)
	20693596  -  ResidentSetSize of job (KB)
...
006 (112025886.101.000) 05/01 11:26:55 Image size of job updated: 21867728
	20445  -  MemoryUsage of job (MB)
	20935252  -  ResidentSetSize of job (KB)
...
006 (112025886.101.000) 05/01 11:31:56 Image size of job updated: 22326796
	20445  -  MemoryUsage of job (MB)
	20935252  -  ResidentSetSize of job (KB)
...
006 (112025886.101.000) 05/01 11:36:56 Image size of job updated: 22740080
	20449  -  MemoryUsage of job (MB)
	20939520  -  ResidentSetSize of job (KB)
...
006 (112025886.101.000) 05/01 11:41:56 Image size of job updated: 23015840
	20456  -  MemoryUsage of job (MB)
	20946816  -  ResidentSetSize of job (KB)
...
006 (112025886.101.000) 05/01 11:46:57 Image size of job updated: 23124864
	20469  -  MemoryUsage of job (MB)
	20959548  -  ResidentSetSize of job (KB)
...
006 (112025886.101.000) 05/01 11:51:57 Image size of job updated: 23171036
	20470  -  MemoryUsage of job (MB)
	20960492  -  ResidentSetSize of job (KB)
...
006 (112025886.101.000) 05/01 11:56:58 Image size of job updated: 23171044
	20470  -  MemoryUsage of job (MB)
	20960492  -  ResidentSetSize of job (KB)
...
006 (112025886.101.000) 05/01 12:01:58 Image size of job updated: 23171072
	20470  -  MemoryUsage of job (MB)
	20960492  -  ResidentSetSize of job (KB)
...
006 (112025886.101.000) 05/01 12:06:35 Image size of job updated: 23216364
	20470  -  MemoryUsage of job (MB)
	20960492  -  ResidentSetSize of job (KB)
...
005 (112025886.101.000) 05/01 12:07:27 Job terminated.
	(1) Normal termination (return value 0)
		Usr 0 02:19:52, Sys 0 00:02:24  -  Run Remote Usage
		Usr 0 00:00:00, Sys 0 00:00:00  -  Run Local Usage
		Usr 0 02:19:52, Sys 0 00:02:24  -  Total Remote Usage
		Usr 0 00:00:00, Sys 0 00:00:00  -  Total Local Usage
	24629120  -  Run Bytes Sent By Job
	1780295680  -  Run Bytes Received By Job
	24629120  -  Total Bytes Sent By Job
	1780295680  -  Total Bytes Received By Job
	Partitionable Resources :      Usage  Request Allocated 
	   Cpus                 :       0.02        1         1 
	   Disk (KB)            : 6853781    20971520  20979033 
	   Ioheavy              :                             0 
	   Memory (MB)          :   20470       20480     20480 
...
