000 (112171411.168.000) 05/03 11:53:31 Job submitted from host: <128.104.100.44:9618?addrs=128.104.100.44-9618+[2607-f388-107c-501-90e2-baff-fe2c-2724]-9618&noUDP&sock=4699_0235_3>
...
001 (112171411.168.000) 05/03 16:53:56 Job executing on host: <128.105.245.205:9618?addrs=128.105.245.205-9618&noUDP&sock=5446_14dd_3>
...
006 (112171411.168.000) 05/03 16:54:04 Image size of job updated: 620
	1  -  MemoryUsage of job (MB)
	620  -  ResidentSetSize of job (KB)
...
006 (112171411.168.000) 05/03 16:59:05 Image size of job updated: 644
	1  -  MemoryUsage of job (MB)
	644  -  ResidentSetSize of job (KB)
...
006 (112171411.168.000) 05/03 17:04:06 Image size of job updated: 274176
	192  -  MemoryUsage of job (MB)
	196188  -  ResidentSetSize of job (KB)
...
006 (112171411.168.000) 05/03 17:09:07 Image size of job updated: 582064
	493  -  MemoryUsage of job (MB)
	504068  -  ResidentSetSize of job (KB)
...
006 (112171411.168.000) 05/03 17:14:07 Image size of job updated: 968960
	871  -  MemoryUsage of job (MB)
	890908  -  ResidentSetSize of job (KB)
...
006 (112171411.168.000) 05/03 17:19:08 Image size of job updated: 1378116
	1270  -  MemoryUsage of job (MB)
	1300064  -  ResidentSetSize of job (KB)
...
006 (112171411.168.000) 05/03 17:24:09 Image size of job updated: 1896936
	1777  -  MemoryUsage of job (MB)
	1818884  -  ResidentSetSize of job (KB)
...
006 (112171411.168.000) 05/03 17:29:09 Image size of job updated: 2520824
	2386  -  MemoryUsage of job (MB)
	2442772  -  ResidentSetSize of job (KB)
...
006 (112171411.168.000) 05/03 17:34:10 Image size of job updated: 3151812
	3002  -  MemoryUsage of job (MB)
	3073760  -  ResidentSetSize of job (KB)
...
006 (112171411.168.000) 05/03 17:39:11 Image size of job updated: 3960952
	3792  -  MemoryUsage of job (MB)
	3882900  -  ResidentSetSize of job (KB)
...
006 (112171411.168.000) 05/03 17:44:12 Image size of job updated: 4696568
	4511  -  MemoryUsage of job (MB)
	4618516  -  ResidentSetSize of job (KB)
...
006 (112171411.168.000) 05/03 17:49:12 Image size of job updated: 5362168
	5161  -  MemoryUsage of job (MB)
	5284116  -  ResidentSetSize of job (KB)
...
006 (112171411.168.000) 05/03 17:54:13 Image size of job updated: 6066252
	5848  -  MemoryUsage of job (MB)
	5988200  -  ResidentSetSize of job (KB)
...
006 (112171411.168.000) 05/03 17:59:13 Image size of job updated: 6661348
	6429  -  MemoryUsage of job (MB)
	6583296  -  ResidentSetSize of job (KB)
...
006 (112171411.168.000) 05/03 18:04:13 Image size of job updated: 7084212
	6842  -  MemoryUsage of job (MB)
	7006160  -  ResidentSetSize of job (KB)
...
006 (112171411.168.000) 05/03 18:09:14 Image size of job updated: 7779932
	7522  -  MemoryUsage of job (MB)
	7701880  -  ResidentSetSize of job (KB)
...
006 (112171411.168.000) 05/03 18:14:15 Image size of job updated: 8632728
	8355  -  MemoryUsage of job (MB)
	8554676  -  ResidentSetSize of job (KB)
...
006 (112171411.168.000) 05/03 18:19:15 Image size of job updated: 9421108
	9125  -  MemoryUsage of job (MB)
	9343056  -  ResidentSetSize of job (KB)
...
006 (112171411.168.000) 05/03 18:24:16 Image size of job updated: 9875372
	9568  -  MemoryUsage of job (MB)
	9797320  -  ResidentSetSize of job (KB)
...
006 (112171411.168.000) 05/03 18:29:18 Image size of job updated: 10192352
	9878  -  MemoryUsage of job (MB)
	10114300  -  ResidentSetSize of job (KB)
...
006 (112171411.168.000) 05/03 18:34:16 Image size of job updated: 10527224
	10205  -  MemoryUsage of job (MB)
	10449172  -  ResidentSetSize of job (KB)
...
006 (112171411.168.000) 05/03 18:39:16 Image size of job updated: 10927068
	10595  -  MemoryUsage of job (MB)
	10849016  -  ResidentSetSize of job (KB)
...
006 (112171411.168.000) 05/03 18:44:16 Image size of job updated: 11198044
	10860  -  MemoryUsage of job (MB)
	11119992  -  ResidentSetSize of job (KB)
...
006 (112171411.168.000) 05/03 18:49:16 Image size of job updated: 11572192
	11225  -  MemoryUsage of job (MB)
	11494140  -  ResidentSetSize of job (KB)
...
006 (112171411.168.000) 05/03 18:54:17 Image size of job updated: 12198008
	11836  -  MemoryUsage of job (MB)
	12119956  -  ResidentSetSize of job (KB)
...
006 (112171411.168.000) 05/03 18:59:19 Image size of job updated: 12669688
	12297  -  MemoryUsage of job (MB)
	12591636  -  ResidentSetSize of job (KB)
...
006 (112171411.168.000) 05/03 19:04:19 Image size of job updated: 13244256
	12858  -  MemoryUsage of job (MB)
	13166204  -  ResidentSetSize of job (KB)
...
006 (112171411.168.000) 05/03 19:09:20 Image size of job updated: 13826532
	13427  -  MemoryUsage of job (MB)
	13748480  -  ResidentSetSize of job (KB)
...
006 (112171411.168.000) 05/03 19:14:21 Image size of job updated: 14398820
	13986  -  MemoryUsage of job (MB)
	14320768  -  ResidentSetSize of job (KB)
...
006 (112171411.168.000) 05/03 19:19:21 Image size of job updated: 14948512
	14522  -  MemoryUsage of job (MB)
	14870460  -  ResidentSetSize of job (KB)
...
006 (112171411.168.000) 05/03 19:24:20 Image size of job updated: 15513368
	15074  -  MemoryUsage of job (MB)
	15435316  -  ResidentSetSize of job (KB)
...
006 (112171411.168.000) 05/03 19:29:20 Image size of job updated: 16039624
	15588  -  MemoryUsage of job (MB)
	15961372  -  ResidentSetSize of job (KB)
...
006 (112171411.168.000) 05/03 19:34:22 Image size of job updated: 16559528
	16095  -  MemoryUsage of job (MB)
	16480508  -  ResidentSetSize of job (KB)
...
006 (112171411.168.000) 05/03 19:39:21 Image size of job updated: 17140132
	16661  -  MemoryUsage of job (MB)
	17060416  -  ResidentSetSize of job (KB)
...
006 (112171411.168.000) 05/03 19:44:22 Image size of job updated: 17517912
	17030  -  MemoryUsage of job (MB)
	17438068  -  ResidentSetSize of job (KB)
...
006 (112171411.168.000) 05/03 19:49:23 Image size of job updated: 17796932
	17301  -  MemoryUsage of job (MB)
	17716084  -  ResidentSetSize of job (KB)
...
006 (112171411.168.000) 05/03 19:54:23 Image size of job updated: 18334996
	17822  -  MemoryUsage of job (MB)
	18248740  -  ResidentSetSize of job (KB)
...
006 (112171411.168.000) 05/03 19:59:24 Image size of job updated: 18821500
	18286  -  MemoryUsage of job (MB)
	18724404  -  ResidentSetSize of job (KB)
...
006 (112171411.168.000) 05/03 20:04:25 Image size of job updated: 19352308
	18790  -  MemoryUsage of job (MB)
	19240544  -  ResidentSetSize of job (KB)
...
006 (112171411.168.000) 05/03 20:09:25 Image size of job updated: 19934948
	19330  -  MemoryUsage of job (MB)
	19793456  -  ResidentSetSize of job (KB)
...
006 (112171411.168.000) 05/03 20:14:26 Image size of job updated: 20363160
	19701  -  MemoryUsage of job (MB)
	20173580  -  ResidentSetSize of job (KB)
...
006 (112171411.168.000) 05/03 20:19:27 Image size of job updated: 20875672
	20104  -  MemoryUsage of job (MB)
	20585728  -  ResidentSetSize of job (KB)
...
006 (112171411.168.000) 05/03 20:24:26 Image size of job updated: 21390596
	20345  -  MemoryUsage of job (MB)
	20833084  -  ResidentSetSize of job (KB)
...
006 (112171411.168.000) 05/03 20:29:26 Image size of job updated: 21684712
	20418  -  MemoryUsage of job (MB)
	20907636  -  ResidentSetSize of job (KB)
...
006 (112171411.168.000) 05/03 20:34:26 Image size of job updated: 21937668
	20437  -  MemoryUsage of job (MB)
	20927380  -  ResidentSetSize of job (KB)
...
006 (112171411.168.000) 05/03 20:39:26 Image size of job updated: 22512200
	20464  -  MemoryUsage of job (MB)
	20954860  -  ResidentSetSize of job (KB)
...
006 (112171411.168.000) 05/03 20:44:27 Image size of job updated: 22954892
	20464  -  MemoryUsage of job (MB)
	20954860  -  ResidentSetSize of job (KB)
...
006 (112171411.168.000) 05/03 20:49:27 Image size of job updated: 23149548
	20464  -  MemoryUsage of job (MB)
	20954860  -  ResidentSetSize of job (KB)
...
006 (112171411.168.000) 05/03 20:50:02 Image size of job updated: 23196076
	20464  -  MemoryUsage of job (MB)
	20954860  -  ResidentSetSize of job (KB)
...
005 (112171411.168.000) 05/03 20:50:04 Job terminated.
	(1) Normal termination (return value 0)
		Usr 0 02:50:19, Sys 0 00:10:29  -  Run Remote Usage
		Usr 0 00:00:00, Sys 0 00:00:00  -  Run Local Usage
		Usr 0 02:50:19, Sys 0 00:10:29  -  Total Remote Usage
		Usr 0 00:00:00, Sys 0 00:00:00  -  Total Local Usage
	24658240  -  Run Bytes Sent By Job
	1780307328  -  Run Bytes Received By Job
	24658240  -  Total Bytes Sent By Job
	1780307328  -  Total Bytes Received By Job
	Partitionable Resources :      Usage  Request Allocated 
	   Cpus                 :       0.55        1         1 
	   Disk (KB)            : 6853832    20971520  21225114 
	   Ioheavy              :                             0 
	   Memory (MB)          :   20464       20480     20480 
...
