000 (112171411.194.000) 05/03 11:53:31 Job submitted from host: <128.104.100.44:9618?addrs=128.104.100.44-9618+[2607-f388-107c-501-90e2-baff-fe2c-2724]-9618&noUDP&sock=4699_0235_3>
...
001 (112171411.194.000) 05/03 17:11:38 Job executing on host: <128.105.245.210:9618?addrs=128.105.245.210-9618&noUDP&sock=5438_981b_29>
...
006 (112171411.194.000) 05/03 17:11:47 Image size of job updated: 620
	1  -  MemoryUsage of job (MB)
	620  -  ResidentSetSize of job (KB)
...
006 (112171411.194.000) 05/03 17:16:49 Image size of job updated: 660
	1  -  MemoryUsage of job (MB)
	660  -  ResidentSetSize of job (KB)
...
006 (112171411.194.000) 05/03 17:21:49 Image size of job updated: 529968
	442  -  MemoryUsage of job (MB)
	451972  -  ResidentSetSize of job (KB)
...
006 (112171411.194.000) 05/03 17:26:50 Image size of job updated: 870160
	774  -  MemoryUsage of job (MB)
	792108  -  ResidentSetSize of job (KB)
...
006 (112171411.194.000) 05/03 17:31:50 Image size of job updated: 1244944
	1140  -  MemoryUsage of job (MB)
	1166892  -  ResidentSetSize of job (KB)
...
006 (112171411.194.000) 05/03 17:36:50 Image size of job updated: 1623024
	1509  -  MemoryUsage of job (MB)
	1544972  -  ResidentSetSize of job (KB)
...
006 (112171411.194.000) 05/03 17:41:52 Image size of job updated: 2078896
	1954  -  MemoryUsage of job (MB)
	2000844  -  ResidentSetSize of job (KB)
...
006 (112171411.194.000) 05/03 17:46:51 Image size of job updated: 2692896
	2554  -  MemoryUsage of job (MB)
	2614844  -  ResidentSetSize of job (KB)
...
006 (112171411.194.000) 05/03 17:51:52 Image size of job updated: 3359444
	3205  -  MemoryUsage of job (MB)
	3281392  -  ResidentSetSize of job (KB)
...
006 (112171411.194.000) 05/03 17:56:53 Image size of job updated: 4164008
	3991  -  MemoryUsage of job (MB)
	4085956  -  ResidentSetSize of job (KB)
...
006 (112171411.194.000) 05/03 18:01:53 Image size of job updated: 4835984
	4647  -  MemoryUsage of job (MB)
	4757932  -  ResidentSetSize of job (KB)
...
006 (112171411.194.000) 05/03 18:06:54 Image size of job updated: 5525852
	5321  -  MemoryUsage of job (MB)
	5447800  -  ResidentSetSize of job (KB)
...
006 (112171411.194.000) 05/03 18:11:54 Image size of job updated: 6237944
	6016  -  MemoryUsage of job (MB)
	6159892  -  ResidentSetSize of job (KB)
...
006 (112171411.194.000) 05/03 18:16:55 Image size of job updated: 7063048
	6822  -  MemoryUsage of job (MB)
	6984996  -  ResidentSetSize of job (KB)
...
006 (112171411.194.000) 05/03 18:21:56 Image size of job updated: 7697640
	7442  -  MemoryUsage of job (MB)
	7619588  -  ResidentSetSize of job (KB)
...
006 (112171411.194.000) 05/03 18:26:57 Image size of job updated: 8292084
	8022  -  MemoryUsage of job (MB)
	8214032  -  ResidentSetSize of job (KB)
...
006 (112171411.194.000) 05/03 18:31:57 Image size of job updated: 8813364
	8531  -  MemoryUsage of job (MB)
	8735312  -  ResidentSetSize of job (KB)
...
006 (112171411.194.000) 05/03 18:36:58 Image size of job updated: 9393692
	9098  -  MemoryUsage of job (MB)
	9315640  -  ResidentSetSize of job (KB)
...
006 (112171411.194.000) 05/03 18:42:01 Image size of job updated: 9963320
	9654  -  MemoryUsage of job (MB)
	9885268  -  ResidentSetSize of job (KB)
...
006 (112171411.194.000) 05/03 18:46:59 Image size of job updated: 10365536
	10047  -  MemoryUsage of job (MB)
	10287484  -  ResidentSetSize of job (KB)
...
006 (112171411.194.000) 05/03 18:52:02 Image size of job updated: 10963392
	10631  -  MemoryUsage of job (MB)
	10885340  -  ResidentSetSize of job (KB)
...
006 (112171411.194.000) 05/03 18:57:01 Image size of job updated: 11669264
	11320  -  MemoryUsage of job (MB)
	11591212  -  ResidentSetSize of job (KB)
...
006 (112171411.194.000) 05/03 19:02:01 Image size of job updated: 12267064
	11904  -  MemoryUsage of job (MB)
	12189012  -  ResidentSetSize of job (KB)
...
006 (112171411.194.000) 05/03 19:07:02 Image size of job updated: 12921532
	12543  -  MemoryUsage of job (MB)
	12843480  -  ResidentSetSize of job (KB)
...
006 (112171411.194.000) 05/03 19:12:04 Image size of job updated: 13490896
	13099  -  MemoryUsage of job (MB)
	13412844  -  ResidentSetSize of job (KB)
...
006 (112171411.194.000) 05/03 19:17:04 Image size of job updated: 14072380
	13667  -  MemoryUsage of job (MB)
	13994328  -  ResidentSetSize of job (KB)
...
006 (112171411.194.000) 05/03 19:22:04 Image size of job updated: 14771624
	14350  -  MemoryUsage of job (MB)
	14693572  -  ResidentSetSize of job (KB)
...
006 (112171411.194.000) 05/03 19:27:05 Image size of job updated: 15402768
	14966  -  MemoryUsage of job (MB)
	15324716  -  ResidentSetSize of job (KB)
...
006 (112171411.194.000) 05/03 19:32:06 Image size of job updated: 16041952
	15590  -  MemoryUsage of job (MB)
	15963900  -  ResidentSetSize of job (KB)
...
006 (112171411.194.000) 05/03 19:37:06 Image size of job updated: 16666040
	16200  -  MemoryUsage of job (MB)
	16587860  -  ResidentSetSize of job (KB)
...
006 (112171411.194.000) 05/03 19:42:08 Image size of job updated: 17195476
	16713  -  MemoryUsage of job (MB)
	17113812  -  ResidentSetSize of job (KB)
...
006 (112171411.194.000) 05/03 19:47:08 Image size of job updated: 17716048
	17215  -  MemoryUsage of job (MB)
	17627904  -  ResidentSetSize of job (KB)
...
006 (112171411.194.000) 05/03 19:52:08 Image size of job updated: 18305660
	17787  -  MemoryUsage of job (MB)
	18213676  -  ResidentSetSize of job (KB)
...
006 (112171411.194.000) 05/03 19:57:09 Image size of job updated: 18939668
	18401  -  MemoryUsage of job (MB)
	18842036  -  ResidentSetSize of job (KB)
...
006 (112171411.194.000) 05/03 20:02:09 Image size of job updated: 19587084
	19025  -  MemoryUsage of job (MB)
	19480636  -  ResidentSetSize of job (KB)
...
006 (112171411.194.000) 05/03 20:07:10 Image size of job updated: 20245228
	19662  -  MemoryUsage of job (MB)
	20132916  -  ResidentSetSize of job (KB)
...
006 (112171411.194.000) 05/03 20:12:11 Image size of job updated: 20904952
	20265  -  MemoryUsage of job (MB)
	20751272  -  ResidentSetSize of job (KB)
...
006 (112171411.194.000) 05/03 20:17:11 Image size of job updated: 21262032
	20434  -  MemoryUsage of job (MB)
	20923792  -  ResidentSetSize of job (KB)
...
006 (112171411.194.000) 05/03 20:22:12 Image size of job updated: 21627044
	20435  -  MemoryUsage of job (MB)
	20924484  -  ResidentSetSize of job (KB)
...
006 (112171411.194.000) 05/03 20:27:12 Image size of job updated: 22200888
	20443  -  MemoryUsage of job (MB)
	20933400  -  ResidentSetSize of job (KB)
...
006 (112171411.194.000) 05/03 20:32:13 Image size of job updated: 22643320
	20443  -  MemoryUsage of job (MB)
	20933400  -  ResidentSetSize of job (KB)
...
005 (112171411.194.000) 05/03 20:36:31 Job terminated.
	(1) Normal termination (return value 0)
		Usr 0 02:44:13, Sys 0 00:06:14  -  Run Remote Usage
		Usr 0 00:00:00, Sys 0 00:00:00  -  Run Local Usage
		Usr 0 02:44:13, Sys 0 00:06:14  -  Total Remote Usage
		Usr 0 00:00:00, Sys 0 00:00:00  -  Total Local Usage
	24475918  -  Run Bytes Sent By Job
	1780307328  -  Run Bytes Received By Job
	24475918  -  Total Bytes Sent By Job
	1780307328  -  Total Bytes Received By Job
	Partitionable Resources :      Usage  Request Allocated 
	   Cpus                 :       0.99        1         1 
	   Disk (KB)            : 6853655    20971520  21015075 
	   Ioheavy              :                             0 
	   Memory (MB)          :   20443       20480     20480 
...
