000 (111472063.188.000) 04/24 11:52:22 Job submitted from host: <128.104.100.44:9618?addrs=128.104.100.44-9618+[2607-f388-107c-501-90e2-baff-fe2c-2724]-9618&noUDP&sock=4699_0235_3>
...
001 (111472063.188.000) 04/24 23:00:44 Job executing on host: <128.105.245.197:9618?addrs=128.105.245.197-9618&noUDP&sock=5434_d9ba_27>
...
006 (111472063.188.000) 04/24 23:00:52 Image size of job updated: 624
	1  -  MemoryUsage of job (MB)
	624  -  ResidentSetSize of job (KB)
...
006 (111472063.188.000) 04/24 23:05:54 Image size of job updated: 383828
	299  -  MemoryUsage of job (MB)
	305832  -  ResidentSetSize of job (KB)
...
006 (111472063.188.000) 04/24 23:10:54 Image size of job updated: 738772
	646  -  MemoryUsage of job (MB)
	660776  -  ResidentSetSize of job (KB)
...
006 (111472063.188.000) 04/24 23:15:55 Image size of job updated: 1097092
	996  -  MemoryUsage of job (MB)
	1019040  -  ResidentSetSize of job (KB)
...
006 (111472063.188.000) 04/24 23:20:56 Image size of job updated: 1615148
	1502  -  MemoryUsage of job (MB)
	1537096  -  ResidentSetSize of job (KB)
...
006 (111472063.188.000) 04/24 23:25:58 Image size of job updated: 2201840
	2075  -  MemoryUsage of job (MB)
	2123788  -  ResidentSetSize of job (KB)
...
006 (111472063.188.000) 04/24 23:30:58 Image size of job updated: 2795320
	2654  -  MemoryUsage of job (MB)
	2717268  -  ResidentSetSize of job (KB)
...
006 (111472063.188.000) 04/24 23:35:58 Image size of job updated: 3587900
	3428  -  MemoryUsage of job (MB)
	3509848  -  ResidentSetSize of job (KB)
...
006 (111472063.188.000) 04/24 23:40:59 Image size of job updated: 4354960
	4177  -  MemoryUsage of job (MB)
	4276908  -  ResidentSetSize of job (KB)
...
006 (111472063.188.000) 04/24 23:45:59 Image size of job updated: 4988552
	4796  -  MemoryUsage of job (MB)
	4910500  -  ResidentSetSize of job (KB)
...
006 (111472063.188.000) 04/24 23:51:00 Image size of job updated: 5734508
	5524  -  MemoryUsage of job (MB)
	5656456  -  ResidentSetSize of job (KB)
...
006 (111472063.188.000) 04/24 23:56:00 Image size of job updated: 6506868
	6279  -  MemoryUsage of job (MB)
	6428816  -  ResidentSetSize of job (KB)
...
006 (111472063.188.000) 04/25 00:01:00 Image size of job updated: 7325976
	7079  -  MemoryUsage of job (MB)
	7247924  -  ResidentSetSize of job (KB)
...
006 (111472063.188.000) 04/25 00:06:01 Image size of job updated: 8249304
	7980  -  MemoryUsage of job (MB)
	8171252  -  ResidentSetSize of job (KB)
...
006 (111472063.188.000) 04/25 00:11:02 Image size of job updated: 8899256
	8615  -  MemoryUsage of job (MB)
	8821204  -  ResidentSetSize of job (KB)
...
006 (111472063.188.000) 04/25 00:16:02 Image size of job updated: 9706796
	9404  -  MemoryUsage of job (MB)
	9628744  -  ResidentSetSize of job (KB)
...
006 (111472063.188.000) 04/25 00:21:02 Image size of job updated: 10401388
	10082  -  MemoryUsage of job (MB)
	10323336  -  ResidentSetSize of job (KB)
...
006 (111472063.188.000) 04/25 00:26:03 Image size of job updated: 11082788
	10747  -  MemoryUsage of job (MB)
	11004736  -  ResidentSetSize of job (KB)
...
006 (111472063.188.000) 04/25 00:31:04 Image size of job updated: 11768164
	11417  -  MemoryUsage of job (MB)
	11690112  -  ResidentSetSize of job (KB)
...
006 (111472063.188.000) 04/25 00:36:04 Image size of job updated: 12513272
	12144  -  MemoryUsage of job (MB)
	12435220  -  ResidentSetSize of job (KB)
...
006 (111472063.188.000) 04/25 00:41:03 Image size of job updated: 13164960
	12781  -  MemoryUsage of job (MB)
	13086908  -  ResidentSetSize of job (KB)
...
006 (111472063.188.000) 04/25 00:46:04 Image size of job updated: 13863220
	13463  -  MemoryUsage of job (MB)
	13785168  -  ResidentSetSize of job (KB)
...
006 (111472063.188.000) 04/25 00:51:04 Image size of job updated: 14601036
	14183  -  MemoryUsage of job (MB)
	14522984  -  ResidentSetSize of job (KB)
...
006 (111472063.188.000) 04/25 00:56:04 Image size of job updated: 15207988
	14776  -  MemoryUsage of job (MB)
	15129936  -  ResidentSetSize of job (KB)
...
006 (111472063.188.000) 04/25 01:01:04 Image size of job updated: 15956984
	15507  -  MemoryUsage of job (MB)
	15878804  -  ResidentSetSize of job (KB)
...
006 (111472063.188.000) 04/25 01:06:06 Image size of job updated: 16440496
	15979  -  MemoryUsage of job (MB)
	16361496  -  ResidentSetSize of job (KB)
...
006 (111472063.188.000) 04/25 01:11:06 Image size of job updated: 17056036
	16579  -  MemoryUsage of job (MB)
	16976292  -  ResidentSetSize of job (KB)
...
006 (111472063.188.000) 04/25 01:16:08 Image size of job updated: 17594116
	17103  -  MemoryUsage of job (MB)
	17513112  -  ResidentSetSize of job (KB)
...
006 (111472063.188.000) 04/25 01:21:08 Image size of job updated: 18013280
	17502  -  MemoryUsage of job (MB)
	17921828  -  ResidentSetSize of job (KB)
...
006 (111472063.188.000) 04/25 01:26:08 Image size of job updated: 18352088
	17824  -  MemoryUsage of job (MB)
	18250868  -  ResidentSetSize of job (KB)
...
006 (111472063.188.000) 04/25 01:31:09 Image size of job updated: 18738496
	18194  -  MemoryUsage of job (MB)
	18629688  -  ResidentSetSize of job (KB)
...
006 (111472063.188.000) 04/25 01:36:10 Image size of job updated: 19148312
	18582  -  MemoryUsage of job (MB)
	19027820  -  ResidentSetSize of job (KB)
...
006 (111472063.188.000) 04/25 01:41:10 Image size of job updated: 19764516
	19144  -  MemoryUsage of job (MB)
	19602660  -  ResidentSetSize of job (KB)
...
006 (111472063.188.000) 04/25 01:46:10 Image size of job updated: 20231532
	19544  -  MemoryUsage of job (MB)
	20012628  -  ResidentSetSize of job (KB)
...
006 (111472063.188.000) 04/25 01:51:11 Image size of job updated: 20456208
	19731  -  MemoryUsage of job (MB)
	20204200  -  ResidentSetSize of job (KB)
...
006 (111472063.188.000) 04/25 01:56:12 Image size of job updated: 20877268
	20012  -  MemoryUsage of job (MB)
	20492116  -  ResidentSetSize of job (KB)
...
006 (111472063.188.000) 04/25 02:01:14 Image size of job updated: 21246060
	20228  -  MemoryUsage of job (MB)
	20712948  -  ResidentSetSize of job (KB)
...
006 (111472063.188.000) 04/25 02:06:14 Image size of job updated: 21614828
	20363  -  MemoryUsage of job (MB)
	20851088  -  ResidentSetSize of job (KB)
...
006 (111472063.188.000) 04/25 02:11:14 Image size of job updated: 22118552
	20442  -  MemoryUsage of job (MB)
	20931748  -  ResidentSetSize of job (KB)
...
006 (111472063.188.000) 04/25 02:16:15 Image size of job updated: 22647720
	20442  -  MemoryUsage of job (MB)
	20931748  -  ResidentSetSize of job (KB)
...
005 (111472063.188.000) 04/25 02:19:42 Job terminated.
	(1) Normal termination (return value 0)
		Usr 0 02:25:47, Sys 0 00:02:58  -  Run Remote Usage
		Usr 0 00:00:00, Sys 0 00:00:00  -  Run Local Usage
		Usr 0 02:25:47, Sys 0 00:02:58  -  Total Remote Usage
		Usr 0 00:00:00, Sys 0 00:00:00  -  Total Local Usage
	24487632  -  Run Bytes Sent By Job
	1780295552  -  Run Bytes Received By Job
	24487632  -  Total Bytes Sent By Job
	1780295552  -  Total Bytes Received By Job
	Partitionable Resources :      Usage  Request Allocated 
	   Cpus                 :       0.39        1         1 
	   Disk (KB)            : 6853644    20971520  21176727 
	   Ioheavy              :                             0 
	   Memory (MB)          :   20442       20480     20480 
...
