000 (112070732.168.000) 05/02 11:03:03 Job submitted from host: <128.104.100.44:9618?addrs=128.104.100.44-9618+[2607-f388-107c-501-90e2-baff-fe2c-2724]-9618&noUDP&sock=4699_0235_3>
...
001 (112070732.168.000) 05/03 02:20:17 Job executing on host: <128.105.245.160:9618?addrs=128.105.245.160-9618&noUDP&sock=5483_75de_3>
...
006 (112070732.168.000) 05/03 02:20:25 Image size of job updated: 620
	1  -  MemoryUsage of job (MB)
	620  -  ResidentSetSize of job (KB)
...
006 (112070732.168.000) 05/03 02:25:26 Image size of job updated: 652
	1  -  MemoryUsage of job (MB)
	652  -  ResidentSetSize of job (KB)
...
006 (112070732.168.000) 05/03 02:30:27 Image size of job updated: 412376
	327  -  MemoryUsage of job (MB)
	334380  -  ResidentSetSize of job (KB)
...
006 (112070732.168.000) 05/03 02:35:28 Image size of job updated: 748104
	655  -  MemoryUsage of job (MB)
	670100  -  ResidentSetSize of job (KB)
...
006 (112070732.168.000) 05/03 02:40:29 Image size of job updated: 1155584
	1053  -  MemoryUsage of job (MB)
	1077532  -  ResidentSetSize of job (KB)
...
006 (112070732.168.000) 05/03 02:45:30 Image size of job updated: 1712660
	1597  -  MemoryUsage of job (MB)
	1634608  -  ResidentSetSize of job (KB)
...
006 (112070732.168.000) 05/03 02:50:30 Image size of job updated: 2443916
	2311  -  MemoryUsage of job (MB)
	2365864  -  ResidentSetSize of job (KB)
...
006 (112070732.168.000) 05/03 02:55:30 Image size of job updated: 3160812
	3011  -  MemoryUsage of job (MB)
	3082760  -  ResidentSetSize of job (KB)
...
006 (112070732.168.000) 05/03 03:00:31 Image size of job updated: 3955120
	3787  -  MemoryUsage of job (MB)
	3877068  -  ResidentSetSize of job (KB)
...
006 (112070732.168.000) 05/03 03:05:32 Image size of job updated: 4891288
	4701  -  MemoryUsage of job (MB)
	4813236  -  ResidentSetSize of job (KB)
...
006 (112070732.168.000) 05/03 03:10:32 Image size of job updated: 5788580
	5577  -  MemoryUsage of job (MB)
	5710528  -  ResidentSetSize of job (KB)
...
006 (112070732.168.000) 05/03 03:15:32 Image size of job updated: 6663264
	6431  -  MemoryUsage of job (MB)
	6585212  -  ResidentSetSize of job (KB)
...
006 (112070732.168.000) 05/03 03:20:32 Image size of job updated: 7481472
	7230  -  MemoryUsage of job (MB)
	7403420  -  ResidentSetSize of job (KB)
...
006 (112070732.168.000) 05/03 03:25:32 Image size of job updated: 8333380
	8062  -  MemoryUsage of job (MB)
	8255328  -  ResidentSetSize of job (KB)
...
006 (112070732.168.000) 05/03 03:30:33 Image size of job updated: 9130644
	8841  -  MemoryUsage of job (MB)
	9052592  -  ResidentSetSize of job (KB)
...
006 (112070732.168.000) 05/03 03:35:34 Image size of job updated: 9861780
	9555  -  MemoryUsage of job (MB)
	9783728  -  ResidentSetSize of job (KB)
...
006 (112070732.168.000) 05/03 03:40:35 Image size of job updated: 10524480
	10202  -  MemoryUsage of job (MB)
	10446428  -  ResidentSetSize of job (KB)
...
006 (112070732.168.000) 05/03 03:45:35 Image size of job updated: 11149808
	10813  -  MemoryUsage of job (MB)
	11071756  -  ResidentSetSize of job (KB)
...
006 (112070732.168.000) 05/03 03:50:35 Image size of job updated: 11718188
	11368  -  MemoryUsage of job (MB)
	11640136  -  ResidentSetSize of job (KB)
...
006 (112070732.168.000) 05/03 03:55:36 Image size of job updated: 12370588
	12005  -  MemoryUsage of job (MB)
	12292536  -  ResidentSetSize of job (KB)
...
006 (112070732.168.000) 05/03 04:00:36 Image size of job updated: 13114728
	12732  -  MemoryUsage of job (MB)
	13036676  -  ResidentSetSize of job (KB)
...
006 (112070732.168.000) 05/03 04:05:36 Image size of job updated: 13855592
	13455  -  MemoryUsage of job (MB)
	13777540  -  ResidentSetSize of job (KB)
...
006 (112070732.168.000) 05/03 04:10:36 Image size of job updated: 14565776
	14149  -  MemoryUsage of job (MB)
	14487724  -  ResidentSetSize of job (KB)
...
006 (112070732.168.000) 05/03 04:15:38 Image size of job updated: 15235476
	14803  -  MemoryUsage of job (MB)
	15157296  -  ResidentSetSize of job (KB)
...
006 (112070732.168.000) 05/03 04:20:38 Image size of job updated: 15968016
	15516  -  MemoryUsage of job (MB)
	15887896  -  ResidentSetSize of job (KB)
...
006 (112070732.168.000) 05/03 04:25:38 Image size of job updated: 16610596
	16132  -  MemoryUsage of job (MB)
	16518996  -  ResidentSetSize of job (KB)
...
006 (112070732.168.000) 05/03 04:30:38 Image size of job updated: 17378412
	16869  -  MemoryUsage of job (MB)
	17273392  -  ResidentSetSize of job (KB)
...
006 (112070732.168.000) 05/03 04:35:39 Image size of job updated: 18154140
	17621  -  MemoryUsage of job (MB)
	18043244  -  ResidentSetSize of job (KB)
...
006 (112070732.168.000) 05/03 04:40:41 Image size of job updated: 18787964
	18224  -  MemoryUsage of job (MB)
	18660908  -  ResidentSetSize of job (KB)
...
006 (112070732.168.000) 05/03 04:45:41 Image size of job updated: 19311276
	18721  -  MemoryUsage of job (MB)
	19169452  -  ResidentSetSize of job (KB)
...
006 (112070732.168.000) 05/03 04:50:41 Image size of job updated: 19897764
	19261  -  MemoryUsage of job (MB)
	19722924  -  ResidentSetSize of job (KB)
...
006 (112070732.168.000) 05/03 04:55:42 Image size of job updated: 20455236
	19761  -  MemoryUsage of job (MB)
	20234848  -  ResidentSetSize of job (KB)
...
006 (112070732.168.000) 05/03 05:00:42 Image size of job updated: 21092888
	20340  -  MemoryUsage of job (MB)
	20828068  -  ResidentSetSize of job (KB)
...
006 (112070732.168.000) 05/03 05:05:42 Image size of job updated: 21466484
	20412  -  MemoryUsage of job (MB)
	20901276  -  ResidentSetSize of job (KB)
...
006 (112070732.168.000) 05/03 05:10:42 Image size of job updated: 22093008
	20462  -  MemoryUsage of job (MB)
	20952304  -  ResidentSetSize of job (KB)
...
006 (112070732.168.000) 05/03 05:15:43 Image size of job updated: 22603700
	20462  -  MemoryUsage of job (MB)
	20952304  -  ResidentSetSize of job (KB)
...
006 (112070732.168.000) 05/03 05:20:45 Image size of job updated: 22863620
	20462  -  MemoryUsage of job (MB)
	20952304  -  ResidentSetSize of job (KB)
...
006 (112070732.168.000) 05/03 05:25:45 Image size of job updated: 23001264
	20462  -  MemoryUsage of job (MB)
	20952964  -  ResidentSetSize of job (KB)
...
006 (112070732.168.000) 05/03 05:27:59 Image size of job updated: 23101020
	20462  -  MemoryUsage of job (MB)
	20952964  -  ResidentSetSize of job (KB)
...
005 (112070732.168.000) 05/03 05:28:01 Job terminated.
	(1) Normal termination (return value 0)
		Usr 0 02:27:02, Sys 0 00:03:08  -  Run Remote Usage
		Usr 0 00:00:00, Sys 0 00:00:00  -  Run Local Usage
		Usr 0 02:27:02, Sys 0 00:03:08  -  Total Remote Usage
		Usr 0 00:00:00, Sys 0 00:00:00  -  Total Local Usage
	24686148  -  Run Bytes Sent By Job
	1780306816  -  Run Bytes Received By Job
	24686148  -  Total Bytes Sent By Job
	1780306816  -  Total Bytes Received By Job
	Partitionable Resources :      Usage  Request Allocated 
	   Cpus                 :       0.10        1         1 
	   Disk (KB)            : 6853860    20971520  21358937 
	   Ioheavy              :                             0 
	   Memory (MB)          :   20462       20480     20480 
...
