000 (112045375.143.000) 05/01 17:45:20 Job submitted from host: <128.104.100.44:9618?addrs=128.104.100.44-9618+[2607-f388-107c-501-90e2-baff-fe2c-2724]-9618&noUDP&sock=4699_0235_3>
...
001 (112045375.143.000) 05/02 00:24:56 Job executing on host: <128.105.245.180:9618?addrs=128.105.245.180-9618&noUDP&sock=5446_14dd_3>
...
006 (112045375.143.000) 05/02 00:25:04 Image size of job updated: 620
	1  -  MemoryUsage of job (MB)
	620  -  ResidentSetSize of job (KB)
...
006 (112045375.143.000) 05/02 00:30:05 Image size of job updated: 632
	1  -  MemoryUsage of job (MB)
	632  -  ResidentSetSize of job (KB)
...
006 (112045375.143.000) 05/02 00:35:06 Image size of job updated: 668
	1  -  MemoryUsage of job (MB)
	668  -  ResidentSetSize of job (KB)
...
006 (112045375.143.000) 05/02 00:40:09 Image size of job updated: 523876
	436  -  MemoryUsage of job (MB)
	445880  -  ResidentSetSize of job (KB)
...
006 (112045375.143.000) 05/02 00:45:08 Image size of job updated: 895948
	799  -  MemoryUsage of job (MB)
	817896  -  ResidentSetSize of job (KB)
...
006 (112045375.143.000) 05/02 00:50:08 Image size of job updated: 1338740
	1232  -  MemoryUsage of job (MB)
	1260688  -  ResidentSetSize of job (KB)
...
006 (112045375.143.000) 05/02 00:55:09 Image size of job updated: 1861020
	1742  -  MemoryUsage of job (MB)
	1782968  -  ResidentSetSize of job (KB)
...
006 (112045375.143.000) 05/02 01:00:10 Image size of job updated: 2280944
	2152  -  MemoryUsage of job (MB)
	2202892  -  ResidentSetSize of job (KB)
...
006 (112045375.143.000) 05/02 01:05:11 Image size of job updated: 2855524
	2713  -  MemoryUsage of job (MB)
	2777472  -  ResidentSetSize of job (KB)
...
006 (112045375.143.000) 05/02 01:10:12 Image size of job updated: 3675448
	3514  -  MemoryUsage of job (MB)
	3597396  -  ResidentSetSize of job (KB)
...
006 (112045375.143.000) 05/02 01:15:12 Image size of job updated: 4443984
	4264  -  MemoryUsage of job (MB)
	4365932  -  ResidentSetSize of job (KB)
...
006 (112045375.143.000) 05/02 01:20:12 Image size of job updated: 5355088
	5154  -  MemoryUsage of job (MB)
	5277036  -  ResidentSetSize of job (KB)
...
006 (112045375.143.000) 05/02 01:25:12 Image size of job updated: 6159508
	5939  -  MemoryUsage of job (MB)
	6081456  -  ResidentSetSize of job (KB)
...
006 (112045375.143.000) 05/02 01:30:13 Image size of job updated: 6972988
	6734  -  MemoryUsage of job (MB)
	6894936  -  ResidentSetSize of job (KB)
...
006 (112045375.143.000) 05/02 01:35:13 Image size of job updated: 7783344
	7525  -  MemoryUsage of job (MB)
	7705292  -  ResidentSetSize of job (KB)
...
006 (112045375.143.000) 05/02 01:40:13 Image size of job updated: 8543628
	8268  -  MemoryUsage of job (MB)
	8465576  -  ResidentSetSize of job (KB)
...
006 (112045375.143.000) 05/02 01:45:13 Image size of job updated: 9278904
	8986  -  MemoryUsage of job (MB)
	9200852  -  ResidentSetSize of job (KB)
...
006 (112045375.143.000) 05/02 01:50:14 Image size of job updated: 10015480
	9705  -  MemoryUsage of job (MB)
	9937428  -  ResidentSetSize of job (KB)
...
006 (112045375.143.000) 05/02 01:55:15 Image size of job updated: 10632616
	10308  -  MemoryUsage of job (MB)
	10554564  -  ResidentSetSize of job (KB)
...
006 (112045375.143.000) 05/02 02:00:16 Image size of job updated: 11272200
	10932  -  MemoryUsage of job (MB)
	11194148  -  ResidentSetSize of job (KB)
...
006 (112045375.143.000) 05/02 02:05:16 Image size of job updated: 11872776
	11519  -  MemoryUsage of job (MB)
	11794724  -  ResidentSetSize of job (KB)
...
006 (112045375.143.000) 05/02 02:10:16 Image size of job updated: 12486792
	12118  -  MemoryUsage of job (MB)
	12408740  -  ResidentSetSize of job (KB)
...
006 (112045375.143.000) 05/02 02:15:17 Image size of job updated: 13138416
	12755  -  MemoryUsage of job (MB)
	13060364  -  ResidentSetSize of job (KB)
...
006 (112045375.143.000) 05/02 02:20:18 Image size of job updated: 13783964
	13385  -  MemoryUsage of job (MB)
	13705912  -  ResidentSetSize of job (KB)
...
006 (112045375.143.000) 05/02 02:25:19 Image size of job updated: 14484328
	14069  -  MemoryUsage of job (MB)
	14406276  -  ResidentSetSize of job (KB)
...
006 (112045375.143.000) 05/02 02:30:19 Image size of job updated: 15136792
	14706  -  MemoryUsage of job (MB)
	15058528  -  ResidentSetSize of job (KB)
...
006 (112045375.143.000) 05/02 02:35:20 Image size of job updated: 15866244
	15412  -  MemoryUsage of job (MB)
	15781584  -  ResidentSetSize of job (KB)
...
006 (112045375.143.000) 05/02 02:40:22 Image size of job updated: 16400912
	15933  -  MemoryUsage of job (MB)
	16315084  -  ResidentSetSize of job (KB)
...
006 (112045375.143.000) 05/02 02:45:22 Image size of job updated: 16976132
	16490  -  MemoryUsage of job (MB)
	16885420  -  ResidentSetSize of job (KB)
...
006 (112045375.143.000) 05/02 02:50:22 Image size of job updated: 17727732
	17214  -  MemoryUsage of job (MB)
	17626764  -  ResidentSetSize of job (KB)
...
006 (112045375.143.000) 05/02 02:55:24 Image size of job updated: 18451676
	17903  -  MemoryUsage of job (MB)
	18332044  -  ResidentSetSize of job (KB)
...
006 (112045375.143.000) 05/02 03:00:24 Image size of job updated: 19247824
	18653  -  MemoryUsage of job (MB)
	19100048  -  ResidentSetSize of job (KB)
...
006 (112045375.143.000) 05/02 03:05:24 Image size of job updated: 19974272
	19326  -  MemoryUsage of job (MB)
	19788908  -  ResidentSetSize of job (KB)
...
006 (112045375.143.000) 05/02 03:10:26 Image size of job updated: 20695588
	19921  -  MemoryUsage of job (MB)
	20398884  -  ResidentSetSize of job (KB)
...
006 (112045375.143.000) 05/02 03:15:26 Image size of job updated: 21432756
	20354  -  MemoryUsage of job (MB)
	20842256  -  ResidentSetSize of job (KB)
...
006 (112045375.143.000) 05/02 03:20:26 Image size of job updated: 22032336
	20441  -  MemoryUsage of job (MB)
	20931524  -  ResidentSetSize of job (KB)
...
006 (112045375.143.000) 05/02 03:25:27 Image size of job updated: 22702284
	20447  -  MemoryUsage of job (MB)
	20937164  -  ResidentSetSize of job (KB)
...
006 (112045375.143.000) 05/02 03:30:28 Image size of job updated: 23076840
	20447  -  MemoryUsage of job (MB)
	20937164  -  ResidentSetSize of job (KB)
...
006 (112045375.143.000) 05/02 03:33:25 Image size of job updated: 23228076
	20447  -  MemoryUsage of job (MB)
	20937164  -  ResidentSetSize of job (KB)
...
005 (112045375.143.000) 05/02 03:33:27 Job terminated.
	(1) Normal termination (return value 0)
		Usr 0 02:34:12, Sys 0 00:02:26  -  Run Remote Usage
		Usr 0 00:00:00, Sys 0 00:00:00  -  Run Local Usage
		Usr 0 02:34:12, Sys 0 00:02:26  -  Total Remote Usage
		Usr 0 00:00:00, Sys 0 00:00:00  -  Total Local Usage
	24944112  -  Run Bytes Sent By Job
	1780295168  -  Run Bytes Received By Job
	24944112  -  Total Bytes Sent By Job
	1780295168  -  Total Bytes Received By Job
	Partitionable Resources :      Usage  Request Allocated 
	   Cpus                 :       0.11        1         1 
	   Disk (KB)            : 6854088    20971520  21272029 
	   Ioheavy              :                             0 
	   Memory (MB)          :   20447       20480     20480 
...
