000 (112045375.124.000) 05/01 17:45:20 Job submitted from host: <128.104.100.44:9618?addrs=128.104.100.44-9618+[2607-f388-107c-501-90e2-baff-fe2c-2724]-9618&noUDP&sock=4699_0235_3>
...
001 (112045375.124.000) 05/02 00:13:30 Job executing on host: <128.105.245.167:9618?addrs=128.105.245.167-9618&noUDP&sock=5445_6544_7>
...
006 (112045375.124.000) 05/02 00:13:38 Image size of job updated: 632
	1  -  MemoryUsage of job (MB)
	632  -  ResidentSetSize of job (KB)
...
006 (112045375.124.000) 05/02 00:18:40 Image size of job updated: 656
	1  -  MemoryUsage of job (MB)
	656  -  ResidentSetSize of job (KB)
...
006 (112045375.124.000) 05/02 00:23:41 Image size of job updated: 189076
	112  -  MemoryUsage of job (MB)
	114128  -  ResidentSetSize of job (KB)
...
006 (112045375.124.000) 05/02 00:28:41 Image size of job updated: 488120
	401  -  MemoryUsage of job (MB)
	410124  -  ResidentSetSize of job (KB)
...
006 (112045375.124.000) 05/02 00:33:41 Image size of job updated: 852264
	757  -  MemoryUsage of job (MB)
	774212  -  ResidentSetSize of job (KB)
...
006 (112045375.124.000) 05/02 00:38:42 Image size of job updated: 1296096
	1190  -  MemoryUsage of job (MB)
	1218044  -  ResidentSetSize of job (KB)
...
006 (112045375.124.000) 05/02 00:43:44 Image size of job updated: 1804384
	1686  -  MemoryUsage of job (MB)
	1726332  -  ResidentSetSize of job (KB)
...
006 (112045375.124.000) 05/02 00:48:44 Image size of job updated: 2396972
	2265  -  MemoryUsage of job (MB)
	2318920  -  ResidentSetSize of job (KB)
...
006 (112045375.124.000) 05/02 00:53:44 Image size of job updated: 2861428
	2719  -  MemoryUsage of job (MB)
	2783376  -  ResidentSetSize of job (KB)
...
006 (112045375.124.000) 05/02 00:58:44 Image size of job updated: 3427072
	3271  -  MemoryUsage of job (MB)
	3349020  -  ResidentSetSize of job (KB)
...
006 (112045375.124.000) 05/02 01:03:45 Image size of job updated: 3949944
	3782  -  MemoryUsage of job (MB)
	3871892  -  ResidentSetSize of job (KB)
...
006 (112045375.124.000) 05/02 01:08:46 Image size of job updated: 4474296
	4294  -  MemoryUsage of job (MB)
	4396244  -  ResidentSetSize of job (KB)
...
006 (112045375.124.000) 05/02 01:13:46 Image size of job updated: 5168296
	4971  -  MemoryUsage of job (MB)
	5090244  -  ResidentSetSize of job (KB)
...
006 (112045375.124.000) 05/02 01:18:46 Image size of job updated: 5862124
	5649  -  MemoryUsage of job (MB)
	5784072  -  ResidentSetSize of job (KB)
...
006 (112045375.124.000) 05/02 01:23:46 Image size of job updated: 6401540
	6176  -  MemoryUsage of job (MB)
	6323488  -  ResidentSetSize of job (KB)
...
006 (112045375.124.000) 05/02 01:28:47 Image size of job updated: 7006912
	6767  -  MemoryUsage of job (MB)
	6928860  -  ResidentSetSize of job (KB)
...
006 (112045375.124.000) 05/02 01:33:47 Image size of job updated: 7713156
	7457  -  MemoryUsage of job (MB)
	7635104  -  ResidentSetSize of job (KB)
...
006 (112045375.124.000) 05/02 01:38:47 Image size of job updated: 8274784
	8005  -  MemoryUsage of job (MB)
	8196732  -  ResidentSetSize of job (KB)
...
006 (112045375.124.000) 05/02 01:43:48 Image size of job updated: 8852896
	8570  -  MemoryUsage of job (MB)
	8774844  -  ResidentSetSize of job (KB)
...
006 (112045375.124.000) 05/02 01:48:49 Image size of job updated: 9355704
	9061  -  MemoryUsage of job (MB)
	9277652  -  ResidentSetSize of job (KB)
...
006 (112045375.124.000) 05/02 01:53:49 Image size of job updated: 9857780
	9551  -  MemoryUsage of job (MB)
	9779728  -  ResidentSetSize of job (KB)
...
006 (112045375.124.000) 05/02 01:58:51 Image size of job updated: 10763156
	10435  -  MemoryUsage of job (MB)
	10685104  -  ResidentSetSize of job (KB)
...
006 (112045375.124.000) 05/02 02:03:52 Image size of job updated: 11472400
	11128  -  MemoryUsage of job (MB)
	11394348  -  ResidentSetSize of job (KB)
...
006 (112045375.124.000) 05/02 02:08:52 Image size of job updated: 12136248
	11776  -  MemoryUsage of job (MB)
	12058196  -  ResidentSetSize of job (KB)
...
006 (112045375.124.000) 05/02 02:13:53 Image size of job updated: 12632728
	12261  -  MemoryUsage of job (MB)
	12554676  -  ResidentSetSize of job (KB)
...
006 (112045375.124.000) 05/02 02:18:53 Image size of job updated: 13202196
	12817  -  MemoryUsage of job (MB)
	13124144  -  ResidentSetSize of job (KB)
...
006 (112045375.124.000) 05/02 02:23:54 Image size of job updated: 13831404
	13432  -  MemoryUsage of job (MB)
	13753352  -  ResidentSetSize of job (KB)
...
006 (112045375.124.000) 05/02 02:28:54 Image size of job updated: 14338364
	13927  -  MemoryUsage of job (MB)
	14260312  -  ResidentSetSize of job (KB)
...
006 (112045375.124.000) 05/02 02:33:55 Image size of job updated: 14954344
	14528  -  MemoryUsage of job (MB)
	14876292  -  ResidentSetSize of job (KB)
...
006 (112045375.124.000) 05/02 02:38:56 Image size of job updated: 15450436
	15013  -  MemoryUsage of job (MB)
	15372384  -  ResidentSetSize of job (KB)
...
006 (112045375.124.000) 05/02 02:43:56 Image size of job updated: 15992024
	15541  -  MemoryUsage of job (MB)
	15913844  -  ResidentSetSize of job (KB)
...
006 (112045375.124.000) 05/02 02:48:56 Image size of job updated: 16566392
	16101  -  MemoryUsage of job (MB)
	16487204  -  ResidentSetSize of job (KB)
...
006 (112045375.124.000) 05/02 02:53:57 Image size of job updated: 17116632
	16638  -  MemoryUsage of job (MB)
	17036792  -  ResidentSetSize of job (KB)
...
006 (112045375.124.000) 05/02 02:58:58 Image size of job updated: 17879696
	17382  -  MemoryUsage of job (MB)
	17798612  -  ResidentSetSize of job (KB)
...
006 (112045375.124.000) 05/02 03:03:59 Image size of job updated: 18349196
	17839  -  MemoryUsage of job (MB)
	18267036  -  ResidentSetSize of job (KB)
...
006 (112045375.124.000) 05/02 03:08:59 Image size of job updated: 19149288
	18618  -  MemoryUsage of job (MB)
	19064500  -  ResidentSetSize of job (KB)
...
006 (112045375.124.000) 05/02 03:13:59 Image size of job updated: 19630396
	19077  -  MemoryUsage of job (MB)
	19534012  -  ResidentSetSize of job (KB)
...
006 (112045375.124.000) 05/02 03:19:00 Image size of job updated: 20221588
	19633  -  MemoryUsage of job (MB)
	20103760  -  ResidentSetSize of job (KB)
...
006 (112045375.124.000) 05/02 03:24:01 Image size of job updated: 20652852
	20010  -  MemoryUsage of job (MB)
	20489616  -  ResidentSetSize of job (KB)
...
006 (112045375.124.000) 05/02 03:29:01 Image size of job updated: 21481004
	20449  -  MemoryUsage of job (MB)
	20939156  -  ResidentSetSize of job (KB)
...
006 (112045375.124.000) 05/02 03:34:02 Image size of job updated: 21982388
	20449  -  MemoryUsage of job (MB)
	20939484  -  ResidentSetSize of job (KB)
...
006 (112045375.124.000) 05/02 03:39:02 Image size of job updated: 22625500
	20449  -  MemoryUsage of job (MB)
	20939484  -  ResidentSetSize of job (KB)
...
006 (112045375.124.000) 05/02 03:44:02 Image size of job updated: 23124160
	20449  -  MemoryUsage of job (MB)
	20939484  -  ResidentSetSize of job (KB)
...
006 (112045375.124.000) 05/02 03:44:31 Image size of job updated: 23132540
	20449  -  MemoryUsage of job (MB)
	20939484  -  ResidentSetSize of job (KB)
...
005 (112045375.124.000) 05/02 03:44:33 Job terminated.
	(1) Normal termination (return value 0)
		Usr 0 02:20:22, Sys 0 00:04:54  -  Run Remote Usage
		Usr 0 00:00:00, Sys 0 00:00:00  -  Run Local Usage
		Usr 0 02:20:22, Sys 0 00:04:54  -  Total Remote Usage
		Usr 0 00:00:00, Sys 0 00:00:00  -  Total Local Usage
	24816960  -  Run Bytes Sent By Job
	1780295168  -  Run Bytes Received By Job
	24816960  -  Total Bytes Sent By Job
	1780295168  -  Total Bytes Received By Job
	Partitionable Resources :      Usage  Request Allocated 
	   Cpus                 :       0.54        1         1 
	   Disk (KB)            : 6853964    20971520  21255558 
	   Ioheavy              :                             0 
	   Memory (MB)          :   20449       20480     20480 
...
