000 (112070732.101.000) 05/02 11:03:03 Job submitted from host: <128.104.100.44:9618?addrs=128.104.100.44-9618+[2607-f388-107c-501-90e2-baff-fe2c-2724]-9618&noUDP&sock=4699_0235_3>
...
001 (112070732.101.000) 05/03 01:37:07 Job executing on host: <128.105.245.157:9618?addrs=128.105.245.157-9618&noUDP&sock=5433_2a21_29>
...
006 (112070732.101.000) 05/03 01:37:16 Image size of job updated: 624
	1  -  MemoryUsage of job (MB)
	624  -  ResidentSetSize of job (KB)
...
006 (112070732.101.000) 05/03 01:42:17 Image size of job updated: 632
	1  -  MemoryUsage of job (MB)
	632  -  ResidentSetSize of job (KB)
...
006 (112070732.101.000) 05/03 01:52:35 Image size of job updated: 652
	1  -  MemoryUsage of job (MB)
	652  -  ResidentSetSize of job (KB)
...
006 (112070732.101.000) 05/03 01:57:20 Image size of job updated: 656
	1  -  MemoryUsage of job (MB)
	656  -  ResidentSetSize of job (KB)
...
006 (112070732.101.000) 05/03 02:12:29 Image size of job updated: 664
	1  -  MemoryUsage of job (MB)
	664  -  ResidentSetSize of job (KB)
...
006 (112070732.101.000) 05/03 02:17:22 Image size of job updated: 348572
	265  -  MemoryUsage of job (MB)
	270576  -  ResidentSetSize of job (KB)
...
006 (112070732.101.000) 05/03 02:22:22 Image size of job updated: 759552
	666  -  MemoryUsage of job (MB)
	681556  -  ResidentSetSize of job (KB)
...
006 (112070732.101.000) 05/03 02:27:22 Image size of job updated: 1102312
	1001  -  MemoryUsage of job (MB)
	1024260  -  ResidentSetSize of job (KB)
...
006 (112070732.101.000) 05/03 02:32:23 Image size of job updated: 1577224
	1465  -  MemoryUsage of job (MB)
	1499172  -  ResidentSetSize of job (KB)
...
006 (112070732.101.000) 05/03 02:37:24 Image size of job updated: 2088212
	1964  -  MemoryUsage of job (MB)
	2010160  -  ResidentSetSize of job (KB)
...
006 (112070732.101.000) 05/03 02:42:24 Image size of job updated: 2636916
	2499  -  MemoryUsage of job (MB)
	2558864  -  ResidentSetSize of job (KB)
...
006 (112070732.101.000) 05/03 02:47:25 Image size of job updated: 3477260
	3320  -  MemoryUsage of job (MB)
	3399208  -  ResidentSetSize of job (KB)
...
006 (112070732.101.000) 05/03 02:52:26 Image size of job updated: 4397608
	4219  -  MemoryUsage of job (MB)
	4319556  -  ResidentSetSize of job (KB)
...
006 (112070732.101.000) 05/03 02:57:26 Image size of job updated: 5306176
	5106  -  MemoryUsage of job (MB)
	5228124  -  ResidentSetSize of job (KB)
...
006 (112070732.101.000) 05/03 03:02:27 Image size of job updated: 6236268
	6014  -  MemoryUsage of job (MB)
	6158216  -  ResidentSetSize of job (KB)
...
006 (112070732.101.000) 05/03 03:07:27 Image size of job updated: 7073332
	6832  -  MemoryUsage of job (MB)
	6995280  -  ResidentSetSize of job (KB)
...
006 (112070732.101.000) 05/03 03:12:38 Image size of job updated: 7418964
	7169  -  MemoryUsage of job (MB)
	7340912  -  ResidentSetSize of job (KB)
...
006 (112070732.101.000) 05/03 03:17:27 Image size of job updated: 7896884
	7636  -  MemoryUsage of job (MB)
	7818832  -  ResidentSetSize of job (KB)
...
006 (112070732.101.000) 05/03 03:22:28 Image size of job updated: 8560696
	8284  -  MemoryUsage of job (MB)
	8482644  -  ResidentSetSize of job (KB)
...
006 (112070732.101.000) 05/03 03:27:28 Image size of job updated: 9223148
	8931  -  MemoryUsage of job (MB)
	9145096  -  ResidentSetSize of job (KB)
...
006 (112070732.101.000) 05/03 03:32:29 Image size of job updated: 9854480
	9548  -  MemoryUsage of job (MB)
	9776428  -  ResidentSetSize of job (KB)
...
006 (112070732.101.000) 05/03 03:37:29 Image size of job updated: 10576972
	10253  -  MemoryUsage of job (MB)
	10498920  -  ResidentSetSize of job (KB)
...
006 (112070732.101.000) 05/03 03:42:31 Image size of job updated: 11293488
	10953  -  MemoryUsage of job (MB)
	11215436  -  ResidentSetSize of job (KB)
...
006 (112070732.101.000) 05/03 03:47:31 Image size of job updated: 11985992
	11629  -  MemoryUsage of job (MB)
	11907940  -  ResidentSetSize of job (KB)
...
006 (112070732.101.000) 05/03 03:52:32 Image size of job updated: 12712796
	12339  -  MemoryUsage of job (MB)
	12634744  -  ResidentSetSize of job (KB)
...
006 (112070732.101.000) 05/03 03:57:32 Image size of job updated: 13431276
	13041  -  MemoryUsage of job (MB)
	13353224  -  ResidentSetSize of job (KB)
...
006 (112070732.101.000) 05/03 04:02:33 Image size of job updated: 14109656
	13703  -  MemoryUsage of job (MB)
	14031604  -  ResidentSetSize of job (KB)
...
006 (112070732.101.000) 05/03 04:07:34 Image size of job updated: 14884904
	14460  -  MemoryUsage of job (MB)
	14806852  -  ResidentSetSize of job (KB)
...
006 (112070732.101.000) 05/03 04:12:34 Image size of job updated: 15596488
	15155  -  MemoryUsage of job (MB)
	15518436  -  ResidentSetSize of job (KB)
...
006 (112070732.101.000) 05/03 04:17:34 Image size of job updated: 16430916
	15970  -  MemoryUsage of job (MB)
	16352864  -  ResidentSetSize of job (KB)
...
006 (112070732.101.000) 05/03 04:22:34 Image size of job updated: 17168084
	16690  -  MemoryUsage of job (MB)
	17089708  -  ResidentSetSize of job (KB)
...
006 (112070732.101.000) 05/03 04:27:35 Image size of job updated: 17905340
	17408  -  MemoryUsage of job (MB)
	17825116  -  ResidentSetSize of job (KB)
...
006 (112070732.101.000) 05/03 04:32:35 Image size of job updated: 18755984
	18237  -  MemoryUsage of job (MB)
	18673836  -  ResidentSetSize of job (KB)
...
006 (112070732.101.000) 05/03 04:37:35 Image size of job updated: 19451856
	18906  -  MemoryUsage of job (MB)
	19359132  -  ResidentSetSize of job (KB)
...
006 (112070732.101.000) 05/03 04:42:36 Image size of job updated: 19875476
	19309  -  MemoryUsage of job (MB)
	19771528  -  ResidentSetSize of job (KB)
...
006 (112070732.101.000) 05/03 04:47:37 Image size of job updated: 20479304
	19869  -  MemoryUsage of job (MB)
	20344836  -  ResidentSetSize of job (KB)
...
006 (112070732.101.000) 05/03 04:52:38 Image size of job updated: 21125076
	20419  -  MemoryUsage of job (MB)
	20908448  -  ResidentSetSize of job (KB)
...
006 (112070732.101.000) 05/03 04:57:38 Image size of job updated: 21684860
	20458  -  MemoryUsage of job (MB)
	20948552  -  ResidentSetSize of job (KB)
...
006 (112070732.101.000) 05/03 05:02:38 Image size of job updated: 22109160
	20458  -  MemoryUsage of job (MB)
	20948552  -  ResidentSetSize of job (KB)
...
006 (112070732.101.000) 05/03 05:07:39 Image size of job updated: 22234860
	20458  -  MemoryUsage of job (MB)
	20948552  -  ResidentSetSize of job (KB)
...
006 (112070732.101.000) 05/03 05:12:43 Image size of job updated: 22381864
	20466  -  MemoryUsage of job (MB)
	20956820  -  ResidentSetSize of job (KB)
...
006 (112070732.101.000) 05/03 05:17:40 Image size of job updated: 22554608
	20466  -  MemoryUsage of job (MB)
	20956820  -  ResidentSetSize of job (KB)
...
006 (112070732.101.000) 05/03 05:22:40 Image size of job updated: 22693128
	20466  -  MemoryUsage of job (MB)
	20956820  -  ResidentSetSize of job (KB)
...
006 (112070732.101.000) 05/03 05:27:41 Image size of job updated: 22885640
	20466  -  MemoryUsage of job (MB)
	20956820  -  ResidentSetSize of job (KB)
...
006 (112070732.101.000) 05/03 05:32:41 Image size of job updated: 22971384
	20466  -  MemoryUsage of job (MB)
	20956820  -  ResidentSetSize of job (KB)
...
006 (112070732.101.000) 05/03 05:37:41 Image size of job updated: 23096352
	20466  -  MemoryUsage of job (MB)
	20956820  -  ResidentSetSize of job (KB)
...
005 (112070732.101.000) 05/03 05:38:30 Job terminated.
	(1) Normal termination (return value 0)
		Usr 0 02:26:08, Sys 0 00:02:15  -  Run Remote Usage
		Usr 0 00:00:00, Sys 0 00:00:00  -  Run Local Usage
		Usr 0 02:26:08, Sys 0 00:02:15  -  Total Remote Usage
		Usr 0 00:00:00, Sys 0 00:00:00  -  Total Local Usage
	24714328  -  Run Bytes Sent By Job
	1780306816  -  Run Bytes Received By Job
	24714328  -  Total Bytes Sent By Job
	1780306816  -  Total Bytes Received By Job
	Partitionable Resources :    Usage  Request Allocated 
	   Cpus                 :        0        1         1 
	   Disk (KB)            :  6853887 20971520  21331066 
	   Ioheavy              :                           0 
	   Memory (MB)          :    20466    20480     20480 
...
