000 (112070732.044.000) 05/02 11:03:03 Job submitted from host: <128.104.100.44:9618?addrs=128.104.100.44-9618+[2607-f388-107c-501-90e2-baff-fe2c-2724]-9618&noUDP&sock=4699_0235_3>
...
001 (112070732.044.000) 05/03 00:13:49 Job executing on host: <128.105.245.214:9618?addrs=128.105.245.214-9618&noUDP&sock=5455_4137_3>
...
006 (112070732.044.000) 05/03 00:13:58 Image size of job updated: 624
	1  -  MemoryUsage of job (MB)
	624  -  ResidentSetSize of job (KB)
...
006 (112070732.044.000) 05/03 00:18:58 Image size of job updated: 632
	1  -  MemoryUsage of job (MB)
	632  -  ResidentSetSize of job (KB)
...
006 (112070732.044.000) 05/03 00:24:08 Image size of job updated: 640
	1  -  MemoryUsage of job (MB)
	640  -  ResidentSetSize of job (KB)
...
006 (112070732.044.000) 05/03 00:28:58 Image size of job updated: 656
	1  -  MemoryUsage of job (MB)
	656  -  ResidentSetSize of job (KB)
...
006 (112070732.044.000) 05/03 00:34:00 Image size of job updated: 421268
	336  -  MemoryUsage of job (MB)
	343268  -  ResidentSetSize of job (KB)
...
006 (112070732.044.000) 05/03 00:39:00 Image size of job updated: 837672
	742  -  MemoryUsage of job (MB)
	759616  -  ResidentSetSize of job (KB)
...
006 (112070732.044.000) 05/03 00:44:00 Image size of job updated: 1246804
	1142  -  MemoryUsage of job (MB)
	1168748  -  ResidentSetSize of job (KB)
...
006 (112070732.044.000) 05/03 00:49:01 Image size of job updated: 1748128
	1631  -  MemoryUsage of job (MB)
	1670072  -  ResidentSetSize of job (KB)
...
006 (112070732.044.000) 05/03 00:54:01 Image size of job updated: 2070740
	1946  -  MemoryUsage of job (MB)
	1992684  -  ResidentSetSize of job (KB)
...
006 (112070732.044.000) 05/03 00:59:01 Image size of job updated: 2592728
	2456  -  MemoryUsage of job (MB)
	2514672  -  ResidentSetSize of job (KB)
...
006 (112070732.044.000) 05/03 01:04:01 Image size of job updated: 3430004
	3274  -  MemoryUsage of job (MB)
	3351948  -  ResidentSetSize of job (KB)
...
006 (112070732.044.000) 05/03 01:09:01 Image size of job updated: 4445344
	4265  -  MemoryUsage of job (MB)
	4367288  -  ResidentSetSize of job (KB)
...
006 (112070732.044.000) 05/03 01:14:02 Image size of job updated: 5262496
	5063  -  MemoryUsage of job (MB)
	5184440  -  ResidentSetSize of job (KB)
...
006 (112070732.044.000) 05/03 01:19:03 Image size of job updated: 6138960
	5919  -  MemoryUsage of job (MB)
	6060904  -  ResidentSetSize of job (KB)
...
006 (112070732.044.000) 05/03 01:24:03 Image size of job updated: 7038096
	6797  -  MemoryUsage of job (MB)
	6960040  -  ResidentSetSize of job (KB)
...
006 (112070732.044.000) 05/03 01:29:04 Image size of job updated: 7803932
	7545  -  MemoryUsage of job (MB)
	7725876  -  ResidentSetSize of job (KB)
...
006 (112070732.044.000) 05/03 01:34:05 Image size of job updated: 8666800
	8388  -  MemoryUsage of job (MB)
	8588744  -  ResidentSetSize of job (KB)
...
006 (112070732.044.000) 05/03 01:39:06 Image size of job updated: 9428372
	9132  -  MemoryUsage of job (MB)
	9350316  -  ResidentSetSize of job (KB)
...
006 (112070732.044.000) 05/03 01:44:22 Image size of job updated: 10049668
	9738  -  MemoryUsage of job (MB)
	9971612  -  ResidentSetSize of job (KB)
...
006 (112070732.044.000) 05/03 01:49:06 Image size of job updated: 10763552
	10436  -  MemoryUsage of job (MB)
	10685496  -  ResidentSetSize of job (KB)
...
006 (112070732.044.000) 05/03 01:54:07 Image size of job updated: 11493580
	11148  -  MemoryUsage of job (MB)
	11415524  -  ResidentSetSize of job (KB)
...
006 (112070732.044.000) 05/03 01:59:09 Image size of job updated: 12238768
	11876  -  MemoryUsage of job (MB)
	12160712  -  ResidentSetSize of job (KB)
...
006 (112070732.044.000) 05/03 02:04:09 Image size of job updated: 12850784
	12474  -  MemoryUsage of job (MB)
	12772728  -  ResidentSetSize of job (KB)
...
006 (112070732.044.000) 05/03 02:09:09 Image size of job updated: 13596412
	13202  -  MemoryUsage of job (MB)
	13518356  -  ResidentSetSize of job (KB)
...
006 (112070732.044.000) 05/03 02:14:10 Image size of job updated: 14300312
	13889  -  MemoryUsage of job (MB)
	14222256  -  ResidentSetSize of job (KB)
...
006 (112070732.044.000) 05/03 02:19:10 Image size of job updated: 14816736
	14394  -  MemoryUsage of job (MB)
	14738680  -  ResidentSetSize of job (KB)
...
006 (112070732.044.000) 05/03 02:24:10 Image size of job updated: 15370244
	14934  -  MemoryUsage of job (MB)
	15292188  -  ResidentSetSize of job (KB)
...
006 (112070732.044.000) 05/03 02:29:11 Image size of job updated: 16125232
	15671  -  MemoryUsage of job (MB)
	16046404  -  ResidentSetSize of job (KB)
...
006 (112070732.044.000) 05/03 02:34:12 Image size of job updated: 16833876
	16359  -  MemoryUsage of job (MB)
	16751080  -  ResidentSetSize of job (KB)
...
006 (112070732.044.000) 05/03 02:39:14 Image size of job updated: 17587748
	17090  -  MemoryUsage of job (MB)
	17500068  -  ResidentSetSize of job (KB)
...
006 (112070732.044.000) 05/03 02:44:14 Image size of job updated: 18062820
	17545  -  MemoryUsage of job (MB)
	17965544  -  ResidentSetSize of job (KB)
...
006 (112070732.044.000) 05/03 02:49:14 Image size of job updated: 18832500
	18282  -  MemoryUsage of job (MB)
	18720616  -  ResidentSetSize of job (KB)
...
006 (112070732.044.000) 05/03 02:54:15 Image size of job updated: 19251228
	18685  -  MemoryUsage of job (MB)
	19132424  -  ResidentSetSize of job (KB)
...
006 (112070732.044.000) 05/03 02:59:16 Image size of job updated: 19859196
	19263  -  MemoryUsage of job (MB)
	19725072  -  ResidentSetSize of job (KB)
...
006 (112070732.044.000) 05/03 03:04:17 Image size of job updated: 20501248
	19885  -  MemoryUsage of job (MB)
	20361744  -  ResidentSetSize of job (KB)
...
006 (112070732.044.000) 05/03 03:09:17 Image size of job updated: 21176128
	20406  -  MemoryUsage of job (MB)
	20894756  -  ResidentSetSize of job (KB)
...
006 (112070732.044.000) 05/03 03:14:18 Image size of job updated: 21800620
	20455  -  MemoryUsage of job (MB)
	20944992  -  ResidentSetSize of job (KB)
...
006 (112070732.044.000) 05/03 03:19:19 Image size of job updated: 22534328
	20458  -  MemoryUsage of job (MB)
	20948036  -  ResidentSetSize of job (KB)
...
006 (112070732.044.000) 05/03 03:24:20 Image size of job updated: 22897176
	20458  -  MemoryUsage of job (MB)
	20948204  -  ResidentSetSize of job (KB)
...
005 (112070732.044.000) 05/03 03:26:58 Job terminated.
	(1) Normal termination (return value 0)
		Usr 0 02:29:14, Sys 0 00:03:17  -  Run Remote Usage
		Usr 0 00:00:00, Sys 0 00:00:00  -  Run Local Usage
		Usr 0 02:29:14, Sys 0 00:03:17  -  Total Remote Usage
		Usr 0 00:00:00, Sys 0 00:00:00  -  Total Local Usage
	24872810  -  Run Bytes Sent By Job
	1780306816  -  Run Bytes Received By Job
	24872810  -  Total Bytes Sent By Job
	1780306816  -  Total Bytes Received By Job
	Partitionable Resources :      Usage  Request Allocated 
	   Cpus                 :       1.00        1         1 
	   Disk (KB)            : 6854043    20971520  21290490 
	   Ioheavy              :                             0 
	   Memory (MB)          :   20458       20480     20480 
...
