000 (112045375.134.000) 05/01 17:45:20 Job submitted from host: <128.104.100.44:9618?addrs=128.104.100.44-9618+[2607-f388-107c-501-90e2-baff-fe2c-2724]-9618&noUDP&sock=4699_0235_3>
...
001 (112045375.134.000) 05/02 00:22:42 Job executing on host: <128.105.245.246:9618?addrs=128.105.245.246-9618&noUDP&sock=5428_bc28_3>
...
006 (112045375.134.000) 05/02 00:22:51 Image size of job updated: 624
	1  -  MemoryUsage of job (MB)
	624  -  ResidentSetSize of job (KB)
...
006 (112045375.134.000) 05/02 00:27:52 Image size of job updated: 345444
	262  -  MemoryUsage of job (MB)
	267448  -  ResidentSetSize of job (KB)
...
006 (112045375.134.000) 05/02 00:32:53 Image size of job updated: 738644
	646  -  MemoryUsage of job (MB)
	660648  -  ResidentSetSize of job (KB)
...
006 (112045375.134.000) 05/02 00:33:17 Image size of job updated: 1335540
	647  -  MemoryUsage of job (MB)
	661724  -  ResidentSetSize of job (KB)
...
005 (112045375.134.000) 05/02 00:33:18 Job terminated.
	(1) Normal termination (return value 0)
		Usr 0 00:07:30, Sys 0 00:00:26  -  Run Remote Usage
		Usr 0 00:00:00, Sys 0 00:00:00  -  Run Local Usage
		Usr 0 00:07:30, Sys 0 00:00:26  -  Total Remote Usage
		Usr 0 00:00:00, Sys 0 00:00:00  -  Total Local Usage
	1334024  -  Run Bytes Sent By Job
	1780295168  -  Run Bytes Received By Job
	1334024  -  Total Bytes Sent By Job
	1780295168  -  Total Bytes Received By Job
	Partitionable Resources :      Usage  Request Allocated 
	   Cpus                 :       0.99        1         1 
	   Disk (KB)            : 6832797    20971520  21679118 
	   Ioheavy              :                             0 
	   Memory (MB)          :     647       20480     20480 
...
