000 (112070732.046.000) 05/02 11:03:03 Job submitted from host: <128.104.100.44:9618?addrs=128.104.100.44-9618+[2607-f388-107c-501-90e2-baff-fe2c-2724]-9618&noUDP&sock=4699_0235_3>
...
001 (112070732.046.000) 05/03 00:03:20 Job executing on host: <128.105.245.226:9618?addrs=128.105.245.226-9618&noUDP&sock=5426_5cf8_3>
...
006 (112070732.046.000) 05/03 00:03:28 Image size of job updated: 624
	1  -  MemoryUsage of job (MB)
	624  -  ResidentSetSize of job (KB)
...
006 (112070732.046.000) 05/03 00:08:29 Image size of job updated: 656
	1  -  MemoryUsage of job (MB)
	656  -  ResidentSetSize of job (KB)
...
006 (112070732.046.000) 05/03 00:13:30 Image size of job updated: 387796
	303  -  MemoryUsage of job (MB)
	309800  -  ResidentSetSize of job (KB)
...
006 (112070732.046.000) 05/03 00:18:30 Image size of job updated: 801380
	707  -  MemoryUsage of job (MB)
	723328  -  ResidentSetSize of job (KB)
...
006 (112070732.046.000) 05/03 00:23:30 Image size of job updated: 1202584
	1099  -  MemoryUsage of job (MB)
	1124532  -  ResidentSetSize of job (KB)
...
006 (112070732.046.000) 05/03 00:28:30 Image size of job updated: 1722008
	1606  -  MemoryUsage of job (MB)
	1643956  -  ResidentSetSize of job (KB)
...
006 (112070732.046.000) 05/03 00:33:31 Image size of job updated: 2344848
	2214  -  MemoryUsage of job (MB)
	2266796  -  ResidentSetSize of job (KB)
...
006 (112070732.046.000) 05/03 00:38:32 Image size of job updated: 3065172
	2918  -  MemoryUsage of job (MB)
	2987120  -  ResidentSetSize of job (KB)
...
006 (112070732.046.000) 05/03 00:43:33 Image size of job updated: 3991964
	3823  -  MemoryUsage of job (MB)
	3913912  -  ResidentSetSize of job (KB)
...
006 (112070732.046.000) 05/03 00:48:33 Image size of job updated: 4878264
	4688  -  MemoryUsage of job (MB)
	4800212  -  ResidentSetSize of job (KB)
...
006 (112070732.046.000) 05/03 00:53:33 Image size of job updated: 5685784
	5477  -  MemoryUsage of job (MB)
	5607732  -  ResidentSetSize of job (KB)
...
006 (112070732.046.000) 05/03 00:58:33 Image size of job updated: 6540176
	6311  -  MemoryUsage of job (MB)
	6462124  -  ResidentSetSize of job (KB)
...
006 (112070732.046.000) 05/03 01:03:33 Image size of job updated: 7361004
	7113  -  MemoryUsage of job (MB)
	7282952  -  ResidentSetSize of job (KB)
...
006 (112070732.046.000) 05/03 01:08:34 Image size of job updated: 8158276
	7891  -  MemoryUsage of job (MB)
	8080224  -  ResidentSetSize of job (KB)
...
006 (112070732.046.000) 05/03 01:13:34 Image size of job updated: 8904116
	8620  -  MemoryUsage of job (MB)
	8826064  -  ResidentSetSize of job (KB)
...
006 (112070732.046.000) 05/03 01:18:38 Image size of job updated: 9640864
	9339  -  MemoryUsage of job (MB)
	9562812  -  ResidentSetSize of job (KB)
...
006 (112070732.046.000) 05/03 01:23:35 Image size of job updated: 10356452
	10038  -  MemoryUsage of job (MB)
	10278400  -  ResidentSetSize of job (KB)
...
006 (112070732.046.000) 05/03 01:28:35 Image size of job updated: 10978752
	10646  -  MemoryUsage of job (MB)
	10900700  -  ResidentSetSize of job (KB)
...
006 (112070732.046.000) 05/03 01:33:36 Image size of job updated: 11578772
	11232  -  MemoryUsage of job (MB)
	11500720  -  ResidentSetSize of job (KB)
...
006 (112070732.046.000) 05/03 01:38:37 Image size of job updated: 12325100
	11961  -  MemoryUsage of job (MB)
	12247048  -  ResidentSetSize of job (KB)
...
006 (112070732.046.000) 05/03 01:43:38 Image size of job updated: 13020084
	12639  -  MemoryUsage of job (MB)
	12942032  -  ResidentSetSize of job (KB)
...
006 (112070732.046.000) 05/03 01:48:39 Image size of job updated: 13702580
	13306  -  MemoryUsage of job (MB)
	13624528  -  ResidentSetSize of job (KB)
...
006 (112070732.046.000) 05/03 01:53:39 Image size of job updated: 14385636
	13973  -  MemoryUsage of job (MB)
	14307584  -  ResidentSetSize of job (KB)
...
006 (112070732.046.000) 05/03 01:58:39 Image size of job updated: 14973420
	14547  -  MemoryUsage of job (MB)
	14895368  -  ResidentSetSize of job (KB)
...
006 (112070732.046.000) 05/03 02:03:39 Image size of job updated: 15615264
	15174  -  MemoryUsage of job (MB)
	15537212  -  ResidentSetSize of job (KB)
...
006 (112070732.046.000) 05/03 02:08:40 Image size of job updated: 16335436
	15877  -  MemoryUsage of job (MB)
	16257384  -  ResidentSetSize of job (KB)
...
006 (112070732.046.000) 05/03 02:13:41 Image size of job updated: 17097196
	16621  -  MemoryUsage of job (MB)
	17019144  -  ResidentSetSize of job (KB)
...
006 (112070732.046.000) 05/03 02:18:42 Image size of job updated: 17748876
	17257  -  MemoryUsage of job (MB)
	17670824  -  ResidentSetSize of job (KB)
...
006 (112070732.046.000) 05/03 02:23:42 Image size of job updated: 18536528
	18026  -  MemoryUsage of job (MB)
	18458084  -  ResidentSetSize of job (KB)
...
006 (112070732.046.000) 05/03 02:28:43 Image size of job updated: 19207888
	18680  -  MemoryUsage of job (MB)
	19127696  -  ResidentSetSize of job (KB)
...
006 (112070732.046.000) 05/03 02:33:44 Image size of job updated: 19957992
	19403  -  MemoryUsage of job (MB)
	19868124  -  ResidentSetSize of job (KB)
...
006 (112070732.046.000) 05/03 02:38:44 Image size of job updated: 20596016
	19963  -  MemoryUsage of job (MB)
	20441436  -  ResidentSetSize of job (KB)
...
006 (112070732.046.000) 05/03 02:43:44 Image size of job updated: 21180588
	20360  -  MemoryUsage of job (MB)
	20848512  -  ResidentSetSize of job (KB)
...
006 (112070732.046.000) 05/03 02:48:44 Image size of job updated: 21788888
	20462  -  MemoryUsage of job (MB)
	20952928  -  ResidentSetSize of job (KB)
...
006 (112070732.046.000) 05/03 02:53:45 Image size of job updated: 22289204
	20462  -  MemoryUsage of job (MB)
	20952928  -  ResidentSetSize of job (KB)
...
006 (112070732.046.000) 05/03 02:58:46 Image size of job updated: 23039476
	20462  -  MemoryUsage of job (MB)
	20952928  -  ResidentSetSize of job (KB)
...
006 (112070732.046.000) 05/03 02:59:50 Image size of job updated: 23163124
	20462  -  MemoryUsage of job (MB)
	20952928  -  ResidentSetSize of job (KB)
...
005 (112070732.046.000) 05/03 02:59:51 Job terminated.
	(1) Normal termination (return value 0)
		Usr 0 02:33:51, Sys 0 00:02:23  -  Run Remote Usage
		Usr 0 00:00:00, Sys 0 00:00:00  -  Run Local Usage
		Usr 0 02:33:51, Sys 0 00:02:23  -  Total Remote Usage
		Usr 0 00:00:00, Sys 0 00:00:00  -  Total Local Usage
	24596472  -  Run Bytes Sent By Job
	1780306816  -  Run Bytes Received By Job
	24596472  -  Total Bytes Sent By Job
	1780306816  -  Total Bytes Received By Job
	Partitionable Resources :      Usage  Request Allocated 
	   Cpus                 :       0.89        1         1 
	   Disk (KB)            : 6853772    20971520  21345576 
	   Ioheavy              :                             0 
	   Memory (MB)          :   20462       20480     20480 
...
