000 (112045375.146.000) 05/01 17:45:20 Job submitted from host: <128.104.100.44:9618?addrs=128.104.100.44-9618+[2607-f388-107c-501-90e2-baff-fe2c-2724]-9618&noUDP&sock=4699_0235_3>
...
001 (112045375.146.000) 05/02 00:41:11 Job executing on host: <128.105.245.230:9618?addrs=128.105.245.230-9618&noUDP&sock=5412_c2a4_45>
...
006 (112045375.146.000) 05/02 00:41:19 Image size of job updated: 624
	1  -  MemoryUsage of job (MB)
	624  -  ResidentSetSize of job (KB)
...
006 (112045375.146.000) 05/02 00:46:20 Image size of job updated: 632
	1  -  MemoryUsage of job (MB)
	632  -  ResidentSetSize of job (KB)
...
006 (112045375.146.000) 05/02 00:51:20 Image size of job updated: 636
	1  -  MemoryUsage of job (MB)
	636  -  ResidentSetSize of job (KB)
...
006 (112045375.146.000) 05/02 01:01:22 Image size of job updated: 656
	1  -  MemoryUsage of job (MB)
	656  -  ResidentSetSize of job (KB)
...
006 (112045375.146.000) 05/02 01:26:24 Image size of job updated: 660
	1  -  MemoryUsage of job (MB)
	660  -  ResidentSetSize of job (KB)
...
006 (112045375.146.000) 05/02 01:31:25 Image size of job updated: 668
	1  -  MemoryUsage of job (MB)
	668  -  ResidentSetSize of job (KB)
...
006 (112045375.146.000) 05/02 01:36:29 Image size of job updated: 672
	1  -  MemoryUsage of job (MB)
	672  -  ResidentSetSize of job (KB)
...
006 (112045375.146.000) 05/02 01:46:28 Image size of job updated: 462064
	376  -  MemoryUsage of job (MB)
	384068  -  ResidentSetSize of job (KB)
...
006 (112045375.146.000) 05/02 01:51:28 Image size of job updated: 644320
	554  -  MemoryUsage of job (MB)
	566324  -  ResidentSetSize of job (KB)
...
006 (112045375.146.000) 05/02 01:56:28 Image size of job updated: 984424
	886  -  MemoryUsage of job (MB)
	906372  -  ResidentSetSize of job (KB)
...
006 (112045375.146.000) 05/02 02:01:29 Image size of job updated: 1287312
	1181  -  MemoryUsage of job (MB)
	1209260  -  ResidentSetSize of job (KB)
...
006 (112045375.146.000) 05/02 02:06:29 Image size of job updated: 1519132
	1408  -  MemoryUsage of job (MB)
	1441080  -  ResidentSetSize of job (KB)
...
006 (112045375.146.000) 05/02 02:11:29 Image size of job updated: 1730836
	1615  -  MemoryUsage of job (MB)
	1652784  -  ResidentSetSize of job (KB)
...
006 (112045375.146.000) 05/02 02:16:30 Image size of job updated: 2079312
	1955  -  MemoryUsage of job (MB)
	2001260  -  ResidentSetSize of job (KB)
...
006 (112045375.146.000) 05/02 02:21:31 Image size of job updated: 2612116
	2475  -  MemoryUsage of job (MB)
	2534064  -  ResidentSetSize of job (KB)
...
006 (112045375.146.000) 05/02 02:26:31 Image size of job updated: 3062632
	2915  -  MemoryUsage of job (MB)
	2984580  -  ResidentSetSize of job (KB)
...
006 (112045375.146.000) 05/02 02:31:32 Image size of job updated: 3701188
	3539  -  MemoryUsage of job (MB)
	3623136  -  ResidentSetSize of job (KB)
...
006 (112045375.146.000) 05/02 02:36:33 Image size of job updated: 4042060
	3872  -  MemoryUsage of job (MB)
	3964008  -  ResidentSetSize of job (KB)
...
006 (112045375.146.000) 05/02 02:41:33 Image size of job updated: 4350908
	4173  -  MemoryUsage of job (MB)
	4272856  -  ResidentSetSize of job (KB)
...
006 (112045375.146.000) 05/02 02:46:33 Image size of job updated: 4764752
	4577  -  MemoryUsage of job (MB)
	4686700  -  ResidentSetSize of job (KB)
...
006 (112045375.146.000) 05/02 02:51:34 Image size of job updated: 5461076
	5257  -  MemoryUsage of job (MB)
	5383024  -  ResidentSetSize of job (KB)
...
006 (112045375.146.000) 05/02 02:56:35 Image size of job updated: 5964228
	5749  -  MemoryUsage of job (MB)
	5886176  -  ResidentSetSize of job (KB)
...
006 (112045375.146.000) 05/02 03:01:36 Image size of job updated: 6281992
	6059  -  MemoryUsage of job (MB)
	6203940  -  ResidentSetSize of job (KB)
...
006 (112045375.146.000) 05/02 03:06:36 Image size of job updated: 6868876
	6632  -  MemoryUsage of job (MB)
	6790824  -  ResidentSetSize of job (KB)
...
006 (112045375.146.000) 05/02 03:11:37 Image size of job updated: 7398476
	7149  -  MemoryUsage of job (MB)
	7320424  -  ResidentSetSize of job (KB)
...
006 (112045375.146.000) 05/02 03:16:38 Image size of job updated: 7788100
	7530  -  MemoryUsage of job (MB)
	7710048  -  ResidentSetSize of job (KB)
...
006 (112045375.146.000) 05/02 03:21:39 Image size of job updated: 8234288
	7966  -  MemoryUsage of job (MB)
	8156236  -  ResidentSetSize of job (KB)
...
006 (112045375.146.000) 05/02 03:26:39 Image size of job updated: 8762004
	8481  -  MemoryUsage of job (MB)
	8683952  -  ResidentSetSize of job (KB)
...
006 (112045375.146.000) 05/02 03:31:39 Image size of job updated: 9276956
	8984  -  MemoryUsage of job (MB)
	9198904  -  ResidentSetSize of job (KB)
...
006 (112045375.146.000) 05/02 03:36:40 Image size of job updated: 9994008
	9684  -  MemoryUsage of job (MB)
	9915956  -  ResidentSetSize of job (KB)
...
006 (112045375.146.000) 05/02 03:41:41 Image size of job updated: 10754092
	10426  -  MemoryUsage of job (MB)
	10676040  -  ResidentSetSize of job (KB)
...
006 (112045375.146.000) 05/02 03:46:41 Image size of job updated: 11484484
	11140  -  MemoryUsage of job (MB)
	11406432  -  ResidentSetSize of job (KB)
...
006 (112045375.146.000) 05/02 03:51:41 Image size of job updated: 11865184
	11511  -  MemoryUsage of job (MB)
	11787132  -  ResidentSetSize of job (KB)
...
006 (112045375.146.000) 05/02 03:56:41 Image size of job updated: 12378496
	12013  -  MemoryUsage of job (MB)
	12300444  -  ResidentSetSize of job (KB)
...
006 (112045375.146.000) 05/02 04:01:43 Image size of job updated: 13080852
	12699  -  MemoryUsage of job (MB)
	13002800  -  ResidentSetSize of job (KB)
...
006 (112045375.146.000) 05/02 04:06:43 Image size of job updated: 13567424
	13174  -  MemoryUsage of job (MB)
	13489372  -  ResidentSetSize of job (KB)
...
006 (112045375.146.000) 05/02 04:11:43 Image size of job updated: 14144740
	13737  -  MemoryUsage of job (MB)
	14066688  -  ResidentSetSize of job (KB)
...
006 (112045375.146.000) 05/02 04:16:44 Image size of job updated: 14856816
	14433  -  MemoryUsage of job (MB)
	14778764  -  ResidentSetSize of job (KB)
...
006 (112045375.146.000) 05/02 04:21:45 Image size of job updated: 15412972
	14976  -  MemoryUsage of job (MB)
	15334920  -  ResidentSetSize of job (KB)
...
006 (112045375.146.000) 05/02 04:26:45 Image size of job updated: 16114800
	15661  -  MemoryUsage of job (MB)
	16036748  -  ResidentSetSize of job (KB)
...
006 (112045375.146.000) 05/02 04:31:45 Image size of job updated: 16714664
	16247  -  MemoryUsage of job (MB)
	16636312  -  ResidentSetSize of job (KB)
...
006 (112045375.146.000) 05/02 04:36:46 Image size of job updated: 17432944
	16947  -  MemoryUsage of job (MB)
	17353520  -  ResidentSetSize of job (KB)
...
006 (112045375.146.000) 05/02 04:41:48 Image size of job updated: 18070560
	17570  -  MemoryUsage of job (MB)
	17991220  -  ResidentSetSize of job (KB)
...
006 (112045375.146.000) 05/02 04:46:48 Image size of job updated: 18694708
	18178  -  MemoryUsage of job (MB)
	18613264  -  ResidentSetSize of job (KB)
...
006 (112045375.146.000) 05/02 04:51:48 Image size of job updated: 19342352
	18803  -  MemoryUsage of job (MB)
	19253824  -  ResidentSetSize of job (KB)
...
006 (112045375.146.000) 05/02 04:56:50 Image size of job updated: 19809860
	19251  -  MemoryUsage of job (MB)
	19712456  -  ResidentSetSize of job (KB)
...
006 (112045375.146.000) 05/02 05:01:50 Image size of job updated: 20423140
	19814  -  MemoryUsage of job (MB)
	20288704  -  ResidentSetSize of job (KB)
...
006 (112045375.146.000) 05/02 05:06:50 Image size of job updated: 21238088
	20431  -  MemoryUsage of job (MB)
	20920896  -  ResidentSetSize of job (KB)
...
006 (112045375.146.000) 05/02 05:11:51 Image size of job updated: 21764236
	20433  -  MemoryUsage of job (MB)
	20923060  -  ResidentSetSize of job (KB)
...
006 (112045375.146.000) 05/02 05:16:52 Image size of job updated: 22362688
	20440  -  MemoryUsage of job (MB)
	20930252  -  ResidentSetSize of job (KB)
...
006 (112045375.146.000) 05/02 05:21:52 Image size of job updated: 22776120
	20440  -  MemoryUsage of job (MB)
	20930284  -  ResidentSetSize of job (KB)
...
006 (112045375.146.000) 05/02 05:26:54 Image size of job updated: 23094292
	20444  -  MemoryUsage of job (MB)
	20934464  -  ResidentSetSize of job (KB)
...
005 (112045375.146.000) 05/02 05:31:28 Job terminated.
	(1) Normal termination (return value 0)
		Usr 0 02:25:41, Sys 0 00:02:36  -  Run Remote Usage
		Usr 0 00:00:00, Sys 0 00:00:00  -  Run Local Usage
		Usr 0 02:25:41, Sys 0 00:02:36  -  Total Remote Usage
		Usr 0 00:00:00, Sys 0 00:00:00  -  Total Local Usage
	24935486  -  Run Bytes Sent By Job
	1780295168  -  Run Bytes Received By Job
	24935486  -  Total Bytes Sent By Job
	1780295168  -  Total Bytes Received By Job
	Partitionable Resources :      Usage  Request Allocated 
	   Cpus                 :       0.27        1         1 
	   Disk (KB)            : 6854079    20971520  21460054 
	   Ioheavy              :                             0 
	   Memory (MB)          :   20444       20480     20480 
...
