000 (112070732.176.000) 05/02 11:03:03 Job submitted from host: <128.104.100.44:9618?addrs=128.104.100.44-9618+[2607-f388-107c-501-90e2-baff-fe2c-2724]-9618&noUDP&sock=4699_0235_3>
...
001 (112070732.176.000) 05/03 02:38:19 Job executing on host: <128.105.245.161:9618?addrs=128.105.245.161-9618&noUDP&sock=5440_f74b_3>
...
006 (112070732.176.000) 05/03 02:38:28 Image size of job updated: 612
	1  -  MemoryUsage of job (MB)
	612  -  ResidentSetSize of job (KB)
...
006 (112070732.176.000) 05/03 02:43:29 Image size of job updated: 624
	1  -  MemoryUsage of job (MB)
	624  -  ResidentSetSize of job (KB)
...
006 (112070732.176.000) 05/03 02:48:30 Image size of job updated: 652
	1  -  MemoryUsage of job (MB)
	652  -  ResidentSetSize of job (KB)
...
006 (112070732.176.000) 05/03 02:53:30 Image size of job updated: 501668
	414  -  MemoryUsage of job (MB)
	423672  -  ResidentSetSize of job (KB)
...
006 (112070732.176.000) 05/03 02:58:31 Image size of job updated: 890328
	794  -  MemoryUsage of job (MB)
	812276  -  ResidentSetSize of job (KB)
...
006 (112070732.176.000) 05/03 03:03:31 Image size of job updated: 1335864
	1229  -  MemoryUsage of job (MB)
	1257812  -  ResidentSetSize of job (KB)
...
006 (112070732.176.000) 05/03 03:08:32 Image size of job updated: 1635816
	1522  -  MemoryUsage of job (MB)
	1557764  -  ResidentSetSize of job (KB)
...
006 (112070732.176.000) 05/03 03:13:33 Image size of job updated: 2036664
	1913  -  MemoryUsage of job (MB)
	1958612  -  ResidentSetSize of job (KB)
...
006 (112070732.176.000) 05/03 03:18:33 Image size of job updated: 2657372
	2519  -  MemoryUsage of job (MB)
	2579320  -  ResidentSetSize of job (KB)
...
006 (112070732.176.000) 05/03 03:23:33 Image size of job updated: 3075752
	2928  -  MemoryUsage of job (MB)
	2997700  -  ResidentSetSize of job (KB)
...
006 (112070732.176.000) 05/03 03:28:33 Image size of job updated: 3626316
	3466  -  MemoryUsage of job (MB)
	3548264  -  ResidentSetSize of job (KB)
...
006 (112070732.176.000) 05/03 03:33:33 Image size of job updated: 4363812
	4186  -  MemoryUsage of job (MB)
	4285760  -  ResidentSetSize of job (KB)
...
006 (112070732.176.000) 05/03 03:38:52 Image size of job updated: 5024212
	4831  -  MemoryUsage of job (MB)
	4946160  -  ResidentSetSize of job (KB)
...
006 (112070732.176.000) 05/03 03:43:35 Image size of job updated: 5839356
	5627  -  MemoryUsage of job (MB)
	5761304  -  ResidentSetSize of job (KB)
...
006 (112070732.176.000) 05/03 03:48:36 Image size of job updated: 6711616
	6479  -  MemoryUsage of job (MB)
	6633564  -  ResidentSetSize of job (KB)
...
006 (112070732.176.000) 05/03 03:53:36 Image size of job updated: 7305372
	7058  -  MemoryUsage of job (MB)
	7227320  -  ResidentSetSize of job (KB)
...
006 (112070732.176.000) 05/03 03:58:36 Image size of job updated: 7991620
	7729  -  MemoryUsage of job (MB)
	7913568  -  ResidentSetSize of job (KB)
...
006 (112070732.176.000) 05/03 04:03:37 Image size of job updated: 8769820
	8489  -  MemoryUsage of job (MB)
	8691768  -  ResidentSetSize of job (KB)
...
006 (112070732.176.000) 05/03 04:08:38 Image size of job updated: 9470084
	9172  -  MemoryUsage of job (MB)
	9392032  -  ResidentSetSize of job (KB)
...
006 (112070732.176.000) 05/03 04:13:39 Image size of job updated: 10080800
	9769  -  MemoryUsage of job (MB)
	10002748  -  ResidentSetSize of job (KB)
...
006 (112070732.176.000) 05/03 04:18:40 Image size of job updated: 10787828
	10459  -  MemoryUsage of job (MB)
	10709776  -  ResidentSetSize of job (KB)
...
006 (112070732.176.000) 05/03 04:23:40 Image size of job updated: 11435432
	11092  -  MemoryUsage of job (MB)
	11357380  -  ResidentSetSize of job (KB)
...
006 (112070732.176.000) 05/03 04:28:40 Image size of job updated: 12186740
	11825  -  MemoryUsage of job (MB)
	12108688  -  ResidentSetSize of job (KB)
...
006 (112070732.176.000) 05/03 04:33:42 Image size of job updated: 12809836
	12434  -  MemoryUsage of job (MB)
	12731784  -  ResidentSetSize of job (KB)
...
006 (112070732.176.000) 05/03 04:38:42 Image size of job updated: 13482620
	13091  -  MemoryUsage of job (MB)
	13404568  -  ResidentSetSize of job (KB)
...
006 (112070732.176.000) 05/03 04:43:43 Image size of job updated: 14114524
	13708  -  MemoryUsage of job (MB)
	14036472  -  ResidentSetSize of job (KB)
...
006 (112070732.176.000) 05/03 04:48:45 Image size of job updated: 14843396
	14420  -  MemoryUsage of job (MB)
	14765344  -  ResidentSetSize of job (KB)
...
006 (112070732.176.000) 05/03 04:53:45 Image size of job updated: 15536372
	15097  -  MemoryUsage of job (MB)
	15458320  -  ResidentSetSize of job (KB)
...
006 (112070732.176.000) 05/03 04:58:45 Image size of job updated: 16281160
	15823  -  MemoryUsage of job (MB)
	16202724  -  ResidentSetSize of job (KB)
...
006 (112070732.176.000) 05/03 05:03:46 Image size of job updated: 16802080
	16330  -  MemoryUsage of job (MB)
	16721340  -  ResidentSetSize of job (KB)
...
006 (112070732.176.000) 05/03 05:08:47 Image size of job updated: 17138728
	16655  -  MemoryUsage of job (MB)
	17053820  -  ResidentSetSize of job (KB)
...
006 (112070732.176.000) 05/03 05:13:47 Image size of job updated: 17389672
	16898  -  MemoryUsage of job (MB)
	17302940  -  ResidentSetSize of job (KB)
...
006 (112070732.176.000) 05/03 05:18:47 Image size of job updated: 17597048
	17096  -  MemoryUsage of job (MB)
	17506140  -  ResidentSetSize of job (KB)
...
006 (112070732.176.000) 05/03 05:23:48 Image size of job updated: 17757556
	17249  -  MemoryUsage of job (MB)
	17662708  -  ResidentSetSize of job (KB)
...
006 (112070732.176.000) 05/03 05:28:49 Image size of job updated: 17983512
	17464  -  MemoryUsage of job (MB)
	17882776  -  ResidentSetSize of job (KB)
...
006 (112070732.176.000) 05/03 05:33:49 Image size of job updated: 18239676
	17708  -  MemoryUsage of job (MB)
	18132596  -  ResidentSetSize of job (KB)
...
006 (112070732.176.000) 05/03 05:38:49 Image size of job updated: 18371344
	17832  -  MemoryUsage of job (MB)
	18259472  -  ResidentSetSize of job (KB)
...
006 (112070732.176.000) 05/03 05:43:49 Image size of job updated: 18640860
	18085  -  MemoryUsage of job (MB)
	18518392  -  ResidentSetSize of job (KB)
...
006 (112070732.176.000) 05/03 05:48:50 Image size of job updated: 18882740
	18310  -  MemoryUsage of job (MB)
	18748672  -  ResidentSetSize of job (KB)
...
006 (112070732.176.000) 05/03 05:53:51 Image size of job updated: 19030496
	18444  -  MemoryUsage of job (MB)
	18885908  -  ResidentSetSize of job (KB)
...
006 (112070732.176.000) 05/03 05:58:53 Image size of job updated: 19526412
	18892  -  MemoryUsage of job (MB)
	19345344  -  ResidentSetSize of job (KB)
...
006 (112070732.176.000) 05/03 06:03:52 Image size of job updated: 19949112
	19257  -  MemoryUsage of job (MB)
	19718292  -  ResidentSetSize of job (KB)
...
006 (112070732.176.000) 05/03 06:08:53 Image size of job updated: 20311796
	19561  -  MemoryUsage of job (MB)
	20029536  -  ResidentSetSize of job (KB)
...
006 (112070732.176.000) 05/03 06:13:53 Image size of job updated: 20642468
	19793  -  MemoryUsage of job (MB)
	20267444  -  ResidentSetSize of job (KB)
...
006 (112070732.176.000) 05/03 06:18:53 Image size of job updated: 21155668
	20095  -  MemoryUsage of job (MB)
	20576720  -  ResidentSetSize of job (KB)
...
006 (112070732.176.000) 05/03 06:23:54 Image size of job updated: 21604036
	20321  -  MemoryUsage of job (MB)
	20807928  -  ResidentSetSize of job (KB)
...
006 (112070732.176.000) 05/03 06:28:54 Image size of job updated: 21915596
	20395  -  MemoryUsage of job (MB)
	20884080  -  ResidentSetSize of job (KB)
...
006 (112070732.176.000) 05/03 06:33:55 Image size of job updated: 22045756
	20397  -  MemoryUsage of job (MB)
	20886336  -  ResidentSetSize of job (KB)
...
006 (112070732.176.000) 05/03 06:38:55 Image size of job updated: 22432540
	20419  -  MemoryUsage of job (MB)
	20908640  -  ResidentSetSize of job (KB)
...
006 (112070732.176.000) 05/03 06:44:00 Image size of job updated: 22747264
	20430  -  MemoryUsage of job (MB)
	20919472  -  ResidentSetSize of job (KB)
...
006 (112070732.176.000) 05/03 06:48:56 Image size of job updated: 23052988
	20434  -  MemoryUsage of job (MB)
	20923592  -  ResidentSetSize of job (KB)
...
006 (112070732.176.000) 05/03 06:50:49 Image size of job updated: 23052988
	20434  -  MemoryUsage of job (MB)
	20923704  -  ResidentSetSize of job (KB)
...
005 (112070732.176.000) 05/03 06:50:52 Job terminated.
	(1) Normal termination (return value 0)
		Usr 0 02:27:03, Sys 0 00:02:28  -  Run Remote Usage
		Usr 0 00:00:00, Sys 0 00:00:00  -  Run Local Usage
		Usr 0 02:27:03, Sys 0 00:02:28  -  Total Remote Usage
		Usr 0 00:00:00, Sys 0 00:00:00  -  Total Local Usage
	24907844  -  Run Bytes Sent By Job
	1780306816  -  Run Bytes Received By Job
	24907844  -  Total Bytes Sent By Job
	1780306816  -  Total Bytes Received By Job
	Partitionable Resources :      Usage  Request Allocated 
	   Cpus                 :       0.02        1         1 
	   Disk (KB)            : 6854077    20971520  21174498 
	   Ioheavy              :                             0 
	   Memory (MB)          :   20434       20480     20480 
...
