000 (112070732.036.000) 05/02 11:03:03 Job submitted from host: <128.104.100.44:9618?addrs=128.104.100.44-9618+[2607-f388-107c-501-90e2-baff-fe2c-2724]-9618&noUDP&sock=4699_0235_3>
...
001 (112070732.036.000) 05/02 23:44:09 Job executing on host: <128.105.245.167:9618?addrs=128.105.245.167-9618&noUDP&sock=5445_6544_7>
...
006 (112070732.036.000) 05/02 23:44:17 Image size of job updated: 632
	1  -  MemoryUsage of job (MB)
	632  -  ResidentSetSize of job (KB)
...
006 (112070732.036.000) 05/02 23:49:18 Image size of job updated: 660
	1  -  MemoryUsage of job (MB)
	660  -  ResidentSetSize of job (KB)
...
006 (112070732.036.000) 05/02 23:54:19 Image size of job updated: 672
	1  -  MemoryUsage of job (MB)
	672  -  ResidentSetSize of job (KB)
...
006 (112070732.036.000) 05/02 23:59:20 Image size of job updated: 401152
	316  -  MemoryUsage of job (MB)
	323156  -  ResidentSetSize of job (KB)
...
006 (112070732.036.000) 05/03 00:04:21 Image size of job updated: 720416
	628  -  MemoryUsage of job (MB)
	642420  -  ResidentSetSize of job (KB)
...
006 (112070732.036.000) 05/03 00:09:21 Image size of job updated: 1103864
	1002  -  MemoryUsage of job (MB)
	1025812  -  ResidentSetSize of job (KB)
...
006 (112070732.036.000) 05/03 00:14:21 Image size of job updated: 1623668
	1510  -  MemoryUsage of job (MB)
	1545616  -  ResidentSetSize of job (KB)
...
006 (112070732.036.000) 05/03 00:19:21 Image size of job updated: 2229844
	2102  -  MemoryUsage of job (MB)
	2151792  -  ResidentSetSize of job (KB)
...
006 (112070732.036.000) 05/03 00:24:22 Image size of job updated: 3016868
	2870  -  MemoryUsage of job (MB)
	2938816  -  ResidentSetSize of job (KB)
...
006 (112070732.036.000) 05/03 00:29:22 Image size of job updated: 4006476
	3837  -  MemoryUsage of job (MB)
	3928424  -  ResidentSetSize of job (KB)
...
006 (112070732.036.000) 05/03 00:34:22 Image size of job updated: 4878924
	4689  -  MemoryUsage of job (MB)
	4800872  -  ResidentSetSize of job (KB)
...
006 (112070732.036.000) 05/03 00:39:23 Image size of job updated: 5776752
	5566  -  MemoryUsage of job (MB)
	5698700  -  ResidentSetSize of job (KB)
...
006 (112070732.036.000) 05/03 00:44:24 Image size of job updated: 6577504
	6348  -  MemoryUsage of job (MB)
	6499452  -  ResidentSetSize of job (KB)
...
006 (112070732.036.000) 05/03 00:49:24 Image size of job updated: 7412016
	7163  -  MemoryUsage of job (MB)
	7333964  -  ResidentSetSize of job (KB)
...
006 (112070732.036.000) 05/03 00:54:24 Image size of job updated: 8210596
	7942  -  MemoryUsage of job (MB)
	8132544  -  ResidentSetSize of job (KB)
...
006 (112070732.036.000) 05/03 00:59:24 Image size of job updated: 8983136
	8697  -  MemoryUsage of job (MB)
	8905084  -  ResidentSetSize of job (KB)
...
006 (112070732.036.000) 05/03 01:04:25 Image size of job updated: 9793680
	9488  -  MemoryUsage of job (MB)
	9715628  -  ResidentSetSize of job (KB)
...
006 (112070732.036.000) 05/03 01:09:26 Image size of job updated: 10530040
	10208  -  MemoryUsage of job (MB)
	10451988  -  ResidentSetSize of job (KB)
...
006 (112070732.036.000) 05/03 01:14:26 Image size of job updated: 11166364
	10829  -  MemoryUsage of job (MB)
	11088312  -  ResidentSetSize of job (KB)
...
006 (112070732.036.000) 05/03 01:19:26 Image size of job updated: 11958496
	11602  -  MemoryUsage of job (MB)
	11880444  -  ResidentSetSize of job (KB)
...
006 (112070732.036.000) 05/03 01:24:27 Image size of job updated: 12712328
	12339  -  MemoryUsage of job (MB)
	12634276  -  ResidentSetSize of job (KB)
...
006 (112070732.036.000) 05/03 01:29:46 Image size of job updated: 13474164
	13083  -  MemoryUsage of job (MB)
	13396112  -  ResidentSetSize of job (KB)
...
006 (112070732.036.000) 05/03 01:34:27 Image size of job updated: 14131468
	13725  -  MemoryUsage of job (MB)
	14053416  -  ResidentSetSize of job (KB)
...
006 (112070732.036.000) 05/03 01:39:29 Image size of job updated: 14937844
	14512  -  MemoryUsage of job (MB)
	14859792  -  ResidentSetSize of job (KB)
...
006 (112070732.036.000) 05/03 01:44:29 Image size of job updated: 15590584
	15149  -  MemoryUsage of job (MB)
	15512532  -  ResidentSetSize of job (KB)
...
006 (112070732.036.000) 05/03 01:49:29 Image size of job updated: 16407124
	15947  -  MemoryUsage of job (MB)
	16328948  -  ResidentSetSize of job (KB)
...
006 (112070732.036.000) 05/03 01:54:29 Image size of job updated: 17097436
	16619  -  MemoryUsage of job (MB)
	17017796  -  ResidentSetSize of job (KB)
...
006 (112070732.036.000) 05/03 01:59:30 Image size of job updated: 17871296
	17374  -  MemoryUsage of job (MB)
	17790836  -  ResidentSetSize of job (KB)
...
006 (112070732.036.000) 05/03 02:04:31 Image size of job updated: 18589420
	18058  -  MemoryUsage of job (MB)
	18490392  -  ResidentSetSize of job (KB)
...
006 (112070732.036.000) 05/03 02:09:31 Image size of job updated: 19173536
	18610  -  MemoryUsage of job (MB)
	19056468  -  ResidentSetSize of job (KB)
...
006 (112070732.036.000) 05/03 02:14:31 Image size of job updated: 19865580
	19271  -  MemoryUsage of job (MB)
	19732820  -  ResidentSetSize of job (KB)
...
006 (112070732.036.000) 05/03 02:19:32 Image size of job updated: 20481948
	19794  -  MemoryUsage of job (MB)
	20268340  -  ResidentSetSize of job (KB)
...
006 (112070732.036.000) 05/03 02:24:33 Image size of job updated: 21010516
	20170  -  MemoryUsage of job (MB)
	20653760  -  ResidentSetSize of job (KB)
...
006 (112070732.036.000) 05/03 02:29:33 Image size of job updated: 21599936
	20421  -  MemoryUsage of job (MB)
	20911100  -  ResidentSetSize of job (KB)
...
006 (112070732.036.000) 05/03 02:34:33 Image size of job updated: 22297892
	20433  -  MemoryUsage of job (MB)
	20923256  -  ResidentSetSize of job (KB)
...
006 (112070732.036.000) 05/03 02:39:34 Image size of job updated: 22958836
	20440  -  MemoryUsage of job (MB)
	20930296  -  ResidentSetSize of job (KB)
...
006 (112070732.036.000) 05/03 02:42:13 Image size of job updated: 23132592
	20440  -  MemoryUsage of job (MB)
	20930296  -  ResidentSetSize of job (KB)
...
005 (112070732.036.000) 05/03 02:42:15 Job terminated.
	(1) Normal termination (return value 0)
		Usr 0 02:30:14, Sys 0 00:02:20  -  Run Remote Usage
		Usr 0 00:00:00, Sys 0 00:00:00  -  Run Local Usage
		Usr 0 02:30:14, Sys 0 00:02:20  -  Total Remote Usage
		Usr 0 00:00:00, Sys 0 00:00:00  -  Total Local Usage
	24871104  -  Run Bytes Sent By Job
	1780306816  -  Run Bytes Received By Job
	24871104  -  Total Bytes Sent By Job
	1780306816  -  Total Bytes Received By Job
	Partitionable Resources :    Usage  Request Allocated 
	   Cpus                 :        0        1         1 
	   Disk (KB)            :  6854041 20971520  22239475 
	   Ioheavy              :                           0 
	   Memory (MB)          :    20440    20480     20480 
...
