000 (112070732.152.000) 05/02 11:03:03 Job submitted from host: <128.104.100.44:9618?addrs=128.104.100.44-9618+[2607-f388-107c-501-90e2-baff-fe2c-2724]-9618&noUDP&sock=4699_0235_3>
...
001 (112070732.152.000) 05/03 02:15:47 Job executing on host: <128.105.245.192:9618?addrs=128.105.245.192-9618&noUDP&sock=5416_8105_44>
...
006 (112070732.152.000) 05/03 02:15:56 Image size of job updated: 620
	1  -  MemoryUsage of job (MB)
	620  -  ResidentSetSize of job (KB)
...
006 (112070732.152.000) 05/03 02:21:03 Image size of job updated: 652
	1  -  MemoryUsage of job (MB)
	652  -  ResidentSetSize of job (KB)
...
006 (112070732.152.000) 05/03 02:31:10 Image size of job updated: 296340
	214  -  MemoryUsage of job (MB)
	218340  -  ResidentSetSize of job (KB)
...
006 (112070732.152.000) 05/03 02:35:59 Image size of job updated: 788828
	695  -  MemoryUsage of job (MB)
	710772  -  ResidentSetSize of job (KB)
...
006 (112070732.152.000) 05/03 02:41:00 Image size of job updated: 1438996
	1330  -  MemoryUsage of job (MB)
	1360940  -  ResidentSetSize of job (KB)
...
006 (112070732.152.000) 05/03 02:46:00 Image size of job updated: 2191724
	2065  -  MemoryUsage of job (MB)
	2113668  -  ResidentSetSize of job (KB)
...
006 (112070732.152.000) 05/03 02:51:01 Image size of job updated: 3009580
	2863  -  MemoryUsage of job (MB)
	2931524  -  ResidentSetSize of job (KB)
...
006 (112070732.152.000) 05/03 02:56:01 Image size of job updated: 4096360
	3925  -  MemoryUsage of job (MB)
	4018304  -  ResidentSetSize of job (KB)
...
006 (112070732.152.000) 05/03 03:01:02 Image size of job updated: 5105172
	4910  -  MemoryUsage of job (MB)
	5027116  -  ResidentSetSize of job (KB)
...
006 (112070732.152.000) 05/03 03:06:03 Image size of job updated: 6158700
	5939  -  MemoryUsage of job (MB)
	6080644  -  ResidentSetSize of job (KB)
...
006 (112070732.152.000) 05/03 03:11:03 Image size of job updated: 7048112
	6807  -  MemoryUsage of job (MB)
	6970056  -  ResidentSetSize of job (KB)
...
006 (112070732.152.000) 05/03 03:16:04 Image size of job updated: 7937360
	7676  -  MemoryUsage of job (MB)
	7859304  -  ResidentSetSize of job (KB)
...
006 (112070732.152.000) 05/03 03:21:05 Image size of job updated: 8866628
	8583  -  MemoryUsage of job (MB)
	8788572  -  ResidentSetSize of job (KB)
...
006 (112070732.152.000) 05/03 03:26:05 Image size of job updated: 9764968
	9460  -  MemoryUsage of job (MB)
	9686912  -  ResidentSetSize of job (KB)
...
006 (112070732.152.000) 05/03 03:31:05 Image size of job updated: 10649028
	10324  -  MemoryUsage of job (MB)
	10570972  -  ResidentSetSize of job (KB)
...
006 (112070732.152.000) 05/03 03:36:05 Image size of job updated: 11589072
	11242  -  MemoryUsage of job (MB)
	11511016  -  ResidentSetSize of job (KB)
...
006 (112070732.152.000) 05/03 03:41:05 Image size of job updated: 12366112
	12001  -  MemoryUsage of job (MB)
	12288056  -  ResidentSetSize of job (KB)
...
006 (112070732.152.000) 05/03 03:46:06 Image size of job updated: 13188388
	12804  -  MemoryUsage of job (MB)
	13110332  -  ResidentSetSize of job (KB)
...
006 (112070732.152.000) 05/03 03:51:07 Image size of job updated: 13861140
	13461  -  MemoryUsage of job (MB)
	13783084  -  ResidentSetSize of job (KB)
...
006 (112070732.152.000) 05/03 03:56:07 Image size of job updated: 14723436
	14303  -  MemoryUsage of job (MB)
	14645380  -  ResidentSetSize of job (KB)
...
006 (112070732.152.000) 05/03 04:01:07 Image size of job updated: 15474844
	15036  -  MemoryUsage of job (MB)
	15396788  -  ResidentSetSize of job (KB)
...
006 (112070732.152.000) 05/03 04:06:08 Image size of job updated: 16312548
	15854  -  MemoryUsage of job (MB)
	16233496  -  ResidentSetSize of job (KB)
...
006 (112070732.152.000) 05/03 04:11:09 Image size of job updated: 17127896
	16647  -  MemoryUsage of job (MB)
	17045748  -  ResidentSetSize of job (KB)
...
006 (112070732.152.000) 05/03 04:16:09 Image size of job updated: 17961344
	17459  -  MemoryUsage of job (MB)
	17877580  -  ResidentSetSize of job (KB)
...
006 (112070732.152.000) 05/03 04:21:09 Image size of job updated: 18882196
	18357  -  MemoryUsage of job (MB)
	18797136  -  ResidentSetSize of job (KB)
...
006 (112070732.152.000) 05/03 04:26:10 Image size of job updated: 19817164
	19264  -  MemoryUsage of job (MB)
	19726212  -  ResidentSetSize of job (KB)
...
006 (112070732.152.000) 05/03 04:31:11 Image size of job updated: 20444224
	19852  -  MemoryUsage of job (MB)
	20327736  -  ResidentSetSize of job (KB)
...
006 (112070732.152.000) 05/03 04:36:12 Image size of job updated: 21189360
	20406  -  MemoryUsage of job (MB)
	20895188  -  ResidentSetSize of job (KB)
...
006 (112070732.152.000) 05/03 04:41:12 Image size of job updated: 21367284
	20457  -  MemoryUsage of job (MB)
	20947156  -  ResidentSetSize of job (KB)
...
006 (112070732.152.000) 05/03 04:46:13 Image size of job updated: 21688812
	20457  -  MemoryUsage of job (MB)
	20947156  -  ResidentSetSize of job (KB)
...
006 (112070732.152.000) 05/03 04:51:13 Image size of job updated: 22159884
	20465  -  MemoryUsage of job (MB)
	20955556  -  ResidentSetSize of job (KB)
...
006 (112070732.152.000) 05/03 04:56:14 Image size of job updated: 22612560
	20465  -  MemoryUsage of job (MB)
	20955556  -  ResidentSetSize of job (KB)
...
006 (112070732.152.000) 05/03 05:01:15 Image size of job updated: 23119624
	20465  -  MemoryUsage of job (MB)
	20955556  -  ResidentSetSize of job (KB)
...
006 (112070732.152.000) 05/03 05:01:51 Image size of job updated: 23777640
	20465  -  MemoryUsage of job (MB)
	20955556  -  ResidentSetSize of job (KB)
...
005 (112070732.152.000) 05/03 05:01:54 Job terminated.
	(1) Normal termination (return value 0)
		Usr 0 02:10:34, Sys 0 00:02:24  -  Run Remote Usage
		Usr 0 00:00:00, Sys 0 00:00:00  -  Run Local Usage
		Usr 0 02:10:34, Sys 0 00:02:24  -  Total Remote Usage
		Usr 0 00:00:00, Sys 0 00:00:00  -  Total Local Usage
	24535660  -  Run Bytes Sent By Job
	1780306816  -  Run Bytes Received By Job
	24535660  -  Total Bytes Sent By Job
	1780306816  -  Total Bytes Received By Job
	Partitionable Resources :      Usage  Request Allocated 
	   Cpus                 :       0.23        1         1 
	   Disk (KB)            : 6853713    20971520  21293024 
	   Ioheavy              :                             0 
	   Memory (MB)          :   20465       20480     20480 
...
