000 (112045375.127.000) 05/01 17:45:20 Job submitted from host: <128.104.100.44:9618?addrs=128.104.100.44-9618+[2607-f388-107c-501-90e2-baff-fe2c-2724]-9618&noUDP&sock=4699_0235_3>
...
001 (112045375.127.000) 05/02 00:16:54 Job executing on host: <128.105.245.241:9618?addrs=128.105.245.241-9618&noUDP&sock=33549_66e8_3>
...
006 (112045375.127.000) 05/02 00:17:03 Image size of job updated: 648
	1  -  MemoryUsage of job (MB)
	648  -  ResidentSetSize of job (KB)
...
006 (112045375.127.000) 05/02 00:22:06 Image size of job updated: 676
	1  -  MemoryUsage of job (MB)
	676  -  ResidentSetSize of job (KB)
...
006 (112045375.127.000) 05/02 00:27:05 Image size of job updated: 339608
	256  -  MemoryUsage of job (MB)
	261612  -  ResidentSetSize of job (KB)
...
006 (112045375.127.000) 05/02 00:32:06 Image size of job updated: 659432
	568  -  MemoryUsage of job (MB)
	581436  -  ResidentSetSize of job (KB)
...
006 (112045375.127.000) 05/02 00:37:06 Image size of job updated: 1070864
	970  -  MemoryUsage of job (MB)
	992812  -  ResidentSetSize of job (KB)
...
006 (112045375.127.000) 05/02 00:42:06 Image size of job updated: 1574876
	1462  -  MemoryUsage of job (MB)
	1496824  -  ResidentSetSize of job (KB)
...
006 (112045375.127.000) 05/02 00:47:07 Image size of job updated: 2241336
	2113  -  MemoryUsage of job (MB)
	2163284  -  ResidentSetSize of job (KB)
...
006 (112045375.127.000) 05/02 00:52:07 Image size of job updated: 2929368
	2785  -  MemoryUsage of job (MB)
	2851316  -  ResidentSetSize of job (KB)
...
006 (112045375.127.000) 05/02 00:57:08 Image size of job updated: 3751020
	3587  -  MemoryUsage of job (MB)
	3672968  -  ResidentSetSize of job (KB)
...
006 (112045375.127.000) 05/02 01:02:08 Image size of job updated: 4603952
	4420  -  MemoryUsage of job (MB)
	4525900  -  ResidentSetSize of job (KB)
...
006 (112045375.127.000) 05/02 01:07:08 Image size of job updated: 5327548
	5127  -  MemoryUsage of job (MB)
	5249496  -  ResidentSetSize of job (KB)
...
006 (112045375.127.000) 05/02 01:12:08 Image size of job updated: 6133020
	5914  -  MemoryUsage of job (MB)
	6054968  -  ResidentSetSize of job (KB)
...
006 (112045375.127.000) 05/02 01:17:08 Image size of job updated: 6917984
	6680  -  MemoryUsage of job (MB)
	6839932  -  ResidentSetSize of job (KB)
...
006 (112045375.127.000) 05/02 01:22:10 Image size of job updated: 7582980
	7330  -  MemoryUsage of job (MB)
	7504928  -  ResidentSetSize of job (KB)
...
006 (112045375.127.000) 05/02 01:27:10 Image size of job updated: 8375324
	8103  -  MemoryUsage of job (MB)
	8297272  -  ResidentSetSize of job (KB)
...
006 (112045375.127.000) 05/02 01:32:10 Image size of job updated: 9119252
	8830  -  MemoryUsage of job (MB)
	9041200  -  ResidentSetSize of job (KB)
...
006 (112045375.127.000) 05/02 01:37:11 Image size of job updated: 9707680
	9404  -  MemoryUsage of job (MB)
	9629628  -  ResidentSetSize of job (KB)
...
006 (112045375.127.000) 05/02 01:42:11 Image size of job updated: 10315004
	9998  -  MemoryUsage of job (MB)
	10236952  -  ResidentSetSize of job (KB)
...
006 (112045375.127.000) 05/02 01:47:12 Image size of job updated: 11034332
	10700  -  MemoryUsage of job (MB)
	10956280  -  ResidentSetSize of job (KB)
...
006 (112045375.127.000) 05/02 01:52:12 Image size of job updated: 11650096
	11301  -  MemoryUsage of job (MB)
	11572044  -  ResidentSetSize of job (KB)
...
006 (112045375.127.000) 05/02 01:57:12 Image size of job updated: 12378976
	12013  -  MemoryUsage of job (MB)
	12300924  -  ResidentSetSize of job (KB)
...
006 (112045375.127.000) 05/02 02:02:13 Image size of job updated: 13045048
	12664  -  MemoryUsage of job (MB)
	12966996  -  ResidentSetSize of job (KB)
...
006 (112045375.127.000) 05/02 02:07:13 Image size of job updated: 13703424
	13307  -  MemoryUsage of job (MB)
	13625372  -  ResidentSetSize of job (KB)
...
006 (112045375.127.000) 05/02 02:12:15 Image size of job updated: 14403208
	13990  -  MemoryUsage of job (MB)
	14325156  -  ResidentSetSize of job (KB)
...
006 (112045375.127.000) 05/02 02:17:14 Image size of job updated: 15093808
	14664  -  MemoryUsage of job (MB)
	15015756  -  ResidentSetSize of job (KB)
...
006 (112045375.127.000) 05/02 02:22:15 Image size of job updated: 15835600
	15389  -  MemoryUsage of job (MB)
	15757548  -  ResidentSetSize of job (KB)
...
006 (112045375.127.000) 05/02 02:27:15 Image size of job updated: 16484140
	16021  -  MemoryUsage of job (MB)
	16405340  -  ResidentSetSize of job (KB)
...
006 (112045375.127.000) 05/02 02:32:16 Image size of job updated: 17185652
	16704  -  MemoryUsage of job (MB)
	17103920  -  ResidentSetSize of job (KB)
...
006 (112045375.127.000) 05/02 02:37:17 Image size of job updated: 17807000
	17309  -  MemoryUsage of job (MB)
	17723756  -  ResidentSetSize of job (KB)
...
006 (112045375.127.000) 05/02 02:42:18 Image size of job updated: 18546792
	18019  -  MemoryUsage of job (MB)
	18450964  -  ResidentSetSize of job (KB)
...
006 (112045375.127.000) 05/02 02:47:18 Image size of job updated: 19280228
	18708  -  MemoryUsage of job (MB)
	19156140  -  ResidentSetSize of job (KB)
...
006 (112045375.127.000) 05/02 02:52:18 Image size of job updated: 19877048
	19271  -  MemoryUsage of job (MB)
	19732904  -  ResidentSetSize of job (KB)
...
006 (112045375.127.000) 05/02 02:57:19 Image size of job updated: 20336560
	19697  -  MemoryUsage of job (MB)
	20169628  -  ResidentSetSize of job (KB)
...
006 (112045375.127.000) 05/02 03:02:19 Image size of job updated: 21002648
	20181  -  MemoryUsage of job (MB)
	20665156  -  ResidentSetSize of job (KB)
...
006 (112045375.127.000) 05/02 03:07:19 Image size of job updated: 21624824
	20439  -  MemoryUsage of job (MB)
	20929096  -  ResidentSetSize of job (KB)
...
006 (112045375.127.000) 05/02 03:12:20 Image size of job updated: 22301944
	20442  -  MemoryUsage of job (MB)
	20931776  -  ResidentSetSize of job (KB)
...
006 (112045375.127.000) 05/02 03:17:21 Image size of job updated: 23025492
	20449  -  MemoryUsage of job (MB)
	20938956  -  ResidentSetSize of job (KB)
...
006 (112045375.127.000) 05/02 03:22:21 Image size of job updated: 23747364
	20459  -  MemoryUsage of job (MB)
	20949956  -  ResidentSetSize of job (KB)
...
006 (112045375.127.000) 05/02 03:27:21 Image size of job updated: 24232880
	20459  -  MemoryUsage of job (MB)
	20949956  -  ResidentSetSize of job (KB)
...
006 (112045375.127.000) 05/02 03:32:22 Image size of job updated: 24661748
	20459  -  MemoryUsage of job (MB)
	20949956  -  ResidentSetSize of job (KB)
...
006 (112045375.127.000) 05/02 03:37:23 Image size of job updated: 25053028
	20459  -  MemoryUsage of job (MB)
	20949956  -  ResidentSetSize of job (KB)
...
006 (112045375.127.000) 05/02 03:42:23 Image size of job updated: 25481524
	20459  -  MemoryUsage of job (MB)
	20949956  -  ResidentSetSize of job (KB)
...
006 (112045375.127.000) 05/02 03:46:37 Image size of job updated: 25839792
	20459  -  MemoryUsage of job (MB)
	20949956  -  ResidentSetSize of job (KB)
...
005 (112045375.127.000) 05/02 03:46:39 Job terminated.
	(1) Normal termination (return value 0)
		Usr 0 03:01:45, Sys 0 00:03:41  -  Run Remote Usage
		Usr 0 00:00:00, Sys 0 00:00:00  -  Run Local Usage
		Usr 0 03:01:45, Sys 0 00:03:41  -  Total Remote Usage
		Usr 0 00:00:00, Sys 0 00:00:00  -  Total Local Usage
	28192228  -  Run Bytes Sent By Job
	1780295168  -  Run Bytes Received By Job
	28192228  -  Total Bytes Sent By Job
	1780295168  -  Total Bytes Received By Job
	Partitionable Resources :      Usage  Request Allocated 
	   Cpus                 :       0.13        1         1 
	   Disk (KB)            : 6901810    20971520  21483353 
	   Ioheavy              :                             0 
	   Memory (MB)          :   20459       20480     20480 
...
