000 (112045375.027.000) 05/01 17:45:20 Job submitted from host: <128.104.100.44:9618?addrs=128.104.100.44-9618+[2607-f388-107c-501-90e2-baff-fe2c-2724]-9618&noUDP&sock=4699_0235_3>
...
001 (112045375.027.000) 05/01 23:13:50 Job executing on host: <128.105.245.212:9618?addrs=128.105.245.212-9618&noUDP&sock=5446_14dd_3>
...
006 (112045375.027.000) 05/01 23:14:00 Image size of job updated: 616
	1  -  MemoryUsage of job (MB)
	616  -  ResidentSetSize of job (KB)
...
006 (112045375.027.000) 05/01 23:19:01 Image size of job updated: 648
	1  -  MemoryUsage of job (MB)
	648  -  ResidentSetSize of job (KB)
...
006 (112045375.027.000) 05/01 23:24:05 Image size of job updated: 185520
	109  -  MemoryUsage of job (MB)
	110640  -  ResidentSetSize of job (KB)
...
006 (112045375.027.000) 05/01 23:29:02 Image size of job updated: 626760
	536  -  MemoryUsage of job (MB)
	548764  -  ResidentSetSize of job (KB)
...
006 (112045375.027.000) 05/01 23:30:08 Image size of job updated: 734344
	537  -  MemoryUsage of job (MB)
	549860  -  ResidentSetSize of job (KB)
...
005 (112045375.027.000) 05/01 23:30:10 Job terminated.
	(1) Normal termination (return value 0)
		Usr 0 00:06:26, Sys 0 00:00:23  -  Run Remote Usage
		Usr 0 00:00:00, Sys 0 00:00:00  -  Run Local Usage
		Usr 0 00:06:26, Sys 0 00:00:23  -  Total Remote Usage
		Usr 0 00:00:00, Sys 0 00:00:00  -  Total Local Usage
	1277928  -  Run Bytes Sent By Job
	1780295168  -  Run Bytes Received By Job
	1277928  -  Total Bytes Sent By Job
	1780295168  -  Total Bytes Received By Job
	Partitionable Resources :      Usage  Request Allocated 
	   Cpus                 :       0.90        1         1 
	   Disk (KB)            : 6832531    20971520  21130080 
	   Ioheavy              :                             0 
	   Memory (MB)          :     537       20480     20480 
...
