000 (112070732.098.000) 05/02 11:03:03 Job submitted from host: <128.104.100.44:9618?addrs=128.104.100.44-9618+[2607-f388-107c-501-90e2-baff-fe2c-2724]-9618&noUDP&sock=4699_0235_3>
...
001 (112070732.098.000) 05/03 01:22:51 Job executing on host: <128.105.245.228:9618?addrs=128.105.245.228-9618&noUDP&sock=5445_6544_23>
...
006 (112070732.098.000) 05/03 01:23:00 Image size of job updated: 628
	1  -  MemoryUsage of job (MB)
	628  -  ResidentSetSize of job (KB)
...
006 (112070732.098.000) 05/03 01:28:01 Image size of job updated: 656
	1  -  MemoryUsage of job (MB)
	656  -  ResidentSetSize of job (KB)
...
006 (112070732.098.000) 05/03 01:33:01 Image size of job updated: 279992
	198  -  MemoryUsage of job (MB)
	202004  -  ResidentSetSize of job (KB)
...
006 (112070732.098.000) 05/03 01:38:03 Image size of job updated: 684104
	592  -  MemoryUsage of job (MB)
	606108  -  ResidentSetSize of job (KB)
...
006 (112070732.098.000) 05/03 01:43:02 Image size of job updated: 1214672
	1110  -  MemoryUsage of job (MB)
	1136620  -  ResidentSetSize of job (KB)
...
006 (112070732.098.000) 05/03 01:48:02 Image size of job updated: 1742216
	1626  -  MemoryUsage of job (MB)
	1664164  -  ResidentSetSize of job (KB)
...
006 (112070732.098.000) 05/03 01:53:12 Image size of job updated: 2270440
	2142  -  MemoryUsage of job (MB)
	2192388  -  ResidentSetSize of job (KB)
...
006 (112070732.098.000) 05/03 01:58:20 Image size of job updated: 2906632
	2763  -  MemoryUsage of job (MB)
	2828580  -  ResidentSetSize of job (KB)
...
006 (112070732.098.000) 05/03 02:03:05 Image size of job updated: 3717880
	3555  -  MemoryUsage of job (MB)
	3639828  -  ResidentSetSize of job (KB)
...
006 (112070732.098.000) 05/03 02:08:05 Image size of job updated: 4706072
	4520  -  MemoryUsage of job (MB)
	4628020  -  ResidentSetSize of job (KB)
...
006 (112070732.098.000) 05/03 02:13:06 Image size of job updated: 5459416
	5256  -  MemoryUsage of job (MB)
	5381364  -  ResidentSetSize of job (KB)
...
006 (112070732.098.000) 05/03 02:18:07 Image size of job updated: 6114280
	5895  -  MemoryUsage of job (MB)
	6036228  -  ResidentSetSize of job (KB)
...
006 (112070732.098.000) 05/03 02:23:07 Image size of job updated: 6732188
	6499  -  MemoryUsage of job (MB)
	6654136  -  ResidentSetSize of job (KB)
...
006 (112070732.098.000) 05/03 02:28:07 Image size of job updated: 7565392
	7312  -  MemoryUsage of job (MB)
	7487340  -  ResidentSetSize of job (KB)
...
006 (112070732.098.000) 05/03 02:33:07 Image size of job updated: 8388652
	8116  -  MemoryUsage of job (MB)
	8310600  -  ResidentSetSize of job (KB)
...
006 (112070732.098.000) 05/03 02:38:07 Image size of job updated: 9092724
	8804  -  MemoryUsage of job (MB)
	9014672  -  ResidentSetSize of job (KB)
...
006 (112070732.098.000) 05/03 02:43:07 Image size of job updated: 9826080
	9520  -  MemoryUsage of job (MB)
	9748028  -  ResidentSetSize of job (KB)
...
006 (112070732.098.000) 05/03 02:48:08 Image size of job updated: 10568076
	10245  -  MemoryUsage of job (MB)
	10490024  -  ResidentSetSize of job (KB)
...
006 (112070732.098.000) 05/03 02:53:08 Image size of job updated: 11220196
	10881  -  MemoryUsage of job (MB)
	11142144  -  ResidentSetSize of job (KB)
...
006 (112070732.098.000) 05/03 02:58:08 Image size of job updated: 11965264
	11609  -  MemoryUsage of job (MB)
	11887212  -  ResidentSetSize of job (KB)
...
006 (112070732.098.000) 05/03 03:03:09 Image size of job updated: 12643652
	12272  -  MemoryUsage of job (MB)
	12565600  -  ResidentSetSize of job (KB)
...
006 (112070732.098.000) 05/03 03:08:10 Image size of job updated: 13303344
	12916  -  MemoryUsage of job (MB)
	13225292  -  ResidentSetSize of job (KB)
...
006 (112070732.098.000) 05/03 03:13:10 Image size of job updated: 14013720
	13610  -  MemoryUsage of job (MB)
	13935668  -  ResidentSetSize of job (KB)
...
006 (112070732.098.000) 05/03 03:18:10 Image size of job updated: 14724428
	14304  -  MemoryUsage of job (MB)
	14646376  -  ResidentSetSize of job (KB)
...
006 (112070732.098.000) 05/03 03:23:11 Image size of job updated: 15397512
	14960  -  MemoryUsage of job (MB)
	15318708  -  ResidentSetSize of job (KB)
...
006 (112070732.098.000) 05/03 03:28:12 Image size of job updated: 16119976
	15664  -  MemoryUsage of job (MB)
	16039412  -  ResidentSetSize of job (KB)
...
006 (112070732.098.000) 05/03 03:33:12 Image size of job updated: 16846804
	16373  -  MemoryUsage of job (MB)
	16765004  -  ResidentSetSize of job (KB)
...
006 (112070732.098.000) 05/03 03:38:12 Image size of job updated: 17535912
	17045  -  MemoryUsage of job (MB)
	17453720  -  ResidentSetSize of job (KB)
...
006 (112070732.098.000) 05/03 03:43:13 Image size of job updated: 18325384
	17815  -  MemoryUsage of job (MB)
	18241548  -  ResidentSetSize of job (KB)
...
006 (112070732.098.000) 05/03 03:48:13 Image size of job updated: 19051364
	18520  -  MemoryUsage of job (MB)
	18964008  -  ResidentSetSize of job (KB)
...
006 (112070732.098.000) 05/03 03:53:13 Image size of job updated: 19724952
	19171  -  MemoryUsage of job (MB)
	19630636  -  ResidentSetSize of job (KB)
...
006 (112070732.098.000) 05/03 03:58:15 Image size of job updated: 20546892
	19942  -  MemoryUsage of job (MB)
	20420556  -  ResidentSetSize of job (KB)
...
006 (112070732.098.000) 05/03 04:03:15 Image size of job updated: 21101160
	20353  -  MemoryUsage of job (MB)
	20840808  -  ResidentSetSize of job (KB)
...
006 (112070732.098.000) 05/03 04:08:15 Image size of job updated: 21718736
	20434  -  MemoryUsage of job (MB)
	20924252  -  ResidentSetSize of job (KB)
...
006 (112070732.098.000) 05/03 04:13:16 Image size of job updated: 22358920
	20444  -  MemoryUsage of job (MB)
	20934492  -  ResidentSetSize of job (KB)
...
006 (112070732.098.000) 05/03 04:18:16 Image size of job updated: 23086436
	20444  -  MemoryUsage of job (MB)
	20934492  -  ResidentSetSize of job (KB)
...
005 (112070732.098.000) 05/03 04:19:29 Job terminated.
	(1) Normal termination (return value 0)
		Usr 0 02:31:17, Sys 0 00:02:27  -  Run Remote Usage
		Usr 0 00:00:00, Sys 0 00:00:00  -  Run Local Usage
		Usr 0 02:31:17, Sys 0 00:02:27  -  Total Remote Usage
		Usr 0 00:00:00, Sys 0 00:00:00  -  Total Local Usage
	24880128  -  Run Bytes Sent By Job
	1780306816  -  Run Bytes Received By Job
	24880128  -  Total Bytes Sent By Job
	1780306816  -  Total Bytes Received By Job
	Partitionable Resources :      Usage  Request Allocated 
	   Cpus                 :       0.95        1         1 
	   Disk (KB)            : 6854050    20971520  21555782 
	   Ioheavy              :                             0 
	   Memory (MB)          :   20444       20480     20480 
...
