000 (112070732.107.000) 05/02 11:03:03 Job submitted from host: <128.104.100.44:9618?addrs=128.104.100.44-9618+[2607-f388-107c-501-90e2-baff-fe2c-2724]-9618&noUDP&sock=4699_0235_3>
...
001 (112070732.107.000) 05/03 01:25:48 Job executing on host: <128.105.245.208:9618?addrs=128.105.245.208-9618&noUDP&sock=5437_e882_3>
...
006 (112070732.107.000) 05/03 01:25:56 Image size of job updated: 624
	1  -  MemoryUsage of job (MB)
	624  -  ResidentSetSize of job (KB)
...
006 (112070732.107.000) 05/03 01:30:57 Image size of job updated: 652
	1  -  MemoryUsage of job (MB)
	652  -  ResidentSetSize of job (KB)
...
006 (112070732.107.000) 05/03 01:35:59 Image size of job updated: 457300
	371  -  MemoryUsage of job (MB)
	379304  -  ResidentSetSize of job (KB)
...
006 (112070732.107.000) 05/03 01:40:59 Image size of job updated: 866588
	771  -  MemoryUsage of job (MB)
	788536  -  ResidentSetSize of job (KB)
...
006 (112070732.107.000) 05/03 01:46:00 Image size of job updated: 1321832
	1215  -  MemoryUsage of job (MB)
	1243780  -  ResidentSetSize of job (KB)
...
006 (112070732.107.000) 05/03 01:51:00 Image size of job updated: 1975772
	1854  -  MemoryUsage of job (MB)
	1897720  -  ResidentSetSize of job (KB)
...
006 (112070732.107.000) 05/03 01:56:49 Image size of job updated: 2705568
	2566  -  MemoryUsage of job (MB)
	2627516  -  ResidentSetSize of job (KB)
...
006 (112070732.107.000) 05/03 02:01:01 Image size of job updated: 3539276
	3381  -  MemoryUsage of job (MB)
	3461224  -  ResidentSetSize of job (KB)
...
006 (112070732.107.000) 05/03 02:06:01 Image size of job updated: 4284996
	4109  -  MemoryUsage of job (MB)
	4206944  -  ResidentSetSize of job (KB)
...
006 (112070732.107.000) 05/03 02:11:02 Image size of job updated: 5086568
	4892  -  MemoryUsage of job (MB)
	5008516  -  ResidentSetSize of job (KB)
...
006 (112070732.107.000) 05/03 02:16:02 Image size of job updated: 5977464
	5762  -  MemoryUsage of job (MB)
	5899412  -  ResidentSetSize of job (KB)
...
006 (112070732.107.000) 05/03 02:21:04 Image size of job updated: 6818228
	6583  -  MemoryUsage of job (MB)
	6740176  -  ResidentSetSize of job (KB)
...
006 (112070732.107.000) 05/03 02:26:04 Image size of job updated: 7651636
	7397  -  MemoryUsage of job (MB)
	7573584  -  ResidentSetSize of job (KB)
...
006 (112070732.107.000) 05/03 02:31:05 Image size of job updated: 8477596
	8203  -  MemoryUsage of job (MB)
	8399544  -  ResidentSetSize of job (KB)
...
006 (112070732.107.000) 05/03 02:36:05 Image size of job updated: 9233712
	8942  -  MemoryUsage of job (MB)
	9155660  -  ResidentSetSize of job (KB)
...
006 (112070732.107.000) 05/03 02:41:06 Image size of job updated: 9956616
	9648  -  MemoryUsage of job (MB)
	9878564  -  ResidentSetSize of job (KB)
...
006 (112070732.107.000) 05/03 02:46:06 Image size of job updated: 10590256
	10266  -  MemoryUsage of job (MB)
	10512204  -  ResidentSetSize of job (KB)
...
006 (112070732.107.000) 05/03 02:51:08 Image size of job updated: 11283164
	10943  -  MemoryUsage of job (MB)
	11205112  -  ResidentSetSize of job (KB)
...
006 (112070732.107.000) 05/03 02:56:08 Image size of job updated: 12026084
	11668  -  MemoryUsage of job (MB)
	11948032  -  ResidentSetSize of job (KB)
...
006 (112070732.107.000) 05/03 03:01:10 Image size of job updated: 12716832
	12343  -  MemoryUsage of job (MB)
	12638780  -  ResidentSetSize of job (KB)
...
006 (112070732.107.000) 05/03 03:06:10 Image size of job updated: 13365184
	12976  -  MemoryUsage of job (MB)
	13287132  -  ResidentSetSize of job (KB)
...
006 (112070732.107.000) 05/03 03:11:12 Image size of job updated: 14035860
	13631  -  MemoryUsage of job (MB)
	13957808  -  ResidentSetSize of job (KB)
...
006 (112070732.107.000) 05/03 03:16:12 Image size of job updated: 14715764
	14295  -  MemoryUsage of job (MB)
	14637712  -  ResidentSetSize of job (KB)
...
006 (112070732.107.000) 05/03 03:21:12 Image size of job updated: 15413056
	14976  -  MemoryUsage of job (MB)
	15335004  -  ResidentSetSize of job (KB)
...
006 (112070732.107.000) 05/03 03:26:12 Image size of job updated: 16064876
	15613  -  MemoryUsage of job (MB)
	15986824  -  ResidentSetSize of job (KB)
...
006 (112070732.107.000) 05/03 03:31:13 Image size of job updated: 16741900
	16274  -  MemoryUsage of job (MB)
	16663848  -  ResidentSetSize of job (KB)
...
006 (112070732.107.000) 05/03 03:36:13 Image size of job updated: 17497224
	17008  -  MemoryUsage of job (MB)
	17415976  -  ResidentSetSize of job (KB)
...
006 (112070732.107.000) 05/03 03:41:13 Image size of job updated: 18102024
	17596  -  MemoryUsage of job (MB)
	18017832  -  ResidentSetSize of job (KB)
...
006 (112070732.107.000) 05/03 03:46:14 Image size of job updated: 18705232
	18177  -  MemoryUsage of job (MB)
	18612888  -  ResidentSetSize of job (KB)
...
006 (112070732.107.000) 05/03 03:51:14 Image size of job updated: 19383292
	18828  -  MemoryUsage of job (MB)
	19279300  -  ResidentSetSize of job (KB)
...
006 (112070732.107.000) 05/03 03:56:15 Image size of job updated: 20115004
	19527  -  MemoryUsage of job (MB)
	19995048  -  ResidentSetSize of job (KB)
...
006 (112070732.107.000) 05/03 04:01:15 Image size of job updated: 20834032
	20153  -  MemoryUsage of job (MB)
	20635896  -  ResidentSetSize of job (KB)
...
006 (112070732.107.000) 05/03 04:06:15 Image size of job updated: 21459036
	20432  -  MemoryUsage of job (MB)
	20921748  -  ResidentSetSize of job (KB)
...
006 (112070732.107.000) 05/03 04:11:16 Image size of job updated: 22155968
	20433  -  MemoryUsage of job (MB)
	20923172  -  ResidentSetSize of job (KB)
...
006 (112070732.107.000) 05/03 04:16:16 Image size of job updated: 22909880
	20433  -  MemoryUsage of job (MB)
	20923172  -  ResidentSetSize of job (KB)
...
006 (112070732.107.000) 05/03 04:19:08 Image size of job updated: 23332404
	20433  -  MemoryUsage of job (MB)
	20923172  -  ResidentSetSize of job (KB)
...
005 (112070732.107.000) 05/03 04:19:10 Job terminated.
	(1) Normal termination (return value 0)
		Usr 0 02:35:19, Sys 0 00:02:23  -  Run Remote Usage
		Usr 0 00:00:00, Sys 0 00:00:00  -  Run Local Usage
		Usr 0 02:35:19, Sys 0 00:02:23  -  Total Remote Usage
		Usr 0 00:00:00, Sys 0 00:00:00  -  Total Local Usage
	25154974  -  Run Bytes Sent By Job
	1780306816  -  Run Bytes Received By Job
	25154974  -  Total Bytes Sent By Job
	1780306816  -  Total Bytes Received By Job
	Partitionable Resources :      Usage  Request Allocated 
	   Cpus                 :       0.95        1         1 
	   Disk (KB)            : 6854317    20971520  21691345 
	   Ioheavy              :                             0 
	   Memory (MB)          :   20433       20480     20480 
...
