000 (112045375.123.000) 05/01 17:45:20 Job submitted from host: <128.104.100.44:9618?addrs=128.104.100.44-9618+[2607-f388-107c-501-90e2-baff-fe2c-2724]-9618&noUDP&sock=4699_0235_3>
...
001 (112045375.123.000) 05/02 00:13:25 Job executing on host: <128.105.245.153:9618?addrs=128.105.245.153-9618&noUDP&sock=5476_a8b4_29>
...
006 (112045375.123.000) 05/02 00:13:34 Image size of job updated: 620
	1  -  MemoryUsage of job (MB)
	620  -  ResidentSetSize of job (KB)
...
006 (112045375.123.000) 05/02 00:18:36 Image size of job updated: 652
	1  -  MemoryUsage of job (MB)
	652  -  ResidentSetSize of job (KB)
...
006 (112045375.123.000) 05/02 00:23:36 Image size of job updated: 531844
	444  -  MemoryUsage of job (MB)
	453848  -  ResidentSetSize of job (KB)
...
006 (112045375.123.000) 05/02 00:28:36 Image size of job updated: 973880
	875  -  MemoryUsage of job (MB)
	895828  -  ResidentSetSize of job (KB)
...
006 (112045375.123.000) 05/02 00:33:37 Image size of job updated: 1442888
	1333  -  MemoryUsage of job (MB)
	1364836  -  ResidentSetSize of job (KB)
...
006 (112045375.123.000) 05/02 00:38:38 Image size of job updated: 2001644
	1879  -  MemoryUsage of job (MB)
	1923592  -  ResidentSetSize of job (KB)
...
006 (112045375.123.000) 05/02 00:43:39 Image size of job updated: 2637220
	2500  -  MemoryUsage of job (MB)
	2559168  -  ResidentSetSize of job (KB)
...
006 (112045375.123.000) 05/02 00:45:44 Image size of job updated: 2935448
	2500  -  MemoryUsage of job (MB)
	2559480  -  ResidentSetSize of job (KB)
...
005 (112045375.123.000) 05/02 00:45:46 Job terminated.
	(1) Normal termination (return value 0)
		Usr 0 00:25:08, Sys 0 00:00:31  -  Run Remote Usage
		Usr 0 00:00:00, Sys 0 00:00:00  -  Run Local Usage
		Usr 0 00:25:08, Sys 0 00:00:31  -  Total Remote Usage
		Usr 0 00:00:00, Sys 0 00:00:00  -  Total Local Usage
	6153850  -  Run Bytes Sent By Job
	1780295168  -  Run Bytes Received By Job
	6153850  -  Total Bytes Sent By Job
	1780295168  -  Total Bytes Received By Job
	Partitionable Resources :      Usage  Request Allocated 
	   Cpus                 :       1.00        1         1 
	   Disk (KB)            : 6846025    20971520  21318798 
	   Ioheavy              :                             0 
	   Memory (MB)          :    2500       20480     20480 
...
