000 (112045375.172.000) 05/01 17:45:20 Job submitted from host: <128.104.100.44:9618?addrs=128.104.100.44-9618+[2607-f388-107c-501-90e2-baff-fe2c-2724]-9618&noUDP&sock=4699_0235_3>
...
001 (112045375.172.000) 05/02 00:52:22 Job executing on host: <128.105.245.236:9618?addrs=128.105.245.236-9618&noUDP&sock=5457_a067_3>
...
006 (112045375.172.000) 05/02 00:52:31 Image size of job updated: 620
	1  -  MemoryUsage of job (MB)
	620  -  ResidentSetSize of job (KB)
...
006 (112045375.172.000) 05/02 00:57:33 Image size of job updated: 644
	1  -  MemoryUsage of job (MB)
	644  -  ResidentSetSize of job (KB)
...
006 (112045375.172.000) 05/02 01:07:35 Image size of job updated: 652
	1  -  MemoryUsage of job (MB)
	652  -  ResidentSetSize of job (KB)
...
006 (112045375.172.000) 05/02 01:12:36 Image size of job updated: 660
	1  -  MemoryUsage of job (MB)
	660  -  ResidentSetSize of job (KB)
...
006 (112045375.172.000) 05/02 01:17:37 Image size of job updated: 400112
	315  -  MemoryUsage of job (MB)
	322116  -  ResidentSetSize of job (KB)
...
006 (112045375.172.000) 05/02 01:22:37 Image size of job updated: 729964
	637  -  MemoryUsage of job (MB)
	651968  -  ResidentSetSize of job (KB)
...
006 (112045375.172.000) 05/02 01:23:20 Image size of job updated: 760684
	637  -  MemoryUsage of job (MB)
	651968  -  ResidentSetSize of job (KB)
...
005 (112045375.172.000) 05/02 01:23:22 Job terminated.
	(1) Normal termination (return value 0)
		Usr 0 00:07:02, Sys 0 00:00:24  -  Run Remote Usage
		Usr 0 00:00:00, Sys 0 00:00:00  -  Run Local Usage
		Usr 0 00:07:02, Sys 0 00:00:24  -  Total Remote Usage
		Usr 0 00:00:00, Sys 0 00:00:00  -  Total Local Usage
	1336340  -  Run Bytes Sent By Job
	1780295168  -  Run Bytes Received By Job
	1336340  -  Total Bytes Sent By Job
	1780295168  -  Total Bytes Received By Job
	Partitionable Resources :      Usage  Request Allocated 
	   Cpus                 :       0.66        1         1 
	   Disk (KB)            : 6832940    20971520  21300574 
	   Ioheavy              :                             0 
	   Memory (MB)          :     637       20480     20480 
...
