000 (112045375.164.000) 05/01 17:45:20 Job submitted from host: <128.104.100.44:9618?addrs=128.104.100.44-9618+[2607-f388-107c-501-90e2-baff-fe2c-2724]-9618&noUDP&sock=4699_0235_3>
...
001 (112045375.164.000) 05/02 00:49:49 Job executing on host: <128.105.245.223:9618?addrs=128.105.245.223-9618&noUDP&sock=5421_eefe_3>
...
006 (112045375.164.000) 05/02 00:49:58 Image size of job updated: 628
	1  -  MemoryUsage of job (MB)
	628  -  ResidentSetSize of job (KB)
...
006 (112045375.164.000) 05/02 00:55:00 Image size of job updated: 656
	1  -  MemoryUsage of job (MB)
	656  -  ResidentSetSize of job (KB)
...
006 (112045375.164.000) 05/02 01:00:00 Image size of job updated: 516780
	429  -  MemoryUsage of job (MB)
	438784  -  ResidentSetSize of job (KB)
...
006 (112045375.164.000) 05/02 01:05:01 Image size of job updated: 914284
	817  -  MemoryUsage of job (MB)
	836232  -  ResidentSetSize of job (KB)
...
006 (112045375.164.000) 05/02 01:10:02 Image size of job updated: 1399444
	1291  -  MemoryUsage of job (MB)
	1321392  -  ResidentSetSize of job (KB)
...
006 (112045375.164.000) 05/02 01:15:02 Image size of job updated: 2005288
	1883  -  MemoryUsage of job (MB)
	1927236  -  ResidentSetSize of job (KB)
...
006 (112045375.164.000) 05/02 01:20:03 Image size of job updated: 2683336
	2545  -  MemoryUsage of job (MB)
	2605284  -  ResidentSetSize of job (KB)
...
006 (112045375.164.000) 05/02 01:25:03 Image size of job updated: 3495760
	3338  -  MemoryUsage of job (MB)
	3417708  -  ResidentSetSize of job (KB)
...
006 (112045375.164.000) 05/02 01:30:04 Image size of job updated: 4354396
	4177  -  MemoryUsage of job (MB)
	4276344  -  ResidentSetSize of job (KB)
...
006 (112045375.164.000) 05/02 01:35:04 Image size of job updated: 5173060
	4976  -  MemoryUsage of job (MB)
	5095008  -  ResidentSetSize of job (KB)
...
006 (112045375.164.000) 05/02 01:40:05 Image size of job updated: 5919860
	5705  -  MemoryUsage of job (MB)
	5841808  -  ResidentSetSize of job (KB)
...
006 (112045375.164.000) 05/02 01:45:05 Image size of job updated: 6703136
	6470  -  MemoryUsage of job (MB)
	6625084  -  ResidentSetSize of job (KB)
...
006 (112045375.164.000) 05/02 01:50:06 Image size of job updated: 7385652
	7137  -  MemoryUsage of job (MB)
	7307600  -  ResidentSetSize of job (KB)
...
006 (112045375.164.000) 05/02 01:55:06 Image size of job updated: 8191476
	7924  -  MemoryUsage of job (MB)
	8113424  -  ResidentSetSize of job (KB)
...
006 (112045375.164.000) 05/02 02:00:07 Image size of job updated: 8831676
	8549  -  MemoryUsage of job (MB)
	8753624  -  ResidentSetSize of job (KB)
...
006 (112045375.164.000) 05/02 02:05:07 Image size of job updated: 9430336
	9134  -  MemoryUsage of job (MB)
	9352284  -  ResidentSetSize of job (KB)
...
006 (112045375.164.000) 05/02 02:10:09 Image size of job updated: 10117820
	9805  -  MemoryUsage of job (MB)
	10039768  -  ResidentSetSize of job (KB)
...
006 (112045375.164.000) 05/02 02:15:09 Image size of job updated: 10708344
	10382  -  MemoryUsage of job (MB)
	10630292  -  ResidentSetSize of job (KB)
...
006 (112045375.164.000) 05/02 02:20:09 Image size of job updated: 11364860
	11023  -  MemoryUsage of job (MB)
	11286808  -  ResidentSetSize of job (KB)
...
006 (112045375.164.000) 05/02 02:25:09 Image size of job updated: 12133056
	11773  -  MemoryUsage of job (MB)
	12055004  -  ResidentSetSize of job (KB)
...
006 (112045375.164.000) 05/02 02:30:09 Image size of job updated: 12761772
	12387  -  MemoryUsage of job (MB)
	12683720  -  ResidentSetSize of job (KB)
...
006 (112045375.164.000) 05/02 02:35:10 Image size of job updated: 13425312
	13035  -  MemoryUsage of job (MB)
	13347260  -  ResidentSetSize of job (KB)
...
006 (112045375.164.000) 05/02 02:40:10 Image size of job updated: 13994704
	13591  -  MemoryUsage of job (MB)
	13916652  -  ResidentSetSize of job (KB)
...
006 (112045375.164.000) 05/02 02:45:11 Image size of job updated: 14586472
	14169  -  MemoryUsage of job (MB)
	14508420  -  ResidentSetSize of job (KB)
...
006 (112045375.164.000) 05/02 02:50:12 Image size of job updated: 15244968
	14812  -  MemoryUsage of job (MB)
	15166756  -  ResidentSetSize of job (KB)
...
006 (112045375.164.000) 05/02 02:55:11 Image size of job updated: 15831704
	15383  -  MemoryUsage of job (MB)
	15752084  -  ResidentSetSize of job (KB)
...
006 (112045375.164.000) 05/02 03:00:12 Image size of job updated: 16502592
	16037  -  MemoryUsage of job (MB)
	16421836  -  ResidentSetSize of job (KB)
...
006 (112045375.164.000) 05/02 03:05:13 Image size of job updated: 17178396
	16696  -  MemoryUsage of job (MB)
	17096672  -  ResidentSetSize of job (KB)
...
006 (112045375.164.000) 05/02 03:10:13 Image size of job updated: 17952880
	17452  -  MemoryUsage of job (MB)
	17870756  -  ResidentSetSize of job (KB)
...
006 (112045375.164.000) 05/02 03:15:14 Image size of job updated: 18841912
	18319  -  MemoryUsage of job (MB)
	18758148  -  ResidentSetSize of job (KB)
...
006 (112045375.164.000) 05/02 03:20:15 Image size of job updated: 19553464
	19007  -  MemoryUsage of job (MB)
	19462192  -  ResidentSetSize of job (KB)
...
006 (112045375.164.000) 05/02 03:25:16 Image size of job updated: 20223424
	19632  -  MemoryUsage of job (MB)
	20102424  -  ResidentSetSize of job (KB)
...
006 (112045375.164.000) 05/02 03:30:16 Image size of job updated: 20865752
	20205  -  MemoryUsage of job (MB)
	20689644  -  ResidentSetSize of job (KB)
...
006 (112045375.164.000) 05/02 03:35:17 Image size of job updated: 21344632
	20437  -  MemoryUsage of job (MB)
	20926572  -  ResidentSetSize of job (KB)
...
006 (112045375.164.000) 05/02 03:40:17 Image size of job updated: 21969388
	20440  -  MemoryUsage of job (MB)
	20930420  -  ResidentSetSize of job (KB)
...
006 (112045375.164.000) 05/02 03:45:19 Image size of job updated: 22630716
	20447  -  MemoryUsage of job (MB)
	20936960  -  ResidentSetSize of job (KB)
...
006 (112045375.164.000) 05/02 03:50:12 Image size of job updated: 23151320
	20447  -  MemoryUsage of job (MB)
	20936960  -  ResidentSetSize of job (KB)
...
005 (112045375.164.000) 05/02 03:50:15 Job terminated.
	(1) Normal termination (return value 0)
		Usr 0 02:37:36, Sys 0 00:05:19  -  Run Remote Usage
		Usr 0 00:00:00, Sys 0 00:00:00  -  Run Local Usage
		Usr 0 02:37:36, Sys 0 00:05:19  -  Total Remote Usage
		Usr 0 00:00:00, Sys 0 00:00:00  -  Total Local Usage
	24848184  -  Run Bytes Sent By Job
	1780295168  -  Run Bytes Received By Job
	24848184  -  Total Bytes Sent By Job
	1780295168  -  Total Bytes Received By Job
	Partitionable Resources :      Usage  Request Allocated 
	   Cpus                 :       0.94        1         1 
	   Disk (KB)            : 6853996    20971520  21017209 
	   Ioheavy              :                             0 
	   Memory (MB)          :   20447       20480     20480 
...
