000 (112045375.099.000) 05/01 17:45:20 Job submitted from host: <128.104.100.44:9618?addrs=128.104.100.44-9618+[2607-f388-107c-501-90e2-baff-fe2c-2724]-9618&noUDP&sock=4699_0235_3>
...
001 (112045375.099.000) 05/01 23:57:22 Job executing on host: <128.105.245.214:9618?addrs=128.105.245.214-9618&noUDP&sock=5455_4137_3>
...
006 (112045375.099.000) 05/01 23:57:30 Image size of job updated: 624
	1  -  MemoryUsage of job (MB)
	624  -  ResidentSetSize of job (KB)
...
006 (112045375.099.000) 05/02 00:02:31 Image size of job updated: 648
	1  -  MemoryUsage of job (MB)
	648  -  ResidentSetSize of job (KB)
...
006 (112045375.099.000) 05/02 00:07:32 Image size of job updated: 479304
	392  -  MemoryUsage of job (MB)
	401308  -  ResidentSetSize of job (KB)
...
006 (112045375.099.000) 05/02 00:12:32 Image size of job updated: 822300
	727  -  MemoryUsage of job (MB)
	744268  -  ResidentSetSize of job (KB)
...
006 (112045375.099.000) 05/02 00:17:33 Image size of job updated: 1142324
	1040  -  MemoryUsage of job (MB)
	1064272  -  ResidentSetSize of job (KB)
...
006 (112045375.099.000) 05/02 00:22:34 Image size of job updated: 1555768
	1444  -  MemoryUsage of job (MB)
	1477716  -  ResidentSetSize of job (KB)
...
006 (112045375.099.000) 05/02 00:27:34 Image size of job updated: 2084288
	1960  -  MemoryUsage of job (MB)
	2006236  -  ResidentSetSize of job (KB)
...
006 (112045375.099.000) 05/02 00:32:34 Image size of job updated: 2670152
	2532  -  MemoryUsage of job (MB)
	2592100  -  ResidentSetSize of job (KB)
...
006 (112045375.099.000) 05/02 00:37:35 Image size of job updated: 3520720
	3362  -  MemoryUsage of job (MB)
	3442668  -  ResidentSetSize of job (KB)
...
006 (112045375.099.000) 05/02 00:42:35 Image size of job updated: 4155804
	3983  -  MemoryUsage of job (MB)
	4077752  -  ResidentSetSize of job (KB)
...
006 (112045375.099.000) 05/02 00:47:37 Image size of job updated: 4923688
	4733  -  MemoryUsage of job (MB)
	4845636  -  ResidentSetSize of job (KB)
...
006 (112045375.099.000) 05/02 00:52:37 Image size of job updated: 5662436
	5454  -  MemoryUsage of job (MB)
	5584384  -  ResidentSetSize of job (KB)
...
006 (112045375.099.000) 05/02 00:57:38 Image size of job updated: 6478616
	6251  -  MemoryUsage of job (MB)
	6400564  -  ResidentSetSize of job (KB)
...
006 (112045375.099.000) 05/02 01:02:39 Image size of job updated: 7737004
	7480  -  MemoryUsage of job (MB)
	7658952  -  ResidentSetSize of job (KB)
...
006 (112045375.099.000) 05/02 01:07:39 Image size of job updated: 8473144
	8199  -  MemoryUsage of job (MB)
	8395092  -  ResidentSetSize of job (KB)
...
006 (112045375.099.000) 05/02 01:12:41 Image size of job updated: 8932096
	8647  -  MemoryUsage of job (MB)
	8854044  -  ResidentSetSize of job (KB)
...
006 (112045375.099.000) 05/02 01:14:40 Image size of job updated: 9156512
	8648  -  MemoryUsage of job (MB)
	8854776  -  ResidentSetSize of job (KB)
...
005 (112045375.099.000) 05/02 01:14:41 Job terminated.
	(1) Normal termination (return value 0)
		Usr 0 00:56:03, Sys 0 00:00:55  -  Run Remote Usage
		Usr 0 00:00:00, Sys 0 00:00:00  -  Run Local Usage
		Usr 0 00:56:03, Sys 0 00:00:55  -  Total Remote Usage
		Usr 0 00:00:00, Sys 0 00:00:00  -  Total Local Usage
	12359331  -  Run Bytes Sent By Job
	1780295168  -  Run Bytes Received By Job
	12359331  -  Total Bytes Sent By Job
	1780295168  -  Total Bytes Received By Job
	Partitionable Resources :      Usage  Request Allocated 
	   Cpus                 :       0.70        1         1 
	   Disk (KB)            : 6879494    20971520  22252807 
	   Ioheavy              :                             0 
	   Memory (MB)          :    8648       20480     20480 
...
