000 (112070732.147.000) 05/02 11:03:03 Job submitted from host: <128.104.100.44:9618?addrs=128.104.100.44-9618+[2607-f388-107c-501-90e2-baff-fe2c-2724]-9618&noUDP&sock=4699_0235_3>
...
001 (112070732.147.000) 05/03 02:05:53 Job executing on host: <128.105.245.211:9618?addrs=128.105.245.211-9618&noUDP&sock=5414_21d5_3>
...
006 (112070732.147.000) 05/03 02:06:01 Image size of job updated: 624
	1  -  MemoryUsage of job (MB)
	624  -  ResidentSetSize of job (KB)
...
006 (112070732.147.000) 05/03 02:16:02 Image size of job updated: 648
	1  -  MemoryUsage of job (MB)
	648  -  ResidentSetSize of job (KB)
...
006 (112070732.147.000) 05/03 02:21:03 Image size of job updated: 652
	1  -  MemoryUsage of job (MB)
	652  -  ResidentSetSize of job (KB)
...
006 (112070732.147.000) 05/03 02:26:04 Image size of job updated: 664
	1  -  MemoryUsage of job (MB)
	664  -  ResidentSetSize of job (KB)
...
006 (112070732.147.000) 05/03 02:31:04 Image size of job updated: 513152
	425  -  MemoryUsage of job (MB)
	435156  -  ResidentSetSize of job (KB)
...
006 (112070732.147.000) 05/03 02:36:04 Image size of job updated: 797900
	703  -  MemoryUsage of job (MB)
	719868  -  ResidentSetSize of job (KB)
...
006 (112070732.147.000) 05/03 02:41:04 Image size of job updated: 1025248
	925  -  MemoryUsage of job (MB)
	947196  -  ResidentSetSize of job (KB)
...
006 (112070732.147.000) 05/03 02:46:05 Image size of job updated: 1309700
	1203  -  MemoryUsage of job (MB)
	1231648  -  ResidentSetSize of job (KB)
...
006 (112070732.147.000) 05/03 02:51:06 Image size of job updated: 1674852
	1560  -  MemoryUsage of job (MB)
	1596800  -  ResidentSetSize of job (KB)
...
006 (112070732.147.000) 05/03 02:56:07 Image size of job updated: 2267860
	2139  -  MemoryUsage of job (MB)
	2189808  -  ResidentSetSize of job (KB)
...
006 (112070732.147.000) 05/03 03:01:07 Image size of job updated: 2941176
	2797  -  MemoryUsage of job (MB)
	2863124  -  ResidentSetSize of job (KB)
...
006 (112070732.147.000) 05/03 03:06:07 Image size of job updated: 3528596
	3370  -  MemoryUsage of job (MB)
	3450544  -  ResidentSetSize of job (KB)
...
006 (112070732.147.000) 05/03 03:11:08 Image size of job updated: 4426140
	4247  -  MemoryUsage of job (MB)
	4348088  -  ResidentSetSize of job (KB)
...
006 (112070732.147.000) 05/03 03:16:09 Image size of job updated: 5281008
	5082  -  MemoryUsage of job (MB)
	5202956  -  ResidentSetSize of job (KB)
...
006 (112070732.147.000) 05/03 03:21:09 Image size of job updated: 6092672
	5874  -  MemoryUsage of job (MB)
	6014620  -  ResidentSetSize of job (KB)
...
006 (112070732.147.000) 05/03 03:26:09 Image size of job updated: 6901116
	6664  -  MemoryUsage of job (MB)
	6823064  -  ResidentSetSize of job (KB)
...
006 (112070732.147.000) 05/03 03:31:10 Image size of job updated: 7660752
	7405  -  MemoryUsage of job (MB)
	7582700  -  ResidentSetSize of job (KB)
...
006 (112070732.147.000) 05/03 03:36:11 Image size of job updated: 8446212
	8173  -  MemoryUsage of job (MB)
	8368160  -  ResidentSetSize of job (KB)
...
006 (112070732.147.000) 05/03 03:41:11 Image size of job updated: 9205196
	8914  -  MemoryUsage of job (MB)
	9127144  -  ResidentSetSize of job (KB)
...
006 (112070732.147.000) 05/03 03:46:12 Image size of job updated: 9906864
	9599  -  MemoryUsage of job (MB)
	9828812  -  ResidentSetSize of job (KB)
...
006 (112070732.147.000) 05/03 03:51:13 Image size of job updated: 10590948
	10267  -  MemoryUsage of job (MB)
	10512896  -  ResidentSetSize of job (KB)
...
006 (112070732.147.000) 05/03 03:56:13 Image size of job updated: 11228316
	10889  -  MemoryUsage of job (MB)
	11150264  -  ResidentSetSize of job (KB)
...
006 (112070732.147.000) 05/03 04:01:13 Image size of job updated: 11974036
	11618  -  MemoryUsage of job (MB)
	11895984  -  ResidentSetSize of job (KB)
...
006 (112070732.147.000) 05/03 04:06:13 Image size of job updated: 12644792
	12273  -  MemoryUsage of job (MB)
	12566740  -  ResidentSetSize of job (KB)
...
006 (112070732.147.000) 05/03 04:11:14 Image size of job updated: 13296492
	12909  -  MemoryUsage of job (MB)
	13218440  -  ResidentSetSize of job (KB)
...
006 (112070732.147.000) 05/03 04:16:14 Image size of job updated: 13929136
	13527  -  MemoryUsage of job (MB)
	13851084  -  ResidentSetSize of job (KB)
...
006 (112070732.147.000) 05/03 04:21:15 Image size of job updated: 14599392
	14181  -  MemoryUsage of job (MB)
	14521340  -  ResidentSetSize of job (KB)
...
006 (112070732.147.000) 05/03 04:26:16 Image size of job updated: 15232752
	14800  -  MemoryUsage of job (MB)
	15154700  -  ResidentSetSize of job (KB)
...
006 (112070732.147.000) 05/03 04:31:16 Image size of job updated: 15970000
	15519  -  MemoryUsage of job (MB)
	15890880  -  ResidentSetSize of job (KB)
...
006 (112070732.147.000) 05/03 04:36:18 Image size of job updated: 16694792
	16225  -  MemoryUsage of job (MB)
	16613736  -  ResidentSetSize of job (KB)
...
006 (112070732.147.000) 05/03 04:41:18 Image size of job updated: 17439740
	16946  -  MemoryUsage of job (MB)
	17351988  -  ResidentSetSize of job (KB)
...
006 (112070732.147.000) 05/03 04:46:19 Image size of job updated: 18084392
	17569  -  MemoryUsage of job (MB)
	17990192  -  ResidentSetSize of job (KB)
...
006 (112070732.147.000) 05/03 04:51:19 Image size of job updated: 18696508
	18155  -  MemoryUsage of job (MB)
	18590204  -  ResidentSetSize of job (KB)
...
006 (112070732.147.000) 05/03 04:56:19 Image size of job updated: 19308252
	18741  -  MemoryUsage of job (MB)
	19190780  -  ResidentSetSize of job (KB)
...
006 (112070732.147.000) 05/03 05:01:20 Image size of job updated: 19939912
	19339  -  MemoryUsage of job (MB)
	19802712  -  ResidentSetSize of job (KB)
...
006 (112070732.147.000) 05/03 05:06:20 Image size of job updated: 20369580
	19736  -  MemoryUsage of job (MB)
	20208740  -  ResidentSetSize of job (KB)
...
006 (112070732.147.000) 05/03 05:11:20 Image size of job updated: 20957400
	20262  -  MemoryUsage of job (MB)
	20747668  -  ResidentSetSize of job (KB)
...
006 (112070732.147.000) 05/03 05:16:21 Image size of job updated: 21278856
	20429  -  MemoryUsage of job (MB)
	20918904  -  ResidentSetSize of job (KB)
...
006 (112070732.147.000) 05/03 05:21:21 Image size of job updated: 21362240
	20429  -  MemoryUsage of job (MB)
	20918904  -  ResidentSetSize of job (KB)
...
006 (112070732.147.000) 05/03 05:26:21 Image size of job updated: 21414324
	20430  -  MemoryUsage of job (MB)
	20919596  -  ResidentSetSize of job (KB)
...
006 (112070732.147.000) 05/03 05:31:21 Image size of job updated: 21564344
	20458  -  MemoryUsage of job (MB)
	20948168  -  ResidentSetSize of job (KB)
...
006 (112070732.147.000) 05/03 05:36:23 Image size of job updated: 21628828
	20458  -  MemoryUsage of job (MB)
	20948168  -  ResidentSetSize of job (KB)
...
006 (112070732.147.000) 05/03 05:41:23 Image size of job updated: 21699608
	20458  -  MemoryUsage of job (MB)
	20948168  -  ResidentSetSize of job (KB)
...
006 (112070732.147.000) 05/03 05:46:23 Image size of job updated: 21744780
	20458  -  MemoryUsage of job (MB)
	20948168  -  ResidentSetSize of job (KB)
...
006 (112070732.147.000) 05/03 05:51:24 Image size of job updated: 21888248
	20463  -  MemoryUsage of job (MB)
	20953488  -  ResidentSetSize of job (KB)
...
006 (112070732.147.000) 05/03 05:56:26 Image size of job updated: 21906872
	20463  -  MemoryUsage of job (MB)
	20953488  -  ResidentSetSize of job (KB)
...
006 (112070732.147.000) 05/03 06:01:26 Image size of job updated: 21959992
	20463  -  MemoryUsage of job (MB)
	20953488  -  ResidentSetSize of job (KB)
...
006 (112070732.147.000) 05/03 06:06:26 Image size of job updated: 22060160
	20463  -  MemoryUsage of job (MB)
	20953488  -  ResidentSetSize of job (KB)
...
006 (112070732.147.000) 05/03 06:11:27 Image size of job updated: 22320996
	20463  -  MemoryUsage of job (MB)
	20953488  -  ResidentSetSize of job (KB)
...
006 (112070732.147.000) 05/03 06:16:28 Image size of job updated: 22749980
	20463  -  MemoryUsage of job (MB)
	20953488  -  ResidentSetSize of job (KB)
...
005 (112070732.147.000) 05/03 06:21:20 Job terminated.
	(1) Normal termination (return value 0)
		Usr 0 02:35:20, Sys 0 00:06:00  -  Run Remote Usage
		Usr 0 00:00:00, Sys 0 00:00:00  -  Run Local Usage
		Usr 0 02:35:20, Sys 0 00:06:00  -  Total Remote Usage
		Usr 0 00:00:00, Sys 0 00:00:00  -  Total Local Usage
	24780504  -  Run Bytes Sent By Job
	1780306816  -  Run Bytes Received By Job
	24780504  -  Total Bytes Sent By Job
	1780306816  -  Total Bytes Received By Job
	Partitionable Resources :      Usage  Request Allocated 
	   Cpus                 :       0.99        1         1 
	   Disk (KB)            : 6853952    20971520  23136112 
	   Ioheavy              :                             0 
	   Memory (MB)          :   20463       20480     20480 
...
