000 (112045375.135.000) 05/01 17:45:20 Job submitted from host: <128.104.100.44:9618?addrs=128.104.100.44-9618+[2607-f388-107c-501-90e2-baff-fe2c-2724]-9618&noUDP&sock=4699_0235_3>
...
001 (112045375.135.000) 05/02 00:27:24 Job executing on host: <128.105.245.178:9618?addrs=128.105.245.178-9618&noUDP&sock=5426_5cf8_29>
...
006 (112045375.135.000) 05/02 00:27:34 Image size of job updated: 644
	1  -  MemoryUsage of job (MB)
	624  -  ResidentSetSize of job (KB)
...
006 (112045375.135.000) 05/02 00:32:35 Image size of job updated: 299764
	217  -  MemoryUsage of job (MB)
	221748  -  ResidentSetSize of job (KB)
...
006 (112045375.135.000) 05/02 00:37:35 Image size of job updated: 601916
	512  -  MemoryUsage of job (MB)
	523900  -  ResidentSetSize of job (KB)
...
006 (112045375.135.000) 05/02 00:42:35 Image size of job updated: 1024528
	925  -  MemoryUsage of job (MB)
	946456  -  ResidentSetSize of job (KB)
...
006 (112045375.135.000) 05/02 00:47:35 Image size of job updated: 1588668
	1476  -  MemoryUsage of job (MB)
	1510596  -  ResidentSetSize of job (KB)
...
006 (112045375.135.000) 05/02 00:52:36 Image size of job updated: 2060572
	1937  -  MemoryUsage of job (MB)
	1982500  -  ResidentSetSize of job (KB)
...
006 (112045375.135.000) 05/02 00:57:37 Image size of job updated: 2785092
	2644  -  MemoryUsage of job (MB)
	2707020  -  ResidentSetSize of job (KB)
...
006 (112045375.135.000) 05/02 01:02:38 Image size of job updated: 3681560
	3520  -  MemoryUsage of job (MB)
	3603488  -  ResidentSetSize of job (KB)
...
006 (112045375.135.000) 05/02 01:07:38 Image size of job updated: 4531180
	4349  -  MemoryUsage of job (MB)
	4453108  -  ResidentSetSize of job (KB)
...
006 (112045375.135.000) 05/02 01:12:39 Image size of job updated: 5377968
	5176  -  MemoryUsage of job (MB)
	5299896  -  ResidentSetSize of job (KB)
...
006 (112045375.135.000) 05/02 01:17:40 Image size of job updated: 6181328
	5961  -  MemoryUsage of job (MB)
	6103256  -  ResidentSetSize of job (KB)
...
006 (112045375.135.000) 05/02 01:22:40 Image size of job updated: 6998548
	6759  -  MemoryUsage of job (MB)
	6920476  -  ResidentSetSize of job (KB)
...
006 (112045375.135.000) 05/02 01:27:40 Image size of job updated: 7697720
	7442  -  MemoryUsage of job (MB)
	7619648  -  ResidentSetSize of job (KB)
...
006 (112045375.135.000) 05/02 01:32:42 Image size of job updated: 8489668
	8215  -  MemoryUsage of job (MB)
	8411596  -  ResidentSetSize of job (KB)
...
006 (112045375.135.000) 05/02 01:37:42 Image size of job updated: 9240092
	8948  -  MemoryUsage of job (MB)
	9162020  -  ResidentSetSize of job (KB)
...
006 (112045375.135.000) 05/02 01:42:42 Image size of job updated: 9936908
	9628  -  MemoryUsage of job (MB)
	9858836  -  ResidentSetSize of job (KB)
...
006 (112045375.135.000) 05/02 01:47:44 Image size of job updated: 10710208
	10383  -  MemoryUsage of job (MB)
	10632136  -  ResidentSetSize of job (KB)
...
006 (112045375.135.000) 05/02 01:52:44 Image size of job updated: 11442128
	11098  -  MemoryUsage of job (MB)
	11364056  -  ResidentSetSize of job (KB)
...
006 (112045375.135.000) 05/02 01:57:44 Image size of job updated: 12150460
	11790  -  MemoryUsage of job (MB)
	12072388  -  ResidentSetSize of job (KB)
...
006 (112045375.135.000) 05/02 02:02:45 Image size of job updated: 12908640
	12530  -  MemoryUsage of job (MB)
	12830568  -  ResidentSetSize of job (KB)
...
006 (112045375.135.000) 05/02 02:07:46 Image size of job updated: 13586056
	13192  -  MemoryUsage of job (MB)
	13507984  -  ResidentSetSize of job (KB)
...
006 (112045375.135.000) 05/02 02:12:46 Image size of job updated: 14285540
	13875  -  MemoryUsage of job (MB)
	14207468  -  ResidentSetSize of job (KB)
...
006 (112045375.135.000) 05/02 02:17:47 Image size of job updated: 14978560
	14552  -  MemoryUsage of job (MB)
	14900488  -  ResidentSetSize of job (KB)
...
006 (112045375.135.000) 05/02 02:22:50 Image size of job updated: 15535904
	15096  -  MemoryUsage of job (MB)
	15457832  -  ResidentSetSize of job (KB)
...
006 (112045375.135.000) 05/02 02:27:48 Image size of job updated: 16276748
	15820  -  MemoryUsage of job (MB)
	16198676  -  ResidentSetSize of job (KB)
...
006 (112045375.135.000) 05/02 02:32:49 Image size of job updated: 17037460
	16562  -  MemoryUsage of job (MB)
	16958732  -  ResidentSetSize of job (KB)
...
006 (112045375.135.000) 05/02 02:37:49 Image size of job updated: 17676616
	17183  -  MemoryUsage of job (MB)
	17595072  -  ResidentSetSize of job (KB)
...
006 (112045375.135.000) 05/02 02:42:50 Image size of job updated: 18482872
	17968  -  MemoryUsage of job (MB)
	18398552  -  ResidentSetSize of job (KB)
...
006 (112045375.135.000) 05/02 02:47:50 Image size of job updated: 19205828
	18670  -  MemoryUsage of job (MB)
	19117396  -  ResidentSetSize of job (KB)
...
006 (112045375.135.000) 05/02 02:52:50 Image size of job updated: 19934552
	19360  -  MemoryUsage of job (MB)
	19824428  -  ResidentSetSize of job (KB)
...
006 (112045375.135.000) 05/02 02:57:51 Image size of job updated: 20281348
	19681  -  MemoryUsage of job (MB)
	20152764  -  ResidentSetSize of job (KB)
...
006 (112045375.135.000) 05/02 03:02:51 Image size of job updated: 20588332
	19953  -  MemoryUsage of job (MB)
	20431432  -  ResidentSetSize of job (KB)
...
006 (112045375.135.000) 05/02 03:07:51 Image size of job updated: 21206112
	20409  -  MemoryUsage of job (MB)
	20898184  -  ResidentSetSize of job (KB)
...
006 (112045375.135.000) 05/02 03:12:51 Image size of job updated: 21759284
	20459  -  MemoryUsage of job (MB)
	20949736  -  ResidentSetSize of job (KB)
...
006 (112045375.135.000) 05/02 03:17:52 Image size of job updated: 22483956
	20461  -  MemoryUsage of job (MB)
	20951188  -  ResidentSetSize of job (KB)
...
006 (112045375.135.000) 05/02 03:22:53 Image size of job updated: 23061648
	20461  -  MemoryUsage of job (MB)
	20951188  -  ResidentSetSize of job (KB)
...
005 (112045375.135.000) 05/02 03:23:02 Job terminated.
	(1) Normal termination (return value 0)
		Usr 0 02:28:26, Sys 0 00:02:48  -  Run Remote Usage
		Usr 0 00:00:00, Sys 0 00:00:00  -  Run Local Usage
		Usr 0 02:28:26, Sys 0 00:02:48  -  Total Remote Usage
		Usr 0 00:00:00, Sys 0 00:00:00  -  Total Local Usage
	24571744  -  Run Bytes Sent By Job
	1780295168  -  Run Bytes Received By Job
	24571744  -  Total Bytes Sent By Job
	1780295168  -  Total Bytes Received By Job
	Partitionable Resources :      Usage  Request Allocated 
	   Cpus                 :       0.02        1         1 
	   Disk (KB)            : 6896559    20971520  21448302 
	   Ioheavy              :                             0 
	   Memory (MB)          :   20461       20480     20480 
...
