000 (112045375.159.000) 05/01 17:45:20 Job submitted from host: <128.104.100.44:9618?addrs=128.104.100.44-9618+[2607-f388-107c-501-90e2-baff-fe2c-2724]-9618&noUDP&sock=4699_0235_3>
...
001 (112045375.159.000) 05/02 00:41:31 Job executing on host: <128.105.245.138:9618?addrs=128.105.245.138-9618&noUDP&sock=5435_8952_3>
...
006 (112045375.159.000) 05/02 00:41:40 Image size of job updated: 624
	1  -  MemoryUsage of job (MB)
	624  -  ResidentSetSize of job (KB)
...
006 (112045375.159.000) 05/02 00:46:41 Image size of job updated: 648
	1  -  MemoryUsage of job (MB)
	648  -  ResidentSetSize of job (KB)
...
006 (112045375.159.000) 05/02 00:56:43 Image size of job updated: 287632
	205  -  MemoryUsage of job (MB)
	209640  -  ResidentSetSize of job (KB)
...
006 (112045375.159.000) 05/02 01:01:43 Image size of job updated: 546572
	458  -  MemoryUsage of job (MB)
	468572  -  ResidentSetSize of job (KB)
...
006 (112045375.159.000) 05/02 01:04:35 Image size of job updated: 776844
	459  -  MemoryUsage of job (MB)
	469592  -  ResidentSetSize of job (KB)
...
005 (112045375.159.000) 05/02 01:04:36 Job terminated.
	(1) Normal termination (return value 0)
		Usr 0 00:07:37, Sys 0 00:00:39  -  Run Remote Usage
		Usr 0 00:00:00, Sys 0 00:00:00  -  Run Local Usage
		Usr 0 00:07:37, Sys 0 00:00:39  -  Total Remote Usage
		Usr 0 00:00:00, Sys 0 00:00:00  -  Total Local Usage
	1345335  -  Run Bytes Sent By Job
	1780295168  -  Run Bytes Received By Job
	1345335  -  Total Bytes Sent By Job
	1780295168  -  Total Bytes Received By Job
	Partitionable Resources :      Usage  Request Allocated 
	   Cpus                 :       0.97        1         1 
	   Disk (KB)            : 6832878    20971520  21334805 
	   Ioheavy              :                             0 
	   Memory (MB)          :     459       20480     20480 
...
