000 (112045375.077.000) 05/01 17:45:20 Job submitted from host: <128.104.100.44:9618?addrs=128.104.100.44-9618+[2607-f388-107c-501-90e2-baff-fe2c-2724]-9618&noUDP&sock=4699_0235_3>
...
001 (112045375.077.000) 05/02 00:18:51 Job executing on host: <128.105.245.158:9618?addrs=128.105.245.158-9618&noUDP&sock=5419_8fce_3>
...
006 (112045375.077.000) 05/02 00:18:59 Image size of job updated: 620
	1  -  MemoryUsage of job (MB)
	620  -  ResidentSetSize of job (KB)
...
006 (112045375.077.000) 05/02 00:24:05 Image size of job updated: 628
	1  -  MemoryUsage of job (MB)
	628  -  ResidentSetSize of job (KB)
...
006 (112045375.077.000) 05/02 00:49:03 Image size of job updated: 632
	1  -  MemoryUsage of job (MB)
	632  -  ResidentSetSize of job (KB)
...
006 (112045375.077.000) 05/02 00:59:04 Image size of job updated: 636
	1  -  MemoryUsage of job (MB)
	636  -  ResidentSetSize of job (KB)
...
006 (112045375.077.000) 05/02 01:04:05 Image size of job updated: 652
	1  -  MemoryUsage of job (MB)
	652  -  ResidentSetSize of job (KB)
...
006 (112045375.077.000) 05/02 01:24:06 Image size of job updated: 656
	1  -  MemoryUsage of job (MB)
	656  -  ResidentSetSize of job (KB)
...
006 (112045375.077.000) 05/02 01:29:07 Image size of job updated: 660
	1  -  MemoryUsage of job (MB)
	660  -  ResidentSetSize of job (KB)
...
006 (112045375.077.000) 05/02 01:34:08 Image size of job updated: 371520
	287  -  MemoryUsage of job (MB)
	293524  -  ResidentSetSize of job (KB)
...
006 (112045375.077.000) 05/02 01:39:08 Image size of job updated: 821152
	726  -  MemoryUsage of job (MB)
	743100  -  ResidentSetSize of job (KB)
...
006 (112045375.077.000) 05/02 01:44:09 Image size of job updated: 1380764
	1273  -  MemoryUsage of job (MB)
	1302712  -  ResidentSetSize of job (KB)
...
006 (112045375.077.000) 05/02 01:49:09 Image size of job updated: 2059980
	1936  -  MemoryUsage of job (MB)
	1981928  -  ResidentSetSize of job (KB)
...
006 (112045375.077.000) 05/02 01:54:10 Image size of job updated: 2873996
	2731  -  MemoryUsage of job (MB)
	2795944  -  ResidentSetSize of job (KB)
...
006 (112045375.077.000) 05/02 01:59:12 Image size of job updated: 3802048
	3637  -  MemoryUsage of job (MB)
	3723996  -  ResidentSetSize of job (KB)
...
006 (112045375.077.000) 05/02 02:04:12 Image size of job updated: 4738644
	4552  -  MemoryUsage of job (MB)
	4660592  -  ResidentSetSize of job (KB)
...
006 (112045375.077.000) 05/02 02:09:12 Image size of job updated: 5732348
	5522  -  MemoryUsage of job (MB)
	5654296  -  ResidentSetSize of job (KB)
...
006 (112045375.077.000) 05/02 02:14:13 Image size of job updated: 6527588
	6299  -  MemoryUsage of job (MB)
	6449536  -  ResidentSetSize of job (KB)
...
006 (112045375.077.000) 05/02 02:19:14 Image size of job updated: 7496972
	7246  -  MemoryUsage of job (MB)
	7418920  -  ResidentSetSize of job (KB)
...
006 (112045375.077.000) 05/02 02:24:14 Image size of job updated: 8342060
	8071  -  MemoryUsage of job (MB)
	8264008  -  ResidentSetSize of job (KB)
...
006 (112045375.077.000) 05/02 02:29:14 Image size of job updated: 9209156
	8918  -  MemoryUsage of job (MB)
	9131104  -  ResidentSetSize of job (KB)
...
006 (112045375.077.000) 05/02 02:34:14 Image size of job updated: 9988808
	9679  -  MemoryUsage of job (MB)
	9910756  -  ResidentSetSize of job (KB)
...
006 (112045375.077.000) 05/02 02:39:15 Image size of job updated: 10715264
	10388  -  MemoryUsage of job (MB)
	10637212  -  ResidentSetSize of job (KB)
...
006 (112045375.077.000) 05/02 02:44:16 Image size of job updated: 11390108
	11047  -  MemoryUsage of job (MB)
	11312056  -  ResidentSetSize of job (KB)
...
006 (112045375.077.000) 05/02 02:49:16 Image size of job updated: 12160592
	11800  -  MemoryUsage of job (MB)
	12082540  -  ResidentSetSize of job (KB)
...
006 (112045375.077.000) 05/02 02:54:17 Image size of job updated: 12781580
	12406  -  MemoryUsage of job (MB)
	12703528  -  ResidentSetSize of job (KB)
...
006 (112045375.077.000) 05/02 02:59:18 Image size of job updated: 13501212
	13109  -  MemoryUsage of job (MB)
	13423160  -  ResidentSetSize of job (KB)
...
006 (112045375.077.000) 05/02 03:04:18 Image size of job updated: 14098716
	13693  -  MemoryUsage of job (MB)
	14020664  -  ResidentSetSize of job (KB)
...
006 (112045375.077.000) 05/02 03:09:18 Image size of job updated: 14866284
	14442  -  MemoryUsage of job (MB)
	14788232  -  ResidentSetSize of job (KB)
...
006 (112045375.077.000) 05/02 03:14:18 Image size of job updated: 15561404
	15120  -  MemoryUsage of job (MB)
	15482840  -  ResidentSetSize of job (KB)
...
006 (112045375.077.000) 05/02 03:19:18 Image size of job updated: 16324848
	15864  -  MemoryUsage of job (MB)
	16244584  -  ResidentSetSize of job (KB)
...
006 (112045375.077.000) 05/02 03:24:18 Image size of job updated: 16856812
	16380  -  MemoryUsage of job (MB)
	16772324  -  ResidentSetSize of job (KB)
...
006 (112045375.077.000) 05/02 03:29:19 Image size of job updated: 17480304
	16987  -  MemoryUsage of job (MB)
	17394156  -  ResidentSetSize of job (KB)
...
006 (112045375.077.000) 05/02 03:34:19 Image size of job updated: 18272324
	17759  -  MemoryUsage of job (MB)
	18184520  -  ResidentSetSize of job (KB)
...
006 (112045375.077.000) 05/02 03:39:20 Image size of job updated: 18915276
	18384  -  MemoryUsage of job (MB)
	18824368  -  ResidentSetSize of job (KB)
...
006 (112045375.077.000) 05/02 03:44:21 Image size of job updated: 19673100
	19122  -  MemoryUsage of job (MB)
	19580412  -  ResidentSetSize of job (KB)
...
006 (112045375.077.000) 05/02 03:49:21 Image size of job updated: 20275428
	19689  -  MemoryUsage of job (MB)
	20160688  -  ResidentSetSize of job (KB)
...
006 (112045375.077.000) 05/02 03:54:21 Image size of job updated: 20544852
	19937  -  MemoryUsage of job (MB)
	20415364  -  ResidentSetSize of job (KB)
...
006 (112045375.077.000) 05/02 03:59:23 Image size of job updated: 20913316
	20266  -  MemoryUsage of job (MB)
	20751788  -  ResidentSetSize of job (KB)
...
006 (112045375.077.000) 05/02 04:04:22 Image size of job updated: 21178740
	20430  -  MemoryUsage of job (MB)
	20919444  -  ResidentSetSize of job (KB)
...
006 (112045375.077.000) 05/02 04:09:22 Image size of job updated: 21350864
	20430  -  MemoryUsage of job (MB)
	20919444  -  ResidentSetSize of job (KB)
...
006 (112045375.077.000) 05/02 04:14:23 Image size of job updated: 21653692
	20436  -  MemoryUsage of job (MB)
	20925880  -  ResidentSetSize of job (KB)
...
006 (112045375.077.000) 05/02 04:19:24 Image size of job updated: 22202864
	20453  -  MemoryUsage of job (MB)
	20943656  -  ResidentSetSize of job (KB)
...
006 (112045375.077.000) 05/02 04:24:25 Image size of job updated: 22541336
	20464  -  MemoryUsage of job (MB)
	20954840  -  ResidentSetSize of job (KB)
...
006 (112045375.077.000) 05/02 04:29:25 Image size of job updated: 22857900
	20466  -  MemoryUsage of job (MB)
	20956592  -  ResidentSetSize of job (KB)
...
006 (112045375.077.000) 05/02 04:34:26 Image size of job updated: 23071456
	20466  -  MemoryUsage of job (MB)
	20956592  -  ResidentSetSize of job (KB)
...
005 (112045375.077.000) 05/02 04:36:07 Job terminated.
	(1) Normal termination (return value 0)
		Usr 0 02:26:32, Sys 0 00:02:33  -  Run Remote Usage
		Usr 0 00:00:00, Sys 0 00:00:00  -  Run Local Usage
		Usr 0 02:26:32, Sys 0 00:02:33  -  Total Remote Usage
		Usr 0 00:00:00, Sys 0 00:00:00  -  Total Local Usage
	24682332  -  Run Bytes Sent By Job
	1780295168  -  Run Bytes Received By Job
	24682332  -  Total Bytes Sent By Job
	1780295168  -  Total Bytes Received By Job
	Partitionable Resources :      Usage  Request Allocated 
	   Cpus                 :       0.02        1         1 
	   Disk (KB)            : 6853833    20971520  21201554 
	   Ioheavy              :                             0 
	   Memory (MB)          :   20466       20480     20480 
...
