000 (112045375.183.000) 05/01 17:45:20 Job submitted from host: <128.104.100.44:9618?addrs=128.104.100.44-9618+[2607-f388-107c-501-90e2-baff-fe2c-2724]-9618&noUDP&sock=4699_0235_3>
...
001 (112045375.183.000) 05/02 01:07:59 Job executing on host: <128.105.245.188:9618?addrs=128.105.245.188-9618&noUDP&sock=5463_bdf9_3>
...
006 (112045375.183.000) 05/02 01:08:10 Image size of job updated: 624
	1  -  MemoryUsage of job (MB)
	624  -  ResidentSetSize of job (KB)
...
006 (112045375.183.000) 05/02 01:13:14 Image size of job updated: 628
	1  -  MemoryUsage of job (MB)
	628  -  ResidentSetSize of job (KB)
...
006 (112045375.183.000) 05/02 01:18:16 Image size of job updated: 632
	1  -  MemoryUsage of job (MB)
	632  -  ResidentSetSize of job (KB)
...
006 (112045375.183.000) 05/02 01:23:16 Image size of job updated: 648
	1  -  MemoryUsage of job (MB)
	648  -  ResidentSetSize of job (KB)
...
006 (112045375.183.000) 05/02 01:33:16 Image size of job updated: 652
	1  -  MemoryUsage of job (MB)
	652  -  ResidentSetSize of job (KB)
...
006 (112045375.183.000) 05/02 02:03:19 Image size of job updated: 656
	1  -  MemoryUsage of job (MB)
	656  -  ResidentSetSize of job (KB)
...
006 (112045375.183.000) 05/02 02:08:25 Image size of job updated: 668
	1  -  MemoryUsage of job (MB)
	668  -  ResidentSetSize of job (KB)
...
006 (112045375.183.000) 05/02 02:18:20 Image size of job updated: 527416
	439  -  MemoryUsage of job (MB)
	449420  -  ResidentSetSize of job (KB)
...
006 (112045375.183.000) 05/02 02:23:21 Image size of job updated: 904416
	807  -  MemoryUsage of job (MB)
	826364  -  ResidentSetSize of job (KB)
...
006 (112045375.183.000) 05/02 02:28:21 Image size of job updated: 1326424
	1220  -  MemoryUsage of job (MB)
	1248372  -  ResidentSetSize of job (KB)
...
006 (112045375.183.000) 05/02 02:33:21 Image size of job updated: 1975424
	1853  -  MemoryUsage of job (MB)
	1897372  -  ResidentSetSize of job (KB)
...
006 (112045375.183.000) 05/02 02:38:22 Image size of job updated: 2636408
	2499  -  MemoryUsage of job (MB)
	2558356  -  ResidentSetSize of job (KB)
...
006 (112045375.183.000) 05/02 02:40:16 Image size of job updated: 2895276
	2500  -  MemoryUsage of job (MB)
	2559480  -  ResidentSetSize of job (KB)
...
005 (112045375.183.000) 05/02 02:40:17 Job terminated.
	(1) Normal termination (return value 0)
		Usr 0 00:25:48, Sys 0 00:00:38  -  Run Remote Usage
		Usr 0 00:00:00, Sys 0 00:00:00  -  Run Local Usage
		Usr 0 00:25:48, Sys 0 00:00:38  -  Total Remote Usage
		Usr 0 00:00:00, Sys 0 00:00:00  -  Total Local Usage
	6110049  -  Run Bytes Sent By Job
	1780295168  -  Run Bytes Received By Job
	6110049  -  Total Bytes Sent By Job
	1780295168  -  Total Bytes Received By Job
	Partitionable Resources :      Usage  Request Allocated 
	   Cpus                 :       0.64        1         1 
	   Disk (KB)            : 6853686    20971520  21101956 
	   Ioheavy              :                             0 
	   Memory (MB)          :    2500       20480     20480 
...
