000 (112070732.186.000) 05/02 11:03:03 Job submitted from host: <128.104.100.44:9618?addrs=128.104.100.44-9618+[2607-f388-107c-501-90e2-baff-fe2c-2724]-9618&noUDP&sock=4699_0235_3>
...
001 (112070732.186.000) 05/03 02:41:18 Job executing on host: <128.105.245.194:9618?addrs=128.105.245.194-9618&noUDP&sock=5465_1d29_3>
...
006 (112070732.186.000) 05/03 02:41:26 Image size of job updated: 612
	1  -  MemoryUsage of job (MB)
	612  -  ResidentSetSize of job (KB)
...
006 (112070732.186.000) 05/03 02:46:27 Image size of job updated: 624
	1  -  MemoryUsage of job (MB)
	624  -  ResidentSetSize of job (KB)
...
006 (112070732.186.000) 05/03 02:51:28 Image size of job updated: 644
	1  -  MemoryUsage of job (MB)
	644  -  ResidentSetSize of job (KB)
...
006 (112070732.186.000) 05/03 02:56:29 Image size of job updated: 660
	1  -  MemoryUsage of job (MB)
	660  -  ResidentSetSize of job (KB)
...
006 (112070732.186.000) 05/03 03:01:30 Image size of job updated: 383008
	298  -  MemoryUsage of job (MB)
	305012  -  ResidentSetSize of job (KB)
...
006 (112070732.186.000) 05/03 03:06:31 Image size of job updated: 799304
	705  -  MemoryUsage of job (MB)
	721252  -  ResidentSetSize of job (KB)
...
006 (112070732.186.000) 05/03 03:11:31 Image size of job updated: 1225592
	1121  -  MemoryUsage of job (MB)
	1147540  -  ResidentSetSize of job (KB)
...
006 (112070732.186.000) 05/03 03:16:31 Image size of job updated: 1856608
	1737  -  MemoryUsage of job (MB)
	1778556  -  ResidentSetSize of job (KB)
...
006 (112070732.186.000) 05/03 03:21:31 Image size of job updated: 2670800
	2532  -  MemoryUsage of job (MB)
	2592748  -  ResidentSetSize of job (KB)
...
006 (112070732.186.000) 05/03 03:26:31 Image size of job updated: 3659424
	3498  -  MemoryUsage of job (MB)
	3581372  -  ResidentSetSize of job (KB)
...
006 (112070732.186.000) 05/03 03:31:32 Image size of job updated: 4647428
	4463  -  MemoryUsage of job (MB)
	4569376  -  ResidentSetSize of job (KB)
...
006 (112070732.186.000) 05/03 03:36:33 Image size of job updated: 5593364
	5387  -  MemoryUsage of job (MB)
	5515312  -  ResidentSetSize of job (KB)
...
006 (112070732.186.000) 05/03 03:41:33 Image size of job updated: 6480792
	6253  -  MemoryUsage of job (MB)
	6402740  -  ResidentSetSize of job (KB)
...
006 (112070732.186.000) 05/03 03:46:33 Image size of job updated: 7387984
	7139  -  MemoryUsage of job (MB)
	7309932  -  ResidentSetSize of job (KB)
...
006 (112070732.186.000) 05/03 03:51:33 Image size of job updated: 8220856
	7952  -  MemoryUsage of job (MB)
	8142804  -  ResidentSetSize of job (KB)
...
006 (112070732.186.000) 05/03 03:56:33 Image size of job updated: 9056364
	8768  -  MemoryUsage of job (MB)
	8978312  -  ResidentSetSize of job (KB)
...
006 (112070732.186.000) 05/03 04:01:33 Image size of job updated: 9810084
	9504  -  MemoryUsage of job (MB)
	9732032  -  ResidentSetSize of job (KB)
...
006 (112070732.186.000) 05/03 04:06:35 Image size of job updated: 10541140
	10218  -  MemoryUsage of job (MB)
	10463088  -  ResidentSetSize of job (KB)
...
006 (112070732.186.000) 05/03 04:11:35 Image size of job updated: 11218668
	10880  -  MemoryUsage of job (MB)
	11140616  -  ResidentSetSize of job (KB)
...
006 (112070732.186.000) 05/03 04:16:35 Image size of job updated: 11965788
	11610  -  MemoryUsage of job (MB)
	11887736  -  ResidentSetSize of job (KB)
...
006 (112070732.186.000) 05/03 04:21:36 Image size of job updated: 12680124
	12307  -  MemoryUsage of job (MB)
	12602072  -  ResidentSetSize of job (KB)
...
006 (112070732.186.000) 05/03 04:26:37 Image size of job updated: 13510012
	13118  -  MemoryUsage of job (MB)
	13431960  -  ResidentSetSize of job (KB)
...
006 (112070732.186.000) 05/03 04:31:38 Image size of job updated: 14327588
	13916  -  MemoryUsage of job (MB)
	14249536  -  ResidentSetSize of job (KB)
...
006 (112070732.186.000) 05/03 04:36:39 Image size of job updated: 15100840
	14671  -  MemoryUsage of job (MB)
	15022788  -  ResidentSetSize of job (KB)
...
006 (112070732.186.000) 05/03 04:41:41 Image size of job updated: 15872044
	15424  -  MemoryUsage of job (MB)
	15793992  -  ResidentSetSize of job (KB)
...
006 (112070732.186.000) 05/03 04:46:41 Image size of job updated: 16613684
	16148  -  MemoryUsage of job (MB)
	16534664  -  ResidentSetSize of job (KB)
...
006 (112070732.186.000) 05/03 04:51:41 Image size of job updated: 17451904
	16966  -  MemoryUsage of job (MB)
	17372352  -  ResidentSetSize of job (KB)
...
006 (112070732.186.000) 05/03 04:56:41 Image size of job updated: 18237128
	17731  -  MemoryUsage of job (MB)
	18156072  -  ResidentSetSize of job (KB)
...
006 (112070732.186.000) 05/03 05:01:41 Image size of job updated: 18851920
	18329  -  MemoryUsage of job (MB)
	18768408  -  ResidentSetSize of job (KB)
...
006 (112070732.186.000) 05/03 05:06:41 Image size of job updated: 19220436
	18688  -  MemoryUsage of job (MB)
	19135648  -  ResidentSetSize of job (KB)
...
006 (112070732.186.000) 05/03 05:11:43 Image size of job updated: 19513424
	18969  -  MemoryUsage of job (MB)
	19424040  -  ResidentSetSize of job (KB)
...
006 (112070732.186.000) 05/03 05:16:42 Image size of job updated: 19836812
	19281  -  MemoryUsage of job (MB)
	19743076  -  ResidentSetSize of job (KB)
...
006 (112070732.186.000) 05/03 05:21:42 Image size of job updated: 19947576
	19384  -  MemoryUsage of job (MB)
	19849204  -  ResidentSetSize of job (KB)
...
006 (112070732.186.000) 05/03 05:26:42 Image size of job updated: 20189736
	19611  -  MemoryUsage of job (MB)
	20081088  -  ResidentSetSize of job (KB)
...
006 (112070732.186.000) 05/03 05:31:42 Image size of job updated: 20290520
	19696  -  MemoryUsage of job (MB)
	20168560  -  ResidentSetSize of job (KB)
...
006 (112070732.186.000) 05/03 05:36:43 Image size of job updated: 20364856
	19754  -  MemoryUsage of job (MB)
	20227988  -  ResidentSetSize of job (KB)
...
006 (112070732.186.000) 05/03 05:41:44 Image size of job updated: 20544848
	19911  -  MemoryUsage of job (MB)
	20388284  -  ResidentSetSize of job (KB)
...
006 (112070732.186.000) 05/03 05:46:44 Image size of job updated: 20598960
	19952  -  MemoryUsage of job (MB)
	20429924  -  ResidentSetSize of job (KB)
...
006 (112070732.186.000) 05/03 05:51:45 Image size of job updated: 20659156
	19993  -  MemoryUsage of job (MB)
	20472436  -  ResidentSetSize of job (KB)
...
006 (112070732.186.000) 05/03 05:56:45 Image size of job updated: 20916560
	20203  -  MemoryUsage of job (MB)
	20687748  -  ResidentSetSize of job (KB)
...
006 (112070732.186.000) 05/03 06:01:47 Image size of job updated: 21193124
	20402  -  MemoryUsage of job (MB)
	20891596  -  ResidentSetSize of job (KB)
...
006 (112070732.186.000) 05/03 06:06:46 Image size of job updated: 21496252
	20460  -  MemoryUsage of job (MB)
	20950852  -  ResidentSetSize of job (KB)
...
006 (112070732.186.000) 05/03 06:11:47 Image size of job updated: 21821892
	20462  -  MemoryUsage of job (MB)
	20952564  -  ResidentSetSize of job (KB)
...
006 (112070732.186.000) 05/03 06:16:48 Image size of job updated: 22066164
	20463  -  MemoryUsage of job (MB)
	20953112  -  ResidentSetSize of job (KB)
...
006 (112070732.186.000) 05/03 06:21:48 Image size of job updated: 22346316
	20463  -  MemoryUsage of job (MB)
	20953112  -  ResidentSetSize of job (KB)
...
006 (112070732.186.000) 05/03 06:26:48 Image size of job updated: 22679844
	20463  -  MemoryUsage of job (MB)
	20953112  -  ResidentSetSize of job (KB)
...
006 (112070732.186.000) 05/03 06:31:49 Image size of job updated: 23065632
	20463  -  MemoryUsage of job (MB)
	20953112  -  ResidentSetSize of job (KB)
...
006 (112070732.186.000) 05/03 06:36:02 Image size of job updated: 23200820
	20463  -  MemoryUsage of job (MB)
	20953112  -  ResidentSetSize of job (KB)
...
005 (112070732.186.000) 05/03 06:36:05 Job terminated.
	(1) Normal termination (return value 0)
		Usr 0 02:24:32, Sys 0 00:02:30  -  Run Remote Usage
		Usr 0 00:00:00, Sys 0 00:00:00  -  Run Local Usage
		Usr 0 02:24:32, Sys 0 00:02:30  -  Total Remote Usage
		Usr 0 00:00:00, Sys 0 00:00:00  -  Total Local Usage
	25131610  -  Run Bytes Sent By Job
	1780306816  -  Run Bytes Received By Job
	25131610  -  Total Bytes Sent By Job
	1780306816  -  Total Bytes Received By Job
	Partitionable Resources :      Usage  Request Allocated 
	   Cpus                 :       0.08        1         1 
	   Disk (KB)            : 6854293    20971520  21435808 
	   Ioheavy              :                             0 
	   Memory (MB)          :   20463       20480     20480 
...
