000 (112070732.037.000) 05/02 11:03:03 Job submitted from host: <128.104.100.44:9618?addrs=128.104.100.44-9618+[2607-f388-107c-501-90e2-baff-fe2c-2724]-9618&noUDP&sock=4699_0235_3>
...
001 (112070732.037.000) 05/02 23:48:35 Job executing on host: <128.105.245.188:9618?addrs=128.105.245.188-9618&noUDP&sock=5463_bdf9_3>
...
006 (112070732.037.000) 05/02 23:48:44 Image size of job updated: 624
	1  -  MemoryUsage of job (MB)
	624  -  ResidentSetSize of job (KB)
...
006 (112070732.037.000) 05/02 23:53:45 Image size of job updated: 648
	1  -  MemoryUsage of job (MB)
	648  -  ResidentSetSize of job (KB)
...
006 (112070732.037.000) 05/02 23:58:46 Image size of job updated: 356268
	272  -  MemoryUsage of job (MB)
	278268  -  ResidentSetSize of job (KB)
...
006 (112070732.037.000) 05/03 00:03:46 Image size of job updated: 1066312
	966  -  MemoryUsage of job (MB)
	988256  -  ResidentSetSize of job (KB)
...
006 (112070732.037.000) 05/03 00:08:46 Image size of job updated: 2047068
	1923  -  MemoryUsage of job (MB)
	1969012  -  ResidentSetSize of job (KB)
...
006 (112070732.037.000) 05/03 00:13:46 Image size of job updated: 3406656
	3251  -  MemoryUsage of job (MB)
	3328600  -  ResidentSetSize of job (KB)
...
006 (112070732.037.000) 05/03 00:18:46 Image size of job updated: 4891672
	4701  -  MemoryUsage of job (MB)
	4813616  -  ResidentSetSize of job (KB)
...
006 (112070732.037.000) 05/03 00:23:46 Image size of job updated: 6261656
	6039  -  MemoryUsage of job (MB)
	6183600  -  ResidentSetSize of job (KB)
...
006 (112070732.037.000) 05/03 00:28:46 Image size of job updated: 7660616
	7405  -  MemoryUsage of job (MB)
	7582560  -  ResidentSetSize of job (KB)
...
006 (112070732.037.000) 05/03 00:33:47 Image size of job updated: 9093956
	8805  -  MemoryUsage of job (MB)
	9015900  -  ResidentSetSize of job (KB)
...
006 (112070732.037.000) 05/03 00:38:47 Image size of job updated: 10301852
	9985  -  MemoryUsage of job (MB)
	10223796  -  ResidentSetSize of job (KB)
...
006 (112070732.037.000) 05/03 00:43:48 Image size of job updated: 11550272
	11204  -  MemoryUsage of job (MB)
	11472216  -  ResidentSetSize of job (KB)
...
006 (112070732.037.000) 05/03 00:48:49 Image size of job updated: 12738852
	12365  -  MemoryUsage of job (MB)
	12660796  -  ResidentSetSize of job (KB)
...
006 (112070732.037.000) 05/03 00:53:50 Image size of job updated: 13967476
	13564  -  MemoryUsage of job (MB)
	13889420  -  ResidentSetSize of job (KB)
...
006 (112070732.037.000) 05/03 00:58:51 Image size of job updated: 15216464
	14784  -  MemoryUsage of job (MB)
	15138408  -  ResidentSetSize of job (KB)
...
006 (112070732.037.000) 05/03 01:03:52 Image size of job updated: 16546656
	16083  -  MemoryUsage of job (MB)
	16468600  -  ResidentSetSize of job (KB)
...
006 (112070732.037.000) 05/03 01:08:53 Image size of job updated: 17735196
	17243  -  MemoryUsage of job (MB)
	17656068  -  ResidentSetSize of job (KB)
...
006 (112070732.037.000) 05/03 01:13:54 Image size of job updated: 19039008
	18513  -  MemoryUsage of job (MB)
	18956908  -  ResidentSetSize of job (KB)
...
006 (112070732.037.000) 05/03 01:18:55 Image size of job updated: 20271884
	19691  -  MemoryUsage of job (MB)
	20163492  -  ResidentSetSize of job (KB)
...
006 (112070732.037.000) 05/03 01:23:55 Image size of job updated: 21287780
	20438  -  MemoryUsage of job (MB)
	20927680  -  ResidentSetSize of job (KB)
...
006 (112070732.037.000) 05/03 01:28:54 Image size of job updated: 21984148
	20445  -  MemoryUsage of job (MB)
	20935352  -  ResidentSetSize of job (KB)
...
006 (112070732.037.000) 05/03 01:33:59 Image size of job updated: 22481756
	20445  -  MemoryUsage of job (MB)
	20935352  -  ResidentSetSize of job (KB)
...
006 (112070732.037.000) 05/03 01:38:55 Image size of job updated: 23048680
	20450  -  MemoryUsage of job (MB)
	20940160  -  ResidentSetSize of job (KB)
...
006 (112070732.037.000) 05/03 01:41:25 Image size of job updated: 23913936
	20450  -  MemoryUsage of job (MB)
	20940160  -  ResidentSetSize of job (KB)
...
005 (112070732.037.000) 05/03 01:41:58 Job terminated.
	(1) Normal termination (return value 0)
		Usr 0 01:30:41, Sys 0 00:01:50  -  Run Remote Usage
		Usr 0 00:00:00, Sys 0 00:00:00  -  Run Local Usage
		Usr 0 01:30:41, Sys 0 00:01:50  -  Total Remote Usage
		Usr 0 00:00:00, Sys 0 00:00:00  -  Total Local Usage
	25074972  -  Run Bytes Sent By Job
	1780306816  -  Run Bytes Received By Job
	25074972  -  Total Bytes Sent By Job
	1780306816  -  Total Bytes Received By Job
	Partitionable Resources :      Usage  Request Allocated 
	   Cpus                 :       0.64        1         1 
	   Disk (KB)            : 6854239    20971520  22658352 
	   Ioheavy              :                             0 
	   Memory (MB)          :   20450       20480     20480 
...
