000 (112070732.007.000) 05/02 11:03:03 Job submitted from host: <128.104.100.44:9618?addrs=128.104.100.44-9618+[2607-f388-107c-501-90e2-baff-fe2c-2724]-9618&noUDP&sock=4699_0235_3>
...
001 (112070732.007.000) 05/02 23:16:16 Job executing on host: <128.105.245.247:9618?addrs=128.105.245.247-9618&noUDP&sock=5487_343f_3>
...
006 (112070732.007.000) 05/02 23:16:25 Image size of job updated: 632
	1  -  MemoryUsage of job (MB)
	632  -  ResidentSetSize of job (KB)
...
006 (112070732.007.000) 05/02 23:21:26 Image size of job updated: 636
	1  -  MemoryUsage of job (MB)
	636  -  ResidentSetSize of job (KB)
...
006 (112070732.007.000) 05/02 23:26:26 Image size of job updated: 656
	1  -  MemoryUsage of job (MB)
	656  -  ResidentSetSize of job (KB)
...
006 (112070732.007.000) 05/02 23:31:27 Image size of job updated: 664
	1  -  MemoryUsage of job (MB)
	664  -  ResidentSetSize of job (KB)
...
006 (112070732.007.000) 05/02 23:36:28 Image size of job updated: 332940
	249  -  MemoryUsage of job (MB)
	254944  -  ResidentSetSize of job (KB)
...
006 (112070732.007.000) 05/02 23:41:29 Image size of job updated: 1075196
	974  -  MemoryUsage of job (MB)
	997144  -  ResidentSetSize of job (KB)
...
006 (112070732.007.000) 05/02 23:46:30 Image size of job updated: 2089032
	1964  -  MemoryUsage of job (MB)
	2010980  -  ResidentSetSize of job (KB)
...
006 (112070732.007.000) 05/02 23:51:31 Image size of job updated: 3362372
	3208  -  MemoryUsage of job (MB)
	3284320  -  ResidentSetSize of job (KB)
...
006 (112070732.007.000) 05/02 23:56:32 Image size of job updated: 3922428
	3755  -  MemoryUsage of job (MB)
	3844376  -  ResidentSetSize of job (KB)
...
006 (112070732.007.000) 05/03 00:02:25 Image size of job updated: 4233760
	4059  -  MemoryUsage of job (MB)
	4155708  -  ResidentSetSize of job (KB)
...
006 (112070732.007.000) 05/03 00:06:34 Image size of job updated: 5138920
	4943  -  MemoryUsage of job (MB)
	5060868  -  ResidentSetSize of job (KB)
...
006 (112070732.007.000) 05/03 00:11:34 Image size of job updated: 6210504
	5989  -  MemoryUsage of job (MB)
	6132452  -  ResidentSetSize of job (KB)
...
006 (112070732.007.000) 05/03 00:16:34 Image size of job updated: 6670496
	6438  -  MemoryUsage of job (MB)
	6592444  -  ResidentSetSize of job (KB)
...
006 (112070732.007.000) 05/03 00:21:34 Image size of job updated: 6969844
	6731  -  MemoryUsage of job (MB)
	6891792  -  ResidentSetSize of job (KB)
...
006 (112070732.007.000) 05/03 00:26:34 Image size of job updated: 7221444
	6976  -  MemoryUsage of job (MB)
	7143392  -  ResidentSetSize of job (KB)
...
006 (112070732.007.000) 05/03 00:31:35 Image size of job updated: 7885724
	7625  -  MemoryUsage of job (MB)
	7807672  -  ResidentSetSize of job (KB)
...
006 (112070732.007.000) 05/03 00:36:35 Image size of job updated: 8853864
	8571  -  MemoryUsage of job (MB)
	8775812  -  ResidentSetSize of job (KB)
...
006 (112070732.007.000) 05/03 00:41:35 Image size of job updated: 9866836
	9560  -  MemoryUsage of job (MB)
	9788784  -  ResidentSetSize of job (KB)
...
006 (112070732.007.000) 05/03 00:46:36 Image size of job updated: 10635056
	10310  -  MemoryUsage of job (MB)
	10557004  -  ResidentSetSize of job (KB)
...
006 (112070732.007.000) 05/03 00:51:42 Image size of job updated: 11337088
	10996  -  MemoryUsage of job (MB)
	11259036  -  ResidentSetSize of job (KB)
...
006 (112070732.007.000) 05/03 00:56:38 Image size of job updated: 12165100
	11804  -  MemoryUsage of job (MB)
	12087048  -  ResidentSetSize of job (KB)
...
006 (112070732.007.000) 05/03 01:01:38 Image size of job updated: 12795732
	12420  -  MemoryUsage of job (MB)
	12717680  -  ResidentSetSize of job (KB)
...
006 (112070732.007.000) 05/03 01:06:38 Image size of job updated: 13622104
	13227  -  MemoryUsage of job (MB)
	13544052  -  ResidentSetSize of job (KB)
...
006 (112070732.007.000) 05/03 01:11:38 Image size of job updated: 14577420
	14160  -  MemoryUsage of job (MB)
	14499368  -  ResidentSetSize of job (KB)
...
006 (112070732.007.000) 05/03 01:16:39 Image size of job updated: 15483164
	15042  -  MemoryUsage of job (MB)
	15402584  -  ResidentSetSize of job (KB)
...
006 (112070732.007.000) 05/03 01:21:40 Image size of job updated: 16584160
	16117  -  MemoryUsage of job (MB)
	16503464  -  ResidentSetSize of job (KB)
...
006 (112070732.007.000) 05/03 01:26:41 Image size of job updated: 17571480
	17075  -  MemoryUsage of job (MB)
	17484592  -  ResidentSetSize of job (KB)
...
006 (112070732.007.000) 05/03 01:31:41 Image size of job updated: 18495760
	17965  -  MemoryUsage of job (MB)
	18395772  -  ResidentSetSize of job (KB)
...
006 (112070732.007.000) 05/03 01:36:41 Image size of job updated: 19220484
	18661  -  MemoryUsage of job (MB)
	19108072  -  ResidentSetSize of job (KB)
...
006 (112070732.007.000) 05/03 01:41:42 Image size of job updated: 20081392
	19482  -  MemoryUsage of job (MB)
	19949516  -  ResidentSetSize of job (KB)
...
006 (112070732.007.000) 05/03 01:46:43 Image size of job updated: 20899652
	20215  -  MemoryUsage of job (MB)
	20699968  -  ResidentSetSize of job (KB)
...
006 (112070732.007.000) 05/03 01:51:44 Image size of job updated: 21805544
	20445  -  MemoryUsage of job (MB)
	20935488  -  ResidentSetSize of job (KB)
...
006 (112070732.007.000) 05/03 01:56:45 Image size of job updated: 22508536
	20460  -  MemoryUsage of job (MB)
	20950744  -  ResidentSetSize of job (KB)
...
006 (112070732.007.000) 05/03 02:01:45 Image size of job updated: 23027100
	20461  -  MemoryUsage of job (MB)
	20951440  -  ResidentSetSize of job (KB)
...
005 (112070732.007.000) 05/03 02:02:44 Job terminated.
	(1) Normal termination (return value 0)
		Usr 0 01:49:06, Sys 0 00:02:32  -  Run Remote Usage
		Usr 0 00:00:00, Sys 0 00:00:00  -  Run Local Usage
		Usr 0 01:49:06, Sys 0 00:02:32  -  Total Remote Usage
		Usr 0 00:00:00, Sys 0 00:00:00  -  Total Local Usage
	24722044  -  Run Bytes Sent By Job
	1780306816  -  Run Bytes Received By Job
	24722044  -  Total Bytes Sent By Job
	1780306816  -  Total Bytes Received By Job
	Partitionable Resources :      Usage  Request Allocated 
	   Cpus                 :       1.00        1         1 
	   Disk (KB)            : 6853895    20971520  21188847 
	   Ioheavy              :                             0 
	   Memory (MB)          :   20461       20480     20480 
...
