000 (112070732.043.000) 05/02 11:03:03 Job submitted from host: <128.104.100.44:9618?addrs=128.104.100.44-9618+[2607-f388-107c-501-90e2-baff-fe2c-2724]-9618&noUDP&sock=4699_0235_3>
...
001 (112070732.043.000) 05/03 00:51:44 Job executing on host: <128.105.245.248:9618?addrs=128.105.245.248-9618&noUDP&sock=5505_8cf3_29>
...
006 (112070732.043.000) 05/03 00:52:09 Image size of job updated: 1044
	1  -  MemoryUsage of job (MB)
	620  -  ResidentSetSize of job (KB)
...
006 (112070732.043.000) 05/03 00:57:28 Image size of job updated: 1052
	1  -  MemoryUsage of job (MB)
	628  -  ResidentSetSize of job (KB)
...
006 (112070732.043.000) 05/03 01:44:36 Image size of job updated: 1056
	1  -  MemoryUsage of job (MB)
	632  -  ResidentSetSize of job (KB)
...
006 (112070732.043.000) 05/03 01:58:50 Image size of job updated: 1072
	1  -  MemoryUsage of job (MB)
	648  -  ResidentSetSize of job (KB)
...
006 (112070732.043.000) 05/03 02:03:51 Image size of job updated: 1076
	1  -  MemoryUsage of job (MB)
	652  -  ResidentSetSize of job (KB)
...
006 (112070732.043.000) 05/03 03:08:56 Image size of job updated: 1080
	1  -  MemoryUsage of job (MB)
	656  -  ResidentSetSize of job (KB)
...
006 (112070732.043.000) 05/03 03:34:07 Image size of job updated: 1084
	1  -  MemoryUsage of job (MB)
	660  -  ResidentSetSize of job (KB)
...
006 (112070732.043.000) 05/03 03:39:08 Image size of job updated: 1092
	1  -  MemoryUsage of job (MB)
	668  -  ResidentSetSize of job (KB)
...
006 (112070732.043.000) 05/03 03:49:02 Image size of job updated: 520084
	432  -  MemoryUsage of job (MB)
	441664  -  ResidentSetSize of job (KB)
...
006 (112070732.043.000) 05/03 03:54:03 Image size of job updated: 875748
	779  -  MemoryUsage of job (MB)
	797272  -  ResidentSetSize of job (KB)
...
006 (112070732.043.000) 05/03 03:59:05 Image size of job updated: 1312768
	1206  -  MemoryUsage of job (MB)
	1234292  -  ResidentSetSize of job (KB)
...
006 (112070732.043.000) 05/03 04:04:03 Image size of job updated: 1822776
	1704  -  MemoryUsage of job (MB)
	1744300  -  ResidentSetSize of job (KB)
...
006 (112070732.043.000) 05/03 04:09:03 Image size of job updated: 2463744
	2330  -  MemoryUsage of job (MB)
	2385268  -  ResidentSetSize of job (KB)
...
006 (112070732.043.000) 05/03 04:14:05 Image size of job updated: 3081672
	2933  -  MemoryUsage of job (MB)
	3003196  -  ResidentSetSize of job (KB)
...
006 (112070732.043.000) 05/03 04:19:08 Image size of job updated: 3884680
	3717  -  MemoryUsage of job (MB)
	3806204  -  ResidentSetSize of job (KB)
...
006 (112070732.043.000) 05/03 04:24:05 Image size of job updated: 4659708
	4474  -  MemoryUsage of job (MB)
	4581232  -  ResidentSetSize of job (KB)
...
006 (112070732.043.000) 05/03 04:29:05 Image size of job updated: 5613248
	5406  -  MemoryUsage of job (MB)
	5534772  -  ResidentSetSize of job (KB)
...
006 (112070732.043.000) 05/03 04:34:05 Image size of job updated: 6460428
	6233  -  MemoryUsage of job (MB)
	6381952  -  ResidentSetSize of job (KB)
...
006 (112070732.043.000) 05/03 04:39:06 Image size of job updated: 7396956
	7147  -  MemoryUsage of job (MB)
	7318480  -  ResidentSetSize of job (KB)
...
006 (112070732.043.000) 05/03 04:44:08 Image size of job updated: 8282112
	8012  -  MemoryUsage of job (MB)
	8203636  -  ResidentSetSize of job (KB)
...
006 (112070732.043.000) 05/03 04:49:11 Image size of job updated: 9139672
	8849  -  MemoryUsage of job (MB)
	9061196  -  ResidentSetSize of job (KB)
...
006 (112070732.043.000) 05/03 04:54:09 Image size of job updated: 9537332
	9238  -  MemoryUsage of job (MB)
	9458856  -  ResidentSetSize of job (KB)
...
006 (112070732.043.000) 05/03 04:59:09 Image size of job updated: 10141352
	9828  -  MemoryUsage of job (MB)
	10062876  -  ResidentSetSize of job (KB)
...
006 (112070732.043.000) 05/03 05:04:09 Image size of job updated: 10815424
	10486  -  MemoryUsage of job (MB)
	10736948  -  ResidentSetSize of job (KB)
...
006 (112070732.043.000) 05/03 05:09:10 Image size of job updated: 11514664
	11169  -  MemoryUsage of job (MB)
	11436188  -  ResidentSetSize of job (KB)
...
006 (112070732.043.000) 05/03 05:14:11 Image size of job updated: 12016868
	11659  -  MemoryUsage of job (MB)
	11938392  -  ResidentSetSize of job (KB)
...
006 (112070732.043.000) 05/03 05:19:11 Image size of job updated: 12438448
	12071  -  MemoryUsage of job (MB)
	12359972  -  ResidentSetSize of job (KB)
...
006 (112070732.043.000) 05/03 05:24:11 Image size of job updated: 13080356
	12698  -  MemoryUsage of job (MB)
	13001880  -  ResidentSetSize of job (KB)
...
006 (112070732.043.000) 05/03 05:29:11 Image size of job updated: 13627128
	13232  -  MemoryUsage of job (MB)
	13548652  -  ResidentSetSize of job (KB)
...
006 (112070732.043.000) 05/03 05:34:12 Image size of job updated: 13965928
	13562  -  MemoryUsage of job (MB)
	13887452  -  ResidentSetSize of job (KB)
...
006 (112070732.043.000) 05/03 05:39:21 Image size of job updated: 14550448
	14133  -  MemoryUsage of job (MB)
	14471972  -  ResidentSetSize of job (KB)
...
006 (112070732.043.000) 05/03 05:44:12 Image size of job updated: 15077408
	14648  -  MemoryUsage of job (MB)
	14998804  -  ResidentSetSize of job (KB)
...
006 (112070732.043.000) 05/03 05:49:12 Image size of job updated: 15327268
	14892  -  MemoryUsage of job (MB)
	15248588  -  ResidentSetSize of job (KB)
...
006 (112070732.043.000) 05/03 05:54:13 Image size of job updated: 15570976
	15129  -  MemoryUsage of job (MB)
	15492052  -  ResidentSetSize of job (KB)
...
006 (112070732.043.000) 05/03 05:59:14 Image size of job updated: 15640396
	15197  -  MemoryUsage of job (MB)
	15561372  -  ResidentSetSize of job (KB)
...
006 (112070732.043.000) 05/03 06:04:15 Image size of job updated: 15994816
	15542  -  MemoryUsage of job (MB)
	15914964  -  ResidentSetSize of job (KB)
...
006 (112070732.043.000) 05/03 06:09:15 Image size of job updated: 16278224
	15818  -  MemoryUsage of job (MB)
	16197624  -  ResidentSetSize of job (KB)
...
006 (112070732.043.000) 05/03 06:14:17 Image size of job updated: 16705844
	16235  -  MemoryUsage of job (MB)
	16624608  -  ResidentSetSize of job (KB)
...
006 (112070732.043.000) 05/03 06:19:17 Image size of job updated: 17061916
	16583  -  MemoryUsage of job (MB)
	16980424  -  ResidentSetSize of job (KB)
...
006 (112070732.043.000) 05/03 06:24:18 Image size of job updated: 17562988
	17072  -  MemoryUsage of job (MB)
	17480900  -  ResidentSetSize of job (KB)
...
006 (112070732.043.000) 05/03 06:29:18 Image size of job updated: 17828476
	17330  -  MemoryUsage of job (MB)
	17745352  -  ResidentSetSize of job (KB)
...
006 (112070732.043.000) 05/03 06:34:24 Image size of job updated: 18100312
	17593  -  MemoryUsage of job (MB)
	18015140  -  ResidentSetSize of job (KB)
...
006 (112070732.043.000) 05/03 06:39:24 Image size of job updated: 18339084
	17823  -  MemoryUsage of job (MB)
	18250584  -  ResidentSetSize of job (KB)
...
006 (112070732.043.000) 05/03 06:44:20 Image size of job updated: 18388048
	17870  -  MemoryUsage of job (MB)
	18298816  -  ResidentSetSize of job (KB)
...
006 (112070732.043.000) 05/03 06:49:23 Image size of job updated: 18471748
	17951  -  MemoryUsage of job (MB)
	18380816  -  ResidentSetSize of job (KB)
...
006 (112070732.043.000) 05/03 06:54:28 Image size of job updated: 18662240
	18135  -  MemoryUsage of job (MB)
	18569260  -  ResidentSetSize of job (KB)
...
006 (112070732.043.000) 05/03 07:05:04 Image size of job updated: 18697748
	18169  -  MemoryUsage of job (MB)
	18604384  -  ResidentSetSize of job (KB)
...
006 (112070732.043.000) 05/03 07:16:08 Image size of job updated: 18806544
	18274  -  MemoryUsage of job (MB)
	18711852  -  ResidentSetSize of job (KB)
...
006 (112070732.043.000) 05/03 07:25:01 Image size of job updated: 19119072
	18572  -  MemoryUsage of job (MB)
	19017300  -  ResidentSetSize of job (KB)
...
006 (112070732.043.000) 05/03 07:30:46 Image size of job updated: 19428444
	18868  -  MemoryUsage of job (MB)
	19319824  -  ResidentSetSize of job (KB)
...
006 (112070732.043.000) 05/03 07:36:03 Image size of job updated: 19654956
	19084  -  MemoryUsage of job (MB)
	19541988  -  ResidentSetSize of job (KB)
...
006 (112070732.043.000) 05/03 07:40:46 Image size of job updated: 19755556
	19181  -  MemoryUsage of job (MB)
	19641084  -  ResidentSetSize of job (KB)
...
006 (112070732.043.000) 05/03 07:45:46 Image size of job updated: 19996840
	19406  -  MemoryUsage of job (MB)
	19871196  -  ResidentSetSize of job (KB)
...
006 (112070732.043.000) 05/03 07:50:46 Image size of job updated: 20114080
	19516  -  MemoryUsage of job (MB)
	19983648  -  ResidentSetSize of job (KB)
...
006 (112070732.043.000) 05/03 07:55:47 Image size of job updated: 20290552
	19676  -  MemoryUsage of job (MB)
	20148184  -  ResidentSetSize of job (KB)
...
006 (112070732.043.000) 05/03 08:00:47 Image size of job updated: 20384448
	19762  -  MemoryUsage of job (MB)
	20235332  -  ResidentSetSize of job (KB)
...
006 (112070732.043.000) 05/03 08:05:48 Image size of job updated: 20534160
	19899  -  MemoryUsage of job (MB)
	20375952  -  ResidentSetSize of job (KB)
...
006 (112070732.043.000) 05/03 08:10:48 Image size of job updated: 20610344
	19968  -  MemoryUsage of job (MB)
	20447184  -  ResidentSetSize of job (KB)
...
006 (112070732.043.000) 05/03 08:15:51 Image size of job updated: 20676932
	20024  -  MemoryUsage of job (MB)
	20504148  -  ResidentSetSize of job (KB)
...
006 (112070732.043.000) 05/03 08:20:48 Image size of job updated: 20701844
	20045  -  MemoryUsage of job (MB)
	20525568  -  ResidentSetSize of job (KB)
...
006 (112070732.043.000) 05/03 08:25:49 Image size of job updated: 20746564
	20082  -  MemoryUsage of job (MB)
	20563392  -  ResidentSetSize of job (KB)
...
006 (112070732.043.000) 05/03 08:30:49 Image size of job updated: 20785128
	20112  -  MemoryUsage of job (MB)
	20594144  -  ResidentSetSize of job (KB)
...
006 (112070732.043.000) 05/03 08:35:49 Image size of job updated: 20971428
	20282  -  MemoryUsage of job (MB)
	20767876  -  ResidentSetSize of job (KB)
...
006 (112070732.043.000) 05/03 08:40:49 Image size of job updated: 21026412
	20310  -  MemoryUsage of job (MB)
	20797316  -  ResidentSetSize of job (KB)
...
006 (112070732.043.000) 05/03 08:45:51 Image size of job updated: 21087576
	20339  -  MemoryUsage of job (MB)
	20826260  -  ResidentSetSize of job (KB)
...
006 (112070732.043.000) 05/03 08:50:52 Image size of job updated: 21129568
	20356  -  MemoryUsage of job (MB)
	20844352  -  ResidentSetSize of job (KB)
...
006 (112070732.043.000) 05/03 08:56:13 Image size of job updated: 21253596
	20419  -  MemoryUsage of job (MB)
	20908376  -  ResidentSetSize of job (KB)
...
006 (112070732.043.000) 05/03 09:00:52 Image size of job updated: 21265608
	20422  -  MemoryUsage of job (MB)
	20911204  -  ResidentSetSize of job (KB)
...
006 (112070732.043.000) 05/03 09:05:53 Image size of job updated: 21310668
	20433  -  MemoryUsage of job (MB)
	20922780  -  ResidentSetSize of job (KB)
...
006 (112070732.043.000) 05/03 09:10:58 Image size of job updated: 21365092
	20433  -  MemoryUsage of job (MB)
	20922780  -  ResidentSetSize of job (KB)
...
006 (112070732.043.000) 05/03 09:15:54 Image size of job updated: 21430420
	20433  -  MemoryUsage of job (MB)
	20922780  -  ResidentSetSize of job (KB)
...
006 (112070732.043.000) 05/03 09:20:55 Image size of job updated: 21581060
	20447  -  MemoryUsage of job (MB)
	20937608  -  ResidentSetSize of job (KB)
...
006 (112070732.043.000) 05/03 09:25:56 Image size of job updated: 21693044
	20448  -  MemoryUsage of job (MB)
	20937816  -  ResidentSetSize of job (KB)
...
006 (112070732.043.000) 05/03 09:30:56 Image size of job updated: 21906396
	20459  -  MemoryUsage of job (MB)
	20949712  -  ResidentSetSize of job (KB)
...
006 (112070732.043.000) 05/03 09:35:57 Image size of job updated: 21964520
	20459  -  MemoryUsage of job (MB)
	20949712  -  ResidentSetSize of job (KB)
...
006 (112070732.043.000) 05/03 09:40:57 Image size of job updated: 22081116
	20459  -  MemoryUsage of job (MB)
	20949712  -  ResidentSetSize of job (KB)
...
006 (112070732.043.000) 05/03 09:45:58 Image size of job updated: 22275272
	20459  -  MemoryUsage of job (MB)
	20949712  -  ResidentSetSize of job (KB)
...
006 (112070732.043.000) 05/03 09:50:59 Image size of job updated: 22290488
	20459  -  MemoryUsage of job (MB)
	20949712  -  ResidentSetSize of job (KB)
...
006 (112070732.043.000) 05/03 09:56:00 Image size of job updated: 22363256
	20459  -  MemoryUsage of job (MB)
	20949712  -  ResidentSetSize of job (KB)
...
006 (112070732.043.000) 05/03 10:01:02 Image size of job updated: 22592316
	20464  -  MemoryUsage of job (MB)
	20954896  -  ResidentSetSize of job (KB)
...
006 (112070732.043.000) 05/03 10:06:00 Image size of job updated: 22700876
	20464  -  MemoryUsage of job (MB)
	20954896  -  ResidentSetSize of job (KB)
...
006 (112070732.043.000) 05/03 10:11:00 Image size of job updated: 22850524
	20464  -  MemoryUsage of job (MB)
	20954896  -  ResidentSetSize of job (KB)
...
006 (112070732.043.000) 05/03 10:16:01 Image size of job updated: 23080644
	20464  -  MemoryUsage of job (MB)
	20954896  -  ResidentSetSize of job (KB)
...
005 (112070732.043.000) 05/03 10:20:06 Job terminated.
	(1) Normal termination (return value 0)
		Usr 0 02:20:43, Sys 0 00:02:43  -  Run Remote Usage
		Usr 0 00:00:00, Sys 0 00:00:00  -  Run Local Usage
		Usr 0 02:20:43, Sys 0 00:02:43  -  Total Remote Usage
		Usr 0 00:00:00, Sys 0 00:00:00  -  Total Local Usage
	25012552  -  Run Bytes Sent By Job
	1780306816  -  Run Bytes Received By Job
	25012552  -  Total Bytes Sent By Job
	1780306816  -  Total Bytes Received By Job
	Partitionable Resources :      Usage  Request Allocated 
	   Cpus                 :       0.27        1         1 
	   Disk (KB)            : 6854177    20971520  21138709 
	   Ioheavy              :                             0 
	   Memory (MB)          :   20464       20480     20480 
...
