000 (112070732.034.000) 05/02 11:03:03 Job submitted from host: <128.104.100.44:9618?addrs=128.104.100.44-9618+[2607-f388-107c-501-90e2-baff-fe2c-2724]-9618&noUDP&sock=4699_0235_3>
...
001 (112070732.034.000) 05/02 23:50:53 Job executing on host: <128.105.245.251:9618?addrs=128.105.245.251-9618&noUDP&sock=5438_981b_24>
...
006 (112070732.034.000) 05/02 23:51:02 Image size of job updated: 624
	1  -  MemoryUsage of job (MB)
	624  -  ResidentSetSize of job (KB)
...
006 (112070732.034.000) 05/02 23:56:03 Image size of job updated: 632
	1  -  MemoryUsage of job (MB)
	632  -  ResidentSetSize of job (KB)
...
006 (112070732.034.000) 05/03 00:01:04 Image size of job updated: 636
	1  -  MemoryUsage of job (MB)
	636  -  ResidentSetSize of job (KB)
...
006 (112070732.034.000) 05/03 00:06:06 Image size of job updated: 656
	1  -  MemoryUsage of job (MB)
	656  -  ResidentSetSize of job (KB)
...
006 (112070732.034.000) 05/03 00:21:09 Image size of job updated: 672
	1  -  MemoryUsage of job (MB)
	672  -  ResidentSetSize of job (KB)
...
006 (112070732.034.000) 05/03 00:26:08 Image size of job updated: 444992
	359  -  MemoryUsage of job (MB)
	366996  -  ResidentSetSize of job (KB)
...
006 (112070732.034.000) 05/03 00:31:09 Image size of job updated: 657760
	567  -  MemoryUsage of job (MB)
	579764  -  ResidentSetSize of job (KB)
...
006 (112070732.034.000) 05/03 00:36:10 Image size of job updated: 1082792
	982  -  MemoryUsage of job (MB)
	1004740  -  ResidentSetSize of job (KB)
...
006 (112070732.034.000) 05/03 00:41:10 Image size of job updated: 1619680
	1506  -  MemoryUsage of job (MB)
	1541628  -  ResidentSetSize of job (KB)
...
006 (112070732.034.000) 05/03 00:46:11 Image size of job updated: 2248276
	2120  -  MemoryUsage of job (MB)
	2170224  -  ResidentSetSize of job (KB)
...
006 (112070732.034.000) 05/03 00:51:11 Image size of job updated: 2892332
	2749  -  MemoryUsage of job (MB)
	2814280  -  ResidentSetSize of job (KB)
...
006 (112070732.034.000) 05/03 00:56:11 Image size of job updated: 3720092
	3557  -  MemoryUsage of job (MB)
	3642040  -  ResidentSetSize of job (KB)
...
006 (112070732.034.000) 05/03 01:01:11 Image size of job updated: 4482252
	4301  -  MemoryUsage of job (MB)
	4404200  -  ResidentSetSize of job (KB)
...
006 (112070732.034.000) 05/03 01:06:12 Image size of job updated: 5388000
	5186  -  MemoryUsage of job (MB)
	5309948  -  ResidentSetSize of job (KB)
...
006 (112070732.034.000) 05/03 01:11:12 Image size of job updated: 6362848
	6138  -  MemoryUsage of job (MB)
	6284796  -  ResidentSetSize of job (KB)
...
006 (112070732.034.000) 05/03 01:16:13 Image size of job updated: 7215568
	6971  -  MemoryUsage of job (MB)
	7137516  -  ResidentSetSize of job (KB)
...
006 (112070732.034.000) 05/03 01:21:13 Image size of job updated: 7883248
	7623  -  MemoryUsage of job (MB)
	7805196  -  ResidentSetSize of job (KB)
...
006 (112070732.034.000) 05/03 01:26:13 Image size of job updated: 8676224
	8397  -  MemoryUsage of job (MB)
	8598172  -  ResidentSetSize of job (KB)
...
006 (112070732.034.000) 05/03 01:31:14 Image size of job updated: 9423228
	9127  -  MemoryUsage of job (MB)
	9345176  -  ResidentSetSize of job (KB)
...
006 (112070732.034.000) 05/03 01:36:16 Image size of job updated: 10173244
	9859  -  MemoryUsage of job (MB)
	10095192  -  ResidentSetSize of job (KB)
...
006 (112070732.034.000) 05/03 01:41:16 Image size of job updated: 10731236
	10404  -  MemoryUsage of job (MB)
	10653184  -  ResidentSetSize of job (KB)
...
006 (112070732.034.000) 05/03 01:46:16 Image size of job updated: 11170676
	10833  -  MemoryUsage of job (MB)
	11092624  -  ResidentSetSize of job (KB)
...
006 (112070732.034.000) 05/03 01:51:24 Image size of job updated: 11894380
	11540  -  MemoryUsage of job (MB)
	11816328  -  ResidentSetSize of job (KB)
...
006 (112070732.034.000) 05/03 01:56:17 Image size of job updated: 12555288
	12185  -  MemoryUsage of job (MB)
	12477236  -  ResidentSetSize of job (KB)
...
006 (112070732.034.000) 05/03 02:01:17 Image size of job updated: 13297404
	12910  -  MemoryUsage of job (MB)
	13219352  -  ResidentSetSize of job (KB)
...
006 (112070732.034.000) 05/03 02:06:18 Image size of job updated: 13974148
	13571  -  MemoryUsage of job (MB)
	13896096  -  ResidentSetSize of job (KB)
...
006 (112070732.034.000) 05/03 02:11:19 Image size of job updated: 14573816
	14157  -  MemoryUsage of job (MB)
	14495764  -  ResidentSetSize of job (KB)
...
006 (112070732.034.000) 05/03 02:16:19 Image size of job updated: 15243900
	14811  -  MemoryUsage of job (MB)
	15165848  -  ResidentSetSize of job (KB)
...
006 (112070732.034.000) 05/03 02:21:19 Image size of job updated: 16028884
	15577  -  MemoryUsage of job (MB)
	15950832  -  ResidentSetSize of job (KB)
...
006 (112070732.034.000) 05/03 02:26:20 Image size of job updated: 16770596
	16302  -  MemoryUsage of job (MB)
	16692544  -  ResidentSetSize of job (KB)
...
006 (112070732.034.000) 05/03 02:31:20 Image size of job updated: 17552052
	17065  -  MemoryUsage of job (MB)
	17474000  -  ResidentSetSize of job (KB)
...
006 (112070732.034.000) 05/03 02:36:21 Image size of job updated: 18253284
	17743  -  MemoryUsage of job (MB)
	18168620  -  ResidentSetSize of job (KB)
...
006 (112070732.034.000) 05/03 02:41:22 Image size of job updated: 18845336
	18313  -  MemoryUsage of job (MB)
	18751540  -  ResidentSetSize of job (KB)
...
006 (112070732.034.000) 05/03 02:46:22 Image size of job updated: 19564692
	19001  -  MemoryUsage of job (MB)
	19456228  -  ResidentSetSize of job (KB)
...
006 (112070732.034.000) 05/03 02:51:22 Image size of job updated: 20240240
	19646  -  MemoryUsage of job (MB)
	20117092  -  ResidentSetSize of job (KB)
...
006 (112070732.034.000) 05/03 02:56:23 Image size of job updated: 20887008
	20203  -  MemoryUsage of job (MB)
	20687868  -  ResidentSetSize of job (KB)
...
006 (112070732.034.000) 05/03 03:01:23 Image size of job updated: 21379500
	20461  -  MemoryUsage of job (MB)
	20951644  -  ResidentSetSize of job (KB)
...
006 (112070732.034.000) 05/03 03:06:23 Image size of job updated: 21942156
	20461  -  MemoryUsage of job (MB)
	20951644  -  ResidentSetSize of job (KB)
...
006 (112070732.034.000) 05/03 03:11:23 Image size of job updated: 22588896
	20461  -  MemoryUsage of job (MB)
	20951644  -  ResidentSetSize of job (KB)
...
006 (112070732.034.000) 05/03 03:16:24 Image size of job updated: 23000568
	20461  -  MemoryUsage of job (MB)
	20951644  -  ResidentSetSize of job (KB)
...
005 (112070732.034.000) 05/03 03:17:38 Job terminated.
	(1) Normal termination (return value 0)
		Usr 0 02:28:23, Sys 0 00:02:54  -  Run Remote Usage
		Usr 0 00:00:00, Sys 0 00:00:00  -  Run Local Usage
		Usr 0 02:28:23, Sys 0 00:02:54  -  Total Remote Usage
		Usr 0 00:00:00, Sys 0 00:00:00  -  Total Local Usage
	24788822  -  Run Bytes Sent By Job
	1780306816  -  Run Bytes Received By Job
	24788822  -  Total Bytes Sent By Job
	1780306816  -  Total Bytes Received By Job
	Partitionable Resources :      Usage  Request Allocated 
	   Cpus                 :       0.45        1         1 
	   Disk (KB)            : 6853960    20971520  21344156 
	   Ioheavy              :                             0 
	   Memory (MB)          :   20461       20480     20480 
...
