000 (112070732.056.000) 05/02 11:03:03 Job submitted from host: <128.104.100.44:9618?addrs=128.104.100.44-9618+[2607-f388-107c-501-90e2-baff-fe2c-2724]-9618&noUDP&sock=4699_0235_3>
...
001 (112070732.056.000) 05/03 00:31:59 Job executing on host: <128.105.245.243:9618?addrs=128.105.245.243-9618&noUDP&sock=5430_1b59_3>
...
006 (112070732.056.000) 05/03 00:32:07 Image size of job updated: 624
	1  -  MemoryUsage of job (MB)
	624  -  ResidentSetSize of job (KB)
...
006 (112070732.056.000) 05/03 00:37:08 Image size of job updated: 656
	1  -  MemoryUsage of job (MB)
	656  -  ResidentSetSize of job (KB)
...
006 (112070732.056.000) 05/03 00:42:11 Image size of job updated: 672
	1  -  MemoryUsage of job (MB)
	672  -  ResidentSetSize of job (KB)
...
006 (112070732.056.000) 05/03 00:47:09 Image size of job updated: 405692
	321  -  MemoryUsage of job (MB)
	327696  -  ResidentSetSize of job (KB)
...
006 (112070732.056.000) 05/03 00:52:13 Image size of job updated: 528740
	441  -  MemoryUsage of job (MB)
	450744  -  ResidentSetSize of job (KB)
...
006 (112070732.056.000) 05/03 00:57:10 Image size of job updated: 629260
	539  -  MemoryUsage of job (MB)
	551264  -  ResidentSetSize of job (KB)
...
006 (112070732.056.000) 05/03 01:02:11 Image size of job updated: 766332
	673  -  MemoryUsage of job (MB)
	688336  -  ResidentSetSize of job (KB)
...
006 (112070732.056.000) 05/03 01:07:12 Image size of job updated: 843320
	748  -  MemoryUsage of job (MB)
	765268  -  ResidentSetSize of job (KB)
...
006 (112070732.056.000) 05/03 01:12:13 Image size of job updated: 1027608
	928  -  MemoryUsage of job (MB)
	949556  -  ResidentSetSize of job (KB)
...
006 (112070732.056.000) 05/03 01:17:14 Image size of job updated: 1188736
	1085  -  MemoryUsage of job (MB)
	1110684  -  ResidentSetSize of job (KB)
...
006 (112070732.056.000) 05/03 01:22:15 Image size of job updated: 1411692
	1303  -  MemoryUsage of job (MB)
	1333640  -  ResidentSetSize of job (KB)
...
006 (112070732.056.000) 05/03 01:27:16 Image size of job updated: 1957260
	1836  -  MemoryUsage of job (MB)
	1879208  -  ResidentSetSize of job (KB)
...
006 (112070732.056.000) 05/03 01:32:21 Image size of job updated: 2675564
	2537  -  MemoryUsage of job (MB)
	2597512  -  ResidentSetSize of job (KB)
...
006 (112070732.056.000) 05/03 01:37:17 Image size of job updated: 3499296
	3342  -  MemoryUsage of job (MB)
	3421244  -  ResidentSetSize of job (KB)
...
006 (112070732.056.000) 05/03 01:42:17 Image size of job updated: 4392256
	4214  -  MemoryUsage of job (MB)
	4314204  -  ResidentSetSize of job (KB)
...
006 (112070732.056.000) 05/03 01:47:17 Image size of job updated: 5318528
	5118  -  MemoryUsage of job (MB)
	5240476  -  ResidentSetSize of job (KB)
...
006 (112070732.056.000) 05/03 01:52:18 Image size of job updated: 6159296
	5939  -  MemoryUsage of job (MB)
	6081244  -  ResidentSetSize of job (KB)
...
006 (112070732.056.000) 05/03 01:57:19 Image size of job updated: 7095140
	6853  -  MemoryUsage of job (MB)
	7017088  -  ResidentSetSize of job (KB)
...
006 (112070732.056.000) 05/03 02:02:20 Image size of job updated: 7796176
	7538  -  MemoryUsage of job (MB)
	7718124  -  ResidentSetSize of job (KB)
...
006 (112070732.056.000) 05/03 02:07:22 Image size of job updated: 8577516
	8301  -  MemoryUsage of job (MB)
	8499464  -  ResidentSetSize of job (KB)
...
006 (112070732.056.000) 05/03 02:12:22 Image size of job updated: 9322040
	9028  -  MemoryUsage of job (MB)
	9243988  -  ResidentSetSize of job (KB)
...
006 (112070732.056.000) 05/03 02:17:22 Image size of job updated: 10033596
	9723  -  MemoryUsage of job (MB)
	9955544  -  ResidentSetSize of job (KB)
...
006 (112070732.056.000) 05/03 02:22:22 Image size of job updated: 10723776
	10397  -  MemoryUsage of job (MB)
	10645724  -  ResidentSetSize of job (KB)
...
006 (112070732.056.000) 05/03 02:27:23 Image size of job updated: 11376148
	11034  -  MemoryUsage of job (MB)
	11298096  -  ResidentSetSize of job (KB)
...
006 (112070732.056.000) 05/03 02:32:24 Image size of job updated: 12093148
	11734  -  MemoryUsage of job (MB)
	12015096  -  ResidentSetSize of job (KB)
...
006 (112070732.056.000) 05/03 02:37:26 Image size of job updated: 12780420
	12405  -  MemoryUsage of job (MB)
	12702368  -  ResidentSetSize of job (KB)
...
006 (112070732.056.000) 05/03 02:42:26 Image size of job updated: 13471852
	13080  -  MemoryUsage of job (MB)
	13393800  -  ResidentSetSize of job (KB)
...
006 (112070732.056.000) 05/03 02:47:26 Image size of job updated: 14148052
	13741  -  MemoryUsage of job (MB)
	14070000  -  ResidentSetSize of job (KB)
...
006 (112070732.056.000) 05/03 02:52:27 Image size of job updated: 14922008
	14497  -  MemoryUsage of job (MB)
	14843956  -  ResidentSetSize of job (KB)
...
006 (112070732.056.000) 05/03 02:57:28 Image size of job updated: 15592328
	15151  -  MemoryUsage of job (MB)
	15514276  -  ResidentSetSize of job (KB)
...
006 (112070732.056.000) 05/03 03:02:28 Image size of job updated: 16309408
	15851  -  MemoryUsage of job (MB)
	16231356  -  ResidentSetSize of job (KB)
...
006 (112070732.056.000) 05/03 03:07:28 Image size of job updated: 16937556
	16465  -  MemoryUsage of job (MB)
	16859504  -  ResidentSetSize of job (KB)
...
006 (112070732.056.000) 05/03 03:12:29 Image size of job updated: 17687944
	17197  -  MemoryUsage of job (MB)
	17609528  -  ResidentSetSize of job (KB)
...
006 (112070732.056.000) 05/03 03:17:31 Image size of job updated: 18463212
	17954  -  MemoryUsage of job (MB)
	18383888  -  ResidentSetSize of job (KB)
...
006 (112070732.056.000) 05/03 03:22:31 Image size of job updated: 19241572
	18708  -  MemoryUsage of job (MB)
	19156028  -  ResidentSetSize of job (KB)
...
006 (112070732.056.000) 05/03 03:27:31 Image size of job updated: 19907320
	19343  -  MemoryUsage of job (MB)
	19806908  -  ResidentSetSize of job (KB)
...
006 (112070732.056.000) 05/03 03:32:31 Image size of job updated: 20610496
	20008  -  MemoryUsage of job (MB)
	20487632  -  ResidentSetSize of job (KB)
...
006 (112070732.056.000) 05/03 03:37:32 Image size of job updated: 21227224
	20435  -  MemoryUsage of job (MB)
	20924804  -  ResidentSetSize of job (KB)
...
006 (112070732.056.000) 05/03 03:42:33 Image size of job updated: 21866572
	20447  -  MemoryUsage of job (MB)
	20937644  -  ResidentSetSize of job (KB)
...
006 (112070732.056.000) 05/03 03:47:34 Image size of job updated: 22336620
	20447  -  MemoryUsage of job (MB)
	20937720  -  ResidentSetSize of job (KB)
...
006 (112070732.056.000) 05/03 03:52:34 Image size of job updated: 22691400
	20447  -  MemoryUsage of job (MB)
	20937720  -  ResidentSetSize of job (KB)
...
006 (112070732.056.000) 05/03 03:57:34 Image size of job updated: 23052076
	20447  -  MemoryUsage of job (MB)
	20937720  -  ResidentSetSize of job (KB)
...
005 (112070732.056.000) 05/03 03:59:57 Job terminated.
	(1) Normal termination (return value 0)
		Usr 0 02:32:45, Sys 0 00:02:43  -  Run Remote Usage
		Usr 0 00:00:00, Sys 0 00:00:00  -  Run Local Usage
		Usr 0 02:32:45, Sys 0 00:02:43  -  Total Remote Usage
		Usr 0 00:00:00, Sys 0 00:00:00  -  Total Local Usage
	24786896  -  Run Bytes Sent By Job
	1780306816  -  Run Bytes Received By Job
	24786896  -  Total Bytes Sent By Job
	1780306816  -  Total Bytes Received By Job
	Partitionable Resources :      Usage  Request Allocated 
	   Cpus                 :       1.00        1         1 
	   Disk (KB)            : 6853958    20971520  21177677 
	   Ioheavy              :                             0 
	   Memory (MB)          :   20447       20480     20480 
...
