000 (112070732.059.000) 05/02 11:03:03 Job submitted from host: <128.104.100.44:9618?addrs=128.104.100.44-9618+[2607-f388-107c-501-90e2-baff-fe2c-2724]-9618&noUDP&sock=4699_0235_3>
...
001 (112070732.059.000) 05/03 00:29:46 Job executing on host: <128.105.245.191:9618?addrs=128.105.245.191-9618&noUDP&sock=5470_8b22_29>
...
006 (112070732.059.000) 05/03 00:29:54 Image size of job updated: 616
	1  -  MemoryUsage of job (MB)
	616  -  ResidentSetSize of job (KB)
...
006 (112070732.059.000) 05/03 00:34:55 Image size of job updated: 628
	1  -  MemoryUsage of job (MB)
	628  -  ResidentSetSize of job (KB)
...
006 (112070732.059.000) 05/03 00:39:56 Image size of job updated: 648
	1  -  MemoryUsage of job (MB)
	648  -  ResidentSetSize of job (KB)
...
006 (112070732.059.000) 05/03 00:49:57 Image size of job updated: 656
	1  -  MemoryUsage of job (MB)
	656  -  ResidentSetSize of job (KB)
...
006 (112070732.059.000) 05/03 00:54:58 Image size of job updated: 664
	1  -  MemoryUsage of job (MB)
	664  -  ResidentSetSize of job (KB)
...
006 (112070732.059.000) 05/03 01:10:00 Image size of job updated: 438260
	352  -  MemoryUsage of job (MB)
	360264  -  ResidentSetSize of job (KB)
...
006 (112070732.059.000) 05/03 01:15:00 Image size of job updated: 896088
	799  -  MemoryUsage of job (MB)
	818036  -  ResidentSetSize of job (KB)
...
006 (112070732.059.000) 05/03 01:20:01 Image size of job updated: 1485344
	1375  -  MemoryUsage of job (MB)
	1407292  -  ResidentSetSize of job (KB)
...
006 (112070732.059.000) 05/03 01:25:02 Image size of job updated: 2254144
	2126  -  MemoryUsage of job (MB)
	2176092  -  ResidentSetSize of job (KB)
...
006 (112070732.059.000) 05/03 01:30:03 Image size of job updated: 3466112
	3309  -  MemoryUsage of job (MB)
	3388060  -  ResidentSetSize of job (KB)
...
006 (112070732.059.000) 05/03 01:35:03 Image size of job updated: 4586940
	4404  -  MemoryUsage of job (MB)
	4508888  -  ResidentSetSize of job (KB)
...
006 (112070732.059.000) 05/03 01:40:03 Image size of job updated: 5610868
	5404  -  MemoryUsage of job (MB)
	5532816  -  ResidentSetSize of job (KB)
...
006 (112070732.059.000) 05/03 01:45:13 Image size of job updated: 6559028
	6330  -  MemoryUsage of job (MB)
	6480976  -  ResidentSetSize of job (KB)
...
006 (112070732.059.000) 05/03 01:50:05 Image size of job updated: 7524400
	7272  -  MemoryUsage of job (MB)
	7446348  -  ResidentSetSize of job (KB)
...
006 (112070732.059.000) 05/03 01:55:06 Image size of job updated: 8460468
	8186  -  MemoryUsage of job (MB)
	8382416  -  ResidentSetSize of job (KB)
...
006 (112070732.059.000) 05/03 02:00:06 Image size of job updated: 9376924
	9081  -  MemoryUsage of job (MB)
	9298872  -  ResidentSetSize of job (KB)
...
006 (112070732.059.000) 05/03 02:05:06 Image size of job updated: 10302284
	9985  -  MemoryUsage of job (MB)
	10224232  -  ResidentSetSize of job (KB)
...
006 (112070732.059.000) 05/03 02:10:06 Image size of job updated: 11109920
	10774  -  MemoryUsage of job (MB)
	11031868  -  ResidentSetSize of job (KB)
...
006 (112070732.059.000) 05/03 02:15:07 Image size of job updated: 11927268
	11572  -  MemoryUsage of job (MB)
	11849216  -  ResidentSetSize of job (KB)
...
006 (112070732.059.000) 05/03 02:20:07 Image size of job updated: 12699608
	12326  -  MemoryUsage of job (MB)
	12621556  -  ResidentSetSize of job (KB)
...
006 (112070732.059.000) 05/03 02:25:08 Image size of job updated: 13526884
	13134  -  MemoryUsage of job (MB)
	13448832  -  ResidentSetSize of job (KB)
...
006 (112070732.059.000) 05/03 02:30:08 Image size of job updated: 14448004
	14034  -  MemoryUsage of job (MB)
	14369952  -  ResidentSetSize of job (KB)
...
006 (112070732.059.000) 05/03 02:35:10 Image size of job updated: 15228628
	14796  -  MemoryUsage of job (MB)
	15150576  -  ResidentSetSize of job (KB)
...
006 (112070732.059.000) 05/03 02:40:10 Image size of job updated: 16165300
	15711  -  MemoryUsage of job (MB)
	16087248  -  ResidentSetSize of job (KB)
...
006 (112070732.059.000) 05/03 02:45:10 Image size of job updated: 16990784
	16517  -  MemoryUsage of job (MB)
	16912732  -  ResidentSetSize of job (KB)
...
006 (112070732.059.000) 05/03 02:50:11 Image size of job updated: 17781212
	17287  -  MemoryUsage of job (MB)
	17701292  -  ResidentSetSize of job (KB)
...
006 (112070732.059.000) 05/03 02:55:13 Image size of job updated: 18559184
	18045  -  MemoryUsage of job (MB)
	18478072  -  ResidentSetSize of job (KB)
...
006 (112070732.059.000) 05/03 03:00:13 Image size of job updated: 19484080
	18935  -  MemoryUsage of job (MB)
	19389032  -  ResidentSetSize of job (KB)
...
006 (112070732.059.000) 05/03 03:05:13 Image size of job updated: 20405620
	19791  -  MemoryUsage of job (MB)
	20265100  -  ResidentSetSize of job (KB)
...
006 (112070732.059.000) 05/03 03:10:13 Image size of job updated: 21254308
	20396  -  MemoryUsage of job (MB)
	20884624  -  ResidentSetSize of job (KB)
...
006 (112070732.059.000) 05/03 03:15:15 Image size of job updated: 22043568
	20455  -  MemoryUsage of job (MB)
	20944936  -  ResidentSetSize of job (KB)
...
006 (112070732.059.000) 05/03 03:20:15 Image size of job updated: 22844168
	20455  -  MemoryUsage of job (MB)
	20945020  -  ResidentSetSize of job (KB)
...
005 (112070732.059.000) 05/03 03:21:35 Job terminated.
	(1) Normal termination (return value 0)
		Usr 0 02:06:41, Sys 0 00:04:21  -  Run Remote Usage
		Usr 0 00:00:00, Sys 0 00:00:00  -  Run Local Usage
		Usr 0 02:06:41, Sys 0 00:04:21  -  Total Remote Usage
		Usr 0 00:00:00, Sys 0 00:00:00  -  Total Local Usage
	24798516  -  Run Bytes Sent By Job
	1780306816  -  Run Bytes Received By Job
	24798516  -  Total Bytes Sent By Job
	1780306816  -  Total Bytes Received By Job
	Partitionable Resources :      Usage  Request Allocated 
	   Cpus                 :       1.00        1         1 
	   Disk (KB)            : 6853968    20971520  21449450 
	   Ioheavy              :                             0 
	   Memory (MB)          :   20455       20480     20480 
...
