000 (112070732.039.000) 05/02 11:03:03 Job submitted from host: <128.104.100.44:9618?addrs=128.104.100.44-9618+[2607-f388-107c-501-90e2-baff-fe2c-2724]-9618&noUDP&sock=4699_0235_3>
...
001 (112070732.039.000) 05/02 23:48:27 Job executing on host: <128.105.245.163:9618?addrs=128.105.245.163-9618&noUDP&sock=5471_3abb_46>
...
006 (112070732.039.000) 05/02 23:48:36 Image size of job updated: 624
	1  -  MemoryUsage of job (MB)
	624  -  ResidentSetSize of job (KB)
...
006 (112070732.039.000) 05/02 23:53:37 Image size of job updated: 656
	1  -  MemoryUsage of job (MB)
	656  -  ResidentSetSize of job (KB)
...
006 (112070732.039.000) 05/02 23:58:38 Image size of job updated: 310984
	228  -  MemoryUsage of job (MB)
	232984  -  ResidentSetSize of job (KB)
...
006 (112070732.039.000) 05/03 00:03:39 Image size of job updated: 642268
	552  -  MemoryUsage of job (MB)
	564268  -  ResidentSetSize of job (KB)
...
006 (112070732.039.000) 05/03 00:08:39 Image size of job updated: 1074256
	973  -  MemoryUsage of job (MB)
	996200  -  ResidentSetSize of job (KB)
...
006 (112070732.039.000) 05/03 00:13:40 Image size of job updated: 1589688
	1477  -  MemoryUsage of job (MB)
	1511632  -  ResidentSetSize of job (KB)
...
006 (112070732.039.000) 05/03 00:18:41 Image size of job updated: 2234248
	2106  -  MemoryUsage of job (MB)
	2156192  -  ResidentSetSize of job (KB)
...
006 (112070732.039.000) 05/03 00:23:41 Image size of job updated: 2904276
	2760  -  MemoryUsage of job (MB)
	2826220  -  ResidentSetSize of job (KB)
...
006 (112070732.039.000) 05/03 00:28:42 Image size of job updated: 3701616
	3539  -  MemoryUsage of job (MB)
	3623560  -  ResidentSetSize of job (KB)
...
006 (112070732.039.000) 05/03 00:33:42 Image size of job updated: 4576076
	4393  -  MemoryUsage of job (MB)
	4498020  -  ResidentSetSize of job (KB)
...
006 (112070732.039.000) 05/03 00:38:42 Image size of job updated: 5255428
	5057  -  MemoryUsage of job (MB)
	5177372  -  ResidentSetSize of job (KB)
...
006 (112070732.039.000) 05/03 00:43:43 Image size of job updated: 6092344
	5874  -  MemoryUsage of job (MB)
	6014288  -  ResidentSetSize of job (KB)
...
006 (112070732.039.000) 05/03 00:48:43 Image size of job updated: 6886084
	6649  -  MemoryUsage of job (MB)
	6808028  -  ResidentSetSize of job (KB)
...
006 (112070732.039.000) 05/03 00:53:43 Image size of job updated: 7584780
	7331  -  MemoryUsage of job (MB)
	7506724  -  ResidentSetSize of job (KB)
...
006 (112070732.039.000) 05/03 00:58:44 Image size of job updated: 8363888
	8092  -  MemoryUsage of job (MB)
	8285832  -  ResidentSetSize of job (KB)
...
006 (112070732.039.000) 05/03 01:03:44 Image size of job updated: 9090380
	8802  -  MemoryUsage of job (MB)
	9012324  -  ResidentSetSize of job (KB)
...
006 (112070732.039.000) 05/03 01:08:44 Image size of job updated: 9797488
	9492  -  MemoryUsage of job (MB)
	9719432  -  ResidentSetSize of job (KB)
...
006 (112070732.039.000) 05/03 01:13:45 Image size of job updated: 10507440
	10185  -  MemoryUsage of job (MB)
	10429384  -  ResidentSetSize of job (KB)
...
006 (112070732.039.000) 05/03 01:18:50 Image size of job updated: 11114808
	10779  -  MemoryUsage of job (MB)
	11036752  -  ResidentSetSize of job (KB)
...
006 (112070732.039.000) 05/03 01:23:47 Image size of job updated: 11875496
	11521  -  MemoryUsage of job (MB)
	11797440  -  ResidentSetSize of job (KB)
...
006 (112070732.039.000) 05/03 01:28:47 Image size of job updated: 12520172
	12151  -  MemoryUsage of job (MB)
	12442116  -  ResidentSetSize of job (KB)
...
006 (112070732.039.000) 05/03 01:33:48 Image size of job updated: 13155772
	12772  -  MemoryUsage of job (MB)
	13077716  -  ResidentSetSize of job (KB)
...
006 (112070732.039.000) 05/03 01:38:49 Image size of job updated: 13688204
	13292  -  MemoryUsage of job (MB)
	13610148  -  ResidentSetSize of job (KB)
...
006 (112070732.039.000) 05/03 01:43:49 Image size of job updated: 14404344
	13991  -  MemoryUsage of job (MB)
	14326288  -  ResidentSetSize of job (KB)
...
006 (112070732.039.000) 05/03 01:48:49 Image size of job updated: 15072852
	14644  -  MemoryUsage of job (MB)
	14994796  -  ResidentSetSize of job (KB)
...
006 (112070732.039.000) 05/03 01:53:50 Image size of job updated: 15794040
	15343  -  MemoryUsage of job (MB)
	15710608  -  ResidentSetSize of job (KB)
...
006 (112070732.039.000) 05/03 01:58:50 Image size of job updated: 16536900
	16062  -  MemoryUsage of job (MB)
	16446596  -  ResidentSetSize of job (KB)
...
006 (112070732.039.000) 05/03 02:03:51 Image size of job updated: 17287488
	16787  -  MemoryUsage of job (MB)
	17189136  -  ResidentSetSize of job (KB)
...
006 (112070732.039.000) 05/03 02:08:52 Image size of job updated: 17944880
	17421  -  MemoryUsage of job (MB)
	17838496  -  ResidentSetSize of job (KB)
...
006 (112070732.039.000) 05/03 02:13:52 Image size of job updated: 18629720
	18080  -  MemoryUsage of job (MB)
	18513868  -  ResidentSetSize of job (KB)
...
006 (112070732.039.000) 05/03 02:18:52 Image size of job updated: 19247700
	18676  -  MemoryUsage of job (MB)
	19123360  -  ResidentSetSize of job (KB)
...
006 (112070732.039.000) 05/03 02:23:52 Image size of job updated: 19852224
	19259  -  MemoryUsage of job (MB)
	19720512  -  ResidentSetSize of job (KB)
...
006 (112070732.039.000) 05/03 02:28:52 Image size of job updated: 20192056
	19577  -  MemoryUsage of job (MB)
	20046148  -  ResidentSetSize of job (KB)
...
006 (112070732.039.000) 05/03 02:33:53 Image size of job updated: 20771760
	20130  -  MemoryUsage of job (MB)
	20612608  -  ResidentSetSize of job (KB)
...
006 (112070732.039.000) 05/03 02:38:54 Image size of job updated: 21196072
	20380  -  MemoryUsage of job (MB)
	20868376  -  ResidentSetSize of job (KB)
...
006 (112070732.039.000) 05/03 02:43:54 Image size of job updated: 21266036
	20394  -  MemoryUsage of job (MB)
	20882436  -  ResidentSetSize of job (KB)
...
006 (112070732.039.000) 05/03 02:48:54 Image size of job updated: 21446544
	20433  -  MemoryUsage of job (MB)
	20923328  -  ResidentSetSize of job (KB)
...
006 (112070732.039.000) 05/03 02:53:55 Image size of job updated: 21715672
	20466  -  MemoryUsage of job (MB)
	20956468  -  ResidentSetSize of job (KB)
...
006 (112070732.039.000) 05/03 02:58:55 Image size of job updated: 21851020
	20466  -  MemoryUsage of job (MB)
	20956468  -  ResidentSetSize of job (KB)
...
006 (112070732.039.000) 05/03 03:03:56 Image size of job updated: 22098136
	20466  -  MemoryUsage of job (MB)
	20956468  -  ResidentSetSize of job (KB)
...
006 (112070732.039.000) 05/03 03:08:56 Image size of job updated: 22467256
	20466  -  MemoryUsage of job (MB)
	20956468  -  ResidentSetSize of job (KB)
...
006 (112070732.039.000) 05/03 03:13:57 Image size of job updated: 22788480
	20466  -  MemoryUsage of job (MB)
	20956468  -  ResidentSetSize of job (KB)
...
006 (112070732.039.000) 05/03 03:18:54 Image size of job updated: 23108844
	20466  -  MemoryUsage of job (MB)
	20956468  -  ResidentSetSize of job (KB)
...
005 (112070732.039.000) 05/03 03:18:59 Job terminated.
	(1) Normal termination (return value 0)
		Usr 0 02:38:51, Sys 0 00:03:22  -  Run Remote Usage
		Usr 0 00:00:00, Sys 0 00:00:00  -  Run Local Usage
		Usr 0 02:38:51, Sys 0 00:03:22  -  Total Remote Usage
		Usr 0 00:00:00, Sys 0 00:00:00  -  Total Local Usage
	24852270  -  Run Bytes Sent By Job
	1780306816  -  Run Bytes Received By Job
	24852270  -  Total Bytes Sent By Job
	1780306816  -  Total Bytes Received By Job
	Partitionable Resources :    Usage  Request Allocated 
	   Cpus                 :        0        1         1 
	   Disk (KB)            :  6854022 20971520  21298579 
	   Ioheavy              :                           0 
	   Memory (MB)          :    20466    20480     20480 
...
