000 (111472057.054.000) 04/24 11:52:17 Job submitted from host: <128.104.100.44:9618?addrs=128.104.100.44-9618+[2607-f388-107c-501-90e2-baff-fe2c-2724]-9618&noUDP&sock=4699_0235_3>
...
001 (111472057.054.000) 04/24 14:19:38 Job executing on host: <128.105.245.243:9618?addrs=128.105.245.243-9618&noUDP&sock=5430_1b59_3>
...
006 (111472057.054.000) 04/24 14:19:47 Image size of job updated: 620
	1  -  MemoryUsage of job (MB)
	620  -  ResidentSetSize of job (KB)
...
006 (111472057.054.000) 04/24 14:24:49 Image size of job updated: 404640
	319  -  MemoryUsage of job (MB)
	326644  -  ResidentSetSize of job (KB)
...
006 (111472057.054.000) 04/24 14:29:49 Image size of job updated: 844960
	749  -  MemoryUsage of job (MB)
	766908  -  ResidentSetSize of job (KB)
...
006 (111472057.054.000) 04/24 14:34:50 Image size of job updated: 1331436
	1225  -  MemoryUsage of job (MB)
	1253384  -  ResidentSetSize of job (KB)
...
006 (111472057.054.000) 04/24 14:39:51 Image size of job updated: 1986208
	1864  -  MemoryUsage of job (MB)
	1908156  -  ResidentSetSize of job (KB)
...
006 (111472057.054.000) 04/24 14:44:51 Image size of job updated: 2740352
	2600  -  MemoryUsage of job (MB)
	2662300  -  ResidentSetSize of job (KB)
...
006 (111472057.054.000) 04/24 14:49:51 Image size of job updated: 3651544
	3490  -  MemoryUsage of job (MB)
	3573492  -  ResidentSetSize of job (KB)
...
006 (111472057.054.000) 04/24 14:54:52 Image size of job updated: 4524164
	4342  -  MemoryUsage of job (MB)
	4446112  -  ResidentSetSize of job (KB)
...
006 (111472057.054.000) 04/24 14:59:52 Image size of job updated: 5357768
	5156  -  MemoryUsage of job (MB)
	5279716  -  ResidentSetSize of job (KB)
...
006 (111472057.054.000) 04/24 15:04:52 Image size of job updated: 6221248
	6000  -  MemoryUsage of job (MB)
	6143196  -  ResidentSetSize of job (KB)
...
006 (111472057.054.000) 04/24 15:09:53 Image size of job updated: 7004940
	6765  -  MemoryUsage of job (MB)
	6926888  -  ResidentSetSize of job (KB)
...
006 (111472057.054.000) 04/24 15:14:53 Image size of job updated: 7864944
	7605  -  MemoryUsage of job (MB)
	7786892  -  ResidentSetSize of job (KB)
...
006 (111472057.054.000) 04/24 15:19:53 Image size of job updated: 8585952
	8309  -  MemoryUsage of job (MB)
	8507900  -  ResidentSetSize of job (KB)
...
006 (111472057.054.000) 04/24 15:24:53 Image size of job updated: 9250208
	8958  -  MemoryUsage of job (MB)
	9172156  -  ResidentSetSize of job (KB)
...
006 (111472057.054.000) 04/24 15:29:54 Image size of job updated: 9859352
	9553  -  MemoryUsage of job (MB)
	9781300  -  ResidentSetSize of job (KB)
...
006 (111472057.054.000) 04/24 15:34:54 Image size of job updated: 10496260
	10175  -  MemoryUsage of job (MB)
	10418208  -  ResidentSetSize of job (KB)
...
006 (111472057.054.000) 04/24 15:39:55 Image size of job updated: 11160176
	10823  -  MemoryUsage of job (MB)
	11082124  -  ResidentSetSize of job (KB)
...
006 (111472057.054.000) 04/24 15:44:56 Image size of job updated: 11831676
	11479  -  MemoryUsage of job (MB)
	11753624  -  ResidentSetSize of job (KB)
...
006 (111472057.054.000) 04/24 15:49:56 Image size of job updated: 12437612
	12070  -  MemoryUsage of job (MB)
	12359560  -  ResidentSetSize of job (KB)
...
006 (111472057.054.000) 04/24 15:54:57 Image size of job updated: 13144944
	12761  -  MemoryUsage of job (MB)
	13066892  -  ResidentSetSize of job (KB)
...
006 (111472057.054.000) 04/24 15:59:57 Image size of job updated: 13878940
	13478  -  MemoryUsage of job (MB)
	13800888  -  ResidentSetSize of job (KB)
...
006 (111472057.054.000) 04/24 16:04:58 Image size of job updated: 14509588
	14094  -  MemoryUsage of job (MB)
	14431536  -  ResidentSetSize of job (KB)
...
006 (111472057.054.000) 04/24 16:09:59 Image size of job updated: 15204588
	14773  -  MemoryUsage of job (MB)
	15126536  -  ResidentSetSize of job (KB)
...
006 (111472057.054.000) 04/24 16:14:59 Image size of job updated: 15912588
	15463  -  MemoryUsage of job (MB)
	15833896  -  ResidentSetSize of job (KB)
...
006 (111472057.054.000) 04/24 16:20:00 Image size of job updated: 16568980
	16101  -  MemoryUsage of job (MB)
	16486472  -  ResidentSetSize of job (KB)
...
006 (111472057.054.000) 04/24 16:25:01 Image size of job updated: 17283956
	16790  -  MemoryUsage of job (MB)
	17192588  -  ResidentSetSize of job (KB)
...
006 (111472057.054.000) 04/24 16:30:01 Image size of job updated: 17967292
	17452  -  MemoryUsage of job (MB)
	17870372  -  ResidentSetSize of job (KB)
...
006 (111472057.054.000) 04/24 16:35:03 Image size of job updated: 18776172
	18228  -  MemoryUsage of job (MB)
	18664696  -  ResidentSetSize of job (KB)
...
006 (111472057.054.000) 04/24 16:40:03 Image size of job updated: 19457260
	18846  -  MemoryUsage of job (MB)
	19297500  -  ResidentSetSize of job (KB)
...
006 (111472057.054.000) 04/24 16:45:03 Image size of job updated: 20165212
	19482  -  MemoryUsage of job (MB)
	19948940  -  ResidentSetSize of job (KB)
...
006 (111472057.054.000) 04/24 16:50:04 Image size of job updated: 20798364
	19942  -  MemoryUsage of job (MB)
	20420296  -  ResidentSetSize of job (KB)
...
006 (111472057.054.000) 04/24 16:55:04 Image size of job updated: 21358220
	20246  -  MemoryUsage of job (MB)
	20731288  -  ResidentSetSize of job (KB)
...
006 (111472057.054.000) 04/24 16:57:07 Image size of job updated: 21573288
	20246  -  MemoryUsage of job (MB)
	20731728  -  ResidentSetSize of job (KB)
...
005 (111472057.054.000) 04/24 16:57:08 Job terminated.
	(1) Normal termination (return value 0)
		Usr 0 02:25:33, Sys 0 00:04:00  -  Run Remote Usage
		Usr 0 00:00:00, Sys 0 00:00:00  -  Run Local Usage
		Usr 0 02:25:33, Sys 0 00:04:00  -  Total Remote Usage
		Usr 0 00:00:00, Sys 0 00:00:00  -  Total Local Usage
	19873178  -  Run Bytes Sent By Job
	1780295040  -  Run Bytes Received By Job
	19873178  -  Total Bytes Sent By Job
	1780295040  -  Total Bytes Received By Job
	Partitionable Resources :      Usage  Request Allocated 
	   Cpus                 :       0.97        1         1 
	   Disk (KB)            : 6849137    20971520  21409915 
	   Ioheavy              :                             0 
	   Memory (MB)          :   20246       20480     20480 
...
