000 (111472057.180.000) 04/24 11:52:17 Job submitted from host: <128.104.100.44:9618?addrs=128.104.100.44-9618+[2607-f388-107c-501-90e2-baff-fe2c-2724]-9618&noUDP&sock=4699_0235_3>
...
001 (111472057.180.000) 04/24 19:18:15 Job executing on host: <128.105.245.150:9618?addrs=128.105.245.150-9618&noUDP&sock=5248_451c_27>
...
006 (111472057.180.000) 04/24 19:18:23 Image size of job updated: 624
	1  -  MemoryUsage of job (MB)
	624  -  ResidentSetSize of job (KB)
...
006 (111472057.180.000) 04/24 19:23:24 Image size of job updated: 475608
	389  -  MemoryUsage of job (MB)
	397612  -  ResidentSetSize of job (KB)
...
006 (111472057.180.000) 04/24 19:28:24 Image size of job updated: 867892
	772  -  MemoryUsage of job (MB)
	789840  -  ResidentSetSize of job (KB)
...
006 (111472057.180.000) 04/24 19:33:24 Image size of job updated: 1342652
	1235  -  MemoryUsage of job (MB)
	1264600  -  ResidentSetSize of job (KB)
...
006 (111472057.180.000) 04/24 19:38:25 Image size of job updated: 2091552
	1967  -  MemoryUsage of job (MB)
	2013500  -  ResidentSetSize of job (KB)
...
006 (111472057.180.000) 04/24 19:43:25 Image size of job updated: 2754912
	2615  -  MemoryUsage of job (MB)
	2676860  -  ResidentSetSize of job (KB)
...
006 (111472057.180.000) 04/24 19:48:25 Image size of job updated: 3909932
	3743  -  MemoryUsage of job (MB)
	3831880  -  ResidentSetSize of job (KB)
...
006 (111472057.180.000) 04/24 19:53:26 Image size of job updated: 4935388
	4744  -  MemoryUsage of job (MB)
	4857336  -  ResidentSetSize of job (KB)
...
006 (111472057.180.000) 04/24 19:58:26 Image size of job updated: 5951944
	5737  -  MemoryUsage of job (MB)
	5873892  -  ResidentSetSize of job (KB)
...
006 (111472057.180.000) 04/24 20:03:28 Image size of job updated: 6943252
	6705  -  MemoryUsage of job (MB)
	6865200  -  ResidentSetSize of job (KB)
...
006 (111472057.180.000) 04/24 20:08:28 Image size of job updated: 7777524
	7520  -  MemoryUsage of job (MB)
	7699472  -  ResidentSetSize of job (KB)
...
006 (111472057.180.000) 04/24 20:13:28 Image size of job updated: 8600280
	8323  -  MemoryUsage of job (MB)
	8522228  -  ResidentSetSize of job (KB)
...
006 (111472057.180.000) 04/24 20:18:28 Image size of job updated: 9316496
	9022  -  MemoryUsage of job (MB)
	9238444  -  ResidentSetSize of job (KB)
...
006 (111472057.180.000) 04/24 20:23:29 Image size of job updated: 10070136
	9758  -  MemoryUsage of job (MB)
	9992084  -  ResidentSetSize of job (KB)
...
006 (111472057.180.000) 04/24 20:28:29 Image size of job updated: 10915444
	10584  -  MemoryUsage of job (MB)
	10837392  -  ResidentSetSize of job (KB)
...
006 (111472057.180.000) 04/24 20:33:30 Image size of job updated: 11708984
	11359  -  MemoryUsage of job (MB)
	11630932  -  ResidentSetSize of job (KB)
...
006 (111472057.180.000) 04/24 20:38:30 Image size of job updated: 12515852
	12147  -  MemoryUsage of job (MB)
	12437800  -  ResidentSetSize of job (KB)
...
006 (111472057.180.000) 04/24 20:43:32 Image size of job updated: 13256868
	12870  -  MemoryUsage of job (MB)
	13178816  -  ResidentSetSize of job (KB)
...
006 (111472057.180.000) 04/24 20:48:32 Image size of job updated: 14090516
	13685  -  MemoryUsage of job (MB)
	14012464  -  ResidentSetSize of job (KB)
...
006 (111472057.180.000) 04/24 20:53:32 Image size of job updated: 14868500
	14444  -  MemoryUsage of job (MB)
	14790448  -  ResidentSetSize of job (KB)
...
006 (111472057.180.000) 04/24 20:58:33 Image size of job updated: 15670440
	15227  -  MemoryUsage of job (MB)
	15592260  -  ResidentSetSize of job (KB)
...
006 (111472057.180.000) 04/24 21:03:33 Image size of job updated: 16460660
	15997  -  MemoryUsage of job (MB)
	16380400  -  ResidentSetSize of job (KB)
...
006 (111472057.180.000) 04/24 21:08:36 Image size of job updated: 17350636
	16863  -  MemoryUsage of job (MB)
	17267416  -  ResidentSetSize of job (KB)
...
006 (111472057.180.000) 04/24 21:13:34 Image size of job updated: 18203260
	17693  -  MemoryUsage of job (MB)
	18117140  -  ResidentSetSize of job (KB)
...
006 (111472057.180.000) 04/24 21:18:35 Image size of job updated: 18943924
	18410  -  MemoryUsage of job (MB)
	18851544  -  ResidentSetSize of job (KB)
...
006 (111472057.180.000) 04/24 21:23:35 Image size of job updated: 19817872
	19253  -  MemoryUsage of job (MB)
	19714568  -  ResidentSetSize of job (KB)
...
006 (111472057.180.000) 04/24 21:28:35 Image size of job updated: 20540240
	19937  -  MemoryUsage of job (MB)
	20415004  -  ResidentSetSize of job (KB)
...
006 (111472057.180.000) 04/24 21:33:36 Image size of job updated: 21261736
	20435  -  MemoryUsage of job (MB)
	20925408  -  ResidentSetSize of job (KB)
...
006 (111472057.180.000) 04/24 21:36:03 Image size of job updated: 21637244
	20438  -  MemoryUsage of job (MB)
	20927820  -  ResidentSetSize of job (KB)
...
005 (111472057.180.000) 04/24 21:36:04 Job terminated.
	(1) Normal termination (return value 0)
		Usr 0 02:08:39, Sys 0 00:02:16  -  Run Remote Usage
		Usr 0 00:00:00, Sys 0 00:00:00  -  Run Local Usage
		Usr 0 02:08:39, Sys 0 00:02:16  -  Total Remote Usage
		Usr 0 00:00:00, Sys 0 00:00:00  -  Total Local Usage
	19912996  -  Run Bytes Sent By Job
	1780295040  -  Run Bytes Received By Job
	19912996  -  Total Bytes Sent By Job
	1780295040  -  Total Bytes Received By Job
	Partitionable Resources :      Usage  Request Allocated 
	   Cpus                 :       1.00        1         1 
	   Disk (KB)            : 6849258    20971520  21583628 
	   Ioheavy              :                             0 
	   Memory (MB)          :   20438       20480     20480 
...
