000 (111472057.072.000) 04/24 11:52:17 Job submitted from host: <128.104.100.44:9618?addrs=128.104.100.44-9618+[2607-f388-107c-501-90e2-baff-fe2c-2724]-9618&noUDP&sock=4699_0235_3>
...
001 (111472057.072.000) 04/24 15:38:50 Job executing on host: <128.105.245.234:9618?addrs=128.105.245.234-9618&noUDP&sock=5449_23a5_29>
...
006 (111472057.072.000) 04/24 15:38:58 Image size of job updated: 624
	1  -  MemoryUsage of job (MB)
	624  -  ResidentSetSize of job (KB)
...
006 (111472057.072.000) 04/24 15:44:00 Image size of job updated: 644
	1  -  MemoryUsage of job (MB)
	644  -  ResidentSetSize of job (KB)
...
006 (111472057.072.000) 04/24 15:49:00 Image size of job updated: 648
	1  -  MemoryUsage of job (MB)
	648  -  ResidentSetSize of job (KB)
...
006 (111472057.072.000) 04/24 15:59:02 Image size of job updated: 652
	1  -  MemoryUsage of job (MB)
	652  -  ResidentSetSize of job (KB)
...
006 (111472057.072.000) 04/24 16:09:04 Image size of job updated: 664
	1  -  MemoryUsage of job (MB)
	664  -  ResidentSetSize of job (KB)
...
006 (111472057.072.000) 04/24 16:19:05 Image size of job updated: 730240
	637  -  MemoryUsage of job (MB)
	652204  -  ResidentSetSize of job (KB)
...
006 (111472057.072.000) 04/24 16:24:06 Image size of job updated: 1251944
	1147  -  MemoryUsage of job (MB)
	1173888  -  ResidentSetSize of job (KB)
...
006 (111472057.072.000) 04/24 16:29:06 Image size of job updated: 1339644
	1233  -  MemoryUsage of job (MB)
	1261588  -  ResidentSetSize of job (KB)
...
006 (111472057.072.000) 04/24 16:34:06 Image size of job updated: 1339684
	1233  -  MemoryUsage of job (MB)
	1261628  -  ResidentSetSize of job (KB)
...
007 (111472057.072.000) 04/27 15:38:07 Shadow exception!
	Error from slot1_13@e434.chtc.wisc.edu: Job failed to complete in 72 hrs
	0  -  Run Bytes Sent By Job
	1780295040  -  Run Bytes Received By Job
...
012 (111472057.072.000) 04/27 15:38:07 Job was held.
	Error from slot1_13@e434.chtc.wisc.edu: Job failed to complete in 72 hrs
	Code 21 Subcode 0
...
009 (111472057.072.000) 04/30 09:09:57 Job was aborted by the user.
	via condor_rm (by user mouginot)
...
