000 (111515045.010.000) 04/25 20:23:08 Job submitted from host: <128.104.100.44:9618?addrs=128.104.100.44-9618+[2607-f388-107c-501-90e2-baff-fe2c-2724]-9618&noUDP&sock=4699_0235_3>
...
001 (111515045.010.000) 04/26 00:28:21 Job executing on host: <128.105.245.247:9618?addrs=128.105.245.247-9618&noUDP&sock=5487_343f_3>
...
006 (111515045.010.000) 04/26 00:28:30 Image size of job updated: 616
	1  -  MemoryUsage of job (MB)
	616  -  ResidentSetSize of job (KB)
...
006 (111515045.010.000) 04/26 00:33:31 Image size of job updated: 332896
	249  -  MemoryUsage of job (MB)
	254900  -  ResidentSetSize of job (KB)
...
006 (111515045.010.000) 04/26 00:38:32 Image size of job updated: 786336
	692  -  MemoryUsage of job (MB)
	708284  -  ResidentSetSize of job (KB)
...
006 (111515045.010.000) 04/26 00:43:33 Image size of job updated: 1328540
	1222  -  MemoryUsage of job (MB)
	1250488  -  ResidentSetSize of job (KB)
...
006 (111515045.010.000) 04/26 00:48:34 Image size of job updated: 2046932
	1923  -  MemoryUsage of job (MB)
	1968880  -  ResidentSetSize of job (KB)
...
006 (111515045.010.000) 04/26 00:53:35 Image size of job updated: 2898900
	2755  -  MemoryUsage of job (MB)
	2820848  -  ResidentSetSize of job (KB)
...
006 (111515045.010.000) 04/26 00:58:36 Image size of job updated: 4018348
	3848  -  MemoryUsage of job (MB)
	3940296  -  ResidentSetSize of job (KB)
...
006 (111515045.010.000) 04/26 01:03:36 Image size of job updated: 5031780
	4838  -  MemoryUsage of job (MB)
	4953728  -  ResidentSetSize of job (KB)
...
006 (111515045.010.000) 04/26 01:08:36 Image size of job updated: 6075240
	5857  -  MemoryUsage of job (MB)
	5997188  -  ResidentSetSize of job (KB)
...
006 (111515045.010.000) 04/26 01:13:37 Image size of job updated: 6905332
	6668  -  MemoryUsage of job (MB)
	6827280  -  ResidentSetSize of job (KB)
...
006 (111515045.010.000) 04/26 01:18:38 Image size of job updated: 7871168
	7611  -  MemoryUsage of job (MB)
	7793116  -  ResidentSetSize of job (KB)
...
006 (111515045.010.000) 04/26 01:23:38 Image size of job updated: 8634208
	8356  -  MemoryUsage of job (MB)
	8556156  -  ResidentSetSize of job (KB)
...
006 (111515045.010.000) 04/26 01:28:38 Image size of job updated: 9433632
	9137  -  MemoryUsage of job (MB)
	9355580  -  ResidentSetSize of job (KB)
...
006 (111515045.010.000) 04/26 01:33:40 Image size of job updated: 10299012
	9982  -  MemoryUsage of job (MB)
	10220960  -  ResidentSetSize of job (KB)
...
006 (111515045.010.000) 04/26 01:38:40 Image size of job updated: 11091328
	10756  -  MemoryUsage of job (MB)
	11013276  -  ResidentSetSize of job (KB)
...
006 (111515045.010.000) 04/26 01:43:40 Image size of job updated: 11832368
	11479  -  MemoryUsage of job (MB)
	11754316  -  ResidentSetSize of job (KB)
...
006 (111515045.010.000) 04/26 01:48:40 Image size of job updated: 12596176
	12225  -  MemoryUsage of job (MB)
	12518124  -  ResidentSetSize of job (KB)
...
006 (111515045.010.000) 04/26 01:53:41 Image size of job updated: 13261436
	12875  -  MemoryUsage of job (MB)
	13183384  -  ResidentSetSize of job (KB)
...
006 (111515045.010.000) 04/26 01:58:42 Image size of job updated: 14083336
	13678  -  MemoryUsage of job (MB)
	14005284  -  ResidentSetSize of job (KB)
...
006 (111515045.010.000) 04/26 02:03:42 Image size of job updated: 14805660
	14383  -  MemoryUsage of job (MB)
	14727608  -  ResidentSetSize of job (KB)
...
006 (111515045.010.000) 04/26 02:08:42 Image size of job updated: 15539960
	15100  -  MemoryUsage of job (MB)
	15461908  -  ResidentSetSize of job (KB)
...
006 (111515045.010.000) 04/26 02:13:42 Image size of job updated: 16327816
	15869  -  MemoryUsage of job (MB)
	16249432  -  ResidentSetSize of job (KB)
...
006 (111515045.010.000) 04/26 02:18:43 Image size of job updated: 17107340
	16627  -  MemoryUsage of job (MB)
	17025744  -  ResidentSetSize of job (KB)
...
006 (111515045.010.000) 04/26 02:23:44 Image size of job updated: 17850656
	17342  -  MemoryUsage of job (MB)
	17757204  -  ResidentSetSize of job (KB)
...
006 (111515045.010.000) 04/26 02:28:44 Image size of job updated: 18600348
	18064  -  MemoryUsage of job (MB)
	18496628  -  ResidentSetSize of job (KB)
...
006 (111515045.010.000) 04/26 02:33:44 Image size of job updated: 19270140
	18715  -  MemoryUsage of job (MB)
	19163780  -  ResidentSetSize of job (KB)
...
006 (111515045.010.000) 04/26 02:38:45 Image size of job updated: 19986104
	19383  -  MemoryUsage of job (MB)
	19847608  -  ResidentSetSize of job (KB)
...
006 (111515045.010.000) 04/26 02:43:45 Image size of job updated: 20628268
	19926  -  MemoryUsage of job (MB)
	20403756  -  ResidentSetSize of job (KB)
...
006 (111515045.010.000) 04/26 02:48:45 Image size of job updated: 21309776
	20347  -  MemoryUsage of job (MB)
	20835124  -  ResidentSetSize of job (KB)
...
006 (111515045.010.000) 04/26 02:51:35 Image size of job updated: 21309776
	20348  -  MemoryUsage of job (MB)
	20835936  -  ResidentSetSize of job (KB)
...
005 (111515045.010.000) 04/26 02:51:37 Job terminated.
	(1) Normal termination (return value 0)
		Usr 0 02:10:53, Sys 0 00:03:19  -  Run Remote Usage
		Usr 0 00:00:00, Sys 0 00:00:00  -  Run Local Usage
		Usr 0 02:10:53, Sys 0 00:03:19  -  Total Remote Usage
		Usr 0 00:00:00, Sys 0 00:00:00  -  Total Local Usage
	20075704  -  Run Bytes Sent By Job
	1780295040  -  Run Bytes Received By Job
	20075704  -  Total Bytes Sent By Job
	1780295040  -  Total Bytes Received By Job
	Partitionable Resources :      Usage  Request Allocated 
	   Cpus                 :       0.86        1         1 
	   Disk (KB)            : 6849335    20971520  22098897 
	   Ioheavy              :                             0 
	   Memory (MB)          :   20348       20480     20480 
...
