000 (111367039.089.000) 04/22 22:37:22 Job submitted from host: <128.104.100.44:9618?addrs=128.104.100.44-9618+[2607-f388-107c-501-90e2-baff-fe2c-2724]-9618&noUDP&sock=1497440_afb9_3>
...
001 (111367039.089.000) 04/23 00:34:15 Job executing on host: <128.105.245.139:9618?addrs=128.105.245.139-9618&noUDP&sock=5430_f4b4_3>
...
006 (111367039.089.000) 04/23 00:34:24 Image size of job updated: 628
	1  -  MemoryUsage of job (MB)
	628  -  ResidentSetSize of job (KB)
...
006 (111367039.089.000) 04/23 00:39:26 Image size of job updated: 293008
	210  -  MemoryUsage of job (MB)
	215012  -  ResidentSetSize of job (KB)
...
006 (111367039.089.000) 04/23 00:44:26 Image size of job updated: 589232
	500  -  MemoryUsage of job (MB)
	511236  -  ResidentSetSize of job (KB)
...
006 (111367039.089.000) 04/23 00:49:27 Image size of job updated: 992080
	893  -  MemoryUsage of job (MB)
	914028  -  ResidentSetSize of job (KB)
...
006 (111367039.089.000) 04/23 00:54:27 Image size of job updated: 1482260
	1372  -  MemoryUsage of job (MB)
	1404208  -  ResidentSetSize of job (KB)
...
006 (111367039.089.000) 04/23 00:59:27 Image size of job updated: 2266376
	2138  -  MemoryUsage of job (MB)
	2188324  -  ResidentSetSize of job (KB)
...
006 (111367039.089.000) 04/23 01:04:28 Image size of job updated: 2818952
	2677  -  MemoryUsage of job (MB)
	2740900  -  ResidentSetSize of job (KB)
...
006 (111367039.089.000) 04/23 01:09:29 Image size of job updated: 3508160
	3350  -  MemoryUsage of job (MB)
	3430108  -  ResidentSetSize of job (KB)
...
006 (111367039.089.000) 04/23 01:14:30 Image size of job updated: 4222264
	4048  -  MemoryUsage of job (MB)
	4144212  -  ResidentSetSize of job (KB)
...
006 (111367039.089.000) 04/23 01:19:32 Image size of job updated: 4941084
	4750  -  MemoryUsage of job (MB)
	4863032  -  ResidentSetSize of job (KB)
...
006 (111367039.089.000) 04/23 01:24:32 Image size of job updated: 5779284
	5568  -  MemoryUsage of job (MB)
	5701232  -  ResidentSetSize of job (KB)
...
006 (111367039.089.000) 04/23 01:29:33 Image size of job updated: 6455308
	6228  -  MemoryUsage of job (MB)
	6377256  -  ResidentSetSize of job (KB)
...
006 (111367039.089.000) 04/23 01:34:32 Image size of job updated: 7056304
	6815  -  MemoryUsage of job (MB)
	6978252  -  ResidentSetSize of job (KB)
...
006 (111367039.089.000) 04/23 01:39:32 Image size of job updated: 7838388
	7579  -  MemoryUsage of job (MB)
	7760336  -  ResidentSetSize of job (KB)
...
006 (111367039.089.000) 04/23 01:44:32 Image size of job updated: 8613900
	8336  -  MemoryUsage of job (MB)
	8535848  -  ResidentSetSize of job (KB)
...
006 (111367039.089.000) 04/23 01:49:33 Image size of job updated: 9227164
	8935  -  MemoryUsage of job (MB)
	9149112  -  ResidentSetSize of job (KB)
...
006 (111367039.089.000) 04/23 01:54:34 Image size of job updated: 9939100
	9630  -  MemoryUsage of job (MB)
	9861048  -  ResidentSetSize of job (KB)
...
006 (111367039.089.000) 04/23 01:59:35 Image size of job updated: 10570560
	10247  -  MemoryUsage of job (MB)
	10492508  -  ResidentSetSize of job (KB)
...
006 (111367039.089.000) 04/23 02:04:36 Image size of job updated: 11162964
	10826  -  MemoryUsage of job (MB)
	11084912  -  ResidentSetSize of job (KB)
...
006 (111367039.089.000) 04/23 02:09:38 Image size of job updated: 11764308
	11413  -  MemoryUsage of job (MB)
	11686256  -  ResidentSetSize of job (KB)
...
006 (111367039.089.000) 04/23 02:14:38 Image size of job updated: 12350260
	11985  -  MemoryUsage of job (MB)
	12272208  -  ResidentSetSize of job (KB)
...
006 (111367039.089.000) 04/23 02:19:39 Image size of job updated: 13086272
	12704  -  MemoryUsage of job (MB)
	13008220  -  ResidentSetSize of job (KB)
...
006 (111367039.089.000) 04/23 02:24:40 Image size of job updated: 13786020
	13387  -  MemoryUsage of job (MB)
	13707968  -  ResidentSetSize of job (KB)
...
006 (111367039.089.000) 04/23 02:29:40 Image size of job updated: 14508812
	14093  -  MemoryUsage of job (MB)
	14430760  -  ResidentSetSize of job (KB)
...
006 (111367039.089.000) 04/23 02:34:40 Image size of job updated: 15186552
	14755  -  MemoryUsage of job (MB)
	15108500  -  ResidentSetSize of job (KB)
...
006 (111367039.089.000) 04/23 02:39:41 Image size of job updated: 15951048
	15499  -  MemoryUsage of job (MB)
	15870820  -  ResidentSetSize of job (KB)
...
006 (111367039.089.000) 04/23 02:44:42 Image size of job updated: 16549908
	16079  -  MemoryUsage of job (MB)
	16464832  -  ResidentSetSize of job (KB)
...
006 (111367039.089.000) 04/23 02:49:43 Image size of job updated: 17191172
	16700  -  MemoryUsage of job (MB)
	17100452  -  ResidentSetSize of job (KB)
...
006 (111367039.089.000) 04/23 02:54:45 Image size of job updated: 17755064
	17245  -  MemoryUsage of job (MB)
	17658420  -  ResidentSetSize of job (KB)
...
006 (111367039.089.000) 04/23 02:59:45 Image size of job updated: 18739200
	18198  -  MemoryUsage of job (MB)
	18634740  -  ResidentSetSize of job (KB)
...
006 (111367039.089.000) 04/23 03:04:46 Image size of job updated: 19331372
	18776  -  MemoryUsage of job (MB)
	19226108  -  ResidentSetSize of job (KB)
...
006 (111367039.089.000) 04/23 03:09:46 Image size of job updated: 19798968
	19227  -  MemoryUsage of job (MB)
	19688440  -  ResidentSetSize of job (KB)
...
006 (111367039.089.000) 04/23 03:14:46 Image size of job updated: 20490608
	19859  -  MemoryUsage of job (MB)
	20334756  -  ResidentSetSize of job (KB)
...
006 (111367039.089.000) 04/23 03:18:22 Image size of job updated: 20855232
	19877  -  MemoryUsage of job (MB)
	20353684  -  ResidentSetSize of job (KB)
...
005 (111367039.089.000) 04/23 03:18:24 Job terminated.
	(1) Normal termination (return value 0)
		Usr 0 02:02:02, Sys 0 00:02:19  -  Run Remote Usage
		Usr 0 00:00:00, Sys 0 00:00:00  -  Run Local Usage
		Usr 0 02:02:02, Sys 0 00:02:19  -  Total Remote Usage
		Usr 0 00:00:00, Sys 0 00:00:00  -  Total Local Usage
	20236966  -  Run Bytes Sent By Job
	1780294656  -  Run Bytes Received By Job
	20236966  -  Total Bytes Sent By Job
	1780294656  -  Total Bytes Received By Job
	Partitionable Resources :      Usage  Request Allocated 
	   Cpus                 :       0.66        1         1 
	   Disk (KB)            : 6849491    20971520  21338155 
	   Ioheavy              :                             0 
	   Memory (MB)          :   19877       20480     20480 
...
