000 (111367039.116.000) 04/22 22:37:22 Job submitted from host: <128.104.100.44:9618?addrs=128.104.100.44-9618+[2607-f388-107c-501-90e2-baff-fe2c-2724]-9618&noUDP&sock=1497440_afb9_3>
...
001 (111367039.116.000) 04/23 01:24:41 Job executing on host: <128.105.245.169:9618?addrs=128.105.245.169-9618&noUDP&sock=5489_936f_3>
...
006 (111367039.116.000) 04/23 01:24:49 Image size of job updated: 628
	1  -  MemoryUsage of job (MB)
	628  -  ResidentSetSize of job (KB)
...
006 (111367039.116.000) 04/23 01:29:53 Image size of job updated: 656
	1  -  MemoryUsage of job (MB)
	656  -  ResidentSetSize of job (KB)
...
006 (111367039.116.000) 04/23 01:34:51 Image size of job updated: 500156
	413  -  MemoryUsage of job (MB)
	422160  -  ResidentSetSize of job (KB)
...
006 (111367039.116.000) 04/23 01:39:51 Image size of job updated: 1040692
	941  -  MemoryUsage of job (MB)
	962640  -  ResidentSetSize of job (KB)
...
006 (111367039.116.000) 04/23 01:44:52 Image size of job updated: 1642088
	1528  -  MemoryUsage of job (MB)
	1564036  -  ResidentSetSize of job (KB)
...
006 (111367039.116.000) 04/23 01:49:52 Image size of job updated: 2435680
	2303  -  MemoryUsage of job (MB)
	2357628  -  ResidentSetSize of job (KB)
...
006 (111367039.116.000) 04/23 01:54:53 Image size of job updated: 3205508
	3055  -  MemoryUsage of job (MB)
	3127456  -  ResidentSetSize of job (KB)
...
006 (111367039.116.000) 04/23 01:59:54 Image size of job updated: 3986708
	3818  -  MemoryUsage of job (MB)
	3908656  -  ResidentSetSize of job (KB)
...
006 (111367039.116.000) 04/23 02:04:55 Image size of job updated: 4900220
	4710  -  MemoryUsage of job (MB)
	4822168  -  ResidentSetSize of job (KB)
...
006 (111367039.116.000) 04/23 02:09:56 Image size of job updated: 5882240
	5669  -  MemoryUsage of job (MB)
	5804188  -  ResidentSetSize of job (KB)
...
006 (111367039.116.000) 04/23 02:14:55 Image size of job updated: 6620232
	6389  -  MemoryUsage of job (MB)
	6542180  -  ResidentSetSize of job (KB)
...
006 (111367039.116.000) 04/23 02:19:56 Image size of job updated: 7521736
	7270  -  MemoryUsage of job (MB)
	7443684  -  ResidentSetSize of job (KB)
...
006 (111367039.116.000) 04/23 02:24:56 Image size of job updated: 8245232
	7976  -  MemoryUsage of job (MB)
	8167180  -  ResidentSetSize of job (KB)
...
006 (111367039.116.000) 04/23 02:29:57 Image size of job updated: 8932012
	8647  -  MemoryUsage of job (MB)
	8853960  -  ResidentSetSize of job (KB)
...
006 (111367039.116.000) 04/23 02:34:57 Image size of job updated: 9839600
	9533  -  MemoryUsage of job (MB)
	9761548  -  ResidentSetSize of job (KB)
...
006 (111367039.116.000) 04/23 02:39:57 Image size of job updated: 10699988
	10373  -  MemoryUsage of job (MB)
	10621936  -  ResidentSetSize of job (KB)
...
006 (111367039.116.000) 04/23 02:44:58 Image size of job updated: 11444620
	11101  -  MemoryUsage of job (MB)
	11366568  -  ResidentSetSize of job (KB)
...
006 (111367039.116.000) 04/23 02:49:58 Image size of job updated: 12373496
	12008  -  MemoryUsage of job (MB)
	12295444  -  ResidentSetSize of job (KB)
...
006 (111367039.116.000) 04/23 02:54:58 Image size of job updated: 13197124
	12812  -  MemoryUsage of job (MB)
	13119072  -  ResidentSetSize of job (KB)
...
006 (111367039.116.000) 04/23 02:59:59 Image size of job updated: 13804368
	13405  -  MemoryUsage of job (MB)
	13726316  -  ResidentSetSize of job (KB)
...
006 (111367039.116.000) 04/23 03:05:00 Image size of job updated: 14388220
	13975  -  MemoryUsage of job (MB)
	14310168  -  ResidentSetSize of job (KB)
...
006 (111367039.116.000) 04/23 03:10:00 Image size of job updated: 15216348
	14784  -  MemoryUsage of job (MB)
	15138296  -  ResidentSetSize of job (KB)
...
006 (111367039.116.000) 04/23 03:15:01 Image size of job updated: 15825788
	15378  -  MemoryUsage of job (MB)
	15746840  -  ResidentSetSize of job (KB)
...
006 (111367039.116.000) 04/23 03:20:02 Image size of job updated: 16598372
	16131  -  MemoryUsage of job (MB)
	16518112  -  ResidentSetSize of job (KB)
...
006 (111367039.116.000) 04/23 03:25:02 Image size of job updated: 17294484
	16809  -  MemoryUsage of job (MB)
	17212352  -  ResidentSetSize of job (KB)
...
006 (111367039.116.000) 04/23 03:30:03 Image size of job updated: 18073848
	17567  -  MemoryUsage of job (MB)
	17988316  -  ResidentSetSize of job (KB)
...
006 (111367039.116.000) 04/23 03:35:04 Image size of job updated: 18773300
	18244  -  MemoryUsage of job (MB)
	18681340  -  ResidentSetSize of job (KB)
...
006 (111367039.116.000) 04/23 03:40:04 Image size of job updated: 19503132
	18953  -  MemoryUsage of job (MB)
	19407192  -  ResidentSetSize of job (KB)
...
006 (111367039.116.000) 04/23 03:45:04 Image size of job updated: 20150488
	19569  -  MemoryUsage of job (MB)
	20038352  -  ResidentSetSize of job (KB)
...
006 (111367039.116.000) 04/23 03:50:05 Image size of job updated: 20882632
	20237  -  MemoryUsage of job (MB)
	20722508  -  ResidentSetSize of job (KB)
...
006 (111367039.116.000) 04/23 03:50:27 Image size of job updated: 20959864
	20239  -  MemoryUsage of job (MB)
	20723856  -  ResidentSetSize of job (KB)
...
005 (111367039.116.000) 04/23 03:50:29 Job terminated.
	(1) Normal termination (return value 0)
		Usr 0 02:07:54, Sys 0 00:02:07  -  Run Remote Usage
		Usr 0 00:00:00, Sys 0 00:00:00  -  Run Local Usage
		Usr 0 02:07:54, Sys 0 00:02:07  -  Total Remote Usage
		Usr 0 00:00:00, Sys 0 00:00:00  -  Total Local Usage
	20439860  -  Run Bytes Sent By Job
	1780294656  -  Run Bytes Received By Job
	20439860  -  Total Bytes Sent By Job
	1780294656  -  Total Bytes Received By Job
	Partitionable Resources :      Usage  Request Allocated 
	   Cpus                 :       0.87        1         1 
	   Disk (KB)            : 6849690    20971520  21525411 
	   Ioheavy              :                             0 
	   Memory (MB)          :   20239       20480     20480 
...
