000 (111367039.098.000) 04/22 22:37:22 Job submitted from host: <128.104.100.44:9618?addrs=128.104.100.44-9618+[2607-f388-107c-501-90e2-baff-fe2c-2724]-9618&noUDP&sock=1497440_afb9_3>
...
001 (111367039.098.000) 04/23 01:07:15 Job executing on host: <128.105.245.167:9618?addrs=128.105.245.167-9618&noUDP&sock=5445_6544_7>
...
006 (111367039.098.000) 04/23 01:07:23 Image size of job updated: 648
	1  -  MemoryUsage of job (MB)
	628  -  ResidentSetSize of job (KB)
...
006 (111367039.098.000) 04/23 01:12:24 Image size of job updated: 684
	1  -  MemoryUsage of job (MB)
	664  -  ResidentSetSize of job (KB)
...
006 (111367039.098.000) 04/23 01:17:25 Image size of job updated: 411152
	326  -  MemoryUsage of job (MB)
	333136  -  ResidentSetSize of job (KB)
...
006 (111367039.098.000) 04/23 01:22:26 Image size of job updated: 653436
	562  -  MemoryUsage of job (MB)
	575420  -  ResidentSetSize of job (KB)
...
006 (111367039.098.000) 04/23 01:27:26 Image size of job updated: 1064864
	964  -  MemoryUsage of job (MB)
	986792  -  ResidentSetSize of job (KB)
...
006 (111367039.098.000) 04/23 01:32:27 Image size of job updated: 1642268
	1528  -  MemoryUsage of job (MB)
	1564196  -  ResidentSetSize of job (KB)
...
006 (111367039.098.000) 04/23 01:37:27 Image size of job updated: 2104864
	1980  -  MemoryUsage of job (MB)
	2026792  -  ResidentSetSize of job (KB)
...
006 (111367039.098.000) 04/23 01:42:37 Image size of job updated: 2582692
	2446  -  MemoryUsage of job (MB)
	2504620  -  ResidentSetSize of job (KB)
...
006 (111367039.098.000) 04/23 01:47:28 Image size of job updated: 3317908
	3164  -  MemoryUsage of job (MB)
	3239836  -  ResidentSetSize of job (KB)
...
006 (111367039.098.000) 04/23 01:52:29 Image size of job updated: 4354852
	4177  -  MemoryUsage of job (MB)
	4276780  -  ResidentSetSize of job (KB)
...
006 (111367039.098.000) 04/23 01:57:29 Image size of job updated: 5285808
	5086  -  MemoryUsage of job (MB)
	5207736  -  ResidentSetSize of job (KB)
...
006 (111367039.098.000) 04/23 02:02:30 Image size of job updated: 6175680
	5955  -  MemoryUsage of job (MB)
	6097608  -  ResidentSetSize of job (KB)
...
006 (111367039.098.000) 04/23 02:07:43 Image size of job updated: 7045232
	6804  -  MemoryUsage of job (MB)
	6967160  -  ResidentSetSize of job (KB)
...
006 (111367039.098.000) 04/23 02:12:32 Image size of job updated: 7881628
	7621  -  MemoryUsage of job (MB)
	7803556  -  ResidentSetSize of job (KB)
...
006 (111367039.098.000) 04/23 02:17:32 Image size of job updated: 8789520
	8508  -  MemoryUsage of job (MB)
	8711448  -  ResidentSetSize of job (KB)
...
006 (111367039.098.000) 04/23 02:22:33 Image size of job updated: 9452124
	9155  -  MemoryUsage of job (MB)
	9374052  -  ResidentSetSize of job (KB)
...
006 (111367039.098.000) 04/23 02:27:33 Image size of job updated: 10147000
	9833  -  MemoryUsage of job (MB)
	10068928  -  ResidentSetSize of job (KB)
...
006 (111367039.098.000) 04/23 02:32:34 Image size of job updated: 10893820
	10563  -  MemoryUsage of job (MB)
	10815748  -  ResidentSetSize of job (KB)
...
006 (111367039.098.000) 04/23 02:37:34 Image size of job updated: 11543016
	11197  -  MemoryUsage of job (MB)
	11464944  -  ResidentSetSize of job (KB)
...
006 (111367039.098.000) 04/23 02:42:35 Image size of job updated: 12318548
	11954  -  MemoryUsage of job (MB)
	12240476  -  ResidentSetSize of job (KB)
...
006 (111367039.098.000) 04/23 02:47:35 Image size of job updated: 13120048
	12737  -  MemoryUsage of job (MB)
	13041976  -  ResidentSetSize of job (KB)
...
006 (111367039.098.000) 04/23 02:52:36 Image size of job updated: 13799444
	13400  -  MemoryUsage of job (MB)
	13721372  -  ResidentSetSize of job (KB)
...
006 (111367039.098.000) 04/23 02:57:36 Image size of job updated: 14637256
	14218  -  MemoryUsage of job (MB)
	14559184  -  ResidentSetSize of job (KB)
...
006 (111367039.098.000) 04/23 03:02:38 Image size of job updated: 15419852
	14982  -  MemoryUsage of job (MB)
	15340928  -  ResidentSetSize of job (KB)
...
006 (111367039.098.000) 04/23 03:07:38 Image size of job updated: 16200760
	15743  -  MemoryUsage of job (MB)
	16119864  -  ResidentSetSize of job (KB)
...
006 (111367039.098.000) 04/23 03:12:38 Image size of job updated: 17041608
	16562  -  MemoryUsage of job (MB)
	16958596  -  ResidentSetSize of job (KB)
...
006 (111367039.098.000) 04/23 03:17:39 Image size of job updated: 17793192
	17294  -  MemoryUsage of job (MB)
	17708168  -  ResidentSetSize of job (KB)
...
006 (111367039.098.000) 04/23 03:22:40 Image size of job updated: 18694004
	18169  -  MemoryUsage of job (MB)
	18604732  -  ResidentSetSize of job (KB)
...
006 (111367039.098.000) 04/23 03:27:41 Image size of job updated: 19326516
	18778  -  MemoryUsage of job (MB)
	19228180  -  ResidentSetSize of job (KB)
...
006 (111367039.098.000) 04/23 03:32:42 Image size of job updated: 20022212
	19450  -  MemoryUsage of job (MB)
	19916472  -  ResidentSetSize of job (KB)
...
006 (111367039.098.000) 04/23 03:37:42 Image size of job updated: 20838352
	20179  -  MemoryUsage of job (MB)
	20663288  -  ResidentSetSize of job (KB)
...
005 (111367039.098.000) 04/23 03:37:46 Job terminated.
	(1) Normal termination (return value 0)
		Usr 0 02:06:59, Sys 0 00:02:02  -  Run Remote Usage
		Usr 0 00:00:00, Sys 0 00:00:00  -  Run Local Usage
		Usr 0 02:06:59, Sys 0 00:02:02  -  Total Remote Usage
		Usr 0 00:00:00, Sys 0 00:00:00  -  Total Local Usage
	20310524  -  Run Bytes Sent By Job
	1780294656  -  Run Bytes Received By Job
	20310524  -  Total Bytes Sent By Job
	1780294656  -  Total Bytes Received By Job
	Partitionable Resources :      Usage  Request Allocated 
	   Cpus                 :       0.71        1         1 
	   Disk (KB)            : 6849563    20971520  22073934 
	   Ioheavy              :                             0 
	   Memory (MB)          :   20179       20480     20480 
...
