000 (111515045.131.000) 04/25 20:23:08 Job submitted from host: <128.104.100.44:9618?addrs=128.104.100.44-9618+[2607-f388-107c-501-90e2-baff-fe2c-2724]-9618&noUDP&sock=4699_0235_3>
...
001 (111515045.131.000) 04/26 02:40:26 Job executing on host: <128.105.245.216:9618?addrs=128.105.245.216-9618&noUDP&sock=5463_9584_3>
...
006 (111515045.131.000) 04/26 02:40:35 Image size of job updated: 636
	1  -  MemoryUsage of job (MB)
	636  -  ResidentSetSize of job (KB)
...
006 (111515045.131.000) 04/26 02:45:37 Image size of job updated: 664
	1  -  MemoryUsage of job (MB)
	664  -  ResidentSetSize of job (KB)
...
006 (111515045.131.000) 04/26 02:50:38 Image size of job updated: 668
	1  -  MemoryUsage of job (MB)
	668  -  ResidentSetSize of job (KB)
...
006 (111515045.131.000) 04/26 02:55:39 Image size of job updated: 684
	1  -  MemoryUsage of job (MB)
	684  -  ResidentSetSize of job (KB)
...
006 (111515045.131.000) 04/26 03:00:40 Image size of job updated: 466332
	380  -  MemoryUsage of job (MB)
	388336  -  ResidentSetSize of job (KB)
...
006 (111515045.131.000) 04/26 03:05:40 Image size of job updated: 864276
	768  -  MemoryUsage of job (MB)
	786224  -  ResidentSetSize of job (KB)
...
006 (111515045.131.000) 04/26 03:10:41 Image size of job updated: 1398468
	1290  -  MemoryUsage of job (MB)
	1320416  -  ResidentSetSize of job (KB)
...
006 (111515045.131.000) 04/26 03:15:41 Image size of job updated: 1905528
	1785  -  MemoryUsage of job (MB)
	1827476  -  ResidentSetSize of job (KB)
...
006 (111515045.131.000) 04/26 03:20:41 Image size of job updated: 2741936
	2602  -  MemoryUsage of job (MB)
	2663884  -  ResidentSetSize of job (KB)
...
006 (111515045.131.000) 04/26 03:25:43 Image size of job updated: 3546300
	3387  -  MemoryUsage of job (MB)
	3468248  -  ResidentSetSize of job (KB)
...
006 (111515045.131.000) 04/26 03:30:43 Image size of job updated: 4391076
	4212  -  MemoryUsage of job (MB)
	4313024  -  ResidentSetSize of job (KB)
...
006 (111515045.131.000) 04/26 03:35:43 Image size of job updated: 5149768
	4953  -  MemoryUsage of job (MB)
	5071716  -  ResidentSetSize of job (KB)
...
006 (111515045.131.000) 04/26 03:40:44 Image size of job updated: 6106860
	5888  -  MemoryUsage of job (MB)
	6028808  -  ResidentSetSize of job (KB)
...
006 (111515045.131.000) 04/26 03:45:44 Image size of job updated: 6888008
	6651  -  MemoryUsage of job (MB)
	6809956  -  ResidentSetSize of job (KB)
...
006 (111515045.131.000) 04/26 03:50:44 Image size of job updated: 7743500
	7486  -  MemoryUsage of job (MB)
	7665448  -  ResidentSetSize of job (KB)
...
006 (111515045.131.000) 04/26 03:55:44 Image size of job updated: 8593896
	8317  -  MemoryUsage of job (MB)
	8515844  -  ResidentSetSize of job (KB)
...
006 (111515045.131.000) 04/26 04:00:44 Image size of job updated: 9296304
	9003  -  MemoryUsage of job (MB)
	9218252  -  ResidentSetSize of job (KB)
...
006 (111515045.131.000) 04/26 04:05:46 Image size of job updated: 10035432
	9725  -  MemoryUsage of job (MB)
	9957380  -  ResidentSetSize of job (KB)
...
006 (111515045.131.000) 04/26 04:10:46 Image size of job updated: 10668292
	10343  -  MemoryUsage of job (MB)
	10590240  -  ResidentSetSize of job (KB)
...
006 (111515045.131.000) 04/26 04:15:50 Image size of job updated: 11499688
	11154  -  MemoryUsage of job (MB)
	11421636  -  ResidentSetSize of job (KB)
...
006 (111515045.131.000) 04/26 04:20:46 Image size of job updated: 11984420
	11627  -  MemoryUsage of job (MB)
	11905556  -  ResidentSetSize of job (KB)
...
006 (111515045.131.000) 04/26 04:25:47 Image size of job updated: 12696476
	12311  -  MemoryUsage of job (MB)
	12605932  -  ResidentSetSize of job (KB)
...
006 (111515045.131.000) 04/26 04:30:47 Image size of job updated: 13423436
	13021  -  MemoryUsage of job (MB)
	13332920  -  ResidentSetSize of job (KB)
...
006 (111515045.131.000) 04/26 04:35:48 Image size of job updated: 13979272
	13564  -  MemoryUsage of job (MB)
	13888772  -  ResidentSetSize of job (KB)
...
006 (111515045.131.000) 04/26 04:40:50 Image size of job updated: 14516496
	14088  -  MemoryUsage of job (MB)
	14426108  -  ResidentSetSize of job (KB)
...
006 (111515045.131.000) 04/26 04:45:50 Image size of job updated: 15227816
	14783  -  MemoryUsage of job (MB)
	15137460  -  ResidentSetSize of job (KB)
...
006 (111515045.131.000) 04/26 04:50:53 Image size of job updated: 16022124
	15558  -  MemoryUsage of job (MB)
	15931076  -  ResidentSetSize of job (KB)
...
006 (111515045.131.000) 04/26 04:55:52 Image size of job updated: 16742748
	16261  -  MemoryUsage of job (MB)
	16650484  -  ResidentSetSize of job (KB)
...
006 (111515045.131.000) 04/26 05:00:53 Image size of job updated: 17534504
	17031  -  MemoryUsage of job (MB)
	17439624  -  ResidentSetSize of job (KB)
...
006 (111515045.131.000) 04/26 05:05:54 Image size of job updated: 18188336
	17347  -  MemoryUsage of job (MB)
	17762780  -  ResidentSetSize of job (KB)
...
006 (111515045.131.000) 04/26 05:10:54 Image size of job updated: 19027416
	18082  -  MemoryUsage of job (MB)
	18515592  -  ResidentSetSize of job (KB)
...
006 (111515045.131.000) 04/26 05:15:56 Image size of job updated: 19832064
	18744  -  MemoryUsage of job (MB)
	19193228  -  ResidentSetSize of job (KB)
...
006 (111515045.131.000) 04/26 05:20:56 Image size of job updated: 20610264
	19467  -  MemoryUsage of job (MB)
	19933536  -  ResidentSetSize of job (KB)
...
006 (111515045.131.000) 04/26 05:25:56 Image size of job updated: 21166848
	19972  -  MemoryUsage of job (MB)
	20450768  -  ResidentSetSize of job (KB)
...
006 (111515045.131.000) 04/26 05:28:45 Image size of job updated: 21166848
	19973  -  MemoryUsage of job (MB)
	20452184  -  ResidentSetSize of job (KB)
...
005 (111515045.131.000) 04/26 05:28:47 Job terminated.
	(1) Normal termination (return value 0)
		Usr 0 02:01:01, Sys 0 00:02:36  -  Run Remote Usage
		Usr 0 00:00:00, Sys 0 00:00:00  -  Run Local Usage
		Usr 0 02:01:01, Sys 0 00:02:36  -  Total Remote Usage
		Usr 0 00:00:00, Sys 0 00:00:00  -  Total Local Usage
	19961248  -  Run Bytes Sent By Job
	1780295040  -  Run Bytes Received By Job
	19961248  -  Total Bytes Sent By Job
	1780295040  -  Total Bytes Received By Job
	Partitionable Resources :      Usage  Request Allocated 
	   Cpus                 :       0.98        1         1 
	   Disk (KB)            : 6849222    20971520  21188147 
	   Ioheavy              :                             0 
	   Memory (MB)          :   19973       20480     20480 
...
