000 (111472057.147.000) 04/24 11:52:17 Job submitted from host: <128.104.100.44:9618?addrs=128.104.100.44-9618+[2607-f388-107c-501-90e2-baff-fe2c-2724]-9618&noUDP&sock=4699_0235_3>
...
001 (111472057.147.000) 04/24 19:21:45 Job executing on host: <128.105.245.195:9618?addrs=128.105.245.195-9618&noUDP&sock=5498_bfc9_3>
...
006 (111472057.147.000) 04/24 19:21:54 Image size of job updated: 616
	1  -  MemoryUsage of job (MB)
	616  -  ResidentSetSize of job (KB)
...
006 (111472057.147.000) 04/24 19:26:55 Image size of job updated: 624
	1  -  MemoryUsage of job (MB)
	624  -  ResidentSetSize of job (KB)
...
006 (111472057.147.000) 04/24 19:41:57 Image size of job updated: 628
	1  -  MemoryUsage of job (MB)
	628  -  ResidentSetSize of job (KB)
...
006 (111472057.147.000) 04/24 19:46:57 Image size of job updated: 644
	1  -  MemoryUsage of job (MB)
	644  -  ResidentSetSize of job (KB)
...
006 (111472057.147.000) 04/24 19:52:01 Image size of job updated: 648
	1  -  MemoryUsage of job (MB)
	648  -  ResidentSetSize of job (KB)
...
006 (111472057.147.000) 04/24 20:27:05 Image size of job updated: 652
	1  -  MemoryUsage of job (MB)
	652  -  ResidentSetSize of job (KB)
...
006 (111472057.147.000) 04/24 20:37:04 Image size of job updated: 656
	1  -  MemoryUsage of job (MB)
	656  -  ResidentSetSize of job (KB)
...
006 (111472057.147.000) 04/24 20:47:16 Image size of job updated: 660
	1  -  MemoryUsage of job (MB)
	660  -  ResidentSetSize of job (KB)
...
006 (111472057.147.000) 04/24 20:52:05 Image size of job updated: 664
	1  -  MemoryUsage of job (MB)
	664  -  ResidentSetSize of job (KB)
...
006 (111472057.147.000) 04/24 21:12:06 Image size of job updated: 283156
	201  -  MemoryUsage of job (MB)
	205168  -  ResidentSetSize of job (KB)
...
006 (111472057.147.000) 04/24 21:17:11 Image size of job updated: 396724
	312  -  MemoryUsage of job (MB)
	318728  -  ResidentSetSize of job (KB)
...
006 (111472057.147.000) 04/24 21:22:08 Image size of job updated: 581708
	492  -  MemoryUsage of job (MB)
	503712  -  ResidentSetSize of job (KB)
...
006 (111472057.147.000) 04/24 21:27:08 Image size of job updated: 1004400
	905  -  MemoryUsage of job (MB)
	926348  -  ResidentSetSize of job (KB)
...
006 (111472057.147.000) 04/24 21:32:09 Image size of job updated: 1642332
	1528  -  MemoryUsage of job (MB)
	1564280  -  ResidentSetSize of job (KB)
...
006 (111472057.147.000) 04/24 21:37:11 Image size of job updated: 2479516
	2346  -  MemoryUsage of job (MB)
	2401464  -  ResidentSetSize of job (KB)
...
006 (111472057.147.000) 04/24 21:42:11 Image size of job updated: 3514464
	3356  -  MemoryUsage of job (MB)
	3436412  -  ResidentSetSize of job (KB)
...
006 (111472057.147.000) 04/24 21:47:11 Image size of job updated: 4757440
	4570  -  MemoryUsage of job (MB)
	4679388  -  ResidentSetSize of job (KB)
...
006 (111472057.147.000) 04/24 21:52:12 Image size of job updated: 5916352
	5702  -  MemoryUsage of job (MB)
	5838300  -  ResidentSetSize of job (KB)
...
006 (111472057.147.000) 04/24 21:57:13 Image size of job updated: 7098580
	6856  -  MemoryUsage of job (MB)
	7020528  -  ResidentSetSize of job (KB)
...
006 (111472057.147.000) 04/24 22:02:13 Image size of job updated: 8340316
	8069  -  MemoryUsage of job (MB)
	8262264  -  ResidentSetSize of job (KB)
...
006 (111472057.147.000) 04/24 22:07:14 Image size of job updated: 9233712
	8942  -  MemoryUsage of job (MB)
	9155660  -  ResidentSetSize of job (KB)
...
006 (111472057.147.000) 04/24 22:12:15 Image size of job updated: 9964484
	9655  -  MemoryUsage of job (MB)
	9886432  -  ResidentSetSize of job (KB)
...
006 (111472057.147.000) 04/24 22:17:16 Image size of job updated: 10405724
	10086  -  MemoryUsage of job (MB)
	10327672  -  ResidentSetSize of job (KB)
...
006 (111472057.147.000) 04/24 22:22:16 Image size of job updated: 11037724
	10703  -  MemoryUsage of job (MB)
	10959672  -  ResidentSetSize of job (KB)
...
006 (111472057.147.000) 04/24 22:27:16 Image size of job updated: 11832724
	11480  -  MemoryUsage of job (MB)
	11754672  -  ResidentSetSize of job (KB)
...
006 (111472057.147.000) 04/24 22:32:17 Image size of job updated: 12620812
	12249  -  MemoryUsage of job (MB)
	12542760  -  ResidentSetSize of job (KB)
...
006 (111472057.147.000) 04/24 22:37:19 Image size of job updated: 13378408
	12989  -  MemoryUsage of job (MB)
	13300356  -  ResidentSetSize of job (KB)
...
006 (111472057.147.000) 04/24 22:42:19 Image size of job updated: 14109944
	13704  -  MemoryUsage of job (MB)
	14031892  -  ResidentSetSize of job (KB)
...
006 (111472057.147.000) 04/24 22:47:19 Image size of job updated: 14872008
	14448  -  MemoryUsage of job (MB)
	14793956  -  ResidentSetSize of job (KB)
...
006 (111472057.147.000) 04/24 22:52:21 Image size of job updated: 15631192
	15189  -  MemoryUsage of job (MB)
	15553140  -  ResidentSetSize of job (KB)
...
006 (111472057.147.000) 04/24 22:57:22 Image size of job updated: 16370376
	15910  -  MemoryUsage of job (MB)
	16291820  -  ResidentSetSize of job (KB)
...
006 (111472057.147.000) 04/24 23:02:22 Image size of job updated: 17086876
	16609  -  MemoryUsage of job (MB)
	17006768  -  ResidentSetSize of job (KB)
...
006 (111472057.147.000) 04/24 23:07:22 Image size of job updated: 17641868
	17146  -  MemoryUsage of job (MB)
	17557116  -  ResidentSetSize of job (KB)
...
006 (111472057.147.000) 04/24 23:12:22 Image size of job updated: 18004260
	17497  -  MemoryUsage of job (MB)
	17916176  -  ResidentSetSize of job (KB)
...
006 (111472057.147.000) 04/24 23:17:22 Image size of job updated: 18531384
	17994  -  MemoryUsage of job (MB)
	18425260  -  ResidentSetSize of job (KB)
...
006 (111472057.147.000) 04/24 23:22:23 Image size of job updated: 18857876
	18308  -  MemoryUsage of job (MB)
	18746760  -  ResidentSetSize of job (KB)
...
006 (111472057.147.000) 04/24 23:27:23 Image size of job updated: 19231684
	18667  -  MemoryUsage of job (MB)
	19114480  -  ResidentSetSize of job (KB)
...
006 (111472057.147.000) 04/24 23:32:23 Image size of job updated: 19779236
	19187  -  MemoryUsage of job (MB)
	19646588  -  ResidentSetSize of job (KB)
...
006 (111472057.147.000) 04/24 23:37:24 Image size of job updated: 20184676
	19550  -  MemoryUsage of job (MB)
	20018900  -  ResidentSetSize of job (KB)
...
006 (111472057.147.000) 04/24 23:42:25 Image size of job updated: 20529620
	19864  -  MemoryUsage of job (MB)
	20340404  -  ResidentSetSize of job (KB)
...
006 (111472057.147.000) 04/24 23:47:26 Image size of job updated: 20881004
	20166  -  MemoryUsage of job (MB)
	20649320  -  ResidentSetSize of job (KB)
...
006 (111472057.147.000) 04/24 23:52:26 Image size of job updated: 21188240
	20376  -  MemoryUsage of job (MB)
	20864768  -  ResidentSetSize of job (KB)
...
006 (111472057.147.000) 04/24 23:57:26 Image size of job updated: 21484804
	20434  -  MemoryUsage of job (MB)
	20923976  -  ResidentSetSize of job (KB)
...
006 (111472057.147.000) 04/25 00:00:42 Image size of job updated: 21484804
	20434  -  MemoryUsage of job (MB)
	20924116  -  ResidentSetSize of job (KB)
...
005 (111472057.147.000) 04/25 00:00:46 Job terminated.
	(1) Normal termination (return value 0)
		Usr 0 01:53:09, Sys 0 00:06:28  -  Run Remote Usage
		Usr 0 00:00:00, Sys 0 00:00:00  -  Run Local Usage
		Usr 0 01:53:09, Sys 0 00:06:28  -  Total Remote Usage
		Usr 0 00:00:00, Sys 0 00:00:00  -  Total Local Usage
	19954712  -  Run Bytes Sent By Job
	1780295040  -  Run Bytes Received By Job
	19954712  -  Total Bytes Sent By Job
	1780295040  -  Total Bytes Received By Job
	Partitionable Resources :      Usage  Request Allocated 
	   Cpus                 :       0.58        1         1 
	   Disk (KB)            : 6849216    20971520  21373451 
	   Ioheavy              :                             0 
	   Memory (MB)          :   20434       20480     20480 
...
