000 (111472057.131.000) 04/24 11:52:17 Job submitted from host: <128.104.100.44:9618?addrs=128.104.100.44-9618+[2607-f388-107c-501-90e2-baff-fe2c-2724]-9618&noUDP&sock=4699_0235_3>
...
001 (111472057.131.000) 04/24 18:58:30 Job executing on host: <128.105.245.188:9618?addrs=128.105.245.188-9618&noUDP&sock=5463_bdf9_3>
...
006 (111472057.131.000) 04/24 18:58:38 Image size of job updated: 616
	1  -  MemoryUsage of job (MB)
	616  -  ResidentSetSize of job (KB)
...
006 (111472057.131.000) 04/24 19:03:39 Image size of job updated: 640
	1  -  MemoryUsage of job (MB)
	640  -  ResidentSetSize of job (KB)
...
006 (111472057.131.000) 04/24 19:08:42 Image size of job updated: 644
	1  -  MemoryUsage of job (MB)
	644  -  ResidentSetSize of job (KB)
...
006 (111472057.131.000) 04/24 19:13:41 Image size of job updated: 288416
	206  -  MemoryUsage of job (MB)
	210424  -  ResidentSetSize of job (KB)
...
006 (111472057.131.000) 04/24 19:18:42 Image size of job updated: 706120
	614  -  MemoryUsage of job (MB)
	628120  -  ResidentSetSize of job (KB)
...
006 (111472057.131.000) 04/24 19:23:43 Image size of job updated: 1151516
	1049  -  MemoryUsage of job (MB)
	1073460  -  ResidentSetSize of job (KB)
...
006 (111472057.131.000) 04/24 19:28:43 Image size of job updated: 1900640
	1780  -  MemoryUsage of job (MB)
	1822584  -  ResidentSetSize of job (KB)
...
006 (111472057.131.000) 04/24 19:33:43 Image size of job updated: 2796252
	2655  -  MemoryUsage of job (MB)
	2718196  -  ResidentSetSize of job (KB)
...
006 (111472057.131.000) 04/24 19:38:44 Image size of job updated: 3908364
	3741  -  MemoryUsage of job (MB)
	3830308  -  ResidentSetSize of job (KB)
...
006 (111472057.131.000) 04/24 19:43:45 Image size of job updated: 4980320
	4788  -  MemoryUsage of job (MB)
	4902264  -  ResidentSetSize of job (KB)
...
006 (111472057.131.000) 04/24 19:48:45 Image size of job updated: 5952372
	5737  -  MemoryUsage of job (MB)
	5874316  -  ResidentSetSize of job (KB)
...
006 (111472057.131.000) 04/24 19:53:45 Image size of job updated: 6886160
	6649  -  MemoryUsage of job (MB)
	6808104  -  ResidentSetSize of job (KB)
...
006 (111472057.131.000) 04/24 19:58:46 Image size of job updated: 7901704
	7641  -  MemoryUsage of job (MB)
	7823648  -  ResidentSetSize of job (KB)
...
006 (111472057.131.000) 04/24 20:03:46 Image size of job updated: 8903668
	8619  -  MemoryUsage of job (MB)
	8825612  -  ResidentSetSize of job (KB)
...
006 (111472057.131.000) 04/24 20:08:47 Image size of job updated: 9796572
	9491  -  MemoryUsage of job (MB)
	9718516  -  ResidentSetSize of job (KB)
...
006 (111472057.131.000) 04/24 20:13:48 Image size of job updated: 10598576
	10274  -  MemoryUsage of job (MB)
	10520520  -  ResidentSetSize of job (KB)
...
006 (111472057.131.000) 04/24 20:18:48 Image size of job updated: 11468376
	11124  -  MemoryUsage of job (MB)
	11390320  -  ResidentSetSize of job (KB)
...
006 (111472057.131.000) 04/24 20:23:49 Image size of job updated: 12416400
	12050  -  MemoryUsage of job (MB)
	12338344  -  ResidentSetSize of job (KB)
...
006 (111472057.131.000) 04/24 20:28:50 Image size of job updated: 13198996
	12814  -  MemoryUsage of job (MB)
	13120940  -  ResidentSetSize of job (KB)
...
006 (111472057.131.000) 04/24 20:33:51 Image size of job updated: 14202876
	13794  -  MemoryUsage of job (MB)
	14124820  -  ResidentSetSize of job (KB)
...
006 (111472057.131.000) 04/24 20:38:51 Image size of job updated: 15043692
	14615  -  MemoryUsage of job (MB)
	14965636  -  ResidentSetSize of job (KB)
...
006 (111472057.131.000) 04/24 20:43:53 Image size of job updated: 15947344
	15493  -  MemoryUsage of job (MB)
	15864168  -  ResidentSetSize of job (KB)
...
006 (111472057.131.000) 04/24 20:48:53 Image size of job updated: 16848592
	16359  -  MemoryUsage of job (MB)
	16751616  -  ResidentSetSize of job (KB)
...
006 (111472057.131.000) 04/24 20:53:53 Image size of job updated: 17868680
	17339  -  MemoryUsage of job (MB)
	17754904  -  ResidentSetSize of job (KB)
...
006 (111472057.131.000) 04/24 20:58:54 Image size of job updated: 18626652
	18066  -  MemoryUsage of job (MB)
	18498676  -  ResidentSetSize of job (KB)
...
006 (111472057.131.000) 04/24 21:03:54 Image size of job updated: 19514188
	18910  -  MemoryUsage of job (MB)
	19363172  -  ResidentSetSize of job (KB)
...
006 (111472057.131.000) 04/24 21:08:54 Image size of job updated: 20302836
	19678  -  MemoryUsage of job (MB)
	20149548  -  ResidentSetSize of job (KB)
...
006 (111472057.131.000) 04/24 21:13:55 Image size of job updated: 21143328
	20340  -  MemoryUsage of job (MB)
	20828016  -  ResidentSetSize of job (KB)
...
006 (111472057.131.000) 04/24 21:17:52 Image size of job updated: 21645216
	20341  -  MemoryUsage of job (MB)
	20828468  -  ResidentSetSize of job (KB)
...
005 (111472057.131.000) 04/24 21:17:54 Job terminated.
	(1) Normal termination (return value 0)
		Usr 0 01:55:16, Sys 0 00:02:25  -  Run Remote Usage
		Usr 0 00:00:00, Sys 0 00:00:00  -  Run Local Usage
		Usr 0 01:55:16, Sys 0 00:02:25  -  Total Remote Usage
		Usr 0 00:00:00, Sys 0 00:00:00  -  Total Local Usage
	19955288  -  Run Bytes Sent By Job
	1780295040  -  Run Bytes Received By Job
	19955288  -  Total Bytes Sent By Job
	1780295040  -  Total Bytes Received By Job
	Partitionable Resources :      Usage  Request Allocated 
	   Cpus                 :       1.00        1         1 
	   Disk (KB)            : 6849215    20971520  21120748 
	   Ioheavy              :                             0 
	   Memory (MB)          :   20341       20480     20480 
...
