000 (111367039.149.000) 04/22 22:37:22 Job submitted from host: <128.104.100.44:9618?addrs=128.104.100.44-9618+[2607-f388-107c-501-90e2-baff-fe2c-2724]-9618&noUDP&sock=1497440_afb9_3>
...
001 (111367039.149.000) 04/23 01:44:22 Job executing on host: <128.105.245.249:9618?addrs=128.105.245.249-9618&noUDP&sock=5434_d9ba_3>
...
006 (111367039.149.000) 04/23 01:44:30 Image size of job updated: 612
	1  -  MemoryUsage of job (MB)
	612  -  ResidentSetSize of job (KB)
...
006 (111367039.149.000) 04/23 01:49:31 Image size of job updated: 620
	1  -  MemoryUsage of job (MB)
	620  -  ResidentSetSize of job (KB)
...
006 (111367039.149.000) 04/23 01:54:32 Image size of job updated: 640
	1  -  MemoryUsage of job (MB)
	640  -  ResidentSetSize of job (KB)
...
006 (111367039.149.000) 04/23 01:59:33 Image size of job updated: 648
	1  -  MemoryUsage of job (MB)
	648  -  ResidentSetSize of job (KB)
...
006 (111367039.149.000) 04/23 02:04:35 Image size of job updated: 660
	1  -  MemoryUsage of job (MB)
	660  -  ResidentSetSize of job (KB)
...
006 (111367039.149.000) 04/23 02:09:35 Image size of job updated: 525376
	437  -  MemoryUsage of job (MB)
	447380  -  ResidentSetSize of job (KB)
...
006 (111367039.149.000) 04/23 02:14:36 Image size of job updated: 963888
	866  -  MemoryUsage of job (MB)
	885836  -  ResidentSetSize of job (KB)
...
006 (111367039.149.000) 04/23 02:19:36 Image size of job updated: 1483504
	1373  -  MemoryUsage of job (MB)
	1405452  -  ResidentSetSize of job (KB)
...
006 (111367039.149.000) 04/23 02:24:37 Image size of job updated: 2180368
	2054  -  MemoryUsage of job (MB)
	2102316  -  ResidentSetSize of job (KB)
...
006 (111367039.149.000) 04/23 02:29:37 Image size of job updated: 3036452
	2890  -  MemoryUsage of job (MB)
	2958400  -  ResidentSetSize of job (KB)
...
006 (111367039.149.000) 04/23 02:34:37 Image size of job updated: 3965568
	3797  -  MemoryUsage of job (MB)
	3887516  -  ResidentSetSize of job (KB)
...
006 (111367039.149.000) 04/23 02:39:37 Image size of job updated: 4889756
	4699  -  MemoryUsage of job (MB)
	4811704  -  ResidentSetSize of job (KB)
...
006 (111367039.149.000) 04/23 02:44:39 Image size of job updated: 5858432
	5645  -  MemoryUsage of job (MB)
	5780380  -  ResidentSetSize of job (KB)
...
006 (111367039.149.000) 04/23 02:49:39 Image size of job updated: 6718428
	6485  -  MemoryUsage of job (MB)
	6640376  -  ResidentSetSize of job (KB)
...
006 (111367039.149.000) 04/23 02:54:39 Image size of job updated: 7619852
	7366  -  MemoryUsage of job (MB)
	7541800  -  ResidentSetSize of job (KB)
...
006 (111367039.149.000) 04/23 02:59:40 Image size of job updated: 8338120
	8067  -  MemoryUsage of job (MB)
	8260068  -  ResidentSetSize of job (KB)
...
006 (111367039.149.000) 04/23 03:04:41 Image size of job updated: 9046084
	8758  -  MemoryUsage of job (MB)
	8968032  -  ResidentSetSize of job (KB)
...
006 (111367039.149.000) 04/23 03:09:41 Image size of job updated: 9890920
	9583  -  MemoryUsage of job (MB)
	9812868  -  ResidentSetSize of job (KB)
...
006 (111367039.149.000) 04/23 03:14:42 Image size of job updated: 10607068
	10283  -  MemoryUsage of job (MB)
	10529016  -  ResidentSetSize of job (KB)
...
006 (111367039.149.000) 04/23 03:19:43 Image size of job updated: 11320648
	10980  -  MemoryUsage of job (MB)
	11242596  -  ResidentSetSize of job (KB)
...
006 (111367039.149.000) 04/23 03:24:43 Image size of job updated: 12038620
	11681  -  MemoryUsage of job (MB)
	11960568  -  ResidentSetSize of job (KB)
...
006 (111367039.149.000) 04/23 03:29:44 Image size of job updated: 12847484
	12471  -  MemoryUsage of job (MB)
	12769432  -  ResidentSetSize of job (KB)
...
006 (111367039.149.000) 04/23 03:34:44 Image size of job updated: 13626408
	13231  -  MemoryUsage of job (MB)
	13548356  -  ResidentSetSize of job (KB)
...
006 (111367039.149.000) 04/23 03:39:44 Image size of job updated: 14334156
	13922  -  MemoryUsage of job (MB)
	14256104  -  ResidentSetSize of job (KB)
...
006 (111367039.149.000) 04/23 03:44:45 Image size of job updated: 15081236
	14652  -  MemoryUsage of job (MB)
	15003184  -  ResidentSetSize of job (KB)
...
006 (111367039.149.000) 04/23 03:49:46 Image size of job updated: 15813240
	15366  -  MemoryUsage of job (MB)
	15733980  -  ResidentSetSize of job (KB)
...
006 (111367039.149.000) 04/23 03:54:46 Image size of job updated: 16616760
	16149  -  MemoryUsage of job (MB)
	16536384  -  ResidentSetSize of job (KB)
...
006 (111367039.149.000) 04/23 03:59:47 Image size of job updated: 17341664
	16857  -  MemoryUsage of job (MB)
	17260708  -  ResidentSetSize of job (KB)
...
006 (111367039.149.000) 04/23 04:04:47 Image size of job updated: 18149116
	17643  -  MemoryUsage of job (MB)
	18065996  -  ResidentSetSize of job (KB)
...
006 (111367039.149.000) 04/23 04:09:48 Image size of job updated: 18928344
	18403  -  MemoryUsage of job (MB)
	18843728  -  ResidentSetSize of job (KB)
...
006 (111367039.149.000) 04/23 04:14:49 Image size of job updated: 19574072
	19020  -  MemoryUsage of job (MB)
	19475628  -  ResidentSetSize of job (KB)
...
006 (111367039.149.000) 04/23 04:19:49 Image size of job updated: 20222512
	19641  -  MemoryUsage of job (MB)
	20111596  -  ResidentSetSize of job (KB)
...
006 (111367039.149.000) 04/23 04:24:37 Image size of job updated: 20222512
	19642  -  MemoryUsage of job (MB)
	20113024  -  ResidentSetSize of job (KB)
...
005 (111367039.149.000) 04/23 04:24:40 Job terminated.
	(1) Normal termination (return value 0)
		Usr 0 02:07:49, Sys 0 00:02:05  -  Run Remote Usage
		Usr 0 00:00:00, Sys 0 00:00:00  -  Run Local Usage
		Usr 0 02:07:49, Sys 0 00:02:05  -  Total Remote Usage
		Usr 0 00:00:00, Sys 0 00:00:00  -  Total Local Usage
	20001560  -  Run Bytes Sent By Job
	1780294656  -  Run Bytes Received By Job
	20001560  -  Total Bytes Sent By Job
	1780294656  -  Total Bytes Received By Job
	Partitionable Resources :      Usage  Request Allocated 
	   Cpus                 :       0.74        1         1 
	   Disk (KB)            : 6849261    20971520  21422394 
	   Ioheavy              :                             0 
	   Memory (MB)          :   19642       20480     20480 
...
