000 (111515045.180.000) 04/25 20:23:08 Job submitted from host: <128.104.100.44:9618?addrs=128.104.100.44-9618+[2607-f388-107c-501-90e2-baff-fe2c-2724]-9618&noUDP&sock=4699_0235_3>
...
001 (111515045.180.000) 04/26 03:23:01 Job executing on host: <128.105.245.172:9618?addrs=128.105.245.172-9618&noUDP&sock=5426_5cf8_3>
...
006 (111515045.180.000) 04/26 03:23:10 Image size of job updated: 628
	1  -  MemoryUsage of job (MB)
	628  -  ResidentSetSize of job (KB)
...
006 (111515045.180.000) 04/26 03:28:12 Image size of job updated: 632
	1  -  MemoryUsage of job (MB)
	632  -  ResidentSetSize of job (KB)
...
006 (111515045.180.000) 04/26 03:33:12 Image size of job updated: 652
	1  -  MemoryUsage of job (MB)
	652  -  ResidentSetSize of job (KB)
...
006 (111515045.180.000) 04/26 03:38:13 Image size of job updated: 656
	1  -  MemoryUsage of job (MB)
	656  -  ResidentSetSize of job (KB)
...
006 (111515045.180.000) 04/26 03:43:14 Image size of job updated: 668
	1  -  MemoryUsage of job (MB)
	668  -  ResidentSetSize of job (KB)
...
006 (111515045.180.000) 04/26 03:48:14 Image size of job updated: 315528
	232  -  MemoryUsage of job (MB)
	237532  -  ResidentSetSize of job (KB)
...
006 (111515045.180.000) 04/26 03:53:14 Image size of job updated: 534200
	446  -  MemoryUsage of job (MB)
	456204  -  ResidentSetSize of job (KB)
...
006 (111515045.180.000) 04/26 03:58:14 Image size of job updated: 849096
	753  -  MemoryUsage of job (MB)
	771044  -  ResidentSetSize of job (KB)
...
006 (111515045.180.000) 04/26 04:03:15 Image size of job updated: 1216856
	1113  -  MemoryUsage of job (MB)
	1138804  -  ResidentSetSize of job (KB)
...
006 (111515045.180.000) 04/26 04:08:15 Image size of job updated: 1577516
	1465  -  MemoryUsage of job (MB)
	1499464  -  ResidentSetSize of job (KB)
...
006 (111515045.180.000) 04/26 04:13:16 Image size of job updated: 2079392
	1955  -  MemoryUsage of job (MB)
	2001340  -  ResidentSetSize of job (KB)
...
006 (111515045.180.000) 04/26 04:18:17 Image size of job updated: 2680340
	2542  -  MemoryUsage of job (MB)
	2602288  -  ResidentSetSize of job (KB)
...
006 (111515045.180.000) 04/26 04:23:17 Image size of job updated: 3325920
	3172  -  MemoryUsage of job (MB)
	3247868  -  ResidentSetSize of job (KB)
...
006 (111515045.180.000) 04/26 04:28:18 Image size of job updated: 4131168
	3959  -  MemoryUsage of job (MB)
	4053116  -  ResidentSetSize of job (KB)
...
006 (111515045.180.000) 04/26 04:33:18 Image size of job updated: 4768068
	4581  -  MemoryUsage of job (MB)
	4690016  -  ResidentSetSize of job (KB)
...
006 (111515045.180.000) 04/26 04:38:18 Image size of job updated: 5499940
	5295  -  MemoryUsage of job (MB)
	5421888  -  ResidentSetSize of job (KB)
...
006 (111515045.180.000) 04/26 04:43:18 Image size of job updated: 6238764
	6017  -  MemoryUsage of job (MB)
	6160712  -  ResidentSetSize of job (KB)
...
006 (111515045.180.000) 04/26 04:48:18 Image size of job updated: 7104080
	6862  -  MemoryUsage of job (MB)
	7026028  -  ResidentSetSize of job (KB)
...
006 (111515045.180.000) 04/26 04:53:21 Image size of job updated: 7938676
	7677  -  MemoryUsage of job (MB)
	7860624  -  ResidentSetSize of job (KB)
...
006 (111515045.180.000) 04/26 04:58:20 Image size of job updated: 8628652
	8351  -  MemoryUsage of job (MB)
	8550600  -  ResidentSetSize of job (KB)
...
006 (111515045.180.000) 04/26 05:03:20 Image size of job updated: 9416544
	9120  -  MemoryUsage of job (MB)
	9338492  -  ResidentSetSize of job (KB)
...
006 (111515045.180.000) 04/26 05:08:21 Image size of job updated: 10126800
	9814  -  MemoryUsage of job (MB)
	10048748  -  ResidentSetSize of job (KB)
...
006 (111515045.180.000) 04/26 05:13:21 Image size of job updated: 10868668
	10538  -  MemoryUsage of job (MB)
	10790616  -  ResidentSetSize of job (KB)
...
006 (111515045.180.000) 04/26 05:18:22 Image size of job updated: 11612464
	11260  -  MemoryUsage of job (MB)
	11529692  -  ResidentSetSize of job (KB)
...
006 (111515045.180.000) 04/26 05:23:22 Image size of job updated: 12381304
	12011  -  MemoryUsage of job (MB)
	12299032  -  ResidentSetSize of job (KB)
...
006 (111515045.180.000) 04/26 05:28:24 Image size of job updated: 13053036
	12667  -  MemoryUsage of job (MB)
	12970780  -  ResidentSetSize of job (KB)
...
006 (111515045.180.000) 04/26 05:33:25 Image size of job updated: 13857600
	13453  -  MemoryUsage of job (MB)
	13775344  -  ResidentSetSize of job (KB)
...
006 (111515045.180.000) 04/26 05:38:25 Image size of job updated: 14554684
	14133  -  MemoryUsage of job (MB)
	14471916  -  ResidentSetSize of job (KB)
...
006 (111515045.180.000) 04/26 05:43:25 Image size of job updated: 15320000
	14833  -  MemoryUsage of job (MB)
	15188496  -  ResidentSetSize of job (KB)
...
006 (111515045.180.000) 04/26 05:48:26 Image size of job updated: 16075280
	15564  -  MemoryUsage of job (MB)
	15937084  -  ResidentSetSize of job (KB)
...
006 (111515045.180.000) 04/26 05:53:27 Image size of job updated: 16859560
	16324  -  MemoryUsage of job (MB)
	16715360  -  ResidentSetSize of job (KB)
...
006 (111515045.180.000) 04/26 05:58:27 Image size of job updated: 17756332
	17199  -  MemoryUsage of job (MB)
	17611316  -  ResidentSetSize of job (KB)
...
006 (111515045.180.000) 04/26 06:03:29 Image size of job updated: 18627492
	18049  -  MemoryUsage of job (MB)
	18481440  -  ResidentSetSize of job (KB)
...
006 (111515045.180.000) 04/26 06:08:29 Image size of job updated: 19531192
	18918  -  MemoryUsage of job (MB)
	19371592  -  ResidentSetSize of job (KB)
...
006 (111515045.180.000) 04/26 06:13:30 Image size of job updated: 20300900
	19636  -  MemoryUsage of job (MB)
	20107100  -  ResidentSetSize of job (KB)
...
006 (111515045.180.000) 04/26 06:18:31 Image size of job updated: 21026776
	20204  -  MemoryUsage of job (MB)
	20688468  -  ResidentSetSize of job (KB)
...
006 (111515045.180.000) 04/26 06:23:19 Image size of job updated: 21716056
	20205  -  MemoryUsage of job (MB)
	20689828  -  ResidentSetSize of job (KB)
...
005 (111515045.180.000) 04/26 06:23:21 Job terminated.
	(1) Normal termination (return value 0)
		Usr 0 02:08:27, Sys 0 00:03:14  -  Run Remote Usage
		Usr 0 00:00:00, Sys 0 00:00:00  -  Run Local Usage
		Usr 0 02:08:27, Sys 0 00:03:14  -  Total Remote Usage
		Usr 0 00:00:00, Sys 0 00:00:00  -  Total Local Usage
	20010992  -  Run Bytes Sent By Job
	1780295040  -  Run Bytes Received By Job
	20010992  -  Total Bytes Sent By Job
	1780295040  -  Total Bytes Received By Job
	Partitionable Resources :      Usage  Request Allocated 
	   Cpus                 :       1.00        1         1 
	   Disk (KB)            : 6849270    20971520  21333102 
	   Ioheavy              :                             0 
	   Memory (MB)          :   20205       20480     20480 
...
