000 (111367039.056.000) 04/22 22:37:22 Job submitted from host: <128.104.100.44:9618?addrs=128.104.100.44-9618+[2607-f388-107c-501-90e2-baff-fe2c-2724]-9618&noUDP&sock=1497440_afb9_3>
...
001 (111367039.056.000) 04/22 22:46:32 Job executing on host: <128.105.245.211:9618?addrs=128.105.245.211-9618&noUDP&sock=5414_21d5_3>
...
006 (111367039.056.000) 04/22 22:46:41 Image size of job updated: 620
	1  -  MemoryUsage of job (MB)
	620  -  ResidentSetSize of job (KB)
...
006 (111367039.056.000) 04/22 22:51:42 Image size of job updated: 644
	1  -  MemoryUsage of job (MB)
	644  -  ResidentSetSize of job (KB)
...
006 (111367039.056.000) 04/22 22:56:42 Image size of job updated: 660
	1  -  MemoryUsage of job (MB)
	660  -  ResidentSetSize of job (KB)
...
006 (111367039.056.000) 04/22 23:01:42 Image size of job updated: 635080
	545  -  MemoryUsage of job (MB)
	557084  -  ResidentSetSize of job (KB)
...
006 (111367039.056.000) 04/22 23:06:43 Image size of job updated: 1241112
	1136  -  MemoryUsage of job (MB)
	1163060  -  ResidentSetSize of job (KB)
...
006 (111367039.056.000) 04/22 23:11:44 Image size of job updated: 2214976
	2087  -  MemoryUsage of job (MB)
	2136924  -  ResidentSetSize of job (KB)
...
006 (111367039.056.000) 04/22 23:16:44 Image size of job updated: 3318384
	3165  -  MemoryUsage of job (MB)
	3240332  -  ResidentSetSize of job (KB)
...
006 (111367039.056.000) 04/22 23:21:44 Image size of job updated: 4520760
	4339  -  MemoryUsage of job (MB)
	4442708  -  ResidentSetSize of job (KB)
...
006 (111367039.056.000) 04/22 23:26:45 Image size of job updated: 5647396
	5439  -  MemoryUsage of job (MB)
	5569344  -  ResidentSetSize of job (KB)
...
006 (111367039.056.000) 04/22 23:31:46 Image size of job updated: 6784168
	6549  -  MemoryUsage of job (MB)
	6706116  -  ResidentSetSize of job (KB)
...
006 (111367039.056.000) 04/22 23:36:47 Image size of job updated: 7870868
	7611  -  MemoryUsage of job (MB)
	7792816  -  ResidentSetSize of job (KB)
...
006 (111367039.056.000) 04/22 23:41:48 Image size of job updated: 8909592
	8625  -  MemoryUsage of job (MB)
	8831540  -  ResidentSetSize of job (KB)
...
006 (111367039.056.000) 04/22 23:46:48 Image size of job updated: 9775456
	9471  -  MemoryUsage of job (MB)
	9697404  -  ResidentSetSize of job (KB)
...
006 (111367039.056.000) 04/22 23:51:49 Image size of job updated: 10545200
	10222  -  MemoryUsage of job (MB)
	10467148  -  ResidentSetSize of job (KB)
...
006 (111367039.056.000) 04/22 23:56:49 Image size of job updated: 11366728
	11025  -  MemoryUsage of job (MB)
	11288676  -  ResidentSetSize of job (KB)
...
006 (111367039.056.000) 04/23 00:01:49 Image size of job updated: 12157636
	11797  -  MemoryUsage of job (MB)
	12079584  -  ResidentSetSize of job (KB)
...
006 (111367039.056.000) 04/23 00:06:49 Image size of job updated: 12990040
	12610  -  MemoryUsage of job (MB)
	12911988  -  ResidentSetSize of job (KB)
...
006 (111367039.056.000) 04/23 00:11:49 Image size of job updated: 13824424
	13425  -  MemoryUsage of job (MB)
	13746372  -  ResidentSetSize of job (KB)
...
006 (111367039.056.000) 04/23 00:16:50 Image size of job updated: 14691896
	14272  -  MemoryUsage of job (MB)
	14613844  -  ResidentSetSize of job (KB)
...
006 (111367039.056.000) 04/23 00:21:52 Image size of job updated: 15443416
	15005  -  MemoryUsage of job (MB)
	15364240  -  ResidentSetSize of job (KB)
...
006 (111367039.056.000) 04/23 00:26:52 Image size of job updated: 16274276
	15806  -  MemoryUsage of job (MB)
	16184764  -  ResidentSetSize of job (KB)
...
006 (111367039.056.000) 04/23 00:31:53 Image size of job updated: 17176912
	16673  -  MemoryUsage of job (MB)
	17072436  -  ResidentSetSize of job (KB)
...
006 (111367039.056.000) 04/23 00:36:52 Image size of job updated: 18131180
	17600  -  MemoryUsage of job (MB)
	18021868  -  ResidentSetSize of job (KB)
...
006 (111367039.056.000) 04/23 00:41:52 Image size of job updated: 19099056
	18544  -  MemoryUsage of job (MB)
	18988504  -  ResidentSetSize of job (KB)
...
006 (111367039.056.000) 04/23 00:46:53 Image size of job updated: 19973836
	19381  -  MemoryUsage of job (MB)
	19845228  -  ResidentSetSize of job (KB)
...
006 (111367039.056.000) 04/23 00:51:54 Image size of job updated: 20387624
	19768  -  MemoryUsage of job (MB)
	20241656  -  ResidentSetSize of job (KB)
...
006 (111367039.056.000) 04/23 00:56:54 Image size of job updated: 20617568
	19963  -  MemoryUsage of job (MB)
	20441960  -  ResidentSetSize of job (KB)
...
006 (111367039.056.000) 04/23 01:01:54 Image size of job updated: 20887768
	20168  -  MemoryUsage of job (MB)
	20651260  -  ResidentSetSize of job (KB)
...
006 (111367039.056.000) 04/23 01:02:06 Image size of job updated: 20888188
	20168  -  MemoryUsage of job (MB)
	20651636  -  ResidentSetSize of job (KB)
...
005 (111367039.056.000) 04/23 01:02:08 Job terminated.
	(1) Normal termination (return value 0)
		Usr 0 01:46:11, Sys 0 00:02:53  -  Run Remote Usage
		Usr 0 00:00:00, Sys 0 00:00:00  -  Run Local Usage
		Usr 0 01:46:11, Sys 0 00:02:53  -  Total Remote Usage
		Usr 0 00:00:00, Sys 0 00:00:00  -  Total Local Usage
	20349358  -  Run Bytes Sent By Job
	1780294656  -  Run Bytes Received By Job
	20349358  -  Total Bytes Sent By Job
	1780294656  -  Total Bytes Received By Job
	Partitionable Resources :      Usage  Request Allocated 
	   Cpus                 :       0.19        1         1 
	   Disk (KB)            : 6849601    20971520  21204472 
	   Ioheavy              :                             0 
	   Memory (MB)          :   20168       20480     20480 
...
