000 (111515045.023.000) 04/25 20:23:08 Job submitted from host: <128.104.100.44:9618?addrs=128.104.100.44-9618+[2607-f388-107c-501-90e2-baff-fe2c-2724]-9618&noUDP&sock=4699_0235_3>
...
001 (111515045.023.000) 04/26 00:48:53 Job executing on host: <128.105.245.205:9618?addrs=128.105.245.205-9618&noUDP&sock=5446_14dd_3>
...
006 (111515045.023.000) 04/26 00:49:02 Image size of job updated: 624
	1  -  MemoryUsage of job (MB)
	624  -  ResidentSetSize of job (KB)
...
006 (111515045.023.000) 04/26 00:54:03 Image size of job updated: 648
	1  -  MemoryUsage of job (MB)
	648  -  ResidentSetSize of job (KB)
...
006 (111515045.023.000) 04/26 00:59:06 Image size of job updated: 652
	1  -  MemoryUsage of job (MB)
	652  -  ResidentSetSize of job (KB)
...
006 (111515045.023.000) 04/26 01:04:05 Image size of job updated: 660
	1  -  MemoryUsage of job (MB)
	660  -  ResidentSetSize of job (KB)
...
006 (111515045.023.000) 04/26 01:09:05 Image size of job updated: 303108
	220  -  MemoryUsage of job (MB)
	225112  -  ResidentSetSize of job (KB)
...
006 (111515045.023.000) 04/26 01:14:06 Image size of job updated: 489460
	402  -  MemoryUsage of job (MB)
	411464  -  ResidentSetSize of job (KB)
...
006 (111515045.023.000) 04/26 01:19:06 Image size of job updated: 696796
	605  -  MemoryUsage of job (MB)
	618800  -  ResidentSetSize of job (KB)
...
006 (111515045.023.000) 04/26 01:24:06 Image size of job updated: 871880
	776  -  MemoryUsage of job (MB)
	793828  -  ResidentSetSize of job (KB)
...
006 (111515045.023.000) 04/26 01:29:07 Image size of job updated: 1140324
	1038  -  MemoryUsage of job (MB)
	1062272  -  ResidentSetSize of job (KB)
...
006 (111515045.023.000) 04/26 01:34:07 Image size of job updated: 1460768
	1351  -  MemoryUsage of job (MB)
	1382716  -  ResidentSetSize of job (KB)
...
006 (111515045.023.000) 04/26 01:39:08 Image size of job updated: 1817208
	1699  -  MemoryUsage of job (MB)
	1739156  -  ResidentSetSize of job (KB)
...
006 (111515045.023.000) 04/26 01:44:10 Image size of job updated: 2340152
	2210  -  MemoryUsage of job (MB)
	2262100  -  ResidentSetSize of job (KB)
...
006 (111515045.023.000) 04/26 01:49:16 Image size of job updated: 2802460
	2661  -  MemoryUsage of job (MB)
	2724408  -  ResidentSetSize of job (KB)
...
006 (111515045.023.000) 04/26 01:54:13 Image size of job updated: 3420784
	3265  -  MemoryUsage of job (MB)
	3342732  -  ResidentSetSize of job (KB)
...
006 (111515045.023.000) 04/26 01:59:14 Image size of job updated: 3960684
	3792  -  MemoryUsage of job (MB)
	3882632  -  ResidentSetSize of job (KB)
...
006 (111515045.023.000) 04/26 02:04:13 Image size of job updated: 4529620
	4348  -  MemoryUsage of job (MB)
	4451568  -  ResidentSetSize of job (KB)
...
006 (111515045.023.000) 04/26 02:09:13 Image size of job updated: 5286576
	5087  -  MemoryUsage of job (MB)
	5208524  -  ResidentSetSize of job (KB)
...
006 (111515045.023.000) 04/26 02:14:15 Image size of job updated: 5902876
	5689  -  MemoryUsage of job (MB)
	5824824  -  ResidentSetSize of job (KB)
...
006 (111515045.023.000) 04/26 02:19:16 Image size of job updated: 6507684
	6279  -  MemoryUsage of job (MB)
	6429632  -  ResidentSetSize of job (KB)
...
006 (111515045.023.000) 04/26 02:24:15 Image size of job updated: 7103024
	6861  -  MemoryUsage of job (MB)
	7024972  -  ResidentSetSize of job (KB)
...
006 (111515045.023.000) 04/26 02:29:15 Image size of job updated: 7550244
	7298  -  MemoryUsage of job (MB)
	7472192  -  ResidentSetSize of job (KB)
...
006 (111515045.023.000) 04/26 02:34:21 Image size of job updated: 8169704
	7903  -  MemoryUsage of job (MB)
	8091652  -  ResidentSetSize of job (KB)
...
006 (111515045.023.000) 04/26 02:39:21 Image size of job updated: 8728840
	8449  -  MemoryUsage of job (MB)
	8650788  -  ResidentSetSize of job (KB)
...
006 (111515045.023.000) 04/26 02:44:18 Image size of job updated: 9411792
	9115  -  MemoryUsage of job (MB)
	9333740  -  ResidentSetSize of job (KB)
...
006 (111515045.023.000) 04/26 02:49:19 Image size of job updated: 10091520
	9779  -  MemoryUsage of job (MB)
	10013468  -  ResidentSetSize of job (KB)
...
006 (111515045.023.000) 04/26 02:54:19 Image size of job updated: 10676940
	10351  -  MemoryUsage of job (MB)
	10598888  -  ResidentSetSize of job (KB)
...
006 (111515045.023.000) 04/26 02:59:19 Image size of job updated: 11390564
	11048  -  MemoryUsage of job (MB)
	11312512  -  ResidentSetSize of job (KB)
...
006 (111515045.023.000) 04/26 03:04:21 Image size of job updated: 11943120
	11587  -  MemoryUsage of job (MB)
	11865068  -  ResidentSetSize of job (KB)
...
006 (111515045.023.000) 04/26 03:09:21 Image size of job updated: 12600472
	12229  -  MemoryUsage of job (MB)
	12522420  -  ResidentSetSize of job (KB)
...
006 (111515045.023.000) 04/26 03:14:33 Image size of job updated: 13267552
	12881  -  MemoryUsage of job (MB)
	13189500  -  ResidentSetSize of job (KB)
...
006 (111515045.023.000) 04/26 03:19:22 Image size of job updated: 13904092
	13502  -  MemoryUsage of job (MB)
	13826040  -  ResidentSetSize of job (KB)
...
006 (111515045.023.000) 04/26 03:24:22 Image size of job updated: 14165276
	13758  -  MemoryUsage of job (MB)
	14087224  -  ResidentSetSize of job (KB)
...
006 (111515045.023.000) 04/26 03:29:22 Image size of job updated: 14738048
	14317  -  MemoryUsage of job (MB)
	14659996  -  ResidentSetSize of job (KB)
...
006 (111515045.023.000) 04/26 03:34:24 Image size of job updated: 15113572
	14684  -  MemoryUsage of job (MB)
	15035520  -  ResidentSetSize of job (KB)
...
006 (111515045.023.000) 04/26 03:39:24 Image size of job updated: 15600400
	15159  -  MemoryUsage of job (MB)
	15521920  -  ResidentSetSize of job (KB)
...
006 (111515045.023.000) 04/26 03:44:24 Image size of job updated: 16130260
	15675  -  MemoryUsage of job (MB)
	16050740  -  ResidentSetSize of job (KB)
...
006 (111515045.023.000) 04/26 03:49:25 Image size of job updated: 16546388
	16080  -  MemoryUsage of job (MB)
	16465916  -  ResidentSetSize of job (KB)
...
006 (111515045.023.000) 04/26 03:54:30 Image size of job updated: 17038256
	16559  -  MemoryUsage of job (MB)
	16956172  -  ResidentSetSize of job (KB)
...
006 (111515045.023.000) 04/26 03:59:25 Image size of job updated: 17579880
	17086  -  MemoryUsage of job (MB)
	17495956  -  ResidentSetSize of job (KB)
...
006 (111515045.023.000) 04/26 04:04:25 Image size of job updated: 18129928
	17623  -  MemoryUsage of job (MB)
	18045448  -  ResidentSetSize of job (KB)
...
006 (111515045.023.000) 04/26 04:09:25 Image size of job updated: 18490076
	17974  -  MemoryUsage of job (MB)
	18404720  -  ResidentSetSize of job (KB)
...
006 (111515045.023.000) 04/26 04:14:25 Image size of job updated: 18912892
	18384  -  MemoryUsage of job (MB)
	18824844  -  ResidentSetSize of job (KB)
...
006 (111515045.023.000) 04/26 04:19:32 Image size of job updated: 19440172
	18890  -  MemoryUsage of job (MB)
	19343228  -  ResidentSetSize of job (KB)
...
006 (111515045.023.000) 04/26 04:24:26 Image size of job updated: 19821056
	19260  -  MemoryUsage of job (MB)
	19721928  -  ResidentSetSize of job (KB)
...
006 (111515045.023.000) 04/26 04:29:26 Image size of job updated: 20354568
	19767  -  MemoryUsage of job (MB)
	20240544  -  ResidentSetSize of job (KB)
...
006 (111515045.023.000) 04/26 04:34:27 Image size of job updated: 20788072
	20160  -  MemoryUsage of job (MB)
	20643356  -  ResidentSetSize of job (KB)
...
006 (111515045.023.000) 04/26 04:39:28 Image size of job updated: 21107800
	20391  -  MemoryUsage of job (MB)
	20879560  -  ResidentSetSize of job (KB)
...
006 (111515045.023.000) 04/26 04:44:29 Image size of job updated: 21342456
	20438  -  MemoryUsage of job (MB)
	20927600  -  ResidentSetSize of job (KB)
...
006 (111515045.023.000) 04/26 04:49:15 Image size of job updated: 21583272
	20438  -  MemoryUsage of job (MB)
	20927600  -  ResidentSetSize of job (KB)
...
005 (111515045.023.000) 04/26 04:49:18 Job terminated.
	(1) Normal termination (return value 0)
		Usr 0 02:06:34, Sys 0 00:02:32  -  Run Remote Usage
		Usr 0 00:00:00, Sys 0 00:00:00  -  Run Local Usage
		Usr 0 02:06:34, Sys 0 00:02:32  -  Total Remote Usage
		Usr 0 00:00:00, Sys 0 00:00:00  -  Total Local Usage
	19963182  -  Run Bytes Sent By Job
	1780295040  -  Run Bytes Received By Job
	19963182  -  Total Bytes Sent By Job
	1780295040  -  Total Bytes Received By Job
	Partitionable Resources :      Usage  Request Allocated 
	   Cpus                 :       0.44        1         1 
	   Disk (KB)            : 6849223    20971520  21276629 
	   Ioheavy              :                             0 
	   Memory (MB)          :   20438       20480     20480 
...
