000 (111367039.068.000) 04/22 22:37:22 Job submitted from host: <128.104.100.44:9618?addrs=128.104.100.44-9618+[2607-f388-107c-501-90e2-baff-fe2c-2724]-9618&noUDP&sock=1497440_afb9_3>
...
001 (111367039.068.000) 04/22 22:48:31 Job executing on host: <128.105.245.168:9618?addrs=128.105.245.168-9618&noUDP&sock=5474_4983_3>
...
006 (111367039.068.000) 04/22 22:48:46 Image size of job updated: 620
	1  -  MemoryUsage of job (MB)
	620  -  ResidentSetSize of job (KB)
...
006 (111367039.068.000) 04/22 22:53:42 Image size of job updated: 652
	1  -  MemoryUsage of job (MB)
	652  -  ResidentSetSize of job (KB)
...
006 (111367039.068.000) 04/22 23:03:44 Image size of job updated: 349660
	266  -  MemoryUsage of job (MB)
	271664  -  ResidentSetSize of job (KB)
...
006 (111367039.068.000) 04/22 23:08:44 Image size of job updated: 717116
	625  -  MemoryUsage of job (MB)
	639120  -  ResidentSetSize of job (KB)
...
006 (111367039.068.000) 04/22 23:13:45 Image size of job updated: 1153712
	1051  -  MemoryUsage of job (MB)
	1075660  -  ResidentSetSize of job (KB)
...
006 (111367039.068.000) 04/22 23:18:45 Image size of job updated: 1719292
	1603  -  MemoryUsage of job (MB)
	1641240  -  ResidentSetSize of job (KB)
...
006 (111367039.068.000) 04/22 23:23:45 Image size of job updated: 2469484
	2336  -  MemoryUsage of job (MB)
	2391432  -  ResidentSetSize of job (KB)
...
006 (111367039.068.000) 04/22 23:28:46 Image size of job updated: 3270112
	3118  -  MemoryUsage of job (MB)
	3192060  -  ResidentSetSize of job (KB)
...
006 (111367039.068.000) 04/22 23:33:46 Image size of job updated: 4207896
	4034  -  MemoryUsage of job (MB)
	4129844  -  ResidentSetSize of job (KB)
...
006 (111367039.068.000) 04/22 23:38:46 Image size of job updated: 4940412
	4749  -  MemoryUsage of job (MB)
	4862360  -  ResidentSetSize of job (KB)
...
006 (111367039.068.000) 04/22 23:43:47 Image size of job updated: 5912768
	5698  -  MemoryUsage of job (MB)
	5834716  -  ResidentSetSize of job (KB)
...
006 (111367039.068.000) 04/22 23:48:47 Image size of job updated: 6879180
	6642  -  MemoryUsage of job (MB)
	6801128  -  ResidentSetSize of job (KB)
...
006 (111367039.068.000) 04/22 23:53:48 Image size of job updated: 7801912
	7543  -  MemoryUsage of job (MB)
	7723860  -  ResidentSetSize of job (KB)
...
006 (111367039.068.000) 04/22 23:58:49 Image size of job updated: 8464480
	8190  -  MemoryUsage of job (MB)
	8386428  -  ResidentSetSize of job (KB)
...
006 (111367039.068.000) 04/23 00:03:49 Image size of job updated: 8839880
	8557  -  MemoryUsage of job (MB)
	8761828  -  ResidentSetSize of job (KB)
...
006 (111367039.068.000) 04/23 00:08:50 Image size of job updated: 9034224
	8747  -  MemoryUsage of job (MB)
	8956172  -  ResidentSetSize of job (KB)
...
006 (111367039.068.000) 04/23 00:13:50 Image size of job updated: 9250948
	8958  -  MemoryUsage of job (MB)
	9172896  -  ResidentSetSize of job (KB)
...
006 (111367039.068.000) 04/23 00:18:50 Image size of job updated: 9830504
	9524  -  MemoryUsage of job (MB)
	9752452  -  ResidentSetSize of job (KB)
...
006 (111367039.068.000) 04/23 00:23:51 Image size of job updated: 10495872
	10174  -  MemoryUsage of job (MB)
	10417820  -  ResidentSetSize of job (KB)
...
006 (111367039.068.000) 04/23 00:28:52 Image size of job updated: 11196096
	10858  -  MemoryUsage of job (MB)
	11118044  -  ResidentSetSize of job (KB)
...
006 (111367039.068.000) 04/23 00:33:52 Image size of job updated: 11931688
	11576  -  MemoryUsage of job (MB)
	11853636  -  ResidentSetSize of job (KB)
...
006 (111367039.068.000) 04/23 00:38:55 Image size of job updated: 12518616
	12149  -  MemoryUsage of job (MB)
	12440564  -  ResidentSetSize of job (KB)
...
006 (111367039.068.000) 04/23 00:43:55 Image size of job updated: 13260644
	12874  -  MemoryUsage of job (MB)
	13182592  -  ResidentSetSize of job (KB)
...
006 (111367039.068.000) 04/23 00:48:53 Image size of job updated: 13892924
	13492  -  MemoryUsage of job (MB)
	13814872  -  ResidentSetSize of job (KB)
...
006 (111367039.068.000) 04/23 00:53:54 Image size of job updated: 14590004
	14172  -  MemoryUsage of job (MB)
	14511952  -  ResidentSetSize of job (KB)
...
006 (111367039.068.000) 04/23 00:58:55 Image size of job updated: 15401652
	14965  -  MemoryUsage of job (MB)
	15323600  -  ResidentSetSize of job (KB)
...
006 (111367039.068.000) 04/23 01:03:55 Image size of job updated: 16188248
	15733  -  MemoryUsage of job (MB)
	16110196  -  ResidentSetSize of job (KB)
...
006 (111367039.068.000) 04/23 01:08:55 Image size of job updated: 16786180
	16316  -  MemoryUsage of job (MB)
	16707364  -  ResidentSetSize of job (KB)
...
006 (111367039.068.000) 04/23 01:13:55 Image size of job updated: 17417728
	16932  -  MemoryUsage of job (MB)
	17338292  -  ResidentSetSize of job (KB)
...
006 (111367039.068.000) 04/23 01:18:56 Image size of job updated: 18028184
	17528  -  MemoryUsage of job (MB)
	17948492  -  ResidentSetSize of job (KB)
...
006 (111367039.068.000) 04/23 01:23:56 Image size of job updated: 18745744
	18227  -  MemoryUsage of job (MB)
	18664136  -  ResidentSetSize of job (KB)
...
006 (111367039.068.000) 04/23 01:28:57 Image size of job updated: 19419828
	18884  -  MemoryUsage of job (MB)
	19337092  -  ResidentSetSize of job (KB)
...
006 (111367039.068.000) 04/23 01:33:58 Image size of job updated: 20289780
	19724  -  MemoryUsage of job (MB)
	20197132  -  ResidentSetSize of job (KB)
...
006 (111367039.068.000) 04/23 01:38:18 Image size of job updated: 20821488
	19727  -  MemoryUsage of job (MB)
	20199800  -  ResidentSetSize of job (KB)
...
005 (111367039.068.000) 04/23 01:38:24 Job terminated.
	(1) Normal termination (return value 0)
		Usr 0 02:01:52, Sys 0 00:02:42  -  Run Remote Usage
		Usr 0 00:00:00, Sys 0 00:00:00  -  Run Local Usage
		Usr 0 02:01:52, Sys 0 00:02:42  -  Total Remote Usage
		Usr 0 00:00:00, Sys 0 00:00:00  -  Total Local Usage
	20285264  -  Run Bytes Sent By Job
	1780294656  -  Run Bytes Received By Job
	20285264  -  Total Bytes Sent By Job
	1780294656  -  Total Bytes Received By Job
	Partitionable Resources :      Usage  Request Allocated 
	   Cpus                 :       0.01        1         1 
	   Disk (KB)            : 6849537    20971520  21341893 
	   Ioheavy              :                             0 
	   Memory (MB)          :   19727       20480     20480 
...
