000 (111367039.178.000) 04/22 22:37:22 Job submitted from host: <128.104.100.44:9618?addrs=128.104.100.44-9618+[2607-f388-107c-501-90e2-baff-fe2c-2724]-9618&noUDP&sock=1497440_afb9_3>
...
001 (111367039.178.000) 04/23 01:55:52 Job executing on host: <128.105.245.185:9618?addrs=128.105.245.185-9618&noUDP&sock=5452_326e_36>
...
006 (111367039.178.000) 04/23 01:56:00 Image size of job updated: 628
	1  -  MemoryUsage of job (MB)
	628  -  ResidentSetSize of job (KB)
...
006 (111367039.178.000) 04/23 02:01:02 Image size of job updated: 306616
	224  -  MemoryUsage of job (MB)
	228620  -  ResidentSetSize of job (KB)
...
006 (111367039.178.000) 04/23 02:06:02 Image size of job updated: 699296
	607  -  MemoryUsage of job (MB)
	621300  -  ResidentSetSize of job (KB)
...
006 (111367039.178.000) 04/23 02:11:02 Image size of job updated: 1108928
	1007  -  MemoryUsage of job (MB)
	1030876  -  ResidentSetSize of job (KB)
...
006 (111367039.178.000) 04/23 02:16:01 Image size of job updated: 1559932
	1448  -  MemoryUsage of job (MB)
	1481880  -  ResidentSetSize of job (KB)
...
006 (111367039.178.000) 04/23 02:21:02 Image size of job updated: 2147532
	2021  -  MemoryUsage of job (MB)
	2069480  -  ResidentSetSize of job (KB)
...
006 (111367039.178.000) 04/23 02:26:02 Image size of job updated: 3084532
	2937  -  MemoryUsage of job (MB)
	3006480  -  ResidentSetSize of job (KB)
...
006 (111367039.178.000) 04/23 02:31:02 Image size of job updated: 4168688
	3995  -  MemoryUsage of job (MB)
	4090636  -  ResidentSetSize of job (KB)
...
006 (111367039.178.000) 04/23 02:36:02 Image size of job updated: 5297264
	5097  -  MemoryUsage of job (MB)
	5219212  -  ResidentSetSize of job (KB)
...
006 (111367039.178.000) 04/23 02:41:02 Image size of job updated: 6104300
	5886  -  MemoryUsage of job (MB)
	6026248  -  ResidentSetSize of job (KB)
...
006 (111367039.178.000) 04/23 02:46:03 Image size of job updated: 6836972
	6601  -  MemoryUsage of job (MB)
	6758920  -  ResidentSetSize of job (KB)
...
006 (111367039.178.000) 04/23 02:51:03 Image size of job updated: 7568560
	7315  -  MemoryUsage of job (MB)
	7490380  -  ResidentSetSize of job (KB)
...
006 (111367039.178.000) 04/23 02:56:03 Image size of job updated: 8191864
	7924  -  MemoryUsage of job (MB)
	8113460  -  ResidentSetSize of job (KB)
...
006 (111367039.178.000) 04/23 03:01:03 Image size of job updated: 8780612
	8499  -  MemoryUsage of job (MB)
	8702208  -  ResidentSetSize of job (KB)
...
006 (111367039.178.000) 04/23 03:06:03 Image size of job updated: 9300732
	9007  -  MemoryUsage of job (MB)
	9222328  -  ResidentSetSize of job (KB)
...
006 (111367039.178.000) 04/23 03:11:04 Image size of job updated: 9863724
	9556  -  MemoryUsage of job (MB)
	9785320  -  ResidentSetSize of job (KB)
...
006 (111367039.178.000) 04/23 03:16:05 Image size of job updated: 10546824
	10224  -  MemoryUsage of job (MB)
	10468420  -  ResidentSetSize of job (KB)
...
006 (111367039.178.000) 04/23 03:21:05 Image size of job updated: 11124396
	10788  -  MemoryUsage of job (MB)
	11045992  -  ResidentSetSize of job (KB)
...
006 (111367039.178.000) 04/23 03:26:05 Image size of job updated: 11710980
	11360  -  MemoryUsage of job (MB)
	11632576  -  ResidentSetSize of job (KB)
...
006 (111367039.178.000) 04/23 03:31:05 Image size of job updated: 12300668
	11936  -  MemoryUsage of job (MB)
	12222264  -  ResidentSetSize of job (KB)
...
006 (111367039.178.000) 04/23 03:36:05 Image size of job updated: 12838868
	12462  -  MemoryUsage of job (MB)
	12760464  -  ResidentSetSize of job (KB)
...
006 (111367039.178.000) 04/23 03:41:06 Image size of job updated: 13361568
	12972  -  MemoryUsage of job (MB)
	13283212  -  ResidentSetSize of job (KB)
...
006 (111367039.178.000) 04/23 03:46:07 Image size of job updated: 13944972
	13542  -  MemoryUsage of job (MB)
	13866616  -  ResidentSetSize of job (KB)
...
006 (111367039.178.000) 04/23 03:51:08 Image size of job updated: 14506928
	14091  -  MemoryUsage of job (MB)
	14428572  -  ResidentSetSize of job (KB)
...
006 (111367039.178.000) 04/23 03:56:09 Image size of job updated: 15078996
	14650  -  MemoryUsage of job (MB)
	15000640  -  ResidentSetSize of job (KB)
...
006 (111367039.178.000) 04/23 04:01:09 Image size of job updated: 15788672
	15343  -  MemoryUsage of job (MB)
	15710316  -  ResidentSetSize of job (KB)
...
006 (111367039.178.000) 04/23 04:06:09 Image size of job updated: 16646552
	16180  -  MemoryUsage of job (MB)
	16568252  -  ResidentSetSize of job (KB)
...
006 (111367039.178.000) 04/23 04:11:10 Image size of job updated: 17261296
	16782  -  MemoryUsage of job (MB)
	17184568  -  ResidentSetSize of job (KB)
...
006 (111367039.178.000) 04/23 04:16:11 Image size of job updated: 17814264
	17322  -  MemoryUsage of job (MB)
	17737392  -  ResidentSetSize of job (KB)
...
006 (111367039.178.000) 04/23 04:21:12 Image size of job updated: 18402796
	17919  -  MemoryUsage of job (MB)
	18348296  -  ResidentSetSize of job (KB)
...
006 (111367039.178.000) 04/23 04:26:13 Image size of job updated: 19071240
	18562  -  MemoryUsage of job (MB)
	19006884  -  ResidentSetSize of job (KB)
...
006 (111367039.178.000) 04/23 04:31:15 Image size of job updated: 19678040
	19144  -  MemoryUsage of job (MB)
	19603356  -  ResidentSetSize of job (KB)
...
006 (111367039.178.000) 04/23 04:36:15 Image size of job updated: 20416316
	19840  -  MemoryUsage of job (MB)
	20316156  -  ResidentSetSize of job (KB)
...
006 (111367039.178.000) 04/23 04:41:15 Image size of job updated: 20935544
	20261  -  MemoryUsage of job (MB)
	20746676  -  ResidentSetSize of job (KB)
...
006 (111367039.178.000) 04/23 04:41:21 Image size of job updated: 21583140
	20261  -  MemoryUsage of job (MB)
	20746944  -  ResidentSetSize of job (KB)
...
005 (111367039.178.000) 04/23 04:41:23 Job terminated.
	(1) Normal termination (return value 0)
		Usr 0 02:07:29, Sys 0 00:06:24  -  Run Remote Usage
		Usr 0 00:00:00, Sys 0 00:00:00  -  Run Local Usage
		Usr 0 02:07:29, Sys 0 00:06:24  -  Total Remote Usage
		Usr 0 00:00:00, Sys 0 00:00:00  -  Total Local Usage
	20354572  -  Run Bytes Sent By Job
	1780294656  -  Run Bytes Received By Job
	20354572  -  Total Bytes Sent By Job
	1780294656  -  Total Bytes Received By Job
	Partitionable Resources :      Usage  Request Allocated 
	   Cpus                 :       0.58        1         1 
	   Disk (KB)            : 6849605    20971520  21296175 
	   Ioheavy              :                             0 
	   Memory (MB)          :   20261       20480     20480 
...
