000 (111367039.134.000) 04/22 22:37:22 Job submitted from host: <128.104.100.44:9618?addrs=128.104.100.44-9618+[2607-f388-107c-501-90e2-baff-fe2c-2724]-9618&noUDP&sock=1497440_afb9_3>
...
001 (111367039.134.000) 04/23 01:38:12 Job executing on host: <128.105.245.243:9618?addrs=128.105.245.243-9618&noUDP&sock=5430_1b59_3>
...
006 (111367039.134.000) 04/23 01:38:20 Image size of job updated: 616
	1  -  MemoryUsage of job (MB)
	616  -  ResidentSetSize of job (KB)
...
006 (111367039.134.000) 04/23 01:43:22 Image size of job updated: 624
	1  -  MemoryUsage of job (MB)
	624  -  ResidentSetSize of job (KB)
...
006 (111367039.134.000) 04/23 01:48:21 Image size of job updated: 648
	1  -  MemoryUsage of job (MB)
	648  -  ResidentSetSize of job (KB)
...
006 (111367039.134.000) 04/23 01:58:22 Image size of job updated: 652
	1  -  MemoryUsage of job (MB)
	652  -  ResidentSetSize of job (KB)
...
006 (111367039.134.000) 04/23 02:03:23 Image size of job updated: 341716
	258  -  MemoryUsage of job (MB)
	263720  -  ResidentSetSize of job (KB)
...
006 (111367039.134.000) 04/23 02:08:24 Image size of job updated: 796528
	702  -  MemoryUsage of job (MB)
	718476  -  ResidentSetSize of job (KB)
...
006 (111367039.134.000) 04/23 02:13:25 Image size of job updated: 1326128
	1219  -  MemoryUsage of job (MB)
	1248076  -  ResidentSetSize of job (KB)
...
006 (111367039.134.000) 04/23 02:18:27 Image size of job updated: 2099080
	1974  -  MemoryUsage of job (MB)
	2021028  -  ResidentSetSize of job (KB)
...
006 (111367039.134.000) 04/23 02:23:26 Image size of job updated: 2988636
	2843  -  MemoryUsage of job (MB)
	2910584  -  ResidentSetSize of job (KB)
...
006 (111367039.134.000) 04/23 02:28:27 Image size of job updated: 3986780
	3818  -  MemoryUsage of job (MB)
	3908728  -  ResidentSetSize of job (KB)
...
006 (111367039.134.000) 04/23 02:33:28 Image size of job updated: 4927536
	4736  -  MemoryUsage of job (MB)
	4849484  -  ResidentSetSize of job (KB)
...
006 (111367039.134.000) 04/23 02:38:28 Image size of job updated: 5909152
	5695  -  MemoryUsage of job (MB)
	5831100  -  ResidentSetSize of job (KB)
...
006 (111367039.134.000) 04/23 02:43:29 Image size of job updated: 6834760
	6599  -  MemoryUsage of job (MB)
	6756708  -  ResidentSetSize of job (KB)
...
006 (111367039.134.000) 04/23 02:48:29 Image size of job updated: 7642408
	7388  -  MemoryUsage of job (MB)
	7564356  -  ResidentSetSize of job (KB)
...
006 (111367039.134.000) 04/23 02:53:30 Image size of job updated: 8495424
	8221  -  MemoryUsage of job (MB)
	8417372  -  ResidentSetSize of job (KB)
...
006 (111367039.134.000) 04/23 02:58:30 Image size of job updated: 9279928
	8987  -  MemoryUsage of job (MB)
	9201876  -  ResidentSetSize of job (KB)
...
006 (111367039.134.000) 04/23 03:03:31 Image size of job updated: 10029672
	9719  -  MemoryUsage of job (MB)
	9951620  -  ResidentSetSize of job (KB)
...
006 (111367039.134.000) 04/23 03:08:32 Image size of job updated: 10788700
	10460  -  MemoryUsage of job (MB)
	10710648  -  ResidentSetSize of job (KB)
...
006 (111367039.134.000) 04/23 03:13:32 Image size of job updated: 11552124
	11206  -  MemoryUsage of job (MB)
	11474072  -  ResidentSetSize of job (KB)
...
006 (111367039.134.000) 04/23 03:18:32 Image size of job updated: 12252808
	11890  -  MemoryUsage of job (MB)
	12174756  -  ResidentSetSize of job (KB)
...
006 (111367039.134.000) 04/23 03:23:33 Image size of job updated: 12983332
	12603  -  MemoryUsage of job (MB)
	12905152  -  ResidentSetSize of job (KB)
...
006 (111367039.134.000) 04/23 03:28:33 Image size of job updated: 13754816
	13356  -  MemoryUsage of job (MB)
	13676132  -  ResidentSetSize of job (KB)
...
006 (111367039.134.000) 04/23 03:33:33 Image size of job updated: 14529648
	14112  -  MemoryUsage of job (MB)
	14450196  -  ResidentSetSize of job (KB)
...
006 (111367039.134.000) 04/23 03:38:33 Image size of job updated: 15312752
	14876  -  MemoryUsage of job (MB)
	15232064  -  ResidentSetSize of job (KB)
...
006 (111367039.134.000) 04/23 03:43:34 Image size of job updated: 16051676
	15595  -  MemoryUsage of job (MB)
	15968716  -  ResidentSetSize of job (KB)
...
006 (111367039.134.000) 04/23 03:48:34 Image size of job updated: 16892620
	16411  -  MemoryUsage of job (MB)
	16803880  -  ResidentSetSize of job (KB)
...
006 (111367039.134.000) 04/23 03:53:34 Image size of job updated: 17721540
	17216  -  MemoryUsage of job (MB)
	17629004  -  ResidentSetSize of job (KB)
...
006 (111367039.134.000) 04/23 03:58:34 Image size of job updated: 18401092
	17871  -  MemoryUsage of job (MB)
	18298956  -  ResidentSetSize of job (KB)
...
006 (111367039.134.000) 04/23 04:03:34 Image size of job updated: 19100008
	18543  -  MemoryUsage of job (MB)
	18987492  -  ResidentSetSize of job (KB)
...
006 (111367039.134.000) 04/23 04:08:35 Image size of job updated: 19878240
	19284  -  MemoryUsage of job (MB)
	19745852  -  ResidentSetSize of job (KB)
...
006 (111367039.134.000) 04/23 04:13:36 Image size of job updated: 20302916
	19681  -  MemoryUsage of job (MB)
	20152640  -  ResidentSetSize of job (KB)
...
006 (111367039.134.000) 04/23 04:18:37 Image size of job updated: 20614272
	19971  -  MemoryUsage of job (MB)
	20450056  -  ResidentSetSize of job (KB)
...
006 (111367039.134.000) 04/23 04:22:23 Image size of job updated: 20859232
	19972  -  MemoryUsage of job (MB)
	20451308  -  ResidentSetSize of job (KB)
...
005 (111367039.134.000) 04/23 04:22:25 Job terminated.
	(1) Normal termination (return value 0)
		Usr 0 02:02:36, Sys 0 00:03:43  -  Run Remote Usage
		Usr 0 00:00:00, Sys 0 00:00:00  -  Run Local Usage
		Usr 0 02:02:36, Sys 0 00:03:43  -  Total Remote Usage
		Usr 0 00:00:00, Sys 0 00:00:00  -  Total Local Usage
	20156448  -  Run Bytes Sent By Job
	1780294656  -  Run Bytes Received By Job
	20156448  -  Total Bytes Sent By Job
	1780294656  -  Total Bytes Received By Job
	Partitionable Resources :      Usage  Request Allocated 
	   Cpus                 :       0.09        1         1 
	   Disk (KB)            : 6849411    20971520  21415796 
	   Ioheavy              :                             0 
	   Memory (MB)          :   19972       20480     20480 
...
