000 (111367039.032.000) 04/22 22:37:22 Job submitted from host: <128.104.100.44:9618?addrs=128.104.100.44-9618+[2607-f388-107c-501-90e2-baff-fe2c-2724]-9618&noUDP&sock=1497440_afb9_3>
...
001 (111367039.032.000) 04/22 22:47:37 Job executing on host: <128.105.245.202:9618?addrs=128.105.245.202-9618&noUDP&sock=5442_567c_3>
...
006 (111367039.032.000) 04/22 22:47:46 Image size of job updated: 628
	1  -  MemoryUsage of job (MB)
	628  -  ResidentSetSize of job (KB)
...
006 (111367039.032.000) 04/22 22:52:47 Image size of job updated: 652
	1  -  MemoryUsage of job (MB)
	652  -  ResidentSetSize of job (KB)
...
006 (111367039.032.000) 04/22 23:02:49 Image size of job updated: 660
	1  -  MemoryUsage of job (MB)
	660  -  ResidentSetSize of job (KB)
...
006 (111367039.032.000) 04/22 23:07:50 Image size of job updated: 443700
	358  -  MemoryUsage of job (MB)
	365700  -  ResidentSetSize of job (KB)
...
006 (111367039.032.000) 04/22 23:12:51 Image size of job updated: 860480
	765  -  MemoryUsage of job (MB)
	782424  -  ResidentSetSize of job (KB)
...
006 (111367039.032.000) 04/22 23:17:52 Image size of job updated: 1470732
	1361  -  MemoryUsage of job (MB)
	1392676  -  ResidentSetSize of job (KB)
...
006 (111367039.032.000) 04/22 23:22:52 Image size of job updated: 2052432
	1929  -  MemoryUsage of job (MB)
	1974376  -  ResidentSetSize of job (KB)
...
006 (111367039.032.000) 04/22 23:27:53 Image size of job updated: 2880336
	2737  -  MemoryUsage of job (MB)
	2802280  -  ResidentSetSize of job (KB)
...
006 (111367039.032.000) 04/22 23:32:54 Image size of job updated: 3646032
	3485  -  MemoryUsage of job (MB)
	3567976  -  ResidentSetSize of job (KB)
...
006 (111367039.032.000) 04/22 23:37:54 Image size of job updated: 4475208
	4295  -  MemoryUsage of job (MB)
	4397152  -  ResidentSetSize of job (KB)
...
006 (111367039.032.000) 04/22 23:42:55 Image size of job updated: 5055212
	4861  -  MemoryUsage of job (MB)
	4977156  -  ResidentSetSize of job (KB)
...
006 (111367039.032.000) 04/22 23:47:55 Image size of job updated: 5802332
	5591  -  MemoryUsage of job (MB)
	5724276  -  ResidentSetSize of job (KB)
...
006 (111367039.032.000) 04/22 23:52:55 Image size of job updated: 6488996
	6261  -  MemoryUsage of job (MB)
	6410940  -  ResidentSetSize of job (KB)
...
006 (111367039.032.000) 04/22 23:57:56 Image size of job updated: 7237700
	6992  -  MemoryUsage of job (MB)
	7159644  -  ResidentSetSize of job (KB)
...
006 (111367039.032.000) 04/23 00:02:56 Image size of job updated: 8006000
	7743  -  MemoryUsage of job (MB)
	7927944  -  ResidentSetSize of job (KB)
...
006 (111367039.032.000) 04/23 00:07:58 Image size of job updated: 8617244
	8340  -  MemoryUsage of job (MB)
	8539188  -  ResidentSetSize of job (KB)
...
006 (111367039.032.000) 04/23 00:12:58 Image size of job updated: 9204856
	8913  -  MemoryUsage of job (MB)
	9126800  -  ResidentSetSize of job (KB)
...
006 (111367039.032.000) 04/23 00:17:58 Image size of job updated: 9725392
	9422  -  MemoryUsage of job (MB)
	9647336  -  ResidentSetSize of job (KB)
...
006 (111367039.032.000) 04/23 00:22:59 Image size of job updated: 10322068
	10004  -  MemoryUsage of job (MB)
	10244012  -  ResidentSetSize of job (KB)
...
006 (111367039.032.000) 04/23 00:27:59 Image size of job updated: 10915032
	10583  -  MemoryUsage of job (MB)
	10836976  -  ResidentSetSize of job (KB)
...
006 (111367039.032.000) 04/23 00:33:00 Image size of job updated: 11521300
	11176  -  MemoryUsage of job (MB)
	11443244  -  ResidentSetSize of job (KB)
...
006 (111367039.032.000) 04/23 00:38:01 Image size of job updated: 12193244
	11832  -  MemoryUsage of job (MB)
	12115188  -  ResidentSetSize of job (KB)
...
006 (111367039.032.000) 04/23 00:43:01 Image size of job updated: 12902876
	12525  -  MemoryUsage of job (MB)
	12824820  -  ResidentSetSize of job (KB)
...
006 (111367039.032.000) 04/23 00:48:02 Image size of job updated: 13357736
	12969  -  MemoryUsage of job (MB)
	13279680  -  ResidentSetSize of job (KB)
...
006 (111367039.032.000) 04/23 00:53:02 Image size of job updated: 14117592
	13711  -  MemoryUsage of job (MB)
	14039536  -  ResidentSetSize of job (KB)
...
006 (111367039.032.000) 04/23 00:58:02 Image size of job updated: 14749804
	14328  -  MemoryUsage of job (MB)
	14671748  -  ResidentSetSize of job (KB)
...
006 (111367039.032.000) 04/23 01:03:02 Image size of job updated: 15289380
	14855  -  MemoryUsage of job (MB)
	15211324  -  ResidentSetSize of job (KB)
...
006 (111367039.032.000) 04/23 01:08:02 Image size of job updated: 15772240
	15326  -  MemoryUsage of job (MB)
	15693036  -  ResidentSetSize of job (KB)
...
006 (111367039.032.000) 04/23 01:13:03 Image size of job updated: 16329964
	15866  -  MemoryUsage of job (MB)
	16246364  -  ResidentSetSize of job (KB)
...
006 (111367039.032.000) 04/23 01:18:04 Image size of job updated: 17029952
	16544  -  MemoryUsage of job (MB)
	16940072  -  ResidentSetSize of job (KB)
...
006 (111367039.032.000) 04/23 01:23:04 Image size of job updated: 17776936
	17268  -  MemoryUsage of job (MB)
	17681824  -  ResidentSetSize of job (KB)
...
006 (111367039.032.000) 04/23 01:28:05 Image size of job updated: 18553424
	18016  -  MemoryUsage of job (MB)
	18448348  -  ResidentSetSize of job (KB)
...
006 (111367039.032.000) 04/23 01:33:05 Image size of job updated: 19468372
	18901  -  MemoryUsage of job (MB)
	19354480  -  ResidentSetSize of job (KB)
...
006 (111367039.032.000) 04/23 01:38:05 Image size of job updated: 20376068
	19772  -  MemoryUsage of job (MB)
	20245988  -  ResidentSetSize of job (KB)
...
006 (111367039.032.000) 04/23 01:43:05 Image size of job updated: 20874528
	20173  -  MemoryUsage of job (MB)
	20656640  -  ResidentSetSize of job (KB)
...
006 (111367039.032.000) 04/23 01:43:30 Image size of job updated: 20972224
	20174  -  MemoryUsage of job (MB)
	20657312  -  ResidentSetSize of job (KB)
...
005 (111367039.032.000) 04/23 01:43:32 Job terminated.
	(1) Normal termination (return value 0)
		Usr 0 02:03:24, Sys 0 00:02:13  -  Run Remote Usage
		Usr 0 00:00:00, Sys 0 00:00:00  -  Run Local Usage
		Usr 0 02:03:24, Sys 0 00:02:13  -  Total Remote Usage
		Usr 0 00:00:00, Sys 0 00:00:00  -  Total Local Usage
	20352952  -  Run Bytes Sent By Job
	1780294656  -  Run Bytes Received By Job
	20352952  -  Total Bytes Sent By Job
	1780294656  -  Total Bytes Received By Job
	Partitionable Resources :      Usage  Request Allocated 
	   Cpus                 :       0.58        1         1 
	   Disk (KB)            : 6849603    20971520  21291416 
	   Ioheavy              :                             0 
	   Memory (MB)          :   20174       20480     20480 
...
