000 (111515045.126.000) 04/25 20:23:08 Job submitted from host: <128.104.100.44:9618?addrs=128.104.100.44-9618+[2607-f388-107c-501-90e2-baff-fe2c-2724]-9618&noUDP&sock=4699_0235_3>
...
001 (111515045.126.000) 04/26 02:28:35 Job executing on host: <128.105.245.189:9618?addrs=128.105.245.189-9618&noUDP&sock=5433_2a21_3>
...
006 (111515045.126.000) 04/26 02:28:43 Image size of job updated: 640
	1  -  MemoryUsage of job (MB)
	640  -  ResidentSetSize of job (KB)
...
006 (111515045.126.000) 04/26 02:33:44 Image size of job updated: 668
	1  -  MemoryUsage of job (MB)
	668  -  ResidentSetSize of job (KB)
...
006 (111515045.126.000) 04/26 02:38:50 Image size of job updated: 680
	1  -  MemoryUsage of job (MB)
	680  -  ResidentSetSize of job (KB)
...
006 (111515045.126.000) 04/26 02:43:45 Image size of job updated: 376648
	292  -  MemoryUsage of job (MB)
	298652  -  ResidentSetSize of job (KB)
...
006 (111515045.126.000) 04/26 02:48:45 Image size of job updated: 976760
	878  -  MemoryUsage of job (MB)
	898708  -  ResidentSetSize of job (KB)
...
006 (111515045.126.000) 04/26 02:53:46 Image size of job updated: 1735072
	1619  -  MemoryUsage of job (MB)
	1657020  -  ResidentSetSize of job (KB)
...
006 (111515045.126.000) 04/26 02:58:47 Image size of job updated: 2795108
	2654  -  MemoryUsage of job (MB)
	2717056  -  ResidentSetSize of job (KB)
...
006 (111515045.126.000) 04/26 03:03:47 Image size of job updated: 4020316
	3850  -  MemoryUsage of job (MB)
	3942264  -  ResidentSetSize of job (KB)
...
006 (111515045.126.000) 04/26 03:08:47 Image size of job updated: 5148876
	4952  -  MemoryUsage of job (MB)
	5070824  -  ResidentSetSize of job (KB)
...
006 (111515045.126.000) 04/26 03:13:48 Image size of job updated: 6211676
	5990  -  MemoryUsage of job (MB)
	6133624  -  ResidentSetSize of job (KB)
...
006 (111515045.126.000) 04/26 03:18:50 Image size of job updated: 7180396
	6936  -  MemoryUsage of job (MB)
	7102344  -  ResidentSetSize of job (KB)
...
006 (111515045.126.000) 04/26 03:23:50 Image size of job updated: 8244040
	7975  -  MemoryUsage of job (MB)
	8165988  -  ResidentSetSize of job (KB)
...
006 (111515045.126.000) 04/26 03:28:50 Image size of job updated: 9177380
	8887  -  MemoryUsage of job (MB)
	9099328  -  ResidentSetSize of job (KB)
...
006 (111515045.126.000) 04/26 03:33:51 Image size of job updated: 9986124
	9676  -  MemoryUsage of job (MB)
	9908072  -  ResidentSetSize of job (KB)
...
006 (111515045.126.000) 04/26 03:38:52 Image size of job updated: 10773888
	10446  -  MemoryUsage of job (MB)
	10695836  -  ResidentSetSize of job (KB)
...
006 (111515045.126.000) 04/26 03:43:52 Image size of job updated: 11583684
	11236  -  MemoryUsage of job (MB)
	11505632  -  ResidentSetSize of job (KB)
...
006 (111515045.126.000) 04/26 03:48:53 Image size of job updated: 12409824
	12043  -  MemoryUsage of job (MB)
	12331772  -  ResidentSetSize of job (KB)
...
006 (111515045.126.000) 04/26 03:53:54 Image size of job updated: 13213532
	12828  -  MemoryUsage of job (MB)
	13135480  -  ResidentSetSize of job (KB)
...
006 (111515045.126.000) 04/26 03:58:54 Image size of job updated: 14081168
	13675  -  MemoryUsage of job (MB)
	14003116  -  ResidentSetSize of job (KB)
...
006 (111515045.126.000) 04/26 04:03:54 Image size of job updated: 14775036
	14353  -  MemoryUsage of job (MB)
	14696984  -  ResidentSetSize of job (KB)
...
006 (111515045.126.000) 04/26 04:08:55 Image size of job updated: 15529048
	15089  -  MemoryUsage of job (MB)
	15450996  -  ResidentSetSize of job (KB)
...
006 (111515045.126.000) 04/26 04:13:55 Image size of job updated: 16283944
	15827  -  MemoryUsage of job (MB)
	16205892  -  ResidentSetSize of job (KB)
...
006 (111515045.126.000) 04/26 04:18:55 Image size of job updated: 17099736
	16623  -  MemoryUsage of job (MB)
	17021124  -  ResidentSetSize of job (KB)
...
006 (111515045.126.000) 04/26 04:23:56 Image size of job updated: 17940036
	17437  -  MemoryUsage of job (MB)
	17854468  -  ResidentSetSize of job (KB)
...
006 (111515045.126.000) 04/26 04:28:58 Image size of job updated: 18792632
	18258  -  MemoryUsage of job (MB)
	18695716  -  ResidentSetSize of job (KB)
...
006 (111515045.126.000) 04/26 04:33:58 Image size of job updated: 19555004
	18981  -  MemoryUsage of job (MB)
	19435844  -  ResidentSetSize of job (KB)
...
006 (111515045.126.000) 04/26 04:38:58 Image size of job updated: 20291132
	19662  -  MemoryUsage of job (MB)
	20133628  -  ResidentSetSize of job (KB)
...
006 (111515045.126.000) 04/26 04:43:59 Image size of job updated: 21145088
	20329  -  MemoryUsage of job (MB)
	20816692  -  ResidentSetSize of job (KB)
...
006 (111515045.126.000) 04/26 04:48:32 Image size of job updated: 21655680
	20330  -  MemoryUsage of job (MB)
	20817240  -  ResidentSetSize of job (KB)
...
005 (111515045.126.000) 04/26 04:48:33 Job terminated.
	(1) Normal termination (return value 0)
		Usr 0 02:00:12, Sys 0 00:02:37  -  Run Remote Usage
		Usr 0 00:00:00, Sys 0 00:00:00  -  Run Local Usage
		Usr 0 02:00:12, Sys 0 00:02:37  -  Total Remote Usage
		Usr 0 00:00:00, Sys 0 00:00:00  -  Total Local Usage
	20085078  -  Run Bytes Sent By Job
	1780295040  -  Run Bytes Received By Job
	20085078  -  Total Bytes Sent By Job
	1780295040  -  Total Bytes Received By Job
	Partitionable Resources :      Usage  Request Allocated 
	   Cpus                 :       1.00        1         1 
	   Disk (KB)            : 6849342    20971520  21362459 
	   Ioheavy              :                             0 
	   Memory (MB)          :   20330       20480     20480 
...
