000 (111472057.051.000) 04/24 11:52:17 Job submitted from host: <128.104.100.44:9618?addrs=128.104.100.44-9618+[2607-f388-107c-501-90e2-baff-fe2c-2724]-9618&noUDP&sock=4699_0235_3>
...
001 (111472057.051.000) 04/24 14:28:49 Job executing on host: <128.105.245.221:9618?addrs=128.105.245.221-9618&noUDP&sock=5451_82d6_3>
...
006 (111472057.051.000) 04/24 14:28:58 Image size of job updated: 628
	1  -  MemoryUsage of job (MB)
	628  -  ResidentSetSize of job (KB)
...
006 (111472057.051.000) 04/24 14:34:05 Image size of job updated: 636
	1  -  MemoryUsage of job (MB)
	636  -  ResidentSetSize of job (KB)
...
006 (111472057.051.000) 04/24 14:48:58 Image size of job updated: 640
	1  -  MemoryUsage of job (MB)
	640  -  ResidentSetSize of job (KB)
...
006 (111472057.051.000) 04/24 14:53:58 Image size of job updated: 656
	1  -  MemoryUsage of job (MB)
	656  -  ResidentSetSize of job (KB)
...
006 (111472057.051.000) 04/24 14:58:59 Image size of job updated: 660
	1  -  MemoryUsage of job (MB)
	660  -  ResidentSetSize of job (KB)
...
006 (111472057.051.000) 04/24 15:24:02 Image size of job updated: 664
	1  -  MemoryUsage of job (MB)
	664  -  ResidentSetSize of job (KB)
...
006 (111472057.051.000) 04/24 15:39:03 Image size of job updated: 668
	1  -  MemoryUsage of job (MB)
	668  -  ResidentSetSize of job (KB)
...
006 (111472057.051.000) 04/24 15:49:04 Image size of job updated: 676
	1  -  MemoryUsage of job (MB)
	676  -  ResidentSetSize of job (KB)
...
006 (111472057.051.000) 04/24 16:09:06 Image size of job updated: 310992
	228  -  MemoryUsage of job (MB)
	232996  -  ResidentSetSize of job (KB)
...
006 (111472057.051.000) 04/24 16:14:06 Image size of job updated: 391104
	306  -  MemoryUsage of job (MB)
	313108  -  ResidentSetSize of job (KB)
...
006 (111472057.051.000) 04/24 16:19:06 Image size of job updated: 481332
	394  -  MemoryUsage of job (MB)
	403336  -  ResidentSetSize of job (KB)
...
006 (111472057.051.000) 04/24 16:24:06 Image size of job updated: 569544
	481  -  MemoryUsage of job (MB)
	491548  -  ResidentSetSize of job (KB)
...
006 (111472057.051.000) 04/24 16:29:07 Image size of job updated: 691260
	599  -  MemoryUsage of job (MB)
	613264  -  ResidentSetSize of job (KB)
...
006 (111472057.051.000) 04/24 16:34:07 Image size of job updated: 764664
	671  -  MemoryUsage of job (MB)
	686612  -  ResidentSetSize of job (KB)
...
006 (111472057.051.000) 04/24 16:39:07 Image size of job updated: 862188
	766  -  MemoryUsage of job (MB)
	784136  -  ResidentSetSize of job (KB)
...
006 (111472057.051.000) 04/24 16:44:07 Image size of job updated: 1095524
	994  -  MemoryUsage of job (MB)
	1017472  -  ResidentSetSize of job (KB)
...
006 (111472057.051.000) 04/24 16:49:09 Image size of job updated: 1438892
	1329  -  MemoryUsage of job (MB)
	1360840  -  ResidentSetSize of job (KB)
...
006 (111472057.051.000) 04/24 16:54:09 Image size of job updated: 2021760
	1899  -  MemoryUsage of job (MB)
	1943708  -  ResidentSetSize of job (KB)
...
006 (111472057.051.000) 04/24 16:59:09 Image size of job updated: 2972592
	2827  -  MemoryUsage of job (MB)
	2894540  -  ResidentSetSize of job (KB)
...
006 (111472057.051.000) 04/24 17:04:10 Image size of job updated: 3946224
	3778  -  MemoryUsage of job (MB)
	3868172  -  ResidentSetSize of job (KB)
...
006 (111472057.051.000) 04/24 17:09:11 Image size of job updated: 4955828
	4764  -  MemoryUsage of job (MB)
	4877776  -  ResidentSetSize of job (KB)
...
006 (111472057.051.000) 04/24 17:14:12 Image size of job updated: 6149284
	5929  -  MemoryUsage of job (MB)
	6071232  -  ResidentSetSize of job (KB)
...
006 (111472057.051.000) 04/24 17:19:12 Image size of job updated: 7131792
	6889  -  MemoryUsage of job (MB)
	7053740  -  ResidentSetSize of job (KB)
...
006 (111472057.051.000) 04/24 17:24:12 Image size of job updated: 8025908
	7762  -  MemoryUsage of job (MB)
	7947856  -  ResidentSetSize of job (KB)
...
006 (111472057.051.000) 04/24 17:29:13 Image size of job updated: 8866980
	8583  -  MemoryUsage of job (MB)
	8788928  -  ResidentSetSize of job (KB)
...
006 (111472057.051.000) 04/24 17:34:14 Image size of job updated: 9633960
	9332  -  MemoryUsage of job (MB)
	9555908  -  ResidentSetSize of job (KB)
...
006 (111472057.051.000) 04/24 17:39:14 Image size of job updated: 10382500
	10063  -  MemoryUsage of job (MB)
	10304448  -  ResidentSetSize of job (KB)
...
006 (111472057.051.000) 04/24 17:44:14 Image size of job updated: 10825712
	10496  -  MemoryUsage of job (MB)
	10747660  -  ResidentSetSize of job (KB)
...
006 (111472057.051.000) 04/24 17:49:15 Image size of job updated: 11436992
	11093  -  MemoryUsage of job (MB)
	11358940  -  ResidentSetSize of job (KB)
...
006 (111472057.051.000) 04/24 17:54:15 Image size of job updated: 11942660
	11587  -  MemoryUsage of job (MB)
	11864608  -  ResidentSetSize of job (KB)
...
006 (111472057.051.000) 04/24 17:59:16 Image size of job updated: 12559300
	12189  -  MemoryUsage of job (MB)
	12481248  -  ResidentSetSize of job (KB)
...
006 (111472057.051.000) 04/24 18:04:16 Image size of job updated: 12963436
	12584  -  MemoryUsage of job (MB)
	12885384  -  ResidentSetSize of job (KB)
...
006 (111472057.051.000) 04/24 18:09:16 Image size of job updated: 13434968
	13044  -  MemoryUsage of job (MB)
	13356916  -  ResidentSetSize of job (KB)
...
006 (111472057.051.000) 04/24 18:14:17 Image size of job updated: 14098272
	13692  -  MemoryUsage of job (MB)
	14020220  -  ResidentSetSize of job (KB)
...
006 (111472057.051.000) 04/24 18:19:18 Image size of job updated: 14866600
	14442  -  MemoryUsage of job (MB)
	14788548  -  ResidentSetSize of job (KB)
...
006 (111472057.051.000) 04/24 18:24:18 Image size of job updated: 15677852
	15234  -  MemoryUsage of job (MB)
	15598776  -  ResidentSetSize of job (KB)
...
006 (111472057.051.000) 04/24 18:29:19 Image size of job updated: 16410844
	15949  -  MemoryUsage of job (MB)
	16331256  -  ResidentSetSize of job (KB)
...
006 (111472057.051.000) 04/24 18:34:19 Image size of job updated: 17119644
	16641  -  MemoryUsage of job (MB)
	17039824  -  ResidentSetSize of job (KB)
...
006 (111472057.051.000) 04/24 18:39:20 Image size of job updated: 17905436
	17408  -  MemoryUsage of job (MB)
	17825424  -  ResidentSetSize of job (KB)
...
006 (111472057.051.000) 04/24 18:44:20 Image size of job updated: 18585272
	18067  -  MemoryUsage of job (MB)
	18499868  -  ResidentSetSize of job (KB)
...
006 (111472057.051.000) 04/24 18:49:20 Image size of job updated: 19195112
	18650  -  MemoryUsage of job (MB)
	19097432  -  ResidentSetSize of job (KB)
...
006 (111472057.051.000) 04/24 18:54:20 Image size of job updated: 19808464
	19233  -  MemoryUsage of job (MB)
	19694424  -  ResidentSetSize of job (KB)
...
006 (111472057.051.000) 04/24 18:59:21 Image size of job updated: 20479180
	19847  -  MemoryUsage of job (MB)
	20323004  -  ResidentSetSize of job (KB)
...
006 (111472057.051.000) 04/24 19:04:21 Image size of job updated: 21046048
	20300  -  MemoryUsage of job (MB)
	20786572  -  ResidentSetSize of job (KB)
...
006 (111472057.051.000) 04/24 19:09:22 Image size of job updated: 21363500
	20406  -  MemoryUsage of job (MB)
	20895608  -  ResidentSetSize of job (KB)
...
006 (111472057.051.000) 04/24 19:14:22 Image size of job updated: 21557244
	20406  -  MemoryUsage of job (MB)
	20895608  -  ResidentSetSize of job (KB)
...
006 (111472057.051.000) 04/24 19:14:51 Image size of job updated: 21579392
	20406  -  MemoryUsage of job (MB)
	20895608  -  ResidentSetSize of job (KB)
...
005 (111472057.051.000) 04/24 19:14:54 Job terminated.
	(1) Normal termination (return value 0)
		Usr 0 02:02:58, Sys 0 00:04:36  -  Run Remote Usage
		Usr 0 00:00:00, Sys 0 00:00:00  -  Run Local Usage
		Usr 0 02:02:58, Sys 0 00:04:36  -  Total Remote Usage
		Usr 0 00:00:00, Sys 0 00:00:00  -  Total Local Usage
	19913684  -  Run Bytes Sent By Job
	1780295040  -  Run Bytes Received By Job
	19913684  -  Total Bytes Sent By Job
	1780295040  -  Total Bytes Received By Job
	Partitionable Resources :      Usage  Request Allocated 
	   Cpus                 :       0.26        1         1 
	   Disk (KB)            : 6849176    20971520  21472104 
	   Ioheavy              :                             0 
	   Memory (MB)          :   20406       20480     20480 
...
