000 (111515045.041.000) 04/25 20:23:08 Job submitted from host: <128.104.100.44:9618?addrs=128.104.100.44-9618+[2607-f388-107c-501-90e2-baff-fe2c-2724]-9618&noUDP&sock=4699_0235_3>
...
001 (111515045.041.000) 04/26 01:05:09 Job executing on host: <128.105.245.199:9618?addrs=128.105.245.199-9618&noUDP&sock=5436_38ea_3>
...
006 (111515045.041.000) 04/26 01:05:18 Image size of job updated: 624
	1  -  MemoryUsage of job (MB)
	624  -  ResidentSetSize of job (KB)
...
006 (111515045.041.000) 04/26 01:10:20 Image size of job updated: 648
	1  -  MemoryUsage of job (MB)
	648  -  ResidentSetSize of job (KB)
...
006 (111515045.041.000) 04/26 01:15:21 Image size of job updated: 652
	1  -  MemoryUsage of job (MB)
	652  -  ResidentSetSize of job (KB)
...
006 (111515045.041.000) 04/26 01:20:21 Image size of job updated: 668
	1  -  MemoryUsage of job (MB)
	668  -  ResidentSetSize of job (KB)
...
006 (111515045.041.000) 04/26 01:25:21 Image size of job updated: 798544
	704  -  MemoryUsage of job (MB)
	720488  -  ResidentSetSize of job (KB)
...
006 (111515045.041.000) 04/26 01:30:22 Image size of job updated: 1799740
	1682  -  MemoryUsage of job (MB)
	1721684  -  ResidentSetSize of job (KB)
...
006 (111515045.041.000) 04/26 01:35:22 Image size of job updated: 2682164
	2544  -  MemoryUsage of job (MB)
	2604108  -  ResidentSetSize of job (KB)
...
006 (111515045.041.000) 04/26 01:40:22 Image size of job updated: 3800468
	3636  -  MemoryUsage of job (MB)
	3722412  -  ResidentSetSize of job (KB)
...
006 (111515045.041.000) 04/26 01:45:22 Image size of job updated: 4803564
	4615  -  MemoryUsage of job (MB)
	4725508  -  ResidentSetSize of job (KB)
...
006 (111515045.041.000) 04/26 01:50:23 Image size of job updated: 5934416
	5720  -  MemoryUsage of job (MB)
	5856360  -  ResidentSetSize of job (KB)
...
006 (111515045.041.000) 04/26 01:55:24 Image size of job updated: 6898176
	6661  -  MemoryUsage of job (MB)
	6820120  -  ResidentSetSize of job (KB)
...
006 (111515045.041.000) 04/26 02:00:24 Image size of job updated: 7941236
	7679  -  MemoryUsage of job (MB)
	7863180  -  ResidentSetSize of job (KB)
...
006 (111515045.041.000) 04/26 02:05:24 Image size of job updated: 8779396
	8498  -  MemoryUsage of job (MB)
	8701340  -  ResidentSetSize of job (KB)
...
006 (111515045.041.000) 04/26 02:10:25 Image size of job updated: 9638772
	9337  -  MemoryUsage of job (MB)
	9560716  -  ResidentSetSize of job (KB)
...
006 (111515045.041.000) 04/26 02:15:25 Image size of job updated: 10507692
	10186  -  MemoryUsage of job (MB)
	10429636  -  ResidentSetSize of job (KB)
...
006 (111515045.041.000) 04/26 02:20:26 Image size of job updated: 11419840
	11076  -  MemoryUsage of job (MB)
	11341784  -  ResidentSetSize of job (KB)
...
006 (111515045.041.000) 04/26 02:25:27 Image size of job updated: 12359220
	11994  -  MemoryUsage of job (MB)
	12281164  -  ResidentSetSize of job (KB)
...
006 (111515045.041.000) 04/26 02:30:27 Image size of job updated: 13159608
	12775  -  MemoryUsage of job (MB)
	13081552  -  ResidentSetSize of job (KB)
...
006 (111515045.041.000) 04/26 02:35:28 Image size of job updated: 14078476
	13673  -  MemoryUsage of job (MB)
	14000420  -  ResidentSetSize of job (KB)
...
006 (111515045.041.000) 04/26 02:40:28 Image size of job updated: 15015968
	14588  -  MemoryUsage of job (MB)
	14937912  -  ResidentSetSize of job (KB)
...
006 (111515045.041.000) 04/26 02:45:28 Image size of job updated: 15940232
	15370  -  MemoryUsage of job (MB)
	15738140  -  ResidentSetSize of job (KB)
...
006 (111515045.041.000) 04/26 02:50:28 Image size of job updated: 16740920
	16146  -  MemoryUsage of job (MB)
	16532836  -  ResidentSetSize of job (KB)
...
006 (111515045.041.000) 04/26 02:55:29 Image size of job updated: 17653588
	16809  -  MemoryUsage of job (MB)
	17212324  -  ResidentSetSize of job (KB)
...
006 (111515045.041.000) 04/26 03:00:29 Image size of job updated: 18576316
	17697  -  MemoryUsage of job (MB)
	18121428  -  ResidentSetSize of job (KB)
...
006 (111515045.041.000) 04/26 03:05:29 Image size of job updated: 19494244
	18586  -  MemoryUsage of job (MB)
	19031552  -  ResidentSetSize of job (KB)
...
006 (111515045.041.000) 04/26 03:10:30 Image size of job updated: 20442796
	19495  -  MemoryUsage of job (MB)
	19962488  -  ResidentSetSize of job (KB)
...
006 (111515045.041.000) 04/26 03:15:31 Image size of job updated: 21189100
	20161  -  MemoryUsage of job (MB)
	20644728  -  ResidentSetSize of job (KB)
...
006 (111515045.041.000) 04/26 03:19:01 Image size of job updated: 21558464
	20162  -  MemoryUsage of job (MB)
	20645732  -  ResidentSetSize of job (KB)
...
005 (111515045.041.000) 04/26 03:19:02 Job terminated.
	(1) Normal termination (return value 0)
		Usr 0 01:50:16, Sys 0 00:02:55  -  Run Remote Usage
		Usr 0 00:00:00, Sys 0 00:00:00  -  Run Local Usage
		Usr 0 01:50:16, Sys 0 00:02:55  -  Total Remote Usage
		Usr 0 00:00:00, Sys 0 00:00:00  -  Total Local Usage
	19958684  -  Run Bytes Sent By Job
	1780295040  -  Run Bytes Received By Job
	19958684  -  Total Bytes Sent By Job
	1780295040  -  Total Bytes Received By Job
	Partitionable Resources :      Usage  Request Allocated 
	   Cpus                 :       0.54        1         1 
	   Disk (KB)            : 6849219    20971520  21301560 
	   Ioheavy              :                             0 
	   Memory (MB)          :   20162       20480     20480 
...
