000 (111367039.043.000) 04/22 22:37:22 Job submitted from host: <128.104.100.44:9618?addrs=128.104.100.44-9618+[2607-f388-107c-501-90e2-baff-fe2c-2724]-9618&noUDP&sock=1497440_afb9_3>
...
001 (111367039.043.000) 04/22 22:47:44 Job executing on host: <128.105.245.236:9618?addrs=128.105.245.236-9618&noUDP&sock=5457_a067_3>
...
006 (111367039.043.000) 04/22 22:47:52 Image size of job updated: 624
	1  -  MemoryUsage of job (MB)
	624  -  ResidentSetSize of job (KB)
...
006 (111367039.043.000) 04/22 22:52:54 Image size of job updated: 660
	1  -  MemoryUsage of job (MB)
	660  -  ResidentSetSize of job (KB)
...
006 (111367039.043.000) 04/22 22:57:54 Image size of job updated: 542844
	454  -  MemoryUsage of job (MB)
	464848  -  ResidentSetSize of job (KB)
...
006 (111367039.043.000) 04/22 23:02:54 Image size of job updated: 1004776
	906  -  MemoryUsage of job (MB)
	926724  -  ResidentSetSize of job (KB)
...
006 (111367039.043.000) 04/22 23:07:55 Image size of job updated: 1633816
	1520  -  MemoryUsage of job (MB)
	1555764  -  ResidentSetSize of job (KB)
...
006 (111367039.043.000) 04/22 23:12:55 Image size of job updated: 2402232
	2270  -  MemoryUsage of job (MB)
	2324180  -  ResidentSetSize of job (KB)
...
006 (111367039.043.000) 04/22 23:17:56 Image size of job updated: 3311820
	3158  -  MemoryUsage of job (MB)
	3233768  -  ResidentSetSize of job (KB)
...
006 (111367039.043.000) 04/22 23:22:57 Image size of job updated: 4340952
	4163  -  MemoryUsage of job (MB)
	4262900  -  ResidentSetSize of job (KB)
...
006 (111367039.043.000) 04/22 23:27:57 Image size of job updated: 5270852
	5072  -  MemoryUsage of job (MB)
	5192800  -  ResidentSetSize of job (KB)
...
006 (111367039.043.000) 04/22 23:32:58 Image size of job updated: 6155092
	5935  -  MemoryUsage of job (MB)
	6077040  -  ResidentSetSize of job (KB)
...
006 (111367039.043.000) 04/22 23:37:58 Image size of job updated: 7034332
	6794  -  MemoryUsage of job (MB)
	6956280  -  ResidentSetSize of job (KB)
...
006 (111367039.043.000) 04/22 23:42:59 Image size of job updated: 7952040
	7690  -  MemoryUsage of job (MB)
	7873988  -  ResidentSetSize of job (KB)
...
006 (111367039.043.000) 04/22 23:47:59 Image size of job updated: 8764496
	8483  -  MemoryUsage of job (MB)
	8686444  -  ResidentSetSize of job (KB)
...
006 (111367039.043.000) 04/22 23:53:00 Image size of job updated: 9512508
	9214  -  MemoryUsage of job (MB)
	9434456  -  ResidentSetSize of job (KB)
...
006 (111367039.043.000) 04/22 23:58:00 Image size of job updated: 10224836
	9909  -  MemoryUsage of job (MB)
	10146784  -  ResidentSetSize of job (KB)
...
006 (111367039.043.000) 04/23 00:03:00 Image size of job updated: 10988500
	10655  -  MemoryUsage of job (MB)
	10910448  -  ResidentSetSize of job (KB)
...
006 (111367039.043.000) 04/23 00:08:01 Image size of job updated: 11711724
	11362  -  MemoryUsage of job (MB)
	11633672  -  ResidentSetSize of job (KB)
...
006 (111367039.043.000) 04/23 00:13:02 Image size of job updated: 12452516
	12085  -  MemoryUsage of job (MB)
	12374464  -  ResidentSetSize of job (KB)
...
006 (111367039.043.000) 04/23 00:18:03 Image size of job updated: 13264108
	12878  -  MemoryUsage of job (MB)
	13186056  -  ResidentSetSize of job (KB)
...
006 (111367039.043.000) 04/23 00:23:03 Image size of job updated: 13991844
	13588  -  MemoryUsage of job (MB)
	13913792  -  ResidentSetSize of job (KB)
...
006 (111367039.043.000) 04/23 00:28:03 Image size of job updated: 14741456
	14320  -  MemoryUsage of job (MB)
	14663404  -  ResidentSetSize of job (KB)
...
006 (111367039.043.000) 04/23 00:33:06 Image size of job updated: 15470044
	15030  -  MemoryUsage of job (MB)
	15390444  -  ResidentSetSize of job (KB)
...
006 (111367039.043.000) 04/23 00:38:05 Image size of job updated: 16379144
	15915  -  MemoryUsage of job (MB)
	16296396  -  ResidentSetSize of job (KB)
...
006 (111367039.043.000) 04/23 00:43:05 Image size of job updated: 17104856
	16620  -  MemoryUsage of job (MB)
	17018228  -  ResidentSetSize of job (KB)
...
006 (111367039.043.000) 04/23 00:48:06 Image size of job updated: 17957988
	17452  -  MemoryUsage of job (MB)
	17870656  -  ResidentSetSize of job (KB)
...
006 (111367039.043.000) 04/23 00:53:07 Image size of job updated: 18828532
	18302  -  MemoryUsage of job (MB)
	18740668  -  ResidentSetSize of job (KB)
...
006 (111367039.043.000) 04/23 00:58:07 Image size of job updated: 19543980
	18996  -  MemoryUsage of job (MB)
	19451572  -  ResidentSetSize of job (KB)
...
006 (111367039.043.000) 04/23 01:03:07 Image size of job updated: 20297120
	19705  -  MemoryUsage of job (MB)
	20177444  -  ResidentSetSize of job (KB)
...
006 (111367039.043.000) 04/23 01:06:25 Image size of job updated: 20787612
	19707  -  MemoryUsage of job (MB)
	20179236  -  ResidentSetSize of job (KB)
...
005 (111367039.043.000) 04/23 01:06:26 Job terminated.
	(1) Normal termination (return value 0)
		Usr 0 02:08:53, Sys 0 00:01:57  -  Run Remote Usage
		Usr 0 00:00:00, Sys 0 00:00:00  -  Run Local Usage
		Usr 0 02:08:53, Sys 0 00:01:57  -  Total Remote Usage
		Usr 0 00:00:00, Sys 0 00:00:00  -  Total Local Usage
	20163488  -  Run Bytes Sent By Job
	1780294656  -  Run Bytes Received By Job
	20163488  -  Total Bytes Sent By Job
	1780294656  -  Total Bytes Received By Job
	Partitionable Resources :      Usage  Request Allocated 
	   Cpus                 :       0.98        1         1 
	   Disk (KB)            : 6849419    20971520  21334624 
	   Ioheavy              :                             0 
	   Memory (MB)          :   19707       20480     20480 
...
