000 (111367039.150.000) 04/22 22:37:22 Job submitted from host: <128.104.100.44:9618?addrs=128.104.100.44-9618+[2607-f388-107c-501-90e2-baff-fe2c-2724]-9618&noUDP&sock=1497440_afb9_3>
...
001 (111367039.150.000) 04/23 01:41:06 Job executing on host: <128.105.245.166:9618?addrs=128.105.245.166-9618&noUDP&sock=5434_d9ba_3>
...
006 (111367039.150.000) 04/23 01:41:14 Image size of job updated: 632
	1  -  MemoryUsage of job (MB)
	632  -  ResidentSetSize of job (KB)
...
006 (111367039.150.000) 04/23 01:46:15 Image size of job updated: 312180
	229  -  MemoryUsage of job (MB)
	234184  -  ResidentSetSize of job (KB)
...
006 (111367039.150.000) 04/23 01:51:16 Image size of job updated: 565556
	477  -  MemoryUsage of job (MB)
	487560  -  ResidentSetSize of job (KB)
...
006 (111367039.150.000) 04/23 01:56:17 Image size of job updated: 896292
	800  -  MemoryUsage of job (MB)
	818240  -  ResidentSetSize of job (KB)
...
006 (111367039.150.000) 04/23 02:01:17 Image size of job updated: 1313740
	1207  -  MemoryUsage of job (MB)
	1235688  -  ResidentSetSize of job (KB)
...
006 (111367039.150.000) 04/23 02:06:18 Image size of job updated: 1876292
	1757  -  MemoryUsage of job (MB)
	1798240  -  ResidentSetSize of job (KB)
...
006 (111367039.150.000) 04/23 02:11:19 Image size of job updated: 2477240
	2343  -  MemoryUsage of job (MB)
	2399188  -  ResidentSetSize of job (KB)
...
006 (111367039.150.000) 04/23 02:16:19 Image size of job updated: 3278504
	3126  -  MemoryUsage of job (MB)
	3200452  -  ResidentSetSize of job (KB)
...
006 (111367039.150.000) 04/23 02:21:19 Image size of job updated: 4105256
	3933  -  MemoryUsage of job (MB)
	4027204  -  ResidentSetSize of job (KB)
...
006 (111367039.150.000) 04/23 02:26:20 Image size of job updated: 4864620
	4675  -  MemoryUsage of job (MB)
	4786568  -  ResidentSetSize of job (KB)
...
006 (111367039.150.000) 04/23 02:31:20 Image size of job updated: 5589548
	5383  -  MemoryUsage of job (MB)
	5511496  -  ResidentSetSize of job (KB)
...
006 (111367039.150.000) 04/23 02:36:21 Image size of job updated: 6387764
	6162  -  MemoryUsage of job (MB)
	6309712  -  ResidentSetSize of job (KB)
...
006 (111367039.150.000) 04/23 02:41:21 Image size of job updated: 7200280
	6956  -  MemoryUsage of job (MB)
	7122228  -  ResidentSetSize of job (KB)
...
006 (111367039.150.000) 04/23 02:46:21 Image size of job updated: 7948744
	7687  -  MemoryUsage of job (MB)
	7870692  -  ResidentSetSize of job (KB)
...
006 (111367039.150.000) 04/23 02:51:21 Image size of job updated: 8717652
	8438  -  MemoryUsage of job (MB)
	8639600  -  ResidentSetSize of job (KB)
...
006 (111367039.150.000) 04/23 02:56:22 Image size of job updated: 9176952
	8886  -  MemoryUsage of job (MB)
	9098900  -  ResidentSetSize of job (KB)
...
006 (111367039.150.000) 04/23 03:01:22 Image size of job updated: 9753656
	9449  -  MemoryUsage of job (MB)
	9675604  -  ResidentSetSize of job (KB)
...
006 (111367039.150.000) 04/23 03:06:23 Image size of job updated: 10366916
	10048  -  MemoryUsage of job (MB)
	10288864  -  ResidentSetSize of job (KB)
...
006 (111367039.150.000) 04/23 03:11:23 Image size of job updated: 10907624
	10576  -  MemoryUsage of job (MB)
	10829572  -  ResidentSetSize of job (KB)
...
006 (111367039.150.000) 04/23 03:16:25 Image size of job updated: 11506580
	11161  -  MemoryUsage of job (MB)
	11428528  -  ResidentSetSize of job (KB)
...
006 (111367039.150.000) 04/23 03:21:24 Image size of job updated: 12148236
	11788  -  MemoryUsage of job (MB)
	12070184  -  ResidentSetSize of job (KB)
...
006 (111367039.150.000) 04/23 03:26:24 Image size of job updated: 12737940
	12364  -  MemoryUsage of job (MB)
	12659888  -  ResidentSetSize of job (KB)
...
006 (111367039.150.000) 04/23 03:31:25 Image size of job updated: 13294504
	12907  -  MemoryUsage of job (MB)
	13216452  -  ResidentSetSize of job (KB)
...
006 (111367039.150.000) 04/23 03:36:25 Image size of job updated: 13960256
	13557  -  MemoryUsage of job (MB)
	13882204  -  ResidentSetSize of job (KB)
...
006 (111367039.150.000) 04/23 03:41:25 Image size of job updated: 14492692
	14077  -  MemoryUsage of job (MB)
	14414640  -  ResidentSetSize of job (KB)
...
006 (111367039.150.000) 04/23 03:46:26 Image size of job updated: 15152540
	14722  -  MemoryUsage of job (MB)
	15074488  -  ResidentSetSize of job (KB)
...
006 (111367039.150.000) 04/23 03:51:26 Image size of job updated: 15780264
	15335  -  MemoryUsage of job (MB)
	15702212  -  ResidentSetSize of job (KB)
...
006 (111367039.150.000) 04/23 03:56:28 Image size of job updated: 16572768
	16109  -  MemoryUsage of job (MB)
	16494716  -  ResidentSetSize of job (KB)
...
006 (111367039.150.000) 04/23 04:01:28 Image size of job updated: 17429292
	16965  -  MemoryUsage of job (MB)
	17371332  -  ResidentSetSize of job (KB)
...
006 (111367039.150.000) 04/23 04:06:28 Image size of job updated: 18004772
	17537  -  MemoryUsage of job (MB)
	17957312  -  ResidentSetSize of job (KB)
...
006 (111367039.150.000) 04/23 04:11:29 Image size of job updated: 18641044
	18169  -  MemoryUsage of job (MB)
	18604688  -  ResidentSetSize of job (KB)
...
006 (111367039.150.000) 04/23 04:16:29 Image size of job updated: 19294860
	18806  -  MemoryUsage of job (MB)
	19256396  -  ResidentSetSize of job (KB)
...
006 (111367039.150.000) 04/23 04:21:30 Image size of job updated: 20004460
	19490  -  MemoryUsage of job (MB)
	19956952  -  ResidentSetSize of job (KB)
...
006 (111367039.150.000) 04/23 04:25:26 Image size of job updated: 20004460
	19490  -  MemoryUsage of job (MB)
	19957060  -  ResidentSetSize of job (KB)
...
005 (111367039.150.000) 04/23 04:25:28 Job terminated.
	(1) Normal termination (return value 0)
		Usr 0 02:05:52, Sys 0 00:02:48  -  Run Remote Usage
		Usr 0 00:00:00, Sys 0 00:00:00  -  Run Local Usage
		Usr 0 02:05:52, Sys 0 00:02:48  -  Total Remote Usage
		Usr 0 00:00:00, Sys 0 00:00:00  -  Total Local Usage
	19921678  -  Run Bytes Sent By Job
	1780294656  -  Run Bytes Received By Job
	19921678  -  Total Bytes Sent By Job
	1780294656  -  Total Bytes Received By Job
	Partitionable Resources :    Usage  Request Allocated 
	   Cpus                 :        0        1         1 
	   Disk (KB)            :  6849183 20971520  21367549 
	   Ioheavy              :                           0 
	   Memory (MB)          :    19490    20480     20480 
...
