000 (111515045.122.000) 04/25 20:23:08 Job submitted from host: <128.104.100.44:9618?addrs=128.104.100.44-9618+[2607-f388-107c-501-90e2-baff-fe2c-2724]-9618&noUDP&sock=4699_0235_3>
...
001 (111515045.122.000) 04/26 02:27:11 Job executing on host: <128.105.245.221:9618?addrs=128.105.245.221-9618&noUDP&sock=5451_82d6_3>
...
006 (111515045.122.000) 04/26 02:27:20 Image size of job updated: 648
	1  -  MemoryUsage of job (MB)
	632  -  ResidentSetSize of job (KB)
...
006 (111515045.122.000) 04/26 02:32:22 Image size of job updated: 672
	1  -  MemoryUsage of job (MB)
	656  -  ResidentSetSize of job (KB)
...
006 (111515045.122.000) 04/26 02:37:23 Image size of job updated: 688
	1  -  MemoryUsage of job (MB)
	672  -  ResidentSetSize of job (KB)
...
006 (111515045.122.000) 04/26 02:42:23 Image size of job updated: 521800
	434  -  MemoryUsage of job (MB)
	443788  -  ResidentSetSize of job (KB)
...
006 (111515045.122.000) 04/26 02:47:25 Image size of job updated: 1004488
	905  -  MemoryUsage of job (MB)
	926420  -  ResidentSetSize of job (KB)
...
006 (111515045.122.000) 04/26 02:52:25 Image size of job updated: 1630932
	1517  -  MemoryUsage of job (MB)
	1552864  -  ResidentSetSize of job (KB)
...
006 (111515045.122.000) 04/26 02:57:26 Image size of job updated: 2323416
	2193  -  MemoryUsage of job (MB)
	2245348  -  ResidentSetSize of job (KB)
...
006 (111515045.122.000) 04/26 03:02:26 Image size of job updated: 3090900
	2943  -  MemoryUsage of job (MB)
	3012832  -  ResidentSetSize of job (KB)
...
006 (111515045.122.000) 04/26 03:07:26 Image size of job updated: 4136224
	3964  -  MemoryUsage of job (MB)
	4058156  -  ResidentSetSize of job (KB)
...
006 (111515045.122.000) 04/26 03:12:26 Image size of job updated: 4970796
	4779  -  MemoryUsage of job (MB)
	4892728  -  ResidentSetSize of job (KB)
...
006 (111515045.122.000) 04/26 03:17:30 Image size of job updated: 5840536
	5628  -  MemoryUsage of job (MB)
	5762468  -  ResidentSetSize of job (KB)
...
006 (111515045.122.000) 04/26 03:22:28 Image size of job updated: 6480524
	6253  -  MemoryUsage of job (MB)
	6402456  -  ResidentSetSize of job (KB)
...
006 (111515045.122.000) 04/26 03:27:34 Image size of job updated: 7093780
	6852  -  MemoryUsage of job (MB)
	7015712  -  ResidentSetSize of job (KB)
...
006 (111515045.122.000) 04/26 03:32:29 Image size of job updated: 7698988
	7443  -  MemoryUsage of job (MB)
	7620920  -  ResidentSetSize of job (KB)
...
006 (111515045.122.000) 04/26 03:37:29 Image size of job updated: 8333504
	8062  -  MemoryUsage of job (MB)
	8255436  -  ResidentSetSize of job (KB)
...
006 (111515045.122.000) 04/26 03:42:30 Image size of job updated: 8757700
	8477  -  MemoryUsage of job (MB)
	8679632  -  ResidentSetSize of job (KB)
...
006 (111515045.122.000) 04/26 03:47:32 Image size of job updated: 9219380
	8928  -  MemoryUsage of job (MB)
	9141312  -  ResidentSetSize of job (KB)
...
006 (111515045.122.000) 04/26 03:52:32 Image size of job updated: 9713728
	9410  -  MemoryUsage of job (MB)
	9635660  -  ResidentSetSize of job (KB)
...
006 (111515045.122.000) 04/26 03:57:33 Image size of job updated: 10216400
	9901  -  MemoryUsage of job (MB)
	10138332  -  ResidentSetSize of job (KB)
...
006 (111515045.122.000) 04/26 04:02:33 Image size of job updated: 10662564
	10337  -  MemoryUsage of job (MB)
	10584496  -  ResidentSetSize of job (KB)
...
006 (111515045.122.000) 04/26 04:07:33 Image size of job updated: 11167376
	10830  -  MemoryUsage of job (MB)
	11089308  -  ResidentSetSize of job (KB)
...
006 (111515045.122.000) 04/26 04:12:34 Image size of job updated: 11583076
	11236  -  MemoryUsage of job (MB)
	11505008  -  ResidentSetSize of job (KB)
...
006 (111515045.122.000) 04/26 04:17:35 Image size of job updated: 12002444
	11645  -  MemoryUsage of job (MB)
	11924376  -  ResidentSetSize of job (KB)
...
006 (111515045.122.000) 04/26 04:22:35 Image size of job updated: 12571220
	12201  -  MemoryUsage of job (MB)
	12493152  -  ResidentSetSize of job (KB)
...
006 (111515045.122.000) 04/26 04:27:36 Image size of job updated: 12943228
	12564  -  MemoryUsage of job (MB)
	12865160  -  ResidentSetSize of job (KB)
...
006 (111515045.122.000) 04/26 04:32:37 Image size of job updated: 13337552
	12949  -  MemoryUsage of job (MB)
	13259484  -  ResidentSetSize of job (KB)
...
006 (111515045.122.000) 04/26 04:37:38 Image size of job updated: 13796296
	13397  -  MemoryUsage of job (MB)
	13718228  -  ResidentSetSize of job (KB)
...
006 (111515045.122.000) 04/26 04:42:38 Image size of job updated: 14228520
	13819  -  MemoryUsage of job (MB)
	14150452  -  ResidentSetSize of job (KB)
...
006 (111515045.122.000) 04/26 04:47:39 Image size of job updated: 14735588
	14314  -  MemoryUsage of job (MB)
	14657520  -  ResidentSetSize of job (KB)
...
006 (111515045.122.000) 04/26 04:52:40 Image size of job updated: 15278512
	14845  -  MemoryUsage of job (MB)
	15200444  -  ResidentSetSize of job (KB)
...
006 (111515045.122.000) 04/26 04:57:41 Image size of job updated: 15700048
	15256  -  MemoryUsage of job (MB)
	15621980  -  ResidentSetSize of job (KB)
...
006 (111515045.122.000) 04/26 05:02:40 Image size of job updated: 16166096
	15711  -  MemoryUsage of job (MB)
	16088028  -  ResidentSetSize of job (KB)
...
006 (111515045.122.000) 04/26 05:07:40 Image size of job updated: 17013516
	16539  -  MemoryUsage of job (MB)
	16934948  -  ResidentSetSize of job (KB)
...
006 (111515045.122.000) 04/26 05:12:40 Image size of job updated: 17904308
	17406  -  MemoryUsage of job (MB)
	17823184  -  ResidentSetSize of job (KB)
...
006 (111515045.122.000) 04/26 05:17:42 Image size of job updated: 18791224
	18260  -  MemoryUsage of job (MB)
	18697672  -  ResidentSetSize of job (KB)
...
006 (111515045.122.000) 04/26 05:22:42 Image size of job updated: 19694708
	19130  -  MemoryUsage of job (MB)
	19588760  -  ResidentSetSize of job (KB)
...
006 (111515045.122.000) 04/26 05:27:42 Image size of job updated: 20436480
	19824  -  MemoryUsage of job (MB)
	20299184  -  ResidentSetSize of job (KB)
...
006 (111515045.122.000) 04/26 05:32:43 Image size of job updated: 21150204
	20367  -  MemoryUsage of job (MB)
	20855108  -  ResidentSetSize of job (KB)
...
006 (111515045.122.000) 04/26 05:35:27 Image size of job updated: 21510940
	20368  -  MemoryUsage of job (MB)
	20855864  -  ResidentSetSize of job (KB)
...
005 (111515045.122.000) 04/26 05:35:29 Job terminated.
	(1) Normal termination (return value 0)
		Usr 0 02:01:27, Sys 0 00:02:05  -  Run Remote Usage
		Usr 0 00:00:00, Sys 0 00:00:00  -  Run Local Usage
		Usr 0 02:01:27, Sys 0 00:02:05  -  Total Remote Usage
		Usr 0 00:00:00, Sys 0 00:00:00  -  Total Local Usage
	19914064  -  Run Bytes Sent By Job
	1780295040  -  Run Bytes Received By Job
	19914064  -  Total Bytes Sent By Job
	1780295040  -  Total Bytes Received By Job
	Partitionable Resources :      Usage  Request Allocated 
	   Cpus                 :       0.67        1         1 
	   Disk (KB)            : 6849175    20971520  21339710 
	   Ioheavy              :                             0 
	   Memory (MB)          :   20368       20480     20480 
...
