000 (111367039.030.000) 04/22 22:37:22 Job submitted from host: <128.104.100.44:9618?addrs=128.104.100.44-9618+[2607-f388-107c-501-90e2-baff-fe2c-2724]-9618&noUDP&sock=1497440_afb9_3>
...
001 (111367039.030.000) 04/22 22:45:54 Job executing on host: <128.105.245.189:9618?addrs=128.105.245.189-9618&noUDP&sock=5433_2a21_3>
...
006 (111367039.030.000) 04/22 22:46:03 Image size of job updated: 644
	1  -  MemoryUsage of job (MB)
	644  -  ResidentSetSize of job (KB)
...
006 (111367039.030.000) 04/22 22:51:05 Image size of job updated: 283844
	202  -  MemoryUsage of job (MB)
	205856  -  ResidentSetSize of job (KB)
...
006 (111367039.030.000) 04/22 22:56:05 Image size of job updated: 709540
	617  -  MemoryUsage of job (MB)
	631544  -  ResidentSetSize of job (KB)
...
006 (111367039.030.000) 04/22 23:01:05 Image size of job updated: 1201136
	1097  -  MemoryUsage of job (MB)
	1123084  -  ResidentSetSize of job (KB)
...
006 (111367039.030.000) 04/22 23:06:06 Image size of job updated: 1818236
	1700  -  MemoryUsage of job (MB)
	1740184  -  ResidentSetSize of job (KB)
...
006 (111367039.030.000) 04/22 23:11:06 Image size of job updated: 2579224
	2443  -  MemoryUsage of job (MB)
	2501172  -  ResidentSetSize of job (KB)
...
006 (111367039.030.000) 04/22 23:16:07 Image size of job updated: 3441400
	3285  -  MemoryUsage of job (MB)
	3363348  -  ResidentSetSize of job (KB)
...
006 (111367039.030.000) 04/22 23:21:07 Image size of job updated: 4371220
	4193  -  MemoryUsage of job (MB)
	4293168  -  ResidentSetSize of job (KB)
...
006 (111367039.030.000) 04/22 23:26:07 Image size of job updated: 5279924
	5080  -  MemoryUsage of job (MB)
	5201872  -  ResidentSetSize of job (KB)
...
006 (111367039.030.000) 04/22 23:31:08 Image size of job updated: 6152380
	5932  -  MemoryUsage of job (MB)
	6074328  -  ResidentSetSize of job (KB)
...
006 (111367039.030.000) 04/22 23:36:09 Image size of job updated: 7029016
	6789  -  MemoryUsage of job (MB)
	6950964  -  ResidentSetSize of job (KB)
...
006 (111367039.030.000) 04/22 23:41:09 Image size of job updated: 7883836
	7623  -  MemoryUsage of job (MB)
	7805784  -  ResidentSetSize of job (KB)
...
006 (111367039.030.000) 04/22 23:46:09 Image size of job updated: 8748564
	8468  -  MemoryUsage of job (MB)
	8670512  -  ResidentSetSize of job (KB)
...
006 (111367039.030.000) 04/22 23:51:09 Image size of job updated: 9277612
	8984  -  MemoryUsage of job (MB)
	9199560  -  ResidentSetSize of job (KB)
...
006 (111367039.030.000) 04/22 23:56:10 Image size of job updated: 9890800
	9583  -  MemoryUsage of job (MB)
	9812748  -  ResidentSetSize of job (KB)
...
006 (111367039.030.000) 04/23 00:01:11 Image size of job updated: 10626464
	10302  -  MemoryUsage of job (MB)
	10548412  -  ResidentSetSize of job (KB)
...
006 (111367039.030.000) 04/23 00:06:12 Image size of job updated: 11312556
	10972  -  MemoryUsage of job (MB)
	11234504  -  ResidentSetSize of job (KB)
...
006 (111367039.030.000) 04/23 00:11:11 Image size of job updated: 12026188
	11669  -  MemoryUsage of job (MB)
	11948136  -  ResidentSetSize of job (KB)
...
006 (111367039.030.000) 04/23 00:16:11 Image size of job updated: 12729884
	12356  -  MemoryUsage of job (MB)
	12651832  -  ResidentSetSize of job (KB)
...
006 (111367039.030.000) 04/23 00:21:12 Image size of job updated: 13442208
	13051  -  MemoryUsage of job (MB)
	13364156  -  ResidentSetSize of job (KB)
...
006 (111367039.030.000) 04/23 00:26:13 Image size of job updated: 14312144
	13901  -  MemoryUsage of job (MB)
	14234092  -  ResidentSetSize of job (KB)
...
006 (111367039.030.000) 04/23 00:31:13 Image size of job updated: 15076780
	14648  -  MemoryUsage of job (MB)
	14998728  -  ResidentSetSize of job (KB)
...
006 (111367039.030.000) 04/23 00:36:13 Image size of job updated: 15836160
	15389  -  MemoryUsage of job (MB)
	15757584  -  ResidentSetSize of job (KB)
...
006 (111367039.030.000) 04/23 00:41:13 Image size of job updated: 16630748
	16165  -  MemoryUsage of job (MB)
	16552056  -  ResidentSetSize of job (KB)
...
006 (111367039.030.000) 04/23 00:46:14 Image size of job updated: 17277976
	16796  -  MemoryUsage of job (MB)
	17198516  -  ResidentSetSize of job (KB)
...
006 (111367039.030.000) 04/23 00:51:14 Image size of job updated: 18000964
	17499  -  MemoryUsage of job (MB)
	17918688  -  ResidentSetSize of job (KB)
...
006 (111367039.030.000) 04/23 00:56:15 Image size of job updated: 18849916
	18321  -  MemoryUsage of job (MB)
	18760276  -  ResidentSetSize of job (KB)
...
006 (111367039.030.000) 04/23 01:01:15 Image size of job updated: 19552280
	18992  -  MemoryUsage of job (MB)
	19446956  -  ResidentSetSize of job (KB)
...
006 (111367039.030.000) 04/23 01:06:15 Image size of job updated: 20425236
	19805  -  MemoryUsage of job (MB)
	20279472  -  ResidentSetSize of job (KB)
...
006 (111367039.030.000) 04/23 01:11:00 Image size of job updated: 20425236
	19806  -  MemoryUsage of job (MB)
	20280792  -  ResidentSetSize of job (KB)
...
005 (111367039.030.000) 04/23 01:11:01 Job terminated.
	(1) Normal termination (return value 0)
		Usr 0 02:12:31, Sys 0 00:02:12  -  Run Remote Usage
		Usr 0 00:00:00, Sys 0 00:00:00  -  Run Local Usage
		Usr 0 02:12:31, Sys 0 00:02:12  -  Total Remote Usage
		Usr 0 00:00:00, Sys 0 00:00:00  -  Total Local Usage
	20506220  -  Run Bytes Sent By Job
	1780294656  -  Run Bytes Received By Job
	20506220  -  Total Bytes Sent By Job
	1780294656  -  Total Bytes Received By Job
	Partitionable Resources :      Usage  Request Allocated 
	   Cpus                 :       0.93        1         1 
	   Disk (KB)            : 6849754    20971520  21237275 
	   Ioheavy              :                             0 
	   Memory (MB)          :   19806       20480     20480 
...
