000 (111472057.130.000) 04/24 11:52:17 Job submitted from host: <128.104.100.44:9618?addrs=128.104.100.44-9618+[2607-f388-107c-501-90e2-baff-fe2c-2724]-9618&noUDP&sock=4699_0235_3>
...
001 (111472057.130.000) 04/24 18:57:32 Job executing on host: <128.105.245.222:9618?addrs=128.105.245.222-9618&noUDP&sock=5446_14dd_29>
...
006 (111472057.130.000) 04/24 18:57:41 Image size of job updated: 624
	1  -  MemoryUsage of job (MB)
	624  -  ResidentSetSize of job (KB)
...
006 (111472057.130.000) 04/24 19:02:43 Image size of job updated: 221608
	141  -  MemoryUsage of job (MB)
	144116  -  ResidentSetSize of job (KB)
...
006 (111472057.130.000) 04/24 19:07:43 Image size of job updated: 759708
	666  -  MemoryUsage of job (MB)
	681656  -  ResidentSetSize of job (KB)
...
006 (111472057.130.000) 04/24 19:12:43 Image size of job updated: 1466496
	1356  -  MemoryUsage of job (MB)
	1388444  -  ResidentSetSize of job (KB)
...
006 (111472057.130.000) 04/24 19:17:43 Image size of job updated: 2111832
	1987  -  MemoryUsage of job (MB)
	2033780  -  ResidentSetSize of job (KB)
...
006 (111472057.130.000) 04/24 19:22:43 Image size of job updated: 2909448
	2766  -  MemoryUsage of job (MB)
	2831396  -  ResidentSetSize of job (KB)
...
006 (111472057.130.000) 04/24 19:27:44 Image size of job updated: 4135256
	3963  -  MemoryUsage of job (MB)
	4057204  -  ResidentSetSize of job (KB)
...
006 (111472057.130.000) 04/24 19:32:45 Image size of job updated: 5623400
	5416  -  MemoryUsage of job (MB)
	5545348  -  ResidentSetSize of job (KB)
...
006 (111472057.130.000) 04/24 19:37:46 Image size of job updated: 6856824
	6620  -  MemoryUsage of job (MB)
	6778772  -  ResidentSetSize of job (KB)
...
006 (111472057.130.000) 04/24 19:42:47 Image size of job updated: 8175756
	7908  -  MemoryUsage of job (MB)
	8097704  -  ResidentSetSize of job (KB)
...
006 (111472057.130.000) 04/24 19:47:48 Image size of job updated: 9291708
	8998  -  MemoryUsage of job (MB)
	9213656  -  ResidentSetSize of job (KB)
...
006 (111472057.130.000) 04/24 19:52:49 Image size of job updated: 10366816
	10048  -  MemoryUsage of job (MB)
	10288764  -  ResidentSetSize of job (KB)
...
006 (111472057.130.000) 04/24 19:57:50 Image size of job updated: 11403384
	11060  -  MemoryUsage of job (MB)
	11325332  -  ResidentSetSize of job (KB)
...
006 (111472057.130.000) 04/24 20:02:51 Image size of job updated: 12207392
	11846  -  MemoryUsage of job (MB)
	12129340  -  ResidentSetSize of job (KB)
...
006 (111472057.130.000) 04/24 20:07:52 Image size of job updated: 12982476
	12602  -  MemoryUsage of job (MB)
	12904424  -  ResidentSetSize of job (KB)
...
006 (111472057.130.000) 04/24 20:12:53 Image size of job updated: 13992104
	13588  -  MemoryUsage of job (MB)
	13914052  -  ResidentSetSize of job (KB)
...
006 (111472057.130.000) 04/24 20:17:53 Image size of job updated: 14977912
	14551  -  MemoryUsage of job (MB)
	14899860  -  ResidentSetSize of job (KB)
...
006 (111472057.130.000) 04/24 20:22:54 Image size of job updated: 16004192
	15552  -  MemoryUsage of job (MB)
	15924604  -  ResidentSetSize of job (KB)
...
006 (111472057.130.000) 04/24 20:27:54 Image size of job updated: 17249404
	16752  -  MemoryUsage of job (MB)
	17153972  -  ResidentSetSize of job (KB)
...
006 (111472057.130.000) 04/24 20:32:55 Image size of job updated: 18222628
	17690  -  MemoryUsage of job (MB)
	18113852  -  ResidentSetSize of job (KB)
...
006 (111472057.130.000) 04/24 20:37:56 Image size of job updated: 19152728
	18587  -  MemoryUsage of job (MB)
	19032184  -  ResidentSetSize of job (KB)
...
006 (111472057.130.000) 04/24 20:42:57 Image size of job updated: 20160028
	19524  -  MemoryUsage of job (MB)
	19992448  -  ResidentSetSize of job (KB)
...
006 (111472057.130.000) 04/24 20:47:58 Image size of job updated: 21047156
	20230  -  MemoryUsage of job (MB)
	20715508  -  ResidentSetSize of job (KB)
...
006 (111472057.130.000) 04/24 20:51:40 Image size of job updated: 21556328
	20231  -  MemoryUsage of job (MB)
	20715692  -  ResidentSetSize of job (KB)
...
005 (111472057.130.000) 04/24 20:51:41 Job terminated.
	(1) Normal termination (return value 0)
		Usr 0 01:34:30, Sys 0 00:01:42  -  Run Remote Usage
		Usr 0 00:00:00, Sys 0 00:00:00  -  Run Local Usage
		Usr 0 01:34:30, Sys 0 00:01:42  -  Total Remote Usage
		Usr 0 00:00:00, Sys 0 00:00:00  -  Total Local Usage
	20043400  -  Run Bytes Sent By Job
	1780295040  -  Run Bytes Received By Job
	20043400  -  Total Bytes Sent By Job
	1780295040  -  Total Bytes Received By Job
	Partitionable Resources :      Usage  Request Allocated 
	   Cpus                 :       0.87        1         1 
	   Disk (KB)            : 6849301    20971520  21184693 
	   Ioheavy              :                             0 
	   Memory (MB)          :   20231       20480     20480 
...
