000 (111367039.167.000) 04/22 22:37:22 Job submitted from host: <128.104.100.44:9618?addrs=128.104.100.44-9618+[2607-f388-107c-501-90e2-baff-fe2c-2724]-9618&noUDP&sock=1497440_afb9_3>
...
001 (111367039.167.000) 04/23 01:48:30 Job executing on host: <128.105.245.199:9618?addrs=128.105.245.199-9618&noUDP&sock=5436_38ea_3>
...
006 (111367039.167.000) 04/23 01:48:39 Image size of job updated: 628
	1  -  MemoryUsage of job (MB)
	628  -  ResidentSetSize of job (KB)
...
006 (111367039.167.000) 04/23 01:53:40 Image size of job updated: 668
	1  -  MemoryUsage of job (MB)
	668  -  ResidentSetSize of job (KB)
...
006 (111367039.167.000) 04/23 01:58:41 Image size of job updated: 592640
	503  -  MemoryUsage of job (MB)
	514644  -  ResidentSetSize of job (KB)
...
006 (111367039.167.000) 04/23 02:03:50 Image size of job updated: 1015940
	916  -  MemoryUsage of job (MB)
	937888  -  ResidentSetSize of job (KB)
...
006 (111367039.167.000) 04/23 02:08:42 Image size of job updated: 1468444
	1358  -  MemoryUsage of job (MB)
	1390392  -  ResidentSetSize of job (KB)
...
006 (111367039.167.000) 04/23 02:13:42 Image size of job updated: 2104196
	1979  -  MemoryUsage of job (MB)
	2026144  -  ResidentSetSize of job (KB)
...
006 (111367039.167.000) 04/23 02:18:44 Image size of job updated: 2660760
	2523  -  MemoryUsage of job (MB)
	2582708  -  ResidentSetSize of job (KB)
...
006 (111367039.167.000) 04/23 02:23:44 Image size of job updated: 3430400
	3274  -  MemoryUsage of job (MB)
	3352348  -  ResidentSetSize of job (KB)
...
006 (111367039.167.000) 04/23 02:28:44 Image size of job updated: 4202188
	4028  -  MemoryUsage of job (MB)
	4124136  -  ResidentSetSize of job (KB)
...
006 (111367039.167.000) 04/23 02:33:44 Image size of job updated: 5112372
	4917  -  MemoryUsage of job (MB)
	5034320  -  ResidentSetSize of job (KB)
...
006 (111367039.167.000) 04/23 02:38:45 Image size of job updated: 6028036
	5811  -  MemoryUsage of job (MB)
	5949984  -  ResidentSetSize of job (KB)
...
006 (111367039.167.000) 04/23 02:43:45 Image size of job updated: 6647824
	6416  -  MemoryUsage of job (MB)
	6569772  -  ResidentSetSize of job (KB)
...
006 (111367039.167.000) 04/23 02:48:46 Image size of job updated: 7512212
	7260  -  MemoryUsage of job (MB)
	7434160  -  ResidentSetSize of job (KB)
...
006 (111367039.167.000) 04/23 02:53:46 Image size of job updated: 7973468
	7711  -  MemoryUsage of job (MB)
	7895416  -  ResidentSetSize of job (KB)
...
006 (111367039.167.000) 04/23 02:58:48 Image size of job updated: 8569044
	8292  -  MemoryUsage of job (MB)
	8490992  -  ResidentSetSize of job (KB)
...
006 (111367039.167.000) 04/23 03:03:48 Image size of job updated: 9177432
	8887  -  MemoryUsage of job (MB)
	9099380  -  ResidentSetSize of job (KB)
...
006 (111367039.167.000) 04/23 03:08:48 Image size of job updated: 9648300
	9346  -  MemoryUsage of job (MB)
	9570248  -  ResidentSetSize of job (KB)
...
006 (111367039.167.000) 04/23 03:13:50 Image size of job updated: 10186940
	9872  -  MemoryUsage of job (MB)
	10108888  -  ResidentSetSize of job (KB)
...
006 (111367039.167.000) 04/23 03:18:50 Image size of job updated: 10817944
	10489  -  MemoryUsage of job (MB)
	10739892  -  ResidentSetSize of job (KB)
...
006 (111367039.167.000) 04/23 03:23:51 Image size of job updated: 11368484
	11026  -  MemoryUsage of job (MB)
	11290432  -  ResidentSetSize of job (KB)
...
006 (111367039.167.000) 04/23 03:28:51 Image size of job updated: 11896656
	11542  -  MemoryUsage of job (MB)
	11818604  -  ResidentSetSize of job (KB)
...
006 (111367039.167.000) 04/23 03:33:51 Image size of job updated: 12486252
	12118  -  MemoryUsage of job (MB)
	12408200  -  ResidentSetSize of job (KB)
...
006 (111367039.167.000) 04/23 03:38:53 Image size of job updated: 13166140
	12782  -  MemoryUsage of job (MB)
	13088088  -  ResidentSetSize of job (KB)
...
006 (111367039.167.000) 04/23 03:43:53 Image size of job updated: 13664820
	13269  -  MemoryUsage of job (MB)
	13586768  -  ResidentSetSize of job (KB)
...
006 (111367039.167.000) 04/23 03:48:55 Image size of job updated: 14382080
	13969  -  MemoryUsage of job (MB)
	14304028  -  ResidentSetSize of job (KB)
...
006 (111367039.167.000) 04/23 03:53:55 Image size of job updated: 15149844
	14719  -  MemoryUsage of job (MB)
	15071792  -  ResidentSetSize of job (KB)
...
006 (111367039.167.000) 04/23 03:58:56 Image size of job updated: 15843928
	15396  -  MemoryUsage of job (MB)
	15765112  -  ResidentSetSize of job (KB)
...
006 (111367039.167.000) 04/23 04:03:56 Image size of job updated: 16476044
	16011  -  MemoryUsage of job (MB)
	16395196  -  ResidentSetSize of job (KB)
...
006 (111367039.167.000) 04/23 04:08:56 Image size of job updated: 17188096
	16704  -  MemoryUsage of job (MB)
	17104600  -  ResidentSetSize of job (KB)
...
006 (111367039.167.000) 04/23 04:13:57 Image size of job updated: 17974532
	17469  -  MemoryUsage of job (MB)
	17887668  -  ResidentSetSize of job (KB)
...
006 (111367039.167.000) 04/23 04:18:57 Image size of job updated: 18626156
	18102  -  MemoryUsage of job (MB)
	18536088  -  ResidentSetSize of job (KB)
...
006 (111367039.167.000) 04/23 04:23:58 Image size of job updated: 19262348
	18720  -  MemoryUsage of job (MB)
	19168448  -  ResidentSetSize of job (KB)
...
006 (111367039.167.000) 04/23 04:28:58 Image size of job updated: 19920312
	19355  -  MemoryUsage of job (MB)
	19819236  -  ResidentSetSize of job (KB)
...
006 (111367039.167.000) 04/23 04:33:58 Image size of job updated: 20523504
	19935  -  MemoryUsage of job (MB)
	20413368  -  ResidentSetSize of job (KB)
...
006 (111367039.167.000) 04/23 04:36:17 Image size of job updated: 20763244
	19936  -  MemoryUsage of job (MB)
	20414296  -  ResidentSetSize of job (KB)
...
005 (111367039.167.000) 04/23 04:36:18 Job terminated.
	(1) Normal termination (return value 0)
		Usr 0 02:21:42, Sys 0 00:02:16  -  Run Remote Usage
		Usr 0 00:00:00, Sys 0 00:00:00  -  Run Local Usage
		Usr 0 02:21:42, Sys 0 00:02:16  -  Total Remote Usage
		Usr 0 00:00:00, Sys 0 00:00:00  -  Total Local Usage
	20171180  -  Run Bytes Sent By Job
	1780294656  -  Run Bytes Received By Job
	20171180  -  Total Bytes Sent By Job
	1780294656  -  Total Bytes Received By Job
	Partitionable Resources :      Usage  Request Allocated 
	   Cpus                 :       0.58        1         1 
	   Disk (KB)            : 6849427    20971520  21561124 
	   Ioheavy              :                             0 
	   Memory (MB)          :   19936       20480     20480 
...
