000 (111367039.095.000) 04/22 22:37:22 Job submitted from host: <128.104.100.44:9618?addrs=128.104.100.44-9618+[2607-f388-107c-501-90e2-baff-fe2c-2724]-9618&noUDP&sock=1497440_afb9_3>
...
001 (111367039.095.000) 04/23 01:05:45 Job executing on host: <128.105.245.213:9618?addrs=128.105.245.213-9618&noUDP&sock=5528_53a1_3>
...
006 (111367039.095.000) 04/23 01:05:54 Image size of job updated: 632
	1  -  MemoryUsage of job (MB)
	632  -  ResidentSetSize of job (KB)
...
006 (111367039.095.000) 04/23 01:10:56 Image size of job updated: 189200
	112  -  MemoryUsage of job (MB)
	114252  -  ResidentSetSize of job (KB)
...
006 (111367039.095.000) 04/23 01:15:56 Image size of job updated: 641764
	551  -  MemoryUsage of job (MB)
	563768  -  ResidentSetSize of job (KB)
...
006 (111367039.095.000) 04/23 01:20:57 Image size of job updated: 1130176
	1028  -  MemoryUsage of job (MB)
	1052124  -  ResidentSetSize of job (KB)
...
006 (111367039.095.000) 04/23 01:25:58 Image size of job updated: 1745024
	1628  -  MemoryUsage of job (MB)
	1666972  -  ResidentSetSize of job (KB)
...
006 (111367039.095.000) 04/23 01:30:58 Image size of job updated: 2439864
	2307  -  MemoryUsage of job (MB)
	2361812  -  ResidentSetSize of job (KB)
...
006 (111367039.095.000) 04/23 01:35:59 Image size of job updated: 3249200
	3097  -  MemoryUsage of job (MB)
	3171148  -  ResidentSetSize of job (KB)
...
006 (111367039.095.000) 04/23 01:41:00 Image size of job updated: 4028188
	3858  -  MemoryUsage of job (MB)
	3950136  -  ResidentSetSize of job (KB)
...
006 (111367039.095.000) 04/23 01:46:01 Image size of job updated: 4910496
	4720  -  MemoryUsage of job (MB)
	4832444  -  ResidentSetSize of job (KB)
...
006 (111367039.095.000) 04/23 01:51:02 Image size of job updated: 5764380
	5554  -  MemoryUsage of job (MB)
	5686328  -  ResidentSetSize of job (KB)
...
006 (111367039.095.000) 04/23 01:56:03 Image size of job updated: 6522652
	6294  -  MemoryUsage of job (MB)
	6444600  -  ResidentSetSize of job (KB)
...
006 (111367039.095.000) 04/23 02:01:03 Image size of job updated: 7254148
	7008  -  MemoryUsage of job (MB)
	7176096  -  ResidentSetSize of job (KB)
...
006 (111367039.095.000) 04/23 02:06:04 Image size of job updated: 7924068
	7663  -  MemoryUsage of job (MB)
	7846016  -  ResidentSetSize of job (KB)
...
006 (111367039.095.000) 04/23 02:11:05 Image size of job updated: 8517224
	8242  -  MemoryUsage of job (MB)
	8439172  -  ResidentSetSize of job (KB)
...
006 (111367039.095.000) 04/23 02:16:05 Image size of job updated: 9142828
	8853  -  MemoryUsage of job (MB)
	9064776  -  ResidentSetSize of job (KB)
...
006 (111367039.095.000) 04/23 02:21:06 Image size of job updated: 9760744
	9456  -  MemoryUsage of job (MB)
	9682692  -  ResidentSetSize of job (KB)
...
006 (111367039.095.000) 04/23 02:26:06 Image size of job updated: 10624368
	10300  -  MemoryUsage of job (MB)
	10546316  -  ResidentSetSize of job (KB)
...
006 (111367039.095.000) 04/23 02:31:06 Image size of job updated: 11360348
	11018  -  MemoryUsage of job (MB)
	11282296  -  ResidentSetSize of job (KB)
...
006 (111367039.095.000) 04/23 02:36:06 Image size of job updated: 11936572
	11581  -  MemoryUsage of job (MB)
	11858520  -  ResidentSetSize of job (KB)
...
006 (111367039.095.000) 04/23 02:41:07 Image size of job updated: 12565992
	12196  -  MemoryUsage of job (MB)
	12487940  -  ResidentSetSize of job (KB)
...
006 (111367039.095.000) 04/23 02:46:08 Image size of job updated: 13255712
	12869  -  MemoryUsage of job (MB)
	13177660  -  ResidentSetSize of job (KB)
...
006 (111367039.095.000) 04/23 02:51:09 Image size of job updated: 13873508
	13473  -  MemoryUsage of job (MB)
	13795456  -  ResidentSetSize of job (KB)
...
006 (111367039.095.000) 04/23 02:56:10 Image size of job updated: 14606584
	14189  -  MemoryUsage of job (MB)
	14528532  -  ResidentSetSize of job (KB)
...
006 (111367039.095.000) 04/23 03:01:10 Image size of job updated: 15417128
	14978  -  MemoryUsage of job (MB)
	15337460  -  ResidentSetSize of job (KB)
...
006 (111367039.095.000) 04/23 03:06:10 Image size of job updated: 16087260
	15631  -  MemoryUsage of job (MB)
	16005544  -  ResidentSetSize of job (KB)
...
006 (111367039.095.000) 04/23 03:11:11 Image size of job updated: 16694232
	16220  -  MemoryUsage of job (MB)
	16608708  -  ResidentSetSize of job (KB)
...
006 (111367039.095.000) 04/23 03:16:12 Image size of job updated: 17368504
	16875  -  MemoryUsage of job (MB)
	17279152  -  ResidentSetSize of job (KB)
...
006 (111367039.095.000) 04/23 03:21:12 Image size of job updated: 18018492
	17505  -  MemoryUsage of job (MB)
	17924228  -  ResidentSetSize of job (KB)
...
006 (111367039.095.000) 04/23 03:26:13 Image size of job updated: 18828768
	18285  -  MemoryUsage of job (MB)
	18723764  -  ResidentSetSize of job (KB)
...
006 (111367039.095.000) 04/23 03:31:14 Image size of job updated: 19462504
	18897  -  MemoryUsage of job (MB)
	19349512  -  ResidentSetSize of job (KB)
...
006 (111367039.095.000) 04/23 03:36:14 Image size of job updated: 20088404
	19482  -  MemoryUsage of job (MB)
	19949464  -  ResidentSetSize of job (KB)
...
006 (111367039.095.000) 04/23 03:41:14 Image size of job updated: 20815080
	20137  -  MemoryUsage of job (MB)
	20620148  -  ResidentSetSize of job (KB)
...
006 (111367039.095.000) 04/23 03:42:53 Image size of job updated: 20970024
	20138  -  MemoryUsage of job (MB)
	20620988  -  ResidentSetSize of job (KB)
...
005 (111367039.095.000) 04/23 03:42:54 Job terminated.
	(1) Normal termination (return value 0)
		Usr 0 02:13:55, Sys 0 00:02:06  -  Run Remote Usage
		Usr 0 00:00:00, Sys 0 00:00:00  -  Run Local Usage
		Usr 0 02:13:55, Sys 0 00:02:06  -  Total Remote Usage
		Usr 0 00:00:00, Sys 0 00:00:00  -  Total Local Usage
	20579992  -  Run Bytes Sent By Job
	1780294656  -  Run Bytes Received By Job
	20579992  -  Total Bytes Sent By Job
	1780294656  -  Total Bytes Received By Job
	Partitionable Resources :    Usage  Request Allocated 
	   Cpus                 :        0        1         1 
	   Disk (KB)            :  6849826 20971520  21187373 
	   Ioheavy              :                           0 
	   Memory (MB)          :    20138    20480     20480 
...
