000 (111367039.151.000) 04/22 22:37:22 Job submitted from host: <128.104.100.44:9618?addrs=128.104.100.44-9618+[2607-f388-107c-501-90e2-baff-fe2c-2724]-9618&noUDP&sock=1497440_afb9_3>
...
001 (111367039.151.000) 04/23 01:44:18 Job executing on host: <128.105.245.249:9618?addrs=128.105.245.249-9618&noUDP&sock=5434_d9ba_3>
...
006 (111367039.151.000) 04/23 01:44:26 Image size of job updated: 620
	1  -  MemoryUsage of job (MB)
	620  -  ResidentSetSize of job (KB)
...
006 (111367039.151.000) 04/23 01:49:27 Image size of job updated: 628
	1  -  MemoryUsage of job (MB)
	628  -  ResidentSetSize of job (KB)
...
006 (111367039.151.000) 04/23 01:54:28 Image size of job updated: 648
	1  -  MemoryUsage of job (MB)
	648  -  ResidentSetSize of job (KB)
...
006 (111367039.151.000) 04/23 01:59:29 Image size of job updated: 656
	1  -  MemoryUsage of job (MB)
	656  -  ResidentSetSize of job (KB)
...
006 (111367039.151.000) 04/23 02:04:30 Image size of job updated: 668
	1  -  MemoryUsage of job (MB)
	668  -  ResidentSetSize of job (KB)
...
006 (111367039.151.000) 04/23 02:09:31 Image size of job updated: 501412
	414  -  MemoryUsage of job (MB)
	423412  -  ResidentSetSize of job (KB)
...
006 (111367039.151.000) 04/23 02:14:32 Image size of job updated: 923396
	826  -  MemoryUsage of job (MB)
	845340  -  ResidentSetSize of job (KB)
...
006 (111367039.151.000) 04/23 02:19:32 Image size of job updated: 1473864
	1364  -  MemoryUsage of job (MB)
	1395808  -  ResidentSetSize of job (KB)
...
006 (111367039.151.000) 04/23 02:24:33 Image size of job updated: 2202188
	2075  -  MemoryUsage of job (MB)
	2124132  -  ResidentSetSize of job (KB)
...
006 (111367039.151.000) 04/23 02:29:34 Image size of job updated: 3069660
	2922  -  MemoryUsage of job (MB)
	2991604  -  ResidentSetSize of job (KB)
...
006 (111367039.151.000) 04/23 02:34:34 Image size of job updated: 4028536
	3858  -  MemoryUsage of job (MB)
	3950480  -  ResidentSetSize of job (KB)
...
006 (111367039.151.000) 04/23 02:39:34 Image size of job updated: 4996800
	4804  -  MemoryUsage of job (MB)
	4918744  -  ResidentSetSize of job (KB)
...
006 (111367039.151.000) 04/23 02:44:36 Image size of job updated: 5943032
	5728  -  MemoryUsage of job (MB)
	5864976  -  ResidentSetSize of job (KB)
...
006 (111367039.151.000) 04/23 02:49:36 Image size of job updated: 6850268
	6614  -  MemoryUsage of job (MB)
	6772212  -  ResidentSetSize of job (KB)
...
006 (111367039.151.000) 04/23 02:54:36 Image size of job updated: 7698132
	7442  -  MemoryUsage of job (MB)
	7620076  -  ResidentSetSize of job (KB)
...
006 (111367039.151.000) 04/23 02:59:37 Image size of job updated: 8466672
	8193  -  MemoryUsage of job (MB)
	8388616  -  ResidentSetSize of job (KB)
...
006 (111367039.151.000) 04/23 03:04:37 Image size of job updated: 9173612
	8883  -  MemoryUsage of job (MB)
	9095556  -  ResidentSetSize of job (KB)
...
006 (111367039.151.000) 04/23 03:09:39 Image size of job updated: 9940712
	9632  -  MemoryUsage of job (MB)
	9862656  -  ResidentSetSize of job (KB)
...
006 (111367039.151.000) 04/23 03:14:39 Image size of job updated: 10667484
	10342  -  MemoryUsage of job (MB)
	10589428  -  ResidentSetSize of job (KB)
...
006 (111367039.151.000) 04/23 03:19:39 Image size of job updated: 11468500
	11124  -  MemoryUsage of job (MB)
	11390444  -  ResidentSetSize of job (KB)
...
006 (111367039.151.000) 04/23 03:24:41 Image size of job updated: 12113804
	11754  -  MemoryUsage of job (MB)
	12035748  -  ResidentSetSize of job (KB)
...
006 (111367039.151.000) 04/23 03:29:42 Image size of job updated: 12784220
	12409  -  MemoryUsage of job (MB)
	12706164  -  ResidentSetSize of job (KB)
...
006 (111367039.151.000) 04/23 03:34:42 Image size of job updated: 13499756
	13108  -  MemoryUsage of job (MB)
	13421700  -  ResidentSetSize of job (KB)
...
006 (111367039.151.000) 04/23 03:39:43 Image size of job updated: 14246596
	13837  -  MemoryUsage of job (MB)
	14168540  -  ResidentSetSize of job (KB)
...
006 (111367039.151.000) 04/23 03:44:43 Image size of job updated: 14952500
	14526  -  MemoryUsage of job (MB)
	14874444  -  ResidentSetSize of job (KB)
...
006 (111367039.151.000) 04/23 03:49:45 Image size of job updated: 15691948
	15248  -  MemoryUsage of job (MB)
	15613892  -  ResidentSetSize of job (KB)
...
006 (111367039.151.000) 04/23 03:54:45 Image size of job updated: 16516880
	16054  -  MemoryUsage of job (MB)
	16438824  -  ResidentSetSize of job (KB)
...
006 (111367039.151.000) 04/23 03:59:46 Image size of job updated: 17193800
	16715  -  MemoryUsage of job (MB)
	17115572  -  ResidentSetSize of job (KB)
...
006 (111367039.151.000) 04/23 04:04:47 Image size of job updated: 18006936
	17508  -  MemoryUsage of job (MB)
	17927444  -  ResidentSetSize of job (KB)
...
006 (111367039.151.000) 04/23 04:09:48 Image size of job updated: 18691364
	18173  -  MemoryUsage of job (MB)
	18609108  -  ResidentSetSize of job (KB)
...
006 (111367039.151.000) 04/23 04:14:49 Image size of job updated: 19394540
	18857  -  MemoryUsage of job (MB)
	19309256  -  ResidentSetSize of job (KB)
...
006 (111367039.151.000) 04/23 04:19:49 Image size of job updated: 20066040
	19505  -  MemoryUsage of job (MB)
	19972800  -  ResidentSetSize of job (KB)
...
006 (111367039.151.000) 04/23 04:24:49 Image size of job updated: 20639272
	20032  -  MemoryUsage of job (MB)
	20512360  -  ResidentSetSize of job (KB)
...
006 (111367039.151.000) 04/23 04:27:01 Image size of job updated: 20825560
	20032  -  MemoryUsage of job (MB)
	20512360  -  ResidentSetSize of job (KB)
...
005 (111367039.151.000) 04/23 04:27:04 Job terminated.
	(1) Normal termination (return value 0)
		Usr 0 02:08:08, Sys 0 00:02:08  -  Run Remote Usage
		Usr 0 00:00:00, Sys 0 00:00:00  -  Run Local Usage
		Usr 0 02:08:08, Sys 0 00:02:08  -  Total Remote Usage
		Usr 0 00:00:00, Sys 0 00:00:00  -  Total Local Usage
	20304406  -  Run Bytes Sent By Job
	1780294656  -  Run Bytes Received By Job
	20304406  -  Total Bytes Sent By Job
	1780294656  -  Total Bytes Received By Job
	Partitionable Resources :      Usage  Request Allocated 
	   Cpus                 :       0.55        1         1 
	   Disk (KB)            : 6849556    20971520  21417849 
	   Ioheavy              :                             0 
	   Memory (MB)          :   20032       20480     20480 
...
