000 (111515045.066.000) 04/25 20:23:08 Job submitted from host: <128.104.100.44:9618?addrs=128.104.100.44-9618+[2607-f388-107c-501-90e2-baff-fe2c-2724]-9618&noUDP&sock=4699_0235_3>
...
001 (111515045.066.000) 04/26 01:26:37 Job executing on host: <128.105.245.235:9618?addrs=128.105.245.235-9618&noUDP&sock=5440_f74b_3>
...
006 (111515045.066.000) 04/26 01:26:45 Image size of job updated: 904
	1  -  MemoryUsage of job (MB)
	896  -  ResidentSetSize of job (KB)
...
006 (111515045.066.000) 04/26 01:31:46 Image size of job updated: 274396
	192  -  MemoryUsage of job (MB)
	196400  -  ResidentSetSize of job (KB)
...
006 (111515045.066.000) 04/26 01:36:48 Image size of job updated: 633048
	543  -  MemoryUsage of job (MB)
	555044  -  ResidentSetSize of job (KB)
...
006 (111515045.066.000) 04/26 01:41:48 Image size of job updated: 1122812
	1021  -  MemoryUsage of job (MB)
	1044752  -  ResidentSetSize of job (KB)
...
006 (111515045.066.000) 04/26 01:46:48 Image size of job updated: 1800888
	1683  -  MemoryUsage of job (MB)
	1722828  -  ResidentSetSize of job (KB)
...
006 (111515045.066.000) 04/26 01:51:48 Image size of job updated: 2646360
	2509  -  MemoryUsage of job (MB)
	2568300  -  ResidentSetSize of job (KB)
...
006 (111515045.066.000) 04/26 01:56:49 Image size of job updated: 3628652
	3468  -  MemoryUsage of job (MB)
	3550592  -  ResidentSetSize of job (KB)
...
006 (111515045.066.000) 04/26 02:01:50 Image size of job updated: 4530840
	4349  -  MemoryUsage of job (MB)
	4452780  -  ResidentSetSize of job (KB)
...
006 (111515045.066.000) 04/26 02:06:51 Image size of job updated: 5178520
	4981  -  MemoryUsage of job (MB)
	5100460  -  ResidentSetSize of job (KB)
...
006 (111515045.066.000) 04/26 02:11:51 Image size of job updated: 6083364
	5865  -  MemoryUsage of job (MB)
	6005304  -  ResidentSetSize of job (KB)
...
006 (111515045.066.000) 04/26 02:16:51 Image size of job updated: 6975784
	6737  -  MemoryUsage of job (MB)
	6897724  -  ResidentSetSize of job (KB)
...
006 (111515045.066.000) 04/26 02:21:51 Image size of job updated: 7992208
	7729  -  MemoryUsage of job (MB)
	7914148  -  ResidentSetSize of job (KB)
...
006 (111515045.066.000) 04/26 02:26:52 Image size of job updated: 8887560
	8604  -  MemoryUsage of job (MB)
	8809500  -  ResidentSetSize of job (KB)
...
006 (111515045.066.000) 04/26 02:31:53 Image size of job updated: 9670884
	9368  -  MemoryUsage of job (MB)
	9592824  -  ResidentSetSize of job (KB)
...
006 (111515045.066.000) 04/26 02:36:54 Image size of job updated: 10483188
	10162  -  MemoryUsage of job (MB)
	10405128  -  ResidentSetSize of job (KB)
...
006 (111515045.066.000) 04/26 02:41:55 Image size of job updated: 11269456
	10930  -  MemoryUsage of job (MB)
	11191396  -  ResidentSetSize of job (KB)
...
006 (111515045.066.000) 04/26 02:46:56 Image size of job updated: 12033248
	11675  -  MemoryUsage of job (MB)
	11955188  -  ResidentSetSize of job (KB)
...
006 (111515045.066.000) 04/26 02:51:56 Image size of job updated: 12819224
	12443  -  MemoryUsage of job (MB)
	12741164  -  ResidentSetSize of job (KB)
...
006 (111515045.066.000) 04/26 02:56:56 Image size of job updated: 13683744
	13287  -  MemoryUsage of job (MB)
	13605684  -  ResidentSetSize of job (KB)
...
006 (111515045.066.000) 04/26 03:01:56 Image size of job updated: 14475068
	14060  -  MemoryUsage of job (MB)
	14397008  -  ResidentSetSize of job (KB)
...
006 (111515045.066.000) 04/26 03:06:56 Image size of job updated: 15274564
	14841  -  MemoryUsage of job (MB)
	15196264  -  ResidentSetSize of job (KB)
...
006 (111515045.066.000) 04/26 03:11:57 Image size of job updated: 16131872
	15676  -  MemoryUsage of job (MB)
	16051868  -  ResidentSetSize of job (KB)
...
006 (111515045.066.000) 04/26 03:16:58 Image size of job updated: 16992000
	16514  -  MemoryUsage of job (MB)
	16909880  -  ResidentSetSize of job (KB)
...
006 (111515045.066.000) 04/26 03:21:59 Image size of job updated: 17746580
	17248  -  MemoryUsage of job (MB)
	17661600  -  ResidentSetSize of job (KB)
...
006 (111515045.066.000) 04/26 03:27:00 Image size of job updated: 18552660
	18021  -  MemoryUsage of job (MB)
	18453068  -  ResidentSetSize of job (KB)
...
006 (111515045.066.000) 04/26 03:32:00 Image size of job updated: 19216444
	18648  -  MemoryUsage of job (MB)
	19094544  -  ResidentSetSize of job (KB)
...
006 (111515045.066.000) 04/26 03:37:00 Image size of job updated: 19915412
	19310  -  MemoryUsage of job (MB)
	19772924  -  ResidentSetSize of job (KB)
...
006 (111515045.066.000) 04/26 03:42:00 Image size of job updated: 20617268
	19907  -  MemoryUsage of job (MB)
	20383904  -  ResidentSetSize of job (KB)
...
006 (111515045.066.000) 04/26 03:47:00 Image size of job updated: 21232740
	20301  -  MemoryUsage of job (MB)
	20787276  -  ResidentSetSize of job (KB)
...
006 (111515045.066.000) 04/26 03:50:29 Image size of job updated: 21584244
	20301  -  MemoryUsage of job (MB)
	20787560  -  ResidentSetSize of job (KB)
...
005 (111515045.066.000) 04/26 03:50:31 Job terminated.
	(1) Normal termination (return value 0)
		Usr 0 02:08:26, Sys 0 00:04:00  -  Run Remote Usage
		Usr 0 00:00:00, Sys 0 00:00:00  -  Run Local Usage
		Usr 0 02:08:26, Sys 0 00:04:00  -  Total Remote Usage
		Usr 0 00:00:00, Sys 0 00:00:00  -  Total Local Usage
	19894104  -  Run Bytes Sent By Job
	1780295040  -  Run Bytes Received By Job
	19894104  -  Total Bytes Sent By Job
	1780295040  -  Total Bytes Received By Job
	Partitionable Resources :      Usage  Request Allocated 
	   Cpus                 :       0.86        1         1 
	   Disk (KB)            : 6849157    20971520  21389319 
	   Ioheavy              :                             0 
	   Memory (MB)          :   20301       20480     20480 
...
