000 (111472057.057.000) 04/24 11:52:17 Job submitted from host: <128.104.100.44:9618?addrs=128.104.100.44-9618+[2607-f388-107c-501-90e2-baff-fe2c-2724]-9618&noUDP&sock=4699_0235_3>
...
001 (111472057.057.000) 04/24 14:20:05 Job executing on host: <128.105.245.182:9618?addrs=128.105.245.182-9618&noUDP&sock=5445_6544_25>
...
006 (111472057.057.000) 04/24 14:20:13 Image size of job updated: 624
	1  -  MemoryUsage of job (MB)
	624  -  ResidentSetSize of job (KB)
...
006 (111472057.057.000) 04/24 14:25:14 Image size of job updated: 652
	1  -  MemoryUsage of job (MB)
	652  -  ResidentSetSize of job (KB)
...
006 (111472057.057.000) 04/24 14:30:16 Image size of job updated: 581872
	493  -  MemoryUsage of job (MB)
	503876  -  ResidentSetSize of job (KB)
...
006 (111472057.057.000) 04/24 14:35:15 Image size of job updated: 1230568
	1126  -  MemoryUsage of job (MB)
	1152516  -  ResidentSetSize of job (KB)
...
006 (111472057.057.000) 04/24 14:40:16 Image size of job updated: 2116120
	1991  -  MemoryUsage of job (MB)
	2038068  -  ResidentSetSize of job (KB)
...
006 (111472057.057.000) 04/24 14:45:17 Image size of job updated: 3314496
	3161  -  MemoryUsage of job (MB)
	3236444  -  ResidentSetSize of job (KB)
...
006 (111472057.057.000) 04/24 14:50:18 Image size of job updated: 4893288
	4703  -  MemoryUsage of job (MB)
	4815236  -  ResidentSetSize of job (KB)
...
006 (111472057.057.000) 04/24 14:55:19 Image size of job updated: 6381896
	6157  -  MemoryUsage of job (MB)
	6303844  -  ResidentSetSize of job (KB)
...
006 (111472057.057.000) 04/24 15:00:20 Image size of job updated: 7779500
	7521  -  MemoryUsage of job (MB)
	7701448  -  ResidentSetSize of job (KB)
...
006 (111472057.057.000) 04/24 15:05:21 Image size of job updated: 9134664
	8845  -  MemoryUsage of job (MB)
	9056612  -  ResidentSetSize of job (KB)
...
006 (111472057.057.000) 04/24 15:10:22 Image size of job updated: 10298424
	9981  -  MemoryUsage of job (MB)
	10220372  -  ResidentSetSize of job (KB)
...
006 (111472057.057.000) 04/24 15:15:23 Image size of job updated: 11518652
	11173  -  MemoryUsage of job (MB)
	11440600  -  ResidentSetSize of job (KB)
...
006 (111472057.057.000) 04/24 15:20:24 Image size of job updated: 12759260
	12384  -  MemoryUsage of job (MB)
	12681208  -  ResidentSetSize of job (KB)
...
006 (111472057.057.000) 04/24 15:25:25 Image size of job updated: 14015716
	13611  -  MemoryUsage of job (MB)
	13937664  -  ResidentSetSize of job (KB)
...
006 (111472057.057.000) 04/24 15:30:26 Image size of job updated: 15170428
	14739  -  MemoryUsage of job (MB)
	15092376  -  ResidentSetSize of job (KB)
...
006 (111472057.057.000) 04/24 15:35:27 Image size of job updated: 16236140
	15780  -  MemoryUsage of job (MB)
	16158088  -  ResidentSetSize of job (KB)
...
006 (111472057.057.000) 04/24 15:40:27 Image size of job updated: 17407512
	16917  -  MemoryUsage of job (MB)
	17322500  -  ResidentSetSize of job (KB)
...
006 (111472057.057.000) 04/24 15:45:28 Image size of job updated: 18554192
	18010  -  MemoryUsage of job (MB)
	18442112  -  ResidentSetSize of job (KB)
...
006 (111472057.057.000) 04/24 15:50:28 Image size of job updated: 19411100
	18813  -  MemoryUsage of job (MB)
	19263512  -  ResidentSetSize of job (KB)
...
006 (111472057.057.000) 04/24 15:55:29 Image size of job updated: 20352092
	19662  -  MemoryUsage of job (MB)
	20133072  -  ResidentSetSize of job (KB)
...
006 (111472057.057.000) 04/24 16:00:29 Image size of job updated: 21145344
	20165  -  MemoryUsage of job (MB)
	20648836  -  ResidentSetSize of job (KB)
...
006 (111472057.057.000) 04/24 16:02:29 Image size of job updated: 21145344
	20167  -  MemoryUsage of job (MB)
	20650344  -  ResidentSetSize of job (KB)
...
005 (111472057.057.000) 04/24 16:02:31 Job terminated.
	(1) Normal termination (return value 0)
		Usr 0 01:23:43, Sys 0 00:01:27  -  Run Remote Usage
		Usr 0 00:00:00, Sys 0 00:00:00  -  Run Local Usage
		Usr 0 01:23:43, Sys 0 00:01:27  -  Total Remote Usage
		Usr 0 00:00:00, Sys 0 00:00:00  -  Total Local Usage
	19882316  -  Run Bytes Sent By Job
	1780295040  -  Run Bytes Received By Job
	19882316  -  Total Bytes Sent By Job
	1780295040  -  Total Bytes Received By Job
	Partitionable Resources :      Usage  Request Allocated 
	   Cpus                 :       0.40        1         1 
	   Disk (KB)            : 6849146    20971520  21209557 
	   Ioheavy              :                             0 
	   Memory (MB)          :   20167       20480     20480 
...
