000 (111367039.028.000) 04/22 22:37:22 Job submitted from host: <128.104.100.44:9618?addrs=128.104.100.44-9618+[2607-f388-107c-501-90e2-baff-fe2c-2724]-9618&noUDP&sock=1497440_afb9_3>
...
001 (111367039.028.000) 04/22 22:46:55 Job executing on host: <128.105.245.167:9618?addrs=128.105.245.167-9618&noUDP&sock=5445_6544_7>
...
006 (111367039.028.000) 04/22 22:47:07 Image size of job updated: 648
	1  -  MemoryUsage of job (MB)
	628  -  ResidentSetSize of job (KB)
...
006 (111367039.028.000) 04/22 22:52:06 Image size of job updated: 688
	1  -  MemoryUsage of job (MB)
	668  -  ResidentSetSize of job (KB)
...
006 (111367039.028.000) 04/22 22:57:06 Image size of job updated: 591964
	502  -  MemoryUsage of job (MB)
	513948  -  ResidentSetSize of job (KB)
...
006 (111367039.028.000) 04/22 23:02:07 Image size of job updated: 1055920
	955  -  MemoryUsage of job (MB)
	977848  -  ResidentSetSize of job (KB)
...
006 (111367039.028.000) 04/22 23:07:07 Image size of job updated: 1720172
	1604  -  MemoryUsage of job (MB)
	1642100  -  ResidentSetSize of job (KB)
...
006 (111367039.028.000) 04/22 23:12:09 Image size of job updated: 2469940
	2336  -  MemoryUsage of job (MB)
	2391868  -  ResidentSetSize of job (KB)
...
006 (111367039.028.000) 04/22 23:17:09 Image size of job updated: 3319356
	3166  -  MemoryUsage of job (MB)
	3241284  -  ResidentSetSize of job (KB)
...
006 (111367039.028.000) 04/22 23:22:10 Image size of job updated: 4361028
	4183  -  MemoryUsage of job (MB)
	4282956  -  ResidentSetSize of job (KB)
...
006 (111367039.028.000) 04/22 23:27:10 Image size of job updated: 5312756
	5112  -  MemoryUsage of job (MB)
	5234684  -  ResidentSetSize of job (KB)
...
006 (111367039.028.000) 04/22 23:32:10 Image size of job updated: 6190184
	5969  -  MemoryUsage of job (MB)
	6112112  -  ResidentSetSize of job (KB)
...
006 (111367039.028.000) 04/22 23:37:11 Image size of job updated: 7073860
	6832  -  MemoryUsage of job (MB)
	6995788  -  ResidentSetSize of job (KB)
...
006 (111367039.028.000) 04/22 23:42:11 Image size of job updated: 8008096
	7745  -  MemoryUsage of job (MB)
	7930024  -  ResidentSetSize of job (KB)
...
006 (111367039.028.000) 04/22 23:47:11 Image size of job updated: 8866656
	8583  -  MemoryUsage of job (MB)
	8788584  -  ResidentSetSize of job (KB)
...
006 (111367039.028.000) 04/22 23:52:11 Image size of job updated: 9639740
	9338  -  MemoryUsage of job (MB)
	9561668  -  ResidentSetSize of job (KB)
...
006 (111367039.028.000) 04/22 23:57:12 Image size of job updated: 10405820
	10086  -  MemoryUsage of job (MB)
	10327748  -  ResidentSetSize of job (KB)
...
006 (111367039.028.000) 04/23 00:02:12 Image size of job updated: 11098284
	10762  -  MemoryUsage of job (MB)
	11020212  -  ResidentSetSize of job (KB)
...
006 (111367039.028.000) 04/23 00:07:12 Image size of job updated: 11847360
	11494  -  MemoryUsage of job (MB)
	11769288  -  ResidentSetSize of job (KB)
...
006 (111367039.028.000) 04/23 00:12:13 Image size of job updated: 12613064
	12242  -  MemoryUsage of job (MB)
	12534992  -  ResidentSetSize of job (KB)
...
006 (111367039.028.000) 04/23 00:17:13 Image size of job updated: 13341336
	12953  -  MemoryUsage of job (MB)
	13263264  -  ResidentSetSize of job (KB)
...
006 (111367039.028.000) 04/23 00:22:14 Image size of job updated: 14132268
	13725  -  MemoryUsage of job (MB)
	14054196  -  ResidentSetSize of job (KB)
...
006 (111367039.028.000) 04/23 00:27:14 Image size of job updated: 14869984
	14446  -  MemoryUsage of job (MB)
	14791912  -  ResidentSetSize of job (KB)
...
006 (111367039.028.000) 04/23 00:32:14 Image size of job updated: 15654892
	15212  -  MemoryUsage of job (MB)
	15576820  -  ResidentSetSize of job (KB)
...
006 (111367039.028.000) 04/23 00:37:15 Image size of job updated: 16473872
	16012  -  MemoryUsage of job (MB)
	16395800  -  ResidentSetSize of job (KB)
...
006 (111367039.028.000) 04/23 00:42:15 Image size of job updated: 17313892
	16836  -  MemoryUsage of job (MB)
	17239336  -  ResidentSetSize of job (KB)
...
006 (111367039.028.000) 04/23 00:47:16 Image size of job updated: 18050084
	17562  -  MemoryUsage of job (MB)
	17982768  -  ResidentSetSize of job (KB)
...
006 (111367039.028.000) 04/23 00:52:16 Image size of job updated: 18912720
	18436  -  MemoryUsage of job (MB)
	18877612  -  ResidentSetSize of job (KB)
...
006 (111367039.028.000) 04/23 00:57:17 Image size of job updated: 19637096
	19139  -  MemoryUsage of job (MB)
	19597560  -  ResidentSetSize of job (KB)
...
006 (111367039.028.000) 04/23 01:02:17 Image size of job updated: 20516720
	19965  -  MemoryUsage of job (MB)
	20443728  -  ResidentSetSize of job (KB)
...
006 (111367039.028.000) 04/23 01:06:33 Image size of job updated: 21108592
	19967  -  MemoryUsage of job (MB)
	20445348  -  ResidentSetSize of job (KB)
...
005 (111367039.028.000) 04/23 01:06:35 Job terminated.
	(1) Normal termination (return value 0)
		Usr 0 02:09:32, Sys 0 00:02:05  -  Run Remote Usage
		Usr 0 00:00:00, Sys 0 00:00:00  -  Run Local Usage
		Usr 0 02:09:32, Sys 0 00:02:05  -  Total Remote Usage
		Usr 0 00:00:00, Sys 0 00:00:00  -  Total Local Usage
	20560184  -  Run Bytes Sent By Job
	1780294656  -  Run Bytes Received By Job
	20560184  -  Total Bytes Sent By Job
	1780294656  -  Total Bytes Received By Job
	Partitionable Resources :      Usage  Request Allocated 
	   Cpus                 :       0.99        1         1 
	   Disk (KB)            : 6849807    20971520  21423556 
	   Ioheavy              :                             0 
	   Memory (MB)          :   19967       20480     20480 
...
