000 (111367039.140.000) 04/22 22:37:22 Job submitted from host: <128.104.100.44:9618?addrs=128.104.100.44-9618+[2607-f388-107c-501-90e2-baff-fe2c-2724]-9618&noUDP&sock=1497440_afb9_3>
...
001 (111367039.140.000) 04/23 01:38:38 Job executing on host: <128.105.245.217:9618?addrs=128.105.245.217-9618&noUDP&sock=5464_e5ec_3>
...
006 (111367039.140.000) 04/23 01:38:47 Image size of job updated: 620
	1  -  MemoryUsage of job (MB)
	620  -  ResidentSetSize of job (KB)
...
006 (111367039.140.000) 04/23 01:43:50 Image size of job updated: 648
	1  -  MemoryUsage of job (MB)
	648  -  ResidentSetSize of job (KB)
...
006 (111367039.140.000) 04/23 01:48:48 Image size of job updated: 349560
	266  -  MemoryUsage of job (MB)
	271564  -  ResidentSetSize of job (KB)
...
006 (111367039.140.000) 04/23 01:53:48 Image size of job updated: 658384
	567  -  MemoryUsage of job (MB)
	580388  -  ResidentSetSize of job (KB)
...
006 (111367039.140.000) 04/23 01:58:49 Image size of job updated: 1057052
	957  -  MemoryUsage of job (MB)
	979000  -  ResidentSetSize of job (KB)
...
006 (111367039.140.000) 04/23 02:03:50 Image size of job updated: 1656892
	1542  -  MemoryUsage of job (MB)
	1578840  -  ResidentSetSize of job (KB)
...
006 (111367039.140.000) 04/23 02:08:50 Image size of job updated: 2284052
	2155  -  MemoryUsage of job (MB)
	2206000  -  ResidentSetSize of job (KB)
...
006 (111367039.140.000) 04/23 02:13:51 Image size of job updated: 2841980
	2700  -  MemoryUsage of job (MB)
	2763928  -  ResidentSetSize of job (KB)
...
006 (111367039.140.000) 04/23 02:18:52 Image size of job updated: 3632696
	3472  -  MemoryUsage of job (MB)
	3554644  -  ResidentSetSize of job (KB)
...
006 (111367039.140.000) 04/23 02:23:53 Image size of job updated: 4375400
	4197  -  MemoryUsage of job (MB)
	4297348  -  ResidentSetSize of job (KB)
...
006 (111367039.140.000) 04/23 02:28:53 Image size of job updated: 5007180
	4814  -  MemoryUsage of job (MB)
	4929128  -  ResidentSetSize of job (KB)
...
006 (111367039.140.000) 04/23 02:33:53 Image size of job updated: 5755704
	5545  -  MemoryUsage of job (MB)
	5677652  -  ResidentSetSize of job (KB)
...
006 (111367039.140.000) 04/23 02:38:53 Image size of job updated: 6803432
	6568  -  MemoryUsage of job (MB)
	6725380  -  ResidentSetSize of job (KB)
...
006 (111367039.140.000) 04/23 02:43:53 Image size of job updated: 7754220
	7497  -  MemoryUsage of job (MB)
	7676168  -  ResidentSetSize of job (KB)
...
006 (111367039.140.000) 04/23 02:48:54 Image size of job updated: 8401532
	8129  -  MemoryUsage of job (MB)
	8323480  -  ResidentSetSize of job (KB)
...
006 (111367039.140.000) 04/23 02:53:55 Image size of job updated: 9090304
	8802  -  MemoryUsage of job (MB)
	9012252  -  ResidentSetSize of job (KB)
...
006 (111367039.140.000) 04/23 02:58:56 Image size of job updated: 9652792
	9351  -  MemoryUsage of job (MB)
	9574740  -  ResidentSetSize of job (KB)
...
006 (111367039.140.000) 04/23 03:03:56 Image size of job updated: 10166152
	9852  -  MemoryUsage of job (MB)
	10088100  -  ResidentSetSize of job (KB)
...
006 (111367039.140.000) 04/23 03:08:57 Image size of job updated: 10757572
	10430  -  MemoryUsage of job (MB)
	10679520  -  ResidentSetSize of job (KB)
...
006 (111367039.140.000) 04/23 03:13:57 Image size of job updated: 11313240
	10972  -  MemoryUsage of job (MB)
	11235188  -  ResidentSetSize of job (KB)
...
006 (111367039.140.000) 04/23 03:18:57 Image size of job updated: 12018844
	11661  -  MemoryUsage of job (MB)
	11940792  -  ResidentSetSize of job (KB)
...
006 (111367039.140.000) 04/23 03:23:58 Image size of job updated: 12590348
	12220  -  MemoryUsage of job (MB)
	12512296  -  ResidentSetSize of job (KB)
...
006 (111367039.140.000) 04/23 03:28:59 Image size of job updated: 13334920
	12947  -  MemoryUsage of job (MB)
	13256868  -  ResidentSetSize of job (KB)
...
006 (111367039.140.000) 04/23 03:33:59 Image size of job updated: 13863356
	13463  -  MemoryUsage of job (MB)
	13785304  -  ResidentSetSize of job (KB)
...
006 (111367039.140.000) 04/23 03:38:59 Image size of job updated: 14772500
	14351  -  MemoryUsage of job (MB)
	14694448  -  ResidentSetSize of job (KB)
...
006 (111367039.140.000) 04/23 03:43:59 Image size of job updated: 15532620
	15092  -  MemoryUsage of job (MB)
	15453252  -  ResidentSetSize of job (KB)
...
006 (111367039.140.000) 04/23 03:49:00 Image size of job updated: 16567540
	16094  -  MemoryUsage of job (MB)
	16479372  -  ResidentSetSize of job (KB)
...
006 (111367039.140.000) 04/23 03:54:01 Image size of job updated: 17263892
	16769  -  MemoryUsage of job (MB)
	17170544  -  ResidentSetSize of job (KB)
...
006 (111367039.140.000) 04/23 03:59:01 Image size of job updated: 17919484
	17400  -  MemoryUsage of job (MB)
	17817432  -  ResidentSetSize of job (KB)
...
006 (111367039.140.000) 04/23 04:04:02 Image size of job updated: 18855820
	18306  -  MemoryUsage of job (MB)
	18744572  -  ResidentSetSize of job (KB)
...
006 (111367039.140.000) 04/23 04:09:02 Image size of job updated: 19697744
	19114  -  MemoryUsage of job (MB)
	19571852  -  ResidentSetSize of job (KB)
...
006 (111367039.140.000) 04/23 04:14:03 Image size of job updated: 20415424
	19778  -  MemoryUsage of job (MB)
	20251748  -  ResidentSetSize of job (KB)
...
006 (111367039.140.000) 04/23 04:17:53 Image size of job updated: 20915440
	19779  -  MemoryUsage of job (MB)
	20253352  -  ResidentSetSize of job (KB)
...
005 (111367039.140.000) 04/23 04:17:54 Job terminated.
	(1) Normal termination (return value 0)
		Usr 0 01:59:18, Sys 0 00:02:01  -  Run Remote Usage
		Usr 0 00:00:00, Sys 0 00:00:00  -  Run Local Usage
		Usr 0 01:59:18, Sys 0 00:02:01  -  Total Remote Usage
		Usr 0 00:00:00, Sys 0 00:00:00  -  Total Local Usage
	20303540  -  Run Bytes Sent By Job
	1780294656  -  Run Bytes Received By Job
	20303540  -  Total Bytes Sent By Job
	1780294656  -  Total Bytes Received By Job
	Partitionable Resources :      Usage  Request Allocated 
	   Cpus                 :       1.00        1         1 
	   Disk (KB)            : 6849557    20971520  21855897 
	   Ioheavy              :                             0 
	   Memory (MB)          :   19779       20480     20480 
...
