000 (111367039.058.000) 04/22 22:37:22 Job submitted from host: <128.104.100.44:9618?addrs=128.104.100.44-9618+[2607-f388-107c-501-90e2-baff-fe2c-2724]-9618&noUDP&sock=1497440_afb9_3>
...
001 (111367039.058.000) 04/22 22:47:55 Job executing on host: <128.105.245.249:9618?addrs=128.105.245.249-9618&noUDP&sock=5434_d9ba_3>
...
006 (111367039.058.000) 04/22 22:48:04 Image size of job updated: 628
	1  -  MemoryUsage of job (MB)
	628  -  ResidentSetSize of job (KB)
...
006 (111367039.058.000) 04/22 22:53:05 Image size of job updated: 652
	1  -  MemoryUsage of job (MB)
	652  -  ResidentSetSize of job (KB)
...
006 (111367039.058.000) 04/22 23:03:09 Image size of job updated: 664
	1  -  MemoryUsage of job (MB)
	664  -  ResidentSetSize of job (KB)
...
006 (111367039.058.000) 04/22 23:08:07 Image size of job updated: 450000
	364  -  MemoryUsage of job (MB)
	372004  -  ResidentSetSize of job (KB)
...
006 (111367039.058.000) 04/22 23:13:07 Image size of job updated: 857728
	762  -  MemoryUsage of job (MB)
	779676  -  ResidentSetSize of job (KB)
...
006 (111367039.058.000) 04/22 23:18:07 Image size of job updated: 1393992
	1286  -  MemoryUsage of job (MB)
	1315940  -  ResidentSetSize of job (KB)
...
006 (111367039.058.000) 04/22 23:23:07 Image size of job updated: 2229760
	2102  -  MemoryUsage of job (MB)
	2151708  -  ResidentSetSize of job (KB)
...
006 (111367039.058.000) 04/22 23:28:07 Image size of job updated: 2984812
	2839  -  MemoryUsage of job (MB)
	2906760  -  ResidentSetSize of job (KB)
...
006 (111367039.058.000) 04/22 23:33:08 Image size of job updated: 3911600
	3744  -  MemoryUsage of job (MB)
	3833548  -  ResidentSetSize of job (KB)
...
006 (111367039.058.000) 04/22 23:38:08 Image size of job updated: 4488600
	4308  -  MemoryUsage of job (MB)
	4410548  -  ResidentSetSize of job (KB)
...
006 (111367039.058.000) 04/22 23:43:08 Image size of job updated: 5169080
	4972  -  MemoryUsage of job (MB)
	5091028  -  ResidentSetSize of job (KB)
...
006 (111367039.058.000) 04/22 23:48:09 Image size of job updated: 6082444
	5864  -  MemoryUsage of job (MB)
	6004392  -  ResidentSetSize of job (KB)
...
006 (111367039.058.000) 04/22 23:53:10 Image size of job updated: 6969620
	6731  -  MemoryUsage of job (MB)
	6891568  -  ResidentSetSize of job (KB)
...
006 (111367039.058.000) 04/22 23:58:11 Image size of job updated: 7905168
	7644  -  MemoryUsage of job (MB)
	7827116  -  ResidentSetSize of job (KB)
...
006 (111367039.058.000) 04/23 00:03:11 Image size of job updated: 8609120
	8332  -  MemoryUsage of job (MB)
	8531068  -  ResidentSetSize of job (KB)
...
006 (111367039.058.000) 04/23 00:08:11 Image size of job updated: 9370740
	9075  -  MemoryUsage of job (MB)
	9292688  -  ResidentSetSize of job (KB)
...
006 (111367039.058.000) 04/23 00:13:12 Image size of job updated: 10087352
	9775  -  MemoryUsage of job (MB)
	10009300  -  ResidentSetSize of job (KB)
...
006 (111367039.058.000) 04/23 00:18:13 Image size of job updated: 10791560
	10463  -  MemoryUsage of job (MB)
	10713508  -  ResidentSetSize of job (KB)
...
006 (111367039.058.000) 04/23 00:23:14 Image size of job updated: 11369964
	11028  -  MemoryUsage of job (MB)
	11291912  -  ResidentSetSize of job (KB)
...
006 (111367039.058.000) 04/23 00:28:14 Image size of job updated: 12047712
	11690  -  MemoryUsage of job (MB)
	11969660  -  ResidentSetSize of job (KB)
...
006 (111367039.058.000) 04/23 00:33:14 Image size of job updated: 12808072
	12432  -  MemoryUsage of job (MB)
	12730020  -  ResidentSetSize of job (KB)
...
006 (111367039.058.000) 04/23 00:38:14 Image size of job updated: 13253728
	12867  -  MemoryUsage of job (MB)
	13175676  -  ResidentSetSize of job (KB)
...
006 (111367039.058.000) 04/23 00:43:15 Image size of job updated: 13951948
	13549  -  MemoryUsage of job (MB)
	13873896  -  ResidentSetSize of job (KB)
...
006 (111367039.058.000) 04/23 00:48:16 Image size of job updated: 14662068
	14243  -  MemoryUsage of job (MB)
	14584016  -  ResidentSetSize of job (KB)
...
006 (111367039.058.000) 04/23 00:53:17 Image size of job updated: 15265716
	14832  -  MemoryUsage of job (MB)
	15187664  -  ResidentSetSize of job (KB)
...
006 (111367039.058.000) 04/23 00:58:17 Image size of job updated: 16148228
	15694  -  MemoryUsage of job (MB)
	16070176  -  ResidentSetSize of job (KB)
...
006 (111367039.058.000) 04/23 01:03:17 Image size of job updated: 16820936
	16351  -  MemoryUsage of job (MB)
	16742884  -  ResidentSetSize of job (KB)
...
006 (111367039.058.000) 04/23 01:08:18 Image size of job updated: 17659580
	17170  -  MemoryUsage of job (MB)
	17581528  -  ResidentSetSize of job (KB)
...
006 (111367039.058.000) 04/23 01:13:18 Image size of job updated: 18559912
	18048  -  MemoryUsage of job (MB)
	18480336  -  ResidentSetSize of job (KB)
...
006 (111367039.058.000) 04/23 01:18:18 Image size of job updated: 19224992
	18696  -  MemoryUsage of job (MB)
	19144444  -  ResidentSetSize of job (KB)
...
006 (111367039.058.000) 04/23 01:23:19 Image size of job updated: 19893676
	19341  -  MemoryUsage of job (MB)
	19805072  -  ResidentSetSize of job (KB)
...
006 (111367039.058.000) 04/23 01:28:22 Image size of job updated: 20535040
	19917  -  MemoryUsage of job (MB)
	20394784  -  ResidentSetSize of job (KB)
...
006 (111367039.058.000) 04/23 01:31:00 Image size of job updated: 20535040
	19919  -  MemoryUsage of job (MB)
	20396380  -  ResidentSetSize of job (KB)
...
005 (111367039.058.000) 04/23 01:31:01 Job terminated.
	(1) Normal termination (return value 0)
		Usr 0 02:02:22, Sys 0 00:02:09  -  Run Remote Usage
		Usr 0 00:00:00, Sys 0 00:00:00  -  Run Local Usage
		Usr 0 02:02:22, Sys 0 00:02:09  -  Total Remote Usage
		Usr 0 00:00:00, Sys 0 00:00:00  -  Total Local Usage
	20081878  -  Run Bytes Sent By Job
	1780294656  -  Run Bytes Received By Job
	20081878  -  Total Bytes Sent By Job
	1780294656  -  Total Bytes Received By Job
	Partitionable Resources :      Usage  Request Allocated 
	   Cpus                 :       0.95        1         1 
	   Disk (KB)            : 6849340    20971520  21171304 
	   Ioheavy              :                             0 
	   Memory (MB)          :   19919       20480     20480 
...
