000 (111367039.137.000) 04/22 22:37:22 Job submitted from host: <128.104.100.44:9618?addrs=128.104.100.44-9618+[2607-f388-107c-501-90e2-baff-fe2c-2724]-9618&noUDP&sock=1497440_afb9_3>
...
001 (111367039.137.000) 04/23 01:35:53 Job executing on host: <128.105.245.156:9618?addrs=128.105.245.156-9618&noUDP&sock=5445_6544_3>
...
006 (111367039.137.000) 04/23 01:36:02 Image size of job updated: 636
	1  -  MemoryUsage of job (MB)
	636  -  ResidentSetSize of job (KB)
...
006 (111367039.137.000) 04/23 01:41:05 Image size of job updated: 676
	1  -  MemoryUsage of job (MB)
	676  -  ResidentSetSize of job (KB)
...
006 (111367039.137.000) 04/23 01:46:04 Image size of job updated: 557916
	469  -  MemoryUsage of job (MB)
	479920  -  ResidentSetSize of job (KB)
...
006 (111367039.137.000) 04/23 01:51:04 Image size of job updated: 869720
	774  -  MemoryUsage of job (MB)
	791668  -  ResidentSetSize of job (KB)
...
006 (111367039.137.000) 04/23 01:56:05 Image size of job updated: 1239660
	1135  -  MemoryUsage of job (MB)
	1161608  -  ResidentSetSize of job (KB)
...
006 (111367039.137.000) 04/23 02:01:05 Image size of job updated: 1968156
	1846  -  MemoryUsage of job (MB)
	1890104  -  ResidentSetSize of job (KB)
...
006 (111367039.137.000) 04/23 02:06:06 Image size of job updated: 2512612
	2378  -  MemoryUsage of job (MB)
	2434560  -  ResidentSetSize of job (KB)
...
006 (111367039.137.000) 04/23 02:11:06 Image size of job updated: 3204004
	3053  -  MemoryUsage of job (MB)
	3125952  -  ResidentSetSize of job (KB)
...
006 (111367039.137.000) 04/23 02:16:07 Image size of job updated: 4010988
	3841  -  MemoryUsage of job (MB)
	3932936  -  ResidentSetSize of job (KB)
...
006 (111367039.137.000) 04/23 02:21:07 Image size of job updated: 4735908
	4549  -  MemoryUsage of job (MB)
	4657856  -  ResidentSetSize of job (KB)
...
006 (111367039.137.000) 04/23 02:26:08 Image size of job updated: 5506328
	5302  -  MemoryUsage of job (MB)
	5428276  -  ResidentSetSize of job (KB)
...
006 (111367039.137.000) 04/23 02:31:08 Image size of job updated: 6474660
	6247  -  MemoryUsage of job (MB)
	6396608  -  ResidentSetSize of job (KB)
...
006 (111367039.137.000) 04/23 02:36:09 Image size of job updated: 7235272
	6990  -  MemoryUsage of job (MB)
	7157220  -  ResidentSetSize of job (KB)
...
006 (111367039.137.000) 04/23 02:41:09 Image size of job updated: 7875900
	7616  -  MemoryUsage of job (MB)
	7797848  -  ResidentSetSize of job (KB)
...
006 (111367039.137.000) 04/23 02:46:10 Image size of job updated: 8647608
	8369  -  MemoryUsage of job (MB)
	8569556  -  ResidentSetSize of job (KB)
...
006 (111367039.137.000) 04/23 02:51:10 Image size of job updated: 9206692
	8915  -  MemoryUsage of job (MB)
	9128640  -  ResidentSetSize of job (KB)
...
006 (111367039.137.000) 04/23 02:56:11 Image size of job updated: 9652912
	9351  -  MemoryUsage of job (MB)
	9574860  -  ResidentSetSize of job (KB)
...
006 (111367039.137.000) 04/23 03:01:11 Image size of job updated: 10106356
	9794  -  MemoryUsage of job (MB)
	10028304  -  ResidentSetSize of job (KB)
...
006 (111367039.137.000) 04/23 03:06:11 Image size of job updated: 10803852
	10475  -  MemoryUsage of job (MB)
	10725800  -  ResidentSetSize of job (KB)
...
006 (111367039.137.000) 04/23 03:11:11 Image size of job updated: 11448468
	11104  -  MemoryUsage of job (MB)
	11370416  -  ResidentSetSize of job (KB)
...
006 (111367039.137.000) 04/23 03:16:12 Image size of job updated: 12131284
	11771  -  MemoryUsage of job (MB)
	12053232  -  ResidentSetSize of job (KB)
...
006 (111367039.137.000) 04/23 03:21:12 Image size of job updated: 12582972
	12212  -  MemoryUsage of job (MB)
	12504920  -  ResidentSetSize of job (KB)
...
006 (111367039.137.000) 04/23 03:26:13 Image size of job updated: 13171944
	12788  -  MemoryUsage of job (MB)
	13093892  -  ResidentSetSize of job (KB)
...
006 (111367039.137.000) 04/23 03:31:13 Image size of job updated: 13621080
	13226  -  MemoryUsage of job (MB)
	13543028  -  ResidentSetSize of job (KB)
...
006 (111367039.137.000) 04/23 03:36:14 Image size of job updated: 14131856
	13725  -  MemoryUsage of job (MB)
	14053804  -  ResidentSetSize of job (KB)
...
006 (111367039.137.000) 04/23 03:41:14 Image size of job updated: 15233952
	14801  -  MemoryUsage of job (MB)
	15155900  -  ResidentSetSize of job (KB)
...
006 (111367039.137.000) 04/23 03:46:14 Image size of job updated: 16257064
	15800  -  MemoryUsage of job (MB)
	16179012  -  ResidentSetSize of job (KB)
...
006 (111367039.137.000) 04/23 03:51:15 Image size of job updated: 16835380
	16365  -  MemoryUsage of job (MB)
	16757328  -  ResidentSetSize of job (KB)
...
006 (111367039.137.000) 04/23 03:56:16 Image size of job updated: 17259636
	16779  -  MemoryUsage of job (MB)
	17181076  -  ResidentSetSize of job (KB)
...
006 (111367039.137.000) 04/23 04:01:16 Image size of job updated: 18065684
	17565  -  MemoryUsage of job (MB)
	17986080  -  ResidentSetSize of job (KB)
...
006 (111367039.137.000) 04/23 04:06:16 Image size of job updated: 18545340
	18033  -  MemoryUsage of job (MB)
	18464988  -  ResidentSetSize of job (KB)
...
006 (111367039.137.000) 04/23 04:11:17 Image size of job updated: 19334080
	18801  -  MemoryUsage of job (MB)
	19251256  -  ResidentSetSize of job (KB)
...
006 (111367039.137.000) 04/23 04:16:17 Image size of job updated: 20058300
	19492  -  MemoryUsage of job (MB)
	19958940  -  ResidentSetSize of job (KB)
...
006 (111367039.137.000) 04/23 04:21:18 Image size of job updated: 20666620
	20025  -  MemoryUsage of job (MB)
	20505240  -  ResidentSetSize of job (KB)
...
006 (111367039.137.000) 04/23 04:23:19 Image size of job updated: 20895940
	20026  -  MemoryUsage of job (MB)
	20506488  -  ResidentSetSize of job (KB)
...
005 (111367039.137.000) 04/23 04:23:21 Job terminated.
	(1) Normal termination (return value 0)
		Usr 0 02:02:36, Sys 0 00:02:01  -  Run Remote Usage
		Usr 0 00:00:00, Sys 0 00:00:00  -  Run Local Usage
		Usr 0 02:02:36, Sys 0 00:02:01  -  Total Remote Usage
		Usr 0 00:00:00, Sys 0 00:00:00  -  Total Local Usage
	20305050  -  Run Bytes Sent By Job
	1780294656  -  Run Bytes Received By Job
	20305050  -  Total Bytes Sent By Job
	1780294656  -  Total Bytes Received By Job
	Partitionable Resources :      Usage  Request Allocated 
	   Cpus                 :       1.00        1         1 
	   Disk (KB)            : 6849557    20971520  22289510 
	   Ioheavy              :                             0 
	   Memory (MB)          :   20026       20480     20480 
...
