000 (111472057.106.000) 04/24 11:52:17 Job submitted from host: <128.104.100.44:9618?addrs=128.104.100.44-9618+[2607-f388-107c-501-90e2-baff-fe2c-2724]-9618&noUDP&sock=4699_0235_3>
...
001 (111472057.106.000) 04/24 17:21:51 Job executing on host: <128.105.245.188:9618?addrs=128.105.245.188-9618&noUDP&sock=5463_bdf9_3>
...
006 (111472057.106.000) 04/24 17:22:00 Image size of job updated: 628
	1  -  MemoryUsage of job (MB)
	628  -  ResidentSetSize of job (KB)
...
006 (111472057.106.000) 04/24 17:27:01 Image size of job updated: 656
	1  -  MemoryUsage of job (MB)
	656  -  ResidentSetSize of job (KB)
...
006 (111472057.106.000) 04/24 17:32:02 Image size of job updated: 618760
	529  -  MemoryUsage of job (MB)
	540764  -  ResidentSetSize of job (KB)
...
006 (111472057.106.000) 04/24 17:37:02 Image size of job updated: 1538576
	1427  -  MemoryUsage of job (MB)
	1460524  -  ResidentSetSize of job (KB)
...
006 (111472057.106.000) 04/24 17:42:02 Image size of job updated: 2447804
	2315  -  MemoryUsage of job (MB)
	2369752  -  ResidentSetSize of job (KB)
...
006 (111472057.106.000) 04/24 17:47:03 Image size of job updated: 3398360
	3243  -  MemoryUsage of job (MB)
	3320308  -  ResidentSetSize of job (KB)
...
006 (111472057.106.000) 04/24 17:52:05 Image size of job updated: 4345548
	4168  -  MemoryUsage of job (MB)
	4267496  -  ResidentSetSize of job (KB)
...
006 (111472057.106.000) 04/24 17:57:06 Image size of job updated: 5004340
	4811  -  MemoryUsage of job (MB)
	4926288  -  ResidentSetSize of job (KB)
...
006 (111472057.106.000) 04/24 18:02:08 Image size of job updated: 5787580
	5576  -  MemoryUsage of job (MB)
	5709528  -  ResidentSetSize of job (KB)
...
006 (111472057.106.000) 04/24 18:07:07 Image size of job updated: 6524496
	6296  -  MemoryUsage of job (MB)
	6446444  -  ResidentSetSize of job (KB)
...
006 (111472057.106.000) 04/24 18:12:08 Image size of job updated: 7325436
	7078  -  MemoryUsage of job (MB)
	7247384  -  ResidentSetSize of job (KB)
...
006 (111472057.106.000) 04/24 18:17:09 Image size of job updated: 8056368
	7792  -  MemoryUsage of job (MB)
	7978316  -  ResidentSetSize of job (KB)
...
006 (111472057.106.000) 04/24 18:22:10 Image size of job updated: 8638892
	8361  -  MemoryUsage of job (MB)
	8560840  -  ResidentSetSize of job (KB)
...
006 (111472057.106.000) 04/24 18:27:10 Image size of job updated: 9280868
	8988  -  MemoryUsage of job (MB)
	9202816  -  ResidentSetSize of job (KB)
...
006 (111472057.106.000) 04/24 18:32:12 Image size of job updated: 9840912
	9535  -  MemoryUsage of job (MB)
	9762860  -  ResidentSetSize of job (KB)
...
006 (111472057.106.000) 04/24 18:37:12 Image size of job updated: 10517916
	10196  -  MemoryUsage of job (MB)
	10439864  -  ResidentSetSize of job (KB)
...
006 (111472057.106.000) 04/24 18:42:13 Image size of job updated: 11231980
	10893  -  MemoryUsage of job (MB)
	11153928  -  ResidentSetSize of job (KB)
...
006 (111472057.106.000) 04/24 18:47:13 Image size of job updated: 11999016
	11642  -  MemoryUsage of job (MB)
	11920964  -  ResidentSetSize of job (KB)
...
006 (111472057.106.000) 04/24 18:52:13 Image size of job updated: 12593308
	12222  -  MemoryUsage of job (MB)
	12515256  -  ResidentSetSize of job (KB)
...
006 (111472057.106.000) 04/24 18:57:13 Image size of job updated: 13388312
	12999  -  MemoryUsage of job (MB)
	13310260  -  ResidentSetSize of job (KB)
...
006 (111472057.106.000) 04/24 19:02:14 Image size of job updated: 14210952
	13802  -  MemoryUsage of job (MB)
	14132900  -  ResidentSetSize of job (KB)
...
006 (111472057.106.000) 04/24 19:07:15 Image size of job updated: 14904720
	14480  -  MemoryUsage of job (MB)
	14826668  -  ResidentSetSize of job (KB)
...
006 (111472057.106.000) 04/24 19:12:16 Image size of job updated: 15761872
	15317  -  MemoryUsage of job (MB)
	15683820  -  ResidentSetSize of job (KB)
...
006 (111472057.106.000) 04/24 19:17:16 Image size of job updated: 16597360
	16133  -  MemoryUsage of job (MB)
	16519308  -  ResidentSetSize of job (KB)
...
006 (111472057.106.000) 04/24 19:22:17 Image size of job updated: 17540276
	17053  -  MemoryUsage of job (MB)
	17462224  -  ResidentSetSize of job (KB)
...
006 (111472057.106.000) 04/24 19:27:17 Image size of job updated: 18344284
	17837  -  MemoryUsage of job (MB)
	18264908  -  ResidentSetSize of job (KB)
...
006 (111472057.106.000) 04/24 19:32:18 Image size of job updated: 19163752
	18633  -  MemoryUsage of job (MB)
	19079908  -  ResidentSetSize of job (KB)
...
006 (111472057.106.000) 04/24 19:37:19 Image size of job updated: 19942572
	19384  -  MemoryUsage of job (MB)
	19848788  -  ResidentSetSize of job (KB)
...
006 (111472057.106.000) 04/24 19:42:19 Image size of job updated: 20760420
	20137  -  MemoryUsage of job (MB)
	20619500  -  ResidentSetSize of job (KB)
...
006 (111472057.106.000) 04/24 19:47:19 Image size of job updated: 21290580
	20456  -  MemoryUsage of job (MB)
	20946740  -  ResidentSetSize of job (KB)
...
006 (111472057.106.000) 04/24 19:50:30 Image size of job updated: 21507964
	20456  -  MemoryUsage of job (MB)
	20946740  -  ResidentSetSize of job (KB)
...
005 (111472057.106.000) 04/24 19:50:31 Job terminated.
	(1) Normal termination (return value 0)
		Usr 0 01:42:05, Sys 0 00:01:47  -  Run Remote Usage
		Usr 0 00:00:00, Sys 0 00:00:00  -  Run Local Usage
		Usr 0 01:42:05, Sys 0 00:01:47  -  Total Remote Usage
		Usr 0 00:00:00, Sys 0 00:00:00  -  Total Local Usage
	19811608  -  Run Bytes Sent By Job
	1780295040  -  Run Bytes Received By Job
	19811608  -  Total Bytes Sent By Job
	1780295040  -  Total Bytes Received By Job
	Partitionable Resources :      Usage  Request Allocated 
	   Cpus                 :       0.02        1         1 
	   Disk (KB)            : 6849077    20971520  22836914 
	   Ioheavy              :                             0 
	   Memory (MB)          :   20456       20480     20480 
...
