000 (111367039.059.000) 04/22 22:37:22 Job submitted from host: <128.104.100.44:9618?addrs=128.104.100.44-9618+[2607-f388-107c-501-90e2-baff-fe2c-2724]-9618&noUDP&sock=1497440_afb9_3>
...
001 (111367039.059.000) 04/22 22:47:45 Job executing on host: <128.105.245.178:9618?addrs=128.105.245.178-9618&noUDP&sock=5426_5cf8_29>
...
006 (111367039.059.000) 04/22 22:47:53 Image size of job updated: 656
	1  -  MemoryUsage of job (MB)
	628  -  ResidentSetSize of job (KB)
...
006 (111367039.059.000) 04/22 22:52:54 Image size of job updated: 285740
	203  -  MemoryUsage of job (MB)
	207724  -  ResidentSetSize of job (KB)
...
006 (111367039.059.000) 04/22 22:57:55 Image size of job updated: 727536
	635  -  MemoryUsage of job (MB)
	649476  -  ResidentSetSize of job (KB)
...
006 (111367039.059.000) 04/22 23:02:56 Image size of job updated: 1200640
	1097  -  MemoryUsage of job (MB)
	1122560  -  ResidentSetSize of job (KB)
...
006 (111367039.059.000) 04/22 23:08:01 Image size of job updated: 1780260
	1663  -  MemoryUsage of job (MB)
	1702180  -  ResidentSetSize of job (KB)
...
006 (111367039.059.000) 04/22 23:12:57 Image size of job updated: 2410812
	2279  -  MemoryUsage of job (MB)
	2332732  -  ResidentSetSize of job (KB)
...
006 (111367039.059.000) 04/22 23:17:58 Image size of job updated: 3118900
	2970  -  MemoryUsage of job (MB)
	3040820  -  ResidentSetSize of job (KB)
...
006 (111367039.059.000) 04/22 23:22:58 Image size of job updated: 4014516
	3845  -  MemoryUsage of job (MB)
	3936436  -  ResidentSetSize of job (KB)
...
006 (111367039.059.000) 04/22 23:27:59 Image size of job updated: 4885008
	4695  -  MemoryUsage of job (MB)
	4806928  -  ResidentSetSize of job (KB)
...
006 (111367039.059.000) 04/22 23:32:59 Image size of job updated: 5576788
	5370  -  MemoryUsage of job (MB)
	5498708  -  ResidentSetSize of job (KB)
...
006 (111367039.059.000) 04/22 23:38:00 Image size of job updated: 6449612
	6223  -  MemoryUsage of job (MB)
	6371532  -  ResidentSetSize of job (KB)
...
006 (111367039.059.000) 04/22 23:43:01 Image size of job updated: 7264964
	7019  -  MemoryUsage of job (MB)
	7186884  -  ResidentSetSize of job (KB)
...
006 (111367039.059.000) 04/22 23:48:01 Image size of job updated: 8133124
	7867  -  MemoryUsage of job (MB)
	8055044  -  ResidentSetSize of job (KB)
...
006 (111367039.059.000) 04/22 23:53:02 Image size of job updated: 8954740
	8669  -  MemoryUsage of job (MB)
	8876660  -  ResidentSetSize of job (KB)
...
006 (111367039.059.000) 04/22 23:58:02 Image size of job updated: 9542904
	9243  -  MemoryUsage of job (MB)
	9464824  -  ResidentSetSize of job (KB)
...
006 (111367039.059.000) 04/23 00:03:02 Image size of job updated: 10193432
	9879  -  MemoryUsage of job (MB)
	10115352  -  ResidentSetSize of job (KB)
...
006 (111367039.059.000) 04/23 00:08:03 Image size of job updated: 10756204
	10428  -  MemoryUsage of job (MB)
	10678124  -  ResidentSetSize of job (KB)
...
006 (111367039.059.000) 04/23 00:13:03 Image size of job updated: 11441600
	11098  -  MemoryUsage of job (MB)
	11363520  -  ResidentSetSize of job (KB)
...
006 (111367039.059.000) 04/23 00:18:05 Image size of job updated: 12090012
	11731  -  MemoryUsage of job (MB)
	12011932  -  ResidentSetSize of job (KB)
...
006 (111367039.059.000) 04/23 00:23:04 Image size of job updated: 12736396
	12362  -  MemoryUsage of job (MB)
	12658316  -  ResidentSetSize of job (KB)
...
006 (111367039.059.000) 04/23 00:28:05 Image size of job updated: 13503000
	13111  -  MemoryUsage of job (MB)
	13424920  -  ResidentSetSize of job (KB)
...
006 (111367039.059.000) 04/23 00:33:05 Image size of job updated: 14125096
	13718  -  MemoryUsage of job (MB)
	14047016  -  ResidentSetSize of job (KB)
...
006 (111367039.059.000) 04/23 00:38:06 Image size of job updated: 14803532
	14381  -  MemoryUsage of job (MB)
	14725452  -  ResidentSetSize of job (KB)
...
006 (111367039.059.000) 04/23 00:43:06 Image size of job updated: 15632940
	15183  -  MemoryUsage of job (MB)
	15547292  -  ResidentSetSize of job (KB)
...
006 (111367039.059.000) 04/23 00:48:06 Image size of job updated: 16299604
	15831  -  MemoryUsage of job (MB)
	16210512  -  ResidentSetSize of job (KB)
...
006 (111367039.059.000) 04/23 00:53:06 Image size of job updated: 16963212
	16478  -  MemoryUsage of job (MB)
	16872952  -  ResidentSetSize of job (KB)
...
006 (111367039.059.000) 04/23 00:58:07 Image size of job updated: 17731960
	17227  -  MemoryUsage of job (MB)
	17639960  -  ResidentSetSize of job (KB)
...
006 (111367039.059.000) 04/23 01:03:07 Image size of job updated: 18381992
	17860  -  MemoryUsage of job (MB)
	18288340  -  ResidentSetSize of job (KB)
...
006 (111367039.059.000) 04/23 01:08:11 Image size of job updated: 19134716
	18585  -  MemoryUsage of job (MB)
	19030736  -  ResidentSetSize of job (KB)
...
006 (111367039.059.000) 04/23 01:13:09 Image size of job updated: 19703028
	19119  -  MemoryUsage of job (MB)
	19576908  -  ResidentSetSize of job (KB)
...
006 (111367039.059.000) 04/23 01:18:10 Image size of job updated: 20349544
	19678  -  MemoryUsage of job (MB)
	20149552  -  ResidentSetSize of job (KB)
...
006 (111367039.059.000) 04/23 01:22:40 Image size of job updated: 20349544
	19680  -  MemoryUsage of job (MB)
	20151352  -  ResidentSetSize of job (KB)
...
005 (111367039.059.000) 04/23 01:22:44 Job terminated.
	(1) Normal termination (return value 0)
		Usr 0 02:01:26, Sys 0 00:02:18  -  Run Remote Usage
		Usr 0 00:00:00, Sys 0 00:00:00  -  Run Local Usage
		Usr 0 02:01:26, Sys 0 00:02:18  -  Total Remote Usage
		Usr 0 00:00:00, Sys 0 00:00:00  -  Total Local Usage
	20131482  -  Run Bytes Sent By Job
	1780294656  -  Run Bytes Received By Job
	20131482  -  Total Bytes Sent By Job
	1780294656  -  Total Bytes Received By Job
	Partitionable Resources :      Usage  Request Allocated 
	   Cpus                 :       0.80        1         1 
	   Disk (KB)            : 6849388    20971520  21466590 
	   Ioheavy              :                             0 
	   Memory (MB)          :   19680       20480     20480 
...
