000 (111472057.023.000) 04/24 11:52:17 Job submitted from host: <128.104.100.44:9618?addrs=128.104.100.44-9618+[2607-f388-107c-501-90e2-baff-fe2c-2724]-9618&noUDP&sock=4699_0235_3>
...
001 (111472057.023.000) 04/24 14:17:24 Job executing on host: <128.105.245.195:9618?addrs=128.105.245.195-9618&noUDP&sock=5498_bfc9_3>
...
006 (111472057.023.000) 04/24 14:17:33 Image size of job updated: 620
	1  -  MemoryUsage of job (MB)
	620  -  ResidentSetSize of job (KB)
...
006 (111472057.023.000) 04/24 14:22:50 Image size of job updated: 628
	1  -  MemoryUsage of job (MB)
	628  -  ResidentSetSize of job (KB)
...
006 (111472057.023.000) 04/24 14:27:37 Image size of job updated: 648
	1  -  MemoryUsage of job (MB)
	648  -  ResidentSetSize of job (KB)
...
006 (111472057.023.000) 04/24 14:32:35 Image size of job updated: 652
	1  -  MemoryUsage of job (MB)
	652  -  ResidentSetSize of job (KB)
...
006 (111472057.023.000) 04/24 14:42:37 Image size of job updated: 656
	1  -  MemoryUsage of job (MB)
	656  -  ResidentSetSize of job (KB)
...
006 (111472057.023.000) 04/24 14:47:38 Image size of job updated: 668
	1  -  MemoryUsage of job (MB)
	668  -  ResidentSetSize of job (KB)
...
006 (111472057.023.000) 04/24 14:52:39 Image size of job updated: 378776
	294  -  MemoryUsage of job (MB)
	300780  -  ResidentSetSize of job (KB)
...
006 (111472057.023.000) 04/24 14:57:39 Image size of job updated: 583608
	494  -  MemoryUsage of job (MB)
	505612  -  ResidentSetSize of job (KB)
...
006 (111472057.023.000) 04/24 15:02:40 Image size of job updated: 1122152
	1020  -  MemoryUsage of job (MB)
	1044100  -  ResidentSetSize of job (KB)
...
006 (111472057.023.000) 04/24 15:07:41 Image size of job updated: 2121892
	1996  -  MemoryUsage of job (MB)
	2043840  -  ResidentSetSize of job (KB)
...
006 (111472057.023.000) 04/24 15:12:42 Image size of job updated: 2872908
	2730  -  MemoryUsage of job (MB)
	2794856  -  ResidentSetSize of job (KB)
...
006 (111472057.023.000) 04/24 15:17:42 Image size of job updated: 3991360
	3822  -  MemoryUsage of job (MB)
	3913308  -  ResidentSetSize of job (KB)
...
006 (111472057.023.000) 04/24 15:22:42 Image size of job updated: 5140340
	4944  -  MemoryUsage of job (MB)
	5062288  -  ResidentSetSize of job (KB)
...
006 (111472057.023.000) 04/24 15:27:42 Image size of job updated: 6332364
	6108  -  MemoryUsage of job (MB)
	6254312  -  ResidentSetSize of job (KB)
...
006 (111472057.023.000) 04/24 15:32:44 Image size of job updated: 7454692
	7204  -  MemoryUsage of job (MB)
	7376640  -  ResidentSetSize of job (KB)
...
006 (111472057.023.000) 04/24 15:37:44 Image size of job updated: 8396608
	8124  -  MemoryUsage of job (MB)
	8318556  -  ResidentSetSize of job (KB)
...
006 (111472057.023.000) 04/24 15:42:44 Image size of job updated: 9175344
	8885  -  MemoryUsage of job (MB)
	9097292  -  ResidentSetSize of job (KB)
...
006 (111472057.023.000) 04/24 15:47:44 Image size of job updated: 9908176
	9600  -  MemoryUsage of job (MB)
	9830124  -  ResidentSetSize of job (KB)
...
006 (111472057.023.000) 04/24 15:52:45 Image size of job updated: 10422224
	10102  -  MemoryUsage of job (MB)
	10344172  -  ResidentSetSize of job (KB)
...
006 (111472057.023.000) 04/24 15:57:46 Image size of job updated: 10854352
	10524  -  MemoryUsage of job (MB)
	10776300  -  ResidentSetSize of job (KB)
...
006 (111472057.023.000) 04/24 16:02:47 Image size of job updated: 11292844
	10952  -  MemoryUsage of job (MB)
	11214792  -  ResidentSetSize of job (KB)
...
006 (111472057.023.000) 04/24 16:07:48 Image size of job updated: 11831664
	11479  -  MemoryUsage of job (MB)
	11753612  -  ResidentSetSize of job (KB)
...
006 (111472057.023.000) 04/24 16:12:48 Image size of job updated: 12455656
	12088  -  MemoryUsage of job (MB)
	12377604  -  ResidentSetSize of job (KB)
...
006 (111472057.023.000) 04/24 16:17:48 Image size of job updated: 13127024
	12744  -  MemoryUsage of job (MB)
	13048972  -  ResidentSetSize of job (KB)
...
006 (111472057.023.000) 04/24 16:22:49 Image size of job updated: 14203176
	13795  -  MemoryUsage of job (MB)
	14125124  -  ResidentSetSize of job (KB)
...
006 (111472057.023.000) 04/24 16:27:50 Image size of job updated: 14861464
	14437  -  MemoryUsage of job (MB)
	14783412  -  ResidentSetSize of job (KB)
...
006 (111472057.023.000) 04/24 16:32:51 Image size of job updated: 15468208
	15030  -  MemoryUsage of job (MB)
	15390156  -  ResidentSetSize of job (KB)
...
006 (111472057.023.000) 04/24 16:37:52 Image size of job updated: 16036992
	15585  -  MemoryUsage of job (MB)
	15958824  -  ResidentSetSize of job (KB)
...
006 (111472057.023.000) 04/24 16:42:53 Image size of job updated: 17028456
	16552  -  MemoryUsage of job (MB)
	16948928  -  ResidentSetSize of job (KB)
...
006 (111472057.023.000) 04/24 16:47:53 Image size of job updated: 17713340
	17219  -  MemoryUsage of job (MB)
	17631592  -  ResidentSetSize of job (KB)
...
006 (111472057.023.000) 04/24 16:52:53 Image size of job updated: 18313800
	17804  -  MemoryUsage of job (MB)
	18230556  -  ResidentSetSize of job (KB)
...
006 (111472057.023.000) 04/24 16:57:53 Image size of job updated: 18916144
	18386  -  MemoryUsage of job (MB)
	18827168  -  ResidentSetSize of job (KB)
...
006 (111472057.023.000) 04/24 17:02:53 Image size of job updated: 19281328
	18735  -  MemoryUsage of job (MB)
	19184316  -  ResidentSetSize of job (KB)
...
006 (111472057.023.000) 04/24 17:07:53 Image size of job updated: 19583048
	19024  -  MemoryUsage of job (MB)
	19480056  -  ResidentSetSize of job (KB)
...
006 (111472057.023.000) 04/24 17:13:05 Image size of job updated: 19926664
	19358  -  MemoryUsage of job (MB)
	19822420  -  ResidentSetSize of job (KB)
...
006 (111472057.023.000) 04/24 17:17:53 Image size of job updated: 20151548
	19574  -  MemoryUsage of job (MB)
	20043232  -  ResidentSetSize of job (KB)
...
006 (111472057.023.000) 04/24 17:22:53 Image size of job updated: 20268664
	19684  -  MemoryUsage of job (MB)
	20155544  -  ResidentSetSize of job (KB)
...
006 (111472057.023.000) 04/24 17:27:53 Image size of job updated: 20458160
	19862  -  MemoryUsage of job (MB)
	20337772  -  ResidentSetSize of job (KB)
...
006 (111472057.023.000) 04/24 17:33:06 Image size of job updated: 20545208
	19938  -  MemoryUsage of job (MB)
	20416188  -  ResidentSetSize of job (KB)
...
006 (111472057.023.000) 04/24 17:37:55 Image size of job updated: 20723904
	20103  -  MemoryUsage of job (MB)
	20584876  -  ResidentSetSize of job (KB)
...
006 (111472057.023.000) 04/24 17:42:57 Image size of job updated: 20808276
	20168  -  MemoryUsage of job (MB)
	20651368  -  ResidentSetSize of job (KB)
...
006 (111472057.023.000) 04/24 17:47:57 Image size of job updated: 20887132
	20226  -  MemoryUsage of job (MB)
	20710692  -  ResidentSetSize of job (KB)
...
006 (111472057.023.000) 04/24 17:52:57 Image size of job updated: 20954328
	20270  -  MemoryUsage of job (MB)
	20756044  -  ResidentSetSize of job (KB)
...
006 (111472057.023.000) 04/24 17:57:57 Image size of job updated: 21105132
	20367  -  MemoryUsage of job (MB)
	20855460  -  ResidentSetSize of job (KB)
...
006 (111472057.023.000) 04/24 18:02:58 Image size of job updated: 21157060
	20380  -  MemoryUsage of job (MB)
	20869096  -  ResidentSetSize of job (KB)
...
006 (111472057.023.000) 04/24 18:07:59 Image size of job updated: 21191648
	20386  -  MemoryUsage of job (MB)
	20875120  -  ResidentSetSize of job (KB)
...
006 (111472057.023.000) 04/24 18:12:59 Image size of job updated: 21232232
	20398  -  MemoryUsage of job (MB)
	20886668  -  ResidentSetSize of job (KB)
...
006 (111472057.023.000) 04/24 18:17:59 Image size of job updated: 21365192
	20436  -  MemoryUsage of job (MB)
	20926344  -  ResidentSetSize of job (KB)
...
006 (111472057.023.000) 04/24 18:23:00 Image size of job updated: 21403924
	20436  -  MemoryUsage of job (MB)
	20926344  -  ResidentSetSize of job (KB)
...
006 (111472057.023.000) 04/24 18:28:01 Image size of job updated: 21428152
	20436  -  MemoryUsage of job (MB)
	20926344  -  ResidentSetSize of job (KB)
...
006 (111472057.023.000) 04/24 18:33:02 Image size of job updated: 21465836
	20436  -  MemoryUsage of job (MB)
	20926344  -  ResidentSetSize of job (KB)
...
006 (111472057.023.000) 04/24 18:38:03 Image size of job updated: 21519000
	20436  -  MemoryUsage of job (MB)
	20926344  -  ResidentSetSize of job (KB)
...
006 (111472057.023.000) 04/24 18:43:04 Image size of job updated: 21574968
	20436  -  MemoryUsage of job (MB)
	20926344  -  ResidentSetSize of job (KB)
...
006 (111472057.023.000) 04/24 18:47:02 Image size of job updated: 21638480
	20436  -  MemoryUsage of job (MB)
	20926344  -  ResidentSetSize of job (KB)
...
005 (111472057.023.000) 04/24 18:47:06 Job terminated.
	(1) Normal termination (return value 0)
		Usr 0 01:32:56, Sys 0 00:02:13  -  Run Remote Usage
		Usr 0 00:00:00, Sys 0 00:00:00  -  Run Local Usage
		Usr 0 01:32:56, Sys 0 00:02:13  -  Total Remote Usage
		Usr 0 00:00:00, Sys 0 00:00:00  -  Total Local Usage
	19886908  -  Run Bytes Sent By Job
	1780295040  -  Run Bytes Received By Job
	19886908  -  Total Bytes Sent By Job
	1780295040  -  Total Bytes Received By Job
	Partitionable Resources :      Usage  Request Allocated 
	   Cpus                 :       0.01        1         1 
	   Disk (KB)            : 6849150    20971520  21269735 
	   Ioheavy              :                             0 
	   Memory (MB)          :   20436       20480     20480 
...
