000 (111367039.147.000) 04/22 22:37:22 Job submitted from host: <128.104.100.44:9618?addrs=128.104.100.44-9618+[2607-f388-107c-501-90e2-baff-fe2c-2724]-9618&noUDP&sock=1497440_afb9_3>
...
001 (111367039.147.000) 04/23 01:41:07 Job executing on host: <128.105.245.247:9618?addrs=128.105.245.247-9618&noUDP&sock=5487_343f_3>
...
006 (111367039.147.000) 04/23 01:41:17 Image size of job updated: 628
	1  -  MemoryUsage of job (MB)
	628  -  ResidentSetSize of job (KB)
...
006 (111367039.147.000) 04/23 01:46:18 Image size of job updated: 668
	1  -  MemoryUsage of job (MB)
	668  -  ResidentSetSize of job (KB)
...
006 (111367039.147.000) 04/23 01:51:19 Image size of job updated: 534112
	446  -  MemoryUsage of job (MB)
	456116  -  ResidentSetSize of job (KB)
...
006 (111367039.147.000) 04/23 01:56:19 Image size of job updated: 1022916
	923  -  MemoryUsage of job (MB)
	944864  -  ResidentSetSize of job (KB)
...
006 (111367039.147.000) 04/23 02:01:20 Image size of job updated: 1805964
	1688  -  MemoryUsage of job (MB)
	1727912  -  ResidentSetSize of job (KB)
...
006 (111367039.147.000) 04/23 02:06:21 Image size of job updated: 2585888
	2450  -  MemoryUsage of job (MB)
	2507836  -  ResidentSetSize of job (KB)
...
006 (111367039.147.000) 04/23 02:11:22 Image size of job updated: 3562728
	3404  -  MemoryUsage of job (MB)
	3484676  -  ResidentSetSize of job (KB)
...
006 (111367039.147.000) 04/23 02:16:23 Image size of job updated: 4579764
	4397  -  MemoryUsage of job (MB)
	4501712  -  ResidentSetSize of job (KB)
...
006 (111367039.147.000) 04/23 02:21:23 Image size of job updated: 5540276
	5335  -  MemoryUsage of job (MB)
	5462224  -  ResidentSetSize of job (KB)
...
006 (111367039.147.000) 04/23 02:26:23 Image size of job updated: 6402896
	6177  -  MemoryUsage of job (MB)
	6324844  -  ResidentSetSize of job (KB)
...
006 (111367039.147.000) 04/23 02:31:23 Image size of job updated: 7040044
	6799  -  MemoryUsage of job (MB)
	6961992  -  ResidentSetSize of job (KB)
...
006 (111367039.147.000) 04/23 02:36:24 Image size of job updated: 7810508
	7552  -  MemoryUsage of job (MB)
	7732456  -  ResidentSetSize of job (KB)
...
006 (111367039.147.000) 04/23 02:41:25 Image size of job updated: 8686836
	8408  -  MemoryUsage of job (MB)
	8608784  -  ResidentSetSize of job (KB)
...
006 (111367039.147.000) 04/23 02:46:25 Image size of job updated: 9135680
	8846  -  MemoryUsage of job (MB)
	9057628  -  ResidentSetSize of job (KB)
...
006 (111367039.147.000) 04/23 02:51:25 Image size of job updated: 9925444
	9617  -  MemoryUsage of job (MB)
	9847392  -  ResidentSetSize of job (KB)
...
006 (111367039.147.000) 04/23 02:56:26 Image size of job updated: 10442188
	10122  -  MemoryUsage of job (MB)
	10364136  -  ResidentSetSize of job (KB)
...
006 (111367039.147.000) 04/23 03:01:27 Image size of job updated: 11100196
	10764  -  MemoryUsage of job (MB)
	11022144  -  ResidentSetSize of job (KB)
...
006 (111367039.147.000) 04/23 03:06:27 Image size of job updated: 11959540
	11604  -  MemoryUsage of job (MB)
	11881488  -  ResidentSetSize of job (KB)
...
006 (111367039.147.000) 04/23 03:11:27 Image size of job updated: 12632956
	12261  -  MemoryUsage of job (MB)
	12554904  -  ResidentSetSize of job (KB)
...
006 (111367039.147.000) 04/23 03:16:28 Image size of job updated: 13234628
	12849  -  MemoryUsage of job (MB)
	13156576  -  ResidentSetSize of job (KB)
...
006 (111367039.147.000) 04/23 03:21:29 Image size of job updated: 14097652
	13692  -  MemoryUsage of job (MB)
	14019600  -  ResidentSetSize of job (KB)
...
006 (111367039.147.000) 04/23 03:26:30 Image size of job updated: 14986076
	14559  -  MemoryUsage of job (MB)
	14908024  -  ResidentSetSize of job (KB)
...
006 (111367039.147.000) 04/23 03:31:30 Image size of job updated: 15477900
	15039  -  MemoryUsage of job (MB)
	15399848  -  ResidentSetSize of job (KB)
...
006 (111367039.147.000) 04/23 03:36:30 Image size of job updated: 16282884
	15817  -  MemoryUsage of job (MB)
	16195820  -  ResidentSetSize of job (KB)
...
006 (111367039.147.000) 04/23 03:41:30 Image size of job updated: 16757404
	16272  -  MemoryUsage of job (MB)
	16662348  -  ResidentSetSize of job (KB)
...
006 (111367039.147.000) 04/23 03:46:30 Image size of job updated: 17468496
	16953  -  MemoryUsage of job (MB)
	17359356  -  ResidentSetSize of job (KB)
...
006 (111367039.147.000) 04/23 03:51:31 Image size of job updated: 18087220
	17542  -  MemoryUsage of job (MB)
	17962548  -  ResidentSetSize of job (KB)
...
006 (111367039.147.000) 04/23 03:56:31 Image size of job updated: 18840680
	18261  -  MemoryUsage of job (MB)
	18698384  -  ResidentSetSize of job (KB)
...
006 (111367039.147.000) 04/23 04:01:32 Image size of job updated: 19776648
	19161  -  MemoryUsage of job (MB)
	19620488  -  ResidentSetSize of job (KB)
...
006 (111367039.147.000) 04/23 04:06:34 Image size of job updated: 20591248
	19859  -  MemoryUsage of job (MB)
	20334884  -  ResidentSetSize of job (KB)
...
006 (111367039.147.000) 04/23 04:06:41 Image size of job updated: 21259272
	19860  -  MemoryUsage of job (MB)
	20336408  -  ResidentSetSize of job (KB)
...
005 (111367039.147.000) 04/23 04:06:42 Job terminated.
	(1) Normal termination (return value 0)
		Usr 0 01:51:12, Sys 0 00:01:58  -  Run Remote Usage
		Usr 0 00:00:00, Sys 0 00:00:00  -  Run Local Usage
		Usr 0 01:51:12, Sys 0 00:01:58  -  Total Remote Usage
		Usr 0 00:00:00, Sys 0 00:00:00  -  Total Local Usage
	19881844  -  Run Bytes Sent By Job
	1780294656  -  Run Bytes Received By Job
	19881844  -  Total Bytes Sent By Job
	1780294656  -  Total Bytes Received By Job
	Partitionable Resources :      Usage  Request Allocated 
	   Cpus                 :       0.86        1         1 
	   Disk (KB)            : 6849144    20971520  21422494 
	   Ioheavy              :                             0 
	   Memory (MB)          :   19860       20480     20480 
...
