000 (111472057.095.000) 04/24 11:52:17 Job submitted from host: <128.104.100.44:9618?addrs=128.104.100.44-9618+[2607-f388-107c-501-90e2-baff-fe2c-2724]-9618&noUDP&sock=4699_0235_3>
...
001 (111472057.095.000) 04/24 16:24:27 Job executing on host: <128.105.245.177:9618?addrs=128.105.245.177-9618&noUDP&sock=5454_919e_29>
...
006 (111472057.095.000) 04/24 16:24:36 Image size of job updated: 624
	1  -  MemoryUsage of job (MB)
	624  -  ResidentSetSize of job (KB)
...
006 (111472057.095.000) 04/24 16:29:38 Image size of job updated: 340624
	257  -  MemoryUsage of job (MB)
	262628  -  ResidentSetSize of job (KB)
...
006 (111472057.095.000) 04/24 16:34:38 Image size of job updated: 1090364
	989  -  MemoryUsage of job (MB)
	1012312  -  ResidentSetSize of job (KB)
...
006 (111472057.095.000) 04/24 16:39:38 Image size of job updated: 2198876
	2072  -  MemoryUsage of job (MB)
	2120824  -  ResidentSetSize of job (KB)
...
006 (111472057.095.000) 04/24 16:44:40 Image size of job updated: 3747868
	3584  -  MemoryUsage of job (MB)
	3669816  -  ResidentSetSize of job (KB)
...
006 (111472057.095.000) 04/24 16:49:40 Image size of job updated: 5322708
	5122  -  MemoryUsage of job (MB)
	5244656  -  ResidentSetSize of job (KB)
...
006 (111472057.095.000) 04/24 16:54:40 Image size of job updated: 6863204
	6627  -  MemoryUsage of job (MB)
	6785152  -  ResidentSetSize of job (KB)
...
006 (111472057.095.000) 04/24 16:59:40 Image size of job updated: 8271128
	8002  -  MemoryUsage of job (MB)
	8193076  -  ResidentSetSize of job (KB)
...
006 (111472057.095.000) 04/24 17:04:40 Image size of job updated: 9646328
	9345  -  MemoryUsage of job (MB)
	9568276  -  ResidentSetSize of job (KB)
...
006 (111472057.095.000) 04/24 17:09:40 Image size of job updated: 10863428
	10533  -  MemoryUsage of job (MB)
	10785376  -  ResidentSetSize of job (KB)
...
006 (111472057.095.000) 04/24 17:14:40 Image size of job updated: 12176800
	11816  -  MemoryUsage of job (MB)
	12098748  -  ResidentSetSize of job (KB)
...
006 (111472057.095.000) 04/24 17:19:40 Image size of job updated: 13442300
	13052  -  MemoryUsage of job (MB)
	13364248  -  ResidentSetSize of job (KB)
...
006 (111472057.095.000) 04/24 17:24:41 Image size of job updated: 14758272
	14337  -  MemoryUsage of job (MB)
	14680220  -  ResidentSetSize of job (KB)
...
006 (111472057.095.000) 04/24 17:29:42 Image size of job updated: 16041700
	15588  -  MemoryUsage of job (MB)
	15961360  -  ResidentSetSize of job (KB)
...
006 (111472057.095.000) 04/24 17:34:43 Image size of job updated: 17377644
	16890  -  MemoryUsage of job (MB)
	17294572  -  ResidentSetSize of job (KB)
...
006 (111472057.095.000) 04/24 17:39:45 Image size of job updated: 18816140
	18282  -  MemoryUsage of job (MB)
	18719832  -  ResidentSetSize of job (KB)
...
006 (111472057.095.000) 04/24 17:44:45 Image size of job updated: 20138352
	19548  -  MemoryUsage of job (MB)
	20016960  -  ResidentSetSize of job (KB)
...
006 (111472057.095.000) 04/24 17:49:45 Image size of job updated: 21225216
	20368  -  MemoryUsage of job (MB)
	20856224  -  ResidentSetSize of job (KB)
...
006 (111472057.095.000) 04/24 17:51:46 Image size of job updated: 21592672
	20368  -  MemoryUsage of job (MB)
	20856568  -  ResidentSetSize of job (KB)
...
005 (111472057.095.000) 04/24 17:51:48 Job terminated.
	(1) Normal termination (return value 0)
		Usr 0 01:21:18, Sys 0 00:01:22  -  Run Remote Usage
		Usr 0 00:00:00, Sys 0 00:00:00  -  Run Local Usage
		Usr 0 01:21:18, Sys 0 00:01:22  -  Total Remote Usage
		Usr 0 00:00:00, Sys 0 00:00:00  -  Total Local Usage
	19847676  -  Run Bytes Sent By Job
	1780295040  -  Run Bytes Received By Job
	19847676  -  Total Bytes Sent By Job
	1780295040  -  Total Bytes Received By Job
	Partitionable Resources :      Usage  Request Allocated 
	   Cpus                 :       0.74        1         1 
	   Disk (KB)            : 6849112    20971520  21451413 
	   Ioheavy              :                             0 
	   Memory (MB)          :   20368       20480     20480 
...
