000 (111515045.006.000) 04/25 20:23:08 Job submitted from host: <128.104.100.44:9618?addrs=128.104.100.44-9618+[2607-f388-107c-501-90e2-baff-fe2c-2724]-9618&noUDP&sock=4699_0235_3>
...
001 (111515045.006.000) 04/26 00:24:34 Job executing on host: <128.105.245.236:9618?addrs=128.105.245.236-9618&noUDP&sock=5457_a067_3>
...
006 (111515045.006.000) 04/26 00:24:42 Image size of job updated: 620
	1  -  MemoryUsage of job (MB)
	620  -  ResidentSetSize of job (KB)
...
006 (111515045.006.000) 04/26 00:29:46 Image size of job updated: 648
	1  -  MemoryUsage of job (MB)
	648  -  ResidentSetSize of job (KB)
...
006 (111515045.006.000) 04/26 00:34:44 Image size of job updated: 51724
	26  -  MemoryUsage of job (MB)
	26360  -  ResidentSetSize of job (KB)
...
006 (111515045.006.000) 04/26 00:39:45 Image size of job updated: 626816
	536  -  MemoryUsage of job (MB)
	548820  -  ResidentSetSize of job (KB)
...
006 (111515045.006.000) 04/26 00:44:46 Image size of job updated: 1107564
	1006  -  MemoryUsage of job (MB)
	1029512  -  ResidentSetSize of job (KB)
...
006 (111515045.006.000) 04/26 00:49:46 Image size of job updated: 1722628
	1607  -  MemoryUsage of job (MB)
	1644576  -  ResidentSetSize of job (KB)
...
006 (111515045.006.000) 04/26 00:54:46 Image size of job updated: 2495360
	2361  -  MemoryUsage of job (MB)
	2417308  -  ResidentSetSize of job (KB)
...
006 (111515045.006.000) 04/26 00:59:46 Image size of job updated: 3316060
	3163  -  MemoryUsage of job (MB)
	3238008  -  ResidentSetSize of job (KB)
...
006 (111515045.006.000) 04/26 01:04:46 Image size of job updated: 4257788
	4082  -  MemoryUsage of job (MB)
	4179736  -  ResidentSetSize of job (KB)
...
006 (111515045.006.000) 04/26 01:09:47 Image size of job updated: 5269696
	5070  -  MemoryUsage of job (MB)
	5191644  -  ResidentSetSize of job (KB)
...
006 (111515045.006.000) 04/26 01:14:48 Image size of job updated: 6168252
	5948  -  MemoryUsage of job (MB)
	6090200  -  ResidentSetSize of job (KB)
...
006 (111515045.006.000) 04/26 01:19:49 Image size of job updated: 7022824
	6783  -  MemoryUsage of job (MB)
	6944772  -  ResidentSetSize of job (KB)
...
006 (111515045.006.000) 04/26 01:24:50 Image size of job updated: 7920656
	7659  -  MemoryUsage of job (MB)
	7842604  -  ResidentSetSize of job (KB)
...
006 (111515045.006.000) 04/26 01:29:50 Image size of job updated: 8736648
	8456  -  MemoryUsage of job (MB)
	8658596  -  ResidentSetSize of job (KB)
...
006 (111515045.006.000) 04/26 01:34:52 Image size of job updated: 9457564
	9160  -  MemoryUsage of job (MB)
	9379512  -  ResidentSetSize of job (KB)
...
006 (111515045.006.000) 04/26 01:39:52 Image size of job updated: 10258640
	9942  -  MemoryUsage of job (MB)
	10180588  -  ResidentSetSize of job (KB)
...
006 (111515045.006.000) 04/26 01:44:53 Image size of job updated: 11048584
	10714  -  MemoryUsage of job (MB)
	10970532  -  ResidentSetSize of job (KB)
...
006 (111515045.006.000) 04/26 01:49:53 Image size of job updated: 11783060
	11431  -  MemoryUsage of job (MB)
	11705008  -  ResidentSetSize of job (KB)
...
006 (111515045.006.000) 04/26 01:54:53 Image size of job updated: 12578920
	12208  -  MemoryUsage of job (MB)
	12500868  -  ResidentSetSize of job (KB)
...
006 (111515045.006.000) 04/26 01:59:54 Image size of job updated: 13317088
	12929  -  MemoryUsage of job (MB)
	13239036  -  ResidentSetSize of job (KB)
...
006 (111515045.006.000) 04/26 02:04:56 Image size of job updated: 14101648
	13695  -  MemoryUsage of job (MB)
	14023596  -  ResidentSetSize of job (KB)
...
006 (111515045.006.000) 04/26 02:09:56 Image size of job updated: 14963872
	14537  -  MemoryUsage of job (MB)
	14885820  -  ResidentSetSize of job (KB)
...
006 (111515045.006.000) 04/26 02:14:56 Image size of job updated: 15727740
	15283  -  MemoryUsage of job (MB)
	15649688  -  ResidentSetSize of job (KB)
...
006 (111515045.006.000) 04/26 02:19:57 Image size of job updated: 16477880
	16016  -  MemoryUsage of job (MB)
	16399828  -  ResidentSetSize of job (KB)
...
006 (111515045.006.000) 04/26 02:24:56 Image size of job updated: 17313660
	16832  -  MemoryUsage of job (MB)
	17235240  -  ResidentSetSize of job (KB)
...
006 (111515045.006.000) 04/26 02:29:56 Image size of job updated: 18168084
	17665  -  MemoryUsage of job (MB)
	18088720  -  ResidentSetSize of job (KB)
...
006 (111515045.006.000) 04/26 02:34:57 Image size of job updated: 18915680
	18395  -  MemoryUsage of job (MB)
	18835640  -  ResidentSetSize of job (KB)
...
006 (111515045.006.000) 04/26 02:39:57 Image size of job updated: 19679560
	19132  -  MemoryUsage of job (MB)
	19591156  -  ResidentSetSize of job (KB)
...
006 (111515045.006.000) 04/26 02:44:58 Image size of job updated: 20506420
	19922  -  MemoryUsage of job (MB)
	20399676  -  ResidentSetSize of job (KB)
...
006 (111515045.006.000) 04/26 02:49:58 Image size of job updated: 21206476
	20429  -  MemoryUsage of job (MB)
	20919256  -  ResidentSetSize of job (KB)
...
006 (111515045.006.000) 04/26 02:54:47 Image size of job updated: 21642800
	20430  -  MemoryUsage of job (MB)
	20919404  -  ResidentSetSize of job (KB)
...
005 (111515045.006.000) 04/26 02:54:49 Job terminated.
	(1) Normal termination (return value 0)
		Usr 0 02:13:07, Sys 0 00:02:22  -  Run Remote Usage
		Usr 0 00:00:00, Sys 0 00:00:00  -  Run Local Usage
		Usr 0 02:13:07, Sys 0 00:02:22  -  Total Remote Usage
		Usr 0 00:00:00, Sys 0 00:00:00  -  Total Local Usage
	19910132  -  Run Bytes Sent By Job
	1780295040  -  Run Bytes Received By Job
	19910132  -  Total Bytes Sent By Job
	1780295040  -  Total Bytes Received By Job
	Partitionable Resources :      Usage  Request Allocated 
	   Cpus                 :       0.14        1         1 
	   Disk (KB)            : 6849173    20971520  21395859 
	   Ioheavy              :                             0 
	   Memory (MB)          :   20430       20480     20480 
...
