000 (111367039.158.000) 04/22 22:37:22 Job submitted from host: <128.104.100.44:9618?addrs=128.104.100.44-9618+[2607-f388-107c-501-90e2-baff-fe2c-2724]-9618&noUDP&sock=1497440_afb9_3>
...
001 (111367039.158.000) 04/23 01:44:51 Job executing on host: <128.105.245.150:9618?addrs=128.105.245.150-9618&noUDP&sock=5248_451c_27>
...
006 (111367039.158.000) 04/23 01:45:01 Image size of job updated: 632
	1  -  MemoryUsage of job (MB)
	632  -  ResidentSetSize of job (KB)
...
006 (111367039.158.000) 04/23 01:50:02 Image size of job updated: 399068
	314  -  MemoryUsage of job (MB)
	321072  -  ResidentSetSize of job (KB)
...
006 (111367039.158.000) 04/23 01:55:03 Image size of job updated: 739208
	646  -  MemoryUsage of job (MB)
	661156  -  ResidentSetSize of job (KB)
...
006 (111367039.158.000) 04/23 02:00:03 Image size of job updated: 1251016
	1146  -  MemoryUsage of job (MB)
	1172964  -  ResidentSetSize of job (KB)
...
006 (111367039.158.000) 04/23 02:05:04 Image size of job updated: 1990600
	1868  -  MemoryUsage of job (MB)
	1912548  -  ResidentSetSize of job (KB)
...
006 (111367039.158.000) 04/23 02:10:04 Image size of job updated: 2586076
	2450  -  MemoryUsage of job (MB)
	2508024  -  ResidentSetSize of job (KB)
...
006 (111367039.158.000) 04/23 02:15:04 Image size of job updated: 3237340
	3086  -  MemoryUsage of job (MB)
	3159288  -  ResidentSetSize of job (KB)
...
006 (111367039.158.000) 04/23 02:20:05 Image size of job updated: 4000648
	3831  -  MemoryUsage of job (MB)
	3922596  -  ResidentSetSize of job (KB)
...
006 (111367039.158.000) 04/23 02:25:06 Image size of job updated: 4990236
	4798  -  MemoryUsage of job (MB)
	4912184  -  ResidentSetSize of job (KB)
...
006 (111367039.158.000) 04/23 02:30:11 Image size of job updated: 5583984
	5377  -  MemoryUsage of job (MB)
	5505932  -  ResidentSetSize of job (KB)
...
006 (111367039.158.000) 04/23 02:35:07 Image size of job updated: 6429500
	6203  -  MemoryUsage of job (MB)
	6351448  -  ResidentSetSize of job (KB)
...
006 (111367039.158.000) 04/23 02:40:08 Image size of job updated: 7064680
	6823  -  MemoryUsage of job (MB)
	6986628  -  ResidentSetSize of job (KB)
...
006 (111367039.158.000) 04/23 02:45:08 Image size of job updated: 7726860
	7470  -  MemoryUsage of job (MB)
	7648808  -  ResidentSetSize of job (KB)
...
006 (111367039.158.000) 04/23 02:50:08 Image size of job updated: 8297464
	8027  -  MemoryUsage of job (MB)
	8219412  -  ResidentSetSize of job (KB)
...
006 (111367039.158.000) 04/23 02:55:08 Image size of job updated: 8876724
	8593  -  MemoryUsage of job (MB)
	8798672  -  ResidentSetSize of job (KB)
...
006 (111367039.158.000) 04/23 03:00:09 Image size of job updated: 9443788
	9147  -  MemoryUsage of job (MB)
	9365736  -  ResidentSetSize of job (KB)
...
006 (111367039.158.000) 04/23 03:05:09 Image size of job updated: 9984324
	9675  -  MemoryUsage of job (MB)
	9906272  -  ResidentSetSize of job (KB)
...
006 (111367039.158.000) 04/23 03:10:09 Image size of job updated: 10598336
	10274  -  MemoryUsage of job (MB)
	10520284  -  ResidentSetSize of job (KB)
...
006 (111367039.158.000) 04/23 03:15:11 Image size of job updated: 11050156
	10715  -  MemoryUsage of job (MB)
	10972104  -  ResidentSetSize of job (KB)
...
006 (111367039.158.000) 04/23 03:20:12 Image size of job updated: 11563304
	11217  -  MemoryUsage of job (MB)
	11485252  -  ResidentSetSize of job (KB)
...
006 (111367039.158.000) 04/23 03:25:12 Image size of job updated: 12085016
	11726  -  MemoryUsage of job (MB)
	12006964  -  ResidentSetSize of job (KB)
...
006 (111367039.158.000) 04/23 03:30:13 Image size of job updated: 12706368
	12333  -  MemoryUsage of job (MB)
	12628316  -  ResidentSetSize of job (KB)
...
006 (111367039.158.000) 04/23 03:35:13 Image size of job updated: 13304424
	12917  -  MemoryUsage of job (MB)
	13226372  -  ResidentSetSize of job (KB)
...
006 (111367039.158.000) 04/23 03:40:14 Image size of job updated: 14072808
	13667  -  MemoryUsage of job (MB)
	13994756  -  ResidentSetSize of job (KB)
...
006 (111367039.158.000) 04/23 03:45:14 Image size of job updated: 14862472
	14438  -  MemoryUsage of job (MB)
	14784420  -  ResidentSetSize of job (KB)
...
006 (111367039.158.000) 04/23 03:50:14 Image size of job updated: 15450436
	15011  -  MemoryUsage of job (MB)
	15370768  -  ResidentSetSize of job (KB)
...
006 (111367039.158.000) 04/23 03:55:15 Image size of job updated: 16050712
	15596  -  MemoryUsage of job (MB)
	15969352  -  ResidentSetSize of job (KB)
...
006 (111367039.158.000) 04/23 04:00:17 Image size of job updated: 16618564
	16146  -  MemoryUsage of job (MB)
	16532964  -  ResidentSetSize of job (KB)
...
006 (111367039.158.000) 04/23 04:05:17 Image size of job updated: 17354888
	16860  -  MemoryUsage of job (MB)
	17264300  -  ResidentSetSize of job (KB)
...
006 (111367039.158.000) 04/23 04:10:17 Image size of job updated: 18101896
	17589  -  MemoryUsage of job (MB)
	18010328  -  ResidentSetSize of job (KB)
...
006 (111367039.158.000) 04/23 04:15:18 Image size of job updated: 18699052
	18168  -  MemoryUsage of job (MB)
	18603688  -  ResidentSetSize of job (KB)
...
006 (111367039.158.000) 04/23 04:20:18 Image size of job updated: 19331476
	18777  -  MemoryUsage of job (MB)
	19226996  -  ResidentSetSize of job (KB)
...
006 (111367039.158.000) 04/23 04:25:20 Image size of job updated: 19733276
	19162  -  MemoryUsage of job (MB)
	19621776  -  ResidentSetSize of job (KB)
...
006 (111367039.158.000) 04/23 04:30:20 Image size of job updated: 20397280
	19766  -  MemoryUsage of job (MB)
	20240208  -  ResidentSetSize of job (KB)
...
006 (111367039.158.000) 04/23 04:33:11 Image size of job updated: 20884120
	19767  -  MemoryUsage of job (MB)
	20241228  -  ResidentSetSize of job (KB)
...
005 (111367039.158.000) 04/23 04:33:15 Job terminated.
	(1) Normal termination (return value 0)
		Usr 0 02:08:21, Sys 0 00:02:10  -  Run Remote Usage
		Usr 0 00:00:00, Sys 0 00:00:00  -  Run Local Usage
		Usr 0 02:08:21, Sys 0 00:02:10  -  Total Remote Usage
		Usr 0 00:00:00, Sys 0 00:00:00  -  Total Local Usage
	20288836  -  Run Bytes Sent By Job
	1780294656  -  Run Bytes Received By Job
	20288836  -  Total Bytes Sent By Job
	1780294656  -  Total Bytes Received By Job
	Partitionable Resources :      Usage  Request Allocated 
	   Cpus                 :       0.97        1         1 
	   Disk (KB)            : 6849624    20971520  21229724 
	   Ioheavy              :                             0 
	   Memory (MB)          :   19767       20480     20480 
...
