000 (111515045.195.000) 04/25 20:23:08 Job submitted from host: <128.104.100.44:9618?addrs=128.104.100.44-9618+[2607-f388-107c-501-90e2-baff-fe2c-2724]-9618&noUDP&sock=4699_0235_3>
...
001 (111515045.195.000) 04/26 03:30:13 Job executing on host: <128.105.245.150:9618?addrs=128.105.245.150-9618&noUDP&sock=5248_451c_27>
...
006 (111515045.195.000) 04/26 03:30:21 Image size of job updated: 632
	1  -  MemoryUsage of job (MB)
	632  -  ResidentSetSize of job (KB)
...
006 (111515045.195.000) 04/26 03:35:23 Image size of job updated: 664
	1  -  MemoryUsage of job (MB)
	664  -  ResidentSetSize of job (KB)
...
006 (111515045.195.000) 04/26 03:40:22 Image size of job updated: 518556
	431  -  MemoryUsage of job (MB)
	440560  -  ResidentSetSize of job (KB)
...
006 (111515045.195.000) 04/26 03:45:21 Image size of job updated: 987548
	889  -  MemoryUsage of job (MB)
	909496  -  ResidentSetSize of job (KB)
...
006 (111515045.195.000) 04/26 03:50:22 Image size of job updated: 1489564
	1379  -  MemoryUsage of job (MB)
	1411512  -  ResidentSetSize of job (KB)
...
006 (111515045.195.000) 04/26 03:55:22 Image size of job updated: 2142184
	2016  -  MemoryUsage of job (MB)
	2064132  -  ResidentSetSize of job (KB)
...
006 (111515045.195.000) 04/26 04:00:22 Image size of job updated: 2894144
	2751  -  MemoryUsage of job (MB)
	2816092  -  ResidentSetSize of job (KB)
...
006 (111515045.195.000) 04/26 04:05:24 Image size of job updated: 3764676
	3601  -  MemoryUsage of job (MB)
	3686624  -  ResidentSetSize of job (KB)
...
006 (111515045.195.000) 04/26 04:10:31 Image size of job updated: 4516420
	4335  -  MemoryUsage of job (MB)
	4438368  -  ResidentSetSize of job (KB)
...
006 (111515045.195.000) 04/26 04:15:25 Image size of job updated: 5324276
	5124  -  MemoryUsage of job (MB)
	5246224  -  ResidentSetSize of job (KB)
...
006 (111515045.195.000) 04/26 04:20:25 Image size of job updated: 6167472
	5947  -  MemoryUsage of job (MB)
	6089420  -  ResidentSetSize of job (KB)
...
006 (111515045.195.000) 04/26 04:25:26 Image size of job updated: 6859044
	6623  -  MemoryUsage of job (MB)
	6780992  -  ResidentSetSize of job (KB)
...
006 (111515045.195.000) 04/26 04:30:29 Image size of job updated: 7506280
	7255  -  MemoryUsage of job (MB)
	7428228  -  ResidentSetSize of job (KB)
...
006 (111515045.195.000) 04/26 04:35:31 Image size of job updated: 8254636
	7985  -  MemoryUsage of job (MB)
	8176584  -  ResidentSetSize of job (KB)
...
006 (111515045.195.000) 04/26 04:40:29 Image size of job updated: 8792760
	8511  -  MemoryUsage of job (MB)
	8714708  -  ResidentSetSize of job (KB)
...
006 (111515045.195.000) 04/26 04:45:32 Image size of job updated: 9427080
	9130  -  MemoryUsage of job (MB)
	9349028  -  ResidentSetSize of job (KB)
...
006 (111515045.195.000) 04/26 04:50:28 Image size of job updated: 10049352
	9738  -  MemoryUsage of job (MB)
	9971300  -  ResidentSetSize of job (KB)
...
006 (111515045.195.000) 04/26 04:55:29 Image size of job updated: 10687120
	10361  -  MemoryUsage of job (MB)
	10609068  -  ResidentSetSize of job (KB)
...
006 (111515045.195.000) 04/26 05:00:29 Image size of job updated: 11354836
	11013  -  MemoryUsage of job (MB)
	11276784  -  ResidentSetSize of job (KB)
...
006 (111515045.195.000) 04/26 05:05:30 Image size of job updated: 12080416
	11722  -  MemoryUsage of job (MB)
	12002364  -  ResidentSetSize of job (KB)
...
006 (111515045.195.000) 04/26 05:10:31 Image size of job updated: 12840848
	12464  -  MemoryUsage of job (MB)
	12762796  -  ResidentSetSize of job (KB)
...
006 (111515045.195.000) 04/26 05:15:32 Image size of job updated: 13722928
	13326  -  MemoryUsage of job (MB)
	13644876  -  ResidentSetSize of job (KB)
...
006 (111515045.195.000) 04/26 05:20:33 Image size of job updated: 14551280
	14135  -  MemoryUsage of job (MB)
	14473228  -  ResidentSetSize of job (KB)
...
006 (111515045.195.000) 04/26 05:25:34 Image size of job updated: 15304416
	14870  -  MemoryUsage of job (MB)
	15226196  -  ResidentSetSize of job (KB)
...
006 (111515045.195.000) 04/26 05:30:33 Image size of job updated: 15852968
	15404  -  MemoryUsage of job (MB)
	15773252  -  ResidentSetSize of job (KB)
...
006 (111515045.195.000) 04/26 05:35:33 Image size of job updated: 16454216
	15926  -  MemoryUsage of job (MB)
	16307708  -  ResidentSetSize of job (KB)
...
006 (111515045.195.000) 04/26 05:40:35 Image size of job updated: 16931240
	16391  -  MemoryUsage of job (MB)
	16784008  -  ResidentSetSize of job (KB)
...
006 (111515045.195.000) 04/26 05:45:33 Image size of job updated: 17524708
	16940  -  MemoryUsage of job (MB)
	17346360  -  ResidentSetSize of job (KB)
...
006 (111515045.195.000) 04/26 05:50:34 Image size of job updated: 18058776
	17455  -  MemoryUsage of job (MB)
	17873036  -  ResidentSetSize of job (KB)
...
006 (111515045.195.000) 04/26 05:55:34 Image size of job updated: 18735028
	18101  -  MemoryUsage of job (MB)
	18535336  -  ResidentSetSize of job (KB)
...
006 (111515045.195.000) 04/26 06:00:34 Image size of job updated: 19565780
	18899  -  MemoryUsage of job (MB)
	19351748  -  ResidentSetSize of job (KB)
...
006 (111515045.195.000) 04/26 06:05:35 Image size of job updated: 20165760
	19470  -  MemoryUsage of job (MB)
	19936372  -  ResidentSetSize of job (KB)
...
006 (111515045.195.000) 04/26 06:10:35 Image size of job updated: 20834920
	20085  -  MemoryUsage of job (MB)
	20566340  -  ResidentSetSize of job (KB)
...
006 (111515045.195.000) 04/26 06:15:40 Image size of job updated: 21420352
	20462  -  MemoryUsage of job (MB)
	20952416  -  ResidentSetSize of job (KB)
...
005 (111515045.195.000) 04/26 06:18:55 Job terminated.
	(1) Normal termination (return value 0)
		Usr 0 02:07:16, Sys 0 00:02:49  -  Run Remote Usage
		Usr 0 00:00:00, Sys 0 00:00:00  -  Run Local Usage
		Usr 0 02:07:16, Sys 0 00:02:49  -  Total Remote Usage
		Usr 0 00:00:00, Sys 0 00:00:00  -  Total Local Usage
	20155102  -  Run Bytes Sent By Job
	1780295040  -  Run Bytes Received By Job
	20155102  -  Total Bytes Sent By Job
	1780295040  -  Total Bytes Received By Job
	Partitionable Resources :      Usage  Request Allocated 
	   Cpus                 :       0.82        1         1 
	   Disk (KB)            : 6849495    20971520  21708734 
	   Ioheavy              :                             0 
	   Memory (MB)          :   20462       20480     20480 
...
