000 (111472057.163.000) 04/24 11:52:17 Job submitted from host: <128.104.100.44:9618?addrs=128.104.100.44-9618+[2607-f388-107c-501-90e2-baff-fe2c-2724]-9618&noUDP&sock=4699_0235_3>
...
001 (111472057.163.000) 04/24 19:17:53 Job executing on host: <128.105.245.132:9618?addrs=128.105.245.132-9618&noUDP&sock=5469_db8a_29>
...
006 (111472057.163.000) 04/24 19:18:03 Image size of job updated: 624
	1  -  MemoryUsage of job (MB)
	624  -  ResidentSetSize of job (KB)
...
006 (111472057.163.000) 04/24 19:23:04 Image size of job updated: 632
	1  -  MemoryUsage of job (MB)
	632  -  ResidentSetSize of job (KB)
...
006 (111472057.163.000) 04/24 19:33:06 Image size of job updated: 636
	1  -  MemoryUsage of job (MB)
	636  -  ResidentSetSize of job (KB)
...
006 (111472057.163.000) 04/24 19:38:06 Image size of job updated: 652
	1  -  MemoryUsage of job (MB)
	652  -  ResidentSetSize of job (KB)
...
006 (111472057.163.000) 04/24 19:43:07 Image size of job updated: 656
	1  -  MemoryUsage of job (MB)
	656  -  ResidentSetSize of job (KB)
...
006 (111472057.163.000) 04/24 20:03:10 Image size of job updated: 660
	1  -  MemoryUsage of job (MB)
	660  -  ResidentSetSize of job (KB)
...
006 (111472057.163.000) 04/24 20:13:11 Image size of job updated: 672
	1  -  MemoryUsage of job (MB)
	672  -  ResidentSetSize of job (KB)
...
006 (111472057.163.000) 04/24 20:28:12 Image size of job updated: 330704
	247  -  MemoryUsage of job (MB)
	252708  -  ResidentSetSize of job (KB)
...
006 (111472057.163.000) 04/24 20:33:13 Image size of job updated: 524080
	436  -  MemoryUsage of job (MB)
	446084  -  ResidentSetSize of job (KB)
...
006 (111472057.163.000) 04/24 20:38:13 Image size of job updated: 743436
	650  -  MemoryUsage of job (MB)
	665384  -  ResidentSetSize of job (KB)
...
006 (111472057.163.000) 04/24 20:43:14 Image size of job updated: 979936
	881  -  MemoryUsage of job (MB)
	901884  -  ResidentSetSize of job (KB)
...
006 (111472057.163.000) 04/24 20:48:15 Image size of job updated: 1380580
	1272  -  MemoryUsage of job (MB)
	1302528  -  ResidentSetSize of job (KB)
...
006 (111472057.163.000) 04/24 20:53:17 Image size of job updated: 1963240
	1842  -  MemoryUsage of job (MB)
	1885188  -  ResidentSetSize of job (KB)
...
006 (111472057.163.000) 04/24 20:58:17 Image size of job updated: 2565908
	2430  -  MemoryUsage of job (MB)
	2487856  -  ResidentSetSize of job (KB)
...
006 (111472057.163.000) 04/24 21:03:17 Image size of job updated: 3072740
	2925  -  MemoryUsage of job (MB)
	2994688  -  ResidentSetSize of job (KB)
...
006 (111472057.163.000) 04/24 21:08:17 Image size of job updated: 3619264
	3459  -  MemoryUsage of job (MB)
	3541212  -  ResidentSetSize of job (KB)
...
006 (111472057.163.000) 04/24 21:13:18 Image size of job updated: 3986940
	3818  -  MemoryUsage of job (MB)
	3908888  -  ResidentSetSize of job (KB)
...
006 (111472057.163.000) 04/24 21:18:18 Image size of job updated: 4360456
	4183  -  MemoryUsage of job (MB)
	4282404  -  ResidentSetSize of job (KB)
...
006 (111472057.163.000) 04/24 21:23:18 Image size of job updated: 4615752
	4432  -  MemoryUsage of job (MB)
	4537700  -  ResidentSetSize of job (KB)
...
006 (111472057.163.000) 04/24 21:28:18 Image size of job updated: 4887952
	4698  -  MemoryUsage of job (MB)
	4809900  -  ResidentSetSize of job (KB)
...
006 (111472057.163.000) 04/24 21:33:19 Image size of job updated: 5270064
	5071  -  MemoryUsage of job (MB)
	5192012  -  ResidentSetSize of job (KB)
...
006 (111472057.163.000) 04/24 21:38:20 Image size of job updated: 5930620
	5716  -  MemoryUsage of job (MB)
	5852568  -  ResidentSetSize of job (KB)
...
006 (111472057.163.000) 04/24 21:43:20 Image size of job updated: 6658824
	6427  -  MemoryUsage of job (MB)
	6580772  -  ResidentSetSize of job (KB)
...
006 (111472057.163.000) 04/24 21:48:20 Image size of job updated: 7677920
	7422  -  MemoryUsage of job (MB)
	7599868  -  ResidentSetSize of job (KB)
...
006 (111472057.163.000) 04/24 21:53:21 Image size of job updated: 8558340
	8282  -  MemoryUsage of job (MB)
	8480288  -  ResidentSetSize of job (KB)
...
006 (111472057.163.000) 04/24 21:58:21 Image size of job updated: 9376084
	9081  -  MemoryUsage of job (MB)
	9298032  -  ResidentSetSize of job (KB)
...
006 (111472057.163.000) 04/24 22:03:22 Image size of job updated: 10266256
	9950  -  MemoryUsage of job (MB)
	10188204  -  ResidentSetSize of job (KB)
...
006 (111472057.163.000) 04/24 22:08:22 Image size of job updated: 11102924
	10767  -  MemoryUsage of job (MB)
	11024872  -  ResidentSetSize of job (KB)
...
006 (111472057.163.000) 04/24 22:13:22 Image size of job updated: 11711500
	11361  -  MemoryUsage of job (MB)
	11633448  -  ResidentSetSize of job (KB)
...
006 (111472057.163.000) 04/24 22:18:23 Image size of job updated: 12180456
	11819  -  MemoryUsage of job (MB)
	12102404  -  ResidentSetSize of job (KB)
...
006 (111472057.163.000) 04/24 22:23:24 Image size of job updated: 12949880
	12571  -  MemoryUsage of job (MB)
	12871828  -  ResidentSetSize of job (KB)
...
006 (111472057.163.000) 04/24 22:28:25 Image size of job updated: 13704196
	13307  -  MemoryUsage of job (MB)
	13626144  -  ResidentSetSize of job (KB)
...
006 (111472057.163.000) 04/24 22:33:26 Image size of job updated: 14484572
	14069  -  MemoryUsage of job (MB)
	14406520  -  ResidentSetSize of job (KB)
...
006 (111472057.163.000) 04/24 22:38:26 Image size of job updated: 15379420
	14943  -  MemoryUsage of job (MB)
	15301368  -  ResidentSetSize of job (KB)
...
006 (111472057.163.000) 04/24 22:43:27 Image size of job updated: 16104424
	15649  -  MemoryUsage of job (MB)
	16024444  -  ResidentSetSize of job (KB)
...
006 (111472057.163.000) 04/24 22:48:27 Image size of job updated: 16937960
	16459  -  MemoryUsage of job (MB)
	16853592  -  ResidentSetSize of job (KB)
...
006 (111472057.163.000) 04/24 22:53:28 Image size of job updated: 17792908
	17293  -  MemoryUsage of job (MB)
	17707428  -  ResidentSetSize of job (KB)
...
006 (111472057.163.000) 04/24 22:58:29 Image size of job updated: 18536884
	18019  -  MemoryUsage of job (MB)
	18450764  -  ResidentSetSize of job (KB)
...
006 (111472057.163.000) 04/24 23:03:30 Image size of job updated: 19223072
	18683  -  MemoryUsage of job (MB)
	19131248  -  ResidentSetSize of job (KB)
...
006 (111472057.163.000) 04/24 23:08:30 Image size of job updated: 19872100
	19302  -  MemoryUsage of job (MB)
	19764904  -  ResidentSetSize of job (KB)
...
006 (111472057.163.000) 04/24 23:13:30 Image size of job updated: 20439552
	19822  -  MemoryUsage of job (MB)
	20297204  -  ResidentSetSize of job (KB)
...
006 (111472057.163.000) 04/24 23:18:32 Image size of job updated: 20743312
	20091  -  MemoryUsage of job (MB)
	20573016  -  ResidentSetSize of job (KB)
...
006 (111472057.163.000) 04/24 23:23:32 Image size of job updated: 21153968
	20395  -  MemoryUsage of job (MB)
	20884412  -  ResidentSetSize of job (KB)
...
006 (111472057.163.000) 04/24 23:27:03 Image size of job updated: 22174936
	20395  -  MemoryUsage of job (MB)
	20884412  -  ResidentSetSize of job (KB)
...
005 (111472057.163.000) 04/24 23:27:04 Job terminated.
	(1) Normal termination (return value 0)
		Usr 0 01:52:35, Sys 0 00:02:14  -  Run Remote Usage
		Usr 0 00:00:00, Sys 0 00:00:00  -  Run Local Usage
		Usr 0 01:52:35, Sys 0 00:02:14  -  Total Remote Usage
		Usr 0 00:00:00, Sys 0 00:00:00  -  Total Local Usage
	19776448  -  Run Bytes Sent By Job
	1780295040  -  Run Bytes Received By Job
	19776448  -  Total Bytes Sent By Job
	1780295040  -  Total Bytes Received By Job
	Partitionable Resources :      Usage  Request Allocated 
	   Cpus                 :       0.49        1         1 
	   Disk (KB)            : 6849042    20971520  21206605 
	   Ioheavy              :                             0 
	   Memory (MB)          :   20395       20480     20480 
...
