000 (111367039.077.000) 04/22 22:37:22 Job submitted from host: <128.104.100.44:9618?addrs=128.104.100.44-9618+[2607-f388-107c-501-90e2-baff-fe2c-2724]-9618&noUDP&sock=1497440_afb9_3>
...
001 (111367039.077.000) 04/22 23:52:57 Job executing on host: <128.105.245.154:9618?addrs=128.105.245.154-9618&noUDP&sock=5448_740d_29>
...
006 (111367039.077.000) 04/22 23:53:06 Image size of job updated: 624
	1  -  MemoryUsage of job (MB)
	624  -  ResidentSetSize of job (KB)
...
006 (111367039.077.000) 04/22 23:58:08 Image size of job updated: 652
	1  -  MemoryUsage of job (MB)
	652  -  ResidentSetSize of job (KB)
...
006 (111367039.077.000) 04/23 00:03:08 Image size of job updated: 371524
	287  -  MemoryUsage of job (MB)
	293528  -  ResidentSetSize of job (KB)
...
006 (111367039.077.000) 04/23 00:08:08 Image size of job updated: 729068
	636  -  MemoryUsage of job (MB)
	651064  -  ResidentSetSize of job (KB)
...
006 (111367039.077.000) 04/23 00:13:08 Image size of job updated: 1200160
	1096  -  MemoryUsage of job (MB)
	1122108  -  ResidentSetSize of job (KB)
...
006 (111367039.077.000) 04/23 00:18:08 Image size of job updated: 1703872
	1588  -  MemoryUsage of job (MB)
	1625820  -  ResidentSetSize of job (KB)
...
006 (111367039.077.000) 04/23 00:23:09 Image size of job updated: 2226404
	2098  -  MemoryUsage of job (MB)
	2148352  -  ResidentSetSize of job (KB)
...
006 (111367039.077.000) 04/23 00:28:10 Image size of job updated: 2837980
	2696  -  MemoryUsage of job (MB)
	2759928  -  ResidentSetSize of job (KB)
...
006 (111367039.077.000) 04/23 00:33:11 Image size of job updated: 3691620
	3529  -  MemoryUsage of job (MB)
	3613568  -  ResidentSetSize of job (KB)
...
006 (111367039.077.000) 04/23 00:38:12 Image size of job updated: 4552696
	4370  -  MemoryUsage of job (MB)
	4474644  -  ResidentSetSize of job (KB)
...
006 (111367039.077.000) 04/23 00:43:12 Image size of job updated: 5534348
	5329  -  MemoryUsage of job (MB)
	5456296  -  ResidentSetSize of job (KB)
...
006 (111367039.077.000) 04/23 00:48:12 Image size of job updated: 6211240
	5990  -  MemoryUsage of job (MB)
	6133188  -  ResidentSetSize of job (KB)
...
006 (111367039.077.000) 04/23 00:53:12 Image size of job updated: 6921712
	6684  -  MemoryUsage of job (MB)
	6843660  -  ResidentSetSize of job (KB)
...
006 (111367039.077.000) 04/23 00:58:12 Image size of job updated: 7565916
	7313  -  MemoryUsage of job (MB)
	7487864  -  ResidentSetSize of job (KB)
...
006 (111367039.077.000) 04/23 01:03:12 Image size of job updated: 8267840
	7998  -  MemoryUsage of job (MB)
	8189788  -  ResidentSetSize of job (KB)
...
006 (111367039.077.000) 04/23 01:08:12 Image size of job updated: 8945260
	8660  -  MemoryUsage of job (MB)
	8867208  -  ResidentSetSize of job (KB)
...
006 (111367039.077.000) 04/23 01:13:13 Image size of job updated: 9464368
	9167  -  MemoryUsage of job (MB)
	9386316  -  ResidentSetSize of job (KB)
...
006 (111367039.077.000) 04/23 01:18:14 Image size of job updated: 9969240
	9660  -  MemoryUsage of job (MB)
	9891188  -  ResidentSetSize of job (KB)
...
006 (111367039.077.000) 04/23 01:23:15 Image size of job updated: 10698152
	10372  -  MemoryUsage of job (MB)
	10620100  -  ResidentSetSize of job (KB)
...
006 (111367039.077.000) 04/23 01:28:15 Image size of job updated: 11392020
	11049  -  MemoryUsage of job (MB)
	11313968  -  ResidentSetSize of job (KB)
...
006 (111367039.077.000) 04/23 01:33:15 Image size of job updated: 12010180
	11653  -  MemoryUsage of job (MB)
	11932128  -  ResidentSetSize of job (KB)
...
006 (111367039.077.000) 04/23 01:38:15 Image size of job updated: 12519156
	12150  -  MemoryUsage of job (MB)
	12441104  -  ResidentSetSize of job (KB)
...
006 (111367039.077.000) 04/23 01:43:15 Image size of job updated: 13232236
	12846  -  MemoryUsage of job (MB)
	13154184  -  ResidentSetSize of job (KB)
...
006 (111367039.077.000) 04/23 01:48:16 Image size of job updated: 13835100
	13435  -  MemoryUsage of job (MB)
	13757048  -  ResidentSetSize of job (KB)
...
006 (111367039.077.000) 04/23 01:53:17 Image size of job updated: 14659656
	14240  -  MemoryUsage of job (MB)
	14581604  -  ResidentSetSize of job (KB)
...
006 (111367039.077.000) 04/23 01:58:17 Image size of job updated: 15263316
	14830  -  MemoryUsage of job (MB)
	15185264  -  ResidentSetSize of job (KB)
...
006 (111367039.077.000) 04/23 02:03:17 Image size of job updated: 15775292
	15328  -  MemoryUsage of job (MB)
	15695784  -  ResidentSetSize of job (KB)
...
006 (111367039.077.000) 04/23 02:08:17 Image size of job updated: 16537832
	16063  -  MemoryUsage of job (MB)
	16447932  -  ResidentSetSize of job (KB)
...
006 (111367039.077.000) 04/23 02:13:17 Image size of job updated: 17232856
	16728  -  MemoryUsage of job (MB)
	17128696  -  ResidentSetSize of job (KB)
...
006 (111367039.077.000) 04/23 02:18:17 Image size of job updated: 17832924
	17300  -  MemoryUsage of job (MB)
	17714492  -  ResidentSetSize of job (KB)
...
006 (111367039.077.000) 04/23 02:23:18 Image size of job updated: 18471208
	17898  -  MemoryUsage of job (MB)
	18327204  -  ResidentSetSize of job (KB)
...
006 (111367039.077.000) 04/23 02:28:18 Image size of job updated: 19092312
	18475  -  MemoryUsage of job (MB)
	18917428  -  ResidentSetSize of job (KB)
...
006 (111367039.077.000) 04/23 02:33:18 Image size of job updated: 19768872
	19089  -  MemoryUsage of job (MB)
	19547048  -  ResidentSetSize of job (KB)
...
006 (111367039.077.000) 04/23 02:38:18 Image size of job updated: 20479088
	19695  -  MemoryUsage of job (MB)
	20166836  -  ResidentSetSize of job (KB)
...
006 (111367039.077.000) 04/23 02:41:37 Image size of job updated: 20954600
	19696  -  MemoryUsage of job (MB)
	20167692  -  ResidentSetSize of job (KB)
...
005 (111367039.077.000) 04/23 02:41:39 Job terminated.
	(1) Normal termination (return value 0)
		Usr 0 02:07:10, Sys 0 00:02:13  -  Run Remote Usage
		Usr 0 00:00:00, Sys 0 00:00:00  -  Run Local Usage
		Usr 0 02:07:10, Sys 0 00:02:13  -  Total Remote Usage
		Usr 0 00:00:00, Sys 0 00:00:00  -  Total Local Usage
	20172636  -  Run Bytes Sent By Job
	1780294656  -  Run Bytes Received By Job
	20172636  -  Total Bytes Sent By Job
	1780294656  -  Total Bytes Received By Job
	Partitionable Resources :      Usage  Request Allocated 
	   Cpus                 :       0.91        1         1 
	   Disk (KB)            : 6849428    20971520  21381164 
	   Ioheavy              :                             0 
	   Memory (MB)          :   19696       20480     20480 
...
