000 (111472057.133.000) 04/24 11:52:17 Job submitted from host: <128.104.100.44:9618?addrs=128.104.100.44-9618+[2607-f388-107c-501-90e2-baff-fe2c-2724]-9618&noUDP&sock=4699_0235_3>
...
001 (111472057.133.000) 04/24 18:58:54 Job executing on host: <128.105.245.236:9618?addrs=128.105.245.236-9618&noUDP&sock=5457_a067_3>
...
006 (111472057.133.000) 04/24 18:59:02 Image size of job updated: 624
	1  -  MemoryUsage of job (MB)
	624  -  ResidentSetSize of job (KB)
...
006 (111472057.133.000) 04/24 19:04:03 Image size of job updated: 656
	1  -  MemoryUsage of job (MB)
	656  -  ResidentSetSize of job (KB)
...
006 (111472057.133.000) 04/24 19:09:03 Image size of job updated: 672
	1  -  MemoryUsage of job (MB)
	672  -  ResidentSetSize of job (KB)
...
006 (111472057.133.000) 04/24 19:14:04 Image size of job updated: 762040
	668  -  MemoryUsage of job (MB)
	683988  -  ResidentSetSize of job (KB)
...
006 (111472057.133.000) 04/24 19:19:05 Image size of job updated: 1733072
	1617  -  MemoryUsage of job (MB)
	1655020  -  ResidentSetSize of job (KB)
...
006 (111472057.133.000) 04/24 19:24:06 Image size of job updated: 3096396
	2948  -  MemoryUsage of job (MB)
	3018344  -  ResidentSetSize of job (KB)
...
006 (111472057.133.000) 04/24 19:29:07 Image size of job updated: 4609844
	4426  -  MemoryUsage of job (MB)
	4531792  -  ResidentSetSize of job (KB)
...
006 (111472057.133.000) 04/24 19:34:08 Image size of job updated: 6195572
	5975  -  MemoryUsage of job (MB)
	6117520  -  ResidentSetSize of job (KB)
...
006 (111472057.133.000) 04/24 19:39:09 Image size of job updated: 7716144
	7460  -  MemoryUsage of job (MB)
	7638092  -  ResidentSetSize of job (KB)
...
006 (111472057.133.000) 04/24 19:44:10 Image size of job updated: 9098392
	8809  -  MemoryUsage of job (MB)
	9020340  -  ResidentSetSize of job (KB)
...
006 (111472057.133.000) 04/24 19:49:11 Image size of job updated: 10372352
	10054  -  MemoryUsage of job (MB)
	10294300  -  ResidentSetSize of job (KB)
...
006 (111472057.133.000) 04/24 19:54:12 Image size of job updated: 11652952
	11304  -  MemoryUsage of job (MB)
	11574900  -  ResidentSetSize of job (KB)
...
006 (111472057.133.000) 04/24 19:59:13 Image size of job updated: 13003776
	12623  -  MemoryUsage of job (MB)
	12925724  -  ResidentSetSize of job (KB)
...
006 (111472057.133.000) 04/24 20:04:13 Image size of job updated: 14319040
	13908  -  MemoryUsage of job (MB)
	14240988  -  ResidentSetSize of job (KB)
...
006 (111472057.133.000) 04/24 20:09:14 Image size of job updated: 15629656
	15188  -  MemoryUsage of job (MB)
	15551604  -  ResidentSetSize of job (KB)
...
006 (111472057.133.000) 04/24 20:14:15 Image size of job updated: 16994920
	16520  -  MemoryUsage of job (MB)
	16915716  -  ResidentSetSize of job (KB)
...
006 (111472057.133.000) 04/24 20:19:15 Image size of job updated: 18324720
	17817  -  MemoryUsage of job (MB)
	18243768  -  ResidentSetSize of job (KB)
...
006 (111472057.133.000) 04/24 20:24:15 Image size of job updated: 19611484
	19064  -  MemoryUsage of job (MB)
	19521072  -  ResidentSetSize of job (KB)
...
006 (111472057.133.000) 04/24 20:29:15 Image size of job updated: 20525468
	19930  -  MemoryUsage of job (MB)
	20408040  -  ResidentSetSize of job (KB)
...
006 (111472057.133.000) 04/24 20:34:15 Image size of job updated: 21076244
	20381  -  MemoryUsage of job (MB)
	20869152  -  ResidentSetSize of job (KB)
...
006 (111472057.133.000) 04/24 20:39:14 Image size of job updated: 21194204
	20406  -  MemoryUsage of job (MB)
	20895452  -  ResidentSetSize of job (KB)
...
006 (111472057.133.000) 04/24 20:44:14 Image size of job updated: 21525876
	20429  -  MemoryUsage of job (MB)
	20918396  -  ResidentSetSize of job (KB)
...
005 (111472057.133.000) 04/24 20:44:45 Job terminated.
	(1) Normal termination (return value 0)
		Usr 0 01:18:33, Sys 0 00:01:34  -  Run Remote Usage
		Usr 0 00:00:00, Sys 0 00:00:00  -  Run Local Usage
		Usr 0 01:18:33, Sys 0 00:01:34  -  Total Remote Usage
		Usr 0 00:00:00, Sys 0 00:00:00  -  Total Local Usage
	19907608  -  Run Bytes Sent By Job
	1780295040  -  Run Bytes Received By Job
	19907608  -  Total Bytes Sent By Job
	1780295040  -  Total Bytes Received By Job
	Partitionable Resources :      Usage  Request Allocated 
	   Cpus                 :       0.57        1         1 
	   Disk (KB)            : 6849169    20971520  21370608 
	   Ioheavy              :                             0 
	   Memory (MB)          :   20429       20480     20480 
...
