000 (111515045.146.000) 04/25 20:23:08 Job submitted from host: <128.104.100.44:9618?addrs=128.104.100.44-9618+[2607-f388-107c-501-90e2-baff-fe2c-2724]-9618&noUDP&sock=4699_0235_3>
...
001 (111515045.146.000) 04/26 02:56:01 Job executing on host: <128.105.245.169:9618?addrs=128.105.245.169-9618&noUDP&sock=5489_936f_3>
...
006 (111515045.146.000) 04/26 02:56:10 Image size of job updated: 640
	1  -  MemoryUsage of job (MB)
	640  -  ResidentSetSize of job (KB)
...
006 (111515045.146.000) 04/26 03:01:12 Image size of job updated: 664
	1  -  MemoryUsage of job (MB)
	664  -  ResidentSetSize of job (KB)
...
006 (111515045.146.000) 04/26 03:06:13 Image size of job updated: 680
	1  -  MemoryUsage of job (MB)
	680  -  ResidentSetSize of job (KB)
...
006 (111515045.146.000) 04/26 03:11:14 Image size of job updated: 484036
	397  -  MemoryUsage of job (MB)
	406040  -  ResidentSetSize of job (KB)
...
006 (111515045.146.000) 04/26 03:16:15 Image size of job updated: 860124
	764  -  MemoryUsage of job (MB)
	782072  -  ResidentSetSize of job (KB)
...
006 (111515045.146.000) 04/26 03:21:15 Image size of job updated: 1357676
	1250  -  MemoryUsage of job (MB)
	1279624  -  ResidentSetSize of job (KB)
...
006 (111515045.146.000) 04/26 03:26:16 Image size of job updated: 1910452
	1790  -  MemoryUsage of job (MB)
	1832400  -  ResidentSetSize of job (KB)
...
006 (111515045.146.000) 04/26 03:31:16 Image size of job updated: 2658140
	2520  -  MemoryUsage of job (MB)
	2580088  -  ResidentSetSize of job (KB)
...
006 (111515045.146.000) 04/26 03:36:16 Image size of job updated: 3509432
	3351  -  MemoryUsage of job (MB)
	3431380  -  ResidentSetSize of job (KB)
...
006 (111515045.146.000) 04/26 03:41:17 Image size of job updated: 4379280
	4201  -  MemoryUsage of job (MB)
	4301228  -  ResidentSetSize of job (KB)
...
006 (111515045.146.000) 04/26 03:46:18 Image size of job updated: 5189004
	4992  -  MemoryUsage of job (MB)
	5110952  -  ResidentSetSize of job (KB)
...
006 (111515045.146.000) 04/26 03:51:17 Image size of job updated: 6095932
	5877  -  MemoryUsage of job (MB)
	6017880  -  ResidentSetSize of job (KB)
...
006 (111515045.146.000) 04/26 03:56:19 Image size of job updated: 6883072
	6646  -  MemoryUsage of job (MB)
	6805020  -  ResidentSetSize of job (KB)
...
006 (111515045.146.000) 04/26 04:01:19 Image size of job updated: 7688576
	7433  -  MemoryUsage of job (MB)
	7610524  -  ResidentSetSize of job (KB)
...
006 (111515045.146.000) 04/26 04:06:19 Image size of job updated: 8384884
	8113  -  MemoryUsage of job (MB)
	8306832  -  ResidentSetSize of job (KB)
...
006 (111515045.146.000) 04/26 04:11:20 Image size of job updated: 9091644
	8803  -  MemoryUsage of job (MB)
	9013592  -  ResidentSetSize of job (KB)
...
006 (111515045.146.000) 04/26 04:16:21 Image size of job updated: 9656216
	9354  -  MemoryUsage of job (MB)
	9578164  -  ResidentSetSize of job (KB)
...
006 (111515045.146.000) 04/26 04:21:21 Image size of job updated: 10105500
	9793  -  MemoryUsage of job (MB)
	10027448  -  ResidentSetSize of job (KB)
...
006 (111515045.146.000) 04/26 04:26:22 Image size of job updated: 10592132
	10268  -  MemoryUsage of job (MB)
	10514080  -  ResidentSetSize of job (KB)
...
006 (111515045.146.000) 04/26 04:31:22 Image size of job updated: 11267208
	10927  -  MemoryUsage of job (MB)
	11189156  -  ResidentSetSize of job (KB)
...
006 (111515045.146.000) 04/26 04:36:24 Image size of job updated: 11936096
	11581  -  MemoryUsage of job (MB)
	11858044  -  ResidentSetSize of job (KB)
...
006 (111515045.146.000) 04/26 04:41:24 Image size of job updated: 12405664
	12039  -  MemoryUsage of job (MB)
	12327612  -  ResidentSetSize of job (KB)
...
006 (111515045.146.000) 04/26 04:46:24 Image size of job updated: 12855404
	12478  -  MemoryUsage of job (MB)
	12777352  -  ResidentSetSize of job (KB)
...
006 (111515045.146.000) 04/26 04:51:25 Image size of job updated: 13464588
	13073  -  MemoryUsage of job (MB)
	13386536  -  ResidentSetSize of job (KB)
...
006 (111515045.146.000) 04/26 04:56:27 Image size of job updated: 13881880
	13481  -  MemoryUsage of job (MB)
	13803828  -  ResidentSetSize of job (KB)
...
006 (111515045.146.000) 04/26 05:01:26 Image size of job updated: 14273748
	13863  -  MemoryUsage of job (MB)
	14195696  -  ResidentSetSize of job (KB)
...
006 (111515045.146.000) 04/26 05:06:27 Image size of job updated: 14756680
	14335  -  MemoryUsage of job (MB)
	14678628  -  ResidentSetSize of job (KB)
...
006 (111515045.146.000) 04/26 05:11:27 Image size of job updated: 15286580
	14853  -  MemoryUsage of job (MB)
	15208528  -  ResidentSetSize of job (KB)
...
006 (111515045.146.000) 04/26 05:16:28 Image size of job updated: 15675352
	15232  -  MemoryUsage of job (MB)
	15597300  -  ResidentSetSize of job (KB)
...
006 (111515045.146.000) 04/26 05:21:28 Image size of job updated: 16060328
	15608  -  MemoryUsage of job (MB)
	15982276  -  ResidentSetSize of job (KB)
...
006 (111515045.146.000) 04/26 05:26:28 Image size of job updated: 16507616
	16045  -  MemoryUsage of job (MB)
	16429564  -  ResidentSetSize of job (KB)
...
006 (111515045.146.000) 04/26 05:31:31 Image size of job updated: 17065412
	16590  -  MemoryUsage of job (MB)
	16987280  -  ResidentSetSize of job (KB)
...
006 (111515045.146.000) 04/26 05:36:31 Image size of job updated: 17663956
	17173  -  MemoryUsage of job (MB)
	17584724  -  ResidentSetSize of job (KB)
...
006 (111515045.146.000) 04/26 05:41:35 Image size of job updated: 18170268
	17666  -  MemoryUsage of job (MB)
	18089364  -  ResidentSetSize of job (KB)
...
006 (111515045.146.000) 04/26 05:46:31 Image size of job updated: 18593180
	18078  -  MemoryUsage of job (MB)
	18511124  -  ResidentSetSize of job (KB)
...
006 (111515045.146.000) 04/26 05:51:32 Image size of job updated: 19436612
	18893  -  MemoryUsage of job (MB)
	19345856  -  ResidentSetSize of job (KB)
...
006 (111515045.146.000) 04/26 05:56:32 Image size of job updated: 20157084
	19573  -  MemoryUsage of job (MB)
	20041856  -  ResidentSetSize of job (KB)
...
006 (111515045.146.000) 04/26 06:01:32 Image size of job updated: 20782148
	20104  -  MemoryUsage of job (MB)
	20586312  -  ResidentSetSize of job (KB)
...
006 (111515045.146.000) 04/26 06:06:33 Image size of job updated: 21443616
	20422  -  MemoryUsage of job (MB)
	20911168  -  ResidentSetSize of job (KB)
...
006 (111515045.146.000) 04/26 06:08:13 Image size of job updated: 21594316
	20423  -  MemoryUsage of job (MB)
	20912948  -  ResidentSetSize of job (KB)
...
005 (111515045.146.000) 04/26 06:08:15 Job terminated.
	(1) Normal termination (return value 0)
		Usr 0 02:09:27, Sys 0 00:03:42  -  Run Remote Usage
		Usr 0 00:00:00, Sys 0 00:00:00  -  Run Local Usage
		Usr 0 02:09:27, Sys 0 00:03:42  -  Total Remote Usage
		Usr 0 00:00:00, Sys 0 00:00:00  -  Total Local Usage
	19780360  -  Run Bytes Sent By Job
	1780295040  -  Run Bytes Received By Job
	19780360  -  Total Bytes Sent By Job
	1780295040  -  Total Bytes Received By Job
	Partitionable Resources :      Usage  Request Allocated 
	   Cpus                 :       0.86        1         1 
	   Disk (KB)            : 6849045    20971520  24484924 
	   Ioheavy              :                             0 
	   Memory (MB)          :   20423       20480     20480 
...
