000 (111367039.155.000) 04/22 22:37:22 Job submitted from host: <128.104.100.44:9618?addrs=128.104.100.44-9618+[2607-f388-107c-501-90e2-baff-fe2c-2724]-9618&noUDP&sock=1497440_afb9_3>
...
001 (111367039.155.000) 04/23 01:45:22 Job executing on host: <128.105.245.202:9618?addrs=128.105.245.202-9618&noUDP&sock=5442_567c_3>
...
006 (111367039.155.000) 04/23 01:45:31 Image size of job updated: 624
	1  -  MemoryUsage of job (MB)
	624  -  ResidentSetSize of job (KB)
...
006 (111367039.155.000) 04/23 01:50:32 Image size of job updated: 648
	1  -  MemoryUsage of job (MB)
	648  -  ResidentSetSize of job (KB)
...
006 (111367039.155.000) 04/23 01:55:35 Image size of job updated: 656
	1  -  MemoryUsage of job (MB)
	656  -  ResidentSetSize of job (KB)
...
006 (111367039.155.000) 04/23 02:00:41 Image size of job updated: 55200
	27  -  MemoryUsage of job (MB)
	27036  -  ResidentSetSize of job (KB)
...
006 (111367039.155.000) 04/23 02:05:35 Image size of job updated: 583040
	494  -  MemoryUsage of job (MB)
	505044  -  ResidentSetSize of job (KB)
...
006 (111367039.155.000) 04/23 02:10:35 Image size of job updated: 979424
	881  -  MemoryUsage of job (MB)
	901372  -  ResidentSetSize of job (KB)
...
006 (111367039.155.000) 04/23 02:15:36 Image size of job updated: 1335172
	1228  -  MemoryUsage of job (MB)
	1257120  -  ResidentSetSize of job (KB)
...
006 (111367039.155.000) 04/23 02:20:37 Image size of job updated: 1916620
	1796  -  MemoryUsage of job (MB)
	1838568  -  ResidentSetSize of job (KB)
...
006 (111367039.155.000) 04/23 02:25:42 Image size of job updated: 2682404
	2544  -  MemoryUsage of job (MB)
	2604352  -  ResidentSetSize of job (KB)
...
006 (111367039.155.000) 04/23 02:30:39 Image size of job updated: 3429700
	3274  -  MemoryUsage of job (MB)
	3351648  -  ResidentSetSize of job (KB)
...
006 (111367039.155.000) 04/23 02:35:41 Image size of job updated: 4388040
	4209  -  MemoryUsage of job (MB)
	4309988  -  ResidentSetSize of job (KB)
...
006 (111367039.155.000) 04/23 02:40:41 Image size of job updated: 5143144
	4947  -  MemoryUsage of job (MB)
	5065092  -  ResidentSetSize of job (KB)
...
006 (111367039.155.000) 04/23 02:45:42 Image size of job updated: 6002132
	5786  -  MemoryUsage of job (MB)
	5924080  -  ResidentSetSize of job (KB)
...
006 (111367039.155.000) 04/23 02:50:43 Image size of job updated: 6593988
	6364  -  MemoryUsage of job (MB)
	6515936  -  ResidentSetSize of job (KB)
...
006 (111367039.155.000) 04/23 02:55:43 Image size of job updated: 7175640
	6932  -  MemoryUsage of job (MB)
	7097588  -  ResidentSetSize of job (KB)
...
006 (111367039.155.000) 04/23 03:00:43 Image size of job updated: 7767012
	7509  -  MemoryUsage of job (MB)
	7688960  -  ResidentSetSize of job (KB)
...
006 (111367039.155.000) 04/23 03:05:43 Image size of job updated: 8379580
	8107  -  MemoryUsage of job (MB)
	8301528  -  ResidentSetSize of job (KB)
...
006 (111367039.155.000) 04/23 03:10:44 Image size of job updated: 8961016
	8675  -  MemoryUsage of job (MB)
	8882964  -  ResidentSetSize of job (KB)
...
006 (111367039.155.000) 04/23 03:15:45 Image size of job updated: 9549440
	9250  -  MemoryUsage of job (MB)
	9471388  -  ResidentSetSize of job (KB)
...
006 (111367039.155.000) 04/23 03:20:46 Image size of job updated: 10591968
	10268  -  MemoryUsage of job (MB)
	10513916  -  ResidentSetSize of job (KB)
...
006 (111367039.155.000) 04/23 03:25:46 Image size of job updated: 11220836
	10882  -  MemoryUsage of job (MB)
	11142784  -  ResidentSetSize of job (KB)
...
006 (111367039.155.000) 04/23 03:30:46 Image size of job updated: 11803340
	11451  -  MemoryUsage of job (MB)
	11725288  -  ResidentSetSize of job (KB)
...
006 (111367039.155.000) 04/23 03:35:46 Image size of job updated: 12378604
	12013  -  MemoryUsage of job (MB)
	12300552  -  ResidentSetSize of job (KB)
...
006 (111367039.155.000) 04/23 03:40:47 Image size of job updated: 13212524
	12827  -  MemoryUsage of job (MB)
	13134472  -  ResidentSetSize of job (KB)
...
006 (111367039.155.000) 04/23 03:45:48 Image size of job updated: 13830588
	13431  -  MemoryUsage of job (MB)
	13752536  -  ResidentSetSize of job (KB)
...
006 (111367039.155.000) 04/23 03:50:50 Image size of job updated: 14499956
	14084  -  MemoryUsage of job (MB)
	14421904  -  ResidentSetSize of job (KB)
...
006 (111367039.155.000) 04/23 03:55:50 Image size of job updated: 15238864
	14806  -  MemoryUsage of job (MB)
	15160812  -  ResidentSetSize of job (KB)
...
006 (111367039.155.000) 04/23 04:00:50 Image size of job updated: 15820932
	15373  -  MemoryUsage of job (MB)
	15741036  -  ResidentSetSize of job (KB)
...
006 (111367039.155.000) 04/23 04:05:51 Image size of job updated: 16536184
	16065  -  MemoryUsage of job (MB)
	16449592  -  ResidentSetSize of job (KB)
...
006 (111367039.155.000) 04/23 04:10:52 Image size of job updated: 17191024
	16693  -  MemoryUsage of job (MB)
	17093224  -  ResidentSetSize of job (KB)
...
006 (111367039.155.000) 04/23 04:15:52 Image size of job updated: 17872332
	17343  -  MemoryUsage of job (MB)
	17758592  -  ResidentSetSize of job (KB)
...
006 (111367039.155.000) 04/23 04:20:53 Image size of job updated: 18630124
	18061  -  MemoryUsage of job (MB)
	18493688  -  ResidentSetSize of job (KB)
...
006 (111367039.155.000) 04/23 04:25:54 Image size of job updated: 19357420
	18740  -  MemoryUsage of job (MB)
	19189520  -  ResidentSetSize of job (KB)
...
006 (111367039.155.000) 04/23 04:30:56 Image size of job updated: 20044596
	19365  -  MemoryUsage of job (MB)
	19829100  -  ResidentSetSize of job (KB)
...
006 (111367039.155.000) 04/23 04:35:56 Image size of job updated: 20570776
	19778  -  MemoryUsage of job (MB)
	20252620  -  ResidentSetSize of job (KB)
...
006 (111367039.155.000) 04/23 04:38:52 Image size of job updated: 20949520
	19780  -  MemoryUsage of job (MB)
	20254652  -  ResidentSetSize of job (KB)
...
005 (111367039.155.000) 04/23 04:38:54 Job terminated.
	(1) Normal termination (return value 0)
		Usr 0 02:01:35, Sys 0 00:02:10  -  Run Remote Usage
		Usr 0 00:00:00, Sys 0 00:00:00  -  Run Local Usage
		Usr 0 02:01:35, Sys 0 00:02:10  -  Total Remote Usage
		Usr 0 00:00:00, Sys 0 00:00:00  -  Total Local Usage
	20273116  -  Run Bytes Sent By Job
	1780294656  -  Run Bytes Received By Job
	20273116  -  Total Bytes Sent By Job
	1780294656  -  Total Bytes Received By Job
	Partitionable Resources :      Usage  Request Allocated 
	   Cpus                 :       0.68        1         1 
	   Disk (KB)            : 6849526    20971520  21240508 
	   Ioheavy              :                             0 
	   Memory (MB)          :   19780       20480     20480 
...
