000 (111472057.172.000) 04/24 11:52:17 Job submitted from host: <128.104.100.44:9618?addrs=128.104.100.44-9618+[2607-f388-107c-501-90e2-baff-fe2c-2724]-9618&noUDP&sock=4699_0235_3>
...
001 (111472057.172.000) 04/24 19:13:59 Job executing on host: <128.105.245.225:9618?addrs=128.105.245.225-9618&noUDP&sock=19608_0919_26>
...
006 (111472057.172.000) 04/24 19:14:08 Image size of job updated: 624
	1  -  MemoryUsage of job (MB)
	624  -  ResidentSetSize of job (KB)
...
006 (111472057.172.000) 04/24 19:19:10 Image size of job updated: 185536
	109  -  MemoryUsage of job (MB)
	110656  -  ResidentSetSize of job (KB)
...
006 (111472057.172.000) 04/24 19:24:10 Image size of job updated: 630920
	540  -  MemoryUsage of job (MB)
	552924  -  ResidentSetSize of job (KB)
...
006 (111472057.172.000) 04/24 19:29:11 Image size of job updated: 1126544
	1024  -  MemoryUsage of job (MB)
	1048492  -  ResidentSetSize of job (KB)
...
006 (111472057.172.000) 04/24 19:34:12 Image size of job updated: 1808092
	1690  -  MemoryUsage of job (MB)
	1730040  -  ResidentSetSize of job (KB)
...
006 (111472057.172.000) 04/24 19:39:13 Image size of job updated: 2603276
	2467  -  MemoryUsage of job (MB)
	2525224  -  ResidentSetSize of job (KB)
...
006 (111472057.172.000) 04/24 19:44:13 Image size of job updated: 3638020
	3477  -  MemoryUsage of job (MB)
	3559968  -  ResidentSetSize of job (KB)
...
006 (111472057.172.000) 04/24 19:49:14 Image size of job updated: 4778944
	4591  -  MemoryUsage of job (MB)
	4700892  -  ResidentSetSize of job (KB)
...
006 (111472057.172.000) 04/24 19:54:15 Image size of job updated: 5786212
	5575  -  MemoryUsage of job (MB)
	5708160  -  ResidentSetSize of job (KB)
...
006 (111472057.172.000) 04/24 19:59:16 Image size of job updated: 6661228
	6429  -  MemoryUsage of job (MB)
	6583176  -  ResidentSetSize of job (KB)
...
006 (111472057.172.000) 04/24 20:04:16 Image size of job updated: 7504156
	7253  -  MemoryUsage of job (MB)
	7426104  -  ResidentSetSize of job (KB)
...
006 (111472057.172.000) 04/24 20:09:16 Image size of job updated: 8377572
	8105  -  MemoryUsage of job (MB)
	8299520  -  ResidentSetSize of job (KB)
...
006 (111472057.172.000) 04/24 20:14:17 Image size of job updated: 9225924
	8934  -  MemoryUsage of job (MB)
	9147872  -  ResidentSetSize of job (KB)
...
006 (111472057.172.000) 04/24 20:19:18 Image size of job updated: 10005500
	9695  -  MemoryUsage of job (MB)
	9927448  -  ResidentSetSize of job (KB)
...
006 (111472057.172.000) 04/24 20:24:19 Image size of job updated: 10810148
	10481  -  MemoryUsage of job (MB)
	10732096  -  ResidentSetSize of job (KB)
...
006 (111472057.172.000) 04/24 20:29:20 Image size of job updated: 11607792
	11260  -  MemoryUsage of job (MB)
	11529740  -  ResidentSetSize of job (KB)
...
006 (111472057.172.000) 04/24 20:34:20 Image size of job updated: 12399380
	12033  -  MemoryUsage of job (MB)
	12321328  -  ResidentSetSize of job (KB)
...
006 (111472057.172.000) 04/24 20:39:20 Image size of job updated: 13152484
	12768  -  MemoryUsage of job (MB)
	13074432  -  ResidentSetSize of job (KB)
...
006 (111472057.172.000) 04/24 20:44:21 Image size of job updated: 14008056
	13604  -  MemoryUsage of job (MB)
	13930004  -  ResidentSetSize of job (KB)
...
006 (111472057.172.000) 04/24 20:49:21 Image size of job updated: 14776524
	14354  -  MemoryUsage of job (MB)
	14698472  -  ResidentSetSize of job (KB)
...
006 (111472057.172.000) 04/24 20:54:21 Image size of job updated: 15605464
	15154  -  MemoryUsage of job (MB)
	15517460  -  ResidentSetSize of job (KB)
...
006 (111472057.172.000) 04/24 20:59:22 Image size of job updated: 16395464
	15902  -  MemoryUsage of job (MB)
	16283316  -  ResidentSetSize of job (KB)
...
006 (111472057.172.000) 04/24 21:04:23 Image size of job updated: 17239228
	16697  -  MemoryUsage of job (MB)
	17097616  -  ResidentSetSize of job (KB)
...
006 (111472057.172.000) 04/24 21:09:23 Image size of job updated: 17934360
	17347  -  MemoryUsage of job (MB)
	17763088  -  ResidentSetSize of job (KB)
...
006 (111472057.172.000) 04/24 21:14:24 Image size of job updated: 18786904
	18135  -  MemoryUsage of job (MB)
	18569856  -  ResidentSetSize of job (KB)
...
006 (111472057.172.000) 04/24 21:19:24 Image size of job updated: 19660164
	18923  -  MemoryUsage of job (MB)
	19376848  -  ResidentSetSize of job (KB)
...
006 (111472057.172.000) 04/24 21:24:24 Image size of job updated: 20364560
	19528  -  MemoryUsage of job (MB)
	19996380  -  ResidentSetSize of job (KB)
...
006 (111472057.172.000) 04/24 21:29:25 Image size of job updated: 21109192
	20036  -  MemoryUsage of job (MB)
	20516108  -  ResidentSetSize of job (KB)
...
006 (111472057.172.000) 04/24 21:34:25 Image size of job updated: 21763756
	20341  -  MemoryUsage of job (MB)
	20828392  -  ResidentSetSize of job (KB)
...
006 (111472057.172.000) 04/24 21:39:25 Image size of job updated: 22298492
	20455  -  MemoryUsage of job (MB)
	20945396  -  ResidentSetSize of job (KB)
...
006 (111472057.172.000) 04/24 21:44:26 Image size of job updated: 22647020
	20455  -  MemoryUsage of job (MB)
	20945796  -  ResidentSetSize of job (KB)
...
006 (111472057.172.000) 04/24 21:49:27 Image size of job updated: 23030936
	20455  -  MemoryUsage of job (MB)
	20945796  -  ResidentSetSize of job (KB)
...
006 (111472057.172.000) 04/24 21:54:27 Image size of job updated: 23454996
	20455  -  MemoryUsage of job (MB)
	20945796  -  ResidentSetSize of job (KB)
...
005 (111472057.172.000) 04/24 21:58:59 Job terminated.
	(1) Normal termination (return value 0)
		Usr 0 02:27:03, Sys 0 00:03:03  -  Run Remote Usage
		Usr 0 00:00:00, Sys 0 00:00:00  -  Run Local Usage
		Usr 0 02:27:03, Sys 0 00:03:03  -  Total Remote Usage
		Usr 0 00:00:00, Sys 0 00:00:00  -  Total Local Usage
	22483676  -  Run Bytes Sent By Job
	1780295040  -  Run Bytes Received By Job
	22483676  -  Total Bytes Sent By Job
	1780295040  -  Total Bytes Received By Job
	Partitionable Resources :      Usage  Request Allocated 
	   Cpus                 :       0.77        1         1 
	   Disk (KB)            : 6887665    20971520  21508667 
	   Ioheavy              :                             0 
	   Memory (MB)          :   20455       20480     20480 
...
