000 (111472057.017.000) 04/24 11:52:17 Job submitted from host: <128.104.100.44:9618?addrs=128.104.100.44-9618+[2607-f388-107c-501-90e2-baff-fe2c-2724]-9618&noUDP&sock=4699_0235_3>
...
001 (111472057.017.000) 04/24 14:09:11 Job executing on host: <128.105.245.188:9618?addrs=128.105.245.188-9618&noUDP&sock=5463_bdf9_3>
...
006 (111472057.017.000) 04/24 14:09:20 Image size of job updated: 628
	1  -  MemoryUsage of job (MB)
	628  -  ResidentSetSize of job (KB)
...
006 (111472057.017.000) 04/24 14:14:22 Image size of job updated: 289820
	207  -  MemoryUsage of job (MB)
	211824  -  ResidentSetSize of job (KB)
...
006 (111472057.017.000) 04/24 14:19:23 Image size of job updated: 859924
	764  -  MemoryUsage of job (MB)
	781872  -  ResidentSetSize of job (KB)
...
006 (111472057.017.000) 04/24 14:24:23 Image size of job updated: 1719936
	1604  -  MemoryUsage of job (MB)
	1641884  -  ResidentSetSize of job (KB)
...
006 (111472057.017.000) 04/24 14:29:24 Image size of job updated: 2599568
	2463  -  MemoryUsage of job (MB)
	2521516  -  ResidentSetSize of job (KB)
...
006 (111472057.017.000) 04/24 14:34:24 Image size of job updated: 3677516
	3516  -  MemoryUsage of job (MB)
	3599464  -  ResidentSetSize of job (KB)
...
006 (111472057.017.000) 04/24 14:39:24 Image size of job updated: 4815536
	4627  -  MemoryUsage of job (MB)
	4737484  -  ResidentSetSize of job (KB)
...
006 (111472057.017.000) 04/24 14:44:25 Image size of job updated: 6156460
	5936  -  MemoryUsage of job (MB)
	6078408  -  ResidentSetSize of job (KB)
...
006 (111472057.017.000) 04/24 14:49:25 Image size of job updated: 7590596
	7337  -  MemoryUsage of job (MB)
	7512544  -  ResidentSetSize of job (KB)
...
006 (111472057.017.000) 04/24 14:54:25 Image size of job updated: 8927296
	8642  -  MemoryUsage of job (MB)
	8849244  -  ResidentSetSize of job (KB)
...
006 (111472057.017.000) 04/24 14:59:25 Image size of job updated: 10129280
	9816  -  MemoryUsage of job (MB)
	10051228  -  ResidentSetSize of job (KB)
...
006 (111472057.017.000) 04/24 15:04:25 Image size of job updated: 11401680
	11059  -  MemoryUsage of job (MB)
	11323628  -  ResidentSetSize of job (KB)
...
006 (111472057.017.000) 04/24 15:09:25 Image size of job updated: 12643492
	12271  -  MemoryUsage of job (MB)
	12565440  -  ResidentSetSize of job (KB)
...
006 (111472057.017.000) 04/24 15:14:25 Image size of job updated: 13896932
	13495  -  MemoryUsage of job (MB)
	13818880  -  ResidentSetSize of job (KB)
...
006 (111472057.017.000) 04/24 15:19:25 Image size of job updated: 15151568
	14721  -  MemoryUsage of job (MB)
	15073516  -  ResidentSetSize of job (KB)
...
006 (111472057.017.000) 04/24 15:24:25 Image size of job updated: 16335352
	15869  -  MemoryUsage of job (MB)
	16249044  -  ResidentSetSize of job (KB)
...
006 (111472057.017.000) 04/24 15:29:25 Image size of job updated: 17623080
	17113  -  MemoryUsage of job (MB)
	17522772  -  ResidentSetSize of job (KB)
...
006 (111472057.017.000) 04/24 15:34:25 Image size of job updated: 18843512
	18288  -  MemoryUsage of job (MB)
	18726700  -  ResidentSetSize of job (KB)
...
006 (111472057.017.000) 04/24 15:39:26 Image size of job updated: 20190052
	19552  -  MemoryUsage of job (MB)
	20020368  -  ResidentSetSize of job (KB)
...
006 (111472057.017.000) 04/24 15:44:27 Image size of job updated: 21456240
	20402  -  MemoryUsage of job (MB)
	20890824  -  ResidentSetSize of job (KB)
...
006 (111472057.017.000) 04/24 15:45:32 Image size of job updated: 21638844
	20402  -  MemoryUsage of job (MB)
	20890896  -  ResidentSetSize of job (KB)
...
005 (111472057.017.000) 04/24 15:45:34 Job terminated.
	(1) Normal termination (return value 0)
		Usr 0 01:30:38, Sys 0 00:01:36  -  Run Remote Usage
		Usr 0 00:00:00, Sys 0 00:00:00  -  Run Local Usage
		Usr 0 01:30:38, Sys 0 00:01:36  -  Total Remote Usage
		Usr 0 00:00:00, Sys 0 00:00:00  -  Total Local Usage
	20021184  -  Run Bytes Sent By Job
	1780295040  -  Run Bytes Received By Job
	20021184  -  Total Bytes Sent By Job
	1780295040  -  Total Bytes Received By Job
	Partitionable Resources :      Usage  Request Allocated 
	   Cpus                 :       0.98        1         1 
	   Disk (KB)            : 6849281    20971520  21211347 
	   Ioheavy              :                             0 
	   Memory (MB)          :   20402       20480     20480 
...
