000 (111515045.192.000) 04/25 20:23:08 Job submitted from host: <128.104.100.44:9618?addrs=128.104.100.44-9618+[2607-f388-107c-501-90e2-baff-fe2c-2724]-9618&noUDP&sock=4699_0235_3>
...
001 (111515045.192.000) 04/26 03:27:38 Job executing on host: <128.105.245.171:9618?addrs=128.105.245.171-9618&noUDP&sock=5449_23a5_26>
...
006 (111515045.192.000) 04/26 03:27:46 Image size of job updated: 632
	1  -  MemoryUsage of job (MB)
	632  -  ResidentSetSize of job (KB)
...
006 (111515045.192.000) 04/26 03:32:55 Image size of job updated: 656
	1  -  MemoryUsage of job (MB)
	656  -  ResidentSetSize of job (KB)
...
006 (111515045.192.000) 04/26 03:47:48 Image size of job updated: 664
	1  -  MemoryUsage of job (MB)
	664  -  ResidentSetSize of job (KB)
...
006 (111515045.192.000) 04/26 03:52:49 Image size of job updated: 273096
	191  -  MemoryUsage of job (MB)
	195108  -  ResidentSetSize of job (KB)
...
006 (111515045.192.000) 04/26 03:57:50 Image size of job updated: 555652
	467  -  MemoryUsage of job (MB)
	477656  -  ResidentSetSize of job (KB)
...
006 (111515045.192.000) 04/26 04:02:50 Image size of job updated: 867380
	771  -  MemoryUsage of job (MB)
	789328  -  ResidentSetSize of job (KB)
...
006 (111515045.192.000) 04/26 04:07:50 Image size of job updated: 1309300
	1203  -  MemoryUsage of job (MB)
	1231248  -  ResidentSetSize of job (KB)
...
006 (111515045.192.000) 04/26 04:12:55 Image size of job updated: 1641012
	1527  -  MemoryUsage of job (MB)
	1562960  -  ResidentSetSize of job (KB)
...
006 (111515045.192.000) 04/26 04:17:51 Image size of job updated: 1963232
	1841  -  MemoryUsage of job (MB)
	1885180  -  ResidentSetSize of job (KB)
...
006 (111515045.192.000) 04/26 04:22:53 Image size of job updated: 2638708
	2501  -  MemoryUsage of job (MB)
	2560656  -  ResidentSetSize of job (KB)
...
006 (111515045.192.000) 04/26 04:27:54 Image size of job updated: 3186096
	3036  -  MemoryUsage of job (MB)
	3108044  -  ResidentSetSize of job (KB)
...
006 (111515045.192.000) 04/26 04:32:53 Image size of job updated: 3970416
	3802  -  MemoryUsage of job (MB)
	3892364  -  ResidentSetSize of job (KB)
...
006 (111515045.192.000) 04/26 04:37:54 Image size of job updated: 4487440
	4307  -  MemoryUsage of job (MB)
	4409388  -  ResidentSetSize of job (KB)
...
006 (111515045.192.000) 04/26 04:42:56 Image size of job updated: 4917456
	4726  -  MemoryUsage of job (MB)
	4839404  -  ResidentSetSize of job (KB)
...
006 (111515045.192.000) 04/26 04:47:55 Image size of job updated: 5489648
	5285  -  MemoryUsage of job (MB)
	5411596  -  ResidentSetSize of job (KB)
...
006 (111515045.192.000) 04/26 04:52:56 Image size of job updated: 6165488
	5945  -  MemoryUsage of job (MB)
	6087436  -  ResidentSetSize of job (KB)
...
006 (111515045.192.000) 04/26 04:57:56 Image size of job updated: 6869972
	6633  -  MemoryUsage of job (MB)
	6791920  -  ResidentSetSize of job (KB)
...
006 (111515045.192.000) 04/26 05:02:59 Image size of job updated: 7361144
	7113  -  MemoryUsage of job (MB)
	7283092  -  ResidentSetSize of job (KB)
...
006 (111515045.192.000) 04/26 05:08:07 Image size of job updated: 7886056
	7626  -  MemoryUsage of job (MB)
	7808004  -  ResidentSetSize of job (KB)
...
006 (111515045.192.000) 04/26 05:12:58 Image size of job updated: 8398756
	8126  -  MemoryUsage of job (MB)
	8320704  -  ResidentSetSize of job (KB)
...
006 (111515045.192.000) 04/26 05:18:02 Image size of job updated: 9070544
	8782  -  MemoryUsage of job (MB)
	8992492  -  ResidentSetSize of job (KB)
...
006 (111515045.192.000) 04/26 05:22:59 Image size of job updated: 9423024
	9126  -  MemoryUsage of job (MB)
	9344972  -  ResidentSetSize of job (KB)
...
006 (111515045.192.000) 04/26 05:27:59 Image size of job updated: 9933536
	9625  -  MemoryUsage of job (MB)
	9855484  -  ResidentSetSize of job (KB)
...
006 (111515045.192.000) 04/26 05:32:59 Image size of job updated: 10639568
	10314  -  MemoryUsage of job (MB)
	10561516  -  ResidentSetSize of job (KB)
...
006 (111515045.192.000) 04/26 05:37:59 Image size of job updated: 11420768
	11077  -  MemoryUsage of job (MB)
	11342716  -  ResidentSetSize of job (KB)
...
006 (111515045.192.000) 04/26 05:43:02 Image size of job updated: 11711492
	11361  -  MemoryUsage of job (MB)
	11633440  -  ResidentSetSize of job (KB)
...
006 (111515045.192.000) 04/26 05:48:00 Image size of job updated: 12176636
	11816  -  MemoryUsage of job (MB)
	12098584  -  ResidentSetSize of job (KB)
...
006 (111515045.192.000) 04/26 05:53:03 Image size of job updated: 12378644
	12013  -  MemoryUsage of job (MB)
	12300592  -  ResidentSetSize of job (KB)
...
006 (111515045.192.000) 04/26 05:58:02 Image size of job updated: 12824632
	12448  -  MemoryUsage of job (MB)
	12746580  -  ResidentSetSize of job (KB)
...
006 (111515045.192.000) 04/26 06:03:02 Image size of job updated: 13426792
	13036  -  MemoryUsage of job (MB)
	13348740  -  ResidentSetSize of job (KB)
...
006 (111515045.192.000) 04/26 06:08:03 Image size of job updated: 14043640
	13639  -  MemoryUsage of job (MB)
	13965588  -  ResidentSetSize of job (KB)
...
006 (111515045.192.000) 04/26 06:13:03 Image size of job updated: 14563000
	14146  -  MemoryUsage of job (MB)
	14484948  -  ResidentSetSize of job (KB)
...
006 (111515045.192.000) 04/26 06:18:03 Image size of job updated: 15292272
	14858  -  MemoryUsage of job (MB)
	15214220  -  ResidentSetSize of job (KB)
...
006 (111515045.192.000) 04/26 06:23:06 Image size of job updated: 16019916
	15569  -  MemoryUsage of job (MB)
	15941864  -  ResidentSetSize of job (KB)
...
006 (111515045.192.000) 04/26 06:28:05 Image size of job updated: 16311728
	15853  -  MemoryUsage of job (MB)
	16233244  -  ResidentSetSize of job (KB)
...
006 (111515045.192.000) 04/26 06:33:05 Image size of job updated: 16722444
	16254  -  MemoryUsage of job (MB)
	16643360  -  ResidentSetSize of job (KB)
...
006 (111515045.192.000) 04/26 06:38:09 Image size of job updated: 17061328
	16584  -  MemoryUsage of job (MB)
	16981540  -  ResidentSetSize of job (KB)
...
006 (111515045.192.000) 04/26 06:43:07 Image size of job updated: 17619152
	17128  -  MemoryUsage of job (MB)
	17538552  -  ResidentSetSize of job (KB)
...
006 (111515045.192.000) 04/26 06:48:08 Image size of job updated: 17997380
	17496  -  MemoryUsage of job (MB)
	17915804  -  ResidentSetSize of job (KB)
...
006 (111515045.192.000) 04/26 06:53:08 Image size of job updated: 18312980
	17803  -  MemoryUsage of job (MB)
	18229696  -  ResidentSetSize of job (KB)
...
006 (111515045.192.000) 04/26 06:58:09 Image size of job updated: 18661088
	18141  -  MemoryUsage of job (MB)
	18575900  -  ResidentSetSize of job (KB)
...
006 (111515045.192.000) 04/26 07:03:09 Image size of job updated: 19260932
	18723  -  MemoryUsage of job (MB)
	19172200  -  ResidentSetSize of job (KB)
...
006 (111515045.192.000) 04/26 07:08:09 Image size of job updated: 19931464
	19371  -  MemoryUsage of job (MB)
	19834952  -  ResidentSetSize of job (KB)
...
006 (111515045.192.000) 04/26 07:13:10 Image size of job updated: 20279268
	19691  -  MemoryUsage of job (MB)
	20163240  -  ResidentSetSize of job (KB)
...
006 (111515045.192.000) 04/26 07:18:15 Image size of job updated: 20765468
	20128  -  MemoryUsage of job (MB)
	20610420  -  ResidentSetSize of job (KB)
...
006 (111515045.192.000) 04/26 07:23:12 Image size of job updated: 20899772
	20240  -  MemoryUsage of job (MB)
	20725032  -  ResidentSetSize of job (KB)
...
006 (111515045.192.000) 04/26 07:28:27 Image size of job updated: 21113832
	20391  -  MemoryUsage of job (MB)
	20879856  -  ResidentSetSize of job (KB)
...
006 (111515045.192.000) 04/26 07:33:12 Image size of job updated: 21207808
	20419  -  MemoryUsage of job (MB)
	20908932  -  ResidentSetSize of job (KB)
...
006 (111515045.192.000) 04/26 07:38:18 Image size of job updated: 21408092
	20442  -  MemoryUsage of job (MB)
	20932392  -  ResidentSetSize of job (KB)
...
005 (111515045.192.000) 04/26 07:42:33 Job terminated.
	(1) Normal termination (return value 0)
		Usr 0 01:53:43, Sys 0 00:01:54  -  Run Remote Usage
		Usr 0 00:00:00, Sys 0 00:00:00  -  Run Local Usage
		Usr 0 01:53:43, Sys 0 00:01:54  -  Total Remote Usage
		Usr 0 00:00:00, Sys 0 00:00:00  -  Total Local Usage
	19853754  -  Run Bytes Sent By Job
	1780295040  -  Run Bytes Received By Job
	19853754  -  Total Bytes Sent By Job
	1780295040  -  Total Bytes Received By Job
	Partitionable Resources :      Usage  Request Allocated 
	   Cpus                 :       0.51        1         1 
	   Disk (KB)            : 6849116    20971520  21441876 
	   Ioheavy              :                             0 
	   Memory (MB)          :   20442       20480     20480 
...
