000 (111472057.138.000) 04/24 11:52:17 Job submitted from host: <128.104.100.44:9618?addrs=128.104.100.44-9618+[2607-f388-107c-501-90e2-baff-fe2c-2724]-9618&noUDP&sock=4699_0235_3>
...
001 (111472057.138.000) 04/24 19:15:34 Job executing on host: <128.105.245.205:9618?addrs=128.105.245.205-9618&noUDP&sock=5446_14dd_3>
...
006 (111472057.138.000) 04/24 19:15:43 Image size of job updated: 608
	1  -  MemoryUsage of job (MB)
	608  -  ResidentSetSize of job (KB)
...
006 (111472057.138.000) 04/24 19:20:51 Image size of job updated: 616
	1  -  MemoryUsage of job (MB)
	616  -  ResidentSetSize of job (KB)
...
006 (111472057.138.000) 04/24 19:25:45 Image size of job updated: 620
	1  -  MemoryUsage of job (MB)
	620  -  ResidentSetSize of job (KB)
...
006 (111472057.138.000) 04/24 19:35:45 Image size of job updated: 636
	1  -  MemoryUsage of job (MB)
	636  -  ResidentSetSize of job (KB)
...
006 (111472057.138.000) 04/24 19:40:46 Image size of job updated: 640
	1  -  MemoryUsage of job (MB)
	640  -  ResidentSetSize of job (KB)
...
006 (111472057.138.000) 04/24 20:00:51 Image size of job updated: 648
	1  -  MemoryUsage of job (MB)
	648  -  ResidentSetSize of job (KB)
...
006 (111472057.138.000) 04/24 20:05:50 Image size of job updated: 656
	1  -  MemoryUsage of job (MB)
	656  -  ResidentSetSize of job (KB)
...
006 (111472057.138.000) 04/24 20:10:51 Image size of job updated: 376668
	292  -  MemoryUsage of job (MB)
	298668  -  ResidentSetSize of job (KB)
...
006 (111472057.138.000) 04/24 20:15:52 Image size of job updated: 721916
	629  -  MemoryUsage of job (MB)
	643908  -  ResidentSetSize of job (KB)
...
006 (111472057.138.000) 04/24 20:20:52 Image size of job updated: 1306100
	1200  -  MemoryUsage of job (MB)
	1228044  -  ResidentSetSize of job (KB)
...
006 (111472057.138.000) 04/24 20:25:53 Image size of job updated: 2002004
	1879  -  MemoryUsage of job (MB)
	1923948  -  ResidentSetSize of job (KB)
...
006 (111472057.138.000) 04/24 20:30:54 Image size of job updated: 2659220
	2521  -  MemoryUsage of job (MB)
	2581164  -  ResidentSetSize of job (KB)
...
006 (111472057.138.000) 04/24 20:35:54 Image size of job updated: 3522136
	3364  -  MemoryUsage of job (MB)
	3444080  -  ResidentSetSize of job (KB)
...
006 (111472057.138.000) 04/24 20:40:54 Image size of job updated: 4564416
	4382  -  MemoryUsage of job (MB)
	4486360  -  ResidentSetSize of job (KB)
...
006 (111472057.138.000) 04/24 20:45:55 Image size of job updated: 5153876
	4957  -  MemoryUsage of job (MB)
	5075820  -  ResidentSetSize of job (KB)
...
006 (111472057.138.000) 04/24 20:50:55 Image size of job updated: 5755740
	5545  -  MemoryUsage of job (MB)
	5677684  -  ResidentSetSize of job (KB)
...
006 (111472057.138.000) 04/24 20:55:55 Image size of job updated: 6321212
	6097  -  MemoryUsage of job (MB)
	6243156  -  ResidentSetSize of job (KB)
...
006 (111472057.138.000) 04/24 21:00:56 Image size of job updated: 6978620
	6739  -  MemoryUsage of job (MB)
	6900564  -  ResidentSetSize of job (KB)
...
006 (111472057.138.000) 04/24 21:05:57 Image size of job updated: 7720072
	7463  -  MemoryUsage of job (MB)
	7642016  -  ResidentSetSize of job (KB)
...
006 (111472057.138.000) 04/24 21:10:57 Image size of job updated: 8236260
	7967  -  MemoryUsage of job (MB)
	8158204  -  ResidentSetSize of job (KB)
...
006 (111472057.138.000) 04/24 21:15:59 Image size of job updated: 8652060
	8374  -  MemoryUsage of job (MB)
	8574004  -  ResidentSetSize of job (KB)
...
006 (111472057.138.000) 04/24 21:21:00 Image size of job updated: 9236904
	8945  -  MemoryUsage of job (MB)
	9158848  -  ResidentSetSize of job (KB)
...
006 (111472057.138.000) 04/24 21:26:00 Image size of job updated: 9836388
	9530  -  MemoryUsage of job (MB)
	9758332  -  ResidentSetSize of job (KB)
...
006 (111472057.138.000) 04/24 21:31:00 Image size of job updated: 10427488
	10107  -  MemoryUsage of job (MB)
	10349432  -  ResidentSetSize of job (KB)
...
006 (111472057.138.000) 04/24 21:36:01 Image size of job updated: 11239996
	10901  -  MemoryUsage of job (MB)
	11161940  -  ResidentSetSize of job (KB)
...
006 (111472057.138.000) 04/24 21:41:02 Image size of job updated: 11983824
	11627  -  MemoryUsage of job (MB)
	11905768  -  ResidentSetSize of job (KB)
...
006 (111472057.138.000) 04/24 21:46:02 Image size of job updated: 12798204
	12423  -  MemoryUsage of job (MB)
	12720148  -  ResidentSetSize of job (KB)
...
006 (111472057.138.000) 04/24 21:51:03 Image size of job updated: 13483340
	13092  -  MemoryUsage of job (MB)
	13405284  -  ResidentSetSize of job (KB)
...
006 (111472057.138.000) 04/24 21:56:04 Image size of job updated: 14050384
	13645  -  MemoryUsage of job (MB)
	13972328  -  ResidentSetSize of job (KB)
...
006 (111472057.138.000) 04/24 22:01:04 Image size of job updated: 14800992
	14378  -  MemoryUsage of job (MB)
	14722936  -  ResidentSetSize of job (KB)
...
006 (111472057.138.000) 04/24 22:06:04 Image size of job updated: 15940728
	15490  -  MemoryUsage of job (MB)
	15861356  -  ResidentSetSize of job (KB)
...
006 (111472057.138.000) 04/24 22:11:04 Image size of job updated: 16763584
	16292  -  MemoryUsage of job (MB)
	16682620  -  ResidentSetSize of job (KB)
...
006 (111472057.138.000) 04/24 22:16:05 Image size of job updated: 17444220
	16956  -  MemoryUsage of job (MB)
	17362048  -  ResidentSetSize of job (KB)
...
006 (111472057.138.000) 04/24 22:21:06 Image size of job updated: 18319832
	17810  -  MemoryUsage of job (MB)
	18237260  -  ResidentSetSize of job (KB)
...
006 (111472057.138.000) 04/24 22:26:06 Image size of job updated: 19245892
	18711  -  MemoryUsage of job (MB)
	19159660  -  ResidentSetSize of job (KB)
...
006 (111472057.138.000) 04/24 22:31:06 Image size of job updated: 19857028
	19305  -  MemoryUsage of job (MB)
	19767412  -  ResidentSetSize of job (KB)
...
006 (111472057.138.000) 04/24 22:36:06 Image size of job updated: 20397952
	19814  -  MemoryUsage of job (MB)
	20288960  -  ResidentSetSize of job (KB)
...
006 (111472057.138.000) 04/24 22:41:07 Image size of job updated: 20825016
	20197  -  MemoryUsage of job (MB)
	20681456  -  ResidentSetSize of job (KB)
...
006 (111472057.138.000) 04/24 22:46:07 Image size of job updated: 21216124
	20417  -  MemoryUsage of job (MB)
	20906204  -  ResidentSetSize of job (KB)
...
006 (111472057.138.000) 04/24 22:49:51 Image size of job updated: 21581840
	20417  -  MemoryUsage of job (MB)
	20906284  -  ResidentSetSize of job (KB)
...
005 (111472057.138.000) 04/24 22:49:53 Job terminated.
	(1) Normal termination (return value 0)
		Usr 0 02:02:43, Sys 0 00:02:00  -  Run Remote Usage
		Usr 0 00:00:00, Sys 0 00:00:00  -  Run Local Usage
		Usr 0 02:02:43, Sys 0 00:02:00  -  Total Remote Usage
		Usr 0 00:00:00, Sys 0 00:00:00  -  Total Local Usage
	19800962  -  Run Bytes Sent By Job
	1780295040  -  Run Bytes Received By Job
	19800962  -  Total Bytes Sent By Job
	1780295040  -  Total Bytes Received By Job
	Partitionable Resources :      Usage  Request Allocated 
	   Cpus                 :       0.72        1         1 
	   Disk (KB)            : 6849065    20971520  21389146 
	   Ioheavy              :                             0 
	   Memory (MB)          :   20417       20480     20480 
...
