000 (111515045.170.000) 04/25 20:23:08 Job submitted from host: <128.104.100.44:9618?addrs=128.104.100.44-9618+[2607-f388-107c-501-90e2-baff-fe2c-2724]-9618&noUDP&sock=4699_0235_3>
...
001 (111515045.170.000) 04/26 03:50:15 Job executing on host: <128.105.245.228:9618?addrs=128.105.245.228-9618&noUDP&sock=5445_6544_23>
...
006 (111515045.170.000) 04/26 03:50:23 Image size of job updated: 616
	1  -  MemoryUsage of job (MB)
	616  -  ResidentSetSize of job (KB)
...
006 (111515045.170.000) 04/26 03:55:33 Image size of job updated: 624
	1  -  MemoryUsage of job (MB)
	624  -  ResidentSetSize of job (KB)
...
006 (111515045.170.000) 04/26 04:05:33 Image size of job updated: 628
	1  -  MemoryUsage of job (MB)
	628  -  ResidentSetSize of job (KB)
...
006 (111515045.170.000) 04/26 04:10:27 Image size of job updated: 648
	1  -  MemoryUsage of job (MB)
	648  -  ResidentSetSize of job (KB)
...
006 (111515045.170.000) 04/26 04:15:26 Image size of job updated: 660
	1  -  MemoryUsage of job (MB)
	660  -  ResidentSetSize of job (KB)
...
006 (111515045.170.000) 04/26 04:20:27 Image size of job updated: 591384
	502  -  MemoryUsage of job (MB)
	513388  -  ResidentSetSize of job (KB)
...
006 (111515045.170.000) 04/26 04:25:27 Image size of job updated: 1234512
	1130  -  MemoryUsage of job (MB)
	1156460  -  ResidentSetSize of job (KB)
...
006 (111515045.170.000) 04/26 04:30:28 Image size of job updated: 2130808
	2005  -  MemoryUsage of job (MB)
	2052756  -  ResidentSetSize of job (KB)
...
006 (111515045.170.000) 04/26 04:35:29 Image size of job updated: 3314948
	3162  -  MemoryUsage of job (MB)
	3236896  -  ResidentSetSize of job (KB)
...
006 (111515045.170.000) 04/26 04:40:30 Image size of job updated: 4729044
	4542  -  MemoryUsage of job (MB)
	4650992  -  ResidentSetSize of job (KB)
...
006 (111515045.170.000) 04/26 04:45:30 Image size of job updated: 5922068
	5708  -  MemoryUsage of job (MB)
	5844016  -  ResidentSetSize of job (KB)
...
006 (111515045.170.000) 04/26 04:50:31 Image size of job updated: 6676400
	6444  -  MemoryUsage of job (MB)
	6598348  -  ResidentSetSize of job (KB)
...
006 (111515045.170.000) 04/26 04:55:32 Image size of job updated: 7316852
	7070  -  MemoryUsage of job (MB)
	7238800  -  ResidentSetSize of job (KB)
...
006 (111515045.170.000) 04/26 05:00:32 Image size of job updated: 7721104
	7464  -  MemoryUsage of job (MB)
	7643052  -  ResidentSetSize of job (KB)
...
006 (111515045.170.000) 04/26 05:05:33 Image size of job updated: 8090824
	7825  -  MemoryUsage of job (MB)
	8012772  -  ResidentSetSize of job (KB)
...
006 (111515045.170.000) 04/26 05:10:33 Image size of job updated: 8279196
	8009  -  MemoryUsage of job (MB)
	8201144  -  ResidentSetSize of job (KB)
...
006 (111515045.170.000) 04/26 05:15:36 Image size of job updated: 8444484
	8171  -  MemoryUsage of job (MB)
	8366432  -  ResidentSetSize of job (KB)
...
006 (111515045.170.000) 04/26 05:20:33 Image size of job updated: 8605096
	8328  -  MemoryUsage of job (MB)
	8527044  -  ResidentSetSize of job (KB)
...
006 (111515045.170.000) 04/26 05:25:39 Image size of job updated: 8697428
	8418  -  MemoryUsage of job (MB)
	8619376  -  ResidentSetSize of job (KB)
...
006 (111515045.170.000) 04/26 05:30:43 Image size of job updated: 8759428
	8478  -  MemoryUsage of job (MB)
	8681376  -  ResidentSetSize of job (KB)
...
006 (111515045.170.000) 04/26 05:35:37 Image size of job updated: 8932412
	8647  -  MemoryUsage of job (MB)
	8854360  -  ResidentSetSize of job (KB)
...
006 (111515045.170.000) 04/26 05:40:36 Image size of job updated: 9092692
	8804  -  MemoryUsage of job (MB)
	9014640  -  ResidentSetSize of job (KB)
...
006 (111515045.170.000) 04/26 05:45:37 Image size of job updated: 9276080
	8983  -  MemoryUsage of job (MB)
	9198028  -  ResidentSetSize of job (KB)
...
006 (111515045.170.000) 04/26 05:50:37 Image size of job updated: 9479156
	9181  -  MemoryUsage of job (MB)
	9401104  -  ResidentSetSize of job (KB)
...
006 (111515045.170.000) 04/26 05:55:39 Image size of job updated: 9868388
	9561  -  MemoryUsage of job (MB)
	9790336  -  ResidentSetSize of job (KB)
...
006 (111515045.170.000) 04/26 06:00:38 Image size of job updated: 10504960
	10183  -  MemoryUsage of job (MB)
	10426908  -  ResidentSetSize of job (KB)
...
006 (111515045.170.000) 04/26 06:05:38 Image size of job updated: 11273100
	10933  -  MemoryUsage of job (MB)
	11195048  -  ResidentSetSize of job (KB)
...
006 (111515045.170.000) 04/26 06:10:39 Image size of job updated: 12210548
	11849  -  MemoryUsage of job (MB)
	12132496  -  ResidentSetSize of job (KB)
...
006 (111515045.170.000) 04/26 06:15:39 Image size of job updated: 13037736
	12656  -  MemoryUsage of job (MB)
	12959684  -  ResidentSetSize of job (KB)
...
006 (111515045.170.000) 04/26 06:20:39 Image size of job updated: 13856340
	13456  -  MemoryUsage of job (MB)
	13778288  -  ResidentSetSize of job (KB)
...
006 (111515045.170.000) 04/26 06:25:40 Image size of job updated: 14502140
	14087  -  MemoryUsage of job (MB)
	14424088  -  ResidentSetSize of job (KB)
...
006 (111515045.170.000) 04/26 06:30:42 Image size of job updated: 14777644
	14356  -  MemoryUsage of job (MB)
	14699592  -  ResidentSetSize of job (KB)
...
006 (111515045.170.000) 04/26 06:35:42 Image size of job updated: 14868964
	14445  -  MemoryUsage of job (MB)
	14790912  -  ResidentSetSize of job (KB)
...
006 (111515045.170.000) 04/26 06:41:59 Image size of job updated: 15023172
	14595  -  MemoryUsage of job (MB)
	14945120  -  ResidentSetSize of job (KB)
...
006 (111515045.170.000) 04/26 06:46:19 Image size of job updated: 15074896
	14646  -  MemoryUsage of job (MB)
	14996844  -  ResidentSetSize of job (KB)
...
006 (111515045.170.000) 04/26 06:51:11 Image size of job updated: 15250508
	14817  -  MemoryUsage of job (MB)
	15172456  -  ResidentSetSize of job (KB)
...
006 (111515045.170.000) 04/26 06:56:12 Image size of job updated: 15431752
	14994  -  MemoryUsage of job (MB)
	15353700  -  ResidentSetSize of job (KB)
...
006 (111515045.170.000) 04/26 07:01:12 Image size of job updated: 15574468
	15134  -  MemoryUsage of job (MB)
	15496416  -  ResidentSetSize of job (KB)
...
006 (111515045.170.000) 04/26 07:06:14 Image size of job updated: 15932300
	15483  -  MemoryUsage of job (MB)
	15854248  -  ResidentSetSize of job (KB)
...
006 (111515045.170.000) 04/26 07:11:14 Image size of job updated: 16273800
	15817  -  MemoryUsage of job (MB)
	16195748  -  ResidentSetSize of job (KB)
...
006 (111515045.170.000) 04/26 07:16:14 Image size of job updated: 17006416
	16532  -  MemoryUsage of job (MB)
	16927988  -  ResidentSetSize of job (KB)
...
006 (111515045.170.000) 04/26 07:21:15 Image size of job updated: 17741488
	17248  -  MemoryUsage of job (MB)
	17661688  -  ResidentSetSize of job (KB)
...
006 (111515045.170.000) 04/26 07:26:16 Image size of job updated: 18938440
	18415  -  MemoryUsage of job (MB)
	18856912  -  ResidentSetSize of job (KB)
...
006 (111515045.170.000) 04/26 07:31:17 Image size of job updated: 20099552
	19535  -  MemoryUsage of job (MB)
	20003244  -  ResidentSetSize of job (KB)
...
006 (111515045.170.000) 04/26 07:36:18 Image size of job updated: 20767080
	20165  -  MemoryUsage of job (MB)
	20648908  -  ResidentSetSize of job (KB)
...
006 (111515045.170.000) 04/26 07:41:18 Image size of job updated: 21124100
	20398  -  MemoryUsage of job (MB)
	20886668  -  ResidentSetSize of job (KB)
...
006 (111515045.170.000) 04/26 07:46:19 Image size of job updated: 21556228
	20426  -  MemoryUsage of job (MB)
	20916008  -  ResidentSetSize of job (KB)
...
006 (111515045.170.000) 04/26 07:46:55 Image size of job updated: 21615056
	20426  -  MemoryUsage of job (MB)
	20916008  -  ResidentSetSize of job (KB)
...
005 (111515045.170.000) 04/26 07:47:00 Job terminated.
	(1) Normal termination (return value 0)
		Usr 0 01:33:12, Sys 0 00:01:51  -  Run Remote Usage
		Usr 0 00:00:00, Sys 0 00:00:00  -  Run Local Usage
		Usr 0 01:33:12, Sys 0 00:01:51  -  Total Remote Usage
		Usr 0 00:00:00, Sys 0 00:00:00  -  Total Local Usage
	20046264  -  Run Bytes Sent By Job
	1780295040  -  Run Bytes Received By Job
	20046264  -  Total Bytes Sent By Job
	1780295040  -  Total Bytes Received By Job
	Partitionable Resources :      Usage  Request Allocated 
	   Cpus                 :       0.37        1         1 
	   Disk (KB)            : 6849306    20971520  21142601 
	   Ioheavy              :                             0 
	   Memory (MB)          :   20426       20480     20480 
...
