000 (111367039.196.000) 04/22 22:37:22 Job submitted from host: <128.104.100.44:9618?addrs=128.104.100.44-9618+[2607-f388-107c-501-90e2-baff-fe2c-2724]-9618&noUDP&sock=1497440_afb9_3>
...
001 (111367039.196.000) 04/23 02:44:32 Job executing on host: <128.105.245.235:9618?addrs=128.105.245.235-9618&noUDP&sock=5440_f74b_3>
...
006 (111367039.196.000) 04/23 02:44:41 Image size of job updated: 628
	1  -  MemoryUsage of job (MB)
	628  -  ResidentSetSize of job (KB)
...
006 (111367039.196.000) 04/23 02:49:43 Image size of job updated: 262244
	181  -  MemoryUsage of job (MB)
	184372  -  ResidentSetSize of job (KB)
...
006 (111367039.196.000) 04/23 02:54:43 Image size of job updated: 702812
	611  -  MemoryUsage of job (MB)
	624816  -  ResidentSetSize of job (KB)
...
006 (111367039.196.000) 04/23 02:59:43 Image size of job updated: 1149388
	1047  -  MemoryUsage of job (MB)
	1071336  -  ResidentSetSize of job (KB)
...
006 (111367039.196.000) 04/23 03:04:44 Image size of job updated: 1738756
	1622  -  MemoryUsage of job (MB)
	1660704  -  ResidentSetSize of job (KB)
...
006 (111367039.196.000) 04/23 03:09:45 Image size of job updated: 2358408
	2227  -  MemoryUsage of job (MB)
	2280356  -  ResidentSetSize of job (KB)
...
006 (111367039.196.000) 04/23 03:14:46 Image size of job updated: 2878936
	2736  -  MemoryUsage of job (MB)
	2800884  -  ResidentSetSize of job (KB)
...
006 (111367039.196.000) 04/23 03:19:46 Image size of job updated: 3751220
	3588  -  MemoryUsage of job (MB)
	3673168  -  ResidentSetSize of job (KB)
...
006 (111367039.196.000) 04/23 03:24:47 Image size of job updated: 4491684
	4311  -  MemoryUsage of job (MB)
	4413632  -  ResidentSetSize of job (KB)
...
006 (111367039.196.000) 04/23 03:29:48 Image size of job updated: 5177648
	4981  -  MemoryUsage of job (MB)
	5099596  -  ResidentSetSize of job (KB)
...
006 (111367039.196.000) 04/23 03:34:49 Image size of job updated: 5963352
	5748  -  MemoryUsage of job (MB)
	5885300  -  ResidentSetSize of job (KB)
...
006 (111367039.196.000) 04/23 03:39:49 Image size of job updated: 6812472
	6577  -  MemoryUsage of job (MB)
	6734420  -  ResidentSetSize of job (KB)
...
006 (111367039.196.000) 04/23 03:44:49 Image size of job updated: 7676324
	7421  -  MemoryUsage of job (MB)
	7598272  -  ResidentSetSize of job (KB)
...
006 (111367039.196.000) 04/23 03:49:49 Image size of job updated: 8358628
	8087  -  MemoryUsage of job (MB)
	8280576  -  ResidentSetSize of job (KB)
...
006 (111367039.196.000) 04/23 03:54:50 Image size of job updated: 9041652
	8754  -  MemoryUsage of job (MB)
	8963600  -  ResidentSetSize of job (KB)
...
006 (111367039.196.000) 04/23 03:59:50 Image size of job updated: 9814436
	9509  -  MemoryUsage of job (MB)
	9736384  -  ResidentSetSize of job (KB)
...
006 (111367039.196.000) 04/23 04:04:51 Image size of job updated: 10578252
	10255  -  MemoryUsage of job (MB)
	10500200  -  ResidentSetSize of job (KB)
...
006 (111367039.196.000) 04/23 04:09:51 Image size of job updated: 11073000
	10738  -  MemoryUsage of job (MB)
	10994948  -  ResidentSetSize of job (KB)
...
006 (111367039.196.000) 04/23 04:14:52 Image size of job updated: 11578880
	11232  -  MemoryUsage of job (MB)
	11500828  -  ResidentSetSize of job (KB)
...
006 (111367039.196.000) 04/23 04:19:53 Image size of job updated: 12213404
	11851  -  MemoryUsage of job (MB)
	12135352  -  ResidentSetSize of job (KB)
...
006 (111367039.196.000) 04/23 04:24:53 Image size of job updated: 12902016
	12524  -  MemoryUsage of job (MB)
	12823964  -  ResidentSetSize of job (KB)
...
006 (111367039.196.000) 04/23 04:29:55 Image size of job updated: 13445556
	13055  -  MemoryUsage of job (MB)
	13367504  -  ResidentSetSize of job (KB)
...
006 (111367039.196.000) 04/23 04:34:55 Image size of job updated: 14058156
	13653  -  MemoryUsage of job (MB)
	13980104  -  ResidentSetSize of job (KB)
...
006 (111367039.196.000) 04/23 04:39:55 Image size of job updated: 14494192
	14079  -  MemoryUsage of job (MB)
	14416140  -  ResidentSetSize of job (KB)
...
006 (111367039.196.000) 04/23 04:44:56 Image size of job updated: 15047116
	14619  -  MemoryUsage of job (MB)
	14969064  -  ResidentSetSize of job (KB)
...
006 (111367039.196.000) 04/23 04:49:56 Image size of job updated: 15446188
	15008  -  MemoryUsage of job (MB)
	15368136  -  ResidentSetSize of job (KB)
...
006 (111367039.196.000) 04/23 04:54:56 Image size of job updated: 15916240
	15467  -  MemoryUsage of job (MB)
	15838188  -  ResidentSetSize of job (KB)
...
006 (111367039.196.000) 04/23 04:59:57 Image size of job updated: 16284884
	15827  -  MemoryUsage of job (MB)
	16206700  -  ResidentSetSize of job (KB)
...
006 (111367039.196.000) 04/23 05:05:02 Image size of job updated: 16927328
	16455  -  MemoryUsage of job (MB)
	16849052  -  ResidentSetSize of job (KB)
...
006 (111367039.196.000) 04/23 05:09:59 Image size of job updated: 17524364
	17037  -  MemoryUsage of job (MB)
	17445860  -  ResidentSetSize of job (KB)
...
006 (111367039.196.000) 04/23 05:14:59 Image size of job updated: 18157040
	17655  -  MemoryUsage of job (MB)
	18077900  -  ResidentSetSize of job (KB)
...
006 (111367039.196.000) 04/23 05:20:00 Image size of job updated: 18798472
	18281  -  MemoryUsage of job (MB)
	18719204  -  ResidentSetSize of job (KB)
...
006 (111367039.196.000) 04/23 05:25:01 Image size of job updated: 19404196
	18870  -  MemoryUsage of job (MB)
	19322864  -  ResidentSetSize of job (KB)
...
006 (111367039.196.000) 04/23 05:30:01 Image size of job updated: 20043996
	19465  -  MemoryUsage of job (MB)
	19931856  -  ResidentSetSize of job (KB)
...
006 (111367039.196.000) 04/23 05:35:01 Image size of job updated: 20400416
	19797  -  MemoryUsage of job (MB)
	20271760  -  ResidentSetSize of job (KB)
...
006 (111367039.196.000) 04/23 05:40:02 Image size of job updated: 20769880
	20130  -  MemoryUsage of job (MB)
	20612956  -  ResidentSetSize of job (KB)
...
006 (111367039.196.000) 04/23 05:42:02 Image size of job updated: 20769880
	20131  -  MemoryUsage of job (MB)
	20613512  -  ResidentSetSize of job (KB)
...
005 (111367039.196.000) 04/23 05:42:03 Job terminated.
	(1) Normal termination (return value 0)
		Usr 0 02:09:36, Sys 0 00:02:00  -  Run Remote Usage
		Usr 0 00:00:00, Sys 0 00:00:00  -  Run Local Usage
		Usr 0 02:09:36, Sys 0 00:02:00  -  Total Remote Usage
		Usr 0 00:00:00, Sys 0 00:00:00  -  Total Local Usage
	20203920  -  Run Bytes Sent By Job
	1780294656  -  Run Bytes Received By Job
	20203920  -  Total Bytes Sent By Job
	1780294656  -  Total Bytes Received By Job
	Partitionable Resources :      Usage  Request Allocated 
	   Cpus                 :       0.07        1         1 
	   Disk (KB)            : 6849459    20971520  21378265 
	   Ioheavy              :                             0 
	   Memory (MB)          :   20131       20480     20480 
...
