000 (111367039.000.000) 04/22 22:37:22 Job submitted from host: <128.104.100.44:9618?addrs=128.104.100.44-9618+[2607-f388-107c-501-90e2-baff-fe2c-2724]-9618&noUDP&sock=1497440_afb9_3>
...
001 (111367039.000.000) 04/22 22:43:09 Job executing on host: <128.105.245.253:9618?addrs=128.105.245.253-9618&noUDP&sock=5429_6bc0_3>
...
006 (111367039.000.000) 04/22 22:43:18 Image size of job updated: 628
	1  -  MemoryUsage of job (MB)
	628  -  ResidentSetSize of job (KB)
...
006 (111367039.000.000) 04/22 22:48:20 Image size of job updated: 668
	1  -  MemoryUsage of job (MB)
	668  -  ResidentSetSize of job (KB)
...
006 (111367039.000.000) 04/22 22:53:21 Image size of job updated: 565804
	477  -  MemoryUsage of job (MB)
	487808  -  ResidentSetSize of job (KB)
...
006 (111367039.000.000) 04/22 22:58:22 Image size of job updated: 1021028
	921  -  MemoryUsage of job (MB)
	942976  -  ResidentSetSize of job (KB)
...
006 (111367039.000.000) 04/22 23:03:23 Image size of job updated: 1637444
	1523  -  MemoryUsage of job (MB)
	1559392  -  ResidentSetSize of job (KB)
...
006 (111367039.000.000) 04/22 23:08:24 Image size of job updated: 2413752
	2281  -  MemoryUsage of job (MB)
	2335700  -  ResidentSetSize of job (KB)
...
006 (111367039.000.000) 04/22 23:13:25 Image size of job updated: 3283488
	3131  -  MemoryUsage of job (MB)
	3205436  -  ResidentSetSize of job (KB)
...
006 (111367039.000.000) 04/22 23:18:27 Image size of job updated: 4507128
	4326  -  MemoryUsage of job (MB)
	4429076  -  ResidentSetSize of job (KB)
...
006 (111367039.000.000) 04/22 23:23:27 Image size of job updated: 5570844
	5365  -  MemoryUsage of job (MB)
	5492792  -  ResidentSetSize of job (KB)
...
006 (111367039.000.000) 04/22 23:28:27 Image size of job updated: 6593392
	6363  -  MemoryUsage of job (MB)
	6515340  -  ResidentSetSize of job (KB)
...
006 (111367039.000.000) 04/22 23:33:27 Image size of job updated: 7568732
	7316  -  MemoryUsage of job (MB)
	7490680  -  ResidentSetSize of job (KB)
...
006 (111367039.000.000) 04/22 23:38:27 Image size of job updated: 8436504
	8163  -  MemoryUsage of job (MB)
	8358452  -  ResidentSetSize of job (KB)
...
006 (111367039.000.000) 04/22 23:43:27 Image size of job updated: 9218204
	8926  -  MemoryUsage of job (MB)
	9140152  -  ResidentSetSize of job (KB)
...
006 (111367039.000.000) 04/22 23:48:27 Image size of job updated: 10004912
	9695  -  MemoryUsage of job (MB)
	9926860  -  ResidentSetSize of job (KB)
...
006 (111367039.000.000) 04/22 23:53:28 Image size of job updated: 10812516
	10483  -  MemoryUsage of job (MB)
	10734464  -  ResidentSetSize of job (KB)
...
006 (111367039.000.000) 04/22 23:58:29 Image size of job updated: 11619208
	11271  -  MemoryUsage of job (MB)
	11541156  -  ResidentSetSize of job (KB)
...
006 (111367039.000.000) 04/23 00:03:29 Image size of job updated: 12388080
	12022  -  MemoryUsage of job (MB)
	12310028  -  ResidentSetSize of job (KB)
...
006 (111367039.000.000) 04/23 00:08:29 Image size of job updated: 13205236
	12820  -  MemoryUsage of job (MB)
	13127184  -  ResidentSetSize of job (KB)
...
006 (111367039.000.000) 04/23 00:13:30 Image size of job updated: 14082172
	13676  -  MemoryUsage of job (MB)
	14004120  -  ResidentSetSize of job (KB)
...
006 (111367039.000.000) 04/23 00:18:31 Image size of job updated: 14818328
	14395  -  MemoryUsage of job (MB)
	14740276  -  ResidentSetSize of job (KB)
...
006 (111367039.000.000) 04/23 00:23:32 Image size of job updated: 15569472
	15129  -  MemoryUsage of job (MB)
	15491420  -  ResidentSetSize of job (KB)
...
006 (111367039.000.000) 04/23 00:28:31 Image size of job updated: 16405332
	15945  -  MemoryUsage of job (MB)
	16327280  -  ResidentSetSize of job (KB)
...
006 (111367039.000.000) 04/23 00:33:31 Image size of job updated: 17243304
	16762  -  MemoryUsage of job (MB)
	17163916  -  ResidentSetSize of job (KB)
...
006 (111367039.000.000) 04/23 00:38:31 Image size of job updated: 17995624
	17494  -  MemoryUsage of job (MB)
	17912844  -  ResidentSetSize of job (KB)
...
006 (111367039.000.000) 04/23 00:43:32 Image size of job updated: 18926840
	18395  -  MemoryUsage of job (MB)
	18836436  -  ResidentSetSize of job (KB)
...
006 (111367039.000.000) 04/23 00:48:33 Image size of job updated: 19801148
	19236  -  MemoryUsage of job (MB)
	19697020  -  ResidentSetSize of job (KB)
...
006 (111367039.000.000) 04/23 00:53:33 Image size of job updated: 20536440
	19895  -  MemoryUsage of job (MB)
	20372144  -  ResidentSetSize of job (KB)
...
006 (111367039.000.000) 04/23 00:54:43 Image size of job updated: 20722736
	19896  -  MemoryUsage of job (MB)
	20373044  -  ResidentSetSize of job (KB)
...
005 (111367039.000.000) 04/23 00:54:45 Job terminated.
	(1) Normal termination (return value 0)
		Usr 0 02:01:44, Sys 0 00:01:56  -  Run Remote Usage
		Usr 0 00:00:00, Sys 0 00:00:00  -  Run Local Usage
		Usr 0 02:01:44, Sys 0 00:01:56  -  Total Remote Usage
		Usr 0 00:00:00, Sys 0 00:00:00  -  Total Local Usage
	19987880  -  Run Bytes Sent By Job
	1780294656  -  Run Bytes Received By Job
	19987880  -  Total Bytes Sent By Job
	1780294656  -  Total Bytes Received By Job
	Partitionable Resources :      Usage  Request Allocated 
	   Cpus                 :       1.00        1         1 
	   Disk (KB)            : 6849248    20971520  21387306 
	   Ioheavy              :                             0 
	   Memory (MB)          :   19896       20480     20480 
...
