000 (111367039.051.000) 04/22 22:37:22 Job submitted from host: <128.104.100.44:9618?addrs=128.104.100.44-9618+[2607-f388-107c-501-90e2-baff-fe2c-2724]-9618&noUDP&sock=1497440_afb9_3>
...
001 (111367039.051.000) 04/22 22:48:35 Job executing on host: <128.105.245.235:9618?addrs=128.105.245.235-9618&noUDP&sock=5440_f74b_3>
...
006 (111367039.051.000) 04/22 22:48:43 Image size of job updated: 632
	1  -  MemoryUsage of job (MB)
	628  -  ResidentSetSize of job (KB)
...
006 (111367039.051.000) 04/22 22:54:07 Image size of job updated: 636
	1  -  MemoryUsage of job (MB)
	632  -  ResidentSetSize of job (KB)
...
006 (111367039.051.000) 04/22 22:58:45 Image size of job updated: 656
	1  -  MemoryUsage of job (MB)
	652  -  ResidentSetSize of job (KB)
...
006 (111367039.051.000) 04/22 23:03:48 Image size of job updated: 660
	1  -  MemoryUsage of job (MB)
	656  -  ResidentSetSize of job (KB)
...
006 (111367039.051.000) 04/22 23:08:47 Image size of job updated: 676
	1  -  MemoryUsage of job (MB)
	672  -  ResidentSetSize of job (KB)
...
006 (111367039.051.000) 04/22 23:13:47 Image size of job updated: 547108
	459  -  MemoryUsage of job (MB)
	469108  -  ResidentSetSize of job (KB)
...
006 (111367039.051.000) 04/22 23:18:47 Image size of job updated: 967004
	869  -  MemoryUsage of job (MB)
	888948  -  ResidentSetSize of job (KB)
...
006 (111367039.051.000) 04/22 23:23:47 Image size of job updated: 1554296
	1442  -  MemoryUsage of job (MB)
	1476240  -  ResidentSetSize of job (KB)
...
006 (111367039.051.000) 04/22 23:28:47 Image size of job updated: 2293460
	2164  -  MemoryUsage of job (MB)
	2215404  -  ResidentSetSize of job (KB)
...
006 (111367039.051.000) 04/22 23:33:47 Image size of job updated: 3107132
	2959  -  MemoryUsage of job (MB)
	3029076  -  ResidentSetSize of job (KB)
...
006 (111367039.051.000) 04/22 23:38:48 Image size of job updated: 4177892
	4004  -  MemoryUsage of job (MB)
	4099836  -  ResidentSetSize of job (KB)
...
006 (111367039.051.000) 04/22 23:43:49 Image size of job updated: 5184044
	4987  -  MemoryUsage of job (MB)
	5105988  -  ResidentSetSize of job (KB)
...
006 (111367039.051.000) 04/22 23:48:50 Image size of job updated: 6003752
	5787  -  MemoryUsage of job (MB)
	5925696  -  ResidentSetSize of job (KB)
...
006 (111367039.051.000) 04/22 23:53:50 Image size of job updated: 6688200
	6456  -  MemoryUsage of job (MB)
	6610144  -  ResidentSetSize of job (KB)
...
006 (111367039.051.000) 04/22 23:58:50 Image size of job updated: 7420824
	7171  -  MemoryUsage of job (MB)
	7342768  -  ResidentSetSize of job (KB)
...
006 (111367039.051.000) 04/23 00:03:51 Image size of job updated: 8099324
	7834  -  MemoryUsage of job (MB)
	8021268  -  ResidentSetSize of job (KB)
...
006 (111367039.051.000) 04/23 00:08:52 Image size of job updated: 8880440
	8597  -  MemoryUsage of job (MB)
	8802384  -  ResidentSetSize of job (KB)
...
006 (111367039.051.000) 04/23 00:13:52 Image size of job updated: 9703176
	9400  -  MemoryUsage of job (MB)
	9625120  -  ResidentSetSize of job (KB)
...
006 (111367039.051.000) 04/23 00:18:52 Image size of job updated: 10489656
	10168  -  MemoryUsage of job (MB)
	10411600  -  ResidentSetSize of job (KB)
...
006 (111367039.051.000) 04/23 00:23:53 Image size of job updated: 11225568
	10887  -  MemoryUsage of job (MB)
	11147512  -  ResidentSetSize of job (KB)
...
006 (111367039.051.000) 04/23 00:28:54 Image size of job updated: 11940672
	11585  -  MemoryUsage of job (MB)
	11862616  -  ResidentSetSize of job (KB)
...
006 (111367039.051.000) 04/23 00:33:54 Image size of job updated: 12692144
	12319  -  MemoryUsage of job (MB)
	12614088  -  ResidentSetSize of job (KB)
...
006 (111367039.051.000) 04/23 00:38:56 Image size of job updated: 13468048
	13077  -  MemoryUsage of job (MB)
	13389992  -  ResidentSetSize of job (KB)
...
006 (111367039.051.000) 04/23 00:43:56 Image size of job updated: 14210100
	13801  -  MemoryUsage of job (MB)
	14132044  -  ResidentSetSize of job (KB)
...
006 (111367039.051.000) 04/23 00:48:57 Image size of job updated: 14892256
	14467  -  MemoryUsage of job (MB)
	14814200  -  ResidentSetSize of job (KB)
...
006 (111367039.051.000) 04/23 00:53:58 Image size of job updated: 15484448
	15046  -  MemoryUsage of job (MB)
	15406392  -  ResidentSetSize of job (KB)
...
006 (111367039.051.000) 04/23 00:58:58 Image size of job updated: 16428028
	15967  -  MemoryUsage of job (MB)
	16349660  -  ResidentSetSize of job (KB)
...
006 (111367039.051.000) 04/23 01:03:58 Image size of job updated: 17141668
	16664  -  MemoryUsage of job (MB)
	17063300  -  ResidentSetSize of job (KB)
...
006 (111367039.051.000) 04/23 01:08:59 Image size of job updated: 17729952
	17238  -  MemoryUsage of job (MB)
	17650856  -  ResidentSetSize of job (KB)
...
006 (111367039.051.000) 04/23 01:14:01 Image size of job updated: 18340232
	17832  -  MemoryUsage of job (MB)
	18259964  -  ResidentSetSize of job (KB)
...
006 (111367039.051.000) 04/23 01:19:01 Image size of job updated: 19021940
	18495  -  MemoryUsage of job (MB)
	18937888  -  ResidentSetSize of job (KB)
...
006 (111367039.051.000) 04/23 01:24:01 Image size of job updated: 19696720
	19150  -  MemoryUsage of job (MB)
	19609056  -  ResidentSetSize of job (KB)
...
006 (111367039.051.000) 04/23 01:29:02 Image size of job updated: 20311676
	19711  -  MemoryUsage of job (MB)
	20183480  -  ResidentSetSize of job (KB)
...
006 (111367039.051.000) 04/23 01:34:03 Image size of job updated: 20936148
	20257  -  MemoryUsage of job (MB)
	20742172  -  ResidentSetSize of job (KB)
...
006 (111367039.051.000) 04/23 01:35:47 Image size of job updated: 20936148
	20258  -  MemoryUsage of job (MB)
	20743708  -  ResidentSetSize of job (KB)
...
005 (111367039.051.000) 04/23 01:35:49 Job terminated.
	(1) Normal termination (return value 0)
		Usr 0 02:08:45, Sys 0 00:02:04  -  Run Remote Usage
		Usr 0 00:00:00, Sys 0 00:00:00  -  Run Local Usage
		Usr 0 02:08:45, Sys 0 00:02:04  -  Total Remote Usage
		Usr 0 00:00:00, Sys 0 00:00:00  -  Total Local Usage
	20544576  -  Run Bytes Sent By Job
	1780294656  -  Run Bytes Received By Job
	20544576  -  Total Bytes Sent By Job
	1780294656  -  Total Bytes Received By Job
	Partitionable Resources :      Usage  Request Allocated 
	   Cpus                 :       0.37        1         1 
	   Disk (KB)            : 6849792    20971520  21353243 
	   Ioheavy              :                             0 
	   Memory (MB)          :   20258       20480     20480 
...
