000 (111367039.021.000) 04/22 22:37:22 Job submitted from host: <128.104.100.44:9618?addrs=128.104.100.44-9618+[2607-f388-107c-501-90e2-baff-fe2c-2724]-9618&noUDP&sock=1497440_afb9_3>
...
001 (111367039.021.000) 04/22 22:47:36 Job executing on host: <128.105.245.226:9618?addrs=128.105.245.226-9618&noUDP&sock=5426_5cf8_3>
...
006 (111367039.021.000) 04/22 22:47:45 Image size of job updated: 624
	1  -  MemoryUsage of job (MB)
	624  -  ResidentSetSize of job (KB)
...
006 (111367039.021.000) 04/22 22:52:46 Image size of job updated: 664
	1  -  MemoryUsage of job (MB)
	664  -  ResidentSetSize of job (KB)
...
006 (111367039.021.000) 04/22 22:57:47 Image size of job updated: 470964
	384  -  MemoryUsage of job (MB)
	392968  -  ResidentSetSize of job (KB)
...
006 (111367039.021.000) 04/22 23:02:47 Image size of job updated: 816520
	722  -  MemoryUsage of job (MB)
	738468  -  ResidentSetSize of job (KB)
...
006 (111367039.021.000) 04/22 23:07:49 Image size of job updated: 1216552
	1112  -  MemoryUsage of job (MB)
	1138500  -  ResidentSetSize of job (KB)
...
006 (111367039.021.000) 04/22 23:12:49 Image size of job updated: 1643368
	1529  -  MemoryUsage of job (MB)
	1565316  -  ResidentSetSize of job (KB)
...
006 (111367039.021.000) 04/22 23:17:49 Image size of job updated: 2062756
	1939  -  MemoryUsage of job (MB)
	1984704  -  ResidentSetSize of job (KB)
...
006 (111367039.021.000) 04/22 23:22:51 Image size of job updated: 2607928
	2471  -  MemoryUsage of job (MB)
	2529876  -  ResidentSetSize of job (KB)
...
006 (111367039.021.000) 04/22 23:27:51 Image size of job updated: 3294672
	3142  -  MemoryUsage of job (MB)
	3216620  -  ResidentSetSize of job (KB)
...
006 (111367039.021.000) 04/22 23:32:51 Image size of job updated: 3945308
	3777  -  MemoryUsage of job (MB)
	3867256  -  ResidentSetSize of job (KB)
...
006 (111367039.021.000) 04/22 23:37:52 Image size of job updated: 4630860
	4447  -  MemoryUsage of job (MB)
	4552808  -  ResidentSetSize of job (KB)
...
006 (111367039.021.000) 04/22 23:42:52 Image size of job updated: 5331896
	5131  -  MemoryUsage of job (MB)
	5253844  -  ResidentSetSize of job (KB)
...
006 (111367039.021.000) 04/22 23:47:52 Image size of job updated: 6092804
	5874  -  MemoryUsage of job (MB)
	6014752  -  ResidentSetSize of job (KB)
...
006 (111367039.021.000) 04/22 23:52:53 Image size of job updated: 6809820
	6574  -  MemoryUsage of job (MB)
	6731768  -  ResidentSetSize of job (KB)
...
006 (111367039.021.000) 04/22 23:57:53 Image size of job updated: 7368300
	7120  -  MemoryUsage of job (MB)
	7290248  -  ResidentSetSize of job (KB)
...
006 (111367039.021.000) 04/23 00:02:53 Image size of job updated: 7935372
	7674  -  MemoryUsage of job (MB)
	7857320  -  ResidentSetSize of job (KB)
...
006 (111367039.021.000) 04/23 00:07:54 Image size of job updated: 8501312
	8226  -  MemoryUsage of job (MB)
	8423260  -  ResidentSetSize of job (KB)
...
006 (111367039.021.000) 04/23 00:12:55 Image size of job updated: 9030712
	8743  -  MemoryUsage of job (MB)
	8952660  -  ResidentSetSize of job (KB)
...
006 (111367039.021.000) 04/23 00:17:55 Image size of job updated: 9576944
	9277  -  MemoryUsage of job (MB)
	9498892  -  ResidentSetSize of job (KB)
...
006 (111367039.021.000) 04/23 00:22:57 Image size of job updated: 10045256
	9734  -  MemoryUsage of job (MB)
	9967204  -  ResidentSetSize of job (KB)
...
006 (111367039.021.000) 04/23 00:27:57 Image size of job updated: 10914328
	10583  -  MemoryUsage of job (MB)
	10836276  -  ResidentSetSize of job (KB)
...
006 (111367039.021.000) 04/23 00:32:59 Image size of job updated: 11603560
	11256  -  MemoryUsage of job (MB)
	11525508  -  ResidentSetSize of job (KB)
...
006 (111367039.021.000) 04/23 00:37:59 Image size of job updated: 12086220
	11727  -  MemoryUsage of job (MB)
	12008168  -  ResidentSetSize of job (KB)
...
006 (111367039.021.000) 04/23 00:42:59 Image size of job updated: 12851544
	12475  -  MemoryUsage of job (MB)
	12773492  -  ResidentSetSize of job (KB)
...
006 (111367039.021.000) 04/23 00:48:00 Image size of job updated: 13435004
	13044  -  MemoryUsage of job (MB)
	13356952  -  ResidentSetSize of job (KB)
...
006 (111367039.021.000) 04/23 00:53:01 Image size of job updated: 13908216
	13507  -  MemoryUsage of job (MB)
	13830164  -  ResidentSetSize of job (KB)
...
006 (111367039.021.000) 04/23 00:58:01 Image size of job updated: 14550472
	14134  -  MemoryUsage of job (MB)
	14472420  -  ResidentSetSize of job (KB)
...
006 (111367039.021.000) 04/23 01:03:03 Image size of job updated: 15164564
	14733  -  MemoryUsage of job (MB)
	15086512  -  ResidentSetSize of job (KB)
...
006 (111367039.021.000) 04/23 01:08:03 Image size of job updated: 16063232
	15611  -  MemoryUsage of job (MB)
	15985180  -  ResidentSetSize of job (KB)
...
006 (111367039.021.000) 04/23 01:13:03 Image size of job updated: 16741352
	16273  -  MemoryUsage of job (MB)
	16663092  -  ResidentSetSize of job (KB)
...
006 (111367039.021.000) 04/23 01:18:04 Image size of job updated: 17423592
	16938  -  MemoryUsage of job (MB)
	17344444  -  ResidentSetSize of job (KB)
...
006 (111367039.021.000) 04/23 01:23:04 Image size of job updated: 18149860
	17647  -  MemoryUsage of job (MB)
	18069704  -  ResidentSetSize of job (KB)
...
006 (111367039.021.000) 04/23 01:28:05 Image size of job updated: 18639980
	18125  -  MemoryUsage of job (MB)
	18559108  -  ResidentSetSize of job (KB)
...
006 (111367039.021.000) 04/23 01:33:05 Image size of job updated: 19192952
	18662  -  MemoryUsage of job (MB)
	19109264  -  ResidentSetSize of job (KB)
...
006 (111367039.021.000) 04/23 01:38:04 Image size of job updated: 19843372
	19288  -  MemoryUsage of job (MB)
	19750840  -  ResidentSetSize of job (KB)
...
006 (111367039.021.000) 04/23 01:43:05 Image size of job updated: 20293848
	19702  -  MemoryUsage of job (MB)
	20174736  -  ResidentSetSize of job (KB)
...
006 (111367039.021.000) 04/23 01:46:24 Image size of job updated: 21035412
	19703  -  MemoryUsage of job (MB)
	20175572  -  ResidentSetSize of job (KB)
...
005 (111367039.021.000) 04/23 01:46:26 Job terminated.
	(1) Normal termination (return value 0)
		Usr 0 02:05:51, Sys 0 00:02:17  -  Run Remote Usage
		Usr 0 00:00:00, Sys 0 00:00:00  -  Run Local Usage
		Usr 0 02:05:51, Sys 0 00:02:17  -  Total Remote Usage
		Usr 0 00:00:00, Sys 0 00:00:00  -  Total Local Usage
	20474450  -  Run Bytes Sent By Job
	1780294656  -  Run Bytes Received By Job
	20474450  -  Total Bytes Sent By Job
	1780294656  -  Total Bytes Received By Job
	Partitionable Resources :      Usage  Request Allocated 
	   Cpus                 :       0.46        1         1 
	   Disk (KB)            : 6849723    20971520  21151671 
	   Ioheavy              :                             0 
	   Memory (MB)          :   19703       20480     20480 
...
