000 (111515045.200.000) 04/25 20:23:08 Job submitted from host: <128.104.100.44:9618?addrs=128.104.100.44-9618+[2607-f388-107c-501-90e2-baff-fe2c-2724]-9618&noUDP&sock=4699_0235_3>
...
001 (111515045.200.000) 04/26 03:37:44 Job executing on host: <128.105.245.249:9618?addrs=128.105.245.249-9618&noUDP&sock=5434_d9ba_3>
...
006 (111515045.200.000) 04/26 03:37:53 Image size of job updated: 620
	1  -  MemoryUsage of job (MB)
	620  -  ResidentSetSize of job (KB)
...
006 (111515045.200.000) 04/26 03:42:55 Image size of job updated: 644
	1  -  MemoryUsage of job (MB)
	644  -  ResidentSetSize of job (KB)
...
006 (111515045.200.000) 04/26 03:47:55 Image size of job updated: 237872
	157  -  MemoryUsage of job (MB)
	160380  -  ResidentSetSize of job (KB)
...
006 (111515045.200.000) 04/26 03:52:55 Image size of job updated: 714720
	622  -  MemoryUsage of job (MB)
	636724  -  ResidentSetSize of job (KB)
...
006 (111515045.200.000) 04/26 03:57:56 Image size of job updated: 1226776
	1122  -  MemoryUsage of job (MB)
	1148724  -  ResidentSetSize of job (KB)
...
006 (111515045.200.000) 04/26 04:02:56 Image size of job updated: 1893116
	1773  -  MemoryUsage of job (MB)
	1815064  -  ResidentSetSize of job (KB)
...
006 (111515045.200.000) 04/26 04:07:57 Image size of job updated: 2682808
	2544  -  MemoryUsage of job (MB)
	2604756  -  ResidentSetSize of job (KB)
...
006 (111515045.200.000) 04/26 04:12:58 Image size of job updated: 3758024
	3594  -  MemoryUsage of job (MB)
	3679972  -  ResidentSetSize of job (KB)
...
006 (111515045.200.000) 04/26 04:17:58 Image size of job updated: 4773064
	4585  -  MemoryUsage of job (MB)
	4695012  -  ResidentSetSize of job (KB)
...
006 (111515045.200.000) 04/26 04:22:59 Image size of job updated: 5889152
	5675  -  MemoryUsage of job (MB)
	5811100  -  ResidentSetSize of job (KB)
...
006 (111515045.200.000) 04/26 04:28:02 Image size of job updated: 6862096
	6626  -  MemoryUsage of job (MB)
	6784044  -  ResidentSetSize of job (KB)
...
006 (111515045.200.000) 04/26 04:33:00 Image size of job updated: 7860956
	7601  -  MemoryUsage of job (MB)
	7782904  -  ResidentSetSize of job (KB)
...
006 (111515045.200.000) 04/26 04:38:00 Image size of job updated: 8702132
	8422  -  MemoryUsage of job (MB)
	8624080  -  ResidentSetSize of job (KB)
...
006 (111515045.200.000) 04/26 04:43:01 Image size of job updated: 9322844
	9029  -  MemoryUsage of job (MB)
	9244792  -  ResidentSetSize of job (KB)
...
006 (111515045.200.000) 04/26 04:48:01 Image size of job updated: 9902972
	9595  -  MemoryUsage of job (MB)
	9824920  -  ResidentSetSize of job (KB)
...
006 (111515045.200.000) 04/26 04:53:02 Image size of job updated: 10534956
	10212  -  MemoryUsage of job (MB)
	10456904  -  ResidentSetSize of job (KB)
...
006 (111515045.200.000) 04/26 04:58:03 Image size of job updated: 11291900
	10952  -  MemoryUsage of job (MB)
	11213848  -  ResidentSetSize of job (KB)
...
006 (111515045.200.000) 04/26 05:03:03 Image size of job updated: 12065088
	11707  -  MemoryUsage of job (MB)
	11987036  -  ResidentSetSize of job (KB)
...
006 (111515045.200.000) 04/26 05:08:04 Image size of job updated: 12852216
	12475  -  MemoryUsage of job (MB)
	12774164  -  ResidentSetSize of job (KB)
...
006 (111515045.200.000) 04/26 05:13:05 Image size of job updated: 13673300
	13277  -  MemoryUsage of job (MB)
	13595248  -  ResidentSetSize of job (KB)
...
006 (111515045.200.000) 04/26 05:18:05 Image size of job updated: 14546932
	14130  -  MemoryUsage of job (MB)
	14468880  -  ResidentSetSize of job (KB)
...
006 (111515045.200.000) 04/26 05:23:05 Image size of job updated: 15336200
	14901  -  MemoryUsage of job (MB)
	15258148  -  ResidentSetSize of job (KB)
...
006 (111515045.200.000) 04/26 05:28:07 Image size of job updated: 16231836
	15776  -  MemoryUsage of job (MB)
	16153784  -  ResidentSetSize of job (KB)
...
006 (111515045.200.000) 04/26 05:33:07 Image size of job updated: 17143280
	16666  -  MemoryUsage of job (MB)
	17065228  -  ResidentSetSize of job (KB)
...
006 (111515045.200.000) 04/26 05:38:07 Image size of job updated: 18047920
	17548  -  MemoryUsage of job (MB)
	17968956  -  ResidentSetSize of job (KB)
...
006 (111515045.200.000) 04/26 05:43:08 Image size of job updated: 18921476
	18401  -  MemoryUsage of job (MB)
	18841660  -  ResidentSetSize of job (KB)
...
006 (111515045.200.000) 04/26 05:48:09 Image size of job updated: 19776328
	19221  -  MemoryUsage of job (MB)
	19682108  -  ResidentSetSize of job (KB)
...
006 (111515045.200.000) 04/26 05:53:09 Image size of job updated: 20728716
	20084  -  MemoryUsage of job (MB)
	20565808  -  ResidentSetSize of job (KB)
...
006 (111515045.200.000) 04/26 05:57:41 Image size of job updated: 21452396
	20086  -  MemoryUsage of job (MB)
	20567616  -  ResidentSetSize of job (KB)
...
005 (111515045.200.000) 04/26 05:57:43 Job terminated.
	(1) Normal termination (return value 0)
		Usr 0 01:59:36, Sys 0 00:02:11  -  Run Remote Usage
		Usr 0 00:00:00, Sys 0 00:00:00  -  Run Local Usage
		Usr 0 01:59:36, Sys 0 00:02:11  -  Total Remote Usage
		Usr 0 00:00:00, Sys 0 00:00:00  -  Total Local Usage
	19701372  -  Run Bytes Sent By Job
	1780295040  -  Run Bytes Received By Job
	19701372  -  Total Bytes Sent By Job
	1780295040  -  Total Bytes Received By Job
	Partitionable Resources :      Usage  Request Allocated 
	   Cpus                 :       0.01        1         1 
	   Disk (KB)            : 6848969    20971520  21305625 
	   Ioheavy              :                             0 
	   Memory (MB)          :   20086       20480     20480 
...
