000 (111515045.184.000) 04/25 20:23:08 Job submitted from host: <128.104.100.44:9618?addrs=128.104.100.44-9618+[2607-f388-107c-501-90e2-baff-fe2c-2724]-9618&noUDP&sock=4699_0235_3>
...
001 (111515045.184.000) 04/26 03:26:23 Job executing on host: <128.105.245.175:9618?addrs=128.105.245.175-9618&noUDP&sock=5429_6bc0_3>
...
006 (111515045.184.000) 04/26 03:26:31 Image size of job updated: 616
	1  -  MemoryUsage of job (MB)
	616  -  ResidentSetSize of job (KB)
...
006 (111515045.184.000) 04/26 03:31:32 Image size of job updated: 624
	1  -  MemoryUsage of job (MB)
	624  -  ResidentSetSize of job (KB)
...
006 (111515045.184.000) 04/26 03:36:33 Image size of job updated: 644
	1  -  MemoryUsage of job (MB)
	644  -  ResidentSetSize of job (KB)
...
006 (111515045.184.000) 04/26 03:41:33 Image size of job updated: 648
	1  -  MemoryUsage of job (MB)
	648  -  ResidentSetSize of job (KB)
...
006 (111515045.184.000) 04/26 03:56:37 Image size of job updated: 652
	1  -  MemoryUsage of job (MB)
	652  -  ResidentSetSize of job (KB)
...
006 (111515045.184.000) 04/26 04:01:36 Image size of job updated: 664
	1  -  MemoryUsage of job (MB)
	664  -  ResidentSetSize of job (KB)
...
006 (111515045.184.000) 04/26 04:11:38 Image size of job updated: 376648
	292  -  MemoryUsage of job (MB)
	298652  -  ResidentSetSize of job (KB)
...
006 (111515045.184.000) 04/26 04:16:39 Image size of job updated: 582884
	494  -  MemoryUsage of job (MB)
	504888  -  ResidentSetSize of job (KB)
...
006 (111515045.184.000) 04/26 04:21:39 Image size of job updated: 788348
	694  -  MemoryUsage of job (MB)
	710296  -  ResidentSetSize of job (KB)
...
006 (111515045.184.000) 04/26 04:26:40 Image size of job updated: 985316
	886  -  MemoryUsage of job (MB)
	907264  -  ResidentSetSize of job (KB)
...
006 (111515045.184.000) 04/26 04:31:40 Image size of job updated: 1225924
	1121  -  MemoryUsage of job (MB)
	1147872  -  ResidentSetSize of job (KB)
...
006 (111515045.184.000) 04/26 04:36:41 Image size of job updated: 1527084
	1416  -  MemoryUsage of job (MB)
	1449032  -  ResidentSetSize of job (KB)
...
006 (111515045.184.000) 04/26 04:41:41 Image size of job updated: 1817292
	1699  -  MemoryUsage of job (MB)
	1739240  -  ResidentSetSize of job (KB)
...
006 (111515045.184.000) 04/26 04:46:42 Image size of job updated: 2108328
	1983  -  MemoryUsage of job (MB)
	2030276  -  ResidentSetSize of job (KB)
...
006 (111515045.184.000) 04/26 04:51:42 Image size of job updated: 2351220
	2220  -  MemoryUsage of job (MB)
	2273168  -  ResidentSetSize of job (KB)
...
006 (111515045.184.000) 04/26 04:56:43 Image size of job updated: 2802832
	2661  -  MemoryUsage of job (MB)
	2724780  -  ResidentSetSize of job (KB)
...
006 (111515045.184.000) 04/26 05:01:45 Image size of job updated: 3284628
	3132  -  MemoryUsage of job (MB)
	3206576  -  ResidentSetSize of job (KB)
...
006 (111515045.184.000) 04/26 05:06:44 Image size of job updated: 3874088
	3708  -  MemoryUsage of job (MB)
	3796036  -  ResidentSetSize of job (KB)
...
006 (111515045.184.000) 04/26 05:11:45 Image size of job updated: 4483540
	4303  -  MemoryUsage of job (MB)
	4405488  -  ResidentSetSize of job (KB)
...
006 (111515045.184.000) 04/26 05:16:44 Image size of job updated: 4997468
	4805  -  MemoryUsage of job (MB)
	4919416  -  ResidentSetSize of job (KB)
...
006 (111515045.184.000) 04/26 05:21:45 Image size of job updated: 5775780
	5565  -  MemoryUsage of job (MB)
	5697728  -  ResidentSetSize of job (KB)
...
006 (111515045.184.000) 04/26 05:26:45 Image size of job updated: 6585636
	6356  -  MemoryUsage of job (MB)
	6507584  -  ResidentSetSize of job (KB)
...
006 (111515045.184.000) 04/26 05:31:46 Image size of job updated: 7451924
	7202  -  MemoryUsage of job (MB)
	7373872  -  ResidentSetSize of job (KB)
...
006 (111515045.184.000) 04/26 05:36:47 Image size of job updated: 8045028
	7781  -  MemoryUsage of job (MB)
	7966976  -  ResidentSetSize of job (KB)
...
006 (111515045.184.000) 04/26 05:41:48 Image size of job updated: 8691228
	8412  -  MemoryUsage of job (MB)
	8613176  -  ResidentSetSize of job (KB)
...
006 (111515045.184.000) 04/26 05:46:48 Image size of job updated: 9281884
	8989  -  MemoryUsage of job (MB)
	9203832  -  ResidentSetSize of job (KB)
...
006 (111515045.184.000) 04/26 05:51:48 Image size of job updated: 9960960
	9652  -  MemoryUsage of job (MB)
	9882908  -  ResidentSetSize of job (KB)
...
006 (111515045.184.000) 04/26 05:56:49 Image size of job updated: 10756860
	10429  -  MemoryUsage of job (MB)
	10678808  -  ResidentSetSize of job (KB)
...
006 (111515045.184.000) 04/26 06:01:49 Image size of job updated: 11593872
	11246  -  MemoryUsage of job (MB)
	11515820  -  ResidentSetSize of job (KB)
...
006 (111515045.184.000) 04/26 06:06:50 Image size of job updated: 12119316
	11760  -  MemoryUsage of job (MB)
	12041264  -  ResidentSetSize of job (KB)
...
006 (111515045.184.000) 04/26 06:11:50 Image size of job updated: 12605384
	12234  -  MemoryUsage of job (MB)
	12527332  -  ResidentSetSize of job (KB)
...
006 (111515045.184.000) 04/26 06:16:50 Image size of job updated: 13211156
	12826  -  MemoryUsage of job (MB)
	13133104  -  ResidentSetSize of job (KB)
...
006 (111515045.184.000) 04/26 06:21:51 Image size of job updated: 14010336
	13606  -  MemoryUsage of job (MB)
	13932284  -  ResidentSetSize of job (KB)
...
006 (111515045.184.000) 04/26 06:26:53 Image size of job updated: 14888240
	14464  -  MemoryUsage of job (MB)
	14810188  -  ResidentSetSize of job (KB)
...
006 (111515045.184.000) 04/26 06:31:53 Image size of job updated: 15533276
	15093  -  MemoryUsage of job (MB)
	15455224  -  ResidentSetSize of job (KB)
...
006 (111515045.184.000) 04/26 06:36:53 Image size of job updated: 16210480
	15755  -  MemoryUsage of job (MB)
	16132428  -  ResidentSetSize of job (KB)
...
006 (111515045.184.000) 04/26 06:41:54 Image size of job updated: 16998104
	16524  -  MemoryUsage of job (MB)
	16920052  -  ResidentSetSize of job (KB)
...
006 (111515045.184.000) 04/26 06:46:56 Image size of job updated: 17693696
	17203  -  MemoryUsage of job (MB)
	17615644  -  ResidentSetSize of job (KB)
...
006 (111515045.184.000) 04/26 06:51:55 Image size of job updated: 18388756
	17882  -  MemoryUsage of job (MB)
	18310616  -  ResidentSetSize of job (KB)
...
006 (111515045.184.000) 04/26 06:56:56 Image size of job updated: 19238952
	18709  -  MemoryUsage of job (MB)
	19157732  -  ResidentSetSize of job (KB)
...
006 (111515045.184.000) 04/26 07:01:56 Image size of job updated: 20134616
	19566  -  MemoryUsage of job (MB)
	20035328  -  ResidentSetSize of job (KB)
...
006 (111515045.184.000) 04/26 07:06:56 Image size of job updated: 20742624
	20129  -  MemoryUsage of job (MB)
	20611412  -  ResidentSetSize of job (KB)
...
006 (111515045.184.000) 04/26 07:11:57 Image size of job updated: 21406984
	20433  -  MemoryUsage of job (MB)
	20922404  -  ResidentSetSize of job (KB)
...
006 (111515045.184.000) 04/26 07:13:14 Image size of job updated: 21555668
	20433  -  MemoryUsage of job (MB)
	20922404  -  ResidentSetSize of job (KB)
...
005 (111515045.184.000) 04/26 07:13:17 Job terminated.
	(1) Normal termination (return value 0)
		Usr 0 01:52:58, Sys 0 00:02:39  -  Run Remote Usage
		Usr 0 00:00:00, Sys 0 00:00:00  -  Run Local Usage
		Usr 0 01:52:58, Sys 0 00:02:39  -  Total Remote Usage
		Usr 0 00:00:00, Sys 0 00:00:00  -  Total Local Usage
	19936644  -  Run Bytes Sent By Job
	1780295040  -  Run Bytes Received By Job
	19936644  -  Total Bytes Sent By Job
	1780295040  -  Total Bytes Received By Job
	Partitionable Resources :      Usage  Request Allocated 
	   Cpus                 :       1.07        1         1 
	   Disk (KB)            : 6849197    20971520  21201702 
	   Ioheavy              :                             0 
	   Memory (MB)          :   20433       20480     20480 
...
