000 (111515045.002.000) 04/25 20:23:08 Job submitted from host: <128.104.100.44:9618?addrs=128.104.100.44-9618+[2607-f388-107c-501-90e2-baff-fe2c-2724]-9618&noUDP&sock=4699_0235_3>
...
001 (111515045.002.000) 04/26 00:19:31 Job executing on host: <128.105.245.161:9618?addrs=128.105.245.161-9618&noUDP&sock=5440_f74b_3>
...
006 (111515045.002.000) 04/26 00:19:39 Image size of job updated: 624
	1  -  MemoryUsage of job (MB)
	624  -  ResidentSetSize of job (KB)
...
006 (111515045.002.000) 04/26 00:24:40 Image size of job updated: 281952
	200  -  MemoryUsage of job (MB)
	203960  -  ResidentSetSize of job (KB)
...
006 (111515045.002.000) 04/26 00:29:40 Image size of job updated: 725752
	633  -  MemoryUsage of job (MB)
	647752  -  ResidentSetSize of job (KB)
...
006 (111515045.002.000) 04/26 00:34:40 Image size of job updated: 1247844
	1143  -  MemoryUsage of job (MB)
	1169788  -  ResidentSetSize of job (KB)
...
006 (111515045.002.000) 04/26 00:39:40 Image size of job updated: 1810740
	1693  -  MemoryUsage of job (MB)
	1732684  -  ResidentSetSize of job (KB)
...
006 (111515045.002.000) 04/26 00:44:41 Image size of job updated: 2722596
	2583  -  MemoryUsage of job (MB)
	2644540  -  ResidentSetSize of job (KB)
...
006 (111515045.002.000) 04/26 00:49:41 Image size of job updated: 3861292
	3695  -  MemoryUsage of job (MB)
	3783236  -  ResidentSetSize of job (KB)
...
006 (111515045.002.000) 04/26 00:54:42 Image size of job updated: 4772048
	4584  -  MemoryUsage of job (MB)
	4693992  -  ResidentSetSize of job (KB)
...
006 (111515045.002.000) 04/26 00:59:42 Image size of job updated: 5800048
	5588  -  MemoryUsage of job (MB)
	5721992  -  ResidentSetSize of job (KB)
...
006 (111515045.002.000) 04/26 01:04:43 Image size of job updated: 6821780
	6586  -  MemoryUsage of job (MB)
	6743724  -  ResidentSetSize of job (KB)
...
006 (111515045.002.000) 04/26 01:09:44 Image size of job updated: 7720408
	7464  -  MemoryUsage of job (MB)
	7642352  -  ResidentSetSize of job (KB)
...
006 (111515045.002.000) 04/26 01:14:45 Image size of job updated: 8601296
	8324  -  MemoryUsage of job (MB)
	8523240  -  ResidentSetSize of job (KB)
...
006 (111515045.002.000) 04/26 01:19:45 Image size of job updated: 9378184
	9083  -  MemoryUsage of job (MB)
	9300128  -  ResidentSetSize of job (KB)
...
006 (111515045.002.000) 04/26 01:24:45 Image size of job updated: 10107856
	9795  -  MemoryUsage of job (MB)
	10029800  -  ResidentSetSize of job (KB)
...
006 (111515045.002.000) 04/26 01:29:46 Image size of job updated: 10833880
	10504  -  MemoryUsage of job (MB)
	10755824  -  ResidentSetSize of job (KB)
...
006 (111515045.002.000) 04/26 01:34:46 Image size of job updated: 11623180
	11275  -  MemoryUsage of job (MB)
	11545124  -  ResidentSetSize of job (KB)
...
006 (111515045.002.000) 04/26 01:39:46 Image size of job updated: 12395424
	12029  -  MemoryUsage of job (MB)
	12317368  -  ResidentSetSize of job (KB)
...
006 (111515045.002.000) 04/26 01:44:47 Image size of job updated: 13145232
	12761  -  MemoryUsage of job (MB)
	13067176  -  ResidentSetSize of job (KB)
...
006 (111515045.002.000) 04/26 01:49:48 Image size of job updated: 13930876
	13529  -  MemoryUsage of job (MB)
	13852820  -  ResidentSetSize of job (KB)
...
006 (111515045.002.000) 04/26 01:54:49 Image size of job updated: 14748468
	14327  -  MemoryUsage of job (MB)
	14670412  -  ResidentSetSize of job (KB)
...
006 (111515045.002.000) 04/26 01:59:49 Image size of job updated: 15513788
	15074  -  MemoryUsage of job (MB)
	15435200  -  ResidentSetSize of job (KB)
...
006 (111515045.002.000) 04/26 02:04:49 Image size of job updated: 16263128
	15800  -  MemoryUsage of job (MB)
	16178796  -  ResidentSetSize of job (KB)
...
006 (111515045.002.000) 04/26 02:09:49 Image size of job updated: 17061552
	16574  -  MemoryUsage of job (MB)
	16971072  -  ResidentSetSize of job (KB)
...
006 (111515045.002.000) 04/26 02:14:50 Image size of job updated: 17764608
	17251  -  MemoryUsage of job (MB)
	17664872  -  ResidentSetSize of job (KB)
...
006 (111515045.002.000) 04/26 02:19:51 Image size of job updated: 18605236
	18062  -  MemoryUsage of job (MB)
	18495312  -  ResidentSetSize of job (KB)
...
006 (111515045.002.000) 04/26 02:24:51 Image size of job updated: 19419976
	18853  -  MemoryUsage of job (MB)
	19305404  -  ResidentSetSize of job (KB)
...
006 (111515045.002.000) 04/26 02:29:52 Image size of job updated: 20261812
	19667  -  MemoryUsage of job (MB)
	20138736  -  ResidentSetSize of job (KB)
...
006 (111515045.002.000) 04/26 02:34:53 Image size of job updated: 20976672
	20342  -  MemoryUsage of job (MB)
	20829960  -  ResidentSetSize of job (KB)
...
006 (111515045.002.000) 04/26 02:39:53 Image size of job updated: 21701012
	20446  -  MemoryUsage of job (MB)
	20936592  -  ResidentSetSize of job (KB)
...
006 (111515045.002.000) 04/26 02:40:01 Image size of job updated: 21713108
	20447  -  MemoryUsage of job (MB)
	20937344  -  ResidentSetSize of job (KB)
...
005 (111515045.002.000) 04/26 02:40:02 Job terminated.
	(1) Normal termination (return value 0)
		Usr 0 02:08:58, Sys 0 00:01:56  -  Run Remote Usage
		Usr 0 00:00:00, Sys 0 00:00:00  -  Run Local Usage
		Usr 0 02:08:58, Sys 0 00:01:56  -  Total Remote Usage
		Usr 0 00:00:00, Sys 0 00:00:00  -  Total Local Usage
	20056006  -  Run Bytes Sent By Job
	1780295040  -  Run Bytes Received By Job
	20056006  -  Total Bytes Sent By Job
	1780295040  -  Total Bytes Received By Job
	Partitionable Resources :      Usage  Request Allocated 
	   Cpus                 :       0.98        1         1 
	   Disk (KB)            : 6849316    20971520  22316818 
	   Ioheavy              :                             0 
	   Memory (MB)          :   20447       20480     20480 
...
