000 (111515045.013.000) 04/25 20:23:08 Job submitted from host: <128.104.100.44:9618?addrs=128.104.100.44-9618+[2607-f388-107c-501-90e2-baff-fe2c-2724]-9618&noUDP&sock=4699_0235_3>
...
001 (111515045.013.000) 04/26 00:34:13 Job executing on host: <128.105.245.190:9618?addrs=128.105.245.190-9618&noUDP&sock=5445_6544_3>
...
006 (111515045.013.000) 04/26 00:34:21 Image size of job updated: 632
	1  -  MemoryUsage of job (MB)
	632  -  ResidentSetSize of job (KB)
...
006 (111515045.013.000) 04/26 00:39:22 Image size of job updated: 664
	1  -  MemoryUsage of job (MB)
	664  -  ResidentSetSize of job (KB)
...
006 (111515045.013.000) 04/26 00:44:23 Image size of job updated: 548484
	460  -  MemoryUsage of job (MB)
	470488  -  ResidentSetSize of job (KB)
...
006 (111515045.013.000) 04/26 00:49:24 Image size of job updated: 1035312
	935  -  MemoryUsage of job (MB)
	957260  -  ResidentSetSize of job (KB)
...
006 (111515045.013.000) 04/26 00:54:25 Image size of job updated: 1642428
	1528  -  MemoryUsage of job (MB)
	1564376  -  ResidentSetSize of job (KB)
...
006 (111515045.013.000) 04/26 00:59:25 Image size of job updated: 2434780
	2302  -  MemoryUsage of job (MB)
	2356728  -  ResidentSetSize of job (KB)
...
006 (111515045.013.000) 04/26 01:04:26 Image size of job updated: 3276928
	3124  -  MemoryUsage of job (MB)
	3198876  -  ResidentSetSize of job (KB)
...
006 (111515045.013.000) 04/26 01:09:27 Image size of job updated: 4221376
	4047  -  MemoryUsage of job (MB)
	4143324  -  ResidentSetSize of job (KB)
...
006 (111515045.013.000) 04/26 01:14:27 Image size of job updated: 5188972
	4992  -  MemoryUsage of job (MB)
	5110920  -  ResidentSetSize of job (KB)
...
006 (111515045.013.000) 04/26 01:19:28 Image size of job updated: 6154244
	5934  -  MemoryUsage of job (MB)
	6076192  -  ResidentSetSize of job (KB)
...
006 (111515045.013.000) 04/26 01:24:29 Image size of job updated: 6967012
	6728  -  MemoryUsage of job (MB)
	6888960  -  ResidentSetSize of job (KB)
...
006 (111515045.013.000) 04/26 01:29:29 Image size of job updated: 7866120
	7606  -  MemoryUsage of job (MB)
	7788068  -  ResidentSetSize of job (KB)
...
006 (111515045.013.000) 04/26 01:34:29 Image size of job updated: 8591772
	8315  -  MemoryUsage of job (MB)
	8513720  -  ResidentSetSize of job (KB)
...
006 (111515045.013.000) 04/26 01:39:30 Image size of job updated: 9285596
	8992  -  MemoryUsage of job (MB)
	9207544  -  ResidentSetSize of job (KB)
...
006 (111515045.013.000) 04/26 01:44:30 Image size of job updated: 9919768
	9612  -  MemoryUsage of job (MB)
	9841716  -  ResidentSetSize of job (KB)
...
006 (111515045.013.000) 04/26 01:49:32 Image size of job updated: 10534896
	10212  -  MemoryUsage of job (MB)
	10456844  -  ResidentSetSize of job (KB)
...
006 (111515045.013.000) 04/26 01:54:32 Image size of job updated: 11190612
	10853  -  MemoryUsage of job (MB)
	11112560  -  ResidentSetSize of job (KB)
...
006 (111515045.013.000) 04/26 01:59:32 Image size of job updated: 11689700
	11340  -  MemoryUsage of job (MB)
	11611648  -  ResidentSetSize of job (KB)
...
006 (111515045.013.000) 04/26 02:04:34 Image size of job updated: 12437532
	12070  -  MemoryUsage of job (MB)
	12359480  -  ResidentSetSize of job (KB)
...
006 (111515045.013.000) 04/26 02:09:33 Image size of job updated: 13152860
	12769  -  MemoryUsage of job (MB)
	13074808  -  ResidentSetSize of job (KB)
...
006 (111515045.013.000) 04/26 02:14:34 Image size of job updated: 13782296
	13384  -  MemoryUsage of job (MB)
	13704244  -  ResidentSetSize of job (KB)
...
006 (111515045.013.000) 04/26 02:19:34 Image size of job updated: 14400896
	13988  -  MemoryUsage of job (MB)
	14322844  -  ResidentSetSize of job (KB)
...
006 (111515045.013.000) 04/26 02:24:34 Image size of job updated: 15089996
	14661  -  MemoryUsage of job (MB)
	15011944  -  ResidentSetSize of job (KB)
...
006 (111515045.013.000) 04/26 02:29:35 Image size of job updated: 15766608
	15320  -  MemoryUsage of job (MB)
	15687472  -  ResidentSetSize of job (KB)
...
006 (111515045.013.000) 04/26 02:34:36 Image size of job updated: 16372000
	15910  -  MemoryUsage of job (MB)
	16291760  -  ResidentSetSize of job (KB)
...
006 (111515045.013.000) 04/26 02:39:37 Image size of job updated: 17067760
	16586  -  MemoryUsage of job (MB)
	16983328  -  ResidentSetSize of job (KB)
...
006 (111515045.013.000) 04/26 02:44:37 Image size of job updated: 17650672
	17149  -  MemoryUsage of job (MB)
	17560204  -  ResidentSetSize of job (KB)
...
006 (111515045.013.000) 04/26 02:49:37 Image size of job updated: 18291588
	17770  -  MemoryUsage of job (MB)
	18196100  -  ResidentSetSize of job (KB)
...
006 (111515045.013.000) 04/26 02:54:37 Image size of job updated: 19022136
	18472  -  MemoryUsage of job (MB)
	18914992  -  ResidentSetSize of job (KB)
...
006 (111515045.013.000) 04/26 02:59:39 Image size of job updated: 19797764
	19219  -  MemoryUsage of job (MB)
	19680052  -  ResidentSetSize of job (KB)
...
006 (111515045.013.000) 04/26 03:04:39 Image size of job updated: 20272496
	19676  -  MemoryUsage of job (MB)
	20147440  -  ResidentSetSize of job (KB)
...
006 (111515045.013.000) 04/26 03:09:39 Image size of job updated: 20792996
	20151  -  MemoryUsage of job (MB)
	20634472  -  ResidentSetSize of job (KB)
...
006 (111515045.013.000) 04/26 03:14:40 Image size of job updated: 21250708
	20424  -  MemoryUsage of job (MB)
	20913688  -  ResidentSetSize of job (KB)
...
006 (111515045.013.000) 04/26 03:19:24 Image size of job updated: 21650116
	20424  -  MemoryUsage of job (MB)
	20913688  -  ResidentSetSize of job (KB)
...
005 (111515045.013.000) 04/26 03:19:26 Job terminated.
	(1) Normal termination (return value 0)
		Usr 0 02:14:47, Sys 0 00:02:31  -  Run Remote Usage
		Usr 0 00:00:00, Sys 0 00:00:00  -  Run Local Usage
		Usr 0 02:14:47, Sys 0 00:02:31  -  Total Remote Usage
		Usr 0 00:00:00, Sys 0 00:00:00  -  Total Local Usage
	19952136  -  Run Bytes Sent By Job
	1780295040  -  Run Bytes Received By Job
	19952136  -  Total Bytes Sent By Job
	1780295040  -  Total Bytes Received By Job
	Partitionable Resources :      Usage  Request Allocated 
	   Cpus                 :       0.81        1         1 
	   Disk (KB)            : 6849214    20971520  22565930 
	   Ioheavy              :                             0 
	   Memory (MB)          :   20424       20480     20480 
...
