000 (111472057.194.000) 04/24 11:52:17 Job submitted from host: <128.104.100.44:9618?addrs=128.104.100.44-9618+[2607-f388-107c-501-90e2-baff-fe2c-2724]-9618&noUDP&sock=4699_0235_3>
...
001 (111472057.194.000) 04/24 19:25:45 Job executing on host: <128.105.245.232:9618?addrs=128.105.245.232-9618&noUDP&sock=5406_a513_30>
...
006 (111472057.194.000) 04/24 19:25:53 Image size of job updated: 644
	1  -  MemoryUsage of job (MB)
	644  -  ResidentSetSize of job (KB)
...
006 (111472057.194.000) 04/24 19:30:54 Image size of job updated: 668
	1  -  MemoryUsage of job (MB)
	668  -  ResidentSetSize of job (KB)
...
006 (111472057.194.000) 04/24 19:35:55 Image size of job updated: 400164
	315  -  MemoryUsage of job (MB)
	322168  -  ResidentSetSize of job (KB)
...
006 (111472057.194.000) 04/24 19:40:55 Image size of job updated: 912668
	816  -  MemoryUsage of job (MB)
	834616  -  ResidentSetSize of job (KB)
...
006 (111472057.194.000) 04/24 19:45:56 Image size of job updated: 1496436
	1386  -  MemoryUsage of job (MB)
	1418384  -  ResidentSetSize of job (KB)
...
006 (111472057.194.000) 04/24 19:50:56 Image size of job updated: 2200120
	2073  -  MemoryUsage of job (MB)
	2122068  -  ResidentSetSize of job (KB)
...
006 (111472057.194.000) 04/24 19:55:56 Image size of job updated: 2837768
	2696  -  MemoryUsage of job (MB)
	2759716  -  ResidentSetSize of job (KB)
...
006 (111472057.194.000) 04/24 20:00:57 Image size of job updated: 3899960
	3733  -  MemoryUsage of job (MB)
	3821908  -  ResidentSetSize of job (KB)
...
006 (111472057.194.000) 04/24 20:05:58 Image size of job updated: 4640892
	4456  -  MemoryUsage of job (MB)
	4562840  -  ResidentSetSize of job (KB)
...
006 (111472057.194.000) 04/24 20:10:58 Image size of job updated: 5528536
	5323  -  MemoryUsage of job (MB)
	5450484  -  ResidentSetSize of job (KB)
...
006 (111472057.194.000) 04/24 20:15:58 Image size of job updated: 6383432
	6158  -  MemoryUsage of job (MB)
	6305380  -  ResidentSetSize of job (KB)
...
006 (111472057.194.000) 04/24 20:20:59 Image size of job updated: 7526324
	7274  -  MemoryUsage of job (MB)
	7448272  -  ResidentSetSize of job (KB)
...
006 (111472057.194.000) 04/24 20:26:00 Image size of job updated: 8402124
	8129  -  MemoryUsage of job (MB)
	8324072  -  ResidentSetSize of job (KB)
...
006 (111472057.194.000) 04/24 20:31:00 Image size of job updated: 9296452
	9003  -  MemoryUsage of job (MB)
	9218400  -  ResidentSetSize of job (KB)
...
006 (111472057.194.000) 04/24 20:36:01 Image size of job updated: 9996740
	9687  -  MemoryUsage of job (MB)
	9918688  -  ResidentSetSize of job (KB)
...
006 (111472057.194.000) 04/24 20:41:02 Image size of job updated: 10674900
	10349  -  MemoryUsage of job (MB)
	10596848  -  ResidentSetSize of job (KB)
...
006 (111472057.194.000) 04/24 20:46:02 Image size of job updated: 11378824
	11036  -  MemoryUsage of job (MB)
	11300772  -  ResidentSetSize of job (KB)
...
006 (111472057.194.000) 04/24 20:51:02 Image size of job updated: 12024108
	11667  -  MemoryUsage of job (MB)
	11946056  -  ResidentSetSize of job (KB)
...
006 (111472057.194.000) 04/24 20:56:02 Image size of job updated: 12797016
	12421  -  MemoryUsage of job (MB)
	12718964  -  ResidentSetSize of job (KB)
...
006 (111472057.194.000) 04/24 21:01:03 Image size of job updated: 13398028
	13008  -  MemoryUsage of job (MB)
	13319976  -  ResidentSetSize of job (KB)
...
006 (111472057.194.000) 04/24 21:06:04 Image size of job updated: 13951592
	13549  -  MemoryUsage of job (MB)
	13873540  -  ResidentSetSize of job (KB)
...
006 (111472057.194.000) 04/24 21:11:05 Image size of job updated: 14551220
	14134  -  MemoryUsage of job (MB)
	14473168  -  ResidentSetSize of job (KB)
...
006 (111472057.194.000) 04/24 21:16:05 Image size of job updated: 15381844
	14946  -  MemoryUsage of job (MB)
	15303792  -  ResidentSetSize of job (KB)
...
006 (111472057.194.000) 04/24 21:21:06 Image size of job updated: 16155280
	15701  -  MemoryUsage of job (MB)
	16077228  -  ResidentSetSize of job (KB)
...
006 (111472057.194.000) 04/24 21:26:06 Image size of job updated: 17011076
	16536  -  MemoryUsage of job (MB)
	16932144  -  ResidentSetSize of job (KB)
...
006 (111472057.194.000) 04/24 21:31:06 Image size of job updated: 17641004
	17149  -  MemoryUsage of job (MB)
	17559648  -  ResidentSetSize of job (KB)
...
006 (111472057.194.000) 04/24 21:36:06 Image size of job updated: 18403888
	17884  -  MemoryUsage of job (MB)
	18312852  -  ResidentSetSize of job (KB)
...
006 (111472057.194.000) 04/24 21:41:07 Image size of job updated: 19084552
	18536  -  MemoryUsage of job (MB)
	18980592  -  ResidentSetSize of job (KB)
...
006 (111472057.194.000) 04/24 21:46:07 Image size of job updated: 19735304
	19157  -  MemoryUsage of job (MB)
	19616284  -  ResidentSetSize of job (KB)
...
006 (111472057.194.000) 04/24 21:51:08 Image size of job updated: 20363088
	19730  -  MemoryUsage of job (MB)
	20203412  -  ResidentSetSize of job (KB)
...
006 (111472057.194.000) 04/24 21:56:09 Image size of job updated: 21100520
	20316  -  MemoryUsage of job (MB)
	20802564  -  ResidentSetSize of job (KB)
...
006 (111472057.194.000) 04/24 22:01:09 Image size of job updated: 21512220
	20411  -  MemoryUsage of job (MB)
	20899980  -  ResidentSetSize of job (KB)
...
006 (111472057.194.000) 04/24 22:01:33 Image size of job updated: 21512220
	20411  -  MemoryUsage of job (MB)
	20900620  -  ResidentSetSize of job (KB)
...
005 (111472057.194.000) 04/24 22:01:35 Job terminated.
	(1) Normal termination (return value 0)
		Usr 0 02:00:19, Sys 0 00:02:03  -  Run Remote Usage
		Usr 0 00:00:00, Sys 0 00:00:00  -  Run Local Usage
		Usr 0 02:00:19, Sys 0 00:02:03  -  Total Remote Usage
		Usr 0 00:00:00, Sys 0 00:00:00  -  Total Local Usage
	19823484  -  Run Bytes Sent By Job
	1780295040  -  Run Bytes Received By Job
	19823484  -  Total Bytes Sent By Job
	1780295040  -  Total Bytes Received By Job
	Partitionable Resources :      Usage  Request Allocated 
	   Cpus                 :       0.48        1         1 
	   Disk (KB)            : 6849088    20971520  21412591 
	   Ioheavy              :                             0 
	   Memory (MB)          :   20411       20480     20480 
...
