000 (111515045.144.000) 04/25 20:23:08 Job submitted from host: <128.104.100.44:9618?addrs=128.104.100.44-9618+[2607-f388-107c-501-90e2-baff-fe2c-2724]-9618&noUDP&sock=4699_0235_3>
...
001 (111515045.144.000) 04/26 02:51:20 Job executing on host: <128.105.245.226:9618?addrs=128.105.245.226-9618&noUDP&sock=5426_5cf8_3>
...
006 (111515045.144.000) 04/26 02:51:28 Image size of job updated: 624
	1  -  MemoryUsage of job (MB)
	624  -  ResidentSetSize of job (KB)
...
006 (111515045.144.000) 04/26 02:56:29 Image size of job updated: 656
	1  -  MemoryUsage of job (MB)
	656  -  ResidentSetSize of job (KB)
...
006 (111515045.144.000) 04/26 03:01:31 Image size of job updated: 452936
	367  -  MemoryUsage of job (MB)
	374940  -  ResidentSetSize of job (KB)
...
006 (111515045.144.000) 04/26 03:06:31 Image size of job updated: 825104
	730  -  MemoryUsage of job (MB)
	747052  -  ResidentSetSize of job (KB)
...
006 (111515045.144.000) 04/26 03:11:32 Image size of job updated: 1242924
	1138  -  MemoryUsage of job (MB)
	1164872  -  ResidentSetSize of job (KB)
...
006 (111515045.144.000) 04/26 03:16:33 Image size of job updated: 1869828
	1750  -  MemoryUsage of job (MB)
	1791776  -  ResidentSetSize of job (KB)
...
006 (111515045.144.000) 04/26 03:21:34 Image size of job updated: 2583780
	2447  -  MemoryUsage of job (MB)
	2505728  -  ResidentSetSize of job (KB)
...
006 (111515045.144.000) 04/26 03:26:34 Image size of job updated: 3477508
	3320  -  MemoryUsage of job (MB)
	3399456  -  ResidentSetSize of job (KB)
...
006 (111515045.144.000) 04/26 03:31:34 Image size of job updated: 4377940
	4200  -  MemoryUsage of job (MB)
	4299888  -  ResidentSetSize of job (KB)
...
006 (111515045.144.000) 04/26 03:36:35 Image size of job updated: 5288360
	5089  -  MemoryUsage of job (MB)
	5210308  -  ResidentSetSize of job (KB)
...
006 (111515045.144.000) 04/26 03:41:35 Image size of job updated: 6122912
	5904  -  MemoryUsage of job (MB)
	6044860  -  ResidentSetSize of job (KB)
...
006 (111515045.144.000) 04/26 03:46:36 Image size of job updated: 6976500
	6737  -  MemoryUsage of job (MB)
	6898448  -  ResidentSetSize of job (KB)
...
006 (111515045.144.000) 04/26 03:51:36 Image size of job updated: 7759900
	7502  -  MemoryUsage of job (MB)
	7681848  -  ResidentSetSize of job (KB)
...
006 (111515045.144.000) 04/26 03:56:36 Image size of job updated: 8583088
	8306  -  MemoryUsage of job (MB)
	8505036  -  ResidentSetSize of job (KB)
...
006 (111515045.144.000) 04/26 04:01:37 Image size of job updated: 9307532
	9014  -  MemoryUsage of job (MB)
	9229480  -  ResidentSetSize of job (KB)
...
006 (111515045.144.000) 04/26 04:06:38 Image size of job updated: 10024036
	9713  -  MemoryUsage of job (MB)
	9945984  -  ResidentSetSize of job (KB)
...
006 (111515045.144.000) 04/26 04:11:38 Image size of job updated: 10774908
	10447  -  MemoryUsage of job (MB)
	10696856  -  ResidentSetSize of job (KB)
...
006 (111515045.144.000) 04/26 04:16:38 Image size of job updated: 11511448
	11166  -  MemoryUsage of job (MB)
	11433396  -  ResidentSetSize of job (KB)
...
006 (111515045.144.000) 04/26 04:21:39 Image size of job updated: 12224088
	11862  -  MemoryUsage of job (MB)
	12146036  -  ResidentSetSize of job (KB)
...
006 (111515045.144.000) 04/26 04:26:39 Image size of job updated: 12997948
	12618  -  MemoryUsage of job (MB)
	12919896  -  ResidentSetSize of job (KB)
...
006 (111515045.144.000) 04/26 04:31:40 Image size of job updated: 13705212
	13308  -  MemoryUsage of job (MB)
	13627160  -  ResidentSetSize of job (KB)
...
006 (111515045.144.000) 04/26 04:36:40 Image size of job updated: 14376204
	13964  -  MemoryUsage of job (MB)
	14298152  -  ResidentSetSize of job (KB)
...
006 (111515045.144.000) 04/26 04:41:41 Image size of job updated: 15143540
	14713  -  MemoryUsage of job (MB)
	15065488  -  ResidentSetSize of job (KB)
...
006 (111515045.144.000) 04/26 04:46:41 Image size of job updated: 15966580
	15517  -  MemoryUsage of job (MB)
	15888528  -  ResidentSetSize of job (KB)
...
006 (111515045.144.000) 04/26 04:51:42 Image size of job updated: 16615928
	16151  -  MemoryUsage of job (MB)
	16537876  -  ResidentSetSize of job (KB)
...
006 (111515045.144.000) 04/26 04:56:43 Image size of job updated: 17474488
	16989  -  MemoryUsage of job (MB)
	17396436  -  ResidentSetSize of job (KB)
...
006 (111515045.144.000) 04/26 05:01:43 Image size of job updated: 18343452
	17836  -  MemoryUsage of job (MB)
	18264032  -  ResidentSetSize of job (KB)
...
006 (111515045.144.000) 04/26 05:06:43 Image size of job updated: 19195056
	18665  -  MemoryUsage of job (MB)
	19112452  -  ResidentSetSize of job (KB)
...
006 (111515045.144.000) 04/26 05:11:45 Image size of job updated: 19989448
	19430  -  MemoryUsage of job (MB)
	19896268  -  ResidentSetSize of job (KB)
...
006 (111515045.144.000) 04/26 05:16:45 Image size of job updated: 20851664
	20222  -  MemoryUsage of job (MB)
	20706472  -  ResidentSetSize of job (KB)
...
006 (111515045.144.000) 04/26 05:21:45 Image size of job updated: 21532476
	20439  -  MemoryUsage of job (MB)
	20929016  -  ResidentSetSize of job (KB)
...
005 (111515045.144.000) 04/26 05:22:57 Job terminated.
	(1) Normal termination (return value 0)
		Usr 0 02:14:49, Sys 0 00:02:10  -  Run Remote Usage
		Usr 0 00:00:00, Sys 0 00:00:00  -  Run Local Usage
		Usr 0 02:14:49, Sys 0 00:02:10  -  Total Remote Usage
		Usr 0 00:00:00, Sys 0 00:00:00  -  Total Local Usage
	20017960  -  Run Bytes Sent By Job
	1780295040  -  Run Bytes Received By Job
	20017960  -  Total Bytes Sent By Job
	1780295040  -  Total Bytes Received By Job
	Partitionable Resources :      Usage  Request Allocated 
	   Cpus                 :       0.97        1         1 
	   Disk (KB)            : 6849278    20971520  23663664 
	   Ioheavy              :                             0 
	   Memory (MB)          :   20439       20480     20480 
...
