000 (111472057.035.000) 04/24 11:52:17 Job submitted from host: <128.104.100.44:9618?addrs=128.104.100.44-9618+[2607-f388-107c-501-90e2-baff-fe2c-2724]-9618&noUDP&sock=4699_0235_3>
...
001 (111472057.035.000) 04/24 14:27:38 Job executing on host: <128.105.245.168:9618?addrs=128.105.245.168-9618&noUDP&sock=5474_4983_3>
...
006 (111472057.035.000) 04/24 14:27:48 Image size of job updated: 620
	1  -  MemoryUsage of job (MB)
	620  -  ResidentSetSize of job (KB)
...
006 (111472057.035.000) 04/24 14:32:48 Image size of job updated: 628
	1  -  MemoryUsage of job (MB)
	628  -  ResidentSetSize of job (KB)
...
006 (111472057.035.000) 04/24 14:52:52 Image size of job updated: 632
	1  -  MemoryUsage of job (MB)
	632  -  ResidentSetSize of job (KB)
...
006 (111472057.035.000) 04/24 14:57:54 Image size of job updated: 652
	1  -  MemoryUsage of job (MB)
	652  -  ResidentSetSize of job (KB)
...
006 (111472057.035.000) 04/24 15:17:56 Image size of job updated: 656
	1  -  MemoryUsage of job (MB)
	656  -  ResidentSetSize of job (KB)
...
006 (111472057.035.000) 04/24 15:22:56 Image size of job updated: 660
	1  -  MemoryUsage of job (MB)
	660  -  ResidentSetSize of job (KB)
...
006 (111472057.035.000) 04/24 15:27:56 Image size of job updated: 668
	1  -  MemoryUsage of job (MB)
	668  -  ResidentSetSize of job (KB)
...
006 (111472057.035.000) 04/24 15:32:56 Image size of job updated: 449172
	363  -  MemoryUsage of job (MB)
	371176  -  ResidentSetSize of job (KB)
...
006 (111472057.035.000) 04/24 15:37:57 Image size of job updated: 865328
	769  -  MemoryUsage of job (MB)
	787276  -  ResidentSetSize of job (KB)
...
006 (111472057.035.000) 04/24 15:42:58 Image size of job updated: 1294164
	1188  -  MemoryUsage of job (MB)
	1216112  -  ResidentSetSize of job (KB)
...
006 (111472057.035.000) 04/24 15:47:59 Image size of job updated: 1715676
	1600  -  MemoryUsage of job (MB)
	1637624  -  ResidentSetSize of job (KB)
...
006 (111472057.035.000) 04/24 15:52:59 Image size of job updated: 2130428
	2005  -  MemoryUsage of job (MB)
	2052376  -  ResidentSetSize of job (KB)
...
006 (111472057.035.000) 04/24 15:58:00 Image size of job updated: 2621268
	2484  -  MemoryUsage of job (MB)
	2543216  -  ResidentSetSize of job (KB)
...
006 (111472057.035.000) 04/24 16:03:00 Image size of job updated: 2983176
	2838  -  MemoryUsage of job (MB)
	2905124  -  ResidentSetSize of job (KB)
...
006 (111472057.035.000) 04/24 16:08:00 Image size of job updated: 3397160
	3242  -  MemoryUsage of job (MB)
	3319108  -  ResidentSetSize of job (KB)
...
006 (111472057.035.000) 04/24 16:13:01 Image size of job updated: 4175716
	4002  -  MemoryUsage of job (MB)
	4097664  -  ResidentSetSize of job (KB)
...
006 (111472057.035.000) 04/24 16:18:02 Image size of job updated: 5007688
	4815  -  MemoryUsage of job (MB)
	4929636  -  ResidentSetSize of job (KB)
...
006 (111472057.035.000) 04/24 16:23:03 Image size of job updated: 6187812
	5967  -  MemoryUsage of job (MB)
	6109760  -  ResidentSetSize of job (KB)
...
006 (111472057.035.000) 04/24 16:28:03 Image size of job updated: 6991320
	6752  -  MemoryUsage of job (MB)
	6913268  -  ResidentSetSize of job (KB)
...
006 (111472057.035.000) 04/24 16:33:03 Image size of job updated: 7659596
	7404  -  MemoryUsage of job (MB)
	7581544  -  ResidentSetSize of job (KB)
...
006 (111472057.035.000) 04/24 16:38:05 Image size of job updated: 8050928
	7787  -  MemoryUsage of job (MB)
	7972876  -  ResidentSetSize of job (KB)
...
006 (111472057.035.000) 04/24 16:43:05 Image size of job updated: 8998804
	8712  -  MemoryUsage of job (MB)
	8920752  -  ResidentSetSize of job (KB)
...
006 (111472057.035.000) 04/24 16:48:05 Image size of job updated: 9738428
	9434  -  MemoryUsage of job (MB)
	9660376  -  ResidentSetSize of job (KB)
...
006 (111472057.035.000) 04/24 16:53:05 Image size of job updated: 10473544
	10152  -  MemoryUsage of job (MB)
	10395492  -  ResidentSetSize of job (KB)
...
006 (111472057.035.000) 04/24 16:58:06 Image size of job updated: 11177036
	10839  -  MemoryUsage of job (MB)
	11098984  -  ResidentSetSize of job (KB)
...
006 (111472057.035.000) 04/24 17:03:07 Image size of job updated: 11859816
	11506  -  MemoryUsage of job (MB)
	11781764  -  ResidentSetSize of job (KB)
...
006 (111472057.035.000) 04/24 17:08:07 Image size of job updated: 12569908
	12200  -  MemoryUsage of job (MB)
	12491856  -  ResidentSetSize of job (KB)
...
006 (111472057.035.000) 04/24 17:13:07 Image size of job updated: 13430368
	13040  -  MemoryUsage of job (MB)
	13352316  -  ResidentSetSize of job (KB)
...
006 (111472057.035.000) 04/24 17:18:08 Image size of job updated: 14208360
	13800  -  MemoryUsage of job (MB)
	14130308  -  ResidentSetSize of job (KB)
...
006 (111472057.035.000) 04/24 17:23:09 Image size of job updated: 14953144
	14527  -  MemoryUsage of job (MB)
	14875092  -  ResidentSetSize of job (KB)
...
006 (111472057.035.000) 04/24 17:28:09 Image size of job updated: 15588644
	15146  -  MemoryUsage of job (MB)
	15509404  -  ResidentSetSize of job (KB)
...
006 (111472057.035.000) 04/24 17:33:09 Image size of job updated: 16144384
	15687  -  MemoryUsage of job (MB)
	16063276  -  ResidentSetSize of job (KB)
...
006 (111472057.035.000) 04/24 17:38:10 Image size of job updated: 16696256
	16225  -  MemoryUsage of job (MB)
	16613500  -  ResidentSetSize of job (KB)
...
006 (111472057.035.000) 04/24 17:43:10 Image size of job updated: 17386704
	16897  -  MemoryUsage of job (MB)
	17302308  -  ResidentSetSize of job (KB)
...
006 (111472057.035.000) 04/24 17:48:10 Image size of job updated: 17955932
	17452  -  MemoryUsage of job (MB)
	17869892  -  ResidentSetSize of job (KB)
...
006 (111472057.035.000) 04/24 17:53:11 Image size of job updated: 18552284
	18031  -  MemoryUsage of job (MB)
	18463368  -  ResidentSetSize of job (KB)
...
006 (111472057.035.000) 04/24 17:58:13 Image size of job updated: 19180340
	18640  -  MemoryUsage of job (MB)
	19087204  -  ResidentSetSize of job (KB)
...
006 (111472057.035.000) 04/24 18:03:13 Image size of job updated: 19846676
	19278  -  MemoryUsage of job (MB)
	19740036  -  ResidentSetSize of job (KB)
...
006 (111472057.035.000) 04/24 18:08:13 Image size of job updated: 20597104
	19968  -  MemoryUsage of job (MB)
	20446960  -  ResidentSetSize of job (KB)
...
006 (111472057.035.000) 04/24 18:13:14 Image size of job updated: 21225448
	20428  -  MemoryUsage of job (MB)
	20918076  -  ResidentSetSize of job (KB)
...
006 (111472057.035.000) 04/24 18:17:25 Image size of job updated: 21578188
	20429  -  MemoryUsage of job (MB)
	20918304  -  ResidentSetSize of job (KB)
...
005 (111472057.035.000) 04/24 18:17:27 Job terminated.
	(1) Normal termination (return value 0)
		Usr 0 01:54:11, Sys 0 00:02:21  -  Run Remote Usage
		Usr 0 00:00:00, Sys 0 00:00:00  -  Run Local Usage
		Usr 0 01:54:11, Sys 0 00:02:21  -  Total Remote Usage
		Usr 0 00:00:00, Sys 0 00:00:00  -  Total Local Usage
	19854424  -  Run Bytes Sent By Job
	1780295040  -  Run Bytes Received By Job
	19854424  -  Total Bytes Sent By Job
	1780295040  -  Total Bytes Received By Job
	Partitionable Resources :      Usage  Request Allocated 
	   Cpus                 :       0.41        1         1 
	   Disk (KB)            : 6849117    20971520  21246171 
	   Ioheavy              :                             0 
	   Memory (MB)          :   20429       20480     20480 
...
