000 (111515045.129.000) 04/25 20:23:08 Job submitted from host: <128.104.100.44:9618?addrs=128.104.100.44-9618+[2607-f388-107c-501-90e2-baff-fe2c-2724]-9618&noUDP&sock=4699_0235_3>
...
001 (111515045.129.000) 04/26 02:32:38 Job executing on host: <128.105.245.235:9618?addrs=128.105.245.235-9618&noUDP&sock=5440_f74b_3>
...
006 (111515045.129.000) 04/26 02:32:46 Image size of job updated: 624
	1  -  MemoryUsage of job (MB)
	624  -  ResidentSetSize of job (KB)
...
006 (111515045.129.000) 04/26 02:37:47 Image size of job updated: 294220
	212  -  MemoryUsage of job (MB)
	216224  -  ResidentSetSize of job (KB)
...
006 (111515045.129.000) 04/26 02:42:48 Image size of job updated: 724384
	632  -  MemoryUsage of job (MB)
	646388  -  ResidentSetSize of job (KB)
...
006 (111515045.129.000) 04/26 02:47:48 Image size of job updated: 1203316
	1099  -  MemoryUsage of job (MB)
	1125264  -  ResidentSetSize of job (KB)
...
006 (111515045.129.000) 04/26 02:52:48 Image size of job updated: 1877104
	1757  -  MemoryUsage of job (MB)
	1799052  -  ResidentSetSize of job (KB)
...
006 (111515045.129.000) 04/26 02:57:49 Image size of job updated: 2782696
	2642  -  MemoryUsage of job (MB)
	2704644  -  ResidentSetSize of job (KB)
...
006 (111515045.129.000) 04/26 03:02:50 Image size of job updated: 3870180
	3704  -  MemoryUsage of job (MB)
	3792128  -  ResidentSetSize of job (KB)
...
006 (111515045.129.000) 04/26 03:07:51 Image size of job updated: 4832792
	4644  -  MemoryUsage of job (MB)
	4754740  -  ResidentSetSize of job (KB)
...
006 (111515045.129.000) 04/26 03:12:52 Image size of job updated: 5794328
	5583  -  MemoryUsage of job (MB)
	5716276  -  ResidentSetSize of job (KB)
...
006 (111515045.129.000) 04/26 03:17:53 Image size of job updated: 6843876
	6608  -  MemoryUsage of job (MB)
	6765824  -  ResidentSetSize of job (KB)
...
006 (111515045.129.000) 04/26 03:22:53 Image size of job updated: 7541976
	7289  -  MemoryUsage of job (MB)
	7463924  -  ResidentSetSize of job (KB)
...
006 (111515045.129.000) 04/26 03:27:53 Image size of job updated: 8578188
	8301  -  MemoryUsage of job (MB)
	8500136  -  ResidentSetSize of job (KB)
...
006 (111515045.129.000) 04/26 03:32:54 Image size of job updated: 9273488
	8980  -  MemoryUsage of job (MB)
	9195436  -  ResidentSetSize of job (KB)
...
006 (111515045.129.000) 04/26 03:37:55 Image size of job updated: 9959092
	9650  -  MemoryUsage of job (MB)
	9881040  -  ResidentSetSize of job (KB)
...
006 (111515045.129.000) 04/26 03:42:55 Image size of job updated: 10638044
	10313  -  MemoryUsage of job (MB)
	10559992  -  ResidentSetSize of job (KB)
...
006 (111515045.129.000) 04/26 03:47:56 Image size of job updated: 11282496
	10942  -  MemoryUsage of job (MB)
	11204444  -  ResidentSetSize of job (KB)
...
006 (111515045.129.000) 04/26 03:52:56 Image size of job updated: 11997776
	11641  -  MemoryUsage of job (MB)
	11919724  -  ResidentSetSize of job (KB)
...
006 (111515045.129.000) 04/26 03:57:56 Image size of job updated: 12896032
	12518  -  MemoryUsage of job (MB)
	12817980  -  ResidentSetSize of job (KB)
...
006 (111515045.129.000) 04/26 04:02:56 Image size of job updated: 13684228
	13288  -  MemoryUsage of job (MB)
	13606176  -  ResidentSetSize of job (KB)
...
006 (111515045.129.000) 04/26 04:07:57 Image size of job updated: 14419424
	14006  -  MemoryUsage of job (MB)
	14341372  -  ResidentSetSize of job (KB)
...
006 (111515045.129.000) 04/26 04:12:58 Image size of job updated: 15273456
	14840  -  MemoryUsage of job (MB)
	15195404  -  ResidentSetSize of job (KB)
...
006 (111515045.129.000) 04/26 04:17:59 Image size of job updated: 16058856
	15606  -  MemoryUsage of job (MB)
	15980496  -  ResidentSetSize of job (KB)
...
006 (111515045.129.000) 04/26 04:22:59 Image size of job updated: 16875464
	16400  -  MemoryUsage of job (MB)
	16793600  -  ResidentSetSize of job (KB)
...
006 (111515045.129.000) 04/26 04:27:59 Image size of job updated: 17727236
	17230  -  MemoryUsage of job (MB)
	17642860  -  ResidentSetSize of job (KB)
...
006 (111515045.129.000) 04/26 04:32:59 Image size of job updated: 18606556
	18088  -  MemoryUsage of job (MB)
	18521140  -  ResidentSetSize of job (KB)
...
006 (111515045.129.000) 04/26 04:38:00 Image size of job updated: 19503904
	18956  -  MemoryUsage of job (MB)
	19410584  -  ResidentSetSize of job (KB)
...
006 (111515045.129.000) 04/26 04:43:00 Image size of job updated: 20245724
	19653  -  MemoryUsage of job (MB)
	20124456  -  ResidentSetSize of job (KB)
...
006 (111515045.129.000) 04/26 04:48:01 Image size of job updated: 21079376
	20341  -  MemoryUsage of job (MB)
	20828428  -  ResidentSetSize of job (KB)
...
005 (111515045.129.000) 04/26 04:52:54 Job terminated.
	(1) Normal termination (return value 0)
		Usr 0 02:07:35, Sys 0 00:04:15  -  Run Remote Usage
		Usr 0 00:00:00, Sys 0 00:00:00  -  Run Local Usage
		Usr 0 02:07:35, Sys 0 00:04:15  -  Total Remote Usage
		Usr 0 00:00:00, Sys 0 00:00:00  -  Total Local Usage
	19798638  -  Run Bytes Sent By Job
	1780295040  -  Run Bytes Received By Job
	19798638  -  Total Bytes Sent By Job
	1780295040  -  Total Bytes Received By Job
	Partitionable Resources :      Usage  Request Allocated 
	   Cpus                 :       0.69        1         1 
	   Disk (KB)            : 6849063    20971520  21479159 
	   Ioheavy              :                             0 
	   Memory (MB)          :   20341       20480     20480 
...
