000 (111367039.071.000) 04/22 22:37:22 Job submitted from host: <128.104.100.44:9618?addrs=128.104.100.44-9618+[2607-f388-107c-501-90e2-baff-fe2c-2724]-9618&noUDP&sock=1497440_afb9_3>
...
001 (111367039.071.000) 04/22 22:58:54 Job executing on host: <128.105.245.160:9618?addrs=128.105.245.160-9618&noUDP&sock=5483_75de_3>
...
006 (111367039.071.000) 04/22 22:59:03 Image size of job updated: 616
	1  -  MemoryUsage of job (MB)
	616  -  ResidentSetSize of job (KB)
...
006 (111367039.071.000) 04/22 23:04:03 Image size of job updated: 624
	1  -  MemoryUsage of job (MB)
	624  -  ResidentSetSize of job (KB)
...
006 (111367039.071.000) 04/22 23:14:09 Image size of job updated: 628
	1  -  MemoryUsage of job (MB)
	628  -  ResidentSetSize of job (KB)
...
006 (111367039.071.000) 04/22 23:19:05 Image size of job updated: 648
	1  -  MemoryUsage of job (MB)
	648  -  ResidentSetSize of job (KB)
...
006 (111367039.071.000) 04/22 23:24:13 Image size of job updated: 652
	1  -  MemoryUsage of job (MB)
	652  -  ResidentSetSize of job (KB)
...
006 (111367039.071.000) 04/22 23:29:06 Image size of job updated: 326844
	244  -  MemoryUsage of job (MB)
	248844  -  ResidentSetSize of job (KB)
...
006 (111367039.071.000) 04/22 23:34:06 Image size of job updated: 844608
	749  -  MemoryUsage of job (MB)
	766552  -  ResidentSetSize of job (KB)
...
006 (111367039.071.000) 04/22 23:39:07 Image size of job updated: 1482940
	1372  -  MemoryUsage of job (MB)
	1404884  -  ResidentSetSize of job (KB)
...
006 (111367039.071.000) 04/22 23:44:07 Image size of job updated: 2329292
	2199  -  MemoryUsage of job (MB)
	2251236  -  ResidentSetSize of job (KB)
...
006 (111367039.071.000) 04/22 23:49:08 Image size of job updated: 3208036
	3057  -  MemoryUsage of job (MB)
	3129980  -  ResidentSetSize of job (KB)
...
006 (111367039.071.000) 04/22 23:54:08 Image size of job updated: 4212196
	4038  -  MemoryUsage of job (MB)
	4134140  -  ResidentSetSize of job (KB)
...
006 (111367039.071.000) 04/22 23:59:09 Image size of job updated: 5164940
	4968  -  MemoryUsage of job (MB)
	5086884  -  ResidentSetSize of job (KB)
...
006 (111367039.071.000) 04/23 00:04:10 Image size of job updated: 6146996
	5927  -  MemoryUsage of job (MB)
	6068940  -  ResidentSetSize of job (KB)
...
006 (111367039.071.000) 04/23 00:09:11 Image size of job updated: 7052376
	6811  -  MemoryUsage of job (MB)
	6974320  -  ResidentSetSize of job (KB)
...
006 (111367039.071.000) 04/23 00:14:11 Image size of job updated: 7734648
	7478  -  MemoryUsage of job (MB)
	7656592  -  ResidentSetSize of job (KB)
...
006 (111367039.071.000) 04/23 00:19:11 Image size of job updated: 8044956
	7781  -  MemoryUsage of job (MB)
	7966900  -  ResidentSetSize of job (KB)
...
006 (111367039.071.000) 04/23 00:24:11 Image size of job updated: 8466868
	8193  -  MemoryUsage of job (MB)
	8388812  -  ResidentSetSize of job (KB)
...
006 (111367039.071.000) 04/23 00:29:12 Image size of job updated: 8948852
	8663  -  MemoryUsage of job (MB)
	8870796  -  ResidentSetSize of job (KB)
...
006 (111367039.071.000) 04/23 00:34:12 Image size of job updated: 9780052
	9475  -  MemoryUsage of job (MB)
	9701996  -  ResidentSetSize of job (KB)
...
006 (111367039.071.000) 04/23 00:39:13 Image size of job updated: 10755424
	10428  -  MemoryUsage of job (MB)
	10677368  -  ResidentSetSize of job (KB)
...
006 (111367039.071.000) 04/23 00:44:14 Image size of job updated: 11804620
	11452  -  MemoryUsage of job (MB)
	11726564  -  ResidentSetSize of job (KB)
...
006 (111367039.071.000) 04/23 00:49:13 Image size of job updated: 12789008
	12414  -  MemoryUsage of job (MB)
	12710952  -  ResidentSetSize of job (KB)
...
006 (111367039.071.000) 04/23 00:54:14 Image size of job updated: 13789620
	13391  -  MemoryUsage of job (MB)
	13711564  -  ResidentSetSize of job (KB)
...
006 (111367039.071.000) 04/23 00:59:15 Image size of job updated: 14788980
	14367  -  MemoryUsage of job (MB)
	14710924  -  ResidentSetSize of job (KB)
...
006 (111367039.071.000) 04/23 01:04:16 Image size of job updated: 15659096
	15216  -  MemoryUsage of job (MB)
	15581040  -  ResidentSetSize of job (KB)
...
006 (111367039.071.000) 04/23 01:09:17 Image size of job updated: 16758736
	16290  -  MemoryUsage of job (MB)
	16680680  -  ResidentSetSize of job (KB)
...
006 (111367039.071.000) 04/23 01:14:20 Image size of job updated: 17705296
	17214  -  MemoryUsage of job (MB)
	17626796  -  ResidentSetSize of job (KB)
...
006 (111367039.071.000) 04/23 01:19:17 Image size of job updated: 18594628
	18081  -  MemoryUsage of job (MB)
	18513928  -  ResidentSetSize of job (KB)
...
006 (111367039.071.000) 04/23 01:24:17 Image size of job updated: 19480260
	18944  -  MemoryUsage of job (MB)
	19397748  -  ResidentSetSize of job (KB)
...
006 (111367039.071.000) 04/23 01:29:18 Image size of job updated: 20115932
	19550  -  MemoryUsage of job (MB)
	20018492  -  ResidentSetSize of job (KB)
...
006 (111367039.071.000) 04/23 01:34:18 Image size of job updated: 20521464
	19905  -  MemoryUsage of job (MB)
	20382300  -  ResidentSetSize of job (KB)
...
006 (111367039.071.000) 04/23 01:39:19 Image size of job updated: 20876912
	20182  -  MemoryUsage of job (MB)
	20665708  -  ResidentSetSize of job (KB)
...
006 (111367039.071.000) 04/23 01:40:43 Image size of job updated: 20876912
	20182  -  MemoryUsage of job (MB)
	20666280  -  ResidentSetSize of job (KB)
...
005 (111367039.071.000) 04/23 01:40:46 Job terminated.
	(1) Normal termination (return value 0)
		Usr 0 01:42:04, Sys 0 00:01:45  -  Run Remote Usage
		Usr 0 00:00:00, Sys 0 00:00:00  -  Run Local Usage
		Usr 0 01:42:04, Sys 0 00:01:45  -  Total Remote Usage
		Usr 0 00:00:00, Sys 0 00:00:00  -  Total Local Usage
	20437324  -  Run Bytes Sent By Job
	1780294656  -  Run Bytes Received By Job
	20437324  -  Total Bytes Sent By Job
	1780294656  -  Total Bytes Received By Job
	Partitionable Resources :      Usage  Request Allocated 
	   Cpus                 :       0.03        1         1 
	   Disk (KB)            : 6849685    20971520  21381107 
	   Ioheavy              :                             0 
	   Memory (MB)          :   20182       20480     20480 
...
