000 (111515045.186.000) 04/25 20:23:08 Job submitted from host: <128.104.100.44:9618?addrs=128.104.100.44-9618+[2607-f388-107c-501-90e2-baff-fe2c-2724]-9618&noUDP&sock=4699_0235_3>
...
001 (111515045.186.000) 04/26 03:23:47 Job executing on host: <128.105.245.218:9618?addrs=128.105.245.218-9618&noUDP&sock=5426_e5ec_3>
...
006 (111515045.186.000) 04/26 03:23:56 Image size of job updated: 624
	1  -  MemoryUsage of job (MB)
	624  -  ResidentSetSize of job (KB)
...
006 (111515045.186.000) 04/26 03:28:58 Image size of job updated: 652
	1  -  MemoryUsage of job (MB)
	652  -  ResidentSetSize of job (KB)
...
006 (111515045.186.000) 04/26 03:33:59 Image size of job updated: 348532
	265  -  MemoryUsage of job (MB)
	270536  -  ResidentSetSize of job (KB)
...
006 (111515045.186.000) 04/26 03:38:59 Image size of job updated: 788804
	695  -  MemoryUsage of job (MB)
	710752  -  ResidentSetSize of job (KB)
...
006 (111515045.186.000) 04/26 03:43:59 Image size of job updated: 1309684
	1203  -  MemoryUsage of job (MB)
	1231632  -  ResidentSetSize of job (KB)
...
006 (111515045.186.000) 04/26 03:49:00 Image size of job updated: 1917376
	1797  -  MemoryUsage of job (MB)
	1839324  -  ResidentSetSize of job (KB)
...
006 (111515045.186.000) 04/26 03:54:00 Image size of job updated: 2725932
	2586  -  MemoryUsage of job (MB)
	2647880  -  ResidentSetSize of job (KB)
...
006 (111515045.186.000) 04/26 03:59:00 Image size of job updated: 3753680
	3590  -  MemoryUsage of job (MB)
	3675628  -  ResidentSetSize of job (KB)
...
006 (111515045.186.000) 04/26 04:04:00 Image size of job updated: 4635884
	4452  -  MemoryUsage of job (MB)
	4557832  -  ResidentSetSize of job (KB)
...
006 (111515045.186.000) 04/26 04:09:01 Image size of job updated: 5487156
	5283  -  MemoryUsage of job (MB)
	5409104  -  ResidentSetSize of job (KB)
...
006 (111515045.186.000) 04/26 04:14:01 Image size of job updated: 6380480
	6155  -  MemoryUsage of job (MB)
	6302428  -  ResidentSetSize of job (KB)
...
006 (111515045.186.000) 04/26 04:19:01 Image size of job updated: 7330560
	7083  -  MemoryUsage of job (MB)
	7252508  -  ResidentSetSize of job (KB)
...
006 (111515045.186.000) 04/26 04:24:02 Image size of job updated: 8238308
	7969  -  MemoryUsage of job (MB)
	8160256  -  ResidentSetSize of job (KB)
...
006 (111515045.186.000) 04/26 04:29:03 Image size of job updated: 9112536
	8823  -  MemoryUsage of job (MB)
	9034484  -  ResidentSetSize of job (KB)
...
006 (111515045.186.000) 04/26 04:34:04 Image size of job updated: 9853548
	9547  -  MemoryUsage of job (MB)
	9775496  -  ResidentSetSize of job (KB)
...
006 (111515045.186.000) 04/26 04:39:04 Image size of job updated: 10630604
	10306  -  MemoryUsage of job (MB)
	10552552  -  ResidentSetSize of job (KB)
...
006 (111515045.186.000) 04/26 04:44:04 Image size of job updated: 11253728
	10914  -  MemoryUsage of job (MB)
	11175676  -  ResidentSetSize of job (KB)
...
006 (111515045.186.000) 04/26 04:49:05 Image size of job updated: 11956036
	11600  -  MemoryUsage of job (MB)
	11877984  -  ResidentSetSize of job (KB)
...
006 (111515045.186.000) 04/26 04:54:06 Image size of job updated: 12740972
	12367  -  MemoryUsage of job (MB)
	12662920  -  ResidentSetSize of job (KB)
...
006 (111515045.186.000) 04/26 04:59:07 Image size of job updated: 13482172
	13090  -  MemoryUsage of job (MB)
	13404120  -  ResidentSetSize of job (KB)
...
006 (111515045.186.000) 04/26 05:04:07 Image size of job updated: 14320552
	13909  -  MemoryUsage of job (MB)
	14242500  -  ResidentSetSize of job (KB)
...
006 (111515045.186.000) 04/26 05:09:07 Image size of job updated: 15132584
	14702  -  MemoryUsage of job (MB)
	15054532  -  ResidentSetSize of job (KB)
...
006 (111515045.186.000) 04/26 05:14:09 Image size of job updated: 15895576
	15447  -  MemoryUsage of job (MB)
	15817524  -  ResidentSetSize of job (KB)
...
006 (111515045.186.000) 04/26 05:19:09 Image size of job updated: 16529448
	16066  -  MemoryUsage of job (MB)
	16450860  -  ResidentSetSize of job (KB)
...
006 (111515045.186.000) 04/26 05:24:09 Image size of job updated: 17482856
	16995  -  MemoryUsage of job (MB)
	17402612  -  ResidentSetSize of job (KB)
...
006 (111515045.186.000) 04/26 05:29:10 Image size of job updated: 18280644
	17770  -  MemoryUsage of job (MB)
	18196000  -  ResidentSetSize of job (KB)
...
006 (111515045.186.000) 04/26 05:34:10 Image size of job updated: 19158468
	18616  -  MemoryUsage of job (MB)
	19062088  -  ResidentSetSize of job (KB)
...
006 (111515045.186.000) 04/26 05:39:10 Image size of job updated: 20031316
	19456  -  MemoryUsage of job (MB)
	19922480  -  ResidentSetSize of job (KB)
...
006 (111515045.186.000) 04/26 05:44:10 Image size of job updated: 20757024
	20124  -  MemoryUsage of job (MB)
	20606532  -  ResidentSetSize of job (KB)
...
006 (111515045.186.000) 04/26 05:49:11 Image size of job updated: 21339892
	20426  -  MemoryUsage of job (MB)
	20915972  -  ResidentSetSize of job (KB)
...
006 (111515045.186.000) 04/26 05:51:42 Image size of job updated: 21339892
	20427  -  MemoryUsage of job (MB)
	20916316  -  ResidentSetSize of job (KB)
...
005 (111515045.186.000) 04/26 05:51:44 Job terminated.
	(1) Normal termination (return value 0)
		Usr 0 02:07:44, Sys 0 00:02:04  -  Run Remote Usage
		Usr 0 00:00:00, Sys 0 00:00:00  -  Run Local Usage
		Usr 0 02:07:44, Sys 0 00:02:04  -  Total Remote Usage
		Usr 0 00:00:00, Sys 0 00:00:00  -  Total Local Usage
	19985964  -  Run Bytes Sent By Job
	1780295040  -  Run Bytes Received By Job
	19985964  -  Total Bytes Sent By Job
	1780295040  -  Total Bytes Received By Job
	Partitionable Resources :      Usage  Request Allocated 
	   Cpus                 :       0.62        1         1 
	   Disk (KB)            : 6849247    20971520  21232342 
	   Ioheavy              :                             0 
	   Memory (MB)          :   20427       20480     20480 
...
