000 (111472057.125.000) 04/24 11:52:17 Job submitted from host: <128.104.100.44:9618?addrs=128.104.100.44-9618+[2607-f388-107c-501-90e2-baff-fe2c-2724]-9618&noUDP&sock=4699_0235_3>
...
001 (111472057.125.000) 04/24 18:59:37 Job executing on host: <128.105.245.194:9618?addrs=128.105.245.194-9618&noUDP&sock=5465_1d29_3>
...
006 (111472057.125.000) 04/24 18:59:46 Image size of job updated: 624
	1  -  MemoryUsage of job (MB)
	624  -  ResidentSetSize of job (KB)
...
006 (111472057.125.000) 04/24 19:04:47 Image size of job updated: 648
	1  -  MemoryUsage of job (MB)
	648  -  ResidentSetSize of job (KB)
...
006 (111472057.125.000) 04/24 19:09:48 Image size of job updated: 433836
	348  -  MemoryUsage of job (MB)
	355840  -  ResidentSetSize of job (KB)
...
006 (111472057.125.000) 04/24 19:14:49 Image size of job updated: 1140348
	1038  -  MemoryUsage of job (MB)
	1062296  -  ResidentSetSize of job (KB)
...
006 (111472057.125.000) 04/24 19:19:50 Image size of job updated: 2207780
	2080  -  MemoryUsage of job (MB)
	2129728  -  ResidentSetSize of job (KB)
...
006 (111472057.125.000) 04/24 19:24:50 Image size of job updated: 3504512
	3347  -  MemoryUsage of job (MB)
	3426460  -  ResidentSetSize of job (KB)
...
006 (111472057.125.000) 04/24 19:29:50 Image size of job updated: 4976696
	4784  -  MemoryUsage of job (MB)
	4898644  -  ResidentSetSize of job (KB)
...
006 (111472057.125.000) 04/24 19:34:51 Image size of job updated: 6419048
	6193  -  MemoryUsage of job (MB)
	6340996  -  ResidentSetSize of job (KB)
...
006 (111472057.125.000) 04/24 19:39:51 Image size of job updated: 7895528
	7635  -  MemoryUsage of job (MB)
	7817476  -  ResidentSetSize of job (KB)
...
006 (111472057.125.000) 04/24 19:44:51 Image size of job updated: 9161428
	8871  -  MemoryUsage of job (MB)
	9083376  -  ResidentSetSize of job (KB)
...
006 (111472057.125.000) 04/24 19:49:52 Image size of job updated: 10313600
	9996  -  MemoryUsage of job (MB)
	10235548  -  ResidentSetSize of job (KB)
...
006 (111472057.125.000) 04/24 19:54:52 Image size of job updated: 11581416
	11234  -  MemoryUsage of job (MB)
	11503364  -  ResidentSetSize of job (KB)
...
006 (111472057.125.000) 04/24 19:59:52 Image size of job updated: 12744816
	12370  -  MemoryUsage of job (MB)
	12666764  -  ResidentSetSize of job (KB)
...
006 (111472057.125.000) 04/24 20:04:52 Image size of job updated: 13757780
	13360  -  MemoryUsage of job (MB)
	13679728  -  ResidentSetSize of job (KB)
...
006 (111472057.125.000) 04/24 20:09:53 Image size of job updated: 14839864
	14416  -  MemoryUsage of job (MB)
	14761812  -  ResidentSetSize of job (KB)
...
006 (111472057.125.000) 04/24 20:14:53 Image size of job updated: 15976504
	15526  -  MemoryUsage of job (MB)
	15898452  -  ResidentSetSize of job (KB)
...
006 (111472057.125.000) 04/24 20:19:53 Image size of job updated: 17063352
	16586  -  MemoryUsage of job (MB)
	16983460  -  ResidentSetSize of job (KB)
...
006 (111472057.125.000) 04/24 20:24:53 Image size of job updated: 18243980
	17736  -  MemoryUsage of job (MB)
	18161104  -  ResidentSetSize of job (KB)
...
006 (111472057.125.000) 04/24 20:29:53 Image size of job updated: 19290556
	18754  -  MemoryUsage of job (MB)
	19203436  -  ResidentSetSize of job (KB)
...
006 (111472057.125.000) 04/24 20:34:53 Image size of job updated: 20481596
	19866  -  MemoryUsage of job (MB)
	20342188  -  ResidentSetSize of job (KB)
...
006 (111472057.125.000) 04/24 20:39:53 Image size of job updated: 21430472
	20450  -  MemoryUsage of job (MB)
	20940588  -  ResidentSetSize of job (KB)
...
006 (111472057.125.000) 04/24 20:42:17 Image size of job updated: 21667648
	20451  -  MemoryUsage of job (MB)
	20940872  -  ResidentSetSize of job (KB)
...
005 (111472057.125.000) 04/24 20:42:18 Job terminated.
	(1) Normal termination (return value 0)
		Usr 0 01:29:17, Sys 0 00:01:36  -  Run Remote Usage
		Usr 0 00:00:00, Sys 0 00:00:00  -  Run Local Usage
		Usr 0 01:29:17, Sys 0 00:01:36  -  Total Remote Usage
		Usr 0 00:00:00, Sys 0 00:00:00  -  Total Local Usage
	19886480  -  Run Bytes Sent By Job
	1780295040  -  Run Bytes Received By Job
	19886480  -  Total Bytes Sent By Job
	1780295040  -  Total Bytes Received By Job
	Partitionable Resources :      Usage  Request Allocated 
	   Cpus                 :       0.74        1         1 
	   Disk (KB)            : 6849150    20971520  21194196 
	   Ioheavy              :                             0 
	   Memory (MB)          :   20451       20480     20480 
...
