000 (111515045.114.000) 04/25 20:23:08 Job submitted from host: <128.104.100.44:9618?addrs=128.104.100.44-9618+[2607-f388-107c-501-90e2-baff-fe2c-2724]-9618&noUDP&sock=4699_0235_3>
...
001 (111515045.114.000) 04/26 02:19:23 Job executing on host: <128.105.245.160:9618?addrs=128.105.245.160-9618&noUDP&sock=5483_75de_3>
...
006 (111515045.114.000) 04/26 02:19:32 Image size of job updated: 632
	1  -  MemoryUsage of job (MB)
	632  -  ResidentSetSize of job (KB)
...
006 (111515045.114.000) 04/26 02:24:33 Image size of job updated: 664
	1  -  MemoryUsage of job (MB)
	664  -  ResidentSetSize of job (KB)
...
006 (111515045.114.000) 04/26 02:29:34 Image size of job updated: 526516
	439  -  MemoryUsage of job (MB)
	448520  -  ResidentSetSize of job (KB)
...
006 (111515045.114.000) 04/26 02:34:35 Image size of job updated: 967640
	869  -  MemoryUsage of job (MB)
	889588  -  ResidentSetSize of job (KB)
...
006 (111515045.114.000) 04/26 02:39:37 Image size of job updated: 1539072
	1427  -  MemoryUsage of job (MB)
	1461020  -  ResidentSetSize of job (KB)
...
006 (111515045.114.000) 04/26 02:44:37 Image size of job updated: 2202604
	2075  -  MemoryUsage of job (MB)
	2124552  -  ResidentSetSize of job (KB)
...
006 (111515045.114.000) 04/26 02:49:37 Image size of job updated: 3029520
	2883  -  MemoryUsage of job (MB)
	2951468  -  ResidentSetSize of job (KB)
...
006 (111515045.114.000) 04/26 02:54:38 Image size of job updated: 3992832
	3824  -  MemoryUsage of job (MB)
	3914780  -  ResidentSetSize of job (KB)
...
006 (111515045.114.000) 04/26 02:59:38 Image size of job updated: 4928724
	4737  -  MemoryUsage of job (MB)
	4850672  -  ResidentSetSize of job (KB)
...
006 (111515045.114.000) 04/26 03:04:38 Image size of job updated: 5821020
	5609  -  MemoryUsage of job (MB)
	5742968  -  ResidentSetSize of job (KB)
...
006 (111515045.114.000) 04/26 03:09:39 Image size of job updated: 6726752
	6493  -  MemoryUsage of job (MB)
	6648700  -  ResidentSetSize of job (KB)
...
006 (111515045.114.000) 04/26 03:14:40 Image size of job updated: 7554044
	7301  -  MemoryUsage of job (MB)
	7475992  -  ResidentSetSize of job (KB)
...
006 (111515045.114.000) 04/26 03:19:40 Image size of job updated: 8433664
	8160  -  MemoryUsage of job (MB)
	8355612  -  ResidentSetSize of job (KB)
...
006 (111515045.114.000) 04/26 03:24:40 Image size of job updated: 9267216
	8974  -  MemoryUsage of job (MB)
	9189164  -  ResidentSetSize of job (KB)
...
006 (111515045.114.000) 04/26 03:29:41 Image size of job updated: 10002548
	9692  -  MemoryUsage of job (MB)
	9924496  -  ResidentSetSize of job (KB)
...
006 (111515045.114.000) 04/26 03:34:42 Image size of job updated: 10789860
	10461  -  MemoryUsage of job (MB)
	10711808  -  ResidentSetSize of job (KB)
...
006 (111515045.114.000) 04/26 03:39:42 Image size of job updated: 11531320
	11185  -  MemoryUsage of job (MB)
	11453268  -  ResidentSetSize of job (KB)
...
006 (111515045.114.000) 04/26 03:44:42 Image size of job updated: 12255708
	11893  -  MemoryUsage of job (MB)
	12177656  -  ResidentSetSize of job (KB)
...
006 (111515045.114.000) 04/26 03:49:43 Image size of job updated: 12993508
	12613  -  MemoryUsage of job (MB)
	12915456  -  ResidentSetSize of job (KB)
...
006 (111515045.114.000) 04/26 03:54:43 Image size of job updated: 13714036
	13317  -  MemoryUsage of job (MB)
	13635984  -  ResidentSetSize of job (KB)
...
006 (111515045.114.000) 04/26 03:59:45 Image size of job updated: 14413968
	14000  -  MemoryUsage of job (MB)
	14335916  -  ResidentSetSize of job (KB)
...
006 (111515045.114.000) 04/26 04:04:45 Image size of job updated: 15258176
	14825  -  MemoryUsage of job (MB)
	15180124  -  ResidentSetSize of job (KB)
...
006 (111515045.114.000) 04/26 04:09:45 Image size of job updated: 15999972
	15549  -  MemoryUsage of job (MB)
	15921920  -  ResidentSetSize of job (KB)
...
006 (111515045.114.000) 04/26 04:14:46 Image size of job updated: 16667496
	16201  -  MemoryUsage of job (MB)
	16589444  -  ResidentSetSize of job (KB)
...
006 (111515045.114.000) 04/26 04:19:46 Image size of job updated: 17474924
	16989  -  MemoryUsage of job (MB)
	17396516  -  ResidentSetSize of job (KB)
...
006 (111515045.114.000) 04/26 04:24:47 Image size of job updated: 18312144
	17805  -  MemoryUsage of job (MB)
	18232304  -  ResidentSetSize of job (KB)
...
006 (111515045.114.000) 04/26 04:29:47 Image size of job updated: 19055128
	18527  -  MemoryUsage of job (MB)
	18971432  -  ResidentSetSize of job (KB)
...
006 (111515045.114.000) 04/26 04:34:48 Image size of job updated: 19953984
	19392  -  MemoryUsage of job (MB)
	19856988  -  ResidentSetSize of job (KB)
...
006 (111515045.114.000) 04/26 04:39:48 Image size of job updated: 20692892
	20027  -  MemoryUsage of job (MB)
	20507300  -  ResidentSetSize of job (KB)
...
006 (111515045.114.000) 04/26 04:44:48 Image size of job updated: 21486204
	20455  -  MemoryUsage of job (MB)
	20945540  -  ResidentSetSize of job (KB)
...
006 (111515045.114.000) 04/26 04:46:42 Image size of job updated: 21699640
	20455  -  MemoryUsage of job (MB)
	20945568  -  ResidentSetSize of job (KB)
...
005 (111515045.114.000) 04/26 04:46:43 Job terminated.
	(1) Normal termination (return value 0)
		Usr 0 02:16:25, Sys 0 00:02:29  -  Run Remote Usage
		Usr 0 00:00:00, Sys 0 00:00:00  -  Run Local Usage
		Usr 0 02:16:25, Sys 0 00:02:29  -  Total Remote Usage
		Usr 0 00:00:00, Sys 0 00:00:00  -  Total Local Usage
	20085028  -  Run Bytes Sent By Job
	1780295040  -  Run Bytes Received By Job
	20085028  -  Total Bytes Sent By Job
	1780295040  -  Total Bytes Received By Job
	Partitionable Resources :      Usage  Request Allocated 
	   Cpus                 :       1.00        1         1 
	   Disk (KB)            : 6849343    20971520  21766807 
	   Ioheavy              :                             0 
	   Memory (MB)          :   20455       20480     20480 
...
