000 (111515045.044.000) 04/25 20:23:08 Job submitted from host: <128.104.100.44:9618?addrs=128.104.100.44-9618+[2607-f388-107c-501-90e2-baff-fe2c-2724]-9618&noUDP&sock=4699_0235_3>
...
001 (111515045.044.000) 04/26 01:04:13 Job executing on host: <128.105.245.181:9618?addrs=128.105.245.181-9618&noUDP&sock=5448_740d_3>
...
006 (111515045.044.000) 04/26 01:04:21 Image size of job updated: 636
	1  -  MemoryUsage of job (MB)
	636  -  ResidentSetSize of job (KB)
...
006 (111515045.044.000) 04/26 01:09:22 Image size of job updated: 664
	1  -  MemoryUsage of job (MB)
	664  -  ResidentSetSize of job (KB)
...
006 (111515045.044.000) 04/26 01:14:23 Image size of job updated: 481608
	395  -  MemoryUsage of job (MB)
	403612  -  ResidentSetSize of job (KB)
...
006 (111515045.044.000) 04/26 01:19:25 Image size of job updated: 945296
	847  -  MemoryUsage of job (MB)
	867244  -  ResidentSetSize of job (KB)
...
006 (111515045.044.000) 04/26 01:24:25 Image size of job updated: 1534244
	1423  -  MemoryUsage of job (MB)
	1456192  -  ResidentSetSize of job (KB)
...
006 (111515045.044.000) 04/26 01:29:25 Image size of job updated: 2309900
	2180  -  MemoryUsage of job (MB)
	2231848  -  ResidentSetSize of job (KB)
...
006 (111515045.044.000) 04/26 01:34:26 Image size of job updated: 3204520
	3054  -  MemoryUsage of job (MB)
	3126468  -  ResidentSetSize of job (KB)
...
006 (111515045.044.000) 04/26 01:39:27 Image size of job updated: 4205184
	4031  -  MemoryUsage of job (MB)
	4127132  -  ResidentSetSize of job (KB)
...
006 (111515045.044.000) 04/26 01:44:27 Image size of job updated: 5138732
	4943  -  MemoryUsage of job (MB)
	5060680  -  ResidentSetSize of job (KB)
...
006 (111515045.044.000) 04/26 01:49:28 Image size of job updated: 6079084
	5861  -  MemoryUsage of job (MB)
	6001032  -  ResidentSetSize of job (KB)
...
006 (111515045.044.000) 04/26 01:54:28 Image size of job updated: 6912652
	6675  -  MemoryUsage of job (MB)
	6834600  -  ResidentSetSize of job (KB)
...
006 (111515045.044.000) 04/26 01:59:28 Image size of job updated: 7763884
	7506  -  MemoryUsage of job (MB)
	7685832  -  ResidentSetSize of job (KB)
...
006 (111515045.044.000) 04/26 02:04:28 Image size of job updated: 8649708
	8371  -  MemoryUsage of job (MB)
	8571656  -  ResidentSetSize of job (KB)
...
006 (111515045.044.000) 04/26 02:09:29 Image size of job updated: 9413584
	9117  -  MemoryUsage of job (MB)
	9335532  -  ResidentSetSize of job (KB)
...
006 (111515045.044.000) 04/26 02:14:30 Image size of job updated: 10162268
	9848  -  MemoryUsage of job (MB)
	10084216  -  ResidentSetSize of job (KB)
...
006 (111515045.044.000) 04/26 02:19:30 Image size of job updated: 10914724
	10583  -  MemoryUsage of job (MB)
	10836672  -  ResidentSetSize of job (KB)
...
006 (111515045.044.000) 04/26 02:24:30 Image size of job updated: 11690260
	11341  -  MemoryUsage of job (MB)
	11612208  -  ResidentSetSize of job (KB)
...
006 (111515045.044.000) 04/26 02:29:30 Image size of job updated: 12555472
	12185  -  MemoryUsage of job (MB)
	12477420  -  ResidentSetSize of job (KB)
...
006 (111515045.044.000) 04/26 02:34:31 Image size of job updated: 13235848
	12850  -  MemoryUsage of job (MB)
	13157796  -  ResidentSetSize of job (KB)
...
006 (111515045.044.000) 04/26 02:39:31 Image size of job updated: 14065452
	13466  -  MemoryUsage of job (MB)
	13788568  -  ResidentSetSize of job (KB)
...
006 (111515045.044.000) 04/26 02:44:32 Image size of job updated: 14812012
	14172  -  MemoryUsage of job (MB)
	14512052  -  ResidentSetSize of job (KB)
...
006 (111515045.044.000) 04/26 02:49:33 Image size of job updated: 15547540
	14798  -  MemoryUsage of job (MB)
	15152276  -  ResidentSetSize of job (KB)
...
006 (111515045.044.000) 04/26 02:54:33 Image size of job updated: 16346500
	15578  -  MemoryUsage of job (MB)
	15951264  -  ResidentSetSize of job (KB)
...
006 (111515045.044.000) 04/26 02:59:33 Image size of job updated: 17375716
	16580  -  MemoryUsage of job (MB)
	16977204  -  ResidentSetSize of job (KB)
...
006 (111515045.044.000) 04/26 03:04:34 Image size of job updated: 18395168
	17564  -  MemoryUsage of job (MB)
	17985252  -  ResidentSetSize of job (KB)
...
006 (111515045.044.000) 04/26 03:09:35 Image size of job updated: 19375692
	18517  -  MemoryUsage of job (MB)
	18960752  -  ResidentSetSize of job (KB)
...
006 (111515045.044.000) 04/26 03:14:35 Image size of job updated: 20269872
	19374  -  MemoryUsage of job (MB)
	19838588  -  ResidentSetSize of job (KB)
...
006 (111515045.044.000) 04/26 03:19:35 Image size of job updated: 21217772
	20280  -  MemoryUsage of job (MB)
	20766340  -  ResidentSetSize of job (KB)
...
006 (111515045.044.000) 04/26 03:22:47 Image size of job updated: 21217772
	20282  -  MemoryUsage of job (MB)
	20767804  -  ResidentSetSize of job (KB)
...
005 (111515045.044.000) 04/26 03:22:50 Job terminated.
	(1) Normal termination (return value 0)
		Usr 0 02:03:04, Sys 0 00:02:45  -  Run Remote Usage
		Usr 0 00:00:00, Sys 0 00:00:00  -  Run Local Usage
		Usr 0 02:03:04, Sys 0 00:02:45  -  Total Remote Usage
		Usr 0 00:00:00, Sys 0 00:00:00  -  Total Local Usage
	19922344  -  Run Bytes Sent By Job
	1780295040  -  Run Bytes Received By Job
	19922344  -  Total Bytes Sent By Job
	1780295040  -  Total Bytes Received By Job
	Partitionable Resources :      Usage  Request Allocated 
	   Cpus                 :       0.91        1         1 
	   Disk (KB)            : 6849185    20971520  22056977 
	   Ioheavy              :                             0 
	   Memory (MB)          :   20282       20480     20480 
...
