000 (111367039.132.000) 04/22 22:37:22 Job submitted from host: <128.104.100.44:9618?addrs=128.104.100.44-9618+[2607-f388-107c-501-90e2-baff-fe2c-2724]-9618&noUDP&sock=1497440_afb9_3>
...
001 (111367039.132.000) 04/23 01:32:32 Job executing on host: <128.105.245.211:9618?addrs=128.105.245.211-9618&noUDP&sock=5414_21d5_3>
...
006 (111367039.132.000) 04/23 01:32:41 Image size of job updated: 620
	1  -  MemoryUsage of job (MB)
	620  -  ResidentSetSize of job (KB)
...
006 (111367039.132.000) 04/23 01:37:43 Image size of job updated: 644
	1  -  MemoryUsage of job (MB)
	644  -  ResidentSetSize of job (KB)
...
006 (111367039.132.000) 04/23 01:42:43 Image size of job updated: 448188
	362  -  MemoryUsage of job (MB)
	370192  -  ResidentSetSize of job (KB)
...
006 (111367039.132.000) 04/23 01:47:44 Image size of job updated: 934128
	837  -  MemoryUsage of job (MB)
	856076  -  ResidentSetSize of job (KB)
...
006 (111367039.132.000) 04/23 01:52:45 Image size of job updated: 1530112
	1419  -  MemoryUsage of job (MB)
	1452060  -  ResidentSetSize of job (KB)
...
006 (111367039.132.000) 04/23 01:57:46 Image size of job updated: 2263276
	2135  -  MemoryUsage of job (MB)
	2185224  -  ResidentSetSize of job (KB)
...
006 (111367039.132.000) 04/23 02:02:47 Image size of job updated: 3152104
	3003  -  MemoryUsage of job (MB)
	3074052  -  ResidentSetSize of job (KB)
...
006 (111367039.132.000) 04/23 02:07:48 Image size of job updated: 4193248
	4019  -  MemoryUsage of job (MB)
	4115196  -  ResidentSetSize of job (KB)
...
006 (111367039.132.000) 04/23 02:12:49 Image size of job updated: 5152044
	4956  -  MemoryUsage of job (MB)
	5073992  -  ResidentSetSize of job (KB)
...
006 (111367039.132.000) 04/23 02:17:49 Image size of job updated: 6161160
	5941  -  MemoryUsage of job (MB)
	6083108  -  ResidentSetSize of job (KB)
...
006 (111367039.132.000) 04/23 02:22:49 Image size of job updated: 7084320
	6843  -  MemoryUsage of job (MB)
	7006268  -  ResidentSetSize of job (KB)
...
006 (111367039.132.000) 04/23 02:27:50 Image size of job updated: 7981424
	7719  -  MemoryUsage of job (MB)
	7903372  -  ResidentSetSize of job (KB)
...
006 (111367039.132.000) 04/23 02:32:52 Image size of job updated: 8786804
	8505  -  MemoryUsage of job (MB)
	8708752  -  ResidentSetSize of job (KB)
...
006 (111367039.132.000) 04/23 02:37:52 Image size of job updated: 9481456
	9184  -  MemoryUsage of job (MB)
	9403404  -  ResidentSetSize of job (KB)
...
006 (111367039.132.000) 04/23 02:42:52 Image size of job updated: 10156400
	9843  -  MemoryUsage of job (MB)
	10078348  -  ResidentSetSize of job (KB)
...
006 (111367039.132.000) 04/23 02:47:53 Image size of job updated: 10932548
	10601  -  MemoryUsage of job (MB)
	10854496  -  ResidentSetSize of job (KB)
...
006 (111367039.132.000) 04/23 02:53:00 Image size of job updated: 11557944
	11211  -  MemoryUsage of job (MB)
	11479892  -  ResidentSetSize of job (KB)
...
006 (111367039.132.000) 04/23 02:57:55 Image size of job updated: 11993512
	11601  -  MemoryUsage of job (MB)
	11879192  -  ResidentSetSize of job (KB)
...
006 (111367039.132.000) 04/23 03:02:55 Image size of job updated: 12744100
	12357  -  MemoryUsage of job (MB)
	12652820  -  ResidentSetSize of job (KB)
...
006 (111367039.132.000) 04/23 03:07:56 Image size of job updated: 13498012
	13093  -  MemoryUsage of job (MB)
	13406740  -  ResidentSetSize of job (KB)
...
006 (111367039.132.000) 04/23 03:12:57 Image size of job updated: 14347612
	13917  -  MemoryUsage of job (MB)
	14250048  -  ResidentSetSize of job (KB)
...
006 (111367039.132.000) 04/23 03:17:58 Image size of job updated: 15136872
	14688  -  MemoryUsage of job (MB)
	15039688  -  ResidentSetSize of job (KB)
...
006 (111367039.132.000) 04/23 03:22:58 Image size of job updated: 15949084
	15479  -  MemoryUsage of job (MB)
	15850420  -  ResidentSetSize of job (KB)
...
006 (111367039.132.000) 04/23 03:27:59 Image size of job updated: 16717912
	16227  -  MemoryUsage of job (MB)
	16615664  -  ResidentSetSize of job (KB)
...
006 (111367039.132.000) 04/23 03:33:01 Image size of job updated: 17179708
	16503  -  MemoryUsage of job (MB)
	16898340  -  ResidentSetSize of job (KB)
...
006 (111367039.132.000) 04/23 03:38:01 Image size of job updated: 17977356
	17100  -  MemoryUsage of job (MB)
	17509968  -  ResidentSetSize of job (KB)
...
006 (111367039.132.000) 04/23 03:43:01 Image size of job updated: 18714308
	17813  -  MemoryUsage of job (MB)
	18239800  -  ResidentSetSize of job (KB)
...
006 (111367039.132.000) 04/23 03:48:01 Image size of job updated: 19525976
	18581  -  MemoryUsage of job (MB)
	19026136  -  ResidentSetSize of job (KB)
...
006 (111367039.132.000) 04/23 03:53:01 Image size of job updated: 20051204
	19077  -  MemoryUsage of job (MB)
	19534544  -  ResidentSetSize of job (KB)
...
006 (111367039.132.000) 04/23 03:58:01 Image size of job updated: 20494564
	19510  -  MemoryUsage of job (MB)
	19977352  -  ResidentSetSize of job (KB)
...
006 (111367039.132.000) 04/23 04:01:53 Image size of job updated: 20811292
	19511  -  MemoryUsage of job (MB)
	19978708  -  ResidentSetSize of job (KB)
...
005 (111367039.132.000) 04/23 04:01:54 Job terminated.
	(1) Normal termination (return value 0)
		Usr 0 01:58:18, Sys 0 00:03:13  -  Run Remote Usage
		Usr 0 00:00:00, Sys 0 00:00:00  -  Run Local Usage
		Usr 0 01:58:18, Sys 0 00:03:13  -  Total Remote Usage
		Usr 0 00:00:00, Sys 0 00:00:00  -  Total Local Usage
	20269528  -  Run Bytes Sent By Job
	1780294656  -  Run Bytes Received By Job
	20269528  -  Total Bytes Sent By Job
	1780294656  -  Total Bytes Received By Job
	Partitionable Resources :      Usage  Request Allocated 
	   Cpus                 :       0.69        1         1 
	   Disk (KB)            : 6849522    20971520  21150435 
	   Ioheavy              :                             0 
	   Memory (MB)          :   19511       20480     20480 
...
