000 (111515045.103.000) 04/25 20:23:08 Job submitted from host: <128.104.100.44:9618?addrs=128.104.100.44-9618+[2607-f388-107c-501-90e2-baff-fe2c-2724]-9618&noUDP&sock=4699_0235_3>
...
001 (111515045.103.000) 04/26 02:01:19 Job executing on host: <128.105.245.253:9618?addrs=128.105.245.253-9618&noUDP&sock=5429_6bc0_3>
...
006 (111515045.103.000) 04/26 02:01:27 Image size of job updated: 628
	1  -  MemoryUsage of job (MB)
	628  -  ResidentSetSize of job (KB)
...
006 (111515045.103.000) 04/26 02:06:29 Image size of job updated: 444632
	359  -  MemoryUsage of job (MB)
	366636  -  ResidentSetSize of job (KB)
...
006 (111515045.103.000) 04/26 02:11:30 Image size of job updated: 1136928
	1035  -  MemoryUsage of job (MB)
	1058876  -  ResidentSetSize of job (KB)
...
006 (111515045.103.000) 04/26 02:16:30 Image size of job updated: 2089212
	1965  -  MemoryUsage of job (MB)
	2011160  -  ResidentSetSize of job (KB)
...
006 (111515045.103.000) 04/26 02:21:31 Image size of job updated: 3224108
	3073  -  MemoryUsage of job (MB)
	3146056  -  ResidentSetSize of job (KB)
...
006 (111515045.103.000) 04/26 02:26:31 Image size of job updated: 4525720
	4344  -  MemoryUsage of job (MB)
	4447668  -  ResidentSetSize of job (KB)
...
006 (111515045.103.000) 04/26 02:31:32 Image size of job updated: 5730576
	5521  -  MemoryUsage of job (MB)
	5652524  -  ResidentSetSize of job (KB)
...
006 (111515045.103.000) 04/26 02:36:32 Image size of job updated: 6848804
	6613  -  MemoryUsage of job (MB)
	6770752  -  ResidentSetSize of job (KB)
...
006 (111515045.103.000) 04/26 02:41:33 Image size of job updated: 7903448
	7642  -  MemoryUsage of job (MB)
	7825396  -  ResidentSetSize of job (KB)
...
006 (111515045.103.000) 04/26 02:46:34 Image size of job updated: 9058212
	8770  -  MemoryUsage of job (MB)
	8980160  -  ResidentSetSize of job (KB)
...
006 (111515045.103.000) 04/26 02:51:35 Image size of job updated: 10086556
	9774  -  MemoryUsage of job (MB)
	10008504  -  ResidentSetSize of job (KB)
...
006 (111515045.103.000) 04/26 02:56:37 Image size of job updated: 11060936
	10726  -  MemoryUsage of job (MB)
	10982884  -  ResidentSetSize of job (KB)
...
006 (111515045.103.000) 04/26 03:01:37 Image size of job updated: 12004600
	11648  -  MemoryUsage of job (MB)
	11926548  -  ResidentSetSize of job (KB)
...
006 (111515045.103.000) 04/26 03:06:37 Image size of job updated: 12957948
	12579  -  MemoryUsage of job (MB)
	12879896  -  ResidentSetSize of job (KB)
...
006 (111515045.103.000) 04/26 03:11:37 Image size of job updated: 13721540
	13324  -  MemoryUsage of job (MB)
	13643488  -  ResidentSetSize of job (KB)
...
006 (111515045.103.000) 04/26 03:16:37 Image size of job updated: 14540856
	14124  -  MemoryUsage of job (MB)
	14462804  -  ResidentSetSize of job (KB)
...
006 (111515045.103.000) 04/26 03:21:38 Image size of job updated: 15358164
	14922  -  MemoryUsage of job (MB)
	15280112  -  ResidentSetSize of job (KB)
...
006 (111515045.103.000) 04/26 03:26:38 Image size of job updated: 16173656
	15719  -  MemoryUsage of job (MB)
	16095452  -  ResidentSetSize of job (KB)
...
006 (111515045.103.000) 04/26 03:31:38 Image size of job updated: 17033012
	16557  -  MemoryUsage of job (MB)
	16953632  -  ResidentSetSize of job (KB)
...
006 (111515045.103.000) 04/26 03:36:39 Image size of job updated: 17927416
	17429  -  MemoryUsage of job (MB)
	17847048  -  ResidentSetSize of job (KB)
...
006 (111515045.103.000) 04/26 03:41:40 Image size of job updated: 18845612
	18322  -  MemoryUsage of job (MB)
	18761140  -  ResidentSetSize of job (KB)
...
006 (111515045.103.000) 04/26 03:46:40 Image size of job updated: 19738888
	19184  -  MemoryUsage of job (MB)
	19643600  -  ResidentSetSize of job (KB)
...
006 (111515045.103.000) 04/26 03:51:40 Image size of job updated: 20400612
	19800  -  MemoryUsage of job (MB)
	20274212  -  ResidentSetSize of job (KB)
...
006 (111515045.103.000) 04/26 03:56:40 Image size of job updated: 21163776
	20392  -  MemoryUsage of job (MB)
	20880716  -  ResidentSetSize of job (KB)
...
006 (111515045.103.000) 04/26 03:59:14 Image size of job updated: 21526088
	20392  -  MemoryUsage of job (MB)
	20881280  -  ResidentSetSize of job (KB)
...
005 (111515045.103.000) 04/26 03:59:16 Job terminated.
	(1) Normal termination (return value 0)
		Usr 0 01:50:27, Sys 0 00:02:46  -  Run Remote Usage
		Usr 0 00:00:00, Sys 0 00:00:00  -  Run Local Usage
		Usr 0 01:50:27, Sys 0 00:02:46  -  Total Remote Usage
		Usr 0 00:00:00, Sys 0 00:00:00  -  Total Local Usage
	20119752  -  Run Bytes Sent By Job
	1780295040  -  Run Bytes Received By Job
	20119752  -  Total Bytes Sent By Job
	1780295040  -  Total Bytes Received By Job
	Partitionable Resources :      Usage  Request Allocated 
	   Cpus                 :       0.98        1         1 
	   Disk (KB)            : 6849376    20971520  20983222 
	   Ioheavy              :                             0 
	   Memory (MB)          :   20392       20480     20480 
...
