000 (111515045.179.000) 04/25 20:23:08 Job submitted from host: <128.104.100.44:9618?addrs=128.104.100.44-9618+[2607-f388-107c-501-90e2-baff-fe2c-2724]-9618&noUDP&sock=4699_0235_3>
...
001 (111515045.179.000) 04/26 03:24:25 Job executing on host: <128.105.245.214:9618?addrs=128.105.245.214-9618&noUDP&sock=5455_4137_3>
...
006 (111515045.179.000) 04/26 03:24:33 Image size of job updated: 624
	1  -  MemoryUsage of job (MB)
	624  -  ResidentSetSize of job (KB)
...
006 (111515045.179.000) 04/26 03:29:35 Image size of job updated: 656
	1  -  MemoryUsage of job (MB)
	656  -  ResidentSetSize of job (KB)
...
006 (111515045.179.000) 04/26 03:34:34 Image size of job updated: 660
	1  -  MemoryUsage of job (MB)
	660  -  ResidentSetSize of job (KB)
...
006 (111515045.179.000) 04/26 03:39:37 Image size of job updated: 672
	1  -  MemoryUsage of job (MB)
	672  -  ResidentSetSize of job (KB)
...
006 (111515045.179.000) 04/26 03:44:36 Image size of job updated: 492524
	405  -  MemoryUsage of job (MB)
	414524  -  ResidentSetSize of job (KB)
...
006 (111515045.179.000) 04/26 03:49:36 Image size of job updated: 848308
	753  -  MemoryUsage of job (MB)
	770252  -  ResidentSetSize of job (KB)
...
006 (111515045.179.000) 04/26 03:54:36 Image size of job updated: 1252016
	1147  -  MemoryUsage of job (MB)
	1173960  -  ResidentSetSize of job (KB)
...
006 (111515045.179.000) 04/26 03:59:36 Image size of job updated: 1809144
	1691  -  MemoryUsage of job (MB)
	1731088  -  ResidentSetSize of job (KB)
...
006 (111515045.179.000) 04/26 04:04:37 Image size of job updated: 2427544
	2295  -  MemoryUsage of job (MB)
	2349488  -  ResidentSetSize of job (KB)
...
006 (111515045.179.000) 04/26 04:09:39 Image size of job updated: 3009152
	2863  -  MemoryUsage of job (MB)
	2931096  -  ResidentSetSize of job (KB)
...
006 (111515045.179.000) 04/26 04:14:38 Image size of job updated: 3647356
	3486  -  MemoryUsage of job (MB)
	3569300  -  ResidentSetSize of job (KB)
...
006 (111515045.179.000) 04/26 04:19:39 Image size of job updated: 4486412
	4306  -  MemoryUsage of job (MB)
	4408356  -  ResidentSetSize of job (KB)
...
006 (111515045.179.000) 04/26 04:24:39 Image size of job updated: 5186928
	4990  -  MemoryUsage of job (MB)
	5108872  -  ResidentSetSize of job (KB)
...
006 (111515045.179.000) 04/26 04:29:39 Image size of job updated: 6033876
	5817  -  MemoryUsage of job (MB)
	5955820  -  ResidentSetSize of job (KB)
...
006 (111515045.179.000) 04/26 04:34:40 Image size of job updated: 6735720
	6502  -  MemoryUsage of job (MB)
	6657664  -  ResidentSetSize of job (KB)
...
006 (111515045.179.000) 04/26 04:39:41 Image size of job updated: 7500720
	7249  -  MemoryUsage of job (MB)
	7422664  -  ResidentSetSize of job (KB)
...
006 (111515045.179.000) 04/26 04:44:42 Image size of job updated: 8192056
	7924  -  MemoryUsage of job (MB)
	8114000  -  ResidentSetSize of job (KB)
...
006 (111515045.179.000) 04/26 04:49:43 Image size of job updated: 8827348
	8545  -  MemoryUsage of job (MB)
	8749292  -  ResidentSetSize of job (KB)
...
006 (111515045.179.000) 04/26 04:54:43 Image size of job updated: 9515448
	9217  -  MemoryUsage of job (MB)
	9437392  -  ResidentSetSize of job (KB)
...
006 (111515045.179.000) 04/26 04:59:43 Image size of job updated: 10201548
	9887  -  MemoryUsage of job (MB)
	10123492  -  ResidentSetSize of job (KB)
...
006 (111515045.179.000) 04/26 05:04:44 Image size of job updated: 11062760
	10728  -  MemoryUsage of job (MB)
	10984704  -  ResidentSetSize of job (KB)
...
006 (111515045.179.000) 04/26 05:09:45 Image size of job updated: 11801932
	11450  -  MemoryUsage of job (MB)
	11723876  -  ResidentSetSize of job (KB)
...
006 (111515045.179.000) 04/26 05:14:45 Image size of job updated: 12585632
	12215  -  MemoryUsage of job (MB)
	12507576  -  ResidentSetSize of job (KB)
...
006 (111515045.179.000) 04/26 05:19:45 Image size of job updated: 13410560
	13021  -  MemoryUsage of job (MB)
	13332504  -  ResidentSetSize of job (KB)
...
006 (111515045.179.000) 04/26 05:24:46 Image size of job updated: 14113404
	13707  -  MemoryUsage of job (MB)
	14035348  -  ResidentSetSize of job (KB)
...
006 (111515045.179.000) 04/26 05:29:47 Image size of job updated: 14981552
	14555  -  MemoryUsage of job (MB)
	14903496  -  ResidentSetSize of job (KB)
...
006 (111515045.179.000) 04/26 05:34:48 Image size of job updated: 15717048
	15273  -  MemoryUsage of job (MB)
	15638992  -  ResidentSetSize of job (KB)
...
006 (111515045.179.000) 04/26 05:39:48 Image size of job updated: 16630456
	16165  -  MemoryUsage of job (MB)
	16552156  -  ResidentSetSize of job (KB)
...
006 (111515045.179.000) 04/26 05:44:48 Image size of job updated: 17378924
	16895  -  MemoryUsage of job (MB)
	17299840  -  ResidentSetSize of job (KB)
...
006 (111515045.179.000) 04/26 05:49:49 Image size of job updated: 18202804
	17696  -  MemoryUsage of job (MB)
	18119952  -  ResidentSetSize of job (KB)
...
006 (111515045.179.000) 04/26 05:54:49 Image size of job updated: 19050836
	18515  -  MemoryUsage of job (MB)
	18958920  -  ResidentSetSize of job (KB)
...
006 (111515045.179.000) 04/26 05:59:50 Image size of job updated: 19782576
	19222  -  MemoryUsage of job (MB)
	19682340  -  ResidentSetSize of job (KB)
...
006 (111515045.179.000) 04/26 06:04:51 Image size of job updated: 20516884
	19900  -  MemoryUsage of job (MB)
	20376956  -  ResidentSetSize of job (KB)
...
006 (111515045.179.000) 04/26 06:09:52 Image size of job updated: 21188836
	20411  -  MemoryUsage of job (MB)
	20900596  -  ResidentSetSize of job (KB)
...
006 (111515045.179.000) 04/26 06:12:50 Image size of job updated: 21588684
	20412  -  MemoryUsage of job (MB)
	20901212  -  ResidentSetSize of job (KB)
...
005 (111515045.179.000) 04/26 06:12:51 Job terminated.
	(1) Normal termination (return value 0)
		Usr 0 02:09:28, Sys 0 00:02:48  -  Run Remote Usage
		Usr 0 00:00:00, Sys 0 00:00:00  -  Run Local Usage
		Usr 0 02:09:28, Sys 0 00:02:48  -  Total Remote Usage
		Usr 0 00:00:00, Sys 0 00:00:00  -  Total Local Usage
	19842384  -  Run Bytes Sent By Job
	1780295040  -  Run Bytes Received By Job
	19842384  -  Total Bytes Sent By Job
	1780295040  -  Total Bytes Received By Job
	Partitionable Resources :      Usage  Request Allocated 
	   Cpus                 :       0.99        1         1 
	   Disk (KB)            : 6849107    20971520  22700816 
	   Ioheavy              :                             0 
	   Memory (MB)          :   20412       20480     20480 
...
