000 (111367039.083.000) 04/22 22:37:22 Job submitted from host: <128.104.100.44:9618?addrs=128.104.100.44-9618+[2607-f388-107c-501-90e2-baff-fe2c-2724]-9618&noUDP&sock=1497440_afb9_3>
...
001 (111367039.083.000) 04/23 00:27:01 Job executing on host: <128.105.245.228:9618?addrs=128.105.245.228-9618&noUDP&sock=5445_6544_23>
...
006 (111367039.083.000) 04/23 00:27:09 Image size of job updated: 632
	1  -  MemoryUsage of job (MB)
	632  -  ResidentSetSize of job (KB)
...
006 (111367039.083.000) 04/23 00:32:10 Image size of job updated: 664
	1  -  MemoryUsage of job (MB)
	664  -  ResidentSetSize of job (KB)
...
006 (111367039.083.000) 04/23 00:37:11 Image size of job updated: 501348
	414  -  MemoryUsage of job (MB)
	423352  -  ResidentSetSize of job (KB)
...
006 (111367039.083.000) 04/23 00:42:12 Image size of job updated: 983160
	884  -  MemoryUsage of job (MB)
	905108  -  ResidentSetSize of job (KB)
...
006 (111367039.083.000) 04/23 00:47:13 Image size of job updated: 1497844
	1387  -  MemoryUsage of job (MB)
	1419792  -  ResidentSetSize of job (KB)
...
006 (111367039.083.000) 04/23 00:52:13 Image size of job updated: 2129784
	2004  -  MemoryUsage of job (MB)
	2051732  -  ResidentSetSize of job (KB)
...
006 (111367039.083.000) 04/23 00:57:13 Image size of job updated: 2765016
	2624  -  MemoryUsage of job (MB)
	2686964  -  ResidentSetSize of job (KB)
...
006 (111367039.083.000) 04/23 01:02:14 Image size of job updated: 3595128
	3435  -  MemoryUsage of job (MB)
	3517076  -  ResidentSetSize of job (KB)
...
006 (111367039.083.000) 04/23 01:07:14 Image size of job updated: 4539888
	4358  -  MemoryUsage of job (MB)
	4461836  -  ResidentSetSize of job (KB)
...
006 (111367039.083.000) 04/23 01:12:15 Image size of job updated: 5373016
	5171  -  MemoryUsage of job (MB)
	5294964  -  ResidentSetSize of job (KB)
...
006 (111367039.083.000) 04/23 01:17:15 Image size of job updated: 6128956
	5910  -  MemoryUsage of job (MB)
	6050904  -  ResidentSetSize of job (KB)
...
006 (111367039.083.000) 04/23 01:22:15 Image size of job updated: 6853672
	6617  -  MemoryUsage of job (MB)
	6775620  -  ResidentSetSize of job (KB)
...
006 (111367039.083.000) 04/23 01:27:16 Image size of job updated: 7822924
	7564  -  MemoryUsage of job (MB)
	7744872  -  ResidentSetSize of job (KB)
...
006 (111367039.083.000) 04/23 01:32:17 Image size of job updated: 8531176
	8256  -  MemoryUsage of job (MB)
	8453124  -  ResidentSetSize of job (KB)
...
006 (111367039.083.000) 04/23 01:37:17 Image size of job updated: 9446480
	9149  -  MemoryUsage of job (MB)
	9368428  -  ResidentSetSize of job (KB)
...
006 (111367039.083.000) 04/23 01:42:18 Image size of job updated: 10252272
	9936  -  MemoryUsage of job (MB)
	10174220  -  ResidentSetSize of job (KB)
...
006 (111367039.083.000) 04/23 01:47:19 Image size of job updated: 11063020
	10728  -  MemoryUsage of job (MB)
	10984968  -  ResidentSetSize of job (KB)
...
006 (111367039.083.000) 04/23 01:52:20 Image size of job updated: 11679596
	11330  -  MemoryUsage of job (MB)
	11601544  -  ResidentSetSize of job (KB)
...
006 (111367039.083.000) 04/23 01:57:21 Image size of job updated: 12294344
	11930  -  MemoryUsage of job (MB)
	12216292  -  ResidentSetSize of job (KB)
...
006 (111367039.083.000) 04/23 02:02:21 Image size of job updated: 13024024
	12643  -  MemoryUsage of job (MB)
	12945972  -  ResidentSetSize of job (KB)
...
006 (111367039.083.000) 04/23 02:07:21 Image size of job updated: 13725664
	13328  -  MemoryUsage of job (MB)
	13647612  -  ResidentSetSize of job (KB)
...
006 (111367039.083.000) 04/23 02:12:23 Image size of job updated: 14603256
	14185  -  MemoryUsage of job (MB)
	14525204  -  ResidentSetSize of job (KB)
...
006 (111367039.083.000) 04/23 02:17:23 Image size of job updated: 15371720
	14936  -  MemoryUsage of job (MB)
	15293668  -  ResidentSetSize of job (KB)
...
006 (111367039.083.000) 04/23 02:22:24 Image size of job updated: 16179376
	15721  -  MemoryUsage of job (MB)
	16097424  -  ResidentSetSize of job (KB)
...
006 (111367039.083.000) 04/23 02:27:24 Image size of job updated: 16754860
	16277  -  MemoryUsage of job (MB)
	16667000  -  ResidentSetSize of job (KB)
...
006 (111367039.083.000) 04/23 02:32:25 Image size of job updated: 17557036
	17045  -  MemoryUsage of job (MB)
	17454032  -  ResidentSetSize of job (KB)
...
006 (111367039.083.000) 04/23 02:37:25 Image size of job updated: 18165648
	17623  -  MemoryUsage of job (MB)
	18044980  -  ResidentSetSize of job (KB)
...
006 (111367039.083.000) 04/23 02:42:26 Image size of job updated: 18843300
	18254  -  MemoryUsage of job (MB)
	18691784  -  ResidentSetSize of job (KB)
...
006 (111367039.083.000) 04/23 02:47:26 Image size of job updated: 19485996
	18810  -  MemoryUsage of job (MB)
	19261308  -  ResidentSetSize of job (KB)
...
006 (111367039.083.000) 04/23 02:52:28 Image size of job updated: 20133580
	19358  -  MemoryUsage of job (MB)
	19822508  -  ResidentSetSize of job (KB)
...
006 (111367039.083.000) 04/23 02:57:28 Image size of job updated: 20809864
	19864  -  MemoryUsage of job (MB)
	20339736  -  ResidentSetSize of job (KB)
...
006 (111367039.083.000) 04/23 02:58:29 Image size of job updated: 20809864
	19864  -  MemoryUsage of job (MB)
	20340536  -  ResidentSetSize of job (KB)
...
005 (111367039.083.000) 04/23 02:58:30 Job terminated.
	(1) Normal termination (return value 0)
		Usr 0 02:09:50, Sys 0 00:03:07  -  Run Remote Usage
		Usr 0 00:00:00, Sys 0 00:00:00  -  Run Local Usage
		Usr 0 02:09:50, Sys 0 00:03:07  -  Total Remote Usage
		Usr 0 00:00:00, Sys 0 00:00:00  -  Total Local Usage
	20509416  -  Run Bytes Sent By Job
	1780294656  -  Run Bytes Received By Job
	20509416  -  Total Bytes Sent By Job
	1780294656  -  Total Bytes Received By Job
	Partitionable Resources :      Usage  Request Allocated 
	   Cpus                 :       0.78        1         1 
	   Disk (KB)            : 6849757    20971520  21155227 
	   Ioheavy              :                             0 
	   Memory (MB)          :   19864       20480     20480 
...
