000 (111367039.003.000) 04/22 22:37:22 Job submitted from host: <128.104.100.44:9618?addrs=128.104.100.44-9618+[2607-f388-107c-501-90e2-baff-fe2c-2724]-9618&noUDP&sock=1497440_afb9_3>
...
001 (111367039.003.000) 04/22 22:43:20 Job executing on host: <128.105.245.151:9618?addrs=128.105.245.151-9618&noUDP&sock=13358_0e2f_3>
...
006 (111367039.003.000) 04/22 22:43:29 Image size of job updated: 644
	1  -  MemoryUsage of job (MB)
	644  -  ResidentSetSize of job (KB)
...
006 (111367039.003.000) 04/22 22:48:30 Image size of job updated: 672
	1  -  MemoryUsage of job (MB)
	672  -  ResidentSetSize of job (KB)
...
006 (111367039.003.000) 04/22 22:53:30 Image size of job updated: 684
	1  -  MemoryUsage of job (MB)
	684  -  ResidentSetSize of job (KB)
...
006 (111367039.003.000) 04/22 22:58:31 Image size of job updated: 366596
	282  -  MemoryUsage of job (MB)
	288600  -  ResidentSetSize of job (KB)
...
006 (111367039.003.000) 04/22 23:03:31 Image size of job updated: 775680
	682  -  MemoryUsage of job (MB)
	697628  -  ResidentSetSize of job (KB)
...
006 (111367039.003.000) 04/22 23:08:31 Image size of job updated: 1222712
	1118  -  MemoryUsage of job (MB)
	1144660  -  ResidentSetSize of job (KB)
...
006 (111367039.003.000) 04/22 23:13:31 Image size of job updated: 1793092
	1675  -  MemoryUsage of job (MB)
	1715040  -  ResidentSetSize of job (KB)
...
006 (111367039.003.000) 04/22 23:18:31 Image size of job updated: 2398284
	2266  -  MemoryUsage of job (MB)
	2320232  -  ResidentSetSize of job (KB)
...
006 (111367039.003.000) 04/22 23:23:31 Image size of job updated: 3124604
	2976  -  MemoryUsage of job (MB)
	3046552  -  ResidentSetSize of job (KB)
...
006 (111367039.003.000) 04/22 23:28:31 Image size of job updated: 3934284
	3766  -  MemoryUsage of job (MB)
	3856232  -  ResidentSetSize of job (KB)
...
006 (111367039.003.000) 04/22 23:33:31 Image size of job updated: 4525764
	4344  -  MemoryUsage of job (MB)
	4447712  -  ResidentSetSize of job (KB)
...
006 (111367039.003.000) 04/22 23:38:32 Image size of job updated: 5283912
	5084  -  MemoryUsage of job (MB)
	5205860  -  ResidentSetSize of job (KB)
...
006 (111367039.003.000) 04/22 23:43:32 Image size of job updated: 5937204
	5722  -  MemoryUsage of job (MB)
	5859152  -  ResidentSetSize of job (KB)
...
006 (111367039.003.000) 04/22 23:48:32 Image size of job updated: 6666344
	6434  -  MemoryUsage of job (MB)
	6588292  -  ResidentSetSize of job (KB)
...
006 (111367039.003.000) 04/22 23:53:33 Image size of job updated: 7348616
	7101  -  MemoryUsage of job (MB)
	7270564  -  ResidentSetSize of job (KB)
...
006 (111367039.003.000) 04/22 23:58:33 Image size of job updated: 7987156
	7724  -  MemoryUsage of job (MB)
	7909104  -  ResidentSetSize of job (KB)
...
006 (111367039.003.000) 04/23 00:03:35 Image size of job updated: 8577772
	8301  -  MemoryUsage of job (MB)
	8499720  -  ResidentSetSize of job (KB)
...
006 (111367039.003.000) 04/23 00:08:35 Image size of job updated: 9218276
	8926  -  MemoryUsage of job (MB)
	9140224  -  ResidentSetSize of job (KB)
...
006 (111367039.003.000) 04/23 00:13:36 Image size of job updated: 9711908
	9409  -  MemoryUsage of job (MB)
	9633856  -  ResidentSetSize of job (KB)
...
006 (111367039.003.000) 04/23 00:18:37 Image size of job updated: 10552600
	10230  -  MemoryUsage of job (MB)
	10474548  -  ResidentSetSize of job (KB)
...
006 (111367039.003.000) 04/23 00:23:37 Image size of job updated: 11092116
	10756  -  MemoryUsage of job (MB)
	11014064  -  ResidentSetSize of job (KB)
...
006 (111367039.003.000) 04/23 00:28:37 Image size of job updated: 11667248
	11318  -  MemoryUsage of job (MB)
	11589196  -  ResidentSetSize of job (KB)
...
006 (111367039.003.000) 04/23 00:33:38 Image size of job updated: 12376364
	12011  -  MemoryUsage of job (MB)
	12298312  -  ResidentSetSize of job (KB)
...
006 (111367039.003.000) 04/23 00:38:37 Image size of job updated: 13142180
	12758  -  MemoryUsage of job (MB)
	13064128  -  ResidentSetSize of job (KB)
...
006 (111367039.003.000) 04/23 00:43:39 Image size of job updated: 13794364
	13395  -  MemoryUsage of job (MB)
	13716312  -  ResidentSetSize of job (KB)
...
006 (111367039.003.000) 04/23 00:48:37 Image size of job updated: 14526828
	14111  -  MemoryUsage of job (MB)
	14448776  -  ResidentSetSize of job (KB)
...
006 (111367039.003.000) 04/23 00:53:37 Image size of job updated: 15313936
	14879  -  MemoryUsage of job (MB)
	15235884  -  ResidentSetSize of job (KB)
...
006 (111367039.003.000) 04/23 00:58:37 Image size of job updated: 15990864
	15538  -  MemoryUsage of job (MB)
	15910776  -  ResidentSetSize of job (KB)
...
006 (111367039.003.000) 04/23 01:03:38 Image size of job updated: 16438276
	15974  -  MemoryUsage of job (MB)
	16356508  -  ResidentSetSize of job (KB)
...
006 (111367039.003.000) 04/23 01:08:38 Image size of job updated: 17271336
	16784  -  MemoryUsage of job (MB)
	17185932  -  ResidentSetSize of job (KB)
...
006 (111367039.003.000) 04/23 01:13:38 Image size of job updated: 18132612
	17618  -  MemoryUsage of job (MB)
	18040692  -  ResidentSetSize of job (KB)
...
006 (111367039.003.000) 04/23 01:18:39 Image size of job updated: 18829084
	18288  -  MemoryUsage of job (MB)
	18726068  -  ResidentSetSize of job (KB)
...
006 (111367039.003.000) 04/23 01:23:39 Image size of job updated: 19456028
	18878  -  MemoryUsage of job (MB)
	19330752  -  ResidentSetSize of job (KB)
...
006 (111367039.003.000) 04/23 01:28:40 Image size of job updated: 20050864
	19426  -  MemoryUsage of job (MB)
	19891548  -  ResidentSetSize of job (KB)
...
006 (111367039.003.000) 04/23 01:33:42 Image size of job updated: 20728956
	20034  -  MemoryUsage of job (MB)
	20513812  -  ResidentSetSize of job (KB)
...
006 (111367039.003.000) 04/23 01:38:42 Image size of job updated: 21208512
	20329  -  MemoryUsage of job (MB)
	20816768  -  ResidentSetSize of job (KB)
...
006 (111367039.003.000) 04/23 01:43:42 Image size of job updated: 21735752
	20417  -  MemoryUsage of job (MB)
	20906404  -  ResidentSetSize of job (KB)
...
006 (111367039.003.000) 04/23 01:48:42 Image size of job updated: 22145700
	20429  -  MemoryUsage of job (MB)
	20918980  -  ResidentSetSize of job (KB)
...
006 (111367039.003.000) 04/23 01:53:42 Image size of job updated: 22460144
	20437  -  MemoryUsage of job (MB)
	20926500  -  ResidentSetSize of job (KB)
...
006 (111367039.003.000) 04/23 01:58:47 Image size of job updated: 22744860
	20439  -  MemoryUsage of job (MB)
	20929112  -  ResidentSetSize of job (KB)
...
006 (111367039.003.000) 04/23 02:03:44 Image size of job updated: 23185928
	20443  -  MemoryUsage of job (MB)
	20933324  -  ResidentSetSize of job (KB)
...
006 (111367039.003.000) 04/23 02:05:30 Image size of job updated: 23240872
	20443  -  MemoryUsage of job (MB)
	20933324  -  ResidentSetSize of job (KB)
...
005 (111367039.003.000) 04/23 02:05:33 Job terminated.
	(1) Normal termination (return value 0)
		Usr 0 02:22:18, Sys 0 00:03:02  -  Run Remote Usage
		Usr 0 00:00:00, Sys 0 00:00:00  -  Run Local Usage
		Usr 0 02:22:18, Sys 0 00:03:02  -  Total Remote Usage
		Usr 0 00:00:00, Sys 0 00:00:00  -  Total Local Usage
	23103956  -  Run Bytes Sent By Job
	1780294656  -  Run Bytes Received By Job
	23103956  -  Total Bytes Sent By Job
	1780294656  -  Total Bytes Received By Job
	Partitionable Resources :      Usage  Request Allocated 
	   Cpus                 :       0.54        1         1 
	   Disk (KB)            : 6886559    20971520  21188512 
	   Ioheavy              :                             0 
	   Memory (MB)          :   20443       20480     20480 
...
