000 (111367039.148.000) 04/22 22:37:22 Job submitted from host: <128.104.100.44:9618?addrs=128.104.100.44-9618+[2607-f388-107c-501-90e2-baff-fe2c-2724]-9618&noUDP&sock=1497440_afb9_3>
...
001 (111367039.148.000) 04/23 01:48:20 Job executing on host: <128.105.245.175:9618?addrs=128.105.245.175-9618&noUDP&sock=5429_6bc0_3>
...
006 (111367039.148.000) 04/23 01:48:28 Image size of job updated: 612
	1  -  MemoryUsage of job (MB)
	612  -  ResidentSetSize of job (KB)
...
006 (111367039.148.000) 04/23 01:53:29 Image size of job updated: 640
	1  -  MemoryUsage of job (MB)
	640  -  ResidentSetSize of job (KB)
...
006 (111367039.148.000) 04/23 01:58:29 Image size of job updated: 644
	1  -  MemoryUsage of job (MB)
	644  -  ResidentSetSize of job (KB)
...
006 (111367039.148.000) 04/23 02:03:41 Image size of job updated: 307656
	225  -  MemoryUsage of job (MB)
	229660  -  ResidentSetSize of job (KB)
...
006 (111367039.148.000) 04/23 02:08:31 Image size of job updated: 719760
	627  -  MemoryUsage of job (MB)
	641764  -  ResidentSetSize of job (KB)
...
006 (111367039.148.000) 04/23 02:13:31 Image size of job updated: 1209988
	1106  -  MemoryUsage of job (MB)
	1131936  -  ResidentSetSize of job (KB)
...
006 (111367039.148.000) 04/23 02:18:32 Image size of job updated: 1887460
	1767  -  MemoryUsage of job (MB)
	1809408  -  ResidentSetSize of job (KB)
...
006 (111367039.148.000) 04/23 02:23:32 Image size of job updated: 2604156
	2467  -  MemoryUsage of job (MB)
	2526104  -  ResidentSetSize of job (KB)
...
006 (111367039.148.000) 04/23 02:28:32 Image size of job updated: 3497476
	3340  -  MemoryUsage of job (MB)
	3419424  -  ResidentSetSize of job (KB)
...
006 (111367039.148.000) 04/23 02:33:33 Image size of job updated: 4375816
	4198  -  MemoryUsage of job (MB)
	4297764  -  ResidentSetSize of job (KB)
...
006 (111367039.148.000) 04/23 02:38:34 Image size of job updated: 5275560
	5076  -  MemoryUsage of job (MB)
	5197508  -  ResidentSetSize of job (KB)
...
006 (111367039.148.000) 04/23 02:43:34 Image size of job updated: 6076352
	5858  -  MemoryUsage of job (MB)
	5998300  -  ResidentSetSize of job (KB)
...
006 (111367039.148.000) 04/23 02:48:35 Image size of job updated: 6885940
	6649  -  MemoryUsage of job (MB)
	6807888  -  ResidentSetSize of job (KB)
...
006 (111367039.148.000) 04/23 02:53:36 Image size of job updated: 7718720
	7462  -  MemoryUsage of job (MB)
	7640668  -  ResidentSetSize of job (KB)
...
006 (111367039.148.000) 04/23 02:58:36 Image size of job updated: 8472924
	8199  -  MemoryUsage of job (MB)
	8394872  -  ResidentSetSize of job (KB)
...
006 (111367039.148.000) 04/23 03:03:38 Image size of job updated: 9188256
	8897  -  MemoryUsage of job (MB)
	9110204  -  ResidentSetSize of job (KB)
...
006 (111367039.148.000) 04/23 03:08:38 Image size of job updated: 9849844
	9543  -  MemoryUsage of job (MB)
	9771792  -  ResidentSetSize of job (KB)
...
006 (111367039.148.000) 04/23 03:13:38 Image size of job updated: 10552616
	10230  -  MemoryUsage of job (MB)
	10474564  -  ResidentSetSize of job (KB)
...
006 (111367039.148.000) 04/23 03:18:40 Image size of job updated: 11263192
	10923  -  MemoryUsage of job (MB)
	11185140  -  ResidentSetSize of job (KB)
...
006 (111367039.148.000) 04/23 03:23:40 Image size of job updated: 11963152
	11607  -  MemoryUsage of job (MB)
	11885100  -  ResidentSetSize of job (KB)
...
006 (111367039.148.000) 04/23 03:28:40 Image size of job updated: 12696268
	12323  -  MemoryUsage of job (MB)
	12618216  -  ResidentSetSize of job (KB)
...
006 (111367039.148.000) 04/23 03:33:41 Image size of job updated: 13339348
	12951  -  MemoryUsage of job (MB)
	13261296  -  ResidentSetSize of job (KB)
...
006 (111367039.148.000) 04/23 03:38:41 Image size of job updated: 14069704
	13664  -  MemoryUsage of job (MB)
	13991652  -  ResidentSetSize of job (KB)
...
006 (111367039.148.000) 04/23 03:43:41 Image size of job updated: 14824684
	14402  -  MemoryUsage of job (MB)
	14746632  -  ResidentSetSize of job (KB)
...
006 (111367039.148.000) 04/23 03:48:41 Image size of job updated: 15553432
	15113  -  MemoryUsage of job (MB)
	15474984  -  ResidentSetSize of job (KB)
...
006 (111367039.148.000) 04/23 03:53:41 Image size of job updated: 16243064
	15786  -  MemoryUsage of job (MB)
	16163988  -  ResidentSetSize of job (KB)
...
006 (111367039.148.000) 04/23 03:58:42 Image size of job updated: 16974664
	16500  -  MemoryUsage of job (MB)
	16895448  -  ResidentSetSize of job (KB)
...
006 (111367039.148.000) 04/23 04:03:42 Image size of job updated: 17667312
	17176  -  MemoryUsage of job (MB)
	17588096  -  ResidentSetSize of job (KB)
...
006 (111367039.148.000) 04/23 04:08:42 Image size of job updated: 18350992
	17843  -  MemoryUsage of job (MB)
	18270568  -  ResidentSetSize of job (KB)
...
006 (111367039.148.000) 04/23 04:13:43 Image size of job updated: 19168024
	18639  -  MemoryUsage of job (MB)
	19086212  -  ResidentSetSize of job (KB)
...
006 (111367039.148.000) 04/23 04:18:44 Image size of job updated: 19847920
	19302  -  MemoryUsage of job (MB)
	19764244  -  ResidentSetSize of job (KB)
...
006 (111367039.148.000) 04/23 04:23:45 Image size of job updated: 20515596
	19926  -  MemoryUsage of job (MB)
	20403508  -  ResidentSetSize of job (KB)
...
006 (111367039.148.000) 04/23 04:25:33 Image size of job updated: 20515596
	19928  -  MemoryUsage of job (MB)
	20405896  -  ResidentSetSize of job (KB)
...
005 (111367039.148.000) 04/23 04:25:35 Job terminated.
	(1) Normal termination (return value 0)
		Usr 0 02:15:40, Sys 0 00:05:07  -  Run Remote Usage
		Usr 0 00:00:00, Sys 0 00:00:00  -  Run Local Usage
		Usr 0 02:15:40, Sys 0 00:05:07  -  Total Remote Usage
		Usr 0 00:00:00, Sys 0 00:00:00  -  Total Local Usage
	20198112  -  Run Bytes Sent By Job
	1780294656  -  Run Bytes Received By Job
	20198112  -  Total Bytes Sent By Job
	1780294656  -  Total Bytes Received By Job
	Partitionable Resources :      Usage  Request Allocated 
	   Cpus                 :       0.86        1         1 
	   Disk (KB)            : 6849453    20971520  21364057 
	   Ioheavy              :                             0 
	   Memory (MB)          :   19928       20480     20480 
...
