000 (111515045.172.000) 04/25 20:23:08 Job submitted from host: <128.104.100.44:9618?addrs=128.104.100.44-9618+[2607-f388-107c-501-90e2-baff-fe2c-2724]-9618&noUDP&sock=4699_0235_3>
...
001 (111515045.172.000) 04/26 03:18:51 Job executing on host: <128.105.245.251:9618?addrs=128.105.245.251-9618&noUDP&sock=5438_981b_24>
...
006 (111515045.172.000) 04/26 03:18:59 Image size of job updated: 624
	1  -  MemoryUsage of job (MB)
	624  -  ResidentSetSize of job (KB)
...
006 (111515045.172.000) 04/26 03:23:59 Image size of job updated: 652
	1  -  MemoryUsage of job (MB)
	652  -  ResidentSetSize of job (KB)
...
006 (111515045.172.000) 04/26 03:29:00 Image size of job updated: 656
	1  -  MemoryUsage of job (MB)
	656  -  ResidentSetSize of job (KB)
...
006 (111515045.172.000) 04/26 03:39:06 Image size of job updated: 660
	1  -  MemoryUsage of job (MB)
	660  -  ResidentSetSize of job (KB)
...
006 (111515045.172.000) 04/26 03:44:03 Image size of job updated: 672
	1  -  MemoryUsage of job (MB)
	672  -  ResidentSetSize of job (KB)
...
006 (111515045.172.000) 04/26 04:24:09 Image size of job updated: 321224
	238  -  MemoryUsage of job (MB)
	243228  -  ResidentSetSize of job (KB)
...
006 (111515045.172.000) 04/26 04:29:09 Image size of job updated: 419680
	334  -  MemoryUsage of job (MB)
	341684  -  ResidentSetSize of job (KB)
...
006 (111515045.172.000) 04/26 04:34:09 Image size of job updated: 708316
	616  -  MemoryUsage of job (MB)
	630320  -  ResidentSetSize of job (KB)
...
006 (111515045.172.000) 04/26 04:39:09 Image size of job updated: 1201940
	1098  -  MemoryUsage of job (MB)
	1123888  -  ResidentSetSize of job (KB)
...
006 (111515045.172.000) 04/26 04:44:09 Image size of job updated: 1961228
	1840  -  MemoryUsage of job (MB)
	1883176  -  ResidentSetSize of job (KB)
...
006 (111515045.172.000) 04/26 04:49:10 Image size of job updated: 2720704
	2581  -  MemoryUsage of job (MB)
	2642652  -  ResidentSetSize of job (KB)
...
006 (111515045.172.000) 04/26 04:54:11 Image size of job updated: 3958172
	3790  -  MemoryUsage of job (MB)
	3880120  -  ResidentSetSize of job (KB)
...
006 (111515045.172.000) 04/26 04:59:11 Image size of job updated: 5404220
	5202  -  MemoryUsage of job (MB)
	5326168  -  ResidentSetSize of job (KB)
...
006 (111515045.172.000) 04/26 05:04:12 Image size of job updated: 6807908
	6573  -  MemoryUsage of job (MB)
	6729856  -  ResidentSetSize of job (KB)
...
006 (111515045.172.000) 04/26 05:09:11 Image size of job updated: 7976608
	7714  -  MemoryUsage of job (MB)
	7898556  -  ResidentSetSize of job (KB)
...
006 (111515045.172.000) 04/26 05:14:12 Image size of job updated: 9221796
	8930  -  MemoryUsage of job (MB)
	9143744  -  ResidentSetSize of job (KB)
...
006 (111515045.172.000) 04/26 05:19:12 Image size of job updated: 10431636
	10111  -  MemoryUsage of job (MB)
	10353584  -  ResidentSetSize of job (KB)
...
006 (111515045.172.000) 04/26 05:24:12 Image size of job updated: 11538228
	10738  -  MemoryUsage of job (MB)
	10995616  -  ResidentSetSize of job (KB)
...
006 (111515045.172.000) 04/26 05:29:12 Image size of job updated: 12703724
	11877  -  MemoryUsage of job (MB)
	12161220  -  ResidentSetSize of job (KB)
...
006 (111515045.172.000) 04/26 05:34:13 Image size of job updated: 13809072
	12956  -  MemoryUsage of job (MB)
	13266700  -  ResidentSetSize of job (KB)
...
006 (111515045.172.000) 04/26 05:39:14 Image size of job updated: 14685472
	13793  -  MemoryUsage of job (MB)
	14123468  -  ResidentSetSize of job (KB)
...
006 (111515045.172.000) 04/26 05:44:15 Image size of job updated: 15543316
	14582  -  MemoryUsage of job (MB)
	14930972  -  ResidentSetSize of job (KB)
...
006 (111515045.172.000) 04/26 05:49:16 Image size of job updated: 16206888
	15196  -  MemoryUsage of job (MB)
	15560256  -  ResidentSetSize of job (KB)
...
006 (111515045.172.000) 04/26 05:54:17 Image size of job updated: 16974676
	15580  -  MemoryUsage of job (MB)
	15953260  -  ResidentSetSize of job (KB)
...
006 (111515045.172.000) 04/26 05:59:17 Image size of job updated: 17757892
	16284  -  MemoryUsage of job (MB)
	16673860  -  ResidentSetSize of job (KB)
...
006 (111515045.172.000) 04/26 06:04:17 Image size of job updated: 18446596
	16876  -  MemoryUsage of job (MB)
	17280920  -  ResidentSetSize of job (KB)
...
006 (111515045.172.000) 04/26 06:09:17 Image size of job updated: 19147292
	17532  -  MemoryUsage of job (MB)
	17952672  -  ResidentSetSize of job (KB)
...
006 (111515045.172.000) 04/26 06:14:18 Image size of job updated: 19656540
	17996  -  MemoryUsage of job (MB)
	18427000  -  ResidentSetSize of job (KB)
...
006 (111515045.172.000) 04/26 06:19:19 Image size of job updated: 20018168
	18314  -  MemoryUsage of job (MB)
	18753500  -  ResidentSetSize of job (KB)
...
006 (111515045.172.000) 04/26 06:24:19 Image size of job updated: 20223864
	18500  -  MemoryUsage of job (MB)
	18943248  -  ResidentSetSize of job (KB)
...
006 (111515045.172.000) 04/26 06:29:19 Image size of job updated: 20381300
	18640  -  MemoryUsage of job (MB)
	19087196  -  ResidentSetSize of job (KB)
...
006 (111515045.172.000) 04/26 06:34:19 Image size of job updated: 20625236
	18857  -  MemoryUsage of job (MB)
	19308740  -  ResidentSetSize of job (KB)
...
006 (111515045.172.000) 04/26 06:39:20 Image size of job updated: 20950896
	19147  -  MemoryUsage of job (MB)
	19605712  -  ResidentSetSize of job (KB)
...
006 (111515045.172.000) 04/26 06:44:21 Image size of job updated: 21029692
	19211  -  MemoryUsage of job (MB)
	19671604  -  ResidentSetSize of job (KB)
...
006 (111515045.172.000) 04/26 06:49:21 Image size of job updated: 21083024
	19253  -  MemoryUsage of job (MB)
	19714788  -  ResidentSetSize of job (KB)
...
006 (111515045.172.000) 04/26 06:54:22 Image size of job updated: 21287004
	19434  -  MemoryUsage of job (MB)
	19899624  -  ResidentSetSize of job (KB)
...
006 (111515045.172.000) 04/26 06:59:23 Image size of job updated: 21343396
	19485  -  MemoryUsage of job (MB)
	19951668  -  ResidentSetSize of job (KB)
...
006 (111515045.172.000) 04/26 07:04:24 Image size of job updated: 21420968
	19566  -  MemoryUsage of job (MB)
	20034752  -  ResidentSetSize of job (KB)
...
006 (111515045.172.000) 04/26 07:09:25 Image size of job updated: 21472320
	19615  -  MemoryUsage of job (MB)
	20085296  -  ResidentSetSize of job (KB)
...
006 (111515045.172.000) 04/26 07:11:22 Image size of job updated: 22138276
	19615  -  MemoryUsage of job (MB)
	20085496  -  ResidentSetSize of job (KB)
...
005 (111515045.172.000) 04/26 07:11:25 Job terminated.
	(1) Normal termination (return value 0)
		Usr 0 01:21:45, Sys 0 00:02:16  -  Run Remote Usage
		Usr 0 00:00:00, Sys 0 00:00:00  -  Run Local Usage
		Usr 0 01:21:45, Sys 0 00:02:16  -  Total Remote Usage
		Usr 0 00:00:00, Sys 0 00:00:00  -  Total Local Usage
	19841748  -  Run Bytes Sent By Job
	1780295040  -  Run Bytes Received By Job
	19841748  -  Total Bytes Sent By Job
	1780295040  -  Total Bytes Received By Job
	Partitionable Resources :    Usage  Request Allocated 
	   Cpus                 :        0        1         1 
	   Disk (KB)            :  6849106 20971520  21299837 
	   Ioheavy              :                           0 
	   Memory (MB)          :    19615    20480     20480 
...
