000 (111515045.001.000) 04/25 20:23:08 Job submitted from host: <128.104.100.44:9618?addrs=128.104.100.44-9618+[2607-f388-107c-501-90e2-baff-fe2c-2724]-9618&noUDP&sock=4699_0235_3>
...
001 (111515045.001.000) 04/26 00:23:24 Job executing on host: <128.105.245.187:9618?addrs=128.105.245.187-9618&noUDP&sock=5433_2a21_29>
...
006 (111515045.001.000) 04/26 00:23:33 Image size of job updated: 616
	1  -  MemoryUsage of job (MB)
	616  -  ResidentSetSize of job (KB)
...
006 (111515045.001.000) 04/26 00:28:35 Image size of job updated: 624
	1  -  MemoryUsage of job (MB)
	624  -  ResidentSetSize of job (KB)
...
006 (111515045.001.000) 04/26 00:33:35 Image size of job updated: 644
	1  -  MemoryUsage of job (MB)
	644  -  ResidentSetSize of job (KB)
...
006 (111515045.001.000) 04/26 00:38:38 Image size of job updated: 648
	1  -  MemoryUsage of job (MB)
	648  -  ResidentSetSize of job (KB)
...
006 (111515045.001.000) 04/26 00:43:37 Image size of job updated: 664
	1  -  MemoryUsage of job (MB)
	664  -  ResidentSetSize of job (KB)
...
006 (111515045.001.000) 04/26 00:48:38 Image size of job updated: 774068
	680  -  MemoryUsage of job (MB)
	696016  -  ResidentSetSize of job (KB)
...
006 (111515045.001.000) 04/26 00:53:38 Image size of job updated: 1559556
	1447  -  MemoryUsage of job (MB)
	1481504  -  ResidentSetSize of job (KB)
...
006 (111515045.001.000) 04/26 00:58:38 Image size of job updated: 2496836
	2363  -  MemoryUsage of job (MB)
	2418784  -  ResidentSetSize of job (KB)
...
006 (111515045.001.000) 04/26 01:03:39 Image size of job updated: 3623832
	3463  -  MemoryUsage of job (MB)
	3545780  -  ResidentSetSize of job (KB)
...
006 (111515045.001.000) 04/26 01:08:40 Image size of job updated: 4773924
	4586  -  MemoryUsage of job (MB)
	4695872  -  ResidentSetSize of job (KB)
...
006 (111515045.001.000) 04/26 01:13:40 Image size of job updated: 5901372
	5687  -  MemoryUsage of job (MB)
	5823320  -  ResidentSetSize of job (KB)
...
006 (111515045.001.000) 04/26 01:18:41 Image size of job updated: 6980868
	6742  -  MemoryUsage of job (MB)
	6902816  -  ResidentSetSize of job (KB)
...
006 (111515045.001.000) 04/26 01:23:42 Image size of job updated: 7933452
	7672  -  MemoryUsage of job (MB)
	7855400  -  ResidentSetSize of job (KB)
...
006 (111515045.001.000) 04/26 01:28:42 Image size of job updated: 8798600
	8517  -  MemoryUsage of job (MB)
	8720548  -  ResidentSetSize of job (KB)
...
006 (111515045.001.000) 04/26 01:33:43 Image size of job updated: 9633100
	9332  -  MemoryUsage of job (MB)
	9555048  -  ResidentSetSize of job (KB)
...
006 (111515045.001.000) 04/26 01:38:44 Image size of job updated: 10443668
	10123  -  MemoryUsage of job (MB)
	10365616  -  ResidentSetSize of job (KB)
...
006 (111515045.001.000) 04/26 01:43:44 Image size of job updated: 11234580
	10896  -  MemoryUsage of job (MB)
	11156528  -  ResidentSetSize of job (KB)
...
006 (111515045.001.000) 04/26 01:48:44 Image size of job updated: 11983688
	11627  -  MemoryUsage of job (MB)
	11905636  -  ResidentSetSize of job (KB)
...
006 (111515045.001.000) 04/26 01:53:45 Image size of job updated: 12794560
	12419  -  MemoryUsage of job (MB)
	12716508  -  ResidentSetSize of job (KB)
...
006 (111515045.001.000) 04/26 01:58:46 Image size of job updated: 13524048
	13131  -  MemoryUsage of job (MB)
	13445996  -  ResidentSetSize of job (KB)
...
006 (111515045.001.000) 04/26 02:03:46 Image size of job updated: 14279480
	13869  -  MemoryUsage of job (MB)
	14201428  -  ResidentSetSize of job (KB)
...
006 (111515045.001.000) 04/26 02:08:46 Image size of job updated: 15047956
	14620  -  MemoryUsage of job (MB)
	14969904  -  ResidentSetSize of job (KB)
...
006 (111515045.001.000) 04/26 02:13:47 Image size of job updated: 15825948
	15379  -  MemoryUsage of job (MB)
	15747896  -  ResidentSetSize of job (KB)
...
006 (111515045.001.000) 04/26 02:18:47 Image size of job updated: 16768456
	16298  -  MemoryUsage of job (MB)
	16689052  -  ResidentSetSize of job (KB)
...
006 (111515045.001.000) 04/26 02:23:47 Image size of job updated: 17678136
	17187  -  MemoryUsage of job (MB)
	17598732  -  ResidentSetSize of job (KB)
...
006 (111515045.001.000) 04/26 02:28:48 Image size of job updated: 18603844
	18090  -  MemoryUsage of job (MB)
	18523548  -  ResidentSetSize of job (KB)
...
006 (111515045.001.000) 04/26 02:33:48 Image size of job updated: 19499764
	18960  -  MemoryUsage of job (MB)
	19414260  -  ResidentSetSize of job (KB)
...
006 (111515045.001.000) 04/26 02:38:48 Image size of job updated: 20186212
	19604  -  MemoryUsage of job (MB)
	20073548  -  ResidentSetSize of job (KB)
...
006 (111515045.001.000) 04/26 02:43:49 Image size of job updated: 20871232
	20193  -  MemoryUsage of job (MB)
	20677156  -  ResidentSetSize of job (KB)
...
006 (111515045.001.000) 04/26 02:48:49 Image size of job updated: 21419128
	20452  -  MemoryUsage of job (MB)
	20941924  -  ResidentSetSize of job (KB)
...
006 (111515045.001.000) 04/26 02:52:00 Image size of job updated: 21419128
	20452  -  MemoryUsage of job (MB)
	20942104  -  ResidentSetSize of job (KB)
...
005 (111515045.001.000) 04/26 02:52:02 Job terminated.
	(1) Normal termination (return value 0)
		Usr 0 01:54:28, Sys 0 00:03:46  -  Run Remote Usage
		Usr 0 00:00:00, Sys 0 00:00:00  -  Run Local Usage
		Usr 0 01:54:28, Sys 0 00:03:46  -  Total Remote Usage
		Usr 0 00:00:00, Sys 0 00:00:00  -  Total Local Usage
	19947460  -  Run Bytes Sent By Job
	1780295040  -  Run Bytes Received By Job
	19947460  -  Total Bytes Sent By Job
	1780295040  -  Total Bytes Received By Job
	Partitionable Resources :    Usage  Request Allocated 
	   Cpus                 :        0        1         1 
	   Disk (KB)            :  6849210 20971520  21187386 
	   Ioheavy              :                           0 
	   Memory (MB)          :    20452    20480     20480 
...
