000 (111367039.014.000) 04/22 22:37:22 Job submitted from host: <128.104.100.44:9618?addrs=128.104.100.44-9618+[2607-f388-107c-501-90e2-baff-fe2c-2724]-9618&noUDP&sock=1497440_afb9_3>
...
001 (111367039.014.000) 04/22 22:45:45 Job executing on host: <128.105.245.192:9618?addrs=128.105.245.192-9618&noUDP&sock=5416_8105_3>
...
006 (111367039.014.000) 04/22 22:45:53 Image size of job updated: 620
	1  -  MemoryUsage of job (MB)
	620  -  ResidentSetSize of job (KB)
...
006 (111367039.014.000) 04/22 22:50:54 Image size of job updated: 656
	1  -  MemoryUsage of job (MB)
	656  -  ResidentSetSize of job (KB)
...
006 (111367039.014.000) 04/22 22:55:55 Image size of job updated: 497988
	411  -  MemoryUsage of job (MB)
	419992  -  ResidentSetSize of job (KB)
...
006 (111367039.014.000) 04/22 23:00:56 Image size of job updated: 788668
	694  -  MemoryUsage of job (MB)
	710616  -  ResidentSetSize of job (KB)
...
006 (111367039.014.000) 04/22 23:05:57 Image size of job updated: 1100916
	999  -  MemoryUsage of job (MB)
	1022864  -  ResidentSetSize of job (KB)
...
006 (111367039.014.000) 04/22 23:10:58 Image size of job updated: 1546480
	1435  -  MemoryUsage of job (MB)
	1468428  -  ResidentSetSize of job (KB)
...
006 (111367039.014.000) 04/22 23:15:59 Image size of job updated: 1981940
	1860  -  MemoryUsage of job (MB)
	1903888  -  ResidentSetSize of job (KB)
...
006 (111367039.014.000) 04/22 23:20:59 Image size of job updated: 2489784
	2356  -  MemoryUsage of job (MB)
	2411732  -  ResidentSetSize of job (KB)
...
006 (111367039.014.000) 04/22 23:26:00 Image size of job updated: 3075204
	2927  -  MemoryUsage of job (MB)
	2997152  -  ResidentSetSize of job (KB)
...
006 (111367039.014.000) 04/22 23:31:01 Image size of job updated: 3759284
	3595  -  MemoryUsage of job (MB)
	3681232  -  ResidentSetSize of job (KB)
...
006 (111367039.014.000) 04/22 23:36:02 Image size of job updated: 4388072
	4210  -  MemoryUsage of job (MB)
	4310020  -  ResidentSetSize of job (KB)
...
006 (111367039.014.000) 04/22 23:41:03 Image size of job updated: 5279036
	5080  -  MemoryUsage of job (MB)
	5200984  -  ResidentSetSize of job (KB)
...
006 (111367039.014.000) 04/22 23:46:04 Image size of job updated: 5940784
	5726  -  MemoryUsage of job (MB)
	5862732  -  ResidentSetSize of job (KB)
...
006 (111367039.014.000) 04/22 23:51:04 Image size of job updated: 6625136
	6394  -  MemoryUsage of job (MB)
	6547084  -  ResidentSetSize of job (KB)
...
006 (111367039.014.000) 04/22 23:56:04 Image size of job updated: 7332588
	7085  -  MemoryUsage of job (MB)
	7254536  -  ResidentSetSize of job (KB)
...
006 (111367039.014.000) 04/23 00:01:05 Image size of job updated: 7845112
	7586  -  MemoryUsage of job (MB)
	7767060  -  ResidentSetSize of job (KB)
...
006 (111367039.014.000) 04/23 00:06:05 Image size of job updated: 8450548
	8177  -  MemoryUsage of job (MB)
	8372496  -  ResidentSetSize of job (KB)
...
006 (111367039.014.000) 04/23 00:11:05 Image size of job updated: 9079968
	8791  -  MemoryUsage of job (MB)
	9001916  -  ResidentSetSize of job (KB)
...
006 (111367039.014.000) 04/23 00:16:05 Image size of job updated: 9611232
	9310  -  MemoryUsage of job (MB)
	9533180  -  ResidentSetSize of job (KB)
...
006 (111367039.014.000) 04/23 00:21:07 Image size of job updated: 10172216
	9858  -  MemoryUsage of job (MB)
	10094164  -  ResidentSetSize of job (KB)
...
006 (111367039.014.000) 04/23 00:26:07 Image size of job updated: 10710328
	10384  -  MemoryUsage of job (MB)
	10632276  -  ResidentSetSize of job (KB)
...
006 (111367039.014.000) 04/23 00:31:07 Image size of job updated: 11247396
	10908  -  MemoryUsage of job (MB)
	11169344  -  ResidentSetSize of job (KB)
...
006 (111367039.014.000) 04/23 00:36:08 Image size of job updated: 11752120
	11401  -  MemoryUsage of job (MB)
	11674068  -  ResidentSetSize of job (KB)
...
006 (111367039.014.000) 04/23 00:41:08 Image size of job updated: 12242680
	11880  -  MemoryUsage of job (MB)
	12164628  -  ResidentSetSize of job (KB)
...
006 (111367039.014.000) 04/23 00:46:08 Image size of job updated: 12735192
	12361  -  MemoryUsage of job (MB)
	12657140  -  ResidentSetSize of job (KB)
...
006 (111367039.014.000) 04/23 00:51:09 Image size of job updated: 13186196
	12801  -  MemoryUsage of job (MB)
	13108144  -  ResidentSetSize of job (KB)
...
006 (111367039.014.000) 04/23 00:56:09 Image size of job updated: 13687952
	13291  -  MemoryUsage of job (MB)
	13609900  -  ResidentSetSize of job (KB)
...
006 (111367039.014.000) 04/23 01:01:10 Image size of job updated: 14122028
	13715  -  MemoryUsage of job (MB)
	14043976  -  ResidentSetSize of job (KB)
...
006 (111367039.014.000) 04/23 01:06:11 Image size of job updated: 14668944
	14249  -  MemoryUsage of job (MB)
	14590892  -  ResidentSetSize of job (KB)
...
006 (111367039.014.000) 04/23 01:11:11 Image size of job updated: 15180924
	14749  -  MemoryUsage of job (MB)
	15102872  -  ResidentSetSize of job (KB)
...
006 (111367039.014.000) 04/23 01:16:12 Image size of job updated: 15683216
	15240  -  MemoryUsage of job (MB)
	15605164  -  ResidentSetSize of job (KB)
...
006 (111367039.014.000) 04/23 01:21:13 Image size of job updated: 16215384
	15760  -  MemoryUsage of job (MB)
	16137332  -  ResidentSetSize of job (KB)
...
006 (111367039.014.000) 04/23 01:26:13 Image size of job updated: 16788604
	16319  -  MemoryUsage of job (MB)
	16710552  -  ResidentSetSize of job (KB)
...
006 (111367039.014.000) 04/23 01:31:13 Image size of job updated: 17378832
	16895  -  MemoryUsage of job (MB)
	17299792  -  ResidentSetSize of job (KB)
...
006 (111367039.014.000) 04/23 01:36:15 Image size of job updated: 17921168
	17424  -  MemoryUsage of job (MB)
	17841840  -  ResidentSetSize of job (KB)
...
006 (111367039.014.000) 04/23 01:41:15 Image size of job updated: 18398208
	17886  -  MemoryUsage of job (MB)
	18314984  -  ResidentSetSize of job (KB)
...
006 (111367039.014.000) 04/23 01:46:15 Image size of job updated: 18844592
	18311  -  MemoryUsage of job (MB)
	18750212  -  ResidentSetSize of job (KB)
...
006 (111367039.014.000) 04/23 01:51:16 Image size of job updated: 19414596
	18839  -  MemoryUsage of job (MB)
	19290504  -  ResidentSetSize of job (KB)
...
006 (111367039.014.000) 04/23 01:56:16 Image size of job updated: 19957260
	19324  -  MemoryUsage of job (MB)
	19787680  -  ResidentSetSize of job (KB)
...
006 (111367039.014.000) 04/23 02:01:16 Image size of job updated: 20628528
	19880  -  MemoryUsage of job (MB)
	20356816  -  ResidentSetSize of job (KB)
...
006 (111367039.014.000) 04/23 02:03:51 Image size of job updated: 20628528
	19881  -  MemoryUsage of job (MB)
	20357484  -  ResidentSetSize of job (KB)
...
005 (111367039.014.000) 04/23 02:03:58 Job terminated.
	(1) Normal termination (return value 0)
		Usr 0 02:16:10, Sys 0 00:02:07  -  Run Remote Usage
		Usr 0 00:00:00, Sys 0 00:00:00  -  Run Local Usage
		Usr 0 02:16:10, Sys 0 00:02:07  -  Total Remote Usage
		Usr 0 00:00:00, Sys 0 00:00:00  -  Total Local Usage
	20148298  -  Run Bytes Sent By Job
	1780294656  -  Run Bytes Received By Job
	20148298  -  Total Bytes Sent By Job
	1780294656  -  Total Bytes Received By Job
	Partitionable Resources :      Usage  Request Allocated 
	   Cpus                 :       0.62        1         1 
	   Disk (KB)            : 6849403    20971520  21285220 
	   Ioheavy              :                             0 
	   Memory (MB)          :   19881       20480     20480 
...
