000 (111515045.075.000) 04/25 20:23:08 Job submitted from host: <128.104.100.44:9618?addrs=128.104.100.44-9618+[2607-f388-107c-501-90e2-baff-fe2c-2724]-9618&noUDP&sock=4699_0235_3>
...
001 (111515045.075.000) 04/26 01:32:47 Job executing on host: <128.105.245.181:9618?addrs=128.105.245.181-9618&noUDP&sock=5448_740d_3>
...
006 (111515045.075.000) 04/26 01:32:55 Image size of job updated: 636
	1  -  MemoryUsage of job (MB)
	636  -  ResidentSetSize of job (KB)
...
006 (111515045.075.000) 04/26 01:37:56 Image size of job updated: 676
	1  -  MemoryUsage of job (MB)
	676  -  ResidentSetSize of job (KB)
...
006 (111515045.075.000) 04/26 01:42:57 Image size of job updated: 636276
	546  -  MemoryUsage of job (MB)
	558280  -  ResidentSetSize of job (KB)
...
006 (111515045.075.000) 04/26 01:47:58 Image size of job updated: 1119120
	1017  -  MemoryUsage of job (MB)
	1041068  -  ResidentSetSize of job (KB)
...
006 (111515045.075.000) 04/26 01:52:58 Image size of job updated: 1771752
	1655  -  MemoryUsage of job (MB)
	1693700  -  ResidentSetSize of job (KB)
...
006 (111515045.075.000) 04/26 01:57:58 Image size of job updated: 2458104
	2325  -  MemoryUsage of job (MB)
	2380052  -  ResidentSetSize of job (KB)
...
006 (111515045.075.000) 04/26 02:02:59 Image size of job updated: 3412568
	3257  -  MemoryUsage of job (MB)
	3334516  -  ResidentSetSize of job (KB)
...
006 (111515045.075.000) 04/26 02:08:00 Image size of job updated: 4364516
	4186  -  MemoryUsage of job (MB)
	4286464  -  ResidentSetSize of job (KB)
...
006 (111515045.075.000) 04/26 02:13:00 Image size of job updated: 5302512
	5103  -  MemoryUsage of job (MB)
	5224460  -  ResidentSetSize of job (KB)
...
006 (111515045.075.000) 04/26 02:18:00 Image size of job updated: 6199088
	5978  -  MemoryUsage of job (MB)
	6121036  -  ResidentSetSize of job (KB)
...
006 (111515045.075.000) 04/26 02:23:01 Image size of job updated: 7130848
	6888  -  MemoryUsage of job (MB)
	7052796  -  ResidentSetSize of job (KB)
...
006 (111515045.075.000) 04/26 02:28:01 Image size of job updated: 8035560
	7772  -  MemoryUsage of job (MB)
	7957508  -  ResidentSetSize of job (KB)
...
006 (111515045.075.000) 04/26 02:33:02 Image size of job updated: 8909896
	8625  -  MemoryUsage of job (MB)
	8831844  -  ResidentSetSize of job (KB)
...
006 (111515045.075.000) 04/26 02:38:03 Image size of job updated: 9754436
	9450  -  MemoryUsage of job (MB)
	9676384  -  ResidentSetSize of job (KB)
...
006 (111515045.075.000) 04/26 02:43:03 Image size of job updated: 10449340
	10129  -  MemoryUsage of job (MB)
	10371288  -  ResidentSetSize of job (KB)
...
006 (111515045.075.000) 04/26 02:48:03 Image size of job updated: 11196748
	10858  -  MemoryUsage of job (MB)
	11118484  -  ResidentSetSize of job (KB)
...
006 (111515045.075.000) 04/26 02:53:04 Image size of job updated: 11967336
	11611  -  MemoryUsage of job (MB)
	11889072  -  ResidentSetSize of job (KB)
...
006 (111515045.075.000) 04/26 02:58:04 Image size of job updated: 12814776
	12438  -  MemoryUsage of job (MB)
	12736512  -  ResidentSetSize of job (KB)
...
006 (111515045.075.000) 04/26 03:03:04 Image size of job updated: 13793452
	13394  -  MemoryUsage of job (MB)
	13715188  -  ResidentSetSize of job (KB)
...
006 (111515045.075.000) 04/26 03:08:04 Image size of job updated: 14708908
	14288  -  MemoryUsage of job (MB)
	14630644  -  ResidentSetSize of job (KB)
...
006 (111515045.075.000) 04/26 03:13:05 Image size of job updated: 15474232
	15035  -  MemoryUsage of job (MB)
	15395300  -  ResidentSetSize of job (KB)
...
006 (111515045.075.000) 04/26 03:18:06 Image size of job updated: 16404472
	15938  -  MemoryUsage of job (MB)
	16320252  -  ResidentSetSize of job (KB)
...
006 (111515045.075.000) 04/26 03:23:06 Image size of job updated: 17330288
	16839  -  MemoryUsage of job (MB)
	17242228  -  ResidentSetSize of job (KB)
...
006 (111515045.075.000) 04/26 03:28:06 Image size of job updated: 17983196
	17476  -  MemoryUsage of job (MB)
	17894572  -  ResidentSetSize of job (KB)
...
006 (111515045.075.000) 04/26 03:33:08 Image size of job updated: 18648732
	18123  -  MemoryUsage of job (MB)
	18557868  -  ResidentSetSize of job (KB)
...
006 (111515045.075.000) 04/26 03:38:08 Image size of job updated: 19321732
	18770  -  MemoryUsage of job (MB)
	19219628  -  ResidentSetSize of job (KB)
...
006 (111515045.075.000) 04/26 03:43:08 Image size of job updated: 20158764
	19589  -  MemoryUsage of job (MB)
	20058372  -  ResidentSetSize of job (KB)
...
006 (111515045.075.000) 04/26 03:48:09 Image size of job updated: 20768272
	20153  -  MemoryUsage of job (MB)
	20636560  -  ResidentSetSize of job (KB)
...
006 (111515045.075.000) 04/26 03:53:09 Image size of job updated: 21424512
	20445  -  MemoryUsage of job (MB)
	20935648  -  ResidentSetSize of job (KB)
...
005 (111515045.075.000) 04/26 03:55:43 Job terminated.
	(1) Normal termination (return value 0)
		Usr 0 02:03:06, Sys 0 00:03:06  -  Run Remote Usage
		Usr 0 00:00:00, Sys 0 00:00:00  -  Run Local Usage
		Usr 0 02:03:06, Sys 0 00:03:06  -  Total Remote Usage
		Usr 0 00:00:00, Sys 0 00:00:00  -  Total Local Usage
	19929184  -  Run Bytes Sent By Job
	1780295040  -  Run Bytes Received By Job
	19929184  -  Total Bytes Sent By Job
	1780295040  -  Total Bytes Received By Job
	Partitionable Resources :      Usage  Request Allocated 
	   Cpus                 :       0.68        1         1 
	   Disk (KB)            : 6849190    20971520  22158674 
	   Ioheavy              :                             0 
	   Memory (MB)          :   20445       20480     20480 
...
