000 (111472057.190.000) 04/24 11:52:17 Job submitted from host: <128.104.100.44:9618?addrs=128.104.100.44-9618+[2607-f388-107c-501-90e2-baff-fe2c-2724]-9618&noUDP&sock=4699_0235_3>
...
001 (111472057.190.000) 04/24 19:25:06 Job executing on host: <128.105.245.225:9618?addrs=128.105.245.225-9618&noUDP&sock=19608_0919_26>
...
006 (111472057.190.000) 04/24 19:25:15 Image size of job updated: 616
	1  -  MemoryUsage of job (MB)
	616  -  ResidentSetSize of job (KB)
...
006 (111472057.190.000) 04/24 19:30:16 Image size of job updated: 644
	1  -  MemoryUsage of job (MB)
	644  -  ResidentSetSize of job (KB)
...
006 (111472057.190.000) 04/24 19:35:17 Image size of job updated: 298616
	216  -  MemoryUsage of job (MB)
	220620  -  ResidentSetSize of job (KB)
...
006 (111472057.190.000) 04/24 19:40:17 Image size of job updated: 733236
	640  -  MemoryUsage of job (MB)
	655240  -  ResidentSetSize of job (KB)
...
006 (111472057.190.000) 04/24 19:45:17 Image size of job updated: 1227076
	1123  -  MemoryUsage of job (MB)
	1149024  -  ResidentSetSize of job (KB)
...
006 (111472057.190.000) 04/24 19:50:17 Image size of job updated: 1960584
	1839  -  MemoryUsage of job (MB)
	1882532  -  ResidentSetSize of job (KB)
...
006 (111472057.190.000) 04/24 19:55:18 Image size of job updated: 2867828
	2725  -  MemoryUsage of job (MB)
	2789776  -  ResidentSetSize of job (KB)
...
006 (111472057.190.000) 04/24 20:00:19 Image size of job updated: 3738220
	3575  -  MemoryUsage of job (MB)
	3660168  -  ResidentSetSize of job (KB)
...
006 (111472057.190.000) 04/24 20:05:20 Image size of job updated: 4602412
	4419  -  MemoryUsage of job (MB)
	4524360  -  ResidentSetSize of job (KB)
...
006 (111472057.190.000) 04/24 20:10:20 Image size of job updated: 5575212
	5369  -  MemoryUsage of job (MB)
	5497160  -  ResidentSetSize of job (KB)
...
006 (111472057.190.000) 04/24 20:15:20 Image size of job updated: 6507140
	6279  -  MemoryUsage of job (MB)
	6429088  -  ResidentSetSize of job (KB)
...
006 (111472057.190.000) 04/24 20:20:21 Image size of job updated: 7387792
	7139  -  MemoryUsage of job (MB)
	7309740  -  ResidentSetSize of job (KB)
...
006 (111472057.190.000) 04/24 20:25:21 Image size of job updated: 8387396
	8115  -  MemoryUsage of job (MB)
	8309344  -  ResidentSetSize of job (KB)
...
006 (111472057.190.000) 04/24 20:30:21 Image size of job updated: 9244940
	8953  -  MemoryUsage of job (MB)
	9166888  -  ResidentSetSize of job (KB)
...
006 (111472057.190.000) 04/24 20:35:21 Image size of job updated: 10009248
	9699  -  MemoryUsage of job (MB)
	9931196  -  ResidentSetSize of job (KB)
...
006 (111472057.190.000) 04/24 20:40:21 Image size of job updated: 10791264
	10463  -  MemoryUsage of job (MB)
	10713212  -  ResidentSetSize of job (KB)
...
006 (111472057.190.000) 04/24 20:45:22 Image size of job updated: 11591884
	11244  -  MemoryUsage of job (MB)
	11513832  -  ResidentSetSize of job (KB)
...
006 (111472057.190.000) 04/24 20:50:23 Image size of job updated: 12391768
	12026  -  MemoryUsage of job (MB)
	12313716  -  ResidentSetSize of job (KB)
...
006 (111472057.190.000) 04/24 20:55:24 Image size of job updated: 13154480
	12770  -  MemoryUsage of job (MB)
	13076428  -  ResidentSetSize of job (KB)
...
006 (111472057.190.000) 04/24 21:00:24 Image size of job updated: 13949476
	13547  -  MemoryUsage of job (MB)
	13871424  -  ResidentSetSize of job (KB)
...
006 (111472057.190.000) 04/24 21:05:25 Image size of job updated: 14756052
	14334  -  MemoryUsage of job (MB)
	14678000  -  ResidentSetSize of job (KB)
...
006 (111472057.190.000) 04/24 21:10:27 Image size of job updated: 15496348
	15054  -  MemoryUsage of job (MB)
	15415116  -  ResidentSetSize of job (KB)
...
006 (111472057.190.000) 04/24 21:15:27 Image size of job updated: 16297512
	15836  -  MemoryUsage of job (MB)
	16215812  -  ResidentSetSize of job (KB)
...
006 (111472057.190.000) 04/24 21:20:28 Image size of job updated: 17116476
	16636  -  MemoryUsage of job (MB)
	17034412  -  ResidentSetSize of job (KB)
...
006 (111472057.190.000) 04/24 21:25:28 Image size of job updated: 17954824
	17456  -  MemoryUsage of job (MB)
	17874420  -  ResidentSetSize of job (KB)
...
006 (111472057.190.000) 04/24 21:30:28 Image size of job updated: 18799388
	18284  -  MemoryUsage of job (MB)
	18722100  -  ResidentSetSize of job (KB)
...
006 (111472057.190.000) 04/24 21:35:30 Image size of job updated: 19539476
	19001  -  MemoryUsage of job (MB)
	19456344  -  ResidentSetSize of job (KB)
...
006 (111472057.190.000) 04/24 21:40:30 Image size of job updated: 20250100
	19679  -  MemoryUsage of job (MB)
	20151096  -  ResidentSetSize of job (KB)
...
006 (111472057.190.000) 04/24 21:45:31 Image size of job updated: 20955564
	20294  -  MemoryUsage of job (MB)
	20780120  -  ResidentSetSize of job (KB)
...
006 (111472057.190.000) 04/24 21:50:31 Image size of job updated: 21666696
	20462  -  MemoryUsage of job (MB)
	20952412  -  ResidentSetSize of job (KB)
...
006 (111472057.190.000) 04/24 21:55:32 Image size of job updated: 22279496
	20463  -  MemoryUsage of job (MB)
	20953436  -  ResidentSetSize of job (KB)
...
006 (111472057.190.000) 04/24 22:00:32 Image size of job updated: 22667256
	20463  -  MemoryUsage of job (MB)
	20953436  -  ResidentSetSize of job (KB)
...
006 (111472057.190.000) 04/24 22:05:33 Image size of job updated: 22996880
	20463  -  MemoryUsage of job (MB)
	20953436  -  ResidentSetSize of job (KB)
...
006 (111472057.190.000) 04/24 22:10:33 Image size of job updated: 23438728
	20463  -  MemoryUsage of job (MB)
	20953436  -  ResidentSetSize of job (KB)
...
006 (111472057.190.000) 04/24 22:15:34 Image size of job updated: 23891420
	20463  -  MemoryUsage of job (MB)
	20953436  -  ResidentSetSize of job (KB)
...
005 (111472057.190.000) 04/24 22:16:57 Job terminated.
	(1) Normal termination (return value 0)
		Usr 0 02:29:02, Sys 0 00:03:10  -  Run Remote Usage
		Usr 0 00:00:00, Sys 0 00:00:00  -  Run Local Usage
		Usr 0 02:29:02, Sys 0 00:03:10  -  Total Remote Usage
		Usr 0 00:00:00, Sys 0 00:00:00  -  Total Local Usage
	22546104  -  Run Bytes Sent By Job
	1780295040  -  Run Bytes Received By Job
	22546104  -  Total Bytes Sent By Job
	1780295040  -  Total Bytes Received By Job
	Partitionable Resources :      Usage  Request Allocated 
	   Cpus                 :       0.03        1         1 
	   Disk (KB)            : 6888584    20971520  21412587 
	   Ioheavy              :                             0 
	   Memory (MB)          :   20463       20480     20480 
...
