000 (111367039.052.000) 04/22 22:37:22 Job submitted from host: <128.104.100.44:9618?addrs=128.104.100.44-9618+[2607-f388-107c-501-90e2-baff-fe2c-2724]-9618&noUDP&sock=1497440_afb9_3>
...
001 (111367039.052.000) 04/22 22:47:37 Job executing on host: <128.105.245.168:9618?addrs=128.105.245.168-9618&noUDP&sock=5474_4983_3>
...
006 (111367039.052.000) 04/22 22:47:46 Image size of job updated: 624
	1  -  MemoryUsage of job (MB)
	624  -  ResidentSetSize of job (KB)
...
006 (111367039.052.000) 04/22 22:52:47 Image size of job updated: 648
	1  -  MemoryUsage of job (MB)
	648  -  ResidentSetSize of job (KB)
...
006 (111367039.052.000) 04/22 22:57:48 Image size of job updated: 652
	1  -  MemoryUsage of job (MB)
	652  -  ResidentSetSize of job (KB)
...
006 (111367039.052.000) 04/22 23:02:50 Image size of job updated: 287672
	205  -  MemoryUsage of job (MB)
	209684  -  ResidentSetSize of job (KB)
...
006 (111367039.052.000) 04/22 23:07:50 Image size of job updated: 669348
	578  -  MemoryUsage of job (MB)
	591352  -  ResidentSetSize of job (KB)
...
006 (111367039.052.000) 04/22 23:12:50 Image size of job updated: 1210060
	1106  -  MemoryUsage of job (MB)
	1132008  -  ResidentSetSize of job (KB)
...
006 (111367039.052.000) 04/22 23:17:51 Image size of job updated: 1731504
	1615  -  MemoryUsage of job (MB)
	1653452  -  ResidentSetSize of job (KB)
...
006 (111367039.052.000) 04/22 23:22:52 Image size of job updated: 2502168
	2368  -  MemoryUsage of job (MB)
	2424116  -  ResidentSetSize of job (KB)
...
006 (111367039.052.000) 04/22 23:27:52 Image size of job updated: 3294904
	3142  -  MemoryUsage of job (MB)
	3216852  -  ResidentSetSize of job (KB)
...
006 (111367039.052.000) 04/22 23:32:53 Image size of job updated: 4218900
	4044  -  MemoryUsage of job (MB)
	4140848  -  ResidentSetSize of job (KB)
...
006 (111367039.052.000) 04/22 23:37:53 Image size of job updated: 5056352
	4862  -  MemoryUsage of job (MB)
	4978300  -  ResidentSetSize of job (KB)
...
006 (111367039.052.000) 04/22 23:42:53 Image size of job updated: 6052616
	5835  -  MemoryUsage of job (MB)
	5974564  -  ResidentSetSize of job (KB)
...
006 (111367039.052.000) 04/22 23:47:54 Image size of job updated: 6908256
	6671  -  MemoryUsage of job (MB)
	6830204  -  ResidentSetSize of job (KB)
...
006 (111367039.052.000) 04/22 23:52:54 Image size of job updated: 7726520
	7470  -  MemoryUsage of job (MB)
	7648468  -  ResidentSetSize of job (KB)
...
006 (111367039.052.000) 04/22 23:57:56 Image size of job updated: 8373588
	8102  -  MemoryUsage of job (MB)
	8295536  -  ResidentSetSize of job (KB)
...
006 (111367039.052.000) 04/23 00:02:56 Image size of job updated: 8652204
	8374  -  MemoryUsage of job (MB)
	8574152  -  ResidentSetSize of job (KB)
...
006 (111367039.052.000) 04/23 00:07:56 Image size of job updated: 8914012
	8629  -  MemoryUsage of job (MB)
	8835960  -  ResidentSetSize of job (KB)
...
006 (111367039.052.000) 04/23 00:12:57 Image size of job updated: 9055748
	8768  -  MemoryUsage of job (MB)
	8977696  -  ResidentSetSize of job (KB)
...
006 (111367039.052.000) 04/23 00:17:58 Image size of job updated: 9502732
	9204  -  MemoryUsage of job (MB)
	9424680  -  ResidentSetSize of job (KB)
...
006 (111367039.052.000) 04/23 00:22:58 Image size of job updated: 10063976
	9752  -  MemoryUsage of job (MB)
	9985924  -  ResidentSetSize of job (KB)
...
006 (111367039.052.000) 04/23 00:27:59 Image size of job updated: 10742712
	10415  -  MemoryUsage of job (MB)
	10664660  -  ResidentSetSize of job (KB)
...
006 (111367039.052.000) 04/23 00:33:00 Image size of job updated: 11477968
	11133  -  MemoryUsage of job (MB)
	11399916  -  ResidentSetSize of job (KB)
...
006 (111367039.052.000) 04/23 00:38:00 Image size of job updated: 12239940
	11877  -  MemoryUsage of job (MB)
	12161888  -  ResidentSetSize of job (KB)
...
006 (111367039.052.000) 04/23 00:43:01 Image size of job updated: 13121840
	12739  -  MemoryUsage of job (MB)
	13043788  -  ResidentSetSize of job (KB)
...
006 (111367039.052.000) 04/23 00:48:00 Image size of job updated: 13773408
	13375  -  MemoryUsage of job (MB)
	13695356  -  ResidentSetSize of job (KB)
...
006 (111367039.052.000) 04/23 00:53:01 Image size of job updated: 14587028
	14169  -  MemoryUsage of job (MB)
	14508976  -  ResidentSetSize of job (KB)
...
006 (111367039.052.000) 04/23 00:58:02 Image size of job updated: 15322852
	14888  -  MemoryUsage of job (MB)
	15244800  -  ResidentSetSize of job (KB)
...
006 (111367039.052.000) 04/23 01:03:02 Image size of job updated: 15905772
	15457  -  MemoryUsage of job (MB)
	15827124  -  ResidentSetSize of job (KB)
...
006 (111367039.052.000) 04/23 01:08:04 Image size of job updated: 16520332
	16056  -  MemoryUsage of job (MB)
	16440944  -  ResidentSetSize of job (KB)
...
006 (111367039.052.000) 04/23 01:13:04 Image size of job updated: 17267064
	16785  -  MemoryUsage of job (MB)
	17187164  -  ResidentSetSize of job (KB)
...
006 (111367039.052.000) 04/23 01:18:04 Image size of job updated: 17909204
	17412  -  MemoryUsage of job (MB)
	17829056  -  ResidentSetSize of job (KB)
...
006 (111367039.052.000) 04/23 01:23:04 Image size of job updated: 18817064
	18299  -  MemoryUsage of job (MB)
	18737796  -  ResidentSetSize of job (KB)
...
006 (111367039.052.000) 04/23 01:28:05 Image size of job updated: 19515372
	18985  -  MemoryUsage of job (MB)
	19440400  -  ResidentSetSize of job (KB)
...
006 (111367039.052.000) 04/23 01:33:05 Image size of job updated: 20129720
	19587  -  MemoryUsage of job (MB)
	20056356  -  ResidentSetSize of job (KB)
...
006 (111367039.052.000) 04/23 01:38:05 Image size of job updated: 20783000
	20186  -  MemoryUsage of job (MB)
	20670444  -  ResidentSetSize of job (KB)
...
006 (111367039.052.000) 04/23 01:42:45 Image size of job updated: 21066500
	20188  -  MemoryUsage of job (MB)
	20671524  -  ResidentSetSize of job (KB)
...
005 (111367039.052.000) 04/23 01:42:47 Job terminated.
	(1) Normal termination (return value 0)
		Usr 0 02:04:07, Sys 0 00:02:58  -  Run Remote Usage
		Usr 0 00:00:00, Sys 0 00:00:00  -  Run Local Usage
		Usr 0 02:04:07, Sys 0 00:02:58  -  Total Remote Usage
		Usr 0 00:00:00, Sys 0 00:00:00  -  Total Local Usage
	20493320  -  Run Bytes Sent By Job
	1780294656  -  Run Bytes Received By Job
	20493320  -  Total Bytes Sent By Job
	1780294656  -  Total Bytes Received By Job
	Partitionable Resources :      Usage  Request Allocated 
	   Cpus                 :       0.35        1         1 
	   Disk (KB)            : 6849740    20971520  21384754 
	   Ioheavy              :                             0 
	   Memory (MB)          :   20188       20480     20480 
...
