000 (111367039.111.000) 04/22 22:37:22 Job submitted from host: <128.104.100.44:9618?addrs=128.104.100.44-9618+[2607-f388-107c-501-90e2-baff-fe2c-2724]-9618&noUDP&sock=1497440_afb9_3>
...
001 (111367039.111.000) 04/23 01:25:53 Job executing on host: <128.105.245.157:9618?addrs=128.105.245.157-9618&noUDP&sock=5433_2a21_29>
...
006 (111367039.111.000) 04/23 01:26:01 Image size of job updated: 620
	1  -  MemoryUsage of job (MB)
	620  -  ResidentSetSize of job (KB)
...
006 (111367039.111.000) 04/23 01:31:02 Image size of job updated: 628
	1  -  MemoryUsage of job (MB)
	628  -  ResidentSetSize of job (KB)
...
006 (111367039.111.000) 04/23 01:36:06 Image size of job updated: 648
	1  -  MemoryUsage of job (MB)
	648  -  ResidentSetSize of job (KB)
...
006 (111367039.111.000) 04/23 01:41:04 Image size of job updated: 652
	1  -  MemoryUsage of job (MB)
	652  -  ResidentSetSize of job (KB)
...
006 (111367039.111.000) 04/23 01:46:05 Image size of job updated: 664
	1  -  MemoryUsage of job (MB)
	664  -  ResidentSetSize of job (KB)
...
006 (111367039.111.000) 04/23 01:51:05 Image size of job updated: 463844
	377  -  MemoryUsage of job (MB)
	385844  -  ResidentSetSize of job (KB)
...
006 (111367039.111.000) 04/23 01:56:05 Image size of job updated: 875336
	779  -  MemoryUsage of job (MB)
	797280  -  ResidentSetSize of job (KB)
...
006 (111367039.111.000) 04/23 02:01:06 Image size of job updated: 1317932
	1211  -  MemoryUsage of job (MB)
	1239876  -  ResidentSetSize of job (KB)
...
006 (111367039.111.000) 04/23 02:06:07 Image size of job updated: 1910176
	1790  -  MemoryUsage of job (MB)
	1832120  -  ResidentSetSize of job (KB)
...
006 (111367039.111.000) 04/23 02:11:08 Image size of job updated: 2694420
	2556  -  MemoryUsage of job (MB)
	2616364  -  ResidentSetSize of job (KB)
...
006 (111367039.111.000) 04/23 02:16:09 Image size of job updated: 3674824
	3513  -  MemoryUsage of job (MB)
	3596768  -  ResidentSetSize of job (KB)
...
006 (111367039.111.000) 04/23 02:21:10 Image size of job updated: 4412168
	4233  -  MemoryUsage of job (MB)
	4334112  -  ResidentSetSize of job (KB)
...
006 (111367039.111.000) 04/23 02:26:10 Image size of job updated: 4941148
	4750  -  MemoryUsage of job (MB)
	4863092  -  ResidentSetSize of job (KB)
...
006 (111367039.111.000) 04/23 02:31:10 Image size of job updated: 5753908
	5543  -  MemoryUsage of job (MB)
	5675852  -  ResidentSetSize of job (KB)
...
006 (111367039.111.000) 04/23 02:36:11 Image size of job updated: 6501700
	6274  -  MemoryUsage of job (MB)
	6423644  -  ResidentSetSize of job (KB)
...
006 (111367039.111.000) 04/23 02:41:11 Image size of job updated: 7386148
	7137  -  MemoryUsage of job (MB)
	7308092  -  ResidentSetSize of job (KB)
...
006 (111367039.111.000) 04/23 02:46:11 Image size of job updated: 8225828
	7957  -  MemoryUsage of job (MB)
	8147772  -  ResidentSetSize of job (KB)
...
006 (111367039.111.000) 04/23 02:51:12 Image size of job updated: 8954484
	8669  -  MemoryUsage of job (MB)
	8876428  -  ResidentSetSize of job (KB)
...
006 (111367039.111.000) 04/23 02:56:13 Image size of job updated: 9599412
	9299  -  MemoryUsage of job (MB)
	9521356  -  ResidentSetSize of job (KB)
...
006 (111367039.111.000) 04/23 03:01:14 Image size of job updated: 10266388
	9950  -  MemoryUsage of job (MB)
	10188332  -  ResidentSetSize of job (KB)
...
006 (111367039.111.000) 04/23 03:06:15 Image size of job updated: 10750496
	10423  -  MemoryUsage of job (MB)
	10672440  -  ResidentSetSize of job (KB)
...
006 (111367039.111.000) 04/23 03:11:15 Image size of job updated: 11107896
	10772  -  MemoryUsage of job (MB)
	11029840  -  ResidentSetSize of job (KB)
...
006 (111367039.111.000) 04/23 03:16:15 Image size of job updated: 11507664
	11162  -  MemoryUsage of job (MB)
	11429608  -  ResidentSetSize of job (KB)
...
006 (111367039.111.000) 04/23 03:21:16 Image size of job updated: 11936844
	11581  -  MemoryUsage of job (MB)
	11858788  -  ResidentSetSize of job (KB)
...
006 (111367039.111.000) 04/23 03:26:17 Image size of job updated: 12434632
	12067  -  MemoryUsage of job (MB)
	12356576  -  ResidentSetSize of job (KB)
...
006 (111367039.111.000) 04/23 03:31:17 Image size of job updated: 13134920
	12751  -  MemoryUsage of job (MB)
	13056864  -  ResidentSetSize of job (KB)
...
006 (111367039.111.000) 04/23 03:36:19 Image size of job updated: 13827360
	13428  -  MemoryUsage of job (MB)
	13749304  -  ResidentSetSize of job (KB)
...
006 (111367039.111.000) 04/23 03:41:19 Image size of job updated: 14364552
	13952  -  MemoryUsage of job (MB)
	14286496  -  ResidentSetSize of job (KB)
...
006 (111367039.111.000) 04/23 03:46:20 Image size of job updated: 15005096
	14578  -  MemoryUsage of job (MB)
	14927040  -  ResidentSetSize of job (KB)
...
006 (111367039.111.000) 04/23 03:51:22 Image size of job updated: 15566748
	15126  -  MemoryUsage of job (MB)
	15488348  -  ResidentSetSize of job (KB)
...
006 (111367039.111.000) 04/23 03:56:22 Image size of job updated: 16069856
	15617  -  MemoryUsage of job (MB)
	15991072  -  ResidentSetSize of job (KB)
...
006 (111367039.111.000) 04/23 04:01:22 Image size of job updated: 16707788
	16239  -  MemoryUsage of job (MB)
	16628336  -  ResidentSetSize of job (KB)
...
006 (111367039.111.000) 04/23 04:06:23 Image size of job updated: 17342356
	16858  -  MemoryUsage of job (MB)
	17261728  -  ResidentSetSize of job (KB)
...
006 (111367039.111.000) 04/23 04:11:24 Image size of job updated: 18201164
	17694  -  MemoryUsage of job (MB)
	18118524  -  ResidentSetSize of job (KB)
...
006 (111367039.111.000) 04/23 04:16:25 Image size of job updated: 19039316
	18500  -  MemoryUsage of job (MB)
	18943988  -  ResidentSetSize of job (KB)
...
006 (111367039.111.000) 04/23 04:21:25 Image size of job updated: 19762688
	19199  -  MemoryUsage of job (MB)
	19659024  -  ResidentSetSize of job (KB)
...
006 (111367039.111.000) 04/23 04:26:25 Image size of job updated: 20275056
	19679  -  MemoryUsage of job (MB)
	20150424  -  ResidentSetSize of job (KB)
...
006 (111367039.111.000) 04/23 04:30:30 Image size of job updated: 21049028
	19681  -  MemoryUsage of job (MB)
	20152688  -  ResidentSetSize of job (KB)
...
005 (111367039.111.000) 04/23 04:30:32 Job terminated.
	(1) Normal termination (return value 0)
		Usr 0 02:02:45, Sys 0 00:01:57  -  Run Remote Usage
		Usr 0 00:00:00, Sys 0 00:00:00  -  Run Local Usage
		Usr 0 02:02:45, Sys 0 00:01:57  -  Total Remote Usage
		Usr 0 00:00:00, Sys 0 00:00:00  -  Total Local Usage
	20436370  -  Run Bytes Sent By Job
	1780294656  -  Run Bytes Received By Job
	20436370  -  Total Bytes Sent By Job
	1780294656  -  Total Bytes Received By Job
	Partitionable Resources :      Usage  Request Allocated 
	   Cpus                 :       0.98        1         1 
	   Disk (KB)            : 6849686    20971520  21232151 
	   Ioheavy              :                             0 
	   Memory (MB)          :   19681       20480     20480 
...
