000 (111472057.120.000) 04/24 11:52:17 Job submitted from host: <128.104.100.44:9618?addrs=128.104.100.44-9618+[2607-f388-107c-501-90e2-baff-fe2c-2724]-9618&noUDP&sock=4699_0235_3>
...
001 (111472057.120.000) 04/24 19:07:55 Job executing on host: <128.105.245.173:9618?addrs=128.105.245.173-9618&noUDP&sock=5466_ccc1_3>
...
006 (111472057.120.000) 04/24 19:08:04 Image size of job updated: 608
	1  -  MemoryUsage of job (MB)
	608  -  ResidentSetSize of job (KB)
...
006 (111472057.120.000) 04/24 19:13:05 Image size of job updated: 616
	1  -  MemoryUsage of job (MB)
	616  -  ResidentSetSize of job (KB)
...
006 (111472057.120.000) 04/24 19:18:06 Image size of job updated: 636
	1  -  MemoryUsage of job (MB)
	636  -  ResidentSetSize of job (KB)
...
006 (111472057.120.000) 04/24 19:23:06 Image size of job updated: 640
	1  -  MemoryUsage of job (MB)
	640  -  ResidentSetSize of job (KB)
...
006 (111472057.120.000) 04/24 19:33:08 Image size of job updated: 644
	1  -  MemoryUsage of job (MB)
	644  -  ResidentSetSize of job (KB)
...
006 (111472057.120.000) 04/24 19:38:08 Image size of job updated: 656
	1  -  MemoryUsage of job (MB)
	656  -  ResidentSetSize of job (KB)
...
006 (111472057.120.000) 04/24 19:43:08 Image size of job updated: 398964
	314  -  MemoryUsage of job (MB)
	320968  -  ResidentSetSize of job (KB)
...
006 (111472057.120.000) 04/24 19:48:08 Image size of job updated: 993112
	894  -  MemoryUsage of job (MB)
	915060  -  ResidentSetSize of job (KB)
...
006 (111472057.120.000) 04/24 19:53:08 Image size of job updated: 1831416
	1713  -  MemoryUsage of job (MB)
	1753364  -  ResidentSetSize of job (KB)
...
006 (111472057.120.000) 04/24 19:58:10 Image size of job updated: 2727092
	2587  -  MemoryUsage of job (MB)
	2649040  -  ResidentSetSize of job (KB)
...
006 (111472057.120.000) 04/24 20:03:10 Image size of job updated: 3418964
	3263  -  MemoryUsage of job (MB)
	3340912  -  ResidentSetSize of job (KB)
...
006 (111472057.120.000) 04/24 20:08:10 Image size of job updated: 4135528
	3963  -  MemoryUsage of job (MB)
	4057476  -  ResidentSetSize of job (KB)
...
006 (111472057.120.000) 04/24 20:13:10 Image size of job updated: 4766960
	4580  -  MemoryUsage of job (MB)
	4688908  -  ResidentSetSize of job (KB)
...
006 (111472057.120.000) 04/24 20:18:11 Image size of job updated: 5436600
	5233  -  MemoryUsage of job (MB)
	5358548  -  ResidentSetSize of job (KB)
...
006 (111472057.120.000) 04/24 20:23:12 Image size of job updated: 6119660
	5901  -  MemoryUsage of job (MB)
	6041608  -  ResidentSetSize of job (KB)
...
006 (111472057.120.000) 04/24 20:28:13 Image size of job updated: 6802636
	6567  -  MemoryUsage of job (MB)
	6724584  -  ResidentSetSize of job (KB)
...
006 (111472057.120.000) 04/24 20:33:13 Image size of job updated: 7906292
	7645  -  MemoryUsage of job (MB)
	7828240  -  ResidentSetSize of job (KB)
...
006 (111472057.120.000) 04/24 20:38:14 Image size of job updated: 9083668
	8795  -  MemoryUsage of job (MB)
	9005616  -  ResidentSetSize of job (KB)
...
006 (111472057.120.000) 04/24 20:43:15 Image size of job updated: 9760452
	9456  -  MemoryUsage of job (MB)
	9682400  -  ResidentSetSize of job (KB)
...
006 (111472057.120.000) 04/24 20:48:15 Image size of job updated: 10470420
	10149  -  MemoryUsage of job (MB)
	10392368  -  ResidentSetSize of job (KB)
...
006 (111472057.120.000) 04/24 20:53:17 Image size of job updated: 11489456
	11144  -  MemoryUsage of job (MB)
	11411404  -  ResidentSetSize of job (KB)
...
006 (111472057.120.000) 04/24 20:58:16 Image size of job updated: 12408096
	12042  -  MemoryUsage of job (MB)
	12330044  -  ResidentSetSize of job (KB)
...
006 (111472057.120.000) 04/24 21:03:18 Image size of job updated: 13019528
	12639  -  MemoryUsage of job (MB)
	12941476  -  ResidentSetSize of job (KB)
...
006 (111472057.120.000) 04/24 21:08:18 Image size of job updated: 13487384
	13096  -  MemoryUsage of job (MB)
	13409332  -  ResidentSetSize of job (KB)
...
006 (111472057.120.000) 04/24 21:13:20 Image size of job updated: 13883320
	13482  -  MemoryUsage of job (MB)
	13805268  -  ResidentSetSize of job (KB)
...
006 (111472057.120.000) 04/24 21:18:19 Image size of job updated: 14118616
	13712  -  MemoryUsage of job (MB)
	14040564  -  ResidentSetSize of job (KB)
...
006 (111472057.120.000) 04/24 21:23:19 Image size of job updated: 14529672
	14113  -  MemoryUsage of job (MB)
	14451620  -  ResidentSetSize of job (KB)
...
006 (111472057.120.000) 04/24 21:28:20 Image size of job updated: 15080700
	14652  -  MemoryUsage of job (MB)
	15002648  -  ResidentSetSize of job (KB)
...
006 (111472057.120.000) 04/24 21:33:21 Image size of job updated: 15856856
	15408  -  MemoryUsage of job (MB)
	15777180  -  ResidentSetSize of job (KB)
...
006 (111472057.120.000) 04/24 21:38:21 Image size of job updated: 16907412
	16432  -  MemoryUsage of job (MB)
	16826304  -  ResidentSetSize of job (KB)
...
006 (111472057.120.000) 04/24 21:43:22 Image size of job updated: 17726536
	17231  -  MemoryUsage of job (MB)
	17644304  -  ResidentSetSize of job (KB)
...
006 (111472057.120.000) 04/24 21:48:24 Image size of job updated: 18728552
	18199  -  MemoryUsage of job (MB)
	18635424  -  ResidentSetSize of job (KB)
...
006 (111472057.120.000) 04/24 21:53:23 Image size of job updated: 19231068
	18682  -  MemoryUsage of job (MB)
	19129376  -  ResidentSetSize of job (KB)
...
006 (111472057.120.000) 04/24 21:58:23 Image size of job updated: 19665840
	19094  -  MemoryUsage of job (MB)
	19551892  -  ResidentSetSize of job (KB)
...
006 (111472057.120.000) 04/24 22:03:23 Image size of job updated: 20253656
	19642  -  MemoryUsage of job (MB)
	20112512  -  ResidentSetSize of job (KB)
...
006 (111472057.120.000) 04/24 22:08:25 Image size of job updated: 20815352
	20093  -  MemoryUsage of job (MB)
	20574688  -  ResidentSetSize of job (KB)
...
006 (111472057.120.000) 04/24 22:13:25 Image size of job updated: 21267396
	20374  -  MemoryUsage of job (MB)
	20862532  -  ResidentSetSize of job (KB)
...
006 (111472057.120.000) 04/24 22:18:27 Image size of job updated: 21512496
	20441  -  MemoryUsage of job (MB)
	20931488  -  ResidentSetSize of job (KB)
...
006 (111472057.120.000) 04/24 22:21:47 Image size of job updated: 21654288
	20441  -  MemoryUsage of job (MB)
	20931488  -  ResidentSetSize of job (KB)
...
005 (111472057.120.000) 04/24 22:21:49 Job terminated.
	(1) Normal termination (return value 0)
		Usr 0 01:32:18, Sys 0 00:01:45  -  Run Remote Usage
		Usr 0 00:00:00, Sys 0 00:00:00  -  Run Local Usage
		Usr 0 01:32:18, Sys 0 00:01:45  -  Total Remote Usage
		Usr 0 00:00:00, Sys 0 00:00:00  -  Total Local Usage
	20042116  -  Run Bytes Sent By Job
	1780295040  -  Run Bytes Received By Job
	20042116  -  Total Bytes Sent By Job
	1780295040  -  Total Bytes Received By Job
	Partitionable Resources :      Usage  Request Allocated 
	   Cpus                 :       0.63        1         1 
	   Disk (KB)            : 6849301    20971520  21261983 
	   Ioheavy              :                             0 
	   Memory (MB)          :   20441       20480     20480 
...
