000 (112087473.010.000) 05/02 18:37:22 Job submitted from host: <128.104.100.44:9618?addrs=128.104.100.44-9618+[2607-f388-107c-501-90e2-baff-fe2c-2724]-9618&noUDP&sock=4699_0235_3>
...
033 (112087473.010.000) 05/02 18:37:39 Changing job attribute JobPrio from 0 to 10
...
001 (112087473.010.000) 05/02 19:14:19 Job executing on host: <128.105.245.247:9618?addrs=128.105.245.247-9618&noUDP&sock=5487_343f_3>
...
006 (112087473.010.000) 05/02 19:14:27 Image size of job updated: 624
	1  -  MemoryUsage of job (MB)
	624  -  ResidentSetSize of job (KB)
...
006 (112087473.010.000) 05/02 19:19:28 Image size of job updated: 652
	1  -  MemoryUsage of job (MB)
	652  -  ResidentSetSize of job (KB)
...
006 (112087473.010.000) 05/02 19:24:29 Image size of job updated: 352936
	269  -  MemoryUsage of job (MB)
	274940  -  ResidentSetSize of job (KB)
...
006 (112087473.010.000) 05/02 19:29:29 Image size of job updated: 1062340
	962  -  MemoryUsage of job (MB)
	984288  -  ResidentSetSize of job (KB)
...
006 (112087473.010.000) 05/02 19:34:29 Image size of job updated: 1877476
	1758  -  MemoryUsage of job (MB)
	1799424  -  ResidentSetSize of job (KB)
...
006 (112087473.010.000) 05/02 19:39:30 Image size of job updated: 3020244
	2874  -  MemoryUsage of job (MB)
	2942192  -  ResidentSetSize of job (KB)
...
006 (112087473.010.000) 05/02 19:44:31 Image size of job updated: 4584632
	4401  -  MemoryUsage of job (MB)
	4506580  -  ResidentSetSize of job (KB)
...
006 (112087473.010.000) 05/02 19:49:32 Image size of job updated: 5906736
	5693  -  MemoryUsage of job (MB)
	5828684  -  ResidentSetSize of job (KB)
...
006 (112087473.010.000) 05/02 19:54:33 Image size of job updated: 7328028
	7081  -  MemoryUsage of job (MB)
	7249976  -  ResidentSetSize of job (KB)
...
006 (112087473.010.000) 05/02 19:59:34 Image size of job updated: 8650936
	8372  -  MemoryUsage of job (MB)
	8572884  -  ResidentSetSize of job (KB)
...
006 (112087473.010.000) 05/02 20:04:35 Image size of job updated: 9930936
	9622  -  MemoryUsage of job (MB)
	9852884  -  ResidentSetSize of job (KB)
...
006 (112087473.010.000) 05/02 20:09:36 Image size of job updated: 11103408
	10767  -  MemoryUsage of job (MB)
	11025356  -  ResidentSetSize of job (KB)
...
006 (112087473.010.000) 05/02 20:14:37 Image size of job updated: 12352924
	11988  -  MemoryUsage of job (MB)
	12274872  -  ResidentSetSize of job (KB)
...
006 (112087473.010.000) 05/02 20:19:38 Image size of job updated: 13586996
	13193  -  MemoryUsage of job (MB)
	13508944  -  ResidentSetSize of job (KB)
...
006 (112087473.010.000) 05/02 20:24:38 Image size of job updated: 14730676
	14310  -  MemoryUsage of job (MB)
	14652624  -  ResidentSetSize of job (KB)
...
006 (112087473.010.000) 05/02 20:29:38 Image size of job updated: 15996632
	15545  -  MemoryUsage of job (MB)
	15917580  -  ResidentSetSize of job (KB)
...
006 (112087473.010.000) 05/02 20:34:39 Image size of job updated: 17128720
	16649  -  MemoryUsage of job (MB)
	17048380  -  ResidentSetSize of job (KB)
...
006 (112087473.010.000) 05/02 20:39:40 Image size of job updated: 17950960
	17448  -  MemoryUsage of job (MB)
	17866312  -  ResidentSetSize of job (KB)
...
006 (112087473.010.000) 05/02 20:44:40 Image size of job updated: 19225908
	18666  -  MemoryUsage of job (MB)
	19113032  -  ResidentSetSize of job (KB)
...
006 (112087473.010.000) 05/02 20:49:40 Image size of job updated: 20395936
	19774  -  MemoryUsage of job (MB)
	20248004  -  ResidentSetSize of job (KB)
...
006 (112087473.010.000) 05/02 20:54:40 Image size of job updated: 21313328
	20355  -  MemoryUsage of job (MB)
	20842756  -  ResidentSetSize of job (KB)
...
006 (112087473.010.000) 05/02 20:59:40 Image size of job updated: 22173632
	20437  -  MemoryUsage of job (MB)
	20926744  -  ResidentSetSize of job (KB)
...
006 (112087473.010.000) 05/02 21:04:18 Image size of job updated: 22173632
	20437  -  MemoryUsage of job (MB)
	20926892  -  ResidentSetSize of job (KB)
...
005 (112087473.010.000) 05/02 21:04:20 Job terminated.
	(1) Normal termination (return value 0)
		Usr 0 01:28:20, Sys 0 00:01:44  -  Run Remote Usage
		Usr 0 00:00:00, Sys 0 00:00:00  -  Run Local Usage
		Usr 0 01:28:20, Sys 0 00:01:44  -  Total Remote Usage
		Usr 0 00:00:00, Sys 0 00:00:00  -  Total Local Usage
	23066792  -  Run Bytes Sent By Job
	1780306304  -  Run Bytes Received By Job
	23066792  -  Total Bytes Sent By Job
	1780306304  -  Total Bytes Received By Job
	Partitionable Resources :      Usage  Request Allocated 
	   Cpus                 :       0.96        1         1 
	   Disk (KB)            : 6852278    20971520  21142700 
	   Ioheavy              :                             0 
	   Memory (MB)          :   20437       20480     20480 
...
