000 (112087473.046.000) 05/02 18:37:22 Job submitted from host: <128.104.100.44:9618?addrs=128.104.100.44-9618+[2607-f388-107c-501-90e2-baff-fe2c-2724]-9618&noUDP&sock=4699_0235_3>
...
033 (112087473.046.000) 05/02 18:37:39 Changing job attribute JobPrio from 0 to 10
...
001 (112087473.046.000) 05/02 19:31:59 Job executing on host: <128.105.245.172:9618?addrs=128.105.245.172-9618&noUDP&sock=5426_5cf8_44>
...
006 (112087473.046.000) 05/02 19:32:07 Image size of job updated: 628
	1  -  MemoryUsage of job (MB)
	628  -  ResidentSetSize of job (KB)
...
006 (112087473.046.000) 05/02 19:37:08 Image size of job updated: 331720
	248  -  MemoryUsage of job (MB)
	253724  -  ResidentSetSize of job (KB)
...
006 (112087473.046.000) 05/02 19:42:08 Image size of job updated: 669512
	578  -  MemoryUsage of job (MB)
	591516  -  ResidentSetSize of job (KB)
...
006 (112087473.046.000) 05/02 19:47:09 Image size of job updated: 1090324
	989  -  MemoryUsage of job (MB)
	1012272  -  ResidentSetSize of job (KB)
...
006 (112087473.046.000) 05/02 19:52:09 Image size of job updated: 1565792
	1453  -  MemoryUsage of job (MB)
	1487740  -  ResidentSetSize of job (KB)
...
006 (112087473.046.000) 05/02 19:57:09 Image size of job updated: 2159252
	2033  -  MemoryUsage of job (MB)
	2081200  -  ResidentSetSize of job (KB)
...
006 (112087473.046.000) 05/02 20:02:10 Image size of job updated: 2823692
	2682  -  MemoryUsage of job (MB)
	2745640  -  ResidentSetSize of job (KB)
...
006 (112087473.046.000) 05/02 20:07:11 Image size of job updated: 3680480
	3518  -  MemoryUsage of job (MB)
	3602428  -  ResidentSetSize of job (KB)
...
006 (112087473.046.000) 05/02 20:12:11 Image size of job updated: 4478640
	4298  -  MemoryUsage of job (MB)
	4400588  -  ResidentSetSize of job (KB)
...
006 (112087473.046.000) 05/02 20:17:11 Image size of job updated: 5292716
	5093  -  MemoryUsage of job (MB)
	5214664  -  ResidentSetSize of job (KB)
...
006 (112087473.046.000) 05/02 20:22:12 Image size of job updated: 6201128
	5980  -  MemoryUsage of job (MB)
	6123076  -  ResidentSetSize of job (KB)
...
006 (112087473.046.000) 05/02 20:27:13 Image size of job updated: 7008480
	6768  -  MemoryUsage of job (MB)
	6930428  -  ResidentSetSize of job (KB)
...
006 (112087473.046.000) 05/02 20:32:13 Image size of job updated: 7739764
	7483  -  MemoryUsage of job (MB)
	7661712  -  ResidentSetSize of job (KB)
...
006 (112087473.046.000) 05/02 20:37:13 Image size of job updated: 8503888
	8229  -  MemoryUsage of job (MB)
	8425836  -  ResidentSetSize of job (KB)
...
006 (112087473.046.000) 05/02 20:42:14 Image size of job updated: 9275920
	8983  -  MemoryUsage of job (MB)
	9197868  -  ResidentSetSize of job (KB)
...
006 (112087473.046.000) 05/02 20:47:16 Image size of job updated: 9964860
	9656  -  MemoryUsage of job (MB)
	9886808  -  ResidentSetSize of job (KB)
...
006 (112087473.046.000) 05/02 20:52:16 Image size of job updated: 10587384
	10264  -  MemoryUsage of job (MB)
	10509332  -  ResidentSetSize of job (KB)
...
006 (112087473.046.000) 05/02 20:57:16 Image size of job updated: 11299916
	10959  -  MemoryUsage of job (MB)
	11221864  -  ResidentSetSize of job (KB)
...
006 (112087473.046.000) 05/02 21:02:17 Image size of job updated: 11945792
	11590  -  MemoryUsage of job (MB)
	11867740  -  ResidentSetSize of job (KB)
...
006 (112087473.046.000) 05/02 21:07:17 Image size of job updated: 12590040
	12219  -  MemoryUsage of job (MB)
	12511988  -  ResidentSetSize of job (KB)
...
006 (112087473.046.000) 05/02 21:12:17 Image size of job updated: 13240808
	12855  -  MemoryUsage of job (MB)
	13162756  -  ResidentSetSize of job (KB)
...
006 (112087473.046.000) 05/02 21:17:18 Image size of job updated: 13856852
	13456  -  MemoryUsage of job (MB)
	13778800  -  ResidentSetSize of job (KB)
...
006 (112087473.046.000) 05/02 21:22:19 Image size of job updated: 14525832
	14110  -  MemoryUsage of job (MB)
	14447780  -  ResidentSetSize of job (KB)
...
006 (112087473.046.000) 05/02 21:27:19 Image size of job updated: 15264552
	14831  -  MemoryUsage of job (MB)
	15186500  -  ResidentSetSize of job (KB)
...
006 (112087473.046.000) 05/02 21:32:19 Image size of job updated: 16057072
	15604  -  MemoryUsage of job (MB)
	15978488  -  ResidentSetSize of job (KB)
...
006 (112087473.046.000) 05/02 21:37:20 Image size of job updated: 16338152
	15879  -  MemoryUsage of job (MB)
	16259252  -  ResidentSetSize of job (KB)
...
006 (112087473.046.000) 05/02 21:42:21 Image size of job updated: 16835324
	16363  -  MemoryUsage of job (MB)
	16755468  -  ResidentSetSize of job (KB)
...
006 (112087473.046.000) 05/02 21:47:22 Image size of job updated: 17549696
	17059  -  MemoryUsage of job (MB)
	17467968  -  ResidentSetSize of job (KB)
...
006 (112087473.046.000) 05/02 21:52:22 Image size of job updated: 18232164
	17724  -  MemoryUsage of job (MB)
	18148972  -  ResidentSetSize of job (KB)
...
006 (112087473.046.000) 05/02 21:57:22 Image size of job updated: 18866244
	18339  -  MemoryUsage of job (MB)
	18778840  -  ResidentSetSize of job (KB)
...
006 (112087473.046.000) 05/02 22:02:23 Image size of job updated: 19265560
	18723  -  MemoryUsage of job (MB)
	19172088  -  ResidentSetSize of job (KB)
...
006 (112087473.046.000) 05/02 22:07:24 Image size of job updated: 19810880
	19246  -  MemoryUsage of job (MB)
	19707676  -  ResidentSetSize of job (KB)
...
006 (112087473.046.000) 05/02 22:12:24 Image size of job updated: 20455412
	19834  -  MemoryUsage of job (MB)
	20309892  -  ResidentSetSize of job (KB)
...
006 (112087473.046.000) 05/02 22:17:24 Image size of job updated: 21103224
	20306  -  MemoryUsage of job (MB)
	20792840  -  ResidentSetSize of job (KB)
...
006 (112087473.046.000) 05/02 22:22:25 Image size of job updated: 21592440
	20433  -  MemoryUsage of job (MB)
	20923340  -  ResidentSetSize of job (KB)
...
006 (112087473.046.000) 05/02 22:27:27 Image size of job updated: 21855260
	20435  -  MemoryUsage of job (MB)
	20925352  -  ResidentSetSize of job (KB)
...
006 (112087473.046.000) 05/02 22:32:26 Image size of job updated: 22133448
	20447  -  MemoryUsage of job (MB)
	20937036  -  ResidentSetSize of job (KB)
...
006 (112087473.046.000) 05/02 22:37:26 Image size of job updated: 22505404
	20450  -  MemoryUsage of job (MB)
	20940420  -  ResidentSetSize of job (KB)
...
006 (112087473.046.000) 05/02 22:42:26 Image size of job updated: 22968068
	20450  -  MemoryUsage of job (MB)
	20940420  -  ResidentSetSize of job (KB)
...
006 (112087473.046.000) 05/02 22:43:21 Image size of job updated: 23079052
	20450  -  MemoryUsage of job (MB)
	20940420  -  ResidentSetSize of job (KB)
...
005 (112087473.046.000) 05/02 22:43:23 Job terminated.
	(1) Normal termination (return value 0)
		Usr 0 02:38:21, Sys 0 00:03:22  -  Run Remote Usage
		Usr 0 00:00:00, Sys 0 00:00:00  -  Run Local Usage
		Usr 0 02:38:21, Sys 0 00:03:22  -  Total Remote Usage
		Usr 0 00:00:00, Sys 0 00:00:00  -  Total Local Usage
	23012868  -  Run Bytes Sent By Job
	1780306304  -  Run Bytes Received By Job
	23012868  -  Total Bytes Sent By Job
	1780306304  -  Total Bytes Received By Job
	Partitionable Resources :      Usage  Request Allocated 
	   Cpus                 :       1.10        1         1 
	   Disk (KB)            : 6852225    20971520  21376823 
	   Ioheavy              :                             0 
	   Memory (MB)          :   20450       20480     20480 
...
