000 (112087473.180.000) 05/02 18:37:22 Job submitted from host: <128.104.100.44:9618?addrs=128.104.100.44-9618+[2607-f388-107c-501-90e2-baff-fe2c-2724]-9618&noUDP&sock=4699_0235_3>
...
033 (112087473.180.000) 05/02 18:37:40 Changing job attribute JobPrio from 0 to 10
...
001 (112087473.180.000) 05/02 23:00:00 Job executing on host: <128.105.245.223:9618?addrs=128.105.245.223-9618&noUDP&sock=5421_eefe_3>
...
006 (112087473.180.000) 05/02 23:00:08 Image size of job updated: 620
	1  -  MemoryUsage of job (MB)
	620  -  ResidentSetSize of job (KB)
...
006 (112087473.180.000) 05/02 23:05:09 Image size of job updated: 632
	1  -  MemoryUsage of job (MB)
	632  -  ResidentSetSize of job (KB)
...
006 (112087473.180.000) 05/02 23:10:34 Image size of job updated: 648
	1  -  MemoryUsage of job (MB)
	648  -  ResidentSetSize of job (KB)
...
006 (112087473.180.000) 05/02 23:15:11 Image size of job updated: 652
	1  -  MemoryUsage of job (MB)
	652  -  ResidentSetSize of job (KB)
...
006 (112087473.180.000) 05/02 23:30:25 Image size of job updated: 656
	1  -  MemoryUsage of job (MB)
	656  -  ResidentSetSize of job (KB)
...
006 (112087473.180.000) 05/02 23:35:13 Image size of job updated: 668
	1  -  MemoryUsage of job (MB)
	668  -  ResidentSetSize of job (KB)
...
006 (112087473.180.000) 05/02 23:40:15 Image size of job updated: 504700
	417  -  MemoryUsage of job (MB)
	426704  -  ResidentSetSize of job (KB)
...
006 (112087473.180.000) 05/02 23:45:15 Image size of job updated: 985640
	887  -  MemoryUsage of job (MB)
	907588  -  ResidentSetSize of job (KB)
...
006 (112087473.180.000) 05/02 23:50:15 Image size of job updated: 1557972
	1446  -  MemoryUsage of job (MB)
	1479920  -  ResidentSetSize of job (KB)
...
006 (112087473.180.000) 05/02 23:55:16 Image size of job updated: 2404864
	2273  -  MemoryUsage of job (MB)
	2326812  -  ResidentSetSize of job (KB)
...
006 (112087473.180.000) 05/03 00:00:17 Image size of job updated: 3161036
	3011  -  MemoryUsage of job (MB)
	3082984  -  ResidentSetSize of job (KB)
...
006 (112087473.180.000) 05/03 00:05:17 Image size of job updated: 3947516
	3779  -  MemoryUsage of job (MB)
	3869464  -  ResidentSetSize of job (KB)
...
006 (112087473.180.000) 05/03 00:10:17 Image size of job updated: 4819528
	4631  -  MemoryUsage of job (MB)
	4741476  -  ResidentSetSize of job (KB)
...
006 (112087473.180.000) 05/03 00:15:18 Image size of job updated: 5787560
	5576  -  MemoryUsage of job (MB)
	5709508  -  ResidentSetSize of job (KB)
...
006 (112087473.180.000) 05/03 00:20:19 Image size of job updated: 6534100
	6305  -  MemoryUsage of job (MB)
	6456048  -  ResidentSetSize of job (KB)
...
006 (112087473.180.000) 05/03 00:25:19 Image size of job updated: 7210008
	6965  -  MemoryUsage of job (MB)
	7131956  -  ResidentSetSize of job (KB)
...
006 (112087473.180.000) 05/03 00:30:19 Image size of job updated: 7942868
	7681  -  MemoryUsage of job (MB)
	7864816  -  ResidentSetSize of job (KB)
...
006 (112087473.180.000) 05/03 00:35:19 Image size of job updated: 8832440
	8550  -  MemoryUsage of job (MB)
	8754388  -  ResidentSetSize of job (KB)
...
006 (112087473.180.000) 05/03 00:40:20 Image size of job updated: 9634400
	9333  -  MemoryUsage of job (MB)
	9556348  -  ResidentSetSize of job (KB)
...
006 (112087473.180.000) 05/03 00:45:20 Image size of job updated: 10337052
	10019  -  MemoryUsage of job (MB)
	10259000  -  ResidentSetSize of job (KB)
...
006 (112087473.180.000) 05/03 00:50:20 Image size of job updated: 11050448
	10716  -  MemoryUsage of job (MB)
	10972396  -  ResidentSetSize of job (KB)
...
006 (112087473.180.000) 05/03 00:55:21 Image size of job updated: 11773796
	11422  -  MemoryUsage of job (MB)
	11695744  -  ResidentSetSize of job (KB)
...
006 (112087473.180.000) 05/03 01:00:22 Image size of job updated: 12403272
	12037  -  MemoryUsage of job (MB)
	12325220  -  ResidentSetSize of job (KB)
...
006 (112087473.180.000) 05/03 01:05:22 Image size of job updated: 13168424
	12784  -  MemoryUsage of job (MB)
	13090372  -  ResidentSetSize of job (KB)
...
006 (112087473.180.000) 05/03 01:10:22 Image size of job updated: 13842120
	13442  -  MemoryUsage of job (MB)
	13764068  -  ResidentSetSize of job (KB)
...
006 (112087473.180.000) 05/03 01:15:23 Image size of job updated: 14596944
	14179  -  MemoryUsage of job (MB)
	14518892  -  ResidentSetSize of job (KB)
...
006 (112087473.180.000) 05/03 01:20:25 Image size of job updated: 15293668
	14858  -  MemoryUsage of job (MB)
	15214492  -  ResidentSetSize of job (KB)
...
006 (112087473.180.000) 05/03 01:25:25 Image size of job updated: 16074392
	15615  -  MemoryUsage of job (MB)
	15989328  -  ResidentSetSize of job (KB)
...
006 (112087473.180.000) 05/03 01:30:25 Image size of job updated: 16779232
	16298  -  MemoryUsage of job (MB)
	16688712  -  ResidentSetSize of job (KB)
...
006 (112087473.180.000) 05/03 01:35:26 Image size of job updated: 17444364
	16939  -  MemoryUsage of job (MB)
	17344940  -  ResidentSetSize of job (KB)
...
006 (112087473.180.000) 05/03 01:40:27 Image size of job updated: 18225568
	17690  -  MemoryUsage of job (MB)
	18113660  -  ResidentSetSize of job (KB)
...
006 (112087473.180.000) 05/03 01:45:28 Image size of job updated: 18923656
	18367  -  MemoryUsage of job (MB)
	18807316  -  ResidentSetSize of job (KB)
...
006 (112087473.180.000) 05/03 01:50:28 Image size of job updated: 19556636
	18964  -  MemoryUsage of job (MB)
	19418788  -  ResidentSetSize of job (KB)
...
006 (112087473.180.000) 05/03 01:55:28 Image size of job updated: 20409884
	19757  -  MemoryUsage of job (MB)
	20231140  -  ResidentSetSize of job (KB)
...
006 (112087473.180.000) 05/03 02:00:29 Image size of job updated: 21150804
	20404  -  MemoryUsage of job (MB)
	20893688  -  ResidentSetSize of job (KB)
...
006 (112087473.180.000) 05/03 02:05:30 Image size of job updated: 21751784
	20456  -  MemoryUsage of job (MB)
	20946844  -  ResidentSetSize of job (KB)
...
006 (112087473.180.000) 05/03 02:10:31 Image size of job updated: 22295344
	20456  -  MemoryUsage of job (MB)
	20946844  -  ResidentSetSize of job (KB)
...
006 (112087473.180.000) 05/03 02:15:32 Image size of job updated: 22918624
	20456  -  MemoryUsage of job (MB)
	20946844  -  ResidentSetSize of job (KB)
...
006 (112087473.180.000) 05/03 02:18:16 Image size of job updated: 23728360
	20456  -  MemoryUsage of job (MB)
	20946844  -  ResidentSetSize of job (KB)
...
005 (112087473.180.000) 05/03 02:18:19 Job terminated.
	(1) Normal termination (return value 0)
		Usr 0 02:25:13, Sys 0 00:02:34  -  Run Remote Usage
		Usr 0 00:00:00, Sys 0 00:00:00  -  Run Local Usage
		Usr 0 02:25:13, Sys 0 00:02:34  -  Total Remote Usage
		Usr 0 00:00:00, Sys 0 00:00:00  -  Total Local Usage
	23039196  -  Run Bytes Sent By Job
	1780306304  -  Run Bytes Received By Job
	23039196  -  Total Bytes Sent By Job
	1780306304  -  Total Bytes Received By Job
	Partitionable Resources :      Usage  Request Allocated 
	   Cpus                 :       1.00        1         1 
	   Disk (KB)            : 6852251    20971520  21352582 
	   Ioheavy              :                             0 
	   Memory (MB)          :   20456       20480     20480 
...
