000 (112087473.182.000) 05/02 18:37:22 Job submitted from host: <128.104.100.44:9618?addrs=128.104.100.44-9618+[2607-f388-107c-501-90e2-baff-fe2c-2724]-9618&noUDP&sock=4699_0235_3>
...
033 (112087473.182.000) 05/02 18:37:40 Changing job attribute JobPrio from 0 to 10
...
001 (112087473.182.000) 05/02 23:02:12 Job executing on host: <128.105.245.187:9618?addrs=128.105.245.187-9618&noUDP&sock=5433_2a21_49>
...
006 (112087473.182.000) 05/02 23:02:20 Image size of job updated: 624
	1  -  MemoryUsage of job (MB)
	624  -  ResidentSetSize of job (KB)
...
006 (112087473.182.000) 05/02 23:07:21 Image size of job updated: 656
	1  -  MemoryUsage of job (MB)
	656  -  ResidentSetSize of job (KB)
...
006 (112087473.182.000) 05/02 23:12:21 Image size of job updated: 672876
	581  -  MemoryUsage of job (MB)
	594880  -  ResidentSetSize of job (KB)
...
006 (112087473.182.000) 05/02 23:17:22 Image size of job updated: 1547928
	1436  -  MemoryUsage of job (MB)
	1469876  -  ResidentSetSize of job (KB)
...
006 (112087473.182.000) 05/02 23:22:21 Image size of job updated: 2731060
	2591  -  MemoryUsage of job (MB)
	2653008  -  ResidentSetSize of job (KB)
...
006 (112087473.182.000) 05/02 23:27:21 Image size of job updated: 4232724
	4058  -  MemoryUsage of job (MB)
	4154672  -  ResidentSetSize of job (KB)
...
006 (112087473.182.000) 05/02 23:32:21 Image size of job updated: 5792576
	5581  -  MemoryUsage of job (MB)
	5714524  -  ResidentSetSize of job (KB)
...
006 (112087473.182.000) 05/02 23:37:21 Image size of job updated: 7228936
	6984  -  MemoryUsage of job (MB)
	7150884  -  ResidentSetSize of job (KB)
...
006 (112087473.182.000) 05/02 23:42:21 Image size of job updated: 8632736
	8355  -  MemoryUsage of job (MB)
	8554684  -  ResidentSetSize of job (KB)
...
006 (112087473.182.000) 05/02 23:47:21 Image size of job updated: 9891892
	9584  -  MemoryUsage of job (MB)
	9813840  -  ResidentSetSize of job (KB)
...
006 (112087473.182.000) 05/02 23:52:21 Image size of job updated: 11090948
	10755  -  MemoryUsage of job (MB)
	11012896  -  ResidentSetSize of job (KB)
...
006 (112087473.182.000) 05/02 23:57:21 Image size of job updated: 12342992
	11978  -  MemoryUsage of job (MB)
	12264940  -  ResidentSetSize of job (KB)
...
006 (112087473.182.000) 05/03 00:02:21 Image size of job updated: 13541428
	13148  -  MemoryUsage of job (MB)
	13463376  -  ResidentSetSize of job (KB)
...
006 (112087473.182.000) 05/03 00:07:21 Image size of job updated: 14784492
	14362  -  MemoryUsage of job (MB)
	14706440  -  ResidentSetSize of job (KB)
...
006 (112087473.182.000) 05/03 00:12:21 Image size of job updated: 15999532
	15549  -  MemoryUsage of job (MB)
	15921480  -  ResidentSetSize of job (KB)
...
006 (112087473.182.000) 05/03 00:17:21 Image size of job updated: 17156844
	16678  -  MemoryUsage of job (MB)
	17077324  -  ResidentSetSize of job (KB)
...
006 (112087473.182.000) 05/03 00:22:22 Image size of job updated: 18503012
	17990  -  MemoryUsage of job (MB)
	18421160  -  ResidentSetSize of job (KB)
...
006 (112087473.182.000) 05/03 00:27:23 Image size of job updated: 19818724
	19226  -  MemoryUsage of job (MB)
	19687088  -  ResidentSetSize of job (KB)
...
006 (112087473.182.000) 05/03 00:32:23 Image size of job updated: 20946728
	20066  -  MemoryUsage of job (MB)
	20547184  -  ResidentSetSize of job (KB)
...
006 (112087473.182.000) 05/03 00:37:23 Image size of job updated: 21614240
	20369  -  MemoryUsage of job (MB)
	20856916  -  ResidentSetSize of job (KB)
...
006 (112087473.182.000) 05/03 00:42:23 Image size of job updated: 22857432
	20449  -  MemoryUsage of job (MB)
	20939216  -  ResidentSetSize of job (KB)
...
006 (112087473.182.000) 05/03 00:43:36 Image size of job updated: 23080744
	20449  -  MemoryUsage of job (MB)
	20939216  -  ResidentSetSize of job (KB)
...
005 (112087473.182.000) 05/03 00:43:38 Job terminated.
	(1) Normal termination (return value 0)
		Usr 0 01:30:28, Sys 0 00:01:45  -  Run Remote Usage
		Usr 0 00:00:00, Sys 0 00:00:00  -  Run Local Usage
		Usr 0 01:30:28, Sys 0 00:01:45  -  Total Remote Usage
		Usr 0 00:00:00, Sys 0 00:00:00  -  Total Local Usage
	23060928  -  Run Bytes Sent By Job
	1780306304  -  Run Bytes Received By Job
	23060928  -  Total Bytes Sent By Job
	1780306304  -  Total Bytes Received By Job
	Partitionable Resources :      Usage  Request Allocated 
	   Cpus                 :       1.00        1         1 
	   Disk (KB)            : 6852270    20971520  21339204 
	   Ioheavy              :                             0 
	   Memory (MB)          :   20449       20480     20480 
...
