000 (112087473.123.000) 05/02 18:37:22 Job submitted from host: <128.104.100.44:9618?addrs=128.104.100.44-9618+[2607-f388-107c-501-90e2-baff-fe2c-2724]-9618&noUDP&sock=4699_0235_3>
...
033 (112087473.123.000) 05/02 18:37:39 Changing job attribute JobPrio from 0 to 10
...
001 (112087473.123.000) 05/02 21:29:06 Job executing on host: <128.105.245.171:9618?addrs=128.105.245.171-9618&noUDP&sock=5449_23a5_26>
...
006 (112087473.123.000) 05/02 21:29:14 Image size of job updated: 680
	1  -  MemoryUsage of job (MB)
	624  -  ResidentSetSize of job (KB)
...
006 (112087473.123.000) 05/02 21:34:15 Image size of job updated: 704
	1  -  MemoryUsage of job (MB)
	648  -  ResidentSetSize of job (KB)
...
006 (112087473.123.000) 05/02 21:49:18 Image size of job updated: 708
	1  -  MemoryUsage of job (MB)
	652  -  ResidentSetSize of job (KB)
...
006 (112087473.123.000) 05/02 21:54:18 Image size of job updated: 313432
	230  -  MemoryUsage of job (MB)
	235380  -  ResidentSetSize of job (KB)
...
006 (112087473.123.000) 05/02 21:59:18 Image size of job updated: 654440
	563  -  MemoryUsage of job (MB)
	576388  -  ResidentSetSize of job (KB)
...
006 (112087473.123.000) 05/02 22:04:18 Image size of job updated: 1037652
	938  -  MemoryUsage of job (MB)
	959544  -  ResidentSetSize of job (KB)
...
006 (112087473.123.000) 05/02 22:09:19 Image size of job updated: 1467060
	1357  -  MemoryUsage of job (MB)
	1388952  -  ResidentSetSize of job (KB)
...
006 (112087473.123.000) 05/02 22:14:20 Image size of job updated: 1839144
	1720  -  MemoryUsage of job (MB)
	1761036  -  ResidentSetSize of job (KB)
...
006 (112087473.123.000) 05/02 22:19:20 Image size of job updated: 2408176
	2276  -  MemoryUsage of job (MB)
	2330068  -  ResidentSetSize of job (KB)
...
006 (112087473.123.000) 05/02 22:24:20 Image size of job updated: 3068256
	2921  -  MemoryUsage of job (MB)
	2990148  -  ResidentSetSize of job (KB)
...
006 (112087473.123.000) 05/02 22:29:21 Image size of job updated: 3691360
	3529  -  MemoryUsage of job (MB)
	3613252  -  ResidentSetSize of job (KB)
...
006 (112087473.123.000) 05/02 22:34:21 Image size of job updated: 4349220
	4172  -  MemoryUsage of job (MB)
	4271112  -  ResidentSetSize of job (KB)
...
006 (112087473.123.000) 05/02 22:39:22 Image size of job updated: 4998764
	4806  -  MemoryUsage of job (MB)
	4920656  -  ResidentSetSize of job (KB)
...
006 (112087473.123.000) 05/02 22:44:22 Image size of job updated: 5385092
	5183  -  MemoryUsage of job (MB)
	5306984  -  ResidentSetSize of job (KB)
...
006 (112087473.123.000) 05/02 22:49:22 Image size of job updated: 5614252
	5407  -  MemoryUsage of job (MB)
	5536144  -  ResidentSetSize of job (KB)
...
006 (112087473.123.000) 05/02 22:54:23 Image size of job updated: 5921480
	5707  -  MemoryUsage of job (MB)
	5843372  -  ResidentSetSize of job (KB)
...
006 (112087473.123.000) 05/02 22:59:23 Image size of job updated: 6685260
	6453  -  MemoryUsage of job (MB)
	6607152  -  ResidentSetSize of job (KB)
...
006 (112087473.123.000) 05/02 23:04:24 Image size of job updated: 7398612
	7149  -  MemoryUsage of job (MB)
	7320504  -  ResidentSetSize of job (KB)
...
006 (112087473.123.000) 05/02 23:09:24 Image size of job updated: 8287452
	8017  -  MemoryUsage of job (MB)
	8209344  -  ResidentSetSize of job (KB)
...
006 (112087473.123.000) 05/02 23:14:25 Image size of job updated: 9008896
	8722  -  MemoryUsage of job (MB)
	8930788  -  ResidentSetSize of job (KB)
...
006 (112087473.123.000) 05/02 23:19:26 Image size of job updated: 9615676
	9315  -  MemoryUsage of job (MB)
	9537568  -  ResidentSetSize of job (KB)
...
006 (112087473.123.000) 05/02 23:24:27 Image size of job updated: 9980280
	9671  -  MemoryUsage of job (MB)
	9902172  -  ResidentSetSize of job (KB)
...
006 (112087473.123.000) 05/02 23:29:27 Image size of job updated: 10326664
	10009  -  MemoryUsage of job (MB)
	10248556  -  ResidentSetSize of job (KB)
...
006 (112087473.123.000) 05/02 23:34:27 Image size of job updated: 10525632
	10203  -  MemoryUsage of job (MB)
	10447524  -  ResidentSetSize of job (KB)
...
006 (112087473.123.000) 05/02 23:39:27 Image size of job updated: 10982564
	10649  -  MemoryUsage of job (MB)
	10904456  -  ResidentSetSize of job (KB)
...
006 (112087473.123.000) 05/02 23:44:28 Image size of job updated: 11654580
	11306  -  MemoryUsage of job (MB)
	11576472  -  ResidentSetSize of job (KB)
...
006 (112087473.123.000) 05/02 23:49:29 Image size of job updated: 12215756
	11850  -  MemoryUsage of job (MB)
	12134232  -  ResidentSetSize of job (KB)
...
006 (112087473.123.000) 05/02 23:54:29 Image size of job updated: 12924656
	12543  -  MemoryUsage of job (MB)
	12843132  -  ResidentSetSize of job (KB)
...
006 (112087473.123.000) 05/02 23:59:29 Image size of job updated: 13580228
	13183  -  MemoryUsage of job (MB)
	13498704  -  ResidentSetSize of job (KB)
...
006 (112087473.123.000) 05/03 00:04:29 Image size of job updated: 14088228
	13679  -  MemoryUsage of job (MB)
	14006704  -  ResidentSetSize of job (KB)
...
006 (112087473.123.000) 05/03 00:09:30 Image size of job updated: 14805404
	14379  -  MemoryUsage of job (MB)
	14723880  -  ResidentSetSize of job (KB)
...
006 (112087473.123.000) 05/03 00:14:31 Image size of job updated: 15326972
	14889  -  MemoryUsage of job (MB)
	15245448  -  ResidentSetSize of job (KB)
...
006 (112087473.123.000) 05/03 00:19:31 Image size of job updated: 15848448
	15397  -  MemoryUsage of job (MB)
	15766396  -  ResidentSetSize of job (KB)
...
006 (112087473.123.000) 05/03 00:24:31 Image size of job updated: 16503004
	16035  -  MemoryUsage of job (MB)
	16419400  -  ResidentSetSize of job (KB)
...
006 (112087473.123.000) 05/03 00:29:31 Image size of job updated: 17006264
	16523  -  MemoryUsage of job (MB)
	16919036  -  ResidentSetSize of job (KB)
...
006 (112087473.123.000) 05/03 00:34:32 Image size of job updated: 17606616
	17106  -  MemoryUsage of job (MB)
	17515804  -  ResidentSetSize of job (KB)
...
006 (112087473.123.000) 05/03 00:39:32 Image size of job updated: 18274044
	17752  -  MemoryUsage of job (MB)
	18177620  -  ResidentSetSize of job (KB)
...
006 (112087473.123.000) 05/03 00:44:32 Image size of job updated: 18838976
	18295  -  MemoryUsage of job (MB)
	18733668  -  ResidentSetSize of job (KB)
...
006 (112087473.123.000) 05/03 00:49:33 Image size of job updated: 19167668
	18609  -  MemoryUsage of job (MB)
	19055492  -  ResidentSetSize of job (KB)
...
006 (112087473.123.000) 05/03 00:54:34 Image size of job updated: 19599740
	19025  -  MemoryUsage of job (MB)
	19480936  -  ResidentSetSize of job (KB)
...
006 (112087473.123.000) 05/03 00:59:35 Image size of job updated: 20237560
	19638  -  MemoryUsage of job (MB)
	20108520  -  ResidentSetSize of job (KB)
...
006 (112087473.123.000) 05/03 01:04:35 Image size of job updated: 20904784
	20213  -  MemoryUsage of job (MB)
	20697960  -  ResidentSetSize of job (KB)
...
006 (112087473.123.000) 05/03 01:09:36 Image size of job updated: 21506396
	20437  -  MemoryUsage of job (MB)
	20927076  -  ResidentSetSize of job (KB)
...
006 (112087473.123.000) 05/03 01:14:36 Image size of job updated: 22180904
	20437  -  MemoryUsage of job (MB)
	20927076  -  ResidentSetSize of job (KB)
...
006 (112087473.123.000) 05/03 01:19:36 Image size of job updated: 22846924
	20449  -  MemoryUsage of job (MB)
	20938840  -  ResidentSetSize of job (KB)
...
006 (112087473.123.000) 05/03 01:22:02 Image size of job updated: 23070332
	20449  -  MemoryUsage of job (MB)
	20938896  -  ResidentSetSize of job (KB)
...
005 (112087473.123.000) 05/03 01:22:56 Job terminated.
	(1) Normal termination (return value 0)
		Usr 0 02:37:29, Sys 0 00:02:57  -  Run Remote Usage
		Usr 0 00:00:00, Sys 0 00:00:00  -  Run Local Usage
		Usr 0 02:37:29, Sys 0 00:02:57  -  Total Remote Usage
		Usr 0 00:00:00, Sys 0 00:00:00  -  Total Local Usage
	23085936  -  Run Bytes Sent By Job
	1780306304  -  Run Bytes Received By Job
	23085936  -  Total Bytes Sent By Job
	1780306304  -  Total Bytes Received By Job
	Partitionable Resources :      Usage  Request Allocated 
	   Cpus                 :       0.08        1         1 
	   Disk (KB)            : 6852296    20971520  21249249 
	   Ioheavy              :                             0 
	   Memory (MB)          :   20449       20480     20480 
...
