000 (112087473.108.000) 05/02 18:37:22 Job submitted from host: <128.104.100.44:9618?addrs=128.104.100.44-9618+[2607-f388-107c-501-90e2-baff-fe2c-2724]-9618&noUDP&sock=4699_0235_3>
...
033 (112087473.108.000) 05/02 18:37:39 Changing job attribute JobPrio from 0 to 10
...
001 (112087473.108.000) 05/02 21:28:10 Job executing on host: <128.105.245.207:9618?addrs=128.105.245.207-9618&noUDP&sock=15577_1ad6_3>
...
006 (112087473.108.000) 05/02 21:28:19 Image size of job updated: 632
	1  -  MemoryUsage of job (MB)
	632  -  ResidentSetSize of job (KB)
...
006 (112087473.108.000) 05/02 21:33:20 Image size of job updated: 656
	1  -  MemoryUsage of job (MB)
	656  -  ResidentSetSize of job (KB)
...
006 (112087473.108.000) 05/02 21:43:22 Image size of job updated: 457448
	371  -  MemoryUsage of job (MB)
	379452  -  ResidentSetSize of job (KB)
...
006 (112087473.108.000) 05/02 21:48:22 Image size of job updated: 856776
	761  -  MemoryUsage of job (MB)
	778724  -  ResidentSetSize of job (KB)
...
006 (112087473.108.000) 05/02 21:53:23 Image size of job updated: 1299520
	1193  -  MemoryUsage of job (MB)
	1221468  -  ResidentSetSize of job (KB)
...
006 (112087473.108.000) 05/02 21:58:23 Image size of job updated: 1900096
	1780  -  MemoryUsage of job (MB)
	1822044  -  ResidentSetSize of job (KB)
...
006 (112087473.108.000) 05/02 22:03:24 Image size of job updated: 2530008
	2395  -  MemoryUsage of job (MB)
	2451956  -  ResidentSetSize of job (KB)
...
006 (112087473.108.000) 05/02 22:08:25 Image size of job updated: 3049736
	2903  -  MemoryUsage of job (MB)
	2971684  -  ResidentSetSize of job (KB)
...
006 (112087473.108.000) 05/02 22:13:25 Image size of job updated: 3584728
	3425  -  MemoryUsage of job (MB)
	3506676  -  ResidentSetSize of job (KB)
...
006 (112087473.108.000) 05/02 22:18:27 Image size of job updated: 4220288
	4046  -  MemoryUsage of job (MB)
	4142236  -  ResidentSetSize of job (KB)
...
006 (112087473.108.000) 05/02 22:23:27 Image size of job updated: 5020760
	4827  -  MemoryUsage of job (MB)
	4942708  -  ResidentSetSize of job (KB)
...
006 (112087473.108.000) 05/02 22:28:27 Image size of job updated: 5864152
	5651  -  MemoryUsage of job (MB)
	5786100  -  ResidentSetSize of job (KB)
...
006 (112087473.108.000) 05/02 22:33:28 Image size of job updated: 6568668
	6339  -  MemoryUsage of job (MB)
	6490616  -  ResidentSetSize of job (KB)
...
006 (112087473.108.000) 05/02 22:38:28 Image size of job updated: 7402452
	7153  -  MemoryUsage of job (MB)
	7324400  -  ResidentSetSize of job (KB)
...
006 (112087473.108.000) 05/02 22:43:29 Image size of job updated: 8270304
	8001  -  MemoryUsage of job (MB)
	8192252  -  ResidentSetSize of job (KB)
...
006 (112087473.108.000) 05/02 22:48:29 Image size of job updated: 8875188
	8591  -  MemoryUsage of job (MB)
	8797136  -  ResidentSetSize of job (KB)
...
006 (112087473.108.000) 05/02 22:53:30 Image size of job updated: 9590720
	9290  -  MemoryUsage of job (MB)
	9512668  -  ResidentSetSize of job (KB)
...
006 (112087473.108.000) 05/02 22:58:30 Image size of job updated: 10180212
	9866  -  MemoryUsage of job (MB)
	10102160  -  ResidentSetSize of job (KB)
...
006 (112087473.108.000) 05/02 23:03:31 Image size of job updated: 10895908
	10565  -  MemoryUsage of job (MB)
	10817856  -  ResidentSetSize of job (KB)
...
006 (112087473.108.000) 05/02 23:08:32 Image size of job updated: 11542664
	11196  -  MemoryUsage of job (MB)
	11464612  -  ResidentSetSize of job (KB)
...
006 (112087473.108.000) 05/02 23:13:33 Image size of job updated: 12217152
	11855  -  MemoryUsage of job (MB)
	12139100  -  ResidentSetSize of job (KB)
...
006 (112087473.108.000) 05/02 23:18:33 Image size of job updated: 12928588
	12550  -  MemoryUsage of job (MB)
	12850536  -  ResidentSetSize of job (KB)
...
006 (112087473.108.000) 05/02 23:23:34 Image size of job updated: 13563572
	13170  -  MemoryUsage of job (MB)
	13485520  -  ResidentSetSize of job (KB)
...
006 (112087473.108.000) 05/02 23:28:35 Image size of job updated: 14102008
	13696  -  MemoryUsage of job (MB)
	14023956  -  ResidentSetSize of job (KB)
...
006 (112087473.108.000) 05/02 23:33:35 Image size of job updated: 14787324
	14365  -  MemoryUsage of job (MB)
	14709272  -  ResidentSetSize of job (KB)
...
006 (112087473.108.000) 05/02 23:38:35 Image size of job updated: 15362156
	14926  -  MemoryUsage of job (MB)
	15284104  -  ResidentSetSize of job (KB)
...
006 (112087473.108.000) 05/02 23:43:36 Image size of job updated: 15830476
	15384  -  MemoryUsage of job (MB)
	15752424  -  ResidentSetSize of job (KB)
...
006 (112087473.108.000) 05/02 23:48:37 Image size of job updated: 16348852
	15890  -  MemoryUsage of job (MB)
	16270800  -  ResidentSetSize of job (KB)
...
006 (112087473.108.000) 05/02 23:53:37 Image size of job updated: 17046556
	16571  -  MemoryUsage of job (MB)
	16967812  -  ResidentSetSize of job (KB)
...
006 (112087473.108.000) 05/02 23:58:37 Image size of job updated: 17564376
	17075  -  MemoryUsage of job (MB)
	17484148  -  ResidentSetSize of job (KB)
...
006 (112087473.108.000) 05/03 00:03:38 Image size of job updated: 18203944
	17694  -  MemoryUsage of job (MB)
	18117972  -  ResidentSetSize of job (KB)
...
006 (112087473.108.000) 05/03 00:08:38 Image size of job updated: 18637376
	18115  -  MemoryUsage of job (MB)
	18549208  -  ResidentSetSize of job (KB)
...
006 (112087473.108.000) 05/03 00:13:38 Image size of job updated: 18941856
	18411  -  MemoryUsage of job (MB)
	18852424  -  ResidentSetSize of job (KB)
...
006 (112087473.108.000) 05/03 00:18:39 Image size of job updated: 19480292
	18930  -  MemoryUsage of job (MB)
	19383808  -  ResidentSetSize of job (KB)
...
006 (112087473.108.000) 05/03 00:23:39 Image size of job updated: 19947888
	19376  -  MemoryUsage of job (MB)
	19840632  -  ResidentSetSize of job (KB)
...
006 (112087473.108.000) 05/03 00:28:39 Image size of job updated: 20772840
	20129  -  MemoryUsage of job (MB)
	20611292  -  ResidentSetSize of job (KB)
...
006 (112087473.108.000) 05/03 00:33:40 Image size of job updated: 21154544
	20413  -  MemoryUsage of job (MB)
	20902908  -  ResidentSetSize of job (KB)
...
006 (112087473.108.000) 05/03 00:38:40 Image size of job updated: 21725456
	20460  -  MemoryUsage of job (MB)
	20950700  -  ResidentSetSize of job (KB)
...
006 (112087473.108.000) 05/03 00:43:40 Image size of job updated: 22285136
	20460  -  MemoryUsage of job (MB)
	20950700  -  ResidentSetSize of job (KB)
...
006 (112087473.108.000) 05/03 00:48:42 Image size of job updated: 22642724
	20460  -  MemoryUsage of job (MB)
	20950700  -  ResidentSetSize of job (KB)
...
006 (112087473.108.000) 05/03 00:52:15 Image size of job updated: 23729180
	20460  -  MemoryUsage of job (MB)
	20950700  -  ResidentSetSize of job (KB)
...
005 (112087473.108.000) 05/03 00:52:46 Job terminated.
	(1) Normal termination (return value 0)
		Usr 0 02:37:10, Sys 0 00:02:40  -  Run Remote Usage
		Usr 0 00:00:00, Sys 0 00:00:00  -  Run Local Usage
		Usr 0 02:37:10, Sys 0 00:02:40  -  Total Remote Usage
		Usr 0 00:00:00, Sys 0 00:00:00  -  Total Local Usage
	23081664  -  Run Bytes Sent By Job
	1780306304  -  Run Bytes Received By Job
	23081664  -  Total Bytes Sent By Job
	1780306304  -  Total Bytes Received By Job
	Partitionable Resources :      Usage  Request Allocated 
	   Cpus                 :       0.10        1         1 
	   Disk (KB)            : 6852292    20971520  21322608 
	   Ioheavy              :                             0 
	   Memory (MB)          :   20460       20480     20480 
...
