000 (112087473.171.000) 05/02 18:37:22 Job submitted from host: <128.104.100.44:9618?addrs=128.104.100.44-9618+[2607-f388-107c-501-90e2-baff-fe2c-2724]-9618&noUDP&sock=4699_0235_3>
...
033 (112087473.171.000) 05/02 18:37:40 Changing job attribute JobPrio from 0 to 10
...
001 (112087473.171.000) 05/02 22:54:03 Job executing on host: <128.105.245.187:9618?addrs=128.105.245.187-9618&noUDP&sock=5433_2a21_49>
...
006 (112087473.171.000) 05/02 22:54:12 Image size of job updated: 628
	1  -  MemoryUsage of job (MB)
	628  -  ResidentSetSize of job (KB)
...
006 (112087473.171.000) 05/02 22:59:14 Image size of job updated: 291900
	209  -  MemoryUsage of job (MB)
	213900  -  ResidentSetSize of job (KB)
...
006 (112087473.171.000) 05/02 23:04:14 Image size of job updated: 985656
	887  -  MemoryUsage of job (MB)
	907600  -  ResidentSetSize of job (KB)
...
006 (112087473.171.000) 05/02 23:09:14 Image size of job updated: 1910968
	1790  -  MemoryUsage of job (MB)
	1832912  -  ResidentSetSize of job (KB)
...
006 (112087473.171.000) 05/02 23:14:15 Image size of job updated: 3242568
	3091  -  MemoryUsage of job (MB)
	3164512  -  ResidentSetSize of job (KB)
...
006 (112087473.171.000) 05/02 23:19:15 Image size of job updated: 4775480
	4588  -  MemoryUsage of job (MB)
	4697424  -  ResidentSetSize of job (KB)
...
006 (112087473.171.000) 05/02 23:24:16 Image size of job updated: 6359620
	6135  -  MemoryUsage of job (MB)
	6281564  -  ResidentSetSize of job (KB)
...
006 (112087473.171.000) 05/02 23:29:17 Image size of job updated: 7737604
	7481  -  MemoryUsage of job (MB)
	7659548  -  ResidentSetSize of job (KB)
...
006 (112087473.171.000) 05/02 23:34:18 Image size of job updated: 9118860
	8829  -  MemoryUsage of job (MB)
	9040804  -  ResidentSetSize of job (KB)
...
006 (112087473.171.000) 05/02 23:39:19 Image size of job updated: 10380364
	10061  -  MemoryUsage of job (MB)
	10302308  -  ResidentSetSize of job (KB)
...
006 (112087473.171.000) 05/02 23:44:20 Image size of job updated: 11543048
	11197  -  MemoryUsage of job (MB)
	11464992  -  ResidentSetSize of job (KB)
...
006 (112087473.171.000) 05/02 23:49:21 Image size of job updated: 12767052
	12392  -  MemoryUsage of job (MB)
	12688996  -  ResidentSetSize of job (KB)
...
006 (112087473.171.000) 05/02 23:54:22 Image size of job updated: 14015880
	13612  -  MemoryUsage of job (MB)
	13937824  -  ResidentSetSize of job (KB)
...
006 (112087473.171.000) 05/02 23:59:23 Image size of job updated: 15268572
	14835  -  MemoryUsage of job (MB)
	15190068  -  ResidentSetSize of job (KB)
...
006 (112087473.171.000) 05/03 00:04:24 Image size of job updated: 16518444
	16051  -  MemoryUsage of job (MB)
	16435208  -  ResidentSetSize of job (KB)
...
006 (112087473.171.000) 05/03 00:09:25 Image size of job updated: 17703168
	17203  -  MemoryUsage of job (MB)
	17615368  -  ResidentSetSize of job (KB)
...
006 (112087473.171.000) 05/03 00:14:26 Image size of job updated: 19096832
	18550  -  MemoryUsage of job (MB)
	18994852  -  ResidentSetSize of job (KB)
...
006 (112087473.171.000) 05/03 00:19:27 Image size of job updated: 20264764
	19631  -  MemoryUsage of job (MB)
	20101392  -  ResidentSetSize of job (KB)
...
006 (112087473.171.000) 05/03 00:24:28 Image size of job updated: 21527984
	20436  -  MemoryUsage of job (MB)
	20925992  -  ResidentSetSize of job (KB)
...
006 (112087473.171.000) 05/03 00:29:29 Image size of job updated: 22652220
	20436  -  MemoryUsage of job (MB)
	20926424  -  ResidentSetSize of job (KB)
...
006 (112087473.171.000) 05/03 00:31:29 Image size of job updated: 23073896
	20436  -  MemoryUsage of job (MB)
	20926424  -  ResidentSetSize of job (KB)
...
005 (112087473.171.000) 05/03 00:31:31 Job terminated.
	(1) Normal termination (return value 0)
		Usr 0 01:30:16, Sys 0 00:01:51  -  Run Remote Usage
		Usr 0 00:00:00, Sys 0 00:00:00  -  Run Local Usage
		Usr 0 01:30:16, Sys 0 00:01:51  -  Total Remote Usage
		Usr 0 00:00:00, Sys 0 00:00:00  -  Total Local Usage
	23028146  -  Run Bytes Sent By Job
	1780306304  -  Run Bytes Received By Job
	23028146  -  Total Bytes Sent By Job
	1780306304  -  Total Bytes Received By Job
	Partitionable Resources :      Usage  Request Allocated 
	   Cpus                 :       0.98        1         1 
	   Disk (KB)            : 6852240    20971520  22840366 
	   Ioheavy              :                             0 
	   Memory (MB)          :   20436       20480     20480 
...
