000 (112087473.103.000) 05/02 18:37:22 Job submitted from host: <128.104.100.44:9618?addrs=128.104.100.44-9618+[2607-f388-107c-501-90e2-baff-fe2c-2724]-9618&noUDP&sock=4699_0235_3>
...
033 (112087473.103.000) 05/02 18:37:39 Changing job attribute JobPrio from 0 to 10
...
001 (112087473.103.000) 05/02 21:31:13 Job executing on host: <128.105.245.162:9618?addrs=128.105.245.162-9618&noUDP&sock=5427_0c90_3>
...
006 (112087473.103.000) 05/02 21:31:23 Image size of job updated: 616
	1  -  MemoryUsage of job (MB)
	616  -  ResidentSetSize of job (KB)
...
006 (112087473.103.000) 05/02 21:36:24 Image size of job updated: 624
	1  -  MemoryUsage of job (MB)
	624  -  ResidentSetSize of job (KB)
...
006 (112087473.103.000) 05/02 21:41:24 Image size of job updated: 628
	1  -  MemoryUsage of job (MB)
	628  -  ResidentSetSize of job (KB)
...
006 (112087473.103.000) 05/02 21:46:24 Image size of job updated: 648
	1  -  MemoryUsage of job (MB)
	648  -  ResidentSetSize of job (KB)
...
006 (112087473.103.000) 05/02 21:51:26 Image size of job updated: 429644
	344  -  MemoryUsage of job (MB)
	351648  -  ResidentSetSize of job (KB)
...
006 (112087473.103.000) 05/02 21:56:26 Image size of job updated: 822928
	728  -  MemoryUsage of job (MB)
	744876  -  ResidentSetSize of job (KB)
...
006 (112087473.103.000) 05/02 22:01:26 Image size of job updated: 1260528
	1155  -  MemoryUsage of job (MB)
	1182476  -  ResidentSetSize of job (KB)
...
006 (112087473.103.000) 05/02 22:06:26 Image size of job updated: 1720672
	1605  -  MemoryUsage of job (MB)
	1642620  -  ResidentSetSize of job (KB)
...
006 (112087473.103.000) 05/02 22:11:28 Image size of job updated: 2156152
	2030  -  MemoryUsage of job (MB)
	2078100  -  ResidentSetSize of job (KB)
...
006 (112087473.103.000) 05/02 22:16:28 Image size of job updated: 2537804
	2403  -  MemoryUsage of job (MB)
	2459752  -  ResidentSetSize of job (KB)
...
006 (112087473.103.000) 05/02 22:21:28 Image size of job updated: 2818212
	2676  -  MemoryUsage of job (MB)
	2740160  -  ResidentSetSize of job (KB)
...
006 (112087473.103.000) 05/02 22:26:29 Image size of job updated: 3170468
	3020  -  MemoryUsage of job (MB)
	3092416  -  ResidentSetSize of job (KB)
...
006 (112087473.103.000) 05/02 22:31:29 Image size of job updated: 3475984
	3319  -  MemoryUsage of job (MB)
	3397932  -  ResidentSetSize of job (KB)
...
006 (112087473.103.000) 05/02 22:36:30 Image size of job updated: 3971072
	3802  -  MemoryUsage of job (MB)
	3893020  -  ResidentSetSize of job (KB)
...
006 (112087473.103.000) 05/02 22:41:30 Image size of job updated: 4375948
	4198  -  MemoryUsage of job (MB)
	4297896  -  ResidentSetSize of job (KB)
...
006 (112087473.103.000) 05/02 22:46:57 Image size of job updated: 4711772
	4526  -  MemoryUsage of job (MB)
	4633720  -  ResidentSetSize of job (KB)
...
006 (112087473.103.000) 05/02 22:51:30 Image size of job updated: 5072956
	4878  -  MemoryUsage of job (MB)
	4994904  -  ResidentSetSize of job (KB)
...
006 (112087473.103.000) 05/02 22:56:31 Image size of job updated: 5575152
	5369  -  MemoryUsage of job (MB)
	5497100  -  ResidentSetSize of job (KB)
...
006 (112087473.103.000) 05/02 23:01:31 Image size of job updated: 6378132
	6153  -  MemoryUsage of job (MB)
	6300080  -  ResidentSetSize of job (KB)
...
006 (112087473.103.000) 05/02 23:06:32 Image size of job updated: 6869960
	6633  -  MemoryUsage of job (MB)
	6791908  -  ResidentSetSize of job (KB)
...
006 (112087473.103.000) 05/02 23:11:32 Image size of job updated: 7338768
	7091  -  MemoryUsage of job (MB)
	7260716  -  ResidentSetSize of job (KB)
...
006 (112087473.103.000) 05/02 23:16:32 Image size of job updated: 8097108
	7832  -  MemoryUsage of job (MB)
	8019056  -  ResidentSetSize of job (KB)
...
006 (112087473.103.000) 05/02 23:21:33 Image size of job updated: 8692700
	8413  -  MemoryUsage of job (MB)
	8614648  -  ResidentSetSize of job (KB)
...
006 (112087473.103.000) 05/02 23:26:33 Image size of job updated: 9181476
	8891  -  MemoryUsage of job (MB)
	9103424  -  ResidentSetSize of job (KB)
...
006 (112087473.103.000) 05/02 23:31:34 Image size of job updated: 9616912
	9316  -  MemoryUsage of job (MB)
	9538860  -  ResidentSetSize of job (KB)
...
006 (112087473.103.000) 05/02 23:36:34 Image size of job updated: 10198132
	9883  -  MemoryUsage of job (MB)
	10120080  -  ResidentSetSize of job (KB)
...
006 (112087473.103.000) 05/02 23:41:35 Image size of job updated: 10530552
	10208  -  MemoryUsage of job (MB)
	10452500  -  ResidentSetSize of job (KB)
...
006 (112087473.103.000) 05/02 23:46:36 Image size of job updated: 10982104
	10649  -  MemoryUsage of job (MB)
	10904052  -  ResidentSetSize of job (KB)
...
006 (112087473.103.000) 05/02 23:51:36 Image size of job updated: 11521268
	11176  -  MemoryUsage of job (MB)
	11443216  -  ResidentSetSize of job (KB)
...
006 (112087473.103.000) 05/02 23:56:37 Image size of job updated: 12203520
	11842  -  MemoryUsage of job (MB)
	12125468  -  ResidentSetSize of job (KB)
...
006 (112087473.103.000) 05/03 00:01:37 Image size of job updated: 12732644
	12358  -  MemoryUsage of job (MB)
	12654592  -  ResidentSetSize of job (KB)
...
006 (112087473.103.000) 05/03 00:06:37 Image size of job updated: 13135012
	12751  -  MemoryUsage of job (MB)
	13056960  -  ResidentSetSize of job (KB)
...
006 (112087473.103.000) 05/03 00:11:38 Image size of job updated: 13423628
	13033  -  MemoryUsage of job (MB)
	13345576  -  ResidentSetSize of job (KB)
...
006 (112087473.103.000) 05/03 00:16:44 Image size of job updated: 13694644
	13298  -  MemoryUsage of job (MB)
	13616592  -  ResidentSetSize of job (KB)
...
006 (112087473.103.000) 05/03 00:21:39 Image size of job updated: 14043496
	13639  -  MemoryUsage of job (MB)
	13965444  -  ResidentSetSize of job (KB)
...
006 (112087473.103.000) 05/03 00:26:40 Image size of job updated: 14363408
	13951  -  MemoryUsage of job (MB)
	14285356  -  ResidentSetSize of job (KB)
...
006 (112087473.103.000) 05/03 00:31:41 Image size of job updated: 14624620
	14206  -  MemoryUsage of job (MB)
	14546568  -  ResidentSetSize of job (KB)
...
006 (112087473.103.000) 05/03 00:36:41 Image size of job updated: 15078940
	14650  -  MemoryUsage of job (MB)
	15000888  -  ResidentSetSize of job (KB)
...
006 (112087473.103.000) 05/03 00:41:41 Image size of job updated: 15810136
	15364  -  MemoryUsage of job (MB)
	15732084  -  ResidentSetSize of job (KB)
...
006 (112087473.103.000) 05/03 00:46:42 Image size of job updated: 16358968
	15892  -  MemoryUsage of job (MB)
	16273096  -  ResidentSetSize of job (KB)
...
006 (112087473.103.000) 05/03 00:51:43 Image size of job updated: 16979376
	16489  -  MemoryUsage of job (MB)
	16884056  -  ResidentSetSize of job (KB)
...
006 (112087473.103.000) 05/03 00:56:43 Image size of job updated: 17613512
	17105  -  MemoryUsage of job (MB)
	17515492  -  ResidentSetSize of job (KB)
...
006 (112087473.103.000) 05/03 01:01:44 Image size of job updated: 18006960
	17487  -  MemoryUsage of job (MB)
	17905996  -  ResidentSetSize of job (KB)
...
006 (112087473.103.000) 05/03 01:06:45 Image size of job updated: 18782332
	18258  -  MemoryUsage of job (MB)
	18695384  -  ResidentSetSize of job (KB)
...
006 (112087473.103.000) 05/03 01:11:45 Image size of job updated: 19440572
	18898  -  MemoryUsage of job (MB)
	19351024  -  ResidentSetSize of job (KB)
...
006 (112087473.103.000) 05/03 01:16:45 Image size of job updated: 20114780
	19521  -  MemoryUsage of job (MB)
	19988788  -  ResidentSetSize of job (KB)
...
006 (112087473.103.000) 05/03 01:21:46 Image size of job updated: 20724524
	20029  -  MemoryUsage of job (MB)
	20509096  -  ResidentSetSize of job (KB)
...
006 (112087473.103.000) 05/03 01:26:46 Image size of job updated: 21277464
	20394  -  MemoryUsage of job (MB)
	20882456  -  ResidentSetSize of job (KB)
...
006 (112087473.103.000) 05/03 01:31:46 Image size of job updated: 21924132
	20431  -  MemoryUsage of job (MB)
	20920864  -  ResidentSetSize of job (KB)
...
006 (112087473.103.000) 05/03 01:36:47 Image size of job updated: 22649188
	20436  -  MemoryUsage of job (MB)
	20925476  -  ResidentSetSize of job (KB)
...
005 (112087473.103.000) 05/03 01:40:39 Job terminated.
	(1) Normal termination (return value 0)
		Usr 0 02:36:51, Sys 0 00:04:26  -  Run Remote Usage
		Usr 0 00:00:00, Sys 0 00:00:00  -  Run Local Usage
		Usr 0 02:36:51, Sys 0 00:04:26  -  Total Remote Usage
		Usr 0 00:00:00, Sys 0 00:00:00  -  Total Local Usage
	23173412  -  Run Bytes Sent By Job
	1780306304  -  Run Bytes Received By Job
	23173412  -  Total Bytes Sent By Job
	1780306304  -  Total Bytes Received By Job
	Partitionable Resources :      Usage  Request Allocated 
	   Cpus                 :       0.97        1         1 
	   Disk (KB)            : 6852380    20971520  21176381 
	   Ioheavy              :                             0 
	   Memory (MB)          :   20436       20480     20480 
...
