000 (112087473.068.000) 05/02 18:37:22 Job submitted from host: <128.104.100.44:9618?addrs=128.104.100.44-9618+[2607-f388-107c-501-90e2-baff-fe2c-2724]-9618&noUDP&sock=4699_0235_3>
...
033 (112087473.068.000) 05/02 18:37:39 Changing job attribute JobPrio from 0 to 10
...
001 (112087473.068.000) 05/02 19:46:14 Job executing on host: <128.105.245.223:9618?addrs=128.105.245.223-9618&noUDP&sock=5421_eefe_3>
...
006 (112087473.068.000) 05/02 19:46:23 Image size of job updated: 624
	1  -  MemoryUsage of job (MB)
	624  -  ResidentSetSize of job (KB)
...
006 (112087473.068.000) 05/02 19:51:24 Image size of job updated: 652
	1  -  MemoryUsage of job (MB)
	652  -  ResidentSetSize of job (KB)
...
006 (112087473.068.000) 05/02 20:01:27 Image size of job updated: 664
	1  -  MemoryUsage of job (MB)
	664  -  ResidentSetSize of job (KB)
...
006 (112087473.068.000) 05/02 20:06:26 Image size of job updated: 537708
	449  -  MemoryUsage of job (MB)
	459712  -  ResidentSetSize of job (KB)
...
006 (112087473.068.000) 05/02 20:11:27 Image size of job updated: 940952
	843  -  MemoryUsage of job (MB)
	862900  -  ResidentSetSize of job (KB)
...
006 (112087473.068.000) 05/02 20:16:27 Image size of job updated: 1408100
	1299  -  MemoryUsage of job (MB)
	1330048  -  ResidentSetSize of job (KB)
...
006 (112087473.068.000) 05/02 20:21:27 Image size of job updated: 2008380
	1886  -  MemoryUsage of job (MB)
	1930328  -  ResidentSetSize of job (KB)
...
006 (112087473.068.000) 05/02 20:26:28 Image size of job updated: 2728940
	2589  -  MemoryUsage of job (MB)
	2650888  -  ResidentSetSize of job (KB)
...
006 (112087473.068.000) 05/02 20:31:44 Image size of job updated: 3584940
	3425  -  MemoryUsage of job (MB)
	3506888  -  ResidentSetSize of job (KB)
...
006 (112087473.068.000) 05/02 20:36:30 Image size of job updated: 4457952
	4278  -  MemoryUsage of job (MB)
	4379900  -  ResidentSetSize of job (KB)
...
006 (112087473.068.000) 05/02 20:41:31 Image size of job updated: 5406360
	5204  -  MemoryUsage of job (MB)
	5328308  -  ResidentSetSize of job (KB)
...
006 (112087473.068.000) 05/02 20:46:33 Image size of job updated: 6378328
	6153  -  MemoryUsage of job (MB)
	6300276  -  ResidentSetSize of job (KB)
...
006 (112087473.068.000) 05/02 20:51:33 Image size of job updated: 7222304
	6977  -  MemoryUsage of job (MB)
	7144252  -  ResidentSetSize of job (KB)
...
006 (112087473.068.000) 05/02 20:56:33 Image size of job updated: 7910184
	7649  -  MemoryUsage of job (MB)
	7832132  -  ResidentSetSize of job (KB)
...
006 (112087473.068.000) 05/02 21:01:34 Image size of job updated: 8760268
	8479  -  MemoryUsage of job (MB)
	8682216  -  ResidentSetSize of job (KB)
...
006 (112087473.068.000) 05/02 21:06:35 Image size of job updated: 9571240
	9271  -  MemoryUsage of job (MB)
	9493188  -  ResidentSetSize of job (KB)
...
006 (112087473.068.000) 05/02 21:11:35 Image size of job updated: 10141704
	9828  -  MemoryUsage of job (MB)
	10063652  -  ResidentSetSize of job (KB)
...
006 (112087473.068.000) 05/02 21:16:35 Image size of job updated: 10907368
	10576  -  MemoryUsage of job (MB)
	10829316  -  ResidentSetSize of job (KB)
...
006 (112087473.068.000) 05/02 21:21:35 Image size of job updated: 11593680
	11246  -  MemoryUsage of job (MB)
	11515628  -  ResidentSetSize of job (KB)
...
006 (112087473.068.000) 05/02 21:26:36 Image size of job updated: 12395152
	12029  -  MemoryUsage of job (MB)
	12317100  -  ResidentSetSize of job (KB)
...
006 (112087473.068.000) 05/02 21:31:36 Image size of job updated: 12948284
	12569  -  MemoryUsage of job (MB)
	12870232  -  ResidentSetSize of job (KB)
...
006 (112087473.068.000) 05/02 21:36:36 Image size of job updated: 13562852
	13169  -  MemoryUsage of job (MB)
	13484800  -  ResidentSetSize of job (KB)
...
006 (112087473.068.000) 05/02 21:41:37 Image size of job updated: 14263308
	13853  -  MemoryUsage of job (MB)
	14185256  -  ResidentSetSize of job (KB)
...
006 (112087473.068.000) 05/02 21:46:38 Image size of job updated: 14825312
	14402  -  MemoryUsage of job (MB)
	14747260  -  ResidentSetSize of job (KB)
...
006 (112087473.068.000) 05/02 21:51:38 Image size of job updated: 15192776
	14761  -  MemoryUsage of job (MB)
	15114724  -  ResidentSetSize of job (KB)
...
006 (112087473.068.000) 05/02 21:56:38 Image size of job updated: 15770340
	15325  -  MemoryUsage of job (MB)
	15692080  -  ResidentSetSize of job (KB)
...
006 (112087473.068.000) 05/02 22:01:39 Image size of job updated: 16460572
	15995  -  MemoryUsage of job (MB)
	16378856  -  ResidentSetSize of job (KB)
...
006 (112087473.068.000) 05/02 22:06:40 Image size of job updated: 17150624
	16663  -  MemoryUsage of job (MB)
	17062512  -  ResidentSetSize of job (KB)
...
006 (112087473.068.000) 05/02 22:11:41 Image size of job updated: 17884936
	17368  -  MemoryUsage of job (MB)
	17784060  -  ResidentSetSize of job (KB)
...
006 (112087473.068.000) 05/02 22:16:41 Image size of job updated: 18324280
	17789  -  MemoryUsage of job (MB)
	18215172  -  ResidentSetSize of job (KB)
...
006 (112087473.068.000) 05/02 22:21:42 Image size of job updated: 18907992
	18355  -  MemoryUsage of job (MB)
	18794676  -  ResidentSetSize of job (KB)
...
006 (112087473.068.000) 05/02 22:26:43 Image size of job updated: 19544012
	18976  -  MemoryUsage of job (MB)
	19430836  -  ResidentSetSize of job (KB)
...
006 (112087473.068.000) 05/02 22:31:44 Image size of job updated: 20405764
	19813  -  MemoryUsage of job (MB)
	20288420  -  ResidentSetSize of job (KB)
...
006 (112087473.068.000) 05/02 22:36:44 Image size of job updated: 20897772
	20210  -  MemoryUsage of job (MB)
	20694360  -  ResidentSetSize of job (KB)
...
006 (112087473.068.000) 05/02 22:41:44 Image size of job updated: 21438600
	20449  -  MemoryUsage of job (MB)
	20938940  -  ResidentSetSize of job (KB)
...
006 (112087473.068.000) 05/02 22:46:44 Image size of job updated: 22011460
	20464  -  MemoryUsage of job (MB)
	20954504  -  ResidentSetSize of job (KB)
...
006 (112087473.068.000) 05/02 22:51:44 Image size of job updated: 22165804
	20464  -  MemoryUsage of job (MB)
	20954504  -  ResidentSetSize of job (KB)
...
006 (112087473.068.000) 05/02 22:56:44 Image size of job updated: 22510344
	20464  -  MemoryUsage of job (MB)
	20954504  -  ResidentSetSize of job (KB)
...
006 (112087473.068.000) 05/02 23:01:45 Image size of job updated: 22873428
	20464  -  MemoryUsage of job (MB)
	20954504  -  ResidentSetSize of job (KB)
...
006 (112087473.068.000) 05/02 23:06:45 Image size of job updated: 22971304
	20464  -  MemoryUsage of job (MB)
	20954504  -  ResidentSetSize of job (KB)
...
006 (112087473.068.000) 05/02 23:10:29 Image size of job updated: 23076948
	20464  -  MemoryUsage of job (MB)
	20954504  -  ResidentSetSize of job (KB)
...
005 (112087473.068.000) 05/02 23:10:31 Job terminated.
	(1) Normal termination (return value 0)
		Usr 0 02:29:42, Sys 0 00:02:35  -  Run Remote Usage
		Usr 0 00:00:00, Sys 0 00:00:00  -  Run Local Usage
		Usr 0 02:29:42, Sys 0 00:02:35  -  Total Remote Usage
		Usr 0 00:00:00, Sys 0 00:00:00  -  Total Local Usage
	23024492  -  Run Bytes Sent By Job
	1780306304  -  Run Bytes Received By Job
	23024492  -  Total Bytes Sent By Job
	1780306304  -  Total Bytes Received By Job
	Partitionable Resources :      Usage  Request Allocated 
	   Cpus                 :       0.13        1         1 
	   Disk (KB)            : 6852235    20971520  21189324 
	   Ioheavy              :                             0 
	   Memory (MB)          :   20464       20480     20480 
...
