000 (112087473.023.000) 05/02 18:37:22 Job submitted from host: <128.104.100.44:9618?addrs=128.104.100.44-9618+[2607-f388-107c-501-90e2-baff-fe2c-2724]-9618&noUDP&sock=4699_0235_3>
...
033 (112087473.023.000) 05/02 18:37:39 Changing job attribute JobPrio from 0 to 10
...
001 (112087473.023.000) 05/02 19:18:54 Job executing on host: <128.105.245.190:9618?addrs=128.105.245.190-9618&noUDP&sock=5445_6544_48>
...
006 (112087473.023.000) 05/02 19:19:02 Image size of job updated: 676
	1  -  MemoryUsage of job (MB)
	624  -  ResidentSetSize of job (KB)
...
006 (112087473.023.000) 05/02 19:24:03 Image size of job updated: 700
	1  -  MemoryUsage of job (MB)
	648  -  ResidentSetSize of job (KB)
...
006 (112087473.023.000) 05/02 19:29:04 Image size of job updated: 712
	1  -  MemoryUsage of job (MB)
	660  -  ResidentSetSize of job (KB)
...
006 (112087473.023.000) 05/02 19:34:04 Image size of job updated: 466968
	380  -  MemoryUsage of job (MB)
	388920  -  ResidentSetSize of job (KB)
...
006 (112087473.023.000) 05/02 19:39:05 Image size of job updated: 1084988
	984  -  MemoryUsage of job (MB)
	1006884  -  ResidentSetSize of job (KB)
...
006 (112087473.023.000) 05/02 19:44:05 Image size of job updated: 1814232
	1696  -  MemoryUsage of job (MB)
	1736128  -  ResidentSetSize of job (KB)
...
006 (112087473.023.000) 05/02 19:49:06 Image size of job updated: 2793616
	2652  -  MemoryUsage of job (MB)
	2715512  -  ResidentSetSize of job (KB)
...
006 (112087473.023.000) 05/02 19:54:06 Image size of job updated: 3697012
	3535  -  MemoryUsage of job (MB)
	3618908  -  ResidentSetSize of job (KB)
...
006 (112087473.023.000) 05/02 19:59:06 Image size of job updated: 4833932
	4645  -  MemoryUsage of job (MB)
	4755828  -  ResidentSetSize of job (KB)
...
006 (112087473.023.000) 05/02 20:04:06 Image size of job updated: 6002860
	5786  -  MemoryUsage of job (MB)
	5924756  -  ResidentSetSize of job (KB)
...
006 (112087473.023.000) 05/02 20:09:06 Image size of job updated: 6934692
	6696  -  MemoryUsage of job (MB)
	6856588  -  ResidentSetSize of job (KB)
...
006 (112087473.023.000) 05/02 20:14:06 Image size of job updated: 7878508
	7618  -  MemoryUsage of job (MB)
	7800404  -  ResidentSetSize of job (KB)
...
006 (112087473.023.000) 05/02 20:19:07 Image size of job updated: 8857268
	8574  -  MemoryUsage of job (MB)
	8779164  -  ResidentSetSize of job (KB)
...
006 (112087473.023.000) 05/02 20:24:08 Image size of job updated: 9813744
	9508  -  MemoryUsage of job (MB)
	9735640  -  ResidentSetSize of job (KB)
...
006 (112087473.023.000) 05/02 20:29:08 Image size of job updated: 10705664
	10379  -  MemoryUsage of job (MB)
	10627560  -  ResidentSetSize of job (KB)
...
006 (112087473.023.000) 05/02 20:34:08 Image size of job updated: 11536212
	11190  -  MemoryUsage of job (MB)
	11458108  -  ResidentSetSize of job (KB)
...
006 (112087473.023.000) 05/02 20:39:10 Image size of job updated: 12504904
	12126  -  MemoryUsage of job (MB)
	12417016  -  ResidentSetSize of job (KB)
...
006 (112087473.023.000) 05/02 20:44:10 Image size of job updated: 13450448
	13056  -  MemoryUsage of job (MB)
	13368572  -  ResidentSetSize of job (KB)
...
006 (112087473.023.000) 05/02 20:49:10 Image size of job updated: 14337988
	13922  -  MemoryUsage of job (MB)
	14255412  -  ResidentSetSize of job (KB)
...
006 (112087473.023.000) 05/02 20:54:11 Image size of job updated: 15055464
	14622  -  MemoryUsage of job (MB)
	14972888  -  ResidentSetSize of job (KB)
...
006 (112087473.023.000) 05/02 20:59:12 Image size of job updated: 15809200
	15359  -  MemoryUsage of job (MB)
	15726624  -  ResidentSetSize of job (KB)
...
006 (112087473.023.000) 05/02 21:04:12 Image size of job updated: 16558056
	16085  -  MemoryUsage of job (MB)
	16470040  -  ResidentSetSize of job (KB)
...
006 (112087473.023.000) 05/02 21:09:13 Image size of job updated: 17348308
	16852  -  MemoryUsage of job (MB)
	17255472  -  ResidentSetSize of job (KB)
...
006 (112087473.023.000) 05/02 21:14:13 Image size of job updated: 18223540
	17700  -  MemoryUsage of job (MB)
	18124696  -  ResidentSetSize of job (KB)
...
006 (112087473.023.000) 05/02 21:19:13 Image size of job updated: 19288956
	18729  -  MemoryUsage of job (MB)
	19178064  -  ResidentSetSize of job (KB)
...
006 (112087473.023.000) 05/02 21:24:14 Image size of job updated: 20153252
	19579  -  MemoryUsage of job (MB)
	20048364  -  ResidentSetSize of job (KB)
...
006 (112087473.023.000) 05/02 21:29:15 Image size of job updated: 21224572
	20404  -  MemoryUsage of job (MB)
	20893260  -  ResidentSetSize of job (KB)
...
006 (112087473.023.000) 05/02 21:34:17 Image size of job updated: 21963232
	20434  -  MemoryUsage of job (MB)
	20924032  -  ResidentSetSize of job (KB)
...
006 (112087473.023.000) 05/02 21:39:17 Image size of job updated: 22535000
	20448  -  MemoryUsage of job (MB)
	20938092  -  ResidentSetSize of job (KB)
...
006 (112087473.023.000) 05/02 21:44:17 Image size of job updated: 22917264
	20448  -  MemoryUsage of job (MB)
	20938092  -  ResidentSetSize of job (KB)
...
006 (112087473.023.000) 05/02 21:46:07 Image size of job updated: 23077804
	20448  -  MemoryUsage of job (MB)
	20938092  -  ResidentSetSize of job (KB)
...
005 (112087473.023.000) 05/02 21:46:08 Job terminated.
	(1) Normal termination (return value 0)
		Usr 0 01:58:57, Sys 0 00:03:25  -  Run Remote Usage
		Usr 0 00:00:00, Sys 0 00:00:00  -  Run Local Usage
		Usr 0 01:58:57, Sys 0 00:03:25  -  Total Remote Usage
		Usr 0 00:00:00, Sys 0 00:00:00  -  Total Local Usage
	23104808  -  Run Bytes Sent By Job
	1780306304  -  Run Bytes Received By Job
	23104808  -  Total Bytes Sent By Job
	1780306304  -  Total Bytes Received By Job
	Partitionable Resources :      Usage  Request Allocated 
	   Cpus                 :       0.66        1         1 
	   Disk (KB)            : 6852313    20971520  21170075 
	   Ioheavy              :                             0 
	   Memory (MB)          :   20448       20480     20480 
...
