000 (112087473.141.000) 05/02 18:37:22 Job submitted from host: <128.104.100.44:9618?addrs=128.104.100.44-9618+[2607-f388-107c-501-90e2-baff-fe2c-2724]-9618&noUDP&sock=4699_0235_3>
...
033 (112087473.141.000) 05/02 18:37:39 Changing job attribute JobPrio from 0 to 10
...
001 (112087473.141.000) 05/02 22:39:18 Job executing on host: <128.105.245.137:9618?addrs=128.105.245.137-9618&noUDP&sock=5431_caf1_46>
...
006 (112087473.141.000) 05/02 22:39:26 Image size of job updated: 616
	1  -  MemoryUsage of job (MB)
	616  -  ResidentSetSize of job (KB)
...
006 (112087473.141.000) 05/02 22:44:31 Image size of job updated: 624
	1  -  MemoryUsage of job (MB)
	624  -  ResidentSetSize of job (KB)
...
006 (112087473.141.000) 05/02 22:54:34 Image size of job updated: 628
	1  -  MemoryUsage of job (MB)
	628  -  ResidentSetSize of job (KB)
...
006 (112087473.141.000) 05/02 22:59:29 Image size of job updated: 648
	1  -  MemoryUsage of job (MB)
	648  -  ResidentSetSize of job (KB)
...
006 (112087473.141.000) 05/02 23:24:32 Image size of job updated: 652
	1  -  MemoryUsage of job (MB)
	652  -  ResidentSetSize of job (KB)
...
006 (112087473.141.000) 05/02 23:39:34 Image size of job updated: 656
	1  -  MemoryUsage of job (MB)
	656  -  ResidentSetSize of job (KB)
...
006 (112087473.141.000) 05/02 23:49:33 Image size of job updated: 664
	1  -  MemoryUsage of job (MB)
	664  -  ResidentSetSize of job (KB)
...
006 (112087473.141.000) 05/03 00:04:36 Image size of job updated: 260684
	179  -  MemoryUsage of job (MB)
	182976  -  ResidentSetSize of job (KB)
...
006 (112087473.141.000) 05/03 00:09:36 Image size of job updated: 473388
	387  -  MemoryUsage of job (MB)
	395392  -  ResidentSetSize of job (KB)
...
006 (112087473.141.000) 05/03 00:14:37 Image size of job updated: 606240
	516  -  MemoryUsage of job (MB)
	528244  -  ResidentSetSize of job (KB)
...
006 (112087473.141.000) 05/03 00:19:37 Image size of job updated: 810116
	715  -  MemoryUsage of job (MB)
	732064  -  ResidentSetSize of job (KB)
...
006 (112087473.141.000) 05/03 00:24:38 Image size of job updated: 992044
	893  -  MemoryUsage of job (MB)
	913992  -  ResidentSetSize of job (KB)
...
006 (112087473.141.000) 05/03 00:29:38 Image size of job updated: 1317224
	1211  -  MemoryUsage of job (MB)
	1239172  -  ResidentSetSize of job (KB)
...
006 (112087473.141.000) 05/03 00:34:38 Image size of job updated: 2070632
	1946  -  MemoryUsage of job (MB)
	1992580  -  ResidentSetSize of job (KB)
...
006 (112087473.141.000) 05/03 00:39:39 Image size of job updated: 2829628
	2688  -  MemoryUsage of job (MB)
	2751576  -  ResidentSetSize of job (KB)
...
006 (112087473.141.000) 05/03 00:44:40 Image size of job updated: 3718500
	3556  -  MemoryUsage of job (MB)
	3640448  -  ResidentSetSize of job (KB)
...
006 (112087473.141.000) 05/03 00:49:41 Image size of job updated: 4717828
	4532  -  MemoryUsage of job (MB)
	4639776  -  ResidentSetSize of job (KB)
...
006 (112087473.141.000) 05/03 00:54:41 Image size of job updated: 5136820
	4941  -  MemoryUsage of job (MB)
	5058768  -  ResidentSetSize of job (KB)
...
006 (112087473.141.000) 05/03 00:59:41 Image size of job updated: 5928244
	5714  -  MemoryUsage of job (MB)
	5850192  -  ResidentSetSize of job (KB)
...
006 (112087473.141.000) 05/03 01:04:42 Image size of job updated: 6883944
	6647  -  MemoryUsage of job (MB)
	6805892  -  ResidentSetSize of job (KB)
...
006 (112087473.141.000) 05/03 01:09:42 Image size of job updated: 7740260
	7483  -  MemoryUsage of job (MB)
	7662208  -  ResidentSetSize of job (KB)
...
006 (112087473.141.000) 05/03 01:14:43 Image size of job updated: 8676928
	8398  -  MemoryUsage of job (MB)
	8598876  -  ResidentSetSize of job (KB)
...
006 (112087473.141.000) 05/03 01:19:43 Image size of job updated: 9433740
	9137  -  MemoryUsage of job (MB)
	9355688  -  ResidentSetSize of job (KB)
...
006 (112087473.141.000) 05/03 01:24:43 Image size of job updated: 10202732
	9888  -  MemoryUsage of job (MB)
	10124680  -  ResidentSetSize of job (KB)
...
006 (112087473.141.000) 05/03 01:29:44 Image size of job updated: 10950056
	10618  -  MemoryUsage of job (MB)
	10872004  -  ResidentSetSize of job (KB)
...
006 (112087473.141.000) 05/03 01:34:45 Image size of job updated: 11490348
	11145  -  MemoryUsage of job (MB)
	11412296  -  ResidentSetSize of job (KB)
...
006 (112087473.141.000) 05/03 01:39:46 Image size of job updated: 12269660
	11906  -  MemoryUsage of job (MB)
	12191608  -  ResidentSetSize of job (KB)
...
006 (112087473.141.000) 05/03 01:44:46 Image size of job updated: 13018428
	12638  -  MemoryUsage of job (MB)
	12940376  -  ResidentSetSize of job (KB)
...
006 (112087473.141.000) 05/03 01:49:46 Image size of job updated: 13785180
	13386  -  MemoryUsage of job (MB)
	13707128  -  ResidentSetSize of job (KB)
...
006 (112087473.141.000) 05/03 01:54:56 Image size of job updated: 14514792
	14099  -  MemoryUsage of job (MB)
	14436740  -  ResidentSetSize of job (KB)
...
006 (112087473.141.000) 05/03 01:59:47 Image size of job updated: 15236584
	14804  -  MemoryUsage of job (MB)
	15158532  -  ResidentSetSize of job (KB)
...
006 (112087473.141.000) 05/03 02:04:47 Image size of job updated: 15987396
	15537  -  MemoryUsage of job (MB)
	15909116  -  ResidentSetSize of job (KB)
...
006 (112087473.141.000) 05/03 02:09:48 Image size of job updated: 16717412
	16248  -  MemoryUsage of job (MB)
	16637848  -  ResidentSetSize of job (KB)
...
006 (112087473.141.000) 05/03 02:14:49 Image size of job updated: 17447804
	16961  -  MemoryUsage of job (MB)
	17367256  -  ResidentSetSize of job (KB)
...
006 (112087473.141.000) 05/03 02:19:49 Image size of job updated: 18271860
	17765  -  MemoryUsage of job (MB)
	18191204  -  ResidentSetSize of job (KB)
...
006 (112087473.141.000) 05/03 02:24:49 Image size of job updated: 19154428
	18623  -  MemoryUsage of job (MB)
	19069744  -  ResidentSetSize of job (KB)
...
006 (112087473.141.000) 05/03 02:29:50 Image size of job updated: 19855128
	19295  -  MemoryUsage of job (MB)
	19757844  -  ResidentSetSize of job (KB)
...
006 (112087473.141.000) 05/03 02:34:51 Image size of job updated: 20517036
	19883  -  MemoryUsage of job (MB)
	20359240  -  ResidentSetSize of job (KB)
...
006 (112087473.141.000) 05/03 02:39:54 Image size of job updated: 20956040
	20239  -  MemoryUsage of job (MB)
	20724284  -  ResidentSetSize of job (KB)
...
006 (112087473.141.000) 05/03 02:44:53 Image size of job updated: 21403264
	20451  -  MemoryUsage of job (MB)
	20941644  -  ResidentSetSize of job (KB)
...
006 (112087473.141.000) 05/03 02:49:53 Image size of job updated: 21897220
	20451  -  MemoryUsage of job (MB)
	20941644  -  ResidentSetSize of job (KB)
...
006 (112087473.141.000) 05/03 02:54:54 Image size of job updated: 22514756
	20451  -  MemoryUsage of job (MB)
	20941644  -  ResidentSetSize of job (KB)
...
006 (112087473.141.000) 05/03 02:59:35 Image size of job updated: 22921484
	20451  -  MemoryUsage of job (MB)
	20941644  -  ResidentSetSize of job (KB)
...
005 (112087473.141.000) 05/03 02:59:37 Job terminated.
	(1) Normal termination (return value 0)
		Usr 0 02:20:00, Sys 0 00:02:13  -  Run Remote Usage
		Usr 0 00:00:00, Sys 0 00:00:00  -  Run Local Usage
		Usr 0 02:20:00, Sys 0 00:02:13  -  Total Remote Usage
		Usr 0 00:00:00, Sys 0 00:00:00  -  Total Local Usage
	23043976  -  Run Bytes Sent By Job
	1780306304  -  Run Bytes Received By Job
	23043976  -  Total Bytes Sent By Job
	1780306304  -  Total Bytes Received By Job
	Partitionable Resources :      Usage  Request Allocated 
	   Cpus                 :       0.61        1         1 
	   Disk (KB)            : 6852255    20971520  21239728 
	   Ioheavy              :                             0 
	   Memory (MB)          :   20451       20480     20480 
...
