000 (112087473.008.000) 05/02 18:37:22 Job submitted from host: <128.104.100.44:9618?addrs=128.104.100.44-9618+[2607-f388-107c-501-90e2-baff-fe2c-2724]-9618&noUDP&sock=4699_0235_3>
...
033 (112087473.008.000) 05/02 18:37:39 Changing job attribute JobPrio from 0 to 10
...
001 (112087473.008.000) 05/02 19:15:36 Job executing on host: <128.105.245.152:9618?addrs=128.105.245.152-9618&noUDP&sock=5500_1efa_3>
...
006 (112087473.008.000) 05/02 19:15:44 Image size of job updated: 628
	1  -  MemoryUsage of job (MB)
	628  -  ResidentSetSize of job (KB)
...
006 (112087473.008.000) 05/02 19:20:45 Image size of job updated: 652
	1  -  MemoryUsage of job (MB)
	652  -  ResidentSetSize of job (KB)
...
006 (112087473.008.000) 05/02 19:25:49 Image size of job updated: 266460
	185  -  MemoryUsage of job (MB)
	188588  -  ResidentSetSize of job (KB)
...
006 (112087473.008.000) 05/02 19:30:47 Image size of job updated: 617348
	527  -  MemoryUsage of job (MB)
	539352  -  ResidentSetSize of job (KB)
...
006 (112087473.008.000) 05/02 19:35:48 Image size of job updated: 1079108
	978  -  MemoryUsage of job (MB)
	1001056  -  ResidentSetSize of job (KB)
...
006 (112087473.008.000) 05/02 19:40:48 Image size of job updated: 1616520
	1503  -  MemoryUsage of job (MB)
	1538468  -  ResidentSetSize of job (KB)
...
006 (112087473.008.000) 05/02 19:45:47 Image size of job updated: 2237124
	2109  -  MemoryUsage of job (MB)
	2159072  -  ResidentSetSize of job (KB)
...
006 (112087473.008.000) 05/02 19:50:48 Image size of job updated: 2976892
	2831  -  MemoryUsage of job (MB)
	2898840  -  ResidentSetSize of job (KB)
...
006 (112087473.008.000) 05/02 19:55:48 Image size of job updated: 3949180
	3781  -  MemoryUsage of job (MB)
	3871128  -  ResidentSetSize of job (KB)
...
006 (112087473.008.000) 05/02 20:00:48 Image size of job updated: 4758068
	4571  -  MemoryUsage of job (MB)
	4680016  -  ResidentSetSize of job (KB)
...
006 (112087473.008.000) 05/02 20:05:48 Image size of job updated: 5584852
	5378  -  MemoryUsage of job (MB)
	5506800  -  ResidentSetSize of job (KB)
...
006 (112087473.008.000) 05/02 20:10:49 Image size of job updated: 6442228
	6216  -  MemoryUsage of job (MB)
	6364176  -  ResidentSetSize of job (KB)
...
006 (112087473.008.000) 05/02 20:15:49 Image size of job updated: 7238400
	6993  -  MemoryUsage of job (MB)
	7160348  -  ResidentSetSize of job (KB)
...
006 (112087473.008.000) 05/02 20:20:49 Image size of job updated: 7936624
	7675  -  MemoryUsage of job (MB)
	7858572  -  ResidentSetSize of job (KB)
...
006 (112087473.008.000) 05/02 20:25:50 Image size of job updated: 8671976
	8393  -  MemoryUsage of job (MB)
	8593924  -  ResidentSetSize of job (KB)
...
006 (112087473.008.000) 05/02 20:30:51 Image size of job updated: 9410776
	9114  -  MemoryUsage of job (MB)
	9332724  -  ResidentSetSize of job (KB)
...
006 (112087473.008.000) 05/02 20:35:51 Image size of job updated: 10122320
	9809  -  MemoryUsage of job (MB)
	10044268  -  ResidentSetSize of job (KB)
...
006 (112087473.008.000) 05/02 20:40:51 Image size of job updated: 10726684
	10400  -  MemoryUsage of job (MB)
	10648632  -  ResidentSetSize of job (KB)
...
006 (112087473.008.000) 05/02 20:45:51 Image size of job updated: 11376964
	11035  -  MemoryUsage of job (MB)
	11298912  -  ResidentSetSize of job (KB)
...
006 (112087473.008.000) 05/02 20:50:52 Image size of job updated: 12166632
	11806  -  MemoryUsage of job (MB)
	12088580  -  ResidentSetSize of job (KB)
...
006 (112087473.008.000) 05/02 20:55:53 Image size of job updated: 12759960
	12385  -  MemoryUsage of job (MB)
	12681908  -  ResidentSetSize of job (KB)
...
006 (112087473.008.000) 05/02 21:00:54 Image size of job updated: 13479052
	13087  -  MemoryUsage of job (MB)
	13401000  -  ResidentSetSize of job (KB)
...
006 (112087473.008.000) 05/02 21:05:54 Image size of job updated: 14125428
	13719  -  MemoryUsage of job (MB)
	14047376  -  ResidentSetSize of job (KB)
...
006 (112087473.008.000) 05/02 21:10:54 Image size of job updated: 14893712
	14469  -  MemoryUsage of job (MB)
	14815660  -  ResidentSetSize of job (KB)
...
006 (112087473.008.000) 05/02 21:15:54 Image size of job updated: 15581976
	15141  -  MemoryUsage of job (MB)
	15503532  -  ResidentSetSize of job (KB)
...
006 (112087473.008.000) 05/02 21:20:54 Image size of job updated: 16252740
	15795  -  MemoryUsage of job (MB)
	16173248  -  ResidentSetSize of job (KB)
...
006 (112087473.008.000) 05/02 21:25:54 Image size of job updated: 16876768
	16401  -  MemoryUsage of job (MB)
	16794336  -  ResidentSetSize of job (KB)
...
006 (112087473.008.000) 05/02 21:30:55 Image size of job updated: 17572664
	17079  -  MemoryUsage of job (MB)
	17488684  -  ResidentSetSize of job (KB)
...
006 (112087473.008.000) 05/02 21:35:56 Image size of job updated: 18199604
	17684  -  MemoryUsage of job (MB)
	18108228  -  ResidentSetSize of job (KB)
...
006 (112087473.008.000) 05/02 21:40:56 Image size of job updated: 18918648
	18376  -  MemoryUsage of job (MB)
	18816064  -  ResidentSetSize of job (KB)
...
006 (112087473.008.000) 05/02 21:45:56 Image size of job updated: 19564060
	19000  -  MemoryUsage of job (MB)
	19455500  -  ResidentSetSize of job (KB)
...
006 (112087473.008.000) 05/02 21:50:57 Image size of job updated: 20273096
	19673  -  MemoryUsage of job (MB)
	20144360  -  ResidentSetSize of job (KB)
...
006 (112087473.008.000) 05/02 21:55:57 Image size of job updated: 20946708
	20271  -  MemoryUsage of job (MB)
	20757044  -  ResidentSetSize of job (KB)
...
006 (112087473.008.000) 05/02 22:00:58 Image size of job updated: 21505640
	20439  -  MemoryUsage of job (MB)
	20928692  -  ResidentSetSize of job (KB)
...
006 (112087473.008.000) 05/02 22:05:58 Image size of job updated: 21903644
	20439  -  MemoryUsage of job (MB)
	20928692  -  ResidentSetSize of job (KB)
...
006 (112087473.008.000) 05/02 22:10:59 Image size of job updated: 22163708
	20444  -  MemoryUsage of job (MB)
	20934468  -  ResidentSetSize of job (KB)
...
006 (112087473.008.000) 05/02 22:16:00 Image size of job updated: 22795232
	20464  -  MemoryUsage of job (MB)
	20954232  -  ResidentSetSize of job (KB)
...
006 (112087473.008.000) 05/02 22:20:32 Image size of job updated: 23078792
	20464  -  MemoryUsage of job (MB)
	20954232  -  ResidentSetSize of job (KB)
...
005 (112087473.008.000) 05/02 22:20:34 Job terminated.
	(1) Normal termination (return value 0)
		Usr 0 02:33:34, Sys 0 00:03:34  -  Run Remote Usage
		Usr 0 00:00:00, Sys 0 00:00:00  -  Run Local Usage
		Usr 0 02:33:34, Sys 0 00:03:34  -  Total Remote Usage
		Usr 0 00:00:00, Sys 0 00:00:00  -  Total Local Usage
	23089598  -  Run Bytes Sent By Job
	1780306304  -  Run Bytes Received By Job
	23089598  -  Total Bytes Sent By Job
	1780306304  -  Total Bytes Received By Job
	Partitionable Resources :      Usage  Request Allocated 
	   Cpus                 :       0.36        1         1 
	   Disk (KB)            : 6852300    20971520  21361440 
	   Ioheavy              :                             0 
	   Memory (MB)          :   20464       20480     20480 
...
