000 (112087473.165.000) 05/02 18:37:22 Job submitted from host: <128.104.100.44:9618?addrs=128.104.100.44-9618+[2607-f388-107c-501-90e2-baff-fe2c-2724]-9618&noUDP&sock=4699_0235_3>
...
033 (112087473.165.000) 05/02 18:37:40 Changing job attribute JobPrio from 0 to 10
...
001 (112087473.165.000) 05/02 22:44:07 Job executing on host: <128.105.245.212:9618?addrs=128.105.245.212-9618&noUDP&sock=5446_14dd_3>
...
006 (112087473.165.000) 05/02 22:44:15 Image size of job updated: 632
	1  -  MemoryUsage of job (MB)
	632  -  ResidentSetSize of job (KB)
...
006 (112087473.165.000) 05/02 22:49:16 Image size of job updated: 204436
	124  -  MemoryUsage of job (MB)
	126928  -  ResidentSetSize of job (KB)
...
006 (112087473.165.000) 05/02 22:54:17 Image size of job updated: 867204
	771  -  MemoryUsage of job (MB)
	789152  -  ResidentSetSize of job (KB)
...
006 (112087473.165.000) 05/02 22:59:18 Image size of job updated: 1809536
	1691  -  MemoryUsage of job (MB)
	1731484  -  ResidentSetSize of job (KB)
...
006 (112087473.165.000) 05/02 23:04:19 Image size of job updated: 2881596
	2738  -  MemoryUsage of job (MB)
	2803544  -  ResidentSetSize of job (KB)
...
006 (112087473.165.000) 05/02 23:09:20 Image size of job updated: 3829112
	3664  -  MemoryUsage of job (MB)
	3751060  -  ResidentSetSize of job (KB)
...
006 (112087473.165.000) 05/02 23:14:21 Image size of job updated: 5013488
	4820  -  MemoryUsage of job (MB)
	4935436  -  ResidentSetSize of job (KB)
...
006 (112087473.165.000) 05/02 23:19:22 Image size of job updated: 6086588
	5868  -  MemoryUsage of job (MB)
	6008536  -  ResidentSetSize of job (KB)
...
006 (112087473.165.000) 05/02 23:24:23 Image size of job updated: 7256316
	7011  -  MemoryUsage of job (MB)
	7178264  -  ResidentSetSize of job (KB)
...
006 (112087473.165.000) 05/02 23:29:24 Image size of job updated: 8471860
	8198  -  MemoryUsage of job (MB)
	8393808  -  ResidentSetSize of job (KB)
...
006 (112087473.165.000) 05/02 23:34:25 Image size of job updated: 9676376
	9374  -  MemoryUsage of job (MB)
	9598324  -  ResidentSetSize of job (KB)
...
006 (112087473.165.000) 05/02 23:39:26 Image size of job updated: 10770796
	10443  -  MemoryUsage of job (MB)
	10692744  -  ResidentSetSize of job (KB)
...
006 (112087473.165.000) 05/02 23:44:27 Image size of job updated: 11895272
	11541  -  MemoryUsage of job (MB)
	11817220  -  ResidentSetSize of job (KB)
...
006 (112087473.165.000) 05/02 23:49:30 Image size of job updated: 12734564
	12360  -  MemoryUsage of job (MB)
	12656512  -  ResidentSetSize of job (KB)
...
006 (112087473.165.000) 05/02 23:54:28 Image size of job updated: 13862772
	13462  -  MemoryUsage of job (MB)
	13784720  -  ResidentSetSize of job (KB)
...
006 (112087473.165.000) 05/02 23:59:29 Image size of job updated: 14932204
	14507  -  MemoryUsage of job (MB)
	14854152  -  ResidentSetSize of job (KB)
...
006 (112087473.165.000) 05/03 00:04:30 Image size of job updated: 16074764
	15622  -  MemoryUsage of job (MB)
	15996712  -  ResidentSetSize of job (KB)
...
006 (112087473.165.000) 05/03 00:09:31 Image size of job updated: 17364892
	16880  -  MemoryUsage of job (MB)
	17285036  -  ResidentSetSize of job (KB)
...
006 (112087473.165.000) 05/03 00:14:32 Image size of job updated: 18585356
	18057  -  MemoryUsage of job (MB)
	18490072  -  ResidentSetSize of job (KB)
...
006 (112087473.165.000) 05/03 00:19:32 Image size of job updated: 19772732
	19194  -  MemoryUsage of job (MB)
	19654412  -  ResidentSetSize of job (KB)
...
006 (112087473.165.000) 05/03 00:24:32 Image size of job updated: 20240908
	19628  -  MemoryUsage of job (MB)
	20098980  -  ResidentSetSize of job (KB)
...
006 (112087473.165.000) 05/03 00:29:31 Image size of job updated: 20854972
	20156  -  MemoryUsage of job (MB)
	20638920  -  ResidentSetSize of job (KB)
...
006 (112087473.165.000) 05/03 00:34:32 Image size of job updated: 21294488
	20415  -  MemoryUsage of job (MB)
	20904388  -  ResidentSetSize of job (KB)
...
006 (112087473.165.000) 05/03 00:39:31 Image size of job updated: 21813000
	20444  -  MemoryUsage of job (MB)
	20933956  -  ResidentSetSize of job (KB)
...
006 (112087473.165.000) 05/03 00:44:31 Image size of job updated: 22409752
	20466  -  MemoryUsage of job (MB)
	20956908  -  ResidentSetSize of job (KB)
...
006 (112087473.165.000) 05/03 00:49:32 Image size of job updated: 22888728
	20466  -  MemoryUsage of job (MB)
	20957032  -  ResidentSetSize of job (KB)
...
006 (112087473.165.000) 05/03 00:53:34 Image size of job updated: 23727004
	20466  -  MemoryUsage of job (MB)
	20957032  -  ResidentSetSize of job (KB)
...
005 (112087473.165.000) 05/03 00:53:45 Job terminated.
	(1) Normal termination (return value 0)
		Usr 0 01:31:10, Sys 0 00:01:47  -  Run Remote Usage
		Usr 0 00:00:00, Sys 0 00:00:00  -  Run Local Usage
		Usr 0 01:31:10, Sys 0 00:01:47  -  Total Remote Usage
		Usr 0 00:00:00, Sys 0 00:00:00  -  Total Local Usage
	23075522  -  Run Bytes Sent By Job
	1780306304  -  Run Bytes Received By Job
	23075522  -  Total Bytes Sent By Job
	1780306304  -  Total Bytes Received By Job
	Partitionable Resources :    Usage  Request Allocated 
	   Cpus                 :        0        1         1 
	   Disk (KB)            :  6852286 20971520  21100480 
	   Ioheavy              :                           0 
	   Memory (MB)          :    20466    20480     20480 
...
