000 (112087473.098.000) 05/02 18:37:22 Job submitted from host: <128.104.100.44:9618?addrs=128.104.100.44-9618+[2607-f388-107c-501-90e2-baff-fe2c-2724]-9618&noUDP&sock=4699_0235_3>
...
033 (112087473.098.000) 05/02 18:37:39 Changing job attribute JobPrio from 0 to 10
...
001 (112087473.098.000) 05/02 21:28:12 Job executing on host: <128.105.245.213:9618?addrs=128.105.245.213-9618&noUDP&sock=5528_53a1_16>
...
006 (112087473.098.000) 05/02 21:28:20 Image size of job updated: 628
	1  -  MemoryUsage of job (MB)
	628  -  ResidentSetSize of job (KB)
...
006 (112087473.098.000) 05/02 21:33:22 Image size of job updated: 668
	1  -  MemoryUsage of job (MB)
	668  -  ResidentSetSize of job (KB)
...
006 (112087473.098.000) 05/02 21:38:22 Image size of job updated: 630244
	540  -  MemoryUsage of job (MB)
	552248  -  ResidentSetSize of job (KB)
...
006 (112087473.098.000) 05/02 21:43:22 Image size of job updated: 1192080
	1088  -  MemoryUsage of job (MB)
	1114028  -  ResidentSetSize of job (KB)
...
006 (112087473.098.000) 05/02 21:48:22 Image size of job updated: 1896548
	1776  -  MemoryUsage of job (MB)
	1818496  -  ResidentSetSize of job (KB)
...
006 (112087473.098.000) 05/02 21:53:23 Image size of job updated: 2636168
	2499  -  MemoryUsage of job (MB)
	2558116  -  ResidentSetSize of job (KB)
...
006 (112087473.098.000) 05/02 21:58:24 Image size of job updated: 3430412
	3274  -  MemoryUsage of job (MB)
	3352360  -  ResidentSetSize of job (KB)
...
006 (112087473.098.000) 05/02 22:03:25 Image size of job updated: 4368848
	4191  -  MemoryUsage of job (MB)
	4290796  -  ResidentSetSize of job (KB)
...
006 (112087473.098.000) 05/02 22:08:25 Image size of job updated: 5271260
	5072  -  MemoryUsage of job (MB)
	5193208  -  ResidentSetSize of job (KB)
...
006 (112087473.098.000) 05/02 22:13:25 Image size of job updated: 5932352
	5718  -  MemoryUsage of job (MB)
	5854300  -  ResidentSetSize of job (KB)
...
006 (112087473.098.000) 05/02 22:18:26 Image size of job updated: 6674972
	6443  -  MemoryUsage of job (MB)
	6596920  -  ResidentSetSize of job (KB)
...
006 (112087473.098.000) 05/02 22:23:28 Image size of job updated: 7382312
	7134  -  MemoryUsage of job (MB)
	7304260  -  ResidentSetSize of job (KB)
...
006 (112087473.098.000) 05/02 22:28:28 Image size of job updated: 8267788
	7998  -  MemoryUsage of job (MB)
	8189736  -  ResidentSetSize of job (KB)
...
006 (112087473.098.000) 05/02 22:33:28 Image size of job updated: 8896700
	8612  -  MemoryUsage of job (MB)
	8818648  -  ResidentSetSize of job (KB)
...
006 (112087473.098.000) 05/02 22:38:29 Image size of job updated: 9623560
	9322  -  MemoryUsage of job (MB)
	9545508  -  ResidentSetSize of job (KB)
...
006 (112087473.098.000) 05/02 22:43:30 Image size of job updated: 10313316
	9996  -  MemoryUsage of job (MB)
	10235264  -  ResidentSetSize of job (KB)
...
006 (112087473.098.000) 05/02 22:48:30 Image size of job updated: 10916932
	10585  -  MemoryUsage of job (MB)
	10838880  -  ResidentSetSize of job (KB)
...
006 (112087473.098.000) 05/02 22:53:30 Image size of job updated: 11520580
	11175  -  MemoryUsage of job (MB)
	11442528  -  ResidentSetSize of job (KB)
...
006 (112087473.098.000) 05/02 22:58:31 Image size of job updated: 12212584
	11851  -  MemoryUsage of job (MB)
	12134532  -  ResidentSetSize of job (KB)
...
006 (112087473.098.000) 05/02 23:03:31 Image size of job updated: 12851148
	12474  -  MemoryUsage of job (MB)
	12773096  -  ResidentSetSize of job (KB)
...
006 (112087473.098.000) 05/02 23:08:31 Image size of job updated: 13486176
	13094  -  MemoryUsage of job (MB)
	13408060  -  ResidentSetSize of job (KB)
...
006 (112087473.098.000) 05/02 23:13:32 Image size of job updated: 14103092
	13697  -  MemoryUsage of job (MB)
	14024848  -  ResidentSetSize of job (KB)
...
006 (112087473.098.000) 05/02 23:18:33 Image size of job updated: 14852512
	14428  -  MemoryUsage of job (MB)
	14773948  -  ResidentSetSize of job (KB)
...
006 (112087473.098.000) 05/02 23:23:33 Image size of job updated: 15506808
	15067  -  MemoryUsage of job (MB)
	15428116  -  ResidentSetSize of job (KB)
...
006 (112087473.098.000) 05/02 23:28:34 Image size of job updated: 16238640
	15779  -  MemoryUsage of job (MB)
	16157660  -  ResidentSetSize of job (KB)
...
006 (112087473.098.000) 05/02 23:33:35 Image size of job updated: 16877576
	16402  -  MemoryUsage of job (MB)
	16794800  -  ResidentSetSize of job (KB)
...
006 (112087473.098.000) 05/02 23:38:35 Image size of job updated: 17581372
	17087  -  MemoryUsage of job (MB)
	17496320  -  ResidentSetSize of job (KB)
...
006 (112087473.098.000) 05/02 23:43:36 Image size of job updated: 18250464
	17738  -  MemoryUsage of job (MB)
	18163568  -  ResidentSetSize of job (KB)
...
006 (112087473.098.000) 05/02 23:48:38 Image size of job updated: 18967248
	18423  -  MemoryUsage of job (MB)
	18864976  -  ResidentSetSize of job (KB)
...
006 (112087473.098.000) 05/02 23:53:38 Image size of job updated: 19766240
	19164  -  MemoryUsage of job (MB)
	19623884  -  ResidentSetSize of job (KB)
...
006 (112087473.098.000) 05/02 23:58:38 Image size of job updated: 20377884
	19705  -  MemoryUsage of job (MB)
	20177852  -  ResidentSetSize of job (KB)
...
006 (112087473.098.000) 05/03 00:03:39 Image size of job updated: 20968996
	20114  -  MemoryUsage of job (MB)
	20595912  -  ResidentSetSize of job (KB)
...
006 (112087473.098.000) 05/03 00:08:40 Image size of job updated: 21291580
	20293  -  MemoryUsage of job (MB)
	20779692  -  ResidentSetSize of job (KB)
...
006 (112087473.098.000) 05/03 00:13:40 Image size of job updated: 21507740
	20371  -  MemoryUsage of job (MB)
	20859112  -  ResidentSetSize of job (KB)
...
006 (112087473.098.000) 05/03 00:18:41 Image size of job updated: 21747828
	20449  -  MemoryUsage of job (MB)
	20938932  -  ResidentSetSize of job (KB)
...
006 (112087473.098.000) 05/03 00:23:42 Image size of job updated: 22136956
	20449  -  MemoryUsage of job (MB)
	20939100  -  ResidentSetSize of job (KB)
...
006 (112087473.098.000) 05/03 00:28:42 Image size of job updated: 22848200
	20450  -  MemoryUsage of job (MB)
	20940108  -  ResidentSetSize of job (KB)
...
005 (112087473.098.000) 05/03 00:31:31 Job terminated.
	(1) Normal termination (return value 0)
		Usr 0 02:33:20, Sys 0 00:02:48  -  Run Remote Usage
		Usr 0 00:00:00, Sys 0 00:00:00  -  Run Local Usage
		Usr 0 02:33:20, Sys 0 00:02:48  -  Total Remote Usage
		Usr 0 00:00:00, Sys 0 00:00:00  -  Total Local Usage
	23123848  -  Run Bytes Sent By Job
	1780306304  -  Run Bytes Received By Job
	23123848  -  Total Bytes Sent By Job
	1780306304  -  Total Bytes Received By Job
	Partitionable Resources :      Usage  Request Allocated 
	   Cpus                 :       0.89        1         1 
	   Disk (KB)            : 6852333    20971520  21190812 
	   Ioheavy              :                             0 
	   Memory (MB)          :   20450       20480     20480 
...
