000 (112087473.086.000) 05/02 18:37:22 Job submitted from host: <128.104.100.44:9618?addrs=128.104.100.44-9618+[2607-f388-107c-501-90e2-baff-fe2c-2724]-9618&noUDP&sock=4699_0235_3>
...
033 (112087473.086.000) 05/02 18:37:39 Changing job attribute JobPrio from 0 to 10
...
001 (112087473.086.000) 05/02 21:21:35 Job executing on host: <128.105.245.248:9618?addrs=128.105.245.248-9618&noUDP&sock=5505_8cf3_29>
...
006 (112087473.086.000) 05/02 21:21:44 Image size of job updated: 616
	1  -  MemoryUsage of job (MB)
	616  -  ResidentSetSize of job (KB)
...
006 (112087473.086.000) 05/02 21:26:45 Image size of job updated: 624
	1  -  MemoryUsage of job (MB)
	624  -  ResidentSetSize of job (KB)
...
006 (112087473.086.000) 05/02 22:38:08 Image size of job updated: 652
	1  -  MemoryUsage of job (MB)
	652  -  ResidentSetSize of job (KB)
...
006 (112087473.086.000) 05/02 23:18:11 Image size of job updated: 1292700
	1187  -  MemoryUsage of job (MB)
	1214648  -  ResidentSetSize of job (KB)
...
006 (112087473.086.000) 05/02 23:42:39 Image size of job updated: 1731216
	1615  -  MemoryUsage of job (MB)
	1653164  -  ResidentSetSize of job (KB)
...
006 (112087473.086.000) 05/02 23:58:06 Image size of job updated: 2006128
	1883  -  MemoryUsage of job (MB)
	1928076  -  ResidentSetSize of job (KB)
...
006 (112087473.086.000) 05/03 00:07:39 Image size of job updated: 2456764
	2323  -  MemoryUsage of job (MB)
	2378712  -  ResidentSetSize of job (KB)
...
006 (112087473.086.000) 05/03 00:13:31 Image size of job updated: 2468032
	2334  -  MemoryUsage of job (MB)
	2389980  -  ResidentSetSize of job (KB)
...
006 (112087473.086.000) 05/03 00:18:32 Image size of job updated: 2600124
	2463  -  MemoryUsage of job (MB)
	2522072  -  ResidentSetSize of job (KB)
...
006 (112087473.086.000) 05/03 00:23:33 Image size of job updated: 2662420
	2524  -  MemoryUsage of job (MB)
	2584368  -  ResidentSetSize of job (KB)
...
006 (112087473.086.000) 05/03 00:28:33 Image size of job updated: 2796732
	2655  -  MemoryUsage of job (MB)
	2718680  -  ResidentSetSize of job (KB)
...
006 (112087473.086.000) 05/03 00:33:34 Image size of job updated: 2893700
	2750  -  MemoryUsage of job (MB)
	2815648  -  ResidentSetSize of job (KB)
...
006 (112087473.086.000) 05/03 00:38:35 Image size of job updated: 2977860
	2832  -  MemoryUsage of job (MB)
	2899808  -  ResidentSetSize of job (KB)
...
006 (112087473.086.000) 05/03 00:43:35 Image size of job updated: 3041300
	2894  -  MemoryUsage of job (MB)
	2963248  -  ResidentSetSize of job (KB)
...
006 (112087473.086.000) 05/03 00:48:37 Image size of job updated: 3316944
	3163  -  MemoryUsage of job (MB)
	3238892  -  ResidentSetSize of job (KB)
...
006 (112087473.086.000) 05/03 00:54:07 Image size of job updated: 3466220
	3309  -  MemoryUsage of job (MB)
	3388168  -  ResidentSetSize of job (KB)
...
006 (112087473.086.000) 05/03 00:58:42 Image size of job updated: 3577020
	3417  -  MemoryUsage of job (MB)
	3498968  -  ResidentSetSize of job (KB)
...
006 (112087473.086.000) 05/03 01:04:16 Image size of job updated: 3619552
	3459  -  MemoryUsage of job (MB)
	3541500  -  ResidentSetSize of job (KB)
...
006 (112087473.086.000) 05/03 01:08:38 Image size of job updated: 3677408
	3515  -  MemoryUsage of job (MB)
	3599356  -  ResidentSetSize of job (KB)
...
006 (112087473.086.000) 05/03 01:13:40 Image size of job updated: 3722216
	3559  -  MemoryUsage of job (MB)
	3644164  -  ResidentSetSize of job (KB)
...
006 (112087473.086.000) 05/03 01:18:46 Image size of job updated: 3835092
	3669  -  MemoryUsage of job (MB)
	3757040  -  ResidentSetSize of job (KB)
...
006 (112087473.086.000) 05/03 01:23:40 Image size of job updated: 3947084
	3779  -  MemoryUsage of job (MB)
	3869032  -  ResidentSetSize of job (KB)
...
006 (112087473.086.000) 05/03 01:28:42 Image size of job updated: 4029720
	3860  -  MemoryUsage of job (MB)
	3951668  -  ResidentSetSize of job (KB)
...
006 (112087473.086.000) 05/03 01:33:42 Image size of job updated: 4129228
	3957  -  MemoryUsage of job (MB)
	4051176  -  ResidentSetSize of job (KB)
...
006 (112087473.086.000) 05/03 01:38:42 Image size of job updated: 4220804
	4046  -  MemoryUsage of job (MB)
	4142752  -  ResidentSetSize of job (KB)
...
006 (112087473.086.000) 05/03 01:44:36 Image size of job updated: 4363292
	4185  -  MemoryUsage of job (MB)
	4285240  -  ResidentSetSize of job (KB)
...
006 (112087473.086.000) 05/03 01:48:44 Image size of job updated: 4568288
	4385  -  MemoryUsage of job (MB)
	4490236  -  ResidentSetSize of job (KB)
...
006 (112087473.086.000) 05/03 01:53:45 Image size of job updated: 4845904
	4657  -  MemoryUsage of job (MB)
	4767852  -  ResidentSetSize of job (KB)
...
006 (112087473.086.000) 05/03 01:58:50 Image size of job updated: 5132204
	4936  -  MemoryUsage of job (MB)
	5054152  -  ResidentSetSize of job (KB)
...
006 (112087473.086.000) 05/03 02:03:47 Image size of job updated: 5421160
	5218  -  MemoryUsage of job (MB)
	5343108  -  ResidentSetSize of job (KB)
...
006 (112087473.086.000) 05/03 02:08:50 Image size of job updated: 5600672
	5394  -  MemoryUsage of job (MB)
	5522620  -  ResidentSetSize of job (KB)
...
006 (112087473.086.000) 05/03 02:13:47 Image size of job updated: 5792644
	5581  -  MemoryUsage of job (MB)
	5714592  -  ResidentSetSize of job (KB)
...
006 (112087473.086.000) 05/03 02:18:47 Image size of job updated: 6035596
	5818  -  MemoryUsage of job (MB)
	5957544  -  ResidentSetSize of job (KB)
...
006 (112087473.086.000) 05/03 02:23:47 Image size of job updated: 6100336
	5882  -  MemoryUsage of job (MB)
	6022284  -  ResidentSetSize of job (KB)
...
006 (112087473.086.000) 05/03 02:28:48 Image size of job updated: 6248944
	6027  -  MemoryUsage of job (MB)
	6170892  -  ResidentSetSize of job (KB)
...
006 (112087473.086.000) 05/03 02:33:49 Image size of job updated: 6503596
	6275  -  MemoryUsage of job (MB)
	6425544  -  ResidentSetSize of job (KB)
...
006 (112087473.086.000) 05/03 02:38:49 Image size of job updated: 6568596
	6339  -  MemoryUsage of job (MB)
	6490544  -  ResidentSetSize of job (KB)
...
006 (112087473.086.000) 05/03 02:43:49 Image size of job updated: 6740624
	6507  -  MemoryUsage of job (MB)
	6662572  -  ResidentSetSize of job (KB)
...
006 (112087473.086.000) 05/03 02:48:58 Image size of job updated: 6972668
	6734  -  MemoryUsage of job (MB)
	6894616  -  ResidentSetSize of job (KB)
...
006 (112087473.086.000) 05/03 02:53:50 Image size of job updated: 7074332
	6833  -  MemoryUsage of job (MB)
	6996280  -  ResidentSetSize of job (KB)
...
006 (112087473.086.000) 05/03 02:58:51 Image size of job updated: 7231956
	6987  -  MemoryUsage of job (MB)
	7153904  -  ResidentSetSize of job (KB)
...
006 (112087473.086.000) 05/03 03:03:57 Image size of job updated: 7345608
	7098  -  MemoryUsage of job (MB)
	7267556  -  ResidentSetSize of job (KB)
...
006 (112087473.086.000) 05/03 03:08:51 Image size of job updated: 7406628
	7157  -  MemoryUsage of job (MB)
	7328576  -  ResidentSetSize of job (KB)
...
006 (112087473.086.000) 05/03 03:13:51 Image size of job updated: 7634160
	7380  -  MemoryUsage of job (MB)
	7556108  -  ResidentSetSize of job (KB)
...
006 (112087473.086.000) 05/03 03:18:52 Image size of job updated: 7859424
	7599  -  MemoryUsage of job (MB)
	7781372  -  ResidentSetSize of job (KB)
...
006 (112087473.086.000) 05/03 03:23:53 Image size of job updated: 8107472
	7842  -  MemoryUsage of job (MB)
	8029420  -  ResidentSetSize of job (KB)
...
006 (112087473.086.000) 05/03 03:28:53 Image size of job updated: 8356504
	8085  -  MemoryUsage of job (MB)
	8278452  -  ResidentSetSize of job (KB)
...
006 (112087473.086.000) 05/03 03:33:53 Image size of job updated: 8639760
	8362  -  MemoryUsage of job (MB)
	8561708  -  ResidentSetSize of job (KB)
...
006 (112087473.086.000) 05/03 03:38:53 Image size of job updated: 9010400
	8723  -  MemoryUsage of job (MB)
	8932348  -  ResidentSetSize of job (KB)
...
006 (112087473.086.000) 05/03 03:43:54 Image size of job updated: 9404076
	9108  -  MemoryUsage of job (MB)
	9326024  -  ResidentSetSize of job (KB)
...
006 (112087473.086.000) 05/03 03:48:55 Image size of job updated: 10065140
	9754  -  MemoryUsage of job (MB)
	9987088  -  ResidentSetSize of job (KB)
...
006 (112087473.086.000) 05/03 03:53:55 Image size of job updated: 10750152
	10422  -  MemoryUsage of job (MB)
	10672100  -  ResidentSetSize of job (KB)
...
006 (112087473.086.000) 05/03 03:58:58 Image size of job updated: 11469900
	11125  -  MemoryUsage of job (MB)
	11391848  -  ResidentSetSize of job (KB)
...
006 (112087473.086.000) 05/03 04:03:56 Image size of job updated: 12221404
	11859  -  MemoryUsage of job (MB)
	12143352  -  ResidentSetSize of job (KB)
...
006 (112087473.086.000) 05/03 04:08:56 Image size of job updated: 12977124
	12597  -  MemoryUsage of job (MB)
	12899072  -  ResidentSetSize of job (KB)
...
006 (112087473.086.000) 05/03 04:13:57 Image size of job updated: 13607176
	13213  -  MemoryUsage of job (MB)
	13529124  -  ResidentSetSize of job (KB)
...
006 (112087473.086.000) 05/03 04:19:01 Image size of job updated: 14308420
	13897  -  MemoryUsage of job (MB)
	14230368  -  ResidentSetSize of job (KB)
...
006 (112087473.086.000) 05/03 04:23:57 Image size of job updated: 14988708
	14562  -  MemoryUsage of job (MB)
	14910656  -  ResidentSetSize of job (KB)
...
006 (112087473.086.000) 05/03 04:28:57 Image size of job updated: 15730836
	15286  -  MemoryUsage of job (MB)
	15652056  -  ResidentSetSize of job (KB)
...
006 (112087473.086.000) 05/03 04:33:57 Image size of job updated: 16473712
	16010  -  MemoryUsage of job (MB)
	16393848  -  ResidentSetSize of job (KB)
...
006 (112087473.086.000) 05/03 04:38:58 Image size of job updated: 17228280
	16745  -  MemoryUsage of job (MB)
	17146056  -  ResidentSetSize of job (KB)
...
006 (112087473.086.000) 05/03 04:43:59 Image size of job updated: 17983800
	17477  -  MemoryUsage of job (MB)
	17896000  -  ResidentSetSize of job (KB)
...
006 (112087473.086.000) 05/03 04:48:59 Image size of job updated: 18882516
	18349  -  MemoryUsage of job (MB)
	18788568  -  ResidentSetSize of job (KB)
...
006 (112087473.086.000) 05/03 04:53:59 Image size of job updated: 19205260
	18658  -  MemoryUsage of job (MB)
	19104796  -  ResidentSetSize of job (KB)
...
006 (112087473.086.000) 05/03 04:58:59 Image size of job updated: 19769092
	19196  -  MemoryUsage of job (MB)
	19656128  -  ResidentSetSize of job (KB)
...
006 (112087473.086.000) 05/03 05:04:05 Image size of job updated: 19960772
	19361  -  MemoryUsage of job (MB)
	19825516  -  ResidentSetSize of job (KB)
...
006 (112087473.086.000) 05/03 05:09:00 Image size of job updated: 20583460
	19913  -  MemoryUsage of job (MB)
	20390444  -  ResidentSetSize of job (KB)
...
006 (112087473.086.000) 05/03 05:14:01 Image size of job updated: 20907960
	20183  -  MemoryUsage of job (MB)
	20666660  -  ResidentSetSize of job (KB)
...
006 (112087473.086.000) 05/03 05:19:01 Image size of job updated: 21155580
	20348  -  MemoryUsage of job (MB)
	20836136  -  ResidentSetSize of job (KB)
...
006 (112087473.086.000) 05/03 05:24:02 Image size of job updated: 21561664
	20433  -  MemoryUsage of job (MB)
	20923080  -  ResidentSetSize of job (KB)
...
006 (112087473.086.000) 05/03 05:29:02 Image size of job updated: 21843148
	20438  -  MemoryUsage of job (MB)
	20928480  -  ResidentSetSize of job (KB)
...
006 (112087473.086.000) 05/03 05:34:03 Image size of job updated: 21920956
	20438  -  MemoryUsage of job (MB)
	20928480  -  ResidentSetSize of job (KB)
...
006 (112087473.086.000) 05/03 05:39:04 Image size of job updated: 22167000
	20442  -  MemoryUsage of job (MB)
	20932252  -  ResidentSetSize of job (KB)
...
006 (112087473.086.000) 05/03 05:44:04 Image size of job updated: 22213620
	20442  -  MemoryUsage of job (MB)
	20932252  -  ResidentSetSize of job (KB)
...
006 (112087473.086.000) 05/03 05:49:05 Image size of job updated: 22249836
	20442  -  MemoryUsage of job (MB)
	20932252  -  ResidentSetSize of job (KB)
...
006 (112087473.086.000) 05/03 05:54:09 Image size of job updated: 22278844
	20442  -  MemoryUsage of job (MB)
	20932252  -  ResidentSetSize of job (KB)
...
006 (112087473.086.000) 05/03 05:59:06 Image size of job updated: 22289728
	20442  -  MemoryUsage of job (MB)
	20932252  -  ResidentSetSize of job (KB)
...
006 (112087473.086.000) 05/03 06:04:07 Image size of job updated: 22467544
	20459  -  MemoryUsage of job (MB)
	20949976  -  ResidentSetSize of job (KB)
...
006 (112087473.086.000) 05/03 06:09:10 Image size of job updated: 22528472
	20459  -  MemoryUsage of job (MB)
	20949976  -  ResidentSetSize of job (KB)
...
006 (112087473.086.000) 05/03 06:14:08 Image size of job updated: 22579596
	20459  -  MemoryUsage of job (MB)
	20949976  -  ResidentSetSize of job (KB)
...
006 (112087473.086.000) 05/03 06:19:08 Image size of job updated: 22671128
	20459  -  MemoryUsage of job (MB)
	20949976  -  ResidentSetSize of job (KB)
...
006 (112087473.086.000) 05/03 06:24:09 Image size of job updated: 22829060
	20459  -  MemoryUsage of job (MB)
	20949976  -  ResidentSetSize of job (KB)
...
006 (112087473.086.000) 05/03 06:29:09 Image size of job updated: 22885164
	20459  -  MemoryUsage of job (MB)
	20949976  -  ResidentSetSize of job (KB)
...
006 (112087473.086.000) 05/03 06:34:09 Image size of job updated: 22976736
	20459  -  MemoryUsage of job (MB)
	20949976  -  ResidentSetSize of job (KB)
...
006 (112087473.086.000) 05/03 06:38:18 Image size of job updated: 23077440
	20459  -  MemoryUsage of job (MB)
	20949976  -  ResidentSetSize of job (KB)
...
005 (112087473.086.000) 05/03 06:38:22 Job terminated.
	(1) Normal termination (return value 0)
		Usr 0 02:11:23, Sys 0 00:02:19  -  Run Remote Usage
		Usr 0 00:00:00, Sys 0 00:00:00  -  Run Local Usage
		Usr 0 02:11:23, Sys 0 00:02:19  -  Total Remote Usage
		Usr 0 00:00:00, Sys 0 00:00:00  -  Total Local Usage
	23197426  -  Run Bytes Sent By Job
	1780306304  -  Run Bytes Received By Job
	23197426  -  Total Bytes Sent By Job
	1780306304  -  Total Bytes Received By Job
	Partitionable Resources :      Usage  Request Allocated 
	   Cpus                 :       0.08        1         1 
	   Disk (KB)            : 6852406    20971520  21225009 
	   Ioheavy              :                             0 
	   Memory (MB)          :   20459       20480     20480 
...
