000 (112087473.120.000) 05/02 18:37:22 Job submitted from host: <128.104.100.44:9618?addrs=128.104.100.44-9618+[2607-f388-107c-501-90e2-baff-fe2c-2724]-9618&noUDP&sock=4699_0235_3>
...
033 (112087473.120.000) 05/02 18:37:39 Changing job attribute JobPrio from 0 to 10
...
001 (112087473.120.000) 05/02 21:28:14 Job executing on host: <128.105.245.232:9618?addrs=128.105.245.232-9618&noUDP&sock=5406_a513_30>
...
006 (112087473.120.000) 05/02 21:28:22 Image size of job updated: 684
	1  -  MemoryUsage of job (MB)
	644  -  ResidentSetSize of job (KB)
...
006 (112087473.120.000) 05/02 21:33:24 Image size of job updated: 712
	1  -  MemoryUsage of job (MB)
	672  -  ResidentSetSize of job (KB)
...
006 (112087473.120.000) 05/02 21:38:28 Image size of job updated: 716
	1  -  MemoryUsage of job (MB)
	676  -  ResidentSetSize of job (KB)
...
006 (112087473.120.000) 05/02 21:43:25 Image size of job updated: 724
	1  -  MemoryUsage of job (MB)
	684  -  ResidentSetSize of job (KB)
...
006 (112087473.120.000) 05/02 21:58:28 Image size of job updated: 424968
	339  -  MemoryUsage of job (MB)
	346932  -  ResidentSetSize of job (KB)
...
006 (112087473.120.000) 05/02 22:03:29 Image size of job updated: 622724
	532  -  MemoryUsage of job (MB)
	544688  -  ResidentSetSize of job (KB)
...
006 (112087473.120.000) 05/02 22:08:30 Image size of job updated: 859468
	764  -  MemoryUsage of job (MB)
	781376  -  ResidentSetSize of job (KB)
...
006 (112087473.120.000) 05/02 22:13:30 Image size of job updated: 1180904
	1077  -  MemoryUsage of job (MB)
	1102812  -  ResidentSetSize of job (KB)
...
006 (112087473.120.000) 05/02 22:18:30 Image size of job updated: 1559532
	1447  -  MemoryUsage of job (MB)
	1481440  -  ResidentSetSize of job (KB)
...
006 (112087473.120.000) 05/02 22:23:31 Image size of job updated: 2091780
	1967  -  MemoryUsage of job (MB)
	2013688  -  ResidentSetSize of job (KB)
...
006 (112087473.120.000) 05/02 22:28:32 Image size of job updated: 2593892
	2457  -  MemoryUsage of job (MB)
	2515800  -  ResidentSetSize of job (KB)
...
006 (112087473.120.000) 05/02 22:33:32 Image size of job updated: 3107940
	2959  -  MemoryUsage of job (MB)
	3029848  -  ResidentSetSize of job (KB)
...
006 (112087473.120.000) 05/02 22:38:32 Image size of job updated: 3581008
	3421  -  MemoryUsage of job (MB)
	3502916  -  ResidentSetSize of job (KB)
...
006 (112087473.120.000) 05/02 22:43:33 Image size of job updated: 4093820
	3922  -  MemoryUsage of job (MB)
	4015728  -  ResidentSetSize of job (KB)
...
006 (112087473.120.000) 05/02 22:48:34 Image size of job updated: 4606080
	4422  -  MemoryUsage of job (MB)
	4527988  -  ResidentSetSize of job (KB)
...
006 (112087473.120.000) 05/02 22:53:35 Image size of job updated: 5286324
	5087  -  MemoryUsage of job (MB)
	5208232  -  ResidentSetSize of job (KB)
...
006 (112087473.120.000) 05/02 22:58:35 Image size of job updated: 6206696
	5985  -  MemoryUsage of job (MB)
	6128604  -  ResidentSetSize of job (KB)
...
006 (112087473.120.000) 05/02 23:03:35 Image size of job updated: 7009552
	6770  -  MemoryUsage of job (MB)
	6931460  -  ResidentSetSize of job (KB)
...
006 (112087473.120.000) 05/02 23:08:36 Image size of job updated: 7739656
	7482  -  MemoryUsage of job (MB)
	7661564  -  ResidentSetSize of job (KB)
...
006 (112087473.120.000) 05/02 23:13:36 Image size of job updated: 8489624
	8215  -  MemoryUsage of job (MB)
	8411532  -  ResidentSetSize of job (KB)
...
006 (112087473.120.000) 05/02 23:18:36 Image size of job updated: 9165896
	8875  -  MemoryUsage of job (MB)
	9087804  -  ResidentSetSize of job (KB)
...
006 (112087473.120.000) 05/02 23:23:36 Image size of job updated: 9686136
	9383  -  MemoryUsage of job (MB)
	9608044  -  ResidentSetSize of job (KB)
...
006 (112087473.120.000) 05/02 23:28:37 Image size of job updated: 10388932
	10070  -  MemoryUsage of job (MB)
	10310840  -  ResidentSetSize of job (KB)
...
006 (112087473.120.000) 05/02 23:33:39 Image size of job updated: 10942652
	10610  -  MemoryUsage of job (MB)
	10864560  -  ResidentSetSize of job (KB)
...
006 (112087473.120.000) 05/02 23:38:39 Image size of job updated: 11327708
	10986  -  MemoryUsage of job (MB)
	11249616  -  ResidentSetSize of job (KB)
...
006 (112087473.120.000) 05/02 23:43:39 Image size of job updated: 11737188
	11386  -  MemoryUsage of job (MB)
	11659096  -  ResidentSetSize of job (KB)
...
006 (112087473.120.000) 05/02 23:48:39 Image size of job updated: 11936188
	11581  -  MemoryUsage of job (MB)
	11858096  -  ResidentSetSize of job (KB)
...
006 (112087473.120.000) 05/02 23:53:40 Image size of job updated: 12356284
	11991  -  MemoryUsage of job (MB)
	12278192  -  ResidentSetSize of job (KB)
...
006 (112087473.120.000) 05/02 23:58:41 Image size of job updated: 12602308
	12231  -  MemoryUsage of job (MB)
	12524216  -  ResidentSetSize of job (KB)
...
006 (112087473.120.000) 05/03 00:03:42 Image size of job updated: 12905640
	12527  -  MemoryUsage of job (MB)
	12827548  -  ResidentSetSize of job (KB)
...
006 (112087473.120.000) 05/03 00:08:42 Image size of job updated: 13138940
	12755  -  MemoryUsage of job (MB)
	13060848  -  ResidentSetSize of job (KB)
...
006 (112087473.120.000) 05/03 00:13:42 Image size of job updated: 13424980
	13035  -  MemoryUsage of job (MB)
	13346888  -  ResidentSetSize of job (KB)
...
006 (112087473.120.000) 05/03 00:18:42 Image size of job updated: 13676116
	13280  -  MemoryUsage of job (MB)
	13598024  -  ResidentSetSize of job (KB)
...
006 (112087473.120.000) 05/03 00:23:44 Image size of job updated: 14057660
	13652  -  MemoryUsage of job (MB)
	13979568  -  ResidentSetSize of job (KB)
...
006 (112087473.120.000) 05/03 00:28:44 Image size of job updated: 14517292
	14101  -  MemoryUsage of job (MB)
	14439200  -  ResidentSetSize of job (KB)
...
006 (112087473.120.000) 05/03 00:33:44 Image size of job updated: 15014884
	14587  -  MemoryUsage of job (MB)
	14936792  -  ResidentSetSize of job (KB)
...
006 (112087473.120.000) 05/03 00:38:45 Image size of job updated: 15543156
	15102  -  MemoryUsage of job (MB)
	15464104  -  ResidentSetSize of job (KB)
...
006 (112087473.120.000) 05/03 00:43:46 Image size of job updated: 16223728
	15763  -  MemoryUsage of job (MB)
	16140924  -  ResidentSetSize of job (KB)
...
006 (112087473.120.000) 05/03 00:48:46 Image size of job updated: 16855380
	16374  -  MemoryUsage of job (MB)
	16766588  -  ResidentSetSize of job (KB)
...
006 (112087473.120.000) 05/03 00:53:46 Image size of job updated: 17592064
	17086  -  MemoryUsage of job (MB)
	17495900  -  ResidentSetSize of job (KB)
...
006 (112087473.120.000) 05/03 00:58:47 Image size of job updated: 18256104
	17725  -  MemoryUsage of job (MB)
	18149976  -  ResidentSetSize of job (KB)
...
006 (112087473.120.000) 05/03 01:03:49 Image size of job updated: 19104196
	18544  -  MemoryUsage of job (MB)
	18988480  -  ResidentSetSize of job (KB)
...
006 (112087473.120.000) 05/03 01:08:49 Image size of job updated: 19829048
	19234  -  MemoryUsage of job (MB)
	19694836  -  ResidentSetSize of job (KB)
...
006 (112087473.120.000) 05/03 01:13:49 Image size of job updated: 20554960
	19883  -  MemoryUsage of job (MB)
	20359628  -  ResidentSetSize of job (KB)
...
006 (112087473.120.000) 05/03 01:18:50 Image size of job updated: 21254456
	20401  -  MemoryUsage of job (MB)
	20890108  -  ResidentSetSize of job (KB)
...
006 (112087473.120.000) 05/03 01:23:51 Image size of job updated: 21898644
	20438  -  MemoryUsage of job (MB)
	20928232  -  ResidentSetSize of job (KB)
...
006 (112087473.120.000) 05/03 01:28:51 Image size of job updated: 22398468
	20466  -  MemoryUsage of job (MB)
	20957020  -  ResidentSetSize of job (KB)
...
006 (112087473.120.000) 05/03 01:33:51 Image size of job updated: 22859188
	20466  -  MemoryUsage of job (MB)
	20957020  -  ResidentSetSize of job (KB)
...
005 (112087473.120.000) 05/03 01:36:19 Job terminated.
	(1) Normal termination (return value 0)
		Usr 0 02:30:44, Sys 0 00:02:32  -  Run Remote Usage
		Usr 0 00:00:00, Sys 0 00:00:00  -  Run Local Usage
		Usr 0 02:30:44, Sys 0 00:02:32  -  Total Remote Usage
		Usr 0 00:00:00, Sys 0 00:00:00  -  Total Local Usage
	23116316  -  Run Bytes Sent By Job
	1780306304  -  Run Bytes Received By Job
	23116316  -  Total Bytes Sent By Job
	1780306304  -  Total Bytes Received By Job
	Partitionable Resources :      Usage  Request Allocated 
	   Cpus                 :       0.85        1         1 
	   Disk (KB)            : 6852326    20971520  21458654 
	   Ioheavy              :                             0 
	   Memory (MB)          :   20466       20480     20480 
...
