000 (112087473.077.000) 05/02 18:37:22 Job submitted from host: <128.104.100.44:9618?addrs=128.104.100.44-9618+[2607-f388-107c-501-90e2-baff-fe2c-2724]-9618&noUDP&sock=4699_0235_3>
...
033 (112087473.077.000) 05/02 18:37:39 Changing job attribute JobPrio from 0 to 10
...
001 (112087473.077.000) 05/02 19:48:36 Job executing on host: <128.105.245.175:9618?addrs=128.105.245.175-9618&noUDP&sock=5429_6bc0_3>
...
006 (112087473.077.000) 05/02 19:48:45 Image size of job updated: 628
	1  -  MemoryUsage of job (MB)
	628  -  ResidentSetSize of job (KB)
...
006 (112087473.077.000) 05/02 19:53:46 Image size of job updated: 652
	1  -  MemoryUsage of job (MB)
	652  -  ResidentSetSize of job (KB)
...
006 (112087473.077.000) 05/02 19:58:47 Image size of job updated: 668
	1  -  MemoryUsage of job (MB)
	668  -  ResidentSetSize of job (KB)
...
006 (112087473.077.000) 05/02 20:03:48 Image size of job updated: 516784
	429  -  MemoryUsage of job (MB)
	438788  -  ResidentSetSize of job (KB)
...
006 (112087473.077.000) 05/02 20:08:48 Image size of job updated: 931648
	834  -  MemoryUsage of job (MB)
	853596  -  ResidentSetSize of job (KB)
...
006 (112087473.077.000) 05/02 20:13:48 Image size of job updated: 1475548
	1365  -  MemoryUsage of job (MB)
	1397496  -  ResidentSetSize of job (KB)
...
006 (112087473.077.000) 05/02 20:18:49 Image size of job updated: 2098448
	1974  -  MemoryUsage of job (MB)
	2020396  -  ResidentSetSize of job (KB)
...
006 (112087473.077.000) 05/02 20:23:50 Image size of job updated: 2902152
	2758  -  MemoryUsage of job (MB)
	2824100  -  ResidentSetSize of job (KB)
...
006 (112087473.077.000) 05/02 20:28:51 Image size of job updated: 3842440
	3677  -  MemoryUsage of job (MB)
	3764388  -  ResidentSetSize of job (KB)
...
006 (112087473.077.000) 05/02 20:33:52 Image size of job updated: 4855420
	4666  -  MemoryUsage of job (MB)
	4777368  -  ResidentSetSize of job (KB)
...
006 (112087473.077.000) 05/02 20:38:53 Image size of job updated: 5771048
	5560  -  MemoryUsage of job (MB)
	5692996  -  ResidentSetSize of job (KB)
...
006 (112087473.077.000) 05/02 20:43:53 Image size of job updated: 6703024
	6470  -  MemoryUsage of job (MB)
	6624972  -  ResidentSetSize of job (KB)
...
006 (112087473.077.000) 05/02 20:48:53 Image size of job updated: 7527292
	7275  -  MemoryUsage of job (MB)
	7449240  -  ResidentSetSize of job (KB)
...
006 (112087473.077.000) 05/02 20:53:53 Image size of job updated: 8333236
	8062  -  MemoryUsage of job (MB)
	8255184  -  ResidentSetSize of job (KB)
...
006 (112087473.077.000) 05/02 20:58:54 Image size of job updated: 9063396
	8775  -  MemoryUsage of job (MB)
	8985344  -  ResidentSetSize of job (KB)
...
006 (112087473.077.000) 05/02 21:03:55 Image size of job updated: 9821060
	9515  -  MemoryUsage of job (MB)
	9743008  -  ResidentSetSize of job (KB)
...
006 (112087473.077.000) 05/02 21:08:56 Image size of job updated: 10535984
	10213  -  MemoryUsage of job (MB)
	10457932  -  ResidentSetSize of job (KB)
...
006 (112087473.077.000) 05/02 21:13:57 Image size of job updated: 11146908
	10810  -  MemoryUsage of job (MB)
	11068856  -  ResidentSetSize of job (KB)
...
006 (112087473.077.000) 05/02 21:18:58 Image size of job updated: 11893096
	11539  -  MemoryUsage of job (MB)
	11815044  -  ResidentSetSize of job (KB)
...
006 (112087473.077.000) 05/02 21:23:58 Image size of job updated: 12605948
	12235  -  MemoryUsage of job (MB)
	12527896  -  ResidentSetSize of job (KB)
...
006 (112087473.077.000) 05/02 21:28:58 Image size of job updated: 13483308
	13092  -  MemoryUsage of job (MB)
	13405256  -  ResidentSetSize of job (KB)
...
006 (112087473.077.000) 05/02 21:33:58 Image size of job updated: 14061192
	13656  -  MemoryUsage of job (MB)
	13983140  -  ResidentSetSize of job (KB)
...
006 (112087473.077.000) 05/02 21:38:59 Image size of job updated: 14551368
	14135  -  MemoryUsage of job (MB)
	14473316  -  ResidentSetSize of job (KB)
...
006 (112087473.077.000) 05/02 21:44:00 Image size of job updated: 14949684
	14524  -  MemoryUsage of job (MB)
	14871632  -  ResidentSetSize of job (KB)
...
006 (112087473.077.000) 05/02 21:49:01 Image size of job updated: 15308832
	14874  -  MemoryUsage of job (MB)
	15230780  -  ResidentSetSize of job (KB)
...
006 (112087473.077.000) 05/02 21:54:01 Image size of job updated: 15736560
	15290  -  MemoryUsage of job (MB)
	15656420  -  ResidentSetSize of job (KB)
...
006 (112087473.077.000) 05/02 21:59:01 Image size of job updated: 16011948
	15555  -  MemoryUsage of job (MB)
	15928096  -  ResidentSetSize of job (KB)
...
006 (112087473.077.000) 05/02 22:04:21 Image size of job updated: 16478756
	16005  -  MemoryUsage of job (MB)
	16388368  -  ResidentSetSize of job (KB)
...
006 (112087473.077.000) 05/02 22:09:03 Image size of job updated: 17006436
	16510  -  MemoryUsage of job (MB)
	16905628  -  ResidentSetSize of job (KB)
...
006 (112087473.077.000) 05/02 22:14:05 Image size of job updated: 17401228
	16886  -  MemoryUsage of job (MB)
	17290600  -  ResidentSetSize of job (KB)
...
006 (112087473.077.000) 05/02 22:19:05 Image size of job updated: 17826728
	17287  -  MemoryUsage of job (MB)
	17701888  -  ResidentSetSize of job (KB)
...
006 (112087473.077.000) 05/02 22:24:05 Image size of job updated: 18306908
	17652  -  MemoryUsage of job (MB)
	18074668  -  ResidentSetSize of job (KB)
...
006 (112087473.077.000) 05/02 22:29:05 Image size of job updated: 18860396
	18036  -  MemoryUsage of job (MB)
	18468032  -  ResidentSetSize of job (KB)
...
006 (112087473.077.000) 05/02 22:34:05 Image size of job updated: 19217504
	18342  -  MemoryUsage of job (MB)
	18781212  -  ResidentSetSize of job (KB)
...
006 (112087473.077.000) 05/02 22:39:06 Image size of job updated: 19578896
	18602  -  MemoryUsage of job (MB)
	19047436  -  ResidentSetSize of job (KB)
...
006 (112087473.077.000) 05/02 22:44:07 Image size of job updated: 19794940
	18797  -  MemoryUsage of job (MB)
	19247188  -  ResidentSetSize of job (KB)
...
006 (112087473.077.000) 05/02 22:49:10 Image size of job updated: 19920256
	18899  -  MemoryUsage of job (MB)
	19352232  -  ResidentSetSize of job (KB)
...
006 (112087473.077.000) 05/02 22:54:08 Image size of job updated: 20101444
	19054  -  MemoryUsage of job (MB)
	19510760  -  ResidentSetSize of job (KB)
...
006 (112087473.077.000) 05/02 22:59:09 Image size of job updated: 20500152
	19389  -  MemoryUsage of job (MB)
	19854212  -  ResidentSetSize of job (KB)
...
006 (112087473.077.000) 05/02 23:04:10 Image size of job updated: 21209440
	19902  -  MemoryUsage of job (MB)
	20379144  -  ResidentSetSize of job (KB)
...
006 (112087473.077.000) 05/02 23:09:11 Image size of job updated: 21758088
	20250  -  MemoryUsage of job (MB)
	20735272  -  ResidentSetSize of job (KB)
...
006 (112087473.077.000) 05/02 23:14:13 Image size of job updated: 21952968
	20363  -  MemoryUsage of job (MB)
	20851324  -  ResidentSetSize of job (KB)
...
006 (112087473.077.000) 05/02 23:19:13 Image size of job updated: 22531152
	20444  -  MemoryUsage of job (MB)
	20934340  -  ResidentSetSize of job (KB)
...
006 (112087473.077.000) 05/02 23:24:13 Image size of job updated: 22911032
	20444  -  MemoryUsage of job (MB)
	20934340  -  ResidentSetSize of job (KB)
...
005 (112087473.077.000) 05/02 23:27:04 Job terminated.
	(1) Normal termination (return value 0)
		Usr 0 02:27:54, Sys 0 00:03:02  -  Run Remote Usage
		Usr 0 00:00:00, Sys 0 00:00:00  -  Run Local Usage
		Usr 0 02:27:54, Sys 0 00:03:02  -  Total Remote Usage
		Usr 0 00:00:00, Sys 0 00:00:00  -  Total Local Usage
	23184886  -  Run Bytes Sent By Job
	1780306304  -  Run Bytes Received By Job
	23184886  -  Total Bytes Sent By Job
	1780306304  -  Total Bytes Received By Job
	Partitionable Resources :      Usage  Request Allocated 
	   Cpus                 :       0.57        1         1 
	   Disk (KB)            : 6852393    20971520  21265658 
	   Ioheavy              :                             0 
	   Memory (MB)          :   20444       20480     20480 
...
