000 (112087473.004.000) 05/02 18:37:22 Job submitted from host: <128.104.100.44:9618?addrs=128.104.100.44-9618+[2607-f388-107c-501-90e2-baff-fe2c-2724]-9618&noUDP&sock=4699_0235_3>
...
033 (112087473.004.000) 05/02 18:37:39 Changing job attribute JobPrio from 0 to 10
...
001 (112087473.004.000) 05/02 19:15:14 Job executing on host: <128.105.245.197:9618?addrs=128.105.245.197-9618&noUDP&sock=5434_d9ba_27>
...
006 (112087473.004.000) 05/02 19:15:22 Image size of job updated: 636
	1  -  MemoryUsage of job (MB)
	636  -  ResidentSetSize of job (KB)
...
006 (112087473.004.000) 05/02 19:20:23 Image size of job updated: 186636
	110  -  MemoryUsage of job (MB)
	111732  -  ResidentSetSize of job (KB)
...
006 (112087473.004.000) 05/02 19:25:24 Image size of job updated: 615052
	525  -  MemoryUsage of job (MB)
	537052  -  ResidentSetSize of job (KB)
...
006 (112087473.004.000) 05/02 19:30:24 Image size of job updated: 1036476
	936  -  MemoryUsage of job (MB)
	958420  -  ResidentSetSize of job (KB)
...
006 (112087473.004.000) 05/02 19:35:24 Image size of job updated: 1554664
	1442  -  MemoryUsage of job (MB)
	1476608  -  ResidentSetSize of job (KB)
...
006 (112087473.004.000) 05/02 19:40:25 Image size of job updated: 2219240
	2091  -  MemoryUsage of job (MB)
	2141184  -  ResidentSetSize of job (KB)
...
006 (112087473.004.000) 05/02 19:45:26 Image size of job updated: 2954500
	2810  -  MemoryUsage of job (MB)
	2876444  -  ResidentSetSize of job (KB)
...
006 (112087473.004.000) 05/02 19:50:26 Image size of job updated: 3824940
	3660  -  MemoryUsage of job (MB)
	3746884  -  ResidentSetSize of job (KB)
...
006 (112087473.004.000) 05/02 19:55:26 Image size of job updated: 4710692
	4525  -  MemoryUsage of job (MB)
	4632636  -  ResidentSetSize of job (KB)
...
006 (112087473.004.000) 05/02 20:00:27 Image size of job updated: 5538084
	5333  -  MemoryUsage of job (MB)
	5460028  -  ResidentSetSize of job (KB)
...
006 (112087473.004.000) 05/02 20:05:27 Image size of job updated: 6393100
	6168  -  MemoryUsage of job (MB)
	6315044  -  ResidentSetSize of job (KB)
...
006 (112087473.004.000) 05/02 20:10:28 Image size of job updated: 7203348
	6959  -  MemoryUsage of job (MB)
	7125292  -  ResidentSetSize of job (KB)
...
006 (112087473.004.000) 05/02 20:15:29 Image size of job updated: 7948280
	7686  -  MemoryUsage of job (MB)
	7870224  -  ResidentSetSize of job (KB)
...
006 (112087473.004.000) 05/02 20:20:29 Image size of job updated: 8707052
	8427  -  MemoryUsage of job (MB)
	8628996  -  ResidentSetSize of job (KB)
...
006 (112087473.004.000) 05/02 20:25:30 Image size of job updated: 9428456
	9132  -  MemoryUsage of job (MB)
	9350400  -  ResidentSetSize of job (KB)
...
006 (112087473.004.000) 05/02 20:30:31 Image size of job updated: 10055980
	9745  -  MemoryUsage of job (MB)
	9977924  -  ResidentSetSize of job (KB)
...
006 (112087473.004.000) 05/02 20:35:31 Image size of job updated: 10710252
	10384  -  MemoryUsage of job (MB)
	10632196  -  ResidentSetSize of job (KB)
...
006 (112087473.004.000) 05/02 20:40:32 Image size of job updated: 11440176
	11096  -  MemoryUsage of job (MB)
	11362120  -  ResidentSetSize of job (KB)
...
006 (112087473.004.000) 05/02 20:45:33 Image size of job updated: 12105416
	11746  -  MemoryUsage of job (MB)
	12027360  -  ResidentSetSize of job (KB)
...
006 (112087473.004.000) 05/02 20:50:33 Image size of job updated: 12703856
	12330  -  MemoryUsage of job (MB)
	12625800  -  ResidentSetSize of job (KB)
...
006 (112087473.004.000) 05/02 20:55:35 Image size of job updated: 13359400
	12971  -  MemoryUsage of job (MB)
	13281344  -  ResidentSetSize of job (KB)
...
006 (112087473.004.000) 05/02 21:00:35 Image size of job updated: 13969704
	13567  -  MemoryUsage of job (MB)
	13891648  -  ResidentSetSize of job (KB)
...
006 (112087473.004.000) 05/02 21:05:35 Image size of job updated: 14605852
	14188  -  MemoryUsage of job (MB)
	14527796  -  ResidentSetSize of job (KB)
...
006 (112087473.004.000) 05/02 21:10:36 Image size of job updated: 15221724
	14789  -  MemoryUsage of job (MB)
	15143668  -  ResidentSetSize of job (KB)
...
006 (112087473.004.000) 05/02 21:15:36 Image size of job updated: 15856268
	15409  -  MemoryUsage of job (MB)
	15778212  -  ResidentSetSize of job (KB)
...
006 (112087473.004.000) 05/02 21:20:36 Image size of job updated: 16521984
	16058  -  MemoryUsage of job (MB)
	16443256  -  ResidentSetSize of job (KB)
...
006 (112087473.004.000) 05/02 21:25:37 Image size of job updated: 17370600
	16885  -  MemoryUsage of job (MB)
	17290100  -  ResidentSetSize of job (KB)
...
006 (112087473.004.000) 05/02 21:30:38 Image size of job updated: 18253572
	17744  -  MemoryUsage of job (MB)
	18169016  -  ResidentSetSize of job (KB)
...
006 (112087473.004.000) 05/02 21:35:39 Image size of job updated: 18567136
	18048  -  MemoryUsage of job (MB)
	18480644  -  ResidentSetSize of job (KB)
...
006 (112087473.004.000) 05/02 21:40:39 Image size of job updated: 18882176
	18353  -  MemoryUsage of job (MB)
	18793132  -  ResidentSetSize of job (KB)
...
006 (112087473.004.000) 05/02 21:45:40 Image size of job updated: 19468840
	18915  -  MemoryUsage of job (MB)
	19368276  -  ResidentSetSize of job (KB)
...
006 (112087473.004.000) 05/02 21:50:41 Image size of job updated: 19931580
	19356  -  MemoryUsage of job (MB)
	19820296  -  ResidentSetSize of job (KB)
...
006 (112087473.004.000) 05/02 21:55:41 Image size of job updated: 20521184
	19882  -  MemoryUsage of job (MB)
	20358960  -  ResidentSetSize of job (KB)
...
006 (112087473.004.000) 05/02 22:00:42 Image size of job updated: 21103856
	20329  -  MemoryUsage of job (MB)
	20816776  -  ResidentSetSize of job (KB)
...
006 (112087473.004.000) 05/02 22:05:43 Image size of job updated: 21727816
	20459  -  MemoryUsage of job (MB)
	20949292  -  ResidentSetSize of job (KB)
...
006 (112087473.004.000) 05/02 22:10:42 Image size of job updated: 22104204
	20459  -  MemoryUsage of job (MB)
	20949292  -  ResidentSetSize of job (KB)
...
006 (112087473.004.000) 05/02 22:15:42 Image size of job updated: 22463652
	20461  -  MemoryUsage of job (MB)
	20951848  -  ResidentSetSize of job (KB)
...
006 (112087473.004.000) 05/02 22:20:43 Image size of job updated: 22892536
	20461  -  MemoryUsage of job (MB)
	20951848  -  ResidentSetSize of job (KB)
...
005 (112087473.004.000) 05/02 22:22:40 Job terminated.
	(1) Normal termination (return value 0)
		Usr 0 02:36:53, Sys 0 00:03:33  -  Run Remote Usage
		Usr 0 00:00:00, Sys 0 00:00:00  -  Run Local Usage
		Usr 0 02:36:53, Sys 0 00:03:33  -  Total Remote Usage
		Usr 0 00:00:00, Sys 0 00:00:00  -  Total Local Usage
	23067694  -  Run Bytes Sent By Job
	1780306304  -  Run Bytes Received By Job
	23067694  -  Total Bytes Sent By Job
	1780306304  -  Total Bytes Received By Job
	Partitionable Resources :      Usage  Request Allocated 
	   Cpus                 :       0.84        1         1 
	   Disk (KB)            : 6852279    20971520  21368513 
	   Ioheavy              :                             0 
	   Memory (MB)          :   20461       20480     20480 
...
