000 (112070733.171.000) 05/02 11:03:23 Job submitted from host: <128.104.100.44:9618?addrs=128.104.100.44-9618+[2607-f388-107c-501-90e2-baff-fe2c-2724]-9618&noUDP&sock=4699_0235_3>
...
001 (112070733.171.000) 05/03 06:35:53 Job executing on host: <128.105.245.157:9618?addrs=128.105.245.157-9618&noUDP&sock=5433_2a21_29>
...
006 (112070733.171.000) 05/03 06:36:02 Image size of job updated: 620
	1  -  MemoryUsage of job (MB)
	620  -  ResidentSetSize of job (KB)
...
006 (112070733.171.000) 05/03 06:41:03 Image size of job updated: 628
	1  -  MemoryUsage of job (MB)
	628  -  ResidentSetSize of job (KB)
...
006 (112070733.171.000) 05/03 06:56:05 Image size of job updated: 632
	1  -  MemoryUsage of job (MB)
	632  -  ResidentSetSize of job (KB)
...
006 (112070733.171.000) 05/03 07:01:05 Image size of job updated: 648
	1  -  MemoryUsage of job (MB)
	648  -  ResidentSetSize of job (KB)
...
006 (112070733.171.000) 05/03 07:06:05 Image size of job updated: 652
	1  -  MemoryUsage of job (MB)
	652  -  ResidentSetSize of job (KB)
...
006 (112070733.171.000) 05/03 07:26:10 Image size of job updated: 656
	1  -  MemoryUsage of job (MB)
	656  -  ResidentSetSize of job (KB)
...
006 (112070733.171.000) 05/03 07:36:12 Image size of job updated: 660
	1  -  MemoryUsage of job (MB)
	660  -  ResidentSetSize of job (KB)
...
006 (112070733.171.000) 05/03 07:41:10 Image size of job updated: 668
	1  -  MemoryUsage of job (MB)
	668  -  ResidentSetSize of job (KB)
...
006 (112070733.171.000) 05/03 07:51:11 Image size of job updated: 556200
	467  -  MemoryUsage of job (MB)
	478200  -  ResidentSetSize of job (KB)
...
006 (112070733.171.000) 05/03 07:56:11 Image size of job updated: 990916
	892  -  MemoryUsage of job (MB)
	912860  -  ResidentSetSize of job (KB)
...
006 (112070733.171.000) 05/03 08:01:12 Image size of job updated: 1479096
	1369  -  MemoryUsage of job (MB)
	1401040  -  ResidentSetSize of job (KB)
...
006 (112070733.171.000) 05/03 08:06:12 Image size of job updated: 2092944
	1968  -  MemoryUsage of job (MB)
	2014888  -  ResidentSetSize of job (KB)
...
006 (112070733.171.000) 05/03 08:11:12 Image size of job updated: 2752780
	2613  -  MemoryUsage of job (MB)
	2674724  -  ResidentSetSize of job (KB)
...
006 (112070733.171.000) 05/03 08:16:14 Image size of job updated: 3263332
	3111  -  MemoryUsage of job (MB)
	3185276  -  ResidentSetSize of job (KB)
...
006 (112070733.171.000) 05/03 08:21:14 Image size of job updated: 3724476
	3561  -  MemoryUsage of job (MB)
	3646420  -  ResidentSetSize of job (KB)
...
006 (112070733.171.000) 05/03 08:26:14 Image size of job updated: 4522432
	4341  -  MemoryUsage of job (MB)
	4444376  -  ResidentSetSize of job (KB)
...
006 (112070733.171.000) 05/03 08:31:15 Image size of job updated: 4966828
	4775  -  MemoryUsage of job (MB)
	4888772  -  ResidentSetSize of job (KB)
...
006 (112070733.171.000) 05/03 08:36:15 Image size of job updated: 5258508
	5060  -  MemoryUsage of job (MB)
	5180452  -  ResidentSetSize of job (KB)
...
006 (112070733.171.000) 05/03 08:41:16 Image size of job updated: 5721768
	5512  -  MemoryUsage of job (MB)
	5643712  -  ResidentSetSize of job (KB)
...
006 (112070733.171.000) 05/03 08:46:16 Image size of job updated: 6359468
	6135  -  MemoryUsage of job (MB)
	6281412  -  ResidentSetSize of job (KB)
...
006 (112070733.171.000) 05/03 08:51:18 Image size of job updated: 6891900
	6655  -  MemoryUsage of job (MB)
	6813844  -  ResidentSetSize of job (KB)
...
