000 (112070720.051.000) 05/02 11:02:36 Job submitted from host: <128.104.100.44:9618?addrs=128.104.100.44-9618+[2607-f388-107c-501-90e2-baff-fe2c-2724]-9618&noUDP&sock=4699_0235_3>
...
001 (112070720.051.000) 05/02 14:32:22 Job executing on host: <128.105.245.241:9618?addrs=128.105.245.241-9618&noUDP&sock=33549_66e8_3>
...
006 (112070720.051.000) 05/02 14:32:31 Image size of job updated: 644
	1  -  MemoryUsage of job (MB)
	644  -  ResidentSetSize of job (KB)
...
006 (112070720.051.000) 05/02 14:37:32 Image size of job updated: 289800
	207  -  MemoryUsage of job (MB)
	211808  -  ResidentSetSize of job (KB)
...
006 (112070720.051.000) 05/02 14:42:33 Image size of job updated: 650832
	560  -  MemoryUsage of job (MB)
	572840  -  ResidentSetSize of job (KB)
...
006 (112070720.051.000) 05/02 14:47:34 Image size of job updated: 1087172
	986  -  MemoryUsage of job (MB)
	1009120  -  ResidentSetSize of job (KB)
...
006 (112070720.051.000) 05/02 14:52:34 Image size of job updated: 1615516
	1502  -  MemoryUsage of job (MB)
	1537464  -  ResidentSetSize of job (KB)
...
006 (112070720.051.000) 05/02 14:57:34 Image size of job updated: 2237248
	2109  -  MemoryUsage of job (MB)
	2159196  -  ResidentSetSize of job (KB)
...
006 (112070720.051.000) 05/02 15:02:34 Image size of job updated: 2979424
	2834  -  MemoryUsage of job (MB)
	2901372  -  ResidentSetSize of job (KB)
...
006 (112070720.051.000) 05/02 15:07:35 Image size of job updated: 3962360
	3794  -  MemoryUsage of job (MB)
	3884308  -  ResidentSetSize of job (KB)
...
006 (112070720.051.000) 05/02 15:12:35 Image size of job updated: 4885700
	4695  -  MemoryUsage of job (MB)
	4807648  -  ResidentSetSize of job (KB)
...
006 (112070720.051.000) 05/02 15:17:36 Image size of job updated: 5865204
	5652  -  MemoryUsage of job (MB)
	5787152  -  ResidentSetSize of job (KB)
...
006 (112070720.051.000) 05/02 15:22:37 Image size of job updated: 6730120
	6497  -  MemoryUsage of job (MB)
	6652068  -  ResidentSetSize of job (KB)
...
006 (112070720.051.000) 05/02 15:27:37 Image size of job updated: 7701596
	7445  -  MemoryUsage of job (MB)
	7623544  -  ResidentSetSize of job (KB)
...
006 (112070720.051.000) 05/02 15:32:37 Image size of job updated: 8659560
	8381  -  MemoryUsage of job (MB)
	8581508  -  ResidentSetSize of job (KB)
...
006 (112070720.051.000) 05/02 15:37:37 Image size of job updated: 9582532
	9282  -  MemoryUsage of job (MB)
	9504480  -  ResidentSetSize of job (KB)
...
006 (112070720.051.000) 05/02 15:42:38 Image size of job updated: 10328432
	10011  -  MemoryUsage of job (MB)
	10250380  -  ResidentSetSize of job (KB)
...
006 (112070720.051.000) 05/02 15:47:39 Image size of job updated: 11071252
	10736  -  MemoryUsage of job (MB)
	10993200  -  ResidentSetSize of job (KB)
...
006 (112070720.051.000) 05/02 15:52:40 Image size of job updated: 11936840
	11581  -  MemoryUsage of job (MB)
	11858788  -  ResidentSetSize of job (KB)
...
006 (112070720.051.000) 05/02 15:57:41 Image size of job updated: 12781172
	12406  -  MemoryUsage of job (MB)
	12703120  -  ResidentSetSize of job (KB)
...
006 (112070720.051.000) 05/02 16:02:42 Image size of job updated: 13654684
	13259  -  MemoryUsage of job (MB)
	13576632  -  ResidentSetSize of job (KB)
...
006 (112070720.051.000) 05/02 16:07:43 Image size of job updated: 14590200
	14173  -  MemoryUsage of job (MB)
	14512148  -  ResidentSetSize of job (KB)
...
006 (112070720.051.000) 05/02 16:12:43 Image size of job updated: 15456876
	15018  -  MemoryUsage of job (MB)
	15377904  -  ResidentSetSize of job (KB)
...
006 (112070720.051.000) 05/02 16:17:43 Image size of job updated: 16285452
	15824  -  MemoryUsage of job (MB)
	16203776  -  ResidentSetSize of job (KB)
...
006 (112070720.051.000) 05/02 16:22:43 Image size of job updated: 17164460
	16577  -  MemoryUsage of job (MB)
	16974624  -  ResidentSetSize of job (KB)
...
006 (112070720.051.000) 05/02 16:27:44 Image size of job updated: 17923908
	16816  -  MemoryUsage of job (MB)
	17219460  -  ResidentSetSize of job (KB)
...
006 (112070720.051.000) 05/02 16:32:45 Image size of job updated: 18669436
	17163  -  MemoryUsage of job (MB)
	17574248  -  ResidentSetSize of job (KB)
...
006 (112070720.051.000) 05/02 16:37:46 Image size of job updated: 19493268
	17211  -  MemoryUsage of job (MB)
	17623664  -  ResidentSetSize of job (KB)
...
006 (112070720.051.000) 05/02 16:42:47 Image size of job updated: 20120552
	17230  -  MemoryUsage of job (MB)
	17642884  -  ResidentSetSize of job (KB)
...
006 (112070720.051.000) 05/02 16:47:48 Image size of job updated: 20777256
	17262  -  MemoryUsage of job (MB)
	17676244  -  ResidentSetSize of job (KB)
...
006 (112070720.051.000) 05/02 16:52:48 Image size of job updated: 21200252
	17262  -  MemoryUsage of job (MB)
	17676244  -  ResidentSetSize of job (KB)
...
006 (112070720.051.000) 05/02 16:57:48 Image size of job updated: 21739896
	17262  -  MemoryUsage of job (MB)
	17676244  -  ResidentSetSize of job (KB)
...
006 (112070720.051.000) 05/02 17:02:49 Image size of job updated: 22224108
	17262  -  MemoryUsage of job (MB)
	17676244  -  ResidentSetSize of job (KB)
...
006 (112070720.051.000) 05/02 17:07:50 Image size of job updated: 22807380
	17262  -  MemoryUsage of job (MB)
	17676244  -  ResidentSetSize of job (KB)
...
006 (112070720.051.000) 05/02 17:12:51 Image size of job updated: 23306520
	17262  -  MemoryUsage of job (MB)
	17676244  -  ResidentSetSize of job (KB)
...
006 (112070720.051.000) 05/02 17:17:51 Image size of job updated: 23840772
	17262  -  MemoryUsage of job (MB)
	17676244  -  ResidentSetSize of job (KB)
...
006 (112070720.051.000) 05/02 17:22:51 Image size of job updated: 24225604
	17262  -  MemoryUsage of job (MB)
	17676244  -  ResidentSetSize of job (KB)
...
006 (112070720.051.000) 05/02 17:27:51 Image size of job updated: 24551592
	17262  -  MemoryUsage of job (MB)
	17676244  -  ResidentSetSize of job (KB)
...
006 (112070720.051.000) 05/02 17:32:52 Image size of job updated: 24855688
	17262  -  MemoryUsage of job (MB)
	17676244  -  ResidentSetSize of job (KB)
...
006 (112070720.051.000) 05/02 17:37:54 Image size of job updated: 25192176
	17262  -  MemoryUsage of job (MB)
	17676244  -  ResidentSetSize of job (KB)
...
006 (112070720.051.000) 05/02 17:42:54 Image size of job updated: 25639072
	17262  -  MemoryUsage of job (MB)
	17676244  -  ResidentSetSize of job (KB)
...
006 (112070720.051.000) 05/02 17:43:19 Image size of job updated: 25657580
	17262  -  MemoryUsage of job (MB)
	17676244  -  ResidentSetSize of job (KB)
...
005 (112070720.051.000) 05/02 17:43:39 Job terminated.
	(1) Normal termination (return value 0)
		Usr 0 02:37:16, Sys 0 00:03:15  -  Run Remote Usage
		Usr 0 00:00:00, Sys 0 00:00:00  -  Run Local Usage
		Usr 0 02:37:16, Sys 0 00:03:15  -  Total Remote Usage
		Usr 0 00:00:00, Sys 0 00:00:00  -  Total Local Usage
	25581302  -  Run Bytes Sent By Job
	1780305536  -  Run Bytes Received By Job
	25581302  -  Total Bytes Sent By Job
	1780305536  -  Total Bytes Received By Job
	Partitionable Resources :      Usage  Request Allocated 
	   Cpus                 :       0.91        1         1 
	   Disk (KB)            : 6894140    20971520  21014950 
	   Ioheavy              :                             0 
	   Memory (MB)          :   17262       20480     20480 
...
