000 (112070720.112.000) 05/02 11:02:36 Job submitted from host: <128.104.100.44:9618?addrs=128.104.100.44-9618+[2607-f388-107c-501-90e2-baff-fe2c-2724]-9618&noUDP&sock=4699_0235_3>
...
001 (112070720.112.000) 05/02 16:27:06 Job executing on host: <128.105.245.198:9618?addrs=128.105.245.198-9618&noUDP&sock=25034_d1fb_29>
...
006 (112070720.112.000) 05/02 16:27:15 Image size of job updated: 632
	1  -  MemoryUsage of job (MB)
	632  -  ResidentSetSize of job (KB)
...
006 (112070720.112.000) 05/02 16:32:17 Image size of job updated: 672
	1  -  MemoryUsage of job (MB)
	672  -  ResidentSetSize of job (KB)
...
006 (112070720.112.000) 05/02 16:37:17 Image size of job updated: 574444
	485  -  MemoryUsage of job (MB)
	496452  -  ResidentSetSize of job (KB)
...
006 (112070720.112.000) 05/02 16:42:19 Image size of job updated: 1080360
	979  -  MemoryUsage of job (MB)
	1002308  -  ResidentSetSize of job (KB)
...
006 (112070720.112.000) 05/02 16:47:19 Image size of job updated: 1720512
	1604  -  MemoryUsage of job (MB)
	1642460  -  ResidentSetSize of job (KB)
...
006 (112070720.112.000) 05/02 16:52:19 Image size of job updated: 2406784
	2275  -  MemoryUsage of job (MB)
	2328732  -  ResidentSetSize of job (KB)
...
006 (112070720.112.000) 05/02 16:57:20 Image size of job updated: 3260680
	3109  -  MemoryUsage of job (MB)
	3182628  -  ResidentSetSize of job (KB)
...
006 (112070720.112.000) 05/02 17:02:22 Image size of job updated: 4208992
	4035  -  MemoryUsage of job (MB)
	4130940  -  ResidentSetSize of job (KB)
...
006 (112070720.112.000) 05/02 17:07:21 Image size of job updated: 5148740
	4952  -  MemoryUsage of job (MB)
	5070688  -  ResidentSetSize of job (KB)
...
006 (112070720.112.000) 05/02 17:12:22 Image size of job updated: 6079788
	5862  -  MemoryUsage of job (MB)
	6001736  -  ResidentSetSize of job (KB)
...
006 (112070720.112.000) 05/02 17:17:23 Image size of job updated: 7015512
	6775  -  MemoryUsage of job (MB)
	6937460  -  ResidentSetSize of job (KB)
...
006 (112070720.112.000) 05/02 17:22:23 Image size of job updated: 7914144
	7653  -  MemoryUsage of job (MB)
	7836092  -  ResidentSetSize of job (KB)
...
006 (112070720.112.000) 05/02 17:27:23 Image size of job updated: 8728156
	8448  -  MemoryUsage of job (MB)
	8650104  -  ResidentSetSize of job (KB)
...
006 (112070720.112.000) 05/02 17:32:24 Image size of job updated: 9605356
	9305  -  MemoryUsage of job (MB)
	9527304  -  ResidentSetSize of job (KB)
...
006 (112070720.112.000) 05/02 17:37:24 Image size of job updated: 10341728
	10024  -  MemoryUsage of job (MB)
	10263676  -  ResidentSetSize of job (KB)
...
006 (112070720.112.000) 05/02 17:42:24 Image size of job updated: 11091600
	10756  -  MemoryUsage of job (MB)
	11013548  -  ResidentSetSize of job (KB)
...
006 (112070720.112.000) 05/02 17:47:25 Image size of job updated: 11915372
	11560  -  MemoryUsage of job (MB)
	11837320  -  ResidentSetSize of job (KB)
...
006 (112070720.112.000) 05/02 17:52:26 Image size of job updated: 12676528
	12304  -  MemoryUsage of job (MB)
	12598476  -  ResidentSetSize of job (KB)
...
006 (112070720.112.000) 05/02 17:57:26 Image size of job updated: 13383864
	12994  -  MemoryUsage of job (MB)
	13305812  -  ResidentSetSize of job (KB)
...
006 (112070720.112.000) 05/02 18:02:29 Image size of job updated: 14053348
	13648  -  MemoryUsage of job (MB)
	13975296  -  ResidentSetSize of job (KB)
...
006 (112070720.112.000) 05/02 18:07:28 Image size of job updated: 14801828
	14379  -  MemoryUsage of job (MB)
	14723776  -  ResidentSetSize of job (KB)
...
006 (112070720.112.000) 05/02 18:12:29 Image size of job updated: 15436680
	14998  -  MemoryUsage of job (MB)
	15357624  -  ResidentSetSize of job (KB)
...
006 (112070720.112.000) 05/02 18:17:29 Image size of job updated: 16081408
	15624  -  MemoryUsage of job (MB)
	15998112  -  ResidentSetSize of job (KB)
...
006 (112070720.112.000) 05/02 18:22:29 Image size of job updated: 16791796
	16311  -  MemoryUsage of job (MB)
	16702332  -  ResidentSetSize of job (KB)
...
006 (112070720.112.000) 05/02 18:27:29 Image size of job updated: 17547328
	17046  -  MemoryUsage of job (MB)
	17455064  -  ResidentSetSize of job (KB)
...
006 (112070720.112.000) 05/02 18:32:30 Image size of job updated: 18264880
	17744  -  MemoryUsage of job (MB)
	18169016  -  ResidentSetSize of job (KB)
...
006 (112070720.112.000) 05/02 18:37:31 Image size of job updated: 18942156
	18399  -  MemoryUsage of job (MB)
	18839812  -  ResidentSetSize of job (KB)
...
006 (112070720.112.000) 05/02 18:42:31 Image size of job updated: 19555564
	18990  -  MemoryUsage of job (MB)
	19445552  -  ResidentSetSize of job (KB)
...
006 (112070720.112.000) 05/02 18:47:33 Image size of job updated: 20186340
	19580  -  MemoryUsage of job (MB)
	20049672  -  ResidentSetSize of job (KB)
...
006 (112070720.112.000) 05/02 18:52:33 Image size of job updated: 20886552
	20160  -  MemoryUsage of job (MB)
	20643496  -  ResidentSetSize of job (KB)
...
006 (112070720.112.000) 05/02 18:57:35 Image size of job updated: 21406276
	20445  -  MemoryUsage of job (MB)
	20935236  -  ResidentSetSize of job (KB)
...
006 (112070720.112.000) 05/02 19:02:35 Image size of job updated: 21852928
	20445  -  MemoryUsage of job (MB)
	20935236  -  ResidentSetSize of job (KB)
...
006 (112070720.112.000) 05/02 19:07:36 Image size of job updated: 22390328
	20465  -  MemoryUsage of job (MB)
	20955896  -  ResidentSetSize of job (KB)
...
006 (112070720.112.000) 05/02 19:12:36 Image size of job updated: 22854552
	20465  -  MemoryUsage of job (MB)
	20955896  -  ResidentSetSize of job (KB)
...
006 (112070720.112.000) 05/02 19:15:14 Image size of job updated: 23077284
	20465  -  MemoryUsage of job (MB)
	20955896  -  ResidentSetSize of job (KB)
...
005 (112070720.112.000) 05/02 19:15:22 Job terminated.
	(1) Normal termination (return value 0)
		Usr 0 02:20:52, Sys 0 00:02:10  -  Run Remote Usage
		Usr 0 00:00:00, Sys 0 00:00:00  -  Run Local Usage
		Usr 0 02:20:52, Sys 0 00:02:10  -  Total Remote Usage
		Usr 0 00:00:00, Sys 0 00:00:00  -  Total Local Usage
	22532740  -  Run Bytes Sent By Job
	1780305536  -  Run Bytes Received By Job
	22532740  -  Total Bytes Sent By Job
	1780305536  -  Total Bytes Received By Job
	Partitionable Resources :      Usage  Request Allocated 
	   Cpus                 :       0.32        1         1 
	   Disk (KB)            : 6851753    20971520  21185296 
	   Ioheavy              :                             0 
	   Memory (MB)          :   20465       20480     20480 
...
