000 (112070720.131.000) 05/02 11:02:36 Job submitted from host: <128.104.100.44:9618?addrs=128.104.100.44-9618+[2607-f388-107c-501-90e2-baff-fe2c-2724]-9618&noUDP&sock=4699_0235_3>
...
001 (112070720.131.000) 05/02 17:00:49 Job executing on host: <128.105.245.137:9618?addrs=128.105.245.137-9618&noUDP&sock=5431_caf1_46>
...
006 (112070720.131.000) 05/02 17:00:58 Image size of job updated: 628
	1  -  MemoryUsage of job (MB)
	628  -  ResidentSetSize of job (KB)
...
006 (112070720.131.000) 05/02 17:06:00 Image size of job updated: 656
	1  -  MemoryUsage of job (MB)
	656  -  ResidentSetSize of job (KB)
...
006 (112070720.131.000) 05/02 17:16:00 Image size of job updated: 660
	1  -  MemoryUsage of job (MB)
	660  -  ResidentSetSize of job (KB)
...
006 (112070720.131.000) 05/02 17:21:01 Image size of job updated: 672
	1  -  MemoryUsage of job (MB)
	672  -  ResidentSetSize of job (KB)
...
006 (112070720.131.000) 05/02 17:31:03 Image size of job updated: 578016
	489  -  MemoryUsage of job (MB)
	500024  -  ResidentSetSize of job (KB)
...
006 (112070720.131.000) 05/02 17:36:04 Image size of job updated: 1378964
	1271  -  MemoryUsage of job (MB)
	1300912  -  ResidentSetSize of job (KB)
...
006 (112070720.131.000) 05/02 17:41:05 Image size of job updated: 2152356
	2026  -  MemoryUsage of job (MB)
	2074304  -  ResidentSetSize of job (KB)
...
006 (112070720.131.000) 05/02 17:46:06 Image size of job updated: 3384128
	3229  -  MemoryUsage of job (MB)
	3306076  -  ResidentSetSize of job (KB)
...
006 (112070720.131.000) 05/02 17:51:06 Image size of job updated: 4597616
	4414  -  MemoryUsage of job (MB)
	4519564  -  ResidentSetSize of job (KB)
...
006 (112070720.131.000) 05/02 17:56:06 Image size of job updated: 5700236
	5491  -  MemoryUsage of job (MB)
	5622184  -  ResidentSetSize of job (KB)
...
006 (112070720.131.000) 05/02 18:01:06 Image size of job updated: 6542788
	6314  -  MemoryUsage of job (MB)
	6464736  -  ResidentSetSize of job (KB)
...
006 (112070720.131.000) 05/02 18:06:06 Image size of job updated: 7234796
	6990  -  MemoryUsage of job (MB)
	7156744  -  ResidentSetSize of job (KB)
...
006 (112070720.131.000) 05/02 18:11:07 Image size of job updated: 7896432
	7636  -  MemoryUsage of job (MB)
	7818380  -  ResidentSetSize of job (KB)
...
006 (112070720.131.000) 05/02 18:16:08 Image size of job updated: 8378912
	8107  -  MemoryUsage of job (MB)
	8300860  -  ResidentSetSize of job (KB)
...
006 (112070720.131.000) 05/02 18:21:08 Image size of job updated: 8916024
	8631  -  MemoryUsage of job (MB)
	8837972  -  ResidentSetSize of job (KB)
...
006 (112070720.131.000) 05/02 18:26:09 Image size of job updated: 9583256
	9283  -  MemoryUsage of job (MB)
	9505204  -  ResidentSetSize of job (KB)
...
006 (112070720.131.000) 05/02 18:31:18 Image size of job updated: 10109576
	9797  -  MemoryUsage of job (MB)
	10031524  -  ResidentSetSize of job (KB)
...
006 (112070720.131.000) 05/02 18:36:09 Image size of job updated: 10670188
	10344  -  MemoryUsage of job (MB)
	10592136  -  ResidentSetSize of job (KB)
...
006 (112070720.131.000) 05/02 18:41:12 Image size of job updated: 11120604
	10784  -  MemoryUsage of job (MB)
	11042552  -  ResidentSetSize of job (KB)
...
006 (112070720.131.000) 05/02 18:46:10 Image size of job updated: 11715392
	11365  -  MemoryUsage of job (MB)
	11637340  -  ResidentSetSize of job (KB)
...
006 (112070720.131.000) 05/02 18:51:11 Image size of job updated: 11897312
	11543  -  MemoryUsage of job (MB)
	11819260  -  ResidentSetSize of job (KB)
...
006 (112070720.131.000) 05/02 18:56:11 Image size of job updated: 12088416
	11729  -  MemoryUsage of job (MB)
	12010364  -  ResidentSetSize of job (KB)
...
006 (112070720.131.000) 05/02 19:01:11 Image size of job updated: 12279248
	11916  -  MemoryUsage of job (MB)
	12201196  -  ResidentSetSize of job (KB)
...
006 (112070720.131.000) 05/02 19:06:12 Image size of job updated: 12586228
	12216  -  MemoryUsage of job (MB)
	12508176  -  ResidentSetSize of job (KB)
...
006 (112070720.131.000) 05/02 19:11:14 Image size of job updated: 13357704
	12969  -  MemoryUsage of job (MB)
	13279652  -  ResidentSetSize of job (KB)
...
006 (112070720.131.000) 05/02 19:16:14 Image size of job updated: 13979392
	13576  -  MemoryUsage of job (MB)
	13901340  -  ResidentSetSize of job (KB)
...
006 (112070720.131.000) 05/02 19:21:15 Image size of job updated: 14299928
	13889  -  MemoryUsage of job (MB)
	14221876  -  ResidentSetSize of job (KB)
...
006 (112070720.131.000) 05/02 19:26:15 Image size of job updated: 14503288
	14088  -  MemoryUsage of job (MB)
	14425236  -  ResidentSetSize of job (KB)
...
006 (112070720.131.000) 05/02 19:31:15 Image size of job updated: 14806408
	14384  -  MemoryUsage of job (MB)
	14728356  -  ResidentSetSize of job (KB)
...
006 (112070720.131.000) 05/02 19:36:15 Image size of job updated: 15036220
	14608  -  MemoryUsage of job (MB)
	14958168  -  ResidentSetSize of job (KB)
...
006 (112070720.131.000) 05/02 19:41:15 Image size of job updated: 15463044
	15025  -  MemoryUsage of job (MB)
	15384992  -  ResidentSetSize of job (KB)
...
006 (112070720.131.000) 05/02 19:46:16 Image size of job updated: 15858072
	15411  -  MemoryUsage of job (MB)
	15779924  -  ResidentSetSize of job (KB)
...
006 (112070720.131.000) 05/02 19:51:17 Image size of job updated: 16464948
	16003  -  MemoryUsage of job (MB)
	16386524  -  ResidentSetSize of job (KB)
...
033 (112070720.131.000) 05/02 19:51:27 Changing job attribute JobPrio from 0 to 10
...
006 (112070720.131.000) 05/02 19:56:17 Image size of job updated: 16780108
	16310  -  MemoryUsage of job (MB)
	16701336  -  ResidentSetSize of job (KB)
...
006 (112070720.131.000) 05/02 20:01:17 Image size of job updated: 17018608
	16543  -  MemoryUsage of job (MB)
	16939316  -  ResidentSetSize of job (KB)
...
006 (112070720.131.000) 05/02 20:06:17 Image size of job updated: 17158860
	16679  -  MemoryUsage of job (MB)
	17079280  -  ResidentSetSize of job (KB)
...
006 (112070720.131.000) 05/02 20:11:17 Image size of job updated: 17421384
	16936  -  MemoryUsage of job (MB)
	17341812  -  ResidentSetSize of job (KB)
...
006 (112070720.131.000) 05/02 20:16:18 Image size of job updated: 17879860
	17383  -  MemoryUsage of job (MB)
	17799344  -  ResidentSetSize of job (KB)
...
006 (112070720.131.000) 05/02 20:21:18 Image size of job updated: 18497824
	17984  -  MemoryUsage of job (MB)
	18415516  -  ResidentSetSize of job (KB)
...
006 (112070720.131.000) 05/02 20:26:18 Image size of job updated: 18795068
	18271  -  MemoryUsage of job (MB)
	18708796  -  ResidentSetSize of job (KB)
...
006 (112070720.131.000) 05/02 20:31:19 Image size of job updated: 19096200
	18559  -  MemoryUsage of job (MB)
	19003900  -  ResidentSetSize of job (KB)
...
006 (112070720.131.000) 05/02 20:36:20 Image size of job updated: 19500988
	18949  -  MemoryUsage of job (MB)
	19403376  -  ResidentSetSize of job (KB)
...
006 (112070720.131.000) 05/02 20:41:21 Image size of job updated: 19805500
	19244  -  MemoryUsage of job (MB)
	19704840  -  ResidentSetSize of job (KB)
...
006 (112070720.131.000) 05/02 20:46:22 Image size of job updated: 19918028
	19352  -  MemoryUsage of job (MB)
	19815704  -  ResidentSetSize of job (KB)
...
006 (112070720.131.000) 05/02 20:51:22 Image size of job updated: 20107328
	19528  -  MemoryUsage of job (MB)
	19995660  -  ResidentSetSize of job (KB)
...
006 (112070720.131.000) 05/02 20:56:23 Image size of job updated: 20197696
	19608  -  MemoryUsage of job (MB)
	20077756  -  ResidentSetSize of job (KB)
...
006 (112070720.131.000) 05/02 21:01:23 Image size of job updated: 20280048
	19670  -  MemoryUsage of job (MB)
	20141516  -  ResidentSetSize of job (KB)
...
006 (112070720.131.000) 05/02 21:06:23 Image size of job updated: 20479616
	19829  -  MemoryUsage of job (MB)
	20304528  -  ResidentSetSize of job (KB)
...
006 (112070720.131.000) 05/02 21:11:24 Image size of job updated: 20777040
	20067  -  MemoryUsage of job (MB)
	20548456  -  ResidentSetSize of job (KB)
...
006 (112070720.131.000) 05/02 21:16:25 Image size of job updated: 21270404
	20363  -  MemoryUsage of job (MB)
	20850816  -  ResidentSetSize of job (KB)
...
006 (112070720.131.000) 05/02 21:21:25 Image size of job updated: 21552924
	20428  -  MemoryUsage of job (MB)
	20918036  -  ResidentSetSize of job (KB)
...
006 (112070720.131.000) 05/02 21:26:26 Image size of job updated: 21742236
	20452  -  MemoryUsage of job (MB)
	20941980  -  ResidentSetSize of job (KB)
...
006 (112070720.131.000) 05/02 21:31:26 Image size of job updated: 21838056
	20452  -  MemoryUsage of job (MB)
	20941980  -  ResidentSetSize of job (KB)
...
006 (112070720.131.000) 05/02 21:36:27 Image size of job updated: 21936824
	20452  -  MemoryUsage of job (MB)
	20941980  -  ResidentSetSize of job (KB)
...
006 (112070720.131.000) 05/02 21:41:27 Image size of job updated: 22262628
	20452  -  MemoryUsage of job (MB)
	20941980  -  ResidentSetSize of job (KB)
...
006 (112070720.131.000) 05/02 21:46:28 Image size of job updated: 22518040
	20452  -  MemoryUsage of job (MB)
	20941980  -  ResidentSetSize of job (KB)
...
006 (112070720.131.000) 05/02 21:51:30 Image size of job updated: 22607988
	20452  -  MemoryUsage of job (MB)
	20941980  -  ResidentSetSize of job (KB)
...
006 (112070720.131.000) 05/02 21:56:30 Image size of job updated: 22796424
	20463  -  MemoryUsage of job (MB)
	20953120  -  ResidentSetSize of job (KB)
...
006 (112070720.131.000) 05/02 22:01:31 Image size of job updated: 22874620
	20463  -  MemoryUsage of job (MB)
	20953120  -  ResidentSetSize of job (KB)
...
006 (112070720.131.000) 05/02 22:06:33 Image size of job updated: 22959344
	20463  -  MemoryUsage of job (MB)
	20953120  -  ResidentSetSize of job (KB)
...
006 (112070720.131.000) 05/02 22:11:32 Image size of job updated: 23030240
	20463  -  MemoryUsage of job (MB)
	20953120  -  ResidentSetSize of job (KB)
...
006 (112070720.131.000) 05/02 22:13:09 Image size of job updated: 23079424
	20463  -  MemoryUsage of job (MB)
	20953120  -  ResidentSetSize of job (KB)
...
005 (112070720.131.000) 05/02 22:13:11 Job terminated.
	(1) Normal termination (return value 0)
		Usr 0 01:58:01, Sys 0 00:02:11  -  Run Remote Usage
		Usr 0 00:00:00, Sys 0 00:00:00  -  Run Local Usage
		Usr 0 01:58:01, Sys 0 00:02:11  -  Total Remote Usage
		Usr 0 00:00:00, Sys 0 00:00:00  -  Total Local Usage
	22435620  -  Run Bytes Sent By Job
	1780305536  -  Run Bytes Received By Job
	22435620  -  Total Bytes Sent By Job
	1780305536  -  Total Bytes Received By Job
	Partitionable Resources :      Usage  Request Allocated 
	   Cpus                 :       0.23        1         1 
	   Disk (KB)            : 6851660    20971520  21189511 
	   Ioheavy              :                             0 
	   Memory (MB)          :   20463       20480     20480 
...
