000 (112070733.184.000) 05/02 11:03:23 Job submitted from host: <128.104.100.44:9618?addrs=128.104.100.44-9618+[2607-f388-107c-501-90e2-baff-fe2c-2724]-9618&noUDP&sock=4699_0235_3>
...
001 (112070733.184.000) 05/03 06:39:55 Job executing on host: <128.105.245.251:9618?addrs=128.105.245.251-9618&noUDP&sock=5438_981b_24>
...
006 (112070733.184.000) 05/03 06:40:05 Image size of job updated: 612
	1  -  MemoryUsage of job (MB)
	612  -  ResidentSetSize of job (KB)
...
006 (112070733.184.000) 05/03 06:45:06 Image size of job updated: 620
	1  -  MemoryUsage of job (MB)
	620  -  ResidentSetSize of job (KB)
...
006 (112070733.184.000) 05/03 06:50:07 Image size of job updated: 644
	1  -  MemoryUsage of job (MB)
	644  -  ResidentSetSize of job (KB)
...
006 (112070733.184.000) 05/03 06:55:08 Image size of job updated: 648
	1  -  MemoryUsage of job (MB)
	648  -  ResidentSetSize of job (KB)
...
006 (112070733.184.000) 05/03 07:00:08 Image size of job updated: 356376
	272  -  MemoryUsage of job (MB)
	278380  -  ResidentSetSize of job (KB)
...
006 (112070733.184.000) 05/03 07:05:09 Image size of job updated: 769644
	676  -  MemoryUsage of job (MB)
	691612  -  ResidentSetSize of job (KB)
...
006 (112070733.184.000) 05/03 07:10:09 Image size of job updated: 1180692
	1077  -  MemoryUsage of job (MB)
	1102640  -  ResidentSetSize of job (KB)
...
006 (112070733.184.000) 05/03 07:15:10 Image size of job updated: 1726088
	1610  -  MemoryUsage of job (MB)
	1648036  -  ResidentSetSize of job (KB)
...
006 (112070733.184.000) 05/03 07:20:11 Image size of job updated: 2385552
	2254  -  MemoryUsage of job (MB)
	2307500  -  ResidentSetSize of job (KB)
...
006 (112070733.184.000) 05/03 07:25:11 Image size of job updated: 3162088
	3012  -  MemoryUsage of job (MB)
	3084036  -  ResidentSetSize of job (KB)
...
006 (112070733.184.000) 05/03 07:30:13 Image size of job updated: 3988732
	3820  -  MemoryUsage of job (MB)
	3910680  -  ResidentSetSize of job (KB)
...
006 (112070733.184.000) 05/03 07:35:13 Image size of job updated: 4858288
	4669  -  MemoryUsage of job (MB)
	4780236  -  ResidentSetSize of job (KB)
...
006 (112070733.184.000) 05/03 07:40:14 Image size of job updated: 5720312
	5511  -  MemoryUsage of job (MB)
	5642260  -  ResidentSetSize of job (KB)
...
006 (112070733.184.000) 05/03 07:45:15 Image size of job updated: 6502288
	6274  -  MemoryUsage of job (MB)
	6424236  -  ResidentSetSize of job (KB)
...
006 (112070733.184.000) 05/03 07:50:15 Image size of job updated: 7272540
	7026  -  MemoryUsage of job (MB)
	7194488  -  ResidentSetSize of job (KB)
...
006 (112070733.184.000) 05/03 07:55:16 Image size of job updated: 7888604
	7628  -  MemoryUsage of job (MB)
	7810552  -  ResidentSetSize of job (KB)
...
006 (112070733.184.000) 05/03 08:00:17 Image size of job updated: 8516484
	8241  -  MemoryUsage of job (MB)
	8438432  -  ResidentSetSize of job (KB)
...
006 (112070733.184.000) 05/03 08:05:17 Image size of job updated: 9226328
	8934  -  MemoryUsage of job (MB)
	9148276  -  ResidentSetSize of job (KB)
...
006 (112070733.184.000) 05/03 08:10:18 Image size of job updated: 9903640
	9596  -  MemoryUsage of job (MB)
	9825588  -  ResidentSetSize of job (KB)
...
006 (112070733.184.000) 05/03 08:15:18 Image size of job updated: 10557628
	10234  -  MemoryUsage of job (MB)
	10479576  -  ResidentSetSize of job (KB)
...
006 (112070733.184.000) 05/03 08:20:18 Image size of job updated: 11171468
	10834  -  MemoryUsage of job (MB)
	11093416  -  ResidentSetSize of job (KB)
...
006 (112070733.184.000) 05/03 08:25:19 Image size of job updated: 11884328
	11530  -  MemoryUsage of job (MB)
	11806276  -  ResidentSetSize of job (KB)
...
006 (112070733.184.000) 05/03 08:30:19 Image size of job updated: 12542712
	12173  -  MemoryUsage of job (MB)
	12464660  -  ResidentSetSize of job (KB)
...
006 (112070733.184.000) 05/03 08:35:19 Image size of job updated: 13199860
	12815  -  MemoryUsage of job (MB)
	13121808  -  ResidentSetSize of job (KB)
...
006 (112070733.184.000) 05/03 08:40:20 Image size of job updated: 13847624
	13447  -  MemoryUsage of job (MB)
	13769572  -  ResidentSetSize of job (KB)
...
006 (112070733.184.000) 05/03 08:45:21 Image size of job updated: 14496580
	14081  -  MemoryUsage of job (MB)
	14418528  -  ResidentSetSize of job (KB)
...
006 (112070733.184.000) 05/03 08:50:21 Image size of job updated: 15134304
	14704  -  MemoryUsage of job (MB)
	15056252  -  ResidentSetSize of job (KB)
...
006 (112070733.184.000) 05/03 08:55:22 Image size of job updated: 15801932
	15356  -  MemoryUsage of job (MB)
	15723880  -  ResidentSetSize of job (KB)
...
