000 (112070720.057.000) 05/02 11:02:36 Job submitted from host: <128.104.100.44:9618?addrs=128.104.100.44-9618+[2607-f388-107c-501-90e2-baff-fe2c-2724]-9618&noUDP&sock=4699_0235_3>
...
001 (112070720.057.000) 05/02 15:15:15 Job executing on host: <128.105.245.156:9618?addrs=128.105.245.156-9618&noUDP&sock=5445_6544_48>
...
006 (112070720.057.000) 05/02 15:15:24 Image size of job updated: 628
	1  -  MemoryUsage of job (MB)
	628  -  ResidentSetSize of job (KB)
...
006 (112070720.057.000) 05/02 15:20:25 Image size of job updated: 660
	1  -  MemoryUsage of job (MB)
	660  -  ResidentSetSize of job (KB)
...
006 (112070720.057.000) 05/02 15:25:26 Image size of job updated: 668
	1  -  MemoryUsage of job (MB)
	668  -  ResidentSetSize of job (KB)
...
006 (112070720.057.000) 05/02 15:30:27 Image size of job updated: 388860
	304  -  MemoryUsage of job (MB)
	310868  -  ResidentSetSize of job (KB)
...
006 (112070720.057.000) 05/02 15:35:28 Image size of job updated: 888668
	792  -  MemoryUsage of job (MB)
	810616  -  ResidentSetSize of job (KB)
...
006 (112070720.057.000) 05/02 15:40:28 Image size of job updated: 1795820
	1678  -  MemoryUsage of job (MB)
	1717768  -  ResidentSetSize of job (KB)
...
006 (112070720.057.000) 05/02 15:45:28 Image size of job updated: 2877164
	2734  -  MemoryUsage of job (MB)
	2799112  -  ResidentSetSize of job (KB)
...
006 (112070720.057.000) 05/02 15:50:29 Image size of job updated: 4341240
	4164  -  MemoryUsage of job (MB)
	4263188  -  ResidentSetSize of job (KB)
...
006 (112070720.057.000) 05/02 15:55:30 Image size of job updated: 5556576
	5351  -  MemoryUsage of job (MB)
	5478524  -  ResidentSetSize of job (KB)
...
006 (112070720.057.000) 05/02 16:00:31 Image size of job updated: 6716548
	6483  -  MemoryUsage of job (MB)
	6638496  -  ResidentSetSize of job (KB)
...
006 (112070720.057.000) 05/02 16:05:31 Image size of job updated: 7859972
	7600  -  MemoryUsage of job (MB)
	7781920  -  ResidentSetSize of job (KB)
...
006 (112070720.057.000) 05/02 16:10:31 Image size of job updated: 8918160
	8633  -  MemoryUsage of job (MB)
	8840108  -  ResidentSetSize of job (KB)
...
006 (112070720.057.000) 05/02 16:15:32 Image size of job updated: 9919604
	9611  -  MemoryUsage of job (MB)
	9841552  -  ResidentSetSize of job (KB)
...
006 (112070720.057.000) 05/02 16:20:33 Image size of job updated: 10889252
	10558  -  MemoryUsage of job (MB)
	10811200  -  ResidentSetSize of job (KB)
...
006 (112070720.057.000) 05/02 16:25:33 Image size of job updated: 11982140
	11626  -  MemoryUsage of job (MB)
	11904088  -  ResidentSetSize of job (KB)
...
006 (112070720.057.000) 05/02 16:30:34 Image size of job updated: 13202012
	12817  -  MemoryUsage of job (MB)
	13123960  -  ResidentSetSize of job (KB)
...
006 (112070720.057.000) 05/02 16:35:35 Image size of job updated: 14337648
	13926  -  MemoryUsage of job (MB)
	14259596  -  ResidentSetSize of job (KB)
...
006 (112070720.057.000) 05/02 16:40:35 Image size of job updated: 15445536
	15008  -  MemoryUsage of job (MB)
	15367484  -  ResidentSetSize of job (KB)
...
006 (112070720.057.000) 05/02 16:45:36 Image size of job updated: 16528956
	16064  -  MemoryUsage of job (MB)
	16449128  -  ResidentSetSize of job (KB)
...
006 (112070720.057.000) 05/02 16:50:38 Image size of job updated: 17608928
	17106  -  MemoryUsage of job (MB)
	17515524  -  ResidentSetSize of job (KB)
...
006 (112070720.057.000) 05/02 16:55:38 Image size of job updated: 18822820
	18260  -  MemoryUsage of job (MB)
	18697612  -  ResidentSetSize of job (KB)
...
006 (112070720.057.000) 05/02 17:00:38 Image size of job updated: 19834492
	19237  -  MemoryUsage of job (MB)
	19698164  -  ResidentSetSize of job (KB)
...
006 (112070720.057.000) 05/02 17:05:38 Image size of job updated: 20976420
	20241  -  MemoryUsage of job (MB)
	20725992  -  ResidentSetSize of job (KB)
...
006 (112070720.057.000) 05/02 17:10:39 Image size of job updated: 21882284
	20433  -  MemoryUsage of job (MB)
	20922676  -  ResidentSetSize of job (KB)
...
006 (112070720.057.000) 05/02 17:15:40 Image size of job updated: 22946580
	20434  -  MemoryUsage of job (MB)
	20924212  -  ResidentSetSize of job (KB)
...
006 (112070720.057.000) 05/02 17:16:48 Image size of job updated: 23075064
	20434  -  MemoryUsage of job (MB)
	20924212  -  ResidentSetSize of job (KB)
...
005 (112070720.057.000) 05/02 17:16:50 Job terminated.
	(1) Normal termination (return value 0)
		Usr 0 01:44:10, Sys 0 00:01:40  -  Run Remote Usage
		Usr 0 00:00:00, Sys 0 00:00:00  -  Run Local Usage
		Usr 0 01:44:10, Sys 0 00:01:40  -  Total Remote Usage
		Usr 0 00:00:00, Sys 0 00:00:00  -  Total Local Usage
	22495262  -  Run Bytes Sent By Job
	1780305536  -  Run Bytes Received By Job
	22495262  -  Total Bytes Sent By Job
	1780305536  -  Total Bytes Received By Job
	Partitionable Resources :      Usage  Request Allocated 
	   Cpus                 :       1.00        1         1 
	   Disk (KB)            : 6851716    20971520  21446304 
	   Ioheavy              :                             0 
	   Memory (MB)          :   20434       20480     20480 
...
