000 (112070720.001.000) 05/02 11:02:36 Job submitted from host: <128.104.100.44:9618?addrs=128.104.100.44-9618+[2607-f388-107c-501-90e2-baff-fe2c-2724]-9618&noUDP&sock=4699_0235_3>
...
001 (112070720.001.000) 05/02 11:10:56 Job executing on host: <128.105.245.138:9618?addrs=128.105.245.138-9618&noUDP&sock=5435_8952_3>
...
006 (112070720.001.000) 05/02 11:11:04 Image size of job updated: 636
	1  -  MemoryUsage of job (MB)
	636  -  ResidentSetSize of job (KB)
...
006 (112070720.001.000) 05/02 11:16:05 Image size of job updated: 306516
	224  -  MemoryUsage of job (MB)
	228524  -  ResidentSetSize of job (KB)
...
006 (112070720.001.000) 05/02 11:21:06 Image size of job updated: 645016
	554  -  MemoryUsage of job (MB)
	567024  -  ResidentSetSize of job (KB)
...
006 (112070720.001.000) 05/02 11:26:06 Image size of job updated: 1066964
	966  -  MemoryUsage of job (MB)
	988912  -  ResidentSetSize of job (KB)
...
006 (112070720.001.000) 05/02 11:31:07 Image size of job updated: 1560116
	1448  -  MemoryUsage of job (MB)
	1482064  -  ResidentSetSize of job (KB)
...
006 (112070720.001.000) 05/02 11:36:08 Image size of job updated: 2154980
	2029  -  MemoryUsage of job (MB)
	2076928  -  ResidentSetSize of job (KB)
...
006 (112070720.001.000) 05/02 11:41:08 Image size of job updated: 2793480
	2652  -  MemoryUsage of job (MB)
	2715428  -  ResidentSetSize of job (KB)
...
006 (112070720.001.000) 05/02 11:46:08 Image size of job updated: 3587176
	3427  -  MemoryUsage of job (MB)
	3509124  -  ResidentSetSize of job (KB)
...
006 (112070720.001.000) 05/02 11:51:10 Image size of job updated: 4417544
	4238  -  MemoryUsage of job (MB)
	4339492  -  ResidentSetSize of job (KB)
...
006 (112070720.001.000) 05/02 11:56:10 Image size of job updated: 5230600
	5032  -  MemoryUsage of job (MB)
	5152548  -  ResidentSetSize of job (KB)
...
006 (112070720.001.000) 05/02 12:01:10 Image size of job updated: 6062016
	5844  -  MemoryUsage of job (MB)
	5983964  -  ResidentSetSize of job (KB)
...
006 (112070720.001.000) 05/02 12:06:10 Image size of job updated: 6846576
	6610  -  MemoryUsage of job (MB)
	6768524  -  ResidentSetSize of job (KB)
...
006 (112070720.001.000) 05/02 12:11:11 Image size of job updated: 7589464
	7336  -  MemoryUsage of job (MB)
	7511412  -  ResidentSetSize of job (KB)
...
006 (112070720.001.000) 05/02 12:16:12 Image size of job updated: 8359324
	8088  -  MemoryUsage of job (MB)
	8281272  -  ResidentSetSize of job (KB)
...
006 (112070720.001.000) 05/02 12:21:12 Image size of job updated: 9072820
	8784  -  MemoryUsage of job (MB)
	8994768  -  ResidentSetSize of job (KB)
...
006 (112070720.001.000) 05/02 12:26:12 Image size of job updated: 9747348
	9443  -  MemoryUsage of job (MB)
	9669296  -  ResidentSetSize of job (KB)
...
006 (112070720.001.000) 05/02 12:31:13 Image size of job updated: 10376172
	10057  -  MemoryUsage of job (MB)
	10298120  -  ResidentSetSize of job (KB)
...
006 (112070720.001.000) 05/02 12:36:13 Image size of job updated: 11022368
	10688  -  MemoryUsage of job (MB)
	10944316  -  ResidentSetSize of job (KB)
...
006 (112070720.001.000) 05/02 12:41:15 Image size of job updated: 11730332
	11380  -  MemoryUsage of job (MB)
	11652280  -  ResidentSetSize of job (KB)
...
006 (112070720.001.000) 05/02 12:46:15 Image size of job updated: 12328684
	11964  -  MemoryUsage of job (MB)
	12250632  -  ResidentSetSize of job (KB)
...
006 (112070720.001.000) 05/02 12:51:15 Image size of job updated: 12951420
	12572  -  MemoryUsage of job (MB)
	12873368  -  ResidentSetSize of job (KB)
...
006 (112070720.001.000) 05/02 12:56:16 Image size of job updated: 13608144
	13213  -  MemoryUsage of job (MB)
	13530092  -  ResidentSetSize of job (KB)
...
006 (112070720.001.000) 05/02 13:01:16 Image size of job updated: 14291096
	13880  -  MemoryUsage of job (MB)
	14213044  -  ResidentSetSize of job (KB)
...
006 (112070720.001.000) 05/02 13:06:16 Image size of job updated: 14899224
	14474  -  MemoryUsage of job (MB)
	14821172  -  ResidentSetSize of job (KB)
...
006 (112070720.001.000) 05/02 13:11:17 Image size of job updated: 15484756
	15043  -  MemoryUsage of job (MB)
	15403900  -  ResidentSetSize of job (KB)
...
006 (112070720.001.000) 05/02 13:16:18 Image size of job updated: 16214876
	15752  -  MemoryUsage of job (MB)
	16129936  -  ResidentSetSize of job (KB)
...
006 (112070720.001.000) 05/02 13:21:18 Image size of job updated: 16839104
	16361  -  MemoryUsage of job (MB)
	16752900  -  ResidentSetSize of job (KB)
...
006 (112070720.001.000) 05/02 13:26:18 Image size of job updated: 17496096
	17000  -  MemoryUsage of job (MB)
	17407624  -  ResidentSetSize of job (KB)
...
006 (112070720.001.000) 05/02 13:31:19 Image size of job updated: 18182684
	17667  -  MemoryUsage of job (MB)
	18090372  -  ResidentSetSize of job (KB)
...
006 (112070720.001.000) 05/02 13:36:20 Image size of job updated: 18862868
	18322  -  MemoryUsage of job (MB)
	18761500  -  ResidentSetSize of job (KB)
...
006 (112070720.001.000) 05/02 13:41:20 Image size of job updated: 19533684
	18962  -  MemoryUsage of job (MB)
	19416952  -  ResidentSetSize of job (KB)
...
006 (112070720.001.000) 05/02 13:46:21 Image size of job updated: 20164728
	19558  -  MemoryUsage of job (MB)
	20027332  -  ResidentSetSize of job (KB)
...
006 (112070720.001.000) 05/02 13:51:21 Image size of job updated: 20850812
	20162  -  MemoryUsage of job (MB)
	20645320  -  ResidentSetSize of job (KB)
...
006 (112070720.001.000) 05/02 13:56:22 Image size of job updated: 21454736
	20445  -  MemoryUsage of job (MB)
	20934680  -  ResidentSetSize of job (KB)
...
006 (112070720.001.000) 05/02 14:01:23 Image size of job updated: 22080476
	20457  -  MemoryUsage of job (MB)
	20947312  -  ResidentSetSize of job (KB)
...
006 (112070720.001.000) 05/02 14:06:23 Image size of job updated: 22663208
	20457  -  MemoryUsage of job (MB)
	20947312  -  ResidentSetSize of job (KB)
...
006 (112070720.001.000) 05/02 14:09:42 Image size of job updated: 23072500
	20457  -  MemoryUsage of job (MB)
	20947312  -  ResidentSetSize of job (KB)
...
005 (112070720.001.000) 05/02 14:09:43 Job terminated.
	(1) Normal termination (return value 0)
		Usr 0 02:41:47, Sys 0 00:02:38  -  Run Remote Usage
		Usr 0 00:00:00, Sys 0 00:00:00  -  Run Local Usage
		Usr 0 02:41:47, Sys 0 00:02:38  -  Total Remote Usage
		Usr 0 00:00:00, Sys 0 00:00:00  -  Total Local Usage
	22509612  -  Run Bytes Sent By Job
	1780305536  -  Run Bytes Received By Job
	22509612  -  Total Bytes Sent By Job
	1780305536  -  Total Bytes Received By Job
	Partitionable Resources :      Usage  Request Allocated 
	   Cpus                 :       0.77        1         1 
	   Disk (KB)            : 6851732    20971520  21262372 
	   Ioheavy              :                             0 
	   Memory (MB)          :   20457       20480     20480 
...
