000 (112070733.172.000) 05/02 11:03:23 Job submitted from host: <128.104.100.44:9618?addrs=128.104.100.44-9618+[2607-f388-107c-501-90e2-baff-fe2c-2724]-9618&noUDP&sock=4699_0235_3>
...
001 (112070733.172.000) 05/03 06:47:02 Job executing on host: <128.105.245.248:9618?addrs=128.105.245.248-9618&noUDP&sock=5505_8cf3_29>
...
006 (112070733.172.000) 05/03 06:47:15 Image size of job updated: 648
	1  -  MemoryUsage of job (MB)
	624  -  ResidentSetSize of job (KB)
...
006 (112070733.172.000) 05/03 06:53:34 Image size of job updated: 652
	1  -  MemoryUsage of job (MB)
	628  -  ResidentSetSize of job (KB)
...
006 (112070733.172.000) 05/03 07:12:04 Image size of job updated: 656
	1  -  MemoryUsage of job (MB)
	632  -  ResidentSetSize of job (KB)
...
006 (112070733.172.000) 05/03 07:17:20 Image size of job updated: 672
	1  -  MemoryUsage of job (MB)
	648  -  ResidentSetSize of job (KB)
...
006 (112070733.172.000) 05/03 07:23:00 Image size of job updated: 676
	1  -  MemoryUsage of job (MB)
	652  -  ResidentSetSize of job (KB)
...
006 (112070733.172.000) 05/03 07:33:13 Image size of job updated: 680
	1  -  MemoryUsage of job (MB)
	656  -  ResidentSetSize of job (KB)
...
006 (112070733.172.000) 05/03 07:48:11 Image size of job updated: 684
	1  -  MemoryUsage of job (MB)
	660  -  ResidentSetSize of job (KB)
...
006 (112070733.172.000) 05/03 07:58:12 Image size of job updated: 688
	1  -  MemoryUsage of job (MB)
	664  -  ResidentSetSize of job (KB)
...
006 (112070733.172.000) 05/03 08:03:15 Image size of job updated: 692
	1  -  MemoryUsage of job (MB)
	668  -  ResidentSetSize of job (KB)
...
006 (112070733.172.000) 05/03 08:28:10 Image size of job updated: 289844
	207  -  MemoryUsage of job (MB)
	211824  -  ResidentSetSize of job (KB)
...
006 (112070733.172.000) 05/03 08:33:10 Image size of job updated: 429780
	344  -  MemoryUsage of job (MB)
	351760  -  ResidentSetSize of job (KB)
...
006 (112070733.172.000) 05/03 08:38:11 Image size of job updated: 646868
	556  -  MemoryUsage of job (MB)
	568848  -  ResidentSetSize of job (KB)
...
006 (112070733.172.000) 05/03 08:43:12 Image size of job updated: 816708
	722  -  MemoryUsage of job (MB)
	738632  -  ResidentSetSize of job (KB)
...
006 (112070733.172.000) 05/03 08:48:13 Image size of job updated: 1044456
	944  -  MemoryUsage of job (MB)
	966380  -  ResidentSetSize of job (KB)
...
006 (112070733.172.000) 05/03 08:53:13 Image size of job updated: 1259276
	1154  -  MemoryUsage of job (MB)
	1181200  -  ResidentSetSize of job (KB)
...
006 (112070733.172.000) 05/03 08:58:13 Image size of job updated: 1449580
	1340  -  MemoryUsage of job (MB)
	1371504  -  ResidentSetSize of job (KB)
...
