000 (112070733.145.000) 05/02 11:03:23 Job submitted from host: <128.104.100.44:9618?addrs=128.104.100.44-9618+[2607-f388-107c-501-90e2-baff-fe2c-2724]-9618&noUDP&sock=4699_0235_3>
...
001 (112070733.145.000) 05/03 06:24:38 Job executing on host: <128.105.245.210:9618?addrs=128.105.245.210-9618&noUDP&sock=5438_981b_29>
...
006 (112070733.145.000) 05/03 06:24:46 Image size of job updated: 624
	1  -  MemoryUsage of job (MB)
	624  -  ResidentSetSize of job (KB)
...
006 (112070733.145.000) 05/03 06:29:47 Image size of job updated: 648
	1  -  MemoryUsage of job (MB)
	648  -  ResidentSetSize of job (KB)
...
006 (112070733.145.000) 05/03 06:39:49 Image size of job updated: 656
	1  -  MemoryUsage of job (MB)
	656  -  ResidentSetSize of job (KB)
...
006 (112070733.145.000) 05/03 06:44:50 Image size of job updated: 664
	1  -  MemoryUsage of job (MB)
	664  -  ResidentSetSize of job (KB)
...
006 (112070733.145.000) 05/03 06:49:51 Image size of job updated: 544860
	456  -  MemoryUsage of job (MB)
	466864  -  ResidentSetSize of job (KB)
...
006 (112070733.145.000) 05/03 06:54:52 Image size of job updated: 930148
	833  -  MemoryUsage of job (MB)
	852096  -  ResidentSetSize of job (KB)
...
006 (112070733.145.000) 05/03 06:59:52 Image size of job updated: 1467908
	1358  -  MemoryUsage of job (MB)
	1389856  -  ResidentSetSize of job (KB)
...
006 (112070733.145.000) 05/03 07:04:52 Image size of job updated: 2068828
	1945  -  MemoryUsage of job (MB)
	1990776  -  ResidentSetSize of job (KB)
...
006 (112070733.145.000) 05/03 07:09:53 Image size of job updated: 2619164
	2482  -  MemoryUsage of job (MB)
	2541112  -  ResidentSetSize of job (KB)
...
006 (112070733.145.000) 05/03 07:14:53 Image size of job updated: 3154268
	3005  -  MemoryUsage of job (MB)
	3076216  -  ResidentSetSize of job (KB)
...
006 (112070733.145.000) 05/03 07:19:53 Image size of job updated: 3713648
	3551  -  MemoryUsage of job (MB)
	3635596  -  ResidentSetSize of job (KB)
...
006 (112070733.145.000) 05/03 07:24:54 Image size of job updated: 4454788
	4275  -  MemoryUsage of job (MB)
	4376736  -  ResidentSetSize of job (KB)
...
006 (112070733.145.000) 05/03 07:29:54 Image size of job updated: 5292156
	5092  -  MemoryUsage of job (MB)
	5214104  -  ResidentSetSize of job (KB)
...
006 (112070733.145.000) 05/03 07:34:56 Image size of job updated: 6207396
	5986  -  MemoryUsage of job (MB)
	6129344  -  ResidentSetSize of job (KB)
...
006 (112070733.145.000) 05/03 07:39:55 Image size of job updated: 6901684
	6664  -  MemoryUsage of job (MB)
	6823632  -  ResidentSetSize of job (KB)
...
006 (112070733.145.000) 05/03 07:44:55 Image size of job updated: 7715948
	7459  -  MemoryUsage of job (MB)
	7637896  -  ResidentSetSize of job (KB)
...
006 (112070733.145.000) 05/03 07:49:56 Image size of job updated: 8495020
	8220  -  MemoryUsage of job (MB)
	8416968  -  ResidentSetSize of job (KB)
...
006 (112070733.145.000) 05/03 07:54:56 Image size of job updated: 9221808
	8930  -  MemoryUsage of job (MB)
	9143756  -  ResidentSetSize of job (KB)
...
006 (112070733.145.000) 05/03 07:59:58 Image size of job updated: 9971608
	9662  -  MemoryUsage of job (MB)
	9893556  -  ResidentSetSize of job (KB)
...
006 (112070733.145.000) 05/03 08:04:58 Image size of job updated: 10681116
	10355  -  MemoryUsage of job (MB)
	10603064  -  ResidentSetSize of job (KB)
...
006 (112070733.145.000) 05/03 08:09:58 Image size of job updated: 11422064
	11079  -  MemoryUsage of job (MB)
	11344012  -  ResidentSetSize of job (KB)
...
006 (112070733.145.000) 05/03 08:14:58 Image size of job updated: 12148296
	11788  -  MemoryUsage of job (MB)
	12070244  -  ResidentSetSize of job (KB)
...
006 (112070733.145.000) 05/03 08:19:59 Image size of job updated: 12811900
	12436  -  MemoryUsage of job (MB)
	12733848  -  ResidentSetSize of job (KB)
...
006 (112070733.145.000) 05/03 08:24:59 Image size of job updated: 13570800
	13177  -  MemoryUsage of job (MB)
	13492748  -  ResidentSetSize of job (KB)
...
006 (112070733.145.000) 05/03 08:29:59 Image size of job updated: 14306088
	13895  -  MemoryUsage of job (MB)
	14228036  -  ResidentSetSize of job (KB)
...
006 (112070733.145.000) 05/03 08:35:01 Image size of job updated: 15008648
	14581  -  MemoryUsage of job (MB)
	14930596  -  ResidentSetSize of job (KB)
...
006 (112070733.145.000) 05/03 08:40:01 Image size of job updated: 15731104
	15287  -  MemoryUsage of job (MB)
	15653052  -  ResidentSetSize of job (KB)
...
006 (112070733.145.000) 05/03 08:45:01 Image size of job updated: 16331184
	15873  -  MemoryUsage of job (MB)
	16253132  -  ResidentSetSize of job (KB)
...
006 (112070733.145.000) 05/03 08:50:03 Image size of job updated: 17087252
	16611  -  MemoryUsage of job (MB)
	17008772  -  ResidentSetSize of job (KB)
...
006 (112070733.145.000) 05/03 08:55:03 Image size of job updated: 17679980
	17188  -  MemoryUsage of job (MB)
	17600380  -  ResidentSetSize of job (KB)
...
