000 (112070720.021.000) 05/02 11:02:36 Job submitted from host: <128.104.100.44:9618?addrs=128.104.100.44-9618+[2607-f388-107c-501-90e2-baff-fe2c-2724]-9618&noUDP&sock=4699_0235_3>
...
001 (112070720.021.000) 05/02 11:12:54 Job executing on host: <128.105.245.178:9618?addrs=128.105.245.178-9618&noUDP&sock=5426_5cf8_29>
...
006 (112070720.021.000) 05/02 11:13:03 Image size of job updated: 628
	1  -  MemoryUsage of job (MB)
	628  -  ResidentSetSize of job (KB)
...
006 (112070720.021.000) 05/02 11:18:05 Image size of job updated: 660
	1  -  MemoryUsage of job (MB)
	660  -  ResidentSetSize of job (KB)
...
006 (112070720.021.000) 05/02 11:23:05 Image size of job updated: 405628
	320  -  MemoryUsage of job (MB)
	327636  -  ResidentSetSize of job (KB)
...
006 (112070720.021.000) 05/02 11:28:05 Image size of job updated: 820112
	725  -  MemoryUsage of job (MB)
	742060  -  ResidentSetSize of job (KB)
...
006 (112070720.021.000) 05/02 11:33:06 Image size of job updated: 1306124
	1200  -  MemoryUsage of job (MB)
	1228072  -  ResidentSetSize of job (KB)
...
006 (112070720.021.000) 05/02 11:38:07 Image size of job updated: 1926064
	1805  -  MemoryUsage of job (MB)
	1848012  -  ResidentSetSize of job (KB)
...
006 (112070720.021.000) 05/02 11:43:07 Image size of job updated: 2681484
	2543  -  MemoryUsage of job (MB)
	2603432  -  ResidentSetSize of job (KB)
...
006 (112070720.021.000) 05/02 11:48:07 Image size of job updated: 3613232
	3453  -  MemoryUsage of job (MB)
	3535180  -  ResidentSetSize of job (KB)
...
006 (112070720.021.000) 05/02 11:53:08 Image size of job updated: 4467496
	4287  -  MemoryUsage of job (MB)
	4389444  -  ResidentSetSize of job (KB)
...
006 (112070720.021.000) 05/02 11:58:09 Image size of job updated: 5287292
	5088  -  MemoryUsage of job (MB)
	5209240  -  ResidentSetSize of job (KB)
...
006 (112070720.021.000) 05/02 12:03:09 Image size of job updated: 6247392
	6025  -  MemoryUsage of job (MB)
	6169340  -  ResidentSetSize of job (KB)
...
006 (112070720.021.000) 05/02 12:08:09 Image size of job updated: 7095752
	6854  -  MemoryUsage of job (MB)
	7017700  -  ResidentSetSize of job (KB)
...
006 (112070720.021.000) 05/02 12:13:10 Image size of job updated: 7942396
	7681  -  MemoryUsage of job (MB)
	7864344  -  ResidentSetSize of job (KB)
...
006 (112070720.021.000) 05/02 12:18:11 Image size of job updated: 8835420
	8553  -  MemoryUsage of job (MB)
	8757368  -  ResidentSetSize of job (KB)
...
006 (112070720.021.000) 05/02 12:23:11 Image size of job updated: 9625956
	9325  -  MemoryUsage of job (MB)
	9547904  -  ResidentSetSize of job (KB)
...
006 (112070720.021.000) 05/02 12:28:11 Image size of job updated: 10369516
	10051  -  MemoryUsage of job (MB)
	10291464  -  ResidentSetSize of job (KB)
...
006 (112070720.021.000) 05/02 12:33:12 Image size of job updated: 11114396
	10778  -  MemoryUsage of job (MB)
	11036344  -  ResidentSetSize of job (KB)
...
006 (112070720.021.000) 05/02 12:38:13 Image size of job updated: 11921988
	11567  -  MemoryUsage of job (MB)
	11843936  -  ResidentSetSize of job (KB)
...
006 (112070720.021.000) 05/02 12:43:13 Image size of job updated: 12699084
	12326  -  MemoryUsage of job (MB)
	12621032  -  ResidentSetSize of job (KB)
...
006 (112070720.021.000) 05/02 12:48:13 Image size of job updated: 13479460
	13088  -  MemoryUsage of job (MB)
	13401408  -  ResidentSetSize of job (KB)
...
006 (112070720.021.000) 05/02 12:53:14 Image size of job updated: 14263708
	13854  -  MemoryUsage of job (MB)
	14185656  -  ResidentSetSize of job (KB)
...
006 (112070720.021.000) 05/02 12:58:15 Image size of job updated: 14974776
	14548  -  MemoryUsage of job (MB)
	14896724  -  ResidentSetSize of job (KB)
...
006 (112070720.021.000) 05/02 13:03:15 Image size of job updated: 15756444
	15311  -  MemoryUsage of job (MB)
	15678392  -  ResidentSetSize of job (KB)
...
006 (112070720.021.000) 05/02 13:08:17 Image size of job updated: 16486960
	16024  -  MemoryUsage of job (MB)
	16408104  -  ResidentSetSize of job (KB)
...
006 (112070720.021.000) 05/02 13:13:17 Image size of job updated: 17310072
	16826  -  MemoryUsage of job (MB)
	17229464  -  ResidentSetSize of job (KB)
...
006 (112070720.021.000) 05/02 13:18:17 Image size of job updated: 18024900
	17521  -  MemoryUsage of job (MB)
	17941248  -  ResidentSetSize of job (KB)
...
006 (112070720.021.000) 05/02 13:23:18 Image size of job updated: 18862508
	18336  -  MemoryUsage of job (MB)
	18775716  -  ResidentSetSize of job (KB)
...
006 (112070720.021.000) 05/02 13:28:20 Image size of job updated: 19575480
	19029  -  MemoryUsage of job (MB)
	19485180  -  ResidentSetSize of job (KB)
...
006 (112070720.021.000) 05/02 13:33:20 Image size of job updated: 20281820
	19689  -  MemoryUsage of job (MB)
	20161368  -  ResidentSetSize of job (KB)
...
006 (112070720.021.000) 05/02 13:38:20 Image size of job updated: 21175596
	20351  -  MemoryUsage of job (MB)
	20838580  -  ResidentSetSize of job (KB)
...
006 (112070720.021.000) 05/02 13:43:21 Image size of job updated: 21835812
	20436  -  MemoryUsage of job (MB)
	20926364  -  ResidentSetSize of job (KB)
...
006 (112070720.021.000) 05/02 13:48:22 Image size of job updated: 22512136
	20448  -  MemoryUsage of job (MB)
	20938300  -  ResidentSetSize of job (KB)
...
006 (112070720.021.000) 05/02 13:52:29 Image size of job updated: 22512136
	20448  -  MemoryUsage of job (MB)
	20938536  -  ResidentSetSize of job (KB)
...
005 (112070720.021.000) 05/02 13:52:32 Job terminated.
	(1) Normal termination (return value 0)
		Usr 0 02:25:21, Sys 0 00:02:20  -  Run Remote Usage
		Usr 0 00:00:00, Sys 0 00:00:00  -  Run Local Usage
		Usr 0 02:25:21, Sys 0 00:02:20  -  Total Remote Usage
		Usr 0 00:00:00, Sys 0 00:00:00  -  Total Local Usage
	22516332  -  Run Bytes Sent By Job
	1780305536  -  Run Bytes Received By Job
	22516332  -  Total Bytes Sent By Job
	1780305536  -  Total Bytes Received By Job
	Partitionable Resources :      Usage  Request Allocated 
	   Cpus                 :       0.93        1         1 
	   Disk (KB)            : 6851739    20971520  21281751 
	   Ioheavy              :                             0 
	   Memory (MB)          :   20448       20480     20480 
...
