000 (112070720.003.000) 05/02 11:02:36 Job submitted from host: <128.104.100.44:9618?addrs=128.104.100.44-9618+[2607-f388-107c-501-90e2-baff-fe2c-2724]-9618&noUDP&sock=4699_0235_3>
...
001 (112070720.003.000) 05/02 11:10:33 Job executing on host: <128.105.245.169:9618?addrs=128.105.245.169-9618&noUDP&sock=5489_936f_3>
...
006 (112070720.003.000) 05/02 11:10:41 Image size of job updated: 632
	1  -  MemoryUsage of job (MB)
	632  -  ResidentSetSize of job (KB)
...
006 (112070720.003.000) 05/02 11:15:42 Image size of job updated: 672
	1  -  MemoryUsage of job (MB)
	672  -  ResidentSetSize of job (KB)
...
006 (112070720.003.000) 05/02 11:20:43 Image size of job updated: 569980
	481  -  MemoryUsage of job (MB)
	491988  -  ResidentSetSize of job (KB)
...
006 (112070720.003.000) 05/02 11:25:43 Image size of job updated: 1011844
	912  -  MemoryUsage of job (MB)
	933792  -  ResidentSetSize of job (KB)
...
006 (112070720.003.000) 05/02 11:30:43 Image size of job updated: 1554600
	1442  -  MemoryUsage of job (MB)
	1476548  -  ResidentSetSize of job (KB)
...
006 (112070720.003.000) 05/02 11:35:44 Image size of job updated: 2210504
	2083  -  MemoryUsage of job (MB)
	2132452  -  ResidentSetSize of job (KB)
...
006 (112070720.003.000) 05/02 11:40:45 Image size of job updated: 2890280
	2747  -  MemoryUsage of job (MB)
	2812228  -  ResidentSetSize of job (KB)
...
006 (112070720.003.000) 05/02 11:45:45 Image size of job updated: 3701448
	3539  -  MemoryUsage of job (MB)
	3623396  -  ResidentSetSize of job (KB)
...
006 (112070720.003.000) 05/02 11:50:45 Image size of job updated: 4569796
	4387  -  MemoryUsage of job (MB)
	4491744  -  ResidentSetSize of job (KB)
...
006 (112070720.003.000) 05/02 11:55:45 Image size of job updated: 5306292
	5106  -  MemoryUsage of job (MB)
	5228240  -  ResidentSetSize of job (KB)
...
006 (112070720.003.000) 05/02 12:00:47 Image size of job updated: 6204732
	5984  -  MemoryUsage of job (MB)
	6126680  -  ResidentSetSize of job (KB)
...
006 (112070720.003.000) 05/02 12:05:47 Image size of job updated: 6921436
	6683  -  MemoryUsage of job (MB)
	6843384  -  ResidentSetSize of job (KB)
...
006 (112070720.003.000) 05/02 12:10:48 Image size of job updated: 7709180
	7453  -  MemoryUsage of job (MB)
	7631128  -  ResidentSetSize of job (KB)
...
006 (112070720.003.000) 05/02 12:15:49 Image size of job updated: 8488360
	8214  -  MemoryUsage of job (MB)
	8410308  -  ResidentSetSize of job (KB)
...
006 (112070720.003.000) 05/02 12:20:50 Image size of job updated: 9192880
	8902  -  MemoryUsage of job (MB)
	9114828  -  ResidentSetSize of job (KB)
...
006 (112070720.003.000) 05/02 12:25:50 Image size of job updated: 9917900
	9610  -  MemoryUsage of job (MB)
	9839848  -  ResidentSetSize of job (KB)
...
006 (112070720.003.000) 05/02 12:30:51 Image size of job updated: 10590052
	10266  -  MemoryUsage of job (MB)
	10512000  -  ResidentSetSize of job (KB)
...
006 (112070720.003.000) 05/02 12:35:52 Image size of job updated: 11291780
	10951  -  MemoryUsage of job (MB)
	11213728  -  ResidentSetSize of job (KB)
...
006 (112070720.003.000) 05/02 12:40:53 Image size of job updated: 11959836
	11604  -  MemoryUsage of job (MB)
	11881784  -  ResidentSetSize of job (KB)
...
006 (112070720.003.000) 05/02 12:45:53 Image size of job updated: 12691932
	12319  -  MemoryUsage of job (MB)
	12613880  -  ResidentSetSize of job (KB)
...
006 (112070720.003.000) 05/02 12:50:54 Image size of job updated: 13415724
	13026  -  MemoryUsage of job (MB)
	13337672  -  ResidentSetSize of job (KB)
...
006 (112070720.003.000) 05/02 12:55:55 Image size of job updated: 14044992
	13640  -  MemoryUsage of job (MB)
	13966940  -  ResidentSetSize of job (KB)
...
006 (112070720.003.000) 05/02 13:00:55 Image size of job updated: 14767788
	14346  -  MemoryUsage of job (MB)
	14689736  -  ResidentSetSize of job (KB)
...
006 (112070720.003.000) 05/02 13:05:55 Image size of job updated: 15456716
	15019  -  MemoryUsage of job (MB)
	15378664  -  ResidentSetSize of job (KB)
...
006 (112070720.003.000) 05/02 13:10:56 Image size of job updated: 16136928
	15681  -  MemoryUsage of job (MB)
	16057068  -  ResidentSetSize of job (KB)
...
006 (112070720.003.000) 05/02 13:15:58 Image size of job updated: 16800232
	16319  -  MemoryUsage of job (MB)
	16710480  -  ResidentSetSize of job (KB)
...
006 (112070720.003.000) 05/02 13:20:58 Image size of job updated: 17531592
	17016  -  MemoryUsage of job (MB)
	17424368  -  ResidentSetSize of job (KB)
...
006 (112070720.003.000) 05/02 13:25:58 Image size of job updated: 18235548
	17679  -  MemoryUsage of job (MB)
	18103180  -  ResidentSetSize of job (KB)
...
006 (112070720.003.000) 05/02 13:30:59 Image size of job updated: 18934248
	18334  -  MemoryUsage of job (MB)
	18773004  -  ResidentSetSize of job (KB)
...
006 (112070720.003.000) 05/02 13:36:00 Image size of job updated: 19754616
	19116  -  MemoryUsage of job (MB)
	19573848  -  ResidentSetSize of job (KB)
...
006 (112070720.003.000) 05/02 13:41:00 Image size of job updated: 20449996
	19712  -  MemoryUsage of job (MB)
	20184228  -  ResidentSetSize of job (KB)
...
006 (112070720.003.000) 05/02 13:46:01 Image size of job updated: 21165452
	20194  -  MemoryUsage of job (MB)
	20678588  -  ResidentSetSize of job (KB)
...
006 (112070720.003.000) 05/02 13:51:02 Image size of job updated: 21781028
	20436  -  MemoryUsage of job (MB)
	20926292  -  ResidentSetSize of job (KB)
...
006 (112070720.003.000) 05/02 13:56:02 Image size of job updated: 22463996
	20458  -  MemoryUsage of job (MB)
	20948732  -  ResidentSetSize of job (KB)
...
006 (112070720.003.000) 05/02 14:01:03 Image size of job updated: 22954964
	20458  -  MemoryUsage of job (MB)
	20948732  -  ResidentSetSize of job (KB)
...
006 (112070720.003.000) 05/02 14:02:03 Image size of job updated: 23077460
	20458  -  MemoryUsage of job (MB)
	20948732  -  ResidentSetSize of job (KB)
...
005 (112070720.003.000) 05/02 14:02:04 Job terminated.
	(1) Normal termination (return value 0)
		Usr 0 02:37:11, Sys 0 00:02:22  -  Run Remote Usage
		Usr 0 00:00:00, Sys 0 00:00:00  -  Run Local Usage
		Usr 0 02:37:11, Sys 0 00:02:22  -  Total Remote Usage
		Usr 0 00:00:00, Sys 0 00:00:00  -  Total Local Usage
	22395784  -  Run Bytes Sent By Job
	1780305536  -  Run Bytes Received By Job
	22395784  -  Total Bytes Sent By Job
	1780305536  -  Total Bytes Received By Job
	Partitionable Resources :      Usage  Request Allocated 
	   Cpus                 :       0.97        1         1 
	   Disk (KB)            : 6851621    20971520  21141097 
	   Ioheavy              :                             0 
	   Memory (MB)          :   20458       20480     20480 
...
