000 (112070733.193.000) 05/02 11:03:23 Job submitted from host: <128.104.100.44:9618?addrs=128.104.100.44-9618+[2607-f388-107c-501-90e2-baff-fe2c-2724]-9618&noUDP&sock=4699_0235_3>
...
001 (112070733.193.000) 05/03 06:57:36 Job executing on host: <128.105.245.196:9618?addrs=128.105.245.196-9618&noUDP&sock=5432_7a89_29>
...
006 (112070733.193.000) 05/03 06:57:46 Image size of job updated: 632
	1  -  MemoryUsage of job (MB)
	632  -  ResidentSetSize of job (KB)
...
006 (112070733.193.000) 05/03 07:02:47 Image size of job updated: 656
	1  -  MemoryUsage of job (MB)
	656  -  ResidentSetSize of job (KB)
...
006 (112070733.193.000) 05/03 07:07:47 Image size of job updated: 660
	1  -  MemoryUsage of job (MB)
	660  -  ResidentSetSize of job (KB)
...
006 (112070733.193.000) 05/03 07:12:49 Image size of job updated: 317856
	235  -  MemoryUsage of job (MB)
	239860  -  ResidentSetSize of job (KB)
...
006 (112070733.193.000) 05/03 07:17:49 Image size of job updated: 665128
	574  -  MemoryUsage of job (MB)
	587132  -  ResidentSetSize of job (KB)
...
006 (112070733.193.000) 05/03 07:22:49 Image size of job updated: 1163880
	1061  -  MemoryUsage of job (MB)
	1085828  -  ResidentSetSize of job (KB)
...
006 (112070733.193.000) 05/03 07:27:51 Image size of job updated: 1708880
	1593  -  MemoryUsage of job (MB)
	1630828  -  ResidentSetSize of job (KB)
...
006 (112070733.193.000) 05/03 07:32:51 Image size of job updated: 2265768
	2137  -  MemoryUsage of job (MB)
	2187716  -  ResidentSetSize of job (KB)
...
006 (112070733.193.000) 05/03 07:37:51 Image size of job updated: 2892640
	2749  -  MemoryUsage of job (MB)
	2814588  -  ResidentSetSize of job (KB)
...
006 (112070733.193.000) 05/03 07:42:53 Image size of job updated: 3672644
	3511  -  MemoryUsage of job (MB)
	3594592  -  ResidentSetSize of job (KB)
...
006 (112070733.193.000) 05/03 07:47:53 Image size of job updated: 4425604
	4246  -  MemoryUsage of job (MB)
	4347552  -  ResidentSetSize of job (KB)
...
006 (112070733.193.000) 05/03 07:52:53 Image size of job updated: 5186020
	4989  -  MemoryUsage of job (MB)
	5107968  -  ResidentSetSize of job (KB)
...
006 (112070733.193.000) 05/03 07:57:54 Image size of job updated: 5937344
	5722  -  MemoryUsage of job (MB)
	5859292  -  ResidentSetSize of job (KB)
...
006 (112070733.193.000) 05/03 08:02:54 Image size of job updated: 6705192
	6472  -  MemoryUsage of job (MB)
	6627140  -  ResidentSetSize of job (KB)
...
006 (112070733.193.000) 05/03 08:07:54 Image size of job updated: 7414116
	7165  -  MemoryUsage of job (MB)
	7336064  -  ResidentSetSize of job (KB)
...
006 (112070733.193.000) 05/03 08:12:55 Image size of job updated: 8176052
	7909  -  MemoryUsage of job (MB)
	8098000  -  ResidentSetSize of job (KB)
...
006 (112070733.193.000) 05/03 08:17:55 Image size of job updated: 8840368
	8557  -  MemoryUsage of job (MB)
	8762316  -  ResidentSetSize of job (KB)
...
006 (112070733.193.000) 05/03 08:22:56 Image size of job updated: 9449912
	9153  -  MemoryUsage of job (MB)
	9371860  -  ResidentSetSize of job (KB)
...
006 (112070733.193.000) 05/03 08:27:56 Image size of job updated: 9985052
	9675  -  MemoryUsage of job (MB)
	9907000  -  ResidentSetSize of job (KB)
...
006 (112070733.193.000) 05/03 08:32:57 Image size of job updated: 10565816
	10242  -  MemoryUsage of job (MB)
	10487764  -  ResidentSetSize of job (KB)
...
006 (112070733.193.000) 05/03 08:37:58 Image size of job updated: 11128356
	10792  -  MemoryUsage of job (MB)
	11050304  -  ResidentSetSize of job (KB)
...
006 (112070733.193.000) 05/03 08:42:58 Image size of job updated: 11789656
	11438  -  MemoryUsage of job (MB)
	11711604  -  ResidentSetSize of job (KB)
...
006 (112070733.193.000) 05/03 08:47:59 Image size of job updated: 12391252
	12025  -  MemoryUsage of job (MB)
	12313200  -  ResidentSetSize of job (KB)
...
006 (112070733.193.000) 05/03 08:53:00 Image size of job updated: 12996180
	12616  -  MemoryUsage of job (MB)
	12918128  -  ResidentSetSize of job (KB)
...
006 (112070733.193.000) 05/03 08:58:00 Image size of job updated: 13615296
	13220  -  MemoryUsage of job (MB)
	13537244  -  ResidentSetSize of job (KB)
...
