000 (112070733.025.000) 05/02 11:03:23 Job submitted from host: <128.104.100.44:9618?addrs=128.104.100.44-9618+[2607-f388-107c-501-90e2-baff-fe2c-2724]-9618&noUDP&sock=4699_0235_3>
...
001 (112070733.025.000) 05/03 03:25:01 Job executing on host: <128.105.245.198:9618?addrs=128.105.245.198-9618&noUDP&sock=25034_d1fb_29>
...
006 (112070733.025.000) 05/03 03:25:10 Image size of job updated: 620
	1  -  MemoryUsage of job (MB)
	620  -  ResidentSetSize of job (KB)
...
006 (112070733.025.000) 05/03 03:30:16 Image size of job updated: 652
	1  -  MemoryUsage of job (MB)
	652  -  ResidentSetSize of job (KB)
...
006 (112070733.025.000) 05/03 03:35:39 Image size of job updated: 656
	1  -  MemoryUsage of job (MB)
	656  -  ResidentSetSize of job (KB)
...
006 (112070733.025.000) 05/03 03:40:13 Image size of job updated: 185164
	108  -  MemoryUsage of job (MB)
	110284  -  ResidentSetSize of job (KB)
...
006 (112070733.025.000) 05/03 03:45:13 Image size of job updated: 610660
	521  -  MemoryUsage of job (MB)
	532664  -  ResidentSetSize of job (KB)
...
006 (112070733.025.000) 05/03 03:50:13 Image size of job updated: 1025444
	926  -  MemoryUsage of job (MB)
	947392  -  ResidentSetSize of job (KB)
...
006 (112070733.025.000) 05/03 03:55:15 Image size of job updated: 1464852
	1355  -  MemoryUsage of job (MB)
	1386800  -  ResidentSetSize of job (KB)
...
006 (112070733.025.000) 05/03 04:00:15 Image size of job updated: 1975732
	1854  -  MemoryUsage of job (MB)
	1897680  -  ResidentSetSize of job (KB)
...
006 (112070733.025.000) 05/03 04:05:15 Image size of job updated: 2625756
	2488  -  MemoryUsage of job (MB)
	2547704  -  ResidentSetSize of job (KB)
...
006 (112070733.025.000) 05/03 04:10:16 Image size of job updated: 3478320
	3321  -  MemoryUsage of job (MB)
	3400268  -  ResidentSetSize of job (KB)
...
006 (112070733.025.000) 05/03 04:15:17 Image size of job updated: 4364392
	4186  -  MemoryUsage of job (MB)
	4286340  -  ResidentSetSize of job (KB)
...
006 (112070733.025.000) 05/03 04:20:17 Image size of job updated: 5026120
	4833  -  MemoryUsage of job (MB)
	4948068  -  ResidentSetSize of job (KB)
...
006 (112070733.025.000) 05/03 04:25:17 Image size of job updated: 5813988
	5602  -  MemoryUsage of job (MB)
	5735936  -  ResidentSetSize of job (KB)
...
006 (112070733.025.000) 05/03 04:30:18 Image size of job updated: 6687240
	6455  -  MemoryUsage of job (MB)
	6609188  -  ResidentSetSize of job (KB)
...
006 (112070733.025.000) 05/03 04:35:18 Image size of job updated: 7514268
	7262  -  MemoryUsage of job (MB)
	7436216  -  ResidentSetSize of job (KB)
...
006 (112070733.025.000) 05/03 04:40:19 Image size of job updated: 8359876
	8088  -  MemoryUsage of job (MB)
	8281824  -  ResidentSetSize of job (KB)
...
006 (112070733.025.000) 05/03 04:45:19 Image size of job updated: 9182856
	8892  -  MemoryUsage of job (MB)
	9104804  -  ResidentSetSize of job (KB)
...
006 (112070733.025.000) 05/03 04:50:19 Image size of job updated: 9898192
	9590  -  MemoryUsage of job (MB)
	9820140  -  ResidentSetSize of job (KB)
...
006 (112070733.025.000) 05/03 04:55:20 Image size of job updated: 10543744
	10221  -  MemoryUsage of job (MB)
	10465692  -  ResidentSetSize of job (KB)
...
006 (112070733.025.000) 05/03 05:00:23 Image size of job updated: 11342724
	11001  -  MemoryUsage of job (MB)
	11264672  -  ResidentSetSize of job (KB)
...
006 (112070733.025.000) 05/03 05:05:21 Image size of job updated: 12128424
	11768  -  MemoryUsage of job (MB)
	12050372  -  ResidentSetSize of job (KB)
...
006 (112070733.025.000) 05/03 05:10:22 Image size of job updated: 12754956
	12380  -  MemoryUsage of job (MB)
	12676904  -  ResidentSetSize of job (KB)
...
006 (112070733.025.000) 05/03 05:15:24 Image size of job updated: 13374456
	12985  -  MemoryUsage of job (MB)
	13296404  -  ResidentSetSize of job (KB)
...
006 (112070733.025.000) 05/03 05:20:24 Image size of job updated: 14119764
	13713  -  MemoryUsage of job (MB)
	14041712  -  ResidentSetSize of job (KB)
...
006 (112070733.025.000) 05/03 05:25:25 Image size of job updated: 14945508
	14519  -  MemoryUsage of job (MB)
	14867456  -  ResidentSetSize of job (KB)
...
006 (112070733.025.000) 05/03 05:30:25 Image size of job updated: 15513364
	15074  -  MemoryUsage of job (MB)
	15435312  -  ResidentSetSize of job (KB)
...
006 (112070733.025.000) 05/03 05:35:26 Image size of job updated: 15993304
	15543  -  MemoryUsage of job (MB)
	15915252  -  ResidentSetSize of job (KB)
...
006 (112070733.025.000) 05/03 05:40:26 Image size of job updated: 16356332
	15897  -  MemoryUsage of job (MB)
	16277904  -  ResidentSetSize of job (KB)
...
006 (112070733.025.000) 05/03 05:45:27 Image size of job updated: 17029120
	16553  -  MemoryUsage of job (MB)
	16949316  -  ResidentSetSize of job (KB)
...
006 (112070733.025.000) 05/03 05:50:28 Image size of job updated: 17532324
	17043  -  MemoryUsage of job (MB)
	17451036  -  ResidentSetSize of job (KB)
...
006 (112070733.025.000) 05/03 05:55:28 Image size of job updated: 18027360
	17523  -  MemoryUsage of job (MB)
	17942556  -  ResidentSetSize of job (KB)
...
006 (112070733.025.000) 05/03 06:00:28 Image size of job updated: 18618472
	18091  -  MemoryUsage of job (MB)
	18524320  -  ResidentSetSize of job (KB)
...
006 (112070733.025.000) 05/03 06:05:29 Image size of job updated: 19140868
	18589  -  MemoryUsage of job (MB)
	19034780  -  ResidentSetSize of job (KB)
...
006 (112070733.025.000) 05/03 06:10:30 Image size of job updated: 19695248
	19114  -  MemoryUsage of job (MB)
	19572572  -  ResidentSetSize of job (KB)
...
006 (112070733.025.000) 05/03 06:15:30 Image size of job updated: 20134676
	19524  -  MemoryUsage of job (MB)
	19991896  -  ResidentSetSize of job (KB)
...
006 (112070733.025.000) 05/03 06:20:31 Image size of job updated: 20438144
	19790  -  MemoryUsage of job (MB)
	20263952  -  ResidentSetSize of job (KB)
...
006 (112070733.025.000) 05/03 06:25:31 Image size of job updated: 20697784
	20005  -  MemoryUsage of job (MB)
	20485112  -  ResidentSetSize of job (KB)
...
006 (112070733.025.000) 05/03 06:30:32 Image size of job updated: 20885224
	20145  -  MemoryUsage of job (MB)
	20627956  -  ResidentSetSize of job (KB)
...
006 (112070733.025.000) 05/03 06:35:33 Image size of job updated: 21130724
	20304  -  MemoryUsage of job (MB)
	20791200  -  ResidentSetSize of job (KB)
...
006 (112070733.025.000) 05/03 06:40:33 Image size of job updated: 21181556
	20326  -  MemoryUsage of job (MB)
	20813232  -  ResidentSetSize of job (KB)
...
006 (112070733.025.000) 05/03 06:45:35 Image size of job updated: 21239364
	20347  -  MemoryUsage of job (MB)
	20835288  -  ResidentSetSize of job (KB)
...
006 (112070733.025.000) 05/03 06:50:35 Image size of job updated: 21292604
	20355  -  MemoryUsage of job (MB)
	20842900  -  ResidentSetSize of job (KB)
...
006 (112070733.025.000) 05/03 06:55:35 Image size of job updated: 21432548
	20404  -  MemoryUsage of job (MB)
	20893000  -  ResidentSetSize of job (KB)
...
006 (112070733.025.000) 05/03 07:00:35 Image size of job updated: 21492960
	20413  -  MemoryUsage of job (MB)
	20902308  -  ResidentSetSize of job (KB)
...
006 (112070733.025.000) 05/03 07:05:35 Image size of job updated: 21562752
	20414  -  MemoryUsage of job (MB)
	20903280  -  ResidentSetSize of job (KB)
...
006 (112070733.025.000) 05/03 07:10:36 Image size of job updated: 21722768
	20453  -  MemoryUsage of job (MB)
	20943064  -  ResidentSetSize of job (KB)
...
006 (112070733.025.000) 05/03 07:15:37 Image size of job updated: 21826136
	20454  -  MemoryUsage of job (MB)
	20943944  -  ResidentSetSize of job (KB)
...
006 (112070733.025.000) 05/03 07:20:37 Image size of job updated: 22099836
	20454  -  MemoryUsage of job (MB)
	20943944  -  ResidentSetSize of job (KB)
...
006 (112070733.025.000) 05/03 07:25:37 Image size of job updated: 22296112
	20454  -  MemoryUsage of job (MB)
	20943944  -  ResidentSetSize of job (KB)
...
006 (112070733.025.000) 05/03 07:30:38 Image size of job updated: 22603044
	20454  -  MemoryUsage of job (MB)
	20943944  -  ResidentSetSize of job (KB)
...
006 (112070733.025.000) 05/03 07:35:38 Image size of job updated: 22898536
	20454  -  MemoryUsage of job (MB)
	20943944  -  ResidentSetSize of job (KB)
...
006 (112070733.025.000) 05/03 07:40:39 Image size of job updated: 22967224
	20454  -  MemoryUsage of job (MB)
	20943944  -  ResidentSetSize of job (KB)
...
006 (112070733.025.000) 05/03 07:45:40 Image size of job updated: 23077100
	20454  -  MemoryUsage of job (MB)
	20943944  -  ResidentSetSize of job (KB)
...
005 (112070733.025.000) 05/03 07:46:05 Job terminated.
	(1) Normal termination (return value 0)
		Usr 0 02:15:28, Sys 0 00:06:00  -  Run Remote Usage
		Usr 0 00:00:00, Sys 0 00:00:00  -  Run Local Usage
		Usr 0 02:15:28, Sys 0 00:06:00  -  Total Remote Usage
		Usr 0 00:00:00, Sys 0 00:00:00  -  Total Local Usage
	23114364  -  Run Bytes Sent By Job
	1780306432  -  Run Bytes Received By Job
	23114364  -  Total Bytes Sent By Job
	1780306432  -  Total Bytes Received By Job
	Partitionable Resources :      Usage  Request Allocated 
	   Cpus                 :       0.04        1         1 
	   Disk (KB)            : 6852323    20971520  21211709 
	   Ioheavy              :                             0 
	   Memory (MB)          :   20454       20480     20480 
...
