000 (112070733.003.000) 05/02 11:03:23 Job submitted from host: <128.104.100.44:9618?addrs=128.104.100.44-9618+[2607-f388-107c-501-90e2-baff-fe2c-2724]-9618&noUDP&sock=4699_0235_3>
...
001 (112070733.003.000) 05/03 02:57:13 Job executing on host: <128.105.245.167:9618?addrs=128.105.245.167-9618&noUDP&sock=5445_6544_7>
...
006 (112070733.003.000) 05/03 02:57:22 Image size of job updated: 648
	1  -  MemoryUsage of job (MB)
	624  -  ResidentSetSize of job (KB)
...
006 (112070733.003.000) 05/03 03:02:24 Image size of job updated: 668
	1  -  MemoryUsage of job (MB)
	644  -  ResidentSetSize of job (KB)
...
006 (112070733.003.000) 05/03 03:07:25 Image size of job updated: 672
	1  -  MemoryUsage of job (MB)
	648  -  ResidentSetSize of job (KB)
...
006 (112070733.003.000) 05/03 03:12:26 Image size of job updated: 688
	1  -  MemoryUsage of job (MB)
	664  -  ResidentSetSize of job (KB)
...
006 (112070733.003.000) 05/03 03:17:26 Image size of job updated: 622468
	532  -  MemoryUsage of job (MB)
	544448  -  ResidentSetSize of job (KB)
...
006 (112070733.003.000) 05/03 03:22:26 Image size of job updated: 1086048
	985  -  MemoryUsage of job (MB)
	1007972  -  ResidentSetSize of job (KB)
...
006 (112070733.003.000) 05/03 03:27:28 Image size of job updated: 1739684
	1623  -  MemoryUsage of job (MB)
	1661608  -  ResidentSetSize of job (KB)
...
006 (112070733.003.000) 05/03 03:32:28 Image size of job updated: 2456644
	2323  -  MemoryUsage of job (MB)
	2378568  -  ResidentSetSize of job (KB)
...
006 (112070733.003.000) 05/03 03:37:29 Image size of job updated: 3266492
	3114  -  MemoryUsage of job (MB)
	3188416  -  ResidentSetSize of job (KB)
...
006 (112070733.003.000) 05/03 03:42:30 Image size of job updated: 4187512
	4014  -  MemoryUsage of job (MB)
	4109436  -  ResidentSetSize of job (KB)
...
006 (112070733.003.000) 05/03 03:47:30 Image size of job updated: 5123140
	4927  -  MemoryUsage of job (MB)
	5045064  -  ResidentSetSize of job (KB)
...
006 (112070733.003.000) 05/03 03:52:30 Image size of job updated: 6091380
	5873  -  MemoryUsage of job (MB)
	6013304  -  ResidentSetSize of job (KB)
...
006 (112070733.003.000) 05/03 03:57:31 Image size of job updated: 7055756
	6815  -  MemoryUsage of job (MB)
	6977680  -  ResidentSetSize of job (KB)
...
006 (112070733.003.000) 05/03 04:02:32 Image size of job updated: 7921464
	7660  -  MemoryUsage of job (MB)
	7843388  -  ResidentSetSize of job (KB)
...
006 (112070733.003.000) 05/03 04:07:32 Image size of job updated: 8856404
	8573  -  MemoryUsage of job (MB)
	8778328  -  ResidentSetSize of job (KB)
...
006 (112070733.003.000) 05/03 04:12:33 Image size of job updated: 9645088
	9343  -  MemoryUsage of job (MB)
	9567012  -  ResidentSetSize of job (KB)
...
006 (112070733.003.000) 05/03 04:17:34 Image size of job updated: 10369784
	10051  -  MemoryUsage of job (MB)
	10291708  -  ResidentSetSize of job (KB)
...
006 (112070733.003.000) 05/03 04:22:34 Image size of job updated: 11069188
	10734  -  MemoryUsage of job (MB)
	10991112  -  ResidentSetSize of job (KB)
...
006 (112070733.003.000) 05/03 04:27:34 Image size of job updated: 11754460
	11403  -  MemoryUsage of job (MB)
	11676384  -  ResidentSetSize of job (KB)
...
006 (112070733.003.000) 05/03 04:32:35 Image size of job updated: 12487748
	12119  -  MemoryUsage of job (MB)
	12409672  -  ResidentSetSize of job (KB)
...
006 (112070733.003.000) 05/03 04:37:35 Image size of job updated: 13234284
	12848  -  MemoryUsage of job (MB)
	13156208  -  ResidentSetSize of job (KB)
...
006 (112070733.003.000) 05/03 04:42:36 Image size of job updated: 13976644
	13573  -  MemoryUsage of job (MB)
	13898568  -  ResidentSetSize of job (KB)
...
006 (112070733.003.000) 05/03 04:47:37 Image size of job updated: 14720104
	14299  -  MemoryUsage of job (MB)
	14642028  -  ResidentSetSize of job (KB)
...
006 (112070733.003.000) 05/03 04:52:37 Image size of job updated: 15327452
	14891  -  MemoryUsage of job (MB)
	15248360  -  ResidentSetSize of job (KB)
...
006 (112070733.003.000) 05/03 04:57:38 Image size of job updated: 16085520
	15630  -  MemoryUsage of job (MB)
	16004632  -  ResidentSetSize of job (KB)
...
006 (112070733.003.000) 05/03 05:02:39 Image size of job updated: 16761388
	16288  -  MemoryUsage of job (MB)
	16678196  -  ResidentSetSize of job (KB)
...
006 (112070733.003.000) 05/03 05:07:40 Image size of job updated: 17576652
	17082  -  MemoryUsage of job (MB)
	17491244  -  ResidentSetSize of job (KB)
...
006 (112070733.003.000) 05/03 05:12:40 Image size of job updated: 18191332
	17681  -  MemoryUsage of job (MB)
	18105308  -  ResidentSetSize of job (KB)
...
006 (112070733.003.000) 05/03 05:17:42 Image size of job updated: 18594564
	18074  -  MemoryUsage of job (MB)
	18507120  -  ResidentSetSize of job (KB)
...
006 (112070733.003.000) 05/03 05:22:42 Image size of job updated: 19082328
	18541  -  MemoryUsage of job (MB)
	18985240  -  ResidentSetSize of job (KB)
...
006 (112070733.003.000) 05/03 05:27:42 Image size of job updated: 19422276
	18869  -  MemoryUsage of job (MB)
	19321276  -  ResidentSetSize of job (KB)
...
006 (112070733.003.000) 05/03 05:32:43 Image size of job updated: 19794620
	19223  -  MemoryUsage of job (MB)
	19684136  -  ResidentSetSize of job (KB)
...
006 (112070733.003.000) 05/03 05:37:43 Image size of job updated: 20231236
	19629  -  MemoryUsage of job (MB)
	20099304  -  ResidentSetSize of job (KB)
...
006 (112070733.003.000) 05/03 05:42:43 Image size of job updated: 20817444
	20168  -  MemoryUsage of job (MB)
	20651796  -  ResidentSetSize of job (KB)
...
006 (112070733.003.000) 05/03 05:47:45 Image size of job updated: 21453824
	20445  -  MemoryUsage of job (MB)
	20935572  -  ResidentSetSize of job (KB)
...
006 (112070733.003.000) 05/03 05:52:45 Image size of job updated: 22116660
	20448  -  MemoryUsage of job (MB)
	20938392  -  ResidentSetSize of job (KB)
...
006 (112070733.003.000) 05/03 05:57:45 Image size of job updated: 22839140
	20451  -  MemoryUsage of job (MB)
	20941668  -  ResidentSetSize of job (KB)
...
005 (112070733.003.000) 05/03 06:00:27 Job terminated.
	(1) Normal termination (return value 0)
		Usr 0 02:25:03, Sys 0 00:02:26  -  Run Remote Usage
		Usr 0 00:00:00, Sys 0 00:00:00  -  Run Local Usage
		Usr 0 02:25:03, Sys 0 00:02:26  -  Total Remote Usage
		Usr 0 00:00:00, Sys 0 00:00:00  -  Total Local Usage
	23173040  -  Run Bytes Sent By Job
	1780306432  -  Run Bytes Received By Job
	23173040  -  Total Bytes Sent By Job
	1780306432  -  Total Bytes Received By Job
	Partitionable Resources :      Usage  Request Allocated 
	   Cpus                 :       0.75        1         1 
	   Disk (KB)            : 6852382    20971520  21460840 
	   Ioheavy              :                             0 
	   Memory (MB)          :   20451       20480     20480 
...
