000 (112070733.017.000) 05/02 11:03:23 Job submitted from host: <128.104.100.44:9618?addrs=128.104.100.44-9618+[2607-f388-107c-501-90e2-baff-fe2c-2724]-9618&noUDP&sock=4699_0235_3>
...
001 (112070733.017.000) 05/03 03:14:06 Job executing on host: <128.105.245.251:9618?addrs=128.105.245.251-9618&noUDP&sock=5438_981b_24>
...
006 (112070733.017.000) 05/03 03:14:14 Image size of job updated: 624
	1  -  MemoryUsage of job (MB)
	624  -  ResidentSetSize of job (KB)
...
006 (112070733.017.000) 05/03 03:19:15 Image size of job updated: 632
	1  -  MemoryUsage of job (MB)
	632  -  ResidentSetSize of job (KB)
...
006 (112070733.017.000) 05/03 03:24:17 Image size of job updated: 656
	1  -  MemoryUsage of job (MB)
	656  -  ResidentSetSize of job (KB)
...
006 (112070733.017.000) 05/03 03:29:16 Image size of job updated: 668
	1  -  MemoryUsage of job (MB)
	668  -  ResidentSetSize of job (KB)
...
006 (112070733.017.000) 05/03 03:34:16 Image size of job updated: 572728
	484  -  MemoryUsage of job (MB)
	494732  -  ResidentSetSize of job (KB)
...
006 (112070733.017.000) 05/03 03:39:16 Image size of job updated: 1011920
	912  -  MemoryUsage of job (MB)
	933868  -  ResidentSetSize of job (KB)
...
006 (112070733.017.000) 05/03 03:44:17 Image size of job updated: 1553640
	1442  -  MemoryUsage of job (MB)
	1475588  -  ResidentSetSize of job (KB)
...
006 (112070733.017.000) 05/03 03:49:17 Image size of job updated: 2226064
	2098  -  MemoryUsage of job (MB)
	2148012  -  ResidentSetSize of job (KB)
...
006 (112070733.017.000) 05/03 03:54:18 Image size of job updated: 2950528
	2806  -  MemoryUsage of job (MB)
	2872476  -  ResidentSetSize of job (KB)
...
006 (112070733.017.000) 05/03 03:59:19 Image size of job updated: 3858768
	3693  -  MemoryUsage of job (MB)
	3780716  -  ResidentSetSize of job (KB)
...
006 (112070733.017.000) 05/03 04:04:19 Image size of job updated: 4758400
	4571  -  MemoryUsage of job (MB)
	4680348  -  ResidentSetSize of job (KB)
...
006 (112070733.017.000) 05/03 04:09:20 Image size of job updated: 5593028
	5386  -  MemoryUsage of job (MB)
	5514976  -  ResidentSetSize of job (KB)
...
006 (112070733.017.000) 05/03 04:14:20 Image size of job updated: 6416564
	6190  -  MemoryUsage of job (MB)
	6338512  -  ResidentSetSize of job (KB)
...
006 (112070733.017.000) 05/03 04:19:21 Image size of job updated: 7238772
	6993  -  MemoryUsage of job (MB)
	7160720  -  ResidentSetSize of job (KB)
...
006 (112070733.017.000) 05/03 04:24:21 Image size of job updated: 7963688
	7701  -  MemoryUsage of job (MB)
	7885636  -  ResidentSetSize of job (KB)
...
006 (112070733.017.000) 05/03 04:29:21 Image size of job updated: 8712128
	8432  -  MemoryUsage of job (MB)
	8634076  -  ResidentSetSize of job (KB)
...
006 (112070733.017.000) 05/03 04:34:21 Image size of job updated: 9408916
	9113  -  MemoryUsage of job (MB)
	9330864  -  ResidentSetSize of job (KB)
...
006 (112070733.017.000) 05/03 04:39:22 Image size of job updated: 10126624
	9814  -  MemoryUsage of job (MB)
	10048572  -  ResidentSetSize of job (KB)
...
006 (112070733.017.000) 05/03 04:44:22 Image size of job updated: 10780092
	10452  -  MemoryUsage of job (MB)
	10702040  -  ResidentSetSize of job (KB)
...
006 (112070733.017.000) 05/03 04:49:22 Image size of job updated: 11450440
	11106  -  MemoryUsage of job (MB)
	11372388  -  ResidentSetSize of job (KB)
...
006 (112070733.017.000) 05/03 04:54:23 Image size of job updated: 12114096
	11754  -  MemoryUsage of job (MB)
	12036044  -  ResidentSetSize of job (KB)
...
006 (112070733.017.000) 05/03 04:59:23 Image size of job updated: 12728720
	12355  -  MemoryUsage of job (MB)
	12650668  -  ResidentSetSize of job (KB)
...
006 (112070733.017.000) 05/03 05:04:23 Image size of job updated: 13447844
	13057  -  MemoryUsage of job (MB)
	13369792  -  ResidentSetSize of job (KB)
...
006 (112070733.017.000) 05/03 05:09:24 Image size of job updated: 13970840
	13568  -  MemoryUsage of job (MB)
	13892788  -  ResidentSetSize of job (KB)
...
006 (112070733.017.000) 05/03 05:14:24 Image size of job updated: 14391644
	13979  -  MemoryUsage of job (MB)
	14313592  -  ResidentSetSize of job (KB)
...
006 (112070733.017.000) 05/03 05:19:25 Image size of job updated: 15041200
	14613  -  MemoryUsage of job (MB)
	14963148  -  ResidentSetSize of job (KB)
...
006 (112070733.017.000) 05/03 05:24:25 Image size of job updated: 15751472
	15305  -  MemoryUsage of job (MB)
	15671756  -  ResidentSetSize of job (KB)
...
006 (112070733.017.000) 05/03 05:29:26 Image size of job updated: 16328116
	15865  -  MemoryUsage of job (MB)
	16245060  -  ResidentSetSize of job (KB)
...
006 (112070733.017.000) 05/03 05:34:26 Image size of job updated: 16849252
	16369  -  MemoryUsage of job (MB)
	16761732  -  ResidentSetSize of job (KB)
...
006 (112070733.017.000) 05/03 05:39:28 Image size of job updated: 17265776
	16716  -  MemoryUsage of job (MB)
	17117084  -  ResidentSetSize of job (KB)
...
006 (112070733.017.000) 05/03 05:44:30 Image size of job updated: 17672300
	17060  -  MemoryUsage of job (MB)
	17468540  -  ResidentSetSize of job (KB)
...
006 (112070733.017.000) 05/03 05:49:30 Image size of job updated: 18324688
	17691  -  MemoryUsage of job (MB)
	18115564  -  ResidentSetSize of job (KB)
...
006 (112070733.017.000) 05/03 05:54:31 Image size of job updated: 18980156
	18320  -  MemoryUsage of job (MB)
	18759100  -  ResidentSetSize of job (KB)
...
006 (112070733.017.000) 05/03 05:59:31 Image size of job updated: 19653920
	18969  -  MemoryUsage of job (MB)
	19423736  -  ResidentSetSize of job (KB)
...
006 (112070733.017.000) 05/03 06:04:32 Image size of job updated: 20311324
	19591  -  MemoryUsage of job (MB)
	20060664  -  ResidentSetSize of job (KB)
...
006 (112070733.017.000) 05/03 06:09:32 Image size of job updated: 20944000
	20151  -  MemoryUsage of job (MB)
	20634120  -  ResidentSetSize of job (KB)
...
006 (112070733.017.000) 05/03 06:14:32 Image size of job updated: 21497736
	20440  -  MemoryUsage of job (MB)
	20929948  -  ResidentSetSize of job (KB)
...
006 (112070733.017.000) 05/03 06:19:34 Image size of job updated: 21902800
	20440  -  MemoryUsage of job (MB)
	20930024  -  ResidentSetSize of job (KB)
...
006 (112070733.017.000) 05/03 06:24:32 Image size of job updated: 22483780
	20454  -  MemoryUsage of job (MB)
	20944876  -  ResidentSetSize of job (KB)
...
006 (112070733.017.000) 05/03 06:29:32 Image size of job updated: 22985300
	20455  -  MemoryUsage of job (MB)
	20944952  -  ResidentSetSize of job (KB)
...
005 (112070733.017.000) 05/03 06:30:23 Job terminated.
	(1) Normal termination (return value 0)
		Usr 0 02:31:53, Sys 0 00:07:38  -  Run Remote Usage
		Usr 0 00:00:00, Sys 0 00:00:00  -  Run Local Usage
		Usr 0 02:31:53, Sys 0 00:07:38  -  Total Remote Usage
		Usr 0 00:00:00, Sys 0 00:00:00  -  Total Local Usage
	23091768  -  Run Bytes Sent By Job
	1780306432  -  Run Bytes Received By Job
	23091768  -  Total Bytes Sent By Job
	1780306432  -  Total Bytes Received By Job
	Partitionable Resources :    Usage  Request Allocated 
	   Cpus                 :        0        1         1 
	   Disk (KB)            :  6852302 20971520  21277070 
	   Ioheavy              :                           0 
	   Memory (MB)          :    20455    20480     20480 
...
