000 (112070720.196.000) 05/02 11:02:36 Job submitted from host: <128.104.100.44:9618?addrs=128.104.100.44-9618+[2607-f388-107c-501-90e2-baff-fe2c-2724]-9618&noUDP&sock=4699_0235_3>
...
033 (112070720.196.000) 05/02 19:51:27 Changing job attribute JobPrio from 0 to 10
...
001 (112070720.196.000) 05/02 20:34:42 Job executing on host: <128.105.245.171:9618?addrs=128.105.245.171-9618&noUDP&sock=5449_23a5_26>
...
006 (112070720.196.000) 05/02 20:34:50 Image size of job updated: 628
	1  -  MemoryUsage of job (MB)
	628  -  ResidentSetSize of job (KB)
...
006 (112070720.196.000) 05/02 20:39:52 Image size of job updated: 311068
	228  -  MemoryUsage of job (MB)
	233076  -  ResidentSetSize of job (KB)
...
006 (112070720.196.000) 05/02 20:44:52 Image size of job updated: 670620
	579  -  MemoryUsage of job (MB)
	592628  -  ResidentSetSize of job (KB)
...
006 (112070720.196.000) 05/02 20:49:52 Image size of job updated: 1148512
	1046  -  MemoryUsage of job (MB)
	1070460  -  ResidentSetSize of job (KB)
...
006 (112070720.196.000) 05/02 20:54:53 Image size of job updated: 1724976
	1609  -  MemoryUsage of job (MB)
	1646924  -  ResidentSetSize of job (KB)
...
006 (112070720.196.000) 05/02 20:59:54 Image size of job updated: 2389656
	2258  -  MemoryUsage of job (MB)
	2311604  -  ResidentSetSize of job (KB)
...
006 (112070720.196.000) 05/02 21:04:54 Image size of job updated: 2972416
	2827  -  MemoryUsage of job (MB)
	2894364  -  ResidentSetSize of job (KB)
...
006 (112070720.196.000) 05/02 21:09:54 Image size of job updated: 3846256
	3680  -  MemoryUsage of job (MB)
	3768204  -  ResidentSetSize of job (KB)
...
006 (112070720.196.000) 05/02 21:14:54 Image size of job updated: 4709976
	4524  -  MemoryUsage of job (MB)
	4631924  -  ResidentSetSize of job (KB)
...
006 (112070720.196.000) 05/02 21:19:55 Image size of job updated: 5444968
	5242  -  MemoryUsage of job (MB)
	5366916  -  ResidentSetSize of job (KB)
...
006 (112070720.196.000) 05/02 21:24:56 Image size of job updated: 6515316
	6287  -  MemoryUsage of job (MB)
	6437264  -  ResidentSetSize of job (KB)
...
006 (112070720.196.000) 05/02 21:29:57 Image size of job updated: 7748548
	7491  -  MemoryUsage of job (MB)
	7670496  -  ResidentSetSize of job (KB)
...
006 (112070720.196.000) 05/02 21:34:57 Image size of job updated: 8312024
	8041  -  MemoryUsage of job (MB)
	8233972  -  ResidentSetSize of job (KB)
...
006 (112070720.196.000) 05/02 21:39:57 Image size of job updated: 8504260
	8229  -  MemoryUsage of job (MB)
	8426208  -  ResidentSetSize of job (KB)
...
006 (112070720.196.000) 05/02 21:44:57 Image size of job updated: 8820312
	8538  -  MemoryUsage of job (MB)
	8742260  -  ResidentSetSize of job (KB)
...
006 (112070720.196.000) 05/02 21:49:57 Image size of job updated: 9198048
	8907  -  MemoryUsage of job (MB)
	9119996  -  ResidentSetSize of job (KB)
...
006 (112070720.196.000) 05/02 21:54:57 Image size of job updated: 9794756
	9489  -  MemoryUsage of job (MB)
	9716704  -  ResidentSetSize of job (KB)
...
006 (112070720.196.000) 05/02 21:59:57 Image size of job updated: 10428268
	10108  -  MemoryUsage of job (MB)
	10350216  -  ResidentSetSize of job (KB)
...
006 (112070720.196.000) 05/02 22:04:57 Image size of job updated: 11044620
	10710  -  MemoryUsage of job (MB)
	10966568  -  ResidentSetSize of job (KB)
...
006 (112070720.196.000) 05/02 22:09:57 Image size of job updated: 11728964
	11378  -  MemoryUsage of job (MB)
	11650912  -  ResidentSetSize of job (KB)
...
006 (112070720.196.000) 05/02 22:14:59 Image size of job updated: 12160760
	11800  -  MemoryUsage of job (MB)
	12082708  -  ResidentSetSize of job (KB)
...
006 (112070720.196.000) 05/02 22:19:59 Image size of job updated: 12775876
	12401  -  MemoryUsage of job (MB)
	12697824  -  ResidentSetSize of job (KB)
...
006 (112070720.196.000) 05/02 22:24:59 Image size of job updated: 13440664
	13050  -  MemoryUsage of job (MB)
	13362612  -  ResidentSetSize of job (KB)
...
006 (112070720.196.000) 05/02 22:30:00 Image size of job updated: 13909812
	13508  -  MemoryUsage of job (MB)
	13831760  -  ResidentSetSize of job (KB)
...
006 (112070720.196.000) 05/02 22:35:01 Image size of job updated: 14512340
	14096  -  MemoryUsage of job (MB)
	14434288  -  ResidentSetSize of job (KB)
...
006 (112070720.196.000) 05/02 22:40:01 Image size of job updated: 14950004
	14524  -  MemoryUsage of job (MB)
	14871952  -  ResidentSetSize of job (KB)
...
006 (112070720.196.000) 05/02 22:45:02 Image size of job updated: 15230636
	14798  -  MemoryUsage of job (MB)
	15152584  -  ResidentSetSize of job (KB)
...
006 (112070720.196.000) 05/02 22:50:13 Image size of job updated: 15475944
	15034  -  MemoryUsage of job (MB)
	15394576  -  ResidentSetSize of job (KB)
...
006 (112070720.196.000) 05/02 22:55:01 Image size of job updated: 15763472
	15308  -  MemoryUsage of job (MB)
	15675108  -  ResidentSetSize of job (KB)
...
006 (112070720.196.000) 05/02 23:00:02 Image size of job updated: 16316676
	15830  -  MemoryUsage of job (MB)
	16209744  -  ResidentSetSize of job (KB)
...
006 (112070720.196.000) 05/02 23:05:02 Image size of job updated: 17027876
	16501  -  MemoryUsage of job (MB)
	16896416  -  ResidentSetSize of job (KB)
...
006 (112070720.196.000) 05/02 23:10:03 Image size of job updated: 17599800
	17041  -  MemoryUsage of job (MB)
	17449636  -  ResidentSetSize of job (KB)
...
006 (112070720.196.000) 05/02 23:15:03 Image size of job updated: 18258012
	17656  -  MemoryUsage of job (MB)
	18079628  -  ResidentSetSize of job (KB)
...
006 (112070720.196.000) 05/02 23:20:03 Image size of job updated: 18835004
	18190  -  MemoryUsage of job (MB)
	18626524  -  ResidentSetSize of job (KB)
...
006 (112070720.196.000) 05/02 23:25:03 Image size of job updated: 19123360
	18449  -  MemoryUsage of job (MB)
	18891272  -  ResidentSetSize of job (KB)
...
006 (112070720.196.000) 05/02 23:30:04 Image size of job updated: 19265656
	18583  -  MemoryUsage of job (MB)
	19028392  -  ResidentSetSize of job (KB)
...
006 (112070720.196.000) 05/02 23:35:05 Image size of job updated: 19484512
	18795  -  MemoryUsage of job (MB)
	19245900  -  ResidentSetSize of job (KB)
...
006 (112070720.196.000) 05/02 23:40:06 Image size of job updated: 19905292
	19170  -  MemoryUsage of job (MB)
	19629608  -  ResidentSetSize of job (KB)
...
006 (112070720.196.000) 05/02 23:45:06 Image size of job updated: 20508940
	19680  -  MemoryUsage of job (MB)
	20152044  -  ResidentSetSize of job (KB)
...
006 (112070720.196.000) 05/02 23:50:06 Image size of job updated: 21150908
	20095  -  MemoryUsage of job (MB)
	20576896  -  ResidentSetSize of job (KB)
...
006 (112070720.196.000) 05/02 23:55:07 Image size of job updated: 21793760
	20374  -  MemoryUsage of job (MB)
	20862924  -  ResidentSetSize of job (KB)
...
006 (112070720.196.000) 05/03 00:00:07 Image size of job updated: 22438804
	20454  -  MemoryUsage of job (MB)
	20944348  -  ResidentSetSize of job (KB)
...
006 (112070720.196.000) 05/03 00:05:07 Image size of job updated: 22836108
	20454  -  MemoryUsage of job (MB)
	20944348  -  ResidentSetSize of job (KB)
...
006 (112070720.196.000) 05/03 00:08:15 Image size of job updated: 23079368
	20454  -  MemoryUsage of job (MB)
	20944348  -  ResidentSetSize of job (KB)
...
005 (112070720.196.000) 05/03 00:08:17 Job terminated.
	(1) Normal termination (return value 0)
		Usr 0 02:32:52, Sys 0 00:03:21  -  Run Remote Usage
		Usr 0 00:00:00, Sys 0 00:00:00  -  Run Local Usage
		Usr 0 02:32:52, Sys 0 00:03:21  -  Total Remote Usage
		Usr 0 00:00:00, Sys 0 00:00:00  -  Total Local Usage
	22392016  -  Run Bytes Sent By Job
	1780305536  -  Run Bytes Received By Job
	22392016  -  Total Bytes Sent By Job
	1780305536  -  Total Bytes Received By Job
	Partitionable Resources :      Usage  Request Allocated 
	   Cpus                 :       0.31        1         1 
	   Disk (KB)            : 6851617    20971520  21279133 
	   Ioheavy              :                             0 
	   Memory (MB)          :   20454       20480     20480 
...
