000 (112070720.068.000) 05/02 11:02:36 Job submitted from host: <128.104.100.44:9618?addrs=128.104.100.44-9618+[2607-f388-107c-501-90e2-baff-fe2c-2724]-9618&noUDP&sock=4699_0235_3>
...
001 (112070720.068.000) 05/02 15:53:44 Job executing on host: <128.105.245.170:9618?addrs=128.105.245.170-9618&noUDP&sock=14695_57d0_3>
...
006 (112070720.068.000) 05/02 15:53:53 Image size of job updated: 640
	1  -  MemoryUsage of job (MB)
	640  -  ResidentSetSize of job (KB)
...
006 (112070720.068.000) 05/02 15:58:55 Image size of job updated: 188372
	111  -  MemoryUsage of job (MB)
	113436  -  ResidentSetSize of job (KB)
...
006 (112070720.068.000) 05/02 16:03:55 Image size of job updated: 869308
	773  -  MemoryUsage of job (MB)
	791256  -  ResidentSetSize of job (KB)
...
006 (112070720.068.000) 05/02 16:08:55 Image size of job updated: 1649292
	1535  -  MemoryUsage of job (MB)
	1571240  -  ResidentSetSize of job (KB)
...
006 (112070720.068.000) 05/02 16:13:56 Image size of job updated: 2657324
	2519  -  MemoryUsage of job (MB)
	2579272  -  ResidentSetSize of job (KB)
...
006 (112070720.068.000) 05/02 16:18:57 Image size of job updated: 3838080
	3672  -  MemoryUsage of job (MB)
	3760028  -  ResidentSetSize of job (KB)
...
006 (112070720.068.000) 05/02 16:23:58 Image size of job updated: 5138920
	4943  -  MemoryUsage of job (MB)
	5060868  -  ResidentSetSize of job (KB)
...
006 (112070720.068.000) 05/02 16:28:59 Image size of job updated: 6491192
	6263  -  MemoryUsage of job (MB)
	6413140  -  ResidentSetSize of job (KB)
...
006 (112070720.068.000) 05/02 16:34:00 Image size of job updated: 7538124
	7286  -  MemoryUsage of job (MB)
	7460072  -  ResidentSetSize of job (KB)
...
006 (112070720.068.000) 05/02 16:39:00 Image size of job updated: 8655724
	8377  -  MemoryUsage of job (MB)
	8577672  -  ResidentSetSize of job (KB)
...
006 (112070720.068.000) 05/02 16:44:00 Image size of job updated: 9624528
	9323  -  MemoryUsage of job (MB)
	9546476  -  ResidentSetSize of job (KB)
...
006 (112070720.068.000) 05/02 16:49:01 Image size of job updated: 10600568
	10276  -  MemoryUsage of job (MB)
	10522516  -  ResidentSetSize of job (KB)
...
006 (112070720.068.000) 05/02 16:54:01 Image size of job updated: 11551436
	11205  -  MemoryUsage of job (MB)
	11473384  -  ResidentSetSize of job (KB)
...
006 (112070720.068.000) 05/02 16:59:01 Image size of job updated: 12544968
	12175  -  MemoryUsage of job (MB)
	12466916  -  ResidentSetSize of job (KB)
...
006 (112070720.068.000) 05/02 17:04:02 Image size of job updated: 13401464
	13012  -  MemoryUsage of job (MB)
	13323412  -  ResidentSetSize of job (KB)
...
006 (112070720.068.000) 05/02 17:09:03 Image size of job updated: 14095120
	13689  -  MemoryUsage of job (MB)
	14017068  -  ResidentSetSize of job (KB)
...
006 (112070720.068.000) 05/02 17:14:04 Image size of job updated: 15010336
	14583  -  MemoryUsage of job (MB)
	14932284  -  ResidentSetSize of job (KB)
...
006 (112070720.068.000) 05/02 17:19:04 Image size of job updated: 15852932
	15403  -  MemoryUsage of job (MB)
	15772196  -  ResidentSetSize of job (KB)
...
006 (112070720.068.000) 05/02 17:24:04 Image size of job updated: 16779600
	16301  -  MemoryUsage of job (MB)
	16691980  -  ResidentSetSize of job (KB)
...
006 (112070720.068.000) 05/02 17:29:04 Image size of job updated: 17613996
	17109  -  MemoryUsage of job (MB)
	17519608  -  ResidentSetSize of job (KB)
...
006 (112070720.068.000) 05/02 17:34:05 Image size of job updated: 18574292
	18037  -  MemoryUsage of job (MB)
	18469420  -  ResidentSetSize of job (KB)
...
006 (112070720.068.000) 05/02 17:39:06 Image size of job updated: 19420716
	18837  -  MemoryUsage of job (MB)
	19288576  -  ResidentSetSize of job (KB)
...
006 (112070720.068.000) 05/02 17:44:07 Image size of job updated: 20163452
	19514  -  MemoryUsage of job (MB)
	19981396  -  ResidentSetSize of job (KB)
...
006 (112070720.068.000) 05/02 17:49:09 Image size of job updated: 20951256
	20129  -  MemoryUsage of job (MB)
	20611448  -  ResidentSetSize of job (KB)
...
006 (112070720.068.000) 05/02 17:54:09 Image size of job updated: 21634420
	20382  -  MemoryUsage of job (MB)
	20870216  -  ResidentSetSize of job (KB)
...
006 (112070720.068.000) 05/02 17:59:09 Image size of job updated: 22301656
	20431  -  MemoryUsage of job (MB)
	20921036  -  ResidentSetSize of job (KB)
...
006 (112070720.068.000) 05/02 18:04:09 Image size of job updated: 22933812
	20439  -  MemoryUsage of job (MB)
	20928544  -  ResidentSetSize of job (KB)
...
006 (112070720.068.000) 05/02 18:09:10 Image size of job updated: 23757772
	20439  -  MemoryUsage of job (MB)
	20928544  -  ResidentSetSize of job (KB)
...
006 (112070720.068.000) 05/02 18:14:11 Image size of job updated: 24197420
	20439  -  MemoryUsage of job (MB)
	20928544  -  ResidentSetSize of job (KB)
...
006 (112070720.068.000) 05/02 18:19:12 Image size of job updated: 24695804
	20439  -  MemoryUsage of job (MB)
	20928544  -  ResidentSetSize of job (KB)
...
006 (112070720.068.000) 05/02 18:24:12 Image size of job updated: 25146432
	20439  -  MemoryUsage of job (MB)
	20929380  -  ResidentSetSize of job (KB)
...
006 (112070720.068.000) 05/02 18:28:40 Image size of job updated: 25658096
	20439  -  MemoryUsage of job (MB)
	20929436  -  ResidentSetSize of job (KB)
...
005 (112070720.068.000) 05/02 18:28:42 Job terminated.
	(1) Normal termination (return value 0)
		Usr 0 02:18:19, Sys 0 00:02:21  -  Run Remote Usage
		Usr 0 00:00:00, Sys 0 00:00:00  -  Run Local Usage
		Usr 0 02:18:19, Sys 0 00:02:21  -  Total Remote Usage
		Usr 0 00:00:00, Sys 0 00:00:00  -  Total Local Usage
	25482318  -  Run Bytes Sent By Job
	1780305536  -  Run Bytes Received By Job
	25482318  -  Total Bytes Sent By Job
	1780305536  -  Total Bytes Received By Job
	Partitionable Resources :      Usage  Request Allocated 
	   Cpus                 :       0.98        1         1 
	   Disk (KB)            : 6894041    20971520  21246911 
	   Ioheavy              :                             0 
	   Memory (MB)          :   20439       20480     20480 
...
