000 (112070720.047.000) 05/02 11:02:36 Job submitted from host: <128.104.100.44:9618?addrs=128.104.100.44-9618+[2607-f388-107c-501-90e2-baff-fe2c-2724]-9618&noUDP&sock=4699_0235_3>
...
001 (112070720.047.000) 05/02 14:19:16 Job executing on host: <128.105.245.209:9618?addrs=128.105.245.209-9618&noUDP&sock=5422_9e97_3>
...
006 (112070720.047.000) 05/02 14:19:25 Image size of job updated: 620
	1  -  MemoryUsage of job (MB)
	620  -  ResidentSetSize of job (KB)
...
006 (112070720.047.000) 05/02 14:24:26 Image size of job updated: 648
	1  -  MemoryUsage of job (MB)
	648  -  ResidentSetSize of job (KB)
...
006 (112070720.047.000) 05/02 14:29:26 Image size of job updated: 491448
	404  -  MemoryUsage of job (MB)
	413456  -  ResidentSetSize of job (KB)
...
006 (112070720.047.000) 05/02 14:34:26 Image size of job updated: 868236
	772  -  MemoryUsage of job (MB)
	790184  -  ResidentSetSize of job (KB)
...
006 (112070720.047.000) 05/02 14:39:27 Image size of job updated: 1300484
	1194  -  MemoryUsage of job (MB)
	1222432  -  ResidentSetSize of job (KB)
...
006 (112070720.047.000) 05/02 14:44:28 Image size of job updated: 1907820
	1787  -  MemoryUsage of job (MB)
	1829768  -  ResidentSetSize of job (KB)
...
006 (112070720.047.000) 05/02 14:49:28 Image size of job updated: 2621396
	2484  -  MemoryUsage of job (MB)
	2543344  -  ResidentSetSize of job (KB)
...
006 (112070720.047.000) 05/02 14:54:29 Image size of job updated: 3388800
	3234  -  MemoryUsage of job (MB)
	3310748  -  ResidentSetSize of job (KB)
...
006 (112070720.047.000) 05/02 14:59:31 Image size of job updated: 4214008
	4040  -  MemoryUsage of job (MB)
	4135956  -  ResidentSetSize of job (KB)
...
006 (112070720.047.000) 05/02 15:04:31 Image size of job updated: 5115948
	4920  -  MemoryUsage of job (MB)
	5037896  -  ResidentSetSize of job (KB)
...
006 (112070720.047.000) 05/02 15:09:31 Image size of job updated: 5923344
	5709  -  MemoryUsage of job (MB)
	5845292  -  ResidentSetSize of job (KB)
...
006 (112070720.047.000) 05/02 15:14:33 Image size of job updated: 6715996
	6483  -  MemoryUsage of job (MB)
	6637944  -  ResidentSetSize of job (KB)
...
006 (112070720.047.000) 05/02 15:19:33 Image size of job updated: 7503376
	7252  -  MemoryUsage of job (MB)
	7425324  -  ResidentSetSize of job (KB)
...
006 (112070720.047.000) 05/02 15:24:33 Image size of job updated: 8310136
	8040  -  MemoryUsage of job (MB)
	8232084  -  ResidentSetSize of job (KB)
...
006 (112070720.047.000) 05/02 15:29:35 Image size of job updated: 9053376
	8765  -  MemoryUsage of job (MB)
	8975324  -  ResidentSetSize of job (KB)
...
006 (112070720.047.000) 05/02 15:34:35 Image size of job updated: 9762324
	9458  -  MemoryUsage of job (MB)
	9684272  -  ResidentSetSize of job (KB)
...
006 (112070720.047.000) 05/02 15:39:35 Image size of job updated: 10407944
	10088  -  MemoryUsage of job (MB)
	10329892  -  ResidentSetSize of job (KB)
...
006 (112070720.047.000) 05/02 15:44:36 Image size of job updated: 11083740
	10748  -  MemoryUsage of job (MB)
	11005688  -  ResidentSetSize of job (KB)
...
006 (112070720.047.000) 05/02 15:49:37 Image size of job updated: 11781464
	11430  -  MemoryUsage of job (MB)
	11703412  -  ResidentSetSize of job (KB)
...
006 (112070720.047.000) 05/02 15:54:37 Image size of job updated: 12380164
	12014  -  MemoryUsage of job (MB)
	12302112  -  ResidentSetSize of job (KB)
...
006 (112070720.047.000) 05/02 15:59:37 Image size of job updated: 12992700
	12612  -  MemoryUsage of job (MB)
	12914648  -  ResidentSetSize of job (KB)
...
006 (112070720.047.000) 05/02 16:04:38 Image size of job updated: 13635480
	13240  -  MemoryUsage of job (MB)
	13557428  -  ResidentSetSize of job (KB)
...
006 (112070720.047.000) 05/02 16:09:38 Image size of job updated: 14329636
	13918  -  MemoryUsage of job (MB)
	14251584  -  ResidentSetSize of job (KB)
...
006 (112070720.047.000) 05/02 16:14:38 Image size of job updated: 15038452
	14610  -  MemoryUsage of job (MB)
	14960400  -  ResidentSetSize of job (KB)
...
006 (112070720.047.000) 05/02 16:19:39 Image size of job updated: 15754204
	15309  -  MemoryUsage of job (MB)
	15675768  -  ResidentSetSize of job (KB)
...
006 (112070720.047.000) 05/02 16:24:39 Image size of job updated: 16445484
	15982  -  MemoryUsage of job (MB)
	16365376  -  ResidentSetSize of job (KB)
...
006 (112070720.047.000) 05/02 16:29:39 Image size of job updated: 17080044
	16599  -  MemoryUsage of job (MB)
	16996988  -  ResidentSetSize of job (KB)
...
006 (112070720.047.000) 05/02 16:34:40 Image size of job updated: 17688564
	17193  -  MemoryUsage of job (MB)
	17604716  -  ResidentSetSize of job (KB)
...
006 (112070720.047.000) 05/02 16:39:40 Image size of job updated: 18456620
	17941  -  MemoryUsage of job (MB)
	18370996  -  ResidentSetSize of job (KB)
...
006 (112070720.047.000) 05/02 16:44:40 Image size of job updated: 19171320
	18636  -  MemoryUsage of job (MB)
	19082980  -  ResidentSetSize of job (KB)
...
006 (112070720.047.000) 05/02 16:49:42 Image size of job updated: 19860844
	19305  -  MemoryUsage of job (MB)
	19767560  -  ResidentSetSize of job (KB)
...
006 (112070720.047.000) 05/02 16:54:42 Image size of job updated: 20548556
	19927  -  MemoryUsage of job (MB)
	20405144  -  ResidentSetSize of job (KB)
...
006 (112070720.047.000) 05/02 16:59:42 Image size of job updated: 21150172
	20366  -  MemoryUsage of job (MB)
	20854168  -  ResidentSetSize of job (KB)
...
006 (112070720.047.000) 05/02 17:04:43 Image size of job updated: 21715528
	20460  -  MemoryUsage of job (MB)
	20950876  -  ResidentSetSize of job (KB)
...
006 (112070720.047.000) 05/02 17:09:43 Image size of job updated: 22256944
	20460  -  MemoryUsage of job (MB)
	20950876  -  ResidentSetSize of job (KB)
...
006 (112070720.047.000) 05/02 17:14:43 Image size of job updated: 22914128
	20460  -  MemoryUsage of job (MB)
	20950876  -  ResidentSetSize of job (KB)
...
005 (112070720.047.000) 05/02 17:16:34 Job terminated.
	(1) Normal termination (return value 0)
		Usr 0 02:38:24, Sys 0 00:03:13  -  Run Remote Usage
		Usr 0 00:00:00, Sys 0 00:00:00  -  Run Local Usage
		Usr 0 02:38:24, Sys 0 00:03:13  -  Total Remote Usage
		Usr 0 00:00:00, Sys 0 00:00:00  -  Total Local Usage
	22571886  -  Run Bytes Sent By Job
	1780305536  -  Run Bytes Received By Job
	22571886  -  Total Bytes Sent By Job
	1780305536  -  Total Bytes Received By Job
	Partitionable Resources :      Usage  Request Allocated 
	   Cpus                 :       0.85        1         1 
	   Disk (KB)            : 6851793    20971520  25365853 
	   Ioheavy              :                             0 
	   Memory (MB)          :   20460       20480     20480 
...
