000 (112070720.134.000) 05/02 11:02:36 Job submitted from host: <128.104.100.44:9618?addrs=128.104.100.44-9618+[2607-f388-107c-501-90e2-baff-fe2c-2724]-9618&noUDP&sock=4699_0235_3>
...
001 (112070720.134.000) 05/02 16:55:29 Job executing on host: <128.105.245.202:9618?addrs=128.105.245.202-9618&noUDP&sock=5442_567c_3>
...
006 (112070720.134.000) 05/02 16:55:38 Image size of job updated: 620
	1  -  MemoryUsage of job (MB)
	620  -  ResidentSetSize of job (KB)
...
006 (112070720.134.000) 05/02 17:00:39 Image size of job updated: 306576
	224  -  MemoryUsage of job (MB)
	228584  -  ResidentSetSize of job (KB)
...
006 (112070720.134.000) 05/02 17:05:40 Image size of job updated: 683808
	592  -  MemoryUsage of job (MB)
	605816  -  ResidentSetSize of job (KB)
...
006 (112070720.134.000) 05/02 17:10:40 Image size of job updated: 1106736
	1005  -  MemoryUsage of job (MB)
	1028684  -  ResidentSetSize of job (KB)
...
006 (112070720.134.000) 05/02 17:15:40 Image size of job updated: 1728432
	1612  -  MemoryUsage of job (MB)
	1650380  -  ResidentSetSize of job (KB)
...
006 (112070720.134.000) 05/02 17:20:40 Image size of job updated: 2480216
	2346  -  MemoryUsage of job (MB)
	2402164  -  ResidentSetSize of job (KB)
...
006 (112070720.134.000) 05/02 17:25:40 Image size of job updated: 3277804
	3125  -  MemoryUsage of job (MB)
	3199752  -  ResidentSetSize of job (KB)
...
006 (112070720.134.000) 05/02 17:30:41 Image size of job updated: 4216896
	4042  -  MemoryUsage of job (MB)
	4138844  -  ResidentSetSize of job (KB)
...
006 (112070720.134.000) 05/02 17:35:41 Image size of job updated: 5158632
	4962  -  MemoryUsage of job (MB)
	5080580  -  ResidentSetSize of job (KB)
...
006 (112070720.134.000) 05/02 17:40:41 Image size of job updated: 6034268
	5817  -  MemoryUsage of job (MB)
	5956216  -  ResidentSetSize of job (KB)
...
006 (112070720.134.000) 05/02 17:45:42 Image size of job updated: 6877092
	6640  -  MemoryUsage of job (MB)
	6799040  -  ResidentSetSize of job (KB)
...
006 (112070720.134.000) 05/02 17:50:43 Image size of job updated: 7728612
	7472  -  MemoryUsage of job (MB)
	7650560  -  ResidentSetSize of job (KB)
...
006 (112070720.134.000) 05/02 17:55:44 Image size of job updated: 8627532
	8350  -  MemoryUsage of job (MB)
	8549480  -  ResidentSetSize of job (KB)
...
006 (112070720.134.000) 05/02 18:00:44 Image size of job updated: 9401820
	9106  -  MemoryUsage of job (MB)
	9323768  -  ResidentSetSize of job (KB)
...
006 (112070720.134.000) 05/02 18:05:44 Image size of job updated: 10144484
	9831  -  MemoryUsage of job (MB)
	10066432  -  ResidentSetSize of job (KB)
...
006 (112070720.134.000) 05/02 18:10:45 Image size of job updated: 10881664
	10551  -  MemoryUsage of job (MB)
	10803612  -  ResidentSetSize of job (KB)
...
006 (112070720.134.000) 05/02 18:15:46 Image size of job updated: 11531456
	11185  -  MemoryUsage of job (MB)
	11453404  -  ResidentSetSize of job (KB)
...
006 (112070720.134.000) 05/02 18:20:46 Image size of job updated: 12300324
	11936  -  MemoryUsage of job (MB)
	12222272  -  ResidentSetSize of job (KB)
...
006 (112070720.134.000) 05/02 18:25:46 Image size of job updated: 12976304
	12596  -  MemoryUsage of job (MB)
	12898252  -  ResidentSetSize of job (KB)
...
006 (112070720.134.000) 05/02 18:30:47 Image size of job updated: 13652828
	13257  -  MemoryUsage of job (MB)
	13574776  -  ResidentSetSize of job (KB)
...
006 (112070720.134.000) 05/02 18:35:48 Image size of job updated: 14362688
	13950  -  MemoryUsage of job (MB)
	14284636  -  ResidentSetSize of job (KB)
...
006 (112070720.134.000) 05/02 18:40:49 Image size of job updated: 15072352
	14643  -  MemoryUsage of job (MB)
	14994300  -  ResidentSetSize of job (KB)
...
006 (112070720.134.000) 05/02 18:45:49 Image size of job updated: 15817852
	15371  -  MemoryUsage of job (MB)
	15738904  -  ResidentSetSize of job (KB)
...
006 (112070720.134.000) 05/02 18:50:50 Image size of job updated: 16545076
	16079  -  MemoryUsage of job (MB)
	16464504  -  ResidentSetSize of job (KB)
...
006 (112070720.134.000) 05/02 18:55:51 Image size of job updated: 17286908
	16799  -  MemoryUsage of job (MB)
	17202008  -  ResidentSetSize of job (KB)
...
006 (112070720.134.000) 05/02 19:00:52 Image size of job updated: 17987440
	17478  -  MemoryUsage of job (MB)
	17896772  -  ResidentSetSize of job (KB)
...
006 (112070720.134.000) 05/02 19:05:52 Image size of job updated: 18797700
	18253  -  MemoryUsage of job (MB)
	18690884  -  ResidentSetSize of job (KB)
...
006 (112070720.134.000) 05/02 19:10:52 Image size of job updated: 19538580
	18960  -  MemoryUsage of job (MB)
	19414324  -  ResidentSetSize of job (KB)
...
006 (112070720.134.000) 05/02 19:15:53 Image size of job updated: 20206764
	19566  -  MemoryUsage of job (MB)
	20034832  -  ResidentSetSize of job (KB)
...
006 (112070720.134.000) 05/02 19:20:54 Image size of job updated: 20538300
	19866  -  MemoryUsage of job (MB)
	20341768  -  ResidentSetSize of job (KB)
...
006 (112070720.134.000) 05/02 19:26:43 Image size of job updated: 21241820
	20422  -  MemoryUsage of job (MB)
	20911428  -  ResidentSetSize of job (KB)
...
006 (112070720.134.000) 05/02 19:30:54 Image size of job updated: 21566692
	20441  -  MemoryUsage of job (MB)
	20931496  -  ResidentSetSize of job (KB)
...
006 (112070720.134.000) 05/02 19:35:55 Image size of job updated: 21889508
	20441  -  MemoryUsage of job (MB)
	20931556  -  ResidentSetSize of job (KB)
...
006 (112070720.134.000) 05/02 19:40:55 Image size of job updated: 22454564
	20464  -  MemoryUsage of job (MB)
	20954300  -  ResidentSetSize of job (KB)
...
006 (112070720.134.000) 05/02 19:45:56 Image size of job updated: 22935140
	20464  -  MemoryUsage of job (MB)
	20954300  -  ResidentSetSize of job (KB)
...
006 (112070720.134.000) 05/02 19:47:02 Image size of job updated: 23080568
	20464  -  MemoryUsage of job (MB)
	20954300  -  ResidentSetSize of job (KB)
...
005 (112070720.134.000) 05/02 19:47:04 Job terminated.
	(1) Normal termination (return value 0)
		Usr 0 02:30:43, Sys 0 00:02:22  -  Run Remote Usage
		Usr 0 00:00:00, Sys 0 00:00:00  -  Run Local Usage
		Usr 0 02:30:43, Sys 0 00:02:22  -  Total Remote Usage
		Usr 0 00:00:00, Sys 0 00:00:00  -  Total Local Usage
	22400332  -  Run Bytes Sent By Job
	1780305536  -  Run Bytes Received By Job
	22400332  -  Total Bytes Sent By Job
	1780305536  -  Total Bytes Received By Job
	Partitionable Resources :      Usage  Request Allocated 
	   Cpus                 :       0.80        1         1 
	   Disk (KB)            : 6851625    20971520  21482256 
	   Ioheavy              :                             0 
	   Memory (MB)          :   20464       20480     20480 
...
