000 (112070720.023.000) 05/02 11:02:36 Job submitted from host: <128.104.100.44:9618?addrs=128.104.100.44-9618+[2607-f388-107c-501-90e2-baff-fe2c-2724]-9618&noUDP&sock=4699_0235_3>
...
001 (112070720.023.000) 05/02 11:18:32 Job executing on host: <128.105.245.157:9618?addrs=128.105.245.157-9618&noUDP&sock=5433_2a21_29>
...
006 (112070720.023.000) 05/02 11:18:40 Image size of job updated: 612
	1  -  MemoryUsage of job (MB)
	612  -  ResidentSetSize of job (KB)
...
006 (112070720.023.000) 05/02 11:23:40 Image size of job updated: 616
	1  -  MemoryUsage of job (MB)
	616  -  ResidentSetSize of job (KB)
...
006 (112070720.023.000) 05/02 11:28:42 Image size of job updated: 640
	1  -  MemoryUsage of job (MB)
	640  -  ResidentSetSize of job (KB)
...
006 (112070720.023.000) 05/02 11:33:42 Image size of job updated: 644
	1  -  MemoryUsage of job (MB)
	644  -  ResidentSetSize of job (KB)
...
006 (112070720.023.000) 05/02 11:38:43 Image size of job updated: 353004
	269  -  MemoryUsage of job (MB)
	275012  -  ResidentSetSize of job (KB)
...
006 (112070720.023.000) 05/02 11:43:43 Image size of job updated: 741404
	648  -  MemoryUsage of job (MB)
	663412  -  ResidentSetSize of job (KB)
...
006 (112070720.023.000) 05/02 11:48:45 Image size of job updated: 1153068
	1050  -  MemoryUsage of job (MB)
	1075016  -  ResidentSetSize of job (KB)
...
006 (112070720.023.000) 05/02 11:53:45 Image size of job updated: 1649316
	1535  -  MemoryUsage of job (MB)
	1571264  -  ResidentSetSize of job (KB)
...
006 (112070720.023.000) 05/02 11:58:45 Image size of job updated: 2312252
	2182  -  MemoryUsage of job (MB)
	2234200  -  ResidentSetSize of job (KB)
...
006 (112070720.023.000) 05/02 12:03:46 Image size of job updated: 3018832
	2872  -  MemoryUsage of job (MB)
	2940780  -  ResidentSetSize of job (KB)
...
006 (112070720.023.000) 05/02 12:08:46 Image size of job updated: 3850860
	3685  -  MemoryUsage of job (MB)
	3772808  -  ResidentSetSize of job (KB)
...
006 (112070720.023.000) 05/02 12:13:47 Image size of job updated: 4726920
	4540  -  MemoryUsage of job (MB)
	4648868  -  ResidentSetSize of job (KB)
...
006 (112070720.023.000) 05/02 12:18:47 Image size of job updated: 5537852
	5332  -  MemoryUsage of job (MB)
	5459800  -  ResidentSetSize of job (KB)
...
006 (112070720.023.000) 05/02 12:23:48 Image size of job updated: 6359100
	6134  -  MemoryUsage of job (MB)
	6281048  -  ResidentSetSize of job (KB)
...
006 (112070720.023.000) 05/02 12:28:48 Image size of job updated: 7071628
	6830  -  MemoryUsage of job (MB)
	6993576  -  ResidentSetSize of job (KB)
...
006 (112070720.023.000) 05/02 12:33:49 Image size of job updated: 7862332
	7602  -  MemoryUsage of job (MB)
	7784280  -  ResidentSetSize of job (KB)
...
006 (112070720.023.000) 05/02 12:38:49 Image size of job updated: 8640064
	8362  -  MemoryUsage of job (MB)
	8562012  -  ResidentSetSize of job (KB)
...
006 (112070720.023.000) 05/02 12:43:49 Image size of job updated: 9277312
	8984  -  MemoryUsage of job (MB)
	9199260  -  ResidentSetSize of job (KB)
...
006 (112070720.023.000) 05/02 12:48:49 Image size of job updated: 9973708
	9664  -  MemoryUsage of job (MB)
	9895656  -  ResidentSetSize of job (KB)
...
006 (112070720.023.000) 05/02 12:53:50 Image size of job updated: 10671556
	10346  -  MemoryUsage of job (MB)
	10593504  -  ResidentSetSize of job (KB)
...
006 (112070720.023.000) 05/02 12:58:50 Image size of job updated: 11294424
	10954  -  MemoryUsage of job (MB)
	11216372  -  ResidentSetSize of job (KB)
...
006 (112070720.023.000) 05/02 13:03:52 Image size of job updated: 11914628
	11560  -  MemoryUsage of job (MB)
	11836576  -  ResidentSetSize of job (KB)
...
006 (112070720.023.000) 05/02 13:08:52 Image size of job updated: 12552976
	12183  -  MemoryUsage of job (MB)
	12474924  -  ResidentSetSize of job (KB)
...
006 (112070720.023.000) 05/02 13:13:53 Image size of job updated: 13208372
	12823  -  MemoryUsage of job (MB)
	13130320  -  ResidentSetSize of job (KB)
...
006 (112070720.023.000) 05/02 13:18:54 Image size of job updated: 13866064
	13465  -  MemoryUsage of job (MB)
	13788012  -  ResidentSetSize of job (KB)
...
006 (112070720.023.000) 05/02 13:23:54 Image size of job updated: 14544188
	14128  -  MemoryUsage of job (MB)
	14466136  -  ResidentSetSize of job (KB)
...
006 (112070720.023.000) 05/02 13:28:56 Image size of job updated: 15080540
	14651  -  MemoryUsage of job (MB)
	15002488  -  ResidentSetSize of job (KB)
...
006 (112070720.023.000) 05/02 13:33:56 Image size of job updated: 15795076
	15349  -  MemoryUsage of job (MB)
	15717024  -  ResidentSetSize of job (KB)
...
006 (112070720.023.000) 05/02 13:38:57 Image size of job updated: 16483232
	16021  -  MemoryUsage of job (MB)
	16404748  -  ResidentSetSize of job (KB)
...
006 (112070720.023.000) 05/02 13:43:57 Image size of job updated: 17102460
	16625  -  MemoryUsage of job (MB)
	17023188  -  ResidentSetSize of job (KB)
...
006 (112070720.023.000) 05/02 13:48:58 Image size of job updated: 17843984
	17348  -  MemoryUsage of job (MB)
	17763688  -  ResidentSetSize of job (KB)
...
006 (112070720.023.000) 05/02 13:53:58 Image size of job updated: 18553608
	18030  -  MemoryUsage of job (MB)
	18462420  -  ResidentSetSize of job (KB)
...
006 (112070720.023.000) 05/02 13:58:59 Image size of job updated: 19255536
	18701  -  MemoryUsage of job (MB)
	19149584  -  ResidentSetSize of job (KB)
...
006 (112070720.023.000) 05/02 14:04:01 Image size of job updated: 19937292
	19350  -  MemoryUsage of job (MB)
	19813968  -  ResidentSetSize of job (KB)
...
006 (112070720.023.000) 05/02 14:09:01 Image size of job updated: 20769436
	20114  -  MemoryUsage of job (MB)
	20596064  -  ResidentSetSize of job (KB)
...
006 (112070720.023.000) 05/02 14:14:01 Image size of job updated: 21262756
	20392  -  MemoryUsage of job (MB)
	20880948  -  ResidentSetSize of job (KB)
...
006 (112070720.023.000) 05/02 14:19:02 Image size of job updated: 21828572
	20445  -  MemoryUsage of job (MB)
	20935220  -  ResidentSetSize of job (KB)
...
006 (112070720.023.000) 05/02 14:24:05 Image size of job updated: 22524156
	20448  -  MemoryUsage of job (MB)
	20937732  -  ResidentSetSize of job (KB)
...
006 (112070720.023.000) 05/02 14:29:03 Image size of job updated: 22890172
	20448  -  MemoryUsage of job (MB)
	20937744  -  ResidentSetSize of job (KB)
...
005 (112070720.023.000) 05/02 14:32:41 Job terminated.
	(1) Normal termination (return value 0)
		Usr 0 02:38:48, Sys 0 00:04:07  -  Run Remote Usage
		Usr 0 00:00:00, Sys 0 00:00:00  -  Run Local Usage
		Usr 0 02:38:48, Sys 0 00:04:07  -  Total Remote Usage
		Usr 0 00:00:00, Sys 0 00:00:00  -  Total Local Usage
	22596912  -  Run Bytes Sent By Job
	1780305536  -  Run Bytes Received By Job
	22596912  -  Total Bytes Sent By Job
	1780305536  -  Total Bytes Received By Job
	Partitionable Resources :      Usage  Request Allocated 
	   Cpus                 :       0.49        1         1 
	   Disk (KB)            : 6851816    20971520  21340366 
	   Ioheavy              :                             0 
	   Memory (MB)          :   20448       20480     20480 
...
