000 (112070733.078.000) 05/02 11:03:23 Job submitted from host: <128.104.100.44:9618?addrs=128.104.100.44-9618+[2607-f388-107c-501-90e2-baff-fe2c-2724]-9618&noUDP&sock=4699_0235_3>
...
001 (112070733.078.000) 05/03 04:21:56 Job executing on host: <128.105.245.213:9618?addrs=128.105.245.213-9618&noUDP&sock=5528_53a1_16>
...
006 (112070733.078.000) 05/03 04:22:06 Image size of job updated: 636
	1  -  MemoryUsage of job (MB)
	636  -  ResidentSetSize of job (KB)
...
006 (112070733.078.000) 05/03 04:27:07 Image size of job updated: 277100
	195  -  MemoryUsage of job (MB)
	199112  -  ResidentSetSize of job (KB)
...
006 (112070733.078.000) 05/03 04:32:07 Image size of job updated: 639900
	549  -  MemoryUsage of job (MB)
	561904  -  ResidentSetSize of job (KB)
...
006 (112070733.078.000) 05/03 04:37:08 Image size of job updated: 1055076
	955  -  MemoryUsage of job (MB)
	977024  -  ResidentSetSize of job (KB)
...
006 (112070733.078.000) 05/03 04:42:09 Image size of job updated: 1616820
	1503  -  MemoryUsage of job (MB)
	1538768  -  ResidentSetSize of job (KB)
...
006 (112070733.078.000) 05/03 04:47:10 Image size of job updated: 2226196
	2098  -  MemoryUsage of job (MB)
	2148144  -  ResidentSetSize of job (KB)
...
006 (112070733.078.000) 05/03 04:52:10 Image size of job updated: 2968188
	2823  -  MemoryUsage of job (MB)
	2890136  -  ResidentSetSize of job (KB)
...
006 (112070733.078.000) 05/03 04:57:11 Image size of job updated: 3941300
	3773  -  MemoryUsage of job (MB)
	3863248  -  ResidentSetSize of job (KB)
...
006 (112070733.078.000) 05/03 05:02:13 Image size of job updated: 4774704
	4587  -  MemoryUsage of job (MB)
	4696652  -  ResidentSetSize of job (KB)
...
006 (112070733.078.000) 05/03 05:07:13 Image size of job updated: 5596792
	5390  -  MemoryUsage of job (MB)
	5518740  -  ResidentSetSize of job (KB)
...
006 (112070733.078.000) 05/03 05:12:13 Image size of job updated: 6448052
	6221  -  MemoryUsage of job (MB)
	6370000  -  ResidentSetSize of job (KB)
...
006 (112070733.078.000) 05/03 05:17:14 Image size of job updated: 7256104
	7010  -  MemoryUsage of job (MB)
	7178052  -  ResidentSetSize of job (KB)
...
006 (112070733.078.000) 05/03 05:22:15 Image size of job updated: 8116736
	7851  -  MemoryUsage of job (MB)
	8038684  -  ResidentSetSize of job (KB)
...
006 (112070733.078.000) 05/03 05:27:15 Image size of job updated: 8889420
	8605  -  MemoryUsage of job (MB)
	8811368  -  ResidentSetSize of job (KB)
...
006 (112070733.078.000) 05/03 05:32:15 Image size of job updated: 9602264
	9301  -  MemoryUsage of job (MB)
	9524212  -  ResidentSetSize of job (KB)
...
006 (112070733.078.000) 05/03 05:37:15 Image size of job updated: 10331812
	10014  -  MemoryUsage of job (MB)
	10253760  -  ResidentSetSize of job (KB)
...
006 (112070733.078.000) 05/03 05:42:15 Image size of job updated: 10965952
	10633  -  MemoryUsage of job (MB)
	10887900  -  ResidentSetSize of job (KB)
...
006 (112070733.078.000) 05/03 05:47:16 Image size of job updated: 11515204
	11170  -  MemoryUsage of job (MB)
	11437152  -  ResidentSetSize of job (KB)
...
006 (112070733.078.000) 05/03 05:52:16 Image size of job updated: 12157984
	11797  -  MemoryUsage of job (MB)
	12079932  -  ResidentSetSize of job (KB)
...
006 (112070733.078.000) 05/03 05:57:16 Image size of job updated: 12787040
	12412  -  MemoryUsage of job (MB)
	12708988  -  ResidentSetSize of job (KB)
...
006 (112070733.078.000) 05/03 06:02:17 Image size of job updated: 13487764
	13096  -  MemoryUsage of job (MB)
	13409712  -  ResidentSetSize of job (KB)
...
006 (112070733.078.000) 05/03 06:07:18 Image size of job updated: 14126760
	13720  -  MemoryUsage of job (MB)
	14048708  -  ResidentSetSize of job (KB)
...
006 (112070733.078.000) 05/03 06:12:18 Image size of job updated: 14859876
	14436  -  MemoryUsage of job (MB)
	14781824  -  ResidentSetSize of job (KB)
...
006 (112070733.078.000) 05/03 06:17:18 Image size of job updated: 15531132
	15091  -  MemoryUsage of job (MB)
	15452356  -  ResidentSetSize of job (KB)
...
006 (112070733.078.000) 05/03 06:22:19 Image size of job updated: 16287740
	15829  -  MemoryUsage of job (MB)
	16208308  -  ResidentSetSize of job (KB)
...
006 (112070733.078.000) 05/03 06:27:19 Image size of job updated: 17046268
	16568  -  MemoryUsage of job (MB)
	16965032  -  ResidentSetSize of job (KB)
...
006 (112070733.078.000) 05/03 06:32:19 Image size of job updated: 17670952
	17175  -  MemoryUsage of job (MB)
	17587052  -  ResidentSetSize of job (KB)
...
006 (112070733.078.000) 05/03 06:37:20 Image size of job updated: 18304928
	17789  -  MemoryUsage of job (MB)
	18215732  -  ResidentSetSize of job (KB)
...
006 (112070733.078.000) 05/03 06:42:22 Image size of job updated: 18853356
	18320  -  MemoryUsage of job (MB)
	18759276  -  ResidentSetSize of job (KB)
...
006 (112070733.078.000) 05/03 06:47:22 Image size of job updated: 19516576
	18957  -  MemoryUsage of job (MB)
	19411560  -  ResidentSetSize of job (KB)
...
006 (112070733.078.000) 05/03 06:52:22 Image size of job updated: 20160320
	19563  -  MemoryUsage of job (MB)
	20032288  -  ResidentSetSize of job (KB)
...
006 (112070733.078.000) 05/03 06:57:22 Image size of job updated: 20778900
	20105  -  MemoryUsage of job (MB)
	20586860  -  ResidentSetSize of job (KB)
...
006 (112070733.078.000) 05/03 07:02:23 Image size of job updated: 21265476
	20401  -  MemoryUsage of job (MB)
	20889980  -  ResidentSetSize of job (KB)
...
006 (112070733.078.000) 05/03 07:07:23 Image size of job updated: 21889792
	20434  -  MemoryUsage of job (MB)
	20924364  -  ResidentSetSize of job (KB)
...
006 (112070733.078.000) 05/03 07:12:25 Image size of job updated: 22456560
	20463  -  MemoryUsage of job (MB)
	20953444  -  ResidentSetSize of job (KB)
...
006 (112070733.078.000) 05/03 07:17:25 Image size of job updated: 23073008
	20463  -  MemoryUsage of job (MB)
	20953444  -  ResidentSetSize of job (KB)
...
005 (112070733.078.000) 05/03 07:17:36 Job terminated.
	(1) Normal termination (return value 0)
		Usr 0 02:35:23, Sys 0 00:02:24  -  Run Remote Usage
		Usr 0 00:00:00, Sys 0 00:00:00  -  Run Local Usage
		Usr 0 02:35:23, Sys 0 00:02:24  -  Total Remote Usage
		Usr 0 00:00:00, Sys 0 00:00:00  -  Total Local Usage
	23103868  -  Run Bytes Sent By Job
	1780306432  -  Run Bytes Received By Job
	23103868  -  Total Bytes Sent By Job
	1780306432  -  Total Bytes Received By Job
	Partitionable Resources :      Usage  Request Allocated 
	   Cpus                 :       0.96        1         1 
	   Disk (KB)            : 6852313    20971520  21273452 
	   Ioheavy              :                             0 
	   Memory (MB)          :   20463       20480     20480 
...
