000 (112070720.050.000) 05/02 11:02:36 Job submitted from host: <128.104.100.44:9618?addrs=128.104.100.44-9618+[2607-f388-107c-501-90e2-baff-fe2c-2724]-9618&noUDP&sock=4699_0235_3>
...
001 (112070720.050.000) 05/02 14:29:16 Job executing on host: <128.105.245.232:9618?addrs=128.105.245.232-9618&noUDP&sock=5406_a513_30>
...
006 (112070720.050.000) 05/02 14:29:26 Image size of job updated: 648
	1  -  MemoryUsage of job (MB)
	648  -  ResidentSetSize of job (KB)
...
006 (112070720.050.000) 05/02 14:34:27 Image size of job updated: 293048
	211  -  MemoryUsage of job (MB)
	215056  -  ResidentSetSize of job (KB)
...
006 (112070720.050.000) 05/02 14:39:28 Image size of job updated: 618920
	529  -  MemoryUsage of job (MB)
	540928  -  ResidentSetSize of job (KB)
...
006 (112070720.050.000) 05/02 14:44:28 Image size of job updated: 1072056
	971  -  MemoryUsage of job (MB)
	994004  -  ResidentSetSize of job (KB)
...
006 (112070720.050.000) 05/02 14:49:28 Image size of job updated: 1610716
	1497  -  MemoryUsage of job (MB)
	1532664  -  ResidentSetSize of job (KB)
...
006 (112070720.050.000) 05/02 14:54:28 Image size of job updated: 2227280
	2099  -  MemoryUsage of job (MB)
	2149228  -  ResidentSetSize of job (KB)
...
006 (112070720.050.000) 05/02 14:59:28 Image size of job updated: 2898580
	2755  -  MemoryUsage of job (MB)
	2820528  -  ResidentSetSize of job (KB)
...
006 (112070720.050.000) 05/02 15:04:29 Image size of job updated: 3804124
	3639  -  MemoryUsage of job (MB)
	3726072  -  ResidentSetSize of job (KB)
...
006 (112070720.050.000) 05/02 15:09:29 Image size of job updated: 4731364
	4545  -  MemoryUsage of job (MB)
	4653312  -  ResidentSetSize of job (KB)
...
006 (112070720.050.000) 05/02 15:14:30 Image size of job updated: 5579548
	5373  -  MemoryUsage of job (MB)
	5501496  -  ResidentSetSize of job (KB)
...
006 (112070720.050.000) 05/02 15:19:30 Image size of job updated: 6421172
	6195  -  MemoryUsage of job (MB)
	6343120  -  ResidentSetSize of job (KB)
...
006 (112070720.050.000) 05/02 15:24:30 Image size of job updated: 7227216
	6982  -  MemoryUsage of job (MB)
	7149164  -  ResidentSetSize of job (KB)
...
006 (112070720.050.000) 05/02 15:29:31 Image size of job updated: 7946320
	7684  -  MemoryUsage of job (MB)
	7868268  -  ResidentSetSize of job (KB)
...
006 (112070720.050.000) 05/02 15:34:32 Image size of job updated: 8827872
	8545  -  MemoryUsage of job (MB)
	8749820  -  ResidentSetSize of job (KB)
...
006 (112070720.050.000) 05/02 15:39:32 Image size of job updated: 9577436
	9277  -  MemoryUsage of job (MB)
	9499384  -  ResidentSetSize of job (KB)
...
006 (112070720.050.000) 05/02 15:44:32 Image size of job updated: 10318808
	10001  -  MemoryUsage of job (MB)
	10240756  -  ResidentSetSize of job (KB)
...
006 (112070720.050.000) 05/02 15:49:34 Image size of job updated: 10931112
	10599  -  MemoryUsage of job (MB)
	10853060  -  ResidentSetSize of job (KB)
...
006 (112070720.050.000) 05/02 15:54:34 Image size of job updated: 11681224
	11332  -  MemoryUsage of job (MB)
	11603172  -  ResidentSetSize of job (KB)
...
006 (112070720.050.000) 05/02 15:59:34 Image size of job updated: 12313724
	11949  -  MemoryUsage of job (MB)
	12235672  -  ResidentSetSize of job (KB)
...
006 (112070720.050.000) 05/02 16:04:34 Image size of job updated: 12953520
	12574  -  MemoryUsage of job (MB)
	12875468  -  ResidentSetSize of job (KB)
...
006 (112070720.050.000) 05/02 16:09:35 Image size of job updated: 13665504
	13269  -  MemoryUsage of job (MB)
	13587452  -  ResidentSetSize of job (KB)
...
006 (112070720.050.000) 05/02 16:14:36 Image size of job updated: 14367368
	13952  -  MemoryUsage of job (MB)
	14286816  -  ResidentSetSize of job (KB)
...
006 (112070720.050.000) 05/02 16:19:36 Image size of job updated: 15047832
	14617  -  MemoryUsage of job (MB)
	14967040  -  ResidentSetSize of job (KB)
...
006 (112070720.050.000) 05/02 16:24:36 Image size of job updated: 15783428
	15294  -  MemoryUsage of job (MB)
	15660200  -  ResidentSetSize of job (KB)
...
006 (112070720.050.000) 05/02 16:29:37 Image size of job updated: 16489328
	15979  -  MemoryUsage of job (MB)
	16362480  -  ResidentSetSize of job (KB)
...
006 (112070720.050.000) 05/02 16:34:38 Image size of job updated: 17139892
	16612  -  MemoryUsage of job (MB)
	17010488  -  ResidentSetSize of job (KB)
...
006 (112070720.050.000) 05/02 16:39:38 Image size of job updated: 17884096
	17335  -  MemoryUsage of job (MB)
	17750724  -  ResidentSetSize of job (KB)
...
006 (112070720.050.000) 05/02 16:44:38 Image size of job updated: 18557000
	17988  -  MemoryUsage of job (MB)
	18419116  -  ResidentSetSize of job (KB)
...
006 (112070720.050.000) 05/02 16:49:39 Image size of job updated: 19263776
	18671  -  MemoryUsage of job (MB)
	19118804  -  ResidentSetSize of job (KB)
...
006 (112070720.050.000) 05/02 16:54:40 Image size of job updated: 20149588
	19508  -  MemoryUsage of job (MB)
	19975440  -  ResidentSetSize of job (KB)
...
006 (112070720.050.000) 05/02 16:59:40 Image size of job updated: 20786456
	20059  -  MemoryUsage of job (MB)
	20539572  -  ResidentSetSize of job (KB)
...
006 (112070720.050.000) 05/02 17:04:40 Image size of job updated: 21407896
	20431  -  MemoryUsage of job (MB)
	20920840  -  ResidentSetSize of job (KB)
...
006 (112070720.050.000) 05/02 17:09:41 Image size of job updated: 21930676
	20431  -  MemoryUsage of job (MB)
	20920840  -  ResidentSetSize of job (KB)
...
006 (112070720.050.000) 05/02 17:14:42 Image size of job updated: 22627908
	20435  -  MemoryUsage of job (MB)
	20925000  -  ResidentSetSize of job (KB)
...
006 (112070720.050.000) 05/02 17:18:05 Image size of job updated: 23730120
	20435  -  MemoryUsage of job (MB)
	20925328  -  ResidentSetSize of job (KB)
...
005 (112070720.050.000) 05/02 17:18:07 Job terminated.
	(1) Normal termination (return value 0)
		Usr 0 02:32:46, Sys 0 00:02:59  -  Run Remote Usage
		Usr 0 00:00:00, Sys 0 00:00:00  -  Run Local Usage
		Usr 0 02:32:46, Sys 0 00:02:59  -  Total Remote Usage
		Usr 0 00:00:00, Sys 0 00:00:00  -  Total Local Usage
	22379056  -  Run Bytes Sent By Job
	1780305536  -  Run Bytes Received By Job
	22379056  -  Total Bytes Sent By Job
	1780305536  -  Total Bytes Received By Job
	Partitionable Resources :      Usage  Request Allocated 
	   Cpus                 :       0.89        1         1 
	   Disk (KB)            : 6851605    20971520  21114137 
	   Ioheavy              :                             0 
	   Memory (MB)          :   20435       20480     20480 
...
