000 (112070720.014.000) 05/02 11:02:36 Job submitted from host: <128.104.100.44:9618?addrs=128.104.100.44-9618+[2607-f388-107c-501-90e2-baff-fe2c-2724]-9618&noUDP&sock=4699_0235_3>
...
001 (112070720.014.000) 05/02 11:13:16 Job executing on host: <128.105.245.203:9618?addrs=128.105.245.203-9618&noUDP&sock=38396_0a74_3>
...
006 (112070720.014.000) 05/02 11:13:25 Image size of job updated: 624
	1  -  MemoryUsage of job (MB)
	624  -  ResidentSetSize of job (KB)
...
006 (112070720.014.000) 05/02 11:18:28 Image size of job updated: 656
	1  -  MemoryUsage of job (MB)
	656  -  ResidentSetSize of job (KB)
...
006 (112070720.014.000) 05/02 11:23:27 Image size of job updated: 513580
	426  -  MemoryUsage of job (MB)
	435588  -  ResidentSetSize of job (KB)
...
006 (112070720.014.000) 05/02 11:28:28 Image size of job updated: 938652
	841  -  MemoryUsage of job (MB)
	860600  -  ResidentSetSize of job (KB)
...
006 (112070720.014.000) 05/02 11:33:29 Image size of job updated: 1469176
	1359  -  MemoryUsage of job (MB)
	1391124  -  ResidentSetSize of job (KB)
...
006 (112070720.014.000) 05/02 11:38:29 Image size of job updated: 2095080
	1970  -  MemoryUsage of job (MB)
	2017028  -  ResidentSetSize of job (KB)
...
006 (112070720.014.000) 05/02 11:43:30 Image size of job updated: 2826756
	2685  -  MemoryUsage of job (MB)
	2748704  -  ResidentSetSize of job (KB)
...
006 (112070720.014.000) 05/02 11:48:31 Image size of job updated: 3689808
	3528  -  MemoryUsage of job (MB)
	3611756  -  ResidentSetSize of job (KB)
...
006 (112070720.014.000) 05/02 11:53:31 Image size of job updated: 4580680
	4398  -  MemoryUsage of job (MB)
	4502628  -  ResidentSetSize of job (KB)
...
006 (112070720.014.000) 05/02 11:58:31 Image size of job updated: 5414236
	5212  -  MemoryUsage of job (MB)
	5336184  -  ResidentSetSize of job (KB)
...
006 (112070720.014.000) 05/02 12:03:32 Image size of job updated: 6276476
	6054  -  MemoryUsage of job (MB)
	6198424  -  ResidentSetSize of job (KB)
...
006 (112070720.014.000) 05/02 12:08:33 Image size of job updated: 7074496
	6833  -  MemoryUsage of job (MB)
	6996444  -  ResidentSetSize of job (KB)
...
006 (112070720.014.000) 05/02 12:13:33 Image size of job updated: 7858352
	7598  -  MemoryUsage of job (MB)
	7780300  -  ResidentSetSize of job (KB)
...
006 (112070720.014.000) 05/02 12:18:33 Image size of job updated: 8649252
	8371  -  MemoryUsage of job (MB)
	8571200  -  ResidentSetSize of job (KB)
...
006 (112070720.014.000) 05/02 12:23:34 Image size of job updated: 9380328
	9085  -  MemoryUsage of job (MB)
	9302276  -  ResidentSetSize of job (KB)
...
006 (112070720.014.000) 05/02 12:28:34 Image size of job updated: 10010192
	9700  -  MemoryUsage of job (MB)
	9932140  -  ResidentSetSize of job (KB)
...
006 (112070720.014.000) 05/02 12:33:34 Image size of job updated: 10701284
	10375  -  MemoryUsage of job (MB)
	10623232  -  ResidentSetSize of job (KB)
...
006 (112070720.014.000) 05/02 12:38:34 Image size of job updated: 11335764
	10994  -  MemoryUsage of job (MB)
	11257712  -  ResidentSetSize of job (KB)
...
006 (112070720.014.000) 05/02 12:43:35 Image size of job updated: 11967016
	11611  -  MemoryUsage of job (MB)
	11888964  -  ResidentSetSize of job (KB)
...
006 (112070720.014.000) 05/02 12:48:36 Image size of job updated: 12713108
	12339  -  MemoryUsage of job (MB)
	12635056  -  ResidentSetSize of job (KB)
...
006 (112070720.014.000) 05/02 12:53:37 Image size of job updated: 13440008
	13049  -  MemoryUsage of job (MB)
	13361956  -  ResidentSetSize of job (KB)
...
006 (112070720.014.000) 05/02 12:58:37 Image size of job updated: 14061820
	13657  -  MemoryUsage of job (MB)
	13983768  -  ResidentSetSize of job (KB)
...
006 (112070720.014.000) 05/02 13:03:37 Image size of job updated: 14798564
	14376  -  MemoryUsage of job (MB)
	14720512  -  ResidentSetSize of job (KB)
...
006 (112070720.014.000) 05/02 13:08:38 Image size of job updated: 15423220
	14986  -  MemoryUsage of job (MB)
	15345168  -  ResidentSetSize of job (KB)
...
006 (112070720.014.000) 05/02 13:13:39 Image size of job updated: 16117148
	15664  -  MemoryUsage of job (MB)
	16039096  -  ResidentSetSize of job (KB)
...
006 (112070720.014.000) 05/02 13:18:39 Image size of job updated: 16804956
	16335  -  MemoryUsage of job (MB)
	16726904  -  ResidentSetSize of job (KB)
...
006 (112070720.014.000) 05/02 13:23:39 Image size of job updated: 17555128
	17067  -  MemoryUsage of job (MB)
	17476036  -  ResidentSetSize of job (KB)
...
006 (112070720.014.000) 05/02 13:28:41 Image size of job updated: 18224048
	17717  -  MemoryUsage of job (MB)
	18141500  -  ResidentSetSize of job (KB)
...
006 (112070720.014.000) 05/02 13:33:41 Image size of job updated: 18919684
	18391  -  MemoryUsage of job (MB)
	18831656  -  ResidentSetSize of job (KB)
...
006 (112070720.014.000) 05/02 13:38:42 Image size of job updated: 19731132
	19175  -  MemoryUsage of job (MB)
	19634904  -  ResidentSetSize of job (KB)
...
006 (112070720.014.000) 05/02 13:43:43 Image size of job updated: 20224512
	19630  -  MemoryUsage of job (MB)
	20100600  -  ResidentSetSize of job (KB)
...
006 (112070720.014.000) 05/02 13:48:43 Image size of job updated: 20889388
	20188  -  MemoryUsage of job (MB)
	20671756  -  ResidentSetSize of job (KB)
...
006 (112070720.014.000) 05/02 13:53:44 Image size of job updated: 21403576
	20443  -  MemoryUsage of job (MB)
	20933132  -  ResidentSetSize of job (KB)
...
006 (112070720.014.000) 05/02 13:58:44 Image size of job updated: 21848480
	20443  -  MemoryUsage of job (MB)
	20933468  -  ResidentSetSize of job (KB)
...
006 (112070720.014.000) 05/02 14:03:45 Image size of job updated: 22498440
	20451  -  MemoryUsage of job (MB)
	20941436  -  ResidentSetSize of job (KB)
...
006 (112070720.014.000) 05/02 14:08:45 Image size of job updated: 23190124
	20453  -  MemoryUsage of job (MB)
	20942920  -  ResidentSetSize of job (KB)
...
006 (112070720.014.000) 05/02 14:13:45 Image size of job updated: 23554420
	20462  -  MemoryUsage of job (MB)
	20952828  -  ResidentSetSize of job (KB)
...
006 (112070720.014.000) 05/02 14:18:46 Image size of job updated: 23958540
	20462  -  MemoryUsage of job (MB)
	20952828  -  ResidentSetSize of job (KB)
...
006 (112070720.014.000) 05/02 14:23:46 Image size of job updated: 24377128
	20462  -  MemoryUsage of job (MB)
	20952828  -  ResidentSetSize of job (KB)
...
006 (112070720.014.000) 05/02 14:28:47 Image size of job updated: 24805660
	20462  -  MemoryUsage of job (MB)
	20952828  -  ResidentSetSize of job (KB)
...
006 (112070720.014.000) 05/02 14:33:47 Image size of job updated: 25056976
	20462  -  MemoryUsage of job (MB)
	20952828  -  ResidentSetSize of job (KB)
...
006 (112070720.014.000) 05/02 14:38:47 Image size of job updated: 25438148
	20462  -  MemoryUsage of job (MB)
	20952828  -  ResidentSetSize of job (KB)
...
006 (112070720.014.000) 05/02 14:42:01 Image size of job updated: 25659756
	20462  -  MemoryUsage of job (MB)
	20952828  -  ResidentSetSize of job (KB)
...
005 (112070720.014.000) 05/02 14:42:02 Job terminated.
	(1) Normal termination (return value 0)
		Usr 0 02:58:26, Sys 0 00:02:55  -  Run Remote Usage
		Usr 0 00:00:00, Sys 0 00:00:00  -  Run Local Usage
		Usr 0 02:58:26, Sys 0 00:02:55  -  Total Remote Usage
		Usr 0 00:00:00, Sys 0 00:00:00  -  Total Local Usage
	25506594  -  Run Bytes Sent By Job
	1780305536  -  Run Bytes Received By Job
	25506594  -  Total Bytes Sent By Job
	1780305536  -  Total Bytes Received By Job
	Partitionable Resources :    Usage  Request Allocated 
	   Cpus                 :        0        1         1 
	   Disk (KB)            :  6894066 20971520  21392295 
	   Ioheavy              :                           0 
	   Memory (MB)          :    20462    20480     20480 
...
