000 (112070733.159.000) 05/02 11:03:23 Job submitted from host: <128.104.100.44:9618?addrs=128.104.100.44-9618+[2607-f388-107c-501-90e2-baff-fe2c-2724]-9618&noUDP&sock=4699_0235_3>
...
001 (112070733.159.000) 05/03 06:30:15 Job executing on host: <128.105.245.211:9618?addrs=128.105.245.211-9618&noUDP&sock=5414_21d5_3>
...
006 (112070733.159.000) 05/03 06:30:23 Image size of job updated: 624
	1  -  MemoryUsage of job (MB)
	624  -  ResidentSetSize of job (KB)
...
006 (112070733.159.000) 05/03 06:35:24 Image size of job updated: 656
	1  -  MemoryUsage of job (MB)
	656  -  ResidentSetSize of job (KB)
...
006 (112070733.159.000) 05/03 06:40:25 Image size of job updated: 497220
	410  -  MemoryUsage of job (MB)
	419224  -  ResidentSetSize of job (KB)
...
006 (112070733.159.000) 05/03 06:45:26 Image size of job updated: 922880
	826  -  MemoryUsage of job (MB)
	844828  -  ResidentSetSize of job (KB)
...
006 (112070733.159.000) 05/03 06:50:27 Image size of job updated: 1398032
	1290  -  MemoryUsage of job (MB)
	1319980  -  ResidentSetSize of job (KB)
...
006 (112070733.159.000) 05/03 06:55:27 Image size of job updated: 1977056
	1855  -  MemoryUsage of job (MB)
	1899004  -  ResidentSetSize of job (KB)
...
006 (112070733.159.000) 05/03 07:00:27 Image size of job updated: 2601696
	2465  -  MemoryUsage of job (MB)
	2523644  -  ResidentSetSize of job (KB)
...
006 (112070733.159.000) 05/03 07:05:28 Image size of job updated: 3378448
	3224  -  MemoryUsage of job (MB)
	3300396  -  ResidentSetSize of job (KB)
...
006 (112070733.159.000) 05/03 07:10:28 Image size of job updated: 4174560
	4001  -  MemoryUsage of job (MB)
	4096508  -  ResidentSetSize of job (KB)
...
006 (112070733.159.000) 05/03 07:15:30 Image size of job updated: 4858160
	4669  -  MemoryUsage of job (MB)
	4780108  -  ResidentSetSize of job (KB)
...
006 (112070733.159.000) 05/03 07:20:30 Image size of job updated: 5610492
	5403  -  MemoryUsage of job (MB)
	5532440  -  ResidentSetSize of job (KB)
...
006 (112070733.159.000) 05/03 07:25:30 Image size of job updated: 6388912
	6163  -  MemoryUsage of job (MB)
	6310860  -  ResidentSetSize of job (KB)
...
006 (112070733.159.000) 05/03 07:30:31 Image size of job updated: 7178968
	6935  -  MemoryUsage of job (MB)
	7100916  -  ResidentSetSize of job (KB)
...
006 (112070733.159.000) 05/03 07:35:32 Image size of job updated: 7888484
	7628  -  MemoryUsage of job (MB)
	7810432  -  ResidentSetSize of job (KB)
...
006 (112070733.159.000) 05/03 07:40:32 Image size of job updated: 8661424
	8383  -  MemoryUsage of job (MB)
	8583372  -  ResidentSetSize of job (KB)
...
006 (112070733.159.000) 05/03 07:45:32 Image size of job updated: 9394636
	9099  -  MemoryUsage of job (MB)
	9316584  -  ResidentSetSize of job (KB)
...
006 (112070733.159.000) 05/03 07:50:34 Image size of job updated: 10004424
	9694  -  MemoryUsage of job (MB)
	9926372  -  ResidentSetSize of job (KB)
...
006 (112070733.159.000) 05/03 07:55:34 Image size of job updated: 10676668
	10351  -  MemoryUsage of job (MB)
	10598616  -  ResidentSetSize of job (KB)
...
006 (112070733.159.000) 05/03 08:00:37 Image size of job updated: 11324172
	10983  -  MemoryUsage of job (MB)
	11246120  -  ResidentSetSize of job (KB)
...
006 (112070733.159.000) 05/03 08:05:36 Image size of job updated: 11969068
	11613  -  MemoryUsage of job (MB)
	11891016  -  ResidentSetSize of job (KB)
...
006 (112070733.159.000) 05/03 08:10:37 Image size of job updated: 12628012
	12256  -  MemoryUsage of job (MB)
	12549960  -  ResidentSetSize of job (KB)
...
006 (112070733.159.000) 05/03 08:15:38 Image size of job updated: 13262544
	12876  -  MemoryUsage of job (MB)
	13184492  -  ResidentSetSize of job (KB)
...
006 (112070733.159.000) 05/03 08:20:38 Image size of job updated: 13898836
	13497  -  MemoryUsage of job (MB)
	13820784  -  ResidentSetSize of job (KB)
...
006 (112070733.159.000) 05/03 08:25:40 Image size of job updated: 14607760
	14190  -  MemoryUsage of job (MB)
	14529708  -  ResidentSetSize of job (KB)
...
006 (112070733.159.000) 05/03 08:30:40 Image size of job updated: 15304380
	14870  -  MemoryUsage of job (MB)
	15226328  -  ResidentSetSize of job (KB)
...
006 (112070733.159.000) 05/03 08:35:40 Image size of job updated: 16038348
	15587  -  MemoryUsage of job (MB)
	15960296  -  ResidentSetSize of job (KB)
...
006 (112070733.159.000) 05/03 08:40:41 Image size of job updated: 16712408
	16244  -  MemoryUsage of job (MB)
	16633844  -  ResidentSetSize of job (KB)
...
006 (112070733.159.000) 05/03 08:45:42 Image size of job updated: 17331052
	16843  -  MemoryUsage of job (MB)
	17246844  -  ResidentSetSize of job (KB)
...
006 (112070733.159.000) 05/03 08:50:42 Image size of job updated: 17918572
	17407  -  MemoryUsage of job (MB)
	17823972  -  ResidentSetSize of job (KB)
...
006 (112070733.159.000) 05/03 08:55:42 Image size of job updated: 18549584
	18005  -  MemoryUsage of job (MB)
	18436292  -  ResidentSetSize of job (KB)
...
