000 (112070720.002.000) 05/02 11:02:36 Job submitted from host: <128.104.100.44:9618?addrs=128.104.100.44-9618+[2607-f388-107c-501-90e2-baff-fe2c-2724]-9618&noUDP&sock=4699_0235_3>
...
001 (112070720.002.000) 05/02 11:23:06 Job executing on host: <128.105.245.211:9618?addrs=128.105.245.211-9618&noUDP&sock=5414_21d5_3>
...
006 (112070720.002.000) 05/02 11:23:17 Image size of job updated: 620
	1  -  MemoryUsage of job (MB)
	620  -  ResidentSetSize of job (KB)
...
006 (112070720.002.000) 05/02 11:28:20 Image size of job updated: 628
	1  -  MemoryUsage of job (MB)
	628  -  ResidentSetSize of job (KB)
...
006 (112070720.002.000) 05/02 11:38:23 Image size of job updated: 632
	1  -  MemoryUsage of job (MB)
	632  -  ResidentSetSize of job (KB)
...
006 (112070720.002.000) 05/02 11:43:19 Image size of job updated: 652
	1  -  MemoryUsage of job (MB)
	652  -  ResidentSetSize of job (KB)
...
006 (112070720.002.000) 05/02 12:03:38 Image size of job updated: 656
	1  -  MemoryUsage of job (MB)
	656  -  ResidentSetSize of job (KB)
...
006 (112070720.002.000) 05/02 12:13:28 Image size of job updated: 660
	1  -  MemoryUsage of job (MB)
	660  -  ResidentSetSize of job (KB)
...
006 (112070720.002.000) 05/02 12:18:23 Image size of job updated: 668
	1  -  MemoryUsage of job (MB)
	668  -  ResidentSetSize of job (KB)
...
006 (112070720.002.000) 05/02 12:23:24 Image size of job updated: 188336
	111  -  MemoryUsage of job (MB)
	113400  -  ResidentSetSize of job (KB)
...
006 (112070720.002.000) 05/02 12:28:25 Image size of job updated: 619144
	529  -  MemoryUsage of job (MB)
	541152  -  ResidentSetSize of job (KB)
...
006 (112070720.002.000) 05/02 12:33:26 Image size of job updated: 865192
	769  -  MemoryUsage of job (MB)
	787140  -  ResidentSetSize of job (KB)
...
006 (112070720.002.000) 05/02 12:38:26 Image size of job updated: 1072564
	972  -  MemoryUsage of job (MB)
	994512  -  ResidentSetSize of job (KB)
...
006 (112070720.002.000) 05/02 12:43:26 Image size of job updated: 1457308
	1347  -  MemoryUsage of job (MB)
	1379256  -  ResidentSetSize of job (KB)
...
006 (112070720.002.000) 05/02 12:48:27 Image size of job updated: 1716188
	1600  -  MemoryUsage of job (MB)
	1638136  -  ResidentSetSize of job (KB)
...
006 (112070720.002.000) 05/02 12:53:29 Image size of job updated: 2016268
	1893  -  MemoryUsage of job (MB)
	1938216  -  ResidentSetSize of job (KB)
...
006 (112070720.002.000) 05/02 12:58:28 Image size of job updated: 2471244
	2338  -  MemoryUsage of job (MB)
	2393192  -  ResidentSetSize of job (KB)
...
006 (112070720.002.000) 05/02 13:03:29 Image size of job updated: 3021980
	2875  -  MemoryUsage of job (MB)
	2943928  -  ResidentSetSize of job (KB)
...
006 (112070720.002.000) 05/02 13:08:29 Image size of job updated: 3677340
	3515  -  MemoryUsage of job (MB)
	3599288  -  ResidentSetSize of job (KB)
...
006 (112070720.002.000) 05/02 13:13:30 Image size of job updated: 4452828
	4273  -  MemoryUsage of job (MB)
	4374776  -  ResidentSetSize of job (KB)
...
006 (112070720.002.000) 05/02 13:18:31 Image size of job updated: 5185628
	4988  -  MemoryUsage of job (MB)
	5107576  -  ResidentSetSize of job (KB)
...
006 (112070720.002.000) 05/02 13:23:30 Image size of job updated: 5938000
	5723  -  MemoryUsage of job (MB)
	5859948  -  ResidentSetSize of job (KB)
...
006 (112070720.002.000) 05/02 13:28:30 Image size of job updated: 6707436
	6475  -  MemoryUsage of job (MB)
	6629384  -  ResidentSetSize of job (KB)
...
006 (112070720.002.000) 05/02 13:33:33 Image size of job updated: 7408724
	7159  -  MemoryUsage of job (MB)
	7330672  -  ResidentSetSize of job (KB)
...
006 (112070720.002.000) 05/02 13:38:33 Image size of job updated: 8169788
	7903  -  MemoryUsage of job (MB)
	8091736  -  ResidentSetSize of job (KB)
...
006 (112070720.002.000) 05/02 13:44:04 Image size of job updated: 8843008
	8560  -  MemoryUsage of job (MB)
	8764956  -  ResidentSetSize of job (KB)
...
006 (112070720.002.000) 05/02 13:48:34 Image size of job updated: 9389756
	9094  -  MemoryUsage of job (MB)
	9311704  -  ResidentSetSize of job (KB)
...
006 (112070720.002.000) 05/02 13:53:36 Image size of job updated: 9956944
	9648  -  MemoryUsage of job (MB)
	9878892  -  ResidentSetSize of job (KB)
...
006 (112070720.002.000) 05/02 13:58:36 Image size of job updated: 10592844
	10269  -  MemoryUsage of job (MB)
	10514792  -  ResidentSetSize of job (KB)
...
006 (112070720.002.000) 05/02 14:03:36 Image size of job updated: 11273008
	10933  -  MemoryUsage of job (MB)
	11194956  -  ResidentSetSize of job (KB)
...
006 (112070720.002.000) 05/02 14:08:36 Image size of job updated: 11922672
	11568  -  MemoryUsage of job (MB)
	11844620  -  ResidentSetSize of job (KB)
...
006 (112070720.002.000) 05/02 14:13:36 Image size of job updated: 12536212
	12167  -  MemoryUsage of job (MB)
	12458160  -  ResidentSetSize of job (KB)
...
006 (112070720.002.000) 05/02 14:18:36 Image size of job updated: 12978736
	12599  -  MemoryUsage of job (MB)
	12900684  -  ResidentSetSize of job (KB)
...
006 (112070720.002.000) 05/02 14:23:37 Image size of job updated: 13437468
	13047  -  MemoryUsage of job (MB)
	13359416  -  ResidentSetSize of job (KB)
...
006 (112070720.002.000) 05/02 14:28:37 Image size of job updated: 13914312
	13512  -  MemoryUsage of job (MB)
	13836260  -  ResidentSetSize of job (KB)
...
006 (112070720.002.000) 05/02 14:33:37 Image size of job updated: 14561292
	14144  -  MemoryUsage of job (MB)
	14483240  -  ResidentSetSize of job (KB)
...
006 (112070720.002.000) 05/02 14:38:38 Image size of job updated: 15201656
	14770  -  MemoryUsage of job (MB)
	15123604  -  ResidentSetSize of job (KB)
...
006 (112070720.002.000) 05/02 14:43:38 Image size of job updated: 15776280
	15331  -  MemoryUsage of job (MB)
	15698228  -  ResidentSetSize of job (KB)
...
006 (112070720.002.000) 05/02 14:48:39 Image size of job updated: 16293392
	15836  -  MemoryUsage of job (MB)
	16215340  -  ResidentSetSize of job (KB)
...
006 (112070720.002.000) 05/02 14:53:39 Image size of job updated: 16823812
	16354  -  MemoryUsage of job (MB)
	16745760  -  ResidentSetSize of job (KB)
...
006 (112070720.002.000) 05/02 14:58:40 Image size of job updated: 17393016
	16909  -  MemoryUsage of job (MB)
	17314492  -  ResidentSetSize of job (KB)
...
006 (112070720.002.000) 05/02 15:03:40 Image size of job updated: 17708632
	17217  -  MemoryUsage of job (MB)
	17629476  -  ResidentSetSize of job (KB)
...
006 (112070720.002.000) 05/02 15:08:41 Image size of job updated: 18293992
	17787  -  MemoryUsage of job (MB)
	18213640  -  ResidentSetSize of job (KB)
...
006 (112070720.002.000) 05/02 15:13:41 Image size of job updated: 18905964
	18382  -  MemoryUsage of job (MB)
	18822804  -  ResidentSetSize of job (KB)
...
006 (112070720.002.000) 05/02 15:18:41 Image size of job updated: 19338356
	18796  -  MemoryUsage of job (MB)
	19246988  -  ResidentSetSize of job (KB)
...
006 (112070720.002.000) 05/02 15:23:42 Image size of job updated: 19584768
	19032  -  MemoryUsage of job (MB)
	19488380  -  ResidentSetSize of job (KB)
...
006 (112070720.002.000) 05/02 15:28:43 Image size of job updated: 20216100
	19609  -  MemoryUsage of job (MB)
	20079576  -  ResidentSetSize of job (KB)
...
006 (112070720.002.000) 05/02 15:33:43 Image size of job updated: 20860284
	20199  -  MemoryUsage of job (MB)
	20683440  -  ResidentSetSize of job (KB)
...
006 (112070720.002.000) 05/02 15:38:43 Image size of job updated: 21146956
	20410  -  MemoryUsage of job (MB)
	20898964  -  ResidentSetSize of job (KB)
...
006 (112070720.002.000) 05/02 15:43:43 Image size of job updated: 21446512
	20446  -  MemoryUsage of job (MB)
	20936164  -  ResidentSetSize of job (KB)
...
006 (112070720.002.000) 05/02 15:48:44 Image size of job updated: 21882328
	20446  -  MemoryUsage of job (MB)
	20936324  -  ResidentSetSize of job (KB)
...
006 (112070720.002.000) 05/02 15:53:44 Image size of job updated: 22485296
	20454  -  MemoryUsage of job (MB)
	20944652  -  ResidentSetSize of job (KB)
...
006 (112070720.002.000) 05/02 15:58:45 Image size of job updated: 22956376
	20454  -  MemoryUsage of job (MB)
	20944652  -  ResidentSetSize of job (KB)
...
005 (112070720.002.000) 05/02 15:59:57 Job terminated.
	(1) Normal termination (return value 0)
		Usr 0 02:40:11, Sys 0 00:03:38  -  Run Remote Usage
		Usr 0 00:00:00, Sys 0 00:00:00  -  Run Local Usage
		Usr 0 02:40:11, Sys 0 00:03:38  -  Total Remote Usage
		Usr 0 00:00:00, Sys 0 00:00:00  -  Total Local Usage
	22531164  -  Run Bytes Sent By Job
	1780305536  -  Run Bytes Received By Job
	22531164  -  Total Bytes Sent By Job
	1780305536  -  Total Bytes Received By Job
	Partitionable Resources :      Usage  Request Allocated 
	   Cpus                 :       0.88        1         1 
	   Disk (KB)            : 6851753    20971520  21189343 
	   Ioheavy              :                             0 
	   Memory (MB)          :   20454       20480     20480 
...
