000 (112070720.024.000) 05/02 11:02:36 Job submitted from host: <128.104.100.44:9618?addrs=128.104.100.44-9618+[2607-f388-107c-501-90e2-baff-fe2c-2724]-9618&noUDP&sock=4699_0235_3>
...
001 (112070720.024.000) 05/02 11:14:41 Job executing on host: <128.105.245.214:9618?addrs=128.105.245.214-9618&noUDP&sock=5455_4137_3>
...
006 (112070720.024.000) 05/02 11:14:50 Image size of job updated: 612
	1  -  MemoryUsage of job (MB)
	612  -  ResidentSetSize of job (KB)
...
006 (112070720.024.000) 05/02 11:19:52 Image size of job updated: 644
	1  -  MemoryUsage of job (MB)
	644  -  ResidentSetSize of job (KB)
...
006 (112070720.024.000) 05/02 11:24:55 Image size of job updated: 321232
	238  -  MemoryUsage of job (MB)
	243240  -  ResidentSetSize of job (KB)
...
006 (112070720.024.000) 05/02 11:29:54 Image size of job updated: 666168
	575  -  MemoryUsage of job (MB)
	588176  -  ResidentSetSize of job (KB)
...
006 (112070720.024.000) 05/02 11:34:54 Image size of job updated: 1067020
	966  -  MemoryUsage of job (MB)
	988968  -  ResidentSetSize of job (KB)
...
006 (112070720.024.000) 05/02 11:39:55 Image size of job updated: 1557932
	1446  -  MemoryUsage of job (MB)
	1479880  -  ResidentSetSize of job (KB)
...
006 (112070720.024.000) 05/02 11:44:56 Image size of job updated: 2136228
	2010  -  MemoryUsage of job (MB)
	2058176  -  ResidentSetSize of job (KB)
...
006 (112070720.024.000) 05/02 11:49:56 Image size of job updated: 2789424
	2648  -  MemoryUsage of job (MB)
	2711372  -  ResidentSetSize of job (KB)
...
006 (112070720.024.000) 05/02 11:54:56 Image size of job updated: 3628340
	3468  -  MemoryUsage of job (MB)
	3550288  -  ResidentSetSize of job (KB)
...
006 (112070720.024.000) 05/02 11:59:57 Image size of job updated: 4480920
	4300  -  MemoryUsage of job (MB)
	4402868  -  ResidentSetSize of job (KB)
...
006 (112070720.024.000) 05/02 12:04:57 Image size of job updated: 5298096
	5098  -  MemoryUsage of job (MB)
	5220044  -  ResidentSetSize of job (KB)
...
006 (112070720.024.000) 05/02 12:09:57 Image size of job updated: 6199320
	5978  -  MemoryUsage of job (MB)
	6121268  -  ResidentSetSize of job (KB)
...
006 (112070720.024.000) 05/02 12:14:58 Image size of job updated: 7001028
	6761  -  MemoryUsage of job (MB)
	6922976  -  ResidentSetSize of job (KB)
...
006 (112070720.024.000) 05/02 12:19:58 Image size of job updated: 7741632
	7484  -  MemoryUsage of job (MB)
	7663580  -  ResidentSetSize of job (KB)
...
006 (112070720.024.000) 05/02 12:24:58 Image size of job updated: 8478736
	8204  -  MemoryUsage of job (MB)
	8400684  -  ResidentSetSize of job (KB)
...
006 (112070720.024.000) 05/02 12:30:00 Image size of job updated: 9195828
	8905  -  MemoryUsage of job (MB)
	9117776  -  ResidentSetSize of job (KB)
...
006 (112070720.024.000) 05/02 12:35:00 Image size of job updated: 9849568
	9543  -  MemoryUsage of job (MB)
	9771516  -  ResidentSetSize of job (KB)
...
006 (112070720.024.000) 05/02 12:40:00 Image size of job updated: 10541788
	10219  -  MemoryUsage of job (MB)
	10463736  -  ResidentSetSize of job (KB)
...
006 (112070720.024.000) 05/02 12:45:02 Image size of job updated: 11279836
	10940  -  MemoryUsage of job (MB)
	11201784  -  ResidentSetSize of job (KB)
...
006 (112070720.024.000) 05/02 12:50:02 Image size of job updated: 11935688
	11580  -  MemoryUsage of job (MB)
	11857636  -  ResidentSetSize of job (KB)
...
006 (112070720.024.000) 05/02 12:55:03 Image size of job updated: 12546860
	12177  -  MemoryUsage of job (MB)
	12468808  -  ResidentSetSize of job (KB)
...
006 (112070720.024.000) 05/02 13:00:03 Image size of job updated: 13183100
	12798  -  MemoryUsage of job (MB)
	13105048  -  ResidentSetSize of job (KB)
...
006 (112070720.024.000) 05/02 13:05:04 Image size of job updated: 13824320
	13425  -  MemoryUsage of job (MB)
	13746268  -  ResidentSetSize of job (KB)
...
006 (112070720.024.000) 05/02 13:10:04 Image size of job updated: 14485528
	14070  -  MemoryUsage of job (MB)
	14407476  -  ResidentSetSize of job (KB)
...
006 (112070720.024.000) 05/02 13:15:04 Image size of job updated: 15020704
	14593  -  MemoryUsage of job (MB)
	14942652  -  ResidentSetSize of job (KB)
...
006 (112070720.024.000) 05/02 13:20:05 Image size of job updated: 15764284
	15319  -  MemoryUsage of job (MB)
	15686232  -  ResidentSetSize of job (KB)
...
006 (112070720.024.000) 05/02 13:25:06 Image size of job updated: 16484452
	16022  -  MemoryUsage of job (MB)
	16406400  -  ResidentSetSize of job (KB)
...
006 (112070720.024.000) 05/02 13:30:06 Image size of job updated: 17128636
	16651  -  MemoryUsage of job (MB)
	17050584  -  ResidentSetSize of job (KB)
...
006 (112070720.024.000) 05/02 13:35:06 Image size of job updated: 17897912
	17401  -  MemoryUsage of job (MB)
	17818616  -  ResidentSetSize of job (KB)
...
006 (112070720.024.000) 05/02 13:40:07 Image size of job updated: 18589196
	18074  -  MemoryUsage of job (MB)
	18507444  -  ResidentSetSize of job (KB)
...
006 (112070720.024.000) 05/02 13:45:08 Image size of job updated: 19292364
	18756  -  MemoryUsage of job (MB)
	19205592  -  ResidentSetSize of job (KB)
...
006 (112070720.024.000) 05/02 13:50:08 Image size of job updated: 19944424
	19370  -  MemoryUsage of job (MB)
	19834272  -  ResidentSetSize of job (KB)
...
006 (112070720.024.000) 05/02 13:55:10 Image size of job updated: 20799200
	20144  -  MemoryUsage of job (MB)
	20626564  -  ResidentSetSize of job (KB)
...
006 (112070720.024.000) 05/02 14:00:10 Image size of job updated: 21275592
	20423  -  MemoryUsage of job (MB)
	20913140  -  ResidentSetSize of job (KB)
...
006 (112070720.024.000) 05/02 14:05:10 Image size of job updated: 21861952
	20435  -  MemoryUsage of job (MB)
	20924616  -  ResidentSetSize of job (KB)
...
006 (112070720.024.000) 05/02 14:10:11 Image size of job updated: 22553512
	20446  -  MemoryUsage of job (MB)
	20935916  -  ResidentSetSize of job (KB)
...
006 (112070720.024.000) 05/02 14:15:12 Image size of job updated: 23012112
	20446  -  MemoryUsage of job (MB)
	20935916  -  ResidentSetSize of job (KB)
...
005 (112070720.024.000) 05/02 14:15:54 Job terminated.
	(1) Normal termination (return value 0)
		Usr 0 02:37:06, Sys 0 00:02:35  -  Run Remote Usage
		Usr 0 00:00:00, Sys 0 00:00:00  -  Run Local Usage
		Usr 0 02:37:06, Sys 0 00:02:35  -  Total Remote Usage
		Usr 0 00:00:00, Sys 0 00:00:00  -  Total Local Usage
	22548856  -  Run Bytes Sent By Job
	1780305536  -  Run Bytes Received By Job
	22548856  -  Total Bytes Sent By Job
	1780305536  -  Total Bytes Received By Job
	Partitionable Resources :      Usage  Request Allocated 
	   Cpus                 :       0.76        1         1 
	   Disk (KB)            : 6851770    20971520  21431792 
	   Ioheavy              :                             0 
	   Memory (MB)          :   20446       20480     20480 
...
