000 (112070720.151.000) 05/02 11:02:36 Job submitted from host: <128.104.100.44:9618?addrs=128.104.100.44-9618+[2607-f388-107c-501-90e2-baff-fe2c-2724]-9618&noUDP&sock=4699_0235_3>
...
001 (112070720.151.000) 05/02 17:17:39 Job executing on host: <128.105.245.209:9618?addrs=128.105.245.209-9618&noUDP&sock=5422_9e97_3>
...
006 (112070720.151.000) 05/02 17:17:48 Image size of job updated: 620
	1  -  MemoryUsage of job (MB)
	620  -  ResidentSetSize of job (KB)
...
006 (112070720.151.000) 05/02 17:22:50 Image size of job updated: 652
	1  -  MemoryUsage of job (MB)
	652  -  ResidentSetSize of job (KB)
...
006 (112070720.151.000) 05/02 17:27:50 Image size of job updated: 501696
	414  -  MemoryUsage of job (MB)
	423704  -  ResidentSetSize of job (KB)
...
006 (112070720.151.000) 05/02 17:32:50 Image size of job updated: 883096
	787  -  MemoryUsage of job (MB)
	805044  -  ResidentSetSize of job (KB)
...
006 (112070720.151.000) 05/02 17:37:50 Image size of job updated: 1373712
	1266  -  MemoryUsage of job (MB)
	1295660  -  ResidentSetSize of job (KB)
...
006 (112070720.151.000) 05/02 17:42:51 Image size of job updated: 1989104
	1867  -  MemoryUsage of job (MB)
	1911052  -  ResidentSetSize of job (KB)
...
006 (112070720.151.000) 05/02 17:47:52 Image size of job updated: 2724176
	2585  -  MemoryUsage of job (MB)
	2646124  -  ResidentSetSize of job (KB)
...
006 (112070720.151.000) 05/02 17:52:52 Image size of job updated: 3618432
	3458  -  MemoryUsage of job (MB)
	3540380  -  ResidentSetSize of job (KB)
...
006 (112070720.151.000) 05/02 17:57:52 Image size of job updated: 4537904
	4356  -  MemoryUsage of job (MB)
	4459852  -  ResidentSetSize of job (KB)
...
006 (112070720.151.000) 05/02 18:02:53 Image size of job updated: 5433404
	5230  -  MemoryUsage of job (MB)
	5355352  -  ResidentSetSize of job (KB)
...
006 (112070720.151.000) 05/02 18:07:54 Image size of job updated: 6356496
	6132  -  MemoryUsage of job (MB)
	6278444  -  ResidentSetSize of job (KB)
...
006 (112070720.151.000) 05/02 18:12:54 Image size of job updated: 7094736
	6853  -  MemoryUsage of job (MB)
	7016684  -  ResidentSetSize of job (KB)
...
006 (112070720.151.000) 05/02 18:17:55 Image size of job updated: 7931316
	7670  -  MemoryUsage of job (MB)
	7853264  -  ResidentSetSize of job (KB)
...
006 (112070720.151.000) 05/02 18:22:56 Image size of job updated: 8820236
	8538  -  MemoryUsage of job (MB)
	8742184  -  ResidentSetSize of job (KB)
...
006 (112070720.151.000) 05/02 18:27:57 Image size of job updated: 9467576
	9170  -  MemoryUsage of job (MB)
	9389524  -  ResidentSetSize of job (KB)
...
006 (112070720.151.000) 05/02 18:32:57 Image size of job updated: 10170532
	9856  -  MemoryUsage of job (MB)
	10092480  -  ResidentSetSize of job (KB)
...
006 (112070720.151.000) 05/02 18:37:57 Image size of job updated: 10776516
	10423  -  MemoryUsage of job (MB)
	10672260  -  ResidentSetSize of job (KB)
...
006 (112070720.151.000) 05/02 18:42:57 Image size of job updated: 11461768
	11077  -  MemoryUsage of job (MB)
	11342216  -  ResidentSetSize of job (KB)
...
006 (112070720.151.000) 05/02 18:47:57 Image size of job updated: 12149892
	11743  -  MemoryUsage of job (MB)
	12024384  -  ResidentSetSize of job (KB)
...
006 (112070720.151.000) 05/02 18:52:58 Image size of job updated: 12757472
	12336  -  MemoryUsage of job (MB)
	12631980  -  ResidentSetSize of job (KB)
...
006 (112070720.151.000) 05/02 18:57:57 Image size of job updated: 13448500
	13011  -  MemoryUsage of job (MB)
	13323008  -  ResidentSetSize of job (KB)
...
006 (112070720.151.000) 05/02 19:02:58 Image size of job updated: 14059856
	13608  -  MemoryUsage of job (MB)
	13934364  -  ResidentSetSize of job (KB)
...
006 (112070720.151.000) 05/02 19:07:58 Image size of job updated: 14772240
	14304  -  MemoryUsage of job (MB)
	14646748  -  ResidentSetSize of job (KB)
...
006 (112070720.151.000) 05/02 19:12:59 Image size of job updated: 15410624
	14927  -  MemoryUsage of job (MB)
	15285132  -  ResidentSetSize of job (KB)
...
006 (112070720.151.000) 05/02 19:17:59 Image size of job updated: 16085944
	15587  -  MemoryUsage of job (MB)
	15960452  -  ResidentSetSize of job (KB)
...
006 (112070720.151.000) 05/02 19:23:00 Image size of job updated: 16743388
	16228  -  MemoryUsage of job (MB)
	16617424  -  ResidentSetSize of job (KB)
...
006 (112070720.151.000) 05/02 19:28:00 Image size of job updated: 17384080
	16851  -  MemoryUsage of job (MB)
	17254632  -  ResidentSetSize of job (KB)
...
006 (112070720.151.000) 05/02 19:33:00 Image size of job updated: 18161480
	17607  -  MemoryUsage of job (MB)
	18028844  -  ResidentSetSize of job (KB)
...
006 (112070720.151.000) 05/02 19:38:01 Image size of job updated: 18844324
	18273  -  MemoryUsage of job (MB)
	18710948  -  ResidentSetSize of job (KB)
...
006 (112070720.151.000) 05/02 19:43:01 Image size of job updated: 19494268
	18911  -  MemoryUsage of job (MB)
	19364712  -  ResidentSetSize of job (KB)
...
006 (112070720.151.000) 05/02 19:48:01 Image size of job updated: 20163136
	19558  -  MemoryUsage of job (MB)
	20027384  -  ResidentSetSize of job (KB)
...
033 (112070720.151.000) 05/02 19:51:27 Changing job attribute JobPrio from 0 to 10
...
006 (112070720.151.000) 05/02 19:53:02 Image size of job updated: 20817160
	20152  -  MemoryUsage of job (MB)
	20635400  -  ResidentSetSize of job (KB)
...
006 (112070720.151.000) 05/02 19:58:03 Image size of job updated: 21262904
	20417  -  MemoryUsage of job (MB)
	20906656  -  ResidentSetSize of job (KB)
...
006 (112070720.151.000) 05/02 20:03:03 Image size of job updated: 21885632
	20433  -  MemoryUsage of job (MB)
	20923060  -  ResidentSetSize of job (KB)
...
006 (112070720.151.000) 05/02 20:08:05 Image size of job updated: 22608140
	20435  -  MemoryUsage of job (MB)
	20924788  -  ResidentSetSize of job (KB)
...
006 (112070720.151.000) 05/02 20:11:47 Image size of job updated: 23075392
	20435  -  MemoryUsage of job (MB)
	20924812  -  ResidentSetSize of job (KB)
...
005 (112070720.151.000) 05/02 20:11:49 Job terminated.
	(1) Normal termination (return value 0)
		Usr 0 02:37:49, Sys 0 00:03:19  -  Run Remote Usage
		Usr 0 00:00:00, Sys 0 00:00:00  -  Run Local Usage
		Usr 0 02:37:49, Sys 0 00:03:19  -  Total Remote Usage
		Usr 0 00:00:00, Sys 0 00:00:00  -  Total Local Usage
	22380076  -  Run Bytes Sent By Job
	1780305536  -  Run Bytes Received By Job
	22380076  -  Total Bytes Sent By Job
	1780305536  -  Total Bytes Received By Job
	Partitionable Resources :      Usage  Request Allocated 
	   Cpus                 :       1.00        1         1 
	   Disk (KB)            : 6851605    20971520  25285865 
	   Ioheavy              :                             0 
	   Memory (MB)          :   20435       20480     20480 
...
