000 (112070720.017.000) 05/02 11:02:36 Job submitted from host: <128.104.100.44:9618?addrs=128.104.100.44-9618+[2607-f388-107c-501-90e2-baff-fe2c-2724]-9618&noUDP&sock=4699_0235_3>
...
001 (112070720.017.000) 05/02 11:13:27 Job executing on host: <128.105.245.153:9618?addrs=128.105.245.153-9618&noUDP&sock=5476_a8b4_29>
...
006 (112070720.017.000) 05/02 11:13:35 Image size of job updated: 624
	1  -  MemoryUsage of job (MB)
	624  -  ResidentSetSize of job (KB)
...
006 (112070720.017.000) 05/02 11:18:36 Image size of job updated: 652
	1  -  MemoryUsage of job (MB)
	652  -  ResidentSetSize of job (KB)
...
006 (112070720.017.000) 05/02 11:23:37 Image size of job updated: 343916
	260  -  MemoryUsage of job (MB)
	265924  -  ResidentSetSize of job (KB)
...
006 (112070720.017.000) 05/02 11:28:38 Image size of job updated: 729044
	636  -  MemoryUsage of job (MB)
	651052  -  ResidentSetSize of job (KB)
...
006 (112070720.017.000) 05/02 11:33:39 Image size of job updated: 1118972
	1017  -  MemoryUsage of job (MB)
	1040920  -  ResidentSetSize of job (KB)
...
006 (112070720.017.000) 05/02 11:38:40 Image size of job updated: 1654628
	1540  -  MemoryUsage of job (MB)
	1576576  -  ResidentSetSize of job (KB)
...
006 (112070720.017.000) 05/02 11:43:40 Image size of job updated: 2316316
	2186  -  MemoryUsage of job (MB)
	2238264  -  ResidentSetSize of job (KB)
...
006 (112070720.017.000) 05/02 11:48:40 Image size of job updated: 3022880
	2876  -  MemoryUsage of job (MB)
	2944828  -  ResidentSetSize of job (KB)
...
006 (112070720.017.000) 05/02 11:53:40 Image size of job updated: 3846136
	3680  -  MemoryUsage of job (MB)
	3768084  -  ResidentSetSize of job (KB)
...
006 (112070720.017.000) 05/02 11:58:41 Image size of job updated: 4613708
	4430  -  MemoryUsage of job (MB)
	4535656  -  ResidentSetSize of job (KB)
...
006 (112070720.017.000) 05/02 12:03:42 Image size of job updated: 5306032
	5106  -  MemoryUsage of job (MB)
	5227980  -  ResidentSetSize of job (KB)
...
006 (112070720.017.000) 05/02 12:08:41 Image size of job updated: 6231536
	6010  -  MemoryUsage of job (MB)
	6153484  -  ResidentSetSize of job (KB)
...
006 (112070720.017.000) 05/02 12:13:42 Image size of job updated: 7044384
	6804  -  MemoryUsage of job (MB)
	6966332  -  ResidentSetSize of job (KB)
...
006 (112070720.017.000) 05/02 12:18:42 Image size of job updated: 7869568
	7609  -  MemoryUsage of job (MB)
	7791516  -  ResidentSetSize of job (KB)
...
006 (112070720.017.000) 05/02 12:23:43 Image size of job updated: 8639444
	8361  -  MemoryUsage of job (MB)
	8561392  -  ResidentSetSize of job (KB)
...
006 (112070720.017.000) 05/02 12:28:43 Image size of job updated: 9425756
	9129  -  MemoryUsage of job (MB)
	9347704  -  ResidentSetSize of job (KB)
...
006 (112070720.017.000) 05/02 12:33:43 Image size of job updated: 10113048
	9800  -  MemoryUsage of job (MB)
	10034996  -  ResidentSetSize of job (KB)
...
006 (112070720.017.000) 05/02 12:38:44 Image size of job updated: 10726000
	10399  -  MemoryUsage of job (MB)
	10647948  -  ResidentSetSize of job (KB)
...
006 (112070720.017.000) 05/02 12:43:45 Image size of job updated: 11391016
	11048  -  MemoryUsage of job (MB)
	11312964  -  ResidentSetSize of job (KB)
...
006 (112070720.017.000) 05/02 12:48:45 Image size of job updated: 12085272
	11726  -  MemoryUsage of job (MB)
	12007220  -  ResidentSetSize of job (KB)
...
006 (112070720.017.000) 05/02 12:53:45 Image size of job updated: 12686212
	12313  -  MemoryUsage of job (MB)
	12608160  -  ResidentSetSize of job (KB)
...
006 (112070720.017.000) 05/02 12:58:47 Image size of job updated: 13357080
	12968  -  MemoryUsage of job (MB)
	13279028  -  ResidentSetSize of job (KB)
...
006 (112070720.017.000) 05/02 13:03:47 Image size of job updated: 13975752
	13572  -  MemoryUsage of job (MB)
	13897700  -  ResidentSetSize of job (KB)
...
006 (112070720.017.000) 05/02 13:08:47 Image size of job updated: 14647360
	14228  -  MemoryUsage of job (MB)
	14569308  -  ResidentSetSize of job (KB)
...
006 (112070720.017.000) 05/02 13:13:49 Image size of job updated: 15314920
	14880  -  MemoryUsage of job (MB)
	15236868  -  ResidentSetSize of job (KB)
...
006 (112070720.017.000) 05/02 13:18:49 Image size of job updated: 16058392
	15606  -  MemoryUsage of job (MB)
	15979976  -  ResidentSetSize of job (KB)
...
006 (112070720.017.000) 05/02 13:23:49 Image size of job updated: 16761316
	16291  -  MemoryUsage of job (MB)
	16681960  -  ResidentSetSize of job (KB)
...
006 (112070720.017.000) 05/02 13:28:50 Image size of job updated: 17411800
	16927  -  MemoryUsage of job (MB)
	17332304  -  ResidentSetSize of job (KB)
...
006 (112070720.017.000) 05/02 13:33:51 Image size of job updated: 18174764
	17667  -  MemoryUsage of job (MB)
	18090360  -  ResidentSetSize of job (KB)
...
006 (112070720.017.000) 05/02 13:38:52 Image size of job updated: 18858492
	18322  -  MemoryUsage of job (MB)
	18761100  -  ResidentSetSize of job (KB)
...
006 (112070720.017.000) 05/02 13:43:52 Image size of job updated: 19545080
	18965  -  MemoryUsage of job (MB)
	19419324  -  ResidentSetSize of job (KB)
...
006 (112070720.017.000) 05/02 13:48:52 Image size of job updated: 20222188
	19590  -  MemoryUsage of job (MB)
	20060096  -  ResidentSetSize of job (KB)
...
006 (112070720.017.000) 05/02 13:53:53 Image size of job updated: 20944644
	20102  -  MemoryUsage of job (MB)
	20584092  -  ResidentSetSize of job (KB)
...
006 (112070720.017.000) 05/02 13:58:55 Image size of job updated: 21566572
	20392  -  MemoryUsage of job (MB)
	20881404  -  ResidentSetSize of job (KB)
...
006 (112070720.017.000) 05/02 14:03:55 Image size of job updated: 22101536
	20452  -  MemoryUsage of job (MB)
	20942160  -  ResidentSetSize of job (KB)
...
006 (112070720.017.000) 05/02 14:08:55 Image size of job updated: 22638312
	20452  -  MemoryUsage of job (MB)
	20942160  -  ResidentSetSize of job (KB)
...
005 (112070720.017.000) 05/02 14:12:33 Job terminated.
	(1) Normal termination (return value 0)
		Usr 0 02:40:05, Sys 0 00:02:30  -  Run Remote Usage
		Usr 0 00:00:00, Sys 0 00:00:00  -  Run Local Usage
		Usr 0 02:40:05, Sys 0 00:02:30  -  Total Remote Usage
		Usr 0 00:00:00, Sys 0 00:00:00  -  Total Local Usage
	22522724  -  Run Bytes Sent By Job
	1780305536  -  Run Bytes Received By Job
	22522724  -  Total Bytes Sent By Job
	1780305536  -  Total Bytes Received By Job
	Partitionable Resources :      Usage  Request Allocated 
	   Cpus                 :       0.85        1         1 
	   Disk (KB)            : 6851743    20971520  21124989 
	   Ioheavy              :                             0 
	   Memory (MB)          :   20452       20480     20480 
...
