000 (112070733.174.000) 05/02 11:03:23 Job submitted from host: <128.104.100.44:9618?addrs=128.104.100.44-9618+[2607-f388-107c-501-90e2-baff-fe2c-2724]-9618&noUDP&sock=4699_0235_3>
...
001 (112070733.174.000) 05/03 06:33:31 Job executing on host: <128.105.245.236:9618?addrs=128.105.245.236-9618&noUDP&sock=5457_a067_3>
...
006 (112070733.174.000) 05/03 06:33:40 Image size of job updated: 620
	1  -  MemoryUsage of job (MB)
	620  -  ResidentSetSize of job (KB)
...
006 (112070733.174.000) 05/03 06:38:41 Image size of job updated: 189552
	112  -  MemoryUsage of job (MB)
	114600  -  ResidentSetSize of job (KB)
...
006 (112070733.174.000) 05/03 06:43:42 Image size of job updated: 609528
	520  -  MemoryUsage of job (MB)
	531532  -  ResidentSetSize of job (KB)
...
006 (112070733.174.000) 05/03 06:48:43 Image size of job updated: 1042024
	942  -  MemoryUsage of job (MB)
	963972  -  ResidentSetSize of job (KB)
...
006 (112070733.174.000) 05/03 06:53:44 Image size of job updated: 1403664
	1295  -  MemoryUsage of job (MB)
	1325612  -  ResidentSetSize of job (KB)
...
006 (112070733.174.000) 05/03 06:58:44 Image size of job updated: 1815364
	1697  -  MemoryUsage of job (MB)
	1737312  -  ResidentSetSize of job (KB)
...
006 (112070733.174.000) 05/03 07:03:44 Image size of job updated: 2245276
	2117  -  MemoryUsage of job (MB)
	2167224  -  ResidentSetSize of job (KB)
...
006 (112070733.174.000) 05/03 07:08:44 Image size of job updated: 2814876
	2673  -  MemoryUsage of job (MB)
	2736824  -  ResidentSetSize of job (KB)
...
006 (112070733.174.000) 05/03 07:13:45 Image size of job updated: 3679468
	3518  -  MemoryUsage of job (MB)
	3601416  -  ResidentSetSize of job (KB)
...
006 (112070733.174.000) 05/03 07:18:46 Image size of job updated: 4575208
	4392  -  MemoryUsage of job (MB)
	4497156  -  ResidentSetSize of job (KB)
...
006 (112070733.174.000) 05/03 07:23:47 Image size of job updated: 5433632
	5231  -  MemoryUsage of job (MB)
	5355580  -  ResidentSetSize of job (KB)
...
006 (112070733.174.000) 05/03 07:28:48 Image size of job updated: 6396560
	6171  -  MemoryUsage of job (MB)
	6318508  -  ResidentSetSize of job (KB)
...
006 (112070733.174.000) 05/03 07:33:48 Image size of job updated: 7246656
	7001  -  MemoryUsage of job (MB)
	7168604  -  ResidentSetSize of job (KB)
...
006 (112070733.174.000) 05/03 07:38:48 Image size of job updated: 8094948
	7829  -  MemoryUsage of job (MB)
	8016896  -  ResidentSetSize of job (KB)
...
006 (112070733.174.000) 05/03 07:43:48 Image size of job updated: 8846540
	8563  -  MemoryUsage of job (MB)
	8768488  -  ResidentSetSize of job (KB)
...
006 (112070733.174.000) 05/03 07:48:49 Image size of job updated: 9589292
	9289  -  MemoryUsage of job (MB)
	9511240  -  ResidentSetSize of job (KB)
...
006 (112070733.174.000) 05/03 07:53:50 Image size of job updated: 10190356
	9876  -  MemoryUsage of job (MB)
	10112304  -  ResidentSetSize of job (KB)
...
006 (112070733.174.000) 05/03 07:58:52 Image size of job updated: 10865276
	10535  -  MemoryUsage of job (MB)
	10787224  -  ResidentSetSize of job (KB)
...
006 (112070733.174.000) 05/03 08:03:52 Image size of job updated: 11480820
	11136  -  MemoryUsage of job (MB)
	11402768  -  ResidentSetSize of job (KB)
...
006 (112070733.174.000) 05/03 08:08:52 Image size of job updated: 12158352
	11798  -  MemoryUsage of job (MB)
	12080300  -  ResidentSetSize of job (KB)
...
006 (112070733.174.000) 05/03 08:13:53 Image size of job updated: 12895444
	12517  -  MemoryUsage of job (MB)
	12817392  -  ResidentSetSize of job (KB)
...
006 (112070733.174.000) 05/03 08:18:53 Image size of job updated: 13570512
	13177  -  MemoryUsage of job (MB)
	13492460  -  ResidentSetSize of job (KB)
...
006 (112070733.174.000) 05/03 08:23:53 Image size of job updated: 14224588
	13815  -  MemoryUsage of job (MB)
	14146536  -  ResidentSetSize of job (KB)
...
006 (112070733.174.000) 05/03 08:28:53 Image size of job updated: 14917360
	14492  -  MemoryUsage of job (MB)
	14839308  -  ResidentSetSize of job (KB)
...
006 (112070733.174.000) 05/03 08:33:53 Image size of job updated: 15555120
	15115  -  MemoryUsage of job (MB)
	15477068  -  ResidentSetSize of job (KB)
...
006 (112070733.174.000) 05/03 08:38:54 Image size of job updated: 16259948
	15802  -  MemoryUsage of job (MB)
	16180560  -  ResidentSetSize of job (KB)
...
006 (112070733.174.000) 05/03 08:43:55 Image size of job updated: 16829920
	16355  -  MemoryUsage of job (MB)
	16747460  -  ResidentSetSize of job (KB)
...
006 (112070733.174.000) 05/03 08:48:55 Image size of job updated: 17536092
	17043  -  MemoryUsage of job (MB)
	17451072  -  ResidentSetSize of job (KB)
...
006 (112070733.174.000) 05/03 08:53:56 Image size of job updated: 17958076
	17454  -  MemoryUsage of job (MB)
	17872288  -  ResidentSetSize of job (KB)
...
006 (112070733.174.000) 05/03 08:58:56 Image size of job updated: 18492120
	17974  -  MemoryUsage of job (MB)
	18405052  -  ResidentSetSize of job (KB)
...
