000 (112070720.038.000) 05/02 11:02:36 Job submitted from host: <128.104.100.44:9618?addrs=128.104.100.44-9618+[2607-f388-107c-501-90e2-baff-fe2c-2724]-9618&noUDP&sock=4699_0235_3>
...
001 (112070720.038.000) 05/02 14:00:04 Job executing on host: <128.105.245.177:9618?addrs=128.105.245.177-9618&noUDP&sock=5454_919e_46>
...
006 (112070720.038.000) 05/02 14:00:13 Image size of job updated: 628
	1  -  MemoryUsage of job (MB)
	628  -  ResidentSetSize of job (KB)
...
006 (112070720.038.000) 05/02 14:05:15 Image size of job updated: 668
	1  -  MemoryUsage of job (MB)
	668  -  ResidentSetSize of job (KB)
...
006 (112070720.038.000) 05/02 14:10:15 Image size of job updated: 533828
	446  -  MemoryUsage of job (MB)
	455836  -  ResidentSetSize of job (KB)
...
006 (112070720.038.000) 05/02 14:15:16 Image size of job updated: 923904
	827  -  MemoryUsage of job (MB)
	845852  -  ResidentSetSize of job (KB)
...
006 (112070720.038.000) 05/02 14:20:16 Image size of job updated: 1470272
	1360  -  MemoryUsage of job (MB)
	1392220  -  ResidentSetSize of job (KB)
...
006 (112070720.038.000) 05/02 14:25:17 Image size of job updated: 2092904
	1968  -  MemoryUsage of job (MB)
	2014852  -  ResidentSetSize of job (KB)
...
006 (112070720.038.000) 05/02 14:30:17 Image size of job updated: 2874768
	2732  -  MemoryUsage of job (MB)
	2796716  -  ResidentSetSize of job (KB)
...
006 (112070720.038.000) 05/02 14:35:17 Image size of job updated: 3697036
	3535  -  MemoryUsage of job (MB)
	3618984  -  ResidentSetSize of job (KB)
...
006 (112070720.038.000) 05/02 14:40:18 Image size of job updated: 4562332
	4380  -  MemoryUsage of job (MB)
	4484280  -  ResidentSetSize of job (KB)
...
006 (112070720.038.000) 05/02 14:45:20 Image size of job updated: 5401712
	5199  -  MemoryUsage of job (MB)
	5323660  -  ResidentSetSize of job (KB)
...
006 (112070720.038.000) 05/02 14:50:20 Image size of job updated: 6229976
	6008  -  MemoryUsage of job (MB)
	6151924  -  ResidentSetSize of job (KB)
...
006 (112070720.038.000) 05/02 14:55:21 Image size of job updated: 7024456
	6784  -  MemoryUsage of job (MB)
	6946404  -  ResidentSetSize of job (KB)
...
006 (112070720.038.000) 05/02 15:00:22 Image size of job updated: 7735896
	7479  -  MemoryUsage of job (MB)
	7657844  -  ResidentSetSize of job (KB)
...
006 (112070720.038.000) 05/02 15:05:22 Image size of job updated: 8531680
	8256  -  MemoryUsage of job (MB)
	8453628  -  ResidentSetSize of job (KB)
...
006 (112070720.038.000) 05/02 15:10:22 Image size of job updated: 9373104
	9078  -  MemoryUsage of job (MB)
	9295052  -  ResidentSetSize of job (KB)
...
006 (112070720.038.000) 05/02 15:15:22 Image size of job updated: 10128112
	9815  -  MemoryUsage of job (MB)
	10050060  -  ResidentSetSize of job (KB)
...
006 (112070720.038.000) 05/02 15:20:23 Image size of job updated: 10816960
	10488  -  MemoryUsage of job (MB)
	10738908  -  ResidentSetSize of job (KB)
...
006 (112070720.038.000) 05/02 15:25:23 Image size of job updated: 11548576
	11202  -  MemoryUsage of job (MB)
	11470524  -  ResidentSetSize of job (KB)
...
006 (112070720.038.000) 05/02 15:30:24 Image size of job updated: 12294740
	11931  -  MemoryUsage of job (MB)
	12216688  -  ResidentSetSize of job (KB)
...
006 (112070720.038.000) 05/02 15:35:24 Image size of job updated: 13026380
	12645  -  MemoryUsage of job (MB)
	12948328  -  ResidentSetSize of job (KB)
...
006 (112070720.038.000) 05/02 15:40:24 Image size of job updated: 13786600
	13388  -  MemoryUsage of job (MB)
	13708548  -  ResidentSetSize of job (KB)
...
006 (112070720.038.000) 05/02 15:45:25 Image size of job updated: 14498832
	14083  -  MemoryUsage of job (MB)
	14420780  -  ResidentSetSize of job (KB)
...
006 (112070720.038.000) 05/02 15:50:26 Image size of job updated: 15193852
	14762  -  MemoryUsage of job (MB)
	15115800  -  ResidentSetSize of job (KB)
...
006 (112070720.038.000) 05/02 15:55:26 Image size of job updated: 15835944
	15388  -  MemoryUsage of job (MB)
	15756948  -  ResidentSetSize of job (KB)
...
006 (112070720.038.000) 05/02 16:00:26 Image size of job updated: 16554668
	16089  -  MemoryUsage of job (MB)
	16474436  -  ResidentSetSize of job (KB)
...
006 (112070720.038.000) 05/02 16:05:27 Image size of job updated: 17312612
	16828  -  MemoryUsage of job (MB)
	17230916  -  ResidentSetSize of job (KB)
...
006 (112070720.038.000) 05/02 16:10:28 Image size of job updated: 18022608
	17519  -  MemoryUsage of job (MB)
	17938580  -  ResidentSetSize of job (KB)
...
006 (112070720.038.000) 05/02 16:15:29 Image size of job updated: 18876032
	18349  -  MemoryUsage of job (MB)
	18789228  -  ResidentSetSize of job (KB)
...
006 (112070720.038.000) 05/02 16:20:29 Image size of job updated: 19608244
	19055  -  MemoryUsage of job (MB)
	19511528  -  ResidentSetSize of job (KB)
...
006 (112070720.038.000) 05/02 16:25:29 Image size of job updated: 20426052
	19784  -  MemoryUsage of job (MB)
	20258304  -  ResidentSetSize of job (KB)
...
006 (112070720.038.000) 05/02 16:30:29 Image size of job updated: 21114400
	20335  -  MemoryUsage of job (MB)
	20822664  -  ResidentSetSize of job (KB)
...
006 (112070720.038.000) 05/02 16:35:30 Image size of job updated: 21620636
	20443  -  MemoryUsage of job (MB)
	20933016  -  ResidentSetSize of job (KB)
...
006 (112070720.038.000) 05/02 16:40:30 Image size of job updated: 22248832
	20465  -  MemoryUsage of job (MB)
	20955848  -  ResidentSetSize of job (KB)
...
006 (112070720.038.000) 05/02 16:45:31 Image size of job updated: 22949256
	20465  -  MemoryUsage of job (MB)
	20955848  -  ResidentSetSize of job (KB)
...
006 (112070720.038.000) 05/02 16:47:00 Image size of job updated: 23076528
	20465  -  MemoryUsage of job (MB)
	20955848  -  ResidentSetSize of job (KB)
...
005 (112070720.038.000) 05/02 16:47:02 Job terminated.
	(1) Normal termination (return value 0)
		Usr 0 02:30:40, Sys 0 00:02:30  -  Run Remote Usage
		Usr 0 00:00:00, Sys 0 00:00:00  -  Run Local Usage
		Usr 0 02:30:40, Sys 0 00:02:30  -  Total Remote Usage
		Usr 0 00:00:00, Sys 0 00:00:00  -  Total Local Usage
	22453476  -  Run Bytes Sent By Job
	1780305536  -  Run Bytes Received By Job
	22453476  -  Total Bytes Sent By Job
	1780305536  -  Total Bytes Received By Job
	Partitionable Resources :      Usage  Request Allocated 
	   Cpus                 :       1.00        1         1 
	   Disk (KB)            : 6851678    20971520  21145272 
	   Ioheavy              :                             0 
	   Memory (MB)          :   20465       20480     20480 
...
