000 (112070720.052.000) 05/02 11:02:36 Job submitted from host: <128.104.100.44:9618?addrs=128.104.100.44-9618+[2607-f388-107c-501-90e2-baff-fe2c-2724]-9618&noUDP&sock=4699_0235_3>
...
001 (112070720.052.000) 05/02 14:42:58 Job executing on host: <128.105.245.203:9618?addrs=128.105.245.203-9618&noUDP&sock=38396_0a74_3>
...
006 (112070720.052.000) 05/02 14:43:07 Image size of job updated: 624
	1  -  MemoryUsage of job (MB)
	624  -  ResidentSetSize of job (KB)
...
006 (112070720.052.000) 05/02 14:48:09 Image size of job updated: 644
	1  -  MemoryUsage of job (MB)
	644  -  ResidentSetSize of job (KB)
...
006 (112070720.052.000) 05/02 14:53:09 Image size of job updated: 648
	1  -  MemoryUsage of job (MB)
	648  -  ResidentSetSize of job (KB)
...
006 (112070720.052.000) 05/02 14:58:10 Image size of job updated: 340704
	257  -  MemoryUsage of job (MB)
	262712  -  ResidentSetSize of job (KB)
...
006 (112070720.052.000) 05/02 15:03:11 Image size of job updated: 776436
	683  -  MemoryUsage of job (MB)
	698384  -  ResidentSetSize of job (KB)
...
006 (112070720.052.000) 05/02 15:08:11 Image size of job updated: 1214604
	1110  -  MemoryUsage of job (MB)
	1136552  -  ResidentSetSize of job (KB)
...
006 (112070720.052.000) 05/02 15:13:13 Image size of job updated: 1822956
	1705  -  MemoryUsage of job (MB)
	1744904  -  ResidentSetSize of job (KB)
...
006 (112070720.052.000) 05/02 15:18:13 Image size of job updated: 2627440
	2490  -  MemoryUsage of job (MB)
	2549388  -  ResidentSetSize of job (KB)
...
006 (112070720.052.000) 05/02 15:23:13 Image size of job updated: 3385396
	3230  -  MemoryUsage of job (MB)
	3307344  -  ResidentSetSize of job (KB)
...
006 (112070720.052.000) 05/02 15:28:13 Image size of job updated: 4327844
	4151  -  MemoryUsage of job (MB)
	4249792  -  ResidentSetSize of job (KB)
...
006 (112070720.052.000) 05/02 15:33:14 Image size of job updated: 5245792
	5047  -  MemoryUsage of job (MB)
	5167740  -  ResidentSetSize of job (KB)
...
006 (112070720.052.000) 05/02 15:38:15 Image size of job updated: 6034720
	5818  -  MemoryUsage of job (MB)
	5956668  -  ResidentSetSize of job (KB)
...
006 (112070720.052.000) 05/02 15:43:16 Image size of job updated: 6896256
	6659  -  MemoryUsage of job (MB)
	6818204  -  ResidentSetSize of job (KB)
...
006 (112070720.052.000) 05/02 15:48:16 Image size of job updated: 7800136
	7542  -  MemoryUsage of job (MB)
	7722084  -  ResidentSetSize of job (KB)
...
006 (112070720.052.000) 05/02 15:53:17 Image size of job updated: 8632604
	8355  -  MemoryUsage of job (MB)
	8554552  -  ResidentSetSize of job (KB)
...
006 (112070720.052.000) 05/02 15:58:17 Image size of job updated: 9430948
	9134  -  MemoryUsage of job (MB)
	9352896  -  ResidentSetSize of job (KB)
...
006 (112070720.052.000) 05/02 16:03:17 Image size of job updated: 10138268
	9825  -  MemoryUsage of job (MB)
	10060216  -  ResidentSetSize of job (KB)
...
006 (112070720.052.000) 05/02 16:08:17 Image size of job updated: 10741088
	10414  -  MemoryUsage of job (MB)
	10663036  -  ResidentSetSize of job (KB)
...
006 (112070720.052.000) 05/02 16:13:18 Image size of job updated: 11435972
	11092  -  MemoryUsage of job (MB)
	11357920  -  ResidentSetSize of job (KB)
...
006 (112070720.052.000) 05/02 16:18:19 Image size of job updated: 12176352
	11815  -  MemoryUsage of job (MB)
	12098300  -  ResidentSetSize of job (KB)
...
006 (112070720.052.000) 05/02 16:23:19 Image size of job updated: 12895548
	12518  -  MemoryUsage of job (MB)
	12817496  -  ResidentSetSize of job (KB)
...
006 (112070720.052.000) 05/02 16:28:19 Image size of job updated: 13534556
	13142  -  MemoryUsage of job (MB)
	13456504  -  ResidentSetSize of job (KB)
...
006 (112070720.052.000) 05/02 16:33:52 Image size of job updated: 14116428
	13710  -  MemoryUsage of job (MB)
	14038376  -  ResidentSetSize of job (KB)
...
006 (112070720.052.000) 05/02 16:38:22 Image size of job updated: 14839924
	14416  -  MemoryUsage of job (MB)
	14761872  -  ResidentSetSize of job (KB)
...
006 (112070720.052.000) 05/02 16:43:22 Image size of job updated: 15418716
	14981  -  MemoryUsage of job (MB)
	15340280  -  ResidentSetSize of job (KB)
...
006 (112070720.052.000) 05/02 16:48:22 Image size of job updated: 15986396
	15534  -  MemoryUsage of job (MB)
	15906468  -  ResidentSetSize of job (KB)
...
006 (112070720.052.000) 05/02 16:53:22 Image size of job updated: 16339884
	15760  -  MemoryUsage of job (MB)
	16137964  -  ResidentSetSize of job (KB)
...
006 (112070720.052.000) 05/02 16:58:23 Image size of job updated: 16717816
	15936  -  MemoryUsage of job (MB)
	16317712  -  ResidentSetSize of job (KB)
...
006 (112070720.052.000) 05/02 17:03:24 Image size of job updated: 17044632
	16138  -  MemoryUsage of job (MB)
	16524372  -  ResidentSetSize of job (KB)
...
006 (112070720.052.000) 05/02 17:08:24 Image size of job updated: 17537224
	16457  -  MemoryUsage of job (MB)
	16851548  -  ResidentSetSize of job (KB)
...
006 (112070720.052.000) 05/02 17:13:24 Image size of job updated: 18206320
	16904  -  MemoryUsage of job (MB)
	17309300  -  ResidentSetSize of job (KB)
...
006 (112070720.052.000) 05/02 17:18:25 Image size of job updated: 18919596
	17504  -  MemoryUsage of job (MB)
	17923320  -  ResidentSetSize of job (KB)
...
006 (112070720.052.000) 05/02 17:23:26 Image size of job updated: 19737804
	18247  -  MemoryUsage of job (MB)
	18684320  -  ResidentSetSize of job (KB)
...
006 (112070720.052.000) 05/02 17:28:26 Image size of job updated: 20426424
	18799  -  MemoryUsage of job (MB)
	19249872  -  ResidentSetSize of job (KB)
...
006 (112070720.052.000) 05/02 17:33:26 Image size of job updated: 21171976
	19416  -  MemoryUsage of job (MB)
	19881600  -  ResidentSetSize of job (KB)
...
006 (112070720.052.000) 05/02 17:38:27 Image size of job updated: 21849788
	19970  -  MemoryUsage of job (MB)
	20449164  -  ResidentSetSize of job (KB)
...
006 (112070720.052.000) 05/02 17:43:28 Image size of job updated: 22513032
	20431  -  MemoryUsage of job (MB)
	20921000  -  ResidentSetSize of job (KB)
...
006 (112070720.052.000) 05/02 17:48:28 Image size of job updated: 22841684
	20465  -  MemoryUsage of job (MB)
	20955736  -  ResidentSetSize of job (KB)
...
006 (112070720.052.000) 05/02 17:53:28 Image size of job updated: 23309964
	20465  -  MemoryUsage of job (MB)
	20955736  -  ResidentSetSize of job (KB)
...
006 (112070720.052.000) 05/02 17:58:29 Image size of job updated: 23829188
	20465  -  MemoryUsage of job (MB)
	20955736  -  ResidentSetSize of job (KB)
...
006 (112070720.052.000) 05/02 18:03:29 Image size of job updated: 24284792
	20465  -  MemoryUsage of job (MB)
	20955736  -  ResidentSetSize of job (KB)
...
006 (112070720.052.000) 05/02 18:08:30 Image size of job updated: 24679308
	20465  -  MemoryUsage of job (MB)
	20955736  -  ResidentSetSize of job (KB)
...
006 (112070720.052.000) 05/02 18:13:30 Image size of job updated: 25020420
	20465  -  MemoryUsage of job (MB)
	20955736  -  ResidentSetSize of job (KB)
...
006 (112070720.052.000) 05/02 18:18:31 Image size of job updated: 25452316
	20465  -  MemoryUsage of job (MB)
	20955736  -  ResidentSetSize of job (KB)
...
006 (112070720.052.000) 05/02 18:21:59 Image size of job updated: 25653948
	20465  -  MemoryUsage of job (MB)
	20955736  -  ResidentSetSize of job (KB)
...
005 (112070720.052.000) 05/02 18:22:00 Job terminated.
	(1) Normal termination (return value 0)
		Usr 0 02:51:04, Sys 0 00:03:55  -  Run Remote Usage
		Usr 0 00:00:00, Sys 0 00:00:00  -  Run Local Usage
		Usr 0 02:51:04, Sys 0 00:03:55  -  Total Remote Usage
		Usr 0 00:00:00, Sys 0 00:00:00  -  Total Local Usage
	25498114  -  Run Bytes Sent By Job
	1780305536  -  Run Bytes Received By Job
	25498114  -  Total Bytes Sent By Job
	1780305536  -  Total Bytes Received By Job
	Partitionable Resources :      Usage  Request Allocated 
	   Cpus                 :       0.05        1         1 
	   Disk (KB)            : 6894059    20971520  21008315 
	   Ioheavy              :                             0 
	   Memory (MB)          :   20465       20480     20480 
...
