000 (112171668.191.000) 05/03 11:56:36 Job submitted from host: <128.104.100.44:9618?addrs=128.104.100.44-9618+[2607-f388-107c-501-90e2-baff-fe2c-2724]-9618&noUDP&sock=4699_0235_3>
...
001 (112171668.191.000) 05/04 04:19:13 Job executing on host: <128.105.245.221:9618?addrs=128.105.245.221-9618&noUDP&sock=5451_82d6_3>
...
006 (112171668.191.000) 05/04 04:19:21 Image size of job updated: 624
	1  -  MemoryUsage of job (MB)
	624  -  ResidentSetSize of job (KB)
...
006 (112171668.191.000) 05/04 04:24:22 Image size of job updated: 652
	1  -  MemoryUsage of job (MB)
	652  -  ResidentSetSize of job (KB)
...
006 (112171668.191.000) 05/04 04:29:23 Image size of job updated: 207680
	128  -  MemoryUsage of job (MB)
	130172  -  ResidentSetSize of job (KB)
...
006 (112171668.191.000) 05/04 04:34:23 Image size of job updated: 515936
	428  -  MemoryUsage of job (MB)
	437944  -  ResidentSetSize of job (KB)
...
006 (112171668.191.000) 05/04 04:39:24 Image size of job updated: 828584
	733  -  MemoryUsage of job (MB)
	750532  -  ResidentSetSize of job (KB)
...
006 (112171668.191.000) 05/04 04:44:24 Image size of job updated: 1155608
	1053  -  MemoryUsage of job (MB)
	1077556  -  ResidentSetSize of job (KB)
...
006 (112171668.191.000) 05/04 04:49:25 Image size of job updated: 1532456
	1421  -  MemoryUsage of job (MB)
	1454404  -  ResidentSetSize of job (KB)
...
006 (112171668.191.000) 05/04 04:54:25 Image size of job updated: 2005944
	1883  -  MemoryUsage of job (MB)
	1927892  -  ResidentSetSize of job (KB)
...
006 (112171668.191.000) 05/04 04:59:25 Image size of job updated: 2620220
	2483  -  MemoryUsage of job (MB)
	2542168  -  ResidentSetSize of job (KB)
...
006 (112171668.191.000) 05/04 05:04:26 Image size of job updated: 3260568
	3108  -  MemoryUsage of job (MB)
	3182516  -  ResidentSetSize of job (KB)
...
006 (112171668.191.000) 05/04 05:09:28 Image size of job updated: 3973124
	3804  -  MemoryUsage of job (MB)
	3895072  -  ResidentSetSize of job (KB)
...
006 (112171668.191.000) 05/04 05:14:28 Image size of job updated: 4715048
	4529  -  MemoryUsage of job (MB)
	4636996  -  ResidentSetSize of job (KB)
...
006 (112171668.191.000) 05/04 05:19:29 Image size of job updated: 5405076
	5203  -  MemoryUsage of job (MB)
	5327024  -  ResidentSetSize of job (KB)
...
006 (112171668.191.000) 05/04 05:24:31 Image size of job updated: 6087732
	5869  -  MemoryUsage of job (MB)
	6009680  -  ResidentSetSize of job (KB)
...
006 (112171668.191.000) 05/04 05:29:30 Image size of job updated: 6721848
	6489  -  MemoryUsage of job (MB)
	6643796  -  ResidentSetSize of job (KB)
...
006 (112171668.191.000) 05/04 05:34:31 Image size of job updated: 7274364
	7028  -  MemoryUsage of job (MB)
	7196312  -  ResidentSetSize of job (KB)
...
006 (112171668.191.000) 05/04 05:39:31 Image size of job updated: 7894348
	7634  -  MemoryUsage of job (MB)
	7816296  -  ResidentSetSize of job (KB)
...
006 (112171668.191.000) 05/04 05:44:32 Image size of job updated: 8488072
	8213  -  MemoryUsage of job (MB)
	8410020  -  ResidentSetSize of job (KB)
...
006 (112171668.191.000) 05/04 05:49:32 Image size of job updated: 9028600
	8741  -  MemoryUsage of job (MB)
	8950548  -  ResidentSetSize of job (KB)
...
006 (112171668.191.000) 05/04 05:54:34 Image size of job updated: 9596284
	9296  -  MemoryUsage of job (MB)
	9518232  -  ResidentSetSize of job (KB)
...
006 (112171668.191.000) 05/04 05:59:34 Image size of job updated: 10181000
	9867  -  MemoryUsage of job (MB)
	10102948  -  ResidentSetSize of job (KB)
...
006 (112171668.191.000) 05/04 06:04:35 Image size of job updated: 10677396
	10351  -  MemoryUsage of job (MB)
	10599344  -  ResidentSetSize of job (KB)
...
006 (112171668.191.000) 05/04 06:09:35 Image size of job updated: 11115192
	10779  -  MemoryUsage of job (MB)
	11037140  -  ResidentSetSize of job (KB)
...
006 (112171668.191.000) 05/04 06:14:36 Image size of job updated: 11744984
	11394  -  MemoryUsage of job (MB)
	11666932  -  ResidentSetSize of job (KB)
...
006 (112171668.191.000) 05/04 06:19:36 Image size of job updated: 12272432
	11909  -  MemoryUsage of job (MB)
	12194380  -  ResidentSetSize of job (KB)
...
006 (112171668.191.000) 05/04 06:24:38 Image size of job updated: 12810860
	12435  -  MemoryUsage of job (MB)
	12732808  -  ResidentSetSize of job (KB)
...
006 (112171668.191.000) 05/04 06:29:38 Image size of job updated: 13442312
	13052  -  MemoryUsage of job (MB)
	13364260  -  ResidentSetSize of job (KB)
...
006 (112171668.191.000) 05/04 06:34:40 Image size of job updated: 14027108
	13623  -  MemoryUsage of job (MB)
	13949056  -  ResidentSetSize of job (KB)
...
006 (112171668.191.000) 05/04 06:39:39 Image size of job updated: 14611480
	14193  -  MemoryUsage of job (MB)
	14533428  -  ResidentSetSize of job (KB)
...
006 (112171668.191.000) 05/04 06:44:41 Image size of job updated: 15216544
	14784  -  MemoryUsage of job (MB)
	15138492  -  ResidentSetSize of job (KB)
...
006 (112171668.191.000) 05/04 06:49:41 Image size of job updated: 15786508
	15341  -  MemoryUsage of job (MB)
	15708456  -  ResidentSetSize of job (KB)
...
006 (112171668.191.000) 05/04 06:54:43 Image size of job updated: 16348808
	15889  -  MemoryUsage of job (MB)
	16269852  -  ResidentSetSize of job (KB)
...
006 (112171668.191.000) 05/04 06:59:44 Image size of job updated: 17036676
	16560  -  MemoryUsage of job (MB)
	16957284  -  ResidentSetSize of job (KB)
...
006 (112171668.191.000) 05/04 07:04:45 Image size of job updated: 17615488
	17126  -  MemoryUsage of job (MB)
	17536212  -  ResidentSetSize of job (KB)
...
006 (112171668.191.000) 05/04 07:09:45 Image size of job updated: 18167428
	17661  -  MemoryUsage of job (MB)
	18083916  -  ResidentSetSize of job (KB)
...
006 (112171668.191.000) 05/04 07:14:47 Image size of job updated: 18829352
	18295  -  MemoryUsage of job (MB)
	18733184  -  ResidentSetSize of job (KB)
...
006 (112171668.191.000) 05/04 07:19:47 Image size of job updated: 19463348
	18910  -  MemoryUsage of job (MB)
	19363084  -  ResidentSetSize of job (KB)
...
006 (112171668.191.000) 05/04 07:24:48 Image size of job updated: 19983148
	19389  -  MemoryUsage of job (MB)
	19854140  -  ResidentSetSize of job (KB)
...
006 (112171668.191.000) 05/04 07:29:48 Image size of job updated: 20584876
	19871  -  MemoryUsage of job (MB)
	20347684  -  ResidentSetSize of job (KB)
...
006 (112171668.191.000) 05/04 07:34:48 Image size of job updated: 21112500
	20238  -  MemoryUsage of job (MB)
	20723336  -  ResidentSetSize of job (KB)
...
006 (112171668.191.000) 05/04 07:39:48 Image size of job updated: 21546056
	20408  -  MemoryUsage of job (MB)
	20897768  -  ResidentSetSize of job (KB)
...
006 (112171668.191.000) 05/04 07:44:49 Image size of job updated: 21939048
	20446  -  MemoryUsage of job (MB)
	20935700  -  ResidentSetSize of job (KB)
...
006 (112171668.191.000) 05/04 07:49:49 Image size of job updated: 22484452
	20454  -  MemoryUsage of job (MB)
	20944036  -  ResidentSetSize of job (KB)
...
006 (112171668.191.000) 05/04 07:54:49 Image size of job updated: 22959520
	20454  -  MemoryUsage of job (MB)
	20944036  -  ResidentSetSize of job (KB)
...
005 (112171668.191.000) 05/04 07:56:09 Job terminated.
	(1) Normal termination (return value 0)
		Usr 0 02:58:40, Sys 0 00:07:44  -  Run Remote Usage
		Usr 0 00:00:00, Sys 0 00:00:00  -  Run Local Usage
		Usr 0 02:58:40, Sys 0 00:07:44  -  Total Remote Usage
		Usr 0 00:00:00, Sys 0 00:00:00  -  Total Local Usage
	22530388  -  Run Bytes Sent By Job
	1780305536  -  Run Bytes Received By Job
	22530388  -  Total Bytes Sent By Job
	1780305536  -  Total Bytes Received By Job
	Partitionable Resources :      Usage  Request Allocated 
	   Cpus                 :       0.99        1         1 
	   Disk (KB)            : 6851752    20971520  21255823 
	   Ioheavy              :                             0 
	   Memory (MB)          :   20454       20480     20480 
...
