000 (112171668.121.000) 05/03 11:56:36 Job submitted from host: <128.104.100.44:9618?addrs=128.104.100.44-9618+[2607-f388-107c-501-90e2-baff-fe2c-2724]-9618&noUDP&sock=4699_0235_3>
...
001 (112171668.121.000) 05/04 01:19:57 Job executing on host: <128.105.245.208:9618?addrs=128.105.245.208-9618&noUDP&sock=5437_e882_3>
...
006 (112171668.121.000) 05/04 01:20:05 Image size of job updated: 628
	1  -  MemoryUsage of job (MB)
	628  -  ResidentSetSize of job (KB)
...
006 (112171668.121.000) 05/04 01:25:06 Image size of job updated: 636
	1  -  MemoryUsage of job (MB)
	636  -  ResidentSetSize of job (KB)
...
006 (112171668.121.000) 05/04 01:30:07 Image size of job updated: 660
	1  -  MemoryUsage of job (MB)
	660  -  ResidentSetSize of job (KB)
...
006 (112171668.121.000) 05/04 01:35:07 Image size of job updated: 672
	1  -  MemoryUsage of job (MB)
	672  -  ResidentSetSize of job (KB)
...
006 (112171668.121.000) 05/04 01:40:07 Image size of job updated: 400020
	315  -  MemoryUsage of job (MB)
	322028  -  ResidentSetSize of job (KB)
...
006 (112171668.121.000) 05/04 01:45:08 Image size of job updated: 825220
	730  -  MemoryUsage of job (MB)
	747168  -  ResidentSetSize of job (KB)
...
006 (112171668.121.000) 05/04 01:50:08 Image size of job updated: 1260964
	1156  -  MemoryUsage of job (MB)
	1182912  -  ResidentSetSize of job (KB)
...
006 (112171668.121.000) 05/04 01:55:08 Image size of job updated: 1828968
	1710  -  MemoryUsage of job (MB)
	1750916  -  ResidentSetSize of job (KB)
...
006 (112171668.121.000) 05/04 02:00:09 Image size of job updated: 2479240
	2345  -  MemoryUsage of job (MB)
	2401188  -  ResidentSetSize of job (KB)
...
006 (112171668.121.000) 05/04 02:05:09 Image size of job updated: 3147212
	2998  -  MemoryUsage of job (MB)
	3069160  -  ResidentSetSize of job (KB)
...
006 (112171668.121.000) 05/04 02:10:09 Image size of job updated: 3727452
	3564  -  MemoryUsage of job (MB)
	3649400  -  ResidentSetSize of job (KB)
...
006 (112171668.121.000) 05/04 02:15:11 Image size of job updated: 4566444
	4384  -  MemoryUsage of job (MB)
	4488392  -  ResidentSetSize of job (KB)
...
006 (112171668.121.000) 05/04 02:20:11 Image size of job updated: 5274640
	5075  -  MemoryUsage of job (MB)
	5196588  -  ResidentSetSize of job (KB)
...
006 (112171668.121.000) 05/04 02:25:11 Image size of job updated: 5943972
	5729  -  MemoryUsage of job (MB)
	5865920  -  ResidentSetSize of job (KB)
...
006 (112171668.121.000) 05/04 02:30:12 Image size of job updated: 6744912
	6511  -  MemoryUsage of job (MB)
	6666860  -  ResidentSetSize of job (KB)
...
006 (112171668.121.000) 05/04 02:35:13 Image size of job updated: 7545136
	7293  -  MemoryUsage of job (MB)
	7467084  -  ResidentSetSize of job (KB)
...
006 (112171668.121.000) 05/04 02:40:13 Image size of job updated: 8353168
	8082  -  MemoryUsage of job (MB)
	8275116  -  ResidentSetSize of job (KB)
...
006 (112171668.121.000) 05/04 02:45:14 Image size of job updated: 9088272
	8800  -  MemoryUsage of job (MB)
	9010220  -  ResidentSetSize of job (KB)
...
006 (112171668.121.000) 05/04 02:50:14 Image size of job updated: 9748520
	9444  -  MemoryUsage of job (MB)
	9670468  -  ResidentSetSize of job (KB)
...
006 (112171668.121.000) 05/04 02:55:14 Image size of job updated: 10434812
	10115  -  MemoryUsage of job (MB)
	10356760  -  ResidentSetSize of job (KB)
...
006 (112171668.121.000) 05/04 03:00:15 Image size of job updated: 11100776
	10765  -  MemoryUsage of job (MB)
	11022724  -  ResidentSetSize of job (KB)
...
006 (112171668.121.000) 05/04 03:05:16 Image size of job updated: 11796588
	11444  -  MemoryUsage of job (MB)
	11718536  -  ResidentSetSize of job (KB)
...
006 (112171668.121.000) 05/04 03:10:16 Image size of job updated: 12166640
	11806  -  MemoryUsage of job (MB)
	12088588  -  ResidentSetSize of job (KB)
...
006 (112171668.121.000) 05/04 03:15:17 Image size of job updated: 12364872
	11999  -  MemoryUsage of job (MB)
	12286820  -  ResidentSetSize of job (KB)
...
006 (112171668.121.000) 05/04 03:20:18 Image size of job updated: 12925028
	12546  -  MemoryUsage of job (MB)
	12846976  -  ResidentSetSize of job (KB)
...
006 (112171668.121.000) 05/04 03:25:17 Image size of job updated: 13646988
	13251  -  MemoryUsage of job (MB)
	13568936  -  ResidentSetSize of job (KB)
...
006 (112171668.121.000) 05/04 03:30:18 Image size of job updated: 14276576
	13866  -  MemoryUsage of job (MB)
	14198524  -  ResidentSetSize of job (KB)
...
006 (112171668.121.000) 05/04 03:35:18 Image size of job updated: 14961564
	14535  -  MemoryUsage of job (MB)
	14883512  -  ResidentSetSize of job (KB)
...
006 (112171668.121.000) 05/04 03:40:19 Image size of job updated: 15294204
	14860  -  MemoryUsage of job (MB)
	15216152  -  ResidentSetSize of job (KB)
...
006 (112171668.121.000) 05/04 03:45:20 Image size of job updated: 15532828
	15093  -  MemoryUsage of job (MB)
	15454776  -  ResidentSetSize of job (KB)
...
006 (112171668.121.000) 05/04 03:50:20 Image size of job updated: 15951264
	15502  -  MemoryUsage of job (MB)
	15873212  -  ResidentSetSize of job (KB)
...
006 (112171668.121.000) 05/04 03:55:21 Image size of job updated: 16269956
	15813  -  MemoryUsage of job (MB)
	16191532  -  ResidentSetSize of job (KB)
...
006 (112171668.121.000) 05/04 04:00:23 Image size of job updated: 16534948
	16071  -  MemoryUsage of job (MB)
	16456156  -  ResidentSetSize of job (KB)
...
006 (112171668.121.000) 05/04 04:05:22 Image size of job updated: 16784780
	16315  -  MemoryUsage of job (MB)
	16705572  -  ResidentSetSize of job (KB)
...
006 (112171668.121.000) 05/04 04:10:23 Image size of job updated: 17136944
	16658  -  MemoryUsage of job (MB)
	17057024  -  ResidentSetSize of job (KB)
...
006 (112171668.121.000) 05/04 04:15:25 Image size of job updated: 17394352
	16909  -  MemoryUsage of job (MB)
	17313968  -  ResidentSetSize of job (KB)
...
006 (112171668.121.000) 05/04 04:20:24 Image size of job updated: 17918020
	17418  -  MemoryUsage of job (MB)
	17836028  -  ResidentSetSize of job (KB)
...
006 (112171668.121.000) 05/04 04:25:25 Image size of job updated: 18601284
	18082  -  MemoryUsage of job (MB)
	18515648  -  ResidentSetSize of job (KB)
...
006 (112171668.121.000) 05/04 04:30:26 Image size of job updated: 19253788
	18717  -  MemoryUsage of job (MB)
	19165812  -  ResidentSetSize of job (KB)
...
006 (112171668.121.000) 05/04 04:35:27 Image size of job updated: 19820808
	19258  -  MemoryUsage of job (MB)
	19719900  -  ResidentSetSize of job (KB)
...
006 (112171668.121.000) 05/04 04:40:28 Image size of job updated: 20387616
	19790  -  MemoryUsage of job (MB)
	20264712  -  ResidentSetSize of job (KB)
...
006 (112171668.121.000) 05/04 04:45:28 Image size of job updated: 20923688
	20241  -  MemoryUsage of job (MB)
	20726588  -  ResidentSetSize of job (KB)
...
006 (112171668.121.000) 05/04 04:50:30 Image size of job updated: 21444732
	20455  -  MemoryUsage of job (MB)
	20945668  -  ResidentSetSize of job (KB)
...
006 (112171668.121.000) 05/04 04:55:29 Image size of job updated: 22098376
	20455  -  MemoryUsage of job (MB)
	20945672  -  ResidentSetSize of job (KB)
...
006 (112171668.121.000) 05/04 05:00:29 Image size of job updated: 22714744
	20455  -  MemoryUsage of job (MB)
	20945672  -  ResidentSetSize of job (KB)
...
006 (112171668.121.000) 05/04 05:03:36 Image size of job updated: 23077152
	20455  -  MemoryUsage of job (MB)
	20945672  -  ResidentSetSize of job (KB)
...
005 (112171668.121.000) 05/04 05:03:39 Job terminated.
	(1) Normal termination (return value 0)
		Usr 0 02:30:55, Sys 0 00:07:06  -  Run Remote Usage
		Usr 0 00:00:00, Sys 0 00:00:00  -  Run Local Usage
		Usr 0 02:30:55, Sys 0 00:07:06  -  Total Remote Usage
		Usr 0 00:00:00, Sys 0 00:00:00  -  Total Local Usage
	22562364  -  Run Bytes Sent By Job
	1780305536  -  Run Bytes Received By Job
	22562364  -  Total Bytes Sent By Job
	1780305536  -  Total Bytes Received By Job
	Partitionable Resources :      Usage  Request Allocated 
	   Cpus                 :       1.00        1         1 
	   Disk (KB)            : 6851782    20971520  21392324 
	   Ioheavy              :                             0 
	   Memory (MB)          :   20455       20480     20480 
...
