000 (112045438.087.000) 05/01 17:51:46 Job submitted from host: <128.104.100.44:9618?addrs=128.104.100.44-9618+[2607-f388-107c-501-90e2-baff-fe2c-2724]-9618&noUDP&sock=4699_0235_3>
...
001 (112045438.087.000) 05/02 02:27:45 Job executing on host: <128.105.245.157:9618?addrs=128.105.245.157-9618&noUDP&sock=5433_2a21_29>
...
006 (112045438.087.000) 05/02 02:27:53 Image size of job updated: 620
	1  -  MemoryUsage of job (MB)
	620  -  ResidentSetSize of job (KB)
...
006 (112045438.087.000) 05/02 02:33:02 Image size of job updated: 628
	1  -  MemoryUsage of job (MB)
	628  -  ResidentSetSize of job (KB)
...
006 (112045438.087.000) 05/02 02:48:04 Image size of job updated: 632
	1  -  MemoryUsage of job (MB)
	632  -  ResidentSetSize of job (KB)
...
006 (112045438.087.000) 05/02 02:52:58 Image size of job updated: 648
	1  -  MemoryUsage of job (MB)
	648  -  ResidentSetSize of job (KB)
...
006 (112045438.087.000) 05/02 02:58:04 Image size of job updated: 652
	1  -  MemoryUsage of job (MB)
	652  -  ResidentSetSize of job (KB)
...
006 (112045438.087.000) 05/02 03:13:04 Image size of job updated: 656
	1  -  MemoryUsage of job (MB)
	656  -  ResidentSetSize of job (KB)
...
006 (112045438.087.000) 05/02 03:28:28 Image size of job updated: 664
	1  -  MemoryUsage of job (MB)
	664  -  ResidentSetSize of job (KB)
...
006 (112045438.087.000) 05/02 03:33:02 Image size of job updated: 668
	1  -  MemoryUsage of job (MB)
	668  -  ResidentSetSize of job (KB)
...
006 (112045438.087.000) 05/02 03:38:03 Image size of job updated: 430804
	345  -  MemoryUsage of job (MB)
	352812  -  ResidentSetSize of job (KB)
...
006 (112045438.087.000) 05/02 03:43:04 Image size of job updated: 803600
	709  -  MemoryUsage of job (MB)
	725548  -  ResidentSetSize of job (KB)
...
006 (112045438.087.000) 05/02 03:48:05 Image size of job updated: 1189632
	1086  -  MemoryUsage of job (MB)
	1111580  -  ResidentSetSize of job (KB)
...
006 (112045438.087.000) 05/02 03:53:06 Image size of job updated: 1804996
	1687  -  MemoryUsage of job (MB)
	1726944  -  ResidentSetSize of job (KB)
...
006 (112045438.087.000) 05/02 03:58:06 Image size of job updated: 2405328
	2273  -  MemoryUsage of job (MB)
	2327276  -  ResidentSetSize of job (KB)
...
006 (112045438.087.000) 05/02 04:05:08 Image size of job updated: 3019572
	2873  -  MemoryUsage of job (MB)
	2941520  -  ResidentSetSize of job (KB)
...
006 (112045438.087.000) 05/02 04:13:26 Image size of job updated: 3672884
	3511  -  MemoryUsage of job (MB)
	3594832  -  ResidentSetSize of job (KB)
...
006 (112045438.087.000) 05/02 04:24:03 Image size of job updated: 4979420
	4787  -  MemoryUsage of job (MB)
	4901368  -  ResidentSetSize of job (KB)
...
006 (112045438.087.000) 05/02 04:31:37 Image size of job updated: 6099236
	5881  -  MemoryUsage of job (MB)
	6021184  -  ResidentSetSize of job (KB)
...
006 (112045438.087.000) 05/02 04:36:38 Image size of job updated: 6852304
	6616  -  MemoryUsage of job (MB)
	6774252  -  ResidentSetSize of job (KB)
...
006 (112045438.087.000) 05/02 04:41:38 Image size of job updated: 7550924
	7298  -  MemoryUsage of job (MB)
	7472872  -  ResidentSetSize of job (KB)
...
006 (112045438.087.000) 05/02 04:46:38 Image size of job updated: 8153528
	7887  -  MemoryUsage of job (MB)
	8075476  -  ResidentSetSize of job (KB)
...
006 (112045438.087.000) 05/02 04:51:38 Image size of job updated: 8523856
	8248  -  MemoryUsage of job (MB)
	8445804  -  ResidentSetSize of job (KB)
...
006 (112045438.087.000) 05/02 04:56:39 Image size of job updated: 8539160
	8263  -  MemoryUsage of job (MB)
	8461108  -  ResidentSetSize of job (KB)
...
006 (112045438.087.000) 05/02 05:01:40 Image size of job updated: 9100744
	8812  -  MemoryUsage of job (MB)
	9022692  -  ResidentSetSize of job (KB)
...
006 (112045438.087.000) 05/02 05:06:40 Image size of job updated: 9645284
	9343  -  MemoryUsage of job (MB)
	9567232  -  ResidentSetSize of job (KB)
...
006 (112045438.087.000) 05/02 05:11:40 Image size of job updated: 10327900
	10010  -  MemoryUsage of job (MB)
	10249848  -  ResidentSetSize of job (KB)
...
006 (112045438.087.000) 05/02 05:16:40 Image size of job updated: 10977672
	10645  -  MemoryUsage of job (MB)
	10899620  -  ResidentSetSize of job (KB)
...
006 (112045438.087.000) 05/02 05:21:41 Image size of job updated: 11691676
	11342  -  MemoryUsage of job (MB)
	11613624  -  ResidentSetSize of job (KB)
...
006 (112045438.087.000) 05/02 05:26:41 Image size of job updated: 12130116
	11770  -  MemoryUsage of job (MB)
	12052064  -  ResidentSetSize of job (KB)
...
006 (112045438.087.000) 05/02 05:31:42 Image size of job updated: 12517396
	12148  -  MemoryUsage of job (MB)
	12439344  -  ResidentSetSize of job (KB)
...
006 (112045438.087.000) 05/02 05:36:43 Image size of job updated: 12749004
	12374  -  MemoryUsage of job (MB)
	12670952  -  ResidentSetSize of job (KB)
...
006 (112045438.087.000) 05/02 05:41:42 Image size of job updated: 13262724
	12876  -  MemoryUsage of job (MB)
	13184672  -  ResidentSetSize of job (KB)
...
006 (112045438.087.000) 05/02 05:46:42 Image size of job updated: 13856588
	13456  -  MemoryUsage of job (MB)
	13778536  -  ResidentSetSize of job (KB)
...
006 (112045438.087.000) 05/02 05:51:42 Image size of job updated: 14352800
	13941  -  MemoryUsage of job (MB)
	14274748  -  ResidentSetSize of job (KB)
...
006 (112045438.087.000) 05/02 05:56:43 Image size of job updated: 14862984
	14439  -  MemoryUsage of job (MB)
	14784932  -  ResidentSetSize of job (KB)
...
006 (112045438.087.000) 05/02 06:01:43 Image size of job updated: 15315780
	14881  -  MemoryUsage of job (MB)
	15237728  -  ResidentSetSize of job (KB)
...
006 (112045438.087.000) 05/02 06:06:43 Image size of job updated: 15854728
	15407  -  MemoryUsage of job (MB)
	15776676  -  ResidentSetSize of job (KB)
...
006 (112045438.087.000) 05/02 06:11:43 Image size of job updated: 16449496
	15988  -  MemoryUsage of job (MB)
	16371200  -  ResidentSetSize of job (KB)
...
006 (112045438.087.000) 05/02 06:16:44 Image size of job updated: 17003280
	16528  -  MemoryUsage of job (MB)
	16923960  -  ResidentSetSize of job (KB)
...
006 (112045438.087.000) 05/02 06:21:45 Image size of job updated: 17571548
	17081  -  MemoryUsage of job (MB)
	17490308  -  ResidentSetSize of job (KB)
...
006 (112045438.087.000) 05/02 06:26:44 Image size of job updated: 17941772
	17441  -  MemoryUsage of job (MB)
	17859080  -  ResidentSetSize of job (KB)
...
006 (112045438.087.000) 05/02 06:31:45 Image size of job updated: 18563436
	18047  -  MemoryUsage of job (MB)
	18479128  -  ResidentSetSize of job (KB)
...
006 (112045438.087.000) 05/02 06:36:46 Image size of job updated: 19257232
	18718  -  MemoryUsage of job (MB)
	19166852  -  ResidentSetSize of job (KB)
...
006 (112045438.087.000) 05/02 06:41:46 Image size of job updated: 19939000
	19367  -  MemoryUsage of job (MB)
	19831788  -  ResidentSetSize of job (KB)
...
006 (112045438.087.000) 05/02 06:46:47 Image size of job updated: 20775256
	20130  -  MemoryUsage of job (MB)
	20613052  -  ResidentSetSize of job (KB)
...
006 (112045438.087.000) 05/02 06:51:47 Image size of job updated: 21173140
	20402  -  MemoryUsage of job (MB)
	20891300  -  ResidentSetSize of job (KB)
...
006 (112045438.087.000) 05/02 06:56:47 Image size of job updated: 21780100
	20447  -  MemoryUsage of job (MB)
	20937284  -  ResidentSetSize of job (KB)
...
006 (112045438.087.000) 05/02 07:01:48 Image size of job updated: 22466956
	20460  -  MemoryUsage of job (MB)
	20950504  -  ResidentSetSize of job (KB)
...
006 (112045438.087.000) 05/02 07:06:48 Image size of job updated: 23069436
	20460  -  MemoryUsage of job (MB)
	20950504  -  ResidentSetSize of job (KB)
...
006 (112045438.087.000) 05/02 07:06:58 Image size of job updated: 23077220
	20460  -  MemoryUsage of job (MB)
	20950504  -  ResidentSetSize of job (KB)
...
005 (112045438.087.000) 05/02 07:07:00 Job terminated.
	(1) Normal termination (return value 0)
		Usr 0 02:26:56, Sys 0 00:03:05  -  Run Remote Usage
		Usr 0 00:00:00, Sys 0 00:00:00  -  Run Local Usage
		Usr 0 02:26:56, Sys 0 00:03:05  -  Total Remote Usage
		Usr 0 00:00:00, Sys 0 00:00:00  -  Total Local Usage
	22527928  -  Run Bytes Sent By Job
	1780294016  -  Run Bytes Received By Job
	22527928  -  Total Bytes Sent By Job
	1780294016  -  Total Bytes Received By Job
	Partitionable Resources :      Usage  Request Allocated 
	   Cpus                 :       0.98        1         1 
	   Disk (KB)            : 6851727    20971520  21125586 
	   Ioheavy              :                             0 
	   Memory (MB)          :   20460       20480     20480 
...
