000 (112070720.105.000) 05/02 11:02:36 Job submitted from host: <128.104.100.44:9618?addrs=128.104.100.44-9618+[2607-f388-107c-501-90e2-baff-fe2c-2724]-9618&noUDP&sock=4699_0235_3>
...
001 (112070720.105.000) 05/02 16:22:39 Job executing on host: <128.105.245.208:9618?addrs=128.105.245.208-9618&noUDP&sock=5437_e882_3>
...
006 (112070720.105.000) 05/02 16:22:48 Image size of job updated: 624
	1  -  MemoryUsage of job (MB)
	624  -  ResidentSetSize of job (KB)
...
006 (112070720.105.000) 05/02 16:27:50 Image size of job updated: 652
	1  -  MemoryUsage of job (MB)
	652  -  ResidentSetSize of job (KB)
...
006 (112070720.105.000) 05/02 16:32:50 Image size of job updated: 578828
	490  -  MemoryUsage of job (MB)
	500836  -  ResidentSetSize of job (KB)
...
006 (112070720.105.000) 05/02 16:37:50 Image size of job updated: 1064280
	964  -  MemoryUsage of job (MB)
	986228  -  ResidentSetSize of job (KB)
...
006 (112070720.105.000) 05/02 16:42:50 Image size of job updated: 1792172
	1674  -  MemoryUsage of job (MB)
	1714120  -  ResidentSetSize of job (KB)
...
006 (112070720.105.000) 05/02 16:47:51 Image size of job updated: 2620624
	2483  -  MemoryUsage of job (MB)
	2542572  -  ResidentSetSize of job (KB)
...
006 (112070720.105.000) 05/02 16:52:51 Image size of job updated: 3621696
	3461  -  MemoryUsage of job (MB)
	3543644  -  ResidentSetSize of job (KB)
...
006 (112070720.105.000) 05/02 16:57:51 Image size of job updated: 4447540
	4268  -  MemoryUsage of job (MB)
	4369488  -  ResidentSetSize of job (KB)
...
006 (112070720.105.000) 05/02 17:02:51 Image size of job updated: 5270340
	5071  -  MemoryUsage of job (MB)
	5192288  -  ResidentSetSize of job (KB)
...
006 (112070720.105.000) 05/02 17:07:52 Image size of job updated: 6224340
	6003  -  MemoryUsage of job (MB)
	6146288  -  ResidentSetSize of job (KB)
...
006 (112070720.105.000) 05/02 17:12:52 Image size of job updated: 7253560
	7008  -  MemoryUsage of job (MB)
	7175508  -  ResidentSetSize of job (KB)
...
006 (112070720.105.000) 05/02 17:17:52 Image size of job updated: 8182036
	7915  -  MemoryUsage of job (MB)
	8103984  -  ResidentSetSize of job (KB)
...
006 (112070720.105.000) 05/02 17:22:52 Image size of job updated: 9067352
	8779  -  MemoryUsage of job (MB)
	8989300  -  ResidentSetSize of job (KB)
...
006 (112070720.105.000) 05/02 17:27:52 Image size of job updated: 9799240
	9494  -  MemoryUsage of job (MB)
	9721188  -  ResidentSetSize of job (KB)
...
006 (112070720.105.000) 05/02 17:32:53 Image size of job updated: 10506416
	10184  -  MemoryUsage of job (MB)
	10428364  -  ResidentSetSize of job (KB)
...
006 (112070720.105.000) 05/02 17:37:54 Image size of job updated: 11137056
	10800  -  MemoryUsage of job (MB)
	11059004  -  ResidentSetSize of job (KB)
...
006 (112070720.105.000) 05/02 17:42:54 Image size of job updated: 11895036
	11489  -  MemoryUsage of job (MB)
	11764572  -  ResidentSetSize of job (KB)
...
006 (112070720.105.000) 05/02 17:47:54 Image size of job updated: 12558808
	12102  -  MemoryUsage of job (MB)
	12392400  -  ResidentSetSize of job (KB)
...
006 (112070720.105.000) 05/02 17:52:55 Image size of job updated: 13191968
	12223  -  MemoryUsage of job (MB)
	12515480  -  ResidentSetSize of job (KB)
...
006 (112070720.105.000) 05/02 17:57:55 Image size of job updated: 13823552
	12524  -  MemoryUsage of job (MB)
	12824440  -  ResidentSetSize of job (KB)
...
006 (112070720.105.000) 05/02 18:02:55 Image size of job updated: 14361876
	12526  -  MemoryUsage of job (MB)
	12825708  -  ResidentSetSize of job (KB)
...
006 (112070720.105.000) 05/02 18:07:56 Image size of job updated: 14988216
	12573  -  MemoryUsage of job (MB)
	12874204  -  ResidentSetSize of job (KB)
...
006 (112070720.105.000) 05/02 18:12:57 Image size of job updated: 15712096
	13280  -  MemoryUsage of job (MB)
	13597940  -  ResidentSetSize of job (KB)
...
006 (112070720.105.000) 05/02 18:17:57 Image size of job updated: 16326540
	13880  -  MemoryUsage of job (MB)
	14212404  -  ResidentSetSize of job (KB)
...
006 (112070720.105.000) 05/02 18:22:57 Image size of job updated: 17059368
	14595  -  MemoryUsage of job (MB)
	14945248  -  ResidentSetSize of job (KB)
...
006 (112070720.105.000) 05/02 18:27:58 Image size of job updated: 17680612
	15202  -  MemoryUsage of job (MB)
	15566516  -  ResidentSetSize of job (KB)
...
006 (112070720.105.000) 05/02 18:32:59 Image size of job updated: 18498704
	16001  -  MemoryUsage of job (MB)
	16384632  -  ResidentSetSize of job (KB)
...
006 (112070720.105.000) 05/02 18:37:59 Image size of job updated: 19179324
	16666  -  MemoryUsage of job (MB)
	17065256  -  ResidentSetSize of job (KB)
...
006 (112070720.105.000) 05/02 18:43:01 Image size of job updated: 19877088
	17347  -  MemoryUsage of job (MB)
	17763024  -  ResidentSetSize of job (KB)
...
006 (112070720.105.000) 05/02 18:48:01 Image size of job updated: 20577120
	18031  -  MemoryUsage of job (MB)
	18463084  -  ResidentSetSize of job (KB)
...
006 (112070720.105.000) 05/02 18:53:02 Image size of job updated: 21252248
	18673  -  MemoryUsage of job (MB)
	19120992  -  ResidentSetSize of job (KB)
...
006 (112070720.105.000) 05/02 18:58:02 Image size of job updated: 21926396
	19317  -  MemoryUsage of job (MB)
	19779836  -  ResidentSetSize of job (KB)
...
006 (112070720.105.000) 05/02 19:03:03 Image size of job updated: 22629728
	19925  -  MemoryUsage of job (MB)
	20402608  -  ResidentSetSize of job (KB)
...
006 (112070720.105.000) 05/02 19:07:30 Image size of job updated: 23725528
	19927  -  MemoryUsage of job (MB)
	20404272  -  ResidentSetSize of job (KB)
...
005 (112070720.105.000) 05/02 19:07:38 Job terminated.
	(1) Normal termination (return value 0)
		Usr 0 02:29:25, Sys 0 00:03:11  -  Run Remote Usage
		Usr 0 00:00:00, Sys 0 00:00:00  -  Run Local Usage
		Usr 0 02:29:25, Sys 0 00:03:11  -  Total Remote Usage
		Usr 0 00:00:00, Sys 0 00:00:00  -  Total Local Usage
	22440022  -  Run Bytes Sent By Job
	1780305536  -  Run Bytes Received By Job
	22440022  -  Total Bytes Sent By Job
	1780305536  -  Total Bytes Received By Job
	Partitionable Resources :      Usage  Request Allocated 
	   Cpus                 :       0.65        1         1 
	   Disk (KB)            : 6851664    20971520  21326047 
	   Ioheavy              :                             0 
	   Memory (MB)          :   19927       20480     20480 
...
