000 (112171668.030.000) 05/03 11:56:36 Job submitted from host: <128.104.100.44:9618?addrs=128.104.100.44-9618+[2607-f388-107c-501-90e2-baff-fe2c-2724]-9618&noUDP&sock=4699_0235_3>
...
001 (112171668.030.000) 05/03 23:31:34 Job executing on host: <128.105.245.184:9618?addrs=128.105.245.184-9618&noUDP&sock=5452_326e_3>
...
006 (112171668.030.000) 05/03 23:31:42 Image size of job updated: 632
	1  -  MemoryUsage of job (MB)
	620  -  ResidentSetSize of job (KB)
...
006 (112171668.030.000) 05/03 23:36:43 Image size of job updated: 640
	1  -  MemoryUsage of job (MB)
	628  -  ResidentSetSize of job (KB)
...
006 (112171668.030.000) 05/03 23:41:44 Image size of job updated: 664
	1  -  MemoryUsage of job (MB)
	652  -  ResidentSetSize of job (KB)
...
006 (112171668.030.000) 05/03 23:46:45 Image size of job updated: 668
	1  -  MemoryUsage of job (MB)
	656  -  ResidentSetSize of job (KB)
...
006 (112171668.030.000) 05/03 23:51:45 Image size of job updated: 347416
	264  -  MemoryUsage of job (MB)
	269412  -  ResidentSetSize of job (KB)
...
006 (112171668.030.000) 05/03 23:56:45 Image size of job updated: 812172
	717  -  MemoryUsage of job (MB)
	734108  -  ResidentSetSize of job (KB)
...
006 (112171668.030.000) 05/04 00:01:46 Image size of job updated: 1327300
	1220  -  MemoryUsage of job (MB)
	1249236  -  ResidentSetSize of job (KB)
...
006 (112171668.030.000) 05/04 00:06:47 Image size of job updated: 1938192
	1817  -  MemoryUsage of job (MB)
	1860128  -  ResidentSetSize of job (KB)
...
006 (112171668.030.000) 05/04 00:11:47 Image size of job updated: 2644156
	2506  -  MemoryUsage of job (MB)
	2566092  -  ResidentSetSize of job (KB)
...
006 (112171668.030.000) 05/04 00:16:47 Image size of job updated: 3483140
	3326  -  MemoryUsage of job (MB)
	3405076  -  ResidentSetSize of job (KB)
...
006 (112171668.030.000) 05/04 00:21:48 Image size of job updated: 4445836
	4266  -  MemoryUsage of job (MB)
	4367772  -  ResidentSetSize of job (KB)
...
006 (112171668.030.000) 05/04 00:26:49 Image size of job updated: 5292536
	5093  -  MemoryUsage of job (MB)
	5214472  -  ResidentSetSize of job (KB)
...
006 (112171668.030.000) 05/04 00:31:49 Image size of job updated: 6256872
	6034  -  MemoryUsage of job (MB)
	6178808  -  ResidentSetSize of job (KB)
...
006 (112171668.030.000) 05/04 00:36:49 Image size of job updated: 7088352
	6846  -  MemoryUsage of job (MB)
	7010288  -  ResidentSetSize of job (KB)
...
006 (112171668.030.000) 05/04 00:41:49 Image size of job updated: 7910984
	7650  -  MemoryUsage of job (MB)
	7832920  -  ResidentSetSize of job (KB)
...
006 (112171668.030.000) 05/04 00:46:49 Image size of job updated: 8705772
	8426  -  MemoryUsage of job (MB)
	8627708  -  ResidentSetSize of job (KB)
...
006 (112171668.030.000) 05/04 00:51:50 Image size of job updated: 9449112
	9152  -  MemoryUsage of job (MB)
	9371048  -  ResidentSetSize of job (KB)
...
006 (112171668.030.000) 05/04 00:56:51 Image size of job updated: 10162504
	9849  -  MemoryUsage of job (MB)
	10084440  -  ResidentSetSize of job (KB)
...
006 (112171668.030.000) 05/04 01:01:51 Image size of job updated: 10917272
	10586  -  MemoryUsage of job (MB)
	10839208  -  ResidentSetSize of job (KB)
...
006 (112171668.030.000) 05/04 01:06:52 Image size of job updated: 11563380
	11217  -  MemoryUsage of job (MB)
	11485316  -  ResidentSetSize of job (KB)
...
006 (112171668.030.000) 05/04 01:11:53 Image size of job updated: 12310980
	11947  -  MemoryUsage of job (MB)
	12232916  -  ResidentSetSize of job (KB)
...
006 (112171668.030.000) 05/04 01:16:53 Image size of job updated: 12993584
	12613  -  MemoryUsage of job (MB)
	12915520  -  ResidentSetSize of job (KB)
...
006 (112171668.030.000) 05/04 01:21:53 Image size of job updated: 13692532
	13296  -  MemoryUsage of job (MB)
	13614468  -  ResidentSetSize of job (KB)
...
006 (112171668.030.000) 05/04 01:26:53 Image size of job updated: 14514932
	14099  -  MemoryUsage of job (MB)
	14436868  -  ResidentSetSize of job (KB)
...
006 (112171668.030.000) 05/04 01:31:53 Image size of job updated: 15218716
	14786  -  MemoryUsage of job (MB)
	15140652  -  ResidentSetSize of job (KB)
...
006 (112171668.030.000) 05/04 01:36:54 Image size of job updated: 15961904
	15512  -  MemoryUsage of job (MB)
	15883840  -  ResidentSetSize of job (KB)
...
006 (112171668.030.000) 05/04 01:41:56 Image size of job updated: 16605688
	16141  -  MemoryUsage of job (MB)
	16527624  -  ResidentSetSize of job (KB)
...
006 (112171668.030.000) 05/04 01:46:56 Image size of job updated: 17307232
	16825  -  MemoryUsage of job (MB)
	17227888  -  ResidentSetSize of job (KB)
...
006 (112171668.030.000) 05/04 01:51:56 Image size of job updated: 17960108
	17459  -  MemoryUsage of job (MB)
	17877120  -  ResidentSetSize of job (KB)
...
006 (112171668.030.000) 05/04 01:56:56 Image size of job updated: 18809064
	18265  -  MemoryUsage of job (MB)
	18702500  -  ResidentSetSize of job (KB)
...
006 (112171668.030.000) 05/04 02:01:57 Image size of job updated: 19485436
	18896  -  MemoryUsage of job (MB)
	19349160  -  ResidentSetSize of job (KB)
...
006 (112171668.030.000) 05/04 02:06:58 Image size of job updated: 20130704
	19470  -  MemoryUsage of job (MB)
	19936464  -  ResidentSetSize of job (KB)
...
006 (112171668.030.000) 05/04 02:11:58 Image size of job updated: 20613280
	19810  -  MemoryUsage of job (MB)
	20284524  -  ResidentSetSize of job (KB)
...
006 (112171668.030.000) 05/04 02:16:58 Image size of job updated: 21298504
	20370  -  MemoryUsage of job (MB)
	20858872  -  ResidentSetSize of job (KB)
...
006 (112171668.030.000) 05/04 02:21:59 Image size of job updated: 21800116
	20444  -  MemoryUsage of job (MB)
	20933672  -  ResidentSetSize of job (KB)
...
006 (112171668.030.000) 05/04 02:27:00 Image size of job updated: 22369096
	20464  -  MemoryUsage of job (MB)
	20954568  -  ResidentSetSize of job (KB)
...
006 (112171668.030.000) 05/04 02:32:00 Image size of job updated: 22964152
	20464  -  MemoryUsage of job (MB)
	20954940  -  ResidentSetSize of job (KB)
...
006 (112171668.030.000) 05/04 02:33:42 Image size of job updated: 23077528
	20464  -  MemoryUsage of job (MB)
	20954940  -  ResidentSetSize of job (KB)
...
005 (112171668.030.000) 05/04 02:33:44 Job terminated.
	(1) Normal termination (return value 0)
		Usr 0 02:28:39, Sys 0 00:03:08  -  Run Remote Usage
		Usr 0 00:00:00, Sys 0 00:00:00  -  Run Local Usage
		Usr 0 02:28:39, Sys 0 00:03:08  -  Total Remote Usage
		Usr 0 00:00:00, Sys 0 00:00:00  -  Total Local Usage
	22547492  -  Run Bytes Sent By Job
	1780305536  -  Run Bytes Received By Job
	22547492  -  Total Bytes Sent By Job
	1780305536  -  Total Bytes Received By Job
	Partitionable Resources :      Usage  Request Allocated 
	   Cpus                 :       0.71        1         1 
	   Disk (KB)            : 6851769    20971520  21126962 
	   Ioheavy              :                             0 
	   Memory (MB)          :   20464       20480     20480 
...
