000 (112045438.077.000) 05/01 17:51:46 Job submitted from host: <128.104.100.44:9618?addrs=128.104.100.44-9618+[2607-f388-107c-501-90e2-baff-fe2c-2724]-9618&noUDP&sock=4699_0235_3>
...
001 (112045438.077.000) 05/02 02:10:54 Job executing on host: <128.105.245.226:9618?addrs=128.105.245.226-9618&noUDP&sock=5426_5cf8_3>
...
006 (112045438.077.000) 05/02 02:11:03 Image size of job updated: 624
	1  -  MemoryUsage of job (MB)
	624  -  ResidentSetSize of job (KB)
...
006 (112045438.077.000) 05/02 02:16:07 Image size of job updated: 652
	1  -  MemoryUsage of job (MB)
	652  -  ResidentSetSize of job (KB)
...
006 (112045438.077.000) 05/02 02:21:05 Image size of job updated: 358576
	275  -  MemoryUsage of job (MB)
	280584  -  ResidentSetSize of job (KB)
...
006 (112045438.077.000) 05/02 02:25:57 Image size of job updated: 760016
	276  -  MemoryUsage of job (MB)
	281764  -  ResidentSetSize of job (KB)
...
005 (112045438.077.000) 05/02 02:25:58 Job terminated.
	(1) Normal termination (return value 0)
		Usr 0 00:07:09, Sys 0 00:00:24  -  Run Remote Usage
		Usr 0 00:00:00, Sys 0 00:00:00  -  Run Local Usage
		Usr 0 00:07:09, Sys 0 00:00:24  -  Total Remote Usage
		Usr 0 00:00:00, Sys 0 00:00:00  -  Total Local Usage
	1125281  -  Run Bytes Sent By Job
	1780294016  -  Run Bytes Received By Job
	1125281  -  Total Bytes Sent By Job
	1780294016  -  Total Bytes Received By Job
	Partitionable Resources :      Usage  Request Allocated 
	   Cpus                 :       1.00        1         1 
	   Disk (KB)            : 6832590    20971520  21664671 
	   Ioheavy              :                             0 
	   Memory (MB)          :     276       20480     20480 
...
