000 (112171668.111.000) 05/03 11:56:36 Job submitted from host: <128.104.100.44:9618?addrs=128.104.100.44-9618+[2607-f388-107c-501-90e2-baff-fe2c-2724]-9618&noUDP&sock=4699_0235_3>
...
001 (112171668.111.000) 05/04 01:18:37 Job executing on host: <128.105.245.139:9618?addrs=128.105.245.139-9618&noUDP&sock=5430_f4b4_3>
...
006 (112171668.111.000) 05/04 01:18:46 Image size of job updated: 636
	1  -  MemoryUsage of job (MB)
	636  -  ResidentSetSize of job (KB)
...
006 (112171668.111.000) 05/04 01:23:47 Image size of job updated: 676
	1  -  MemoryUsage of job (MB)
	676  -  ResidentSetSize of job (KB)
...
006 (112171668.111.000) 05/04 01:28:47 Image size of job updated: 577944
	489  -  MemoryUsage of job (MB)
	499952  -  ResidentSetSize of job (KB)
...
006 (112171668.111.000) 05/04 01:33:48 Image size of job updated: 938268
	841  -  MemoryUsage of job (MB)
	860216  -  ResidentSetSize of job (KB)
...
006 (112171668.111.000) 05/04 01:38:48 Image size of job updated: 1392020
	1284  -  MemoryUsage of job (MB)
	1313968  -  ResidentSetSize of job (KB)
...
006 (112171668.111.000) 05/04 01:43:49 Image size of job updated: 1915472
	1795  -  MemoryUsage of job (MB)
	1837420  -  ResidentSetSize of job (KB)
...
006 (112171668.111.000) 05/04 01:48:49 Image size of job updated: 2537680
	2402  -  MemoryUsage of job (MB)
	2459628  -  ResidentSetSize of job (KB)
...
006 (112171668.111.000) 05/04 01:53:50 Image size of job updated: 3167236
	3017  -  MemoryUsage of job (MB)
	3089184  -  ResidentSetSize of job (KB)
...
006 (112171668.111.000) 05/04 01:58:51 Image size of job updated: 3942700
	3775  -  MemoryUsage of job (MB)
	3864648  -  ResidentSetSize of job (KB)
...
006 (112171668.111.000) 05/04 02:03:51 Image size of job updated: 4610128
	4426  -  MemoryUsage of job (MB)
	4532076  -  ResidentSetSize of job (KB)
...
006 (112171668.111.000) 05/04 02:08:51 Image size of job updated: 5281136
	5082  -  MemoryUsage of job (MB)
	5203084  -  ResidentSetSize of job (KB)
...
006 (112171668.111.000) 05/04 02:13:51 Image size of job updated: 6036788
	5820  -  MemoryUsage of job (MB)
	5958736  -  ResidentSetSize of job (KB)
...
006 (112171668.111.000) 05/04 02:18:51 Image size of job updated: 6695604
	6463  -  MemoryUsage of job (MB)
	6617552  -  ResidentSetSize of job (KB)
...
006 (112171668.111.000) 05/04 02:23:52 Image size of job updated: 7349068
	7101  -  MemoryUsage of job (MB)
	7271016  -  ResidentSetSize of job (KB)
...
006 (112171668.111.000) 05/04 02:28:52 Image size of job updated: 7951416
	7689  -  MemoryUsage of job (MB)
	7873364  -  ResidentSetSize of job (KB)
...
006 (112171668.111.000) 05/04 02:33:52 Image size of job updated: 8659596
	8381  -  MemoryUsage of job (MB)
	8581544  -  ResidentSetSize of job (KB)
...
006 (112171668.111.000) 05/04 02:38:53 Image size of job updated: 9271044
	8978  -  MemoryUsage of job (MB)
	9192992  -  ResidentSetSize of job (KB)
...
006 (112171668.111.000) 05/04 02:43:53 Image size of job updated: 9944244
	9635  -  MemoryUsage of job (MB)
	9866192  -  ResidentSetSize of job (KB)
...
006 (112171668.111.000) 05/04 02:48:54 Image size of job updated: 10523636
	10201  -  MemoryUsage of job (MB)
	10445584  -  ResidentSetSize of job (KB)
...
006 (112171668.111.000) 05/04 02:53:54 Image size of job updated: 11057660
	10723  -  MemoryUsage of job (MB)
	10979608  -  ResidentSetSize of job (KB)
...
006 (112171668.111.000) 05/04 02:58:55 Image size of job updated: 11683300
	11334  -  MemoryUsage of job (MB)
	11605248  -  ResidentSetSize of job (KB)
...
006 (112171668.111.000) 05/04 03:03:56 Image size of job updated: 12201724
	11840  -  MemoryUsage of job (MB)
	12123672  -  ResidentSetSize of job (KB)
...
006 (112171668.111.000) 05/04 03:08:57 Image size of job updated: 12755664
	12381  -  MemoryUsage of job (MB)
	12677612  -  ResidentSetSize of job (KB)
...
006 (112171668.111.000) 05/04 03:13:58 Image size of job updated: 13295940
	12909  -  MemoryUsage of job (MB)
	13217888  -  ResidentSetSize of job (KB)
...
006 (112171668.111.000) 05/04 03:18:59 Image size of job updated: 13856288
	13456  -  MemoryUsage of job (MB)
	13778236  -  ResidentSetSize of job (KB)
...
006 (112171668.111.000) 05/04 03:24:03 Image size of job updated: 14493880
	14078  -  MemoryUsage of job (MB)
	14415828  -  ResidentSetSize of job (KB)
...
006 (112171668.111.000) 05/04 03:28:59 Image size of job updated: 15029080
	14601  -  MemoryUsage of job (MB)
	14951028  -  ResidentSetSize of job (KB)
...
006 (112171668.111.000) 05/04 03:34:00 Image size of job updated: 15583408
	15142  -  MemoryUsage of job (MB)
	15505356  -  ResidentSetSize of job (KB)
...
006 (112171668.111.000) 05/04 03:39:00 Image size of job updated: 16141504
	15687  -  MemoryUsage of job (MB)
	16063068  -  ResidentSetSize of job (KB)
...
006 (112171668.111.000) 05/04 03:44:01 Image size of job updated: 16597168
	16131  -  MemoryUsage of job (MB)
	16517836  -  ResidentSetSize of job (KB)
...
006 (112171668.111.000) 05/04 03:49:02 Image size of job updated: 17155528
	16675  -  MemoryUsage of job (MB)
	17074404  -  ResidentSetSize of job (KB)
...
006 (112171668.111.000) 05/04 03:54:02 Image size of job updated: 17606576
	17114  -  MemoryUsage of job (MB)
	17523940  -  ResidentSetSize of job (KB)
...
006 (112171668.111.000) 05/04 03:59:02 Image size of job updated: 17973192
	17470  -  MemoryUsage of job (MB)
	17888536  -  ResidentSetSize of job (KB)
...
006 (112171668.111.000) 05/04 04:04:03 Image size of job updated: 18587360
	18066  -  MemoryUsage of job (MB)
	18499136  -  ResidentSetSize of job (KB)
...
006 (112171668.111.000) 05/04 04:09:03 Image size of job updated: 19098792
	18558  -  MemoryUsage of job (MB)
	19002656  -  ResidentSetSize of job (KB)
...
006 (112171668.111.000) 05/04 04:14:03 Image size of job updated: 19480356
	18926  -  MemoryUsage of job (MB)
	19379900  -  ResidentSetSize of job (KB)
...
006 (112171668.111.000) 05/04 04:19:03 Image size of job updated: 19948740
	19368  -  MemoryUsage of job (MB)
	19832352  -  ResidentSetSize of job (KB)
...
006 (112171668.111.000) 05/04 04:24:04 Image size of job updated: 20444336
	19824  -  MemoryUsage of job (MB)
	20299104  -  ResidentSetSize of job (KB)
...
006 (112171668.111.000) 05/04 04:29:04 Image size of job updated: 20905944
	20233  -  MemoryUsage of job (MB)
	20717692  -  ResidentSetSize of job (KB)
...
006 (112171668.111.000) 05/04 04:34:05 Image size of job updated: 21386756
	20451  -  MemoryUsage of job (MB)
	20941372  -  ResidentSetSize of job (KB)
...
006 (112171668.111.000) 05/04 04:39:06 Image size of job updated: 21859508
	20451  -  MemoryUsage of job (MB)
	20941372  -  ResidentSetSize of job (KB)
...
006 (112171668.111.000) 05/04 04:44:06 Image size of job updated: 22479296
	20453  -  MemoryUsage of job (MB)
	20943364  -  ResidentSetSize of job (KB)
...
006 (112171668.111.000) 05/04 04:49:07 Image size of job updated: 22881084
	20453  -  MemoryUsage of job (MB)
	20943540  -  ResidentSetSize of job (KB)
...
005 (112171668.111.000) 05/04 04:51:48 Job terminated.
	(1) Normal termination (return value 0)
		Usr 0 03:01:39, Sys 0 00:07:03  -  Run Remote Usage
		Usr 0 00:00:00, Sys 0 00:00:00  -  Run Local Usage
		Usr 0 03:01:39, Sys 0 00:07:03  -  Total Remote Usage
		Usr 0 00:00:00, Sys 0 00:00:00  -  Total Local Usage
	22429138  -  Run Bytes Sent By Job
	1780305536  -  Run Bytes Received By Job
	22429138  -  Total Bytes Sent By Job
	1780305536  -  Total Bytes Received By Job
	Partitionable Resources :      Usage  Request Allocated 
	   Cpus                 :       1.00        1         1 
	   Disk (KB)            : 6851652    20971520  21192526 
	   Ioheavy              :                             0 
	   Memory (MB)          :   20453       20480     20480 
...
