000 (112171668.073.000) 05/03 11:56:36 Job submitted from host: <128.104.100.44:9618?addrs=128.104.100.44-9618+[2607-f388-107c-501-90e2-baff-fe2c-2724]-9618&noUDP&sock=4699_0235_3>
...
001 (112171668.073.000) 05/04 00:16:54 Job executing on host: <128.105.245.133:9618?addrs=128.105.245.133-9618&noUDP&sock=5404_45e2_16>
...
006 (112171668.073.000) 05/04 00:17:03 Image size of job updated: 624
	1  -  MemoryUsage of job (MB)
	624  -  ResidentSetSize of job (KB)
...
006 (112171668.073.000) 05/04 00:22:06 Image size of job updated: 656
	1  -  MemoryUsage of job (MB)
	656  -  ResidentSetSize of job (KB)
...
006 (112171668.073.000) 05/04 00:27:05 Image size of job updated: 545932
	457  -  MemoryUsage of job (MB)
	467940  -  ResidentSetSize of job (KB)
...
006 (112171668.073.000) 05/04 00:32:06 Image size of job updated: 917200
	820  -  MemoryUsage of job (MB)
	839148  -  ResidentSetSize of job (KB)
...
006 (112171668.073.000) 05/04 00:37:07 Image size of job updated: 1356396
	1249  -  MemoryUsage of job (MB)
	1278344  -  ResidentSetSize of job (KB)
...
006 (112171668.073.000) 05/04 00:42:08 Image size of job updated: 1910844
	1790  -  MemoryUsage of job (MB)
	1832792  -  ResidentSetSize of job (KB)
...
006 (112171668.073.000) 05/04 00:47:09 Image size of job updated: 2619048
	2482  -  MemoryUsage of job (MB)
	2540996  -  ResidentSetSize of job (KB)
...
006 (112171668.073.000) 05/04 00:52:09 Image size of job updated: 3363420
	3209  -  MemoryUsage of job (MB)
	3285368  -  ResidentSetSize of job (KB)
...
006 (112171668.073.000) 05/04 00:57:09 Image size of job updated: 4183512
	4010  -  MemoryUsage of job (MB)
	4105460  -  ResidentSetSize of job (KB)
...
006 (112171668.073.000) 05/04 01:02:10 Image size of job updated: 4967004
	4775  -  MemoryUsage of job (MB)
	4888952  -  ResidentSetSize of job (KB)
...
006 (112171668.073.000) 05/04 01:07:10 Image size of job updated: 5797472
	5586  -  MemoryUsage of job (MB)
	5719420  -  ResidentSetSize of job (KB)
...
006 (112171668.073.000) 05/04 01:12:10 Image size of job updated: 6506828
	6279  -  MemoryUsage of job (MB)
	6428776  -  ResidentSetSize of job (KB)
...
006 (112171668.073.000) 05/04 01:17:11 Image size of job updated: 7242408
	6997  -  MemoryUsage of job (MB)
	7164356  -  ResidentSetSize of job (KB)
...
006 (112171668.073.000) 05/04 01:22:11 Image size of job updated: 7945036
	7683  -  MemoryUsage of job (MB)
	7866984  -  ResidentSetSize of job (KB)
...
006 (112171668.073.000) 05/04 01:27:12 Image size of job updated: 8680364
	8401  -  MemoryUsage of job (MB)
	8602312  -  ResidentSetSize of job (KB)
...
006 (112171668.073.000) 05/04 01:32:12 Image size of job updated: 9272268
	8979  -  MemoryUsage of job (MB)
	9194216  -  ResidentSetSize of job (KB)
...
006 (112171668.073.000) 05/04 01:37:13 Image size of job updated: 9912948
	9605  -  MemoryUsage of job (MB)
	9834896  -  ResidentSetSize of job (KB)
...
006 (112171668.073.000) 05/04 01:42:13 Image size of job updated: 10514864
	10193  -  MemoryUsage of job (MB)
	10436812  -  ResidentSetSize of job (KB)
...
006 (112171668.073.000) 05/04 01:47:14 Image size of job updated: 11071632
	10736  -  MemoryUsage of job (MB)
	10993580  -  ResidentSetSize of job (KB)
...
006 (112171668.073.000) 05/04 01:52:14 Image size of job updated: 11708136
	11358  -  MemoryUsage of job (MB)
	11630084  -  ResidentSetSize of job (KB)
...
006 (112171668.073.000) 05/04 01:57:15 Image size of job updated: 12281932
	11918  -  MemoryUsage of job (MB)
	12203880  -  ResidentSetSize of job (KB)
...
006 (112171668.073.000) 05/04 02:02:15 Image size of job updated: 12916700
	12538  -  MemoryUsage of job (MB)
	12838648  -  ResidentSetSize of job (KB)
...
006 (112171668.073.000) 05/04 02:07:16 Image size of job updated: 13464352
	13073  -  MemoryUsage of job (MB)
	13386300  -  ResidentSetSize of job (KB)
...
006 (112171668.073.000) 05/04 02:12:16 Image size of job updated: 14046620
	13642  -  MemoryUsage of job (MB)
	13968568  -  ResidentSetSize of job (KB)
...
006 (112171668.073.000) 05/04 02:17:17 Image size of job updated: 14748108
	14327  -  MemoryUsage of job (MB)
	14670056  -  ResidentSetSize of job (KB)
...
006 (112171668.073.000) 05/04 02:22:17 Image size of job updated: 15324316
	14889  -  MemoryUsage of job (MB)
	15246264  -  ResidentSetSize of job (KB)
...
006 (112171668.073.000) 05/04 02:27:17 Image size of job updated: 16002832
	15552  -  MemoryUsage of job (MB)
	15924780  -  ResidentSetSize of job (KB)
...
006 (112171668.073.000) 05/04 02:32:18 Image size of job updated: 16576952
	16113  -  MemoryUsage of job (MB)
	16498900  -  ResidentSetSize of job (KB)
...
006 (112171668.073.000) 05/04 02:37:19 Image size of job updated: 17222232
	16742  -  MemoryUsage of job (MB)
	17143632  -  ResidentSetSize of job (KB)
...
006 (112171668.073.000) 05/04 02:42:20 Image size of job updated: 17703452
	17211  -  MemoryUsage of job (MB)
	17624052  -  ResidentSetSize of job (KB)
...
006 (112171668.073.000) 05/04 02:47:20 Image size of job updated: 18331008
	17820  -  MemoryUsage of job (MB)
	18247356  -  ResidentSetSize of job (KB)
...
006 (112171668.073.000) 05/04 02:52:21 Image size of job updated: 18935472
	18404  -  MemoryUsage of job (MB)
	18844948  -  ResidentSetSize of job (KB)
...
006 (112171668.073.000) 05/04 02:57:22 Image size of job updated: 19585392
	19025  -  MemoryUsage of job (MB)
	19481140  -  ResidentSetSize of job (KB)
...
006 (112171668.073.000) 05/04 03:02:22 Image size of job updated: 20173468
	19574  -  MemoryUsage of job (MB)
	20043076  -  ResidentSetSize of job (KB)
...
006 (112171668.073.000) 05/04 03:07:22 Image size of job updated: 20770996
	20115  -  MemoryUsage of job (MB)
	20597452  -  ResidentSetSize of job (KB)
...
006 (112171668.073.000) 05/04 03:12:22 Image size of job updated: 21155456
	20408  -  MemoryUsage of job (MB)
	20897016  -  ResidentSetSize of job (KB)
...
006 (112171668.073.000) 05/04 03:17:23 Image size of job updated: 21721724
	20458  -  MemoryUsage of job (MB)
	20948932  -  ResidentSetSize of job (KB)
...
006 (112171668.073.000) 05/04 03:22:23 Image size of job updated: 22195728
	20458  -  MemoryUsage of job (MB)
	20948932  -  ResidentSetSize of job (KB)
...
006 (112171668.073.000) 05/04 03:27:25 Image size of job updated: 22875216
	20458  -  MemoryUsage of job (MB)
	20948932  -  ResidentSetSize of job (KB)
...
006 (112171668.073.000) 05/04 03:29:54 Image size of job updated: 23073904
	20458  -  MemoryUsage of job (MB)
	20948932  -  ResidentSetSize of job (KB)
...
005 (112171668.073.000) 05/04 03:29:55 Job terminated.
	(1) Normal termination (return value 0)
		Usr 0 02:55:28, Sys 0 00:03:46  -  Run Remote Usage
		Usr 0 00:00:00, Sys 0 00:00:00  -  Run Local Usage
		Usr 0 02:55:28, Sys 0 00:03:46  -  Total Remote Usage
		Usr 0 00:00:00, Sys 0 00:00:00  -  Total Local Usage
	22379560  -  Run Bytes Sent By Job
	1780305536  -  Run Bytes Received By Job
	22379560  -  Total Bytes Sent By Job
	1780305536  -  Total Bytes Received By Job
	Partitionable Resources :      Usage  Request Allocated 
	   Cpus                 :       0.95        1         1 
	   Disk (KB)            : 6851605    20971520  21272368 
	   Ioheavy              :                             0 
	   Memory (MB)          :   20458       20480     20480 
...
