000 (112171668.097.000) 05/03 11:56:36 Job submitted from host: <128.104.100.44:9618?addrs=128.104.100.44-9618+[2607-f388-107c-501-90e2-baff-fe2c-2724]-9618&noUDP&sock=4699_0235_3>
...
001 (112171668.097.000) 05/04 01:01:04 Job executing on host: <128.105.245.174:9618?addrs=128.105.245.174-9618&noUDP&sock=5430_1b59_29>
...
006 (112171668.097.000) 05/04 01:01:12 Image size of job updated: 632
	1  -  MemoryUsage of job (MB)
	632  -  ResidentSetSize of job (KB)
...
006 (112171668.097.000) 05/04 01:06:13 Image size of job updated: 660
	1  -  MemoryUsage of job (MB)
	660  -  ResidentSetSize of job (KB)
...
006 (112171668.097.000) 05/04 01:11:14 Image size of job updated: 376572
	292  -  MemoryUsage of job (MB)
	298580  -  ResidentSetSize of job (KB)
...
006 (112171668.097.000) 05/04 01:16:15 Image size of job updated: 698128
	606  -  MemoryUsage of job (MB)
	620136  -  ResidentSetSize of job (KB)
...
006 (112171668.097.000) 05/04 01:21:16 Image size of job updated: 1062748
	962  -  MemoryUsage of job (MB)
	984696  -  ResidentSetSize of job (KB)
...
006 (112171668.097.000) 05/04 01:26:16 Image size of job updated: 1484768
	1374  -  MemoryUsage of job (MB)
	1406716  -  ResidentSetSize of job (KB)
...
006 (112171668.097.000) 05/04 01:31:17 Image size of job updated: 2011792
	1889  -  MemoryUsage of job (MB)
	1933740  -  ResidentSetSize of job (KB)
...
006 (112171668.097.000) 05/04 01:36:17 Image size of job updated: 2552528
	2417  -  MemoryUsage of job (MB)
	2474476  -  ResidentSetSize of job (KB)
...
006 (112171668.097.000) 05/04 01:41:18 Image size of job updated: 3195416
	3045  -  MemoryUsage of job (MB)
	3117364  -  ResidentSetSize of job (KB)
...
006 (112171668.097.000) 05/04 01:46:18 Image size of job updated: 3964252
	3796  -  MemoryUsage of job (MB)
	3886200  -  ResidentSetSize of job (KB)
...
006 (112171668.097.000) 05/04 01:51:19 Image size of job updated: 4741504
	4555  -  MemoryUsage of job (MB)
	4663452  -  ResidentSetSize of job (KB)
...
006 (112171668.097.000) 05/04 01:56:20 Image size of job updated: 5445124
	5242  -  MemoryUsage of job (MB)
	5367072  -  ResidentSetSize of job (KB)
...
006 (112171668.097.000) 05/04 02:01:20 Image size of job updated: 6212028
	5991  -  MemoryUsage of job (MB)
	6133976  -  ResidentSetSize of job (KB)
...
006 (112171668.097.000) 05/04 02:06:21 Image size of job updated: 6877940
	6641  -  MemoryUsage of job (MB)
	6799888  -  ResidentSetSize of job (KB)
...
006 (112171668.097.000) 05/04 02:11:21 Image size of job updated: 7539924
	7287  -  MemoryUsage of job (MB)
	7461872  -  ResidentSetSize of job (KB)
...
006 (112171668.097.000) 05/04 02:16:22 Image size of job updated: 8181412
	7914  -  MemoryUsage of job (MB)
	8103360  -  ResidentSetSize of job (KB)
...
006 (112171668.097.000) 05/04 02:21:23 Image size of job updated: 8706248
	8426  -  MemoryUsage of job (MB)
	8628196  -  ResidentSetSize of job (KB)
...
006 (112171668.097.000) 05/04 02:26:23 Image size of job updated: 9368016
	9073  -  MemoryUsage of job (MB)
	9289964  -  ResidentSetSize of job (KB)
...
006 (112171668.097.000) 05/04 02:31:24 Image size of job updated: 9930976
	9622  -  MemoryUsage of job (MB)
	9852924  -  ResidentSetSize of job (KB)
...
006 (112171668.097.000) 05/04 02:36:24 Image size of job updated: 10486780
	10165  -  MemoryUsage of job (MB)
	10408728  -  ResidentSetSize of job (KB)
...
006 (112171668.097.000) 05/04 02:41:25 Image size of job updated: 10970012
	10637  -  MemoryUsage of job (MB)
	10891960  -  ResidentSetSize of job (KB)
...
006 (112171668.097.000) 05/04 02:46:25 Image size of job updated: 11492736
	11148  -  MemoryUsage of job (MB)
	11414684  -  ResidentSetSize of job (KB)
...
006 (112171668.097.000) 05/04 02:51:26 Image size of job updated: 12074872
	11716  -  MemoryUsage of job (MB)
	11996820  -  ResidentSetSize of job (KB)
...
006 (112171668.097.000) 05/04 02:56:27 Image size of job updated: 12563340
	12193  -  MemoryUsage of job (MB)
	12485288  -  ResidentSetSize of job (KB)
...
006 (112171668.097.000) 05/04 03:01:28 Image size of job updated: 13102968
	12720  -  MemoryUsage of job (MB)
	13024916  -  ResidentSetSize of job (KB)
...
006 (112171668.097.000) 05/04 03:06:28 Image size of job updated: 13618196
	13223  -  MemoryUsage of job (MB)
	13540144  -  ResidentSetSize of job (KB)
...
006 (112171668.097.000) 05/04 03:11:29 Image size of job updated: 14274952
	13865  -  MemoryUsage of job (MB)
	14196900  -  ResidentSetSize of job (KB)
...
006 (112171668.097.000) 05/04 03:16:29 Image size of job updated: 14795968
	14373  -  MemoryUsage of job (MB)
	14717916  -  ResidentSetSize of job (KB)
...
006 (112171668.097.000) 05/04 03:21:30 Image size of job updated: 15273916
	14840  -  MemoryUsage of job (MB)
	15195344  -  ResidentSetSize of job (KB)
...
006 (112171668.097.000) 05/04 03:26:30 Image size of job updated: 15852064
	15400  -  MemoryUsage of job (MB)
	15769548  -  ResidentSetSize of job (KB)
...
006 (112171668.097.000) 05/04 03:31:31 Image size of job updated: 16510260
	16037  -  MemoryUsage of job (MB)
	16421248  -  ResidentSetSize of job (KB)
...
006 (112171668.097.000) 05/04 03:36:31 Image size of job updated: 17169220
	16678  -  MemoryUsage of job (MB)
	17077768  -  ResidentSetSize of job (KB)
...
006 (112171668.097.000) 05/04 03:41:32 Image size of job updated: 17631004
	17128  -  MemoryUsage of job (MB)
	17538136  -  ResidentSetSize of job (KB)
...
006 (112171668.097.000) 05/04 03:46:33 Image size of job updated: 18240312
	17710  -  MemoryUsage of job (MB)
	18134684  -  ResidentSetSize of job (KB)
...
006 (112171668.097.000) 05/04 03:51:33 Image size of job updated: 18844288
	18295  -  MemoryUsage of job (MB)
	18733332  -  ResidentSetSize of job (KB)
...
006 (112171668.097.000) 05/04 03:56:34 Image size of job updated: 19291424
	18724  -  MemoryUsage of job (MB)
	19173312  -  ResidentSetSize of job (KB)
...
006 (112171668.097.000) 05/04 04:01:35 Image size of job updated: 19893184
	19304  -  MemoryUsage of job (MB)
	19766588  -  ResidentSetSize of job (KB)
...
006 (112171668.097.000) 05/04 04:06:35 Image size of job updated: 20393576
	19775  -  MemoryUsage of job (MB)
	20248996  -  ResidentSetSize of job (KB)
...
006 (112171668.097.000) 05/04 04:11:36 Image size of job updated: 20866532
	20139  -  MemoryUsage of job (MB)
	20621760  -  ResidentSetSize of job (KB)
...
006 (112171668.097.000) 05/04 04:16:36 Image size of job updated: 21264676
	20359  -  MemoryUsage of job (MB)
	20847016  -  ResidentSetSize of job (KB)
...
006 (112171668.097.000) 05/04 04:21:36 Image size of job updated: 21759772
	20446  -  MemoryUsage of job (MB)
	20936304  -  ResidentSetSize of job (KB)
...
006 (112171668.097.000) 05/04 04:26:37 Image size of job updated: 22068260
	20460  -  MemoryUsage of job (MB)
	20950816  -  ResidentSetSize of job (KB)
...
006 (112171668.097.000) 05/04 04:31:38 Image size of job updated: 22448708
	20465  -  MemoryUsage of job (MB)
	20956152  -  ResidentSetSize of job (KB)
...
006 (112171668.097.000) 05/04 04:36:38 Image size of job updated: 22817916
	20466  -  MemoryUsage of job (MB)
	20956284  -  ResidentSetSize of job (KB)
...
006 (112171668.097.000) 05/04 04:40:31 Image size of job updated: 23072396
	20466  -  MemoryUsage of job (MB)
	20956284  -  ResidentSetSize of job (KB)
...
005 (112171668.097.000) 05/04 04:40:33 Job terminated.
	(1) Normal termination (return value 0)
		Usr 0 03:08:32, Sys 0 00:03:47  -  Run Remote Usage
		Usr 0 00:00:00, Sys 0 00:00:00  -  Run Local Usage
		Usr 0 03:08:32, Sys 0 00:03:47  -  Total Remote Usage
		Usr 0 00:00:00, Sys 0 00:00:00  -  Total Local Usage
	22475524  -  Run Bytes Sent By Job
	1780305536  -  Run Bytes Received By Job
	22475524  -  Total Bytes Sent By Job
	1780305536  -  Total Bytes Received By Job
	Partitionable Resources :      Usage  Request Allocated 
	   Cpus                 :       0.89        1         1 
	   Disk (KB)            : 6851698    20971520  21432699 
	   Ioheavy              :                             0 
	   Memory (MB)          :   20466       20480     20480 
...
