000 (112171668.050.000) 05/03 11:56:36 Job submitted from host: <128.104.100.44:9618?addrs=128.104.100.44-9618+[2607-f388-107c-501-90e2-baff-fe2c-2724]-9618&noUDP&sock=4699_0235_3>
...
001 (112171668.050.000) 05/03 23:49:14 Job executing on host: <128.105.245.192:9618?addrs=128.105.245.192-9618&noUDP&sock=5416_8105_44>
...
006 (112171668.050.000) 05/03 23:49:22 Image size of job updated: 632
	1  -  MemoryUsage of job (MB)
	632  -  ResidentSetSize of job (KB)
...
006 (112171668.050.000) 05/03 23:54:24 Image size of job updated: 306504
	224  -  MemoryUsage of job (MB)
	228512  -  ResidentSetSize of job (KB)
...
006 (112171668.050.000) 05/03 23:59:24 Image size of job updated: 642140
	551  -  MemoryUsage of job (MB)
	564148  -  ResidentSetSize of job (KB)
...
006 (112171668.050.000) 05/04 00:04:24 Image size of job updated: 1047588
	947  -  MemoryUsage of job (MB)
	969536  -  ResidentSetSize of job (KB)
...
006 (112171668.050.000) 05/04 00:09:25 Image size of job updated: 1554672
	1443  -  MemoryUsage of job (MB)
	1476620  -  ResidentSetSize of job (KB)
...
006 (112171668.050.000) 05/04 00:14:25 Image size of job updated: 2142744
	2017  -  MemoryUsage of job (MB)
	2064692  -  ResidentSetSize of job (KB)
...
006 (112171668.050.000) 05/04 00:19:26 Image size of job updated: 2722328
	2583  -  MemoryUsage of job (MB)
	2644276  -  ResidentSetSize of job (KB)
...
006 (112171668.050.000) 05/04 00:24:27 Image size of job updated: 3399488
	3244  -  MemoryUsage of job (MB)
	3321436  -  ResidentSetSize of job (KB)
...
006 (112171668.050.000) 05/04 00:29:27 Image size of job updated: 4178452
	4005  -  MemoryUsage of job (MB)
	4100400  -  ResidentSetSize of job (KB)
...
006 (112171668.050.000) 05/04 00:34:28 Image size of job updated: 4968984
	4777  -  MemoryUsage of job (MB)
	4890932  -  ResidentSetSize of job (KB)
...
006 (112171668.050.000) 05/04 00:39:29 Image size of job updated: 5586356
	5380  -  MemoryUsage of job (MB)
	5508304  -  ResidentSetSize of job (KB)
...
006 (112171668.050.000) 05/04 00:44:29 Image size of job updated: 6258276
	6036  -  MemoryUsage of job (MB)
	6180224  -  ResidentSetSize of job (KB)
...
006 (112171668.050.000) 05/04 00:49:31 Image size of job updated: 6922968
	6685  -  MemoryUsage of job (MB)
	6844916  -  ResidentSetSize of job (KB)
...
006 (112171668.050.000) 05/04 00:54:31 Image size of job updated: 7694020
	7438  -  MemoryUsage of job (MB)
	7615968  -  ResidentSetSize of job (KB)
...
006 (112171668.050.000) 05/04 00:59:31 Image size of job updated: 8457992
	8184  -  MemoryUsage of job (MB)
	8379940  -  ResidentSetSize of job (KB)
...
006 (112171668.050.000) 05/04 01:04:32 Image size of job updated: 9221388
	8930  -  MemoryUsage of job (MB)
	9143336  -  ResidentSetSize of job (KB)
...
006 (112171668.050.000) 05/04 01:09:32 Image size of job updated: 9899368
	9592  -  MemoryUsage of job (MB)
	9821316  -  ResidentSetSize of job (KB)
...
006 (112171668.050.000) 05/04 01:14:32 Image size of job updated: 10525888
	10203  -  MemoryUsage of job (MB)
	10447836  -  ResidentSetSize of job (KB)
...
006 (112171668.050.000) 05/04 01:19:33 Image size of job updated: 11127296
	10791  -  MemoryUsage of job (MB)
	11049244  -  ResidentSetSize of job (KB)
...
006 (112171668.050.000) 05/04 01:24:33 Image size of job updated: 11774200
	11423  -  MemoryUsage of job (MB)
	11696148  -  ResidentSetSize of job (KB)
...
006 (112171668.050.000) 05/04 01:29:33 Image size of job updated: 12334224
	11969  -  MemoryUsage of job (MB)
	12256172  -  ResidentSetSize of job (KB)
...
006 (112171668.050.000) 05/04 01:34:34 Image size of job updated: 12945112
	12566  -  MemoryUsage of job (MB)
	12867060  -  ResidentSetSize of job (KB)
...
006 (112171668.050.000) 05/04 01:39:34 Image size of job updated: 13609112
	13214  -  MemoryUsage of job (MB)
	13531060  -  ResidentSetSize of job (KB)
...
006 (112171668.050.000) 05/04 01:44:35 Image size of job updated: 14344460
	13933  -  MemoryUsage of job (MB)
	14266408  -  ResidentSetSize of job (KB)
...
006 (112171668.050.000) 05/04 01:49:35 Image size of job updated: 15036304
	14608  -  MemoryUsage of job (MB)
	14958252  -  ResidentSetSize of job (KB)
...
006 (112171668.050.000) 05/04 01:54:36 Image size of job updated: 15736696
	15292  -  MemoryUsage of job (MB)
	15658644  -  ResidentSetSize of job (KB)
...
006 (112171668.050.000) 05/04 01:59:36 Image size of job updated: 16296368
	15839  -  MemoryUsage of job (MB)
	16218316  -  ResidentSetSize of job (KB)
...
006 (112171668.050.000) 05/04 02:04:37 Image size of job updated: 16841716
	16371  -  MemoryUsage of job (MB)
	16762988  -  ResidentSetSize of job (KB)
...
006 (112171668.050.000) 05/04 02:09:38 Image size of job updated: 17556968
	17066  -  MemoryUsage of job (MB)
	17474896  -  ResidentSetSize of job (KB)
...
006 (112171668.050.000) 05/04 02:14:38 Image size of job updated: 18175636
	17656  -  MemoryUsage of job (MB)
	18079376  -  ResidentSetSize of job (KB)
...
006 (112171668.050.000) 05/04 02:19:39 Image size of job updated: 18802088
	18249  -  MemoryUsage of job (MB)
	18686516  -  ResidentSetSize of job (KB)
...
006 (112171668.050.000) 05/04 02:24:41 Image size of job updated: 19457736
	18853  -  MemoryUsage of job (MB)
	19305436  -  ResidentSetSize of job (KB)
...
006 (112171668.050.000) 05/04 02:29:41 Image size of job updated: 20099816
	19432  -  MemoryUsage of job (MB)
	19897916  -  ResidentSetSize of job (KB)
...
006 (112171668.050.000) 05/04 02:34:42 Image size of job updated: 20716000
	19903  -  MemoryUsage of job (MB)
	20380608  -  ResidentSetSize of job (KB)
...
006 (112171668.050.000) 05/04 02:39:43 Image size of job updated: 21305316
	20256  -  MemoryUsage of job (MB)
	20741700  -  ResidentSetSize of job (KB)
...
006 (112171668.050.000) 05/04 02:44:43 Image size of job updated: 21787108
	20454  -  MemoryUsage of job (MB)
	20943972  -  ResidentSetSize of job (KB)
...
006 (112171668.050.000) 05/04 02:49:43 Image size of job updated: 22155976
	20454  -  MemoryUsage of job (MB)
	20944012  -  ResidentSetSize of job (KB)
...
006 (112171668.050.000) 05/04 02:54:44 Image size of job updated: 22819980
	20455  -  MemoryUsage of job (MB)
	20945112  -  ResidentSetSize of job (KB)
...
006 (112171668.050.000) 05/04 02:59:44 Image size of job updated: 23062148
	20455  -  MemoryUsage of job (MB)
	20945112  -  ResidentSetSize of job (KB)
...
006 (112171668.050.000) 05/04 03:00:28 Image size of job updated: 23076076
	20455  -  MemoryUsage of job (MB)
	20945112  -  ResidentSetSize of job (KB)
...
005 (112171668.050.000) 05/04 03:00:31 Job terminated.
	(1) Normal termination (return value 0)
		Usr 0 02:53:34, Sys 0 00:06:56  -  Run Remote Usage
		Usr 0 00:00:00, Sys 0 00:00:00  -  Run Local Usage
		Usr 0 02:53:34, Sys 0 00:06:56  -  Total Remote Usage
		Usr 0 00:00:00, Sys 0 00:00:00  -  Total Local Usage
	22453030  -  Run Bytes Sent By Job
	1780305536  -  Run Bytes Received By Job
	22453030  -  Total Bytes Sent By Job
	1780305536  -  Total Bytes Received By Job
	Partitionable Resources :      Usage  Request Allocated 
	   Cpus                 :       0.90        1         1 
	   Disk (KB)            : 6851677    20971520  21685997 
	   Ioheavy              :                             0 
	   Memory (MB)          :   20455       20480     20480 
...
