000 (112045438.044.000) 05/01 17:51:46 Job submitted from host: <128.104.100.44:9618?addrs=128.104.100.44-9618+[2607-f388-107c-501-90e2-baff-fe2c-2724]-9618&noUDP&sock=4699_0235_3>
...
001 (112045438.044.000) 05/02 01:53:50 Job executing on host: <128.105.245.137:9618?addrs=128.105.245.137-9618&noUDP&sock=5431_caf1_46>
...
006 (112045438.044.000) 05/02 01:53:59 Image size of job updated: 636
	1  -  MemoryUsage of job (MB)
	636  -  ResidentSetSize of job (KB)
...
006 (112045438.044.000) 05/02 01:59:01 Image size of job updated: 664
	1  -  MemoryUsage of job (MB)
	664  -  ResidentSetSize of job (KB)
...
006 (112045438.044.000) 05/02 02:04:02 Image size of job updated: 462456
	376  -  MemoryUsage of job (MB)
	384460  -  ResidentSetSize of job (KB)
...
006 (112045438.044.000) 05/02 02:09:03 Image size of job updated: 1257140
	1152  -  MemoryUsage of job (MB)
	1179084  -  ResidentSetSize of job (KB)
...
006 (112045438.044.000) 05/02 02:14:04 Image size of job updated: 2393712
	2262  -  MemoryUsage of job (MB)
	2315656  -  ResidentSetSize of job (KB)
...
006 (112045438.044.000) 05/02 02:16:10 Image size of job updated: 2953160
	2264  -  MemoryUsage of job (MB)
	2317660  -  ResidentSetSize of job (KB)
...
005 (112045438.044.000) 05/02 02:16:11 Job terminated.
	(1) Normal termination (return value 0)
		Usr 0 00:14:16, Sys 0 00:00:20  -  Run Remote Usage
		Usr 0 00:00:00, Sys 0 00:00:00  -  Run Local Usage
		Usr 0 00:14:16, Sys 0 00:00:20  -  Total Remote Usage
		Usr 0 00:00:00, Sys 0 00:00:00  -  Total Local Usage
	5460380  -  Run Bytes Sent By Job
	1780294016  -  Run Bytes Received By Job
	5460380  -  Total Bytes Sent By Job
	1780294016  -  Total Bytes Received By Job
	Partitionable Resources :      Usage  Request Allocated 
	   Cpus                 :       1.00        1         1 
	   Disk (KB)            : 6852192    20971520  22612364 
	   Ioheavy              :                             0 
	   Memory (MB)          :    2264       20480     20480 
...
