000 (112045438.051.000) 05/01 17:51:46 Job submitted from host: <128.104.100.44:9618?addrs=128.104.100.44-9618+[2607-f388-107c-501-90e2-baff-fe2c-2724]-9618&noUDP&sock=4699_0235_3>
...
001 (112045438.051.000) 05/02 02:01:14 Job executing on host: <128.105.245.252:9618?addrs=128.105.245.252-9618&noUDP&sock=14560_8705_25>
...
006 (112045438.051.000) 05/02 02:01:24 Image size of job updated: 616
	1  -  MemoryUsage of job (MB)
	616  -  ResidentSetSize of job (KB)
...
006 (112045438.051.000) 05/02 02:06:26 Image size of job updated: 628
	1  -  MemoryUsage of job (MB)
	628  -  ResidentSetSize of job (KB)
...
006 (112045438.051.000) 05/02 02:11:26 Image size of job updated: 648
	1  -  MemoryUsage of job (MB)
	648  -  ResidentSetSize of job (KB)
...
006 (112045438.051.000) 05/02 02:16:27 Image size of job updated: 656
	1  -  MemoryUsage of job (MB)
	656  -  ResidentSetSize of job (KB)
...
006 (112045438.051.000) 05/02 02:21:27 Image size of job updated: 441540
	356  -  MemoryUsage of job (MB)
	363544  -  ResidentSetSize of job (KB)
...
006 (112045438.051.000) 05/02 02:26:27 Image size of job updated: 1161824
	1059  -  MemoryUsage of job (MB)
	1083768  -  ResidentSetSize of job (KB)
...
006 (112045438.051.000) 05/02 02:31:27 Image size of job updated: 2211456
	2084  -  MemoryUsage of job (MB)
	2133400  -  ResidentSetSize of job (KB)
...
006 (112045438.051.000) 05/02 02:36:28 Image size of job updated: 3469012
	3312  -  MemoryUsage of job (MB)
	3390956  -  ResidentSetSize of job (KB)
...
006 (112045438.051.000) 05/02 02:41:28 Image size of job updated: 5004472
	4811  -  MemoryUsage of job (MB)
	4926416  -  ResidentSetSize of job (KB)
...
006 (112045438.051.000) 05/02 02:46:28 Image size of job updated: 6489724
	6262  -  MemoryUsage of job (MB)
	6411668  -  ResidentSetSize of job (KB)
...
006 (112045438.051.000) 05/02 02:51:28 Image size of job updated: 7893308
	7633  -  MemoryUsage of job (MB)
	7815252  -  ResidentSetSize of job (KB)
...
006 (112045438.051.000) 05/02 02:56:28 Image size of job updated: 9225864
	8934  -  MemoryUsage of job (MB)
	9147808  -  ResidentSetSize of job (KB)
...
006 (112045438.051.000) 05/02 03:01:28 Image size of job updated: 10488396
	10167  -  MemoryUsage of job (MB)
	10410340  -  ResidentSetSize of job (KB)
...
006 (112045438.051.000) 05/02 03:06:28 Image size of job updated: 11698620
	11349  -  MemoryUsage of job (MB)
	11620564  -  ResidentSetSize of job (KB)
...
006 (112045438.051.000) 05/02 03:11:28 Image size of job updated: 12775876
	12401  -  MemoryUsage of job (MB)
	12697820  -  ResidentSetSize of job (KB)
...
006 (112045438.051.000) 05/02 03:16:29 Image size of job updated: 13907420
	13506  -  MemoryUsage of job (MB)
	13829364  -  ResidentSetSize of job (KB)
...
006 (112045438.051.000) 05/02 03:21:30 Image size of job updated: 15047432
	14619  -  MemoryUsage of job (MB)
	14969376  -  ResidentSetSize of job (KB)
...
006 (112045438.051.000) 05/02 03:26:31 Image size of job updated: 16249476
	15793  -  MemoryUsage of job (MB)
	16171420  -  ResidentSetSize of job (KB)
...
006 (112045438.051.000) 05/02 03:31:32 Image size of job updated: 17347140
	16864  -  MemoryUsage of job (MB)
	17268120  -  ResidentSetSize of job (KB)
...
006 (112045438.051.000) 05/02 03:36:32 Image size of job updated: 18490560
	17975  -  MemoryUsage of job (MB)
	18405452  -  ResidentSetSize of job (KB)
...
006 (112045438.051.000) 05/02 03:41:33 Image size of job updated: 19593944
	19039  -  MemoryUsage of job (MB)
	19495472  -  ResidentSetSize of job (KB)
...
006 (112045438.051.000) 05/02 03:46:33 Image size of job updated: 20772364
	20077  -  MemoryUsage of job (MB)
	20558336  -  ResidentSetSize of job (KB)
...
006 (112045438.051.000) 05/02 03:51:33 Image size of job updated: 21761676
	20447  -  MemoryUsage of job (MB)
	20937660  -  ResidentSetSize of job (KB)
...
006 (112045438.051.000) 05/02 03:56:33 Image size of job updated: 22849528
	20449  -  MemoryUsage of job (MB)
	20939692  -  ResidentSetSize of job (KB)
...
006 (112045438.051.000) 05/02 04:01:33 Image size of job updated: 23861076
	20449  -  MemoryUsage of job (MB)
	20939692  -  ResidentSetSize of job (KB)
...
006 (112045438.051.000) 05/02 04:06:33 Image size of job updated: 24513100
	20449  -  MemoryUsage of job (MB)
	20939692  -  ResidentSetSize of job (KB)
...
006 (112045438.051.000) 05/02 04:10:30 Image size of job updated: 24940584
	20449  -  MemoryUsage of job (MB)
	20939692  -  ResidentSetSize of job (KB)
...
005 (112045438.051.000) 05/02 04:10:31 Job terminated.
	(1) Normal termination (return value 0)
		Usr 0 01:42:27, Sys 0 00:05:41  -  Run Remote Usage
		Usr 0 00:00:00, Sys 0 00:00:00  -  Run Local Usage
		Usr 0 01:42:27, Sys 0 00:05:41  -  Total Remote Usage
		Usr 0 00:00:00, Sys 0 00:00:00  -  Total Local Usage
	24555260  -  Run Bytes Sent By Job
	1780294016  -  Run Bytes Received By Job
	24555260  -  Total Bytes Sent By Job
	1780294016  -  Total Bytes Received By Job
	Partitionable Resources :      Usage  Request Allocated 
	   Cpus                 :       0.01        1         1 
	   Disk (KB)            : 6893115    20971520  21339388 
	   Ioheavy              :                             0 
	   Memory (MB)          :   20449       20480     20480 
...
