000 (112171668.057.000) 05/03 11:56:36 Job submitted from host: <128.104.100.44:9618?addrs=128.104.100.44-9618+[2607-f388-107c-501-90e2-baff-fe2c-2724]-9618&noUDP&sock=4699_0235_3>
...
001 (112171668.057.000) 05/04 00:02:45 Job executing on host: <128.105.245.150:9618?addrs=128.105.245.150-9618&noUDP&sock=5248_451c_27>
...
006 (112171668.057.000) 05/04 00:02:55 Image size of job updated: 628
	1  -  MemoryUsage of job (MB)
	628  -  ResidentSetSize of job (KB)
...
006 (112171668.057.000) 05/04 00:07:58 Image size of job updated: 668
	1  -  MemoryUsage of job (MB)
	668  -  ResidentSetSize of job (KB)
...
006 (112171668.057.000) 05/04 00:12:56 Image size of job updated: 508064
	420  -  MemoryUsage of job (MB)
	430072  -  ResidentSetSize of job (KB)
...
006 (112171668.057.000) 05/04 00:17:56 Image size of job updated: 844596
	749  -  MemoryUsage of job (MB)
	766544  -  ResidentSetSize of job (KB)
...
006 (112171668.057.000) 05/04 00:22:58 Image size of job updated: 1288984
	1183  -  MemoryUsage of job (MB)
	1210932  -  ResidentSetSize of job (KB)
...
006 (112171668.057.000) 05/04 00:27:59 Image size of job updated: 1817460
	1699  -  MemoryUsage of job (MB)
	1739408  -  ResidentSetSize of job (KB)
...
006 (112171668.057.000) 05/04 00:33:00 Image size of job updated: 2456380
	2323  -  MemoryUsage of job (MB)
	2378328  -  ResidentSetSize of job (KB)
...
006 (112171668.057.000) 05/04 00:38:00 Image size of job updated: 3148072
	2999  -  MemoryUsage of job (MB)
	3070020  -  ResidentSetSize of job (KB)
...
006 (112171668.057.000) 05/04 00:43:02 Image size of job updated: 3918268
	3751  -  MemoryUsage of job (MB)
	3840216  -  ResidentSetSize of job (KB)
...
006 (112171668.057.000) 05/04 00:48:02 Image size of job updated: 4709180
	4523  -  MemoryUsage of job (MB)
	4631128  -  ResidentSetSize of job (KB)
...
006 (112171668.057.000) 05/04 00:53:03 Image size of job updated: 5408436
	5206  -  MemoryUsage of job (MB)
	5330384  -  ResidentSetSize of job (KB)
...
006 (112171668.057.000) 05/04 00:58:03 Image size of job updated: 6068800
	5851  -  MemoryUsage of job (MB)
	5990748  -  ResidentSetSize of job (KB)
...
006 (112171668.057.000) 05/04 01:03:04 Image size of job updated: 6682420
	6450  -  MemoryUsage of job (MB)
	6604368  -  ResidentSetSize of job (KB)
...
006 (112171668.057.000) 05/04 01:08:04 Image size of job updated: 7346976
	7099  -  MemoryUsage of job (MB)
	7268924  -  ResidentSetSize of job (KB)
...
006 (112171668.057.000) 05/04 01:13:05 Image size of job updated: 8087808
	7823  -  MemoryUsage of job (MB)
	8009756  -  ResidentSetSize of job (KB)
...
006 (112171668.057.000) 05/04 01:18:05 Image size of job updated: 8643816
	8366  -  MemoryUsage of job (MB)
	8565764  -  ResidentSetSize of job (KB)
...
006 (112171668.057.000) 05/04 01:23:06 Image size of job updated: 9214876
	8923  -  MemoryUsage of job (MB)
	9136824  -  ResidentSetSize of job (KB)
...
006 (112171668.057.000) 05/04 01:28:06 Image size of job updated: 9812792
	9507  -  MemoryUsage of job (MB)
	9734740  -  ResidentSetSize of job (KB)
...
006 (112171668.057.000) 05/04 01:33:07 Image size of job updated: 10391772
	10072  -  MemoryUsage of job (MB)
	10313720  -  ResidentSetSize of job (KB)
...
006 (112171668.057.000) 05/04 01:38:07 Image size of job updated: 10930836
	10599  -  MemoryUsage of job (MB)
	10852784  -  ResidentSetSize of job (KB)
...
006 (112171668.057.000) 05/04 01:43:08 Image size of job updated: 11489960
	11145  -  MemoryUsage of job (MB)
	11411908  -  ResidentSetSize of job (KB)
...
006 (112171668.057.000) 05/04 01:48:09 Image size of job updated: 12127160
	11767  -  MemoryUsage of job (MB)
	12049108  -  ResidentSetSize of job (KB)
...
006 (112171668.057.000) 05/04 01:53:09 Image size of job updated: 12616092
	12245  -  MemoryUsage of job (MB)
	12538040  -  ResidentSetSize of job (KB)
...
006 (112171668.057.000) 05/04 01:58:11 Image size of job updated: 13144556
	12761  -  MemoryUsage of job (MB)
	13066504  -  ResidentSetSize of job (KB)
...
006 (112171668.057.000) 05/04 02:03:10 Image size of job updated: 13589444
	13195  -  MemoryUsage of job (MB)
	13511392  -  ResidentSetSize of job (KB)
...
006 (112171668.057.000) 05/04 02:08:10 Image size of job updated: 14100692
	13694  -  MemoryUsage of job (MB)
	14022640  -  ResidentSetSize of job (KB)
...
006 (112171668.057.000) 05/04 02:13:11 Image size of job updated: 14611312
	14193  -  MemoryUsage of job (MB)
	14533260  -  ResidentSetSize of job (KB)
...
006 (112171668.057.000) 05/04 02:18:12 Image size of job updated: 15086072
	14657  -  MemoryUsage of job (MB)
	15008020  -  ResidentSetSize of job (KB)
...
006 (112171668.057.000) 05/04 02:23:12 Image size of job updated: 15751772
	15306  -  MemoryUsage of job (MB)
	15672668  -  ResidentSetSize of job (KB)
...
006 (112171668.057.000) 05/04 02:28:13 Image size of job updated: 16294924
	15834  -  MemoryUsage of job (MB)
	16213952  -  ResidentSetSize of job (KB)
...
006 (112171668.057.000) 05/04 02:33:13 Image size of job updated: 16832316
	16358  -  MemoryUsage of job (MB)
	16750016  -  ResidentSetSize of job (KB)
...
006 (112171668.057.000) 05/04 02:38:14 Image size of job updated: 17418536
	16927  -  MemoryUsage of job (MB)
	17332592  -  ResidentSetSize of job (KB)
...
006 (112171668.057.000) 05/04 02:43:14 Image size of job updated: 18014216
	17505  -  MemoryUsage of job (MB)
	17924504  -  ResidentSetSize of job (KB)
...
006 (112171668.057.000) 05/04 02:48:14 Image size of job updated: 18647048
	18118  -  MemoryUsage of job (MB)
	18552160  -  ResidentSetSize of job (KB)
...
006 (112171668.057.000) 05/04 02:53:15 Image size of job updated: 19234548
	18684  -  MemoryUsage of job (MB)
	19132212  -  ResidentSetSize of job (KB)
...
006 (112171668.057.000) 05/04 02:58:15 Image size of job updated: 19814020
	19244  -  MemoryUsage of job (MB)
	19704856  -  ResidentSetSize of job (KB)
...
006 (112171668.057.000) 05/04 03:03:15 Image size of job updated: 20416020
	19791  -  MemoryUsage of job (MB)
	20264968  -  ResidentSetSize of job (KB)
...
006 (112171668.057.000) 05/04 03:08:15 Image size of job updated: 20955880
	20217  -  MemoryUsage of job (MB)
	20701572  -  ResidentSetSize of job (KB)
...
006 (112171668.057.000) 05/04 03:13:15 Image size of job updated: 21515028
	20438  -  MemoryUsage of job (MB)
	20928028  -  ResidentSetSize of job (KB)
...
006 (112171668.057.000) 05/04 03:18:16 Image size of job updated: 21914952
	20438  -  MemoryUsage of job (MB)
	20928116  -  ResidentSetSize of job (KB)
...
006 (112171668.057.000) 05/04 03:23:17 Image size of job updated: 22479760
	20456  -  MemoryUsage of job (MB)
	20946136  -  ResidentSetSize of job (KB)
...
006 (112171668.057.000) 05/04 03:28:17 Image size of job updated: 22936364
	20456  -  MemoryUsage of job (MB)
	20946136  -  ResidentSetSize of job (KB)
...
005 (112171668.057.000) 05/04 03:29:50 Job terminated.
	(1) Normal termination (return value 0)
		Usr 0 03:00:14, Sys 0 00:03:18  -  Run Remote Usage
		Usr 0 00:00:00, Sys 0 00:00:00  -  Run Local Usage
		Usr 0 03:00:14, Sys 0 00:03:18  -  Total Remote Usage
		Usr 0 00:00:00, Sys 0 00:00:00  -  Total Local Usage
	22477684  -  Run Bytes Sent By Job
	1780305536  -  Run Bytes Received By Job
	22477684  -  Total Bytes Sent By Job
	1780305536  -  Total Bytes Received By Job
	Partitionable Resources :      Usage  Request Allocated 
	   Cpus                 :       0.85        1         1 
	   Disk (KB)            : 6851782    20971520  21668729 
	   Ioheavy              :                             0 
	   Memory (MB)          :   20456       20480     20480 
...
