000 (112045438.037.000) 05/01 17:51:46 Job submitted from host: <128.104.100.44:9618?addrs=128.104.100.44-9618+[2607-f388-107c-501-90e2-baff-fe2c-2724]-9618&noUDP&sock=4699_0235_3>
...
001 (112045438.037.000) 05/02 01:44:37 Job executing on host: <128.105.245.137:9618?addrs=128.105.245.137-9618&noUDP&sock=5431_caf1_46>
...
006 (112045438.037.000) 05/02 01:44:45 Image size of job updated: 636
	1  -  MemoryUsage of job (MB)
	636  -  ResidentSetSize of job (KB)
...
006 (112045438.037.000) 05/02 01:49:47 Image size of job updated: 281816
	200  -  MemoryUsage of job (MB)
	203832  -  ResidentSetSize of job (KB)
...
006 (112045438.037.000) 05/02 01:53:06 Image size of job updated: 761088
	202  -  MemoryUsage of job (MB)
	205840  -  ResidentSetSize of job (KB)
...
005 (112045438.037.000) 05/02 01:53:07 Job terminated.
	(1) Normal termination (return value 0)
		Usr 0 00:04:08, Sys 0 00:00:16  -  Run Remote Usage
		Usr 0 00:00:00, Sys 0 00:00:00  -  Run Local Usage
		Usr 0 00:04:08, Sys 0 00:00:16  -  Total Remote Usage
		Usr 0 00:00:00, Sys 0 00:00:00  -  Total Local Usage
	1111440  -  Run Bytes Sent By Job
	1780294016  -  Run Bytes Received By Job
	1111440  -  Total Bytes Sent By Job
	1780294016  -  Total Bytes Received By Job
	Partitionable Resources :      Usage  Request Allocated 
	   Cpus                 :       1.00        1         1 
	   Disk (KB)            : 6832577    20971520  22612612 
	   Ioheavy              :                             0 
	   Memory (MB)          :     202       20480     20480 
...
