000 (112171668.038.000) 05/03 11:56:36 Job submitted from host: <128.104.100.44:9618?addrs=128.104.100.44-9618+[2607-f388-107c-501-90e2-baff-fe2c-2724]-9618&noUDP&sock=4699_0235_3>
...
001 (112171668.038.000) 05/03 23:39:03 Job executing on host: <128.105.245.192:9618?addrs=128.105.245.192-9618&noUDP&sock=5416_8105_44>
...
006 (112171668.038.000) 05/03 23:39:11 Image size of job updated: 628
	1  -  MemoryUsage of job (MB)
	628  -  ResidentSetSize of job (KB)
...
006 (112171668.038.000) 05/03 23:44:13 Image size of job updated: 668
	1  -  MemoryUsage of job (MB)
	668  -  ResidentSetSize of job (KB)
...
006 (112171668.038.000) 05/03 23:49:13 Image size of job updated: 621380
	531  -  MemoryUsage of job (MB)
	543384  -  ResidentSetSize of job (KB)
...
006 (112171668.038.000) 05/03 23:54:13 Image size of job updated: 1072592
	972  -  MemoryUsage of job (MB)
	994536  -  ResidentSetSize of job (KB)
...
006 (112171668.038.000) 05/03 23:59:14 Image size of job updated: 1644852
	1531  -  MemoryUsage of job (MB)
	1566796  -  ResidentSetSize of job (KB)
...
006 (112171668.038.000) 05/04 00:04:15 Image size of job updated: 2242008
	2114  -  MemoryUsage of job (MB)
	2163952  -  ResidentSetSize of job (KB)
...
006 (112171668.038.000) 05/04 00:09:15 Image size of job updated: 2884536
	2741  -  MemoryUsage of job (MB)
	2806480  -  ResidentSetSize of job (KB)
...
006 (112171668.038.000) 05/04 00:14:15 Image size of job updated: 3701516
	3539  -  MemoryUsage of job (MB)
	3623460  -  ResidentSetSize of job (KB)
...
006 (112171668.038.000) 05/04 00:19:15 Image size of job updated: 4616324
	4432  -  MemoryUsage of job (MB)
	4538268  -  ResidentSetSize of job (KB)
...
006 (112171668.038.000) 05/04 00:24:16 Image size of job updated: 5388552
	5187  -  MemoryUsage of job (MB)
	5310496  -  ResidentSetSize of job (KB)
...
006 (112171668.038.000) 05/04 00:29:17 Image size of job updated: 6093176
	5875  -  MemoryUsage of job (MB)
	6015120  -  ResidentSetSize of job (KB)
...
006 (112171668.038.000) 05/04 00:34:17 Image size of job updated: 6838532
	6603  -  MemoryUsage of job (MB)
	6760476  -  ResidentSetSize of job (KB)
...
006 (112171668.038.000) 05/04 00:39:18 Image size of job updated: 7558320
	7305  -  MemoryUsage of job (MB)
	7480264  -  ResidentSetSize of job (KB)
...
006 (112171668.038.000) 05/04 00:44:18 Image size of job updated: 8214808
	7947  -  MemoryUsage of job (MB)
	8136752  -  ResidentSetSize of job (KB)
...
006 (112171668.038.000) 05/04 00:49:19 Image size of job updated: 8876232
	8592  -  MemoryUsage of job (MB)
	8798176  -  ResidentSetSize of job (KB)
...
006 (112171668.038.000) 05/04 00:54:20 Image size of job updated: 9461332
	9164  -  MemoryUsage of job (MB)
	9383276  -  ResidentSetSize of job (KB)
...
006 (112171668.038.000) 05/04 00:59:20 Image size of job updated: 9989052
	9679  -  MemoryUsage of job (MB)
	9910996  -  ResidentSetSize of job (KB)
...
006 (112171668.038.000) 05/04 01:04:21 Image size of job updated: 10695180
	10369  -  MemoryUsage of job (MB)
	10617124  -  ResidentSetSize of job (KB)
...
006 (112171668.038.000) 05/04 01:09:22 Image size of job updated: 11376360
	11034  -  MemoryUsage of job (MB)
	11298304  -  ResidentSetSize of job (KB)
...
006 (112171668.038.000) 05/04 01:14:22 Image size of job updated: 12095496
	11736  -  MemoryUsage of job (MB)
	12017440  -  ResidentSetSize of job (KB)
...
006 (112171668.038.000) 05/04 01:19:22 Image size of job updated: 12705012
	12332  -  MemoryUsage of job (MB)
	12626956  -  ResidentSetSize of job (KB)
...
006 (112171668.038.000) 05/04 01:24:22 Image size of job updated: 13334800
	12947  -  MemoryUsage of job (MB)
	13256744  -  ResidentSetSize of job (KB)
...
006 (112171668.038.000) 05/04 01:29:23 Image size of job updated: 13889796
	13489  -  MemoryUsage of job (MB)
	13811740  -  ResidentSetSize of job (KB)
...
006 (112171668.038.000) 05/04 01:34:23 Image size of job updated: 14539888
	14123  -  MemoryUsage of job (MB)
	14461832  -  ResidentSetSize of job (KB)
...
006 (112171668.038.000) 05/04 01:39:23 Image size of job updated: 15183572
	14752  -  MemoryUsage of job (MB)
	15105516  -  ResidentSetSize of job (KB)
...
006 (112171668.038.000) 05/04 01:44:23 Image size of job updated: 15848132
	15401  -  MemoryUsage of job (MB)
	15770076  -  ResidentSetSize of job (KB)
...
006 (112171668.038.000) 05/04 01:49:23 Image size of job updated: 16456908
	15994  -  MemoryUsage of job (MB)
	16377068  -  ResidentSetSize of job (KB)
...
006 (112171668.038.000) 05/04 01:54:24 Image size of job updated: 17073924
	16588  -  MemoryUsage of job (MB)
	16985236  -  ResidentSetSize of job (KB)
...
006 (112171668.038.000) 05/04 01:59:24 Image size of job updated: 17680612
	17164  -  MemoryUsage of job (MB)
	17575484  -  ResidentSetSize of job (KB)
...
006 (112171668.038.000) 05/04 02:04:24 Image size of job updated: 18306388
	17754  -  MemoryUsage of job (MB)
	18179120  -  ResidentSetSize of job (KB)
...
006 (112171668.038.000) 05/04 02:09:25 Image size of job updated: 18913200
	18313  -  MemoryUsage of job (MB)
	18751936  -  ResidentSetSize of job (KB)
...
006 (112171668.038.000) 05/04 02:14:25 Image size of job updated: 19476916
	18832  -  MemoryUsage of job (MB)
	19283388  -  ResidentSetSize of job (KB)
...
006 (112171668.038.000) 05/04 02:19:26 Image size of job updated: 20068420
	19357  -  MemoryUsage of job (MB)
	19821392  -  ResidentSetSize of job (KB)
...
006 (112171668.038.000) 05/04 02:24:27 Image size of job updated: 20773060
	19861  -  MemoryUsage of job (MB)
	20336916  -  ResidentSetSize of job (KB)
...
006 (112171668.038.000) 05/04 02:29:28 Image size of job updated: 21506828
	20205  -  MemoryUsage of job (MB)
	20689304  -  ResidentSetSize of job (KB)
...
006 (112171668.038.000) 05/04 02:34:29 Image size of job updated: 22163456
	20391  -  MemoryUsage of job (MB)
	20880136  -  ResidentSetSize of job (KB)
...
006 (112171668.038.000) 05/04 02:39:30 Image size of job updated: 22793632
	20462  -  MemoryUsage of job (MB)
	20952424  -  ResidentSetSize of job (KB)
...
006 (112171668.038.000) 05/04 02:42:33 Image size of job updated: 22793632
	20462  -  MemoryUsage of job (MB)
	20952488  -  ResidentSetSize of job (KB)
...
005 (112171668.038.000) 05/04 02:42:34 Job terminated.
	(1) Normal termination (return value 0)
		Usr 0 02:49:51, Sys 0 00:06:34  -  Run Remote Usage
		Usr 0 00:00:00, Sys 0 00:00:00  -  Run Local Usage
		Usr 0 02:49:51, Sys 0 00:06:34  -  Total Remote Usage
		Usr 0 00:00:00, Sys 0 00:00:00  -  Total Local Usage
	22648252  -  Run Bytes Sent By Job
	1780305536  -  Run Bytes Received By Job
	22648252  -  Total Bytes Sent By Job
	1780305536  -  Total Bytes Received By Job
	Partitionable Resources :      Usage  Request Allocated 
	   Cpus                 :       0.61        1         1 
	   Disk (KB)            : 6851868    20971520  21366228 
	   Ioheavy              :                             0 
	   Memory (MB)          :   20462       20480     20480 
...
