000 (112045438.091.000) 05/01 17:51:46 Job submitted from host: <128.104.100.44:9618?addrs=128.104.100.44-9618+[2607-f388-107c-501-90e2-baff-fe2c-2724]-9618&noUDP&sock=4699_0235_3>
...
001 (112045438.091.000) 05/02 02:23:00 Job executing on host: <128.105.245.197:9618?addrs=128.105.245.197-9618&noUDP&sock=5434_d9ba_27>
...
006 (112045438.091.000) 05/02 02:23:09 Image size of job updated: 624
	1  -  MemoryUsage of job (MB)
	624  -  ResidentSetSize of job (KB)
...
006 (112045438.091.000) 05/02 02:28:10 Image size of job updated: 652
	1  -  MemoryUsage of job (MB)
	652  -  ResidentSetSize of job (KB)
...
006 (112045438.091.000) 05/02 02:33:12 Image size of job updated: 664
	1  -  MemoryUsage of job (MB)
	664  -  ResidentSetSize of job (KB)
...
006 (112045438.091.000) 05/02 02:38:12 Image size of job updated: 413488
	328  -  MemoryUsage of job (MB)
	335496  -  ResidentSetSize of job (KB)
...
006 (112045438.091.000) 05/02 02:43:13 Image size of job updated: 805484
	711  -  MemoryUsage of job (MB)
	727432  -  ResidentSetSize of job (KB)
...
006 (112045438.091.000) 05/02 02:48:14 Image size of job updated: 1284520
	1179  -  MemoryUsage of job (MB)
	1206468  -  ResidentSetSize of job (KB)
...
006 (112045438.091.000) 05/02 02:53:14 Image size of job updated: 1901088
	1781  -  MemoryUsage of job (MB)
	1823036  -  ResidentSetSize of job (KB)
...
006 (112045438.091.000) 05/02 02:58:14 Image size of job updated: 2635112
	2498  -  MemoryUsage of job (MB)
	2557060  -  ResidentSetSize of job (KB)
...
006 (112045438.091.000) 05/02 03:03:15 Image size of job updated: 3496896
	3339  -  MemoryUsage of job (MB)
	3418844  -  ResidentSetSize of job (KB)
...
006 (112045438.091.000) 05/02 03:08:15 Image size of job updated: 4441596
	4262  -  MemoryUsage of job (MB)
	4363544  -  ResidentSetSize of job (KB)
...
006 (112045438.091.000) 05/02 03:13:16 Image size of job updated: 5296644
	5097  -  MemoryUsage of job (MB)
	5218592  -  ResidentSetSize of job (KB)
...
006 (112045438.091.000) 05/02 03:18:16 Image size of job updated: 5934456
	5720  -  MemoryUsage of job (MB)
	5856404  -  ResidentSetSize of job (KB)
...
006 (112045438.091.000) 05/02 03:23:16 Image size of job updated: 6537456
	6309  -  MemoryUsage of job (MB)
	6459404  -  ResidentSetSize of job (KB)
...
006 (112045438.091.000) 05/02 03:28:17 Image size of job updated: 7073168
	6832  -  MemoryUsage of job (MB)
	6995116  -  ResidentSetSize of job (KB)
...
006 (112045438.091.000) 05/02 03:33:17 Image size of job updated: 7779104
	7521  -  MemoryUsage of job (MB)
	7701052  -  ResidentSetSize of job (KB)
...
006 (112045438.091.000) 05/02 03:38:18 Image size of job updated: 8670588
	8392  -  MemoryUsage of job (MB)
	8592536  -  ResidentSetSize of job (KB)
...
006 (112045438.091.000) 05/02 03:43:18 Image size of job updated: 9409300
	9113  -  MemoryUsage of job (MB)
	9331248  -  ResidentSetSize of job (KB)
...
006 (112045438.091.000) 05/02 03:48:18 Image size of job updated: 10103232
	9791  -  MemoryUsage of job (MB)
	10025180  -  ResidentSetSize of job (KB)
...
006 (112045438.091.000) 05/02 03:53:19 Image size of job updated: 10771492
	10443  -  MemoryUsage of job (MB)
	10693440  -  ResidentSetSize of job (KB)
...
006 (112045438.091.000) 05/02 03:58:20 Image size of job updated: 11456996
	11113  -  MemoryUsage of job (MB)
	11378944  -  ResidentSetSize of job (KB)
...
006 (112045438.091.000) 05/02 04:03:20 Image size of job updated: 12185516
	11824  -  MemoryUsage of job (MB)
	12107464  -  ResidentSetSize of job (KB)
...
006 (112045438.091.000) 05/02 04:08:20 Image size of job updated: 12898732
	12521  -  MemoryUsage of job (MB)
	12820680  -  ResidentSetSize of job (KB)
...
006 (112045438.091.000) 05/02 04:13:20 Image size of job updated: 13466560
	13075  -  MemoryUsage of job (MB)
	13388508  -  ResidentSetSize of job (KB)
...
006 (112045438.091.000) 05/02 04:18:21 Image size of job updated: 14093740
	13688  -  MemoryUsage of job (MB)
	14015688  -  ResidentSetSize of job (KB)
...
006 (112045438.091.000) 05/02 04:23:22 Image size of job updated: 14825416
	14402  -  MemoryUsage of job (MB)
	14747364  -  ResidentSetSize of job (KB)
...
006 (112045438.091.000) 05/02 04:28:22 Image size of job updated: 15486812
	15048  -  MemoryUsage of job (MB)
	15408760  -  ResidentSetSize of job (KB)
...
006 (112045438.091.000) 05/02 04:33:22 Image size of job updated: 16250604
	15794  -  MemoryUsage of job (MB)
	16172552  -  ResidentSetSize of job (KB)
...
006 (112045438.091.000) 05/02 04:38:22 Image size of job updated: 16858336
	16386  -  MemoryUsage of job (MB)
	16778816  -  ResidentSetSize of job (KB)
...
006 (112045438.091.000) 05/02 04:43:23 Image size of job updated: 17652736
	17159  -  MemoryUsage of job (MB)
	17569812  -  ResidentSetSize of job (KB)
...
006 (112045438.091.000) 05/02 04:48:24 Image size of job updated: 18449308
	17931  -  MemoryUsage of job (MB)
	18361016  -  ResidentSetSize of job (KB)
...
006 (112045438.091.000) 05/02 04:53:25 Image size of job updated: 19154796
	18613  -  MemoryUsage of job (MB)
	19059320  -  ResidentSetSize of job (KB)
...
006 (112045438.091.000) 05/02 04:58:25 Image size of job updated: 19874692
	19312  -  MemoryUsage of job (MB)
	19775264  -  ResidentSetSize of job (KB)
...
006 (112045438.091.000) 05/02 05:03:26 Image size of job updated: 20626400
	20017  -  MemoryUsage of job (MB)
	20497396  -  ResidentSetSize of job (KB)
...
006 (112045438.091.000) 05/02 05:08:27 Image size of job updated: 21265296
	20427  -  MemoryUsage of job (MB)
	20916408  -  ResidentSetSize of job (KB)
...
006 (112045438.091.000) 05/02 05:13:27 Image size of job updated: 22095632
	20453  -  MemoryUsage of job (MB)
	20943276  -  ResidentSetSize of job (KB)
...
006 (112045438.091.000) 05/02 05:18:28 Image size of job updated: 22792580
	20462  -  MemoryUsage of job (MB)
	20952976  -  ResidentSetSize of job (KB)
...
006 (112045438.091.000) 05/02 05:21:19 Image size of job updated: 23069636
	20463  -  MemoryUsage of job (MB)
	20953112  -  ResidentSetSize of job (KB)
...
005 (112045438.091.000) 05/02 05:21:20 Job terminated.
	(1) Normal termination (return value 0)
		Usr 0 02:31:50, Sys 0 00:02:31  -  Run Remote Usage
		Usr 0 00:00:00, Sys 0 00:00:00  -  Run Local Usage
		Usr 0 02:31:50, Sys 0 00:02:31  -  Total Remote Usage
		Usr 0 00:00:00, Sys 0 00:00:00  -  Total Local Usage
	22495368  -  Run Bytes Sent By Job
	1780294016  -  Run Bytes Received By Job
	22495368  -  Total Bytes Sent By Job
	1780294016  -  Total Bytes Received By Job
	Partitionable Resources :      Usage  Request Allocated 
	   Cpus                 :       0.66        1         1 
	   Disk (KB)            : 6851694    20971520  22366268 
	   Ioheavy              :                             0 
	   Memory (MB)          :   20463       20480     20480 
...
