000 (112045438.135.000) 05/01 17:51:46 Job submitted from host: <128.104.100.44:9618?addrs=128.104.100.44-9618+[2607-f388-107c-501-90e2-baff-fe2c-2724]-9618&noUDP&sock=4699_0235_3>
...
001 (112045438.135.000) 05/02 02:47:26 Job executing on host: <128.105.245.181:9618?addrs=128.105.245.181-9618&noUDP&sock=5448_740d_3>
...
006 (112045438.135.000) 05/02 02:47:35 Image size of job updated: 620
	1  -  MemoryUsage of job (MB)
	620  -  ResidentSetSize of job (KB)
...
006 (112045438.135.000) 05/02 02:52:37 Image size of job updated: 644
	1  -  MemoryUsage of job (MB)
	644  -  ResidentSetSize of job (KB)
...
006 (112045438.135.000) 05/02 02:57:39 Image size of job updated: 350656
	267  -  MemoryUsage of job (MB)
	272664  -  ResidentSetSize of job (KB)
...
006 (112045438.135.000) 05/02 03:02:39 Image size of job updated: 773912
	680  -  MemoryUsage of job (MB)
	695860  -  ResidentSetSize of job (KB)
...
006 (112045438.135.000) 05/02 03:07:39 Image size of job updated: 1258496
	1153  -  MemoryUsage of job (MB)
	1180444  -  ResidentSetSize of job (KB)
...
006 (112045438.135.000) 05/02 03:12:39 Image size of job updated: 1885232
	1765  -  MemoryUsage of job (MB)
	1807180  -  ResidentSetSize of job (KB)
...
006 (112045438.135.000) 05/02 03:17:40 Image size of job updated: 2620512
	2483  -  MemoryUsage of job (MB)
	2542460  -  ResidentSetSize of job (KB)
...
006 (112045438.135.000) 05/02 03:22:41 Image size of job updated: 3473556
	3316  -  MemoryUsage of job (MB)
	3395504  -  ResidentSetSize of job (KB)
...
006 (112045438.135.000) 05/02 03:27:42 Image size of job updated: 4460940
	4281  -  MemoryUsage of job (MB)
	4382888  -  ResidentSetSize of job (KB)
...
006 (112045438.135.000) 05/02 03:32:42 Image size of job updated: 5292284
	5093  -  MemoryUsage of job (MB)
	5214232  -  ResidentSetSize of job (KB)
...
006 (112045438.135.000) 05/02 03:37:42 Image size of job updated: 6364536
	6140  -  MemoryUsage of job (MB)
	6286484  -  ResidentSetSize of job (KB)
...
006 (112045438.135.000) 05/02 03:42:42 Image size of job updated: 6923952
	6686  -  MemoryUsage of job (MB)
	6845900  -  ResidentSetSize of job (KB)
...
006 (112045438.135.000) 05/02 03:47:43 Image size of job updated: 7581536
	7328  -  MemoryUsage of job (MB)
	7503484  -  ResidentSetSize of job (KB)
...
006 (112045438.135.000) 05/02 03:52:44 Image size of job updated: 8433156
	8160  -  MemoryUsage of job (MB)
	8355104  -  ResidentSetSize of job (KB)
...
006 (112045438.135.000) 05/02 03:57:45 Image size of job updated: 9105608
	8816  -  MemoryUsage of job (MB)
	9027556  -  ResidentSetSize of job (KB)
...
006 (112045438.135.000) 05/02 04:02:45 Image size of job updated: 9809760
	9504  -  MemoryUsage of job (MB)
	9731708  -  ResidentSetSize of job (KB)
...
006 (112045438.135.000) 05/02 04:07:46 Image size of job updated: 10434520
	10114  -  MemoryUsage of job (MB)
	10356468  -  ResidentSetSize of job (KB)
...
006 (112045438.135.000) 05/02 04:12:47 Image size of job updated: 11067200
	10732  -  MemoryUsage of job (MB)
	10989148  -  ResidentSetSize of job (KB)
...
006 (112045438.135.000) 05/02 04:17:57 Image size of job updated: 11824196
	11471  -  MemoryUsage of job (MB)
	11746144  -  ResidentSetSize of job (KB)
...
006 (112045438.135.000) 05/02 04:22:48 Image size of job updated: 12544260
	12175  -  MemoryUsage of job (MB)
	12466208  -  ResidentSetSize of job (KB)
...
006 (112045438.135.000) 05/02 04:27:49 Image size of job updated: 13251556
	12865  -  MemoryUsage of job (MB)
	13173504  -  ResidentSetSize of job (KB)
...
006 (112045438.135.000) 05/02 04:32:50 Image size of job updated: 14014700
	13611  -  MemoryUsage of job (MB)
	13936648  -  ResidentSetSize of job (KB)
...
006 (112045438.135.000) 05/02 04:37:50 Image size of job updated: 14819476
	14396  -  MemoryUsage of job (MB)
	14741424  -  ResidentSetSize of job (KB)
...
006 (112045438.135.000) 05/02 04:42:50 Image size of job updated: 15527172
	15087  -  MemoryUsage of job (MB)
	15448616  -  ResidentSetSize of job (KB)
...
006 (112045438.135.000) 05/02 04:47:51 Image size of job updated: 16298268
	15838  -  MemoryUsage of job (MB)
	16217748  -  ResidentSetSize of job (KB)
...
006 (112045438.135.000) 05/02 04:52:52 Image size of job updated: 17106440
	16624  -  MemoryUsage of job (MB)
	17022912  -  ResidentSetSize of job (KB)
...
006 (112045438.135.000) 05/02 04:57:52 Image size of job updated: 17835056
	17333  -  MemoryUsage of job (MB)
	17748216  -  ResidentSetSize of job (KB)
...
006 (112045438.135.000) 05/02 05:02:52 Image size of job updated: 18460408
	17936  -  MemoryUsage of job (MB)
	18365980  -  ResidentSetSize of job (KB)
...
006 (112045438.135.000) 05/02 05:07:53 Image size of job updated: 19145400
	18599  -  MemoryUsage of job (MB)
	19044764  -  ResidentSetSize of job (KB)
...
006 (112045438.135.000) 05/02 05:12:54 Image size of job updated: 19474648
	18912  -  MemoryUsage of job (MB)
	19365060  -  ResidentSetSize of job (KB)
...
006 (112045438.135.000) 05/02 05:17:55 Image size of job updated: 20087164
	19493  -  MemoryUsage of job (MB)
	19959964  -  ResidentSetSize of job (KB)
...
006 (112045438.135.000) 05/02 05:22:56 Image size of job updated: 20789524
	20119  -  MemoryUsage of job (MB)
	20601200  -  ResidentSetSize of job (KB)
...
006 (112045438.135.000) 05/02 05:27:56 Image size of job updated: 21364556
	20455  -  MemoryUsage of job (MB)
	20945812  -  ResidentSetSize of job (KB)
...
006 (112045438.135.000) 05/02 05:32:56 Image size of job updated: 21881780
	20455  -  MemoryUsage of job (MB)
	20945812  -  ResidentSetSize of job (KB)
...
006 (112045438.135.000) 05/02 05:37:56 Image size of job updated: 22532356
	20455  -  MemoryUsage of job (MB)
	20945812  -  ResidentSetSize of job (KB)
...
006 (112045438.135.000) 05/02 05:42:57 Image size of job updated: 23005200
	20455  -  MemoryUsage of job (MB)
	20945812  -  ResidentSetSize of job (KB)
...
005 (112045438.135.000) 05/02 05:43:31 Job terminated.
	(1) Normal termination (return value 0)
		Usr 0 02:21:52, Sys 0 00:02:15  -  Run Remote Usage
		Usr 0 00:00:00, Sys 0 00:00:00  -  Run Local Usage
		Usr 0 02:21:52, Sys 0 00:02:15  -  Total Remote Usage
		Usr 0 00:00:00, Sys 0 00:00:00  -  Total Local Usage
	22449808  -  Run Bytes Sent By Job
	1780294016  -  Run Bytes Received By Job
	22449808  -  Total Bytes Sent By Job
	1780294016  -  Total Bytes Received By Job
	Partitionable Resources :    Usage  Request Allocated 
	   Cpus                 :        0        1         1 
	   Disk (KB)            :  6851651 20971520  21204104 
	   Ioheavy              :                           0 
	   Memory (MB)          :    20455    20480     20480 
...
