000 (112171668.149.000) 05/03 11:56:36 Job submitted from host: <128.104.100.44:9618?addrs=128.104.100.44-9618+[2607-f388-107c-501-90e2-baff-fe2c-2724]-9618&noUDP&sock=4699_0235_3>
...
001 (112171668.149.000) 05/04 02:01:24 Job executing on host: <128.105.245.178:9618?addrs=128.105.245.178-9618&noUDP&sock=5426_5cf8_29>
...
006 (112171668.149.000) 05/04 02:01:33 Image size of job updated: 652
	1  -  MemoryUsage of job (MB)
	624  -  ResidentSetSize of job (KB)
...
006 (112171668.149.000) 05/04 02:06:34 Image size of job updated: 656
	1  -  MemoryUsage of job (MB)
	628  -  ResidentSetSize of job (KB)
...
006 (112171668.149.000) 05/04 02:11:36 Image size of job updated: 676
	1  -  MemoryUsage of job (MB)
	648  -  ResidentSetSize of job (KB)
...
006 (112171668.149.000) 05/04 02:16:38 Image size of job updated: 680
	1  -  MemoryUsage of job (MB)
	652  -  ResidentSetSize of job (KB)
...
006 (112171668.149.000) 05/04 02:21:37 Image size of job updated: 289840
	207  -  MemoryUsage of job (MB)
	211820  -  ResidentSetSize of job (KB)
...
006 (112171668.149.000) 05/04 02:26:37 Image size of job updated: 587716
	498  -  MemoryUsage of job (MB)
	509696  -  ResidentSetSize of job (KB)
...
006 (112171668.149.000) 05/04 02:31:37 Image size of job updated: 867260
	771  -  MemoryUsage of job (MB)
	789180  -  ResidentSetSize of job (KB)
...
006 (112171668.149.000) 05/04 02:36:38 Image size of job updated: 1107956
	1006  -  MemoryUsage of job (MB)
	1029876  -  ResidentSetSize of job (KB)
...
006 (112171668.149.000) 05/04 02:41:38 Image size of job updated: 1570440
	1458  -  MemoryUsage of job (MB)
	1492360  -  ResidentSetSize of job (KB)
...
006 (112171668.149.000) 05/04 02:46:39 Image size of job updated: 2119240
	1994  -  MemoryUsage of job (MB)
	2041160  -  ResidentSetSize of job (KB)
...
006 (112171668.149.000) 05/04 02:51:40 Image size of job updated: 2724568
	2585  -  MemoryUsage of job (MB)
	2646488  -  ResidentSetSize of job (KB)
...
006 (112171668.149.000) 05/04 02:56:40 Image size of job updated: 3399156
	3244  -  MemoryUsage of job (MB)
	3321076  -  ResidentSetSize of job (KB)
...
006 (112171668.149.000) 05/04 03:01:41 Image size of job updated: 4110336
	3938  -  MemoryUsage of job (MB)
	4032256  -  ResidentSetSize of job (KB)
...
006 (112171668.149.000) 05/04 03:06:42 Image size of job updated: 4851456
	4662  -  MemoryUsage of job (MB)
	4773376  -  ResidentSetSize of job (KB)
...
006 (112171668.149.000) 05/04 03:11:43 Image size of job updated: 5563636
	5357  -  MemoryUsage of job (MB)
	5485556  -  ResidentSetSize of job (KB)
...
006 (112171668.149.000) 05/04 03:16:44 Image size of job updated: 6375928
	6151  -  MemoryUsage of job (MB)
	6297848  -  ResidentSetSize of job (KB)
...
006 (112171668.149.000) 05/04 03:21:44 Image size of job updated: 7049640
	6809  -  MemoryUsage of job (MB)
	6971560  -  ResidentSetSize of job (KB)
...
006 (112171668.149.000) 05/04 03:26:45 Image size of job updated: 7756516
	7499  -  MemoryUsage of job (MB)
	7678436  -  ResidentSetSize of job (KB)
...
006 (112171668.149.000) 05/04 03:31:46 Image size of job updated: 8487620
	8213  -  MemoryUsage of job (MB)
	8409540  -  ResidentSetSize of job (KB)
...
006 (112171668.149.000) 05/04 03:36:47 Image size of job updated: 9077364
	8789  -  MemoryUsage of job (MB)
	8999284  -  ResidentSetSize of job (KB)
...
006 (112171668.149.000) 05/04 03:41:47 Image size of job updated: 9662084
	9360  -  MemoryUsage of job (MB)
	9584004  -  ResidentSetSize of job (KB)
...
006 (112171668.149.000) 05/04 03:46:47 Image size of job updated: 10202668
	9888  -  MemoryUsage of job (MB)
	10124588  -  ResidentSetSize of job (KB)
...
006 (112171668.149.000) 05/04 03:51:49 Image size of job updated: 10569388
	10246  -  MemoryUsage of job (MB)
	10491308  -  ResidentSetSize of job (KB)
...
006 (112171668.149.000) 05/04 03:56:48 Image size of job updated: 11037400
	10703  -  MemoryUsage of job (MB)
	10959320  -  ResidentSetSize of job (KB)
...
006 (112171668.149.000) 05/04 04:01:49 Image size of job updated: 11454716
	11110  -  MemoryUsage of job (MB)
	11376636  -  ResidentSetSize of job (KB)
...
006 (112171668.149.000) 05/04 04:06:49 Image size of job updated: 11946668
	11591  -  MemoryUsage of job (MB)
	11868588  -  ResidentSetSize of job (KB)
...
006 (112171668.149.000) 05/04 04:11:50 Image size of job updated: 12513752
	12145  -  MemoryUsage of job (MB)
	12435672  -  ResidentSetSize of job (KB)
...
006 (112171668.149.000) 05/04 04:16:50 Image size of job updated: 12983020
	12603  -  MemoryUsage of job (MB)
	12904940  -  ResidentSetSize of job (KB)
...
006 (112171668.149.000) 05/04 04:21:50 Image size of job updated: 13566288
	13173  -  MemoryUsage of job (MB)
	13488208  -  ResidentSetSize of job (KB)
...
006 (112171668.149.000) 05/04 04:26:51 Image size of job updated: 14113192
	13707  -  MemoryUsage of job (MB)
	14035112  -  ResidentSetSize of job (KB)
...
006 (112171668.149.000) 05/04 04:31:51 Image size of job updated: 14790152
	14368  -  MemoryUsage of job (MB)
	14712072  -  ResidentSetSize of job (KB)
...
006 (112171668.149.000) 05/04 04:36:51 Image size of job updated: 15315932
	14880  -  MemoryUsage of job (MB)
	15236448  -  ResidentSetSize of job (KB)
...
006 (112171668.149.000) 05/04 04:41:52 Image size of job updated: 15989296
	15531  -  MemoryUsage of job (MB)
	15903592  -  ResidentSetSize of job (KB)
...
006 (112171668.149.000) 05/04 04:46:53 Image size of job updated: 16469520
	15997  -  MemoryUsage of job (MB)
	16380436  -  ResidentSetSize of job (KB)
...
006 (112171668.149.000) 05/04 04:51:53 Image size of job updated: 17052860
	16560  -  MemoryUsage of job (MB)
	16956644  -  ResidentSetSize of job (KB)
...
006 (112171668.149.000) 05/04 04:56:54 Image size of job updated: 17594988
	17083  -  MemoryUsage of job (MB)
	17492332  -  ResidentSetSize of job (KB)
...
006 (112171668.149.000) 05/04 05:01:55 Image size of job updated: 18230036
	17700  -  MemoryUsage of job (MB)
	18124780  -  ResidentSetSize of job (KB)
...
006 (112171668.149.000) 05/04 05:06:55 Image size of job updated: 18901344
	18345  -  MemoryUsage of job (MB)
	18784664  -  ResidentSetSize of job (KB)
...
006 (112171668.149.000) 05/04 05:11:55 Image size of job updated: 19483184
	18892  -  MemoryUsage of job (MB)
	19344480  -  ResidentSetSize of job (KB)
...
006 (112171668.149.000) 05/04 05:17:15 Image size of job updated: 20099924
	19460  -  MemoryUsage of job (MB)
	19926040  -  ResidentSetSize of job (KB)
...
006 (112171668.149.000) 05/04 05:21:57 Image size of job updated: 20793520
	20070  -  MemoryUsage of job (MB)
	20551264  -  ResidentSetSize of job (KB)
...
006 (112171668.149.000) 05/04 05:26:58 Image size of job updated: 21270212
	20374  -  MemoryUsage of job (MB)
	20862912  -  ResidentSetSize of job (KB)
...
006 (112171668.149.000) 05/04 05:31:58 Image size of job updated: 21796324
	20438  -  MemoryUsage of job (MB)
	20927612  -  ResidentSetSize of job (KB)
...
006 (112171668.149.000) 05/04 05:36:58 Image size of job updated: 22334316
	20438  -  MemoryUsage of job (MB)
	20927612  -  ResidentSetSize of job (KB)
...
006 (112171668.149.000) 05/04 05:41:59 Image size of job updated: 22980064
	20465  -  MemoryUsage of job (MB)
	20955328  -  ResidentSetSize of job (KB)
...
005 (112171668.149.000) 05/04 05:43:14 Job terminated.
	(1) Normal termination (return value 0)
		Usr 0 03:01:54, Sys 0 00:03:06  -  Run Remote Usage
		Usr 0 00:00:00, Sys 0 00:00:00  -  Run Local Usage
		Usr 0 03:01:54, Sys 0 00:03:06  -  Total Remote Usage
		Usr 0 00:00:00, Sys 0 00:00:00  -  Total Local Usage
	22492272  -  Run Bytes Sent By Job
	1780305536  -  Run Bytes Received By Job
	22492272  -  Total Bytes Sent By Job
	1780305536  -  Total Bytes Received By Job
	Partitionable Resources :      Usage  Request Allocated 
	   Cpus                 :       0.87        1         1 
	   Disk (KB)            : 6851715    20971520  21241785 
	   Ioheavy              :                             0 
	   Memory (MB)          :   20465       20480     20480 
...
