000 (112045438.073.000) 05/01 17:51:46 Job submitted from host: <128.104.100.44:9618?addrs=128.104.100.44-9618+[2607-f388-107c-501-90e2-baff-fe2c-2724]-9618&noUDP&sock=4699_0235_3>
...
001 (112045438.073.000) 05/02 02:07:02 Job executing on host: <128.105.245.166:9618?addrs=128.105.245.166-9618&noUDP&sock=5434_d9ba_3>
...
006 (112045438.073.000) 05/02 02:07:11 Image size of job updated: 620
	1  -  MemoryUsage of job (MB)
	620  -  ResidentSetSize of job (KB)
...
006 (112045438.073.000) 05/02 02:12:13 Image size of job updated: 652
	1  -  MemoryUsage of job (MB)
	652  -  ResidentSetSize of job (KB)
...
006 (112045438.073.000) 05/02 02:17:15 Image size of job updated: 668
	1  -  MemoryUsage of job (MB)
	668  -  ResidentSetSize of job (KB)
...
006 (112045438.073.000) 05/02 02:22:14 Image size of job updated: 551608
	463  -  MemoryUsage of job (MB)
	473616  -  ResidentSetSize of job (KB)
...
006 (112045438.073.000) 05/02 02:27:15 Image size of job updated: 1031688
	932  -  MemoryUsage of job (MB)
	953636  -  ResidentSetSize of job (KB)
...
006 (112045438.073.000) 05/02 02:32:16 Image size of job updated: 1618360
	1505  -  MemoryUsage of job (MB)
	1540308  -  ResidentSetSize of job (KB)
...
006 (112045438.073.000) 05/02 02:37:16 Image size of job updated: 2316728
	2187  -  MemoryUsage of job (MB)
	2238676  -  ResidentSetSize of job (KB)
...
006 (112045438.073.000) 05/02 02:42:16 Image size of job updated: 3146184
	2997  -  MemoryUsage of job (MB)
	3068132  -  ResidentSetSize of job (KB)
...
006 (112045438.073.000) 05/02 02:47:17 Image size of job updated: 4122772
	3950  -  MemoryUsage of job (MB)
	4044720  -  ResidentSetSize of job (KB)
...
006 (112045438.073.000) 05/02 02:52:18 Image size of job updated: 5017972
	4825  -  MemoryUsage of job (MB)
	4939920  -  ResidentSetSize of job (KB)
...
006 (112045438.073.000) 05/02 02:57:19 Image size of job updated: 6040660
	5823  -  MemoryUsage of job (MB)
	5962608  -  ResidentSetSize of job (KB)
...
006 (112045438.073.000) 05/02 03:02:19 Image size of job updated: 6905836
	6668  -  MemoryUsage of job (MB)
	6827784  -  ResidentSetSize of job (KB)
...
006 (112045438.073.000) 05/02 03:07:19 Image size of job updated: 7787380
	7529  -  MemoryUsage of job (MB)
	7709328  -  ResidentSetSize of job (KB)
...
006 (112045438.073.000) 05/02 03:12:19 Image size of job updated: 8680528
	8401  -  MemoryUsage of job (MB)
	8602476  -  ResidentSetSize of job (KB)
...
006 (112045438.073.000) 05/02 03:17:19 Image size of job updated: 9570744
	9271  -  MemoryUsage of job (MB)
	9492692  -  ResidentSetSize of job (KB)
...
006 (112045438.073.000) 05/02 03:22:19 Image size of job updated: 10325364
	10008  -  MemoryUsage of job (MB)
	10247312  -  ResidentSetSize of job (KB)
...
006 (112045438.073.000) 05/02 03:27:20 Image size of job updated: 11064344
	10729  -  MemoryUsage of job (MB)
	10986292  -  ResidentSetSize of job (KB)
...
006 (112045438.073.000) 05/02 03:32:21 Image size of job updated: 11872572
	11519  -  MemoryUsage of job (MB)
	11794520  -  ResidentSetSize of job (KB)
...
006 (112045438.073.000) 05/02 03:37:21 Image size of job updated: 12609516
	12238  -  MemoryUsage of job (MB)
	12531464  -  ResidentSetSize of job (KB)
...
006 (112045438.073.000) 05/02 03:42:22 Image size of job updated: 13366628
	12978  -  MemoryUsage of job (MB)
	13288576  -  ResidentSetSize of job (KB)
...
006 (112045438.073.000) 05/02 03:47:22 Image size of job updated: 14026632
	13622  -  MemoryUsage of job (MB)
	13948580  -  ResidentSetSize of job (KB)
...
006 (112045438.073.000) 05/02 03:52:23 Image size of job updated: 14833392
	14410  -  MemoryUsage of job (MB)
	14755340  -  ResidentSetSize of job (KB)
...
006 (112045438.073.000) 05/02 03:57:23 Image size of job updated: 15565536
	15125  -  MemoryUsage of job (MB)
	15487484  -  ResidentSetSize of job (KB)
...
006 (112045438.073.000) 05/02 04:02:23 Image size of job updated: 16348636
	15890  -  MemoryUsage of job (MB)
	16270584  -  ResidentSetSize of job (KB)
...
006 (112045438.073.000) 05/02 04:07:24 Image size of job updated: 17133144
	16656  -  MemoryUsage of job (MB)
	17054856  -  ResidentSetSize of job (KB)
...
006 (112045438.073.000) 05/02 04:12:25 Image size of job updated: 17894972
	17399  -  MemoryUsage of job (MB)
	17815572  -  ResidentSetSize of job (KB)
...
006 (112045438.073.000) 05/02 04:17:25 Image size of job updated: 18655580
	18137  -  MemoryUsage of job (MB)
	18572008  -  ResidentSetSize of job (KB)
...
006 (112045438.073.000) 05/02 04:22:26 Image size of job updated: 19518868
	18961  -  MemoryUsage of job (MB)
	19415556  -  ResidentSetSize of job (KB)
...
006 (112045438.073.000) 05/02 04:27:27 Image size of job updated: 20324348
	19713  -  MemoryUsage of job (MB)
	20185472  -  ResidentSetSize of job (KB)
...
006 (112045438.073.000) 05/02 04:32:27 Image size of job updated: 21122588
	20386  -  MemoryUsage of job (MB)
	20874368  -  ResidentSetSize of job (KB)
...
006 (112045438.073.000) 05/02 04:37:27 Image size of job updated: 21803072
	20445  -  MemoryUsage of job (MB)
	20934672  -  ResidentSetSize of job (KB)
...
006 (112045438.073.000) 05/02 04:42:28 Image size of job updated: 22573200
	20445  -  MemoryUsage of job (MB)
	20934792  -  ResidentSetSize of job (KB)
...
006 (112045438.073.000) 05/02 04:45:56 Image size of job updated: 23070516
	20445  -  MemoryUsage of job (MB)
	20934792  -  ResidentSetSize of job (KB)
...
005 (112045438.073.000) 05/02 04:45:58 Job terminated.
	(1) Normal termination (return value 0)
		Usr 0 02:19:42, Sys 0 00:02:15  -  Run Remote Usage
		Usr 0 00:00:00, Sys 0 00:00:00  -  Run Local Usage
		Usr 0 02:19:42, Sys 0 00:02:15  -  Total Remote Usage
		Usr 0 00:00:00, Sys 0 00:00:00  -  Total Local Usage
	22551332  -  Run Bytes Sent By Job
	1780294016  -  Run Bytes Received By Job
	22551332  -  Total Bytes Sent By Job
	1780294016  -  Total Bytes Received By Job
	Partitionable Resources :      Usage  Request Allocated 
	   Cpus                 :       0.83        1         1 
	   Disk (KB)            : 6851749    20971520  21658425 
	   Ioheavy              :                             0 
	   Memory (MB)          :   20445       20480     20480 
...
