000 (112070733.110.000) 05/02 11:03:23 Job submitted from host: <128.104.100.44:9618?addrs=128.104.100.44-9618+[2607-f388-107c-501-90e2-baff-fe2c-2724]-9618&noUDP&sock=4699_0235_3>
...
001 (112070733.110.000) 05/03 05:11:05 Job executing on host: <128.105.245.190:9618?addrs=128.105.245.190-9618&noUDP&sock=5445_6544_48>
...
006 (112070733.110.000) 05/03 05:11:14 Image size of job updated: 616
	1  -  MemoryUsage of job (MB)
	616  -  ResidentSetSize of job (KB)
...
006 (112070733.110.000) 05/03 05:16:16 Image size of job updated: 624
	1  -  MemoryUsage of job (MB)
	624  -  ResidentSetSize of job (KB)
...
006 (112070733.110.000) 05/03 05:21:22 Image size of job updated: 628
	1  -  MemoryUsage of job (MB)
	628  -  ResidentSetSize of job (KB)
...
006 (112070733.110.000) 05/03 05:26:17 Image size of job updated: 644
	1  -  MemoryUsage of job (MB)
	644  -  ResidentSetSize of job (KB)
...
006 (112070733.110.000) 05/03 05:31:19 Image size of job updated: 648
	1  -  MemoryUsage of job (MB)
	648  -  ResidentSetSize of job (KB)
...
006 (112070733.110.000) 05/03 05:56:21 Image size of job updated: 652
	1  -  MemoryUsage of job (MB)
	652  -  ResidentSetSize of job (KB)
...
006 (112070733.110.000) 05/03 06:06:22 Image size of job updated: 664
	1  -  MemoryUsage of job (MB)
	664  -  ResidentSetSize of job (KB)
...
006 (112070733.110.000) 05/03 06:11:24 Image size of job updated: 462112
	376  -  MemoryUsage of job (MB)
	384112  -  ResidentSetSize of job (KB)
...
006 (112070733.110.000) 05/03 06:16:22 Image size of job updated: 761152
	668  -  MemoryUsage of job (MB)
	683152  -  ResidentSetSize of job (KB)
...
006 (112070733.110.000) 05/03 06:21:22 Image size of job updated: 1158344
	1055  -  MemoryUsage of job (MB)
	1080288  -  ResidentSetSize of job (KB)
...
006 (112070733.110.000) 05/03 06:26:24 Image size of job updated: 1703256
	1588  -  MemoryUsage of job (MB)
	1625200  -  ResidentSetSize of job (KB)
...
006 (112070733.110.000) 05/03 06:31:24 Image size of job updated: 2190744
	2064  -  MemoryUsage of job (MB)
	2112688  -  ResidentSetSize of job (KB)
...
006 (112070733.110.000) 05/03 06:36:26 Image size of job updated: 2656812
	2519  -  MemoryUsage of job (MB)
	2578756  -  ResidentSetSize of job (KB)
...
006 (112070733.110.000) 05/03 06:41:26 Image size of job updated: 3370668
	3216  -  MemoryUsage of job (MB)
	3292612  -  ResidentSetSize of job (KB)
...
006 (112070733.110.000) 05/03 06:46:28 Image size of job updated: 3645256
	3484  -  MemoryUsage of job (MB)
	3567200  -  ResidentSetSize of job (KB)
...
006 (112070733.110.000) 05/03 06:51:27 Image size of job updated: 4433448
	4254  -  MemoryUsage of job (MB)
	4355392  -  ResidentSetSize of job (KB)
...
006 (112070733.110.000) 05/03 06:56:28 Image size of job updated: 5406584
	5204  -  MemoryUsage of job (MB)
	5328528  -  ResidentSetSize of job (KB)
...
006 (112070733.110.000) 05/03 07:01:28 Image size of job updated: 6047200
	5830  -  MemoryUsage of job (MB)
	5969144  -  ResidentSetSize of job (KB)
...
006 (112070733.110.000) 05/03 07:06:28 Image size of job updated: 6747552
	6514  -  MemoryUsage of job (MB)
	6669496  -  ResidentSetSize of job (KB)
...
006 (112070733.110.000) 05/03 07:11:28 Image size of job updated: 7597372
	7344  -  MemoryUsage of job (MB)
	7519316  -  ResidentSetSize of job (KB)
...
006 (112070733.110.000) 05/03 07:16:29 Image size of job updated: 8514380
	8239  -  MemoryUsage of job (MB)
	8436324  -  ResidentSetSize of job (KB)
...
006 (112070733.110.000) 05/03 07:21:29 Image size of job updated: 9338124
	9043  -  MemoryUsage of job (MB)
	9259992  -  ResidentSetSize of job (KB)
...
006 (112070733.110.000) 05/03 07:26:29 Image size of job updated: 9948292
	9639  -  MemoryUsage of job (MB)
	9869852  -  ResidentSetSize of job (KB)
...
006 (112070733.110.000) 05/03 07:31:29 Image size of job updated: 10471592
	10150  -  MemoryUsage of job (MB)
	10393076  -  ResidentSetSize of job (KB)
...
006 (112070733.110.000) 05/03 07:36:29 Image size of job updated: 11240676
	10901  -  MemoryUsage of job (MB)
	11161648  -  ResidentSetSize of job (KB)
...
006 (112070733.110.000) 05/03 07:41:29 Image size of job updated: 12045524
	11686  -  MemoryUsage of job (MB)
	11966296  -  ResidentSetSize of job (KB)
...
006 (112070733.110.000) 05/03 07:46:29 Image size of job updated: 12704180
	12329  -  MemoryUsage of job (MB)
	12624568  -  ResidentSetSize of job (KB)
...
006 (112070733.110.000) 05/03 07:51:29 Image size of job updated: 13501632
	13107  -  MemoryUsage of job (MB)
	13421092  -  ResidentSetSize of job (KB)
...
006 (112070733.110.000) 05/03 07:56:29 Image size of job updated: 14505064
	14086  -  MemoryUsage of job (MB)
	14423276  -  ResidentSetSize of job (KB)
...
006 (112070733.110.000) 05/03 08:01:29 Image size of job updated: 15260652
	14821  -  MemoryUsage of job (MB)
	15176680  -  ResidentSetSize of job (KB)
...
006 (112070733.110.000) 05/03 08:06:30 Image size of job updated: 16059476
	15598  -  MemoryUsage of job (MB)
	15971540  -  ResidentSetSize of job (KB)
...
006 (112070733.110.000) 05/03 08:11:31 Image size of job updated: 16772816
	16289  -  MemoryUsage of job (MB)
	16679376  -  ResidentSetSize of job (KB)
...
006 (112070733.110.000) 05/03 08:16:40 Image size of job updated: 17319956
	16811  -  MemoryUsage of job (MB)
	17213728  -  ResidentSetSize of job (KB)
...
006 (112070733.110.000) 05/03 08:21:33 Image size of job updated: 17746132
	17224  -  MemoryUsage of job (MB)
	17637160  -  ResidentSetSize of job (KB)
...
006 (112070733.110.000) 05/03 08:26:34 Image size of job updated: 18216168
	17676  -  MemoryUsage of job (MB)
	18099860  -  ResidentSetSize of job (KB)
...
006 (112070733.110.000) 05/03 08:31:34 Image size of job updated: 18892580
	18322  -  MemoryUsage of job (MB)
	18760936  -  ResidentSetSize of job (KB)
...
006 (112070733.110.000) 05/03 08:36:34 Image size of job updated: 19243864
	18659  -  MemoryUsage of job (MB)
	19105944  -  ResidentSetSize of job (KB)
...
006 (112070733.110.000) 05/03 08:41:34 Image size of job updated: 19461056
	18867  -  MemoryUsage of job (MB)
	19319536  -  ResidentSetSize of job (KB)
...
006 (112070733.110.000) 05/03 08:46:35 Image size of job updated: 19627352
	19023  -  MemoryUsage of job (MB)
	19478700  -  ResidentSetSize of job (KB)
...
006 (112070733.110.000) 05/03 08:51:37 Image size of job updated: 19835216
	19219  -  MemoryUsage of job (MB)
	19680136  -  ResidentSetSize of job (KB)
...
006 (112070733.110.000) 05/03 08:56:35 Image size of job updated: 19964292
	19340  -  MemoryUsage of job (MB)
	19803464  -  ResidentSetSize of job (KB)
...
