000 (112070733.023.000) 05/02 11:03:23 Job submitted from host: <128.104.100.44:9618?addrs=128.104.100.44-9618+[2607-f388-107c-501-90e2-baff-fe2c-2724]-9618&noUDP&sock=4699_0235_3>
...
001 (112070733.023.000) 05/03 03:20:18 Job executing on host: <128.105.245.232:9618?addrs=128.105.245.232-9618&noUDP&sock=5406_a513_30>
...
006 (112070733.023.000) 05/03 03:20:26 Image size of job updated: 644
	1  -  MemoryUsage of job (MB)
	644  -  ResidentSetSize of job (KB)
...
006 (112070733.023.000) 05/03 03:25:30 Image size of job updated: 664
	1  -  MemoryUsage of job (MB)
	664  -  ResidentSetSize of job (KB)
...
006 (112070733.023.000) 05/03 03:30:29 Image size of job updated: 672
	1  -  MemoryUsage of job (MB)
	672  -  ResidentSetSize of job (KB)
...
006 (112070733.023.000) 05/03 03:35:29 Image size of job updated: 450552
	364  -  MemoryUsage of job (MB)
	372556  -  ResidentSetSize of job (KB)
...
006 (112070733.023.000) 05/03 03:40:31 Image size of job updated: 856140
	760  -  MemoryUsage of job (MB)
	778088  -  ResidentSetSize of job (KB)
...
006 (112070733.023.000) 05/03 03:45:31 Image size of job updated: 1378908
	1271  -  MemoryUsage of job (MB)
	1300856  -  ResidentSetSize of job (KB)
...
006 (112070733.023.000) 05/03 03:50:32 Image size of job updated: 1924756
	1804  -  MemoryUsage of job (MB)
	1846704  -  ResidentSetSize of job (KB)
...
006 (112070733.023.000) 05/03 03:55:33 Image size of job updated: 2727040
	2587  -  MemoryUsage of job (MB)
	2648988  -  ResidentSetSize of job (KB)
...
006 (112070733.023.000) 05/03 04:00:33 Image size of job updated: 3469420
	3312  -  MemoryUsage of job (MB)
	3391368  -  ResidentSetSize of job (KB)
...
006 (112070733.023.000) 05/03 04:05:33 Image size of job updated: 4115804
	3944  -  MemoryUsage of job (MB)
	4037752  -  ResidentSetSize of job (KB)
...
006 (112070733.023.000) 05/03 04:10:35 Image size of job updated: 4909168
	4718  -  MemoryUsage of job (MB)
	4831116  -  ResidentSetSize of job (KB)
...
006 (112070733.023.000) 05/03 04:15:35 Image size of job updated: 5811496
	5600  -  MemoryUsage of job (MB)
	5733444  -  ResidentSetSize of job (KB)
...
006 (112070733.023.000) 05/03 04:20:35 Image size of job updated: 6615152
	6384  -  MemoryUsage of job (MB)
	6537100  -  ResidentSetSize of job (KB)
...
006 (112070733.023.000) 05/03 04:25:36 Image size of job updated: 7333984
	7086  -  MemoryUsage of job (MB)
	7255932  -  ResidentSetSize of job (KB)
...
006 (112070733.023.000) 05/03 04:30:37 Image size of job updated: 8141124
	7875  -  MemoryUsage of job (MB)
	8063072  -  ResidentSetSize of job (KB)
...
006 (112070733.023.000) 05/03 04:35:37 Image size of job updated: 9012272
	8725  -  MemoryUsage of job (MB)
	8934220  -  ResidentSetSize of job (KB)
...
006 (112070733.023.000) 05/03 04:40:37 Image size of job updated: 9764520
	9460  -  MemoryUsage of job (MB)
	9686468  -  ResidentSetSize of job (KB)
...
006 (112070733.023.000) 05/03 04:45:38 Image size of job updated: 10451064
	10130  -  MemoryUsage of job (MB)
	10373012  -  ResidentSetSize of job (KB)
...
006 (112070733.023.000) 05/03 04:50:38 Image size of job updated: 11100836
	10765  -  MemoryUsage of job (MB)
	11022784  -  ResidentSetSize of job (KB)
...
006 (112070733.023.000) 05/03 04:55:39 Image size of job updated: 11874780
	11521  -  MemoryUsage of job (MB)
	11796728  -  ResidentSetSize of job (KB)
...
006 (112070733.023.000) 05/03 05:00:40 Image size of job updated: 12597208
	12226  -  MemoryUsage of job (MB)
	12519156  -  ResidentSetSize of job (KB)
...
006 (112070733.023.000) 05/03 05:05:41 Image size of job updated: 13167452
	12783  -  MemoryUsage of job (MB)
	13089400  -  ResidentSetSize of job (KB)
...
006 (112070733.023.000) 05/03 05:10:42 Image size of job updated: 13651900
	13256  -  MemoryUsage of job (MB)
	13573848  -  ResidentSetSize of job (KB)
...
006 (112070733.023.000) 05/03 05:15:42 Image size of job updated: 14087804
	13682  -  MemoryUsage of job (MB)
	14009752  -  ResidentSetSize of job (KB)
...
006 (112070733.023.000) 05/03 05:20:42 Image size of job updated: 14488560
	14073  -  MemoryUsage of job (MB)
	14410508  -  ResidentSetSize of job (KB)
...
006 (112070733.023.000) 05/03 05:25:43 Image size of job updated: 14680236
	14260  -  MemoryUsage of job (MB)
	14602184  -  ResidentSetSize of job (KB)
...
006 (112070733.023.000) 05/03 05:30:44 Image size of job updated: 14867132
	14443  -  MemoryUsage of job (MB)
	14789080  -  ResidentSetSize of job (KB)
...
006 (112070733.023.000) 05/03 05:35:45 Image size of job updated: 15086364
	14657  -  MemoryUsage of job (MB)
	15008312  -  ResidentSetSize of job (KB)
...
006 (112070733.023.000) 05/03 05:40:45 Image size of job updated: 15406116
	14969  -  MemoryUsage of job (MB)
	15327936  -  ResidentSetSize of job (KB)
...
006 (112070733.023.000) 05/03 05:45:46 Image size of job updated: 15503660
	15064  -  MemoryUsage of job (MB)
	15425108  -  ResidentSetSize of job (KB)
...
006 (112070733.023.000) 05/03 05:50:47 Image size of job updated: 15740040
	15293  -  MemoryUsage of job (MB)
	15659288  -  ResidentSetSize of job (KB)
...
006 (112070733.023.000) 05/03 05:55:48 Image size of job updated: 15878300
	15426  -  MemoryUsage of job (MB)
	15795856  -  ResidentSetSize of job (KB)
...
006 (112070733.023.000) 05/03 06:00:49 Image size of job updated: 16160932
	15700  -  MemoryUsage of job (MB)
	16076308  -  ResidentSetSize of job (KB)
...
006 (112070733.023.000) 05/03 06:05:49 Image size of job updated: 16455696
	15985  -  MemoryUsage of job (MB)
	16368100  -  ResidentSetSize of job (KB)
...
006 (112070733.023.000) 05/03 06:10:51 Image size of job updated: 16754156
	16271  -  MemoryUsage of job (MB)
	16661232  -  ResidentSetSize of job (KB)
...
006 (112070733.023.000) 05/03 06:15:51 Image size of job updated: 17217704
	16718  -  MemoryUsage of job (MB)
	17119152  -  ResidentSetSize of job (KB)
...
006 (112070733.023.000) 05/03 06:20:51 Image size of job updated: 17836528
	17311  -  MemoryUsage of job (MB)
	17725612  -  ResidentSetSize of job (KB)
...
006 (112070733.023.000) 05/03 06:25:52 Image size of job updated: 18565732
	18012  -  MemoryUsage of job (MB)
	18443860  -  ResidentSetSize of job (KB)
...
006 (112070733.023.000) 05/03 06:30:52 Image size of job updated: 19299456
	18728  -  MemoryUsage of job (MB)
	19176568  -  ResidentSetSize of job (KB)
...
006 (112070733.023.000) 05/03 06:35:52 Image size of job updated: 19951920
	19347  -  MemoryUsage of job (MB)
	19811096  -  ResidentSetSize of job (KB)
...
006 (112070733.023.000) 05/03 06:40:53 Image size of job updated: 20542120
	19828  -  MemoryUsage of job (MB)
	20302932  -  ResidentSetSize of job (KB)
...
006 (112070733.023.000) 05/03 06:45:53 Image size of job updated: 21266324
	20428  -  MemoryUsage of job (MB)
	20917380  -  ResidentSetSize of job (KB)
...
006 (112070733.023.000) 05/03 06:50:53 Image size of job updated: 21709872
	20464  -  MemoryUsage of job (MB)
	20954632  -  ResidentSetSize of job (KB)
...
006 (112070733.023.000) 05/03 06:55:54 Image size of job updated: 21906916
	20464  -  MemoryUsage of job (MB)
	20954848  -  ResidentSetSize of job (KB)
...
006 (112070733.023.000) 05/03 07:00:56 Image size of job updated: 22155376
	20464  -  MemoryUsage of job (MB)
	20954848  -  ResidentSetSize of job (KB)
...
006 (112070733.023.000) 05/03 07:05:55 Image size of job updated: 22496980
	20464  -  MemoryUsage of job (MB)
	20954848  -  ResidentSetSize of job (KB)
...
006 (112070733.023.000) 05/03 07:10:56 Image size of job updated: 22934296
	20464  -  MemoryUsage of job (MB)
	20954848  -  ResidentSetSize of job (KB)
...
005 (112070733.023.000) 05/03 07:12:30 Job terminated.
	(1) Normal termination (return value 0)
		Usr 0 02:19:57, Sys 0 00:02:24  -  Run Remote Usage
		Usr 0 00:00:00, Sys 0 00:00:00  -  Run Local Usage
		Usr 0 02:19:57, Sys 0 00:02:24  -  Total Remote Usage
		Usr 0 00:00:00, Sys 0 00:00:00  -  Total Local Usage
	23066328  -  Run Bytes Sent By Job
	1780306432  -  Run Bytes Received By Job
	23066328  -  Total Bytes Sent By Job
	1780306432  -  Total Bytes Received By Job
	Partitionable Resources :      Usage  Request Allocated 
	   Cpus                 :       0.77        1         1 
	   Disk (KB)            : 6852276    20971520  21388397 
	   Ioheavy              :                             0 
	   Memory (MB)          :   20464       20480     20480 
...
