000 (112045438.014.000) 05/01 17:51:46 Job submitted from host: <128.104.100.44:9618?addrs=128.104.100.44-9618+[2607-f388-107c-501-90e2-baff-fe2c-2724]-9618&noUDP&sock=4699_0235_3>
...
001 (112045438.014.000) 05/02 01:30:35 Job executing on host: <128.105.245.201:9618?addrs=128.105.245.201-9618&noUDP&sock=5415_d16d_29>
...
006 (112045438.014.000) 05/02 01:30:44 Image size of job updated: 624
	1  -  MemoryUsage of job (MB)
	624  -  ResidentSetSize of job (KB)
...
006 (112045438.014.000) 05/02 01:35:45 Image size of job updated: 656
	1  -  MemoryUsage of job (MB)
	656  -  ResidentSetSize of job (KB)
...
006 (112045438.014.000) 05/02 01:40:46 Image size of job updated: 356320
	272  -  MemoryUsage of job (MB)
	278324  -  ResidentSetSize of job (KB)
...
006 (112045438.014.000) 05/02 01:45:46 Image size of job updated: 758796
	665  -  MemoryUsage of job (MB)
	680800  -  ResidentSetSize of job (KB)
...
006 (112045438.014.000) 05/02 01:50:46 Image size of job updated: 1178644
	1075  -  MemoryUsage of job (MB)
	1100588  -  ResidentSetSize of job (KB)
...
006 (112045438.014.000) 05/02 01:55:46 Image size of job updated: 1724980
	1609  -  MemoryUsage of job (MB)
	1646924  -  ResidentSetSize of job (KB)
...
006 (112045438.014.000) 05/02 02:00:46 Image size of job updated: 2332472
	2202  -  MemoryUsage of job (MB)
	2254416  -  ResidentSetSize of job (KB)
...
006 (112045438.014.000) 05/02 02:05:46 Image size of job updated: 3150936
	3001  -  MemoryUsage of job (MB)
	3072880  -  ResidentSetSize of job (KB)
...
006 (112045438.014.000) 05/02 02:10:47 Image size of job updated: 4074584
	3903  -  MemoryUsage of job (MB)
	3996528  -  ResidentSetSize of job (KB)
...
006 (112045438.014.000) 05/02 02:15:48 Image size of job updated: 4884436
	4694  -  MemoryUsage of job (MB)
	4806380  -  ResidentSetSize of job (KB)
...
006 (112045438.014.000) 05/02 02:20:49 Image size of job updated: 5721360
	5512  -  MemoryUsage of job (MB)
	5643304  -  ResidentSetSize of job (KB)
...
006 (112045438.014.000) 05/02 02:25:49 Image size of job updated: 6542860
	6314  -  MemoryUsage of job (MB)
	6464804  -  ResidentSetSize of job (KB)
...
006 (112045438.014.000) 05/02 02:30:49 Image size of job updated: 7371760
	7123  -  MemoryUsage of job (MB)
	7293704  -  ResidentSetSize of job (KB)
...
006 (112045438.014.000) 05/02 02:35:49 Image size of job updated: 8279660
	8010  -  MemoryUsage of job (MB)
	8201604  -  ResidentSetSize of job (KB)
...
006 (112045438.014.000) 05/02 02:40:50 Image size of job updated: 9013860
	8727  -  MemoryUsage of job (MB)
	8935804  -  ResidentSetSize of job (KB)
...
006 (112045438.014.000) 05/02 02:45:51 Image size of job updated: 9753756
	9449  -  MemoryUsage of job (MB)
	9675700  -  ResidentSetSize of job (KB)
...
006 (112045438.014.000) 05/02 02:50:52 Image size of job updated: 10494012
	10172  -  MemoryUsage of job (MB)
	10415956  -  ResidentSetSize of job (KB)
...
006 (112045438.014.000) 05/02 02:55:53 Image size of job updated: 11137908
	10801  -  MemoryUsage of job (MB)
	11059852  -  ResidentSetSize of job (KB)
...
006 (112045438.014.000) 05/02 03:00:53 Image size of job updated: 11916960
	11562  -  MemoryUsage of job (MB)
	11838904  -  ResidentSetSize of job (KB)
...
006 (112045438.014.000) 05/02 03:05:53 Image size of job updated: 12581440
	12211  -  MemoryUsage of job (MB)
	12503384  -  ResidentSetSize of job (KB)
...
006 (112045438.014.000) 05/02 03:10:53 Image size of job updated: 13322992
	12935  -  MemoryUsage of job (MB)
	13244936  -  ResidentSetSize of job (KB)
...
006 (112045438.014.000) 05/02 03:15:54 Image size of job updated: 14054572
	13649  -  MemoryUsage of job (MB)
	13976516  -  ResidentSetSize of job (KB)
...
006 (112045438.014.000) 05/02 03:20:55 Image size of job updated: 14811052
	14388  -  MemoryUsage of job (MB)
	14732996  -  ResidentSetSize of job (KB)
...
006 (112045438.014.000) 05/02 03:25:55 Image size of job updated: 15488116
	15043  -  MemoryUsage of job (MB)
	15403540  -  ResidentSetSize of job (KB)
...
006 (112045438.014.000) 05/02 03:30:56 Image size of job updated: 16285432
	15803  -  MemoryUsage of job (MB)
	16182000  -  ResidentSetSize of job (KB)
...
006 (112045438.014.000) 05/02 03:35:56 Image size of job updated: 17049152
	16534  -  MemoryUsage of job (MB)
	16930084  -  ResidentSetSize of job (KB)
...
006 (112045438.014.000) 05/02 03:40:57 Image size of job updated: 17691328
	17152  -  MemoryUsage of job (MB)
	17562868  -  ResidentSetSize of job (KB)
...
006 (112045438.014.000) 05/02 03:45:58 Image size of job updated: 18484240
	17899  -  MemoryUsage of job (MB)
	18328416  -  ResidentSetSize of job (KB)
...
006 (112045438.014.000) 05/02 03:51:00 Image size of job updated: 19192840
	18558  -  MemoryUsage of job (MB)
	19002580  -  ResidentSetSize of job (KB)
...
006 (112045438.014.000) 05/02 03:56:00 Image size of job updated: 19870136
	19182  -  MemoryUsage of job (MB)
	19641856  -  ResidentSetSize of job (KB)
...
006 (112045438.014.000) 05/02 04:01:00 Image size of job updated: 20583608
	19758  -  MemoryUsage of job (MB)
	20231276  -  ResidentSetSize of job (KB)
...
006 (112045438.014.000) 05/02 04:06:00 Image size of job updated: 21414232
	20325  -  MemoryUsage of job (MB)
	20812048  -  ResidentSetSize of job (KB)
...
006 (112045438.014.000) 05/02 04:11:01 Image size of job updated: 22072220
	20460  -  MemoryUsage of job (MB)
	20950604  -  ResidentSetSize of job (KB)
...
006 (112045438.014.000) 05/02 04:16:03 Image size of job updated: 22667424
	20460  -  MemoryUsage of job (MB)
	20950800  -  ResidentSetSize of job (KB)
...
005 (112045438.014.000) 05/02 04:18:39 Job terminated.
	(1) Normal termination (return value 0)
		Usr 0 02:31:44, Sys 0 00:02:19  -  Run Remote Usage
		Usr 0 00:00:00, Sys 0 00:00:00  -  Run Local Usage
		Usr 0 02:31:44, Sys 0 00:02:19  -  Total Remote Usage
		Usr 0 00:00:00, Sys 0 00:00:00  -  Total Local Usage
	22499456  -  Run Bytes Sent By Job
	1780294016  -  Run Bytes Received By Job
	22499456  -  Total Bytes Sent By Job
	1780294016  -  Total Bytes Received By Job
	Partitionable Resources :      Usage  Request Allocated 
	   Cpus                 :       0.74        1         1 
	   Disk (KB)            : 6888537    20971520  23418975 
	   Ioheavy              :                             0 
	   Memory (MB)          :   20460       20480     20480 
...
