000 (112171668.061.000) 05/03 11:56:36 Job submitted from host: <128.104.100.44:9618?addrs=128.104.100.44-9618+[2607-f388-107c-501-90e2-baff-fe2c-2724]-9618&noUDP&sock=4699_0235_3>
...
001 (112171668.061.000) 05/04 00:05:35 Job executing on host: <128.105.245.247:9618?addrs=128.105.245.247-9618&noUDP&sock=5487_343f_3>
...
006 (112171668.061.000) 05/04 00:05:43 Image size of job updated: 632
	1  -  MemoryUsage of job (MB)
	632  -  ResidentSetSize of job (KB)
...
006 (112171668.061.000) 05/04 00:10:45 Image size of job updated: 188564
	111  -  MemoryUsage of job (MB)
	113628  -  ResidentSetSize of job (KB)
...
006 (112171668.061.000) 05/04 00:15:45 Image size of job updated: 591004
	501  -  MemoryUsage of job (MB)
	513012  -  ResidentSetSize of job (KB)
...
006 (112171668.061.000) 05/04 00:20:46 Image size of job updated: 987208
	888  -  MemoryUsage of job (MB)
	909156  -  ResidentSetSize of job (KB)
...
006 (112171668.061.000) 05/04 00:25:46 Image size of job updated: 1385736
	1278  -  MemoryUsage of job (MB)
	1307684  -  ResidentSetSize of job (KB)
...
006 (112171668.061.000) 05/04 00:30:46 Image size of job updated: 1982624
	1860  -  MemoryUsage of job (MB)
	1904572  -  ResidentSetSize of job (KB)
...
006 (112171668.061.000) 05/04 00:35:47 Image size of job updated: 2647576
	2510  -  MemoryUsage of job (MB)
	2569524  -  ResidentSetSize of job (KB)
...
006 (112171668.061.000) 05/04 00:40:47 Image size of job updated: 3455064
	3298  -  MemoryUsage of job (MB)
	3377012  -  ResidentSetSize of job (KB)
...
006 (112171668.061.000) 05/04 00:45:48 Image size of job updated: 4327852
	4151  -  MemoryUsage of job (MB)
	4249800  -  ResidentSetSize of job (KB)
...
006 (112171668.061.000) 05/04 00:50:49 Image size of job updated: 5120088
	4924  -  MemoryUsage of job (MB)
	5042036  -  ResidentSetSize of job (KB)
...
006 (112171668.061.000) 05/04 00:55:49 Image size of job updated: 5891836
	5678  -  MemoryUsage of job (MB)
	5813784  -  ResidentSetSize of job (KB)
...
006 (112171668.061.000) 05/04 01:00:49 Image size of job updated: 6674344
	6442  -  MemoryUsage of job (MB)
	6596292  -  ResidentSetSize of job (KB)
...
006 (112171668.061.000) 05/04 01:05:51 Image size of job updated: 7403632
	7154  -  MemoryUsage of job (MB)
	7325580  -  ResidentSetSize of job (KB)
...
006 (112171668.061.000) 05/04 01:10:51 Image size of job updated: 8171212
	7904  -  MemoryUsage of job (MB)
	8093160  -  ResidentSetSize of job (KB)
...
006 (112171668.061.000) 05/04 01:15:51 Image size of job updated: 8886000
	8602  -  MemoryUsage of job (MB)
	8807948  -  ResidentSetSize of job (KB)
...
006 (112171668.061.000) 05/04 01:20:51 Image size of job updated: 9640136
	9338  -  MemoryUsage of job (MB)
	9562084  -  ResidentSetSize of job (KB)
...
006 (112171668.061.000) 05/04 01:25:53 Image size of job updated: 10313808
	9996  -  MemoryUsage of job (MB)
	10235756  -  ResidentSetSize of job (KB)
...
006 (112171668.061.000) 05/04 01:30:53 Image size of job updated: 10942460
	10610  -  MemoryUsage of job (MB)
	10864408  -  ResidentSetSize of job (KB)
...
006 (112171668.061.000) 05/04 01:35:54 Image size of job updated: 11547712
	11201  -  MemoryUsage of job (MB)
	11469660  -  ResidentSetSize of job (KB)
...
006 (112171668.061.000) 05/04 01:40:54 Image size of job updated: 12277740
	11914  -  MemoryUsage of job (MB)
	12199688  -  ResidentSetSize of job (KB)
...
006 (112171668.061.000) 05/04 01:45:54 Image size of job updated: 12944152
	12565  -  MemoryUsage of job (MB)
	12866100  -  ResidentSetSize of job (KB)
...
006 (112171668.061.000) 05/04 01:50:55 Image size of job updated: 13607860
	13213  -  MemoryUsage of job (MB)
	13529808  -  ResidentSetSize of job (KB)
...
006 (112171668.061.000) 05/04 01:55:55 Image size of job updated: 14308768
	13898  -  MemoryUsage of job (MB)
	14230716  -  ResidentSetSize of job (KB)
...
006 (112171668.061.000) 05/04 02:00:56 Image size of job updated: 14913720
	14488  -  MemoryUsage of job (MB)
	14835668  -  ResidentSetSize of job (KB)
...
006 (112171668.061.000) 05/04 02:05:56 Image size of job updated: 15505644
	15066  -  MemoryUsage of job (MB)
	15427256  -  ResidentSetSize of job (KB)
...
006 (112171668.061.000) 05/04 02:10:56 Image size of job updated: 16245212
	15787  -  MemoryUsage of job (MB)
	16165752  -  ResidentSetSize of job (KB)
...
006 (112171668.061.000) 05/04 02:15:56 Image size of job updated: 16869980
	16397  -  MemoryUsage of job (MB)
	16790520  -  ResidentSetSize of job (KB)
...
006 (112171668.061.000) 05/04 02:20:58 Image size of job updated: 17592404
	17103  -  MemoryUsage of job (MB)
	17512944  -  ResidentSetSize of job (KB)
...
006 (112171668.061.000) 05/04 02:25:58 Image size of job updated: 18293848
	17788  -  MemoryUsage of job (MB)
	18214388  -  ResidentSetSize of job (KB)
...
006 (112171668.061.000) 05/04 02:30:59 Image size of job updated: 19079372
	18547  -  MemoryUsage of job (MB)
	18991220  -  ResidentSetSize of job (KB)
...
006 (112171668.061.000) 05/04 02:35:59 Image size of job updated: 19772528
	19216  -  MemoryUsage of job (MB)
	19676932  -  ResidentSetSize of job (KB)
...
006 (112171668.061.000) 05/04 02:41:00 Image size of job updated: 20440508
	19831  -  MemoryUsage of job (MB)
	20306872  -  ResidentSetSize of job (KB)
...
006 (112171668.061.000) 05/04 02:46:00 Image size of job updated: 20984392
	20194  -  MemoryUsage of job (MB)
	20678604  -  ResidentSetSize of job (KB)
...
006 (112171668.061.000) 05/04 02:51:01 Image size of job updated: 21611160
	20381  -  MemoryUsage of job (MB)
	20869944  -  ResidentSetSize of job (KB)
...
006 (112171668.061.000) 05/04 02:56:01 Image size of job updated: 22194388
	20436  -  MemoryUsage of job (MB)
	20926232  -  ResidentSetSize of job (KB)
...
006 (112171668.061.000) 05/04 03:01:01 Image size of job updated: 22790488
	20465  -  MemoryUsage of job (MB)
	20955508  -  ResidentSetSize of job (KB)
...
006 (112171668.061.000) 05/04 03:06:02 Image size of job updated: 22958360
	20465  -  MemoryUsage of job (MB)
	20955508  -  ResidentSetSize of job (KB)
...
006 (112171668.061.000) 05/04 03:09:02 Image size of job updated: 23077800
	20465  -  MemoryUsage of job (MB)
	20955508  -  ResidentSetSize of job (KB)
...
005 (112171668.061.000) 05/04 03:09:04 Job terminated.
	(1) Normal termination (return value 0)
		Usr 0 02:43:47, Sys 0 00:02:39  -  Run Remote Usage
		Usr 0 00:00:00, Sys 0 00:00:00  -  Run Local Usage
		Usr 0 02:43:47, Sys 0 00:02:39  -  Total Remote Usage
		Usr 0 00:00:00, Sys 0 00:00:00  -  Total Local Usage
	22618616  -  Run Bytes Sent By Job
	1780305536  -  Run Bytes Received By Job
	22618616  -  Total Bytes Sent By Job
	1780305536  -  Total Bytes Received By Job
	Partitionable Resources :      Usage  Request Allocated 
	   Cpus                 :       0.50        1         1 
	   Disk (KB)            : 6851838    20971520  21271575 
	   Ioheavy              :                             0 
	   Memory (MB)          :   20465       20480     20480 
...
