000 (112070733.144.000) 05/02 11:03:23 Job submitted from host: <128.104.100.44:9618?addrs=128.104.100.44-9618+[2607-f388-107c-501-90e2-baff-fe2c-2724]-9618&noUDP&sock=4699_0235_3>
...
001 (112070733.144.000) 05/03 06:24:20 Job executing on host: <128.105.245.172:9618?addrs=128.105.245.172-9618&noUDP&sock=5426_5cf8_44>
...
006 (112070733.144.000) 05/03 06:24:28 Image size of job updated: 628
	1  -  MemoryUsage of job (MB)
	628  -  ResidentSetSize of job (KB)
...
006 (112070733.144.000) 05/03 06:29:31 Image size of job updated: 652
	1  -  MemoryUsage of job (MB)
	652  -  ResidentSetSize of job (KB)
...
006 (112070733.144.000) 05/03 06:34:30 Image size of job updated: 656
	1  -  MemoryUsage of job (MB)
	656  -  ResidentSetSize of job (KB)
...
006 (112070733.144.000) 05/03 06:39:31 Image size of job updated: 281604
	199  -  MemoryUsage of job (MB)
	203616  -  ResidentSetSize of job (KB)
...
006 (112070733.144.000) 05/03 06:44:32 Image size of job updated: 653268
	562  -  MemoryUsage of job (MB)
	575272  -  ResidentSetSize of job (KB)
...
006 (112070733.144.000) 05/03 06:49:32 Image size of job updated: 993152
	894  -  MemoryUsage of job (MB)
	915100  -  ResidentSetSize of job (KB)
...
006 (112070733.144.000) 05/03 06:54:34 Image size of job updated: 1289528
	1184  -  MemoryUsage of job (MB)
	1211476  -  ResidentSetSize of job (KB)
...
006 (112070733.144.000) 05/03 06:59:34 Image size of job updated: 1630344
	1516  -  MemoryUsage of job (MB)
	1552292  -  ResidentSetSize of job (KB)
...
006 (112070733.144.000) 05/03 07:04:34 Image size of job updated: 1992492
	1870  -  MemoryUsage of job (MB)
	1914440  -  ResidentSetSize of job (KB)
...
006 (112070733.144.000) 05/03 07:09:36 Image size of job updated: 2523968
	2389  -  MemoryUsage of job (MB)
	2445916  -  ResidentSetSize of job (KB)
...
006 (112070733.144.000) 05/03 07:14:35 Image size of job updated: 3155276
	3006  -  MemoryUsage of job (MB)
	3077224  -  ResidentSetSize of job (KB)
...
006 (112070733.144.000) 05/03 07:19:35 Image size of job updated: 3946996
	3779  -  MemoryUsage of job (MB)
	3868944  -  ResidentSetSize of job (KB)
...
006 (112070733.144.000) 05/03 07:24:36 Image size of job updated: 4594176
	4411  -  MemoryUsage of job (MB)
	4516124  -  ResidentSetSize of job (KB)
...
006 (112070733.144.000) 05/03 07:29:37 Image size of job updated: 5271928
	5073  -  MemoryUsage of job (MB)
	5193876  -  ResidentSetSize of job (KB)
...
006 (112070733.144.000) 05/03 07:34:37 Image size of job updated: 6065064
	5847  -  MemoryUsage of job (MB)
	5987012  -  ResidentSetSize of job (KB)
...
006 (112070733.144.000) 05/03 07:39:37 Image size of job updated: 6788448
	6554  -  MemoryUsage of job (MB)
	6710396  -  ResidentSetSize of job (KB)
...
006 (112070733.144.000) 05/03 07:44:38 Image size of job updated: 7349344
	7101  -  MemoryUsage of job (MB)
	7271292  -  ResidentSetSize of job (KB)
...
006 (112070733.144.000) 05/03 07:49:39 Image size of job updated: 7892116
	7631  -  MemoryUsage of job (MB)
	7814064  -  ResidentSetSize of job (KB)
...
006 (112070733.144.000) 05/03 07:54:39 Image size of job updated: 8284056
	8014  -  MemoryUsage of job (MB)
	8206004  -  ResidentSetSize of job (KB)
...
006 (112070733.144.000) 05/03 07:59:39 Image size of job updated: 8837280
	8554  -  MemoryUsage of job (MB)
	8759228  -  ResidentSetSize of job (KB)
...
006 (112070733.144.000) 05/03 08:04:40 Image size of job updated: 9602032
	9301  -  MemoryUsage of job (MB)
	9523980  -  ResidentSetSize of job (KB)
...
006 (112070733.144.000) 05/03 08:09:40 Image size of job updated: 10202088
	9887  -  MemoryUsage of job (MB)
	10124036  -  ResidentSetSize of job (KB)
...
006 (112070733.144.000) 05/03 08:14:41 Image size of job updated: 10762404
	10434  -  MemoryUsage of job (MB)
	10684352  -  ResidentSetSize of job (KB)
...
006 (112070733.144.000) 05/03 08:19:43 Image size of job updated: 11384628
	11042  -  MemoryUsage of job (MB)
	11306576  -  ResidentSetSize of job (KB)
...
006 (112070733.144.000) 05/03 08:24:43 Image size of job updated: 11932036
	11577  -  MemoryUsage of job (MB)
	11853984  -  ResidentSetSize of job (KB)
...
006 (112070733.144.000) 05/03 08:29:44 Image size of job updated: 12334092
	11969  -  MemoryUsage of job (MB)
	12256040  -  ResidentSetSize of job (KB)
...
006 (112070733.144.000) 05/03 08:34:44 Image size of job updated: 12708576
	12335  -  MemoryUsage of job (MB)
	12630524  -  ResidentSetSize of job (KB)
...
006 (112070733.144.000) 05/03 08:39:44 Image size of job updated: 12984932
	12605  -  MemoryUsage of job (MB)
	12906880  -  ResidentSetSize of job (KB)
...
006 (112070733.144.000) 05/03 08:44:45 Image size of job updated: 13235800
	12850  -  MemoryUsage of job (MB)
	13157748  -  ResidentSetSize of job (KB)
...
006 (112070733.144.000) 05/03 08:49:46 Image size of job updated: 13494960
	13103  -  MemoryUsage of job (MB)
	13416908  -  ResidentSetSize of job (KB)
...
006 (112070733.144.000) 05/03 08:54:46 Image size of job updated: 13885752
	13485  -  MemoryUsage of job (MB)
	13807700  -  ResidentSetSize of job (KB)
...
