000 (112045438.089.000) 05/01 17:51:46 Job submitted from host: <128.104.100.44:9618?addrs=128.104.100.44-9618+[2607-f388-107c-501-90e2-baff-fe2c-2724]-9618&noUDP&sock=4699_0235_3>
...
001 (112045438.089.000) 05/02 02:22:27 Job executing on host: <128.105.245.177:9618?addrs=128.105.245.177-9618&noUDP&sock=5454_919e_46>
...
006 (112045438.089.000) 05/02 02:22:36 Image size of job updated: 628
	1  -  MemoryUsage of job (MB)
	628  -  ResidentSetSize of job (KB)
...
006 (112045438.089.000) 05/02 02:27:37 Image size of job updated: 656
	1  -  MemoryUsage of job (MB)
	656  -  ResidentSetSize of job (KB)
...
006 (112045438.089.000) 05/02 02:32:38 Image size of job updated: 410160
	325  -  MemoryUsage of job (MB)
	332164  -  ResidentSetSize of job (KB)
...
006 (112045438.089.000) 05/02 02:37:38 Image size of job updated: 813344
	719  -  MemoryUsage of job (MB)
	735288  -  ResidentSetSize of job (KB)
...
006 (112045438.089.000) 05/02 02:42:39 Image size of job updated: 1254280
	1149  -  MemoryUsage of job (MB)
	1176224  -  ResidentSetSize of job (KB)
...
006 (112045438.089.000) 05/02 02:47:40 Image size of job updated: 1810728
	1693  -  MemoryUsage of job (MB)
	1732672  -  ResidentSetSize of job (KB)
...
006 (112045438.089.000) 05/02 02:52:40 Image size of job updated: 2532252
	2397  -  MemoryUsage of job (MB)
	2454196  -  ResidentSetSize of job (KB)
...
006 (112045438.089.000) 05/02 02:57:40 Image size of job updated: 3258564
	3106  -  MemoryUsage of job (MB)
	3180508  -  ResidentSetSize of job (KB)
...
006 (112045438.089.000) 05/02 03:02:41 Image size of job updated: 4207132
	4033  -  MemoryUsage of job (MB)
	4129076  -  ResidentSetSize of job (KB)
...
006 (112045438.089.000) 05/02 03:07:41 Image size of job updated: 5139536
	4943  -  MemoryUsage of job (MB)
	5061480  -  ResidentSetSize of job (KB)
...
006 (112045438.089.000) 05/02 03:12:41 Image size of job updated: 5938332
	5723  -  MemoryUsage of job (MB)
	5860276  -  ResidentSetSize of job (KB)
...
006 (112045438.089.000) 05/02 03:17:42 Image size of job updated: 6674536
	6442  -  MemoryUsage of job (MB)
	6596480  -  ResidentSetSize of job (KB)
...
006 (112045438.089.000) 05/02 03:22:43 Image size of job updated: 7401884
	7153  -  MemoryUsage of job (MB)
	7323828  -  ResidentSetSize of job (KB)
...
006 (112045438.089.000) 05/02 03:27:43 Image size of job updated: 8293644
	8024  -  MemoryUsage of job (MB)
	8215588  -  ResidentSetSize of job (KB)
...
006 (112045438.089.000) 05/02 03:29:38 Image size of job updated: 8293644
	8025  -  MemoryUsage of job (MB)
	8217192  -  ResidentSetSize of job (KB)
...
005 (112045438.089.000) 05/02 03:29:42 Job terminated.
	(1) Normal termination (return value 0)
		Usr 0 00:55:31, Sys 0 00:00:55  -  Run Remote Usage
		Usr 0 00:00:00, Sys 0 00:00:00  -  Run Local Usage
		Usr 0 00:55:31, Sys 0 00:00:55  -  Total Remote Usage
		Usr 0 00:00:00, Sys 0 00:00:00  -  Total Local Usage
	10377413  -  Run Bytes Sent By Job
	1780294016  -  Run Bytes Received By Job
	10377413  -  Total Bytes Sent By Job
	1780294016  -  Total Bytes Received By Job
	Partitionable Resources :      Usage  Request Allocated 
	   Cpus                 :       0.94        1         1 
	   Disk (KB)            : 6874986    20971520  21255227 
	   Ioheavy              :                             0 
	   Memory (MB)          :    8025       20480     20480 
...
