000 (112171668.175.000) 05/03 11:56:36 Job submitted from host: <128.104.100.44:9618?addrs=128.104.100.44-9618+[2607-f388-107c-501-90e2-baff-fe2c-2724]-9618&noUDP&sock=4699_0235_3>
...
001 (112171668.175.000) 05/04 03:17:05 Job executing on host: <128.105.245.168:9618?addrs=128.105.245.168-9618&noUDP&sock=5474_4983_3>
...
006 (112171668.175.000) 05/04 03:17:13 Image size of job updated: 624
	1  -  MemoryUsage of job (MB)
	624  -  ResidentSetSize of job (KB)
...
006 (112171668.175.000) 05/04 03:22:15 Image size of job updated: 660
	1  -  MemoryUsage of job (MB)
	660  -  ResidentSetSize of job (KB)
...
006 (112171668.175.000) 05/04 03:27:15 Image size of job updated: 469800
	383  -  MemoryUsage of job (MB)
	391808  -  ResidentSetSize of job (KB)
...
006 (112171668.175.000) 05/04 03:32:15 Image size of job updated: 812500
	718  -  MemoryUsage of job (MB)
	734448  -  ResidentSetSize of job (KB)
...
006 (112171668.175.000) 05/04 03:37:15 Image size of job updated: 1172968
	1070  -  MemoryUsage of job (MB)
	1094916  -  ResidentSetSize of job (KB)
...
006 (112171668.175.000) 05/04 03:42:15 Image size of job updated: 1630264
	1516  -  MemoryUsage of job (MB)
	1552212  -  ResidentSetSize of job (KB)
...
006 (112171668.175.000) 05/04 03:47:15 Image size of job updated: 2136964
	2011  -  MemoryUsage of job (MB)
	2058912  -  ResidentSetSize of job (KB)
...
006 (112171668.175.000) 05/04 03:52:15 Image size of job updated: 2659876
	2522  -  MemoryUsage of job (MB)
	2581824  -  ResidentSetSize of job (KB)
...
006 (112171668.175.000) 05/04 03:57:16 Image size of job updated: 3240820
	3089  -  MemoryUsage of job (MB)
	3162768  -  ResidentSetSize of job (KB)
...
006 (112171668.175.000) 05/04 04:02:16 Image size of job updated: 3848444
	3683  -  MemoryUsage of job (MB)
	3770392  -  ResidentSetSize of job (KB)
...
006 (112171668.175.000) 05/04 04:07:17 Image size of job updated: 4565876
	4383  -  MemoryUsage of job (MB)
	4487824  -  ResidentSetSize of job (KB)
...
006 (112171668.175.000) 05/04 04:12:17 Image size of job updated: 5166396
	4970  -  MemoryUsage of job (MB)
	5088344  -  ResidentSetSize of job (KB)
...
006 (112171668.175.000) 05/04 04:17:17 Image size of job updated: 5805936
	5594  -  MemoryUsage of job (MB)
	5727884  -  ResidentSetSize of job (KB)
...
006 (112171668.175.000) 05/04 04:22:18 Image size of job updated: 6454124
	6227  -  MemoryUsage of job (MB)
	6376072  -  ResidentSetSize of job (KB)
...
006 (112171668.175.000) 05/04 04:27:18 Image size of job updated: 7067212
	6826  -  MemoryUsage of job (MB)
	6989160  -  ResidentSetSize of job (KB)
...
006 (112171668.175.000) 05/04 04:32:19 Image size of job updated: 7703156
	7447  -  MemoryUsage of job (MB)
	7625104  -  ResidentSetSize of job (KB)
...
006 (112171668.175.000) 05/04 04:37:19 Image size of job updated: 8349228
	8078  -  MemoryUsage of job (MB)
	8271176  -  ResidentSetSize of job (KB)
...
006 (112171668.175.000) 05/04 04:42:21 Image size of job updated: 8906444
	8622  -  MemoryUsage of job (MB)
	8828392  -  ResidentSetSize of job (KB)
...
006 (112171668.175.000) 05/04 04:47:20 Image size of job updated: 9557988
	9258  -  MemoryUsage of job (MB)
	9479936  -  ResidentSetSize of job (KB)
...
006 (112171668.175.000) 05/04 04:52:21 Image size of job updated: 10103920
	9791  -  MemoryUsage of job (MB)
	10025868  -  ResidentSetSize of job (KB)
...
006 (112171668.175.000) 05/04 04:57:21 Image size of job updated: 10660480
	10335  -  MemoryUsage of job (MB)
	10582428  -  ResidentSetSize of job (KB)
...
006 (112171668.175.000) 05/04 05:02:21 Image size of job updated: 11259988
	10920  -  MemoryUsage of job (MB)
	11181936  -  ResidentSetSize of job (KB)
...
006 (112171668.175.000) 05/04 05:07:21 Image size of job updated: 11778660
	11427  -  MemoryUsage of job (MB)
	11700608  -  ResidentSetSize of job (KB)
...
006 (112171668.175.000) 05/04 05:12:21 Image size of job updated: 12304464
	11940  -  MemoryUsage of job (MB)
	12226412  -  ResidentSetSize of job (KB)
...
006 (112171668.175.000) 05/04 05:17:21 Image size of job updated: 12795660
	12420  -  MemoryUsage of job (MB)
	12717608  -  ResidentSetSize of job (KB)
...
006 (112171668.175.000) 05/04 05:22:21 Image size of job updated: 13417560
	13027  -  MemoryUsage of job (MB)
	13339508  -  ResidentSetSize of job (KB)
...
006 (112171668.175.000) 05/04 05:27:22 Image size of job updated: 13884432
	13483  -  MemoryUsage of job (MB)
	13806380  -  ResidentSetSize of job (KB)
...
006 (112171668.175.000) 05/04 05:32:22 Image size of job updated: 14499152
	14084  -  MemoryUsage of job (MB)
	14421100  -  ResidentSetSize of job (KB)
...
006 (112171668.175.000) 05/04 05:37:23 Image size of job updated: 14997264
	14570  -  MemoryUsage of job (MB)
	14919212  -  ResidentSetSize of job (KB)
...
006 (112171668.175.000) 05/04 05:42:23 Image size of job updated: 15515408
	15076  -  MemoryUsage of job (MB)
	15436844  -  ResidentSetSize of job (KB)
...
006 (112171668.175.000) 05/04 05:47:23 Image size of job updated: 16088584
	15634  -  MemoryUsage of job (MB)
	16008404  -  ResidentSetSize of job (KB)
...
006 (112171668.175.000) 05/04 05:52:24 Image size of job updated: 16618640
	16150  -  MemoryUsage of job (MB)
	16537564  -  ResidentSetSize of job (KB)
...
006 (112171668.175.000) 05/04 05:57:25 Image size of job updated: 17132052
	16650  -  MemoryUsage of job (MB)
	17049440  -  ResidentSetSize of job (KB)
...
006 (112171668.175.000) 05/04 06:02:29 Image size of job updated: 17630316
	17133  -  MemoryUsage of job (MB)
	17543608  -  ResidentSetSize of job (KB)
...
006 (112171668.175.000) 05/04 06:07:26 Image size of job updated: 18193432
	17676  -  MemoryUsage of job (MB)
	18100052  -  ResidentSetSize of job (KB)
...
006 (112171668.175.000) 05/04 06:12:26 Image size of job updated: 18811092
	18276  -  MemoryUsage of job (MB)
	18713820  -  ResidentSetSize of job (KB)
...
006 (112171668.175.000) 05/04 06:17:27 Image size of job updated: 19285220
	18735  -  MemoryUsage of job (MB)
	19184428  -  ResidentSetSize of job (KB)
...
006 (112171668.175.000) 05/04 06:22:28 Image size of job updated: 19804236
	19236  -  MemoryUsage of job (MB)
	19697220  -  ResidentSetSize of job (KB)
...
006 (112171668.175.000) 05/04 06:27:28 Image size of job updated: 20139996
	19551  -  MemoryUsage of job (MB)
	20019712  -  ResidentSetSize of job (KB)
...
006 (112171668.175.000) 05/04 06:32:31 Image size of job updated: 20494224
	19878  -  MemoryUsage of job (MB)
	20354376  -  ResidentSetSize of job (KB)
...
006 (112171668.175.000) 05/04 06:37:29 Image size of job updated: 20905148
	20224  -  MemoryUsage of job (MB)
	20709168  -  ResidentSetSize of job (KB)
...
006 (112171668.175.000) 05/04 06:42:30 Image size of job updated: 21252184
	20415  -  MemoryUsage of job (MB)
	20904888  -  ResidentSetSize of job (KB)
...
006 (112171668.175.000) 05/04 06:47:31 Image size of job updated: 21739580
	20451  -  MemoryUsage of job (MB)
	20941692  -  ResidentSetSize of job (KB)
...
006 (112171668.175.000) 05/04 06:52:32 Image size of job updated: 22173612
	20451  -  MemoryUsage of job (MB)
	20941768  -  ResidentSetSize of job (KB)
...
006 (112171668.175.000) 05/04 06:57:32 Image size of job updated: 22665568
	20451  -  MemoryUsage of job (MB)
	20941768  -  ResidentSetSize of job (KB)
...
006 (112171668.175.000) 05/04 07:02:14 Image size of job updated: 23077100
	20451  -  MemoryUsage of job (MB)
	20941768  -  ResidentSetSize of job (KB)
...
005 (112171668.175.000) 05/04 07:02:16 Job terminated.
	(1) Normal termination (return value 0)
		Usr 0 03:13:17, Sys 0 00:03:56  -  Run Remote Usage
		Usr 0 00:00:00, Sys 0 00:00:00  -  Run Local Usage
		Usr 0 03:13:17, Sys 0 00:03:56  -  Total Remote Usage
		Usr 0 00:00:00, Sys 0 00:00:00  -  Total Local Usage
	22417452  -  Run Bytes Sent By Job
	1780305536  -  Run Bytes Received By Job
	22417452  -  Total Bytes Sent By Job
	1780305536  -  Total Bytes Received By Job
	Partitionable Resources :      Usage  Request Allocated 
	   Cpus                 :       0.00        1         1 
	   Disk (KB)            : 6851643    20971520  21275452 
	   Ioheavy              :                             0 
	   Memory (MB)          :   20451       20480     20480 
...
