000 (112045438.059.000) 05/01 17:51:46 Job submitted from host: <128.104.100.44:9618?addrs=128.104.100.44-9618+[2607-f388-107c-501-90e2-baff-fe2c-2724]-9618&noUDP&sock=4699_0235_3>
...
001 (112045438.059.000) 05/02 02:01:53 Job executing on host: <128.105.245.171:9618?addrs=128.105.245.171-9618&noUDP&sock=5449_23a5_26>
...
006 (112045438.059.000) 05/02 02:02:01 Image size of job updated: 628
	1  -  MemoryUsage of job (MB)
	628  -  ResidentSetSize of job (KB)
...
006 (112045438.059.000) 05/02 02:07:04 Image size of job updated: 656
	1  -  MemoryUsage of job (MB)
	656  -  ResidentSetSize of job (KB)
...
006 (112045438.059.000) 05/02 02:12:03 Image size of job updated: 321324
	238  -  MemoryUsage of job (MB)
	243332  -  ResidentSetSize of job (KB)
...
006 (112045438.059.000) 05/02 02:17:04 Image size of job updated: 651128
	560  -  MemoryUsage of job (MB)
	573136  -  ResidentSetSize of job (KB)
...
006 (112045438.059.000) 05/02 02:22:04 Image size of job updated: 1066932
	966  -  MemoryUsage of job (MB)
	988880  -  ResidentSetSize of job (KB)
...
006 (112045438.059.000) 05/02 02:27:05 Image size of job updated: 1546776
	1435  -  MemoryUsage of job (MB)
	1468724  -  ResidentSetSize of job (KB)
...
006 (112045438.059.000) 05/02 02:32:06 Image size of job updated: 2072520
	1948  -  MemoryUsage of job (MB)
	1994468  -  ResidentSetSize of job (KB)
...
006 (112045438.059.000) 05/02 02:37:06 Image size of job updated: 2728644
	2589  -  MemoryUsage of job (MB)
	2650592  -  ResidentSetSize of job (KB)
...
006 (112045438.059.000) 05/02 02:42:08 Image size of job updated: 3524568
	3366  -  MemoryUsage of job (MB)
	3446516  -  ResidentSetSize of job (KB)
...
006 (112045438.059.000) 05/02 02:47:08 Image size of job updated: 4337636
	4160  -  MemoryUsage of job (MB)
	4259584  -  ResidentSetSize of job (KB)
...
006 (112045438.059.000) 05/02 02:52:08 Image size of job updated: 5042316
	4848  -  MemoryUsage of job (MB)
	4964264  -  ResidentSetSize of job (KB)
...
006 (112045438.059.000) 05/02 02:53:45 Image size of job updated: 5277408
	4858  -  MemoryUsage of job (MB)
	4974324  -  ResidentSetSize of job (KB)
...
005 (112045438.059.000) 05/02 02:53:47 Job terminated.
	(1) Normal termination (return value 0)
		Usr 0 00:39:54, Sys 0 00:01:36  -  Run Remote Usage
		Usr 0 00:00:00, Sys 0 00:00:00  -  Run Local Usage
		Usr 0 00:39:54, Sys 0 00:01:36  -  Total Remote Usage
		Usr 0 00:00:00, Sys 0 00:00:00  -  Total Local Usage
	7600319  -  Run Bytes Sent By Job
	1780294016  -  Run Bytes Received By Job
	7600319  -  Total Bytes Sent By Job
	1780294016  -  Total Bytes Received By Job
	Partitionable Resources :      Usage  Request Allocated 
	   Cpus                 :       1.00        1         1 
	   Disk (KB)            : 6871416    20971520  21442408 
	   Ioheavy              :                             0 
	   Memory (MB)          :    4858       20480     20480 
...
