000 (112045438.106.000) 05/01 17:51:46 Job submitted from host: <128.104.100.44:9618?addrs=128.104.100.44-9618+[2607-f388-107c-501-90e2-baff-fe2c-2724]-9618&noUDP&sock=4699_0235_3>
...
001 (112045438.106.000) 05/02 02:35:03 Job executing on host: <128.105.245.185:9618?addrs=128.105.245.185-9618&noUDP&sock=5452_326e_36>
...
006 (112045438.106.000) 05/02 02:35:13 Image size of job updated: 632
	1  -  MemoryUsage of job (MB)
	632  -  ResidentSetSize of job (KB)
...
006 (112045438.106.000) 05/02 02:40:14 Image size of job updated: 656
	1  -  MemoryUsage of job (MB)
	656  -  ResidentSetSize of job (KB)
...
006 (112045438.106.000) 05/02 02:45:14 Image size of job updated: 664
	1  -  MemoryUsage of job (MB)
	664  -  ResidentSetSize of job (KB)
...
006 (112045438.106.000) 05/02 02:50:14 Image size of job updated: 405648
	320  -  MemoryUsage of job (MB)
	327656  -  ResidentSetSize of job (KB)
...
006 (112045438.106.000) 05/02 02:55:14 Image size of job updated: 740780
	648  -  MemoryUsage of job (MB)
	662788  -  ResidentSetSize of job (KB)
...
006 (112045438.106.000) 05/02 03:00:14 Image size of job updated: 1090292
	989  -  MemoryUsage of job (MB)
	1012240  -  ResidentSetSize of job (KB)
...
006 (112045438.106.000) 05/02 03:05:14 Image size of job updated: 1640260
	1526  -  MemoryUsage of job (MB)
	1562208  -  ResidentSetSize of job (KB)
...
006 (112045438.106.000) 05/02 03:10:15 Image size of job updated: 2154876
	2029  -  MemoryUsage of job (MB)
	2076824  -  ResidentSetSize of job (KB)
...
006 (112045438.106.000) 05/02 03:15:17 Image size of job updated: 2965884
	2821  -  MemoryUsage of job (MB)
	2887832  -  ResidentSetSize of job (KB)
...
006 (112045438.106.000) 05/02 03:20:17 Image size of job updated: 3587864
	3428  -  MemoryUsage of job (MB)
	3509812  -  ResidentSetSize of job (KB)
...
006 (112045438.106.000) 05/02 03:25:17 Image size of job updated: 4234416
	4059  -  MemoryUsage of job (MB)
	4156364  -  ResidentSetSize of job (KB)
...
006 (112045438.106.000) 05/02 03:30:18 Image size of job updated: 4983008
	4790  -  MemoryUsage of job (MB)
	4904956  -  ResidentSetSize of job (KB)
...
006 (112045438.106.000) 05/02 03:32:19 Image size of job updated: 5279096
	4792  -  MemoryUsage of job (MB)
	4906336  -  ResidentSetSize of job (KB)
...
005 (112045438.106.000) 05/02 03:32:20 Job terminated.
	(1) Normal termination (return value 0)
		Usr 0 00:35:03, Sys 0 00:00:42  -  Run Remote Usage
		Usr 0 00:00:00, Sys 0 00:00:00  -  Run Local Usage
		Usr 0 00:35:03, Sys 0 00:00:42  -  Total Remote Usage
		Usr 0 00:00:00, Sys 0 00:00:00  -  Total Local Usage
	7609777  -  Run Bytes Sent By Job
	1780294016  -  Run Bytes Received By Job
	7609777  -  Total Bytes Sent By Job
	1780294016  -  Total Bytes Received By Job
	Partitionable Resources :      Usage  Request Allocated 
	   Cpus                 :       0.88        1         1 
	   Disk (KB)            : 6871427    20971520  21064621 
	   Ioheavy              :                             0 
	   Memory (MB)          :    4792       20480     20480 
...
