000 (112070720.128.000) 05/02 11:02:36 Job submitted from host: <128.104.100.44:9618?addrs=128.104.100.44-9618+[2607-f388-107c-501-90e2-baff-fe2c-2724]-9618&noUDP&sock=4699_0235_3>
...
001 (112070720.128.000) 05/02 16:56:27 Job executing on host: <128.105.245.137:9618?addrs=128.105.245.137-9618&noUDP&sock=5431_caf1_46>
...
006 (112070720.128.000) 05/02 16:56:35 Image size of job updated: 628
	1  -  MemoryUsage of job (MB)
	628  -  ResidentSetSize of job (KB)
...
006 (112070720.128.000) 05/02 17:01:36 Image size of job updated: 656
	1  -  MemoryUsage of job (MB)
	656  -  ResidentSetSize of job (KB)
...
006 (112070720.128.000) 05/02 17:06:35 Image size of job updated: 660
	1  -  MemoryUsage of job (MB)
	660  -  ResidentSetSize of job (KB)
...
006 (112070720.128.000) 05/02 17:11:36 Image size of job updated: 668
	1  -  MemoryUsage of job (MB)
	668  -  ResidentSetSize of job (KB)
...
006 (112070720.128.000) 05/02 17:16:40 Image size of job updated: 672
	1  -  MemoryUsage of job (MB)
	672  -  ResidentSetSize of job (KB)
...
006 (112070720.128.000) 05/02 17:26:38 Image size of job updated: 378272
	294  -  MemoryUsage of job (MB)
	300280  -  ResidentSetSize of job (KB)
...
006 (112070720.128.000) 05/02 17:31:38 Image size of job updated: 941552
	844  -  MemoryUsage of job (MB)
	863500  -  ResidentSetSize of job (KB)
...
006 (112070720.128.000) 05/02 17:36:38 Image size of job updated: 1809592
	1691  -  MemoryUsage of job (MB)
	1731540  -  ResidentSetSize of job (KB)
...
006 (112070720.128.000) 05/02 17:41:38 Image size of job updated: 2622524
	2485  -  MemoryUsage of job (MB)
	2544472  -  ResidentSetSize of job (KB)
...
006 (112070720.128.000) 05/02 17:46:38 Image size of job updated: 3812864
	3648  -  MemoryUsage of job (MB)
	3734812  -  ResidentSetSize of job (KB)
...
006 (112070720.128.000) 05/02 17:51:38 Image size of job updated: 4967920
	4776  -  MemoryUsage of job (MB)
	4889868  -  ResidentSetSize of job (KB)
...
006 (112070720.128.000) 05/02 17:56:39 Image size of job updated: 6080092
	5862  -  MemoryUsage of job (MB)
	6002040  -  ResidentSetSize of job (KB)
...
006 (112070720.128.000) 05/02 18:01:40 Image size of job updated: 6905280
	6668  -  MemoryUsage of job (MB)
	6827228  -  ResidentSetSize of job (KB)
...
006 (112070720.128.000) 05/02 18:06:40 Image size of job updated: 7565096
	7312  -  MemoryUsage of job (MB)
	7487044  -  ResidentSetSize of job (KB)
...
006 (112070720.128.000) 05/02 18:11:41 Image size of job updated: 8184328
	7917  -  MemoryUsage of job (MB)
	8106276  -  ResidentSetSize of job (KB)
...
006 (112070720.128.000) 05/02 18:16:41 Image size of job updated: 8691816
	8412  -  MemoryUsage of job (MB)
	8613764  -  ResidentSetSize of job (KB)
...
006 (112070720.128.000) 05/02 18:21:41 Image size of job updated: 9202056
	8911  -  MemoryUsage of job (MB)
	9124004  -  ResidentSetSize of job (KB)
...
006 (112070720.128.000) 05/02 18:26:41 Image size of job updated: 9687188
	9384  -  MemoryUsage of job (MB)
	9609136  -  ResidentSetSize of job (KB)
...
006 (112070720.128.000) 05/02 18:31:41 Image size of job updated: 10331232
	10013  -  MemoryUsage of job (MB)
	10253180  -  ResidentSetSize of job (KB)
...
006 (112070720.128.000) 05/02 18:36:42 Image size of job updated: 10897868
	10567  -  MemoryUsage of job (MB)
	10819816  -  ResidentSetSize of job (KB)
...
006 (112070720.128.000) 05/02 18:41:44 Image size of job updated: 11311976
	10971  -  MemoryUsage of job (MB)
	11233924  -  ResidentSetSize of job (KB)
...
006 (112070720.128.000) 05/02 18:46:44 Image size of job updated: 11885960
	11532  -  MemoryUsage of job (MB)
	11807908  -  ResidentSetSize of job (KB)
...
006 (112070720.128.000) 05/02 18:51:45 Image size of job updated: 12114580
	11755  -  MemoryUsage of job (MB)
	12036528  -  ResidentSetSize of job (KB)
...
006 (112070720.128.000) 05/02 18:56:57 Image size of job updated: 12303108
	11939  -  MemoryUsage of job (MB)
	12225056  -  ResidentSetSize of job (KB)
...
006 (112070720.128.000) 05/02 19:01:46 Image size of job updated: 12549148
	12179  -  MemoryUsage of job (MB)
	12471096  -  ResidentSetSize of job (KB)
...
006 (112070720.128.000) 05/02 19:06:47 Image size of job updated: 12953588
	12574  -  MemoryUsage of job (MB)
	12875536  -  ResidentSetSize of job (KB)
...
006 (112070720.128.000) 05/02 19:11:48 Image size of job updated: 13661892
	13266  -  MemoryUsage of job (MB)
	13583840  -  ResidentSetSize of job (KB)
...
006 (112070720.128.000) 05/02 19:16:49 Image size of job updated: 14325548
	13914  -  MemoryUsage of job (MB)
	14247496  -  ResidentSetSize of job (KB)
...
006 (112070720.128.000) 05/02 19:21:49 Image size of job updated: 14574072
	14157  -  MemoryUsage of job (MB)
	14496020  -  ResidentSetSize of job (KB)
...
006 (112070720.128.000) 05/02 19:26:50 Image size of job updated: 14765884
	14344  -  MemoryUsage of job (MB)
	14687832  -  ResidentSetSize of job (KB)
...
006 (112070720.128.000) 05/02 19:31:50 Image size of job updated: 15025836
	14598  -  MemoryUsage of job (MB)
	14947784  -  ResidentSetSize of job (KB)
...
006 (112070720.128.000) 05/02 19:36:51 Image size of job updated: 15291396
	14857  -  MemoryUsage of job (MB)
	15213344  -  ResidentSetSize of job (KB)
...
006 (112070720.128.000) 05/02 19:41:51 Image size of job updated: 15773496
	15327  -  MemoryUsage of job (MB)
	15694100  -  ResidentSetSize of job (KB)
...
006 (112070720.128.000) 05/02 19:46:52 Image size of job updated: 16231604
	15770  -  MemoryUsage of job (MB)
	16147484  -  ResidentSetSize of job (KB)
...
033 (112070720.128.000) 05/02 19:51:27 Changing job attribute JobPrio from 0 to 10
...
006 (112070720.128.000) 05/02 19:51:51 Image size of job updated: 16577236
	16101  -  MemoryUsage of job (MB)
	16486516  -  ResidentSetSize of job (KB)
...
006 (112070720.128.000) 05/02 19:56:53 Image size of job updated: 16834816
	16347  -  MemoryUsage of job (MB)
	16739208  -  ResidentSetSize of job (KB)
...
006 (112070720.128.000) 05/02 20:01:52 Image size of job updated: 17063672
	16568  -  MemoryUsage of job (MB)
	16964768  -  ResidentSetSize of job (KB)
...
006 (112070720.128.000) 05/02 20:06:53 Image size of job updated: 17282560
	16780  -  MemoryUsage of job (MB)
	17181784  -  ResidentSetSize of job (KB)
...
006 (112070720.128.000) 05/02 20:11:54 Image size of job updated: 17530368
	17018  -  MemoryUsage of job (MB)
	17425936  -  ResidentSetSize of job (KB)
...
006 (112070720.128.000) 05/02 20:16:55 Image size of job updated: 17907676
	17379  -  MemoryUsage of job (MB)
	17795948  -  ResidentSetSize of job (KB)
...
006 (112070720.128.000) 05/02 20:21:55 Image size of job updated: 18449780
	17895  -  MemoryUsage of job (MB)
	18324068  -  ResidentSetSize of job (KB)
...
006 (112070720.128.000) 05/02 20:26:56 Image size of job updated: 18609628
	18047  -  MemoryUsage of job (MB)
	18479112  -  ResidentSetSize of job (KB)
...
006 (112070720.128.000) 05/02 20:31:56 Image size of job updated: 18916604
	18334  -  MemoryUsage of job (MB)
	18773276  -  ResidentSetSize of job (KB)
...
006 (112070720.128.000) 05/02 20:36:56 Image size of job updated: 19234364
	18629  -  MemoryUsage of job (MB)
	19075484  -  ResidentSetSize of job (KB)
...
006 (112070720.128.000) 05/02 20:41:56 Image size of job updated: 19500052
	18884  -  MemoryUsage of job (MB)
	19336256  -  ResidentSetSize of job (KB)
...
006 (112070720.128.000) 05/02 20:46:57 Image size of job updated: 19598692
	18979  -  MemoryUsage of job (MB)
	19433844  -  ResidentSetSize of job (KB)
...
006 (112070720.128.000) 05/02 20:51:59 Image size of job updated: 19818856
	19191  -  MemoryUsage of job (MB)
	19651208  -  ResidentSetSize of job (KB)
...
006 (112070720.128.000) 05/02 20:56:59 Image size of job updated: 19921456
	19285  -  MemoryUsage of job (MB)
	19747040  -  ResidentSetSize of job (KB)
...
006 (112070720.128.000) 05/02 21:01:59 Image size of job updated: 20140312
	19483  -  MemoryUsage of job (MB)
	19949736  -  ResidentSetSize of job (KB)
...
006 (112070720.128.000) 05/02 21:07:00 Image size of job updated: 20236792
	19570  -  MemoryUsage of job (MB)
	20038968  -  ResidentSetSize of job (KB)
...
006 (112070720.128.000) 05/02 21:12:02 Image size of job updated: 20461964
	19750  -  MemoryUsage of job (MB)
	20223764  -  ResidentSetSize of job (KB)
...
006 (112070720.128.000) 05/02 21:17:02 Image size of job updated: 21137632
	20187  -  MemoryUsage of job (MB)
	20670520  -  ResidentSetSize of job (KB)
...
006 (112070720.128.000) 05/02 21:22:02 Image size of job updated: 21296412
	20242  -  MemoryUsage of job (MB)
	20726920  -  ResidentSetSize of job (KB)
...
006 (112070720.128.000) 05/02 21:27:02 Image size of job updated: 21496728
	20317  -  MemoryUsage of job (MB)
	20804312  -  ResidentSetSize of job (KB)
...
006 (112070720.128.000) 05/02 21:32:02 Image size of job updated: 21582508
	20335  -  MemoryUsage of job (MB)
	20822192  -  ResidentSetSize of job (KB)
...
006 (112070720.128.000) 05/02 21:37:03 Image size of job updated: 21650492
	20353  -  MemoryUsage of job (MB)
	20841432  -  ResidentSetSize of job (KB)
...
006 (112070720.128.000) 05/02 21:42:03 Image size of job updated: 21888500
	20410  -  MemoryUsage of job (MB)
	20899080  -  ResidentSetSize of job (KB)
...
006 (112070720.128.000) 05/02 21:47:03 Image size of job updated: 22071432
	20450  -  MemoryUsage of job (MB)
	20940120  -  ResidentSetSize of job (KB)
...
006 (112070720.128.000) 05/02 21:52:04 Image size of job updated: 22153836
	20450  -  MemoryUsage of job (MB)
	20940120  -  ResidentSetSize of job (KB)
...
006 (112070720.128.000) 05/02 21:57:04 Image size of job updated: 22220536
	20450  -  MemoryUsage of job (MB)
	20940120  -  ResidentSetSize of job (KB)
...
006 (112070720.128.000) 05/02 22:02:04 Image size of job updated: 22274768
	20450  -  MemoryUsage of job (MB)
	20940120  -  ResidentSetSize of job (KB)
...
006 (112070720.128.000) 05/02 22:07:05 Image size of job updated: 22516872
	20450  -  MemoryUsage of job (MB)
	20940120  -  ResidentSetSize of job (KB)
...
006 (112070720.128.000) 05/02 22:12:18 Image size of job updated: 22558388
	20450  -  MemoryUsage of job (MB)
	20940120  -  ResidentSetSize of job (KB)
...
006 (112070720.128.000) 05/02 22:17:06 Image size of job updated: 22602940
	20450  -  MemoryUsage of job (MB)
	20940120  -  ResidentSetSize of job (KB)
...
006 (112070720.128.000) 05/02 22:22:06 Image size of job updated: 22803608
	20461  -  MemoryUsage of job (MB)
	20951692  -  ResidentSetSize of job (KB)
...
006 (112070720.128.000) 05/02 22:27:06 Image size of job updated: 22856236
	20461  -  MemoryUsage of job (MB)
	20951692  -  ResidentSetSize of job (KB)
...
006 (112070720.128.000) 05/02 22:32:06 Image size of job updated: 22913184
	20461  -  MemoryUsage of job (MB)
	20951692  -  ResidentSetSize of job (KB)
...
006 (112070720.128.000) 05/02 22:37:07 Image size of job updated: 23001592
	20461  -  MemoryUsage of job (MB)
	20951692  -  ResidentSetSize of job (KB)
...
006 (112070720.128.000) 05/02 22:41:22 Image size of job updated: 23076964
	20461  -  MemoryUsage of job (MB)
	20951692  -  ResidentSetSize of job (KB)
...
005 (112070720.128.000) 05/02 22:41:25 Job terminated.
	(1) Normal termination (return value 0)
		Usr 0 01:59:13, Sys 0 00:02:13  -  Run Remote Usage
		Usr 0 00:00:00, Sys 0 00:00:00  -  Run Local Usage
		Usr 0 01:59:13, Sys 0 00:02:13  -  Total Remote Usage
		Usr 0 00:00:00, Sys 0 00:00:00  -  Total Local Usage
	22426400  -  Run Bytes Sent By Job
	1780305536  -  Run Bytes Received By Job
	22426400  -  Total Bytes Sent By Job
	1780305536  -  Total Bytes Received By Job
	Partitionable Resources :      Usage  Request Allocated 
	   Cpus                 :       0.11        1         1 
	   Disk (KB)            : 6851651    20971520  21189572 
	   Ioheavy              :                             0 
	   Memory (MB)          :   20461       20480     20480 
...
