000 (112045438.140.000) 05/01 17:51:46 Job submitted from host: <128.104.100.44:9618?addrs=128.104.100.44-9618+[2607-f388-107c-501-90e2-baff-fe2c-2724]-9618&noUDP&sock=4699_0235_3>
...
001 (112045438.140.000) 05/02 02:48:12 Job executing on host: <128.105.245.216:9618?addrs=128.105.245.216-9618&noUDP&sock=5463_9584_3>
...
006 (112045438.140.000) 05/02 02:48:20 Image size of job updated: 644
	1  -  MemoryUsage of job (MB)
	644  -  ResidentSetSize of job (KB)
...
006 (112045438.140.000) 05/02 02:53:21 Image size of job updated: 668
	1  -  MemoryUsage of job (MB)
	668  -  ResidentSetSize of job (KB)
...
006 (112045438.140.000) 05/02 02:58:22 Image size of job updated: 344076
	260  -  MemoryUsage of job (MB)
	266084  -  ResidentSetSize of job (KB)
...
006 (112045438.140.000) 05/02 03:03:22 Image size of job updated: 735380
	642  -  MemoryUsage of job (MB)
	657388  -  ResidentSetSize of job (KB)
...
006 (112045438.140.000) 05/02 03:08:23 Image size of job updated: 1184008
	1081  -  MemoryUsage of job (MB)
	1105956  -  ResidentSetSize of job (KB)
...
006 (112045438.140.000) 05/02 03:13:24 Image size of job updated: 1808568
	1690  -  MemoryUsage of job (MB)
	1730516  -  ResidentSetSize of job (KB)
...
006 (112045438.140.000) 05/02 03:18:24 Image size of job updated: 2457032
	2324  -  MemoryUsage of job (MB)
	2378980  -  ResidentSetSize of job (KB)
...
006 (112045438.140.000) 05/02 03:23:24 Image size of job updated: 3247560
	3096  -  MemoryUsage of job (MB)
	3169508  -  ResidentSetSize of job (KB)
...
006 (112045438.140.000) 05/02 03:28:25 Image size of job updated: 4196576
	4022  -  MemoryUsage of job (MB)
	4118524  -  ResidentSetSize of job (KB)
...
006 (112045438.140.000) 05/02 03:33:26 Image size of job updated: 5131816
	4936  -  MemoryUsage of job (MB)
	5053764  -  ResidentSetSize of job (KB)
...
006 (112045438.140.000) 05/02 03:38:26 Image size of job updated: 6032852
	5816  -  MemoryUsage of job (MB)
	5954800  -  ResidentSetSize of job (KB)
...
006 (112045438.140.000) 05/02 03:43:26 Image size of job updated: 6850468
	6614  -  MemoryUsage of job (MB)
	6772416  -  ResidentSetSize of job (KB)
...
006 (112045438.140.000) 05/02 03:48:27 Image size of job updated: 7679436
	7424  -  MemoryUsage of job (MB)
	7601384  -  ResidentSetSize of job (KB)
...
006 (112045438.140.000) 05/02 03:53:28 Image size of job updated: 8451740
	8178  -  MemoryUsage of job (MB)
	8373688  -  ResidentSetSize of job (KB)
...
006 (112045438.140.000) 05/02 03:58:28 Image size of job updated: 9170380
	8880  -  MemoryUsage of job (MB)
	9092328  -  ResidentSetSize of job (KB)
...
006 (112045438.140.000) 05/02 04:03:28 Image size of job updated: 9830560
	9524  -  MemoryUsage of job (MB)
	9752508  -  ResidentSetSize of job (KB)
...
006 (112045438.140.000) 05/02 04:08:29 Image size of job updated: 10502608
	10181  -  MemoryUsage of job (MB)
	10424556  -  ResidentSetSize of job (KB)
...
006 (112045438.140.000) 05/02 04:13:29 Image size of job updated: 11127388
	10791  -  MemoryUsage of job (MB)
	11049336  -  ResidentSetSize of job (KB)
...
006 (112045438.140.000) 05/02 04:18:30 Image size of job updated: 11809112
	11457  -  MemoryUsage of job (MB)
	11731060  -  ResidentSetSize of job (KB)
...
006 (112045438.140.000) 05/02 04:23:31 Image size of job updated: 12393556
	12027  -  MemoryUsage of job (MB)
	12315504  -  ResidentSetSize of job (KB)
...
006 (112045438.140.000) 05/02 04:28:31 Image size of job updated: 13023216
	12642  -  MemoryUsage of job (MB)
	12945164  -  ResidentSetSize of job (KB)
...
006 (112045438.140.000) 05/02 04:33:31 Image size of job updated: 13662320
	13266  -  MemoryUsage of job (MB)
	13584268  -  ResidentSetSize of job (KB)
...
006 (112045438.140.000) 05/02 04:38:32 Image size of job updated: 14347864
	13936  -  MemoryUsage of job (MB)
	14269812  -  ResidentSetSize of job (KB)
...
006 (112045438.140.000) 05/02 04:43:32 Image size of job updated: 15023448
	14596  -  MemoryUsage of job (MB)
	14945396  -  ResidentSetSize of job (KB)
...
006 (112045438.140.000) 05/02 04:48:32 Image size of job updated: 15819884
	15371  -  MemoryUsage of job (MB)
	15739764  -  ResidentSetSize of job (KB)
...
006 (112045438.140.000) 05/02 04:53:33 Image size of job updated: 16533384
	16062  -  MemoryUsage of job (MB)
	16447400  -  ResidentSetSize of job (KB)
...
006 (112045438.140.000) 05/02 04:58:33 Image size of job updated: 17168692
	16678  -  MemoryUsage of job (MB)
	17077832  -  ResidentSetSize of job (KB)
...
006 (112045438.140.000) 05/02 05:03:34 Image size of job updated: 17889344
	17378  -  MemoryUsage of job (MB)
	17794236  -  ResidentSetSize of job (KB)
...
006 (112045438.140.000) 05/02 05:08:34 Image size of job updated: 18563800
	18026  -  MemoryUsage of job (MB)
	18458328  -  ResidentSetSize of job (KB)
...
006 (112045438.140.000) 05/02 05:13:35 Image size of job updated: 19289660
	18722  -  MemoryUsage of job (MB)
	19170672  -  ResidentSetSize of job (KB)
...
006 (112045438.140.000) 05/02 05:18:35 Image size of job updated: 19978284
	19372  -  MemoryUsage of job (MB)
	19836476  -  ResidentSetSize of job (KB)
...
006 (112045438.140.000) 05/02 05:23:35 Image size of job updated: 20876036
	20137  -  MemoryUsage of job (MB)
	20619372  -  ResidentSetSize of job (KB)
...
006 (112045438.140.000) 05/02 05:28:36 Image size of job updated: 21480844
	20443  -  MemoryUsage of job (MB)
	20932996  -  ResidentSetSize of job (KB)
...
006 (112045438.140.000) 05/02 05:33:36 Image size of job updated: 22095588
	20455  -  MemoryUsage of job (MB)
	20945032  -  ResidentSetSize of job (KB)
...
006 (112045438.140.000) 05/02 05:38:37 Image size of job updated: 22525180
	20455  -  MemoryUsage of job (MB)
	20945032  -  ResidentSetSize of job (KB)
...
006 (112045438.140.000) 05/02 05:43:39 Image size of job updated: 22914228
	20455  -  MemoryUsage of job (MB)
	20945032  -  ResidentSetSize of job (KB)
...
005 (112045438.140.000) 05/02 05:46:15 Job terminated.
	(1) Normal termination (return value 0)
		Usr 0 02:34:11, Sys 0 00:03:00  -  Run Remote Usage
		Usr 0 00:00:00, Sys 0 00:00:00  -  Run Local Usage
		Usr 0 02:34:11, Sys 0 00:03:00  -  Total Remote Usage
		Usr 0 00:00:00, Sys 0 00:00:00  -  Total Local Usage
	22342302  -  Run Bytes Sent By Job
	1780294016  -  Run Bytes Received By Job
	22342302  -  Total Bytes Sent By Job
	1780294016  -  Total Bytes Received By Job
	Partitionable Resources :      Usage  Request Allocated 
	   Cpus                 :       0.28        1         1 
	   Disk (KB)            : 6851545    20971520  21330995 
	   Ioheavy              :                             0 
	   Memory (MB)          :   20455       20480     20480 
...
