000 (112171668.068.000) 05/03 11:56:36 Job submitted from host: <128.104.100.44:9618?addrs=128.104.100.44-9618+[2607-f388-107c-501-90e2-baff-fe2c-2724]-9618&noUDP&sock=4699_0235_3>
...
001 (112171668.068.000) 05/04 00:15:09 Job executing on host: <128.105.245.203:9618?addrs=128.105.245.203-9618&noUDP&sock=38396_0a74_3>
...
006 (112171668.068.000) 05/04 00:15:18 Image size of job updated: 632
	1  -  MemoryUsage of job (MB)
	632  -  ResidentSetSize of job (KB)
...
006 (112171668.068.000) 05/04 00:20:20 Image size of job updated: 656
	1  -  MemoryUsage of job (MB)
	656  -  ResidentSetSize of job (KB)
...
006 (112171668.068.000) 05/04 00:25:21 Image size of job updated: 660
	1  -  MemoryUsage of job (MB)
	660  -  ResidentSetSize of job (KB)
...
006 (112171668.068.000) 05/04 00:30:21 Image size of job updated: 672
	1  -  MemoryUsage of job (MB)
	672  -  ResidentSetSize of job (KB)
...
006 (112171668.068.000) 05/04 00:35:20 Image size of job updated: 450420
	364  -  MemoryUsage of job (MB)
	372428  -  ResidentSetSize of job (KB)
...
006 (112171668.068.000) 05/04 00:40:21 Image size of job updated: 758668
	665  -  MemoryUsage of job (MB)
	680676  -  ResidentSetSize of job (KB)
...
006 (112171668.068.000) 05/04 00:45:21 Image size of job updated: 1099008
	998  -  MemoryUsage of job (MB)
	1020956  -  ResidentSetSize of job (KB)
...
006 (112171668.068.000) 05/04 00:50:22 Image size of job updated: 1628120
	1514  -  MemoryUsage of job (MB)
	1550068  -  ResidentSetSize of job (KB)
...
006 (112171668.068.000) 05/04 00:55:22 Image size of job updated: 2208732
	2081  -  MemoryUsage of job (MB)
	2130680  -  ResidentSetSize of job (KB)
...
006 (112171668.068.000) 05/04 01:00:23 Image size of job updated: 2878428
	2735  -  MemoryUsage of job (MB)
	2800376  -  ResidentSetSize of job (KB)
...
006 (112171668.068.000) 05/04 01:05:23 Image size of job updated: 3587908
	3428  -  MemoryUsage of job (MB)
	3509856  -  ResidentSetSize of job (KB)
...
006 (112171668.068.000) 05/04 01:10:23 Image size of job updated: 4347368
	4170  -  MemoryUsage of job (MB)
	4269316  -  ResidentSetSize of job (KB)
...
006 (112171668.068.000) 05/04 01:15:24 Image size of job updated: 5098480
	4903  -  MemoryUsage of job (MB)
	5020428  -  ResidentSetSize of job (KB)
...
006 (112171668.068.000) 05/04 01:20:24 Image size of job updated: 5864412
	5651  -  MemoryUsage of job (MB)
	5786360  -  ResidentSetSize of job (KB)
...
006 (112171668.068.000) 05/04 01:25:25 Image size of job updated: 6518552
	6290  -  MemoryUsage of job (MB)
	6440500  -  ResidentSetSize of job (KB)
...
006 (112171668.068.000) 05/04 01:30:26 Image size of job updated: 7234976
	6990  -  MemoryUsage of job (MB)
	7156924  -  ResidentSetSize of job (KB)
...
006 (112171668.068.000) 05/04 01:35:26 Image size of job updated: 7881304
	7621  -  MemoryUsage of job (MB)
	7803252  -  ResidentSetSize of job (KB)
...
006 (112171668.068.000) 05/04 01:40:28 Image size of job updated: 8449964
	8176  -  MemoryUsage of job (MB)
	8371912  -  ResidentSetSize of job (KB)
...
006 (112171668.068.000) 05/04 01:45:28 Image size of job updated: 9080308
	8792  -  MemoryUsage of job (MB)
	9002256  -  ResidentSetSize of job (KB)
...
006 (112171668.068.000) 05/04 01:50:29 Image size of job updated: 9651988
	9350  -  MemoryUsage of job (MB)
	9573936  -  ResidentSetSize of job (KB)
...
006 (112171668.068.000) 05/04 01:55:29 Image size of job updated: 10326956
	10009  -  MemoryUsage of job (MB)
	10248904  -  ResidentSetSize of job (KB)
...
006 (112171668.068.000) 05/04 02:00:30 Image size of job updated: 10906548
	10575  -  MemoryUsage of job (MB)
	10828496  -  ResidentSetSize of job (KB)
...
006 (112171668.068.000) 05/04 02:05:30 Image size of job updated: 11453440
	11109  -  MemoryUsage of job (MB)
	11375388  -  ResidentSetSize of job (KB)
...
006 (112171668.068.000) 05/04 02:10:31 Image size of job updated: 12004344
	11647  -  MemoryUsage of job (MB)
	11926292  -  ResidentSetSize of job (KB)
...
006 (112171668.068.000) 05/04 02:15:32 Image size of job updated: 12608756
	12238  -  MemoryUsage of job (MB)
	12530704  -  ResidentSetSize of job (KB)
...
006 (112171668.068.000) 05/04 02:20:32 Image size of job updated: 13198420
	12813  -  MemoryUsage of job (MB)
	13120368  -  ResidentSetSize of job (KB)
...
006 (112171668.068.000) 05/04 02:25:34 Image size of job updated: 13809040
	13410  -  MemoryUsage of job (MB)
	13730988  -  ResidentSetSize of job (KB)
...
006 (112171668.068.000) 05/04 02:30:35 Image size of job updated: 14364280
	13952  -  MemoryUsage of job (MB)
	14286228  -  ResidentSetSize of job (KB)
...
006 (112171668.068.000) 05/04 02:35:35 Image size of job updated: 14965184
	14539  -  MemoryUsage of job (MB)
	14887132  -  ResidentSetSize of job (KB)
...
006 (112171668.068.000) 05/04 02:40:38 Image size of job updated: 15448184
	15010  -  MemoryUsage of job (MB)
	15370132  -  ResidentSetSize of job (KB)
...
006 (112171668.068.000) 05/04 02:45:36 Image size of job updated: 15969860
	15520  -  MemoryUsage of job (MB)
	15891808  -  ResidentSetSize of job (KB)
...
006 (112171668.068.000) 05/04 02:50:39 Image size of job updated: 16487596
	16025  -  MemoryUsage of job (MB)
	16409544  -  ResidentSetSize of job (KB)
...
006 (112171668.068.000) 05/04 02:55:37 Image size of job updated: 16840884
	16370  -  MemoryUsage of job (MB)
	16762832  -  ResidentSetSize of job (KB)
...
006 (112171668.068.000) 05/04 03:00:38 Image size of job updated: 17312464
	16830  -  MemoryUsage of job (MB)
	17233516  -  ResidentSetSize of job (KB)
...
006 (112171668.068.000) 05/04 03:05:38 Image size of job updated: 17834960
	17339  -  MemoryUsage of job (MB)
	17755104  -  ResidentSetSize of job (KB)
...
006 (112171668.068.000) 05/04 03:10:39 Image size of job updated: 18461076
	17950  -  MemoryUsage of job (MB)
	18380340  -  ResidentSetSize of job (KB)
...
006 (112171668.068.000) 05/04 03:15:39 Image size of job updated: 19098260
	18565  -  MemoryUsage of job (MB)
	19010456  -  ResidentSetSize of job (KB)
...
006 (112171668.068.000) 05/04 03:20:40 Image size of job updated: 19604716
	19048  -  MemoryUsage of job (MB)
	19504788  -  ResidentSetSize of job (KB)
...
006 (112171668.068.000) 05/04 03:25:40 Image size of job updated: 20196832
	19594  -  MemoryUsage of job (MB)
	20063408  -  ResidentSetSize of job (KB)
...
006 (112171668.068.000) 05/04 03:30:40 Image size of job updated: 20549632
	19915  -  MemoryUsage of job (MB)
	20392352  -  ResidentSetSize of job (KB)
...
006 (112171668.068.000) 05/04 03:35:41 Image size of job updated: 21136836
	20390  -  MemoryUsage of job (MB)
	20878640  -  ResidentSetSize of job (KB)
...
006 (112171668.068.000) 05/04 03:40:41 Image size of job updated: 21511320
	20429  -  MemoryUsage of job (MB)
	20918428  -  ResidentSetSize of job (KB)
...
006 (112171668.068.000) 05/04 03:45:42 Image size of job updated: 22139256
	20447  -  MemoryUsage of job (MB)
	20937628  -  ResidentSetSize of job (KB)
...
006 (112171668.068.000) 05/04 03:50:43 Image size of job updated: 22471296
	20459  -  MemoryUsage of job (MB)
	20949040  -  ResidentSetSize of job (KB)
...
006 (112171668.068.000) 05/04 03:55:43 Image size of job updated: 22805568
	20460  -  MemoryUsage of job (MB)
	20950868  -  ResidentSetSize of job (KB)
...
006 (112171668.068.000) 05/04 04:00:43 Image size of job updated: 23335268
	20460  -  MemoryUsage of job (MB)
	20950868  -  ResidentSetSize of job (KB)
...
006 (112171668.068.000) 05/04 04:05:43 Image size of job updated: 23625412
	20460  -  MemoryUsage of job (MB)
	20950868  -  ResidentSetSize of job (KB)
...
006 (112171668.068.000) 05/04 04:10:44 Image size of job updated: 23859856
	20460  -  MemoryUsage of job (MB)
	20950868  -  ResidentSetSize of job (KB)
...
006 (112171668.068.000) 05/04 04:15:44 Image size of job updated: 24153016
	20460  -  MemoryUsage of job (MB)
	20950868  -  ResidentSetSize of job (KB)
...
006 (112171668.068.000) 05/04 04:20:45 Image size of job updated: 24468364
	20460  -  MemoryUsage of job (MB)
	20950868  -  ResidentSetSize of job (KB)
...
006 (112171668.068.000) 05/04 04:25:45 Image size of job updated: 24743488
	20460  -  MemoryUsage of job (MB)
	20950868  -  ResidentSetSize of job (KB)
...
006 (112171668.068.000) 05/04 04:30:46 Image size of job updated: 24976972
	20460  -  MemoryUsage of job (MB)
	20950868  -  ResidentSetSize of job (KB)
...
006 (112171668.068.000) 05/04 04:35:46 Image size of job updated: 25331492
	20460  -  MemoryUsage of job (MB)
	20950868  -  ResidentSetSize of job (KB)
...
006 (112171668.068.000) 05/04 04:40:48 Image size of job updated: 25657132
	20460  -  MemoryUsage of job (MB)
	20950868  -  ResidentSetSize of job (KB)
...
005 (112171668.068.000) 05/04 04:41:57 Job terminated.
	(1) Normal termination (return value 0)
		Usr 0 03:26:32, Sys 0 00:03:56  -  Run Remote Usage
		Usr 0 00:00:00, Sys 0 00:00:00  -  Run Local Usage
		Usr 0 03:26:32, Sys 0 00:03:56  -  Total Remote Usage
		Usr 0 00:00:00, Sys 0 00:00:00  -  Total Local Usage
	25574196  -  Run Bytes Sent By Job
	1780305536  -  Run Bytes Received By Job
	25574196  -  Total Bytes Sent By Job
	1780305536  -  Total Bytes Received By Job
	Partitionable Resources :      Usage  Request Allocated 
	   Cpus                 :       0.02        1         1 
	   Disk (KB)            : 6894133    20971520  21303846 
	   Ioheavy              :                             0 
	   Memory (MB)          :   20460       20480     20480 
...
