000 (112045438.000.000) 05/01 17:51:46 Job submitted from host: <128.104.100.44:9618?addrs=128.104.100.44-9618+[2607-f388-107c-501-90e2-baff-fe2c-2724]-9618&noUDP&sock=4699_0235_3>
...
001 (112045438.000.000) 05/02 01:14:33 Job executing on host: <128.105.245.139:9618?addrs=128.105.245.139-9618&noUDP&sock=5430_f4b4_3>
...
006 (112045438.000.000) 05/02 01:14:42 Image size of job updated: 628
	1  -  MemoryUsage of job (MB)
	628  -  ResidentSetSize of job (KB)
...
006 (112045438.000.000) 05/02 01:19:43 Image size of job updated: 652
	1  -  MemoryUsage of job (MB)
	652  -  ResidentSetSize of job (KB)
...
006 (112045438.000.000) 05/02 01:24:45 Image size of job updated: 656
	1  -  MemoryUsage of job (MB)
	656  -  ResidentSetSize of job (KB)
...
006 (112045438.000.000) 05/02 01:29:45 Image size of job updated: 668
	1  -  MemoryUsage of job (MB)
	668  -  ResidentSetSize of job (KB)
...
006 (112045438.000.000) 05/02 01:34:45 Image size of job updated: 642088
	551  -  MemoryUsage of job (MB)
	564096  -  ResidentSetSize of job (KB)
...
006 (112045438.000.000) 05/02 01:39:45 Image size of job updated: 1088300
	987  -  MemoryUsage of job (MB)
	1010248  -  ResidentSetSize of job (KB)
...
006 (112045438.000.000) 05/02 01:44:45 Image size of job updated: 1651652
	1537  -  MemoryUsage of job (MB)
	1573600  -  ResidentSetSize of job (KB)
...
006 (112045438.000.000) 05/02 01:49:46 Image size of job updated: 2256820
	2128  -  MemoryUsage of job (MB)
	2178768  -  ResidentSetSize of job (KB)
...
006 (112045438.000.000) 05/02 01:54:47 Image size of job updated: 2969336
	2824  -  MemoryUsage of job (MB)
	2891284  -  ResidentSetSize of job (KB)
...
006 (112045438.000.000) 05/02 01:59:47 Image size of job updated: 3851048
	3685  -  MemoryUsage of job (MB)
	3772996  -  ResidentSetSize of job (KB)
...
006 (112045438.000.000) 05/02 02:04:47 Image size of job updated: 4744968
	4558  -  MemoryUsage of job (MB)
	4666916  -  ResidentSetSize of job (KB)
...
006 (112045438.000.000) 05/02 02:09:49 Image size of job updated: 5575448
	5369  -  MemoryUsage of job (MB)
	5497396  -  ResidentSetSize of job (KB)
...
006 (112045438.000.000) 05/02 02:14:49 Image size of job updated: 6393356
	6168  -  MemoryUsage of job (MB)
	6315304  -  ResidentSetSize of job (KB)
...
006 (112045438.000.000) 05/02 02:19:50 Image size of job updated: 7196736
	6952  -  MemoryUsage of job (MB)
	7118684  -  ResidentSetSize of job (KB)
...
006 (112045438.000.000) 05/02 02:24:51 Image size of job updated: 8020096
	7756  -  MemoryUsage of job (MB)
	7942044  -  ResidentSetSize of job (KB)
...
006 (112045438.000.000) 05/02 02:29:52 Image size of job updated: 8720084
	8440  -  MemoryUsage of job (MB)
	8642032  -  ResidentSetSize of job (KB)
...
006 (112045438.000.000) 05/02 02:34:52 Image size of job updated: 9445932
	9149  -  MemoryUsage of job (MB)
	9367880  -  ResidentSetSize of job (KB)
...
006 (112045438.000.000) 05/02 02:39:54 Image size of job updated: 10148116
	9835  -  MemoryUsage of job (MB)
	10070064  -  ResidentSetSize of job (KB)
...
006 (112045438.000.000) 05/02 02:44:54 Image size of job updated: 10773212
	10445  -  MemoryUsage of job (MB)
	10695160  -  ResidentSetSize of job (KB)
...
006 (112045438.000.000) 05/02 02:49:55 Image size of job updated: 11488816
	11144  -  MemoryUsage of job (MB)
	11410764  -  ResidentSetSize of job (KB)
...
006 (112045438.000.000) 05/02 02:54:56 Image size of job updated: 12259632
	11897  -  MemoryUsage of job (MB)
	12181580  -  ResidentSetSize of job (KB)
...
006 (112045438.000.000) 05/02 02:59:56 Image size of job updated: 12934620
	12556  -  MemoryUsage of job (MB)
	12856568  -  ResidentSetSize of job (KB)
...
006 (112045438.000.000) 05/02 03:04:57 Image size of job updated: 13622016
	13227  -  MemoryUsage of job (MB)
	13543964  -  ResidentSetSize of job (KB)
...
006 (112045438.000.000) 05/02 03:09:57 Image size of job updated: 14353768
	13942  -  MemoryUsage of job (MB)
	14275716  -  ResidentSetSize of job (KB)
...
006 (112045438.000.000) 05/02 03:14:57 Image size of job updated: 15046384
	14618  -  MemoryUsage of job (MB)
	14968332  -  ResidentSetSize of job (KB)
...
006 (112045438.000.000) 05/02 03:19:58 Image size of job updated: 15770076
	15325  -  MemoryUsage of job (MB)
	15692024  -  ResidentSetSize of job (KB)
...
006 (112045438.000.000) 05/02 03:24:59 Image size of job updated: 16486000
	16024  -  MemoryUsage of job (MB)
	16407948  -  ResidentSetSize of job (KB)
...
006 (112045438.000.000) 05/02 03:29:59 Image size of job updated: 17168544
	16690  -  MemoryUsage of job (MB)
	17090492  -  ResidentSetSize of job (KB)
...
006 (112045438.000.000) 05/02 03:35:01 Image size of job updated: 17922380
	17426  -  MemoryUsage of job (MB)
	17843944  -  ResidentSetSize of job (KB)
...
006 (112045438.000.000) 05/02 03:40:01 Image size of job updated: 18632936
	18118  -  MemoryUsage of job (MB)
	18552656  -  ResidentSetSize of job (KB)
...
006 (112045438.000.000) 05/02 03:45:01 Image size of job updated: 19459944
	18923  -  MemoryUsage of job (MB)
	19376204  -  ResidentSetSize of job (KB)
...
006 (112045438.000.000) 05/02 03:50:02 Image size of job updated: 20143924
	19568  -  MemoryUsage of job (MB)
	20036996  -  ResidentSetSize of job (KB)
...
006 (112045438.000.000) 05/02 03:55:03 Image size of job updated: 20861276
	20223  -  MemoryUsage of job (MB)
	20708156  -  ResidentSetSize of job (KB)
...
006 (112045438.000.000) 05/02 04:00:03 Image size of job updated: 21510856
	20437  -  MemoryUsage of job (MB)
	20926876  -  ResidentSetSize of job (KB)
...
006 (112045438.000.000) 05/02 04:05:04 Image size of job updated: 22265828
	20437  -  MemoryUsage of job (MB)
	20926876  -  ResidentSetSize of job (KB)
...
006 (112045438.000.000) 05/02 04:10:05 Image size of job updated: 22917468
	20441  -  MemoryUsage of job (MB)
	20931416  -  ResidentSetSize of job (KB)
...
005 (112045438.000.000) 05/02 04:11:29 Job terminated.
	(1) Normal termination (return value 0)
		Usr 0 02:32:12, Sys 0 00:02:34  -  Run Remote Usage
		Usr 0 00:00:00, Sys 0 00:00:00  -  Run Local Usage
		Usr 0 02:32:12, Sys 0 00:02:34  -  Total Remote Usage
		Usr 0 00:00:00, Sys 0 00:00:00  -  Total Local Usage
	22408480  -  Run Bytes Sent By Job
	1780294016  -  Run Bytes Received By Job
	22408480  -  Total Bytes Sent By Job
	1780294016  -  Total Bytes Received By Job
	Partitionable Resources :      Usage  Request Allocated 
	   Cpus                 :       0.84        1         1 
	   Disk (KB)            : 6851611    20971520  21328714 
	   Ioheavy              :                             0 
	   Memory (MB)          :   20441       20480     20480 
...
