000 (112171668.048.000) 05/03 11:56:36 Job submitted from host: <128.104.100.44:9618?addrs=128.104.100.44-9618+[2607-f388-107c-501-90e2-baff-fe2c-2724]-9618&noUDP&sock=4699_0235_3>
...
001 (112171668.048.000) 05/03 23:47:49 Job executing on host: <128.105.245.251:9618?addrs=128.105.245.251-9618&noUDP&sock=5438_981b_24>
...
006 (112171668.048.000) 05/03 23:47:59 Image size of job updated: 624
	1  -  MemoryUsage of job (MB)
	624  -  ResidentSetSize of job (KB)
...
006 (112171668.048.000) 05/03 23:58:01 Image size of job updated: 628
	1  -  MemoryUsage of job (MB)
	628  -  ResidentSetSize of job (KB)
...
006 (112171668.048.000) 05/04 00:03:01 Image size of job updated: 648
	1  -  MemoryUsage of job (MB)
	648  -  ResidentSetSize of job (KB)
...
006 (112171668.048.000) 05/04 00:08:02 Image size of job updated: 664
	1  -  MemoryUsage of job (MB)
	664  -  ResidentSetSize of job (KB)
...
006 (112171668.048.000) 05/04 00:13:02 Image size of job updated: 461068
	375  -  MemoryUsage of job (MB)
	383076  -  ResidentSetSize of job (KB)
...
006 (112171668.048.000) 05/04 00:18:02 Image size of job updated: 838876
	743  -  MemoryUsage of job (MB)
	760824  -  ResidentSetSize of job (KB)
...
006 (112171668.048.000) 05/04 00:23:02 Image size of job updated: 1157524
	1055  -  MemoryUsage of job (MB)
	1079472  -  ResidentSetSize of job (KB)
...
006 (112171668.048.000) 05/04 00:28:03 Image size of job updated: 1640228
	1526  -  MemoryUsage of job (MB)
	1562176  -  ResidentSetSize of job (KB)
...
006 (112171668.048.000) 05/04 00:33:03 Image size of job updated: 2229436
	2101  -  MemoryUsage of job (MB)
	2151384  -  ResidentSetSize of job (KB)
...
006 (112171668.048.000) 05/04 00:38:04 Image size of job updated: 2803024
	2662  -  MemoryUsage of job (MB)
	2724972  -  ResidentSetSize of job (KB)
...
006 (112171668.048.000) 05/04 00:43:05 Image size of job updated: 3580324
	3421  -  MemoryUsage of job (MB)
	3502272  -  ResidentSetSize of job (KB)
...
006 (112171668.048.000) 05/04 00:48:05 Image size of job updated: 4365272
	4187  -  MemoryUsage of job (MB)
	4287220  -  ResidentSetSize of job (KB)
...
006 (112171668.048.000) 05/04 00:53:06 Image size of job updated: 5151192
	4955  -  MemoryUsage of job (MB)
	5073140  -  ResidentSetSize of job (KB)
...
006 (112171668.048.000) 05/04 00:58:06 Image size of job updated: 5803984
	5592  -  MemoryUsage of job (MB)
	5725932  -  ResidentSetSize of job (KB)
...
006 (112171668.048.000) 05/04 01:03:07 Image size of job updated: 6439068
	6212  -  MemoryUsage of job (MB)
	6361016  -  ResidentSetSize of job (KB)
...
006 (112171668.048.000) 05/04 01:08:08 Image size of job updated: 7202520
	6958  -  MemoryUsage of job (MB)
	7124468  -  ResidentSetSize of job (KB)
...
006 (112171668.048.000) 05/04 01:13:08 Image size of job updated: 7911988
	7651  -  MemoryUsage of job (MB)
	7833936  -  ResidentSetSize of job (KB)
...
006 (112171668.048.000) 05/04 01:18:09 Image size of job updated: 8700644
	8421  -  MemoryUsage of job (MB)
	8622592  -  ResidentSetSize of job (KB)
...
006 (112171668.048.000) 05/04 01:23:09 Image size of job updated: 9386960
	9091  -  MemoryUsage of job (MB)
	9308908  -  ResidentSetSize of job (KB)
...
006 (112171668.048.000) 05/04 01:28:10 Image size of job updated: 9998880
	9689  -  MemoryUsage of job (MB)
	9920828  -  ResidentSetSize of job (KB)
...
006 (112171668.048.000) 05/04 01:33:10 Image size of job updated: 10688824
	10363  -  MemoryUsage of job (MB)
	10610772  -  ResidentSetSize of job (KB)
...
006 (112171668.048.000) 05/04 01:38:11 Image size of job updated: 11266644
	10927  -  MemoryUsage of job (MB)
	11188592  -  ResidentSetSize of job (KB)
...
006 (112171668.048.000) 05/04 01:43:11 Image size of job updated: 11839932
	11487  -  MemoryUsage of job (MB)
	11761880  -  ResidentSetSize of job (KB)
...
006 (112171668.048.000) 05/04 01:48:11 Image size of job updated: 12446128
	12079  -  MemoryUsage of job (MB)
	12368076  -  ResidentSetSize of job (KB)
...
006 (112171668.048.000) 05/04 01:53:11 Image size of job updated: 12931352
	12553  -  MemoryUsage of job (MB)
	12853300  -  ResidentSetSize of job (KB)
...
006 (112171668.048.000) 05/04 01:58:11 Image size of job updated: 13390292
	13001  -  MemoryUsage of job (MB)
	13312240  -  ResidentSetSize of job (KB)
...
006 (112171668.048.000) 05/04 02:03:12 Image size of job updated: 13942948
	13540  -  MemoryUsage of job (MB)
	13864896  -  ResidentSetSize of job (KB)
...
006 (112171668.048.000) 05/04 02:08:13 Image size of job updated: 14518788
	14103  -  MemoryUsage of job (MB)
	14440736  -  ResidentSetSize of job (KB)
...
006 (112171668.048.000) 05/04 02:13:14 Image size of job updated: 15095828
	14666  -  MemoryUsage of job (MB)
	15017776  -  ResidentSetSize of job (KB)
...
006 (112171668.048.000) 05/04 02:18:14 Image size of job updated: 15722496
	15278  -  MemoryUsage of job (MB)
	15644444  -  ResidentSetSize of job (KB)
...
006 (112171668.048.000) 05/04 02:23:15 Image size of job updated: 16280000
	15822  -  MemoryUsage of job (MB)
	16201428  -  ResidentSetSize of job (KB)
...
006 (112171668.048.000) 05/04 02:28:15 Image size of job updated: 16819756
	16348  -  MemoryUsage of job (MB)
	16739420  -  ResidentSetSize of job (KB)
...
006 (112171668.048.000) 05/04 02:33:16 Image size of job updated: 17391292
	16899  -  MemoryUsage of job (MB)
	17304572  -  ResidentSetSize of job (KB)
...
006 (112171668.048.000) 05/04 02:38:17 Image size of job updated: 18030928
	17522  -  MemoryUsage of job (MB)
	17942296  -  ResidentSetSize of job (KB)
...
006 (112171668.048.000) 05/04 02:43:18 Image size of job updated: 18684132
	18155  -  MemoryUsage of job (MB)
	18590712  -  ResidentSetSize of job (KB)
...
006 (112171668.048.000) 05/04 02:48:18 Image size of job updated: 19290416
	18729  -  MemoryUsage of job (MB)
	19178332  -  ResidentSetSize of job (KB)
...
006 (112171668.048.000) 05/04 02:53:19 Image size of job updated: 19802120
	19215  -  MemoryUsage of job (MB)
	19675924  -  ResidentSetSize of job (KB)
...
006 (112171668.048.000) 05/04 02:58:20 Image size of job updated: 20364860
	19735  -  MemoryUsage of job (MB)
	20208568  -  ResidentSetSize of job (KB)
...
006 (112171668.048.000) 05/04 03:03:20 Image size of job updated: 20587956
	19936  -  MemoryUsage of job (MB)
	20413744  -  ResidentSetSize of job (KB)
...
006 (112171668.048.000) 05/04 03:08:20 Image size of job updated: 21154532
	20338  -  MemoryUsage of job (MB)
	20825292  -  ResidentSetSize of job (KB)
...
006 (112171668.048.000) 05/04 03:13:21 Image size of job updated: 21447232
	20406  -  MemoryUsage of job (MB)
	20895200  -  ResidentSetSize of job (KB)
...
006 (112171668.048.000) 05/04 03:18:21 Image size of job updated: 21793924
	20442  -  MemoryUsage of job (MB)
	20932000  -  ResidentSetSize of job (KB)
...
006 (112171668.048.000) 05/04 03:23:21 Image size of job updated: 22258824
	20442  -  MemoryUsage of job (MB)
	20932000  -  ResidentSetSize of job (KB)
...
006 (112171668.048.000) 05/04 03:28:22 Image size of job updated: 22880016
	20446  -  MemoryUsage of job (MB)
	20935728  -  ResidentSetSize of job (KB)
...
005 (112171668.048.000) 05/04 03:30:14 Job terminated.
	(1) Normal termination (return value 0)
		Usr 0 02:45:34, Sys 0 00:10:55  -  Run Remote Usage
		Usr 0 00:00:00, Sys 0 00:00:00  -  Run Local Usage
		Usr 0 02:45:34, Sys 0 00:10:55  -  Total Remote Usage
		Usr 0 00:00:00, Sys 0 00:00:00  -  Total Local Usage
	22459174  -  Run Bytes Sent By Job
	1780305536  -  Run Bytes Received By Job
	22459174  -  Total Bytes Sent By Job
	1780305536  -  Total Bytes Received By Job
	Partitionable Resources :      Usage  Request Allocated 
	   Cpus                 :       0.99        1         1 
	   Disk (KB)            : 6851683    20971520  21778629 
	   Ioheavy              :                             0 
	   Memory (MB)          :   20446       20480     20480 
...
