000 (112171668.028.000) 05/03 11:56:36 Job submitted from host: <128.104.100.44:9618?addrs=128.104.100.44-9618+[2607-f388-107c-501-90e2-baff-fe2c-2724]-9618&noUDP&sock=4699_0235_3>
...
001 (112171668.028.000) 05/03 23:27:30 Job executing on host: <128.105.245.163:9618?addrs=128.105.245.163-9618&noUDP&sock=5471_3abb_46>
...
006 (112171668.028.000) 05/03 23:27:39 Image size of job updated: 628
	1  -  MemoryUsage of job (MB)
	628  -  ResidentSetSize of job (KB)
...
006 (112171668.028.000) 05/03 23:32:40 Image size of job updated: 652
	1  -  MemoryUsage of job (MB)
	652  -  ResidentSetSize of job (KB)
...
006 (112171668.028.000) 05/03 23:37:41 Image size of job updated: 656
	1  -  MemoryUsage of job (MB)
	656  -  ResidentSetSize of job (KB)
...
006 (112171668.028.000) 05/03 23:42:42 Image size of job updated: 383936
	299  -  MemoryUsage of job (MB)
	305944  -  ResidentSetSize of job (KB)
...
006 (112171668.028.000) 05/03 23:47:42 Image size of job updated: 760772
	667  -  MemoryUsage of job (MB)
	682780  -  ResidentSetSize of job (KB)
...
006 (112171668.028.000) 05/03 23:52:43 Image size of job updated: 1162800
	1060  -  MemoryUsage of job (MB)
	1084748  -  ResidentSetSize of job (KB)
...
006 (112171668.028.000) 05/03 23:57:44 Image size of job updated: 1647168
	1533  -  MemoryUsage of job (MB)
	1569116  -  ResidentSetSize of job (KB)
...
006 (112171668.028.000) 05/04 00:02:44 Image size of job updated: 2241948
	2114  -  MemoryUsage of job (MB)
	2163896  -  ResidentSetSize of job (KB)
...
006 (112171668.028.000) 05/04 00:07:44 Image size of job updated: 2967032
	2822  -  MemoryUsage of job (MB)
	2888980  -  ResidentSetSize of job (KB)
...
006 (112171668.028.000) 05/04 00:12:44 Image size of job updated: 3838556
	3673  -  MemoryUsage of job (MB)
	3760504  -  ResidentSetSize of job (KB)
...
006 (112171668.028.000) 05/04 00:17:45 Image size of job updated: 4594384
	4411  -  MemoryUsage of job (MB)
	4516332  -  ResidentSetSize of job (KB)
...
006 (112171668.028.000) 05/04 00:22:46 Image size of job updated: 5433384
	5230  -  MemoryUsage of job (MB)
	5355332  -  ResidentSetSize of job (KB)
...
006 (112171668.028.000) 05/04 00:27:46 Image size of job updated: 6227720
	6006  -  MemoryUsage of job (MB)
	6149668  -  ResidentSetSize of job (KB)
...
006 (112171668.028.000) 05/04 00:32:46 Image size of job updated: 7016600
	6776  -  MemoryUsage of job (MB)
	6938548  -  ResidentSetSize of job (KB)
...
006 (112171668.028.000) 05/04 00:37:46 Image size of job updated: 7699536
	7443  -  MemoryUsage of job (MB)
	7621484  -  ResidentSetSize of job (KB)
...
006 (112171668.028.000) 05/04 00:42:47 Image size of job updated: 8442568
	8169  -  MemoryUsage of job (MB)
	8364516  -  ResidentSetSize of job (KB)
...
006 (112171668.028.000) 05/04 00:47:47 Image size of job updated: 9093704
	8805  -  MemoryUsage of job (MB)
	9015652  -  ResidentSetSize of job (KB)
...
006 (112171668.028.000) 05/04 00:52:48 Image size of job updated: 9762936
	9458  -  MemoryUsage of job (MB)
	9684884  -  ResidentSetSize of job (KB)
...
006 (112171668.028.000) 05/04 00:57:49 Image size of job updated: 10388864
	10070  -  MemoryUsage of job (MB)
	10310812  -  ResidentSetSize of job (KB)
...
006 (112171668.028.000) 05/04 01:02:49 Image size of job updated: 10973144
	10640  -  MemoryUsage of job (MB)
	10895092  -  ResidentSetSize of job (KB)
...
006 (112171668.028.000) 05/04 01:07:50 Image size of job updated: 11691024
	11341  -  MemoryUsage of job (MB)
	11612972  -  ResidentSetSize of job (KB)
...
006 (112171668.028.000) 05/04 01:12:50 Image size of job updated: 12314168
	11950  -  MemoryUsage of job (MB)
	12236116  -  ResidentSetSize of job (KB)
...
006 (112171668.028.000) 05/04 01:17:52 Image size of job updated: 12993008
	12613  -  MemoryUsage of job (MB)
	12914956  -  ResidentSetSize of job (KB)
...
006 (112171668.028.000) 05/04 01:22:53 Image size of job updated: 13644284
	13249  -  MemoryUsage of job (MB)
	13566232  -  ResidentSetSize of job (KB)
...
006 (112171668.028.000) 05/04 01:27:53 Image size of job updated: 14289028
	13878  -  MemoryUsage of job (MB)
	14210976  -  ResidentSetSize of job (KB)
...
006 (112171668.028.000) 05/04 01:32:53 Image size of job updated: 14851988
	14428  -  MemoryUsage of job (MB)
	14773936  -  ResidentSetSize of job (KB)
...
006 (112171668.028.000) 05/04 01:37:54 Image size of job updated: 15448296
	15011  -  MemoryUsage of job (MB)
	15370244  -  ResidentSetSize of job (KB)
...
006 (112171668.028.000) 05/04 01:42:54 Image size of job updated: 16017112
	15566  -  MemoryUsage of job (MB)
	15939060  -  ResidentSetSize of job (KB)
...
006 (112171668.028.000) 05/04 01:47:56 Image size of job updated: 16585920
	16121  -  MemoryUsage of job (MB)
	16507868  -  ResidentSetSize of job (KB)
...
006 (112171668.028.000) 05/04 01:52:57 Image size of job updated: 17182852
	16703  -  MemoryUsage of job (MB)
	17102896  -  ResidentSetSize of job (KB)
...
006 (112171668.028.000) 05/04 01:57:57 Image size of job updated: 17836324
	17335  -  MemoryUsage of job (MB)
	17750852  -  ResidentSetSize of job (KB)
...
006 (112171668.028.000) 05/04 02:02:57 Image size of job updated: 18369564
	17846  -  MemoryUsage of job (MB)
	18274212  -  ResidentSetSize of job (KB)
...
006 (112171668.028.000) 05/04 02:07:58 Image size of job updated: 18961276
	18403  -  MemoryUsage of job (MB)
	18843960  -  ResidentSetSize of job (KB)
...
006 (112171668.028.000) 05/04 02:12:58 Image size of job updated: 19535704
	18957  -  MemoryUsage of job (MB)
	19411700  -  ResidentSetSize of job (KB)
...
006 (112171668.028.000) 05/04 02:17:58 Image size of job updated: 20181724
	19576  -  MemoryUsage of job (MB)
	20045288  -  ResidentSetSize of job (KB)
...
006 (112171668.028.000) 05/04 02:22:59 Image size of job updated: 20860996
	20129  -  MemoryUsage of job (MB)
	20611720  -  ResidentSetSize of job (KB)
...
006 (112171668.028.000) 05/04 02:27:59 Image size of job updated: 21416808
	20439  -  MemoryUsage of job (MB)
	20929100  -  ResidentSetSize of job (KB)
...
006 (112171668.028.000) 05/04 02:33:00 Image size of job updated: 21772084
	20447  -  MemoryUsage of job (MB)
	20937080  -  ResidentSetSize of job (KB)
...
006 (112171668.028.000) 05/04 02:38:01 Image size of job updated: 22187836
	20447  -  MemoryUsage of job (MB)
	20937080  -  ResidentSetSize of job (KB)
...
006 (112171668.028.000) 05/04 02:43:01 Image size of job updated: 22845192
	20450  -  MemoryUsage of job (MB)
	20940472  -  ResidentSetSize of job (KB)
...
005 (112171668.028.000) 05/04 02:46:14 Job terminated.
	(1) Normal termination (return value 0)
		Usr 0 02:45:42, Sys 0 00:07:01  -  Run Remote Usage
		Usr 0 00:00:00, Sys 0 00:00:00  -  Run Local Usage
		Usr 0 02:45:42, Sys 0 00:07:01  -  Total Remote Usage
		Usr 0 00:00:00, Sys 0 00:00:00  -  Total Local Usage
	22437844  -  Run Bytes Sent By Job
	1780305536  -  Run Bytes Received By Job
	22437844  -  Total Bytes Sent By Job
	1780305536  -  Total Bytes Received By Job
	Partitionable Resources :      Usage  Request Allocated 
	   Cpus                 :       0.34        1         1 
	   Disk (KB)            : 6851662    20971520  21746268 
	   Ioheavy              :                             0 
	   Memory (MB)          :   20450       20480     20480 
...
