000 (112045438.026.000) 05/01 17:51:46 Job submitted from host: <128.104.100.44:9618?addrs=128.104.100.44-9618+[2607-f388-107c-501-90e2-baff-fe2c-2724]-9618&noUDP&sock=4699_0235_3>
...
001 (112045438.026.000) 05/02 01:40:38 Job executing on host: <128.105.245.222:9618?addrs=128.105.245.222-9618&noUDP&sock=5446_14dd_29>
...
006 (112045438.026.000) 05/02 01:40:47 Image size of job updated: 628
	1  -  MemoryUsage of job (MB)
	628  -  ResidentSetSize of job (KB)
...
006 (112045438.026.000) 05/02 01:45:49 Image size of job updated: 668
	1  -  MemoryUsage of job (MB)
	668  -  ResidentSetSize of job (KB)
...
006 (112045438.026.000) 05/02 01:50:49 Image size of job updated: 535468
	447  -  MemoryUsage of job (MB)
	457476  -  ResidentSetSize of job (KB)
...
006 (112045438.026.000) 05/02 01:55:49 Image size of job updated: 921748
	824  -  MemoryUsage of job (MB)
	843696  -  ResidentSetSize of job (KB)
...
006 (112045438.026.000) 05/02 02:00:50 Image size of job updated: 1400196
	1292  -  MemoryUsage of job (MB)
	1322144  -  ResidentSetSize of job (KB)
...
006 (112045438.026.000) 05/02 02:05:51 Image size of job updated: 1986656
	1864  -  MemoryUsage of job (MB)
	1908604  -  ResidentSetSize of job (KB)
...
006 (112045438.026.000) 05/02 02:10:52 Image size of job updated: 2641808
	2504  -  MemoryUsage of job (MB)
	2563756  -  ResidentSetSize of job (KB)
...
006 (112045438.026.000) 05/02 02:15:52 Image size of job updated: 3404040
	3249  -  MemoryUsage of job (MB)
	3325988  -  ResidentSetSize of job (KB)
...
006 (112045438.026.000) 05/02 02:20:52 Image size of job updated: 4218300
	4044  -  MemoryUsage of job (MB)
	4140248  -  ResidentSetSize of job (KB)
...
006 (112045438.026.000) 05/02 02:25:52 Image size of job updated: 5020368
	4827  -  MemoryUsage of job (MB)
	4942316  -  ResidentSetSize of job (KB)
...
006 (112045438.026.000) 05/02 02:30:53 Image size of job updated: 5891448
	5678  -  MemoryUsage of job (MB)
	5813396  -  ResidentSetSize of job (KB)
...
006 (112045438.026.000) 05/02 02:35:53 Image size of job updated: 6660396
	6429  -  MemoryUsage of job (MB)
	6582344  -  ResidentSetSize of job (KB)
...
006 (112045438.026.000) 05/02 02:40:54 Image size of job updated: 7256160
	7010  -  MemoryUsage of job (MB)
	7178108  -  ResidentSetSize of job (KB)
...
006 (112045438.026.000) 05/02 02:45:54 Image size of job updated: 8107180
	7841  -  MemoryUsage of job (MB)
	8029128  -  ResidentSetSize of job (KB)
...
006 (112045438.026.000) 05/02 02:50:56 Image size of job updated: 8889004
	8605  -  MemoryUsage of job (MB)
	8810952  -  ResidentSetSize of job (KB)
...
006 (112045438.026.000) 05/02 02:55:56 Image size of job updated: 9628356
	9327  -  MemoryUsage of job (MB)
	9550304  -  ResidentSetSize of job (KB)
...
006 (112045438.026.000) 05/02 03:00:57 Image size of job updated: 10184848
	9870  -  MemoryUsage of job (MB)
	10106796  -  ResidentSetSize of job (KB)
...
006 (112045438.026.000) 05/02 03:05:58 Image size of job updated: 10747636
	10420  -  MemoryUsage of job (MB)
	10669584  -  ResidentSetSize of job (KB)
...
006 (112045438.026.000) 05/02 03:10:58 Image size of job updated: 11479044
	11134  -  MemoryUsage of job (MB)
	11400992  -  ResidentSetSize of job (KB)
...
006 (112045438.026.000) 05/02 03:15:59 Image size of job updated: 12281272
	11918  -  MemoryUsage of job (MB)
	12203220  -  ResidentSetSize of job (KB)
...
006 (112045438.026.000) 05/02 03:21:00 Image size of job updated: 12927584
	12549  -  MemoryUsage of job (MB)
	12849532  -  ResidentSetSize of job (KB)
...
006 (112045438.026.000) 05/02 03:26:00 Image size of job updated: 13484032
	13092  -  MemoryUsage of job (MB)
	13405980  -  ResidentSetSize of job (KB)
...
006 (112045438.026.000) 05/02 03:31:01 Image size of job updated: 14086960
	13681  -  MemoryUsage of job (MB)
	14008908  -  ResidentSetSize of job (KB)
...
006 (112045438.026.000) 05/02 03:36:01 Image size of job updated: 14827260
	14404  -  MemoryUsage of job (MB)
	14749208  -  ResidentSetSize of job (KB)
...
006 (112045438.026.000) 05/02 03:41:01 Image size of job updated: 15519524
	15080  -  MemoryUsage of job (MB)
	15441472  -  ResidentSetSize of job (KB)
...
006 (112045438.026.000) 05/02 03:46:01 Image size of job updated: 16270636
	15814  -  MemoryUsage of job (MB)
	16192584  -  ResidentSetSize of job (KB)
...
006 (112045438.026.000) 05/02 03:51:01 Image size of job updated: 17037564
	16562  -  MemoryUsage of job (MB)
	16959256  -  ResidentSetSize of job (KB)
...
006 (112045438.026.000) 05/02 03:56:01 Image size of job updated: 17698112
	17206  -  MemoryUsage of job (MB)
	17618204  -  ResidentSetSize of job (KB)
...
006 (112045438.026.000) 05/02 04:01:02 Image size of job updated: 18489700
	17974  -  MemoryUsage of job (MB)
	18404484  -  ResidentSetSize of job (KB)
...
006 (112045438.026.000) 05/02 04:06:03 Image size of job updated: 19125340
	18588  -  MemoryUsage of job (MB)
	19034004  -  ResidentSetSize of job (KB)
...
006 (112045438.026.000) 05/02 04:11:04 Image size of job updated: 19835392
	19275  -  MemoryUsage of job (MB)
	19737380  -  ResidentSetSize of job (KB)
...
006 (112045438.026.000) 05/02 04:16:06 Image size of job updated: 20493896
	19870  -  MemoryUsage of job (MB)
	20346508  -  ResidentSetSize of job (KB)
...
006 (112045438.026.000) 05/02 04:21:06 Image size of job updated: 21185340
	20369  -  MemoryUsage of job (MB)
	20857648  -  ResidentSetSize of job (KB)
...
006 (112045438.026.000) 05/02 04:26:06 Image size of job updated: 21800332
	20439  -  MemoryUsage of job (MB)
	20929332  -  ResidentSetSize of job (KB)
...
006 (112045438.026.000) 05/02 04:31:06 Image size of job updated: 22284340
	20439  -  MemoryUsage of job (MB)
	20929332  -  ResidentSetSize of job (KB)
...
006 (112045438.026.000) 05/02 04:36:06 Image size of job updated: 22977648
	20439  -  MemoryUsage of job (MB)
	20929332  -  ResidentSetSize of job (KB)
...
006 (112045438.026.000) 05/02 04:36:45 Image size of job updated: 23079864
	20439  -  MemoryUsage of job (MB)
	20929332  -  ResidentSetSize of job (KB)
...
005 (112045438.026.000) 05/02 04:36:47 Job terminated.
	(1) Normal termination (return value 0)
		Usr 0 02:35:44, Sys 0 00:02:31  -  Run Remote Usage
		Usr 0 00:00:00, Sys 0 00:00:00  -  Run Local Usage
		Usr 0 02:35:44, Sys 0 00:02:31  -  Total Remote Usage
		Usr 0 00:00:00, Sys 0 00:00:00  -  Total Local Usage
	22393884  -  Run Bytes Sent By Job
	1780294016  -  Run Bytes Received By Job
	22393884  -  Total Bytes Sent By Job
	1780294016  -  Total Bytes Received By Job
	Partitionable Resources :      Usage  Request Allocated 
	   Cpus                 :       0.99        1         1 
	   Disk (KB)            : 6851596    20971520  21390837 
	   Ioheavy              :                             0 
	   Memory (MB)          :   20439       20480     20480 
...
