000 (112070733.081.000) 05/02 11:03:23 Job submitted from host: <128.104.100.44:9618?addrs=128.104.100.44-9618+[2607-f388-107c-501-90e2-baff-fe2c-2724]-9618&noUDP&sock=4699_0235_3>
...
001 (112070733.081.000) 05/03 04:23:08 Job executing on host: <128.105.245.171:9618?addrs=128.105.245.171-9618&noUDP&sock=5449_23a5_26>
...
006 (112070733.081.000) 05/03 04:23:18 Image size of job updated: 684
	1  -  MemoryUsage of job (MB)
	628  -  ResidentSetSize of job (KB)
...
006 (112070733.081.000) 05/03 04:28:18 Image size of job updated: 708
	1  -  MemoryUsage of job (MB)
	652  -  ResidentSetSize of job (KB)
...
006 (112070733.081.000) 05/03 04:33:19 Image size of job updated: 335168
	252  -  MemoryUsage of job (MB)
	257116  -  ResidentSetSize of job (KB)
...
006 (112070733.081.000) 05/03 04:38:20 Image size of job updated: 750536
	657  -  MemoryUsage of job (MB)
	672484  -  ResidentSetSize of job (KB)
...
006 (112070733.081.000) 05/03 04:43:20 Image size of job updated: 1179704
	1076  -  MemoryUsage of job (MB)
	1101596  -  ResidentSetSize of job (KB)
...
006 (112070733.081.000) 05/03 04:48:20 Image size of job updated: 1724052
	1608  -  MemoryUsage of job (MB)
	1645944  -  ResidentSetSize of job (KB)
...
006 (112070733.081.000) 05/03 04:53:20 Image size of job updated: 2526216
	2391  -  MemoryUsage of job (MB)
	2448108  -  ResidentSetSize of job (KB)
...
006 (112070733.081.000) 05/03 04:58:20 Image size of job updated: 3173808
	3024  -  MemoryUsage of job (MB)
	3095700  -  ResidentSetSize of job (KB)
...
006 (112070733.081.000) 05/03 05:03:22 Image size of job updated: 3963160
	3794  -  MemoryUsage of job (MB)
	3885052  -  ResidentSetSize of job (KB)
...
006 (112070733.081.000) 05/03 05:08:22 Image size of job updated: 4746928
	4560  -  MemoryUsage of job (MB)
	4668820  -  ResidentSetSize of job (KB)
...
006 (112070733.081.000) 05/03 05:13:22 Image size of job updated: 5274456
	5075  -  MemoryUsage of job (MB)
	5196348  -  ResidentSetSize of job (KB)
...
006 (112070733.081.000) 05/03 05:18:23 Image size of job updated: 5583052
	5376  -  MemoryUsage of job (MB)
	5504944  -  ResidentSetSize of job (KB)
...
006 (112070733.081.000) 05/03 05:23:23 Image size of job updated: 5887860
	5674  -  MemoryUsage of job (MB)
	5809752  -  ResidentSetSize of job (KB)
...
006 (112070733.081.000) 05/03 05:28:23 Image size of job updated: 6082372
	5864  -  MemoryUsage of job (MB)
	6004264  -  ResidentSetSize of job (KB)
...
006 (112070733.081.000) 05/03 05:33:23 Image size of job updated: 6422104
	6196  -  MemoryUsage of job (MB)
	6343996  -  ResidentSetSize of job (KB)
...
006 (112070733.081.000) 05/03 05:38:24 Image size of job updated: 6869044
	6632  -  MemoryUsage of job (MB)
	6790936  -  ResidentSetSize of job (KB)
...
006 (112070733.081.000) 05/03 05:43:25 Image size of job updated: 7357504
	7109  -  MemoryUsage of job (MB)
	7279396  -  ResidentSetSize of job (KB)
...
006 (112070733.081.000) 05/03 05:48:26 Image size of job updated: 7917592
	7656  -  MemoryUsage of job (MB)
	7839484  -  ResidentSetSize of job (KB)
...
006 (112070733.081.000) 05/03 05:53:26 Image size of job updated: 8712168
	8432  -  MemoryUsage of job (MB)
	8634060  -  ResidentSetSize of job (KB)
...
006 (112070733.081.000) 05/03 05:58:27 Image size of job updated: 9585684
	9285  -  MemoryUsage of job (MB)
	9507576  -  ResidentSetSize of job (KB)
...
006 (112070733.081.000) 05/03 06:03:27 Image size of job updated: 10342496
	10024  -  MemoryUsage of job (MB)
	10264388  -  ResidentSetSize of job (KB)
...
006 (112070733.081.000) 05/03 06:08:28 Image size of job updated: 11120752
	10784  -  MemoryUsage of job (MB)
	11042644  -  ResidentSetSize of job (KB)
...
006 (112070733.081.000) 05/03 06:13:29 Image size of job updated: 11808928
	11456  -  MemoryUsage of job (MB)
	11730820  -  ResidentSetSize of job (KB)
...
006 (112070733.081.000) 05/03 06:18:30 Image size of job updated: 12366180
	12001  -  MemoryUsage of job (MB)
	12288072  -  ResidentSetSize of job (KB)
...
006 (112070733.081.000) 05/03 06:23:29 Image size of job updated: 13009052
	12628  -  MemoryUsage of job (MB)
	12930944  -  ResidentSetSize of job (KB)
...
006 (112070733.081.000) 05/03 06:28:29 Image size of job updated: 13791452
	13392  -  MemoryUsage of job (MB)
	13713344  -  ResidentSetSize of job (KB)
...
006 (112070733.081.000) 05/03 06:33:30 Image size of job updated: 14505832
	14090  -  MemoryUsage of job (MB)
	14427724  -  ResidentSetSize of job (KB)
...
006 (112070733.081.000) 05/03 06:38:30 Image size of job updated: 15208564
	14776  -  MemoryUsage of job (MB)
	15130212  -  ResidentSetSize of job (KB)
...
006 (112070733.081.000) 05/03 06:43:31 Image size of job updated: 15833876
	15386  -  MemoryUsage of job (MB)
	15754244  -  ResidentSetSize of job (KB)
...
006 (112070733.081.000) 05/03 06:48:32 Image size of job updated: 16446340
	15983  -  MemoryUsage of job (MB)
	16366100  -  ResidentSetSize of job (KB)
...
006 (112070733.081.000) 05/03 06:53:32 Image size of job updated: 16884616
	16410  -  MemoryUsage of job (MB)
	16803180  -  ResidentSetSize of job (KB)
...
006 (112070733.081.000) 05/03 06:58:33 Image size of job updated: 17428820
	16938  -  MemoryUsage of job (MB)
	17343672  -  ResidentSetSize of job (KB)
...
006 (112070733.081.000) 05/03 07:03:33 Image size of job updated: 18062212
	17550  -  MemoryUsage of job (MB)
	17971084  -  ResidentSetSize of job (KB)
...
006 (112070733.081.000) 05/03 07:08:33 Image size of job updated: 18640956
	18107  -  MemoryUsage of job (MB)
	18541252  -  ResidentSetSize of job (KB)
...
006 (112070733.081.000) 05/03 07:13:34 Image size of job updated: 19048216
	18501  -  MemoryUsage of job (MB)
	18944036  -  ResidentSetSize of job (KB)
...
006 (112070733.081.000) 05/03 07:18:34 Image size of job updated: 19300280
	18743  -  MemoryUsage of job (MB)
	19192296  -  ResidentSetSize of job (KB)
...
006 (112070733.081.000) 05/03 07:23:35 Image size of job updated: 19723084
	19144  -  MemoryUsage of job (MB)
	19602940  -  ResidentSetSize of job (KB)
...
006 (112070733.081.000) 05/03 07:28:36 Image size of job updated: 20060988
	19460  -  MemoryUsage of job (MB)
	19926380  -  ResidentSetSize of job (KB)
...
006 (112070733.081.000) 05/03 07:33:36 Image size of job updated: 20247076
	19628  -  MemoryUsage of job (MB)
	20098232  -  ResidentSetSize of job (KB)
...
006 (112070733.081.000) 05/03 07:38:36 Image size of job updated: 20484712
	19844  -  MemoryUsage of job (MB)
	20319356  -  ResidentSetSize of job (KB)
...
006 (112070733.081.000) 05/03 07:43:37 Image size of job updated: 20612412
	19949  -  MemoryUsage of job (MB)
	20427024  -  ResidentSetSize of job (KB)
...
006 (112070733.081.000) 05/03 07:48:37 Image size of job updated: 20844704
	20155  -  MemoryUsage of job (MB)
	20637940  -  ResidentSetSize of job (KB)
...
006 (112070733.081.000) 05/03 07:53:38 Image size of job updated: 20898548
	20192  -  MemoryUsage of job (MB)
	20675824  -  ResidentSetSize of job (KB)
...
006 (112070733.081.000) 05/03 07:58:38 Image size of job updated: 21065148
	20304  -  MemoryUsage of job (MB)
	20790928  -  ResidentSetSize of job (KB)
...
006 (112070733.081.000) 05/03 08:03:38 Image size of job updated: 21150388
	20363  -  MemoryUsage of job (MB)
	20851564  -  ResidentSetSize of job (KB)
...
006 (112070733.081.000) 05/03 08:08:40 Image size of job updated: 21200192
	20383  -  MemoryUsage of job (MB)
	20872120  -  ResidentSetSize of job (KB)
...
006 (112070733.081.000) 05/03 08:13:40 Image size of job updated: 21242228
	20396  -  MemoryUsage of job (MB)
	20885100  -  ResidentSetSize of job (KB)
...
006 (112070733.081.000) 05/03 08:18:40 Image size of job updated: 21305136
	20402  -  MemoryUsage of job (MB)
	20891560  -  ResidentSetSize of job (KB)
...
006 (112070733.081.000) 05/03 08:23:41 Image size of job updated: 21406880
	20436  -  MemoryUsage of job (MB)
	20926380  -  ResidentSetSize of job (KB)
...
006 (112070733.081.000) 05/03 08:28:42 Image size of job updated: 21499044
	20437  -  MemoryUsage of job (MB)
	20926484  -  ResidentSetSize of job (KB)
...
006 (112070733.081.000) 05/03 08:33:43 Image size of job updated: 21553748
	20437  -  MemoryUsage of job (MB)
	20926484  -  ResidentSetSize of job (KB)
...
006 (112070733.081.000) 05/03 08:38:43 Image size of job updated: 21634172
	20437  -  MemoryUsage of job (MB)
	20926484  -  ResidentSetSize of job (KB)
...
006 (112070733.081.000) 05/03 08:43:44 Image size of job updated: 21758608
	20449  -  MemoryUsage of job (MB)
	20939380  -  ResidentSetSize of job (KB)
...
006 (112070733.081.000) 05/03 08:48:43 Image size of job updated: 21796112
	20449  -  MemoryUsage of job (MB)
	20939544  -  ResidentSetSize of job (KB)
...
006 (112070733.081.000) 05/03 08:53:44 Image size of job updated: 21832264
	20449  -  MemoryUsage of job (MB)
	20939544  -  ResidentSetSize of job (KB)
...
006 (112070733.081.000) 05/03 08:58:45 Image size of job updated: 21875952
	20449  -  MemoryUsage of job (MB)
	20939544  -  ResidentSetSize of job (KB)
...
