000 (112171668.031.000) 05/03 11:56:36 Job submitted from host: <128.104.100.44:9618?addrs=128.104.100.44-9618+[2607-f388-107c-501-90e2-baff-fe2c-2724]-9618&noUDP&sock=4699_0235_3>
...
001 (112171668.031.000) 05/03 23:27:56 Job executing on host: <128.105.245.224:9618?addrs=128.105.245.224-9618&noUDP&sock=5442_567c_3>
...
006 (112171668.031.000) 05/03 23:28:05 Image size of job updated: 628
	1  -  MemoryUsage of job (MB)
	628  -  ResidentSetSize of job (KB)
...
006 (112171668.031.000) 05/03 23:33:06 Image size of job updated: 656
	1  -  MemoryUsage of job (MB)
	656  -  ResidentSetSize of job (KB)
...
006 (112171668.031.000) 05/03 23:38:07 Image size of job updated: 280828
	199  -  MemoryUsage of job (MB)
	202844  -  ResidentSetSize of job (KB)
...
006 (112171668.031.000) 05/03 23:43:08 Image size of job updated: 642164
	551  -  MemoryUsage of job (MB)
	564172  -  ResidentSetSize of job (KB)
...
006 (112171668.031.000) 05/03 23:48:09 Image size of job updated: 1104720
	1003  -  MemoryUsage of job (MB)
	1026668  -  ResidentSetSize of job (KB)
...
006 (112171668.031.000) 05/03 23:53:09 Image size of job updated: 1737376
	1621  -  MemoryUsage of job (MB)
	1659324  -  ResidentSetSize of job (KB)
...
006 (112171668.031.000) 05/03 23:58:09 Image size of job updated: 2458544
	2325  -  MemoryUsage of job (MB)
	2380492  -  ResidentSetSize of job (KB)
...
006 (112171668.031.000) 05/04 00:03:09 Image size of job updated: 3263884
	3112  -  MemoryUsage of job (MB)
	3185832  -  ResidentSetSize of job (KB)
...
006 (112171668.031.000) 05/04 00:08:10 Image size of job updated: 4216880
	4042  -  MemoryUsage of job (MB)
	4138828  -  ResidentSetSize of job (KB)
...
006 (112171668.031.000) 05/04 00:13:11 Image size of job updated: 5120584
	4925  -  MemoryUsage of job (MB)
	5042532  -  ResidentSetSize of job (KB)
...
006 (112171668.031.000) 05/04 00:18:12 Image size of job updated: 6013528
	5797  -  MemoryUsage of job (MB)
	5935476  -  ResidentSetSize of job (KB)
...
006 (112171668.031.000) 05/04 00:23:12 Image size of job updated: 6842468
	6606  -  MemoryUsage of job (MB)
	6764416  -  ResidentSetSize of job (KB)
...
006 (112171668.031.000) 05/04 00:28:12 Image size of job updated: 7560132
	7307  -  MemoryUsage of job (MB)
	7482080  -  ResidentSetSize of job (KB)
...
006 (112171668.031.000) 05/04 00:33:13 Image size of job updated: 8348492
	8077  -  MemoryUsage of job (MB)
	8270440  -  ResidentSetSize of job (KB)
...
006 (112171668.031.000) 05/04 00:38:13 Image size of job updated: 9090828
	8802  -  MemoryUsage of job (MB)
	9012776  -  ResidentSetSize of job (KB)
...
006 (112171668.031.000) 05/04 00:43:14 Image size of job updated: 9816356
	9511  -  MemoryUsage of job (MB)
	9738304  -  ResidentSetSize of job (KB)
...
006 (112171668.031.000) 05/04 00:48:14 Image size of job updated: 10534600
	10212  -  MemoryUsage of job (MB)
	10456548  -  ResidentSetSize of job (KB)
...
006 (112171668.031.000) 05/04 00:53:14 Image size of job updated: 11129900
	10793  -  MemoryUsage of job (MB)
	11051848  -  ResidentSetSize of job (KB)
...
006 (112171668.031.000) 05/04 00:58:15 Image size of job updated: 11883640
	11529  -  MemoryUsage of job (MB)
	11805588  -  ResidentSetSize of job (KB)
...
006 (112171668.031.000) 05/04 01:03:17 Image size of job updated: 12567448
	12197  -  MemoryUsage of job (MB)
	12489396  -  ResidentSetSize of job (KB)
...
006 (112171668.031.000) 05/04 01:08:17 Image size of job updated: 13375948
	12987  -  MemoryUsage of job (MB)
	13297896  -  ResidentSetSize of job (KB)
...
006 (112171668.031.000) 05/04 01:13:17 Image size of job updated: 14001372
	13597  -  MemoryUsage of job (MB)
	13923320  -  ResidentSetSize of job (KB)
...
006 (112171668.031.000) 05/04 01:18:17 Image size of job updated: 14850064
	14426  -  MemoryUsage of job (MB)
	14772012  -  ResidentSetSize of job (KB)
...
006 (112171668.031.000) 05/04 01:23:19 Image size of job updated: 15562772
	15122  -  MemoryUsage of job (MB)
	15484592  -  ResidentSetSize of job (KB)
...
006 (112171668.031.000) 05/04 01:28:19 Image size of job updated: 16310264
	15851  -  MemoryUsage of job (MB)
	16230736  -  ResidentSetSize of job (KB)
...
006 (112171668.031.000) 05/04 01:33:19 Image size of job updated: 17088988
	16609  -  MemoryUsage of job (MB)
	17007136  -  ResidentSetSize of job (KB)
...
006 (112171668.031.000) 05/04 01:38:20 Image size of job updated: 17868268
	17368  -  MemoryUsage of job (MB)
	17783904  -  ResidentSetSize of job (KB)
...
006 (112171668.031.000) 05/04 01:43:21 Image size of job updated: 18583276
	18064  -  MemoryUsage of job (MB)
	18497040  -  ResidentSetSize of job (KB)
...
006 (112171668.031.000) 05/04 01:48:22 Image size of job updated: 19456200
	18913  -  MemoryUsage of job (MB)
	19366504  -  ResidentSetSize of job (KB)
...
006 (112171668.031.000) 05/04 01:53:22 Image size of job updated: 20191140
	19610  -  MemoryUsage of job (MB)
	20080072  -  ResidentSetSize of job (KB)
...
006 (112171668.031.000) 05/04 01:58:22 Image size of job updated: 20974796
	20303  -  MemoryUsage of job (MB)
	20789604  -  ResidentSetSize of job (KB)
...
006 (112171668.031.000) 05/04 02:03:23 Image size of job updated: 21577516
	20431  -  MemoryUsage of job (MB)
	20920436  -  ResidentSetSize of job (KB)
...
006 (112171668.031.000) 05/04 02:08:25 Image size of job updated: 22266048
	20431  -  MemoryUsage of job (MB)
	20920492  -  ResidentSetSize of job (KB)
...
006 (112171668.031.000) 05/04 02:13:25 Image size of job updated: 22991044
	20434  -  MemoryUsage of job (MB)
	20923456  -  ResidentSetSize of job (KB)
...
006 (112171668.031.000) 05/04 02:14:01 Image size of job updated: 22991044
	20434  -  MemoryUsage of job (MB)
	20923612  -  ResidentSetSize of job (KB)
...
005 (112171668.031.000) 05/04 02:14:03 Job terminated.
	(1) Normal termination (return value 0)
		Usr 0 02:28:20, Sys 0 00:02:26  -  Run Remote Usage
		Usr 0 00:00:00, Sys 0 00:00:00  -  Run Local Usage
		Usr 0 02:28:20, Sys 0 00:02:26  -  Total Remote Usage
		Usr 0 00:00:00, Sys 0 00:00:00  -  Total Local Usage
	22382448  -  Run Bytes Sent By Job
	1780305536  -  Run Bytes Received By Job
	22382448  -  Total Bytes Sent By Job
	1780305536  -  Total Bytes Received By Job
	Partitionable Resources :      Usage  Request Allocated 
	   Cpus                 :       0.55        1         1 
	   Disk (KB)            : 6851608    20971520  24679091 
	   Ioheavy              :                             0 
	   Memory (MB)          :   20434       20480     20480 
...
