000 (112171668.197.000) 05/03 11:56:36 Job submitted from host: <128.104.100.44:9618?addrs=128.104.100.44-9618+[2607-f388-107c-501-90e2-baff-fe2c-2724]-9618&noUDP&sock=4699_0235_3>
...
001 (112171668.197.000) 05/04 04:22:20 Job executing on host: <128.105.245.210:9618?addrs=128.105.245.210-9618&noUDP&sock=5438_981b_29>
...
006 (112171668.197.000) 05/04 04:22:28 Image size of job updated: 624
	1  -  MemoryUsage of job (MB)
	624  -  ResidentSetSize of job (KB)
...
006 (112171668.197.000) 05/04 04:27:30 Image size of job updated: 648
	1  -  MemoryUsage of job (MB)
	648  -  ResidentSetSize of job (KB)
...
006 (112171668.197.000) 05/04 04:32:32 Image size of job updated: 656
	1  -  MemoryUsage of job (MB)
	656  -  ResidentSetSize of job (KB)
...
006 (112171668.197.000) 05/04 04:37:30 Image size of job updated: 394340
	309  -  MemoryUsage of job (MB)
	316348  -  ResidentSetSize of job (KB)
...
006 (112171668.197.000) 05/04 04:42:31 Image size of job updated: 767568
	674  -  MemoryUsage of job (MB)
	689536  -  ResidentSetSize of job (KB)
...
006 (112171668.197.000) 05/04 04:47:31 Image size of job updated: 1156732
	1054  -  MemoryUsage of job (MB)
	1078680  -  ResidentSetSize of job (KB)
...
006 (112171668.197.000) 05/04 04:52:32 Image size of job updated: 1641248
	1527  -  MemoryUsage of job (MB)
	1563196  -  ResidentSetSize of job (KB)
...
006 (112171668.197.000) 05/04 04:57:32 Image size of job updated: 2259912
	2131  -  MemoryUsage of job (MB)
	2181860  -  ResidentSetSize of job (KB)
...
006 (112171668.197.000) 05/04 05:02:32 Image size of job updated: 2810312
	2669  -  MemoryUsage of job (MB)
	2732260  -  ResidentSetSize of job (KB)
...
006 (112171668.197.000) 05/04 05:07:33 Image size of job updated: 3706740
	3544  -  MemoryUsage of job (MB)
	3628688  -  ResidentSetSize of job (KB)
...
006 (112171668.197.000) 05/04 05:12:33 Image size of job updated: 4574568
	4392  -  MemoryUsage of job (MB)
	4496516  -  ResidentSetSize of job (KB)
...
006 (112171668.197.000) 05/04 05:17:34 Image size of job updated: 5154720
	4958  -  MemoryUsage of job (MB)
	5076668  -  ResidentSetSize of job (KB)
...
006 (112171668.197.000) 05/04 05:22:35 Image size of job updated: 5794852
	5583  -  MemoryUsage of job (MB)
	5716800  -  ResidentSetSize of job (KB)
...
006 (112171668.197.000) 05/04 05:27:35 Image size of job updated: 6531216
	6302  -  MemoryUsage of job (MB)
	6453164  -  ResidentSetSize of job (KB)
...
006 (112171668.197.000) 05/04 05:32:35 Image size of job updated: 7321228
	7074  -  MemoryUsage of job (MB)
	7243176  -  ResidentSetSize of job (KB)
...
006 (112171668.197.000) 05/04 05:37:35 Image size of job updated: 8162960
	7896  -  MemoryUsage of job (MB)
	8084908  -  ResidentSetSize of job (KB)
...
006 (112171668.197.000) 05/04 05:42:36 Image size of job updated: 9010828
	8724  -  MemoryUsage of job (MB)
	8932776  -  ResidentSetSize of job (KB)
...
006 (112171668.197.000) 05/04 05:47:36 Image size of job updated: 9671008
	9369  -  MemoryUsage of job (MB)
	9592956  -  ResidentSetSize of job (KB)
...
006 (112171668.197.000) 05/04 05:52:37 Image size of job updated: 10382676
	10064  -  MemoryUsage of job (MB)
	10304624  -  ResidentSetSize of job (KB)
...
006 (112171668.197.000) 05/04 05:57:38 Image size of job updated: 11075372
	10740  -  MemoryUsage of job (MB)
	10997320  -  ResidentSetSize of job (KB)
...
006 (112171668.197.000) 05/04 06:02:38 Image size of job updated: 11861644
	11508  -  MemoryUsage of job (MB)
	11783592  -  ResidentSetSize of job (KB)
...
006 (112171668.197.000) 05/04 06:07:39 Image size of job updated: 12560572
	12190  -  MemoryUsage of job (MB)
	12482520  -  ResidentSetSize of job (KB)
...
006 (112171668.197.000) 05/04 06:12:40 Image size of job updated: 13259856
	12873  -  MemoryUsage of job (MB)
	13181804  -  ResidentSetSize of job (KB)
...
006 (112171668.197.000) 05/04 06:17:41 Image size of job updated: 14029768
	13625  -  MemoryUsage of job (MB)
	13951716  -  ResidentSetSize of job (KB)
...
006 (112171668.197.000) 05/04 06:22:41 Image size of job updated: 14767884
	14346  -  MemoryUsage of job (MB)
	14689832  -  ResidentSetSize of job (KB)
...
006 (112171668.197.000) 05/04 06:27:42 Image size of job updated: 15437128
	15000  -  MemoryUsage of job (MB)
	15359076  -  ResidentSetSize of job (KB)
...
006 (112171668.197.000) 05/04 06:32:43 Image size of job updated: 16110284
	15657  -  MemoryUsage of job (MB)
	16032232  -  ResidentSetSize of job (KB)
...
006 (112171668.197.000) 05/04 06:37:43 Image size of job updated: 16826168
	16356  -  MemoryUsage of job (MB)
	16748116  -  ResidentSetSize of job (KB)
...
006 (112171668.197.000) 05/04 06:42:44 Image size of job updated: 17556684
	17074  -  MemoryUsage of job (MB)
	17483204  -  ResidentSetSize of job (KB)
...
006 (112171668.197.000) 05/04 06:47:44 Image size of job updated: 18241708
	17753  -  MemoryUsage of job (MB)
	18178980  -  ResidentSetSize of job (KB)
...
006 (112171668.197.000) 05/04 06:52:45 Image size of job updated: 18992780
	18486  -  MemoryUsage of job (MB)
	18929252  -  ResidentSetSize of job (KB)
...
006 (112171668.197.000) 05/04 06:57:46 Image size of job updated: 19741572
	19204  -  MemoryUsage of job (MB)
	19664424  -  ResidentSetSize of job (KB)
...
006 (112171668.197.000) 05/04 07:02:46 Image size of job updated: 20408256
	19811  -  MemoryUsage of job (MB)
	20285812  -  ResidentSetSize of job (KB)
...
006 (112171668.197.000) 05/04 07:07:47 Image size of job updated: 21133324
	20444  -  MemoryUsage of job (MB)
	20933752  -  ResidentSetSize of job (KB)
...
006 (112171668.197.000) 05/04 07:12:48 Image size of job updated: 21791484
	20446  -  MemoryUsage of job (MB)
	20936552  -  ResidentSetSize of job (KB)
...
006 (112171668.197.000) 05/04 07:17:48 Image size of job updated: 22516496
	20450  -  MemoryUsage of job (MB)
	20939860  -  ResidentSetSize of job (KB)
...
006 (112171668.197.000) 05/04 07:22:49 Image size of job updated: 22516496
	20450  -  MemoryUsage of job (MB)
	20939904  -  ResidentSetSize of job (KB)
...
005 (112171668.197.000) 05/04 07:22:53 Job terminated.
	(1) Normal termination (return value 0)
		Usr 0 02:30:39, Sys 0 00:05:42  -  Run Remote Usage
		Usr 0 00:00:00, Sys 0 00:00:00  -  Run Local Usage
		Usr 0 02:30:39, Sys 0 00:05:42  -  Total Remote Usage
		Usr 0 00:00:00, Sys 0 00:00:00  -  Total Local Usage
	22445484  -  Run Bytes Sent By Job
	1780305536  -  Run Bytes Received By Job
	22445484  -  Total Bytes Sent By Job
	1780305536  -  Total Bytes Received By Job
	Partitionable Resources :      Usage  Request Allocated 
	   Cpus                 :       0.92        1         1 
	   Disk (KB)            : 6851669    20971520  21424198 
	   Ioheavy              :                             0 
	   Memory (MB)          :   20450       20480     20480 
...
