000 (112171668.004.000) 05/03 11:56:36 Job submitted from host: <128.104.100.44:9618?addrs=128.104.100.44-9618+[2607-f388-107c-501-90e2-baff-fe2c-2724]-9618&noUDP&sock=4699_0235_3>
...
001 (112171668.004.000) 05/03 22:55:35 Job executing on host: <128.105.245.247:9618?addrs=128.105.245.247-9618&noUDP&sock=5487_343f_3>
...
006 (112171668.004.000) 05/03 22:55:43 Image size of job updated: 632
	1  -  MemoryUsage of job (MB)
	632  -  ResidentSetSize of job (KB)
...
006 (112171668.004.000) 05/03 23:00:44 Image size of job updated: 331788
	248  -  MemoryUsage of job (MB)
	253796  -  ResidentSetSize of job (KB)
...
006 (112171668.004.000) 05/03 23:05:45 Image size of job updated: 675104
	584  -  MemoryUsage of job (MB)
	597112  -  ResidentSetSize of job (KB)
...
006 (112171668.004.000) 05/03 23:10:45 Image size of job updated: 1095500
	994  -  MemoryUsage of job (MB)
	1017448  -  ResidentSetSize of job (KB)
...
006 (112171668.004.000) 05/03 23:15:46 Image size of job updated: 1624544
	1511  -  MemoryUsage of job (MB)
	1546492  -  ResidentSetSize of job (KB)
...
006 (112171668.004.000) 05/03 23:20:47 Image size of job updated: 2219736
	2092  -  MemoryUsage of job (MB)
	2141684  -  ResidentSetSize of job (KB)
...
006 (112171668.004.000) 05/03 23:25:47 Image size of job updated: 2884668
	2741  -  MemoryUsage of job (MB)
	2806616  -  ResidentSetSize of job (KB)
...
006 (112171668.004.000) 05/03 23:30:48 Image size of job updated: 3693572
	3531  -  MemoryUsage of job (MB)
	3615520  -  ResidentSetSize of job (KB)
...
006 (112171668.004.000) 05/03 23:35:49 Image size of job updated: 4465908
	4286  -  MemoryUsage of job (MB)
	4387856  -  ResidentSetSize of job (KB)
...
006 (112171668.004.000) 05/03 23:40:49 Image size of job updated: 5231768
	5033  -  MemoryUsage of job (MB)
	5153716  -  ResidentSetSize of job (KB)
...
006 (112171668.004.000) 05/03 23:45:50 Image size of job updated: 6036532
	5819  -  MemoryUsage of job (MB)
	5958480  -  ResidentSetSize of job (KB)
...
006 (112171668.004.000) 05/03 23:50:51 Image size of job updated: 6721268
	6488  -  MemoryUsage of job (MB)
	6643216  -  ResidentSetSize of job (KB)
...
006 (112171668.004.000) 05/03 23:55:51 Image size of job updated: 7371372
	7123  -  MemoryUsage of job (MB)
	7293320  -  ResidentSetSize of job (KB)
...
006 (112171668.004.000) 05/04 00:00:52 Image size of job updated: 8139600
	7873  -  MemoryUsage of job (MB)
	8061548  -  ResidentSetSize of job (KB)
...
006 (112171668.004.000) 05/04 00:05:53 Image size of job updated: 8883236
	8599  -  MemoryUsage of job (MB)
	8805184  -  ResidentSetSize of job (KB)
...
006 (112171668.004.000) 05/04 00:10:53 Image size of job updated: 9578872
	9279  -  MemoryUsage of job (MB)
	9500820  -  ResidentSetSize of job (KB)
...
006 (112171668.004.000) 05/04 00:15:54 Image size of job updated: 10183116
	9869  -  MemoryUsage of job (MB)
	10105064  -  ResidentSetSize of job (KB)
...
006 (112171668.004.000) 05/04 00:20:55 Image size of job updated: 10781200
	10453  -  MemoryUsage of job (MB)
	10703148  -  ResidentSetSize of job (KB)
...
006 (112171668.004.000) 05/04 00:25:55 Image size of job updated: 11519372
	11174  -  MemoryUsage of job (MB)
	11441320  -  ResidentSetSize of job (KB)
...
006 (112171668.004.000) 05/04 00:30:56 Image size of job updated: 12190836
	11829  -  MemoryUsage of job (MB)
	12112784  -  ResidentSetSize of job (KB)
...
006 (112171668.004.000) 05/04 00:35:57 Image size of job updated: 12808620
	12433  -  MemoryUsage of job (MB)
	12730568  -  ResidentSetSize of job (KB)
...
006 (112171668.004.000) 05/04 00:40:57 Image size of job updated: 13486488
	13095  -  MemoryUsage of job (MB)
	13408436  -  ResidentSetSize of job (KB)
...
006 (112171668.004.000) 05/04 00:45:57 Image size of job updated: 14076120
	13670  -  MemoryUsage of job (MB)
	13998068  -  ResidentSetSize of job (KB)
...
006 (112171668.004.000) 05/04 00:50:59 Image size of job updated: 14789496
	14367  -  MemoryUsage of job (MB)
	14711444  -  ResidentSetSize of job (KB)
...
006 (112171668.004.000) 05/04 00:55:59 Image size of job updated: 15338656
	14903  -  MemoryUsage of job (MB)
	15260604  -  ResidentSetSize of job (KB)
...
006 (112171668.004.000) 05/04 01:01:00 Image size of job updated: 16009848
	15558  -  MemoryUsage of job (MB)
	15930700  -  ResidentSetSize of job (KB)
...
006 (112171668.004.000) 05/04 01:06:00 Image size of job updated: 16617348
	16147  -  MemoryUsage of job (MB)
	16533540  -  ResidentSetSize of job (KB)
...
006 (112171668.004.000) 05/04 01:11:00 Image size of job updated: 17275444
	16784  -  MemoryUsage of job (MB)
	17185888  -  ResidentSetSize of job (KB)
...
006 (112171668.004.000) 05/04 01:16:02 Image size of job updated: 17868044
	17350  -  MemoryUsage of job (MB)
	17766392  -  ResidentSetSize of job (KB)
...
006 (112171668.004.000) 05/04 01:21:02 Image size of job updated: 18597872
	18056  -  MemoryUsage of job (MB)
	18488504  -  ResidentSetSize of job (KB)
...
006 (112171668.004.000) 05/04 01:26:02 Image size of job updated: 19228720
	18656  -  MemoryUsage of job (MB)
	19103476  -  ResidentSetSize of job (KB)
...
006 (112171668.004.000) 05/04 01:31:03 Image size of job updated: 19898468
	19295  -  MemoryUsage of job (MB)
	19757172  -  ResidentSetSize of job (KB)
...
006 (112171668.004.000) 05/04 01:36:04 Image size of job updated: 20617716
	19969  -  MemoryUsage of job (MB)
	20447616  -  ResidentSetSize of job (KB)
...
006 (112171668.004.000) 05/04 01:41:04 Image size of job updated: 21400952
	20454  -  MemoryUsage of job (MB)
	20944144  -  ResidentSetSize of job (KB)
...
006 (112171668.004.000) 05/04 01:46:04 Image size of job updated: 22103000
	20454  -  MemoryUsage of job (MB)
	20944144  -  ResidentSetSize of job (KB)
...
006 (112171668.004.000) 05/04 01:51:05 Image size of job updated: 22598656
	20454  -  MemoryUsage of job (MB)
	20944144  -  ResidentSetSize of job (KB)
...
006 (112171668.004.000) 05/04 01:56:06 Image size of job updated: 23018544
	20454  -  MemoryUsage of job (MB)
	20944144  -  ResidentSetSize of job (KB)
...
006 (112171668.004.000) 05/04 01:56:29 Image size of job updated: 23082060
	20454  -  MemoryUsage of job (MB)
	20944144  -  ResidentSetSize of job (KB)
...
005 (112171668.004.000) 05/04 01:56:31 Job terminated.
	(1) Normal termination (return value 0)
		Usr 0 02:45:34, Sys 0 00:02:36  -  Run Remote Usage
		Usr 0 00:00:00, Sys 0 00:00:00  -  Run Local Usage
		Usr 0 02:45:34, Sys 0 00:02:36  -  Total Remote Usage
		Usr 0 00:00:00, Sys 0 00:00:00  -  Total Local Usage
	22585972  -  Run Bytes Sent By Job
	1780305536  -  Run Bytes Received By Job
	22585972  -  Total Bytes Sent By Job
	1780305536  -  Total Bytes Received By Job
	Partitionable Resources :      Usage  Request Allocated 
	   Cpus                 :       0.98        1         1 
	   Disk (KB)            : 6851806    20971520  21230362 
	   Ioheavy              :                             0 
	   Memory (MB)          :   20454       20480     20480 
...
