000 (112045438.068.000) 05/01 17:51:46 Job submitted from host: <128.104.100.44:9618?addrs=128.104.100.44-9618+[2607-f388-107c-501-90e2-baff-fe2c-2724]-9618&noUDP&sock=4699_0235_3>
...
001 (112045438.068.000) 05/02 02:05:00 Job executing on host: <128.105.245.234:9618?addrs=128.105.245.234-9618&noUDP&sock=5449_23a5_29>
...
006 (112045438.068.000) 05/02 02:05:09 Image size of job updated: 632
	1  -  MemoryUsage of job (MB)
	628  -  ResidentSetSize of job (KB)
...
006 (112045438.068.000) 05/02 02:10:10 Image size of job updated: 289728
	207  -  MemoryUsage of job (MB)
	211732  -  ResidentSetSize of job (KB)
...
006 (112045438.068.000) 05/02 02:15:11 Image size of job updated: 643316
	553  -  MemoryUsage of job (MB)
	565320  -  ResidentSetSize of job (KB)
...
006 (112045438.068.000) 05/02 02:20:11 Image size of job updated: 1045328
	945  -  MemoryUsage of job (MB)
	967272  -  ResidentSetSize of job (KB)
...
006 (112045438.068.000) 05/02 02:25:12 Image size of job updated: 1450332
	1341  -  MemoryUsage of job (MB)
	1372276  -  ResidentSetSize of job (KB)
...
006 (112045438.068.000) 05/02 02:30:12 Image size of job updated: 2004784
	1882  -  MemoryUsage of job (MB)
	1926728  -  ResidentSetSize of job (KB)
...
006 (112045438.068.000) 05/02 02:35:13 Image size of job updated: 2651796
	2514  -  MemoryUsage of job (MB)
	2573740  -  ResidentSetSize of job (KB)
...
006 (112045438.068.000) 05/02 02:37:29 Image size of job updated: 2951516
	2516  -  MemoryUsage of job (MB)
	2576080  -  ResidentSetSize of job (KB)
...
005 (112045438.068.000) 05/02 02:37:30 Job terminated.
	(1) Normal termination (return value 0)
		Usr 0 00:25:30, Sys 0 00:00:33  -  Run Remote Usage
		Usr 0 00:00:00, Sys 0 00:00:00  -  Run Local Usage
		Usr 0 00:25:30, Sys 0 00:00:33  -  Total Remote Usage
		Usr 0 00:00:00, Sys 0 00:00:00  -  Total Local Usage
	5417020  -  Run Bytes Sent By Job
	1780294016  -  Run Bytes Received By Job
	5417020  -  Total Bytes Sent By Job
	1780294016  -  Total Bytes Received By Job
	Partitionable Resources :      Usage  Request Allocated 
	   Cpus                 :       1.00        1         1 
	   Disk (KB)            : 6852151    20971520  21138484 
	   Ioheavy              :                             0 
	   Memory (MB)          :    2516       20480     20480 
...
