000 (112171668.023.000) 05/03 11:56:36 Job submitted from host: <128.104.100.44:9618?addrs=128.104.100.44-9618+[2607-f388-107c-501-90e2-baff-fe2c-2724]-9618&noUDP&sock=4699_0235_3>
...
001 (112171668.023.000) 05/03 23:22:21 Job executing on host: <128.105.245.241:9618?addrs=128.105.245.241-9618&noUDP&sock=33549_66e8_3>
...
006 (112171668.023.000) 05/03 23:22:29 Image size of job updated: 640
	1  -  MemoryUsage of job (MB)
	640  -  ResidentSetSize of job (KB)
...
006 (112171668.023.000) 05/03 23:27:35 Image size of job updated: 680
	1  -  MemoryUsage of job (MB)
	680  -  ResidentSetSize of job (KB)
...
006 (112171668.023.000) 05/03 23:32:32 Image size of job updated: 870548
	774  -  MemoryUsage of job (MB)
	792496  -  ResidentSetSize of job (KB)
...
006 (112171668.023.000) 05/03 23:37:32 Image size of job updated: 1825776
	1707  -  MemoryUsage of job (MB)
	1747724  -  ResidentSetSize of job (KB)
...
006 (112171668.023.000) 05/03 23:42:32 Image size of job updated: 3161344
	3012  -  MemoryUsage of job (MB)
	3083292  -  ResidentSetSize of job (KB)
...
006 (112171668.023.000) 05/03 23:47:32 Image size of job updated: 4590216
	4407  -  MemoryUsage of job (MB)
	4512164  -  ResidentSetSize of job (KB)
...
006 (112171668.023.000) 05/03 23:52:32 Image size of job updated: 6112736
	5894  -  MemoryUsage of job (MB)
	6034684  -  ResidentSetSize of job (KB)
...
006 (112171668.023.000) 05/03 23:57:32 Image size of job updated: 7513696
	7262  -  MemoryUsage of job (MB)
	7435644  -  ResidentSetSize of job (KB)
...
006 (112171668.023.000) 05/04 00:02:32 Image size of job updated: 8907508
	8623  -  MemoryUsage of job (MB)
	8829456  -  ResidentSetSize of job (KB)
...
006 (112171668.023.000) 05/04 00:07:31 Image size of job updated: 10311388
	9994  -  MemoryUsage of job (MB)
	10233336  -  ResidentSetSize of job (KB)
...
006 (112171668.023.000) 05/04 00:12:32 Image size of job updated: 11471100
	11127  -  MemoryUsage of job (MB)
	11393048  -  ResidentSetSize of job (KB)
...
006 (112171668.023.000) 05/04 00:17:33 Image size of job updated: 12621784
	12250  -  MemoryUsage of job (MB)
	12543732  -  ResidentSetSize of job (KB)
...
006 (112171668.023.000) 05/04 00:22:34 Image size of job updated: 13855304
	13455  -  MemoryUsage of job (MB)
	13777252  -  ResidentSetSize of job (KB)
...
006 (112171668.023.000) 05/04 00:27:35 Image size of job updated: 15035888
	14608  -  MemoryUsage of job (MB)
	14957836  -  ResidentSetSize of job (KB)
...
006 (112171668.023.000) 05/04 00:32:36 Image size of job updated: 16309792
	15851  -  MemoryUsage of job (MB)
	16230956  -  ResidentSetSize of job (KB)
...
006 (112171668.023.000) 05/04 00:37:37 Image size of job updated: 17609276
	17117  -  MemoryUsage of job (MB)
	17527080  -  ResidentSetSize of job (KB)
...
006 (112171668.023.000) 05/04 00:42:38 Image size of job updated: 18869004
	18325  -  MemoryUsage of job (MB)
	18764104  -  ResidentSetSize of job (KB)
...
006 (112171668.023.000) 05/04 00:47:39 Image size of job updated: 20180328
	19471  -  MemoryUsage of job (MB)
	19937620  -  ResidentSetSize of job (KB)
...
006 (112171668.023.000) 05/04 00:52:40 Image size of job updated: 21460192
	20261  -  MemoryUsage of job (MB)
	20746828  -  ResidentSetSize of job (KB)
...
006 (112171668.023.000) 05/04 00:57:41 Image size of job updated: 22540632
	20435  -  MemoryUsage of job (MB)
	20925424  -  ResidentSetSize of job (KB)
...
006 (112171668.023.000) 05/04 01:02:42 Image size of job updated: 23355688
	20435  -  MemoryUsage of job (MB)
	20925424  -  ResidentSetSize of job (KB)
...
006 (112171668.023.000) 05/04 01:07:43 Image size of job updated: 24204132
	20435  -  MemoryUsage of job (MB)
	20925424  -  ResidentSetSize of job (KB)
...
006 (112171668.023.000) 05/04 01:12:44 Image size of job updated: 24957776
	20439  -  MemoryUsage of job (MB)
	20928596  -  ResidentSetSize of job (KB)
...
006 (112171668.023.000) 05/04 01:17:45 Image size of job updated: 25654604
	20439  -  MemoryUsage of job (MB)
	20928596  -  ResidentSetSize of job (KB)
...
006 (112171668.023.000) 05/04 01:17:59 Image size of job updated: 25655340
	20439  -  MemoryUsage of job (MB)
	20928596  -  ResidentSetSize of job (KB)
...
005 (112171668.023.000) 05/04 01:18:01 Job terminated.
	(1) Normal termination (return value 0)
		Usr 0 01:44:42, Sys 0 00:01:58  -  Run Remote Usage
		Usr 0 00:00:00, Sys 0 00:00:00  -  Run Local Usage
		Usr 0 01:44:42, Sys 0 00:01:58  -  Total Remote Usage
		Usr 0 00:00:00, Sys 0 00:00:00  -  Total Local Usage
	25488580  -  Run Bytes Sent By Job
	1780305536  -  Run Bytes Received By Job
	25488580  -  Total Bytes Sent By Job
	1780305536  -  Total Bytes Received By Job
	Partitionable Resources :      Usage  Request Allocated 
	   Cpus                 :       0.97        1         1 
	   Disk (KB)            : 6894049    20971520  21107949 
	   Ioheavy              :                             0 
	   Memory (MB)          :   20439       20480     20480 
...
