000 (112171668.090.000) 05/03 11:56:36 Job submitted from host: <128.104.100.44:9618?addrs=128.104.100.44-9618+[2607-f388-107c-501-90e2-baff-fe2c-2724]-9618&noUDP&sock=4699_0235_3>
...
001 (112171668.090.000) 05/04 00:56:57 Job executing on host: <128.105.245.185:9618?addrs=128.105.245.185-9618&noUDP&sock=5452_326e_36>
...
006 (112171668.090.000) 05/04 00:57:06 Image size of job updated: 616
	1  -  MemoryUsage of job (MB)
	616  -  ResidentSetSize of job (KB)
...
006 (112171668.090.000) 05/04 01:02:09 Image size of job updated: 620
	1  -  MemoryUsage of job (MB)
	620  -  ResidentSetSize of job (KB)
...
006 (112171668.090.000) 05/04 01:07:08 Image size of job updated: 640
	1  -  MemoryUsage of job (MB)
	640  -  ResidentSetSize of job (KB)
...
006 (112171668.090.000) 05/04 01:17:13 Image size of job updated: 652
	1  -  MemoryUsage of job (MB)
	652  -  ResidentSetSize of job (KB)
...
006 (112171668.090.000) 05/04 01:22:11 Image size of job updated: 314360
	231  -  MemoryUsage of job (MB)
	236368  -  ResidentSetSize of job (KB)
...
006 (112171668.090.000) 05/04 01:27:11 Image size of job updated: 625764
	535  -  MemoryUsage of job (MB)
	547772  -  ResidentSetSize of job (KB)
...
006 (112171668.090.000) 05/04 01:32:13 Image size of job updated: 1044240
	944  -  MemoryUsage of job (MB)
	966188  -  ResidentSetSize of job (KB)
...
006 (112171668.090.000) 05/04 01:37:13 Image size of job updated: 1555752
	1444  -  MemoryUsage of job (MB)
	1477700  -  ResidentSetSize of job (KB)
...
006 (112171668.090.000) 05/04 01:42:14 Image size of job updated: 2146284
	2020  -  MemoryUsage of job (MB)
	2068232  -  ResidentSetSize of job (KB)
...
006 (112171668.090.000) 05/04 01:47:14 Image size of job updated: 2877420
	2734  -  MemoryUsage of job (MB)
	2799368  -  ResidentSetSize of job (KB)
...
006 (112171668.090.000) 05/04 01:52:14 Image size of job updated: 3699208
	3537  -  MemoryUsage of job (MB)
	3621156  -  ResidentSetSize of job (KB)
...
006 (112171668.090.000) 05/04 01:57:16 Image size of job updated: 4350876
	4173  -  MemoryUsage of job (MB)
	4272824  -  ResidentSetSize of job (KB)
...
006 (112171668.090.000) 05/04 02:02:16 Image size of job updated: 5013668
	4820  -  MemoryUsage of job (MB)
	4935616  -  ResidentSetSize of job (KB)
...
006 (112171668.090.000) 05/04 02:07:16 Image size of job updated: 5704868
	5495  -  MemoryUsage of job (MB)
	5626816  -  ResidentSetSize of job (KB)
...
006 (112171668.090.000) 05/04 02:12:17 Image size of job updated: 6371716
	6147  -  MemoryUsage of job (MB)
	6293664  -  ResidentSetSize of job (KB)
...
006 (112171668.090.000) 05/04 02:17:17 Image size of job updated: 7006216
	6766  -  MemoryUsage of job (MB)
	6928164  -  ResidentSetSize of job (KB)
...
006 (112171668.090.000) 05/04 02:22:17 Image size of job updated: 7371508
	7123  -  MemoryUsage of job (MB)
	7293456  -  ResidentSetSize of job (KB)
...
006 (112171668.090.000) 05/04 02:27:17 Image size of job updated: 7882756
	7622  -  MemoryUsage of job (MB)
	7804704  -  ResidentSetSize of job (KB)
...
006 (112171668.090.000) 05/04 02:32:18 Image size of job updated: 8503100
	8228  -  MemoryUsage of job (MB)
	8425048  -  ResidentSetSize of job (KB)
...
006 (112171668.090.000) 05/04 02:37:18 Image size of job updated: 9206120
	8915  -  MemoryUsage of job (MB)
	9128068  -  ResidentSetSize of job (KB)
...
006 (112171668.090.000) 05/04 02:42:19 Image size of job updated: 9836792
	9531  -  MemoryUsage of job (MB)
	9758724  -  ResidentSetSize of job (KB)
...
006 (112171668.090.000) 05/04 02:47:19 Image size of job updated: 10487832
	10166  -  MemoryUsage of job (MB)
	10409764  -  ResidentSetSize of job (KB)
...
006 (112171668.090.000) 05/04 02:52:20 Image size of job updated: 11097208
	10761  -  MemoryUsage of job (MB)
	11019156  -  ResidentSetSize of job (KB)
...
006 (112171668.090.000) 05/04 02:57:20 Image size of job updated: 11702500
	11352  -  MemoryUsage of job (MB)
	11624432  -  ResidentSetSize of job (KB)
...
006 (112171668.090.000) 05/04 03:02:20 Image size of job updated: 12105596
	11746  -  MemoryUsage of job (MB)
	12027528  -  ResidentSetSize of job (KB)
...
006 (112171668.090.000) 05/04 03:07:20 Image size of job updated: 12523568
	12154  -  MemoryUsage of job (MB)
	12445500  -  ResidentSetSize of job (KB)
...
006 (112171668.090.000) 05/04 03:12:20 Image size of job updated: 12807924
	12432  -  MemoryUsage of job (MB)
	12729856  -  ResidentSetSize of job (KB)
...
006 (112171668.090.000) 05/04 03:17:21 Image size of job updated: 13254964
	12869  -  MemoryUsage of job (MB)
	13176896  -  ResidentSetSize of job (KB)
...
006 (112171668.090.000) 05/04 03:22:21 Image size of job updated: 13834016
	13434  -  MemoryUsage of job (MB)
	13755948  -  ResidentSetSize of job (KB)
...
006 (112171668.090.000) 05/04 03:27:22 Image size of job updated: 14617352
	14199  -  MemoryUsage of job (MB)
	14539300  -  ResidentSetSize of job (KB)
...
006 (112171668.090.000) 05/04 03:32:23 Image size of job updated: 15173656
	14742  -  MemoryUsage of job (MB)
	15095364  -  ResidentSetSize of job (KB)
...
006 (112171668.090.000) 05/04 03:37:23 Image size of job updated: 15480024
	15039  -  MemoryUsage of job (MB)
	15399172  -  ResidentSetSize of job (KB)
...
006 (112171668.090.000) 05/04 03:42:23 Image size of job updated: 15953944
	15500  -  MemoryUsage of job (MB)
	15871756  -  ResidentSetSize of job (KB)
...
006 (112171668.090.000) 05/04 03:47:24 Image size of job updated: 16259132
	15797  -  MemoryUsage of job (MB)
	16176048  -  ResidentSetSize of job (KB)
...
006 (112171668.090.000) 05/04 03:52:24 Image size of job updated: 16701484
	16228  -  MemoryUsage of job (MB)
	16617388  -  ResidentSetSize of job (KB)
...
006 (112171668.090.000) 05/04 03:57:25 Image size of job updated: 17044356
	16562  -  MemoryUsage of job (MB)
	16959224  -  ResidentSetSize of job (KB)
...
006 (112171668.090.000) 05/04 04:02:26 Image size of job updated: 17375068
	16884  -  MemoryUsage of job (MB)
	17288988  -  ResidentSetSize of job (KB)
...
006 (112171668.090.000) 05/04 04:07:25 Image size of job updated: 17986736
	17480  -  MemoryUsage of job (MB)
	17899140  -  ResidentSetSize of job (KB)
...
006 (112171668.090.000) 05/04 04:12:26 Image size of job updated: 18269876
	17756  -  MemoryUsage of job (MB)
	18181148  -  ResidentSetSize of job (KB)
...
006 (112171668.090.000) 05/04 04:17:26 Image size of job updated: 18537920
	18014  -  MemoryUsage of job (MB)
	18445844  -  ResidentSetSize of job (KB)
...
006 (112171668.090.000) 05/04 04:22:27 Image size of job updated: 18810244
	18276  -  MemoryUsage of job (MB)
	18714576  -  ResidentSetSize of job (KB)
...
006 (112171668.090.000) 05/04 04:27:27 Image size of job updated: 18967944
	18429  -  MemoryUsage of job (MB)
	18870484  -  ResidentSetSize of job (KB)
...
006 (112171668.090.000) 05/04 04:32:28 Image size of job updated: 19293000
	18742  -  MemoryUsage of job (MB)
	19191716  -  ResidentSetSize of job (KB)
...
006 (112171668.090.000) 05/04 04:37:28 Image size of job updated: 19642640
	19075  -  MemoryUsage of job (MB)
	19532276  -  ResidentSetSize of job (KB)
...
006 (112171668.090.000) 05/04 04:42:28 Image size of job updated: 20101120
	19513  -  MemoryUsage of job (MB)
	19980992  -  ResidentSetSize of job (KB)
...
006 (112171668.090.000) 05/04 04:47:29 Image size of job updated: 20483924
	19826  -  MemoryUsage of job (MB)
	20301496  -  ResidentSetSize of job (KB)
...
006 (112171668.090.000) 05/04 04:52:30 Image size of job updated: 20936900
	20182  -  MemoryUsage of job (MB)
	20666348  -  ResidentSetSize of job (KB)
...
006 (112171668.090.000) 05/04 04:57:31 Image size of job updated: 21419768
	20425  -  MemoryUsage of job (MB)
	20914708  -  ResidentSetSize of job (KB)
...
006 (112171668.090.000) 05/04 05:02:33 Image size of job updated: 21767216
	20441  -  MemoryUsage of job (MB)
	20930996  -  ResidentSetSize of job (KB)
...
006 (112171668.090.000) 05/04 05:07:31 Image size of job updated: 22137740
	20445  -  MemoryUsage of job (MB)
	20935092  -  ResidentSetSize of job (KB)
...
006 (112171668.090.000) 05/04 05:12:32 Image size of job updated: 22516004
	20450  -  MemoryUsage of job (MB)
	20940376  -  ResidentSetSize of job (KB)
...
006 (112171668.090.000) 05/04 05:17:32 Image size of job updated: 22862464
	20450  -  MemoryUsage of job (MB)
	20940376  -  ResidentSetSize of job (KB)
...
006 (112171668.090.000) 05/04 05:19:50 Image size of job updated: 23077448
	20450  -  MemoryUsage of job (MB)
	20940376  -  ResidentSetSize of job (KB)
...
005 (112171668.090.000) 05/04 05:19:54 Job terminated.
	(1) Normal termination (return value 0)
		Usr 0 02:32:19, Sys 0 00:04:19  -  Run Remote Usage
		Usr 0 00:00:00, Sys 0 00:00:00  -  Run Local Usage
		Usr 0 02:32:19, Sys 0 00:04:19  -  Total Remote Usage
		Usr 0 00:00:00, Sys 0 00:00:00  -  Total Local Usage
	22519340  -  Run Bytes Sent By Job
	1780305536  -  Run Bytes Received By Job
	22519340  -  Total Bytes Sent By Job
	1780305536  -  Total Bytes Received By Job
	Partitionable Resources :      Usage  Request Allocated 
	   Cpus                 :       0.72        1         1 
	   Disk (KB)            : 6851742    20971520  22004607 
	   Ioheavy              :                             0 
	   Memory (MB)          :   20450       20480     20480 
...
