000 (112070720.006.000) 05/02 11:02:36 Job submitted from host: <128.104.100.44:9618?addrs=128.104.100.44-9618+[2607-f388-107c-501-90e2-baff-fe2c-2724]-9618&noUDP&sock=4699_0235_3>
...
001 (112070720.006.000) 05/02 11:10:36 Job executing on host: <128.105.245.172:9618?addrs=128.105.245.172-9618&noUDP&sock=5426_5cf8_44>
...
006 (112070720.006.000) 05/02 11:10:44 Image size of job updated: 620
	1  -  MemoryUsage of job (MB)
	620  -  ResidentSetSize of job (KB)
...
006 (112070720.006.000) 05/02 11:15:45 Image size of job updated: 315524
	232  -  MemoryUsage of job (MB)
	237532  -  ResidentSetSize of job (KB)
...
006 (112070720.006.000) 05/02 11:20:46 Image size of job updated: 721172
	629  -  MemoryUsage of job (MB)
	643180  -  ResidentSetSize of job (KB)
...
006 (112070720.006.000) 05/02 11:25:46 Image size of job updated: 1111220
	1009  -  MemoryUsage of job (MB)
	1033168  -  ResidentSetSize of job (KB)
...
006 (112070720.006.000) 05/02 11:30:46 Image size of job updated: 1706316
	1591  -  MemoryUsage of job (MB)
	1628264  -  ResidentSetSize of job (KB)
...
006 (112070720.006.000) 05/02 11:35:48 Image size of job updated: 2331312
	2201  -  MemoryUsage of job (MB)
	2253260  -  ResidentSetSize of job (KB)
...
006 (112070720.006.000) 05/02 11:40:48 Image size of job updated: 3048376
	2901  -  MemoryUsage of job (MB)
	2970324  -  ResidentSetSize of job (KB)
...
006 (112070720.006.000) 05/02 11:45:48 Image size of job updated: 3951680
	3783  -  MemoryUsage of job (MB)
	3873628  -  ResidentSetSize of job (KB)
...
006 (112070720.006.000) 05/02 11:50:48 Image size of job updated: 4741568
	4555  -  MemoryUsage of job (MB)
	4663516  -  ResidentSetSize of job (KB)
...
006 (112070720.006.000) 05/02 11:55:49 Image size of job updated: 5540172
	5335  -  MemoryUsage of job (MB)
	5462120  -  ResidentSetSize of job (KB)
...
006 (112070720.006.000) 05/02 12:00:50 Image size of job updated: 6267172
	6045  -  MemoryUsage of job (MB)
	6189120  -  ResidentSetSize of job (KB)
...
006 (112070720.006.000) 05/02 12:05:50 Image size of job updated: 7063256
	6822  -  MemoryUsage of job (MB)
	6985204  -  ResidentSetSize of job (KB)
...
006 (112070720.006.000) 05/02 12:10:50 Image size of job updated: 7862592
	7603  -  MemoryUsage of job (MB)
	7784540  -  ResidentSetSize of job (KB)
...
006 (112070720.006.000) 05/02 12:15:51 Image size of job updated: 8633152
	8355  -  MemoryUsage of job (MB)
	8555100  -  ResidentSetSize of job (KB)
...
006 (112070720.006.000) 05/02 12:20:52 Image size of job updated: 9306468
	9013  -  MemoryUsage of job (MB)
	9228416  -  ResidentSetSize of job (KB)
...
006 (112070720.006.000) 05/02 12:25:52 Image size of job updated: 9991340
	9681  -  MemoryUsage of job (MB)
	9913288  -  ResidentSetSize of job (KB)
...
006 (112070720.006.000) 05/02 12:30:52 Image size of job updated: 10684720
	10359  -  MemoryUsage of job (MB)
	10606668  -  ResidentSetSize of job (KB)
...
006 (112070720.006.000) 05/02 12:35:53 Image size of job updated: 11341164
	11000  -  MemoryUsage of job (MB)
	11263112  -  ResidentSetSize of job (KB)
...
006 (112070720.006.000) 05/02 12:40:54 Image size of job updated: 12096340
	11737  -  MemoryUsage of job (MB)
	12018288  -  ResidentSetSize of job (KB)
...
006 (112070720.006.000) 05/02 12:45:54 Image size of job updated: 12719100
	12345  -  MemoryUsage of job (MB)
	12641048  -  ResidentSetSize of job (KB)
...
006 (112070720.006.000) 05/02 12:50:55 Image size of job updated: 13402596
	13013  -  MemoryUsage of job (MB)
	13324544  -  ResidentSetSize of job (KB)
...
006 (112070720.006.000) 05/02 12:55:55 Image size of job updated: 14014516
	13610  -  MemoryUsage of job (MB)
	13936464  -  ResidentSetSize of job (KB)
...
006 (112070720.006.000) 05/02 13:00:55 Image size of job updated: 14635288
	14217  -  MemoryUsage of job (MB)
	14557236  -  ResidentSetSize of job (KB)
...
006 (112070720.006.000) 05/02 13:05:56 Image size of job updated: 15271232
	14838  -  MemoryUsage of job (MB)
	15193180  -  ResidentSetSize of job (KB)
...
006 (112070720.006.000) 05/02 13:10:57 Image size of job updated: 15981832
	15524  -  MemoryUsage of job (MB)
	15895984  -  ResidentSetSize of job (KB)
...
006 (112070720.006.000) 05/02 13:15:57 Image size of job updated: 16720180
	16219  -  MemoryUsage of job (MB)
	16607920  -  ResidentSetSize of job (KB)
...
006 (112070720.006.000) 05/02 13:20:57 Image size of job updated: 17318304
	16787  -  MemoryUsage of job (MB)
	17189120  -  ResidentSetSize of job (KB)
...
006 (112070720.006.000) 05/02 13:25:58 Image size of job updated: 17986720
	17415  -  MemoryUsage of job (MB)
	17832576  -  ResidentSetSize of job (KB)
...
006 (112070720.006.000) 05/02 13:30:59 Image size of job updated: 18787764
	18162  -  MemoryUsage of job (MB)
	18597856  -  ResidentSetSize of job (KB)
...
006 (112070720.006.000) 05/02 13:36:00 Image size of job updated: 19426224
	18745  -  MemoryUsage of job (MB)
	19193904  -  ResidentSetSize of job (KB)
...
006 (112070720.006.000) 05/02 13:41:00 Image size of job updated: 19991224
	19221  -  MemoryUsage of job (MB)
	19681548  -  ResidentSetSize of job (KB)
...
006 (112070720.006.000) 05/02 13:46:01 Image size of job updated: 20609488
	19704  -  MemoryUsage of job (MB)
	20175988  -  ResidentSetSize of job (KB)
...
006 (112070720.006.000) 05/02 13:51:02 Image size of job updated: 21444460
	20199  -  MemoryUsage of job (MB)
	20683248  -  ResidentSetSize of job (KB)
...
006 (112070720.006.000) 05/02 13:56:02 Image size of job updated: 21938972
	20352  -  MemoryUsage of job (MB)
	20840080  -  ResidentSetSize of job (KB)
...
006 (112070720.006.000) 05/02 14:01:03 Image size of job updated: 22554548
	20436  -  MemoryUsage of job (MB)
	20926332  -  ResidentSetSize of job (KB)
...
006 (112070720.006.000) 05/02 14:05:41 Image size of job updated: 23078456
	20436  -  MemoryUsage of job (MB)
	20926388  -  ResidentSetSize of job (KB)
...
005 (112070720.006.000) 05/02 14:05:42 Job terminated.
	(1) Normal termination (return value 0)
		Usr 0 02:41:21, Sys 0 00:02:36  -  Run Remote Usage
		Usr 0 00:00:00, Sys 0 00:00:00  -  Run Local Usage
		Usr 0 02:41:21, Sys 0 00:02:36  -  Total Remote Usage
		Usr 0 00:00:00, Sys 0 00:00:00  -  Total Local Usage
	22438962  -  Run Bytes Sent By Job
	1780305536  -  Run Bytes Received By Job
	22438962  -  Total Bytes Sent By Job
	1780305536  -  Total Bytes Received By Job
	Partitionable Resources :      Usage  Request Allocated 
	   Cpus                 :       0.75        1         1 
	   Disk (KB)            : 6851662    20971520  21406278 
	   Ioheavy              :                             0 
	   Memory (MB)          :   20436       20480     20480 
...
