000 (112171668.096.000) 05/03 11:56:36 Job submitted from host: <128.104.100.44:9618?addrs=128.104.100.44-9618+[2607-f388-107c-501-90e2-baff-fe2c-2724]-9618&noUDP&sock=4699_0235_3>
...
001 (112171668.096.000) 05/04 01:03:02 Job executing on host: <128.105.245.172:9618?addrs=128.105.245.172-9618&noUDP&sock=5426_5cf8_44>
...
006 (112171668.096.000) 05/04 01:03:17 Image size of job updated: 612
	1  -  MemoryUsage of job (MB)
	612  -  ResidentSetSize of job (KB)
...
006 (112171668.096.000) 05/04 01:08:20 Image size of job updated: 620
	1  -  MemoryUsage of job (MB)
	620  -  ResidentSetSize of job (KB)
...
006 (112171668.096.000) 05/04 01:18:15 Image size of job updated: 624
	1  -  MemoryUsage of job (MB)
	624  -  ResidentSetSize of job (KB)
...
006 (112171668.096.000) 05/04 01:23:17 Image size of job updated: 644
	1  -  MemoryUsage of job (MB)
	644  -  ResidentSetSize of job (KB)
...
006 (112171668.096.000) 05/04 01:28:16 Image size of job updated: 648
	1  -  MemoryUsage of job (MB)
	648  -  ResidentSetSize of job (KB)
...
006 (112171668.096.000) 05/04 01:33:16 Image size of job updated: 394488
	310  -  MemoryUsage of job (MB)
	316496  -  ResidentSetSize of job (KB)
...
006 (112171668.096.000) 05/04 01:38:17 Image size of job updated: 777608
	684  -  MemoryUsage of job (MB)
	699556  -  ResidentSetSize of job (KB)
...
006 (112171668.096.000) 05/04 01:43:17 Image size of job updated: 1103412
	1002  -  MemoryUsage of job (MB)
	1025360  -  ResidentSetSize of job (KB)
...
006 (112171668.096.000) 05/04 01:48:17 Image size of job updated: 1631440
	1517  -  MemoryUsage of job (MB)
	1553388  -  ResidentSetSize of job (KB)
...
006 (112171668.096.000) 05/04 01:53:18 Image size of job updated: 2158204
	2032  -  MemoryUsage of job (MB)
	2080152  -  ResidentSetSize of job (KB)
...
006 (112171668.096.000) 05/04 01:58:19 Image size of job updated: 2800412
	2659  -  MemoryUsage of job (MB)
	2722360  -  ResidentSetSize of job (KB)
...
006 (112171668.096.000) 05/04 02:03:19 Image size of job updated: 3595044
	3435  -  MemoryUsage of job (MB)
	3516992  -  ResidentSetSize of job (KB)
...
006 (112171668.096.000) 05/04 02:08:19 Image size of job updated: 4357560
	4180  -  MemoryUsage of job (MB)
	4279508  -  ResidentSetSize of job (KB)
...
006 (112171668.096.000) 05/04 02:13:20 Image size of job updated: 4834924
	4646  -  MemoryUsage of job (MB)
	4756872  -  ResidentSetSize of job (KB)
...
006 (112171668.096.000) 05/04 02:18:21 Image size of job updated: 5583992
	5377  -  MemoryUsage of job (MB)
	5505940  -  ResidentSetSize of job (KB)
...
006 (112171668.096.000) 05/04 02:23:21 Image size of job updated: 6219636
	5998  -  MemoryUsage of job (MB)
	6141584  -  ResidentSetSize of job (KB)
...
006 (112171668.096.000) 05/04 02:28:21 Image size of job updated: 6832888
	6597  -  MemoryUsage of job (MB)
	6754836  -  ResidentSetSize of job (KB)
...
006 (112171668.096.000) 05/04 02:33:22 Image size of job updated: 7520772
	7269  -  MemoryUsage of job (MB)
	7442720  -  ResidentSetSize of job (KB)
...
006 (112171668.096.000) 05/04 02:38:22 Image size of job updated: 8175968
	7909  -  MemoryUsage of job (MB)
	8097916  -  ResidentSetSize of job (KB)
...
006 (112171668.096.000) 05/04 02:43:22 Image size of job updated: 8884384
	8600  -  MemoryUsage of job (MB)
	8806332  -  ResidentSetSize of job (KB)
...
006 (112171668.096.000) 05/04 02:48:22 Image size of job updated: 9419212
	9123  -  MemoryUsage of job (MB)
	9341160  -  ResidentSetSize of job (KB)
...
006 (112171668.096.000) 05/04 02:53:23 Image size of job updated: 9954272
	9645  -  MemoryUsage of job (MB)
	9876204  -  ResidentSetSize of job (KB)
...
006 (112171668.096.000) 05/04 02:58:27 Image size of job updated: 10482404
	10161  -  MemoryUsage of job (MB)
	10404352  -  ResidentSetSize of job (KB)
...
006 (112171668.096.000) 05/04 03:03:23 Image size of job updated: 10966556
	10634  -  MemoryUsage of job (MB)
	10888488  -  ResidentSetSize of job (KB)
...
006 (112171668.096.000) 05/04 03:08:23 Image size of job updated: 11723600
	11373  -  MemoryUsage of job (MB)
	11645532  -  ResidentSetSize of job (KB)
...
006 (112171668.096.000) 05/04 03:13:24 Image size of job updated: 12158472
	11798  -  MemoryUsage of job (MB)
	12080420  -  ResidentSetSize of job (KB)
...
006 (112171668.096.000) 05/04 03:18:24 Image size of job updated: 12580932
	12210  -  MemoryUsage of job (MB)
	12502864  -  ResidentSetSize of job (KB)
...
006 (112171668.096.000) 05/04 03:23:25 Image size of job updated: 13226052
	12840  -  MemoryUsage of job (MB)
	13147984  -  ResidentSetSize of job (KB)
...
006 (112171668.096.000) 05/04 03:28:25 Image size of job updated: 13901752
	13500  -  MemoryUsage of job (MB)
	13823700  -  ResidentSetSize of job (KB)
...
006 (112171668.096.000) 05/04 03:33:26 Image size of job updated: 14597832
	14180  -  MemoryUsage of job (MB)
	14519780  -  ResidentSetSize of job (KB)
...
006 (112171668.096.000) 05/04 03:38:26 Image size of job updated: 15045600
	14617  -  MemoryUsage of job (MB)
	14967532  -  ResidentSetSize of job (KB)
...
006 (112171668.096.000) 05/04 03:43:28 Image size of job updated: 15757760
	15312  -  MemoryUsage of job (MB)
	15678548  -  ResidentSetSize of job (KB)
...
006 (112171668.096.000) 05/04 03:48:28 Image size of job updated: 16237552
	15777  -  MemoryUsage of job (MB)
	16154948  -  ResidentSetSize of job (KB)
...
006 (112171668.096.000) 05/04 03:53:28 Image size of job updated: 16528764
	16060  -  MemoryUsage of job (MB)
	16445120  -  ResidentSetSize of job (KB)
...
006 (112171668.096.000) 05/04 03:58:28 Image size of job updated: 16752924
	16278  -  MemoryUsage of job (MB)
	16668620  -  ResidentSetSize of job (KB)
...
006 (112171668.096.000) 05/04 04:03:29 Image size of job updated: 17030028
	16548  -  MemoryUsage of job (MB)
	16944700  -  ResidentSetSize of job (KB)
...
006 (112171668.096.000) 05/04 04:08:31 Image size of job updated: 17405820
	16914  -  MemoryUsage of job (MB)
	17319372  -  ResidentSetSize of job (KB)
...
006 (112171668.096.000) 05/04 04:13:31 Image size of job updated: 17889324
	17383  -  MemoryUsage of job (MB)
	17799792  -  ResidentSetSize of job (KB)
...
006 (112171668.096.000) 05/04 04:18:31 Image size of job updated: 18209656
	17691  -  MemoryUsage of job (MB)
	18115292  -  ResidentSetSize of job (KB)
...
006 (112171668.096.000) 05/04 04:23:34 Image size of job updated: 18573144
	18040  -  MemoryUsage of job (MB)
	18472896  -  ResidentSetSize of job (KB)
...
006 (112171668.096.000) 05/04 04:28:32 Image size of job updated: 19121488
	18571  -  MemoryUsage of job (MB)
	19015944  -  ResidentSetSize of job (KB)
...
006 (112171668.096.000) 05/04 04:33:33 Image size of job updated: 19589168
	19020  -  MemoryUsage of job (MB)
	19475696  -  ResidentSetSize of job (KB)
...
006 (112171668.096.000) 05/04 04:38:34 Image size of job updated: 20393876
	19781  -  MemoryUsage of job (MB)
	20255552  -  ResidentSetSize of job (KB)
...
006 (112171668.096.000) 05/04 04:43:34 Image size of job updated: 21077416
	20369  -  MemoryUsage of job (MB)
	20857072  -  ResidentSetSize of job (KB)
...
006 (112171668.096.000) 05/04 04:48:34 Image size of job updated: 21750948
	20450  -  MemoryUsage of job (MB)
	20940288  -  ResidentSetSize of job (KB)
...
006 (112171668.096.000) 05/04 04:53:34 Image size of job updated: 22418964
	20466  -  MemoryUsage of job (MB)
	20957064  -  ResidentSetSize of job (KB)
...
006 (112171668.096.000) 05/04 04:58:34 Image size of job updated: 23022368
	20466  -  MemoryUsage of job (MB)
	20957080  -  ResidentSetSize of job (KB)
...
005 (112171668.096.000) 05/04 04:58:57 Job terminated.
	(1) Normal termination (return value 0)
		Usr 0 02:36:28, Sys 0 00:04:58  -  Run Remote Usage
		Usr 0 00:00:00, Sys 0 00:00:00  -  Run Local Usage
		Usr 0 02:36:28, Sys 0 00:04:58  -  Total Remote Usage
		Usr 0 00:00:00, Sys 0 00:00:00  -  Total Local Usage
	22431088  -  Run Bytes Sent By Job
	1780305536  -  Run Bytes Received By Job
	22431088  -  Total Bytes Sent By Job
	1780305536  -  Total Bytes Received By Job
	Partitionable Resources :      Usage  Request Allocated 
	   Cpus                 :       1.00        1         1 
	   Disk (KB)            : 6851654    20971520  22078089 
	   Ioheavy              :                             0 
	   Memory (MB)          :   20466       20480     20480 
...
