000 (112070720.186.000) 05/02 11:02:36 Job submitted from host: <128.104.100.44:9618?addrs=128.104.100.44-9618+[2607-f388-107c-501-90e2-baff-fe2c-2724]-9618&noUDP&sock=4699_0235_3>
...
033 (112070720.186.000) 05/02 19:51:27 Changing job attribute JobPrio from 0 to 10
...
001 (112070720.186.000) 05/02 20:13:43 Job executing on host: <128.105.245.139:9618?addrs=128.105.245.139-9618&noUDP&sock=5430_f4b4_3>
...
006 (112070720.186.000) 05/02 20:13:54 Image size of job updated: 620
	1  -  MemoryUsage of job (MB)
	620  -  ResidentSetSize of job (KB)
...
006 (112070720.186.000) 05/02 20:18:53 Image size of job updated: 644
	1  -  MemoryUsage of job (MB)
	644  -  ResidentSetSize of job (KB)
...
006 (112070720.186.000) 05/02 20:28:58 Image size of job updated: 656
	1  -  MemoryUsage of job (MB)
	656  -  ResidentSetSize of job (KB)
...
006 (112070720.186.000) 05/02 20:33:54 Image size of job updated: 364108
	280  -  MemoryUsage of job (MB)
	286116  -  ResidentSetSize of job (KB)
...
006 (112070720.186.000) 05/02 20:38:54 Image size of job updated: 737360
	644  -  MemoryUsage of job (MB)
	659368  -  ResidentSetSize of job (KB)
...
006 (112070720.186.000) 05/02 20:43:56 Image size of job updated: 1169504
	1066  -  MemoryUsage of job (MB)
	1091452  -  ResidentSetSize of job (KB)
...
006 (112070720.186.000) 05/02 20:48:56 Image size of job updated: 1708080
	1592  -  MemoryUsage of job (MB)
	1630028  -  ResidentSetSize of job (KB)
...
006 (112070720.186.000) 05/02 20:53:57 Image size of job updated: 2330120
	2200  -  MemoryUsage of job (MB)
	2252068  -  ResidentSetSize of job (KB)
...
006 (112070720.186.000) 05/02 20:58:57 Image size of job updated: 2969128
	2824  -  MemoryUsage of job (MB)
	2891076  -  ResidentSetSize of job (KB)
...
006 (112070720.186.000) 05/02 21:03:58 Image size of job updated: 3816188
	3651  -  MemoryUsage of job (MB)
	3738136  -  ResidentSetSize of job (KB)
...
006 (112070720.186.000) 05/02 21:08:58 Image size of job updated: 4717536
	4531  -  MemoryUsage of job (MB)
	4639484  -  ResidentSetSize of job (KB)
...
006 (112070720.186.000) 05/02 21:13:58 Image size of job updated: 5550176
	5344  -  MemoryUsage of job (MB)
	5472124  -  ResidentSetSize of job (KB)
...
006 (112070720.186.000) 05/02 21:18:58 Image size of job updated: 6265848
	6043  -  MemoryUsage of job (MB)
	6187796  -  ResidentSetSize of job (KB)
...
006 (112070720.186.000) 05/02 21:23:59 Image size of job updated: 7058412
	6817  -  MemoryUsage of job (MB)
	6980360  -  ResidentSetSize of job (KB)
...
006 (112070720.186.000) 05/02 21:28:59 Image size of job updated: 7899476
	7639  -  MemoryUsage of job (MB)
	7821424  -  ResidentSetSize of job (KB)
...
006 (112070720.186.000) 05/02 21:33:59 Image size of job updated: 8446800
	8173  -  MemoryUsage of job (MB)
	8368748  -  ResidentSetSize of job (KB)
...
006 (112070720.186.000) 05/02 21:39:01 Image size of job updated: 8622104
	8344  -  MemoryUsage of job (MB)
	8544052  -  ResidentSetSize of job (KB)
...
006 (112070720.186.000) 05/02 21:44:01 Image size of job updated: 8734996
	8455  -  MemoryUsage of job (MB)
	8656944  -  ResidentSetSize of job (KB)
...
006 (112070720.186.000) 05/02 21:49:01 Image size of job updated: 8880444
	8597  -  MemoryUsage of job (MB)
	8802392  -  ResidentSetSize of job (KB)
...
006 (112070720.186.000) 05/02 21:54:02 Image size of job updated: 9120588
	8831  -  MemoryUsage of job (MB)
	9042536  -  ResidentSetSize of job (KB)
...
006 (112070720.186.000) 05/02 21:59:02 Image size of job updated: 9466240
	9169  -  MemoryUsage of job (MB)
	9388188  -  ResidentSetSize of job (KB)
...
006 (112070720.186.000) 05/02 22:04:02 Image size of job updated: 9915764
	9608  -  MemoryUsage of job (MB)
	9837712  -  ResidentSetSize of job (KB)
...
006 (112070720.186.000) 05/02 22:09:03 Image size of job updated: 10172800
	9859  -  MemoryUsage of job (MB)
	10094748  -  ResidentSetSize of job (KB)
...
006 (112070720.186.000) 05/02 22:14:03 Image size of job updated: 10469416
	10148  -  MemoryUsage of job (MB)
	10391364  -  ResidentSetSize of job (KB)
...
006 (112070720.186.000) 05/02 22:19:03 Image size of job updated: 10682972
	10357  -  MemoryUsage of job (MB)
	10604920  -  ResidentSetSize of job (KB)
...
006 (112070720.186.000) 05/02 22:24:04 Image size of job updated: 10902664
	10571  -  MemoryUsage of job (MB)
	10824612  -  ResidentSetSize of job (KB)
...
006 (112070720.186.000) 05/02 22:29:04 Image size of job updated: 11089480
	10754  -  MemoryUsage of job (MB)
	11011428  -  ResidentSetSize of job (KB)
...
006 (112070720.186.000) 05/02 22:34:04 Image size of job updated: 11479788
	11135  -  MemoryUsage of job (MB)
	11401736  -  ResidentSetSize of job (KB)
...
006 (112070720.186.000) 05/02 22:39:04 Image size of job updated: 12081172
	11722  -  MemoryUsage of job (MB)
	12003120  -  ResidentSetSize of job (KB)
...
006 (112070720.186.000) 05/02 22:44:05 Image size of job updated: 12373208
	12007  -  MemoryUsage of job (MB)
	12295156  -  ResidentSetSize of job (KB)
...
006 (112070720.186.000) 05/02 22:49:05 Image size of job updated: 12583520
	12213  -  MemoryUsage of job (MB)
	12505468  -  ResidentSetSize of job (KB)
...
006 (112070720.186.000) 05/02 22:54:05 Image size of job updated: 12780720
	12405  -  MemoryUsage of job (MB)
	12702668  -  ResidentSetSize of job (KB)
...
006 (112070720.186.000) 05/02 22:59:06 Image size of job updated: 13003072
	12623  -  MemoryUsage of job (MB)
	12925020  -  ResidentSetSize of job (KB)
...
006 (112070720.186.000) 05/02 23:04:07 Image size of job updated: 13195472
	12810  -  MemoryUsage of job (MB)
	13117420  -  ResidentSetSize of job (KB)
...
006 (112070720.186.000) 05/02 23:09:07 Image size of job updated: 13423056
	13033  -  MemoryUsage of job (MB)
	13345004  -  ResidentSetSize of job (KB)
...
006 (112070720.186.000) 05/02 23:14:07 Image size of job updated: 13593080
	13199  -  MemoryUsage of job (MB)
	13515028  -  ResidentSetSize of job (KB)
...
006 (112070720.186.000) 05/02 23:19:08 Image size of job updated: 13830000
	13430  -  MemoryUsage of job (MB)
	13751948  -  ResidentSetSize of job (KB)
...
006 (112070720.186.000) 05/02 23:24:09 Image size of job updated: 14050720
	13646  -  MemoryUsage of job (MB)
	13972668  -  ResidentSetSize of job (KB)
...
006 (112070720.186.000) 05/02 23:29:09 Image size of job updated: 14564872
	14148  -  MemoryUsage of job (MB)
	14486820  -  ResidentSetSize of job (KB)
...
006 (112070720.186.000) 05/02 23:34:10 Image size of job updated: 15202892
	14771  -  MemoryUsage of job (MB)
	15124840  -  ResidentSetSize of job (KB)
...
006 (112070720.186.000) 05/02 23:39:10 Image size of job updated: 15541460
	15101  -  MemoryUsage of job (MB)
	15462900  -  ResidentSetSize of job (KB)
...
006 (112070720.186.000) 05/02 23:44:10 Image size of job updated: 15983568
	15530  -  MemoryUsage of job (MB)
	15902016  -  ResidentSetSize of job (KB)
...
006 (112070720.186.000) 05/02 23:49:11 Image size of job updated: 16120372
	15663  -  MemoryUsage of job (MB)
	16038308  -  ResidentSetSize of job (KB)
...
006 (112070720.186.000) 05/02 23:54:11 Image size of job updated: 16455760
	15990  -  MemoryUsage of job (MB)
	16373056  -  ResidentSetSize of job (KB)
...
006 (112070720.186.000) 05/02 23:59:12 Image size of job updated: 16610120
	16140  -  MemoryUsage of job (MB)
	16527032  -  ResidentSetSize of job (KB)
...
006 (112070720.186.000) 05/03 00:04:12 Image size of job updated: 16877752
	16401  -  MemoryUsage of job (MB)
	16794152  -  ResidentSetSize of job (KB)
...
006 (112070720.186.000) 05/03 00:09:12 Image size of job updated: 17121068
	16638  -  MemoryUsage of job (MB)
	17037000  -  ResidentSetSize of job (KB)
...
006 (112070720.186.000) 05/03 00:14:13 Image size of job updated: 17376144
	16887  -  MemoryUsage of job (MB)
	17291776  -  ResidentSetSize of job (KB)
...
006 (112070720.186.000) 05/03 00:19:14 Image size of job updated: 17695604
	17199  -  MemoryUsage of job (MB)
	17610852  -  ResidentSetSize of job (KB)
...
006 (112070720.186.000) 05/03 00:24:14 Image size of job updated: 18295276
	17783  -  MemoryUsage of job (MB)
	18209244  -  ResidentSetSize of job (KB)
...
006 (112070720.186.000) 05/03 00:29:14 Image size of job updated: 18865748
	18340  -  MemoryUsage of job (MB)
	18779504  -  ResidentSetSize of job (KB)
...
006 (112070720.186.000) 05/03 00:34:15 Image size of job updated: 19205632
	18671  -  MemoryUsage of job (MB)
	19119088  -  ResidentSetSize of job (KB)
...
006 (112070720.186.000) 05/03 00:39:15 Image size of job updated: 19425328
	18884  -  MemoryUsage of job (MB)
	19336824  -  ResidentSetSize of job (KB)
...
006 (112070720.186.000) 05/03 00:44:16 Image size of job updated: 19624132
	19071  -  MemoryUsage of job (MB)
	19527812  -  ResidentSetSize of job (KB)
...
006 (112070720.186.000) 05/03 00:49:17 Image size of job updated: 20067640
	19487  -  MemoryUsage of job (MB)
	19954668  -  ResidentSetSize of job (KB)
...
006 (112070720.186.000) 05/03 00:54:18 Image size of job updated: 20582364
	19928  -  MemoryUsage of job (MB)
	20405584  -  ResidentSetSize of job (KB)
...
006 (112070720.186.000) 05/03 00:59:18 Image size of job updated: 21266280
	20435  -  MemoryUsage of job (MB)
	20924704  -  ResidentSetSize of job (KB)
...
006 (112070720.186.000) 05/03 01:04:20 Image size of job updated: 21815872
	20442  -  MemoryUsage of job (MB)
	20932404  -  ResidentSetSize of job (KB)
...
006 (112070720.186.000) 05/03 01:09:20 Image size of job updated: 22455356
	20462  -  MemoryUsage of job (MB)
	20952712  -  ResidentSetSize of job (KB)
...
006 (112070720.186.000) 05/03 01:14:20 Image size of job updated: 22601264
	20462  -  MemoryUsage of job (MB)
	20952712  -  ResidentSetSize of job (KB)
...
006 (112070720.186.000) 05/03 01:19:21 Image size of job updated: 22919512
	20462  -  MemoryUsage of job (MB)
	20952712  -  ResidentSetSize of job (KB)
...
006 (112070720.186.000) 05/03 01:20:53 Image size of job updated: 23077004
	20462  -  MemoryUsage of job (MB)
	20952712  -  ResidentSetSize of job (KB)
...
005 (112070720.186.000) 05/03 01:21:35 Job terminated.
	(1) Normal termination (return value 0)
		Usr 0 02:32:04, Sys 0 00:03:29  -  Run Remote Usage
		Usr 0 00:00:00, Sys 0 00:00:00  -  Run Local Usage
		Usr 0 02:32:04, Sys 0 00:03:29  -  Total Remote Usage
		Usr 0 00:00:00, Sys 0 00:00:00  -  Total Local Usage
	22487008  -  Run Bytes Sent By Job
	1780305536  -  Run Bytes Received By Job
	22487008  -  Total Bytes Sent By Job
	1780305536  -  Total Bytes Received By Job
	Partitionable Resources :      Usage  Request Allocated 
	   Cpus                 :       0.15        1         1 
	   Disk (KB)            : 6851710    20971520  21345055 
	   Ioheavy              :                             0 
	   Memory (MB)          :   20462       20480     20480 
...
