000 (112171668.092.000) 05/03 11:56:36 Job submitted from host: <128.104.100.44:9618?addrs=128.104.100.44-9618+[2607-f388-107c-501-90e2-baff-fe2c-2724]-9618&noUDP&sock=4699_0235_3>
...
001 (112171668.092.000) 05/04 01:06:26 Job executing on host: <128.105.245.185:9618?addrs=128.105.245.185-9618&noUDP&sock=5452_326e_36>
...
006 (112171668.092.000) 05/04 01:06:35 Image size of job updated: 616
	1  -  MemoryUsage of job (MB)
	616  -  ResidentSetSize of job (KB)
...
006 (112171668.092.000) 05/04 01:11:36 Image size of job updated: 644
	1  -  MemoryUsage of job (MB)
	644  -  ResidentSetSize of job (KB)
...
006 (112171668.092.000) 05/04 01:16:38 Image size of job updated: 648
	1  -  MemoryUsage of job (MB)
	648  -  ResidentSetSize of job (KB)
...
006 (112171668.092.000) 05/04 01:21:38 Image size of job updated: 660
	1  -  MemoryUsage of job (MB)
	660  -  ResidentSetSize of job (KB)
...
006 (112171668.092.000) 05/04 01:26:38 Image size of job updated: 501640
	414  -  MemoryUsage of job (MB)
	423648  -  ResidentSetSize of job (KB)
...
006 (112171668.092.000) 05/04 01:31:39 Image size of job updated: 863676
	768  -  MemoryUsage of job (MB)
	785624  -  ResidentSetSize of job (KB)
...
006 (112171668.092.000) 05/04 01:36:40 Image size of job updated: 1295892
	1190  -  MemoryUsage of job (MB)
	1217840  -  ResidentSetSize of job (KB)
...
006 (112171668.092.000) 05/04 01:41:40 Image size of job updated: 1827752
	1709  -  MemoryUsage of job (MB)
	1749700  -  ResidentSetSize of job (KB)
...
006 (112171668.092.000) 05/04 01:46:41 Image size of job updated: 2530024
	2395  -  MemoryUsage of job (MB)
	2451972  -  ResidentSetSize of job (KB)
...
006 (112171668.092.000) 05/04 01:51:41 Image size of job updated: 3363560
	3209  -  MemoryUsage of job (MB)
	3285508  -  ResidentSetSize of job (KB)
...
006 (112171668.092.000) 05/04 01:56:41 Image size of job updated: 3991868
	3823  -  MemoryUsage of job (MB)
	3913816  -  ResidentSetSize of job (KB)
...
006 (112171668.092.000) 05/04 02:01:42 Image size of job updated: 4739220
	4552  -  MemoryUsage of job (MB)
	4661168  -  ResidentSetSize of job (KB)
...
006 (112171668.092.000) 05/04 02:06:43 Image size of job updated: 5404000
	5202  -  MemoryUsage of job (MB)
	5325948  -  ResidentSetSize of job (KB)
...
006 (112171668.092.000) 05/04 02:11:44 Image size of job updated: 6023932
	5807  -  MemoryUsage of job (MB)
	5945880  -  ResidentSetSize of job (KB)
...
006 (112171668.092.000) 05/04 02:16:44 Image size of job updated: 6715392
	6482  -  MemoryUsage of job (MB)
	6637340  -  ResidentSetSize of job (KB)
...
006 (112171668.092.000) 05/04 02:21:45 Image size of job updated: 7214592
	6970  -  MemoryUsage of job (MB)
	7136540  -  ResidentSetSize of job (KB)
...
006 (112171668.092.000) 05/04 02:26:46 Image size of job updated: 7697140
	7441  -  MemoryUsage of job (MB)
	7619088  -  ResidentSetSize of job (KB)
...
006 (112171668.092.000) 05/04 02:31:47 Image size of job updated: 8349680
	8078  -  MemoryUsage of job (MB)
	8271628  -  ResidentSetSize of job (KB)
...
006 (112171668.092.000) 05/04 02:36:47 Image size of job updated: 9062228
	8774  -  MemoryUsage of job (MB)
	8984176  -  ResidentSetSize of job (KB)
...
006 (112171668.092.000) 05/04 02:41:47 Image size of job updated: 9754200
	9450  -  MemoryUsage of job (MB)
	9676148  -  ResidentSetSize of job (KB)
...
006 (112171668.092.000) 05/04 02:46:48 Image size of job updated: 10387104
	10068  -  MemoryUsage of job (MB)
	10309052  -  ResidentSetSize of job (KB)
...
006 (112171668.092.000) 05/04 02:51:48 Image size of job updated: 11071188
	10736  -  MemoryUsage of job (MB)
	10993136  -  ResidentSetSize of job (KB)
...
006 (112171668.092.000) 05/04 02:56:49 Image size of job updated: 11723020
	11373  -  MemoryUsage of job (MB)
	11644968  -  ResidentSetSize of job (KB)
...
006 (112171668.092.000) 05/04 03:01:50 Image size of job updated: 12108488
	11749  -  MemoryUsage of job (MB)
	12030436  -  ResidentSetSize of job (KB)
...
006 (112171668.092.000) 05/04 03:06:51 Image size of job updated: 12561420
	12191  -  MemoryUsage of job (MB)
	12483368  -  ResidentSetSize of job (KB)
...
006 (112171668.092.000) 05/04 03:11:52 Image size of job updated: 12948528
	12569  -  MemoryUsage of job (MB)
	12870476  -  ResidentSetSize of job (KB)
...
006 (112171668.092.000) 05/04 03:16:54 Image size of job updated: 13310736
	12923  -  MemoryUsage of job (MB)
	13232684  -  ResidentSetSize of job (KB)
...
006 (112171668.092.000) 05/04 03:21:53 Image size of job updated: 13834168
	13434  -  MemoryUsage of job (MB)
	13756116  -  ResidentSetSize of job (KB)
...
006 (112171668.092.000) 05/04 03:26:54 Image size of job updated: 14581068
	14164  -  MemoryUsage of job (MB)
	14503016  -  ResidentSetSize of job (KB)
...
006 (112171668.092.000) 05/04 03:31:55 Image size of job updated: 15185052
	14753  -  MemoryUsage of job (MB)
	15107000  -  ResidentSetSize of job (KB)
...
006 (112171668.092.000) 05/04 03:36:55 Image size of job updated: 15573244
	15133  -  MemoryUsage of job (MB)
	15495192  -  ResidentSetSize of job (KB)
...
006 (112171668.092.000) 05/04 03:41:55 Image size of job updated: 16084492
	15632  -  MemoryUsage of job (MB)
	16006440  -  ResidentSetSize of job (KB)
...
006 (112171668.092.000) 05/04 03:46:56 Image size of job updated: 16466660
	16005  -  MemoryUsage of job (MB)
	16388608  -  ResidentSetSize of job (KB)
...
006 (112171668.092.000) 05/04 03:51:57 Image size of job updated: 16859708
	16389  -  MemoryUsage of job (MB)
	16781656  -  ResidentSetSize of job (KB)
...
006 (112171668.092.000) 05/04 03:56:57 Image size of job updated: 17172660
	16694  -  MemoryUsage of job (MB)
	17094480  -  ResidentSetSize of job (KB)
...
006 (112171668.092.000) 05/04 04:02:01 Image size of job updated: 17577104
	17089  -  MemoryUsage of job (MB)
	17498388  -  ResidentSetSize of job (KB)
...
006 (112171668.092.000) 05/04 04:06:58 Image size of job updated: 18249992
	17745  -  MemoryUsage of job (MB)
	18170256  -  ResidentSetSize of job (KB)
...
006 (112171668.092.000) 05/04 04:11:58 Image size of job updated: 18593164
	18080  -  MemoryUsage of job (MB)
	18513428  -  ResidentSetSize of job (KB)
...
006 (112171668.092.000) 05/04 04:16:59 Image size of job updated: 18886280
	18365  -  MemoryUsage of job (MB)
	18805644  -  ResidentSetSize of job (KB)
...
006 (112171668.092.000) 05/04 04:22:00 Image size of job updated: 19170656
	18641  -  MemoryUsage of job (MB)
	19087584  -  ResidentSetSize of job (KB)
...
006 (112171668.092.000) 05/04 04:27:00 Image size of job updated: 19323656
	18787  -  MemoryUsage of job (MB)
	19237000  -  ResidentSetSize of job (KB)
...
006 (112171668.092.000) 05/04 04:32:01 Image size of job updated: 19598864
	19047  -  MemoryUsage of job (MB)
	19503332  -  ResidentSetSize of job (KB)
...
006 (112171668.092.000) 05/04 04:37:01 Image size of job updated: 19928820
	19362  -  MemoryUsage of job (MB)
	19825740  -  ResidentSetSize of job (KB)
...
006 (112171668.092.000) 05/04 04:42:01 Image size of job updated: 20220808
	19627  -  MemoryUsage of job (MB)
	20097944  -  ResidentSetSize of job (KB)
...
006 (112171668.092.000) 05/04 04:47:01 Image size of job updated: 20557548
	19924  -  MemoryUsage of job (MB)
	20402044  -  ResidentSetSize of job (KB)
...
006 (112171668.092.000) 05/04 04:52:02 Image size of job updated: 21119592
	20354  -  MemoryUsage of job (MB)
	20842212  -  ResidentSetSize of job (KB)
...
006 (112171668.092.000) 05/04 04:57:03 Image size of job updated: 21499912
	20436  -  MemoryUsage of job (MB)
	20925840  -  ResidentSetSize of job (KB)
...
006 (112171668.092.000) 05/04 05:02:06 Image size of job updated: 21880524
	20436  -  MemoryUsage of job (MB)
	20925840  -  ResidentSetSize of job (KB)
...
006 (112171668.092.000) 05/04 05:07:05 Image size of job updated: 22488356
	20454  -  MemoryUsage of job (MB)
	20943900  -  ResidentSetSize of job (KB)
...
006 (112171668.092.000) 05/04 05:12:05 Image size of job updated: 22942976
	20454  -  MemoryUsage of job (MB)
	20943900  -  ResidentSetSize of job (KB)
...
005 (112171668.092.000) 05/04 05:13:58 Job terminated.
	(1) Normal termination (return value 0)
		Usr 0 02:30:19, Sys 0 00:04:13  -  Run Remote Usage
		Usr 0 00:00:00, Sys 0 00:00:00  -  Run Local Usage
		Usr 0 02:30:19, Sys 0 00:04:13  -  Total Remote Usage
		Usr 0 00:00:00, Sys 0 00:00:00  -  Total Local Usage
	22439088  -  Run Bytes Sent By Job
	1780305536  -  Run Bytes Received By Job
	22439088  -  Total Bytes Sent By Job
	1780305536  -  Total Bytes Received By Job
	Partitionable Resources :      Usage  Request Allocated 
	   Cpus                 :       0.98        1         1 
	   Disk (KB)            : 6851663    20971520  21241201 
	   Ioheavy              :                             0 
	   Memory (MB)          :   20454       20480     20480 
...
