000 (112171668.025.000) 05/03 11:56:36 Job submitted from host: <128.104.100.44:9618?addrs=128.104.100.44-9618+[2607-f388-107c-501-90e2-baff-fe2c-2724]-9618&noUDP&sock=4699_0235_3>
...
001 (112171668.025.000) 05/03 23:25:29 Job executing on host: <128.105.245.163:9618?addrs=128.105.245.163-9618&noUDP&sock=5471_3abb_46>
...
006 (112171668.025.000) 05/03 23:25:37 Image size of job updated: 624
	1  -  MemoryUsage of job (MB)
	624  -  ResidentSetSize of job (KB)
...
006 (112171668.025.000) 05/03 23:30:38 Image size of job updated: 648
	1  -  MemoryUsage of job (MB)
	648  -  ResidentSetSize of job (KB)
...
006 (112171668.025.000) 05/03 23:35:39 Image size of job updated: 656
	1  -  MemoryUsage of job (MB)
	656  -  ResidentSetSize of job (KB)
...
006 (112171668.025.000) 05/03 23:40:39 Image size of job updated: 320100
	237  -  MemoryUsage of job (MB)
	242104  -  ResidentSetSize of job (KB)
...
006 (112171668.025.000) 05/03 23:45:40 Image size of job updated: 632628
	542  -  MemoryUsage of job (MB)
	554632  -  ResidentSetSize of job (KB)
...
006 (112171668.025.000) 05/03 23:50:40 Image size of job updated: 1078204
	977  -  MemoryUsage of job (MB)
	1000148  -  ResidentSetSize of job (KB)
...
006 (112171668.025.000) 05/03 23:55:42 Image size of job updated: 1619948
	1506  -  MemoryUsage of job (MB)
	1541892  -  ResidentSetSize of job (KB)
...
006 (112171668.025.000) 05/04 00:00:42 Image size of job updated: 2159428
	2033  -  MemoryUsage of job (MB)
	2081372  -  ResidentSetSize of job (KB)
...
006 (112171668.025.000) 05/04 00:05:42 Image size of job updated: 2823680
	2682  -  MemoryUsage of job (MB)
	2745624  -  ResidentSetSize of job (KB)
...
006 (112171668.025.000) 05/04 00:10:42 Image size of job updated: 3678188
	3516  -  MemoryUsage of job (MB)
	3600132  -  ResidentSetSize of job (KB)
...
006 (112171668.025.000) 05/04 00:15:43 Image size of job updated: 4439544
	4260  -  MemoryUsage of job (MB)
	4361488  -  ResidentSetSize of job (KB)
...
006 (112171668.025.000) 05/04 00:20:44 Image size of job updated: 5233772
	5035  -  MemoryUsage of job (MB)
	5155716  -  ResidentSetSize of job (KB)
...
006 (112171668.025.000) 05/04 00:25:44 Image size of job updated: 6060088
	5842  -  MemoryUsage of job (MB)
	5982032  -  ResidentSetSize of job (KB)
...
006 (112171668.025.000) 05/04 00:30:45 Image size of job updated: 6869500
	6633  -  MemoryUsage of job (MB)
	6791444  -  ResidentSetSize of job (KB)
...
006 (112171668.025.000) 05/04 00:35:45 Image size of job updated: 7547972
	7295  -  MemoryUsage of job (MB)
	7469916  -  ResidentSetSize of job (KB)
...
006 (112171668.025.000) 05/04 00:40:46 Image size of job updated: 8276216
	8007  -  MemoryUsage of job (MB)
	8198160  -  ResidentSetSize of job (KB)
...
006 (112171668.025.000) 05/04 00:45:46 Image size of job updated: 8918040
	8633  -  MemoryUsage of job (MB)
	8839984  -  ResidentSetSize of job (KB)
...
006 (112171668.025.000) 05/04 00:50:47 Image size of job updated: 9647260
	9345  -  MemoryUsage of job (MB)
	9569204  -  ResidentSetSize of job (KB)
...
006 (112171668.025.000) 05/04 00:55:47 Image size of job updated: 10233868
	9918  -  MemoryUsage of job (MB)
	10155812  -  ResidentSetSize of job (KB)
...
006 (112171668.025.000) 05/04 01:00:47 Image size of job updated: 10886932
	10556  -  MemoryUsage of job (MB)
	10808876  -  ResidentSetSize of job (KB)
...
006 (112171668.025.000) 05/04 01:05:47 Image size of job updated: 11495464
	11150  -  MemoryUsage of job (MB)
	11417408  -  ResidentSetSize of job (KB)
...
006 (112171668.025.000) 05/04 01:10:47 Image size of job updated: 12152068
	11792  -  MemoryUsage of job (MB)
	12074012  -  ResidentSetSize of job (KB)
...
006 (112171668.025.000) 05/04 01:15:48 Image size of job updated: 12781220
	12406  -  MemoryUsage of job (MB)
	12703164  -  ResidentSetSize of job (KB)
...
006 (112171668.025.000) 05/04 01:20:49 Image size of job updated: 13475680
	13084  -  MemoryUsage of job (MB)
	13397624  -  ResidentSetSize of job (KB)
...
006 (112171668.025.000) 05/04 01:25:49 Image size of job updated: 14033252
	13629  -  MemoryUsage of job (MB)
	13955196  -  ResidentSetSize of job (KB)
...
006 (112171668.025.000) 05/04 01:30:49 Image size of job updated: 14751776
	14330  -  MemoryUsage of job (MB)
	14673720  -  ResidentSetSize of job (KB)
...
006 (112171668.025.000) 05/04 01:35:50 Image size of job updated: 15309804
	14874  -  MemoryUsage of job (MB)
	15230344  -  ResidentSetSize of job (KB)
...
006 (112171668.025.000) 05/04 01:40:50 Image size of job updated: 16014928
	15557  -  MemoryUsage of job (MB)
	15929580  -  ResidentSetSize of job (KB)
...
006 (112171668.025.000) 05/04 01:45:52 Image size of job updated: 16593684
	16118  -  MemoryUsage of job (MB)
	16503984  -  ResidentSetSize of job (KB)
...
006 (112171668.025.000) 05/04 01:50:52 Image size of job updated: 17264628
	16769  -  MemoryUsage of job (MB)
	17171256  -  ResidentSetSize of job (KB)
...
006 (112171668.025.000) 05/04 01:55:52 Image size of job updated: 17869172
	17351  -  MemoryUsage of job (MB)
	17767248  -  ResidentSetSize of job (KB)
...
006 (112171668.025.000) 05/04 02:00:54 Image size of job updated: 18494008
	17953  -  MemoryUsage of job (MB)
	18383520  -  ResidentSetSize of job (KB)
...
006 (112171668.025.000) 05/04 02:05:54 Image size of job updated: 18953788
	18390  -  MemoryUsage of job (MB)
	18831236  -  ResidentSetSize of job (KB)
...
006 (112171668.025.000) 05/04 02:10:55 Image size of job updated: 19598980
	18996  -  MemoryUsage of job (MB)
	19451208  -  ResidentSetSize of job (KB)
...
006 (112171668.025.000) 05/04 02:15:55 Image size of job updated: 20262340
	19632  -  MemoryUsage of job (MB)
	20102648  -  ResidentSetSize of job (KB)
...
006 (112171668.025.000) 05/04 02:20:55 Image size of job updated: 20904500
	20178  -  MemoryUsage of job (MB)
	20661884  -  ResidentSetSize of job (KB)
...
006 (112171668.025.000) 05/04 02:25:56 Image size of job updated: 21436944
	20436  -  MemoryUsage of job (MB)
	20925452  -  ResidentSetSize of job (KB)
...
006 (112171668.025.000) 05/04 02:30:56 Image size of job updated: 21799144
	20440  -  MemoryUsage of job (MB)
	20930452  -  ResidentSetSize of job (KB)
...
006 (112171668.025.000) 05/04 02:35:56 Image size of job updated: 22164612
	20442  -  MemoryUsage of job (MB)
	20932464  -  ResidentSetSize of job (KB)
...
006 (112171668.025.000) 05/04 02:40:57 Image size of job updated: 22638164
	20442  -  MemoryUsage of job (MB)
	20932464  -  ResidentSetSize of job (KB)
...
006 (112171668.025.000) 05/04 02:44:50 Image size of job updated: 23078940
	20442  -  MemoryUsage of job (MB)
	20932464  -  ResidentSetSize of job (KB)
...
005 (112171668.025.000) 05/04 02:44:52 Job terminated.
	(1) Normal termination (return value 0)
		Usr 0 02:45:16, Sys 0 00:06:58  -  Run Remote Usage
		Usr 0 00:00:00, Sys 0 00:00:00  -  Run Local Usage
		Usr 0 02:45:16, Sys 0 00:06:58  -  Total Remote Usage
		Usr 0 00:00:00, Sys 0 00:00:00  -  Total Local Usage
	22440904  -  Run Bytes Sent By Job
	1780305536  -  Run Bytes Received By Job
	22440904  -  Total Bytes Sent By Job
	1780305536  -  Total Bytes Received By Job
	Partitionable Resources :      Usage  Request Allocated 
	   Cpus                 :       0.90        1         1 
	   Disk (KB)            : 6851664    20971520  21165290 
	   Ioheavy              :                             0 
	   Memory (MB)          :   20442       20480     20480 
...
