000 (112171668.013.000) 05/03 11:56:36 Job submitted from host: <128.104.100.44:9618?addrs=128.104.100.44-9618+[2607-f388-107c-501-90e2-baff-fe2c-2724]-9618&noUDP&sock=4699_0235_3>
...
001 (112171668.013.000) 05/03 23:03:51 Job executing on host: <128.105.245.212:9618?addrs=128.105.245.212-9618&noUDP&sock=5446_14dd_3>
...
006 (112171668.013.000) 05/03 23:04:00 Image size of job updated: 616
	1  -  MemoryUsage of job (MB)
	616  -  ResidentSetSize of job (KB)
...
006 (112171668.013.000) 05/03 23:09:01 Image size of job updated: 624
	1  -  MemoryUsage of job (MB)
	624  -  ResidentSetSize of job (KB)
...
006 (112171668.013.000) 05/03 23:14:01 Image size of job updated: 644
	1  -  MemoryUsage of job (MB)
	644  -  ResidentSetSize of job (KB)
...
006 (112171668.013.000) 05/03 23:19:02 Image size of job updated: 648
	1  -  MemoryUsage of job (MB)
	648  -  ResidentSetSize of job (KB)
...
006 (112171668.013.000) 05/03 23:24:03 Image size of job updated: 652
	1  -  MemoryUsage of job (MB)
	652  -  ResidentSetSize of job (KB)
...
006 (112171668.013.000) 05/03 23:29:03 Image size of job updated: 321260
	238  -  MemoryUsage of job (MB)
	243264  -  ResidentSetSize of job (KB)
...
006 (112171668.013.000) 05/03 23:34:03 Image size of job updated: 683404
	592  -  MemoryUsage of job (MB)
	605408  -  ResidentSetSize of job (KB)
...
006 (112171668.013.000) 05/03 23:39:04 Image size of job updated: 1110216
	1008  -  MemoryUsage of job (MB)
	1032160  -  ResidentSetSize of job (KB)
...
006 (112171668.013.000) 05/03 23:44:04 Image size of job updated: 1714204
	1598  -  MemoryUsage of job (MB)
	1636148  -  ResidentSetSize of job (KB)
...
006 (112171668.013.000) 05/03 23:49:04 Image size of job updated: 2384892
	2253  -  MemoryUsage of job (MB)
	2306836  -  ResidentSetSize of job (KB)
...
006 (112171668.013.000) 05/03 23:54:05 Image size of job updated: 3181436
	3031  -  MemoryUsage of job (MB)
	3103380  -  ResidentSetSize of job (KB)
...
006 (112171668.013.000) 05/03 23:59:05 Image size of job updated: 4106868
	3935  -  MemoryUsage of job (MB)
	4028812  -  ResidentSetSize of job (KB)
...
006 (112171668.013.000) 05/04 00:04:05 Image size of job updated: 4997340
	4804  -  MemoryUsage of job (MB)
	4919284  -  ResidentSetSize of job (KB)
...
006 (112171668.013.000) 05/04 00:09:06 Image size of job updated: 5900200
	5686  -  MemoryUsage of job (MB)
	5822144  -  ResidentSetSize of job (KB)
...
006 (112171668.013.000) 05/04 00:14:06 Image size of job updated: 6717224
	6484  -  MemoryUsage of job (MB)
	6639168  -  ResidentSetSize of job (KB)
...
006 (112171668.013.000) 05/04 00:19:07 Image size of job updated: 7551980
	7299  -  MemoryUsage of job (MB)
	7473924  -  ResidentSetSize of job (KB)
...
006 (112171668.013.000) 05/04 00:24:08 Image size of job updated: 8358128
	8087  -  MemoryUsage of job (MB)
	8280072  -  ResidentSetSize of job (KB)
...
006 (112171668.013.000) 05/04 00:29:09 Image size of job updated: 9093056
	8804  -  MemoryUsage of job (MB)
	9015000  -  ResidentSetSize of job (KB)
...
006 (112171668.013.000) 05/04 00:34:09 Image size of job updated: 9848924
	9542  -  MemoryUsage of job (MB)
	9770868  -  ResidentSetSize of job (KB)
...
006 (112171668.013.000) 05/04 00:39:09 Image size of job updated: 10593872
	10270  -  MemoryUsage of job (MB)
	10515816  -  ResidentSetSize of job (KB)
...
006 (112171668.013.000) 05/04 00:44:11 Image size of job updated: 11342008
	11000  -  MemoryUsage of job (MB)
	11263952  -  ResidentSetSize of job (KB)
...
006 (112171668.013.000) 05/04 00:49:11 Image size of job updated: 12102256
	11743  -  MemoryUsage of job (MB)
	12024200  -  ResidentSetSize of job (KB)
...
006 (112171668.013.000) 05/04 00:54:12 Image size of job updated: 12756004
	12381  -  MemoryUsage of job (MB)
	12677948  -  ResidentSetSize of job (KB)
...
006 (112171668.013.000) 05/04 00:59:12 Image size of job updated: 13588596
	13194  -  MemoryUsage of job (MB)
	13510540  -  ResidentSetSize of job (KB)
...
006 (112171668.013.000) 05/04 01:04:13 Image size of job updated: 14317236
	13906  -  MemoryUsage of job (MB)
	14239180  -  ResidentSetSize of job (KB)
...
006 (112171668.013.000) 05/04 01:09:13 Image size of job updated: 14945140
	14518  -  MemoryUsage of job (MB)
	14866316  -  ResidentSetSize of job (KB)
...
006 (112171668.013.000) 05/04 01:14:14 Image size of job updated: 15581568
	15139  -  MemoryUsage of job (MB)
	15501848  -  ResidentSetSize of job (KB)
...
006 (112171668.013.000) 05/04 01:19:14 Image size of job updated: 16349684
	15889  -  MemoryUsage of job (MB)
	16269580  -  ResidentSetSize of job (KB)
...
006 (112171668.013.000) 05/04 01:24:14 Image size of job updated: 17126132
	16642  -  MemoryUsage of job (MB)
	17040412  -  ResidentSetSize of job (KB)
...
006 (112171668.013.000) 05/04 01:29:15 Image size of job updated: 17870996
	17363  -  MemoryUsage of job (MB)
	17779216  -  ResidentSetSize of job (KB)
...
006 (112171668.013.000) 05/04 01:34:16 Image size of job updated: 18569260
	18039  -  MemoryUsage of job (MB)
	18471436  -  ResidentSetSize of job (KB)
...
006 (112171668.013.000) 05/04 01:39:16 Image size of job updated: 19413616
	18843  -  MemoryUsage of job (MB)
	19294944  -  ResidentSetSize of job (KB)
...
006 (112171668.013.000) 05/04 01:44:18 Image size of job updated: 20119876
	19518  -  MemoryUsage of job (MB)
	19986056  -  ResidentSetSize of job (KB)
...
006 (112171668.013.000) 05/04 01:49:18 Image size of job updated: 20834588
	20172  -  MemoryUsage of job (MB)
	20655976  -  ResidentSetSize of job (KB)
...
006 (112171668.013.000) 05/04 01:54:18 Image size of job updated: 21259276
	20414  -  MemoryUsage of job (MB)
	20903288  -  ResidentSetSize of job (KB)
...
006 (112171668.013.000) 05/04 01:59:20 Image size of job updated: 21833700
	20442  -  MemoryUsage of job (MB)
	20931828  -  ResidentSetSize of job (KB)
...
006 (112171668.013.000) 05/04 02:04:21 Image size of job updated: 22481952
	20454  -  MemoryUsage of job (MB)
	20944360  -  ResidentSetSize of job (KB)
...
006 (112171668.013.000) 05/04 02:09:21 Image size of job updated: 22970720
	20454  -  MemoryUsage of job (MB)
	20944360  -  ResidentSetSize of job (KB)
...
006 (112171668.013.000) 05/04 02:10:27 Image size of job updated: 23076480
	20454  -  MemoryUsage of job (MB)
	20944360  -  ResidentSetSize of job (KB)
...
005 (112171668.013.000) 05/04 02:10:29 Job terminated.
	(1) Normal termination (return value 0)
		Usr 0 02:29:13, Sys 0 00:06:09  -  Run Remote Usage
		Usr 0 00:00:00, Sys 0 00:00:00  -  Run Local Usage
		Usr 0 02:29:13, Sys 0 00:06:09  -  Total Remote Usage
		Usr 0 00:00:00, Sys 0 00:00:00  -  Total Local Usage
	22566088  -  Run Bytes Sent By Job
	1780305536  -  Run Bytes Received By Job
	22566088  -  Total Bytes Sent By Job
	1780305536  -  Total Bytes Received By Job
	Partitionable Resources :      Usage  Request Allocated 
	   Cpus                 :       0.89        1         1 
	   Disk (KB)            : 6851785    20971520  21176571 
	   Ioheavy              :                             0 
	   Memory (MB)          :   20454       20480     20480 
...
