000 (112171668.132.000) 05/03 11:56:36 Job submitted from host: <128.104.100.44:9618?addrs=128.104.100.44-9618+[2607-f388-107c-501-90e2-baff-fe2c-2724]-9618&noUDP&sock=4699_0235_3>
...
001 (112171668.132.000) 05/04 01:50:34 Job executing on host: <128.105.245.166:9618?addrs=128.105.245.166-9618&noUDP&sock=5434_d9ba_3>
...
006 (112171668.132.000) 05/04 01:50:42 Image size of job updated: 624
	1  -  MemoryUsage of job (MB)
	624  -  ResidentSetSize of job (KB)
...
006 (112171668.132.000) 05/04 01:55:43 Image size of job updated: 632
	1  -  MemoryUsage of job (MB)
	632  -  ResidentSetSize of job (KB)
...
006 (112171668.132.000) 05/04 02:00:44 Image size of job updated: 652
	1  -  MemoryUsage of job (MB)
	652  -  ResidentSetSize of job (KB)
...
006 (112171668.132.000) 05/04 02:05:45 Image size of job updated: 660
	1  -  MemoryUsage of job (MB)
	660  -  ResidentSetSize of job (KB)
...
006 (112171668.132.000) 05/04 02:10:47 Image size of job updated: 386760
	302  -  MemoryUsage of job (MB)
	308768  -  ResidentSetSize of job (KB)
...
006 (112171668.132.000) 05/04 02:15:47 Image size of job updated: 834596
	739  -  MemoryUsage of job (MB)
	756544  -  ResidentSetSize of job (KB)
...
006 (112171668.132.000) 05/04 02:20:48 Image size of job updated: 1319556
	1213  -  MemoryUsage of job (MB)
	1241504  -  ResidentSetSize of job (KB)
...
006 (112171668.132.000) 05/04 02:25:49 Image size of job updated: 1990484
	1868  -  MemoryUsage of job (MB)
	1912432  -  ResidentSetSize of job (KB)
...
006 (112171668.132.000) 05/04 02:30:49 Image size of job updated: 2736916
	2597  -  MemoryUsage of job (MB)
	2658864  -  ResidentSetSize of job (KB)
...
006 (112171668.132.000) 05/04 02:35:50 Image size of job updated: 3677360
	3515  -  MemoryUsage of job (MB)
	3599308  -  ResidentSetSize of job (KB)
...
006 (112171668.132.000) 05/04 02:40:51 Image size of job updated: 4614656
	4431  -  MemoryUsage of job (MB)
	4536604  -  ResidentSetSize of job (KB)
...
006 (112171668.132.000) 05/04 02:45:51 Image size of job updated: 5562992
	5357  -  MemoryUsage of job (MB)
	5484940  -  ResidentSetSize of job (KB)
...
006 (112171668.132.000) 05/04 02:50:52 Image size of job updated: 6499912
	6272  -  MemoryUsage of job (MB)
	6421860  -  ResidentSetSize of job (KB)
...
006 (112171668.132.000) 05/04 02:55:52 Image size of job updated: 7352168
	7104  -  MemoryUsage of job (MB)
	7274116  -  ResidentSetSize of job (KB)
...
006 (112171668.132.000) 05/04 03:00:53 Image size of job updated: 8296516
	8026  -  MemoryUsage of job (MB)
	8218464  -  ResidentSetSize of job (KB)
...
006 (112171668.132.000) 05/04 03:05:54 Image size of job updated: 9089600
	8801  -  MemoryUsage of job (MB)
	9011548  -  ResidentSetSize of job (KB)
...
006 (112171668.132.000) 05/04 03:10:54 Image size of job updated: 9895088
	9587  -  MemoryUsage of job (MB)
	9817036  -  ResidentSetSize of job (KB)
...
006 (112171668.132.000) 05/04 03:15:54 Image size of job updated: 10656088
	10331  -  MemoryUsage of job (MB)
	10578036  -  ResidentSetSize of job (KB)
...
006 (112171668.132.000) 05/04 03:20:55 Image size of job updated: 11432996
	11089  -  MemoryUsage of job (MB)
	11354944  -  ResidentSetSize of job (KB)
...
006 (112171668.132.000) 05/04 03:25:56 Image size of job updated: 12187476
	11826  -  MemoryUsage of job (MB)
	12109424  -  ResidentSetSize of job (KB)
...
006 (112171668.132.000) 05/04 03:30:57 Image size of job updated: 12947972
	12569  -  MemoryUsage of job (MB)
	12869920  -  ResidentSetSize of job (KB)
...
006 (112171668.132.000) 05/04 03:35:57 Image size of job updated: 13663296
	13267  -  MemoryUsage of job (MB)
	13585244  -  ResidentSetSize of job (KB)
...
006 (112171668.132.000) 05/04 03:40:59 Image size of job updated: 14523316
	14107  -  MemoryUsage of job (MB)
	14445264  -  ResidentSetSize of job (KB)
...
006 (112171668.132.000) 05/04 03:45:59 Image size of job updated: 15228108
	14795  -  MemoryUsage of job (MB)
	15150056  -  ResidentSetSize of job (KB)
...
006 (112171668.132.000) 05/04 03:50:59 Image size of job updated: 16024764
	15573  -  MemoryUsage of job (MB)
	15946132  -  ResidentSetSize of job (KB)
...
006 (112171668.132.000) 05/04 03:56:00 Image size of job updated: 16771456
	16301  -  MemoryUsage of job (MB)
	16691556  -  ResidentSetSize of job (KB)
...
006 (112171668.132.000) 05/04 04:01:00 Image size of job updated: 17564888
	17071  -  MemoryUsage of job (MB)
	17480604  -  ResidentSetSize of job (KB)
...
006 (112171668.132.000) 05/04 04:06:01 Image size of job updated: 18329500
	17814  -  MemoryUsage of job (MB)
	18240608  -  ResidentSetSize of job (KB)
...
006 (112171668.132.000) 05/04 04:11:01 Image size of job updated: 19190832
	18647  -  MemoryUsage of job (MB)
	19094524  -  ResidentSetSize of job (KB)
...
006 (112171668.132.000) 05/04 04:16:02 Image size of job updated: 19935300
	19356  -  MemoryUsage of job (MB)
	19820168  -  ResidentSetSize of job (KB)
...
006 (112171668.132.000) 05/04 04:21:02 Image size of job updated: 20839240
	20118  -  MemoryUsage of job (MB)
	20600168  -  ResidentSetSize of job (KB)
...
006 (112171668.132.000) 05/04 04:26:03 Image size of job updated: 21548040
	20427  -  MemoryUsage of job (MB)
	20916404  -  ResidentSetSize of job (KB)
...
006 (112171668.132.000) 05/04 04:31:04 Image size of job updated: 22259700
	20433  -  MemoryUsage of job (MB)
	20922956  -  ResidentSetSize of job (KB)
...
006 (112171668.132.000) 05/04 04:36:04 Image size of job updated: 22984408
	20433  -  MemoryUsage of job (MB)
	20923280  -  ResidentSetSize of job (KB)
...
006 (112171668.132.000) 05/04 04:36:52 Image size of job updated: 23077360
	20433  -  MemoryUsage of job (MB)
	20923280  -  ResidentSetSize of job (KB)
...
005 (112171668.132.000) 05/04 04:36:53 Job terminated.
	(1) Normal termination (return value 0)
		Usr 0 02:20:27, Sys 0 00:02:04  -  Run Remote Usage
		Usr 0 00:00:00, Sys 0 00:00:00  -  Run Local Usage
		Usr 0 02:20:27, Sys 0 00:02:04  -  Total Remote Usage
		Usr 0 00:00:00, Sys 0 00:00:00  -  Total Local Usage
	22411278  -  Run Bytes Sent By Job
	1780305536  -  Run Bytes Received By Job
	22411278  -  Total Bytes Sent By Job
	1780305536  -  Total Bytes Received By Job
	Partitionable Resources :      Usage  Request Allocated 
	   Cpus                 :       0.85        1         1 
	   Disk (KB)            : 6851635    20971520  21403716 
	   Ioheavy              :                             0 
	   Memory (MB)          :   20433       20480     20480 
...
