000 (112171668.118.000) 05/03 11:56:36 Job submitted from host: <128.104.100.44:9618?addrs=128.104.100.44-9618+[2607-f388-107c-501-90e2-baff-fe2c-2724]-9618&noUDP&sock=4699_0235_3>
...
001 (112171668.118.000) 05/04 01:18:41 Job executing on host: <128.105.245.175:9618?addrs=128.105.245.175-9618&noUDP&sock=5429_6bc0_3>
...
006 (112171668.118.000) 05/04 01:18:50 Image size of job updated: 620
	1  -  MemoryUsage of job (MB)
	620  -  ResidentSetSize of job (KB)
...
006 (112171668.118.000) 05/04 01:23:51 Image size of job updated: 186640
	110  -  MemoryUsage of job (MB)
	111740  -  ResidentSetSize of job (KB)
...
006 (112171668.118.000) 05/04 01:28:52 Image size of job updated: 621392
	531  -  MemoryUsage of job (MB)
	543400  -  ResidentSetSize of job (KB)
...
006 (112171668.118.000) 05/04 01:33:53 Image size of job updated: 1107780
	1006  -  MemoryUsage of job (MB)
	1029728  -  ResidentSetSize of job (KB)
...
006 (112171668.118.000) 05/04 01:38:53 Image size of job updated: 1708708
	1593  -  MemoryUsage of job (MB)
	1630656  -  ResidentSetSize of job (KB)
...
006 (112171668.118.000) 05/04 01:43:54 Image size of job updated: 2324128
	2194  -  MemoryUsage of job (MB)
	2246076  -  ResidentSetSize of job (KB)
...
006 (112171668.118.000) 05/04 01:48:55 Image size of job updated: 3154336
	3005  -  MemoryUsage of job (MB)
	3076284  -  ResidentSetSize of job (KB)
...
006 (112171668.118.000) 05/04 01:53:55 Image size of job updated: 4182712
	4009  -  MemoryUsage of job (MB)
	4104660  -  ResidentSetSize of job (KB)
...
006 (112171668.118.000) 05/04 01:58:56 Image size of job updated: 5125656
	4930  -  MemoryUsage of job (MB)
	5047604  -  ResidentSetSize of job (KB)
...
006 (112171668.118.000) 05/04 02:03:57 Image size of job updated: 6024868
	5808  -  MemoryUsage of job (MB)
	5946816  -  ResidentSetSize of job (KB)
...
006 (112171668.118.000) 05/04 02:08:57 Image size of job updated: 6885628
	6649  -  MemoryUsage of job (MB)
	6807576  -  ResidentSetSize of job (KB)
...
006 (112171668.118.000) 05/04 02:13:58 Image size of job updated: 7872520
	7612  -  MemoryUsage of job (MB)
	7794468  -  ResidentSetSize of job (KB)
...
006 (112171668.118.000) 05/04 02:18:59 Image size of job updated: 8674344
	8395  -  MemoryUsage of job (MB)
	8596292  -  ResidentSetSize of job (KB)
...
006 (112171668.118.000) 05/04 02:23:59 Image size of job updated: 9400036
	9104  -  MemoryUsage of job (MB)
	9321984  -  ResidentSetSize of job (KB)
...
006 (112171668.118.000) 05/04 02:29:00 Image size of job updated: 10068128
	9756  -  MemoryUsage of job (MB)
	9990076  -  ResidentSetSize of job (KB)
...
006 (112171668.118.000) 05/04 02:34:00 Image size of job updated: 10740480
	10413  -  MemoryUsage of job (MB)
	10662428  -  ResidentSetSize of job (KB)
...
006 (112171668.118.000) 05/04 02:39:02 Image size of job updated: 11383376
	11041  -  MemoryUsage of job (MB)
	11305308  -  ResidentSetSize of job (KB)
...
006 (112171668.118.000) 05/04 02:44:02 Image size of job updated: 12102532
	11743  -  MemoryUsage of job (MB)
	12024480  -  ResidentSetSize of job (KB)
...
006 (112171668.118.000) 05/04 02:49:04 Image size of job updated: 12735424
	12361  -  MemoryUsage of job (MB)
	12657356  -  ResidentSetSize of job (KB)
...
006 (112171668.118.000) 05/04 02:54:04 Image size of job updated: 13412252
	13022  -  MemoryUsage of job (MB)
	13334184  -  ResidentSetSize of job (KB)
...
006 (112171668.118.000) 05/04 02:59:04 Image size of job updated: 14027176
	13623  -  MemoryUsage of job (MB)
	13949108  -  ResidentSetSize of job (KB)
...
006 (112171668.118.000) 05/04 03:04:05 Image size of job updated: 14753600
	14332  -  MemoryUsage of job (MB)
	14675532  -  ResidentSetSize of job (KB)
...
006 (112171668.118.000) 05/04 03:09:05 Image size of job updated: 15440296
	15002  -  MemoryUsage of job (MB)
	15361956  -  ResidentSetSize of job (KB)
...
006 (112171668.118.000) 05/04 03:14:06 Image size of job updated: 16070236
	15616  -  MemoryUsage of job (MB)
	15990200  -  ResidentSetSize of job (KB)
...
006 (112171668.118.000) 05/04 03:19:07 Image size of job updated: 16755500
	16281  -  MemoryUsage of job (MB)
	16671200  -  ResidentSetSize of job (KB)
...
006 (112171668.118.000) 05/04 03:24:07 Image size of job updated: 17373144
	16879  -  MemoryUsage of job (MB)
	17283120  -  ResidentSetSize of job (KB)
...
006 (112171668.118.000) 05/04 03:29:07 Image size of job updated: 18013368
	17497  -  MemoryUsage of job (MB)
	17916592  -  ResidentSetSize of job (KB)
...
006 (112171668.118.000) 05/04 03:34:08 Image size of job updated: 18808360
	18262  -  MemoryUsage of job (MB)
	18699376  -  ResidentSetSize of job (KB)
...
006 (112171668.118.000) 05/04 03:39:08 Image size of job updated: 19546052
	18974  -  MemoryUsage of job (MB)
	19428524  -  ResidentSetSize of job (KB)
...
006 (112171668.118.000) 05/04 03:44:08 Image size of job updated: 20259380
	19651  -  MemoryUsage of job (MB)
	20122060  -  ResidentSetSize of job (KB)
...
006 (112171668.118.000) 05/04 03:49:09 Image size of job updated: 20908996
	20240  -  MemoryUsage of job (MB)
	20725640  -  ResidentSetSize of job (KB)
...
006 (112171668.118.000) 05/04 03:54:09 Image size of job updated: 21547992
	20428  -  MemoryUsage of job (MB)
	20917540  -  ResidentSetSize of job (KB)
...
006 (112171668.118.000) 05/04 03:59:09 Image size of job updated: 22183368
	20440  -  MemoryUsage of job (MB)
	20929600  -  ResidentSetSize of job (KB)
...
006 (112171668.118.000) 05/04 04:04:09 Image size of job updated: 22845988
	20450  -  MemoryUsage of job (MB)
	20939796  -  ResidentSetSize of job (KB)
...
006 (112171668.118.000) 05/04 04:06:23 Image size of job updated: 23069764
	20450  -  MemoryUsage of job (MB)
	20939796  -  ResidentSetSize of job (KB)
...
005 (112171668.118.000) 05/04 04:06:24 Job terminated.
	(1) Normal termination (return value 0)
		Usr 0 02:33:21, Sys 0 00:04:58  -  Run Remote Usage
		Usr 0 00:00:00, Sys 0 00:00:00  -  Run Local Usage
		Usr 0 02:33:21, Sys 0 00:04:58  -  Total Remote Usage
		Usr 0 00:00:00, Sys 0 00:00:00  -  Total Local Usage
	22501946  -  Run Bytes Sent By Job
	1780305536  -  Run Bytes Received By Job
	22501946  -  Total Bytes Sent By Job
	1780305536  -  Total Bytes Received By Job
	Partitionable Resources :      Usage  Request Allocated 
	   Cpus                 :       0.80        1         1 
	   Disk (KB)            : 6851725    20971520  21305431 
	   Ioheavy              :                             0 
	   Memory (MB)          :   20450       20480     20480 
...
