000 (112070733.093.000) 05/02 11:03:23 Job submitted from host: <128.104.100.44:9618?addrs=128.104.100.44-9618+[2607-f388-107c-501-90e2-baff-fe2c-2724]-9618&noUDP&sock=4699_0235_3>
...
001 (112070733.093.000) 05/03 04:54:28 Job executing on host: <128.105.245.254:9618?addrs=128.105.245.254-9618&noUDP&sock=5430_1b59_27>
...
006 (112070733.093.000) 05/03 04:54:36 Image size of job updated: 616
	1  -  MemoryUsage of job (MB)
	616  -  ResidentSetSize of job (KB)
...
006 (112070733.093.000) 05/03 04:59:39 Image size of job updated: 624
	1  -  MemoryUsage of job (MB)
	624  -  ResidentSetSize of job (KB)
...
006 (112070733.093.000) 05/03 05:04:38 Image size of job updated: 628
	1  -  MemoryUsage of job (MB)
	628  -  ResidentSetSize of job (KB)
...
006 (112070733.093.000) 05/03 05:09:38 Image size of job updated: 648
	1  -  MemoryUsage of job (MB)
	648  -  ResidentSetSize of job (KB)
...
006 (112070733.093.000) 05/03 05:24:39 Image size of job updated: 652
	1  -  MemoryUsage of job (MB)
	652  -  ResidentSetSize of job (KB)
...
006 (112070733.093.000) 05/03 05:29:40 Image size of job updated: 664
	1  -  MemoryUsage of job (MB)
	664  -  ResidentSetSize of job (KB)
...
006 (112070733.093.000) 05/03 05:34:40 Image size of job updated: 512540
	425  -  MemoryUsage of job (MB)
	434544  -  ResidentSetSize of job (KB)
...
006 (112070733.093.000) 05/03 05:39:40 Image size of job updated: 891260
	795  -  MemoryUsage of job (MB)
	813208  -  ResidentSetSize of job (KB)
...
006 (112070733.093.000) 05/03 05:44:40 Image size of job updated: 1326200
	1219  -  MemoryUsage of job (MB)
	1248148  -  ResidentSetSize of job (KB)
...
006 (112070733.093.000) 05/03 05:49:41 Image size of job updated: 2004880
	1882  -  MemoryUsage of job (MB)
	1926828  -  ResidentSetSize of job (KB)
...
006 (112070733.093.000) 05/03 05:54:42 Image size of job updated: 2819148
	2677  -  MemoryUsage of job (MB)
	2741096  -  ResidentSetSize of job (KB)
...
006 (112070733.093.000) 05/03 05:59:42 Image size of job updated: 3700284
	3538  -  MemoryUsage of job (MB)
	3622232  -  ResidentSetSize of job (KB)
...
006 (112070733.093.000) 05/03 06:04:42 Image size of job updated: 4705480
	4519  -  MemoryUsage of job (MB)
	4627428  -  ResidentSetSize of job (KB)
...
006 (112070733.093.000) 05/03 06:09:42 Image size of job updated: 5561408
	5355  -  MemoryUsage of job (MB)
	5483356  -  ResidentSetSize of job (KB)
...
006 (112070733.093.000) 05/03 06:14:43 Image size of job updated: 6492552
	6265  -  MemoryUsage of job (MB)
	6414500  -  ResidentSetSize of job (KB)
...
006 (112070733.093.000) 05/03 06:19:44 Image size of job updated: 7319944
	7073  -  MemoryUsage of job (MB)
	7241892  -  ResidentSetSize of job (KB)
...
006 (112070733.093.000) 05/03 06:24:44 Image size of job updated: 8153504
	7887  -  MemoryUsage of job (MB)
	8075452  -  ResidentSetSize of job (KB)
...
006 (112070733.093.000) 05/03 06:29:45 Image size of job updated: 9007500
	8721  -  MemoryUsage of job (MB)
	8929448  -  ResidentSetSize of job (KB)
...
006 (112070733.093.000) 05/03 06:34:45 Image size of job updated: 9652144
	9350  -  MemoryUsage of job (MB)
	9574092  -  ResidentSetSize of job (KB)
...
006 (112070733.093.000) 05/03 06:39:45 Image size of job updated: 10368000
	10049  -  MemoryUsage of job (MB)
	10289948  -  ResidentSetSize of job (KB)
...
006 (112070733.093.000) 05/03 06:44:46 Image size of job updated: 11042888
	10708  -  MemoryUsage of job (MB)
	10964836  -  ResidentSetSize of job (KB)
...
006 (112070733.093.000) 05/03 06:49:47 Image size of job updated: 11757840
	11407  -  MemoryUsage of job (MB)
	11679788  -  ResidentSetSize of job (KB)
...
006 (112070733.093.000) 05/03 06:54:48 Image size of job updated: 12523400
	12154  -  MemoryUsage of job (MB)
	12445348  -  ResidentSetSize of job (KB)
...
006 (112070733.093.000) 05/03 06:59:49 Image size of job updated: 13150036
	12766  -  MemoryUsage of job (MB)
	13071984  -  ResidentSetSize of job (KB)
...
006 (112070733.093.000) 05/03 07:04:49 Image size of job updated: 13856600
	13456  -  MemoryUsage of job (MB)
	13778548  -  ResidentSetSize of job (KB)
...
006 (112070733.093.000) 05/03 07:09:49 Image size of job updated: 14600552
	14183  -  MemoryUsage of job (MB)
	14522500  -  ResidentSetSize of job (KB)
...
006 (112070733.093.000) 05/03 07:14:50 Image size of job updated: 15302496
	14868  -  MemoryUsage of job (MB)
	15224444  -  ResidentSetSize of job (KB)
...
006 (112070733.093.000) 05/03 07:19:51 Image size of job updated: 16069500
	15617  -  MemoryUsage of job (MB)
	15991448  -  ResidentSetSize of job (KB)
...
006 (112070733.093.000) 05/03 07:24:52 Image size of job updated: 16759920
	16291  -  MemoryUsage of job (MB)
	16681868  -  ResidentSetSize of job (KB)
...
006 (112070733.093.000) 05/03 07:29:52 Image size of job updated: 17533316
	17046  -  MemoryUsage of job (MB)
	17455088  -  ResidentSetSize of job (KB)
...
006 (112070733.093.000) 05/03 07:34:52 Image size of job updated: 18269648
	17764  -  MemoryUsage of job (MB)
	18190280  -  ResidentSetSize of job (KB)
...
006 (112070733.093.000) 05/03 07:39:52 Image size of job updated: 19063196
	18536  -  MemoryUsage of job (MB)
	18980084  -  ResidentSetSize of job (KB)
...
006 (112070733.093.000) 05/03 07:44:53 Image size of job updated: 19741768
	19181  -  MemoryUsage of job (MB)
	19641140  -  ResidentSetSize of job (KB)
...
006 (112070733.093.000) 05/03 07:49:53 Image size of job updated: 20430980
	19818  -  MemoryUsage of job (MB)
	20293192  -  ResidentSetSize of job (KB)
...
006 (112070733.093.000) 05/03 07:54:54 Image size of job updated: 21148536
	20371  -  MemoryUsage of job (MB)
	20859384  -  ResidentSetSize of job (KB)
...
006 (112070733.093.000) 05/03 07:59:56 Image size of job updated: 21760808
	20450  -  MemoryUsage of job (MB)
	20939968  -  ResidentSetSize of job (KB)
...
006 (112070733.093.000) 05/03 08:04:56 Image size of job updated: 22526176
	20450  -  MemoryUsage of job (MB)
	20939968  -  ResidentSetSize of job (KB)
...
006 (112070733.093.000) 05/03 08:09:40 Image size of job updated: 23076184
	20450  -  MemoryUsage of job (MB)
	20939968  -  ResidentSetSize of job (KB)
...
005 (112070733.093.000) 05/03 08:09:42 Job terminated.
	(1) Normal termination (return value 0)
		Usr 0 02:28:00, Sys 0 00:03:31  -  Run Remote Usage
		Usr 0 00:00:00, Sys 0 00:00:00  -  Run Local Usage
		Usr 0 02:28:00, Sys 0 00:03:31  -  Total Remote Usage
		Usr 0 00:00:00, Sys 0 00:00:00  -  Total Local Usage
	23041522  -  Run Bytes Sent By Job
	1780306432  -  Run Bytes Received By Job
	23041522  -  Total Bytes Sent By Job
	1780306432  -  Total Bytes Received By Job
	Partitionable Resources :      Usage  Request Allocated 
	   Cpus                 :       0.99        1         1 
	   Disk (KB)            : 6852253    20971520  21141591 
	   Ioheavy              :                             0 
	   Memory (MB)          :   20450       20480     20480 
...
