000 (111472063.069.000) 04/24 11:52:22 Job submitted from host: <128.104.100.44:9618?addrs=128.104.100.44-9618+[2607-f388-107c-501-90e2-baff-fe2c-2724]-9618&noUDP&sock=4699_0235_3>
...
001 (111472063.069.000) 04/24 20:55:03 Job executing on host: <128.105.245.236:9618?addrs=128.105.245.236-9618&noUDP&sock=5457_a067_3>
...
006 (111472063.069.000) 04/24 20:55:11 Image size of job updated: 624
	1  -  MemoryUsage of job (MB)
	624  -  ResidentSetSize of job (KB)
...
006 (111472063.069.000) 04/24 21:00:11 Image size of job updated: 636
	1  -  MemoryUsage of job (MB)
	636  -  ResidentSetSize of job (KB)
...
006 (111472063.069.000) 04/24 21:05:13 Image size of job updated: 656
	1  -  MemoryUsage of job (MB)
	656  -  ResidentSetSize of job (KB)
...
006 (111472063.069.000) 04/24 21:15:14 Image size of job updated: 660
	1  -  MemoryUsage of job (MB)
	660  -  ResidentSetSize of job (KB)
...
006 (111472063.069.000) 04/24 21:25:15 Image size of job updated: 672
	1  -  MemoryUsage of job (MB)
	672  -  ResidentSetSize of job (KB)
...
006 (111472063.069.000) 04/24 21:35:14 Image size of job updated: 493340
	406  -  MemoryUsage of job (MB)
	415344  -  ResidentSetSize of job (KB)
...
006 (111472063.069.000) 04/24 21:40:14 Image size of job updated: 852256
	757  -  MemoryUsage of job (MB)
	774204  -  ResidentSetSize of job (KB)
...
006 (111472063.069.000) 04/24 21:45:15 Image size of job updated: 1112628
	1011  -  MemoryUsage of job (MB)
	1034576  -  ResidentSetSize of job (KB)
...
006 (111472063.069.000) 04/24 21:50:16 Image size of job updated: 1745000
	1628  -  MemoryUsage of job (MB)
	1666948  -  ResidentSetSize of job (KB)
...
006 (111472063.069.000) 04/24 21:55:16 Image size of job updated: 2417548
	2285  -  MemoryUsage of job (MB)
	2339496  -  ResidentSetSize of job (KB)
...
006 (111472063.069.000) 04/24 22:00:16 Image size of job updated: 3384204
	3229  -  MemoryUsage of job (MB)
	3306152  -  ResidentSetSize of job (KB)
...
006 (111472063.069.000) 04/24 22:05:16 Image size of job updated: 4365500
	4187  -  MemoryUsage of job (MB)
	4287448  -  ResidentSetSize of job (KB)
...
006 (111472063.069.000) 04/24 22:10:17 Image size of job updated: 5247884
	5049  -  MemoryUsage of job (MB)
	5169832  -  ResidentSetSize of job (KB)
...
006 (111472063.069.000) 04/24 22:15:17 Image size of job updated: 6366092
	6141  -  MemoryUsage of job (MB)
	6288040  -  ResidentSetSize of job (KB)
...
006 (111472063.069.000) 04/24 22:20:18 Image size of job updated: 7104692
	6862  -  MemoryUsage of job (MB)
	7026640  -  ResidentSetSize of job (KB)
...
006 (111472063.069.000) 04/24 22:25:18 Image size of job updated: 7972952
	7710  -  MemoryUsage of job (MB)
	7894900  -  ResidentSetSize of job (KB)
...
006 (111472063.069.000) 04/24 22:30:19 Image size of job updated: 8908108
	8624  -  MemoryUsage of job (MB)
	8830056  -  ResidentSetSize of job (KB)
...
006 (111472063.069.000) 04/24 22:35:20 Image size of job updated: 9947256
	9638  -  MemoryUsage of job (MB)
	9869204  -  ResidentSetSize of job (KB)
...
006 (111472063.069.000) 04/24 22:40:20 Image size of job updated: 10644404
	10319  -  MemoryUsage of job (MB)
	10566352  -  ResidentSetSize of job (KB)
...
006 (111472063.069.000) 04/24 22:45:21 Image size of job updated: 11381280
	11039  -  MemoryUsage of job (MB)
	11303228  -  ResidentSetSize of job (KB)
...
006 (111472063.069.000) 04/24 22:50:22 Image size of job updated: 12308476
	11944  -  MemoryUsage of job (MB)
	12230424  -  ResidentSetSize of job (KB)
...
006 (111472063.069.000) 04/24 22:55:21 Image size of job updated: 13055288
	12674  -  MemoryUsage of job (MB)
	12977236  -  ResidentSetSize of job (KB)
...
006 (111472063.069.000) 04/24 23:00:23 Image size of job updated: 13858272
	13458  -  MemoryUsage of job (MB)
	13780220  -  ResidentSetSize of job (KB)
...
006 (111472063.069.000) 04/24 23:05:23 Image size of job updated: 14539100
	14123  -  MemoryUsage of job (MB)
	14461048  -  ResidentSetSize of job (KB)
...
006 (111472063.069.000) 04/24 23:10:23 Image size of job updated: 15292156
	14858  -  MemoryUsage of job (MB)
	15214104  -  ResidentSetSize of job (KB)
...
006 (111472063.069.000) 04/24 23:15:24 Image size of job updated: 16128980
	15675  -  MemoryUsage of job (MB)
	16050928  -  ResidentSetSize of job (KB)
...
006 (111472063.069.000) 04/24 23:20:24 Image size of job updated: 17087440
	16610  -  MemoryUsage of job (MB)
	17008156  -  ResidentSetSize of job (KB)
...
006 (111472063.069.000) 04/24 23:25:24 Image size of job updated: 17894508
	17398  -  MemoryUsage of job (MB)
	17814960  -  ResidentSetSize of job (KB)
...
006 (111472063.069.000) 04/24 23:30:25 Image size of job updated: 18592676
	18076  -  MemoryUsage of job (MB)
	18509780  -  ResidentSetSize of job (KB)
...
006 (111472063.069.000) 04/24 23:35:25 Image size of job updated: 19330420
	18790  -  MemoryUsage of job (MB)
	19240740  -  ResidentSetSize of job (KB)
...
006 (111472063.069.000) 04/24 23:40:26 Image size of job updated: 19904160
	19335  -  MemoryUsage of job (MB)
	19798952  -  ResidentSetSize of job (KB)
...
006 (111472063.069.000) 04/24 23:45:26 Image size of job updated: 20345064
	19748  -  MemoryUsage of job (MB)
	20221088  -  ResidentSetSize of job (KB)
...
006 (111472063.069.000) 04/24 23:50:27 Image size of job updated: 20665520
	20033  -  MemoryUsage of job (MB)
	20513172  -  ResidentSetSize of job (KB)
...
006 (111472063.069.000) 04/24 23:55:27 Image size of job updated: 20924076
	20267  -  MemoryUsage of job (MB)
	20752812  -  ResidentSetSize of job (KB)
...
006 (111472063.069.000) 04/25 00:00:27 Image size of job updated: 21051724
	20346  -  MemoryUsage of job (MB)
	20833552  -  ResidentSetSize of job (KB)
...
006 (111472063.069.000) 04/25 00:05:27 Image size of job updated: 21213552
	20416  -  MemoryUsage of job (MB)
	20905740  -  ResidentSetSize of job (KB)
...
006 (111472063.069.000) 04/25 00:10:27 Image size of job updated: 21300500
	20425  -  MemoryUsage of job (MB)
	20914264  -  ResidentSetSize of job (KB)
...
006 (111472063.069.000) 04/25 00:15:27 Image size of job updated: 21535068
	20441  -  MemoryUsage of job (MB)
	20931228  -  ResidentSetSize of job (KB)
...
006 (111472063.069.000) 04/25 00:20:28 Image size of job updated: 21804440
	20460  -  MemoryUsage of job (MB)
	20950192  -  ResidentSetSize of job (KB)
...
006 (111472063.069.000) 04/25 00:25:28 Image size of job updated: 21978740
	20460  -  MemoryUsage of job (MB)
	20950192  -  ResidentSetSize of job (KB)
...
006 (111472063.069.000) 04/25 00:30:29 Image size of job updated: 22196360
	20460  -  MemoryUsage of job (MB)
	20950192  -  ResidentSetSize of job (KB)
...
006 (111472063.069.000) 04/25 00:35:29 Image size of job updated: 22280104
	20460  -  MemoryUsage of job (MB)
	20950192  -  ResidentSetSize of job (KB)
...
006 (111472063.069.000) 04/25 00:40:31 Image size of job updated: 22381452
	20460  -  MemoryUsage of job (MB)
	20950192  -  ResidentSetSize of job (KB)
...
006 (111472063.069.000) 04/25 00:45:31 Image size of job updated: 22572192
	20460  -  MemoryUsage of job (MB)
	20950192  -  ResidentSetSize of job (KB)
...
006 (111472063.069.000) 04/25 00:50:32 Image size of job updated: 22670468
	20460  -  MemoryUsage of job (MB)
	20950192  -  ResidentSetSize of job (KB)
...
006 (111472063.069.000) 04/25 00:55:32 Image size of job updated: 22792872
	20460  -  MemoryUsage of job (MB)
	20950192  -  ResidentSetSize of job (KB)
...
006 (111472063.069.000) 04/25 01:00:32 Image size of job updated: 22973144
	20460  -  MemoryUsage of job (MB)
	20950192  -  ResidentSetSize of job (KB)
...
006 (111472063.069.000) 04/25 01:05:32 Image size of job updated: 23055744
	20460  -  MemoryUsage of job (MB)
	20950192  -  ResidentSetSize of job (KB)
...
006 (111472063.069.000) 04/25 01:10:33 Image size of job updated: 23144844
	20460  -  MemoryUsage of job (MB)
	20950192  -  ResidentSetSize of job (KB)
...
006 (111472063.069.000) 04/25 01:12:18 Image size of job updated: 23189512
	20460  -  MemoryUsage of job (MB)
	20950192  -  ResidentSetSize of job (KB)
...
005 (111472063.069.000) 04/25 01:12:21 Job terminated.
	(1) Normal termination (return value 0)
		Usr 0 02:03:31, Sys 0 00:04:01  -  Run Remote Usage
		Usr 0 00:00:00, Sys 0 00:00:00  -  Run Local Usage
		Usr 0 02:03:31, Sys 0 00:04:01  -  Total Remote Usage
		Usr 0 00:00:00, Sys 0 00:00:00  -  Total Local Usage
	24719720  -  Run Bytes Sent By Job
	1780295552  -  Run Bytes Received By Job
	24719720  -  Total Bytes Sent By Job
	1780295552  -  Total Bytes Received By Job
	Partitionable Resources :      Usage  Request Allocated 
	   Cpus                 :       0.00        1         1 
	   Disk (KB)            : 6853871    20971520  21255047 
	   Ioheavy              :                             0 
	   Memory (MB)          :   20460       20480     20480 
...
