000 (111367109.110.000) 04/22 22:38:18 Job submitted from host: <128.104.100.44:9618?addrs=128.104.100.44-9618+[2607-f388-107c-501-90e2-baff-fe2c-2724]-9618&noUDP&sock=1497440_afb9_3>
...
001 (111367109.110.000) 04/23 05:31:26 Job executing on host: <128.105.245.164:9618?addrs=128.105.245.164-9618&noUDP&sock=5143_3faa_3>
...
006 (111367109.110.000) 04/23 05:31:35 Image size of job updated: 624
	1  -  MemoryUsage of job (MB)
	624  -  ResidentSetSize of job (KB)
...
006 (111367109.110.000) 04/23 05:36:39 Image size of job updated: 636
	1  -  MemoryUsage of job (MB)
	636  -  ResidentSetSize of job (KB)
...
006 (111367109.110.000) 04/23 05:41:36 Image size of job updated: 656
	1  -  MemoryUsage of job (MB)
	656  -  ResidentSetSize of job (KB)
...
006 (111367109.110.000) 04/23 05:56:44 Image size of job updated: 660
	1  -  MemoryUsage of job (MB)
	660  -  ResidentSetSize of job (KB)
...
006 (111367109.110.000) 04/23 06:01:39 Image size of job updated: 672
	1  -  MemoryUsage of job (MB)
	672  -  ResidentSetSize of job (KB)
...
006 (111367109.110.000) 04/23 06:06:39 Image size of job updated: 676
	1  -  MemoryUsage of job (MB)
	676  -  ResidentSetSize of job (KB)
...
006 (111367109.110.000) 04/23 06:11:39 Image size of job updated: 535368
	447  -  MemoryUsage of job (MB)
	457372  -  ResidentSetSize of job (KB)
...
006 (111367109.110.000) 04/23 06:16:40 Image size of job updated: 988244
	889  -  MemoryUsage of job (MB)
	910192  -  ResidentSetSize of job (KB)
...
006 (111367109.110.000) 04/23 06:21:40 Image size of job updated: 1399468
	1291  -  MemoryUsage of job (MB)
	1321416  -  ResidentSetSize of job (KB)
...
006 (111367109.110.000) 04/23 06:26:41 Image size of job updated: 1993244
	1871  -  MemoryUsage of job (MB)
	1915192  -  ResidentSetSize of job (KB)
...
006 (111367109.110.000) 04/23 06:31:42 Image size of job updated: 2597756
	2461  -  MemoryUsage of job (MB)
	2519704  -  ResidentSetSize of job (KB)
...
006 (111367109.110.000) 04/23 06:36:43 Image size of job updated: 3364424
	3210  -  MemoryUsage of job (MB)
	3286372  -  ResidentSetSize of job (KB)
...
006 (111367109.110.000) 04/23 06:41:43 Image size of job updated: 4193196
	4019  -  MemoryUsage of job (MB)
	4115144  -  ResidentSetSize of job (KB)
...
006 (111367109.110.000) 04/23 06:46:43 Image size of job updated: 5119208
	4924  -  MemoryUsage of job (MB)
	5041156  -  ResidentSetSize of job (KB)
...
006 (111367109.110.000) 04/23 06:51:44 Image size of job updated: 5795980
	5584  -  MemoryUsage of job (MB)
	5717928  -  ResidentSetSize of job (KB)
...
006 (111367109.110.000) 04/23 06:56:45 Image size of job updated: 6645780
	6414  -  MemoryUsage of job (MB)
	6567728  -  ResidentSetSize of job (KB)
...
006 (111367109.110.000) 04/23 07:01:46 Image size of job updated: 7300240
	7053  -  MemoryUsage of job (MB)
	7222188  -  ResidentSetSize of job (KB)
...
006 (111367109.110.000) 04/23 07:06:48 Image size of job updated: 7941008
	7679  -  MemoryUsage of job (MB)
	7862956  -  ResidentSetSize of job (KB)
...
006 (111367109.110.000) 04/23 07:11:48 Image size of job updated: 8631340
	8353  -  MemoryUsage of job (MB)
	8553288  -  ResidentSetSize of job (KB)
...
006 (111367109.110.000) 04/23 07:16:48 Image size of job updated: 9288340
	8995  -  MemoryUsage of job (MB)
	9210288  -  ResidentSetSize of job (KB)
...
006 (111367109.110.000) 04/23 07:21:48 Image size of job updated: 10012176
	9702  -  MemoryUsage of job (MB)
	9934124  -  ResidentSetSize of job (KB)
...
006 (111367109.110.000) 04/23 07:26:48 Image size of job updated: 10588040
	10264  -  MemoryUsage of job (MB)
	10509988  -  ResidentSetSize of job (KB)
...
006 (111367109.110.000) 04/23 07:31:49 Image size of job updated: 11362092
	11020  -  MemoryUsage of job (MB)
	11284040  -  ResidentSetSize of job (KB)
...
006 (111367109.110.000) 04/23 07:36:51 Image size of job updated: 11991956
	11635  -  MemoryUsage of job (MB)
	11913904  -  ResidentSetSize of job (KB)
...
006 (111367109.110.000) 04/23 07:41:51 Image size of job updated: 12635376
	12264  -  MemoryUsage of job (MB)
	12557324  -  ResidentSetSize of job (KB)
...
006 (111367109.110.000) 04/23 07:46:52 Image size of job updated: 13261192
	12875  -  MemoryUsage of job (MB)
	13183140  -  ResidentSetSize of job (KB)
...
006 (111367109.110.000) 04/23 07:51:52 Image size of job updated: 14001472
	13598  -  MemoryUsage of job (MB)
	13923420  -  ResidentSetSize of job (KB)
...
006 (111367109.110.000) 04/23 07:56:52 Image size of job updated: 14658788
	14239  -  MemoryUsage of job (MB)
	14580736  -  ResidentSetSize of job (KB)
...
006 (111367109.110.000) 04/23 08:01:53 Image size of job updated: 15322800
	14888  -  MemoryUsage of job (MB)
	15244500  -  ResidentSetSize of job (KB)
...
006 (111367109.110.000) 04/23 08:06:53 Image size of job updated: 16237740
	15779  -  MemoryUsage of job (MB)
	16157140  -  ResidentSetSize of job (KB)
...
006 (111367109.110.000) 04/23 08:11:53 Image size of job updated: 16975920
	16497  -  MemoryUsage of job (MB)
	16892424  -  ResidentSetSize of job (KB)
...
006 (111367109.110.000) 04/23 08:16:53 Image size of job updated: 17634308
	17138  -  MemoryUsage of job (MB)
	17549080  -  ResidentSetSize of job (KB)
...
006 (111367109.110.000) 04/23 08:21:54 Image size of job updated: 18327124
	17811  -  MemoryUsage of job (MB)
	18237620  -  ResidentSetSize of job (KB)
...
006 (111367109.110.000) 04/23 08:26:55 Image size of job updated: 18930000
	18393  -  MemoryUsage of job (MB)
	18834372  -  ResidentSetSize of job (KB)
...
006 (111367109.110.000) 04/23 08:31:55 Image size of job updated: 19447368
	18889  -  MemoryUsage of job (MB)
	19341324  -  ResidentSetSize of job (KB)
...
006 (111367109.110.000) 04/23 08:36:57 Image size of job updated: 19817816
	19243  -  MemoryUsage of job (MB)
	19704068  -  ResidentSetSize of job (KB)
...
006 (111367109.110.000) 04/23 08:41:57 Image size of job updated: 20090612
	19514  -  MemoryUsage of job (MB)
	19981400  -  ResidentSetSize of job (KB)
...
006 (111367109.110.000) 04/23 08:46:57 Image size of job updated: 20230500
	19651  -  MemoryUsage of job (MB)
	20122332  -  ResidentSetSize of job (KB)
...
006 (111367109.110.000) 04/23 08:51:57 Image size of job updated: 20458892
	19859  -  MemoryUsage of job (MB)
	20335372  -  ResidentSetSize of job (KB)
...
006 (111367109.110.000) 04/23 08:56:58 Image size of job updated: 20585356
	19968  -  MemoryUsage of job (MB)
	20447040  -  ResidentSetSize of job (KB)
...
006 (111367109.110.000) 04/23 09:01:59 Image size of job updated: 20842460
	20186  -  MemoryUsage of job (MB)
	20669856  -  ResidentSetSize of job (KB)
...
006 (111367109.110.000) 04/23 09:07:00 Image size of job updated: 21089452
	20354  -  MemoryUsage of job (MB)
	20842252  -  ResidentSetSize of job (KB)
...
006 (111367109.110.000) 04/23 09:12:00 Image size of job updated: 21226056
	20391  -  MemoryUsage of job (MB)
	20879768  -  ResidentSetSize of job (KB)
...
006 (111367109.110.000) 04/23 09:17:00 Image size of job updated: 21444896
	20441  -  MemoryUsage of job (MB)
	20931020  -  ResidentSetSize of job (KB)
...
006 (111367109.110.000) 04/23 09:22:00 Image size of job updated: 21584720
	20441  -  MemoryUsage of job (MB)
	20931148  -  ResidentSetSize of job (KB)
...
