000 (111515044.053.000) 04/25 20:20:11 Job submitted from host: <128.104.100.44:9618?addrs=128.104.100.44-9618+[2607-f388-107c-501-90e2-baff-fe2c-2724]-9618&noUDP&sock=4699_0235_3>
...
001 (111515044.053.000) 04/25 21:12:26 Job executing on host: <128.105.245.177:9618?addrs=128.105.245.177-9618&noUDP&sock=5454_919e_29>
...
006 (111515044.053.000) 04/25 21:12:35 Image size of job updated: 624
	1  -  MemoryUsage of job (MB)
	624  -  ResidentSetSize of job (KB)
...
006 (111515044.053.000) 04/25 21:17:36 Image size of job updated: 648
	1  -  MemoryUsage of job (MB)
	648  -  ResidentSetSize of job (KB)
...
006 (111515044.053.000) 04/25 21:27:38 Image size of job updated: 660
	1  -  MemoryUsage of job (MB)
	660  -  ResidentSetSize of job (KB)
...
006 (111515044.053.000) 04/25 21:32:38 Image size of job updated: 189192
	112  -  MemoryUsage of job (MB)
	114236  -  ResidentSetSize of job (KB)
...
006 (111515044.053.000) 04/25 21:37:39 Image size of job updated: 430304
	345  -  MemoryUsage of job (MB)
	352304  -  ResidentSetSize of job (KB)
...
006 (111515044.053.000) 04/25 21:42:40 Image size of job updated: 581452
	492  -  MemoryUsage of job (MB)
	503452  -  ResidentSetSize of job (KB)
...
006 (111515044.053.000) 04/25 21:47:41 Image size of job updated: 751664
	658  -  MemoryUsage of job (MB)
	673628  -  ResidentSetSize of job (KB)
...
006 (111515044.053.000) 04/25 21:52:42 Image size of job updated: 885500
	789  -  MemoryUsage of job (MB)
	807444  -  ResidentSetSize of job (KB)
...
006 (111515044.053.000) 04/25 21:57:43 Image size of job updated: 1040616
	940  -  MemoryUsage of job (MB)
	962560  -  ResidentSetSize of job (KB)
...
006 (111515044.053.000) 04/25 22:02:44 Image size of job updated: 1179868
	1076  -  MemoryUsage of job (MB)
	1101812  -  ResidentSetSize of job (KB)
...
006 (111515044.053.000) 04/25 22:07:45 Image size of job updated: 1325464
	1219  -  MemoryUsage of job (MB)
	1247408  -  ResidentSetSize of job (KB)
...
006 (111515044.053.000) 04/25 22:12:45 Image size of job updated: 1545928
	1434  -  MemoryUsage of job (MB)
	1467872  -  ResidentSetSize of job (KB)
...
006 (111515044.053.000) 04/25 22:17:45 Image size of job updated: 1742492
	1626  -  MemoryUsage of job (MB)
	1664436  -  ResidentSetSize of job (KB)
...
006 (111515044.053.000) 04/25 22:22:45 Image size of job updated: 1994808
	1872  -  MemoryUsage of job (MB)
	1916752  -  ResidentSetSize of job (KB)
...
006 (111515044.053.000) 04/25 22:27:45 Image size of job updated: 2264020
	2135  -  MemoryUsage of job (MB)
	2185964  -  ResidentSetSize of job (KB)
...
006 (111515044.053.000) 04/25 22:32:45 Image size of job updated: 2673976
	2536  -  MemoryUsage of job (MB)
	2595920  -  ResidentSetSize of job (KB)
...
006 (111515044.053.000) 04/25 22:37:46 Image size of job updated: 3410912
	3255  -  MemoryUsage of job (MB)
	3332856  -  ResidentSetSize of job (KB)
...
006 (111515044.053.000) 04/25 22:42:46 Image size of job updated: 4326348
	4149  -  MemoryUsage of job (MB)
	4248292  -  ResidentSetSize of job (KB)
...
006 (111515044.053.000) 04/25 22:47:47 Image size of job updated: 5262980
	5064  -  MemoryUsage of job (MB)
	5184924  -  ResidentSetSize of job (KB)
...
006 (111515044.053.000) 04/25 22:52:47 Image size of job updated: 6204224
	5983  -  MemoryUsage of job (MB)
	6126168  -  ResidentSetSize of job (KB)
...
006 (111515044.053.000) 04/25 22:57:47 Image size of job updated: 7014688
	6775  -  MemoryUsage of job (MB)
	6936632  -  ResidentSetSize of job (KB)
...
006 (111515044.053.000) 04/25 23:02:48 Image size of job updated: 7692188
	7436  -  MemoryUsage of job (MB)
	7614132  -  ResidentSetSize of job (KB)
...
006 (111515044.053.000) 04/25 23:07:49 Image size of job updated: 8620536
	8343  -  MemoryUsage of job (MB)
	8542480  -  ResidentSetSize of job (KB)
...
006 (111515044.053.000) 04/25 23:12:50 Image size of job updated: 9159648
	8869  -  MemoryUsage of job (MB)
	9081592  -  ResidentSetSize of job (KB)
...
006 (111515044.053.000) 04/25 23:17:50 Image size of job updated: 9601032
	9300  -  MemoryUsage of job (MB)
	9522976  -  ResidentSetSize of job (KB)
...
006 (111515044.053.000) 04/25 23:22:50 Image size of job updated: 10273692
	9957  -  MemoryUsage of job (MB)
	10195636  -  ResidentSetSize of job (KB)
...
006 (111515044.053.000) 04/25 23:27:50 Image size of job updated: 11084980
	10749  -  MemoryUsage of job (MB)
	11006924  -  ResidentSetSize of job (KB)
...
006 (111515044.053.000) 04/25 23:32:51 Image size of job updated: 12051264
	11693  -  MemoryUsage of job (MB)
	11973208  -  ResidentSetSize of job (KB)
...
006 (111515044.053.000) 04/25 23:37:52 Image size of job updated: 12743880
	12369  -  MemoryUsage of job (MB)
	12665824  -  ResidentSetSize of job (KB)
...
006 (111515044.053.000) 04/25 23:42:53 Image size of job updated: 13678488
	13282  -  MemoryUsage of job (MB)
	13600432  -  ResidentSetSize of job (KB)
...
006 (111515044.053.000) 04/25 23:47:53 Image size of job updated: 14653296
	14234  -  MemoryUsage of job (MB)
	14575240  -  ResidentSetSize of job (KB)
...
006 (111515044.053.000) 04/25 23:52:53 Image size of job updated: 15489876
	15051  -  MemoryUsage of job (MB)
	15411820  -  ResidentSetSize of job (KB)
...
006 (111515044.053.000) 04/25 23:57:53 Image size of job updated: 16387240
	15927  -  MemoryUsage of job (MB)
	16309184  -  ResidentSetSize of job (KB)
...
006 (111515044.053.000) 04/26 00:02:54 Image size of job updated: 17018392
	16544  -  MemoryUsage of job (MB)
	16940104  -  ResidentSetSize of job (KB)
...
006 (111515044.053.000) 04/26 00:07:55 Image size of job updated: 17782072
	17288  -  MemoryUsage of job (MB)
	17702776  -  ResidentSetSize of job (KB)
...
006 (111515044.053.000) 04/26 00:12:57 Image size of job updated: 18507828
	17995  -  MemoryUsage of job (MB)
	18425904  -  ResidentSetSize of job (KB)
...
006 (111515044.053.000) 04/26 00:17:57 Image size of job updated: 19443216
	18900  -  MemoryUsage of job (MB)
	19353180  -  ResidentSetSize of job (KB)
...
006 (111515044.053.000) 04/26 00:22:58 Image size of job updated: 20432884
	19829  -  MemoryUsage of job (MB)
	20304116  -  ResidentSetSize of job (KB)
...
006 (111515044.053.000) 04/26 00:27:59 Image size of job updated: 21104540
	20355  -  MemoryUsage of job (MB)
	20842900  -  ResidentSetSize of job (KB)
...
006 (111515044.053.000) 04/26 00:32:59 Image size of job updated: 21365196
	20450  -  MemoryUsage of job (MB)
	20939916  -  ResidentSetSize of job (KB)
...
006 (111515044.053.000) 04/26 00:37:59 Image size of job updated: 21725052
	20450  -  MemoryUsage of job (MB)
	20939916  -  ResidentSetSize of job (KB)
...
006 (111515044.053.000) 04/26 00:43:00 Image size of job updated: 22074964
	20450  -  MemoryUsage of job (MB)
	20939916  -  ResidentSetSize of job (KB)
...
006 (111515044.053.000) 04/26 00:48:01 Image size of job updated: 22219828
	20450  -  MemoryUsage of job (MB)
	20939916  -  ResidentSetSize of job (KB)
...
006 (111515044.053.000) 04/26 00:53:02 Image size of job updated: 22506308
	20450  -  MemoryUsage of job (MB)
	20939916  -  ResidentSetSize of job (KB)
...
006 (111515044.053.000) 04/26 00:58:03 Image size of job updated: 22760284
	20454  -  MemoryUsage of job (MB)
	20944004  -  ResidentSetSize of job (KB)
...
006 (111515044.053.000) 04/26 01:03:04 Image size of job updated: 22902012
	20454  -  MemoryUsage of job (MB)
	20944040  -  ResidentSetSize of job (KB)
...
006 (111515044.053.000) 04/26 01:05:57 Image size of job updated: 23670756
	20454  -  MemoryUsage of job (MB)
	20944040  -  ResidentSetSize of job (KB)
...
005 (111515044.053.000) 04/26 01:06:00 Job terminated.
	(1) Normal termination (return value 0)
		Usr 0 02:02:13, Sys 0 00:02:02  -  Run Remote Usage
		Usr 0 00:00:00, Sys 0 00:00:00  -  Run Local Usage
		Usr 0 02:02:13, Sys 0 00:02:02  -  Total Remote Usage
		Usr 0 00:00:00, Sys 0 00:00:00  -  Total Local Usage
	24914512  -  Run Bytes Sent By Job
	1780295552  -  Run Bytes Received By Job
	24914512  -  Total Bytes Sent By Job
	1780295552  -  Total Bytes Received By Job
	Partitionable Resources :      Usage  Request Allocated 
	   Cpus                 :       0.19        1         1 
	   Disk (KB)            : 6854061    20971520  21151205 
	   Ioheavy              :                             0 
	   Memory (MB)          :   20454       20480     20480 
...
