000 (111351044.121.000) 04/22 20:35:43 Job submitted from host: <128.104.100.44:9618?addrs=128.104.100.44-9618+[2607-f388-107c-501-90e2-baff-fe2c-2724]-9618&noUDP&sock=1497440_afb9_3>
...
001 (111351044.121.000) 04/22 21:49:37 Job executing on host: <128.105.245.150:9618?addrs=128.105.245.150-9618&noUDP&sock=5248_451c_27>
...
006 (111351044.121.000) 04/22 21:49:48 Image size of job updated: 632
	1  -  MemoryUsage of job (MB)
	632  -  ResidentSetSize of job (KB)
...
006 (111351044.121.000) 04/22 21:54:48 Image size of job updated: 387976
	303  -  MemoryUsage of job (MB)
	309980  -  ResidentSetSize of job (KB)
...
006 (111351044.121.000) 04/22 21:59:49 Image size of job updated: 649988
	559  -  MemoryUsage of job (MB)
	571992  -  ResidentSetSize of job (KB)
...
006 (111351044.121.000) 04/22 22:00:40 Image size of job updated: 735696
	560  -  MemoryUsage of job (MB)
	573068  -  ResidentSetSize of job (KB)
...
005 (111351044.121.000) 04/22 22:00:41 Job terminated.
	(1) Normal termination (return value 0)
		Usr 0 00:06:54, Sys 0 00:00:18  -  Run Remote Usage
		Usr 0 00:00:00, Sys 0 00:00:00  -  Run Local Usage
		Usr 0 00:06:54, Sys 0 00:00:18  -  Total Remote Usage
		Usr 0 00:00:00, Sys 0 00:00:00  -  Total Local Usage
	1264354  -  Run Bytes Sent By Job
	1780295296  -  Run Bytes Received By Job
	1264354  -  Total Bytes Sent By Job
	1780295296  -  Total Bytes Received By Job
	Partitionable Resources :      Usage  Request Allocated 
	   Cpus                 :       0.89        1         1 
	   Disk (KB)            : 6832601    20971520  21536825 
	   Ioheavy              :                             0 
	   Memory (MB)          :     560       20480     20480 
...
