000 (111472063.110.000) 04/24 11:52:22 Job submitted from host: <128.104.100.44:9618?addrs=128.104.100.44-9618+[2607-f388-107c-501-90e2-baff-fe2c-2724]-9618&noUDP&sock=4699_0235_3>
...
001 (111472063.110.000) 04/24 21:40:20 Job executing on host: <128.105.245.195:9618?addrs=128.105.245.195-9618&noUDP&sock=5498_bfc9_3>
...
006 (111472063.110.000) 04/24 21:40:30 Image size of job updated: 624
	1  -  MemoryUsage of job (MB)
	624  -  ResidentSetSize of job (KB)
...
006 (111472063.110.000) 04/24 21:45:31 Image size of job updated: 308844
	226  -  MemoryUsage of job (MB)
	230848  -  ResidentSetSize of job (KB)
...
006 (111472063.110.000) 04/24 21:50:32 Image size of job updated: 803244
	709  -  MemoryUsage of job (MB)
	725192  -  ResidentSetSize of job (KB)
...
006 (111472063.110.000) 04/24 21:55:33 Image size of job updated: 1364208
	1257  -  MemoryUsage of job (MB)
	1286156  -  ResidentSetSize of job (KB)
...
006 (111472063.110.000) 04/24 22:00:34 Image size of job updated: 2166592
	2040  -  MemoryUsage of job (MB)
	2088540  -  ResidentSetSize of job (KB)
...
006 (111472063.110.000) 04/24 22:05:34 Image size of job updated: 3061596
	2914  -  MemoryUsage of job (MB)
	2983544  -  ResidentSetSize of job (KB)
...
006 (111472063.110.000) 04/24 22:10:34 Image size of job updated: 4130324
	3958  -  MemoryUsage of job (MB)
	4052272  -  ResidentSetSize of job (KB)
...
006 (111472063.110.000) 04/24 22:15:34 Image size of job updated: 4641872
	4457  -  MemoryUsage of job (MB)
	4563820  -  ResidentSetSize of job (KB)
...
006 (111472063.110.000) 04/24 22:20:35 Image size of job updated: 5267116
	5068  -  MemoryUsage of job (MB)
	5189064  -  ResidentSetSize of job (KB)
...
006 (111472063.110.000) 04/24 22:25:36 Image size of job updated: 6137980
	5918  -  MemoryUsage of job (MB)
	6059928  -  ResidentSetSize of job (KB)
...
006 (111472063.110.000) 04/24 22:30:37 Image size of job updated: 7059464
	6818  -  MemoryUsage of job (MB)
	6981412  -  ResidentSetSize of job (KB)
...
006 (111472063.110.000) 04/24 22:35:37 Image size of job updated: 7926200
	7665  -  MemoryUsage of job (MB)
	7848148  -  ResidentSetSize of job (KB)
...
006 (111472063.110.000) 04/24 22:40:37 Image size of job updated: 8833652
	8551  -  MemoryUsage of job (MB)
	8755600  -  ResidentSetSize of job (KB)
...
006 (111472063.110.000) 04/24 22:45:38 Image size of job updated: 9514812
	9216  -  MemoryUsage of job (MB)
	9436760  -  ResidentSetSize of job (KB)
...
006 (111472063.110.000) 04/24 22:50:38 Image size of job updated: 10238076
	9922  -  MemoryUsage of job (MB)
	10160024  -  ResidentSetSize of job (KB)
...
006 (111472063.110.000) 04/24 22:55:39 Image size of job updated: 10964048
	10631  -  MemoryUsage of job (MB)
	10885996  -  ResidentSetSize of job (KB)
...
006 (111472063.110.000) 04/24 23:00:39 Image size of job updated: 11681552
	11332  -  MemoryUsage of job (MB)
	11603500  -  ResidentSetSize of job (KB)
...
006 (111472063.110.000) 04/24 23:05:42 Image size of job updated: 12384956
	12019  -  MemoryUsage of job (MB)
	12306568  -  ResidentSetSize of job (KB)
...
006 (111472063.110.000) 04/24 23:10:39 Image size of job updated: 12791064
	12414  -  MemoryUsage of job (MB)
	12711792  -  ResidentSetSize of job (KB)
...
006 (111472063.110.000) 04/24 23:15:39 Image size of job updated: 13307152
	12918  -  MemoryUsage of job (MB)
	13227440  -  ResidentSetSize of job (KB)
...
006 (111472063.110.000) 04/24 23:20:39 Image size of job updated: 13727752
	13328  -  MemoryUsage of job (MB)
	13647784  -  ResidentSetSize of job (KB)
...
006 (111472063.110.000) 04/24 23:25:40 Image size of job updated: 14203672
	13793  -  MemoryUsage of job (MB)
	14123452  -  ResidentSetSize of job (KB)
...
006 (111472063.110.000) 04/24 23:30:40 Image size of job updated: 14895408
	14468  -  MemoryUsage of job (MB)
	14815216  -  ResidentSetSize of job (KB)
...
006 (111472063.110.000) 04/24 23:35:45 Image size of job updated: 15586216
	15142  -  MemoryUsage of job (MB)
	15505340  -  ResidentSetSize of job (KB)
...
006 (111472063.110.000) 04/24 23:40:41 Image size of job updated: 16262812
	15801  -  MemoryUsage of job (MB)
	16179712  -  ResidentSetSize of job (KB)
...
006 (111472063.110.000) 04/24 23:45:41 Image size of job updated: 16977512
	16496  -  MemoryUsage of job (MB)
	16891552  -  ResidentSetSize of job (KB)
...
006 (111472063.110.000) 04/24 23:50:41 Image size of job updated: 17716848
	17215  -  MemoryUsage of job (MB)
	17627496  -  ResidentSetSize of job (KB)
...
006 (111472063.110.000) 04/24 23:55:42 Image size of job updated: 18395616
	17878  -  MemoryUsage of job (MB)
	18306264  -  ResidentSetSize of job (KB)
...
006 (111472063.110.000) 04/25 00:00:42 Image size of job updated: 19044228
	18503  -  MemoryUsage of job (MB)
	18947012  -  ResidentSetSize of job (KB)
...
006 (111472063.110.000) 04/25 00:05:43 Image size of job updated: 19285524
	18727  -  MemoryUsage of job (MB)
	19175716  -  ResidentSetSize of job (KB)
...
006 (111472063.110.000) 04/25 00:10:44 Image size of job updated: 19542664
	18964  -  MemoryUsage of job (MB)
	19418976  -  ResidentSetSize of job (KB)
...
006 (111472063.110.000) 04/25 00:15:45 Image size of job updated: 19648880
	19055  -  MemoryUsage of job (MB)
	19511872  -  ResidentSetSize of job (KB)
...
006 (111472063.110.000) 04/25 00:20:45 Image size of job updated: 19849444
	19232  -  MemoryUsage of job (MB)
	19693460  -  ResidentSetSize of job (KB)
...
006 (111472063.110.000) 04/25 00:25:46 Image size of job updated: 19909500
	19281  -  MemoryUsage of job (MB)
	19742912  -  ResidentSetSize of job (KB)
...
006 (111472063.110.000) 04/25 00:30:47 Image size of job updated: 20037148
	19386  -  MemoryUsage of job (MB)
	19851112  -  ResidentSetSize of job (KB)
...
006 (111472063.110.000) 04/25 00:35:47 Image size of job updated: 20257756
	19573  -  MemoryUsage of job (MB)
	20042144  -  ResidentSetSize of job (KB)
...
006 (111472063.110.000) 04/25 00:40:49 Image size of job updated: 20372584
	19670  -  MemoryUsage of job (MB)
	20141120  -  ResidentSetSize of job (KB)
...
006 (111472063.110.000) 04/25 00:45:51 Image size of job updated: 20525900
	19779  -  MemoryUsage of job (MB)
	20253608  -  ResidentSetSize of job (KB)
...
006 (111472063.110.000) 04/25 00:50:50 Image size of job updated: 20606060
	19823  -  MemoryUsage of job (MB)
	20298568  -  ResidentSetSize of job (KB)
...
006 (111472063.110.000) 04/25 00:55:51 Image size of job updated: 20709472
	19881  -  MemoryUsage of job (MB)
	20357528  -  ResidentSetSize of job (KB)
...
006 (111472063.110.000) 04/25 01:00:51 Image size of job updated: 20939468
	20037  -  MemoryUsage of job (MB)
	20517212  -  ResidentSetSize of job (KB)
...
006 (111472063.110.000) 04/25 01:05:55 Image size of job updated: 21237688
	20194  -  MemoryUsage of job (MB)
	20677672  -  ResidentSetSize of job (KB)
...
006 (111472063.110.000) 04/25 01:10:52 Image size of job updated: 21623512
	20327  -  MemoryUsage of job (MB)
	20814796  -  ResidentSetSize of job (KB)
...
006 (111472063.110.000) 04/25 01:15:53 Image size of job updated: 22007816
	20405  -  MemoryUsage of job (MB)
	20893812  -  ResidentSetSize of job (KB)
...
006 (111472063.110.000) 04/25 01:20:55 Image size of job updated: 22574020
	20457  -  MemoryUsage of job (MB)
	20947252  -  ResidentSetSize of job (KB)
...
006 (111472063.110.000) 04/25 01:25:55 Image size of job updated: 23057808
	20457  -  MemoryUsage of job (MB)
	20947252  -  ResidentSetSize of job (KB)
...
006 (111472063.110.000) 04/25 01:28:23 Image size of job updated: 23193384
	20457  -  MemoryUsage of job (MB)
	20947252  -  ResidentSetSize of job (KB)
...
005 (111472063.110.000) 04/25 01:28:25 Job terminated.
	(1) Normal termination (return value 0)
		Usr 0 02:14:51, Sys 0 00:06:08  -  Run Remote Usage
		Usr 0 00:00:00, Sys 0 00:00:00  -  Run Local Usage
		Usr 0 02:14:51, Sys 0 00:06:08  -  Total Remote Usage
		Usr 0 00:00:00, Sys 0 00:00:00  -  Total Local Usage
	24649260  -  Run Bytes Sent By Job
	1780295552  -  Run Bytes Received By Job
	24649260  -  Total Bytes Sent By Job
	1780295552  -  Total Bytes Received By Job
	Partitionable Resources :      Usage  Request Allocated 
	   Cpus                 :       0.27        1         1 
	   Disk (KB)            : 6853803    20971520  21779314 
	   Ioheavy              :                             0 
	   Memory (MB)          :   20457       20480     20480 
...
