000 (111351044.087.000) 04/22 20:35:43 Job submitted from host: <128.104.100.44:9618?addrs=128.104.100.44-9618+[2607-f388-107c-501-90e2-baff-fe2c-2724]-9618&noUDP&sock=1497440_afb9_3>
...
001 (111351044.087.000) 04/22 21:45:29 Job executing on host: <128.105.245.236:9618?addrs=128.105.245.236-9618&noUDP&sock=5457_a067_3>
...
006 (111351044.087.000) 04/22 21:45:38 Image size of job updated: 628
	1  -  MemoryUsage of job (MB)
	628  -  ResidentSetSize of job (KB)
...
006 (111351044.087.000) 04/22 21:50:40 Image size of job updated: 656
	1  -  MemoryUsage of job (MB)
	656  -  ResidentSetSize of job (KB)
...
006 (111351044.087.000) 04/22 21:55:40 Image size of job updated: 494932
	408  -  MemoryUsage of job (MB)
	416936  -  ResidentSetSize of job (KB)
...
006 (111351044.087.000) 04/22 21:58:58 Image size of job updated: 772704
	408  -  MemoryUsage of job (MB)
	416936  -  ResidentSetSize of job (KB)
...
005 (111351044.087.000) 04/22 21:59:00 Job terminated.
	(1) Normal termination (return value 0)
		Usr 0 00:07:22, Sys 0 00:00:23  -  Run Remote Usage
		Usr 0 00:00:00, Sys 0 00:00:00  -  Run Local Usage
		Usr 0 00:07:22, Sys 0 00:00:23  -  Total Remote Usage
		Usr 0 00:00:00, Sys 0 00:00:00  -  Total Local Usage
	1366427  -  Run Bytes Sent By Job
	1780295296  -  Run Bytes Received By Job
	1366427  -  Total Bytes Sent By Job
	1780295296  -  Total Bytes Received By Job
	Partitionable Resources :      Usage  Request Allocated 
	   Cpus                 :       1.00        1         1 
	   Disk (KB)            : 6832901    20971520  21414704 
	   Ioheavy              :                             0 
	   Memory (MB)          :     408       20480     20480 
...
