000 (111515044.087.000) 04/25 20:20:11 Job submitted from host: <128.104.100.44:9618?addrs=128.104.100.44-9618+[2607-f388-107c-501-90e2-baff-fe2c-2724]-9618&noUDP&sock=4699_0235_3>
...
001 (111515044.087.000) 04/25 22:14:07 Job executing on host: <128.105.245.195:9618?addrs=128.105.245.195-9618&noUDP&sock=5498_bfc9_3>
...
006 (111515044.087.000) 04/25 22:14:16 Image size of job updated: 632
	1  -  MemoryUsage of job (MB)
	632  -  ResidentSetSize of job (KB)
...
006 (111515044.087.000) 04/25 22:19:18 Image size of job updated: 660
	1  -  MemoryUsage of job (MB)
	660  -  ResidentSetSize of job (KB)
...
006 (111515044.087.000) 04/25 22:24:19 Image size of job updated: 668
	1  -  MemoryUsage of job (MB)
	668  -  ResidentSetSize of job (KB)
...
006 (111515044.087.000) 04/25 22:29:20 Image size of job updated: 426260
	341  -  MemoryUsage of job (MB)
	348264  -  ResidentSetSize of job (KB)
...
006 (111515044.087.000) 04/25 22:34:20 Image size of job updated: 850316
	755  -  MemoryUsage of job (MB)
	772264  -  ResidentSetSize of job (KB)
...
006 (111515044.087.000) 04/25 22:39:21 Image size of job updated: 1348980
	1242  -  MemoryUsage of job (MB)
	1270928  -  ResidentSetSize of job (KB)
...
006 (111515044.087.000) 04/25 22:44:21 Image size of job updated: 1976764
	1855  -  MemoryUsage of job (MB)
	1898712  -  ResidentSetSize of job (KB)
...
006 (111515044.087.000) 04/25 22:49:21 Image size of job updated: 2687880
	2549  -  MemoryUsage of job (MB)
	2609828  -  ResidentSetSize of job (KB)
...
006 (111515044.087.000) 04/25 22:54:22 Image size of job updated: 3552388
	3393  -  MemoryUsage of job (MB)
	3474336  -  ResidentSetSize of job (KB)
...
006 (111515044.087.000) 04/25 22:59:23 Image size of job updated: 4533032
	4351  -  MemoryUsage of job (MB)
	4454980  -  ResidentSetSize of job (KB)
...
006 (111515044.087.000) 04/25 23:04:23 Image size of job updated: 5380668
	5179  -  MemoryUsage of job (MB)
	5302616  -  ResidentSetSize of job (KB)
...
006 (111515044.087.000) 04/25 23:09:23 Image size of job updated: 6236576
	6015  -  MemoryUsage of job (MB)
	6158524  -  ResidentSetSize of job (KB)
...
006 (111515044.087.000) 04/25 23:14:24 Image size of job updated: 7081732
	6840  -  MemoryUsage of job (MB)
	7003680  -  ResidentSetSize of job (KB)
...
006 (111515044.087.000) 04/25 23:19:25 Image size of job updated: 7936992
	7675  -  MemoryUsage of job (MB)
	7858940  -  ResidentSetSize of job (KB)
...
006 (111515044.087.000) 04/25 23:24:25 Image size of job updated: 8742436
	8462  -  MemoryUsage of job (MB)
	8664384  -  ResidentSetSize of job (KB)
...
006 (111515044.087.000) 04/25 23:29:26 Image size of job updated: 9609684
	9309  -  MemoryUsage of job (MB)
	9531632  -  ResidentSetSize of job (KB)
...
006 (111515044.087.000) 04/25 23:34:26 Image size of job updated: 10415552
	10096  -  MemoryUsage of job (MB)
	10337500  -  ResidentSetSize of job (KB)
...
006 (111515044.087.000) 04/25 23:39:26 Image size of job updated: 11310516
	10970  -  MemoryUsage of job (MB)
	11232464  -  ResidentSetSize of job (KB)
...
006 (111515044.087.000) 04/25 23:44:27 Image size of job updated: 12204552
	11843  -  MemoryUsage of job (MB)
	12126500  -  ResidentSetSize of job (KB)
...
006 (111515044.087.000) 04/25 23:49:28 Image size of job updated: 13091008
	12708  -  MemoryUsage of job (MB)
	13012956  -  ResidentSetSize of job (KB)
...
006 (111515044.087.000) 04/25 23:54:28 Image size of job updated: 14094292
	13688  -  MemoryUsage of job (MB)
	14016240  -  ResidentSetSize of job (KB)
...
006 (111515044.087.000) 04/25 23:59:28 Image size of job updated: 15054756
	14626  -  MemoryUsage of job (MB)
	14976704  -  ResidentSetSize of job (KB)
...
006 (111515044.087.000) 04/26 00:04:29 Image size of job updated: 16039368
	15588  -  MemoryUsage of job (MB)
	15961316  -  ResidentSetSize of job (KB)
...
006 (111515044.087.000) 04/26 00:09:29 Image size of job updated: 16913360
	16440  -  MemoryUsage of job (MB)
	16833960  -  ResidentSetSize of job (KB)
...
006 (111515044.087.000) 04/26 00:14:29 Image size of job updated: 17947760
	17442  -  MemoryUsage of job (MB)
	17860488  -  ResidentSetSize of job (KB)
...
006 (111515044.087.000) 04/26 00:19:31 Image size of job updated: 19019688
	18483  -  MemoryUsage of job (MB)
	18926544  -  ResidentSetSize of job (KB)
...
006 (111515044.087.000) 04/26 00:24:31 Image size of job updated: 19952820
	19387  -  MemoryUsage of job (MB)
	19851752  -  ResidentSetSize of job (KB)
...
006 (111515044.087.000) 04/26 00:29:31 Image size of job updated: 20999624
	20276  -  MemoryUsage of job (MB)
	20762380  -  ResidentSetSize of job (KB)
...
006 (111515044.087.000) 04/26 00:34:32 Image size of job updated: 21683168
	20433  -  MemoryUsage of job (MB)
	20922928  -  ResidentSetSize of job (KB)
...
006 (111515044.087.000) 04/26 00:39:33 Image size of job updated: 22177284
	20458  -  MemoryUsage of job (MB)
	20947984  -  ResidentSetSize of job (KB)
...
006 (111515044.087.000) 04/26 00:44:33 Image size of job updated: 22725920
	20458  -  MemoryUsage of job (MB)
	20948164  -  ResidentSetSize of job (KB)
...
006 (111515044.087.000) 04/26 00:47:23 Image size of job updated: 23173824
	20458  -  MemoryUsage of job (MB)
	20948164  -  ResidentSetSize of job (KB)
...
005 (111515044.087.000) 04/26 00:47:26 Job terminated.
	(1) Normal termination (return value 0)
		Usr 0 02:09:21, Sys 0 00:02:18  -  Run Remote Usage
		Usr 0 00:00:00, Sys 0 00:00:00  -  Run Local Usage
		Usr 0 02:09:21, Sys 0 00:02:18  -  Total Remote Usage
		Usr 0 00:00:00, Sys 0 00:00:00  -  Total Local Usage
	24610424  -  Run Bytes Sent By Job
	1780295552  -  Run Bytes Received By Job
	24610424  -  Total Bytes Sent By Job
	1780295552  -  Total Bytes Received By Job
	Partitionable Resources :      Usage  Request Allocated 
	   Cpus                 :       0.93        1         1 
	   Disk (KB)            : 6853763    20971520  21301675 
	   Ioheavy              :                             0 
	   Memory (MB)          :   20458       20480     20480 
...
