000 (111515044.076.000) 04/25 20:20:11 Job submitted from host: <128.104.100.44:9618?addrs=128.104.100.44-9618+[2607-f388-107c-501-90e2-baff-fe2c-2724]-9618&noUDP&sock=4699_0235_3>
...
001 (111515044.076.000) 04/25 21:43:27 Job executing on host: <128.105.245.247:9618?addrs=128.105.245.247-9618&noUDP&sock=5487_343f_3>
...
006 (111515044.076.000) 04/25 21:43:35 Image size of job updated: 632
	1  -  MemoryUsage of job (MB)
	632  -  ResidentSetSize of job (KB)
...
006 (111515044.076.000) 04/25 21:48:36 Image size of job updated: 323480
	240  -  MemoryUsage of job (MB)
	245484  -  ResidentSetSize of job (KB)
...
006 (111515044.076.000) 04/25 21:53:37 Image size of job updated: 680172
	589  -  MemoryUsage of job (MB)
	602176  -  ResidentSetSize of job (KB)
...
006 (111515044.076.000) 04/25 21:58:38 Image size of job updated: 1114780
	1013  -  MemoryUsage of job (MB)
	1036728  -  ResidentSetSize of job (KB)
...
006 (111515044.076.000) 04/25 22:03:40 Image size of job updated: 1672664
	1558  -  MemoryUsage of job (MB)
	1594612  -  ResidentSetSize of job (KB)
...
006 (111515044.076.000) 04/25 22:08:40 Image size of job updated: 2303548
	2174  -  MemoryUsage of job (MB)
	2225496  -  ResidentSetSize of job (KB)
...
006 (111515044.076.000) 04/25 22:13:40 Image size of job updated: 3087112
	2939  -  MemoryUsage of job (MB)
	3009060  -  ResidentSetSize of job (KB)
...
006 (111515044.076.000) 04/25 22:18:40 Image size of job updated: 3925664
	3758  -  MemoryUsage of job (MB)
	3847612  -  ResidentSetSize of job (KB)
...
006 (111515044.076.000) 04/25 22:23:41 Image size of job updated: 4831304
	4642  -  MemoryUsage of job (MB)
	4753252  -  ResidentSetSize of job (KB)
...
006 (111515044.076.000) 04/25 22:28:42 Image size of job updated: 5667692
	5459  -  MemoryUsage of job (MB)
	5589640  -  ResidentSetSize of job (KB)
...
006 (111515044.076.000) 04/25 22:33:42 Image size of job updated: 6514700
	6286  -  MemoryUsage of job (MB)
	6436648  -  ResidentSetSize of job (KB)
...
006 (111515044.076.000) 04/25 22:38:42 Image size of job updated: 7343608
	7096  -  MemoryUsage of job (MB)
	7265556  -  ResidentSetSize of job (KB)
...
006 (111515044.076.000) 04/25 22:43:43 Image size of job updated: 8137492
	7871  -  MemoryUsage of job (MB)
	8059440  -  ResidentSetSize of job (KB)
...
006 (111515044.076.000) 04/25 22:48:44 Image size of job updated: 8979376
	8693  -  MemoryUsage of job (MB)
	8901324  -  ResidentSetSize of job (KB)
...
006 (111515044.076.000) 04/25 22:53:45 Image size of job updated: 9764036
	9459  -  MemoryUsage of job (MB)
	9685984  -  ResidentSetSize of job (KB)
...
006 (111515044.076.000) 04/25 22:58:45 Image size of job updated: 10497992
	10176  -  MemoryUsage of job (MB)
	10419940  -  ResidentSetSize of job (KB)
...
006 (111515044.076.000) 04/25 23:03:45 Image size of job updated: 11240328
	10901  -  MemoryUsage of job (MB)
	11162276  -  ResidentSetSize of job (KB)
...
006 (111515044.076.000) 04/25 23:08:46 Image size of job updated: 11968852
	11613  -  MemoryUsage of job (MB)
	11890800  -  ResidentSetSize of job (KB)
...
006 (111515044.076.000) 04/25 23:13:46 Image size of job updated: 12515072
	12146  -  MemoryUsage of job (MB)
	12437020  -  ResidentSetSize of job (KB)
...
006 (111515044.076.000) 04/25 23:18:47 Image size of job updated: 13321188
	12933  -  MemoryUsage of job (MB)
	13243136  -  ResidentSetSize of job (KB)
...
006 (111515044.076.000) 04/25 23:23:47 Image size of job updated: 14088168
	13682  -  MemoryUsage of job (MB)
	14010116  -  ResidentSetSize of job (KB)
...
006 (111515044.076.000) 04/25 23:28:48 Image size of job updated: 14817552
	14395  -  MemoryUsage of job (MB)
	14739500  -  ResidentSetSize of job (KB)
...
006 (111515044.076.000) 04/25 23:33:50 Image size of job updated: 15493092
	15054  -  MemoryUsage of job (MB)
	15415040  -  ResidentSetSize of job (KB)
...
006 (111515044.076.000) 04/25 23:38:50 Image size of job updated: 16282760
	15825  -  MemoryUsage of job (MB)
	16204708  -  ResidentSetSize of job (KB)
...
006 (111515044.076.000) 04/25 23:43:50 Image size of job updated: 17019960
	16544  -  MemoryUsage of job (MB)
	16940972  -  ResidentSetSize of job (KB)
...
006 (111515044.076.000) 04/25 23:48:50 Image size of job updated: 17769208
	17275  -  MemoryUsage of job (MB)
	17689096  -  ResidentSetSize of job (KB)
...
006 (111515044.076.000) 04/25 23:53:50 Image size of job updated: 18498628
	17980  -  MemoryUsage of job (MB)
	18410984  -  ResidentSetSize of job (KB)
...
006 (111515044.076.000) 04/25 23:58:51 Image size of job updated: 19139320
	18591  -  MemoryUsage of job (MB)
	19036900  -  ResidentSetSize of job (KB)
...
006 (111515044.076.000) 04/26 00:03:52 Image size of job updated: 19798808
	19213  -  MemoryUsage of job (MB)
	19673556  -  ResidentSetSize of job (KB)
...
006 (111515044.076.000) 04/26 00:08:53 Image size of job updated: 20498272
	19873  -  MemoryUsage of job (MB)
	20349460  -  ResidentSetSize of job (KB)
...
006 (111515044.076.000) 04/26 00:13:53 Image size of job updated: 21354664
	20443  -  MemoryUsage of job (MB)
	20933452  -  ResidentSetSize of job (KB)
...
006 (111515044.076.000) 04/26 00:18:53 Image size of job updated: 22106820
	20443  -  MemoryUsage of job (MB)
	20933572  -  ResidentSetSize of job (KB)
...
006 (111515044.076.000) 04/26 00:23:54 Image size of job updated: 22855604
	20443  -  MemoryUsage of job (MB)
	20933572  -  ResidentSetSize of job (KB)
...
006 (111515044.076.000) 04/26 00:27:39 Image size of job updated: 23322272
	20443  -  MemoryUsage of job (MB)
	20933572  -  ResidentSetSize of job (KB)
...
005 (111515044.076.000) 04/26 00:27:41 Job terminated.
	(1) Normal termination (return value 0)
		Usr 0 02:30:16, Sys 0 00:02:22  -  Run Remote Usage
		Usr 0 00:00:00, Sys 0 00:00:00  -  Run Local Usage
		Usr 0 02:30:16, Sys 0 00:02:22  -  Total Remote Usage
		Usr 0 00:00:00, Sys 0 00:00:00  -  Total Local Usage
	24849196  -  Run Bytes Sent By Job
	1780295552  -  Run Bytes Received By Job
	24849196  -  Total Bytes Sent By Job
	1780295552  -  Total Bytes Received By Job
	Partitionable Resources :      Usage  Request Allocated 
	   Cpus                 :       0.63        1         1 
	   Disk (KB)            : 6853997    20971520  21300069 
	   Ioheavy              :                             0 
	   Memory (MB)          :   20443       20480     20480 
...
