000 (111367109.064.000) 04/22 22:38:18 Job submitted from host: <128.104.100.44:9618?addrs=128.104.100.44-9618+[2607-f388-107c-501-90e2-baff-fe2c-2724]-9618&noUDP&sock=1497440_afb9_3>
...
001 (111367109.064.000) 04/23 04:29:57 Job executing on host: <128.105.245.226:9618?addrs=128.105.245.226-9618&noUDP&sock=5426_5cf8_3>
...
006 (111367109.064.000) 04/23 04:30:05 Image size of job updated: 624
	1  -  MemoryUsage of job (MB)
	624  -  ResidentSetSize of job (KB)
...
006 (111367109.064.000) 04/23 04:35:06 Image size of job updated: 664
	1  -  MemoryUsage of job (MB)
	664  -  ResidentSetSize of job (KB)
...
006 (111367109.064.000) 04/23 04:40:08 Image size of job updated: 495184
	408  -  MemoryUsage of job (MB)
	417188  -  ResidentSetSize of job (KB)
...
006 (111367109.064.000) 04/23 04:45:07 Image size of job updated: 1030020
	930  -  MemoryUsage of job (MB)
	951968  -  ResidentSetSize of job (KB)
...
006 (111367109.064.000) 04/23 04:50:07 Image size of job updated: 1519260
	1408  -  MemoryUsage of job (MB)
	1441208  -  ResidentSetSize of job (KB)
...
006 (111367109.064.000) 04/23 04:55:08 Image size of job updated: 1913052
	1792  -  MemoryUsage of job (MB)
	1835000  -  ResidentSetSize of job (KB)
...
006 (111367109.064.000) 04/23 05:00:08 Image size of job updated: 2594132
	2458  -  MemoryUsage of job (MB)
	2516080  -  ResidentSetSize of job (KB)
...
006 (111367109.064.000) 04/23 05:05:08 Image size of job updated: 3246072
	3094  -  MemoryUsage of job (MB)
	3168020  -  ResidentSetSize of job (KB)
...
006 (111367109.064.000) 04/23 05:10:09 Image size of job updated: 4081972
	3911  -  MemoryUsage of job (MB)
	4003920  -  ResidentSetSize of job (KB)
...
006 (111367109.064.000) 04/23 05:15:09 Image size of job updated: 5124728
	4929  -  MemoryUsage of job (MB)
	5046676  -  ResidentSetSize of job (KB)
...
006 (111367109.064.000) 04/23 05:20:09 Image size of job updated: 5835228
	5623  -  MemoryUsage of job (MB)
	5757176  -  ResidentSetSize of job (KB)
...
006 (111367109.064.000) 04/23 05:25:11 Image size of job updated: 6342360
	6118  -  MemoryUsage of job (MB)
	6264308  -  ResidentSetSize of job (KB)
...
006 (111367109.064.000) 04/23 05:30:11 Image size of job updated: 6934476
	6696  -  MemoryUsage of job (MB)
	6856424  -  ResidentSetSize of job (KB)
...
006 (111367109.064.000) 04/23 05:35:11 Image size of job updated: 7753008
	7496  -  MemoryUsage of job (MB)
	7674956  -  ResidentSetSize of job (KB)
...
006 (111367109.064.000) 04/23 05:40:12 Image size of job updated: 8302064
	8032  -  MemoryUsage of job (MB)
	8224012  -  ResidentSetSize of job (KB)
...
006 (111367109.064.000) 04/23 05:45:14 Image size of job updated: 8965344
	8679  -  MemoryUsage of job (MB)
	8887292  -  ResidentSetSize of job (KB)
...
006 (111367109.064.000) 04/23 05:50:12 Image size of job updated: 9512052
	9213  -  MemoryUsage of job (MB)
	9434000  -  ResidentSetSize of job (KB)
...
006 (111367109.064.000) 04/23 05:55:12 Image size of job updated: 10001480
	9691  -  MemoryUsage of job (MB)
	9923428  -  ResidentSetSize of job (KB)
...
006 (111367109.064.000) 04/23 06:00:12 Image size of job updated: 10505076
	10183  -  MemoryUsage of job (MB)
	10427024  -  ResidentSetSize of job (KB)
...
006 (111367109.064.000) 04/23 06:05:13 Image size of job updated: 11095040
	10759  -  MemoryUsage of job (MB)
	11016988  -  ResidentSetSize of job (KB)
...
006 (111367109.064.000) 04/23 06:10:13 Image size of job updated: 11691844
	11342  -  MemoryUsage of job (MB)
	11613792  -  ResidentSetSize of job (KB)
...
006 (111367109.064.000) 04/23 06:15:13 Image size of job updated: 12167076
	11806  -  MemoryUsage of job (MB)
	12089024  -  ResidentSetSize of job (KB)
...
006 (111367109.064.000) 04/23 06:20:14 Image size of job updated: 12688656
	12316  -  MemoryUsage of job (MB)
	12610604  -  ResidentSetSize of job (KB)
...
006 (111367109.064.000) 04/23 06:25:15 Image size of job updated: 13249744
	12863  -  MemoryUsage of job (MB)
	13171692  -  ResidentSetSize of job (KB)
...
006 (111367109.064.000) 04/23 06:30:15 Image size of job updated: 13989920
	13586  -  MemoryUsage of job (MB)
	13911868  -  ResidentSetSize of job (KB)
...
006 (111367109.064.000) 04/23 06:35:16 Image size of job updated: 14491172
	14076  -  MemoryUsage of job (MB)
	14413120  -  ResidentSetSize of job (KB)
...
006 (111367109.064.000) 04/23 06:40:17 Image size of job updated: 15207420
	14775  -  MemoryUsage of job (MB)
	15129188  -  ResidentSetSize of job (KB)
...
006 (111367109.064.000) 04/23 06:45:19 Image size of job updated: 15921248
	15469  -  MemoryUsage of job (MB)
	15839836  -  ResidentSetSize of job (KB)
...
006 (111367109.064.000) 04/23 06:50:19 Image size of job updated: 16463748
	15992  -  MemoryUsage of job (MB)
	16374788  -  ResidentSetSize of job (KB)
...
006 (111367109.064.000) 04/23 06:55:19 Image size of job updated: 17130116
	16634  -  MemoryUsage of job (MB)
	17033212  -  ResidentSetSize of job (KB)
...
006 (111367109.064.000) 04/23 07:00:19 Image size of job updated: 17963264
	17439  -  MemoryUsage of job (MB)
	17857028  -  ResidentSetSize of job (KB)
...
006 (111367109.064.000) 04/23 07:05:19 Image size of job updated: 18826932
	18280  -  MemoryUsage of job (MB)
	18718436  -  ResidentSetSize of job (KB)
...
006 (111367109.064.000) 04/23 07:10:20 Image size of job updated: 19338992
	18766  -  MemoryUsage of job (MB)
	19216108  -  ResidentSetSize of job (KB)
...
006 (111367109.064.000) 04/23 07:15:20 Image size of job updated: 20221656
	19590  -  MemoryUsage of job (MB)
	20059184  -  ResidentSetSize of job (KB)
...
006 (111367109.064.000) 04/23 07:20:20 Image size of job updated: 20988740
	20265  -  MemoryUsage of job (MB)
	20750728  -  ResidentSetSize of job (KB)
...
006 (111367109.064.000) 04/23 07:25:21 Image size of job updated: 21671820
	20439  -  MemoryUsage of job (MB)
	20929388  -  ResidentSetSize of job (KB)
...
006 (111367109.064.000) 04/23 07:30:22 Image size of job updated: 22294732
	20456  -  MemoryUsage of job (MB)
	20946452  -  ResidentSetSize of job (KB)
...
006 (111367109.064.000) 04/23 07:33:08 Image size of job updated: 22294732
	20457  -  MemoryUsage of job (MB)
	20947328  -  ResidentSetSize of job (KB)
...
005 (111367109.064.000) 04/23 07:33:10 Job terminated.
	(1) Normal termination (return value 0)
		Usr 0 02:12:56, Sys 0 00:02:28  -  Run Remote Usage
		Usr 0 00:00:00, Sys 0 00:00:00  -  Run Local Usage
		Usr 0 02:12:56, Sys 0 00:02:28  -  Total Remote Usage
		Usr 0 00:00:00, Sys 0 00:00:00  -  Total Local Usage
	24850430  -  Run Bytes Sent By Job
	1780295296  -  Run Bytes Received By Job
	24850430  -  Total Bytes Sent By Job
	1780295296  -  Total Bytes Received By Job
	Partitionable Resources :      Usage  Request Allocated 
	   Cpus                 :       0.53        1         1 
	   Disk (KB)            : 6853997    20971520  21253492 
	   Ioheavy              :                             0 
	   Memory (MB)          :   20457       20480     20480 
...
