000 (111472063.078.000) 04/24 11:52:22 Job submitted from host: <128.104.100.44:9618?addrs=128.104.100.44-9618+[2607-f388-107c-501-90e2-baff-fe2c-2724]-9618&noUDP&sock=4699_0235_3>
...
001 (111472063.078.000) 04/24 21:00:26 Job executing on host: <128.105.245.162:9618?addrs=128.105.245.162-9618&noUDP&sock=5427_0c90_3>
...
006 (111472063.078.000) 04/24 21:00:34 Image size of job updated: 628
	1  -  MemoryUsage of job (MB)
	628  -  ResidentSetSize of job (KB)
...
006 (111472063.078.000) 04/24 21:05:35 Image size of job updated: 656
	1  -  MemoryUsage of job (MB)
	656  -  ResidentSetSize of job (KB)
...
006 (111472063.078.000) 04/24 21:10:36 Image size of job updated: 430528
	345  -  MemoryUsage of job (MB)
	352532  -  ResidentSetSize of job (KB)
...
006 (111472063.078.000) 04/24 21:15:37 Image size of job updated: 774984
	681  -  MemoryUsage of job (MB)
	696988  -  ResidentSetSize of job (KB)
...
006 (111472063.078.000) 04/24 21:20:37 Image size of job updated: 1240788
	1136  -  MemoryUsage of job (MB)
	1162736  -  ResidentSetSize of job (KB)
...
006 (111472063.078.000) 04/24 21:25:38 Image size of job updated: 1995040
	1873  -  MemoryUsage of job (MB)
	1916988  -  ResidentSetSize of job (KB)
...
006 (111472063.078.000) 04/24 21:30:39 Image size of job updated: 2820524
	2679  -  MemoryUsage of job (MB)
	2742472  -  ResidentSetSize of job (KB)
...
006 (111472063.078.000) 04/24 21:35:39 Image size of job updated: 3785692
	3621  -  MemoryUsage of job (MB)
	3707640  -  ResidentSetSize of job (KB)
...
006 (111472063.078.000) 04/24 21:40:39 Image size of job updated: 4822016
	4633  -  MemoryUsage of job (MB)
	4743964  -  ResidentSetSize of job (KB)
...
006 (111472063.078.000) 04/24 21:45:40 Image size of job updated: 5831284
	5619  -  MemoryUsage of job (MB)
	5753232  -  ResidentSetSize of job (KB)
...
006 (111472063.078.000) 04/24 21:50:42 Image size of job updated: 6836164
	6600  -  MemoryUsage of job (MB)
	6758112  -  ResidentSetSize of job (KB)
...
006 (111472063.078.000) 04/24 21:55:42 Image size of job updated: 7878704
	7618  -  MemoryUsage of job (MB)
	7800652  -  ResidentSetSize of job (KB)
...
006 (111472063.078.000) 04/24 22:00:42 Image size of job updated: 8853736
	8571  -  MemoryUsage of job (MB)
	8775684  -  ResidentSetSize of job (KB)
...
006 (111472063.078.000) 04/24 22:05:43 Image size of job updated: 9768484
	9464  -  MemoryUsage of job (MB)
	9690432  -  ResidentSetSize of job (KB)
...
006 (111472063.078.000) 04/24 22:10:44 Image size of job updated: 10177088
	9863  -  MemoryUsage of job (MB)
	10099036  -  ResidentSetSize of job (KB)
...
006 (111472063.078.000) 04/24 22:15:45 Image size of job updated: 10918964
	10587  -  MemoryUsage of job (MB)
	10840912  -  ResidentSetSize of job (KB)
...
006 (111472063.078.000) 04/24 22:20:45 Image size of job updated: 11652980
	11304  -  MemoryUsage of job (MB)
	11574928  -  ResidentSetSize of job (KB)
...
006 (111472063.078.000) 04/24 22:25:45 Image size of job updated: 12367696
	12002  -  MemoryUsage of job (MB)
	12289644  -  ResidentSetSize of job (KB)
...
006 (111472063.078.000) 04/24 22:30:46 Image size of job updated: 13088792
	12706  -  MemoryUsage of job (MB)
	13010740  -  ResidentSetSize of job (KB)
...
006 (111472063.078.000) 04/24 22:35:46 Image size of job updated: 13797540
	13398  -  MemoryUsage of job (MB)
	13719488  -  ResidentSetSize of job (KB)
...
006 (111472063.078.000) 04/24 22:40:46 Image size of job updated: 14539024
	14123  -  MemoryUsage of job (MB)
	14460972  -  ResidentSetSize of job (KB)
...
006 (111472063.078.000) 04/24 22:45:47 Image size of job updated: 15256804
	14823  -  MemoryUsage of job (MB)
	15178752  -  ResidentSetSize of job (KB)
...
006 (111472063.078.000) 04/24 22:50:48 Image size of job updated: 15988896
	15538  -  MemoryUsage of job (MB)
	15910204  -  ResidentSetSize of job (KB)
...
006 (111472063.078.000) 04/24 22:55:48 Image size of job updated: 16669444
	16202  -  MemoryUsage of job (MB)
	16589856  -  ResidentSetSize of job (KB)
...
006 (111472063.078.000) 04/24 23:00:49 Image size of job updated: 17247984
	16766  -  MemoryUsage of job (MB)
	17167804  -  ResidentSetSize of job (KB)
...
006 (111472063.078.000) 04/24 23:05:50 Image size of job updated: 17573496
	17083  -  MemoryUsage of job (MB)
	17492676  -  ResidentSetSize of job (KB)
...
006 (111472063.078.000) 04/24 23:10:51 Image size of job updated: 18020240
	17519  -  MemoryUsage of job (MB)
	17939420  -  ResidentSetSize of job (KB)
...
006 (111472063.078.000) 04/24 23:15:51 Image size of job updated: 18418516
	17908  -  MemoryUsage of job (MB)
	18337576  -  ResidentSetSize of job (KB)
...
006 (111472063.078.000) 04/24 23:20:53 Image size of job updated: 18759280
	18240  -  MemoryUsage of job (MB)
	18677628  -  ResidentSetSize of job (KB)
...
006 (111472063.078.000) 04/24 23:25:53 Image size of job updated: 19062956
	18534  -  MemoryUsage of job (MB)
	18978732  -  ResidentSetSize of job (KB)
...
006 (111472063.078.000) 04/24 23:30:53 Image size of job updated: 19390320
	18851  -  MemoryUsage of job (MB)
	19303280  -  ResidentSetSize of job (KB)
...
006 (111472063.078.000) 04/24 23:35:55 Image size of job updated: 19755912
	19205  -  MemoryUsage of job (MB)
	19665180  -  ResidentSetSize of job (KB)
...
006 (111472063.078.000) 04/24 23:40:55 Image size of job updated: 20362492
	19784  -  MemoryUsage of job (MB)
	20258160  -  ResidentSetSize of job (KB)
...
006 (111472063.078.000) 04/24 23:45:55 Image size of job updated: 21069768
	20371  -  MemoryUsage of job (MB)
	20859364  -  ResidentSetSize of job (KB)
...
006 (111472063.078.000) 04/24 23:50:55 Image size of job updated: 21615088
	20440  -  MemoryUsage of job (MB)
	20929792  -  ResidentSetSize of job (KB)
...
006 (111472063.078.000) 04/24 23:55:56 Image size of job updated: 22063744
	20440  -  MemoryUsage of job (MB)
	20929936  -  ResidentSetSize of job (KB)
...
006 (111472063.078.000) 04/25 00:00:56 Image size of job updated: 22791456
	20440  -  MemoryUsage of job (MB)
	20929936  -  ResidentSetSize of job (KB)
...
006 (111472063.078.000) 04/25 00:04:34 Image size of job updated: 23257856
	20440  -  MemoryUsage of job (MB)
	20929936  -  ResidentSetSize of job (KB)
...
005 (111472063.078.000) 04/25 00:04:36 Job terminated.
	(1) Normal termination (return value 0)
		Usr 0 02:20:24, Sys 0 00:02:25  -  Run Remote Usage
		Usr 0 00:00:00, Sys 0 00:00:00  -  Run Local Usage
		Usr 0 02:20:24, Sys 0 00:02:25  -  Total Remote Usage
		Usr 0 00:00:00, Sys 0 00:00:00  -  Total Local Usage
	24930060  -  Run Bytes Sent By Job
	1780295552  -  Run Bytes Received By Job
	24930060  -  Total Bytes Sent By Job
	1780295552  -  Total Bytes Received By Job
	Partitionable Resources :      Usage  Request Allocated 
	   Cpus                 :       0.80        1         1 
	   Disk (KB)            : 6854075    20971520  21463368 
	   Ioheavy              :                             0 
	   Memory (MB)          :   20440       20480     20480 
...
