000 (111515044.007.000) 04/25 20:20:11 Job submitted from host: <128.104.100.44:9618?addrs=128.104.100.44-9618+[2607-f388-107c-501-90e2-baff-fe2c-2724]-9618&noUDP&sock=4699_0235_3>
...
001 (111515044.007.000) 04/25 20:32:38 Job executing on host: <128.105.245.156:9618?addrs=128.105.245.156-9618&noUDP&sock=5445_6544_3>
...
006 (111515044.007.000) 04/25 20:32:48 Image size of job updated: 628
	1  -  MemoryUsage of job (MB)
	628  -  ResidentSetSize of job (KB)
...
006 (111515044.007.000) 04/25 20:37:49 Image size of job updated: 668
	1  -  MemoryUsage of job (MB)
	668  -  ResidentSetSize of job (KB)
...
006 (111515044.007.000) 04/25 20:42:50 Image size of job updated: 534048
	446  -  MemoryUsage of job (MB)
	456052  -  ResidentSetSize of job (KB)
...
006 (111515044.007.000) 04/25 20:47:52 Image size of job updated: 795688
	701  -  MemoryUsage of job (MB)
	717636  -  ResidentSetSize of job (KB)
...
006 (111515044.007.000) 04/25 20:52:52 Image size of job updated: 1068072
	967  -  MemoryUsage of job (MB)
	990020  -  ResidentSetSize of job (KB)
...
006 (111515044.007.000) 04/25 20:57:52 Image size of job updated: 1508468
	1397  -  MemoryUsage of job (MB)
	1430416  -  ResidentSetSize of job (KB)
...
006 (111515044.007.000) 04/25 21:02:53 Image size of job updated: 2159704
	2033  -  MemoryUsage of job (MB)
	2081652  -  ResidentSetSize of job (KB)
...
006 (111515044.007.000) 04/25 21:07:53 Image size of job updated: 2894936
	2751  -  MemoryUsage of job (MB)
	2816884  -  ResidentSetSize of job (KB)
...
006 (111515044.007.000) 04/25 21:12:53 Image size of job updated: 3745232
	3582  -  MemoryUsage of job (MB)
	3667180  -  ResidentSetSize of job (KB)
...
006 (111515044.007.000) 04/25 21:17:54 Image size of job updated: 4667228
	4482  -  MemoryUsage of job (MB)
	4589176  -  ResidentSetSize of job (KB)
...
006 (111515044.007.000) 04/25 21:22:55 Image size of job updated: 5501068
	5296  -  MemoryUsage of job (MB)
	5423016  -  ResidentSetSize of job (KB)
...
006 (111515044.007.000) 04/25 21:27:55 Image size of job updated: 6419996
	6194  -  MemoryUsage of job (MB)
	6341944  -  ResidentSetSize of job (KB)
...
006 (111515044.007.000) 04/25 21:32:56 Image size of job updated: 7156508
	6913  -  MemoryUsage of job (MB)
	7078456  -  ResidentSetSize of job (KB)
...
006 (111515044.007.000) 04/25 21:37:56 Image size of job updated: 7974296
	7712  -  MemoryUsage of job (MB)
	7896244  -  ResidentSetSize of job (KB)
...
006 (111515044.007.000) 04/25 21:42:57 Image size of job updated: 8752528
	8472  -  MemoryUsage of job (MB)
	8674476  -  ResidentSetSize of job (KB)
...
006 (111515044.007.000) 04/25 21:47:57 Image size of job updated: 9495364
	9197  -  MemoryUsage of job (MB)
	9417312  -  ResidentSetSize of job (KB)
...
006 (111515044.007.000) 04/25 21:52:58 Image size of job updated: 10212244
	9897  -  MemoryUsage of job (MB)
	10134192  -  ResidentSetSize of job (KB)
...
006 (111515044.007.000) 04/25 21:57:58 Image size of job updated: 10850520
	10520  -  MemoryUsage of job (MB)
	10772468  -  ResidentSetSize of job (KB)
...
006 (111515044.007.000) 04/25 22:03:00 Image size of job updated: 11550324
	11204  -  MemoryUsage of job (MB)
	11472272  -  ResidentSetSize of job (KB)
...
006 (111515044.007.000) 04/25 22:08:00 Image size of job updated: 12249164
	11886  -  MemoryUsage of job (MB)
	12171112  -  ResidentSetSize of job (KB)
...
006 (111515044.007.000) 04/25 22:13:00 Image size of job updated: 12877604
	12500  -  MemoryUsage of job (MB)
	12799552  -  ResidentSetSize of job (KB)
...
006 (111515044.007.000) 04/25 22:18:01 Image size of job updated: 13575708
	13182  -  MemoryUsage of job (MB)
	13497656  -  ResidentSetSize of job (KB)
...
006 (111515044.007.000) 04/25 22:23:01 Image size of job updated: 14213280
	13804  -  MemoryUsage of job (MB)
	14135228  -  ResidentSetSize of job (KB)
...
006 (111515044.007.000) 04/25 22:28:01 Image size of job updated: 14949660
	14524  -  MemoryUsage of job (MB)
	14871608  -  ResidentSetSize of job (KB)
...
006 (111515044.007.000) 04/25 22:33:02 Image size of job updated: 15628444
	15186  -  MemoryUsage of job (MB)
	15550392  -  ResidentSetSize of job (KB)
...
006 (111515044.007.000) 04/25 22:38:02 Image size of job updated: 16389188
	15928  -  MemoryUsage of job (MB)
	16309528  -  ResidentSetSize of job (KB)
...
006 (111515044.007.000) 04/25 22:43:03 Image size of job updated: 17158840
	16678  -  MemoryUsage of job (MB)
	17078220  -  ResidentSetSize of job (KB)
...
006 (111515044.007.000) 04/25 22:48:03 Image size of job updated: 17931356
	17430  -  MemoryUsage of job (MB)
	17847616  -  ResidentSetSize of job (KB)
...
006 (111515044.007.000) 04/25 22:53:03 Image size of job updated: 18660064
	18137  -  MemoryUsage of job (MB)
	18572200  -  ResidentSetSize of job (KB)
...
006 (111515044.007.000) 04/25 22:58:04 Image size of job updated: 19536988
	18987  -  MemoryUsage of job (MB)
	19442276  -  ResidentSetSize of job (KB)
...
006 (111515044.007.000) 04/25 23:03:04 Image size of job updated: 20285732
	19720  -  MemoryUsage of job (MB)
	20192552  -  ResidentSetSize of job (KB)
...
006 (111515044.007.000) 04/25 23:08:04 Image size of job updated: 20965768
	20351  -  MemoryUsage of job (MB)
	20839036  -  ResidentSetSize of job (KB)
...
006 (111515044.007.000) 04/25 23:13:05 Image size of job updated: 21388048
	20440  -  MemoryUsage of job (MB)
	20930388  -  ResidentSetSize of job (KB)
...
006 (111515044.007.000) 04/25 23:18:05 Image size of job updated: 22087948
	20440  -  MemoryUsage of job (MB)
	20930388  -  ResidentSetSize of job (KB)
...
006 (111515044.007.000) 04/25 23:23:05 Image size of job updated: 22839600
	20440  -  MemoryUsage of job (MB)
	20930388  -  ResidentSetSize of job (KB)
...
006 (111515044.007.000) 04/25 23:25:53 Image size of job updated: 23255680
	20440  -  MemoryUsage of job (MB)
	20930388  -  ResidentSetSize of job (KB)
...
005 (111515044.007.000) 04/25 23:25:55 Job terminated.
	(1) Normal termination (return value 0)
		Usr 0 02:35:30, Sys 0 00:02:39  -  Run Remote Usage
		Usr 0 00:00:00, Sys 0 00:00:00  -  Run Local Usage
		Usr 0 02:35:30, Sys 0 00:02:39  -  Total Remote Usage
		Usr 0 00:00:00, Sys 0 00:00:00  -  Total Local Usage
	24700704  -  Run Bytes Sent By Job
	1780295552  -  Run Bytes Received By Job
	24700704  -  Total Bytes Sent By Job
	1780295552  -  Total Bytes Received By Job
	Partitionable Resources :      Usage  Request Allocated 
	   Cpus                 :       0.99        1         1 
	   Disk (KB)            : 6853851    20971520  21225621 
	   Ioheavy              :                             0 
	   Memory (MB)          :   20440       20480     20480 
...
