000 (111515044.118.000) 04/25 20:20:11 Job submitted from host: <128.104.100.44:9618?addrs=128.104.100.44-9618+[2607-f388-107c-501-90e2-baff-fe2c-2724]-9618&noUDP&sock=4699_0235_3>
...
001 (111515044.118.000) 04/25 22:54:27 Job executing on host: <128.105.245.154:9618?addrs=128.105.245.154-9618&noUDP&sock=5448_740d_29>
...
006 (111515044.118.000) 04/25 22:54:36 Image size of job updated: 620
	1  -  MemoryUsage of job (MB)
	620  -  ResidentSetSize of job (KB)
...
006 (111515044.118.000) 04/25 22:59:37 Image size of job updated: 648
	1  -  MemoryUsage of job (MB)
	648  -  ResidentSetSize of job (KB)
...
006 (111515044.118.000) 04/25 23:04:38 Image size of job updated: 493208
	406  -  MemoryUsage of job (MB)
	415212  -  ResidentSetSize of job (KB)
...
006 (111515044.118.000) 04/25 23:09:39 Image size of job updated: 1042140
	942  -  MemoryUsage of job (MB)
	964088  -  ResidentSetSize of job (KB)
...
006 (111515044.118.000) 04/25 23:14:40 Image size of job updated: 1732952
	1617  -  MemoryUsage of job (MB)
	1654900  -  ResidentSetSize of job (KB)
...
006 (111515044.118.000) 04/25 23:19:40 Image size of job updated: 2552420
	2417  -  MemoryUsage of job (MB)
	2474368  -  ResidentSetSize of job (KB)
...
006 (111515044.118.000) 04/25 23:24:40 Image size of job updated: 3429716
	3274  -  MemoryUsage of job (MB)
	3351664  -  ResidentSetSize of job (KB)
...
006 (111515044.118.000) 04/25 23:29:40 Image size of job updated: 4506240
	4325  -  MemoryUsage of job (MB)
	4428188  -  ResidentSetSize of job (KB)
...
006 (111515044.118.000) 04/25 23:34:41 Image size of job updated: 5568244
	5362  -  MemoryUsage of job (MB)
	5490192  -  ResidentSetSize of job (KB)
...
006 (111515044.118.000) 04/25 23:39:42 Image size of job updated: 6475084
	6248  -  MemoryUsage of job (MB)
	6397032  -  ResidentSetSize of job (KB)
...
006 (111515044.118.000) 04/25 23:44:43 Image size of job updated: 7432936
	7183  -  MemoryUsage of job (MB)
	7354884  -  ResidentSetSize of job (KB)
...
006 (111515044.118.000) 04/25 23:49:43 Image size of job updated: 8508540
	8233  -  MemoryUsage of job (MB)
	8430488  -  ResidentSetSize of job (KB)
...
006 (111515044.118.000) 04/25 23:54:43 Image size of job updated: 9515192
	9216  -  MemoryUsage of job (MB)
	9437140  -  ResidentSetSize of job (KB)
...
006 (111515044.118.000) 04/25 23:59:43 Image size of job updated: 10419460
	10100  -  MemoryUsage of job (MB)
	10341408  -  ResidentSetSize of job (KB)
...
006 (111515044.118.000) 04/26 00:04:44 Image size of job updated: 11205532
	10867  -  MemoryUsage of job (MB)
	11127480  -  ResidentSetSize of job (KB)
...
006 (111515044.118.000) 04/26 00:09:44 Image size of job updated: 12059660
	11701  -  MemoryUsage of job (MB)
	11981608  -  ResidentSetSize of job (KB)
...
006 (111515044.118.000) 04/26 00:14:45 Image size of job updated: 13000636
	12620  -  MemoryUsage of job (MB)
	12922584  -  ResidentSetSize of job (KB)
...
006 (111515044.118.000) 04/26 00:19:45 Image size of job updated: 13862348
	13462  -  MemoryUsage of job (MB)
	13784296  -  ResidentSetSize of job (KB)
...
006 (111515044.118.000) 04/26 00:24:45 Image size of job updated: 14683812
	14264  -  MemoryUsage of job (MB)
	14605760  -  ResidentSetSize of job (KB)
...
006 (111515044.118.000) 04/26 00:29:46 Image size of job updated: 15542892
	15103  -  MemoryUsage of job (MB)
	15464840  -  ResidentSetSize of job (KB)
...
006 (111515044.118.000) 04/26 00:34:46 Image size of job updated: 16530772
	16067  -  MemoryUsage of job (MB)
	16452524  -  ResidentSetSize of job (KB)
...
006 (111515044.118.000) 04/26 00:39:47 Image size of job updated: 17614548
	17125  -  MemoryUsage of job (MB)
	17535148  -  ResidentSetSize of job (KB)
...
006 (111515044.118.000) 04/26 00:44:47 Image size of job updated: 18840396
	18313  -  MemoryUsage of job (MB)
	18751616  -  ResidentSetSize of job (KB)
...
006 (111515044.118.000) 04/26 00:49:48 Image size of job updated: 19989668
	19425  -  MemoryUsage of job (MB)
	19890584  -  ResidentSetSize of job (KB)
...
006 (111515044.118.000) 04/26 00:54:50 Image size of job updated: 21140140
	20293  -  MemoryUsage of job (MB)
	20779508  -  ResidentSetSize of job (KB)
...
006 (111515044.118.000) 04/26 00:59:50 Image size of job updated: 21461160
	20427  -  MemoryUsage of job (MB)
	20917136  -  ResidentSetSize of job (KB)
...
006 (111515044.118.000) 04/26 01:04:51 Image size of job updated: 21904452
	20437  -  MemoryUsage of job (MB)
	20927220  -  ResidentSetSize of job (KB)
...
006 (111515044.118.000) 04/26 01:09:51 Image size of job updated: 22689988
	20437  -  MemoryUsage of job (MB)
	20927220  -  ResidentSetSize of job (KB)
...
006 (111515044.118.000) 04/26 01:14:20 Image size of job updated: 23120008
	20437  -  MemoryUsage of job (MB)
	20927220  -  ResidentSetSize of job (KB)
...
005 (111515044.118.000) 04/26 01:14:21 Job terminated.
	(1) Normal termination (return value 0)
		Usr 0 02:01:23, Sys 0 00:02:16  -  Run Remote Usage
		Usr 0 00:00:00, Sys 0 00:00:00  -  Run Local Usage
		Usr 0 02:01:23, Sys 0 00:02:16  -  Total Remote Usage
		Usr 0 00:00:00, Sys 0 00:00:00  -  Total Local Usage
	24564308  -  Run Bytes Sent By Job
	1780295552  -  Run Bytes Received By Job
	24564308  -  Total Bytes Sent By Job
	1780295552  -  Total Bytes Received By Job
	Partitionable Resources :      Usage  Request Allocated 
	   Cpus                 :       0.94        1         1 
	   Disk (KB)            : 6853717    20971520  21338667 
	   Ioheavy              :                             0 
	   Memory (MB)          :   20437       20480     20480 
...
