000 (111367109.196.000) 04/22 22:38:18 Job submitted from host: <128.104.100.44:9618?addrs=128.104.100.44-9618+[2607-f388-107c-501-90e2-baff-fe2c-2724]-9618&noUDP&sock=1497440_afb9_3>
...
001 (111367109.196.000) 04/23 07:55:19 Job executing on host: <128.105.245.172:9618?addrs=128.105.245.172-9618&noUDP&sock=5426_5cf8_3>
...
006 (111367109.196.000) 04/23 07:55:27 Image size of job updated: 624
	1  -  MemoryUsage of job (MB)
	624  -  ResidentSetSize of job (KB)
...
006 (111367109.196.000) 04/23 08:00:29 Image size of job updated: 628
	1  -  MemoryUsage of job (MB)
	628  -  ResidentSetSize of job (KB)
...
006 (111367109.196.000) 04/23 08:05:30 Image size of job updated: 648
	1  -  MemoryUsage of job (MB)
	648  -  ResidentSetSize of job (KB)
...
006 (111367109.196.000) 04/23 08:20:36 Image size of job updated: 652
	1  -  MemoryUsage of job (MB)
	652  -  ResidentSetSize of job (KB)
...
006 (111367109.196.000) 04/23 08:25:30 Image size of job updated: 664
	1  -  MemoryUsage of job (MB)
	664  -  ResidentSetSize of job (KB)
...
006 (111367109.196.000) 04/23 08:35:33 Image size of job updated: 391272
	306  -  MemoryUsage of job (MB)
	313276  -  ResidentSetSize of job (KB)
...
006 (111367109.196.000) 04/23 08:40:30 Image size of job updated: 665396
	574  -  MemoryUsage of job (MB)
	587400  -  ResidentSetSize of job (KB)
...
006 (111367109.196.000) 04/23 08:45:31 Image size of job updated: 1076432
	975  -  MemoryUsage of job (MB)
	998380  -  ResidentSetSize of job (KB)
...
006 (111367109.196.000) 04/23 08:50:31 Image size of job updated: 1480748
	1370  -  MemoryUsage of job (MB)
	1402696  -  ResidentSetSize of job (KB)
...
006 (111367109.196.000) 04/23 08:55:32 Image size of job updated: 1979416
	1857  -  MemoryUsage of job (MB)
	1901364  -  ResidentSetSize of job (KB)
...
006 (111367109.196.000) 04/23 09:00:33 Image size of job updated: 2654984
	2517  -  MemoryUsage of job (MB)
	2576932  -  ResidentSetSize of job (KB)
...
006 (111367109.196.000) 04/23 09:05:33 Image size of job updated: 3444728
	3288  -  MemoryUsage of job (MB)
	3366676  -  ResidentSetSize of job (KB)
...
006 (111367109.196.000) 04/23 09:10:33 Image size of job updated: 4093852
	3922  -  MemoryUsage of job (MB)
	4015800  -  ResidentSetSize of job (KB)
...
006 (111367109.196.000) 04/23 09:15:33 Image size of job updated: 4725452
	4539  -  MemoryUsage of job (MB)
	4647400  -  ResidentSetSize of job (KB)
...
006 (111367109.196.000) 04/23 09:20:33 Image size of job updated: 5505268
	5301  -  MemoryUsage of job (MB)
	5427216  -  ResidentSetSize of job (KB)
...
