000 (111472063.171.000) 04/24 11:52:22 Job submitted from host: <128.104.100.44:9618?addrs=128.104.100.44-9618+[2607-f388-107c-501-90e2-baff-fe2c-2724]-9618&noUDP&sock=4699_0235_3>
...
001 (111472063.171.000) 04/24 22:49:41 Job executing on host: <128.105.245.151:9618?addrs=128.105.245.151-9618&noUDP&sock=13358_0e2f_3>
...
006 (111472063.171.000) 04/24 22:49:50 Image size of job updated: 644
	1  -  MemoryUsage of job (MB)
	644  -  ResidentSetSize of job (KB)
...
006 (111472063.171.000) 04/24 22:54:52 Image size of job updated: 672
	1  -  MemoryUsage of job (MB)
	672  -  ResidentSetSize of job (KB)
...
006 (111472063.171.000) 04/24 22:59:53 Image size of job updated: 684
	1  -  MemoryUsage of job (MB)
	684  -  ResidentSetSize of job (KB)
...
006 (111472063.171.000) 04/24 23:04:53 Image size of job updated: 390156
	305  -  MemoryUsage of job (MB)
	312160  -  ResidentSetSize of job (KB)
...
006 (111472063.171.000) 04/24 23:09:53 Image size of job updated: 654444
	563  -  MemoryUsage of job (MB)
	576448  -  ResidentSetSize of job (KB)
...
006 (111472063.171.000) 04/24 23:14:53 Image size of job updated: 1044364
	944  -  MemoryUsage of job (MB)
	966312  -  ResidentSetSize of job (KB)
...
006 (111472063.171.000) 04/24 23:19:54 Image size of job updated: 1464036
	1354  -  MemoryUsage of job (MB)
	1385984  -  ResidentSetSize of job (KB)
...
006 (111472063.171.000) 04/24 23:24:55 Image size of job updated: 2459380
	2326  -  MemoryUsage of job (MB)
	2381328  -  ResidentSetSize of job (KB)
...
006 (111472063.171.000) 04/24 23:29:57 Image size of job updated: 3826652
	3661  -  MemoryUsage of job (MB)
	3748600  -  ResidentSetSize of job (KB)
...
006 (111472063.171.000) 04/24 23:34:56 Image size of job updated: 5176896
	4980  -  MemoryUsage of job (MB)
	5098844  -  ResidentSetSize of job (KB)
...
006 (111472063.171.000) 04/24 23:39:56 Image size of job updated: 6536156
	6307  -  MemoryUsage of job (MB)
	6458104  -  ResidentSetSize of job (KB)
...
006 (111472063.171.000) 04/24 23:44:56 Image size of job updated: 7740380
	7483  -  MemoryUsage of job (MB)
	7662328  -  ResidentSetSize of job (KB)
...
006 (111472063.171.000) 04/24 23:49:56 Image size of job updated: 8404656
	8132  -  MemoryUsage of job (MB)
	8326604  -  ResidentSetSize of job (KB)
...
006 (111472063.171.000) 04/24 23:54:56 Image size of job updated: 8928016
	8643  -  MemoryUsage of job (MB)
	8849964  -  ResidentSetSize of job (KB)
...
006 (111472063.171.000) 04/24 23:59:57 Image size of job updated: 9730640
	9427  -  MemoryUsage of job (MB)
	9652588  -  ResidentSetSize of job (KB)
...
006 (111472063.171.000) 04/25 00:04:58 Image size of job updated: 10775832
	10448  -  MemoryUsage of job (MB)
	10697780  -  ResidentSetSize of job (KB)
...
006 (111472063.171.000) 04/25 00:09:59 Image size of job updated: 11791324
	11439  -  MemoryUsage of job (MB)
	11713272  -  ResidentSetSize of job (KB)
...
006 (111472063.171.000) 04/25 00:14:59 Image size of job updated: 12669756
	12297  -  MemoryUsage of job (MB)
	12591704  -  ResidentSetSize of job (KB)
...
006 (111472063.171.000) 04/25 00:19:59 Image size of job updated: 13638620
	13243  -  MemoryUsage of job (MB)
	13560568  -  ResidentSetSize of job (KB)
...
006 (111472063.171.000) 04/25 00:24:59 Image size of job updated: 14499560
	14084  -  MemoryUsage of job (MB)
	14421508  -  ResidentSetSize of job (KB)
...
006 (111472063.171.000) 04/25 00:30:00 Image size of job updated: 15285212
	14851  -  MemoryUsage of job (MB)
	15207104  -  ResidentSetSize of job (KB)
...
006 (111472063.171.000) 04/25 00:35:01 Image size of job updated: 16073432
	15619  -  MemoryUsage of job (MB)
	15993748  -  ResidentSetSize of job (KB)
...
006 (111472063.171.000) 04/25 00:40:02 Image size of job updated: 16837412
	16360  -  MemoryUsage of job (MB)
	16752184  -  ResidentSetSize of job (KB)
...
006 (111472063.171.000) 04/25 00:45:02 Image size of job updated: 17986364
	17480  -  MemoryUsage of job (MB)
	17899376  -  ResidentSetSize of job (KB)
...
006 (111472063.171.000) 04/25 00:50:03 Image size of job updated: 19005624
	18475  -  MemoryUsage of job (MB)
	18917404  -  ResidentSetSize of job (KB)
...
006 (111472063.171.000) 04/25 00:55:04 Image size of job updated: 20049196
	19485  -  MemoryUsage of job (MB)
	19952640  -  ResidentSetSize of job (KB)
...
006 (111472063.171.000) 04/25 01:00:05 Image size of job updated: 20982460
	20291  -  MemoryUsage of job (MB)
	20777136  -  ResidentSetSize of job (KB)
...
006 (111472063.171.000) 04/25 01:05:06 Image size of job updated: 21373956
	20422  -  MemoryUsage of job (MB)
	20911384  -  ResidentSetSize of job (KB)
...
006 (111472063.171.000) 04/25 01:10:07 Image size of job updated: 21842616
	20461  -  MemoryUsage of job (MB)
	20951752  -  ResidentSetSize of job (KB)
...
006 (111472063.171.000) 04/25 01:15:08 Image size of job updated: 22049188
	20461  -  MemoryUsage of job (MB)
	20951752  -  ResidentSetSize of job (KB)
...
006 (111472063.171.000) 04/25 01:20:09 Image size of job updated: 22322928
	20461  -  MemoryUsage of job (MB)
	20951752  -  ResidentSetSize of job (KB)
...
006 (111472063.171.000) 04/25 01:25:09 Image size of job updated: 22612292
	20461  -  MemoryUsage of job (MB)
	20951752  -  ResidentSetSize of job (KB)
...
006 (111472063.171.000) 04/25 01:30:10 Image size of job updated: 22787364
	20461  -  MemoryUsage of job (MB)
	20951752  -  ResidentSetSize of job (KB)
...
006 (111472063.171.000) 04/25 01:35:11 Image size of job updated: 23079324
	20461  -  MemoryUsage of job (MB)
	20951752  -  ResidentSetSize of job (KB)
...
006 (111472063.171.000) 04/25 01:40:12 Image size of job updated: 23415940
	20461  -  MemoryUsage of job (MB)
	20951752  -  ResidentSetSize of job (KB)
...
006 (111472063.171.000) 04/25 01:45:13 Image size of job updated: 24067560
	20461  -  MemoryUsage of job (MB)
	20951752  -  ResidentSetSize of job (KB)
...
006 (111472063.171.000) 04/25 01:50:14 Image size of job updated: 24683320
	20461  -  MemoryUsage of job (MB)
	20951752  -  ResidentSetSize of job (KB)
...
006 (111472063.171.000) 04/25 01:55:15 Image size of job updated: 25103584
	20461  -  MemoryUsage of job (MB)
	20951752  -  ResidentSetSize of job (KB)
...
006 (111472063.171.000) 04/25 02:00:16 Image size of job updated: 25624796
	20461  -  MemoryUsage of job (MB)
	20951752  -  ResidentSetSize of job (KB)
...
005 (111472063.171.000) 04/25 02:05:07 Job terminated.
	(1) Normal termination (return value 0)
		Usr 0 01:58:40, Sys 0 00:02:16  -  Run Remote Usage
		Usr 0 00:00:00, Sys 0 00:00:00  -  Run Local Usage
		Usr 0 01:58:40, Sys 0 00:02:16  -  Total Remote Usage
		Usr 0 00:00:00, Sys 0 00:00:00  -  Total Local Usage
	27844988  -  Run Bytes Sent By Job
	1780295552  -  Run Bytes Received By Job
	27844988  -  Total Bytes Sent By Job
	1780295552  -  Total Bytes Received By Job
	Partitionable Resources :      Usage  Request Allocated 
	   Cpus                 :       0.01        1         1 
	   Disk (KB)            : 6904041    20971520  21144322 
	   Ioheavy              :                             0 
	   Memory (MB)          :   20461       20480     20480 
...
