000 (111367109.112.000) 04/22 22:38:18 Job submitted from host: <128.104.100.44:9618?addrs=128.104.100.44-9618+[2607-f388-107c-501-90e2-baff-fe2c-2724]-9618&noUDP&sock=1497440_afb9_3>
...
001 (111367109.112.000) 04/23 05:31:40 Job executing on host: <128.105.245.164:9618?addrs=128.105.245.164-9618&noUDP&sock=5143_3faa_3>
...
006 (111367109.112.000) 04/23 05:31:49 Image size of job updated: 620
	1  -  MemoryUsage of job (MB)
	620  -  ResidentSetSize of job (KB)
...
006 (111367109.112.000) 04/23 05:36:54 Image size of job updated: 628
	1  -  MemoryUsage of job (MB)
	628  -  ResidentSetSize of job (KB)
...
006 (111367109.112.000) 04/23 05:41:51 Image size of job updated: 652
	1  -  MemoryUsage of job (MB)
	652  -  ResidentSetSize of job (KB)
...
006 (111367109.112.000) 04/23 05:56:54 Image size of job updated: 656
	1  -  MemoryUsage of job (MB)
	656  -  ResidentSetSize of job (KB)
...
006 (111367109.112.000) 04/23 06:01:57 Image size of job updated: 664
	1  -  MemoryUsage of job (MB)
	664  -  ResidentSetSize of job (KB)
...
006 (111367109.112.000) 04/23 06:06:54 Image size of job updated: 668
	1  -  MemoryUsage of job (MB)
	668  -  ResidentSetSize of job (KB)
...
006 (111367109.112.000) 04/23 06:11:55 Image size of job updated: 530060
	442  -  MemoryUsage of job (MB)
	452060  -  ResidentSetSize of job (KB)
...
006 (111367109.112.000) 04/23 06:16:56 Image size of job updated: 905656
	809  -  MemoryUsage of job (MB)
	827600  -  ResidentSetSize of job (KB)
...
006 (111367109.112.000) 04/23 06:21:56 Image size of job updated: 1343308
	1236  -  MemoryUsage of job (MB)
	1265252  -  ResidentSetSize of job (KB)
...
006 (111367109.112.000) 04/23 06:26:57 Image size of job updated: 1852736
	1734  -  MemoryUsage of job (MB)
	1774680  -  ResidentSetSize of job (KB)
...
006 (111367109.112.000) 04/23 06:32:01 Image size of job updated: 2416152
	2284  -  MemoryUsage of job (MB)
	2338096  -  ResidentSetSize of job (KB)
...
006 (111367109.112.000) 04/23 06:37:00 Image size of job updated: 3200288
	3050  -  MemoryUsage of job (MB)
	3122232  -  ResidentSetSize of job (KB)
...
006 (111367109.112.000) 04/23 06:42:00 Image size of job updated: 3900512
	3733  -  MemoryUsage of job (MB)
	3822456  -  ResidentSetSize of job (KB)
...
006 (111367109.112.000) 04/23 06:47:00 Image size of job updated: 4811256
	4623  -  MemoryUsage of job (MB)
	4733200  -  ResidentSetSize of job (KB)
...
006 (111367109.112.000) 04/23 06:52:01 Image size of job updated: 5526892
	5322  -  MemoryUsage of job (MB)
	5448836  -  ResidentSetSize of job (KB)
...
006 (111367109.112.000) 04/23 06:57:01 Image size of job updated: 6301120
	6078  -  MemoryUsage of job (MB)
	6223064  -  ResidentSetSize of job (KB)
...
006 (111367109.112.000) 04/23 07:02:02 Image size of job updated: 6908804
	6671  -  MemoryUsage of job (MB)
	6830748  -  ResidentSetSize of job (KB)
...
006 (111367109.112.000) 04/23 07:07:02 Image size of job updated: 7701076
	7445  -  MemoryUsage of job (MB)
	7623020  -  ResidentSetSize of job (KB)
...
006 (111367109.112.000) 04/23 07:12:03 Image size of job updated: 8467336
	8193  -  MemoryUsage of job (MB)
	8389280  -  ResidentSetSize of job (KB)
...
006 (111367109.112.000) 04/23 07:17:03 Image size of job updated: 9198796
	8907  -  MemoryUsage of job (MB)
	9120740  -  ResidentSetSize of job (KB)
...
006 (111367109.112.000) 04/23 07:22:03 Image size of job updated: 10034620
	9724  -  MemoryUsage of job (MB)
	9956564  -  ResidentSetSize of job (KB)
...
006 (111367109.112.000) 04/23 07:27:03 Image size of job updated: 10550980
	10228  -  MemoryUsage of job (MB)
	10472924  -  ResidentSetSize of job (KB)
...
006 (111367109.112.000) 04/23 07:32:06 Image size of job updated: 10996424
	10663  -  MemoryUsage of job (MB)
	10918368  -  ResidentSetSize of job (KB)
...
006 (111367109.112.000) 04/23 07:37:05 Image size of job updated: 11739628
	11389  -  MemoryUsage of job (MB)
	11661572  -  ResidentSetSize of job (KB)
...
006 (111367109.112.000) 04/23 07:42:08 Image size of job updated: 12439872
	12073  -  MemoryUsage of job (MB)
	12361816  -  ResidentSetSize of job (KB)
...
006 (111367109.112.000) 04/23 07:47:07 Image size of job updated: 13263356
	12877  -  MemoryUsage of job (MB)
	13185300  -  ResidentSetSize of job (KB)
...
006 (111367109.112.000) 04/23 07:52:07 Image size of job updated: 13929332
	13527  -  MemoryUsage of job (MB)
	13851276  -  ResidentSetSize of job (KB)
...
006 (111367109.112.000) 04/23 07:57:08 Image size of job updated: 14596196
	14178  -  MemoryUsage of job (MB)
	14518140  -  ResidentSetSize of job (KB)
...
006 (111367109.112.000) 04/23 08:02:08 Image size of job updated: 15282156
	14848  -  MemoryUsage of job (MB)
	15204100  -  ResidentSetSize of job (KB)
...
006 (111367109.112.000) 04/23 08:07:08 Image size of job updated: 16123916
	15670  -  MemoryUsage of job (MB)
	16045860  -  ResidentSetSize of job (KB)
...
006 (111367109.112.000) 04/23 08:12:09 Image size of job updated: 16882032
	16410  -  MemoryUsage of job (MB)
	16803560  -  ResidentSetSize of job (KB)
...
006 (111367109.112.000) 04/23 08:17:09 Image size of job updated: 17413660
	16929  -  MemoryUsage of job (MB)
	17334468  -  ResidentSetSize of job (KB)
...
006 (111367109.112.000) 04/23 08:22:10 Image size of job updated: 18129328
	17625  -  MemoryUsage of job (MB)
	18047064  -  ResidentSetSize of job (KB)
...
006 (111367109.112.000) 04/23 08:27:10 Image size of job updated: 18770852
	18241  -  MemoryUsage of job (MB)
	18678368  -  ResidentSetSize of job (KB)
...
006 (111367109.112.000) 04/23 08:32:11 Image size of job updated: 19287472
	18726  -  MemoryUsage of job (MB)
	19174928  -  ResidentSetSize of job (KB)
...
006 (111367109.112.000) 04/23 08:37:11 Image size of job updated: 19585012
	19004  -  MemoryUsage of job (MB)
	19460096  -  ResidentSetSize of job (KB)
...
006 (111367109.112.000) 04/23 08:42:15 Image size of job updated: 19720200
	19129  -  MemoryUsage of job (MB)
	19587808  -  ResidentSetSize of job (KB)
...
006 (111367109.112.000) 04/23 08:47:12 Image size of job updated: 19928072
	19323  -  MemoryUsage of job (MB)
	19786004  -  ResidentSetSize of job (KB)
...
006 (111367109.112.000) 04/23 08:52:12 Image size of job updated: 20075700
	19461  -  MemoryUsage of job (MB)
	19927784  -  ResidentSetSize of job (KB)
...
006 (111367109.112.000) 04/23 08:57:13 Image size of job updated: 20288260
	19657  -  MemoryUsage of job (MB)
	20128084  -  ResidentSetSize of job (KB)
...
006 (111367109.112.000) 04/23 09:02:14 Image size of job updated: 20390092
	19735  -  MemoryUsage of job (MB)
	20207788  -  ResidentSetSize of job (KB)
...
006 (111367109.112.000) 04/23 09:07:14 Image size of job updated: 20639956
	19937  -  MemoryUsage of job (MB)
	20414764  -  ResidentSetSize of job (KB)
...
006 (111367109.112.000) 04/23 09:12:14 Image size of job updated: 20745492
	20010  -  MemoryUsage of job (MB)
	20489580  -  ResidentSetSize of job (KB)
...
006 (111367109.112.000) 04/23 09:17:15 Image size of job updated: 20952516
	20145  -  MemoryUsage of job (MB)
	20627580  -  ResidentSetSize of job (KB)
...
006 (111367109.112.000) 04/23 09:22:17 Image size of job updated: 21059988
	20206  -  MemoryUsage of job (MB)
	20689964  -  ResidentSetSize of job (KB)
...
