000 (111515044.102.000) 04/25 20:20:11 Job submitted from host: <128.104.100.44:9618?addrs=128.104.100.44-9618+[2607-f388-107c-501-90e2-baff-fe2c-2724]-9618&noUDP&sock=4699_0235_3>
...
001 (111515044.102.000) 04/25 22:31:11 Job executing on host: <128.105.245.157:9618?addrs=128.105.245.157-9618&noUDP&sock=5433_2a21_29>
...
006 (111515044.102.000) 04/25 22:31:19 Image size of job updated: 628
	1  -  MemoryUsage of job (MB)
	628  -  ResidentSetSize of job (KB)
...
006 (111515044.102.000) 04/25 22:36:20 Image size of job updated: 648
	1  -  MemoryUsage of job (MB)
	648  -  ResidentSetSize of job (KB)
...
006 (111515044.102.000) 04/25 22:41:22 Image size of job updated: 656
	1  -  MemoryUsage of job (MB)
	656  -  ResidentSetSize of job (KB)
...
006 (111515044.102.000) 04/25 22:46:22 Image size of job updated: 301996
	219  -  MemoryUsage of job (MB)
	224000  -  ResidentSetSize of job (KB)
...
006 (111515044.102.000) 04/25 22:51:22 Image size of job updated: 771208
	677  -  MemoryUsage of job (MB)
	693156  -  ResidentSetSize of job (KB)
...
006 (111515044.102.000) 04/25 22:56:22 Image size of job updated: 1358956
	1251  -  MemoryUsage of job (MB)
	1280904  -  ResidentSetSize of job (KB)
...
006 (111515044.102.000) 04/25 23:01:23 Image size of job updated: 1972100
	1850  -  MemoryUsage of job (MB)
	1894048  -  ResidentSetSize of job (KB)
...
006 (111515044.102.000) 04/25 23:06:23 Image size of job updated: 2851444
	2709  -  MemoryUsage of job (MB)
	2773392  -  ResidentSetSize of job (KB)
...
006 (111515044.102.000) 04/25 23:11:25 Image size of job updated: 3795692
	3631  -  MemoryUsage of job (MB)
	3717640  -  ResidentSetSize of job (KB)
...
006 (111515044.102.000) 04/25 23:16:25 Image size of job updated: 4309488
	4133  -  MemoryUsage of job (MB)
	4231436  -  ResidentSetSize of job (KB)
...
006 (111515044.102.000) 04/25 23:21:25 Image size of job updated: 5389204
	5187  -  MemoryUsage of job (MB)
	5311152  -  ResidentSetSize of job (KB)
...
006 (111515044.102.000) 04/25 23:26:26 Image size of job updated: 6163296
	5943  -  MemoryUsage of job (MB)
	6085244  -  ResidentSetSize of job (KB)
...
006 (111515044.102.000) 04/25 23:31:28 Image size of job updated: 6468080
	6241  -  MemoryUsage of job (MB)
	6390028  -  ResidentSetSize of job (KB)
...
006 (111515044.102.000) 04/25 23:36:27 Image size of job updated: 6822716
	6587  -  MemoryUsage of job (MB)
	6744664  -  ResidentSetSize of job (KB)
...
006 (111515044.102.000) 04/25 23:41:27 Image size of job updated: 7372220
	7124  -  MemoryUsage of job (MB)
	7294168  -  ResidentSetSize of job (KB)
...
006 (111515044.102.000) 04/25 23:46:27 Image size of job updated: 7878172
	7618  -  MemoryUsage of job (MB)
	7800120  -  ResidentSetSize of job (KB)
...
006 (111515044.102.000) 04/25 23:51:27 Image size of job updated: 8431016
	8158  -  MemoryUsage of job (MB)
	8352964  -  ResidentSetSize of job (KB)
...
006 (111515044.102.000) 04/25 23:56:28 Image size of job updated: 8988840
	8702  -  MemoryUsage of job (MB)
	8910788  -  ResidentSetSize of job (KB)
...
006 (111515044.102.000) 04/26 00:01:28 Image size of job updated: 9586128
	9286  -  MemoryUsage of job (MB)
	9508076  -  ResidentSetSize of job (KB)
...
006 (111515044.102.000) 04/26 00:06:29 Image size of job updated: 10476568
	10155  -  MemoryUsage of job (MB)
	10398516  -  ResidentSetSize of job (KB)
...
006 (111515044.102.000) 04/26 00:11:30 Image size of job updated: 11063688
	10729  -  MemoryUsage of job (MB)
	10985636  -  ResidentSetSize of job (KB)
...
006 (111515044.102.000) 04/26 00:16:30 Image size of job updated: 11459820
	11116  -  MemoryUsage of job (MB)
	11381768  -  ResidentSetSize of job (KB)
...
006 (111515044.102.000) 04/26 00:21:30 Image size of job updated: 11844212
	11491  -  MemoryUsage of job (MB)
	11766160  -  ResidentSetSize of job (KB)
...
006 (111515044.102.000) 04/26 00:26:31 Image size of job updated: 12251968
	11889  -  MemoryUsage of job (MB)
	12173916  -  ResidentSetSize of job (KB)
...
006 (111515044.102.000) 04/26 00:31:32 Image size of job updated: 12923520
	12545  -  MemoryUsage of job (MB)
	12845468  -  ResidentSetSize of job (KB)
...
006 (111515044.102.000) 04/26 00:36:32 Image size of job updated: 13823160
	13423  -  MemoryUsage of job (MB)
	13745108  -  ResidentSetSize of job (KB)
...
006 (111515044.102.000) 04/26 00:41:32 Image size of job updated: 14768736
	14347  -  MemoryUsage of job (MB)
	14690684  -  ResidentSetSize of job (KB)
...
006 (111515044.102.000) 04/26 00:46:33 Image size of job updated: 15413416
	14976  -  MemoryUsage of job (MB)
	15334988  -  ResidentSetSize of job (KB)
...
006 (111515044.102.000) 04/26 00:51:34 Image size of job updated: 16215812
	15759  -  MemoryUsage of job (MB)
	16136356  -  ResidentSetSize of job (KB)
...
006 (111515044.102.000) 04/26 00:56:34 Image size of job updated: 16956008
	16480  -  MemoryUsage of job (MB)
	16875196  -  ResidentSetSize of job (KB)
...
006 (111515044.102.000) 04/26 01:01:34 Image size of job updated: 17621228
	17129  -  MemoryUsage of job (MB)
	17539596  -  ResidentSetSize of job (KB)
...
006 (111515044.102.000) 04/26 01:06:35 Image size of job updated: 18311512
	17803  -  MemoryUsage of job (MB)
	18229416  -  ResidentSetSize of job (KB)
...
006 (111515044.102.000) 04/26 01:11:36 Image size of job updated: 19200528
	18667  -  MemoryUsage of job (MB)
	19114176  -  ResidentSetSize of job (KB)
...
006 (111515044.102.000) 04/26 01:16:36 Image size of job updated: 19886092
	19330  -  MemoryUsage of job (MB)
	19792924  -  ResidentSetSize of job (KB)
...
006 (111515044.102.000) 04/26 01:21:36 Image size of job updated: 20729524
	20082  -  MemoryUsage of job (MB)
	20563716  -  ResidentSetSize of job (KB)
...
006 (111515044.102.000) 04/26 01:26:37 Image size of job updated: 21373984
	20456  -  MemoryUsage of job (MB)
	20946420  -  ResidentSetSize of job (KB)
...
006 (111515044.102.000) 04/26 01:31:38 Image size of job updated: 21873264
	20456  -  MemoryUsage of job (MB)
	20946420  -  ResidentSetSize of job (KB)
...
006 (111515044.102.000) 04/26 01:36:39 Image size of job updated: 22472440
	20458  -  MemoryUsage of job (MB)
	20948096  -  ResidentSetSize of job (KB)
...
006 (111515044.102.000) 04/26 01:41:39 Image size of job updated: 22961892
	20458  -  MemoryUsage of job (MB)
	20948096  -  ResidentSetSize of job (KB)
...
005 (111515044.102.000) 04/26 01:43:03 Job terminated.
	(1) Normal termination (return value 0)
		Usr 0 02:02:00, Sys 0 00:02:32  -  Run Remote Usage
		Usr 0 00:00:00, Sys 0 00:00:00  -  Run Local Usage
		Usr 0 02:02:00, Sys 0 00:02:32  -  Total Remote Usage
		Usr 0 00:00:00, Sys 0 00:00:00  -  Total Local Usage
	24670010  -  Run Bytes Sent By Job
	1780295552  -  Run Bytes Received By Job
	24670010  -  Total Bytes Sent By Job
	1780295552  -  Total Bytes Received By Job
	Partitionable Resources :      Usage  Request Allocated 
	   Cpus                 :       0.01        1         1 
	   Disk (KB)            : 6853822    20971520  21280579 
	   Ioheavy              :                             0 
	   Memory (MB)          :   20458       20480     20480 
...
