000 (111515044.042.000) 04/25 20:20:11 Job submitted from host: <128.104.100.44:9618?addrs=128.104.100.44-9618+[2607-f388-107c-501-90e2-baff-fe2c-2724]-9618&noUDP&sock=4699_0235_3>
...
001 (111515044.042.000) 04/25 21:01:25 Job executing on host: <128.105.245.174:9618?addrs=128.105.245.174-9618&noUDP&sock=5430_1b59_29>
...
006 (111515044.042.000) 04/25 21:01:34 Image size of job updated: 624
	1  -  MemoryUsage of job (MB)
	624  -  ResidentSetSize of job (KB)
...
006 (111515044.042.000) 04/25 21:06:35 Image size of job updated: 652
	1  -  MemoryUsage of job (MB)
	652  -  ResidentSetSize of job (KB)
...
006 (111515044.042.000) 04/25 21:11:35 Image size of job updated: 656
	1  -  MemoryUsage of job (MB)
	656  -  ResidentSetSize of job (KB)
...
006 (111515044.042.000) 04/25 21:16:36 Image size of job updated: 668
	1  -  MemoryUsage of job (MB)
	668  -  ResidentSetSize of job (KB)
...
006 (111515044.042.000) 04/25 21:21:36 Image size of job updated: 589892
	500  -  MemoryUsage of job (MB)
	511896  -  ResidentSetSize of job (KB)
...
006 (111515044.042.000) 04/25 21:26:36 Image size of job updated: 1084960
	984  -  MemoryUsage of job (MB)
	1006908  -  ResidentSetSize of job (KB)
...
006 (111515044.042.000) 04/25 21:31:38 Image size of job updated: 1751444
	1635  -  MemoryUsage of job (MB)
	1673392  -  ResidentSetSize of job (KB)
...
006 (111515044.042.000) 04/25 21:36:38 Image size of job updated: 2540820
	2406  -  MemoryUsage of job (MB)
	2462768  -  ResidentSetSize of job (KB)
...
006 (111515044.042.000) 04/25 21:41:38 Image size of job updated: 3423984
	3268  -  MemoryUsage of job (MB)
	3345932  -  ResidentSetSize of job (KB)
...
006 (111515044.042.000) 04/25 21:46:39 Image size of job updated: 4469304
	4289  -  MemoryUsage of job (MB)
	4391252  -  ResidentSetSize of job (KB)
...
006 (111515044.042.000) 04/25 21:51:39 Image size of job updated: 5411968
	5209  -  MemoryUsage of job (MB)
	5333916  -  ResidentSetSize of job (KB)
...
006 (111515044.042.000) 04/25 21:56:40 Image size of job updated: 6380380
	6155  -  MemoryUsage of job (MB)
	6302328  -  ResidentSetSize of job (KB)
...
006 (111515044.042.000) 04/25 22:01:40 Image size of job updated: 7276384
	7030  -  MemoryUsage of job (MB)
	7198332  -  ResidentSetSize of job (KB)
...
006 (111515044.042.000) 04/25 22:06:41 Image size of job updated: 8166260
	7899  -  MemoryUsage of job (MB)
	8088208  -  ResidentSetSize of job (KB)
...
006 (111515044.042.000) 04/25 22:11:41 Image size of job updated: 8935404
	8650  -  MemoryUsage of job (MB)
	8857352  -  ResidentSetSize of job (KB)
...
006 (111515044.042.000) 04/25 22:16:41 Image size of job updated: 9793332
	9488  -  MemoryUsage of job (MB)
	9715280  -  ResidentSetSize of job (KB)
...
006 (111515044.042.000) 04/25 22:21:42 Image size of job updated: 10550380
	10227  -  MemoryUsage of job (MB)
	10472328  -  ResidentSetSize of job (KB)
...
006 (111515044.042.000) 04/25 22:26:42 Image size of job updated: 11326204
	10985  -  MemoryUsage of job (MB)
	11248152  -  ResidentSetSize of job (KB)
...
006 (111515044.042.000) 04/25 22:31:43 Image size of job updated: 12040008
	11681  -  MemoryUsage of job (MB)
	11961060  -  ResidentSetSize of job (KB)
...
006 (111515044.042.000) 04/25 22:36:43 Image size of job updated: 12809728
	12432  -  MemoryUsage of job (MB)
	12729528  -  ResidentSetSize of job (KB)
...
006 (111515044.042.000) 04/25 22:41:43 Image size of job updated: 13558468
	13161  -  MemoryUsage of job (MB)
	13476672  -  ResidentSetSize of job (KB)
...
006 (111515044.042.000) 04/25 22:46:44 Image size of job updated: 14377872
	13961  -  MemoryUsage of job (MB)
	14295820  -  ResidentSetSize of job (KB)
...
006 (111515044.042.000) 04/25 22:51:45 Image size of job updated: 15165120
	14728  -  MemoryUsage of job (MB)
	15080728  -  ResidentSetSize of job (KB)
...
006 (111515044.042.000) 04/25 22:56:45 Image size of job updated: 16049108
	15583  -  MemoryUsage of job (MB)
	15956480  -  ResidentSetSize of job (KB)
...
006 (111515044.042.000) 04/25 23:01:45 Image size of job updated: 16662464
	16176  -  MemoryUsage of job (MB)
	16564044  -  ResidentSetSize of job (KB)
...
006 (111515044.042.000) 04/25 23:06:45 Image size of job updated: 17656552
	17136  -  MemoryUsage of job (MB)
	17547064  -  ResidentSetSize of job (KB)
...
006 (111515044.042.000) 04/25 23:11:45 Image size of job updated: 18583292
	18011  -  MemoryUsage of job (MB)
	18442288  -  ResidentSetSize of job (KB)
...
006 (111515044.042.000) 04/25 23:16:46 Image size of job updated: 19578916
	18941  -  MemoryUsage of job (MB)
	19395468  -  ResidentSetSize of job (KB)
...
006 (111515044.042.000) 04/25 23:21:46 Image size of job updated: 20410916
	19726  -  MemoryUsage of job (MB)
	20198552  -  ResidentSetSize of job (KB)
...
006 (111515044.042.000) 04/25 23:26:46 Image size of job updated: 21364104
	20437  -  MemoryUsage of job (MB)
	20926552  -  ResidentSetSize of job (KB)
...
006 (111515044.042.000) 04/25 23:31:46 Image size of job updated: 21919732
	20450  -  MemoryUsage of job (MB)
	20940268  -  ResidentSetSize of job (KB)
...
006 (111515044.042.000) 04/25 23:36:47 Image size of job updated: 22301416
	20450  -  MemoryUsage of job (MB)
	20940268  -  ResidentSetSize of job (KB)
...
006 (111515044.042.000) 04/25 23:41:48 Image size of job updated: 23037680
	20450  -  MemoryUsage of job (MB)
	20940268  -  ResidentSetSize of job (KB)
...
006 (111515044.042.000) 04/25 23:44:11 Image size of job updated: 23235964
	20450  -  MemoryUsage of job (MB)
	20940268  -  ResidentSetSize of job (KB)
...
005 (111515044.042.000) 04/25 23:44:13 Job terminated.
	(1) Normal termination (return value 0)
		Usr 0 02:11:12, Sys 0 00:04:10  -  Run Remote Usage
		Usr 0 00:00:00, Sys 0 00:00:00  -  Run Local Usage
		Usr 0 02:11:12, Sys 0 00:04:10  -  Total Remote Usage
		Usr 0 00:00:00, Sys 0 00:00:00  -  Total Local Usage
	24666364  -  Run Bytes Sent By Job
	1780295552  -  Run Bytes Received By Job
	24666364  -  Total Bytes Sent By Job
	1780295552  -  Total Bytes Received By Job
	Partitionable Resources :      Usage  Request Allocated 
	   Cpus                 :       0.01        1         1 
	   Disk (KB)            : 6853819    20971520  21261968 
	   Ioheavy              :                             0 
	   Memory (MB)          :   20450       20480     20480 
...
