000 (111351044.033.000) 04/22 20:35:43 Job submitted from host: <128.104.100.44:9618?addrs=128.104.100.44-9618+[2607-f388-107c-501-90e2-baff-fe2c-2724]-9618&noUDP&sock=1497440_afb9_3>
...
001 (111351044.033.000) 04/22 21:25:48 Job executing on host: <128.105.245.169:9618?addrs=128.105.245.169-9618&noUDP&sock=5489_936f_3>
...
006 (111351044.033.000) 04/22 21:25:56 Image size of job updated: 628
	1  -  MemoryUsage of job (MB)
	628  -  ResidentSetSize of job (KB)
...
006 (111351044.033.000) 04/22 21:30:59 Image size of job updated: 656
	1  -  MemoryUsage of job (MB)
	656  -  ResidentSetSize of job (KB)
...
006 (111351044.033.000) 04/22 21:35:58 Image size of job updated: 420848
	335  -  MemoryUsage of job (MB)
	342852  -  ResidentSetSize of job (KB)
...
006 (111351044.033.000) 04/22 21:40:30 Image size of job updated: 743948
	335  -  MemoryUsage of job (MB)
	342852  -  ResidentSetSize of job (KB)
...
005 (111351044.033.000) 04/22 21:40:32 Job terminated.
	(1) Normal termination (return value 0)
		Usr 0 00:06:58, Sys 0 00:00:25  -  Run Remote Usage
		Usr 0 00:00:00, Sys 0 00:00:00  -  Run Local Usage
		Usr 0 00:06:58, Sys 0 00:00:25  -  Total Remote Usage
		Usr 0 00:00:00, Sys 0 00:00:00  -  Total Local Usage
	1254442  -  Run Bytes Sent By Job
	1780295296  -  Run Bytes Received By Job
	1254442  -  Total Bytes Sent By Job
	1780295296  -  Total Bytes Received By Job
	Partitionable Resources :      Usage  Request Allocated 
	   Cpus                 :       0.56        1         1 
	   Disk (KB)            : 6832650    20971520  21135960 
	   Ioheavy              :                             0 
	   Memory (MB)          :     335       20480     20480 
...
