000 (111351044.039.000) 04/22 20:35:43 Job submitted from host: <128.104.100.44:9618?addrs=128.104.100.44-9618+[2607-f388-107c-501-90e2-baff-fe2c-2724]-9618&noUDP&sock=1497440_afb9_3>
...
001 (111351044.039.000) 04/22 21:28:28 Job executing on host: <128.105.245.139:9618?addrs=128.105.245.139-9618&noUDP&sock=5430_f4b4_3>
...
006 (111351044.039.000) 04/22 21:28:37 Image size of job updated: 628
	1  -  MemoryUsage of job (MB)
	628  -  ResidentSetSize of job (KB)
...
006 (111351044.039.000) 04/22 21:33:40 Image size of job updated: 656
	1  -  MemoryUsage of job (MB)
	656  -  ResidentSetSize of job (KB)
...
006 (111351044.039.000) 04/22 21:38:39 Image size of job updated: 259524
	178  -  MemoryUsage of job (MB)
	182016  -  ResidentSetSize of job (KB)
...
006 (111351044.039.000) 04/22 21:43:40 Image size of job updated: 631964
	541  -  MemoryUsage of job (MB)
	553968  -  ResidentSetSize of job (KB)
...
006 (111351044.039.000) 04/22 21:46:05 Image size of job updated: 1391104
	550  -  MemoryUsage of job (MB)
	562408  -  ResidentSetSize of job (KB)
...
005 (111351044.039.000) 04/22 21:46:07 Job terminated.
	(1) Normal termination (return value 0)
		Usr 0 00:07:16, Sys 0 00:00:22  -  Run Remote Usage
		Usr 0 00:00:00, Sys 0 00:00:00  -  Run Local Usage
		Usr 0 00:07:16, Sys 0 00:00:22  -  Total Remote Usage
		Usr 0 00:00:00, Sys 0 00:00:00  -  Total Local Usage
	1383349  -  Run Bytes Sent By Job
	1780295296  -  Run Bytes Received By Job
	1383349  -  Total Bytes Sent By Job
	1780295296  -  Total Bytes Received By Job
	Partitionable Resources :      Usage  Request Allocated 
	   Cpus                 :       0.84        1         1 
	   Disk (KB)            : 6833270    20971520  21365032 
	   Ioheavy              :                             0 
	   Memory (MB)          :     550       20480     20480 
...
