000 (111351044.097.000) 04/22 20:35:43 Job submitted from host: <128.104.100.44:9618?addrs=128.104.100.44-9618+[2607-f388-107c-501-90e2-baff-fe2c-2724]-9618&noUDP&sock=1497440_afb9_3>
...
001 (111351044.097.000) 04/22 21:45:56 Job executing on host: <128.105.245.170:9618?addrs=128.105.245.170-9618&noUDP&sock=14695_57d0_3>
...
006 (111351044.097.000) 04/22 21:46:05 Image size of job updated: 644
	1  -  MemoryUsage of job (MB)
	644  -  ResidentSetSize of job (KB)
...
006 (111351044.097.000) 04/22 21:51:06 Image size of job updated: 672
	1  -  MemoryUsage of job (MB)
	672  -  ResidentSetSize of job (KB)
...
006 (111351044.097.000) 04/22 21:56:07 Image size of job updated: 533028
	445  -  MemoryUsage of job (MB)
	455032  -  ResidentSetSize of job (KB)
...
006 (111351044.097.000) 04/22 21:58:15 Image size of job updated: 732820
	446  -  MemoryUsage of job (MB)
	456096  -  ResidentSetSize of job (KB)
...
005 (111351044.097.000) 04/22 21:58:17 Job terminated.
	(1) Normal termination (return value 0)
		Usr 0 00:06:43, Sys 0 00:00:23  -  Run Remote Usage
		Usr 0 00:00:00, Sys 0 00:00:00  -  Run Local Usage
		Usr 0 00:06:43, Sys 0 00:00:23  -  Total Remote Usage
		Usr 0 00:00:00, Sys 0 00:00:00  -  Total Local Usage
	1258058  -  Run Bytes Sent By Job
	1780295296  -  Run Bytes Received By Job
	1258058  -  Total Bytes Sent By Job
	1780295296  -  Total Bytes Received By Job
	Partitionable Resources :      Usage  Request Allocated 
	   Cpus                 :       1.00        1         1 
	   Disk (KB)            : 6832512    20971520  21242060 
	   Ioheavy              :                             0 
	   Memory (MB)          :     446       20480     20480 
...
