000 (111367109.177.000) 04/22 22:38:18 Job submitted from host: <128.104.100.44:9618?addrs=128.104.100.44-9618+[2607-f388-107c-501-90e2-baff-fe2c-2724]-9618&noUDP&sock=1497440_afb9_3>
...
001 (111367109.177.000) 04/23 07:33:29 Job executing on host: <128.105.245.152:9618?addrs=128.105.245.152-9618&noUDP&sock=5500_1efa_3>
...
006 (111367109.177.000) 04/23 07:33:38 Image size of job updated: 628
	1  -  MemoryUsage of job (MB)
	628  -  ResidentSetSize of job (KB)
...
006 (111367109.177.000) 04/23 07:38:39 Image size of job updated: 656
	1  -  MemoryUsage of job (MB)
	656  -  ResidentSetSize of job (KB)
...
006 (111367109.177.000) 04/23 07:43:40 Image size of job updated: 291072
	209  -  MemoryUsage of job (MB)
	213076  -  ResidentSetSize of job (KB)
...
006 (111367109.177.000) 04/23 07:48:41 Image size of job updated: 594140
	505  -  MemoryUsage of job (MB)
	516144  -  ResidentSetSize of job (KB)
...
006 (111367109.177.000) 04/23 07:53:42 Image size of job updated: 942980
	845  -  MemoryUsage of job (MB)
	864928  -  ResidentSetSize of job (KB)
...
006 (111367109.177.000) 04/23 07:58:42 Image size of job updated: 1281996
	1176  -  MemoryUsage of job (MB)
	1203944  -  ResidentSetSize of job (KB)
...
006 (111367109.177.000) 04/23 08:03:42 Image size of job updated: 1917380
	1797  -  MemoryUsage of job (MB)
	1839328  -  ResidentSetSize of job (KB)
...
006 (111367109.177.000) 04/23 08:08:42 Image size of job updated: 2471764
	2338  -  MemoryUsage of job (MB)
	2393712  -  ResidentSetSize of job (KB)
...
006 (111367109.177.000) 04/23 08:13:43 Image size of job updated: 3050720
	2903  -  MemoryUsage of job (MB)
	2972668  -  ResidentSetSize of job (KB)
...
006 (111367109.177.000) 04/23 08:19:00 Image size of job updated: 3832096
	3667  -  MemoryUsage of job (MB)
	3754044  -  ResidentSetSize of job (KB)
...
006 (111367109.177.000) 04/23 08:23:44 Image size of job updated: 4730700
	4544  -  MemoryUsage of job (MB)
	4652648  -  ResidentSetSize of job (KB)
...
006 (111367109.177.000) 04/23 08:28:44 Image size of job updated: 5424908
	5222  -  MemoryUsage of job (MB)
	5346856  -  ResidentSetSize of job (KB)
...
006 (111367109.177.000) 04/23 08:33:45 Image size of job updated: 6119792
	5901  -  MemoryUsage of job (MB)
	6041740  -  ResidentSetSize of job (KB)
...
006 (111367109.177.000) 04/23 08:38:46 Image size of job updated: 6700912
	6468  -  MemoryUsage of job (MB)
	6622860  -  ResidentSetSize of job (KB)
...
006 (111367109.177.000) 04/23 08:43:46 Image size of job updated: 7353600
	7106  -  MemoryUsage of job (MB)
	7275548  -  ResidentSetSize of job (KB)
...
006 (111367109.177.000) 04/23 08:48:46 Image size of job updated: 8007500
	7744  -  MemoryUsage of job (MB)
	7929448  -  ResidentSetSize of job (KB)
...
006 (111367109.177.000) 04/23 08:53:47 Image size of job updated: 8654648
	8376  -  MemoryUsage of job (MB)
	8576596  -  ResidentSetSize of job (KB)
...
006 (111367109.177.000) 04/23 08:58:48 Image size of job updated: 9238292
	8946  -  MemoryUsage of job (MB)
	9160240  -  ResidentSetSize of job (KB)
...
006 (111367109.177.000) 04/23 09:03:49 Image size of job updated: 9820796
	9515  -  MemoryUsage of job (MB)
	9742744  -  ResidentSetSize of job (KB)
...
006 (111367109.177.000) 04/23 09:08:49 Image size of job updated: 10445196
	10125  -  MemoryUsage of job (MB)
	10367144  -  ResidentSetSize of job (KB)
...
006 (111367109.177.000) 04/23 09:13:50 Image size of job updated: 11115328
	10779  -  MemoryUsage of job (MB)
	11037276  -  ResidentSetSize of job (KB)
...
006 (111367109.177.000) 04/23 09:18:51 Image size of job updated: 11932020
	11577  -  MemoryUsage of job (MB)
	11853968  -  ResidentSetSize of job (KB)
...
006 (111367109.177.000) 04/23 09:23:52 Image size of job updated: 12748684
	12374  -  MemoryUsage of job (MB)
	12670632  -  ResidentSetSize of job (KB)
...
