000 (111472063.073.000) 04/24 11:52:22 Job submitted from host: <128.104.100.44:9618?addrs=128.104.100.44-9618+[2607-f388-107c-501-90e2-baff-fe2c-2724]-9618&noUDP&sock=4699_0235_3>
...
001 (111472063.073.000) 04/24 20:58:48 Job executing on host: <128.105.245.246:9618?addrs=128.105.245.246-9618&noUDP&sock=5428_bc28_3>
...
006 (111472063.073.000) 04/24 20:58:57 Image size of job updated: 628
	1  -  MemoryUsage of job (MB)
	628  -  ResidentSetSize of job (KB)
...
006 (111472063.073.000) 04/24 21:03:59 Image size of job updated: 190436
	113  -  MemoryUsage of job (MB)
	115484  -  ResidentSetSize of job (KB)
...
006 (111472063.073.000) 04/24 21:08:59 Image size of job updated: 822304
	727  -  MemoryUsage of job (MB)
	744252  -  ResidentSetSize of job (KB)
...
006 (111472063.073.000) 04/24 21:13:59 Image size of job updated: 1433956
	1325  -  MemoryUsage of job (MB)
	1355904  -  ResidentSetSize of job (KB)
...
006 (111472063.073.000) 04/24 21:18:59 Image size of job updated: 2355960
	2225  -  MemoryUsage of job (MB)
	2277908  -  ResidentSetSize of job (KB)
...
006 (111472063.073.000) 04/24 21:24:00 Image size of job updated: 3437136
	3281  -  MemoryUsage of job (MB)
	3359084  -  ResidentSetSize of job (KB)
...
006 (111472063.073.000) 04/24 21:29:01 Image size of job updated: 4791720
	4604  -  MemoryUsage of job (MB)
	4713668  -  ResidentSetSize of job (KB)
...
006 (111472063.073.000) 04/24 21:34:02 Image size of job updated: 5940100
	5725  -  MemoryUsage of job (MB)
	5862048  -  ResidentSetSize of job (KB)
...
006 (111472063.073.000) 04/24 21:39:02 Image size of job updated: 6936400
	6698  -  MemoryUsage of job (MB)
	6858348  -  ResidentSetSize of job (KB)
...
006 (111472063.073.000) 04/24 21:44:03 Image size of job updated: 7964076
	7702  -  MemoryUsage of job (MB)
	7886024  -  ResidentSetSize of job (KB)
...
006 (111472063.073.000) 04/24 21:49:04 Image size of job updated: 8737568
	8457  -  MemoryUsage of job (MB)
	8659516  -  ResidentSetSize of job (KB)
...
006 (111472063.073.000) 04/24 21:54:04 Image size of job updated: 9482300
	9184  -  MemoryUsage of job (MB)
	9404248  -  ResidentSetSize of job (KB)
...
006 (111472063.073.000) 04/24 21:59:04 Image size of job updated: 10168892
	9855  -  MemoryUsage of job (MB)
	10090840  -  ResidentSetSize of job (KB)
...
006 (111472063.073.000) 04/24 22:04:05 Image size of job updated: 10591596
	10268  -  MemoryUsage of job (MB)
	10513544  -  ResidentSetSize of job (KB)
...
006 (111472063.073.000) 04/24 22:09:06 Image size of job updated: 11073712
	10738  -  MemoryUsage of job (MB)
	10995660  -  ResidentSetSize of job (KB)
...
006 (111472063.073.000) 04/24 22:14:06 Image size of job updated: 11582756
	11236  -  MemoryUsage of job (MB)
	11504704  -  ResidentSetSize of job (KB)
...
006 (111472063.073.000) 04/24 22:19:08 Image size of job updated: 12212064
	11850  -  MemoryUsage of job (MB)
	12134012  -  ResidentSetSize of job (KB)
...
006 (111472063.073.000) 04/24 22:24:09 Image size of job updated: 12758212
	12383  -  MemoryUsage of job (MB)
	12680160  -  ResidentSetSize of job (KB)
...
006 (111472063.073.000) 04/24 22:29:10 Image size of job updated: 13239692
	12854  -  MemoryUsage of job (MB)
	13161640  -  ResidentSetSize of job (KB)
...
006 (111472063.073.000) 04/24 22:34:11 Image size of job updated: 13748896
	13351  -  MemoryUsage of job (MB)
	13670844  -  ResidentSetSize of job (KB)
...
006 (111472063.073.000) 04/24 22:39:12 Image size of job updated: 14371832
	13959  -  MemoryUsage of job (MB)
	14293780  -  ResidentSetSize of job (KB)
...
006 (111472063.073.000) 04/24 22:44:13 Image size of job updated: 14895448
	14471  -  MemoryUsage of job (MB)
	14817396  -  ResidentSetSize of job (KB)
...
006 (111472063.073.000) 04/24 22:49:14 Image size of job updated: 15533564
	15094  -  MemoryUsage of job (MB)
	15455512  -  ResidentSetSize of job (KB)
...
006 (111472063.073.000) 04/24 22:54:14 Image size of job updated: 16208852
	15753  -  MemoryUsage of job (MB)
	16130204  -  ResidentSetSize of job (KB)
...
006 (111472063.073.000) 04/24 22:59:14 Image size of job updated: 16615944
	16149  -  MemoryUsage of job (MB)
	16535952  -  ResidentSetSize of job (KB)
...
006 (111472063.073.000) 04/24 23:04:15 Image size of job updated: 17115584
	16636  -  MemoryUsage of job (MB)
	17034792  -  ResidentSetSize of job (KB)
...
006 (111472063.073.000) 04/24 23:09:16 Image size of job updated: 17638852
	17146  -  MemoryUsage of job (MB)
	17556996  -  ResidentSetSize of job (KB)
...
006 (111472063.073.000) 04/24 23:14:16 Image size of job updated: 18198036
	17685  -  MemoryUsage of job (MB)
	18108456  -  ResidentSetSize of job (KB)
...
006 (111472063.073.000) 04/24 23:19:17 Image size of job updated: 18690872
	18151  -  MemoryUsage of job (MB)
	18585952  -  ResidentSetSize of job (KB)
...
006 (111472063.073.000) 04/24 23:24:17 Image size of job updated: 19217440
	18648  -  MemoryUsage of job (MB)
	19095172  -  ResidentSetSize of job (KB)
...
006 (111472063.073.000) 04/24 23:29:19 Image size of job updated: 19829992
	19232  -  MemoryUsage of job (MB)
	19693004  -  ResidentSetSize of job (KB)
...
006 (111472063.073.000) 04/24 23:34:19 Image size of job updated: 20484952
	19815  -  MemoryUsage of job (MB)
	20290320  -  ResidentSetSize of job (KB)
...
006 (111472063.073.000) 04/24 23:39:20 Image size of job updated: 21130476
	20263  -  MemoryUsage of job (MB)
	20749008  -  ResidentSetSize of job (KB)
...
006 (111472063.073.000) 04/24 23:44:20 Image size of job updated: 21641608
	20402  -  MemoryUsage of job (MB)
	20890884  -  ResidentSetSize of job (KB)
...
006 (111472063.073.000) 04/24 23:49:20 Image size of job updated: 22202668
	20441  -  MemoryUsage of job (MB)
	20930596  -  ResidentSetSize of job (KB)
...
006 (111472063.073.000) 04/24 23:54:20 Image size of job updated: 22901540
	20449  -  MemoryUsage of job (MB)
	20939636  -  ResidentSetSize of job (KB)
...
006 (111472063.073.000) 04/24 23:56:53 Image size of job updated: 23107052
	20449  -  MemoryUsage of job (MB)
	20939636  -  ResidentSetSize of job (KB)
...
005 (111472063.073.000) 04/24 23:56:55 Job terminated.
	(1) Normal termination (return value 0)
		Usr 0 02:32:35, Sys 0 00:06:12  -  Run Remote Usage
		Usr 0 00:00:00, Sys 0 00:00:00  -  Run Local Usage
		Usr 0 02:32:35, Sys 0 00:06:12  -  Total Remote Usage
		Usr 0 00:00:00, Sys 0 00:00:00  -  Total Local Usage
	24326740  -  Run Bytes Sent By Job
	1780295552  -  Run Bytes Received By Job
	24326740  -  Total Bytes Sent By Job
	1780295552  -  Total Bytes Received By Job
	Partitionable Resources :      Usage  Request Allocated 
	   Cpus                 :       0.99        1         1 
	   Disk (KB)            : 6853486    20971520  21514784 
	   Ioheavy              :                             0 
	   Memory (MB)          :   20449       20480     20480 
...
