000 (111515044.078.000) 04/25 20:20:11 Job submitted from host: <128.104.100.44:9618?addrs=128.104.100.44-9618+[2607-f388-107c-501-90e2-baff-fe2c-2724]-9618&noUDP&sock=4699_0235_3>
...
001 (111515044.078.000) 04/25 22:05:24 Job executing on host: <128.105.245.190:9618?addrs=128.105.245.190-9618&noUDP&sock=5445_6544_3>
...
006 (111515044.078.000) 04/25 22:05:35 Image size of job updated: 632
	1  -  MemoryUsage of job (MB)
	632  -  ResidentSetSize of job (KB)
...
006 (111515044.078.000) 04/25 22:10:35 Image size of job updated: 361948
	278  -  MemoryUsage of job (MB)
	283952  -  ResidentSetSize of job (KB)
...
006 (111515044.078.000) 04/25 22:15:36 Image size of job updated: 807868
	713  -  MemoryUsage of job (MB)
	729836  -  ResidentSetSize of job (KB)
...
006 (111515044.078.000) 04/25 22:20:37 Image size of job updated: 1316636
	1210  -  MemoryUsage of job (MB)
	1238584  -  ResidentSetSize of job (KB)
...
006 (111515044.078.000) 04/25 22:25:38 Image size of job updated: 1975708
	1854  -  MemoryUsage of job (MB)
	1897656  -  ResidentSetSize of job (KB)
...
006 (111515044.078.000) 04/25 22:30:38 Image size of job updated: 2785068
	2644  -  MemoryUsage of job (MB)
	2707016  -  ResidentSetSize of job (KB)
...
006 (111515044.078.000) 04/25 22:35:38 Image size of job updated: 3674976
	3513  -  MemoryUsage of job (MB)
	3596924  -  ResidentSetSize of job (KB)
...
006 (111515044.078.000) 04/25 22:40:39 Image size of job updated: 4460776
	4281  -  MemoryUsage of job (MB)
	4382724  -  ResidentSetSize of job (KB)
...
006 (111515044.078.000) 04/25 22:45:40 Image size of job updated: 5211948
	5014  -  MemoryUsage of job (MB)
	5133896  -  ResidentSetSize of job (KB)
...
006 (111515044.078.000) 04/25 22:50:40 Image size of job updated: 6072132
	5854  -  MemoryUsage of job (MB)
	5994080  -  ResidentSetSize of job (KB)
...
006 (111515044.078.000) 04/25 22:55:41 Image size of job updated: 6959056
	6720  -  MemoryUsage of job (MB)
	6881004  -  ResidentSetSize of job (KB)
...
006 (111515044.078.000) 04/25 23:00:42 Image size of job updated: 7834856
	7576  -  MemoryUsage of job (MB)
	7756804  -  ResidentSetSize of job (KB)
...
006 (111515044.078.000) 04/25 23:05:42 Image size of job updated: 8618704
	8341  -  MemoryUsage of job (MB)
	8540652  -  ResidentSetSize of job (KB)
...
006 (111515044.078.000) 04/25 23:10:42 Image size of job updated: 9360820
	9066  -  MemoryUsage of job (MB)
	9282768  -  ResidentSetSize of job (KB)
...
006 (111515044.078.000) 04/25 23:15:44 Image size of job updated: 9903932
	9596  -  MemoryUsage of job (MB)
	9825880  -  ResidentSetSize of job (KB)
...
006 (111515044.078.000) 04/25 23:20:43 Image size of job updated: 10629084
	10304  -  MemoryUsage of job (MB)
	10551032  -  ResidentSetSize of job (KB)
...
006 (111515044.078.000) 04/25 23:25:43 Image size of job updated: 11289732
	10949  -  MemoryUsage of job (MB)
	11211680  -  ResidentSetSize of job (KB)
...
006 (111515044.078.000) 04/25 23:30:43 Image size of job updated: 12064072
	11706  -  MemoryUsage of job (MB)
	11986020  -  ResidentSetSize of job (KB)
...
006 (111515044.078.000) 04/25 23:35:44 Image size of job updated: 12858756
	12482  -  MemoryUsage of job (MB)
	12780704  -  ResidentSetSize of job (KB)
...
006 (111515044.078.000) 04/25 23:40:45 Image size of job updated: 13625748
	13231  -  MemoryUsage of job (MB)
	13547696  -  ResidentSetSize of job (KB)
...
006 (111515044.078.000) 04/25 23:45:45 Image size of job updated: 14445288
	14031  -  MemoryUsage of job (MB)
	14367236  -  ResidentSetSize of job (KB)
...
006 (111515044.078.000) 04/25 23:50:46 Image size of job updated: 15075132
	14646  -  MemoryUsage of job (MB)
	14997080  -  ResidentSetSize of job (KB)
...
006 (111515044.078.000) 04/25 23:55:47 Image size of job updated: 15886116
	15438  -  MemoryUsage of job (MB)
	15807596  -  ResidentSetSize of job (KB)
...
006 (111515044.078.000) 04/26 00:00:47 Image size of job updated: 16588676
	16124  -  MemoryUsage of job (MB)
	16510156  -  ResidentSetSize of job (KB)
...
006 (111515044.078.000) 04/26 00:05:49 Image size of job updated: 17368172
	16884  -  MemoryUsage of job (MB)
	17288884  -  ResidentSetSize of job (KB)
...
006 (111515044.078.000) 04/26 00:10:51 Image size of job updated: 18118360
	17614  -  MemoryUsage of job (MB)
	18036188  -  ResidentSetSize of job (KB)
...
006 (111515044.078.000) 04/26 00:15:50 Image size of job updated: 18849844
	18318  -  MemoryUsage of job (MB)
	18757088  -  ResidentSetSize of job (KB)
...
006 (111515044.078.000) 04/26 00:20:50 Image size of job updated: 19492592
	18935  -  MemoryUsage of job (MB)
	19388528  -  ResidentSetSize of job (KB)
...
006 (111515044.078.000) 04/26 00:25:50 Image size of job updated: 20317004
	19743  -  MemoryUsage of job (MB)
	20216028  -  ResidentSetSize of job (KB)
...
006 (111515044.078.000) 04/26 00:30:51 Image size of job updated: 21019020
	20399  -  MemoryUsage of job (MB)
	20888568  -  ResidentSetSize of job (KB)
...
006 (111515044.078.000) 04/26 00:35:51 Image size of job updated: 21449652
	20431  -  MemoryUsage of job (MB)
	20921220  -  ResidentSetSize of job (KB)
...
006 (111515044.078.000) 04/26 00:40:51 Image size of job updated: 21987136
	20460  -  MemoryUsage of job (MB)
	20950148  -  ResidentSetSize of job (KB)
...
006 (111515044.078.000) 04/26 00:45:51 Image size of job updated: 22698992
	20465  -  MemoryUsage of job (MB)
	20955404  -  ResidentSetSize of job (KB)
...
006 (111515044.078.000) 04/26 00:50:52 Image size of job updated: 23289116
	20465  -  MemoryUsage of job (MB)
	20955724  -  ResidentSetSize of job (KB)
...
005 (111515044.078.000) 04/26 00:51:16 Job terminated.
	(1) Normal termination (return value 0)
		Usr 0 02:29:08, Sys 0 00:02:37  -  Run Remote Usage
		Usr 0 00:00:00, Sys 0 00:00:00  -  Run Local Usage
		Usr 0 02:29:08, Sys 0 00:02:37  -  Total Remote Usage
		Usr 0 00:00:00, Sys 0 00:00:00  -  Total Local Usage
	25294888  -  Run Bytes Sent By Job
	1780295552  -  Run Bytes Received By Job
	25294888  -  Total Bytes Sent By Job
	1780295552  -  Total Bytes Received By Job
	Partitionable Resources :      Usage  Request Allocated 
	   Cpus                 :       0.92        1         1 
	   Disk (KB)            : 6854432    20971520  21126016 
	   Ioheavy              :                             0 
	   Memory (MB)          :   20465       20480     20480 
...
