000 (111351044.127.000) 04/22 20:35:43 Job submitted from host: <128.104.100.44:9618?addrs=128.104.100.44-9618+[2607-f388-107c-501-90e2-baff-fe2c-2724]-9618&noUDP&sock=1497440_afb9_3>
...
001 (111351044.127.000) 04/22 21:53:17 Job executing on host: <128.105.245.178:9618?addrs=128.105.245.178-9618&noUDP&sock=5426_5cf8_29>
...
006 (111351044.127.000) 04/22 21:53:26 Image size of job updated: 668
	1  -  MemoryUsage of job (MB)
	632  -  ResidentSetSize of job (KB)
...
006 (111351044.127.000) 04/22 21:58:30 Image size of job updated: 696
	1  -  MemoryUsage of job (MB)
	660  -  ResidentSetSize of job (KB)
...
006 (111351044.127.000) 04/22 22:03:29 Image size of job updated: 552220
	464  -  MemoryUsage of job (MB)
	474188  -  ResidentSetSize of job (KB)
...
006 (111351044.127.000) 04/22 22:05:58 Image size of job updated: 774564
	465  -  MemoryUsage of job (MB)
	476072  -  ResidentSetSize of job (KB)
...
005 (111351044.127.000) 04/22 22:06:00 Job terminated.
	(1) Normal termination (return value 0)
		Usr 0 00:06:21, Sys 0 00:00:22  -  Run Remote Usage
		Usr 0 00:00:00, Sys 0 00:00:00  -  Run Local Usage
		Usr 0 00:06:21, Sys 0 00:00:22  -  Total Remote Usage
		Usr 0 00:00:00, Sys 0 00:00:00  -  Total Local Usage
	1363099  -  Run Bytes Sent By Job
	1780295296  -  Run Bytes Received By Job
	1363099  -  Total Bytes Sent By Job
	1780295296  -  Total Bytes Received By Job
	Partitionable Resources :      Usage  Request Allocated 
	   Cpus                 :       0.98        1         1 
	   Disk (KB)            : 6832897    20971520  21975760 
	   Ioheavy              :                             0 
	   Memory (MB)          :     465       20480     20480 
...
