000 (111351044.005.000) 04/22 20:35:43 Job submitted from host: <128.104.100.44:9618?addrs=128.104.100.44-9618+[2607-f388-107c-501-90e2-baff-fe2c-2724]-9618&noUDP&sock=1497440_afb9_3>
...
001 (111351044.005.000) 04/22 21:23:40 Job executing on host: <128.105.245.247:9618?addrs=128.105.245.247-9618&noUDP&sock=5487_343f_3>
...
006 (111351044.005.000) 04/22 21:23:49 Image size of job updated: 620
	1  -  MemoryUsage of job (MB)
	620  -  ResidentSetSize of job (KB)
...
006 (111351044.005.000) 04/22 21:28:50 Image size of job updated: 628
	1  -  MemoryUsage of job (MB)
	628  -  ResidentSetSize of job (KB)
...
006 (111351044.005.000) 04/22 21:33:50 Image size of job updated: 652
	1  -  MemoryUsage of job (MB)
	652  -  ResidentSetSize of job (KB)
...
006 (111351044.005.000) 04/22 21:38:57 Image size of job updated: 656
	1  -  MemoryUsage of job (MB)
	656  -  ResidentSetSize of job (KB)
...
006 (111351044.005.000) 04/22 21:43:54 Image size of job updated: 664
	1  -  MemoryUsage of job (MB)
	664  -  ResidentSetSize of job (KB)
...
006 (111351044.005.000) 04/22 21:48:53 Image size of job updated: 668
	1  -  MemoryUsage of job (MB)
	668  -  ResidentSetSize of job (KB)
...
006 (111351044.005.000) 04/22 21:58:55 Image size of job updated: 344032
	260  -  MemoryUsage of job (MB)
	266036  -  ResidentSetSize of job (KB)
...
006 (111351044.005.000) 04/22 22:03:56 Image size of job updated: 679012
	587  -  MemoryUsage of job (MB)
	601016  -  ResidentSetSize of job (KB)
...
006 (111351044.005.000) 04/22 22:05:20 Image size of job updated: 801892
	589  -  MemoryUsage of job (MB)
	603064  -  ResidentSetSize of job (KB)
...
005 (111351044.005.000) 04/22 22:05:22 Job terminated.
	(1) Normal termination (return value 0)
		Usr 0 00:06:08, Sys 0 00:00:22  -  Run Remote Usage
		Usr 0 00:00:00, Sys 0 00:00:00  -  Run Local Usage
		Usr 0 00:06:08, Sys 0 00:00:22  -  Total Remote Usage
		Usr 0 00:00:00, Sys 0 00:00:00  -  Total Local Usage
	1377905  -  Run Bytes Sent By Job
	1780295296  -  Run Bytes Received By Job
	1377905  -  Total Bytes Sent By Job
	1780295296  -  Total Bytes Received By Job
	Partitionable Resources :      Usage  Request Allocated 
	   Cpus                 :       0.51        1         1 
	   Disk (KB)            : 6833124    20971520  21150899 
	   Ioheavy              :                             0 
	   Memory (MB)          :     589       20480     20480 
...
