000 (112045348.029.000) 05/01 17:44:19 Job submitted from host: <128.104.100.44:9618?addrs=128.104.100.44-9618+[2607-f388-107c-501-90e2-baff-fe2c-2724]-9618&noUDP&sock=4699_0235_3>
...
001 (112045348.029.000) 05/01 20:18:59 Job executing on host: <128.105.245.189:9618?addrs=128.105.245.189-9618&noUDP&sock=5433_2a21_3>
...
006 (112045348.029.000) 05/01 20:19:08 Image size of job updated: 648
	1  -  MemoryUsage of job (MB)
	648  -  ResidentSetSize of job (KB)
...
006 (112045348.029.000) 05/01 20:24:15 Image size of job updated: 652
	1  -  MemoryUsage of job (MB)
	652  -  ResidentSetSize of job (KB)
...
006 (112045348.029.000) 05/01 20:29:09 Image size of job updated: 672
	1  -  MemoryUsage of job (MB)
	672  -  ResidentSetSize of job (KB)
...
006 (112045348.029.000) 05/01 20:34:10 Image size of job updated: 676
	1  -  MemoryUsage of job (MB)
	676  -  ResidentSetSize of job (KB)
...
006 (112045348.029.000) 05/01 20:39:11 Image size of job updated: 688
	1  -  MemoryUsage of job (MB)
	688  -  ResidentSetSize of job (KB)
...
006 (112045348.029.000) 05/01 20:44:12 Image size of job updated: 536620
	448  -  MemoryUsage of job (MB)
	458624  -  ResidentSetSize of job (KB)
...
006 (112045348.029.000) 05/01 20:49:13 Image size of job updated: 941864
	844  -  MemoryUsage of job (MB)
	863812  -  ResidentSetSize of job (KB)
...
006 (112045348.029.000) 05/01 20:54:13 Image size of job updated: 1398164
	1290  -  MemoryUsage of job (MB)
	1320112  -  ResidentSetSize of job (KB)
...
006 (112045348.029.000) 05/01 20:59:13 Image size of job updated: 2018660
	1896  -  MemoryUsage of job (MB)
	1940608  -  ResidentSetSize of job (KB)
...
006 (112045348.029.000) 05/01 21:04:13 Image size of job updated: 2743628
	2604  -  MemoryUsage of job (MB)
	2665576  -  ResidentSetSize of job (KB)
...
006 (112045348.029.000) 05/01 21:09:14 Image size of job updated: 3618676
	3458  -  MemoryUsage of job (MB)
	3540624  -  ResidentSetSize of job (KB)
...
006 (112045348.029.000) 05/01 21:14:14 Image size of job updated: 4454988
	4275  -  MemoryUsage of job (MB)
	4376936  -  ResidentSetSize of job (KB)
...
006 (112045348.029.000) 05/01 21:19:15 Image size of job updated: 5276336
	5077  -  MemoryUsage of job (MB)
	5198284  -  ResidentSetSize of job (KB)
...
006 (112045348.029.000) 05/01 21:24:16 Image size of job updated: 6188864
	5968  -  MemoryUsage of job (MB)
	6110812  -  ResidentSetSize of job (KB)
...
006 (112045348.029.000) 05/01 21:29:16 Image size of job updated: 7008044
	6768  -  MemoryUsage of job (MB)
	6929992  -  ResidentSetSize of job (KB)
...
006 (112045348.029.000) 05/01 21:34:18 Image size of job updated: 7773120
	7515  -  MemoryUsage of job (MB)
	7695068  -  ResidentSetSize of job (KB)
...
006 (112045348.029.000) 05/01 21:39:17 Image size of job updated: 8651544
	8373  -  MemoryUsage of job (MB)
	8573492  -  ResidentSetSize of job (KB)
...
006 (112045348.029.000) 05/01 21:44:18 Image size of job updated: 9444760
	9148  -  MemoryUsage of job (MB)
	9366708  -  ResidentSetSize of job (KB)
...
006 (112045348.029.000) 05/01 21:49:18 Image size of job updated: 10203920
	9889  -  MemoryUsage of job (MB)
	10125868  -  ResidentSetSize of job (KB)
...
006 (112045348.029.000) 05/01 21:54:18 Image size of job updated: 10959664
	10627  -  MemoryUsage of job (MB)
	10881612  -  ResidentSetSize of job (KB)
...
006 (112045348.029.000) 05/01 21:59:19 Image size of job updated: 11691864
	11342  -  MemoryUsage of job (MB)
	11613812  -  ResidentSetSize of job (KB)
...
006 (112045348.029.000) 05/01 22:04:20 Image size of job updated: 12418880
	12052  -  MemoryUsage of job (MB)
	12340828  -  ResidentSetSize of job (KB)
...
006 (112045348.029.000) 05/01 22:09:20 Image size of job updated: 13174112
	12790  -  MemoryUsage of job (MB)
	13096060  -  ResidentSetSize of job (KB)
...
006 (112045348.029.000) 05/01 22:14:20 Image size of job updated: 13868492
	13468  -  MemoryUsage of job (MB)
	13790440  -  ResidentSetSize of job (KB)
...
006 (112045348.029.000) 05/01 22:19:21 Image size of job updated: 14575228
	14158  -  MemoryUsage of job (MB)
	14497176  -  ResidentSetSize of job (KB)
...
006 (112045348.029.000) 05/01 22:24:22 Image size of job updated: 15277672
	14844  -  MemoryUsage of job (MB)
	15199620  -  ResidentSetSize of job (KB)
...
006 (112045348.029.000) 05/01 22:29:23 Image size of job updated: 16047960
	15596  -  MemoryUsage of job (MB)
	15969908  -  ResidentSetSize of job (KB)
...
006 (112045348.029.000) 05/01 22:34:23 Image size of job updated: 16802388
	16333  -  MemoryUsage of job (MB)
	16724336  -  ResidentSetSize of job (KB)
...
006 (112045348.029.000) 05/01 22:39:23 Image size of job updated: 17546760
	17060  -  MemoryUsage of job (MB)
	17468504  -  ResidentSetSize of job (KB)
...
006 (112045348.029.000) 05/01 22:44:24 Image size of job updated: 18270084
	17765  -  MemoryUsage of job (MB)
	18191028  -  ResidentSetSize of job (KB)
...
006 (112045348.029.000) 05/01 22:49:24 Image size of job updated: 19088772
	18562  -  MemoryUsage of job (MB)
	19007400  -  ResidentSetSize of job (KB)
...
006 (112045348.029.000) 05/01 22:54:24 Image size of job updated: 19736312
	19181  -  MemoryUsage of job (MB)
	19640528  -  ResidentSetSize of job (KB)
...
006 (112045348.029.000) 05/01 22:59:25 Image size of job updated: 20282368
	19699  -  MemoryUsage of job (MB)
	20170932  -  ResidentSetSize of job (KB)
...
006 (112045348.029.000) 05/01 23:04:25 Image size of job updated: 20950380
	20278  -  MemoryUsage of job (MB)
	20763952  -  ResidentSetSize of job (KB)
...
006 (112045348.029.000) 05/01 23:09:26 Image size of job updated: 21510196
	20436  -  MemoryUsage of job (MB)
	20926196  -  ResidentSetSize of job (KB)
...
006 (112045348.029.000) 05/01 23:14:26 Image size of job updated: 22065432
	20463  -  MemoryUsage of job (MB)
	20953600  -  ResidentSetSize of job (KB)
...
006 (112045348.029.000) 05/01 23:19:26 Image size of job updated: 22602896
	20463  -  MemoryUsage of job (MB)
	20953600  -  ResidentSetSize of job (KB)
...
005 (112045348.029.000) 05/01 23:23:07 Job terminated.
	(1) Normal termination (return value 0)
		Usr 0 02:29:14, Sys 0 00:03:11  -  Run Remote Usage
		Usr 0 00:00:00, Sys 0 00:00:00  -  Run Local Usage
		Usr 0 02:29:14, Sys 0 00:03:11  -  Total Remote Usage
		Usr 0 00:00:00, Sys 0 00:00:00  -  Total Local Usage
	23054216  -  Run Bytes Sent By Job
	1780294912  -  Run Bytes Received By Job
	23054216  -  Total Bytes Sent By Job
	1780294912  -  Total Bytes Received By Job
	Partitionable Resources :      Usage  Request Allocated 
	   Cpus                 :       0.98        1         1 
	   Disk (KB)            : 6852243    20971520  21111936 
	   Ioheavy              :                             0 
	   Memory (MB)          :   20463       20480     20480 
...
