000 (112070733.108.000) 05/02 11:03:23 Job submitted from host: <128.104.100.44:9618?addrs=128.104.100.44-9618+[2607-f388-107c-501-90e2-baff-fe2c-2724]-9618&noUDP&sock=4699_0235_3>
...
001 (112070733.108.000) 05/03 05:07:32 Job executing on host: <128.105.245.218:9618?addrs=128.105.245.218-9618&noUDP&sock=5426_e5ec_3>
...
006 (112070733.108.000) 05/03 05:07:41 Image size of job updated: 624
	1  -  MemoryUsage of job (MB)
	624  -  ResidentSetSize of job (KB)
...
006 (112070733.108.000) 05/03 05:12:42 Image size of job updated: 648
	1  -  MemoryUsage of job (MB)
	648  -  ResidentSetSize of job (KB)
...
006 (112070733.108.000) 05/03 05:17:43 Image size of job updated: 187268
	110  -  MemoryUsage of job (MB)
	112360  -  ResidentSetSize of job (KB)
...
006 (112070733.108.000) 05/03 05:22:44 Image size of job updated: 589760
	500  -  MemoryUsage of job (MB)
	511764  -  ResidentSetSize of job (KB)
...
006 (112070733.108.000) 05/03 05:27:44 Image size of job updated: 1039672
	940  -  MemoryUsage of job (MB)
	961620  -  ResidentSetSize of job (KB)
...
006 (112070733.108.000) 05/03 05:32:45 Image size of job updated: 1561660
	1449  -  MemoryUsage of job (MB)
	1483608  -  ResidentSetSize of job (KB)
...
006 (112070733.108.000) 05/03 05:37:45 Image size of job updated: 2256636
	2128  -  MemoryUsage of job (MB)
	2178584  -  ResidentSetSize of job (KB)
...
006 (112070733.108.000) 05/03 05:42:46 Image size of job updated: 2981432
	2836  -  MemoryUsage of job (MB)
	2903380  -  ResidentSetSize of job (KB)
...
006 (112070733.108.000) 05/03 05:47:46 Image size of job updated: 3940820
	3773  -  MemoryUsage of job (MB)
	3862768  -  ResidentSetSize of job (KB)
...
006 (112070733.108.000) 05/03 05:52:47 Image size of job updated: 4768508
	4581  -  MemoryUsage of job (MB)
	4690456  -  ResidentSetSize of job (KB)
...
006 (112070733.108.000) 05/03 05:57:48 Image size of job updated: 5693928
	5485  -  MemoryUsage of job (MB)
	5615876  -  ResidentSetSize of job (KB)
...
006 (112070733.108.000) 05/03 06:02:48 Image size of job updated: 6509576
	6281  -  MemoryUsage of job (MB)
	6431524  -  ResidentSetSize of job (KB)
...
006 (112070733.108.000) 05/03 06:07:48 Image size of job updated: 7274476
	7028  -  MemoryUsage of job (MB)
	7196424  -  ResidentSetSize of job (KB)
...
006 (112070733.108.000) 05/03 06:12:50 Image size of job updated: 8109608
	7844  -  MemoryUsage of job (MB)
	8031556  -  ResidentSetSize of job (KB)
...
006 (112070733.108.000) 05/03 06:17:50 Image size of job updated: 8866484
	8583  -  MemoryUsage of job (MB)
	8788432  -  ResidentSetSize of job (KB)
...
006 (112070733.108.000) 05/03 06:22:51 Image size of job updated: 9619812
	9319  -  MemoryUsage of job (MB)
	9541760  -  ResidentSetSize of job (KB)
...
006 (112070733.108.000) 05/03 06:27:52 Image size of job updated: 10325900
	10008  -  MemoryUsage of job (MB)
	10247848  -  ResidentSetSize of job (KB)
...
006 (112070733.108.000) 05/03 06:32:53 Image size of job updated: 10957864
	10625  -  MemoryUsage of job (MB)
	10879812  -  ResidentSetSize of job (KB)
...
006 (112070733.108.000) 05/03 06:37:53 Image size of job updated: 11717440
	11367  -  MemoryUsage of job (MB)
	11639388  -  ResidentSetSize of job (KB)
...
006 (112070733.108.000) 05/03 06:42:53 Image size of job updated: 12359996
	11995  -  MemoryUsage of job (MB)
	12281944  -  ResidentSetSize of job (KB)
...
006 (112070733.108.000) 05/03 06:47:53 Image size of job updated: 13085180
	12703  -  MemoryUsage of job (MB)
	13007128  -  ResidentSetSize of job (KB)
...
006 (112070733.108.000) 05/03 06:52:54 Image size of job updated: 13804900
	13406  -  MemoryUsage of job (MB)
	13726848  -  ResidentSetSize of job (KB)
...
006 (112070733.108.000) 05/03 06:57:54 Image size of job updated: 14528964
	14113  -  MemoryUsage of job (MB)
	14450912  -  ResidentSetSize of job (KB)
...
006 (112070733.108.000) 05/03 07:02:55 Image size of job updated: 15215492
	14783  -  MemoryUsage of job (MB)
	15137440  -  ResidentSetSize of job (KB)
...
006 (112070733.108.000) 05/03 07:07:56 Image size of job updated: 15962844
	15511  -  MemoryUsage of job (MB)
	15883024  -  ResidentSetSize of job (KB)
...
006 (112070733.108.000) 05/03 07:12:58 Image size of job updated: 16702056
	16231  -  MemoryUsage of job (MB)
	16619528  -  ResidentSetSize of job (KB)
...
006 (112070733.108.000) 05/03 07:17:58 Image size of job updated: 17374192
	16884  -  MemoryUsage of job (MB)
	17288236  -  ResidentSetSize of job (KB)
...
006 (112070733.108.000) 05/03 07:22:58 Image size of job updated: 18162060
	17649  -  MemoryUsage of job (MB)
	18071964  -  ResidentSetSize of job (KB)
...
006 (112070733.108.000) 05/03 07:27:59 Image size of job updated: 18879820
	18340  -  MemoryUsage of job (MB)
	18779936  -  ResidentSetSize of job (KB)
...
006 (112070733.108.000) 05/03 07:33:00 Image size of job updated: 19613712
	19045  -  MemoryUsage of job (MB)
	19501380  -  ResidentSetSize of job (KB)
...
006 (112070733.108.000) 05/03 07:38:00 Image size of job updated: 20447920
	19821  -  MemoryUsage of job (MB)
	20296144  -  ResidentSetSize of job (KB)
...
006 (112070733.108.000) 05/03 07:43:01 Image size of job updated: 21210636
	20370  -  MemoryUsage of job (MB)
	20858176  -  ResidentSetSize of job (KB)
...
006 (112070733.108.000) 05/03 07:48:02 Image size of job updated: 21767656
	20444  -  MemoryUsage of job (MB)
	20934272  -  ResidentSetSize of job (KB)
...
006 (112070733.108.000) 05/03 07:53:02 Image size of job updated: 22305512
	20444  -  MemoryUsage of job (MB)
	20934272  -  ResidentSetSize of job (KB)
...
006 (112070733.108.000) 05/03 07:58:02 Image size of job updated: 22899716
	20445  -  MemoryUsage of job (MB)
	20935144  -  ResidentSetSize of job (KB)
...
005 (112070733.108.000) 05/03 07:59:45 Job terminated.
	(1) Normal termination (return value 0)
		Usr 0 02:28:54, Sys 0 00:02:24  -  Run Remote Usage
		Usr 0 00:00:00, Sys 0 00:00:00  -  Run Local Usage
		Usr 0 02:28:54, Sys 0 00:02:24  -  Total Remote Usage
		Usr 0 00:00:00, Sys 0 00:00:00  -  Total Local Usage
	23002966  -  Run Bytes Sent By Job
	1780306432  -  Run Bytes Received By Job
	23002966  -  Total Bytes Sent By Job
	1780306432  -  Total Bytes Received By Job
	Partitionable Resources :      Usage  Request Allocated 
	   Cpus                 :       0.79        1         1 
	   Disk (KB)            : 6852215    20971520  21187464 
	   Ioheavy              :                             0 
	   Memory (MB)          :   20445       20480     20480 
...
