000 (112045348.083.000) 05/01 17:44:19 Job submitted from host: <128.104.100.44:9618?addrs=128.104.100.44-9618+[2607-f388-107c-501-90e2-baff-fe2c-2724]-9618&noUDP&sock=4699_0235_3>
...
001 (112045348.083.000) 05/01 21:27:57 Job executing on host: <128.105.245.190:9618?addrs=128.105.245.190-9618&noUDP&sock=5445_6544_48>
...
006 (112045348.083.000) 05/01 21:28:06 Image size of job updated: 628
	1  -  MemoryUsage of job (MB)
	628  -  ResidentSetSize of job (KB)
...
006 (112045348.083.000) 05/01 21:33:07 Image size of job updated: 652
	1  -  MemoryUsage of job (MB)
	652  -  ResidentSetSize of job (KB)
...
006 (112045348.083.000) 05/01 21:38:08 Image size of job updated: 387728
	303  -  MemoryUsage of job (MB)
	309732  -  ResidentSetSize of job (KB)
...
006 (112045348.083.000) 05/01 21:43:09 Image size of job updated: 995020
	896  -  MemoryUsage of job (MB)
	916968  -  ResidentSetSize of job (KB)
...
006 (112045348.083.000) 05/01 21:48:11 Image size of job updated: 1733948
	1618  -  MemoryUsage of job (MB)
	1655896  -  ResidentSetSize of job (KB)
...
006 (112045348.083.000) 05/01 21:53:11 Image size of job updated: 2652016
	2514  -  MemoryUsage of job (MB)
	2573964  -  ResidentSetSize of job (KB)
...
006 (112045348.083.000) 05/01 21:58:11 Image size of job updated: 3683780
	3522  -  MemoryUsage of job (MB)
	3605728  -  ResidentSetSize of job (KB)
...
006 (112045348.083.000) 05/01 22:03:11 Image size of job updated: 4839544
	4650  -  MemoryUsage of job (MB)
	4761492  -  ResidentSetSize of job (KB)
...
006 (112045348.083.000) 05/01 22:08:11 Image size of job updated: 6356324
	6132  -  MemoryUsage of job (MB)
	6278272  -  ResidentSetSize of job (KB)
...
006 (112045348.083.000) 05/01 22:13:11 Image size of job updated: 7568744
	7316  -  MemoryUsage of job (MB)
	7490692  -  ResidentSetSize of job (KB)
...
006 (112045348.083.000) 05/01 22:18:11 Image size of job updated: 8859552
	8576  -  MemoryUsage of job (MB)
	8781500  -  ResidentSetSize of job (KB)
...
006 (112045348.083.000) 05/01 22:23:12 Image size of job updated: 9913208
	9605  -  MemoryUsage of job (MB)
	9835156  -  ResidentSetSize of job (KB)
...
006 (112045348.083.000) 05/01 22:28:12 Image size of job updated: 11031916
	10698  -  MemoryUsage of job (MB)
	10953864  -  ResidentSetSize of job (KB)
...
006 (112045348.083.000) 05/01 22:33:13 Image size of job updated: 12200848
	11839  -  MemoryUsage of job (MB)
	12122796  -  ResidentSetSize of job (KB)
...
006 (112045348.083.000) 05/01 22:38:13 Image size of job updated: 13367852
	12979  -  MemoryUsage of job (MB)
	13289800  -  ResidentSetSize of job (KB)
...
006 (112045348.083.000) 05/01 22:43:13 Image size of job updated: 14514760
	14099  -  MemoryUsage of job (MB)
	14436708  -  ResidentSetSize of job (KB)
...
006 (112045348.083.000) 05/01 22:48:13 Image size of job updated: 15753920
	15307  -  MemoryUsage of job (MB)
	15674108  -  ResidentSetSize of job (KB)
...
006 (112045348.083.000) 05/01 22:53:14 Image size of job updated: 16545784
	16077  -  MemoryUsage of job (MB)
	16462568  -  ResidentSetSize of job (KB)
...
006 (112045348.083.000) 05/01 22:58:14 Image size of job updated: 17294816
	16805  -  MemoryUsage of job (MB)
	17207876  -  ResidentSetSize of job (KB)
...
006 (112045348.083.000) 05/01 23:03:15 Image size of job updated: 18160924
	17648  -  MemoryUsage of job (MB)
	18071436  -  ResidentSetSize of job (KB)
...
006 (112045348.083.000) 05/01 23:08:16 Image size of job updated: 19166116
	18624  -  MemoryUsage of job (MB)
	19070084  -  ResidentSetSize of job (KB)
...
006 (112045348.083.000) 05/01 23:13:17 Image size of job updated: 20180496
	19579  -  MemoryUsage of job (MB)
	20048292  -  ResidentSetSize of job (KB)
...
006 (112045348.083.000) 05/01 23:18:18 Image size of job updated: 20876876
	20166  -  MemoryUsage of job (MB)
	20649580  -  ResidentSetSize of job (KB)
...
006 (112045348.083.000) 05/01 23:23:17 Image size of job updated: 21183636
	20379  -  MemoryUsage of job (MB)
	20867084  -  ResidentSetSize of job (KB)
...
006 (112045348.083.000) 05/01 23:28:18 Image size of job updated: 21477736
	20443  -  MemoryUsage of job (MB)
	20933316  -  ResidentSetSize of job (KB)
...
006 (112045348.083.000) 05/01 23:33:21 Image size of job updated: 21911676
	20445  -  MemoryUsage of job (MB)
	20935672  -  ResidentSetSize of job (KB)
...
006 (112045348.083.000) 05/01 23:38:20 Image size of job updated: 22487096
	20454  -  MemoryUsage of job (MB)
	20944100  -  ResidentSetSize of job (KB)
...
006 (112045348.083.000) 05/01 23:43:20 Image size of job updated: 22984552
	20454  -  MemoryUsage of job (MB)
	20944100  -  ResidentSetSize of job (KB)
...
006 (112045348.083.000) 05/01 23:43:56 Image size of job updated: 23077600
	20454  -  MemoryUsage of job (MB)
	20944100  -  ResidentSetSize of job (KB)
...
005 (112045348.083.000) 05/01 23:43:57 Job terminated.
	(1) Normal termination (return value 0)
		Usr 0 01:33:09, Sys 0 00:01:41  -  Run Remote Usage
		Usr 0 00:00:00, Sys 0 00:00:00  -  Run Local Usage
		Usr 0 01:33:09, Sys 0 00:01:41  -  Total Remote Usage
		Usr 0 00:00:00, Sys 0 00:00:00  -  Total Local Usage
	23064996  -  Run Bytes Sent By Job
	1780294912  -  Run Bytes Received By Job
	23064996  -  Total Bytes Sent By Job
	1780294912  -  Total Bytes Received By Job
	Partitionable Resources :      Usage  Request Allocated 
	   Cpus                 :       0.54        1         1 
	   Disk (KB)            : 6852252    20971520  21196702 
	   Ioheavy              :                             0 
	   Memory (MB)          :   20454       20480     20480 
...
