000 (112070733.139.000) 05/02 11:03:23 Job submitted from host: <128.104.100.44:9618?addrs=128.104.100.44-9618+[2607-f388-107c-501-90e2-baff-fe2c-2724]-9618&noUDP&sock=4699_0235_3>
...
001 (112070733.139.000) 05/03 05:48:31 Job executing on host: <128.105.245.245:9618?addrs=128.105.245.245-9618&noUDP&sock=2805_933e_3>
...
006 (112070733.139.000) 05/03 05:48:40 Image size of job updated: 616
	1  -  MemoryUsage of job (MB)
	616  -  ResidentSetSize of job (KB)
...
006 (112070733.139.000) 05/03 05:53:43 Image size of job updated: 624
	1  -  MemoryUsage of job (MB)
	624  -  ResidentSetSize of job (KB)
...
006 (112070733.139.000) 05/03 06:03:43 Image size of job updated: 628
	1  -  MemoryUsage of job (MB)
	628  -  ResidentSetSize of job (KB)
...
006 (112070733.139.000) 05/03 06:13:45 Image size of job updated: 644
	1  -  MemoryUsage of job (MB)
	644  -  ResidentSetSize of job (KB)
...
006 (112070733.139.000) 05/03 06:18:46 Image size of job updated: 648
	1  -  MemoryUsage of job (MB)
	648  -  ResidentSetSize of job (KB)
...
006 (112070733.139.000) 05/03 06:58:48 Image size of job updated: 652
	1  -  MemoryUsage of job (MB)
	652  -  ResidentSetSize of job (KB)
...
006 (112070733.139.000) 05/03 07:14:38 Image size of job updated: 656
	1  -  MemoryUsage of job (MB)
	656  -  ResidentSetSize of job (KB)
...
006 (112070733.139.000) 05/03 07:23:53 Image size of job updated: 664
	1  -  MemoryUsage of job (MB)
	664  -  ResidentSetSize of job (KB)
...
006 (112070733.139.000) 05/03 07:28:52 Image size of job updated: 465576
	379  -  MemoryUsage of job (MB)
	387576  -  ResidentSetSize of job (KB)
...
006 (112070733.139.000) 05/03 07:33:53 Image size of job updated: 789628
	695  -  MemoryUsage of job (MB)
	711572  -  ResidentSetSize of job (KB)
...
006 (112070733.139.000) 05/03 07:38:53 Image size of job updated: 1157856
	1055  -  MemoryUsage of job (MB)
	1079800  -  ResidentSetSize of job (KB)
...
006 (112070733.139.000) 05/03 07:43:54 Image size of job updated: 1716064
	1600  -  MemoryUsage of job (MB)
	1638008  -  ResidentSetSize of job (KB)
...
006 (112070733.139.000) 05/03 07:48:58 Image size of job updated: 2027452
	1904  -  MemoryUsage of job (MB)
	1949396  -  ResidentSetSize of job (KB)
...
006 (112070733.139.000) 05/03 07:53:55 Image size of job updated: 2230904
	2103  -  MemoryUsage of job (MB)
	2152848  -  ResidentSetSize of job (KB)
...
006 (112070733.139.000) 05/03 07:59:04 Image size of job updated: 2471296
	2338  -  MemoryUsage of job (MB)
	2393240  -  ResidentSetSize of job (KB)
...
006 (112070733.139.000) 05/03 08:03:56 Image size of job updated: 2744292
	2604  -  MemoryUsage of job (MB)
	2666236  -  ResidentSetSize of job (KB)
...
006 (112070733.139.000) 05/03 08:08:57 Image size of job updated: 2900980
	2757  -  MemoryUsage of job (MB)
	2822924  -  ResidentSetSize of job (KB)
...
006 (112070733.139.000) 05/03 08:13:57 Image size of job updated: 3154672
	3005  -  MemoryUsage of job (MB)
	3076616  -  ResidentSetSize of job (KB)
...
006 (112070733.139.000) 05/03 08:18:58 Image size of job updated: 3459824
	3303  -  MemoryUsage of job (MB)
	3381768  -  ResidentSetSize of job (KB)
...
006 (112070733.139.000) 05/03 08:23:57 Image size of job updated: 3672836
	3511  -  MemoryUsage of job (MB)
	3594780  -  ResidentSetSize of job (KB)
...
006 (112070733.139.000) 05/03 08:28:57 Image size of job updated: 3827484
	3662  -  MemoryUsage of job (MB)
	3749428  -  ResidentSetSize of job (KB)
...
006 (112070733.139.000) 05/03 08:33:59 Image size of job updated: 3990588
	3821  -  MemoryUsage of job (MB)
	3912532  -  ResidentSetSize of job (KB)
...
006 (112070733.139.000) 05/03 08:38:59 Image size of job updated: 4190548
	4017  -  MemoryUsage of job (MB)
	4112492  -  ResidentSetSize of job (KB)
...
006 (112070733.139.000) 05/03 08:44:00 Image size of job updated: 4459156
	4279  -  MemoryUsage of job (MB)
	4381100  -  ResidentSetSize of job (KB)
...
006 (112070733.139.000) 05/03 08:49:01 Image size of job updated: 4730196
	4544  -  MemoryUsage of job (MB)
	4652140  -  ResidentSetSize of job (KB)
...
006 (112070733.139.000) 05/03 08:54:01 Image size of job updated: 4922132
	4731  -  MemoryUsage of job (MB)
	4844076  -  ResidentSetSize of job (KB)
...
006 (112070733.139.000) 05/03 08:59:02 Image size of job updated: 5152280
	4956  -  MemoryUsage of job (MB)
	5074224  -  ResidentSetSize of job (KB)
...
006 (112070733.139.000) 05/03 09:04:02 Image size of job updated: 5445628
	5242  -  MemoryUsage of job (MB)
	5367572  -  ResidentSetSize of job (KB)
...
006 (112070733.139.000) 05/03 09:09:02 Image size of job updated: 5928912
	5714  -  MemoryUsage of job (MB)
	5850856  -  ResidentSetSize of job (KB)
...
006 (112070733.139.000) 05/03 09:14:03 Image size of job updated: 6449920
	6223  -  MemoryUsage of job (MB)
	6371864  -  ResidentSetSize of job (KB)
...
006 (112070733.139.000) 05/03 09:19:04 Image size of job updated: 7004924
	6765  -  MemoryUsage of job (MB)
	6926868  -  ResidentSetSize of job (KB)
...
006 (112070733.139.000) 05/03 09:24:04 Image size of job updated: 7350736
	7103  -  MemoryUsage of job (MB)
	7272680  -  ResidentSetSize of job (KB)
...
006 (112070733.139.000) 05/03 09:29:05 Image size of job updated: 7969744
	7707  -  MemoryUsage of job (MB)
	7891688  -  ResidentSetSize of job (KB)
...
006 (112070733.139.000) 05/03 09:34:05 Image size of job updated: 8516388
	8241  -  MemoryUsage of job (MB)
	8438332  -  ResidentSetSize of job (KB)
...
006 (112070733.139.000) 05/03 09:39:06 Image size of job updated: 8857940
	8575  -  MemoryUsage of job (MB)
	8779884  -  ResidentSetSize of job (KB)
...
006 (112070733.139.000) 05/03 09:44:06 Image size of job updated: 9123940
	8834  -  MemoryUsage of job (MB)
	9045884  -  ResidentSetSize of job (KB)
...
006 (112070733.139.000) 05/03 09:49:07 Image size of job updated: 9626980
	9326  -  MemoryUsage of job (MB)
	9548924  -  ResidentSetSize of job (KB)
...
006 (112070733.139.000) 05/03 09:54:11 Image size of job updated: 10139348
	9826  -  MemoryUsage of job (MB)
	10061292  -  ResidentSetSize of job (KB)
...
006 (112070733.139.000) 05/03 09:59:07 Image size of job updated: 10566436
	10243  -  MemoryUsage of job (MB)
	10488380  -  ResidentSetSize of job (KB)
...
006 (112070733.139.000) 05/03 10:04:07 Image size of job updated: 10874104
	10544  -  MemoryUsage of job (MB)
	10796048  -  ResidentSetSize of job (KB)
...
006 (112070733.139.000) 05/03 10:09:08 Image size of job updated: 11116656
	10780  -  MemoryUsage of job (MB)
	11038600  -  ResidentSetSize of job (KB)
...
006 (112070733.139.000) 05/03 10:14:08 Image size of job updated: 11376880
	11035  -  MemoryUsage of job (MB)
	11298824  -  ResidentSetSize of job (KB)
...
006 (112070733.139.000) 05/03 10:19:09 Image size of job updated: 11784620
	11433  -  MemoryUsage of job (MB)
	11706564  -  ResidentSetSize of job (KB)
...
006 (112070733.139.000) 05/03 10:24:10 Image size of job updated: 12135516
	11775  -  MemoryUsage of job (MB)
	12057460  -  ResidentSetSize of job (KB)
...
006 (112070733.139.000) 05/03 10:29:10 Image size of job updated: 12557864
	12188  -  MemoryUsage of job (MB)
	12479808  -  ResidentSetSize of job (KB)
...
006 (112070733.139.000) 05/03 10:34:11 Image size of job updated: 12945036
	12566  -  MemoryUsage of job (MB)
	12866980  -  ResidentSetSize of job (KB)
...
006 (112070733.139.000) 05/03 10:39:11 Image size of job updated: 13395692
	13006  -  MemoryUsage of job (MB)
	13317636  -  ResidentSetSize of job (KB)
...
006 (112070733.139.000) 05/03 10:44:11 Image size of job updated: 13680524
	13284  -  MemoryUsage of job (MB)
	13602468  -  ResidentSetSize of job (KB)
...
006 (112070733.139.000) 05/03 10:49:11 Image size of job updated: 14242264
	13833  -  MemoryUsage of job (MB)
	14164208  -  ResidentSetSize of job (KB)
...
006 (112070733.139.000) 05/03 10:54:13 Image size of job updated: 14539204
	14123  -  MemoryUsage of job (MB)
	14461148  -  ResidentSetSize of job (KB)
...
006 (112070733.139.000) 05/03 10:59:13 Image size of job updated: 14811948
	14389  -  MemoryUsage of job (MB)
	14733892  -  ResidentSetSize of job (KB)
...
006 (112070733.139.000) 05/03 11:04:13 Image size of job updated: 14948556
	14522  -  MemoryUsage of job (MB)
	14870500  -  ResidentSetSize of job (KB)
...
006 (112070733.139.000) 05/03 11:09:14 Image size of job updated: 15050288
	14622  -  MemoryUsage of job (MB)
	14972232  -  ResidentSetSize of job (KB)
...
006 (112070733.139.000) 05/03 11:14:15 Image size of job updated: 15208492
	14776  -  MemoryUsage of job (MB)
	15130308  -  ResidentSetSize of job (KB)
...
006 (112070733.139.000) 05/03 11:19:15 Image size of job updated: 15427004
	14989  -  MemoryUsage of job (MB)
	15348572  -  ResidentSetSize of job (KB)
...
006 (112070733.139.000) 05/03 11:24:16 Image size of job updated: 15482400
	15043  -  MemoryUsage of job (MB)
	15403840  -  ResidentSetSize of job (KB)
...
006 (112070733.139.000) 05/03 11:29:23 Image size of job updated: 15583304
	15142  -  MemoryUsage of job (MB)
	15504608  -  ResidentSetSize of job (KB)
...
006 (112070733.139.000) 05/03 11:34:16 Image size of job updated: 15763644
	15317  -  MemoryUsage of job (MB)
	15684344  -  ResidentSetSize of job (KB)
...
006 (112070733.139.000) 05/03 11:39:17 Image size of job updated: 15865512
	15416  -  MemoryUsage of job (MB)
	15785864  -  ResidentSetSize of job (KB)
...
006 (112070733.139.000) 05/03 11:44:17 Image size of job updated: 16049160
	15595  -  MemoryUsage of job (MB)
	15968892  -  ResidentSetSize of job (KB)
...
006 (112070733.139.000) 05/03 11:49:18 Image size of job updated: 16265328
	15806  -  MemoryUsage of job (MB)
	16184524  -  ResidentSetSize of job (KB)
...
006 (112070733.139.000) 05/03 11:54:18 Image size of job updated: 16512212
	16047  -  MemoryUsage of job (MB)
	16431124  -  ResidentSetSize of job (KB)
...
006 (112070733.139.000) 05/03 11:59:20 Image size of job updated: 16725972
	16255  -  MemoryUsage of job (MB)
	16644324  -  ResidentSetSize of job (KB)
...
006 (112070733.139.000) 05/03 12:01:50 Image size of job updated: 16923248
	16447  -  MemoryUsage of job (MB)
	16840904  -  ResidentSetSize of job (KB)
...
004 (112070733.139.000) 05/03 12:01:51 Job was evicted.
	(0) Job was not checkpointed.
		Usr 0 01:36:04, Sys 0 00:01:41  -  Run Remote Usage
		Usr 0 00:00:00, Sys 0 00:00:00  -  Run Local Usage
	0  -  Run Bytes Sent By Job
	1780306432  -  Run Bytes Received By Job
	Partitionable Resources :      Usage  Request Allocated 
	   Cpus                 :       0.54        1         1 
	   Disk (KB)            : 6847406    20971520  21217837 
	   Ioheavy              :                             0 
	   Memory (MB)          :   16447       20480     20480 
...
009 (112070733.139.000) 05/03 12:01:52 Job was aborted by the user.
	via condor_rm (by user mouginot)
...
