000 (112070733.052.000) 05/02 11:03:23 Job submitted from host: <128.104.100.44:9618?addrs=128.104.100.44-9618+[2607-f388-107c-501-90e2-baff-fe2c-2724]-9618&noUDP&sock=4699_0235_3>
...
001 (112070733.052.000) 05/03 03:47:52 Job executing on host: <128.105.245.212:9618?addrs=128.105.245.212-9618&noUDP&sock=5446_14dd_3>
...
006 (112070733.052.000) 05/03 03:48:01 Image size of job updated: 624
	1  -  MemoryUsage of job (MB)
	624  -  ResidentSetSize of job (KB)
...
006 (112070733.052.000) 05/03 03:53:09 Image size of job updated: 644
	1  -  MemoryUsage of job (MB)
	644  -  ResidentSetSize of job (KB)
...
006 (112070733.052.000) 05/03 03:58:14 Image size of job updated: 656
	1  -  MemoryUsage of job (MB)
	656  -  ResidentSetSize of job (KB)
...
006 (112070733.052.000) 05/03 04:03:04 Image size of job updated: 504720
	417  -  MemoryUsage of job (MB)
	426724  -  ResidentSetSize of job (KB)
...
006 (112070733.052.000) 05/03 04:08:05 Image size of job updated: 1263124
	1158  -  MemoryUsage of job (MB)
	1185072  -  ResidentSetSize of job (KB)
...
006 (112070733.052.000) 05/03 04:13:05 Image size of job updated: 2391856
	2260  -  MemoryUsage of job (MB)
	2313804  -  ResidentSetSize of job (KB)
...
006 (112070733.052.000) 05/03 04:18:06 Image size of job updated: 3817376
	3652  -  MemoryUsage of job (MB)
	3739324  -  ResidentSetSize of job (KB)
...
006 (112070733.052.000) 05/03 04:23:06 Image size of job updated: 5391328
	5189  -  MemoryUsage of job (MB)
	5313276  -  ResidentSetSize of job (KB)
...
006 (112070733.052.000) 05/03 04:28:06 Image size of job updated: 6880648
	6644  -  MemoryUsage of job (MB)
	6802596  -  ResidentSetSize of job (KB)
...
006 (112070733.052.000) 05/03 04:33:06 Image size of job updated: 8303876
	8034  -  MemoryUsage of job (MB)
	8225824  -  ResidentSetSize of job (KB)
...
006 (112070733.052.000) 05/03 04:38:06 Image size of job updated: 9254812
	8962  -  MemoryUsage of job (MB)
	9176760  -  ResidentSetSize of job (KB)
...
006 (112070733.052.000) 05/03 04:43:06 Image size of job updated: 10485596
	10164  -  MemoryUsage of job (MB)
	10407544  -  ResidentSetSize of job (KB)
...
006 (112070733.052.000) 05/03 04:48:07 Image size of job updated: 11466968
	11122  -  MemoryUsage of job (MB)
	11388916  -  ResidentSetSize of job (KB)
...
006 (112070733.052.000) 05/03 04:53:08 Image size of job updated: 12601500
	12230  -  MemoryUsage of job (MB)
	12523448  -  ResidentSetSize of job (KB)
...
006 (112070733.052.000) 05/03 04:58:09 Image size of job updated: 13362340
	12973  -  MemoryUsage of job (MB)
	13284288  -  ResidentSetSize of job (KB)
...
006 (112070733.052.000) 05/03 05:03:10 Image size of job updated: 13987232
	13584  -  MemoryUsage of job (MB)
	13909180  -  ResidentSetSize of job (KB)
...
006 (112070733.052.000) 05/03 05:08:13 Image size of job updated: 14844356
	14421  -  MemoryUsage of job (MB)
	14766304  -  ResidentSetSize of job (KB)
...
006 (112070733.052.000) 05/03 05:13:12 Image size of job updated: 16031132
	15580  -  MemoryUsage of job (MB)
	15953080  -  ResidentSetSize of job (KB)
...
006 (112070733.052.000) 05/03 05:18:12 Image size of job updated: 17220604
	16740  -  MemoryUsage of job (MB)
	17140984  -  ResidentSetSize of job (KB)
...
006 (112070733.052.000) 05/03 05:23:12 Image size of job updated: 18246800
	17737  -  MemoryUsage of job (MB)
	18162480  -  ResidentSetSize of job (KB)
...
006 (112070733.052.000) 05/03 05:28:13 Image size of job updated: 19099324
	18561  -  MemoryUsage of job (MB)
	19005696  -  ResidentSetSize of job (KB)
...
006 (112070733.052.000) 05/03 05:33:14 Image size of job updated: 19663856
	19104  -  MemoryUsage of job (MB)
	19562436  -  ResidentSetSize of job (KB)
...
006 (112070733.052.000) 05/03 05:38:17 Image size of job updated: 20168720
	19582  -  MemoryUsage of job (MB)
	20051144  -  ResidentSetSize of job (KB)
...
006 (112070733.052.000) 05/03 05:43:16 Image size of job updated: 20612880
	19951  -  MemoryUsage of job (MB)
	20429528  -  ResidentSetSize of job (KB)
...
006 (112070733.052.000) 05/03 05:48:16 Image size of job updated: 21454496
	20451  -  MemoryUsage of job (MB)
	20941276  -  ResidentSetSize of job (KB)
...
006 (112070733.052.000) 05/03 05:53:16 Image size of job updated: 21966904
	20451  -  MemoryUsage of job (MB)
	20941276  -  ResidentSetSize of job (KB)
...
006 (112070733.052.000) 05/03 05:58:16 Image size of job updated: 22799908
	20462  -  MemoryUsage of job (MB)
	20952960  -  ResidentSetSize of job (KB)
...
006 (112070733.052.000) 05/03 06:01:11 Image size of job updated: 23081852
	20462  -  MemoryUsage of job (MB)
	20952960  -  ResidentSetSize of job (KB)
...
005 (112070733.052.000) 05/03 06:01:14 Job terminated.
	(1) Normal termination (return value 0)
		Usr 0 01:28:38, Sys 0 00:01:43  -  Run Remote Usage
		Usr 0 00:00:00, Sys 0 00:00:00  -  Run Local Usage
		Usr 0 01:28:38, Sys 0 00:01:43  -  Total Remote Usage
		Usr 0 00:00:00, Sys 0 00:00:00  -  Total Local Usage
	23047600  -  Run Bytes Sent By Job
	1780306432  -  Run Bytes Received By Job
	23047600  -  Total Bytes Sent By Job
	1780306432  -  Total Bytes Received By Job
	Partitionable Resources :      Usage  Request Allocated 
	   Cpus                 :       0.72        1         1 
	   Disk (KB)            : 6852259    20971520  21291058 
	   Ioheavy              :                             0 
	   Memory (MB)          :   20462       20480     20480 
...
