000 (112070733.129.000) 05/02 11:03:23 Job submitted from host: <128.104.100.44:9618?addrs=128.104.100.44-9618+[2607-f388-107c-501-90e2-baff-fe2c-2724]-9618&noUDP&sock=4699_0235_3>
...
001 (112070733.129.000) 05/03 05:47:05 Job executing on host: <128.105.245.138:9618?addrs=128.105.245.138-9618&noUDP&sock=5435_8952_3>
...
006 (112070733.129.000) 05/03 05:47:14 Image size of job updated: 612
	1  -  MemoryUsage of job (MB)
	612  -  ResidentSetSize of job (KB)
...
006 (112070733.129.000) 05/03 05:52:14 Image size of job updated: 620
	1  -  MemoryUsage of job (MB)
	620  -  ResidentSetSize of job (KB)
...
006 (112070733.129.000) 05/03 06:07:24 Image size of job updated: 624
	1  -  MemoryUsage of job (MB)
	624  -  ResidentSetSize of job (KB)
...
006 (112070733.129.000) 05/03 06:12:17 Image size of job updated: 640
	1  -  MemoryUsage of job (MB)
	640  -  ResidentSetSize of job (KB)
...
006 (112070733.129.000) 05/03 06:17:18 Image size of job updated: 644
	1  -  MemoryUsage of job (MB)
	644  -  ResidentSetSize of job (KB)
...
006 (112070733.129.000) 05/03 06:32:20 Image size of job updated: 648
	1  -  MemoryUsage of job (MB)
	648  -  ResidentSetSize of job (KB)
...
006 (112070733.129.000) 05/03 06:37:21 Image size of job updated: 660
	1  -  MemoryUsage of job (MB)
	660  -  ResidentSetSize of job (KB)
...
006 (112070733.129.000) 05/03 06:42:21 Image size of job updated: 377604
	293  -  MemoryUsage of job (MB)
	299608  -  ResidentSetSize of job (KB)
...
006 (112070733.129.000) 05/03 06:47:21 Image size of job updated: 667368
	576  -  MemoryUsage of job (MB)
	589372  -  ResidentSetSize of job (KB)
...
006 (112070733.129.000) 05/03 06:52:22 Image size of job updated: 997288
	898  -  MemoryUsage of job (MB)
	919236  -  ResidentSetSize of job (KB)
...
006 (112070733.129.000) 05/03 06:57:24 Image size of job updated: 1490212
	1380  -  MemoryUsage of job (MB)
	1412160  -  ResidentSetSize of job (KB)
...
006 (112070733.129.000) 05/03 07:02:23 Image size of job updated: 2145100
	2019  -  MemoryUsage of job (MB)
	2067048  -  ResidentSetSize of job (KB)
...
006 (112070733.129.000) 05/03 07:07:24 Image size of job updated: 2792268
	2651  -  MemoryUsage of job (MB)
	2714216  -  ResidentSetSize of job (KB)
...
006 (112070733.129.000) 05/03 07:12:26 Image size of job updated: 3683160
	3521  -  MemoryUsage of job (MB)
	3605108  -  ResidentSetSize of job (KB)
...
006 (112070733.129.000) 05/03 07:17:27 Image size of job updated: 4571980
	4389  -  MemoryUsage of job (MB)
	4493928  -  ResidentSetSize of job (KB)
...
006 (112070733.129.000) 05/03 07:22:26 Image size of job updated: 5422312
	5220  -  MemoryUsage of job (MB)
	5344260  -  ResidentSetSize of job (KB)
...
006 (112070733.129.000) 05/03 07:27:27 Image size of job updated: 6264920
	6042  -  MemoryUsage of job (MB)
	6186868  -  ResidentSetSize of job (KB)
...
006 (112070733.129.000) 05/03 07:32:27 Image size of job updated: 7066248
	6825  -  MemoryUsage of job (MB)
	6988196  -  ResidentSetSize of job (KB)
...
006 (112070733.129.000) 05/03 07:37:27 Image size of job updated: 7558024
	7305  -  MemoryUsage of job (MB)
	7479972  -  ResidentSetSize of job (KB)
...
006 (112070733.129.000) 05/03 07:42:28 Image size of job updated: 8158804
	7892  -  MemoryUsage of job (MB)
	8080752  -  ResidentSetSize of job (KB)
...
006 (112070733.129.000) 05/03 07:47:28 Image size of job updated: 8706008
	8426  -  MemoryUsage of job (MB)
	8627956  -  ResidentSetSize of job (KB)
...
006 (112070733.129.000) 05/03 07:52:29 Image size of job updated: 9428868
	9132  -  MemoryUsage of job (MB)
	9350816  -  ResidentSetSize of job (KB)
...
006 (112070733.129.000) 05/03 07:57:30 Image size of job updated: 10157596
	9844  -  MemoryUsage of job (MB)
	10079544  -  ResidentSetSize of job (KB)
...
006 (112070733.129.000) 05/03 08:02:30 Image size of job updated: 10758920
	10431  -  MemoryUsage of job (MB)
	10680868  -  ResidentSetSize of job (KB)
...
006 (112070733.129.000) 05/03 08:07:30 Image size of job updated: 11424588
	11081  -  MemoryUsage of job (MB)
	11346536  -  ResidentSetSize of job (KB)
...
006 (112070733.129.000) 05/03 08:12:31 Image size of job updated: 11987164
	11630  -  MemoryUsage of job (MB)
	11909112  -  ResidentSetSize of job (KB)
...
006 (112070733.129.000) 05/03 08:17:32 Image size of job updated: 12571684
	12201  -  MemoryUsage of job (MB)
	12493632  -  ResidentSetSize of job (KB)
...
006 (112070733.129.000) 05/03 08:22:32 Image size of job updated: 13191672
	12807  -  MemoryUsage of job (MB)
	13113620  -  ResidentSetSize of job (KB)
...
006 (112070733.129.000) 05/03 08:27:33 Image size of job updated: 13830156
	13430  -  MemoryUsage of job (MB)
	13752104  -  ResidentSetSize of job (KB)
...
006 (112070733.129.000) 05/03 08:32:34 Image size of job updated: 14517484
	14102  -  MemoryUsage of job (MB)
	14439432  -  ResidentSetSize of job (KB)
...
006 (112070733.129.000) 05/03 08:37:33 Image size of job updated: 15209944
	14778  -  MemoryUsage of job (MB)
	15131892  -  ResidentSetSize of job (KB)
...
006 (112070733.129.000) 05/03 08:42:35 Image size of job updated: 15839048
	15392  -  MemoryUsage of job (MB)
	15760996  -  ResidentSetSize of job (KB)
...
006 (112070733.129.000) 05/03 08:47:35 Image size of job updated: 16550236
	16086  -  MemoryUsage of job (MB)
	16472056  -  ResidentSetSize of job (KB)
...
006 (112070733.129.000) 05/03 08:52:34 Image size of job updated: 17304668
	16823  -  MemoryUsage of job (MB)
	17226488  -  ResidentSetSize of job (KB)
...
006 (112070733.129.000) 05/03 08:57:35 Image size of job updated: 17980160
	17482  -  MemoryUsage of job (MB)
	17900780  -  ResidentSetSize of job (KB)
...
006 (112070733.129.000) 05/03 09:02:35 Image size of job updated: 18721628
	18205  -  MemoryUsage of job (MB)
	18641388  -  ResidentSetSize of job (KB)
...
006 (112070733.129.000) 05/03 09:07:37 Image size of job updated: 19424076
	18888  -  MemoryUsage of job (MB)
	19340548  -  ResidentSetSize of job (KB)
...
006 (112070733.129.000) 05/03 09:12:38 Image size of job updated: 19792708
	19238  -  MemoryUsage of job (MB)
	19699084  -  ResidentSetSize of job (KB)
...
006 (112070733.129.000) 05/03 09:17:36 Image size of job updated: 20118000
	19547  -  MemoryUsage of job (MB)
	20015708  -  ResidentSetSize of job (KB)
...
006 (112070733.129.000) 05/03 09:22:37 Image size of job updated: 20283792
	19693  -  MemoryUsage of job (MB)
	20165280  -  ResidentSetSize of job (KB)
...
006 (112070733.129.000) 05/03 09:27:37 Image size of job updated: 20564188
	19943  -  MemoryUsage of job (MB)
	20421404  -  ResidentSetSize of job (KB)
...
006 (112070733.129.000) 05/03 09:32:41 Image size of job updated: 20900048
	20239  -  MemoryUsage of job (MB)
	20723832  -  ResidentSetSize of job (KB)
...
006 (112070733.129.000) 05/03 09:37:38 Image size of job updated: 21138252
	20373  -  MemoryUsage of job (MB)
	20861240  -  ResidentSetSize of job (KB)
...
006 (112070733.129.000) 05/03 09:42:38 Image size of job updated: 21254900
	20403  -  MemoryUsage of job (MB)
	20892576  -  ResidentSetSize of job (KB)
...
006 (112070733.129.000) 05/03 09:47:39 Image size of job updated: 21490832
	20427  -  MemoryUsage of job (MB)
	20917080  -  ResidentSetSize of job (KB)
...
006 (112070733.129.000) 05/03 09:52:40 Image size of job updated: 21760868
	20443  -  MemoryUsage of job (MB)
	20933520  -  ResidentSetSize of job (KB)
...
006 (112070733.129.000) 05/03 09:57:40 Image size of job updated: 21840636
	20443  -  MemoryUsage of job (MB)
	20933520  -  ResidentSetSize of job (KB)
...
006 (112070733.129.000) 05/03 10:02:41 Image size of job updated: 22080916
	20457  -  MemoryUsage of job (MB)
	20947056  -  ResidentSetSize of job (KB)
...
006 (112070733.129.000) 05/03 10:07:44 Image size of job updated: 22190520
	20457  -  MemoryUsage of job (MB)
	20947056  -  ResidentSetSize of job (KB)
...
006 (112070733.129.000) 05/03 10:12:42 Image size of job updated: 22438672
	20465  -  MemoryUsage of job (MB)
	20955556  -  ResidentSetSize of job (KB)
...
006 (112070733.129.000) 05/03 10:17:42 Image size of job updated: 22584224
	20465  -  MemoryUsage of job (MB)
	20955756  -  ResidentSetSize of job (KB)
...
006 (112070733.129.000) 05/03 10:22:43 Image size of job updated: 22840236
	20465  -  MemoryUsage of job (MB)
	20955756  -  ResidentSetSize of job (KB)
...
006 (112070733.129.000) 05/03 10:27:43 Image size of job updated: 23040996
	20465  -  MemoryUsage of job (MB)
	20955756  -  ResidentSetSize of job (KB)
...
006 (112070733.129.000) 05/03 10:28:48 Image size of job updated: 23079696
	20465  -  MemoryUsage of job (MB)
	20955756  -  ResidentSetSize of job (KB)
...
005 (112070733.129.000) 05/03 10:28:51 Job terminated.
	(1) Normal termination (return value 0)
		Usr 0 02:26:01, Sys 0 00:02:46  -  Run Remote Usage
		Usr 0 00:00:00, Sys 0 00:00:00  -  Run Local Usage
		Usr 0 02:26:01, Sys 0 00:02:46  -  Total Remote Usage
		Usr 0 00:00:00, Sys 0 00:00:00  -  Total Local Usage
	23081108  -  Run Bytes Sent By Job
	1780306432  -  Run Bytes Received By Job
	23081108  -  Total Bytes Sent By Job
	1780306432  -  Total Bytes Received By Job
	Partitionable Resources :      Usage  Request Allocated 
	   Cpus                 :       0.01        1         1 
	   Disk (KB)            : 6852291    20971520  21170798 
	   Ioheavy              :                             0 
	   Memory (MB)          :   20465       20480     20480 
...
