000 (112070733.100.000) 05/02 11:03:23 Job submitted from host: <128.104.100.44:9618?addrs=128.104.100.44-9618+[2607-f388-107c-501-90e2-baff-fe2c-2724]-9618&noUDP&sock=4699_0235_3>
...
001 (112070733.100.000) 05/03 05:02:16 Job executing on host: <128.105.245.158:9618?addrs=128.105.245.158-9618&noUDP&sock=5419_8fce_3>
...
006 (112070733.100.000) 05/03 05:02:25 Image size of job updated: 624
	1  -  MemoryUsage of job (MB)
	624  -  ResidentSetSize of job (KB)
...
006 (112070733.100.000) 05/03 05:07:26 Image size of job updated: 648
	1  -  MemoryUsage of job (MB)
	648  -  ResidentSetSize of job (KB)
...
006 (112070733.100.000) 05/03 05:12:26 Image size of job updated: 656
	1  -  MemoryUsage of job (MB)
	656  -  ResidentSetSize of job (KB)
...
006 (112070733.100.000) 05/03 05:17:27 Image size of job updated: 341908
	258  -  MemoryUsage of job (MB)
	263912  -  ResidentSetSize of job (KB)
...
006 (112070733.100.000) 05/03 05:22:27 Image size of job updated: 552888
	464  -  MemoryUsage of job (MB)
	474892  -  ResidentSetSize of job (KB)
...
006 (112070733.100.000) 05/03 05:27:28 Image size of job updated: 787636
	693  -  MemoryUsage of job (MB)
	709584  -  ResidentSetSize of job (KB)
...
006 (112070733.100.000) 05/03 05:32:29 Image size of job updated: 988244
	889  -  MemoryUsage of job (MB)
	910192  -  ResidentSetSize of job (KB)
...
006 (112070733.100.000) 05/03 05:37:29 Image size of job updated: 1265212
	1160  -  MemoryUsage of job (MB)
	1187160  -  ResidentSetSize of job (KB)
...
006 (112070733.100.000) 05/03 05:42:30 Image size of job updated: 1720540
	1604  -  MemoryUsage of job (MB)
	1642488  -  ResidentSetSize of job (KB)
...
006 (112070733.100.000) 05/03 05:47:31 Image size of job updated: 2261284
	2133  -  MemoryUsage of job (MB)
	2183232  -  ResidentSetSize of job (KB)
...
006 (112070733.100.000) 05/03 05:52:31 Image size of job updated: 2891368
	2748  -  MemoryUsage of job (MB)
	2813316  -  ResidentSetSize of job (KB)
...
006 (112070733.100.000) 05/03 05:57:32 Image size of job updated: 3677332
	3515  -  MemoryUsage of job (MB)
	3599280  -  ResidentSetSize of job (KB)
...
006 (112070733.100.000) 05/03 06:02:33 Image size of job updated: 4438884
	4259  -  MemoryUsage of job (MB)
	4360832  -  ResidentSetSize of job (KB)
...
006 (112070733.100.000) 05/03 06:07:33 Image size of job updated: 5163888
	4967  -  MemoryUsage of job (MB)
	5085836  -  ResidentSetSize of job (KB)
...
006 (112070733.100.000) 05/03 06:12:35 Image size of job updated: 5910432
	5696  -  MemoryUsage of job (MB)
	5832380  -  ResidentSetSize of job (KB)
...
006 (112070733.100.000) 05/03 06:17:35 Image size of job updated: 6537928
	6309  -  MemoryUsage of job (MB)
	6459876  -  ResidentSetSize of job (KB)
...
006 (112070733.100.000) 05/03 06:22:35 Image size of job updated: 7234240
	6989  -  MemoryUsage of job (MB)
	7156188  -  ResidentSetSize of job (KB)
...
006 (112070733.100.000) 05/03 06:27:36 Image size of job updated: 7880704
	7620  -  MemoryUsage of job (MB)
	7802652  -  ResidentSetSize of job (KB)
...
006 (112070733.100.000) 05/03 06:32:36 Image size of job updated: 8505324
	8230  -  MemoryUsage of job (MB)
	8427272  -  ResidentSetSize of job (KB)
...
006 (112070733.100.000) 05/03 06:37:37 Image size of job updated: 9195552
	8904  -  MemoryUsage of job (MB)
	9117500  -  ResidentSetSize of job (KB)
...
006 (112070733.100.000) 05/03 06:42:38 Image size of job updated: 9822784
	9517  -  MemoryUsage of job (MB)
	9744732  -  ResidentSetSize of job (KB)
...
006 (112070733.100.000) 05/03 06:47:39 Image size of job updated: 10407432
	10088  -  MemoryUsage of job (MB)
	10329380  -  ResidentSetSize of job (KB)
...
006 (112070733.100.000) 05/03 06:52:39 Image size of job updated: 11027632
	10693  -  MemoryUsage of job (MB)
	10949580  -  ResidentSetSize of job (KB)
...
006 (112070733.100.000) 05/03 06:57:39 Image size of job updated: 11635428
	11287  -  MemoryUsage of job (MB)
	11557376  -  ResidentSetSize of job (KB)
...
006 (112070733.100.000) 05/03 07:02:39 Image size of job updated: 12216872
	11855  -  MemoryUsage of job (MB)
	12138820  -  ResidentSetSize of job (KB)
...
006 (112070733.100.000) 05/03 07:07:39 Image size of job updated: 12766724
	12392  -  MemoryUsage of job (MB)
	12688672  -  ResidentSetSize of job (KB)
...
006 (112070733.100.000) 05/03 07:12:40 Image size of job updated: 13380036
	12991  -  MemoryUsage of job (MB)
	13301984  -  ResidentSetSize of job (KB)
...
006 (112070733.100.000) 05/03 07:17:39 Image size of job updated: 13954152
	13551  -  MemoryUsage of job (MB)
	13876100  -  ResidentSetSize of job (KB)
...
006 (112070733.100.000) 05/03 07:22:40 Image size of job updated: 14528476
	14112  -  MemoryUsage of job (MB)
	14450424  -  ResidentSetSize of job (KB)
...
006 (112070733.100.000) 05/03 07:27:40 Image size of job updated: 15051168
	14623  -  MemoryUsage of job (MB)
	14973116  -  ResidentSetSize of job (KB)
...
006 (112070733.100.000) 05/03 07:32:41 Image size of job updated: 15712064
	15267  -  MemoryUsage of job (MB)
	15632572  -  ResidentSetSize of job (KB)
...
006 (112070733.100.000) 05/03 07:37:42 Image size of job updated: 16266036
	15804  -  MemoryUsage of job (MB)
	16183228  -  ResidentSetSize of job (KB)
...
006 (112070733.100.000) 05/03 07:42:41 Image size of job updated: 16785240
	16307  -  MemoryUsage of job (MB)
	16697952  -  ResidentSetSize of job (KB)
...
006 (112070733.100.000) 05/03 07:47:43 Image size of job updated: 17298840
	16802  -  MemoryUsage of job (MB)
	17205152  -  ResidentSetSize of job (KB)
...
006 (112070733.100.000) 05/03 07:52:42 Image size of job updated: 17893660
	17376  -  MemoryUsage of job (MB)
	17792804  -  ResidentSetSize of job (KB)
...
006 (112070733.100.000) 05/03 07:57:44 Image size of job updated: 18553072
	18011  -  MemoryUsage of job (MB)
	18442536  -  ResidentSetSize of job (KB)
...
006 (112070733.100.000) 05/03 08:02:44 Image size of job updated: 19156272
	18590  -  MemoryUsage of job (MB)
	19035528  -  ResidentSetSize of job (KB)
...
006 (112070733.100.000) 05/03 08:07:45 Image size of job updated: 19791852
	19194  -  MemoryUsage of job (MB)
	19654164  -  ResidentSetSize of job (KB)
...
006 (112070733.100.000) 05/03 08:12:46 Image size of job updated: 20402228
	19756  -  MemoryUsage of job (MB)
	20229608  -  ResidentSetSize of job (KB)
...
006 (112070733.100.000) 05/03 08:17:46 Image size of job updated: 20869840
	20183  -  MemoryUsage of job (MB)
	20667044  -  ResidentSetSize of job (KB)
...
006 (112070733.100.000) 05/03 08:22:46 Image size of job updated: 21378332
	20461  -  MemoryUsage of job (MB)
	20951492  -  ResidentSetSize of job (KB)
...
006 (112070733.100.000) 05/03 08:27:47 Image size of job updated: 21793416
	20461  -  MemoryUsage of job (MB)
	20951572  -  ResidentSetSize of job (KB)
...
006 (112070733.100.000) 05/03 08:32:47 Image size of job updated: 22231904
	20461  -  MemoryUsage of job (MB)
	20951572  -  ResidentSetSize of job (KB)
...
006 (112070733.100.000) 05/03 08:37:48 Image size of job updated: 22794800
	20464  -  MemoryUsage of job (MB)
	20954696  -  ResidentSetSize of job (KB)
...
005 (112070733.100.000) 05/03 08:41:57 Job terminated.
	(1) Normal termination (return value 0)
		Usr 0 02:51:15, Sys 0 00:12:42  -  Run Remote Usage
		Usr 0 00:00:00, Sys 0 00:00:00  -  Run Local Usage
		Usr 0 02:51:15, Sys 0 00:12:42  -  Total Remote Usage
		Usr 0 00:00:00, Sys 0 00:00:00  -  Total Local Usage
	23012712  -  Run Bytes Sent By Job
	1780306432  -  Run Bytes Received By Job
	23012712  -  Total Bytes Sent By Job
	1780306432  -  Total Bytes Received By Job
	Partitionable Resources :      Usage  Request Allocated 
	   Cpus                 :       0.82        1         1 
	   Disk (KB)            : 6852224    20971520  21184195 
	   Ioheavy              :                             0 
	   Memory (MB)          :   20464       20480     20480 
...
