000 (112045348.196.000) 05/01 17:44:19 Job submitted from host: <128.104.100.44:9618?addrs=128.104.100.44-9618+[2607-f388-107c-501-90e2-baff-fe2c-2724]-9618&noUDP&sock=4699_0235_3>
...
001 (112045348.196.000) 05/01 22:43:00 Job executing on host: <128.105.245.162:9618?addrs=128.105.245.162-9618&noUDP&sock=5427_0c90_3>
...
006 (112045348.196.000) 05/01 22:43:09 Image size of job updated: 620
	1  -  MemoryUsage of job (MB)
	620  -  ResidentSetSize of job (KB)
...
006 (112045348.196.000) 05/01 22:48:10 Image size of job updated: 628
	1  -  MemoryUsage of job (MB)
	628  -  ResidentSetSize of job (KB)
...
006 (112045348.196.000) 05/01 22:53:11 Image size of job updated: 648
	1  -  MemoryUsage of job (MB)
	648  -  ResidentSetSize of job (KB)
...
006 (112045348.196.000) 05/01 22:58:11 Image size of job updated: 652
	1  -  MemoryUsage of job (MB)
	652  -  ResidentSetSize of job (KB)
...
006 (112045348.196.000) 05/01 23:03:12 Image size of job updated: 668
	1  -  MemoryUsage of job (MB)
	668  -  ResidentSetSize of job (KB)
...
006 (112045348.196.000) 05/01 23:08:11 Image size of job updated: 309964
	227  -  MemoryUsage of job (MB)
	231964  -  ResidentSetSize of job (KB)
...
006 (112045348.196.000) 05/01 23:13:12 Image size of job updated: 670648
	579  -  MemoryUsage of job (MB)
	592648  -  ResidentSetSize of job (KB)
...
006 (112045348.196.000) 05/01 23:18:13 Image size of job updated: 1162844
	1060  -  MemoryUsage of job (MB)
	1084788  -  ResidentSetSize of job (KB)
...
006 (112045348.196.000) 05/01 23:23:13 Image size of job updated: 1713648
	1598  -  MemoryUsage of job (MB)
	1635592  -  ResidentSetSize of job (KB)
...
006 (112045348.196.000) 05/01 23:28:14 Image size of job updated: 2311084
	2181  -  MemoryUsage of job (MB)
	2233028  -  ResidentSetSize of job (KB)
...
006 (112045348.196.000) 05/01 23:33:14 Image size of job updated: 2913212
	2769  -  MemoryUsage of job (MB)
	2835156  -  ResidentSetSize of job (KB)
...
006 (112045348.196.000) 05/01 23:38:15 Image size of job updated: 3617288
	3457  -  MemoryUsage of job (MB)
	3539232  -  ResidentSetSize of job (KB)
...
006 (112045348.196.000) 05/01 23:43:16 Image size of job updated: 4414396
	4235  -  MemoryUsage of job (MB)
	4336340  -  ResidentSetSize of job (KB)
...
006 (112045348.196.000) 05/01 23:48:16 Image size of job updated: 5223356
	5025  -  MemoryUsage of job (MB)
	5145300  -  ResidentSetSize of job (KB)
...
006 (112045348.196.000) 05/01 23:53:16 Image size of job updated: 6053964
	5836  -  MemoryUsage of job (MB)
	5975908  -  ResidentSetSize of job (KB)
...
006 (112045348.196.000) 05/01 23:58:18 Image size of job updated: 6850888
	6615  -  MemoryUsage of job (MB)
	6772832  -  ResidentSetSize of job (KB)
...
006 (112045348.196.000) 05/02 00:03:18 Image size of job updated: 7541876
	7289  -  MemoryUsage of job (MB)
	7463820  -  ResidentSetSize of job (KB)
...
006 (112045348.196.000) 05/02 00:08:19 Image size of job updated: 8335548
	8064  -  MemoryUsage of job (MB)
	8257492  -  ResidentSetSize of job (KB)
...
006 (112045348.196.000) 05/02 00:13:19 Image size of job updated: 9061520
	8773  -  MemoryUsage of job (MB)
	8983464  -  ResidentSetSize of job (KB)
...
006 (112045348.196.000) 05/02 00:18:20 Image size of job updated: 9615452
	9314  -  MemoryUsage of job (MB)
	9537396  -  ResidentSetSize of job (KB)
...
006 (112045348.196.000) 05/02 00:23:20 Image size of job updated: 10016060
	9706  -  MemoryUsage of job (MB)
	9938004  -  ResidentSetSize of job (KB)
...
006 (112045348.196.000) 05/02 00:28:21 Image size of job updated: 10605512
	10281  -  MemoryUsage of job (MB)
	10527456  -  ResidentSetSize of job (KB)
...
006 (112045348.196.000) 05/02 00:33:21 Image size of job updated: 11240368
	10901  -  MemoryUsage of job (MB)
	11162312  -  ResidentSetSize of job (KB)
...
006 (112045348.196.000) 05/02 00:38:22 Image size of job updated: 11819952
	11467  -  MemoryUsage of job (MB)
	11741896  -  ResidentSetSize of job (KB)
...
006 (112045348.196.000) 05/02 00:43:23 Image size of job updated: 12347232
	11982  -  MemoryUsage of job (MB)
	12269176  -  ResidentSetSize of job (KB)
...
006 (112045348.196.000) 05/02 00:48:23 Image size of job updated: 12903628
	12525  -  MemoryUsage of job (MB)
	12825572  -  ResidentSetSize of job (KB)
...
006 (112045348.196.000) 05/02 00:53:24 Image size of job updated: 13389784
	13000  -  MemoryUsage of job (MB)
	13311728  -  ResidentSetSize of job (KB)
...
006 (112045348.196.000) 05/02 00:58:25 Image size of job updated: 13927456
	13525  -  MemoryUsage of job (MB)
	13849400  -  ResidentSetSize of job (KB)
...
006 (112045348.196.000) 05/02 01:03:25 Image size of job updated: 14547672
	14129  -  MemoryUsage of job (MB)
	14467844  -  ResidentSetSize of job (KB)
...
006 (112045348.196.000) 05/02 01:08:26 Image size of job updated: 15131492
	14699  -  MemoryUsage of job (MB)
	15051664  -  ResidentSetSize of job (KB)
...
006 (112045348.196.000) 05/02 01:13:26 Image size of job updated: 15770336
	15323  -  MemoryUsage of job (MB)
	15689776  -  ResidentSetSize of job (KB)
...
006 (112045348.196.000) 05/02 01:18:27 Image size of job updated: 16280320
	15817  -  MemoryUsage of job (MB)
	16195896  -  ResidentSetSize of job (KB)
...
006 (112045348.196.000) 05/02 01:23:27 Image size of job updated: 16846492
	16366  -  MemoryUsage of job (MB)
	16758496  -  ResidentSetSize of job (KB)
...
006 (112045348.196.000) 05/02 01:28:27 Image size of job updated: 17444248
	16946  -  MemoryUsage of job (MB)
	17352160  -  ResidentSetSize of job (KB)
...
006 (112045348.196.000) 05/02 01:33:27 Image size of job updated: 17916372
	17405  -  MemoryUsage of job (MB)
	17822208  -  ResidentSetSize of job (KB)
...
006 (112045348.196.000) 05/02 01:38:27 Image size of job updated: 18501684
	17975  -  MemoryUsage of job (MB)
	18406224  -  ResidentSetSize of job (KB)
...
006 (112045348.196.000) 05/02 01:43:27 Image size of job updated: 18891688
	18355  -  MemoryUsage of job (MB)
	18795004  -  ResidentSetSize of job (KB)
...
006 (112045348.196.000) 05/02 01:48:28 Image size of job updated: 19149628
	18604  -  MemoryUsage of job (MB)
	19049504  -  ResidentSetSize of job (KB)
...
006 (112045348.196.000) 05/02 01:53:28 Image size of job updated: 19449732
	18894  -  MemoryUsage of job (MB)
	19346796  -  ResidentSetSize of job (KB)
...
006 (112045348.196.000) 05/02 01:58:29 Image size of job updated: 19867688
	19293  -  MemoryUsage of job (MB)
	19755796  -  ResidentSetSize of job (KB)
...
006 (112045348.196.000) 05/02 02:03:30 Image size of job updated: 20197236
	19587  -  MemoryUsage of job (MB)
	20056756  -  ResidentSetSize of job (KB)
...
006 (112045348.196.000) 05/02 02:08:30 Image size of job updated: 20799784
	20134  -  MemoryUsage of job (MB)
	20616464  -  ResidentSetSize of job (KB)
...
006 (112045348.196.000) 05/02 02:13:31 Image size of job updated: 21379588
	20460  -  MemoryUsage of job (MB)
	20950872  -  ResidentSetSize of job (KB)
...
006 (112045348.196.000) 05/02 02:18:33 Image size of job updated: 21875360
	20460  -  MemoryUsage of job (MB)
	20950872  -  ResidentSetSize of job (KB)
...
006 (112045348.196.000) 05/02 02:23:33 Image size of job updated: 22253276
	20460  -  MemoryUsage of job (MB)
	20950872  -  ResidentSetSize of job (KB)
...
006 (112045348.196.000) 05/02 02:28:33 Image size of job updated: 22903472
	20460  -  MemoryUsage of job (MB)
	20950872  -  ResidentSetSize of job (KB)
...
006 (112045348.196.000) 05/02 02:30:14 Image size of job updated: 23078484
	20460  -  MemoryUsage of job (MB)
	20950872  -  ResidentSetSize of job (KB)
...
005 (112045348.196.000) 05/02 02:30:15 Job terminated.
	(1) Normal termination (return value 0)
		Usr 0 02:39:35, Sys 0 00:07:45  -  Run Remote Usage
		Usr 0 00:00:00, Sys 0 00:00:00  -  Run Local Usage
		Usr 0 02:39:35, Sys 0 00:07:45  -  Total Remote Usage
		Usr 0 00:00:00, Sys 0 00:00:00  -  Total Local Usage
	23047588  -  Run Bytes Sent By Job
	1780294912  -  Run Bytes Received By Job
	23047588  -  Total Bytes Sent By Job
	1780294912  -  Total Bytes Received By Job
	Partitionable Resources :      Usage  Request Allocated 
	   Cpus                 :       0.97        1         1 
	   Disk (KB)            : 6852235    20971520  21406405 
	   Ioheavy              :                             0 
	   Memory (MB)          :   20460       20480     20480 
...
