000 (112045348.145.000) 05/01 17:44:19 Job submitted from host: <128.104.100.44:9618?addrs=128.104.100.44-9618+[2607-f388-107c-501-90e2-baff-fe2c-2724]-9618&noUDP&sock=4699_0235_3>
...
001 (112045348.145.000) 05/01 22:12:50 Job executing on host: <128.105.245.201:9618?addrs=128.105.245.201-9618&noUDP&sock=5415_d16d_29>
...
006 (112045348.145.000) 05/01 22:12:59 Image size of job updated: 624
	1  -  MemoryUsage of job (MB)
	624  -  ResidentSetSize of job (KB)
...
006 (112045348.145.000) 05/01 22:18:01 Image size of job updated: 361912
	278  -  MemoryUsage of job (MB)
	283916  -  ResidentSetSize of job (KB)
...
006 (112045348.145.000) 05/01 22:23:01 Image size of job updated: 906624
	810  -  MemoryUsage of job (MB)
	828572  -  ResidentSetSize of job (KB)
...
006 (112045348.145.000) 05/01 22:28:02 Image size of job updated: 1640360
	1526  -  MemoryUsage of job (MB)
	1562308  -  ResidentSetSize of job (KB)
...
006 (112045348.145.000) 05/01 22:33:03 Image size of job updated: 2616936
	2480  -  MemoryUsage of job (MB)
	2538884  -  ResidentSetSize of job (KB)
...
006 (112045348.145.000) 05/01 22:34:53 Image size of job updated: 2949312
	2482  -  MemoryUsage of job (MB)
	2541280  -  ResidentSetSize of job (KB)
...
005 (112045348.145.000) 05/01 22:34:54 Job terminated.
	(1) Normal termination (return value 0)
		Usr 0 00:18:43, Sys 0 00:00:32  -  Run Remote Usage
		Usr 0 00:00:00, Sys 0 00:00:00  -  Run Local Usage
		Usr 0 00:18:43, Sys 0 00:00:32  -  Total Remote Usage
		Usr 0 00:00:00, Sys 0 00:00:00  -  Total Local Usage
	5862754  -  Run Bytes Sent By Job
	1780294912  -  Run Bytes Received By Job
	5862754  -  Total Bytes Sent By Job
	1780294912  -  Total Bytes Received By Job
	Partitionable Resources :      Usage  Request Allocated 
	   Cpus                 :       1.00        1         1 
	   Disk (KB)            : 6852587    20971520  23557310 
	   Ioheavy              :                             0 
	   Memory (MB)          :    2482       20480     20480 
...
