000 (112045348.162.000) 05/01 17:44:19 Job submitted from host: <128.104.100.44:9618?addrs=128.104.100.44-9618+[2607-f388-107c-501-90e2-baff-fe2c-2724]-9618&noUDP&sock=4699_0235_3>
...
001 (112045348.162.000) 05/01 22:25:30 Job executing on host: <128.105.245.222:9618?addrs=128.105.245.222-9618&noUDP&sock=5446_14dd_29>
...
006 (112045348.162.000) 05/01 22:25:40 Image size of job updated: 628
	1  -  MemoryUsage of job (MB)
	628  -  ResidentSetSize of job (KB)
...
006 (112045348.162.000) 05/01 22:30:41 Image size of job updated: 656
	1  -  MemoryUsage of job (MB)
	656  -  ResidentSetSize of job (KB)
...
006 (112045348.162.000) 05/01 22:35:41 Image size of job updated: 493884
	407  -  MemoryUsage of job (MB)
	415884  -  ResidentSetSize of job (KB)
...
006 (112045348.162.000) 05/01 22:40:41 Image size of job updated: 905476
	809  -  MemoryUsage of job (MB)
	827420  -  ResidentSetSize of job (KB)
...
006 (112045348.162.000) 05/01 22:45:42 Image size of job updated: 1325016
	1218  -  MemoryUsage of job (MB)
	1246960  -  ResidentSetSize of job (KB)
...
006 (112045348.162.000) 05/01 22:50:43 Image size of job updated: 1916872
	1796  -  MemoryUsage of job (MB)
	1838816  -  ResidentSetSize of job (KB)
...
006 (112045348.162.000) 05/01 22:55:43 Image size of job updated: 2607668
	2471  -  MemoryUsage of job (MB)
	2529612  -  ResidentSetSize of job (KB)
...
006 (112045348.162.000) 05/01 23:00:44 Image size of job updated: 3360044
	3206  -  MemoryUsage of job (MB)
	3281988  -  ResidentSetSize of job (KB)
...
006 (112045348.162.000) 05/01 23:05:45 Image size of job updated: 4090244
	3919  -  MemoryUsage of job (MB)
	4012188  -  ResidentSetSize of job (KB)
...
006 (112045348.162.000) 05/01 23:10:45 Image size of job updated: 4870388
	4681  -  MemoryUsage of job (MB)
	4792332  -  ResidentSetSize of job (KB)
...
006 (112045348.162.000) 05/01 23:15:45 Image size of job updated: 5776684
	5566  -  MemoryUsage of job (MB)
	5698628  -  ResidentSetSize of job (KB)
...
006 (112045348.162.000) 05/01 23:20:47 Image size of job updated: 6542056
	6313  -  MemoryUsage of job (MB)
	6464000  -  ResidentSetSize of job (KB)
...
006 (112045348.162.000) 05/01 23:25:47 Image size of job updated: 7366204
	7118  -  MemoryUsage of job (MB)
	7288148  -  ResidentSetSize of job (KB)
...
006 (112045348.162.000) 05/01 23:30:47 Image size of job updated: 8164680
	7898  -  MemoryUsage of job (MB)
	8086624  -  ResidentSetSize of job (KB)
...
006 (112045348.162.000) 05/01 23:35:48 Image size of job updated: 8868496
	8585  -  MemoryUsage of job (MB)
	8790440  -  ResidentSetSize of job (KB)
...
006 (112045348.162.000) 05/01 23:40:49 Image size of job updated: 9617892
	9317  -  MemoryUsage of job (MB)
	9539836  -  ResidentSetSize of job (KB)
...
006 (112045348.162.000) 05/01 23:45:49 Image size of job updated: 10187140
	9873  -  MemoryUsage of job (MB)
	10109084  -  ResidentSetSize of job (KB)
...
006 (112045348.162.000) 05/01 23:50:50 Image size of job updated: 10864608
	10534  -  MemoryUsage of job (MB)
	10786552  -  ResidentSetSize of job (KB)
...
006 (112045348.162.000) 05/01 23:55:51 Image size of job updated: 11470968
	11126  -  MemoryUsage of job (MB)
	11392912  -  ResidentSetSize of job (KB)
...
006 (112045348.162.000) 05/02 00:00:51 Image size of job updated: 12183556
	11822  -  MemoryUsage of job (MB)
	12105500  -  ResidentSetSize of job (KB)
...
006 (112045348.162.000) 05/02 00:05:52 Image size of job updated: 12918064
	12540  -  MemoryUsage of job (MB)
	12840008  -  ResidentSetSize of job (KB)
...
006 (112045348.162.000) 05/02 00:10:53 Image size of job updated: 13554000
	13161  -  MemoryUsage of job (MB)
	13475944  -  ResidentSetSize of job (KB)
...
006 (112045348.162.000) 05/02 00:15:53 Image size of job updated: 14126000
	13719  -  MemoryUsage of job (MB)
	14047944  -  ResidentSetSize of job (KB)
...
006 (112045348.162.000) 05/02 00:20:54 Image size of job updated: 14844320
	14421  -  MemoryUsage of job (MB)
	14766264  -  ResidentSetSize of job (KB)
...
006 (112045348.162.000) 05/02 00:25:55 Image size of job updated: 15483156
	15043  -  MemoryUsage of job (MB)
	15403424  -  ResidentSetSize of job (KB)
...
006 (112045348.162.000) 05/02 00:30:55 Image size of job updated: 16108280
	15651  -  MemoryUsage of job (MB)
	16026368  -  ResidentSetSize of job (KB)
...
006 (112045348.162.000) 05/02 00:35:55 Image size of job updated: 16760376
	16283  -  MemoryUsage of job (MB)
	16672836  -  ResidentSetSize of job (KB)
...
006 (112045348.162.000) 05/02 00:40:56 Image size of job updated: 17395500
	16898  -  MemoryUsage of job (MB)
	17302740  -  ResidentSetSize of job (KB)
...
006 (112045348.162.000) 05/02 00:45:57 Image size of job updated: 18001344
	17484  -  MemoryUsage of job (MB)
	17903260  -  ResidentSetSize of job (KB)
...
006 (112045348.162.000) 05/02 00:50:58 Image size of job updated: 18606488
	18067  -  MemoryUsage of job (MB)
	18500344  -  ResidentSetSize of job (KB)
...
006 (112045348.162.000) 05/02 00:55:58 Image size of job updated: 19174384
	18604  -  MemoryUsage of job (MB)
	19050260  -  ResidentSetSize of job (KB)
...
006 (112045348.162.000) 05/02 01:00:58 Image size of job updated: 19850144
	19231  -  MemoryUsage of job (MB)
	19691920  -  ResidentSetSize of job (KB)
...
006 (112045348.162.000) 05/02 01:06:00 Image size of job updated: 20482792
	19786  -  MemoryUsage of job (MB)
	20260448  -  ResidentSetSize of job (KB)
...
006 (112045348.162.000) 05/02 01:11:00 Image size of job updated: 21100568
	20278  -  MemoryUsage of job (MB)
	20764196  -  ResidentSetSize of job (KB)
...
006 (112045348.162.000) 05/02 01:16:00 Image size of job updated: 21568984
	20442  -  MemoryUsage of job (MB)
	20932376  -  ResidentSetSize of job (KB)
...
006 (112045348.162.000) 05/02 01:21:00 Image size of job updated: 22163144
	20445  -  MemoryUsage of job (MB)
	20935452  -  ResidentSetSize of job (KB)
...
006 (112045348.162.000) 05/02 01:26:01 Image size of job updated: 22611352
	20445  -  MemoryUsage of job (MB)
	20935656  -  ResidentSetSize of job (KB)
...
006 (112045348.162.000) 05/02 01:31:03 Image size of job updated: 22997016
	20445  -  MemoryUsage of job (MB)
	20935656  -  ResidentSetSize of job (KB)
...
006 (112045348.162.000) 05/02 01:32:42 Image size of job updated: 23078752
	20445  -  MemoryUsage of job (MB)
	20935656  -  ResidentSetSize of job (KB)
...
005 (112045348.162.000) 05/02 01:32:45 Job terminated.
	(1) Normal termination (return value 0)
		Usr 0 02:39:10, Sys 0 00:02:39  -  Run Remote Usage
		Usr 0 00:00:00, Sys 0 00:00:00  -  Run Local Usage
		Usr 0 02:39:10, Sys 0 00:02:39  -  Total Remote Usage
		Usr 0 00:00:00, Sys 0 00:00:00  -  Total Local Usage
	23086134  -  Run Bytes Sent By Job
	1780294912  -  Run Bytes Received By Job
	23086134  -  Total Bytes Sent By Job
	1780294912  -  Total Bytes Received By Job
	Partitionable Resources :      Usage  Request Allocated 
	   Cpus                 :       0.00        1         1 
	   Disk (KB)            : 6852274    20971520  21301792 
	   Ioheavy              :                             0 
	   Memory (MB)          :   20445       20480     20480 
...
