000 (112045348.039.000) 05/01 17:44:19 Job submitted from host: <128.104.100.44:9618?addrs=128.104.100.44-9618+[2607-f388-107c-501-90e2-baff-fe2c-2724]-9618&noUDP&sock=4699_0235_3>
...
001 (112045348.039.000) 05/01 20:27:24 Job executing on host: <128.105.245.205:9618?addrs=128.105.245.205-9618&noUDP&sock=5446_14dd_3>
...
006 (112045348.039.000) 05/01 20:27:32 Image size of job updated: 628
	1  -  MemoryUsage of job (MB)
	628  -  ResidentSetSize of job (KB)
...
006 (112045348.039.000) 05/01 20:32:33 Image size of job updated: 337372
	254  -  MemoryUsage of job (MB)
	259376  -  ResidentSetSize of job (KB)
...
006 (112045348.039.000) 05/01 20:37:33 Image size of job updated: 770536
	677  -  MemoryUsage of job (MB)
	692504  -  ResidentSetSize of job (KB)
...
006 (112045348.039.000) 05/01 20:42:34 Image size of job updated: 1207804
	1104  -  MemoryUsage of job (MB)
	1129752  -  ResidentSetSize of job (KB)
...
006 (112045348.039.000) 05/01 20:47:34 Image size of job updated: 1818508
	1700  -  MemoryUsage of job (MB)
	1740456  -  ResidentSetSize of job (KB)
...
006 (112045348.039.000) 05/01 20:52:35 Image size of job updated: 2480244
	2346  -  MemoryUsage of job (MB)
	2402192  -  ResidentSetSize of job (KB)
...
006 (112045348.039.000) 05/01 20:57:36 Image size of job updated: 3252680
	3101  -  MemoryUsage of job (MB)
	3174628  -  ResidentSetSize of job (KB)
...
006 (112045348.039.000) 05/01 21:02:37 Image size of job updated: 4129652
	3957  -  MemoryUsage of job (MB)
	4051600  -  ResidentSetSize of job (KB)
...
006 (112045348.039.000) 05/01 21:07:37 Image size of job updated: 4982424
	4790  -  MemoryUsage of job (MB)
	4904372  -  ResidentSetSize of job (KB)
...
006 (112045348.039.000) 05/01 21:12:37 Image size of job updated: 5849636
	5637  -  MemoryUsage of job (MB)
	5771584  -  ResidentSetSize of job (KB)
...
006 (112045348.039.000) 05/01 21:17:38 Image size of job updated: 6619708
	6389  -  MemoryUsage of job (MB)
	6541656  -  ResidentSetSize of job (KB)
...
006 (112045348.039.000) 05/01 21:22:39 Image size of job updated: 7368888
	7120  -  MemoryUsage of job (MB)
	7290836  -  ResidentSetSize of job (KB)
...
006 (112045348.039.000) 05/01 21:27:39 Image size of job updated: 8165556
	7898  -  MemoryUsage of job (MB)
	8087504  -  ResidentSetSize of job (KB)
...
006 (112045348.039.000) 05/01 21:32:39 Image size of job updated: 8903468
	8619  -  MemoryUsage of job (MB)
	8825416  -  ResidentSetSize of job (KB)
...
006 (112045348.039.000) 05/01 21:37:39 Image size of job updated: 9610620
	9310  -  MemoryUsage of job (MB)
	9532568  -  ResidentSetSize of job (KB)
...
006 (112045348.039.000) 05/01 21:42:39 Image size of job updated: 10205144
	9890  -  MemoryUsage of job (MB)
	10127092  -  ResidentSetSize of job (KB)
...
006 (112045348.039.000) 05/01 21:47:40 Image size of job updated: 10901636
	10570  -  MemoryUsage of job (MB)
	10823584  -  ResidentSetSize of job (KB)
...
006 (112045348.039.000) 05/01 21:52:41 Image size of job updated: 11524424
	11179  -  MemoryUsage of job (MB)
	11446372  -  ResidentSetSize of job (KB)
...
006 (112045348.039.000) 05/01 21:57:41 Image size of job updated: 12274808
	11911  -  MemoryUsage of job (MB)
	12196756  -  ResidentSetSize of job (KB)
...
006 (112045348.039.000) 05/01 22:02:42 Image size of job updated: 12929216
	12550  -  MemoryUsage of job (MB)
	12851164  -  ResidentSetSize of job (KB)
...
006 (112045348.039.000) 05/01 22:07:43 Image size of job updated: 13586052
	13192  -  MemoryUsage of job (MB)
	13508000  -  ResidentSetSize of job (KB)
...
006 (112045348.039.000) 05/01 22:12:43 Image size of job updated: 14243204
	13834  -  MemoryUsage of job (MB)
	14165152  -  ResidentSetSize of job (KB)
...
006 (112045348.039.000) 05/01 22:17:43 Image size of job updated: 14825408
	14402  -  MemoryUsage of job (MB)
	14747356  -  ResidentSetSize of job (KB)
...
006 (112045348.039.000) 05/01 22:22:45 Image size of job updated: 15468396
	15030  -  MemoryUsage of job (MB)
	15390024  -  ResidentSetSize of job (KB)
...
006 (112045348.039.000) 05/01 22:27:45 Image size of job updated: 16221684
	15765  -  MemoryUsage of job (MB)
	16142528  -  ResidentSetSize of job (KB)
...
006 (112045348.039.000) 05/01 22:32:45 Image size of job updated: 16856020
	16381  -  MemoryUsage of job (MB)
	16774088  -  ResidentSetSize of job (KB)
...
006 (112045348.039.000) 05/01 22:37:46 Image size of job updated: 17597024
	17103  -  MemoryUsage of job (MB)
	17512464  -  ResidentSetSize of job (KB)
...
006 (112045348.039.000) 05/01 22:42:47 Image size of job updated: 18311256
	17795  -  MemoryUsage of job (MB)
	18221964  -  ResidentSetSize of job (KB)
...
006 (112045348.039.000) 05/01 22:47:48 Image size of job updated: 19115728
	18558  -  MemoryUsage of job (MB)
	19002988  -  ResidentSetSize of job (KB)
...
006 (112045348.039.000) 05/01 22:52:48 Image size of job updated: 19812840
	19197  -  MemoryUsage of job (MB)
	19656960  -  ResidentSetSize of job (KB)
...
006 (112045348.039.000) 05/01 22:57:48 Image size of job updated: 20521912
	19795  -  MemoryUsage of job (MB)
	20269068  -  ResidentSetSize of job (KB)
...
006 (112045348.039.000) 05/01 23:02:48 Image size of job updated: 21244096
	20250  -  MemoryUsage of job (MB)
	20735412  -  ResidentSetSize of job (KB)
...
006 (112045348.039.000) 05/01 23:07:49 Image size of job updated: 21852180
	20437  -  MemoryUsage of job (MB)
	20927120  -  ResidentSetSize of job (KB)
...
006 (112045348.039.000) 05/01 23:12:50 Image size of job updated: 22591320
	20438  -  MemoryUsage of job (MB)
	20928436  -  ResidentSetSize of job (KB)
...
006 (112045348.039.000) 05/01 23:17:18 Image size of job updated: 23076540
	20438  -  MemoryUsage of job (MB)
	20928444  -  ResidentSetSize of job (KB)
...
005 (112045348.039.000) 05/01 23:17:21 Job terminated.
	(1) Normal termination (return value 0)
		Usr 0 02:39:10, Sys 0 00:04:06  -  Run Remote Usage
		Usr 0 00:00:00, Sys 0 00:00:00  -  Run Local Usage
		Usr 0 02:39:10, Sys 0 00:04:06  -  Total Remote Usage
		Usr 0 00:00:00, Sys 0 00:00:00  -  Total Local Usage
	23112350  -  Run Bytes Sent By Job
	1780294912  -  Run Bytes Received By Job
	23112350  -  Total Bytes Sent By Job
	1780294912  -  Total Bytes Received By Job
	Partitionable Resources :    Usage  Request Allocated 
	   Cpus                 :        0        1         1 
	   Disk (KB)            :  6852300 20971520  21152615 
	   Ioheavy              :                           0 
	   Memory (MB)          :    20438    20480     20480 
...
