000 (112045348.132.000) 05/01 17:44:19 Job submitted from host: <128.104.100.44:9618?addrs=128.104.100.44-9618+[2607-f388-107c-501-90e2-baff-fe2c-2724]-9618&noUDP&sock=4699_0235_3>
...
001 (112045348.132.000) 05/01 22:06:32 Job executing on host: <128.105.245.190:9618?addrs=128.105.245.190-9618&noUDP&sock=5445_6544_48>
...
006 (112045348.132.000) 05/01 22:06:41 Image size of job updated: 624
	1  -  MemoryUsage of job (MB)
	624  -  ResidentSetSize of job (KB)
...
006 (112045348.132.000) 05/01 22:11:42 Image size of job updated: 652
	1  -  MemoryUsage of job (MB)
	652  -  ResidentSetSize of job (KB)
...
006 (112045348.132.000) 05/01 22:16:43 Image size of job updated: 632368
	542  -  MemoryUsage of job (MB)
	554372  -  ResidentSetSize of job (KB)
...
006 (112045348.132.000) 05/01 22:21:43 Image size of job updated: 1261688
	1156  -  MemoryUsage of job (MB)
	1183636  -  ResidentSetSize of job (KB)
...
006 (112045348.132.000) 05/01 22:26:43 Image size of job updated: 2211976
	2084  -  MemoryUsage of job (MB)
	2133924  -  ResidentSetSize of job (KB)
...
006 (112045348.132.000) 05/01 22:31:43 Image size of job updated: 3480956
	3324  -  MemoryUsage of job (MB)
	3402904  -  ResidentSetSize of job (KB)
...
006 (112045348.132.000) 05/01 22:36:44 Image size of job updated: 4989868
	4797  -  MemoryUsage of job (MB)
	4911816  -  ResidentSetSize of job (KB)
...
006 (112045348.132.000) 05/01 22:41:44 Image size of job updated: 6492292
	6264  -  MemoryUsage of job (MB)
	6414240  -  ResidentSetSize of job (KB)
...
006 (112045348.132.000) 05/01 22:46:44 Image size of job updated: 7867692
	7608  -  MemoryUsage of job (MB)
	7789640  -  ResidentSetSize of job (KB)
...
006 (112045348.132.000) 05/01 22:51:44 Image size of job updated: 9053444
	8766  -  MemoryUsage of job (MB)
	8975392  -  ResidentSetSize of job (KB)
...
006 (112045348.132.000) 05/01 22:56:43 Image size of job updated: 9680616
	9378  -  MemoryUsage of job (MB)
	9602564  -  ResidentSetSize of job (KB)
...
006 (112045348.132.000) 05/01 23:01:44 Image size of job updated: 10560748
	10238  -  MemoryUsage of job (MB)
	10482696  -  ResidentSetSize of job (KB)
...
006 (112045348.132.000) 05/01 23:06:44 Image size of job updated: 11519044
	11173  -  MemoryUsage of job (MB)
	11440992  -  ResidentSetSize of job (KB)
...
006 (112045348.132.000) 05/01 23:11:45 Image size of job updated: 12585040
	12214  -  MemoryUsage of job (MB)
	12506988  -  ResidentSetSize of job (KB)
...
006 (112045348.132.000) 05/01 23:16:45 Image size of job updated: 13460896
	13070  -  MemoryUsage of job (MB)
	13382844  -  ResidentSetSize of job (KB)
...
006 (112045348.132.000) 05/01 23:21:45 Image size of job updated: 14009360
	13605  -  MemoryUsage of job (MB)
	13931308  -  ResidentSetSize of job (KB)
...
006 (112045348.132.000) 05/01 23:26:45 Image size of job updated: 14559972
	14143  -  MemoryUsage of job (MB)
	14481920  -  ResidentSetSize of job (KB)
...
006 (112045348.132.000) 05/01 23:31:45 Image size of job updated: 15270200
	14837  -  MemoryUsage of job (MB)
	15192148  -  ResidentSetSize of job (KB)
...
006 (112045348.132.000) 05/01 23:36:45 Image size of job updated: 16097760
	15645  -  MemoryUsage of job (MB)
	16019708  -  ResidentSetSize of job (KB)
...
006 (112045348.132.000) 05/01 23:41:45 Image size of job updated: 17048288
	16572  -  MemoryUsage of job (MB)
	16969708  -  ResidentSetSize of job (KB)
...
006 (112045348.132.000) 05/01 23:46:46 Image size of job updated: 17877548
	17380  -  MemoryUsage of job (MB)
	17796608  -  ResidentSetSize of job (KB)
...
006 (112045348.132.000) 05/01 23:51:47 Image size of job updated: 18582264
	18065  -  MemoryUsage of job (MB)
	18498036  -  ResidentSetSize of job (KB)
...
006 (112045348.132.000) 05/01 23:56:47 Image size of job updated: 19252276
	18713  -  MemoryUsage of job (MB)
	19161912  -  ResidentSetSize of job (KB)
...
006 (112045348.132.000) 05/02 00:01:48 Image size of job updated: 19762728
	19202  -  MemoryUsage of job (MB)
	19662544  -  ResidentSetSize of job (KB)
...
006 (112045348.132.000) 05/02 00:06:48 Image size of job updated: 20269324
	19670  -  MemoryUsage of job (MB)
	20141576  -  ResidentSetSize of job (KB)
...
006 (112045348.132.000) 05/02 00:11:48 Image size of job updated: 20813628
	20154  -  MemoryUsage of job (MB)
	20637672  -  ResidentSetSize of job (KB)
...
006 (112045348.132.000) 05/02 00:16:48 Image size of job updated: 21147452
	20366  -  MemoryUsage of job (MB)
	20854764  -  ResidentSetSize of job (KB)
...
006 (112045348.132.000) 05/02 00:21:48 Image size of job updated: 21416608
	20430  -  MemoryUsage of job (MB)
	20920072  -  ResidentSetSize of job (KB)
...
006 (112045348.132.000) 05/02 00:26:48 Image size of job updated: 21782252
	20448  -  MemoryUsage of job (MB)
	20938200  -  ResidentSetSize of job (KB)
...
006 (112045348.132.000) 05/02 00:31:48 Image size of job updated: 22102476
	20453  -  MemoryUsage of job (MB)
	20943048  -  ResidentSetSize of job (KB)
...
006 (112045348.132.000) 05/02 00:36:48 Image size of job updated: 22517924
	20453  -  MemoryUsage of job (MB)
	20943048  -  ResidentSetSize of job (KB)
...
006 (112045348.132.000) 05/02 00:41:49 Image size of job updated: 22849512
	20453  -  MemoryUsage of job (MB)
	20943048  -  ResidentSetSize of job (KB)
...
006 (112045348.132.000) 05/02 00:45:06 Image size of job updated: 23078116
	20453  -  MemoryUsage of job (MB)
	20943048  -  ResidentSetSize of job (KB)
...
005 (112045348.132.000) 05/02 00:45:27 Job terminated.
	(1) Normal termination (return value 0)
		Usr 0 01:35:06, Sys 0 00:01:40  -  Run Remote Usage
		Usr 0 00:00:00, Sys 0 00:00:00  -  Run Local Usage
		Usr 0 01:35:06, Sys 0 00:01:40  -  Total Remote Usage
		Usr 0 00:00:00, Sys 0 00:00:00  -  Total Local Usage
	22991692  -  Run Bytes Sent By Job
	1780294912  -  Run Bytes Received By Job
	22991692  -  Total Bytes Sent By Job
	1780294912  -  Total Bytes Received By Job
	Partitionable Resources :      Usage  Request Allocated 
	   Cpus                 :       0.56        1         1 
	   Disk (KB)            : 6852182    20971520  21148475 
	   Ioheavy              :                             0 
	   Memory (MB)          :   20453       20480     20480 
...
