000 (112045348.064.000) 05/01 17:44:19 Job submitted from host: <128.104.100.44:9618?addrs=128.104.100.44-9618+[2607-f388-107c-501-90e2-baff-fe2c-2724]-9618&noUDP&sock=4699_0235_3>
...
001 (112045348.064.000) 05/01 20:52:52 Job executing on host: <128.105.245.166:9618?addrs=128.105.245.166-9618&noUDP&sock=5434_d9ba_3>
...
006 (112045348.064.000) 05/01 20:53:01 Image size of job updated: 628
	1  -  MemoryUsage of job (MB)
	628  -  ResidentSetSize of job (KB)
...
006 (112045348.064.000) 05/01 20:58:02 Image size of job updated: 652
	1  -  MemoryUsage of job (MB)
	652  -  ResidentSetSize of job (KB)
...
006 (112045348.064.000) 05/01 21:03:03 Image size of job updated: 184840
	108  -  MemoryUsage of job (MB)
	109960  -  ResidentSetSize of job (KB)
...
006 (112045348.064.000) 05/01 21:08:03 Image size of job updated: 651948
	561  -  MemoryUsage of job (MB)
	573952  -  ResidentSetSize of job (KB)
...
006 (112045348.064.000) 05/01 21:13:03 Image size of job updated: 1170664
	1068  -  MemoryUsage of job (MB)
	1092612  -  ResidentSetSize of job (KB)
...
006 (112045348.064.000) 05/01 21:18:04 Image size of job updated: 1820984
	1703  -  MemoryUsage of job (MB)
	1742932  -  ResidentSetSize of job (KB)
...
006 (112045348.064.000) 05/01 21:23:04 Image size of job updated: 2532608
	2398  -  MemoryUsage of job (MB)
	2454556  -  ResidentSetSize of job (KB)
...
006 (112045348.064.000) 05/01 21:28:04 Image size of job updated: 3383276
	3228  -  MemoryUsage of job (MB)
	3305224  -  ResidentSetSize of job (KB)
...
006 (112045348.064.000) 05/01 21:33:05 Image size of job updated: 4347572
	4170  -  MemoryUsage of job (MB)
	4269520  -  ResidentSetSize of job (KB)
...
006 (112045348.064.000) 05/01 21:38:06 Image size of job updated: 5240088
	5042  -  MemoryUsage of job (MB)
	5162036  -  ResidentSetSize of job (KB)
...
006 (112045348.064.000) 05/01 21:43:06 Image size of job updated: 6218796
	5997  -  MemoryUsage of job (MB)
	6140744  -  ResidentSetSize of job (KB)
...
006 (112045348.064.000) 05/01 21:48:06 Image size of job updated: 7078736
	6837  -  MemoryUsage of job (MB)
	7000684  -  ResidentSetSize of job (KB)
...
006 (112045348.064.000) 05/01 21:53:07 Image size of job updated: 8104676
	7839  -  MemoryUsage of job (MB)
	8026624  -  ResidentSetSize of job (KB)
...
006 (112045348.064.000) 05/01 21:58:08 Image size of job updated: 8891888
	8608  -  MemoryUsage of job (MB)
	8813836  -  ResidentSetSize of job (KB)
...
006 (112045348.064.000) 05/01 22:03:09 Image size of job updated: 9689896
	9387  -  MemoryUsage of job (MB)
	9611844  -  ResidentSetSize of job (KB)
...
006 (112045348.064.000) 05/01 22:08:09 Image size of job updated: 10478848
	10158  -  MemoryUsage of job (MB)
	10400796  -  ResidentSetSize of job (KB)
...
006 (112045348.064.000) 05/01 22:13:09 Image size of job updated: 11165948
	10829  -  MemoryUsage of job (MB)
	11087896  -  ResidentSetSize of job (KB)
...
006 (112045348.064.000) 05/01 22:18:11 Image size of job updated: 11953752
	11598  -  MemoryUsage of job (MB)
	11875700  -  ResidentSetSize of job (KB)
...
006 (112045348.064.000) 05/01 22:23:11 Image size of job updated: 12674304
	12302  -  MemoryUsage of job (MB)
	12596252  -  ResidentSetSize of job (KB)
...
006 (112045348.064.000) 05/01 22:28:11 Image size of job updated: 13466828
	13075  -  MemoryUsage of job (MB)
	13388776  -  ResidentSetSize of job (KB)
...
006 (112045348.064.000) 05/01 22:33:12 Image size of job updated: 14125432
	13719  -  MemoryUsage of job (MB)
	14047380  -  ResidentSetSize of job (KB)
...
006 (112045348.064.000) 05/01 22:38:13 Image size of job updated: 14968752
	14542  -  MemoryUsage of job (MB)
	14890700  -  ResidentSetSize of job (KB)
...
006 (112045348.064.000) 05/01 22:43:13 Image size of job updated: 15756692
	15310  -  MemoryUsage of job (MB)
	15676912  -  ResidentSetSize of job (KB)
...
006 (112045348.064.000) 05/01 22:48:14 Image size of job updated: 16534612
	16067  -  MemoryUsage of job (MB)
	16451960  -  ResidentSetSize of job (KB)
...
006 (112045348.064.000) 05/01 22:53:14 Image size of job updated: 17312112
	16823  -  MemoryUsage of job (MB)
	17226604  -  ResidentSetSize of job (KB)
...
006 (112045348.064.000) 05/01 22:58:14 Image size of job updated: 18016400
	17507  -  MemoryUsage of job (MB)
	17926408  -  ResidentSetSize of job (KB)
...
006 (112045348.064.000) 05/01 23:03:15 Image size of job updated: 18865184
	18330  -  MemoryUsage of job (MB)
	18769748  -  ResidentSetSize of job (KB)
...
006 (112045348.064.000) 05/01 23:08:16 Image size of job updated: 19492256
	18937  -  MemoryUsage of job (MB)
	19391172  -  ResidentSetSize of job (KB)
...
006 (112045348.064.000) 05/01 23:13:16 Image size of job updated: 19895444
	19318  -  MemoryUsage of job (MB)
	19781176  -  ResidentSetSize of job (KB)
...
006 (112045348.064.000) 05/01 23:18:17 Image size of job updated: 20777720
	20076  -  MemoryUsage of job (MB)
	20557476  -  ResidentSetSize of job (KB)
...
006 (112045348.064.000) 05/01 23:23:18 Image size of job updated: 21214536
	20385  -  MemoryUsage of job (MB)
	20873848  -  ResidentSetSize of job (KB)
...
006 (112045348.064.000) 05/01 23:28:18 Image size of job updated: 21751632
	20451  -  MemoryUsage of job (MB)
	20941348  -  ResidentSetSize of job (KB)
...
006 (112045348.064.000) 05/01 23:33:19 Image size of job updated: 22170204
	20451  -  MemoryUsage of job (MB)
	20941348  -  ResidentSetSize of job (KB)
...
006 (112045348.064.000) 05/01 23:38:19 Image size of job updated: 22647176
	20451  -  MemoryUsage of job (MB)
	20941348  -  ResidentSetSize of job (KB)
...
006 (112045348.064.000) 05/01 23:43:08 Image size of job updated: 23073388
	20451  -  MemoryUsage of job (MB)
	20941348  -  ResidentSetSize of job (KB)
...
005 (112045348.064.000) 05/01 23:43:10 Job terminated.
	(1) Normal termination (return value 0)
		Usr 0 02:19:11, Sys 0 00:02:21  -  Run Remote Usage
		Usr 0 00:00:00, Sys 0 00:00:00  -  Run Local Usage
		Usr 0 02:19:11, Sys 0 00:02:21  -  Total Remote Usage
		Usr 0 00:00:00, Sys 0 00:00:00  -  Total Local Usage
	23064408  -  Run Bytes Sent By Job
	1780294912  -  Run Bytes Received By Job
	23064408  -  Total Bytes Sent By Job
	1780294912  -  Total Bytes Received By Job
	Partitionable Resources :      Usage  Request Allocated 
	   Cpus                 :       0.56        1         1 
	   Disk (KB)            : 6852252    20971520  21365457 
	   Ioheavy              :                             0 
	   Memory (MB)          :   20451       20480     20480 
...
