000 (112045348.009.000) 05/01 17:44:19 Job submitted from host: <128.104.100.44:9618?addrs=128.104.100.44-9618+[2607-f388-107c-501-90e2-baff-fe2c-2724]-9618&noUDP&sock=4699_0235_3>
...
001 (112045348.009.000) 05/01 17:54:18 Job executing on host: <128.105.245.153:9618?addrs=128.105.245.153-9618&noUDP&sock=5476_a8b4_29>
...
006 (112045348.009.000) 05/01 17:54:27 Image size of job updated: 628
	1  -  MemoryUsage of job (MB)
	628  -  ResidentSetSize of job (KB)
...
006 (112045348.009.000) 05/01 17:59:28 Image size of job updated: 656
	1  -  MemoryUsage of job (MB)
	656  -  ResidentSetSize of job (KB)
...
006 (112045348.009.000) 05/01 18:04:28 Image size of job updated: 413448
	328  -  MemoryUsage of job (MB)
	335452  -  ResidentSetSize of job (KB)
...
006 (112045348.009.000) 05/01 18:09:28 Image size of job updated: 829688
	735  -  MemoryUsage of job (MB)
	751636  -  ResidentSetSize of job (KB)
...
006 (112045348.009.000) 05/01 18:14:29 Image size of job updated: 1293656
	1188  -  MemoryUsage of job (MB)
	1215604  -  ResidentSetSize of job (KB)
...
006 (112045348.009.000) 05/01 18:19:30 Image size of job updated: 2013408
	1890  -  MemoryUsage of job (MB)
	1935356  -  ResidentSetSize of job (KB)
...
006 (112045348.009.000) 05/01 18:24:31 Image size of job updated: 2902576
	2759  -  MemoryUsage of job (MB)
	2824524  -  ResidentSetSize of job (KB)
...
006 (112045348.009.000) 05/01 18:24:43 Image size of job updated: 3527016
	2760  -  MemoryUsage of job (MB)
	2825456  -  ResidentSetSize of job (KB)
...
005 (112045348.009.000) 05/01 18:24:46 Job terminated.
	(1) Normal termination (return value 0)
		Usr 0 00:23:02, Sys 0 00:00:29  -  Run Remote Usage
		Usr 0 00:00:00, Sys 0 00:00:00  -  Run Local Usage
		Usr 0 00:23:02, Sys 0 00:00:29  -  Total Remote Usage
		Usr 0 00:00:00, Sys 0 00:00:00  -  Total Local Usage
	5861937  -  Run Bytes Sent By Job
	1780294912  -  Run Bytes Received By Job
	5861937  -  Total Bytes Sent By Job
	1780294912  -  Total Bytes Received By Job
	Partitionable Resources :      Usage  Request Allocated 
	   Cpus                 :       1.00        1         1 
	   Disk (KB)            : 6852586    20971520  21372837 
	   Ioheavy              :                             0 
	   Memory (MB)          :    2760       20480     20480 
...
