000 (112070733.071.000) 05/02 11:03:23 Job submitted from host: <128.104.100.44:9618?addrs=128.104.100.44-9618+[2607-f388-107c-501-90e2-baff-fe2c-2724]-9618&noUDP&sock=4699_0235_3>
...
001 (112070733.071.000) 05/03 04:13:00 Job executing on host: <128.105.245.221:9618?addrs=128.105.245.221-9618&noUDP&sock=5451_82d6_3>
...
006 (112070733.071.000) 05/03 04:13:09 Image size of job updated: 692
	1  -  MemoryUsage of job (MB)
	628  -  ResidentSetSize of job (KB)
...
006 (112070733.071.000) 05/03 04:18:11 Image size of job updated: 338544
	255  -  MemoryUsage of job (MB)
	260484  -  ResidentSetSize of job (KB)
...
006 (112070733.071.000) 05/03 04:23:12 Image size of job updated: 738796
	646  -  MemoryUsage of job (MB)
	660736  -  ResidentSetSize of job (KB)
...
006 (112070733.071.000) 05/03 04:28:12 Image size of job updated: 1179672
	1076  -  MemoryUsage of job (MB)
	1101556  -  ResidentSetSize of job (KB)
...
006 (112070733.071.000) 05/03 04:33:12 Image size of job updated: 1762928
	1646  -  MemoryUsage of job (MB)
	1684812  -  ResidentSetSize of job (KB)
...
006 (112070733.071.000) 05/03 04:38:12 Image size of job updated: 2472532
	2339  -  MemoryUsage of job (MB)
	2394416  -  ResidentSetSize of job (KB)
...
006 (112070733.071.000) 05/03 04:43:13 Image size of job updated: 3450880
	3294  -  MemoryUsage of job (MB)
	3372764  -  ResidentSetSize of job (KB)
...
006 (112070733.071.000) 05/03 04:48:14 Image size of job updated: 4429344
	4250  -  MemoryUsage of job (MB)
	4351228  -  ResidentSetSize of job (KB)
...
006 (112070733.071.000) 05/03 04:53:15 Image size of job updated: 5387848
	5186  -  MemoryUsage of job (MB)
	5309732  -  ResidentSetSize of job (KB)
...
006 (112070733.071.000) 05/03 04:58:16 Image size of job updated: 6265496
	6043  -  MemoryUsage of job (MB)
	6187380  -  ResidentSetSize of job (KB)
...
006 (112070733.071.000) 05/03 05:03:16 Image size of job updated: 7083840
	6842  -  MemoryUsage of job (MB)
	7005724  -  ResidentSetSize of job (KB)
...
006 (112070733.071.000) 05/03 05:08:16 Image size of job updated: 7910456
	7649  -  MemoryUsage of job (MB)
	7832340  -  ResidentSetSize of job (KB)
...
006 (112070733.071.000) 05/03 05:13:16 Image size of job updated: 8826924
	8544  -  MemoryUsage of job (MB)
	8748808  -  ResidentSetSize of job (KB)
...
006 (112070733.071.000) 05/03 05:18:17 Image size of job updated: 9390584
	9095  -  MemoryUsage of job (MB)
	9312468  -  ResidentSetSize of job (KB)
...
006 (112070733.071.000) 05/03 05:23:18 Image size of job updated: 9725552
	9422  -  MemoryUsage of job (MB)
	9647436  -  ResidentSetSize of job (KB)
...
006 (112070733.071.000) 05/03 05:28:20 Image size of job updated: 9818528
	9513  -  MemoryUsage of job (MB)
	9740412  -  ResidentSetSize of job (KB)
...
006 (112070733.071.000) 05/03 05:33:20 Image size of job updated: 10009040
	9699  -  MemoryUsage of job (MB)
	9930924  -  ResidentSetSize of job (KB)
...
006 (112070733.071.000) 05/03 05:38:21 Image size of job updated: 10219712
	9904  -  MemoryUsage of job (MB)
	10141596  -  ResidentSetSize of job (KB)
...
006 (112070733.071.000) 05/03 05:43:22 Image size of job updated: 10434400
	10114  -  MemoryUsage of job (MB)
	10356284  -  ResidentSetSize of job (KB)
...
006 (112070733.071.000) 05/03 05:48:22 Image size of job updated: 10707776
	10381  -  MemoryUsage of job (MB)
	10629660  -  ResidentSetSize of job (KB)
...
006 (112070733.071.000) 05/03 05:53:22 Image size of job updated: 10961800
	10629  -  MemoryUsage of job (MB)
	10883684  -  ResidentSetSize of job (KB)
...
006 (112070733.071.000) 05/03 05:58:23 Image size of job updated: 11359352
	11017  -  MemoryUsage of job (MB)
	11281236  -  ResidentSetSize of job (KB)
...
006 (112070733.071.000) 05/03 06:03:24 Image size of job updated: 11987068
	11630  -  MemoryUsage of job (MB)
	11908952  -  ResidentSetSize of job (KB)
...
006 (112070733.071.000) 05/03 06:08:24 Image size of job updated: 12618812
	12247  -  MemoryUsage of job (MB)
	12540696  -  ResidentSetSize of job (KB)
...
006 (112070733.071.000) 05/03 06:13:26 Image size of job updated: 13211388
	12826  -  MemoryUsage of job (MB)
	13133272  -  ResidentSetSize of job (KB)
...
006 (112070733.071.000) 05/03 06:18:26 Image size of job updated: 13872136
	13471  -  MemoryUsage of job (MB)
	13794020  -  ResidentSetSize of job (KB)
...
006 (112070733.071.000) 05/03 06:23:26 Image size of job updated: 14606744
	14189  -  MemoryUsage of job (MB)
	14528628  -  ResidentSetSize of job (KB)
...
006 (112070733.071.000) 05/03 06:28:27 Image size of job updated: 15000060
	14573  -  MemoryUsage of job (MB)
	14921944  -  ResidentSetSize of job (KB)
...
006 (112070733.071.000) 05/03 06:33:28 Image size of job updated: 15568412
	15128  -  MemoryUsage of job (MB)
	15490296  -  ResidentSetSize of job (KB)
...
006 (112070733.071.000) 05/03 06:38:28 Image size of job updated: 16250336
	15794  -  MemoryUsage of job (MB)
	16172220  -  ResidentSetSize of job (KB)
...
006 (112070733.071.000) 05/03 06:43:30 Image size of job updated: 16820992
	16350  -  MemoryUsage of job (MB)
	16741868  -  ResidentSetSize of job (KB)
...
006 (112070733.071.000) 05/03 06:48:30 Image size of job updated: 17409456
	16924  -  MemoryUsage of job (MB)
	17329276  -  ResidentSetSize of job (KB)
...
006 (112070733.071.000) 05/03 06:53:31 Image size of job updated: 18141172
	17629  -  MemoryUsage of job (MB)
	18051372  -  ResidentSetSize of job (KB)
...
006 (112070733.071.000) 05/03 06:58:30 Image size of job updated: 18783360
	18247  -  MemoryUsage of job (MB)
	18684612  -  ResidentSetSize of job (KB)
...
006 (112070733.071.000) 05/03 07:03:30 Image size of job updated: 19335256
	18774  -  MemoryUsage of job (MB)
	19224232  -  ResidentSetSize of job (KB)
...
006 (112070733.071.000) 05/03 07:08:30 Image size of job updated: 19899312
	19287  -  MemoryUsage of job (MB)
	19749424  -  ResidentSetSize of job (KB)
...
006 (112070733.071.000) 05/03 07:13:31 Image size of job updated: 20432456
	19750  -  MemoryUsage of job (MB)
	20223888  -  ResidentSetSize of job (KB)
...
006 (112070733.071.000) 05/03 07:18:31 Image size of job updated: 20939056
	20022  -  MemoryUsage of job (MB)
	20501896  -  ResidentSetSize of job (KB)
...
006 (112070733.071.000) 05/03 07:23:32 Image size of job updated: 21536464
	20325  -  MemoryUsage of job (MB)
	20812372  -  ResidentSetSize of job (KB)
...
006 (112070733.071.000) 05/03 07:28:32 Image size of job updated: 22117872
	20443  -  MemoryUsage of job (MB)
	20932728  -  ResidentSetSize of job (KB)
...
006 (112070733.071.000) 05/03 07:33:33 Image size of job updated: 22663192
	20443  -  MemoryUsage of job (MB)
	20932728  -  ResidentSetSize of job (KB)
...
006 (112070733.071.000) 05/03 07:36:43 Image size of job updated: 23075244
	20443  -  MemoryUsage of job (MB)
	20932728  -  ResidentSetSize of job (KB)
...
005 (112070733.071.000) 05/03 07:36:45 Job terminated.
	(1) Normal termination (return value 0)
		Usr 0 02:31:49, Sys 0 00:04:00  -  Run Remote Usage
		Usr 0 00:00:00, Sys 0 00:00:00  -  Run Local Usage
		Usr 0 02:31:49, Sys 0 00:04:00  -  Total Remote Usage
		Usr 0 00:00:00, Sys 0 00:00:00  -  Total Local Usage
	23072536  -  Run Bytes Sent By Job
	1780306432  -  Run Bytes Received By Job
	23072536  -  Total Bytes Sent By Job
	1780306432  -  Total Bytes Received By Job
	Partitionable Resources :      Usage  Request Allocated 
	   Cpus                 :       1.00        1         1 
	   Disk (KB)            : 6852284    20971520  21207971 
	   Ioheavy              :                             0 
	   Memory (MB)          :   20443       20480     20480 
...
