000 (112070733.037.000) 05/02 11:03:23 Job submitted from host: <128.104.100.44:9618?addrs=128.104.100.44-9618+[2607-f388-107c-501-90e2-baff-fe2c-2724]-9618&noUDP&sock=4699_0235_3>
...
001 (112070733.037.000) 05/03 03:31:39 Job executing on host: <128.105.245.214:9618?addrs=128.105.245.214-9618&noUDP&sock=5455_4137_3>
...
006 (112070733.037.000) 05/03 03:31:47 Image size of job updated: 632
	1  -  MemoryUsage of job (MB)
	632  -  ResidentSetSize of job (KB)
...
006 (112070733.037.000) 05/03 03:36:48 Image size of job updated: 660
	1  -  MemoryUsage of job (MB)
	660  -  ResidentSetSize of job (KB)
...
006 (112070733.037.000) 05/03 03:41:49 Image size of job updated: 503496
	416  -  MemoryUsage of job (MB)
	425500  -  ResidentSetSize of job (KB)
...
006 (112070733.037.000) 05/03 03:46:49 Image size of job updated: 911720
	815  -  MemoryUsage of job (MB)
	833668  -  ResidentSetSize of job (KB)
...
006 (112070733.037.000) 05/03 03:51:50 Image size of job updated: 1408940
	1300  -  MemoryUsage of job (MB)
	1330888  -  ResidentSetSize of job (KB)
...
006 (112070733.037.000) 05/03 03:56:51 Image size of job updated: 2001232
	1879  -  MemoryUsage of job (MB)
	1923180  -  ResidentSetSize of job (KB)
...
006 (112070733.037.000) 05/03 04:01:51 Image size of job updated: 2766492
	2626  -  MemoryUsage of job (MB)
	2688440  -  ResidentSetSize of job (KB)
...
006 (112070733.037.000) 05/03 04:06:52 Image size of job updated: 3696440
	3534  -  MemoryUsage of job (MB)
	3618388  -  ResidentSetSize of job (KB)
...
006 (112070733.037.000) 05/03 04:11:52 Image size of job updated: 4616000
	4432  -  MemoryUsage of job (MB)
	4537948  -  ResidentSetSize of job (KB)
...
006 (112070733.037.000) 05/03 04:16:52 Image size of job updated: 5551548
	5346  -  MemoryUsage of job (MB)
	5473496  -  ResidentSetSize of job (KB)
...
006 (112070733.037.000) 05/03 04:21:52 Image size of job updated: 6392212
	6167  -  MemoryUsage of job (MB)
	6314160  -  ResidentSetSize of job (KB)
...
006 (112070733.037.000) 05/03 04:26:53 Image size of job updated: 7194508
	6950  -  MemoryUsage of job (MB)
	7116456  -  ResidentSetSize of job (KB)
...
006 (112070733.037.000) 05/03 04:31:54 Image size of job updated: 7933284
	7672  -  MemoryUsage of job (MB)
	7855232  -  ResidentSetSize of job (KB)
...
006 (112070733.037.000) 05/03 04:36:55 Image size of job updated: 8712756
	8433  -  MemoryUsage of job (MB)
	8634704  -  ResidentSetSize of job (KB)
...
006 (112070733.037.000) 05/03 04:41:56 Image size of job updated: 9444964
	9148  -  MemoryUsage of job (MB)
	9366912  -  ResidentSetSize of job (KB)
...
006 (112070733.037.000) 05/03 04:46:56 Image size of job updated: 10158972
	9845  -  MemoryUsage of job (MB)
	10080920  -  ResidentSetSize of job (KB)
...
006 (112070733.037.000) 05/03 04:51:56 Image size of job updated: 10882908
	10552  -  MemoryUsage of job (MB)
	10804856  -  ResidentSetSize of job (KB)
...
006 (112070733.037.000) 05/03 04:56:56 Image size of job updated: 11527852
	11182  -  MemoryUsage of job (MB)
	11449800  -  ResidentSetSize of job (KB)
...
006 (112070733.037.000) 05/03 05:01:57 Image size of job updated: 12292872
	11929  -  MemoryUsage of job (MB)
	12214820  -  ResidentSetSize of job (KB)
...
006 (112070733.037.000) 05/03 05:06:58 Image size of job updated: 12815280
	12439  -  MemoryUsage of job (MB)
	12737228  -  ResidentSetSize of job (KB)
...
006 (112070733.037.000) 05/03 05:11:59 Image size of job updated: 13431384
	13041  -  MemoryUsage of job (MB)
	13353332  -  ResidentSetSize of job (KB)
...
006 (112070733.037.000) 05/03 05:16:59 Image size of job updated: 14067028
	13662  -  MemoryUsage of job (MB)
	13988976  -  ResidentSetSize of job (KB)
...
006 (112070733.037.000) 05/03 05:22:00 Image size of job updated: 14776376
	14354  -  MemoryUsage of job (MB)
	14698324  -  ResidentSetSize of job (KB)
...
006 (112070733.037.000) 05/03 05:27:00 Image size of job updated: 15437720
	15000  -  MemoryUsage of job (MB)
	15359668  -  ResidentSetSize of job (KB)
...
006 (112070733.037.000) 05/03 05:32:02 Image size of job updated: 16132260
	15678  -  MemoryUsage of job (MB)
	16054208  -  ResidentSetSize of job (KB)
...
006 (112070733.037.000) 05/03 05:37:02 Image size of job updated: 16789668
	16320  -  MemoryUsage of job (MB)
	16711304  -  ResidentSetSize of job (KB)
...
006 (112070733.037.000) 05/03 05:42:02 Image size of job updated: 17436244
	16950  -  MemoryUsage of job (MB)
	17356100  -  ResidentSetSize of job (KB)
...
006 (112070733.037.000) 05/03 05:47:03 Image size of job updated: 18163556
	17658  -  MemoryUsage of job (MB)
	18081020  -  ResidentSetSize of job (KB)
...
006 (112070733.037.000) 05/03 05:52:05 Image size of job updated: 18798708
	18268  -  MemoryUsage of job (MB)
	18705876  -  ResidentSetSize of job (KB)
...
006 (112070733.037.000) 05/03 05:57:05 Image size of job updated: 19433580
	18875  -  MemoryUsage of job (MB)
	19327984  -  ResidentSetSize of job (KB)
...
006 (112070733.037.000) 05/03 06:02:08 Image size of job updated: 20073628
	19491  -  MemoryUsage of job (MB)
	19958032  -  ResidentSetSize of job (KB)
...
006 (112070733.037.000) 05/03 06:07:06 Image size of job updated: 20575984
	19955  -  MemoryUsage of job (MB)
	20433392  -  ResidentSetSize of job (KB)
...
006 (112070733.037.000) 05/03 06:12:06 Image size of job updated: 21124524
	20432  -  MemoryUsage of job (MB)
	20921736  -  ResidentSetSize of job (KB)
...
006 (112070733.037.000) 05/03 06:17:07 Image size of job updated: 21573676
	20432  -  MemoryUsage of job (MB)
	20921736  -  ResidentSetSize of job (KB)
...
006 (112070733.037.000) 05/03 06:22:08 Image size of job updated: 22200804
	20435  -  MemoryUsage of job (MB)
	20924512  -  ResidentSetSize of job (KB)
...
006 (112070733.037.000) 05/03 06:27:09 Image size of job updated: 22634300
	20439  -  MemoryUsage of job (MB)
	20928792  -  ResidentSetSize of job (KB)
...
006 (112070733.037.000) 05/03 06:32:09 Image size of job updated: 22934712
	20439  -  MemoryUsage of job (MB)
	20928792  -  ResidentSetSize of job (KB)
...
006 (112070733.037.000) 05/03 06:35:45 Image size of job updated: 23076352
	20439  -  MemoryUsage of job (MB)
	20928792  -  ResidentSetSize of job (KB)
...
005 (112070733.037.000) 05/03 06:35:48 Job terminated.
	(1) Normal termination (return value 0)
		Usr 0 02:29:31, Sys 0 00:05:30  -  Run Remote Usage
		Usr 0 00:00:00, Sys 0 00:00:00  -  Run Local Usage
		Usr 0 02:29:31, Sys 0 00:05:30  -  Total Remote Usage
		Usr 0 00:00:00, Sys 0 00:00:00  -  Total Local Usage
	23054676  -  Run Bytes Sent By Job
	1780306432  -  Run Bytes Received By Job
	23054676  -  Total Bytes Sent By Job
	1780306432  -  Total Bytes Received By Job
	Partitionable Resources :      Usage  Request Allocated 
	   Cpus                 :       0.22        1         1 
	   Disk (KB)            : 6852266    20971520  21290936 
	   Ioheavy              :                             0 
	   Memory (MB)          :   20439       20480     20480 
...
