000 (112045348.164.000) 05/01 17:44:19 Job submitted from host: <128.104.100.44:9618?addrs=128.104.100.44-9618+[2607-f388-107c-501-90e2-baff-fe2c-2724]-9618&noUDP&sock=4699_0235_3>
...
001 (112045348.164.000) 05/01 22:25:38 Job executing on host: <128.105.245.196:9618?addrs=128.105.245.196-9618&noUDP&sock=5432_7a89_29>
...
006 (112045348.164.000) 05/01 22:25:47 Image size of job updated: 624
	1  -  MemoryUsage of job (MB)
	624  -  ResidentSetSize of job (KB)
...
006 (112045348.164.000) 05/01 22:30:49 Image size of job updated: 652
	1  -  MemoryUsage of job (MB)
	652  -  ResidentSetSize of job (KB)
...
006 (112045348.164.000) 05/01 22:35:49 Image size of job updated: 183276
	106  -  MemoryUsage of job (MB)
	108496  -  ResidentSetSize of job (KB)
...
006 (112045348.164.000) 05/01 22:40:49 Image size of job updated: 547268
	459  -  MemoryUsage of job (MB)
	469268  -  ResidentSetSize of job (KB)
...
006 (112045348.164.000) 05/01 22:45:50 Image size of job updated: 895392
	799  -  MemoryUsage of job (MB)
	817336  -  ResidentSetSize of job (KB)
...
006 (112045348.164.000) 05/01 22:50:51 Image size of job updated: 1378224
	1270  -  MemoryUsage of job (MB)
	1300168  -  ResidentSetSize of job (KB)
...
006 (112045348.164.000) 05/01 22:55:51 Image size of job updated: 1984484
	1862  -  MemoryUsage of job (MB)
	1906428  -  ResidentSetSize of job (KB)
...
006 (112045348.164.000) 05/01 23:00:51 Image size of job updated: 2671380
	2533  -  MemoryUsage of job (MB)
	2593324  -  ResidentSetSize of job (KB)
...
006 (112045348.164.000) 05/01 23:05:52 Image size of job updated: 3495020
	3337  -  MemoryUsage of job (MB)
	3416964  -  ResidentSetSize of job (KB)
...
006 (112045348.164.000) 05/01 23:10:53 Image size of job updated: 4378580
	4200  -  MemoryUsage of job (MB)
	4300524  -  ResidentSetSize of job (KB)
...
006 (112045348.164.000) 05/01 23:15:54 Image size of job updated: 5248192
	5049  -  MemoryUsage of job (MB)
	5170136  -  ResidentSetSize of job (KB)
...
006 (112045348.164.000) 05/01 23:20:54 Image size of job updated: 6104188
	5885  -  MemoryUsage of job (MB)
	6026132  -  ResidentSetSize of job (KB)
...
006 (112045348.164.000) 05/01 23:25:55 Image size of job updated: 6912036
	6674  -  MemoryUsage of job (MB)
	6833980  -  ResidentSetSize of job (KB)
...
006 (112045348.164.000) 05/01 23:30:56 Image size of job updated: 7722696
	7466  -  MemoryUsage of job (MB)
	7644640  -  ResidentSetSize of job (KB)
...
006 (112045348.164.000) 05/01 23:35:56 Image size of job updated: 8496220
	8221  -  MemoryUsage of job (MB)
	8418164  -  ResidentSetSize of job (KB)
...
006 (112045348.164.000) 05/01 23:40:56 Image size of job updated: 9245580
	8953  -  MemoryUsage of job (MB)
	9167524  -  ResidentSetSize of job (KB)
...
006 (112045348.164.000) 05/01 23:45:57 Image size of job updated: 9984076
	9674  -  MemoryUsage of job (MB)
	9906020  -  ResidentSetSize of job (KB)
...
006 (112045348.164.000) 05/01 23:50:58 Image size of job updated: 10691536
	10365  -  MemoryUsage of job (MB)
	10613480  -  ResidentSetSize of job (KB)
...
006 (112045348.164.000) 05/01 23:55:58 Image size of job updated: 11427784
	11084  -  MemoryUsage of job (MB)
	11349728  -  ResidentSetSize of job (KB)
...
006 (112045348.164.000) 05/02 00:00:58 Image size of job updated: 12154064
	11793  -  MemoryUsage of job (MB)
	12076008  -  ResidentSetSize of job (KB)
...
006 (112045348.164.000) 05/02 00:05:59 Image size of job updated: 12677784
	12305  -  MemoryUsage of job (MB)
	12599728  -  ResidentSetSize of job (KB)
...
006 (112045348.164.000) 05/02 00:11:00 Image size of job updated: 13411496
	13021  -  MemoryUsage of job (MB)
	13333440  -  ResidentSetSize of job (KB)
...
006 (112045348.164.000) 05/02 00:16:01 Image size of job updated: 14051648
	13647  -  MemoryUsage of job (MB)
	13973592  -  ResidentSetSize of job (KB)
...
006 (112045348.164.000) 05/02 00:21:01 Image size of job updated: 14792428
	14370  -  MemoryUsage of job (MB)
	14714372  -  ResidentSetSize of job (KB)
...
006 (112045348.164.000) 05/02 00:26:02 Image size of job updated: 15439600
	15000  -  MemoryUsage of job (MB)
	15359752  -  ResidentSetSize of job (KB)
...
006 (112045348.164.000) 05/02 00:31:02 Image size of job updated: 16088504
	15630  -  MemoryUsage of job (MB)
	16004364  -  ResidentSetSize of job (KB)
...
006 (112045348.164.000) 05/02 00:36:02 Image size of job updated: 16743864
	16263  -  MemoryUsage of job (MB)
	16652940  -  ResidentSetSize of job (KB)
...
006 (112045348.164.000) 05/02 00:41:03 Image size of job updated: 17411956
	16908  -  MemoryUsage of job (MB)
	17312816  -  ResidentSetSize of job (KB)
...
006 (112045348.164.000) 05/02 00:46:04 Image size of job updated: 18224776
	17698  -  MemoryUsage of job (MB)
	18122440  -  ResidentSetSize of job (KB)
...
006 (112045348.164.000) 05/02 00:51:05 Image size of job updated: 18919540
	18374  -  MemoryUsage of job (MB)
	18814732  -  ResidentSetSize of job (KB)
...
006 (112045348.164.000) 05/02 00:56:05 Image size of job updated: 19743728
	19150  -  MemoryUsage of job (MB)
	19609504  -  ResidentSetSize of job (KB)
...
006 (112045348.164.000) 05/02 01:01:05 Image size of job updated: 20401592
	19731  -  MemoryUsage of job (MB)
	20204388  -  ResidentSetSize of job (KB)
...
006 (112045348.164.000) 05/02 01:06:06 Image size of job updated: 20863208
	20105  -  MemoryUsage of job (MB)
	20587164  -  ResidentSetSize of job (KB)
...
006 (112045348.164.000) 05/02 01:11:07 Image size of job updated: 21499080
	20437  -  MemoryUsage of job (MB)
	20927400  -  ResidentSetSize of job (KB)
...
006 (112045348.164.000) 05/02 01:16:07 Image size of job updated: 21916724
	20437  -  MemoryUsage of job (MB)
	20927460  -  ResidentSetSize of job (KB)
...
006 (112045348.164.000) 05/02 01:21:09 Image size of job updated: 22480876
	20456  -  MemoryUsage of job (MB)
	20946264  -  ResidentSetSize of job (KB)
...
006 (112045348.164.000) 05/02 01:26:09 Image size of job updated: 22874716
	20456  -  MemoryUsage of job (MB)
	20946264  -  ResidentSetSize of job (KB)
...
005 (112045348.164.000) 05/02 01:27:56 Job terminated.
	(1) Normal termination (return value 0)
		Usr 0 02:35:31, Sys 0 00:02:30  -  Run Remote Usage
		Usr 0 00:00:00, Sys 0 00:00:00  -  Run Local Usage
		Usr 0 02:35:31, Sys 0 00:02:30  -  Total Remote Usage
		Usr 0 00:00:00, Sys 0 00:00:00  -  Total Local Usage
	23088576  -  Run Bytes Sent By Job
	1780294912  -  Run Bytes Received By Job
	23088576  -  Total Bytes Sent By Job
	1780294912  -  Total Bytes Received By Job
	Partitionable Resources :      Usage  Request Allocated 
	   Cpus                 :       0.94        1         1 
	   Disk (KB)            : 6852275    20971520  21134228 
	   Ioheavy              :                             0 
	   Memory (MB)          :   20456       20480     20480 
...
