000 (112070733.149.000) 05/02 11:03:23 Job submitted from host: <128.104.100.44:9618?addrs=128.104.100.44-9618+[2607-f388-107c-501-90e2-baff-fe2c-2724]-9618&noUDP&sock=4699_0235_3>
...
001 (112070733.149.000) 05/03 06:24:18 Job executing on host: <128.105.245.154:9618?addrs=128.105.245.154-9618&noUDP&sock=5448_740d_29>
...
006 (112070733.149.000) 05/03 06:24:27 Image size of job updated: 632
	1  -  MemoryUsage of job (MB)
	632  -  ResidentSetSize of job (KB)
...
006 (112070733.149.000) 05/03 06:29:29 Image size of job updated: 672
	1  -  MemoryUsage of job (MB)
	672  -  ResidentSetSize of job (KB)
...
006 (112070733.149.000) 05/03 06:34:30 Image size of job updated: 585524
	496  -  MemoryUsage of job (MB)
	507528  -  ResidentSetSize of job (KB)
...
006 (112070733.149.000) 05/03 06:39:30 Image size of job updated: 986500
	888  -  MemoryUsage of job (MB)
	908448  -  ResidentSetSize of job (KB)
...
006 (112070733.149.000) 05/03 06:44:31 Image size of job updated: 1308688
	1202  -  MemoryUsage of job (MB)
	1230636  -  ResidentSetSize of job (KB)
...
006 (112070733.149.000) 05/03 06:49:31 Image size of job updated: 1928092
	1807  -  MemoryUsage of job (MB)
	1850040  -  ResidentSetSize of job (KB)
...
006 (112070733.149.000) 05/03 06:54:32 Image size of job updated: 2663196
	2525  -  MemoryUsage of job (MB)
	2585144  -  ResidentSetSize of job (KB)
...
006 (112070733.149.000) 05/03 06:59:32 Image size of job updated: 3495360
	3338  -  MemoryUsage of job (MB)
	3417308  -  ResidentSetSize of job (KB)
...
006 (112070733.149.000) 05/03 07:04:33 Image size of job updated: 4430848
	4251  -  MemoryUsage of job (MB)
	4352796  -  ResidentSetSize of job (KB)
...
006 (112070733.149.000) 05/03 07:09:33 Image size of job updated: 5235208
	5037  -  MemoryUsage of job (MB)
	5157156  -  ResidentSetSize of job (KB)
...
006 (112070733.149.000) 05/03 07:14:33 Image size of job updated: 6084476
	5866  -  MemoryUsage of job (MB)
	6006424  -  ResidentSetSize of job (KB)
...
006 (112070733.149.000) 05/03 07:19:34 Image size of job updated: 6885680
	6649  -  MemoryUsage of job (MB)
	6807628  -  ResidentSetSize of job (KB)
...
006 (112070733.149.000) 05/03 07:24:35 Image size of job updated: 7573804
	7321  -  MemoryUsage of job (MB)
	7495752  -  ResidentSetSize of job (KB)
...
006 (112070733.149.000) 05/03 07:29:36 Image size of job updated: 8345608
	8074  -  MemoryUsage of job (MB)
	8267556  -  ResidentSetSize of job (KB)
...
006 (112070733.149.000) 05/03 07:34:36 Image size of job updated: 9049436
	8762  -  MemoryUsage of job (MB)
	8971384  -  ResidentSetSize of job (KB)
...
006 (112070733.149.000) 05/03 07:39:36 Image size of job updated: 9660652
	9358  -  MemoryUsage of job (MB)
	9582344  -  ResidentSetSize of job (KB)
...
006 (112070733.149.000) 05/03 07:44:38 Image size of job updated: 10330828
	10012  -  MemoryUsage of job (MB)
	10252028  -  ResidentSetSize of job (KB)
...
006 (112070733.149.000) 05/03 07:49:40 Image size of job updated: 10923344
	10590  -  MemoryUsage of job (MB)
	10843464  -  ResidentSetSize of job (KB)
...
006 (112070733.149.000) 05/03 07:54:39 Image size of job updated: 11518488
	11169  -  MemoryUsage of job (MB)
	11436380  -  ResidentSetSize of job (KB)
...
006 (112070733.149.000) 05/03 07:59:40 Image size of job updated: 12190192
	11819  -  MemoryUsage of job (MB)
	12101852  -  ResidentSetSize of job (KB)
...
006 (112070733.149.000) 05/03 08:04:41 Image size of job updated: 12818312
	12429  -  MemoryUsage of job (MB)
	12726956  -  ResidentSetSize of job (KB)
...
006 (112070733.149.000) 05/03 08:09:41 Image size of job updated: 13542948
	13137  -  MemoryUsage of job (MB)
	13451592  -  ResidentSetSize of job (KB)
...
006 (112070733.149.000) 05/03 08:14:41 Image size of job updated: 14247248
	13825  -  MemoryUsage of job (MB)
	14155892  -  ResidentSetSize of job (KB)
...
006 (112070733.149.000) 05/03 08:19:42 Image size of job updated: 14873608
	14436  -  MemoryUsage of job (MB)
	14782252  -  ResidentSetSize of job (KB)
...
006 (112070733.149.000) 05/03 08:24:42 Image size of job updated: 15578740
	15125  -  MemoryUsage of job (MB)
	15487384  -  ResidentSetSize of job (KB)
...
006 (112070733.149.000) 05/03 08:29:43 Image size of job updated: 16314472
	15842  -  MemoryUsage of job (MB)
	16221324  -  ResidentSetSize of job (KB)
...
006 (112070733.149.000) 05/03 08:34:43 Image size of job updated: 17026940
	16536  -  MemoryUsage of job (MB)
	16931912  -  ResidentSetSize of job (KB)
...
006 (112070733.149.000) 05/03 08:39:45 Image size of job updated: 17652884
	17146  -  MemoryUsage of job (MB)
	17556928  -  ResidentSetSize of job (KB)
...
006 (112070733.149.000) 05/03 08:44:45 Image size of job updated: 18328876
	17803  -  MemoryUsage of job (MB)
	18229528  -  ResidentSetSize of job (KB)
...
006 (112070733.149.000) 05/03 08:49:46 Image size of job updated: 19115888
	18564  -  MemoryUsage of job (MB)
	19008768  -  ResidentSetSize of job (KB)
...
006 (112070733.149.000) 05/03 08:54:47 Image size of job updated: 19771644
	19198  -  MemoryUsage of job (MB)
	19657840  -  ResidentSetSize of job (KB)
...
006 (112070733.149.000) 05/03 08:59:47 Image size of job updated: 20458832
	19814  -  MemoryUsage of job (MB)
	20289196  -  ResidentSetSize of job (KB)
...
006 (112070733.149.000) 05/03 09:04:47 Image size of job updated: 21174300
	20378  -  MemoryUsage of job (MB)
	20866892  -  ResidentSetSize of job (KB)
...
006 (112070733.149.000) 05/03 09:09:48 Image size of job updated: 21724520
	20457  -  MemoryUsage of job (MB)
	20947352  -  ResidentSetSize of job (KB)
...
006 (112070733.149.000) 05/03 09:14:48 Image size of job updated: 22170344
	20457  -  MemoryUsage of job (MB)
	20947352  -  ResidentSetSize of job (KB)
...
006 (112070733.149.000) 05/03 09:19:50 Image size of job updated: 22844652
	20457  -  MemoryUsage of job (MB)
	20947352  -  ResidentSetSize of job (KB)
...
005 (112070733.149.000) 05/03 09:22:29 Job terminated.
	(1) Normal termination (return value 0)
		Usr 0 02:37:58, Sys 0 00:07:35  -  Run Remote Usage
		Usr 0 00:00:00, Sys 0 00:00:00  -  Run Local Usage
		Usr 0 02:37:58, Sys 0 00:07:35  -  Total Remote Usage
		Usr 0 00:00:00, Sys 0 00:00:00  -  Total Local Usage
	23039132  -  Run Bytes Sent By Job
	1780306432  -  Run Bytes Received By Job
	23039132  -  Total Bytes Sent By Job
	1780306432  -  Total Bytes Received By Job
	Partitionable Resources :      Usage  Request Allocated 
	   Cpus                 :       1.00        1         1 
	   Disk (KB)            : 6852251    20971520  21209728 
	   Ioheavy              :                             0 
	   Memory (MB)          :   20457       20480     20480 
...
