000 (112045348.037.000) 05/01 17:44:19 Job submitted from host: <128.104.100.44:9618?addrs=128.104.100.44-9618+[2607-f388-107c-501-90e2-baff-fe2c-2724]-9618&noUDP&sock=4699_0235_3>
...
001 (112045348.037.000) 05/01 20:22:24 Job executing on host: <128.105.245.160:9618?addrs=128.105.245.160-9618&noUDP&sock=5483_75de_3>
...
006 (112045348.037.000) 05/01 20:22:32 Image size of job updated: 628
	1  -  MemoryUsage of job (MB)
	628  -  ResidentSetSize of job (KB)
...
006 (112045348.037.000) 05/01 20:27:33 Image size of job updated: 656
	1  -  MemoryUsage of job (MB)
	656  -  ResidentSetSize of job (KB)
...
006 (112045348.037.000) 05/01 20:32:34 Image size of job updated: 442564
	357  -  MemoryUsage of job (MB)
	364568  -  ResidentSetSize of job (KB)
...
006 (112045348.037.000) 05/01 20:37:35 Image size of job updated: 826228
	731  -  MemoryUsage of job (MB)
	748176  -  ResidentSetSize of job (KB)
...
006 (112045348.037.000) 05/01 20:42:36 Image size of job updated: 1255244
	1150  -  MemoryUsage of job (MB)
	1177192  -  ResidentSetSize of job (KB)
...
006 (112045348.037.000) 05/01 20:47:36 Image size of job updated: 1816308
	1698  -  MemoryUsage of job (MB)
	1738256  -  ResidentSetSize of job (KB)
...
006 (112045348.037.000) 05/01 20:52:37 Image size of job updated: 2527068
	2392  -  MemoryUsage of job (MB)
	2449016  -  ResidentSetSize of job (KB)
...
006 (112045348.037.000) 05/01 20:57:37 Image size of job updated: 3356528
	3202  -  MemoryUsage of job (MB)
	3278476  -  ResidentSetSize of job (KB)
...
006 (112045348.037.000) 05/01 21:02:37 Image size of job updated: 4196464
	4022  -  MemoryUsage of job (MB)
	4118412  -  ResidentSetSize of job (KB)
...
006 (112045348.037.000) 05/01 21:07:38 Image size of job updated: 5004796
	4812  -  MemoryUsage of job (MB)
	4926744  -  ResidentSetSize of job (KB)
...
006 (112045348.037.000) 05/01 21:12:38 Image size of job updated: 5812276
	5600  -  MemoryUsage of job (MB)
	5734224  -  ResidentSetSize of job (KB)
...
006 (112045348.037.000) 05/01 21:17:38 Image size of job updated: 6548844
	6320  -  MemoryUsage of job (MB)
	6470792  -  ResidentSetSize of job (KB)
...
006 (112045348.037.000) 05/01 21:22:40 Image size of job updated: 7334372
	7087  -  MemoryUsage of job (MB)
	7256320  -  ResidentSetSize of job (KB)
...
006 (112045348.037.000) 05/01 21:27:40 Image size of job updated: 8153592
	7887  -  MemoryUsage of job (MB)
	8075540  -  ResidentSetSize of job (KB)
...
006 (112045348.037.000) 05/01 21:32:41 Image size of job updated: 8866024
	8583  -  MemoryUsage of job (MB)
	8787972  -  ResidentSetSize of job (KB)
...
006 (112045348.037.000) 05/01 21:37:42 Image size of job updated: 9576284
	9276  -  MemoryUsage of job (MB)
	9498232  -  ResidentSetSize of job (KB)
...
006 (112045348.037.000) 05/01 21:42:42 Image size of job updated: 10180620
	9866  -  MemoryUsage of job (MB)
	10102568  -  ResidentSetSize of job (KB)
...
006 (112045348.037.000) 05/01 21:47:42 Image size of job updated: 10768732
	10441  -  MemoryUsage of job (MB)
	10690680  -  ResidentSetSize of job (KB)
...
006 (112045348.037.000) 05/01 21:52:43 Image size of job updated: 11439768
	11096  -  MemoryUsage of job (MB)
	11361716  -  ResidentSetSize of job (KB)
...
006 (112045348.037.000) 05/01 21:57:44 Image size of job updated: 12122068
	11762  -  MemoryUsage of job (MB)
	12044016  -  ResidentSetSize of job (KB)
...
006 (112045348.037.000) 05/01 22:02:44 Image size of job updated: 12734232
	12360  -  MemoryUsage of job (MB)
	12656180  -  ResidentSetSize of job (KB)
...
006 (112045348.037.000) 05/01 22:07:44 Image size of job updated: 13407872
	13018  -  MemoryUsage of job (MB)
	13329820  -  ResidentSetSize of job (KB)
...
006 (112045348.037.000) 05/01 22:12:45 Image size of job updated: 14032156
	13628  -  MemoryUsage of job (MB)
	13954104  -  ResidentSetSize of job (KB)
...
006 (112045348.037.000) 05/01 22:17:45 Image size of job updated: 14777268
	14355  -  MemoryUsage of job (MB)
	14699216  -  ResidentSetSize of job (KB)
...
006 (112045348.037.000) 05/01 22:22:45 Image size of job updated: 15420972
	14984  -  MemoryUsage of job (MB)
	15342920  -  ResidentSetSize of job (KB)
...
006 (112045348.037.000) 05/01 22:27:46 Image size of job updated: 16091164
	15638  -  MemoryUsage of job (MB)
	16012864  -  ResidentSetSize of job (KB)
...
006 (112045348.037.000) 05/01 22:32:47 Image size of job updated: 16754276
	16285  -  MemoryUsage of job (MB)
	16675260  -  ResidentSetSize of job (KB)
...
006 (112045348.037.000) 05/01 22:37:47 Image size of job updated: 17405332
	16920  -  MemoryUsage of job (MB)
	17325828  -  ResidentSetSize of job (KB)
...
006 (112045348.037.000) 05/01 22:42:49 Image size of job updated: 18155436
	17650  -  MemoryUsage of job (MB)
	18072952  -  ResidentSetSize of job (KB)
...
006 (112045348.037.000) 05/01 22:47:49 Image size of job updated: 18864804
	18339  -  MemoryUsage of job (MB)
	18778244  -  ResidentSetSize of job (KB)
...
006 (112045348.037.000) 05/01 22:52:51 Image size of job updated: 19562408
	19016  -  MemoryUsage of job (MB)
	19471812  -  ResidentSetSize of job (KB)
...
006 (112045348.037.000) 05/01 22:57:51 Image size of job updated: 20280808
	19668  -  MemoryUsage of job (MB)
	20139984  -  ResidentSetSize of job (KB)
...
006 (112045348.037.000) 05/01 23:02:53 Image size of job updated: 20961400
	20253  -  MemoryUsage of job (MB)
	20738668  -  ResidentSetSize of job (KB)
...
006 (112045348.037.000) 05/01 23:07:53 Image size of job updated: 21528632
	20432  -  MemoryUsage of job (MB)
	20922256  -  ResidentSetSize of job (KB)
...
006 (112045348.037.000) 05/01 23:12:54 Image size of job updated: 22139504
	20446  -  MemoryUsage of job (MB)
	20935736  -  ResidentSetSize of job (KB)
...
006 (112045348.037.000) 05/01 23:17:54 Image size of job updated: 22794120
	20464  -  MemoryUsage of job (MB)
	20955100  -  ResidentSetSize of job (KB)
...
006 (112045348.037.000) 05/01 23:20:45 Image size of job updated: 23082732
	20464  -  MemoryUsage of job (MB)
	20955100  -  ResidentSetSize of job (KB)
...
005 (112045348.037.000) 05/01 23:20:48 Job terminated.
	(1) Normal termination (return value 0)
		Usr 0 02:40:59, Sys 0 00:02:43  -  Run Remote Usage
		Usr 0 00:00:00, Sys 0 00:00:00  -  Run Local Usage
		Usr 0 02:40:59, Sys 0 00:02:43  -  Total Remote Usage
		Usr 0 00:00:00, Sys 0 00:00:00  -  Total Local Usage
	23140240  -  Run Bytes Sent By Job
	1780294912  -  Run Bytes Received By Job
	23140240  -  Total Bytes Sent By Job
	1780294912  -  Total Bytes Received By Job
	Partitionable Resources :      Usage  Request Allocated 
	   Cpus                 :       0.02        1         1 
	   Disk (KB)            : 6852327    20971520  21218650 
	   Ioheavy              :                             0 
	   Memory (MB)          :   20464       20480     20480 
...
