000 (112070733.190.000) 05/02 11:03:23 Job submitted from host: <128.104.100.44:9618?addrs=128.104.100.44-9618+[2607-f388-107c-501-90e2-baff-fe2c-2724]-9618&noUDP&sock=4699_0235_3>
...
001 (112070733.190.000) 05/03 06:39:39 Job executing on host: <128.105.245.167:9618?addrs=128.105.245.167-9618&noUDP&sock=5445_6544_7>
...
006 (112070733.190.000) 05/03 06:39:47 Image size of job updated: 616
	1  -  MemoryUsage of job (MB)
	616  -  ResidentSetSize of job (KB)
...
006 (112070733.190.000) 05/03 06:44:48 Image size of job updated: 648
	1  -  MemoryUsage of job (MB)
	648  -  ResidentSetSize of job (KB)
...
006 (112070733.190.000) 05/03 06:49:49 Image size of job updated: 664
	1  -  MemoryUsage of job (MB)
	664  -  ResidentSetSize of job (KB)
...
006 (112070733.190.000) 05/03 06:54:49 Image size of job updated: 549520
	461  -  MemoryUsage of job (MB)
	471520  -  ResidentSetSize of job (KB)
...
006 (112070733.190.000) 05/03 06:59:50 Image size of job updated: 974052
	875  -  MemoryUsage of job (MB)
	895996  -  ResidentSetSize of job (KB)
...
006 (112070733.190.000) 05/03 07:04:50 Image size of job updated: 1455328
	1345  -  MemoryUsage of job (MB)
	1377272  -  ResidentSetSize of job (KB)
...
006 (112070733.190.000) 05/03 07:09:51 Image size of job updated: 2091960
	1967  -  MemoryUsage of job (MB)
	2013904  -  ResidentSetSize of job (KB)
...
006 (112070733.190.000) 05/03 07:14:51 Image size of job updated: 2791904
	2651  -  MemoryUsage of job (MB)
	2713848  -  ResidentSetSize of job (KB)
...
006 (112070733.190.000) 05/03 07:19:51 Image size of job updated: 3587272
	3427  -  MemoryUsage of job (MB)
	3509216  -  ResidentSetSize of job (KB)
...
006 (112070733.190.000) 05/03 07:24:52 Image size of job updated: 4422880
	4243  -  MemoryUsage of job (MB)
	4344824  -  ResidentSetSize of job (KB)
...
006 (112070733.190.000) 05/03 07:29:53 Image size of job updated: 5297228
	5097  -  MemoryUsage of job (MB)
	5219172  -  ResidentSetSize of job (KB)
...
006 (112070733.190.000) 05/03 07:34:53 Image size of job updated: 6228368
	6007  -  MemoryUsage of job (MB)
	6150312  -  ResidentSetSize of job (KB)
...
006 (112070733.190.000) 05/03 07:39:53 Image size of job updated: 7026072
	6786  -  MemoryUsage of job (MB)
	6948016  -  ResidentSetSize of job (KB)
...
006 (112070733.190.000) 05/03 07:44:53 Image size of job updated: 7866692
	7607  -  MemoryUsage of job (MB)
	7788636  -  ResidentSetSize of job (KB)
...
006 (112070733.190.000) 05/03 07:49:53 Image size of job updated: 8651764
	8373  -  MemoryUsage of job (MB)
	8573708  -  ResidentSetSize of job (KB)
...
006 (112070733.190.000) 05/03 07:54:53 Image size of job updated: 9392108
	9096  -  MemoryUsage of job (MB)
	9314052  -  ResidentSetSize of job (KB)
...
006 (112070733.190.000) 05/03 07:59:54 Image size of job updated: 10000972
	9691  -  MemoryUsage of job (MB)
	9922916  -  ResidentSetSize of job (KB)
...
006 (112070733.190.000) 05/03 08:04:54 Image size of job updated: 10668712
	10343  -  MemoryUsage of job (MB)
	10590656  -  ResidentSetSize of job (KB)
...
006 (112070733.190.000) 05/03 08:09:54 Image size of job updated: 11357432
	11016  -  MemoryUsage of job (MB)
	11279376  -  ResidentSetSize of job (KB)
...
006 (112070733.190.000) 05/03 08:14:54 Image size of job updated: 12104700
	11745  -  MemoryUsage of job (MB)
	12026644  -  ResidentSetSize of job (KB)
...
006 (112070733.190.000) 05/03 08:19:55 Image size of job updated: 12780784
	12406  -  MemoryUsage of job (MB)
	12702728  -  ResidentSetSize of job (KB)
...
006 (112070733.190.000) 05/03 08:24:57 Image size of job updated: 13447964
	13057  -  MemoryUsage of job (MB)
	13369908  -  ResidentSetSize of job (KB)
...
006 (112070733.190.000) 05/03 08:29:56 Image size of job updated: 14004904
	13601  -  MemoryUsage of job (MB)
	13926848  -  ResidentSetSize of job (KB)
...
006 (112070733.190.000) 05/03 08:34:57 Image size of job updated: 14729140
	14308  -  MemoryUsage of job (MB)
	14651084  -  ResidentSetSize of job (KB)
...
006 (112070733.190.000) 05/03 08:39:58 Image size of job updated: 15319436
	14885  -  MemoryUsage of job (MB)
	15241380  -  ResidentSetSize of job (KB)
...
006 (112070733.190.000) 05/03 08:44:58 Image size of job updated: 16032684
	15581  -  MemoryUsage of job (MB)
	15954628  -  ResidentSetSize of job (KB)
...
006 (112070733.190.000) 05/03 08:49:58 Image size of job updated: 16727416
	16260  -  MemoryUsage of job (MB)
	16649360  -  ResidentSetSize of job (KB)
...
006 (112070733.190.000) 05/03 08:54:58 Image size of job updated: 17387108
	16903  -  MemoryUsage of job (MB)
	17308668  -  ResidentSetSize of job (KB)
...
006 (112070733.190.000) 05/03 08:59:58 Image size of job updated: 18164624
	17655  -  MemoryUsage of job (MB)
	18078372  -  ResidentSetSize of job (KB)
...
006 (112070733.190.000) 05/03 09:05:00 Image size of job updated: 18867700
	18331  -  MemoryUsage of job (MB)
	18770420  -  ResidentSetSize of job (KB)
...
006 (112070733.190.000) 05/03 09:10:00 Image size of job updated: 19498056
	18927  -  MemoryUsage of job (MB)
	19380984  -  ResidentSetSize of job (KB)
...
006 (112070733.190.000) 05/03 09:15:01 Image size of job updated: 20159908
	19549  -  MemoryUsage of job (MB)
	20017788  -  ResidentSetSize of job (KB)
...
006 (112070733.190.000) 05/03 09:20:02 Image size of job updated: 20570364
	19921  -  MemoryUsage of job (MB)
	20398748  -  ResidentSetSize of job (KB)
...
006 (112070733.190.000) 05/03 09:25:02 Image size of job updated: 21246480
	20385  -  MemoryUsage of job (MB)
	20873736  -  ResidentSetSize of job (KB)
...
006 (112070733.190.000) 05/03 09:30:03 Image size of job updated: 21855716
	20435  -  MemoryUsage of job (MB)
	20925228  -  ResidentSetSize of job (KB)
...
006 (112070733.190.000) 05/03 09:35:03 Image size of job updated: 22476116
	20456  -  MemoryUsage of job (MB)
	20946528  -  ResidentSetSize of job (KB)
...
005 (112070733.190.000) 05/03 09:40:07 Job terminated.
	(1) Normal termination (return value 0)
		Usr 0 02:37:42, Sys 0 00:02:43  -  Run Remote Usage
		Usr 0 00:00:00, Sys 0 00:00:00  -  Run Local Usage
		Usr 0 02:37:42, Sys 0 00:02:43  -  Total Remote Usage
		Usr 0 00:00:00, Sys 0 00:00:00  -  Total Local Usage
	23073728  -  Run Bytes Sent By Job
	1780306432  -  Run Bytes Received By Job
	23073728  -  Total Bytes Sent By Job
	1780306432  -  Total Bytes Received By Job
	Partitionable Resources :      Usage  Request Allocated 
	   Cpus                 :       0.58        1         1 
	   Disk (KB)            : 6852285    20971520  21176875 
	   Ioheavy              :                             0 
	   Memory (MB)          :   20456       20480     20480 
...
