000 (112070733.059.000) 05/02 11:03:23 Job submitted from host: <128.104.100.44:9618?addrs=128.104.100.44-9618+[2607-f388-107c-501-90e2-baff-fe2c-2724]-9618&noUDP&sock=4699_0235_3>
...
001 (112070733.059.000) 05/03 03:52:46 Job executing on host: <128.105.245.197:9618?addrs=128.105.245.197-9618&noUDP&sock=5434_d9ba_27>
...
006 (112070733.059.000) 05/03 03:52:54 Image size of job updated: 624
	1  -  MemoryUsage of job (MB)
	624  -  ResidentSetSize of job (KB)
...
006 (112070733.059.000) 05/03 03:57:55 Image size of job updated: 644
	1  -  MemoryUsage of job (MB)
	644  -  ResidentSetSize of job (KB)
...
006 (112070733.059.000) 05/03 04:02:56 Image size of job updated: 652
	1  -  MemoryUsage of job (MB)
	652  -  ResidentSetSize of job (KB)
...
006 (112070733.059.000) 05/03 04:08:20 Image size of job updated: 323484
	240  -  MemoryUsage of job (MB)
	245488  -  ResidentSetSize of job (KB)
...
006 (112070733.059.000) 05/03 04:12:58 Image size of job updated: 735264
	642  -  MemoryUsage of job (MB)
	657268  -  ResidentSetSize of job (KB)
...
006 (112070733.059.000) 05/03 04:17:58 Image size of job updated: 1178492
	1075  -  MemoryUsage of job (MB)
	1100440  -  ResidentSetSize of job (KB)
...
006 (112070733.059.000) 05/03 04:22:59 Image size of job updated: 1820948
	1703  -  MemoryUsage of job (MB)
	1742896  -  ResidentSetSize of job (KB)
...
006 (112070733.059.000) 05/03 04:28:00 Image size of job updated: 2542684
	2407  -  MemoryUsage of job (MB)
	2464632  -  ResidentSetSize of job (KB)
...
006 (112070733.059.000) 05/03 04:33:03 Image size of job updated: 2889220
	2746  -  MemoryUsage of job (MB)
	2811168  -  ResidentSetSize of job (KB)
...
006 (112070733.059.000) 05/03 04:38:02 Image size of job updated: 3245096
	3093  -  MemoryUsage of job (MB)
	3167044  -  ResidentSetSize of job (KB)
...
006 (112070733.059.000) 05/03 04:43:02 Image size of job updated: 3698212
	3536  -  MemoryUsage of job (MB)
	3620160  -  ResidentSetSize of job (KB)
...
006 (112070733.059.000) 05/03 04:48:03 Image size of job updated: 4090368
	3919  -  MemoryUsage of job (MB)
	4012316  -  ResidentSetSize of job (KB)
...
006 (112070733.059.000) 05/03 04:53:03 Image size of job updated: 4579300
	4396  -  MemoryUsage of job (MB)
	4501248  -  ResidentSetSize of job (KB)
...
006 (112070733.059.000) 05/03 04:58:03 Image size of job updated: 5147412
	4951  -  MemoryUsage of job (MB)
	5069360  -  ResidentSetSize of job (KB)
...
006 (112070733.059.000) 05/03 05:03:03 Image size of job updated: 5616004
	5409  -  MemoryUsage of job (MB)
	5537952  -  ResidentSetSize of job (KB)
...
006 (112070733.059.000) 05/03 05:08:05 Image size of job updated: 6108260
	5889  -  MemoryUsage of job (MB)
	6030208  -  ResidentSetSize of job (KB)
...
006 (112070733.059.000) 05/03 05:13:05 Image size of job updated: 6521984
	6293  -  MemoryUsage of job (MB)
	6443932  -  ResidentSetSize of job (KB)
...
006 (112070733.059.000) 05/03 05:18:05 Image size of job updated: 6838320
	6602  -  MemoryUsage of job (MB)
	6760268  -  ResidentSetSize of job (KB)
...
006 (112070733.059.000) 05/03 05:23:05 Image size of job updated: 7188292
	6944  -  MemoryUsage of job (MB)
	7110240  -  ResidentSetSize of job (KB)
...
006 (112070733.059.000) 05/03 05:28:05 Image size of job updated: 7494696
	7243  -  MemoryUsage of job (MB)
	7416644  -  ResidentSetSize of job (KB)
...
006 (112070733.059.000) 05/03 05:33:04 Image size of job updated: 7906640
	7646  -  MemoryUsage of job (MB)
	7828588  -  ResidentSetSize of job (KB)
...
006 (112070733.059.000) 05/03 05:38:05 Image size of job updated: 8475220
	8201  -  MemoryUsage of job (MB)
	8397168  -  ResidentSetSize of job (KB)
...
006 (112070733.059.000) 05/03 05:43:05 Image size of job updated: 9274132
	8981  -  MemoryUsage of job (MB)
	9196080  -  ResidentSetSize of job (KB)
...
006 (112070733.059.000) 05/03 05:48:06 Image size of job updated: 10118768
	9806  -  MemoryUsage of job (MB)
	10040716  -  ResidentSetSize of job (KB)
...
006 (112070733.059.000) 05/03 05:53:09 Image size of job updated: 10871840
	10541  -  MemoryUsage of job (MB)
	10793788  -  ResidentSetSize of job (KB)
...
006 (112070733.059.000) 05/03 05:58:08 Image size of job updated: 11472336
	11128  -  MemoryUsage of job (MB)
	11394284  -  ResidentSetSize of job (KB)
...
006 (112070733.059.000) 05/03 06:03:08 Image size of job updated: 12287472
	11924  -  MemoryUsage of job (MB)
	12209420  -  ResidentSetSize of job (KB)
...
006 (112070733.059.000) 05/03 06:08:09 Image size of job updated: 13138400
	12755  -  MemoryUsage of job (MB)
	13060348  -  ResidentSetSize of job (KB)
...
006 (112070733.059.000) 05/03 06:13:11 Image size of job updated: 13876288
	13475  -  MemoryUsage of job (MB)
	13798236  -  ResidentSetSize of job (KB)
...
006 (112070733.059.000) 05/03 06:18:11 Image size of job updated: 14635340
	14217  -  MemoryUsage of job (MB)
	14557288  -  ResidentSetSize of job (KB)
...
006 (112070733.059.000) 05/03 06:23:12 Image size of job updated: 15435200
	14998  -  MemoryUsage of job (MB)
	15357148  -  ResidentSetSize of job (KB)
...
006 (112070733.059.000) 05/03 06:28:16 Image size of job updated: 16032196
	15581  -  MemoryUsage of job (MB)
	15954144  -  ResidentSetSize of job (KB)
...
006 (112070733.059.000) 05/03 06:33:15 Image size of job updated: 16742508
	16274  -  MemoryUsage of job (MB)
	16663688  -  ResidentSetSize of job (KB)
...
006 (112070733.059.000) 05/03 06:38:15 Image size of job updated: 17328616
	16844  -  MemoryUsage of job (MB)
	17247896  -  ResidentSetSize of job (KB)
...
006 (112070733.059.000) 05/03 06:43:15 Image size of job updated: 17844736
	17346  -  MemoryUsage of job (MB)
	17762208  -  ResidentSetSize of job (KB)
...
006 (112070733.059.000) 05/03 06:48:16 Image size of job updated: 18330896
	17815  -  MemoryUsage of job (MB)
	18242084  -  ResidentSetSize of job (KB)
...
006 (112070733.059.000) 05/03 06:53:16 Image size of job updated: 18865176
	18327  -  MemoryUsage of job (MB)
	18765852  -  ResidentSetSize of job (KB)
...
006 (112070733.059.000) 05/03 06:58:34 Image size of job updated: 19103236
	18554  -  MemoryUsage of job (MB)
	18998708  -  ResidentSetSize of job (KB)
...
006 (112070733.059.000) 05/03 07:03:17 Image size of job updated: 19261276
	18705  -  MemoryUsage of job (MB)
	19153196  -  ResidentSetSize of job (KB)
...
006 (112070733.059.000) 05/03 07:08:17 Image size of job updated: 19481496
	18913  -  MemoryUsage of job (MB)
	19366140  -  ResidentSetSize of job (KB)
...
006 (112070733.059.000) 05/03 07:13:18 Image size of job updated: 19769212
	19180  -  MemoryUsage of job (MB)
	19639664  -  ResidentSetSize of job (KB)
...
006 (112070733.059.000) 05/03 07:18:19 Image size of job updated: 19938864
	19338  -  MemoryUsage of job (MB)
	19801672  -  ResidentSetSize of job (KB)
...
006 (112070733.059.000) 05/03 07:23:19 Image size of job updated: 20212976
	19585  -  MemoryUsage of job (MB)
	20054984  -  ResidentSetSize of job (KB)
...
006 (112070733.059.000) 05/03 07:28:20 Image size of job updated: 20436192
	19769  -  MemoryUsage of job (MB)
	20242808  -  ResidentSetSize of job (KB)
...
006 (112070733.059.000) 05/03 07:33:20 Image size of job updated: 20623712
	19914  -  MemoryUsage of job (MB)
	20391844  -  ResidentSetSize of job (KB)
...
006 (112070733.059.000) 05/03 07:38:22 Image size of job updated: 20913588
	20143  -  MemoryUsage of job (MB)
	20625440  -  ResidentSetSize of job (KB)
...
006 (112070733.059.000) 05/03 07:43:22 Image size of job updated: 21161612
	20307  -  MemoryUsage of job (MB)
	20793960  -  ResidentSetSize of job (KB)
...
006 (112070733.059.000) 05/03 07:48:23 Image size of job updated: 21295960
	20349  -  MemoryUsage of job (MB)
	20836596  -  ResidentSetSize of job (KB)
...
006 (112070733.059.000) 05/03 07:53:23 Image size of job updated: 21450616
	20399  -  MemoryUsage of job (MB)
	20888108  -  ResidentSetSize of job (KB)
...
006 (112070733.059.000) 05/03 07:58:24 Image size of job updated: 21537068
	20401  -  MemoryUsage of job (MB)
	20889916  -  ResidentSetSize of job (KB)
...
006 (112070733.059.000) 05/03 08:03:25 Image size of job updated: 21645916
	20402  -  MemoryUsage of job (MB)
	20891496  -  ResidentSetSize of job (KB)
...
006 (112070733.059.000) 05/03 08:08:25 Image size of job updated: 21806396
	20440  -  MemoryUsage of job (MB)
	20929724  -  ResidentSetSize of job (KB)
...
006 (112070733.059.000) 05/03 08:13:25 Image size of job updated: 21899504
	20440  -  MemoryUsage of job (MB)
	20929724  -  ResidentSetSize of job (KB)
...
006 (112070733.059.000) 05/03 08:18:26 Image size of job updated: 22081956
	20456  -  MemoryUsage of job (MB)
	20946104  -  ResidentSetSize of job (KB)
...
006 (112070733.059.000) 05/03 08:23:26 Image size of job updated: 22189272
	20456  -  MemoryUsage of job (MB)
	20946104  -  ResidentSetSize of job (KB)
...
006 (112070733.059.000) 05/03 08:28:27 Image size of job updated: 22310456
	20456  -  MemoryUsage of job (MB)
	20946104  -  ResidentSetSize of job (KB)
...
006 (112070733.059.000) 05/03 08:33:27 Image size of job updated: 22459412
	20462  -  MemoryUsage of job (MB)
	20952492  -  ResidentSetSize of job (KB)
...
006 (112070733.059.000) 05/03 08:38:28 Image size of job updated: 22540396
	20462  -  MemoryUsage of job (MB)
	20952492  -  ResidentSetSize of job (KB)
...
006 (112070733.059.000) 05/03 08:43:28 Image size of job updated: 22599920
	20462  -  MemoryUsage of job (MB)
	20952492  -  ResidentSetSize of job (KB)
...
006 (112070733.059.000) 05/03 08:48:29 Image size of job updated: 22672040
	20462  -  MemoryUsage of job (MB)
	20952492  -  ResidentSetSize of job (KB)
...
006 (112070733.059.000) 05/03 08:53:29 Image size of job updated: 22773300
	20466  -  MemoryUsage of job (MB)
	20956720  -  ResidentSetSize of job (KB)
...
006 (112070733.059.000) 05/03 08:58:29 Image size of job updated: 22860920
	20466  -  MemoryUsage of job (MB)
	20956720  -  ResidentSetSize of job (KB)
...
006 (112070733.059.000) 05/03 09:03:30 Image size of job updated: 22921412
	20466  -  MemoryUsage of job (MB)
	20956720  -  ResidentSetSize of job (KB)
...
006 (112070733.059.000) 05/03 09:08:30 Image size of job updated: 22938028
	20466  -  MemoryUsage of job (MB)
	20956720  -  ResidentSetSize of job (KB)
...
006 (112070733.059.000) 05/03 09:13:31 Image size of job updated: 22992924
	20466  -  MemoryUsage of job (MB)
	20956720  -  ResidentSetSize of job (KB)
...
006 (112070733.059.000) 05/03 09:18:32 Image size of job updated: 23048784
	20466  -  MemoryUsage of job (MB)
	20956720  -  ResidentSetSize of job (KB)
...
005 (112070733.059.000) 05/03 09:20:57 Job terminated.
	(1) Normal termination (return value 0)
		Usr 0 02:17:14, Sys 0 00:03:04  -  Run Remote Usage
		Usr 0 00:00:00, Sys 0 00:00:00  -  Run Local Usage
		Usr 0 02:17:14, Sys 0 00:03:04  -  Total Remote Usage
		Usr 0 00:00:00, Sys 0 00:00:00  -  Total Local Usage
	23097326  -  Run Bytes Sent By Job
	1780306432  -  Run Bytes Received By Job
	23097326  -  Total Bytes Sent By Job
	1780306432  -  Total Bytes Received By Job
	Partitionable Resources :    Usage  Request Allocated 
	   Cpus                 :        0        1         1 
	   Disk (KB)            :  6852307 20971520  21172597 
	   Ioheavy              :                           0 
	   Memory (MB)          :    20466    20480     20480 
...
