000 (112045348.031.000) 05/01 17:44:19 Job submitted from host: <128.104.100.44:9618?addrs=128.104.100.44-9618+[2607-f388-107c-501-90e2-baff-fe2c-2724]-9618&noUDP&sock=4699_0235_3>
...
001 (112045348.031.000) 05/01 20:16:20 Job executing on host: <128.105.245.177:9618?addrs=128.105.245.177-9618&noUDP&sock=5454_919e_46>
...
006 (112045348.031.000) 05/01 20:16:28 Image size of job updated: 636
	1  -  MemoryUsage of job (MB)
	636  -  ResidentSetSize of job (KB)
...
006 (112045348.031.000) 05/01 20:21:29 Image size of job updated: 664
	1  -  MemoryUsage of job (MB)
	664  -  ResidentSetSize of job (KB)
...
006 (112045348.031.000) 05/01 20:26:30 Image size of job updated: 468884
	382  -  MemoryUsage of job (MB)
	390888  -  ResidentSetSize of job (KB)
...
006 (112045348.031.000) 05/01 20:31:31 Image size of job updated: 889424
	793  -  MemoryUsage of job (MB)
	811372  -  ResidentSetSize of job (KB)
...
006 (112045348.031.000) 05/01 20:36:31 Image size of job updated: 1384564
	1276  -  MemoryUsage of job (MB)
	1306512  -  ResidentSetSize of job (KB)
...
006 (112045348.031.000) 05/01 20:41:32 Image size of job updated: 2021660
	1899  -  MemoryUsage of job (MB)
	1943608  -  ResidentSetSize of job (KB)
...
006 (112045348.031.000) 05/01 20:46:33 Image size of job updated: 2735608
	2596  -  MemoryUsage of job (MB)
	2657556  -  ResidentSetSize of job (KB)
...
006 (112045348.031.000) 05/01 20:51:33 Image size of job updated: 3584604
	3425  -  MemoryUsage of job (MB)
	3506552  -  ResidentSetSize of job (KB)
...
006 (112045348.031.000) 05/01 20:56:33 Image size of job updated: 4454340
	4274  -  MemoryUsage of job (MB)
	4376288  -  ResidentSetSize of job (KB)
...
006 (112045348.031.000) 05/01 21:01:34 Image size of job updated: 5266728
	5068  -  MemoryUsage of job (MB)
	5188676  -  ResidentSetSize of job (KB)
...
006 (112045348.031.000) 05/01 21:06:34 Image size of job updated: 6102132
	5883  -  MemoryUsage of job (MB)
	6024080  -  ResidentSetSize of job (KB)
...
006 (112045348.031.000) 05/01 21:11:34 Image size of job updated: 7008864
	6769  -  MemoryUsage of job (MB)
	6930812  -  ResidentSetSize of job (KB)
...
006 (112045348.031.000) 05/01 21:16:34 Image size of job updated: 7736660
	7480  -  MemoryUsage of job (MB)
	7658608  -  ResidentSetSize of job (KB)
...
006 (112045348.031.000) 05/01 21:21:34 Image size of job updated: 8499184
	8224  -  MemoryUsage of job (MB)
	8421132  -  ResidentSetSize of job (KB)
...
006 (112045348.031.000) 05/01 21:26:35 Image size of job updated: 9256696
	8964  -  MemoryUsage of job (MB)
	9178644  -  ResidentSetSize of job (KB)
...
006 (112045348.031.000) 05/01 21:31:37 Image size of job updated: 9987900
	9678  -  MemoryUsage of job (MB)
	9909848  -  ResidentSetSize of job (KB)
...
006 (112045348.031.000) 05/01 21:36:37 Image size of job updated: 10738092
	10411  -  MemoryUsage of job (MB)
	10660040  -  ResidentSetSize of job (KB)
...
006 (112045348.031.000) 05/01 21:41:37 Image size of job updated: 11430492
	11087  -  MemoryUsage of job (MB)
	11352440  -  ResidentSetSize of job (KB)
...
006 (112045348.031.000) 05/01 21:46:37 Image size of job updated: 12114064
	11754  -  MemoryUsage of job (MB)
	12036012  -  ResidentSetSize of job (KB)
...
006 (112045348.031.000) 05/01 21:51:37 Image size of job updated: 12784564
	12409  -  MemoryUsage of job (MB)
	12706512  -  ResidentSetSize of job (KB)
...
006 (112045348.031.000) 05/01 21:56:38 Image size of job updated: 13541980
	13149  -  MemoryUsage of job (MB)
	13463928  -  ResidentSetSize of job (KB)
...
006 (112045348.031.000) 05/01 22:01:39 Image size of job updated: 14250588
	13841  -  MemoryUsage of job (MB)
	14172536  -  ResidentSetSize of job (KB)
...
006 (112045348.031.000) 05/01 22:06:40 Image size of job updated: 14818132
	14395  -  MemoryUsage of job (MB)
	14740080  -  ResidentSetSize of job (KB)
...
006 (112045348.031.000) 05/01 22:11:41 Image size of job updated: 15477908
	15036  -  MemoryUsage of job (MB)
	15396672  -  ResidentSetSize of job (KB)
...
006 (112045348.031.000) 05/01 22:16:42 Image size of job updated: 16112416
	15641  -  MemoryUsage of job (MB)
	16016156  -  ResidentSetSize of job (KB)
...
006 (112045348.031.000) 05/01 22:21:42 Image size of job updated: 16831356
	16317  -  MemoryUsage of job (MB)
	16708048  -  ResidentSetSize of job (KB)
...
006 (112045348.031.000) 05/01 22:26:42 Image size of job updated: 17571612
	17009  -  MemoryUsage of job (MB)
	17416656  -  ResidentSetSize of job (KB)
...
006 (112045348.031.000) 05/01 22:31:42 Image size of job updated: 18245540
	17636  -  MemoryUsage of job (MB)
	18058600  -  ResidentSetSize of job (KB)
...
006 (112045348.031.000) 05/01 22:36:43 Image size of job updated: 18937136
	18270  -  MemoryUsage of job (MB)
	18707508  -  ResidentSetSize of job (KB)
...
006 (112045348.031.000) 05/01 22:41:44 Image size of job updated: 19547120
	18805  -  MemoryUsage of job (MB)
	19255532  -  ResidentSetSize of job (KB)
...
006 (112045348.031.000) 05/01 22:46:45 Image size of job updated: 20187280
	19369  -  MemoryUsage of job (MB)
	19833260  -  ResidentSetSize of job (KB)
...
006 (112045348.031.000) 05/01 22:51:46 Image size of job updated: 20857456
	19869  -  MemoryUsage of job (MB)
	20345684  -  ResidentSetSize of job (KB)
...
006 (112045348.031.000) 05/01 22:56:46 Image size of job updated: 21530420
	20255  -  MemoryUsage of job (MB)
	20740356  -  ResidentSetSize of job (KB)
...
006 (112045348.031.000) 05/01 23:01:47 Image size of job updated: 22165576
	20435  -  MemoryUsage of job (MB)
	20925076  -  ResidentSetSize of job (KB)
...
006 (112045348.031.000) 05/01 23:06:47 Image size of job updated: 22860744
	20447  -  MemoryUsage of job (MB)
	20937728  -  ResidentSetSize of job (KB)
...
006 (112045348.031.000) 05/01 23:08:13 Image size of job updated: 22980788
	20448  -  MemoryUsage of job (MB)
	20937796  -  ResidentSetSize of job (KB)
...
005 (112045348.031.000) 05/01 23:08:15 Job terminated.
	(1) Normal termination (return value 0)
		Usr 0 02:33:00, Sys 0 00:02:18  -  Run Remote Usage
		Usr 0 00:00:00, Sys 0 00:00:00  -  Run Local Usage
		Usr 0 02:33:00, Sys 0 00:02:18  -  Total Remote Usage
		Usr 0 00:00:00, Sys 0 00:00:00  -  Total Local Usage
	23010088  -  Run Bytes Sent By Job
	1780294912  -  Run Bytes Received By Job
	23010088  -  Total Bytes Sent By Job
	1780294912  -  Total Bytes Received By Job
	Partitionable Resources :      Usage  Request Allocated 
	   Cpus                 :       1.00        1         1 
	   Disk (KB)            : 6889037    20971520  21412727 
	   Ioheavy              :                             0 
	   Memory (MB)          :   20448       20480     20480 
...
