000 (112045348.002.000) 05/01 17:44:19 Job submitted from host: <128.104.100.44:9618?addrs=128.104.100.44-9618+[2607-f388-107c-501-90e2-baff-fe2c-2724]-9618&noUDP&sock=4699_0235_3>
...
001 (112045348.002.000) 05/01 17:51:28 Job executing on host: <128.105.245.184:9618?addrs=128.105.245.184-9618&noUDP&sock=5452_326e_3>
...
006 (112045348.002.000) 05/01 17:51:37 Image size of job updated: 624
	1  -  MemoryUsage of job (MB)
	624  -  ResidentSetSize of job (KB)
...
006 (112045348.002.000) 05/01 17:56:45 Image size of job updated: 632
	1  -  MemoryUsage of job (MB)
	632  -  ResidentSetSize of job (KB)
...
006 (112045348.002.000) 05/01 18:01:41 Image size of job updated: 652
	1  -  MemoryUsage of job (MB)
	652  -  ResidentSetSize of job (KB)
...
006 (112045348.002.000) 05/01 18:06:41 Image size of job updated: 656
	1  -  MemoryUsage of job (MB)
	656  -  ResidentSetSize of job (KB)
...
006 (112045348.002.000) 05/01 18:11:45 Image size of job updated: 660
	1  -  MemoryUsage of job (MB)
	660  -  ResidentSetSize of job (KB)
...
006 (112045348.002.000) 05/01 18:16:44 Image size of job updated: 664
	1  -  MemoryUsage of job (MB)
	664  -  ResidentSetSize of job (KB)
...
006 (112045348.002.000) 05/01 18:21:43 Image size of job updated: 672
	1  -  MemoryUsage of job (MB)
	672  -  ResidentSetSize of job (KB)
...
006 (112045348.002.000) 05/01 18:26:43 Image size of job updated: 496044
	409  -  MemoryUsage of job (MB)
	418044  -  ResidentSetSize of job (KB)
...
006 (112045348.002.000) 05/01 18:31:43 Image size of job updated: 809900
	715  -  MemoryUsage of job (MB)
	731844  -  ResidentSetSize of job (KB)
...
006 (112045348.002.000) 05/01 18:36:43 Image size of job updated: 1104408
	1003  -  MemoryUsage of job (MB)
	1026352  -  ResidentSetSize of job (KB)
...
006 (112045348.002.000) 05/01 18:41:43 Image size of job updated: 1546904
	1435  -  MemoryUsage of job (MB)
	1468848  -  ResidentSetSize of job (KB)
...
006 (112045348.002.000) 05/01 18:46:44 Image size of job updated: 1990296
	1868  -  MemoryUsage of job (MB)
	1912240  -  ResidentSetSize of job (KB)
...
006 (112045348.002.000) 05/01 18:51:45 Image size of job updated: 2316476
	2186  -  MemoryUsage of job (MB)
	2238420  -  ResidentSetSize of job (KB)
...
006 (112045348.002.000) 05/01 18:56:45 Image size of job updated: 2873536
	2730  -  MemoryUsage of job (MB)
	2795480  -  ResidentSetSize of job (KB)
...
006 (112045348.002.000) 05/01 19:01:45 Image size of job updated: 3488588
	3331  -  MemoryUsage of job (MB)
	3410532  -  ResidentSetSize of job (KB)
...
006 (112045348.002.000) 05/01 19:06:45 Image size of job updated: 4337892
	4160  -  MemoryUsage of job (MB)
	4259836  -  ResidentSetSize of job (KB)
...
006 (112045348.002.000) 05/01 19:11:45 Image size of job updated: 5141700
	4945  -  MemoryUsage of job (MB)
	5063644  -  ResidentSetSize of job (KB)
...
006 (112045348.002.000) 05/01 19:16:45 Image size of job updated: 5915552
	5701  -  MemoryUsage of job (MB)
	5837496  -  ResidentSetSize of job (KB)
...
006 (112045348.002.000) 05/01 19:21:45 Image size of job updated: 6648064
	6417  -  MemoryUsage of job (MB)
	6570008  -  ResidentSetSize of job (KB)
...
006 (112045348.002.000) 05/01 19:26:45 Image size of job updated: 7526944
	7275  -  MemoryUsage of job (MB)
	7448888  -  ResidentSetSize of job (KB)
...
006 (112045348.002.000) 05/01 19:31:46 Image size of job updated: 8154944
	7888  -  MemoryUsage of job (MB)
	8076888  -  ResidentSetSize of job (KB)
...
006 (112045348.002.000) 05/01 19:36:46 Image size of job updated: 8675592
	8397  -  MemoryUsage of job (MB)
	8597536  -  ResidentSetSize of job (KB)
...
006 (112045348.002.000) 05/01 19:41:47 Image size of job updated: 9389728
	9094  -  MemoryUsage of job (MB)
	9311672  -  ResidentSetSize of job (KB)
...
006 (112045348.002.000) 05/01 19:46:48 Image size of job updated: 10008852
	9699  -  MemoryUsage of job (MB)
	9930796  -  ResidentSetSize of job (KB)
...
006 (112045348.002.000) 05/01 19:51:48 Image size of job updated: 10589412
	10265  -  MemoryUsage of job (MB)
	10511356  -  ResidentSetSize of job (KB)
...
006 (112045348.002.000) 05/01 19:56:48 Image size of job updated: 11297876
	10957  -  MemoryUsage of job (MB)
	11219820  -  ResidentSetSize of job (KB)
...
006 (112045348.002.000) 05/01 20:01:47 Image size of job updated: 11998132
	11641  -  MemoryUsage of job (MB)
	11920076  -  ResidentSetSize of job (KB)
...
006 (112045348.002.000) 05/01 20:06:47 Image size of job updated: 12483772
	12115  -  MemoryUsage of job (MB)
	12405716  -  ResidentSetSize of job (KB)
...
006 (112045348.002.000) 05/01 20:11:48 Image size of job updated: 12925848
	12547  -  MemoryUsage of job (MB)
	12847792  -  ResidentSetSize of job (KB)
...
006 (112045348.002.000) 05/01 20:16:49 Image size of job updated: 13484644
	13093  -  MemoryUsage of job (MB)
	13406588  -  ResidentSetSize of job (KB)
...
006 (112045348.002.000) 05/01 20:21:49 Image size of job updated: 14094452
	13688  -  MemoryUsage of job (MB)
	14016396  -  ResidentSetSize of job (KB)
...
006 (112045348.002.000) 05/01 20:26:49 Image size of job updated: 14801216
	14379  -  MemoryUsage of job (MB)
	14723160  -  ResidentSetSize of job (KB)
...
006 (112045348.002.000) 05/01 20:31:49 Image size of job updated: 15531220
	15091  -  MemoryUsage of job (MB)
	15453164  -  ResidentSetSize of job (KB)
...
006 (112045348.002.000) 05/01 20:36:49 Image size of job updated: 16277912
	15817  -  MemoryUsage of job (MB)
	16195888  -  ResidentSetSize of job (KB)
...
006 (112045348.002.000) 05/01 20:41:49 Image size of job updated: 16793784
	16317  -  MemoryUsage of job (MB)
	16708176  -  ResidentSetSize of job (KB)
...
006 (112045348.002.000) 05/01 20:46:49 Image size of job updated: 17542428
	17043  -  MemoryUsage of job (MB)
	17451108  -  ResidentSetSize of job (KB)
...
006 (112045348.002.000) 05/01 20:51:49 Image size of job updated: 17962236
	17451  -  MemoryUsage of job (MB)
	17869108  -  ResidentSetSize of job (KB)
...
006 (112045348.002.000) 05/01 20:56:49 Image size of job updated: 18617060
	18085  -  MemoryUsage of job (MB)
	18518776  -  ResidentSetSize of job (KB)
...
006 (112045348.002.000) 05/01 21:01:49 Image size of job updated: 19447872
	18892  -  MemoryUsage of job (MB)
	19345296  -  ResidentSetSize of job (KB)
...
006 (112045348.002.000) 05/01 21:06:49 Image size of job updated: 20048152
	19460  -  MemoryUsage of job (MB)
	19926208  -  ResidentSetSize of job (KB)
...
006 (112045348.002.000) 05/01 21:11:49 Image size of job updated: 20558040
	19893  -  MemoryUsage of job (MB)
	20369412  -  ResidentSetSize of job (KB)
...
006 (112045348.002.000) 05/01 21:16:50 Image size of job updated: 21112904
	20336  -  MemoryUsage of job (MB)
	20823432  -  ResidentSetSize of job (KB)
...
006 (112045348.002.000) 05/01 21:21:51 Image size of job updated: 21439160
	20441  -  MemoryUsage of job (MB)
	20931312  -  ResidentSetSize of job (KB)
...
006 (112045348.002.000) 05/01 21:26:52 Image size of job updated: 21716908
	20460  -  MemoryUsage of job (MB)
	20950064  -  ResidentSetSize of job (KB)
...
006 (112045348.002.000) 05/01 21:31:53 Image size of job updated: 21862248
	20460  -  MemoryUsage of job (MB)
	20950064  -  ResidentSetSize of job (KB)
...
006 (112045348.002.000) 05/01 21:36:55 Image size of job updated: 22156340
	20460  -  MemoryUsage of job (MB)
	20950064  -  ResidentSetSize of job (KB)
...
006 (112045348.002.000) 05/01 21:41:55 Image size of job updated: 22294856
	20460  -  MemoryUsage of job (MB)
	20950064  -  ResidentSetSize of job (KB)
...
006 (112045348.002.000) 05/01 21:46:55 Image size of job updated: 22505388
	20460  -  MemoryUsage of job (MB)
	20950064  -  ResidentSetSize of job (KB)
...
006 (112045348.002.000) 05/01 21:51:55 Image size of job updated: 22568208
	20460  -  MemoryUsage of job (MB)
	20950064  -  ResidentSetSize of job (KB)
...
006 (112045348.002.000) 05/01 21:56:55 Image size of job updated: 22652456
	20460  -  MemoryUsage of job (MB)
	20950064  -  ResidentSetSize of job (KB)
...
006 (112045348.002.000) 05/01 22:01:55 Image size of job updated: 22805676
	20460  -  MemoryUsage of job (MB)
	20950784  -  ResidentSetSize of job (KB)
...
006 (112045348.002.000) 05/01 22:06:55 Image size of job updated: 22949280
	20460  -  MemoryUsage of job (MB)
	20950784  -  ResidentSetSize of job (KB)
...
006 (112045348.002.000) 05/01 22:11:12 Image size of job updated: 23078832
	20460  -  MemoryUsage of job (MB)
	20950784  -  ResidentSetSize of job (KB)
...
005 (112045348.002.000) 05/01 22:11:13 Job terminated.
	(1) Normal termination (return value 0)
		Usr 0 02:04:31, Sys 0 00:02:02  -  Run Remote Usage
		Usr 0 00:00:00, Sys 0 00:00:00  -  Run Local Usage
		Usr 0 02:04:31, Sys 0 00:02:02  -  Total Remote Usage
		Usr 0 00:00:00, Sys 0 00:00:00  -  Total Local Usage
	23153180  -  Run Bytes Sent By Job
	1780294912  -  Run Bytes Received By Job
	23153180  -  Total Bytes Sent By Job
	1780294912  -  Total Bytes Received By Job
	Partitionable Resources :    Usage  Request Allocated 
	   Cpus                 :        0        1         1 
	   Disk (KB)            :  6852340 20971520  21392750 
	   Ioheavy              :                           0 
	   Memory (MB)          :    20460    20480     20480 
...
