000 (112070733.119.000) 05/02 11:03:23 Job submitted from host: <128.104.100.44:9618?addrs=128.104.100.44-9618+[2607-f388-107c-501-90e2-baff-fe2c-2724]-9618&noUDP&sock=4699_0235_3>
...
001 (112070733.119.000) 05/03 05:17:58 Job executing on host: <128.105.245.172:9618?addrs=128.105.245.172-9618&noUDP&sock=5426_5cf8_44>
...
006 (112070733.119.000) 05/03 05:18:07 Image size of job updated: 624
	1  -  MemoryUsage of job (MB)
	624  -  ResidentSetSize of job (KB)
...
006 (112070733.119.000) 05/03 05:28:09 Image size of job updated: 628
	1  -  MemoryUsage of job (MB)
	628  -  ResidentSetSize of job (KB)
...
006 (112070733.119.000) 05/03 05:33:09 Image size of job updated: 648
	1  -  MemoryUsage of job (MB)
	648  -  ResidentSetSize of job (KB)
...
006 (112070733.119.000) 05/03 05:53:14 Image size of job updated: 652
	1  -  MemoryUsage of job (MB)
	652  -  ResidentSetSize of job (KB)
...
006 (112070733.119.000) 05/03 05:58:15 Image size of job updated: 656
	1  -  MemoryUsage of job (MB)
	656  -  ResidentSetSize of job (KB)
...
006 (112070733.119.000) 05/03 06:03:13 Image size of job updated: 668
	1  -  MemoryUsage of job (MB)
	668  -  ResidentSetSize of job (KB)
...
006 (112070733.119.000) 05/03 06:08:14 Image size of job updated: 629088
	539  -  MemoryUsage of job (MB)
	551092  -  ResidentSetSize of job (KB)
...
006 (112070733.119.000) 05/03 06:13:14 Image size of job updated: 1061964
	961  -  MemoryUsage of job (MB)
	983912  -  ResidentSetSize of job (KB)
...
006 (112070733.119.000) 05/03 06:18:15 Image size of job updated: 1552444
	1440  -  MemoryUsage of job (MB)
	1474392  -  ResidentSetSize of job (KB)
...
006 (112070733.119.000) 05/03 06:23:15 Image size of job updated: 2206764
	2079  -  MemoryUsage of job (MB)
	2128712  -  ResidentSetSize of job (KB)
...
006 (112070733.119.000) 05/03 06:28:15 Image size of job updated: 2822524
	2681  -  MemoryUsage of job (MB)
	2744472  -  ResidentSetSize of job (KB)
...
006 (112070733.119.000) 05/03 06:33:16 Image size of job updated: 3616372
	3456  -  MemoryUsage of job (MB)
	3538320  -  ResidentSetSize of job (KB)
...
006 (112070733.119.000) 05/03 06:38:17 Image size of job updated: 4416556
	4237  -  MemoryUsage of job (MB)
	4338504  -  ResidentSetSize of job (KB)
...
006 (112070733.119.000) 05/03 06:43:17 Image size of job updated: 5281352
	5082  -  MemoryUsage of job (MB)
	5203300  -  ResidentSetSize of job (KB)
...
006 (112070733.119.000) 05/03 06:48:18 Image size of job updated: 6130908
	5911  -  MemoryUsage of job (MB)
	6052856  -  ResidentSetSize of job (KB)
...
006 (112070733.119.000) 05/03 06:53:20 Image size of job updated: 6682496
	6450  -  MemoryUsage of job (MB)
	6604444  -  ResidentSetSize of job (KB)
...
006 (112070733.119.000) 05/03 06:58:19 Image size of job updated: 7053264
	6812  -  MemoryUsage of job (MB)
	6975212  -  ResidentSetSize of job (KB)
...
006 (112070733.119.000) 05/03 07:03:19 Image size of job updated: 7528632
	7276  -  MemoryUsage of job (MB)
	7450580  -  ResidentSetSize of job (KB)
...
006 (112070733.119.000) 05/03 07:08:20 Image size of job updated: 8126472
	7860  -  MemoryUsage of job (MB)
	8048420  -  ResidentSetSize of job (KB)
...
006 (112070733.119.000) 05/03 07:13:20 Image size of job updated: 8860904
	8578  -  MemoryUsage of job (MB)
	8782852  -  ResidentSetSize of job (KB)
...
006 (112070733.119.000) 05/03 07:18:21 Image size of job updated: 9599464
	9299  -  MemoryUsage of job (MB)
	9521412  -  ResidentSetSize of job (KB)
...
006 (112070733.119.000) 05/03 07:23:22 Image size of job updated: 10152812
	9839  -  MemoryUsage of job (MB)
	10074760  -  ResidentSetSize of job (KB)
...
006 (112070733.119.000) 05/03 07:28:22 Image size of job updated: 10688688
	10362  -  MemoryUsage of job (MB)
	10610636  -  ResidentSetSize of job (KB)
...
006 (112070733.119.000) 05/03 07:33:22 Image size of job updated: 11302932
	10962  -  MemoryUsage of job (MB)
	11224880  -  ResidentSetSize of job (KB)
...
006 (112070733.119.000) 05/03 07:38:23 Image size of job updated: 11946096
	11590  -  MemoryUsage of job (MB)
	11868044  -  ResidentSetSize of job (KB)
...
006 (112070733.119.000) 05/03 07:43:23 Image size of job updated: 12517636
	12149  -  MemoryUsage of job (MB)
	12439584  -  ResidentSetSize of job (KB)
...
006 (112070733.119.000) 05/03 07:48:24 Image size of job updated: 13077576
	12695  -  MemoryUsage of job (MB)
	12999524  -  ResidentSetSize of job (KB)
...
006 (112070733.119.000) 05/03 07:53:25 Image size of job updated: 13484032
	13092  -  MemoryUsage of job (MB)
	13405980  -  ResidentSetSize of job (KB)
...
006 (112070733.119.000) 05/03 07:58:25 Image size of job updated: 13980396
	13577  -  MemoryUsage of job (MB)
	13902344  -  ResidentSetSize of job (KB)
...
006 (112070733.119.000) 05/03 08:03:25 Image size of job updated: 14638592
	14220  -  MemoryUsage of job (MB)
	14560540  -  ResidentSetSize of job (KB)
...
006 (112070733.119.000) 05/03 08:08:26 Image size of job updated: 15259020
	14826  -  MemoryUsage of job (MB)
	15180968  -  ResidentSetSize of job (KB)
...
006 (112070733.119.000) 05/03 08:13:27 Image size of job updated: 16015020
	15564  -  MemoryUsage of job (MB)
	15936740  -  ResidentSetSize of job (KB)
...
006 (112070733.119.000) 05/03 08:18:27 Image size of job updated: 16567892
	16103  -  MemoryUsage of job (MB)
	16488744  -  ResidentSetSize of job (KB)
...
006 (112070733.119.000) 05/03 08:23:28 Image size of job updated: 17168948
	16689  -  MemoryUsage of job (MB)
	17089392  -  ResidentSetSize of job (KB)
...
006 (112070733.119.000) 05/03 08:28:29 Image size of job updated: 17604528
	17114  -  MemoryUsage of job (MB)
	17524568  -  ResidentSetSize of job (KB)
...
006 (112070733.119.000) 05/03 08:33:30 Image size of job updated: 17951740
	17451  -  MemoryUsage of job (MB)
	17869716  -  ResidentSetSize of job (KB)
...
006 (112070733.119.000) 05/03 08:38:30 Image size of job updated: 18262124
	17754  -  MemoryUsage of job (MB)
	18179332  -  ResidentSetSize of job (KB)
...
006 (112070733.119.000) 05/03 08:43:30 Image size of job updated: 18569456
	18054  -  MemoryUsage of job (MB)
	18486664  -  ResidentSetSize of job (KB)
...
006 (112070733.119.000) 05/03 08:48:31 Image size of job updated: 18859972
	18337  -  MemoryUsage of job (MB)
	18777052  -  ResidentSetSize of job (KB)
...
006 (112070733.119.000) 05/03 08:53:31 Image size of job updated: 19187524
	18655  -  MemoryUsage of job (MB)
	19101724  -  ResidentSetSize of job (KB)
...
006 (112070733.119.000) 05/03 08:58:31 Image size of job updated: 19758180
	19209  -  MemoryUsage of job (MB)
	19669656  -  ResidentSetSize of job (KB)
...
006 (112070733.119.000) 05/03 09:03:32 Image size of job updated: 20245920
	19668  -  MemoryUsage of job (MB)
	20139988  -  ResidentSetSize of job (KB)
...
006 (112070733.119.000) 05/03 09:08:33 Image size of job updated: 20966396
	20263  -  MemoryUsage of job (MB)
	20748684  -  ResidentSetSize of job (KB)
...
006 (112070733.119.000) 05/03 09:13:33 Image size of job updated: 21594256
	20426  -  MemoryUsage of job (MB)
	20915716  -  ResidentSetSize of job (KB)
...
006 (112070733.119.000) 05/03 09:18:34 Image size of job updated: 22150780
	20444  -  MemoryUsage of job (MB)
	20933716  -  ResidentSetSize of job (KB)
...
006 (112070733.119.000) 05/03 09:23:34 Image size of job updated: 22478508
	20455  -  MemoryUsage of job (MB)
	20945240  -  ResidentSetSize of job (KB)
...
006 (112070733.119.000) 05/03 09:28:34 Image size of job updated: 22693056
	20455  -  MemoryUsage of job (MB)
	20945240  -  ResidentSetSize of job (KB)
...
006 (112070733.119.000) 05/03 09:33:32 Image size of job updated: 23077108
	20455  -  MemoryUsage of job (MB)
	20945240  -  ResidentSetSize of job (KB)
...
005 (112070733.119.000) 05/03 09:33:35 Job terminated.
	(1) Normal termination (return value 0)
		Usr 0 02:24:48, Sys 0 00:02:24  -  Run Remote Usage
		Usr 0 00:00:00, Sys 0 00:00:00  -  Run Local Usage
		Usr 0 02:24:48, Sys 0 00:02:24  -  Total Remote Usage
		Usr 0 00:00:00, Sys 0 00:00:00  -  Total Local Usage
	23026716  -  Run Bytes Sent By Job
	1780306432  -  Run Bytes Received By Job
	23026716  -  Total Bytes Sent By Job
	1780306432  -  Total Bytes Received By Job
	Partitionable Resources :    Usage  Request Allocated 
	   Cpus                 :        0        1         1 
	   Disk (KB)            :  6852238 20971520  21363740 
	   Ioheavy              :                           0 
	   Memory (MB)          :    20455    20480     20480 
...
