000 (112070733.169.000) 05/02 11:03:23 Job submitted from host: <128.104.100.44:9618?addrs=128.104.100.44-9618+[2607-f388-107c-501-90e2-baff-fe2c-2724]-9618&noUDP&sock=4699_0235_3>
...
001 (112070733.169.000) 05/03 06:31:25 Job executing on host: <128.105.245.168:9618?addrs=128.105.245.168-9618&noUDP&sock=5474_4983_3>
...
006 (112070733.169.000) 05/03 06:31:33 Image size of job updated: 632
	1  -  MemoryUsage of job (MB)
	632  -  ResidentSetSize of job (KB)
...
006 (112070733.169.000) 05/03 06:36:36 Image size of job updated: 636
	1  -  MemoryUsage of job (MB)
	636  -  ResidentSetSize of job (KB)
...
006 (112070733.169.000) 05/03 06:41:35 Image size of job updated: 656
	1  -  MemoryUsage of job (MB)
	656  -  ResidentSetSize of job (KB)
...
006 (112070733.169.000) 05/03 06:46:34 Image size of job updated: 664
	1  -  MemoryUsage of job (MB)
	664  -  ResidentSetSize of job (KB)
...
006 (112070733.169.000) 05/03 06:51:35 Image size of job updated: 397824
	313  -  MemoryUsage of job (MB)
	319828  -  ResidentSetSize of job (KB)
...
006 (112070733.169.000) 05/03 06:56:35 Image size of job updated: 767704
	674  -  MemoryUsage of job (MB)
	689672  -  ResidentSetSize of job (KB)
...
006 (112070733.169.000) 05/03 07:01:36 Image size of job updated: 1183072
	1080  -  MemoryUsage of job (MB)
	1105020  -  ResidentSetSize of job (KB)
...
006 (112070733.169.000) 05/03 07:06:37 Image size of job updated: 1718504
	1603  -  MemoryUsage of job (MB)
	1640452  -  ResidentSetSize of job (KB)
...
006 (112070733.169.000) 05/03 07:11:38 Image size of job updated: 2256448
	2128  -  MemoryUsage of job (MB)
	2178396  -  ResidentSetSize of job (KB)
...
006 (112070733.169.000) 05/03 07:16:39 Image size of job updated: 2789140
	2648  -  MemoryUsage of job (MB)
	2711084  -  ResidentSetSize of job (KB)
...
006 (112070733.169.000) 05/03 07:21:39 Image size of job updated: 3454720
	3298  -  MemoryUsage of job (MB)
	3376664  -  ResidentSetSize of job (KB)
...
006 (112070733.169.000) 05/03 07:26:40 Image size of job updated: 4184708
	4011  -  MemoryUsage of job (MB)
	4106652  -  ResidentSetSize of job (KB)
...
006 (112070733.169.000) 05/03 07:31:41 Image size of job updated: 4775140
	4587  -  MemoryUsage of job (MB)
	4697084  -  ResidentSetSize of job (KB)
...
006 (112070733.169.000) 05/03 07:36:41 Image size of job updated: 5429556
	5227  -  MemoryUsage of job (MB)
	5351500  -  ResidentSetSize of job (KB)
...
006 (112070733.169.000) 05/03 07:41:42 Image size of job updated: 6170384
	5950  -  MemoryUsage of job (MB)
	6092328  -  ResidentSetSize of job (KB)
...
006 (112070733.169.000) 05/03 07:46:42 Image size of job updated: 6853340
	6617  -  MemoryUsage of job (MB)
	6775284  -  ResidentSetSize of job (KB)
...
006 (112070733.169.000) 05/03 07:51:43 Image size of job updated: 7520468
	7268  -  MemoryUsage of job (MB)
	7442412  -  ResidentSetSize of job (KB)
...
006 (112070733.169.000) 05/03 07:56:43 Image size of job updated: 8185236
	7918  -  MemoryUsage of job (MB)
	8107180  -  ResidentSetSize of job (KB)
...
006 (112070733.169.000) 05/03 08:01:43 Image size of job updated: 8896088
	8612  -  MemoryUsage of job (MB)
	8818032  -  ResidentSetSize of job (KB)
...
006 (112070733.169.000) 05/03 08:06:44 Image size of job updated: 9574172
	9274  -  MemoryUsage of job (MB)
	9496116  -  ResidentSetSize of job (KB)
...
006 (112070733.169.000) 05/03 08:11:45 Image size of job updated: 10119248
	9806  -  MemoryUsage of job (MB)
	10041192  -  ResidentSetSize of job (KB)
...
006 (112070733.169.000) 05/03 08:16:45 Image size of job updated: 10660404
	10335  -  MemoryUsage of job (MB)
	10582348  -  ResidentSetSize of job (KB)
...
006 (112070733.169.000) 05/03 08:21:46 Image size of job updated: 11167440
	10830  -  MemoryUsage of job (MB)
	11089384  -  ResidentSetSize of job (KB)
...
006 (112070733.169.000) 05/03 08:26:46 Image size of job updated: 11796648
	11444  -  MemoryUsage of job (MB)
	11718592  -  ResidentSetSize of job (KB)
...
006 (112070733.169.000) 05/03 08:31:47 Image size of job updated: 12331260
	11967  -  MemoryUsage of job (MB)
	12253204  -  ResidentSetSize of job (KB)
...
006 (112070733.169.000) 05/03 08:36:47 Image size of job updated: 12813680
	12438  -  MemoryUsage of job (MB)
	12735624  -  ResidentSetSize of job (KB)
...
006 (112070733.169.000) 05/03 08:41:48 Image size of job updated: 13472892
	13081  -  MemoryUsage of job (MB)
	13394836  -  ResidentSetSize of job (KB)
...
006 (112070733.169.000) 05/03 08:46:49 Image size of job updated: 14047520
	13643  -  MemoryUsage of job (MB)
	13969464  -  ResidentSetSize of job (KB)
...
006 (112070733.169.000) 05/03 08:51:50 Image size of job updated: 14636068
	14217  -  MemoryUsage of job (MB)
	14558012  -  ResidentSetSize of job (KB)
...
006 (112070733.169.000) 05/03 08:56:51 Image size of job updated: 15247304
	14814  -  MemoryUsage of job (MB)
	15169140  -  ResidentSetSize of job (KB)
...
006 (112070733.169.000) 05/03 09:01:51 Image size of job updated: 15831280
	15383  -  MemoryUsage of job (MB)
	15751824  -  ResidentSetSize of job (KB)
...
006 (112070733.169.000) 05/03 09:06:51 Image size of job updated: 16381692
	15919  -  MemoryUsage of job (MB)
	16300380  -  ResidentSetSize of job (KB)
...
006 (112070733.169.000) 05/03 09:11:52 Image size of job updated: 17021720
	16543  -  MemoryUsage of job (MB)
	16939624  -  ResidentSetSize of job (KB)
...
006 (112070733.169.000) 05/03 09:16:53 Image size of job updated: 17568764
	17076  -  MemoryUsage of job (MB)
	17485268  -  ResidentSetSize of job (KB)
...
006 (112070733.169.000) 05/03 09:21:54 Image size of job updated: 18158896
	17647  -  MemoryUsage of job (MB)
	18070012  -  ResidentSetSize of job (KB)
...
006 (112070733.169.000) 05/03 09:26:55 Image size of job updated: 18773876
	18238  -  MemoryUsage of job (MB)
	18674852  -  ResidentSetSize of job (KB)
...
006 (112070733.169.000) 05/03 09:31:55 Image size of job updated: 19340992
	18780  -  MemoryUsage of job (MB)
	19229936  -  ResidentSetSize of job (KB)
...
006 (112070733.169.000) 05/03 09:36:55 Image size of job updated: 19969576
	19377  -  MemoryUsage of job (MB)
	19841684  -  ResidentSetSize of job (KB)
...
006 (112070733.169.000) 05/03 09:41:56 Image size of job updated: 20501736
	19848  -  MemoryUsage of job (MB)
	20323960  -  ResidentSetSize of job (KB)
...
006 (112070733.169.000) 05/03 09:46:57 Image size of job updated: 21151344
	20379  -  MemoryUsage of job (MB)
	20867624  -  ResidentSetSize of job (KB)
...
006 (112070733.169.000) 05/03 09:51:57 Image size of job updated: 21551240
	20436  -  MemoryUsage of job (MB)
	20926348  -  ResidentSetSize of job (KB)
...
006 (112070733.169.000) 05/03 09:56:58 Image size of job updated: 22124316
	20448  -  MemoryUsage of job (MB)
	20937996  -  ResidentSetSize of job (KB)
...
006 (112070733.169.000) 05/03 10:01:59 Image size of job updated: 22602428
	20448  -  MemoryUsage of job (MB)
	20937996  -  ResidentSetSize of job (KB)
...
006 (112070733.169.000) 05/03 10:07:01 Image size of job updated: 23066784
	20448  -  MemoryUsage of job (MB)
	20937996  -  ResidentSetSize of job (KB)
...
006 (112070733.169.000) 05/03 10:07:20 Image size of job updated: 23075264
	20448  -  MemoryUsage of job (MB)
	20937996  -  ResidentSetSize of job (KB)
...
005 (112070733.169.000) 05/03 10:07:22 Job terminated.
	(1) Normal termination (return value 0)
		Usr 0 02:54:05, Sys 0 00:11:21  -  Run Remote Usage
		Usr 0 00:00:00, Sys 0 00:00:00  -  Run Local Usage
		Usr 0 02:54:05, Sys 0 00:11:21  -  Total Remote Usage
		Usr 0 00:00:00, Sys 0 00:00:00  -  Total Local Usage
	23070084  -  Run Bytes Sent By Job
	1780306432  -  Run Bytes Received By Job
	23070084  -  Total Bytes Sent By Job
	1780306432  -  Total Bytes Received By Job
	Partitionable Resources :      Usage  Request Allocated 
	   Cpus                 :       0.91        1         1 
	   Disk (KB)            : 6852281    20971520  21262993 
	   Ioheavy              :                             0 
	   Memory (MB)          :   20448       20480     20480 
...
