000 (112070733.103.000) 05/02 11:03:23 Job submitted from host: <128.104.100.44:9618?addrs=128.104.100.44-9618+[2607-f388-107c-501-90e2-baff-fe2c-2724]-9618&noUDP&sock=4699_0235_3>
...
001 (112070733.103.000) 05/03 05:04:39 Job executing on host: <128.105.245.192:9618?addrs=128.105.245.192-9618&noUDP&sock=5416_8105_44>
...
006 (112070733.103.000) 05/03 05:04:47 Image size of job updated: 624
	1  -  MemoryUsage of job (MB)
	624  -  ResidentSetSize of job (KB)
...
006 (112070733.103.000) 05/03 05:09:48 Image size of job updated: 648
	1  -  MemoryUsage of job (MB)
	648  -  ResidentSetSize of job (KB)
...
006 (112070733.103.000) 05/03 05:14:49 Image size of job updated: 656
	1  -  MemoryUsage of job (MB)
	656  -  ResidentSetSize of job (KB)
...
006 (112070733.103.000) 05/03 05:19:49 Image size of job updated: 411116
	326  -  MemoryUsage of job (MB)
	333120  -  ResidentSetSize of job (KB)
...
006 (112070733.103.000) 05/03 05:24:49 Image size of job updated: 728852
	636  -  MemoryUsage of job (MB)
	650856  -  ResidentSetSize of job (KB)
...
006 (112070733.103.000) 05/03 05:29:49 Image size of job updated: 1008388
	909  -  MemoryUsage of job (MB)
	930336  -  ResidentSetSize of job (KB)
...
006 (112070733.103.000) 05/03 05:34:50 Image size of job updated: 1559500
	1447  -  MemoryUsage of job (MB)
	1481448  -  ResidentSetSize of job (KB)
...
006 (112070733.103.000) 05/03 05:39:51 Image size of job updated: 2445224
	2312  -  MemoryUsage of job (MB)
	2367172  -  ResidentSetSize of job (KB)
...
006 (112070733.103.000) 05/03 05:44:51 Image size of job updated: 3387468
	3232  -  MemoryUsage of job (MB)
	3309416  -  ResidentSetSize of job (KB)
...
006 (112070733.103.000) 05/03 05:49:51 Image size of job updated: 4455600
	4275  -  MemoryUsage of job (MB)
	4377548  -  ResidentSetSize of job (KB)
...
006 (112070733.103.000) 05/03 05:54:52 Image size of job updated: 5554300
	5348  -  MemoryUsage of job (MB)
	5476248  -  ResidentSetSize of job (KB)
...
006 (112070733.103.000) 05/03 05:59:52 Image size of job updated: 6526716
	6298  -  MemoryUsage of job (MB)
	6448664  -  ResidentSetSize of job (KB)
...
006 (112070733.103.000) 05/03 06:04:52 Image size of job updated: 7381696
	7133  -  MemoryUsage of job (MB)
	7303644  -  ResidentSetSize of job (KB)
...
006 (112070733.103.000) 05/03 06:09:53 Image size of job updated: 8276268
	8007  -  MemoryUsage of job (MB)
	8198216  -  ResidentSetSize of job (KB)
...
006 (112070733.103.000) 05/03 06:14:53 Image size of job updated: 9011096
	8724  -  MemoryUsage of job (MB)
	8933044  -  ResidentSetSize of job (KB)
...
006 (112070733.103.000) 05/03 06:19:53 Image size of job updated: 9661828
	9360  -  MemoryUsage of job (MB)
	9583776  -  ResidentSetSize of job (KB)
...
006 (112070733.103.000) 05/03 06:24:55 Image size of job updated: 10341192
	10023  -  MemoryUsage of job (MB)
	10263140  -  ResidentSetSize of job (KB)
...
006 (112070733.103.000) 05/03 06:29:55 Image size of job updated: 11028376
	10694  -  MemoryUsage of job (MB)
	10950324  -  ResidentSetSize of job (KB)
...
006 (112070733.103.000) 05/03 06:34:55 Image size of job updated: 11736488
	11386  -  MemoryUsage of job (MB)
	11658436  -  ResidentSetSize of job (KB)
...
006 (112070733.103.000) 05/03 06:39:57 Image size of job updated: 12275136
	11912  -  MemoryUsage of job (MB)
	12197084  -  ResidentSetSize of job (KB)
...
006 (112070733.103.000) 05/03 06:44:57 Image size of job updated: 12681488
	12309  -  MemoryUsage of job (MB)
	12603436  -  ResidentSetSize of job (KB)
...
006 (112070733.103.000) 05/03 06:49:57 Image size of job updated: 13227448
	12842  -  MemoryUsage of job (MB)
	13149396  -  ResidentSetSize of job (KB)
...
006 (112070733.103.000) 05/03 06:54:58 Image size of job updated: 13847896
	13448  -  MemoryUsage of job (MB)
	13769844  -  ResidentSetSize of job (KB)
...
006 (112070733.103.000) 05/03 06:59:58 Image size of job updated: 14395320
	13982  -  MemoryUsage of job (MB)
	14317268  -  ResidentSetSize of job (KB)
...
006 (112070733.103.000) 05/03 07:04:58 Image size of job updated: 14987148
	14560  -  MemoryUsage of job (MB)
	14909096  -  ResidentSetSize of job (KB)
...
006 (112070733.103.000) 05/03 07:09:59 Image size of job updated: 15585196
	15144  -  MemoryUsage of job (MB)
	15506656  -  ResidentSetSize of job (KB)
...
006 (112070733.103.000) 05/03 07:15:00 Image size of job updated: 16280740
	15818  -  MemoryUsage of job (MB)
	16196708  -  ResidentSetSize of job (KB)
...
006 (112070733.103.000) 05/03 07:20:02 Image size of job updated: 16849492
	16363  -  MemoryUsage of job (MB)
	16754844  -  ResidentSetSize of job (KB)
...
006 (112070733.103.000) 05/03 07:25:01 Image size of job updated: 17441456
	16929  -  MemoryUsage of job (MB)
	17334892  -  ResidentSetSize of job (KB)
...
006 (112070733.103.000) 05/03 07:30:02 Image size of job updated: 18223972
	17677  -  MemoryUsage of job (MB)
	18100732  -  ResidentSetSize of job (KB)
...
006 (112070733.103.000) 05/03 07:35:03 Image size of job updated: 18898740
	18314  -  MemoryUsage of job (MB)
	18752664  -  ResidentSetSize of job (KB)
...
006 (112070733.103.000) 05/03 07:40:05 Image size of job updated: 19480296
	18855  -  MemoryUsage of job (MB)
	19306696  -  ResidentSetSize of job (KB)
...
006 (112070733.103.000) 05/03 07:45:04 Image size of job updated: 19942692
	19278  -  MemoryUsage of job (MB)
	19740188  -  ResidentSetSize of job (KB)
...
006 (112070733.103.000) 05/03 07:50:06 Image size of job updated: 20534108
	19785  -  MemoryUsage of job (MB)
	20259332  -  ResidentSetSize of job (KB)
...
006 (112070733.103.000) 05/03 07:55:05 Image size of job updated: 20878084
	20033  -  MemoryUsage of job (MB)
	20513780  -  ResidentSetSize of job (KB)
...
006 (112070733.103.000) 05/03 08:00:05 Image size of job updated: 21317956
	20276  -  MemoryUsage of job (MB)
	20762052  -  ResidentSetSize of job (KB)
...
006 (112070733.103.000) 05/03 08:05:06 Image size of job updated: 21810044
	20428  -  MemoryUsage of job (MB)
	20918128  -  ResidentSetSize of job (KB)
...
006 (112070733.103.000) 05/03 08:10:06 Image size of job updated: 22269888
	20428  -  MemoryUsage of job (MB)
	20918196  -  ResidentSetSize of job (KB)
...
006 (112070733.103.000) 05/03 08:15:20 Image size of job updated: 22670468
	20436  -  MemoryUsage of job (MB)
	20926404  -  ResidentSetSize of job (KB)
...
006 (112070733.103.000) 05/03 08:20:10 Image size of job updated: 22885384
	20447  -  MemoryUsage of job (MB)
	20937396  -  ResidentSetSize of job (KB)
...
005 (112070733.103.000) 05/03 08:24:48 Job terminated.
	(1) Normal termination (return value 0)
		Usr 0 02:28:10, Sys 0 00:09:21  -  Run Remote Usage
		Usr 0 00:00:00, Sys 0 00:00:00  -  Run Local Usage
		Usr 0 02:28:10, Sys 0 00:09:21  -  Total Remote Usage
		Usr 0 00:00:00, Sys 0 00:00:00  -  Total Local Usage
	23002916  -  Run Bytes Sent By Job
	1780306432  -  Run Bytes Received By Job
	23002916  -  Total Bytes Sent By Job
	1780306432  -  Total Bytes Received By Job
	Partitionable Resources :      Usage  Request Allocated 
	   Cpus                 :       0.58        1         1 
	   Disk (KB)            : 6852216    20971520  21275534 
	   Ioheavy              :                             0 
	   Memory (MB)          :   20447       20480     20480 
...
