000 (112070733.175.000) 05/02 11:03:23 Job submitted from host: <128.104.100.44:9618?addrs=128.104.100.44-9618+[2607-f388-107c-501-90e2-baff-fe2c-2724]-9618&noUDP&sock=4699_0235_3>
...
001 (112070733.175.000) 05/03 06:33:36 Job executing on host: <128.105.245.137:9618?addrs=128.105.245.137-9618&noUDP&sock=5431_caf1_46>
...
006 (112070733.175.000) 05/03 06:33:45 Image size of job updated: 624
	1  -  MemoryUsage of job (MB)
	624  -  ResidentSetSize of job (KB)
...
006 (112070733.175.000) 05/03 06:38:46 Image size of job updated: 287628
	205  -  MemoryUsage of job (MB)
	209640  -  ResidentSetSize of job (KB)
...
006 (112070733.175.000) 05/03 06:43:47 Image size of job updated: 630304
	540  -  MemoryUsage of job (MB)
	552308  -  ResidentSetSize of job (KB)
...
006 (112070733.175.000) 05/03 06:48:47 Image size of job updated: 986572
	888  -  MemoryUsage of job (MB)
	908520  -  ResidentSetSize of job (KB)
...
006 (112070733.175.000) 05/03 06:53:48 Image size of job updated: 1405576
	1297  -  MemoryUsage of job (MB)
	1327524  -  ResidentSetSize of job (KB)
...
006 (112070733.175.000) 05/03 06:58:49 Image size of job updated: 1836660
	1718  -  MemoryUsage of job (MB)
	1758608  -  ResidentSetSize of job (KB)
...
006 (112070733.175.000) 05/03 07:03:49 Image size of job updated: 2394112
	2262  -  MemoryUsage of job (MB)
	2316060  -  ResidentSetSize of job (KB)
...
006 (112070733.175.000) 05/03 07:08:49 Image size of job updated: 2968028
	2823  -  MemoryUsage of job (MB)
	2889976  -  ResidentSetSize of job (KB)
...
006 (112070733.175.000) 05/03 07:13:51 Image size of job updated: 3681756
	3520  -  MemoryUsage of job (MB)
	3603704  -  ResidentSetSize of job (KB)
...
006 (112070733.175.000) 05/03 07:18:51 Image size of job updated: 4428756
	4249  -  MemoryUsage of job (MB)
	4350704  -  ResidentSetSize of job (KB)
...
006 (112070733.175.000) 05/03 07:23:51 Image size of job updated: 5136612
	4940  -  MemoryUsage of job (MB)
	5058560  -  ResidentSetSize of job (KB)
...
006 (112070733.175.000) 05/03 07:28:51 Image size of job updated: 5794480
	5583  -  MemoryUsage of job (MB)
	5716428  -  ResidentSetSize of job (KB)
...
006 (112070733.175.000) 05/03 07:33:52 Image size of job updated: 6423284
	6197  -  MemoryUsage of job (MB)
	6345232  -  ResidentSetSize of job (KB)
...
006 (112070733.175.000) 05/03 07:38:52 Image size of job updated: 7032952
	6792  -  MemoryUsage of job (MB)
	6954900  -  ResidentSetSize of job (KB)
...
006 (112070733.175.000) 05/03 07:43:52 Image size of job updated: 7758916
	7501  -  MemoryUsage of job (MB)
	7680864  -  ResidentSetSize of job (KB)
...
006 (112070733.175.000) 05/03 07:48:53 Image size of job updated: 8378036
	8106  -  MemoryUsage of job (MB)
	8299984  -  ResidentSetSize of job (KB)
...
006 (112070733.175.000) 05/03 07:53:54 Image size of job updated: 8736316
	8456  -  MemoryUsage of job (MB)
	8658264  -  ResidentSetSize of job (KB)
...
006 (112070733.175.000) 05/03 07:58:54 Image size of job updated: 9281140
	8988  -  MemoryUsage of job (MB)
	9203088  -  ResidentSetSize of job (KB)
...
006 (112070733.175.000) 05/03 08:03:55 Image size of job updated: 9874940
	9568  -  MemoryUsage of job (MB)
	9796888  -  ResidentSetSize of job (KB)
...
006 (112070733.175.000) 05/03 08:08:55 Image size of job updated: 10417748
	10098  -  MemoryUsage of job (MB)
	10339696  -  ResidentSetSize of job (KB)
...
006 (112070733.175.000) 05/03 08:13:55 Image size of job updated: 10935492
	10603  -  MemoryUsage of job (MB)
	10857440  -  ResidentSetSize of job (KB)
...
006 (112070733.175.000) 05/03 08:18:55 Image size of job updated: 11486148
	11141  -  MemoryUsage of job (MB)
	11408096  -  ResidentSetSize of job (KB)
...
006 (112070733.175.000) 05/03 08:23:56 Image size of job updated: 12111804
	11752  -  MemoryUsage of job (MB)
	12033752  -  ResidentSetSize of job (KB)
...
006 (112070733.175.000) 05/03 08:28:57 Image size of job updated: 12583904
	12213  -  MemoryUsage of job (MB)
	12505852  -  ResidentSetSize of job (KB)
...
006 (112070733.175.000) 05/03 08:33:58 Image size of job updated: 13175388
	12791  -  MemoryUsage of job (MB)
	13097336  -  ResidentSetSize of job (KB)
...
006 (112070733.175.000) 05/03 08:38:58 Image size of job updated: 13611372
	13217  -  MemoryUsage of job (MB)
	13533320  -  ResidentSetSize of job (KB)
...
006 (112070733.175.000) 05/03 08:43:59 Image size of job updated: 14243276
	13834  -  MemoryUsage of job (MB)
	14165224  -  ResidentSetSize of job (KB)
...
006 (112070733.175.000) 05/03 08:49:01 Image size of job updated: 14830920
	14408  -  MemoryUsage of job (MB)
	14752868  -  ResidentSetSize of job (KB)
...
006 (112070733.175.000) 05/03 08:54:00 Image size of job updated: 15325696
	14891  -  MemoryUsage of job (MB)
	15247644  -  ResidentSetSize of job (KB)
...
006 (112070733.175.000) 05/03 08:59:01 Image size of job updated: 15983380
	15533  -  MemoryUsage of job (MB)
	15905328  -  ResidentSetSize of job (KB)
...
006 (112070733.175.000) 05/03 09:04:01 Image size of job updated: 16586148
	16122  -  MemoryUsage of job (MB)
	16508096  -  ResidentSetSize of job (KB)
...
006 (112070733.175.000) 05/03 09:09:01 Image size of job updated: 17280508
	16798  -  MemoryUsage of job (MB)
	17201100  -  ResidentSetSize of job (KB)
...
006 (112070733.175.000) 05/03 09:14:02 Image size of job updated: 17954704
	17457  -  MemoryUsage of job (MB)
	17875412  -  ResidentSetSize of job (KB)
...
006 (112070733.175.000) 05/03 09:19:02 Image size of job updated: 18813812
	18295  -  MemoryUsage of job (MB)
	18733628  -  ResidentSetSize of job (KB)
...
006 (112070733.175.000) 05/03 09:24:04 Image size of job updated: 19562948
	19023  -  MemoryUsage of job (MB)
	19478668  -  ResidentSetSize of job (KB)
...
006 (112070733.175.000) 05/03 09:29:03 Image size of job updated: 20242132
	19669  -  MemoryUsage of job (MB)
	20140308  -  ResidentSetSize of job (KB)
...
006 (112070733.175.000) 05/03 09:34:04 Image size of job updated: 20887296
	20159  -  MemoryUsage of job (MB)
	20641856  -  ResidentSetSize of job (KB)
...
006 (112070733.175.000) 05/03 09:39:04 Image size of job updated: 21485044
	20433  -  MemoryUsage of job (MB)
	20922668  -  ResidentSetSize of job (KB)
...
006 (112070733.175.000) 05/03 09:44:04 Image size of job updated: 22143864
	20446  -  MemoryUsage of job (MB)
	20936660  -  ResidentSetSize of job (KB)
...
006 (112070733.175.000) 05/03 09:49:06 Image size of job updated: 22771660
	20466  -  MemoryUsage of job (MB)
	20956944  -  ResidentSetSize of job (KB)
...
006 (112070733.175.000) 05/03 09:54:05 Image size of job updated: 22963412
	20466  -  MemoryUsage of job (MB)
	20956944  -  ResidentSetSize of job (KB)
...
005 (112070733.175.000) 05/03 09:57:48 Job terminated.
	(1) Normal termination (return value 0)
		Usr 0 02:27:43, Sys 0 00:06:01  -  Run Remote Usage
		Usr 0 00:00:00, Sys 0 00:00:00  -  Run Local Usage
		Usr 0 02:27:43, Sys 0 00:06:01  -  Total Remote Usage
		Usr 0 00:00:00, Sys 0 00:00:00  -  Total Local Usage
	23026922  -  Run Bytes Sent By Job
	1780306432  -  Run Bytes Received By Job
	23026922  -  Total Bytes Sent By Job
	1780306432  -  Total Bytes Received By Job
	Partitionable Resources :      Usage  Request Allocated 
	   Cpus                 :       0.25        1         1 
	   Disk (KB)            : 6852238    20971520  21158961 
	   Ioheavy              :                             0 
	   Memory (MB)          :   20466       20480     20480 
...
