000 (112070733.137.000) 05/02 11:03:23 Job submitted from host: <128.104.100.44:9618?addrs=128.104.100.44-9618+[2607-f388-107c-501-90e2-baff-fe2c-2724]-9618&noUDP&sock=4699_0235_3>
...
001 (112070733.137.000) 05/03 05:53:25 Job executing on host: <128.105.245.182:9618?addrs=128.105.245.182-9618&noUDP&sock=5445_6544_46>
...
006 (112070733.137.000) 05/03 05:53:35 Image size of job updated: 620
	1  -  MemoryUsage of job (MB)
	620  -  ResidentSetSize of job (KB)
...
006 (112070733.137.000) 05/03 05:58:35 Image size of job updated: 628
	1  -  MemoryUsage of job (MB)
	628  -  ResidentSetSize of job (KB)
...
006 (112070733.137.000) 05/03 06:08:40 Image size of job updated: 652
	1  -  MemoryUsage of job (MB)
	652  -  ResidentSetSize of job (KB)
...
006 (112070733.137.000) 05/03 06:13:38 Image size of job updated: 656
	1  -  MemoryUsage of job (MB)
	656  -  ResidentSetSize of job (KB)
...
006 (112070733.137.000) 05/03 06:18:38 Image size of job updated: 668
	1  -  MemoryUsage of job (MB)
	668  -  ResidentSetSize of job (KB)
...
006 (112070733.137.000) 05/03 06:23:38 Image size of job updated: 365384
	281  -  MemoryUsage of job (MB)
	287388  -  ResidentSetSize of job (KB)
...
006 (112070733.137.000) 05/03 06:33:39 Image size of job updated: 470084
	383  -  MemoryUsage of job (MB)
	392088  -  ResidentSetSize of job (KB)
...
006 (112070733.137.000) 05/03 06:38:40 Image size of job updated: 765936
	672  -  MemoryUsage of job (MB)
	687904  -  ResidentSetSize of job (KB)
...
006 (112070733.137.000) 05/03 06:43:40 Image size of job updated: 942084
	844  -  MemoryUsage of job (MB)
	864032  -  ResidentSetSize of job (KB)
...
006 (112070733.137.000) 05/03 06:48:42 Image size of job updated: 1157124
	1054  -  MemoryUsage of job (MB)
	1079072  -  ResidentSetSize of job (KB)
...
006 (112070733.137.000) 05/03 06:53:41 Image size of job updated: 1538072
	1426  -  MemoryUsage of job (MB)
	1460020  -  ResidentSetSize of job (KB)
...
006 (112070733.137.000) 05/03 06:58:43 Image size of job updated: 2019736
	1897  -  MemoryUsage of job (MB)
	1941684  -  ResidentSetSize of job (KB)
...
006 (112070733.137.000) 05/03 07:03:43 Image size of job updated: 2624944
	2488  -  MemoryUsage of job (MB)
	2546892  -  ResidentSetSize of job (KB)
...
006 (112070733.137.000) 05/03 07:08:44 Image size of job updated: 3070616
	2923  -  MemoryUsage of job (MB)
	2992564  -  ResidentSetSize of job (KB)
...
006 (112070733.137.000) 05/03 07:23:45 Image size of job updated: 3602956
	3443  -  MemoryUsage of job (MB)
	3524904  -  ResidentSetSize of job (KB)
...
006 (112070733.137.000) 05/03 07:28:45 Image size of job updated: 4184700
	4011  -  MemoryUsage of job (MB)
	4106648  -  ResidentSetSize of job (KB)
...
006 (112070733.137.000) 05/03 07:33:46 Image size of job updated: 4818044
	4629  -  MemoryUsage of job (MB)
	4739992  -  ResidentSetSize of job (KB)
...
006 (112070733.137.000) 05/03 07:38:46 Image size of job updated: 5306900
	5107  -  MemoryUsage of job (MB)
	5228848  -  ResidentSetSize of job (KB)
...
006 (112070733.137.000) 05/03 07:43:46 Image size of job updated: 5560560
	5355  -  MemoryUsage of job (MB)
	5482508  -  ResidentSetSize of job (KB)
...
006 (112070733.137.000) 05/03 07:48:47 Image size of job updated: 6225804
	6004  -  MemoryUsage of job (MB)
	6147752  -  ResidentSetSize of job (KB)
...
006 (112070733.137.000) 05/03 07:53:47 Image size of job updated: 6883312
	6646  -  MemoryUsage of job (MB)
	6805260  -  ResidentSetSize of job (KB)
...
006 (112070733.137.000) 05/03 07:58:48 Image size of job updated: 7680464
	7425  -  MemoryUsage of job (MB)
	7602412  -  ResidentSetSize of job (KB)
...
006 (112070733.137.000) 05/03 08:03:48 Image size of job updated: 8352120
	8081  -  MemoryUsage of job (MB)
	8274068  -  ResidentSetSize of job (KB)
...
006 (112070733.137.000) 05/03 08:08:48 Image size of job updated: 9082176
	8794  -  MemoryUsage of job (MB)
	9004124  -  ResidentSetSize of job (KB)
...
006 (112070733.137.000) 05/03 08:13:50 Image size of job updated: 9748192
	9444  -  MemoryUsage of job (MB)
	9670140  -  ResidentSetSize of job (KB)
...
006 (112070733.137.000) 05/03 08:18:49 Image size of job updated: 10028068
	9717  -  MemoryUsage of job (MB)
	9950016  -  ResidentSetSize of job (KB)
...
006 (112070733.137.000) 05/03 08:23:52 Image size of job updated: 10270656
	9954  -  MemoryUsage of job (MB)
	10192604  -  ResidentSetSize of job (KB)
...
006 (112070733.137.000) 05/03 08:28:50 Image size of job updated: 10480212
	10159  -  MemoryUsage of job (MB)
	10402160  -  ResidentSetSize of job (KB)
...
006 (112070733.137.000) 05/03 08:33:50 Image size of job updated: 10689148
	10363  -  MemoryUsage of job (MB)
	10611096  -  ResidentSetSize of job (KB)
...
006 (112070733.137.000) 05/03 08:38:51 Image size of job updated: 11030424
	10696  -  MemoryUsage of job (MB)
	10952372  -  ResidentSetSize of job (KB)
...
006 (112070733.137.000) 05/03 08:43:51 Image size of job updated: 11543636
	11197  -  MemoryUsage of job (MB)
	11465584  -  ResidentSetSize of job (KB)
...
006 (112070733.137.000) 05/03 08:48:52 Image size of job updated: 12286108
	11922  -  MemoryUsage of job (MB)
	12208056  -  ResidentSetSize of job (KB)
...
006 (112070733.137.000) 05/03 08:53:51 Image size of job updated: 12911616
	12533  -  MemoryUsage of job (MB)
	12833564  -  ResidentSetSize of job (KB)
...
006 (112070733.137.000) 05/03 08:58:52 Image size of job updated: 13352020
	12963  -  MemoryUsage of job (MB)
	13273968  -  ResidentSetSize of job (KB)
...
006 (112070733.137.000) 05/03 09:03:52 Image size of job updated: 13590684
	13196  -  MemoryUsage of job (MB)
	13512632  -  ResidentSetSize of job (KB)
...
006 (112070733.137.000) 05/03 09:08:53 Image size of job updated: 13862980
	13462  -  MemoryUsage of job (MB)
	13784928  -  ResidentSetSize of job (KB)
...
006 (112070733.137.000) 05/03 09:13:54 Image size of job updated: 14326856
	13915  -  MemoryUsage of job (MB)
	14248804  -  ResidentSetSize of job (KB)
...
006 (112070733.137.000) 05/03 09:19:00 Image size of job updated: 14612856
	14195  -  MemoryUsage of job (MB)
	14534804  -  ResidentSetSize of job (KB)
...
006 (112070733.137.000) 05/03 09:23:54 Image size of job updated: 14795680
	14373  -  MemoryUsage of job (MB)
	14717628  -  ResidentSetSize of job (KB)
...
006 (112070733.137.000) 05/03 09:28:54 Image size of job updated: 15031780
	14604  -  MemoryUsage of job (MB)
	14953728  -  ResidentSetSize of job (KB)
...
006 (112070733.137.000) 05/03 09:33:55 Image size of job updated: 15290608
	14857  -  MemoryUsage of job (MB)
	15212556  -  ResidentSetSize of job (KB)
...
006 (112070733.137.000) 05/03 09:38:55 Image size of job updated: 15556008
	15116  -  MemoryUsage of job (MB)
	15477956  -  ResidentSetSize of job (KB)
...
006 (112070733.137.000) 05/03 09:44:03 Image size of job updated: 15990512
	15540  -  MemoryUsage of job (MB)
	15912460  -  ResidentSetSize of job (KB)
...
006 (112070733.137.000) 05/03 09:48:56 Image size of job updated: 16291860
	15834  -  MemoryUsage of job (MB)
	16213552  -  ResidentSetSize of job (KB)
...
006 (112070733.137.000) 05/03 09:54:02 Image size of job updated: 16572216
	16107  -  MemoryUsage of job (MB)
	16493556  -  ResidentSetSize of job (KB)
...
006 (112070733.137.000) 05/03 09:59:01 Image size of job updated: 16821716
	16351  -  MemoryUsage of job (MB)
	16742500  -  ResidentSetSize of job (KB)
...
006 (112070733.137.000) 05/03 10:03:58 Image size of job updated: 17091236
	16613  -  MemoryUsage of job (MB)
	17011220  -  ResidentSetSize of job (KB)
...
006 (112070733.137.000) 05/03 10:09:00 Image size of job updated: 17431864
	16945  -  MemoryUsage of job (MB)
	17351464  -  ResidentSetSize of job (KB)
...
006 (112070733.137.000) 05/03 10:14:00 Image size of job updated: 17685548
	17193  -  MemoryUsage of job (MB)
	17605020  -  ResidentSetSize of job (KB)
...
006 (112070733.137.000) 05/03 10:19:00 Image size of job updated: 18198588
	17692  -  MemoryUsage of job (MB)
	18116140  -  ResidentSetSize of job (KB)
...
006 (112070733.137.000) 05/03 10:24:02 Image size of job updated: 18827248
	18305  -  MemoryUsage of job (MB)
	18743396  -  ResidentSetSize of job (KB)
...
006 (112070733.137.000) 05/03 10:29:02 Image size of job updated: 19179060
	18646  -  MemoryUsage of job (MB)
	19092928  -  ResidentSetSize of job (KB)
...
006 (112070733.137.000) 05/03 10:34:04 Image size of job updated: 19489484
	18949  -  MemoryUsage of job (MB)
	19403624  -  ResidentSetSize of job (KB)
...
006 (112070733.137.000) 05/03 10:39:08 Image size of job updated: 19940760
	19383  -  MemoryUsage of job (MB)
	19847272  -  ResidentSetSize of job (KB)
...
006 (112070733.137.000) 05/03 10:44:04 Image size of job updated: 20380024
	19794  -  MemoryUsage of job (MB)
	20268728  -  ResidentSetSize of job (KB)
...
006 (112070733.137.000) 05/03 10:49:05 Image size of job updated: 20590092
	19976  -  MemoryUsage of job (MB)
	20454808  -  ResidentSetSize of job (KB)
...
006 (112070733.137.000) 05/03 10:54:05 Image size of job updated: 21129160
	20398  -  MemoryUsage of job (MB)
	20886812  -  ResidentSetSize of job (KB)
...
006 (112070733.137.000) 05/03 10:59:06 Image size of job updated: 21450344
	20441  -  MemoryUsage of job (MB)
	20931116  -  ResidentSetSize of job (KB)
...
006 (112070733.137.000) 05/03 11:04:06 Image size of job updated: 21730020
	20453  -  MemoryUsage of job (MB)
	20943796  -  ResidentSetSize of job (KB)
...
006 (112070733.137.000) 05/03 11:09:06 Image size of job updated: 21819760
	20453  -  MemoryUsage of job (MB)
	20943796  -  ResidentSetSize of job (KB)
...
006 (112070733.137.000) 05/03 11:14:06 Image size of job updated: 21872612
	20453  -  MemoryUsage of job (MB)
	20943796  -  ResidentSetSize of job (KB)
...
006 (112070733.137.000) 05/03 11:19:06 Image size of job updated: 21940136
	20453  -  MemoryUsage of job (MB)
	20943796  -  ResidentSetSize of job (KB)
...
006 (112070733.137.000) 05/03 11:24:06 Image size of job updated: 22104668
	20453  -  MemoryUsage of job (MB)
	20943796  -  ResidentSetSize of job (KB)
...
006 (112070733.137.000) 05/03 11:29:08 Image size of job updated: 22190648
	20453  -  MemoryUsage of job (MB)
	20943796  -  ResidentSetSize of job (KB)
...
006 (112070733.137.000) 05/03 11:34:07 Image size of job updated: 22381008
	20466  -  MemoryUsage of job (MB)
	20956664  -  ResidentSetSize of job (KB)
...
006 (112070733.137.000) 05/03 11:39:08 Image size of job updated: 22564812
	20466  -  MemoryUsage of job (MB)
	20956664  -  ResidentSetSize of job (KB)
...
006 (112070733.137.000) 05/03 11:44:08 Image size of job updated: 22704648
	20466  -  MemoryUsage of job (MB)
	20956664  -  ResidentSetSize of job (KB)
...
006 (112070733.137.000) 05/03 11:49:09 Image size of job updated: 22868236
	20466  -  MemoryUsage of job (MB)
	20956664  -  ResidentSetSize of job (KB)
...
006 (112070733.137.000) 05/03 11:54:09 Image size of job updated: 22929900
	20466  -  MemoryUsage of job (MB)
	20956664  -  ResidentSetSize of job (KB)
...
006 (112070733.137.000) 05/03 11:59:11 Image size of job updated: 23014624
	20466  -  MemoryUsage of job (MB)
	20956664  -  ResidentSetSize of job (KB)
...
005 (112070733.137.000) 05/03 12:01:30 Job terminated.
	(1) Normal termination (return value 0)
		Usr 0 02:28:46, Sys 0 00:10:02  -  Run Remote Usage
		Usr 0 00:00:00, Sys 0 00:00:00  -  Run Local Usage
		Usr 0 02:28:46, Sys 0 00:10:02  -  Total Remote Usage
		Usr 0 00:00:00, Sys 0 00:00:00  -  Total Local Usage
	23080720  -  Run Bytes Sent By Job
	1780306432  -  Run Bytes Received By Job
	23080720  -  Total Bytes Sent By Job
	1780306432  -  Total Bytes Received By Job
	Partitionable Resources :      Usage  Request Allocated 
	   Cpus                 :       0.25        1         1 
	   Disk (KB)            : 6852290    20971520  21307673 
	   Ioheavy              :                             0 
	   Memory (MB)          :   20466       20480     20480 
...
