000 (112070733.096.000) 05/02 11:03:23 Job submitted from host: <128.104.100.44:9618?addrs=128.104.100.44-9618+[2607-f388-107c-501-90e2-baff-fe2c-2724]-9618&noUDP&sock=4699_0235_3>
...
001 (112070733.096.000) 05/03 04:51:06 Job executing on host: <128.105.245.150:9618?addrs=128.105.245.150-9618&noUDP&sock=5248_451c_27>
...
006 (112070733.096.000) 05/03 04:51:15 Image size of job updated: 624
	1  -  MemoryUsage of job (MB)
	624  -  ResidentSetSize of job (KB)
...
006 (112070733.096.000) 05/03 04:56:18 Image size of job updated: 317880
	235  -  MemoryUsage of job (MB)
	239884  -  ResidentSetSize of job (KB)
...
006 (112070733.096.000) 05/03 05:01:16 Image size of job updated: 653280
	562  -  MemoryUsage of job (MB)
	575284  -  ResidentSetSize of job (KB)
...
006 (112070733.096.000) 05/03 05:06:17 Image size of job updated: 1094396
	993  -  MemoryUsage of job (MB)
	1016344  -  ResidentSetSize of job (KB)
...
006 (112070733.096.000) 05/03 05:11:18 Image size of job updated: 1650464
	1536  -  MemoryUsage of job (MB)
	1572412  -  ResidentSetSize of job (KB)
...
006 (112070733.096.000) 05/03 05:16:18 Image size of job updated: 2316660
	2187  -  MemoryUsage of job (MB)
	2238608  -  ResidentSetSize of job (KB)
...
006 (112070733.096.000) 05/03 05:21:18 Image size of job updated: 2978292
	2833  -  MemoryUsage of job (MB)
	2900240  -  ResidentSetSize of job (KB)
...
006 (112070733.096.000) 05/03 05:26:19 Image size of job updated: 3860176
	3694  -  MemoryUsage of job (MB)
	3782124  -  ResidentSetSize of job (KB)
...
006 (112070733.096.000) 05/03 05:31:20 Image size of job updated: 4771100
	4584  -  MemoryUsage of job (MB)
	4693048  -  ResidentSetSize of job (KB)
...
006 (112070733.096.000) 05/03 05:36:21 Image size of job updated: 5559784
	5354  -  MemoryUsage of job (MB)
	5481732  -  ResidentSetSize of job (KB)
...
006 (112070733.096.000) 05/03 05:41:21 Image size of job updated: 6401052
	6175  -  MemoryUsage of job (MB)
	6323000  -  ResidentSetSize of job (KB)
...
006 (112070733.096.000) 05/03 05:46:22 Image size of job updated: 7239388
	6994  -  MemoryUsage of job (MB)
	7161336  -  ResidentSetSize of job (KB)
...
006 (112070733.096.000) 05/03 05:51:24 Image size of job updated: 8001968
	7739  -  MemoryUsage of job (MB)
	7923916  -  ResidentSetSize of job (KB)
...
006 (112070733.096.000) 05/03 05:56:24 Image size of job updated: 8825836
	8543  -  MemoryUsage of job (MB)
	8747784  -  ResidentSetSize of job (KB)
...
006 (112070733.096.000) 05/03 06:01:24 Image size of job updated: 9576824
	9277  -  MemoryUsage of job (MB)
	9498772  -  ResidentSetSize of job (KB)
...
006 (112070733.096.000) 05/03 06:06:25 Image size of job updated: 10188800
	9874  -  MemoryUsage of job (MB)
	10110748  -  ResidentSetSize of job (KB)
...
006 (112070733.096.000) 05/03 06:11:25 Image size of job updated: 10895208
	10564  -  MemoryUsage of job (MB)
	10817156  -  ResidentSetSize of job (KB)
...
006 (112070733.096.000) 05/03 06:16:26 Image size of job updated: 11534288
	11188  -  MemoryUsage of job (MB)
	11456236  -  ResidentSetSize of job (KB)
...
006 (112070733.096.000) 05/03 06:21:27 Image size of job updated: 12280184
	11917  -  MemoryUsage of job (MB)
	12202132  -  ResidentSetSize of job (KB)
...
006 (112070733.096.000) 05/03 06:26:27 Image size of job updated: 12914576
	12536  -  MemoryUsage of job (MB)
	12836524  -  ResidentSetSize of job (KB)
...
006 (112070733.096.000) 05/03 06:31:28 Image size of job updated: 13561648
	13168  -  MemoryUsage of job (MB)
	13483596  -  ResidentSetSize of job (KB)
...
006 (112070733.096.000) 05/03 06:36:29 Image size of job updated: 14240172
	13831  -  MemoryUsage of job (MB)
	14162120  -  ResidentSetSize of job (KB)
...
006 (112070733.096.000) 05/03 06:41:29 Image size of job updated: 14920056
	14495  -  MemoryUsage of job (MB)
	14842004  -  ResidentSetSize of job (KB)
...
006 (112070733.096.000) 05/03 06:46:30 Image size of job updated: 15487192
	15048  -  MemoryUsage of job (MB)
	15409140  -  ResidentSetSize of job (KB)
...
006 (112070733.096.000) 05/03 06:51:31 Image size of job updated: 16112812
	15659  -  MemoryUsage of job (MB)
	16034760  -  ResidentSetSize of job (KB)
...
006 (112070733.096.000) 05/03 06:56:30 Image size of job updated: 16739456
	16271  -  MemoryUsage of job (MB)
	16661404  -  ResidentSetSize of job (KB)
...
006 (112070733.096.000) 05/03 07:01:31 Image size of job updated: 17346112
	16863  -  MemoryUsage of job (MB)
	17267456  -  ResidentSetSize of job (KB)
...
006 (112070733.096.000) 05/03 07:06:31 Image size of job updated: 17979184
	17481  -  MemoryUsage of job (MB)
	17899544  -  ResidentSetSize of job (KB)
...
006 (112070733.096.000) 05/03 07:11:31 Image size of job updated: 18600436
	18079  -  MemoryUsage of job (MB)
	18512484  -  ResidentSetSize of job (KB)
...
006 (112070733.096.000) 05/03 07:16:31 Image size of job updated: 19209644
	18669  -  MemoryUsage of job (MB)
	19116040  -  ResidentSetSize of job (KB)
...
006 (112070733.096.000) 05/03 07:21:33 Image size of job updated: 19718464
	19153  -  MemoryUsage of job (MB)
	19612020  -  ResidentSetSize of job (KB)
...
006 (112070733.096.000) 05/03 07:26:33 Image size of job updated: 20191596
	19602  -  MemoryUsage of job (MB)
	20072232  -  ResidentSetSize of job (KB)
...
006 (112070733.096.000) 05/03 07:31:36 Image size of job updated: 20837696
	20153  -  MemoryUsage of job (MB)
	20636424  -  ResidentSetSize of job (KB)
...
006 (112070733.096.000) 05/03 07:36:34 Image size of job updated: 21397664
	20450  -  MemoryUsage of job (MB)
	20939808  -  ResidentSetSize of job (KB)
...
006 (112070733.096.000) 05/03 07:41:34 Image size of job updated: 21729536
	20457  -  MemoryUsage of job (MB)
	20947968  -  ResidentSetSize of job (KB)
...
006 (112070733.096.000) 05/03 07:46:42 Image size of job updated: 22137688
	20457  -  MemoryUsage of job (MB)
	20947968  -  ResidentSetSize of job (KB)
...
006 (112070733.096.000) 05/03 07:51:35 Image size of job updated: 22530052
	20457  -  MemoryUsage of job (MB)
	20947968  -  ResidentSetSize of job (KB)
...
006 (112070733.096.000) 05/03 07:56:26 Image size of job updated: 23078100
	20457  -  MemoryUsage of job (MB)
	20947968  -  ResidentSetSize of job (KB)
...
005 (112070733.096.000) 05/03 07:56:28 Job terminated.
	(1) Normal termination (return value 0)
		Usr 0 02:34:28, Sys 0 00:07:13  -  Run Remote Usage
		Usr 0 00:00:00, Sys 0 00:00:00  -  Run Local Usage
		Usr 0 02:34:28, Sys 0 00:07:13  -  Total Remote Usage
		Usr 0 00:00:00, Sys 0 00:00:00  -  Total Local Usage
	23072212  -  Run Bytes Sent By Job
	1780306432  -  Run Bytes Received By Job
	23072212  -  Total Bytes Sent By Job
	1780306432  -  Total Bytes Received By Job
	Partitionable Resources :      Usage  Request Allocated 
	   Cpus                 :       0.94        1         1 
	   Disk (KB)            : 6852365    20971520  21320247 
	   Ioheavy              :                             0 
	   Memory (MB)          :   20457       20480     20480 
...
