000 (112045348.036.000) 05/01 17:44:19 Job submitted from host: <128.104.100.44:9618?addrs=128.104.100.44-9618+[2607-f388-107c-501-90e2-baff-fe2c-2724]-9618&noUDP&sock=4699_0235_3>
...
001 (112045348.036.000) 05/01 20:20:45 Job executing on host: <128.105.245.241:9618?addrs=128.105.245.241-9618&noUDP&sock=33549_66e8_3>
...
006 (112045348.036.000) 05/01 20:20:54 Image size of job updated: 648
	1  -  MemoryUsage of job (MB)
	648  -  ResidentSetSize of job (KB)
...
006 (112045348.036.000) 05/01 20:25:56 Image size of job updated: 331884
	248  -  MemoryUsage of job (MB)
	253888  -  ResidentSetSize of job (KB)
...
006 (112045348.036.000) 05/01 20:30:57 Image size of job updated: 684836
	593  -  MemoryUsage of job (MB)
	606840  -  ResidentSetSize of job (KB)
...
006 (112045348.036.000) 05/01 20:35:57 Image size of job updated: 1156808
	1054  -  MemoryUsage of job (MB)
	1078756  -  ResidentSetSize of job (KB)
...
006 (112045348.036.000) 05/01 20:40:57 Image size of job updated: 1720608
	1605  -  MemoryUsage of job (MB)
	1642556  -  ResidentSetSize of job (KB)
...
006 (112045348.036.000) 05/01 20:45:59 Image size of job updated: 2400224
	2268  -  MemoryUsage of job (MB)
	2322172  -  ResidentSetSize of job (KB)
...
006 (112045348.036.000) 05/01 20:50:05 Image size of job updated: 2953180
	2269  -  MemoryUsage of job (MB)
	2323264  -  ResidentSetSize of job (KB)
...
005 (112045348.036.000) 05/01 20:50:06 Job terminated.
	(1) Normal termination (return value 0)
		Usr 0 00:25:15, Sys 0 00:00:33  -  Run Remote Usage
		Usr 0 00:00:00, Sys 0 00:00:00  -  Run Local Usage
		Usr 0 00:25:15, Sys 0 00:00:33  -  Total Remote Usage
		Usr 0 00:00:00, Sys 0 00:00:00  -  Total Local Usage
	5864342  -  Run Bytes Sent By Job
	1780294912  -  Run Bytes Received By Job
	5864342  -  Total Bytes Sent By Job
	1780294912  -  Total Bytes Received By Job
	Partitionable Resources :      Usage  Request Allocated 
	   Cpus                 :       1.00        1         1 
	   Disk (KB)            : 6852590    20971520  21357134 
	   Ioheavy              :                             0 
	   Memory (MB)          :    2269       20480     20480 
...
