000 (112070733.084.000) 05/02 11:03:23 Job submitted from host: <128.104.100.44:9618?addrs=128.104.100.44-9618+[2607-f388-107c-501-90e2-baff-fe2c-2724]-9618&noUDP&sock=4699_0235_3>
...
001 (112070733.084.000) 05/03 04:39:56 Job executing on host: <128.105.245.222:9618?addrs=128.105.245.222-9618&noUDP&sock=5446_14dd_29>
...
006 (112070733.084.000) 05/03 04:40:04 Image size of job updated: 628
	1  -  MemoryUsage of job (MB)
	628  -  ResidentSetSize of job (KB)
...
006 (112070733.084.000) 05/03 04:45:04 Image size of job updated: 636
	1  -  MemoryUsage of job (MB)
	636  -  ResidentSetSize of job (KB)
...
006 (112070733.084.000) 05/03 04:55:11 Image size of job updated: 656
	1  -  MemoryUsage of job (MB)
	656  -  ResidentSetSize of job (KB)
...
006 (112070733.084.000) 05/03 05:00:06 Image size of job updated: 660
	1  -  MemoryUsage of job (MB)
	660  -  ResidentSetSize of job (KB)
...
006 (112070733.084.000) 05/03 05:30:09 Image size of job updated: 664
	1  -  MemoryUsage of job (MB)
	664  -  ResidentSetSize of job (KB)
...
006 (112070733.084.000) 05/03 05:35:10 Image size of job updated: 668
	1  -  MemoryUsage of job (MB)
	668  -  ResidentSetSize of job (KB)
...
006 (112070733.084.000) 05/03 05:40:10 Image size of job updated: 676
	1  -  MemoryUsage of job (MB)
	676  -  ResidentSetSize of job (KB)
...
006 (112070733.084.000) 05/03 06:00:11 Image size of job updated: 379832
	295  -  MemoryUsage of job (MB)
	301836  -  ResidentSetSize of job (KB)
...
006 (112070733.084.000) 05/03 06:05:11 Image size of job updated: 603064
	513  -  MemoryUsage of job (MB)
	525068  -  ResidentSetSize of job (KB)
...
006 (112070733.084.000) 05/03 06:10:12 Image size of job updated: 838652
	743  -  MemoryUsage of job (MB)
	760600  -  ResidentSetSize of job (KB)
...
006 (112070733.084.000) 05/03 06:15:12 Image size of job updated: 1111244
	1009  -  MemoryUsage of job (MB)
	1033192  -  ResidentSetSize of job (KB)
...
006 (112070733.084.000) 05/03 06:20:15 Image size of job updated: 1728368
	1612  -  MemoryUsage of job (MB)
	1650316  -  ResidentSetSize of job (KB)
...
006 (112070733.084.000) 05/03 06:25:13 Image size of job updated: 2526208
	2391  -  MemoryUsage of job (MB)
	2448156  -  ResidentSetSize of job (KB)
...
006 (112070733.084.000) 05/03 06:30:14 Image size of job updated: 3359744
	3205  -  MemoryUsage of job (MB)
	3281692  -  ResidentSetSize of job (KB)
...
006 (112070733.084.000) 05/03 06:35:15 Image size of job updated: 4275212
	4099  -  MemoryUsage of job (MB)
	4197160  -  ResidentSetSize of job (KB)
...
006 (112070733.084.000) 05/03 06:40:16 Image size of job updated: 5235072
	5037  -  MemoryUsage of job (MB)
	5157020  -  ResidentSetSize of job (KB)
...
006 (112070733.084.000) 05/03 06:45:18 Image size of job updated: 6049848
	5832  -  MemoryUsage of job (MB)
	5971796  -  ResidentSetSize of job (KB)
...
006 (112070733.084.000) 05/03 06:50:17 Image size of job updated: 6833148
	6597  -  MemoryUsage of job (MB)
	6755096  -  ResidentSetSize of job (KB)
...
006 (112070733.084.000) 05/03 06:55:17 Image size of job updated: 7690688
	7435  -  MemoryUsage of job (MB)
	7612636  -  ResidentSetSize of job (KB)
...
006 (112070733.084.000) 05/03 07:00:18 Image size of job updated: 8657240
	8379  -  MemoryUsage of job (MB)
	8579188  -  ResidentSetSize of job (KB)
...
006 (112070733.084.000) 05/03 07:05:19 Image size of job updated: 9591512
	9291  -  MemoryUsage of job (MB)
	9513460  -  ResidentSetSize of job (KB)
...
006 (112070733.084.000) 05/03 07:10:19 Image size of job updated: 10340736
	10023  -  MemoryUsage of job (MB)
	10262684  -  ResidentSetSize of job (KB)
...
006 (112070733.084.000) 05/03 07:15:20 Image size of job updated: 11035620
	10701  -  MemoryUsage of job (MB)
	10957568  -  ResidentSetSize of job (KB)
...
006 (112070733.084.000) 05/03 07:20:20 Image size of job updated: 11881676
	11527  -  MemoryUsage of job (MB)
	11803624  -  ResidentSetSize of job (KB)
...
006 (112070733.084.000) 05/03 07:25:20 Image size of job updated: 12667320
	12295  -  MemoryUsage of job (MB)
	12589268  -  ResidentSetSize of job (KB)
...
006 (112070733.084.000) 05/03 07:30:21 Image size of job updated: 13351452
	12963  -  MemoryUsage of job (MB)
	13273400  -  ResidentSetSize of job (KB)
...
006 (112070733.084.000) 05/03 07:35:22 Image size of job updated: 14007824
	13604  -  MemoryUsage of job (MB)
	13929772  -  ResidentSetSize of job (KB)
...
006 (112070733.084.000) 05/03 07:40:22 Image size of job updated: 14800580
	14378  -  MemoryUsage of job (MB)
	14722528  -  ResidentSetSize of job (KB)
...
006 (112070733.084.000) 05/03 07:45:23 Image size of job updated: 15509892
	15071  -  MemoryUsage of job (MB)
	15431840  -  ResidentSetSize of job (KB)
...
006 (112070733.084.000) 05/03 07:50:31 Image size of job updated: 16265224
	15808  -  MemoryUsage of job (MB)
	16186920  -  ResidentSetSize of job (KB)
...
006 (112070733.084.000) 05/03 07:55:24 Image size of job updated: 16788248
	16317  -  MemoryUsage of job (MB)
	16707956  -  ResidentSetSize of job (KB)
...
006 (112070733.084.000) 05/03 08:00:24 Image size of job updated: 17435844
	16943  -  MemoryUsage of job (MB)
	17349272  -  ResidentSetSize of job (KB)
...
006 (112070733.084.000) 05/03 08:05:24 Image size of job updated: 18318888
	17797  -  MemoryUsage of job (MB)
	18223756  -  ResidentSetSize of job (KB)
...
006 (112070733.084.000) 05/03 08:10:25 Image size of job updated: 19239508
	18683  -  MemoryUsage of job (MB)
	19130416  -  ResidentSetSize of job (KB)
...
006 (112070733.084.000) 05/03 08:15:26 Image size of job updated: 20099044
	19502  -  MemoryUsage of job (MB)
	19969616  -  ResidentSetSize of job (KB)
...
006 (112070733.084.000) 05/03 08:20:26 Image size of job updated: 20497548
	19865  -  MemoryUsage of job (MB)
	20341148  -  ResidentSetSize of job (KB)
...
006 (112070733.084.000) 05/03 08:25:27 Image size of job updated: 21183108
	20368  -  MemoryUsage of job (MB)
	20856684  -  ResidentSetSize of job (KB)
...
006 (112070733.084.000) 05/03 08:30:27 Image size of job updated: 21818676
	20453  -  MemoryUsage of job (MB)
	20943812  -  ResidentSetSize of job (KB)
...
006 (112070733.084.000) 05/03 08:35:28 Image size of job updated: 22529504
	20453  -  MemoryUsage of job (MB)
	20943812  -  ResidentSetSize of job (KB)
...
006 (112070733.084.000) 05/03 08:40:28 Image size of job updated: 22978724
	20453  -  MemoryUsage of job (MB)
	20943812  -  ResidentSetSize of job (KB)
...
005 (112070733.084.000) 05/03 08:41:47 Job terminated.
	(1) Normal termination (return value 0)
		Usr 0 02:13:50, Sys 0 00:06:06  -  Run Remote Usage
		Usr 0 00:00:00, Sys 0 00:00:00  -  Run Local Usage
		Usr 0 02:13:50, Sys 0 00:06:06  -  Total Remote Usage
		Usr 0 00:00:00, Sys 0 00:00:00  -  Total Local Usage
	23159548  -  Run Bytes Sent By Job
	1780306432  -  Run Bytes Received By Job
	23159548  -  Total Bytes Sent By Job
	1780306432  -  Total Bytes Received By Job
	Partitionable Resources :      Usage  Request Allocated 
	   Cpus                 :       0.01        1         1 
	   Disk (KB)            : 6852368    20971520  21304905 
	   Ioheavy              :                             0 
	   Memory (MB)          :   20453       20480     20480 
...
