000 (112045348.138.000) 05/01 17:44:19 Job submitted from host: <128.104.100.44:9618?addrs=128.104.100.44-9618+[2607-f388-107c-501-90e2-baff-fe2c-2724]-9618&noUDP&sock=4699_0235_3>
...
001 (112045348.138.000) 05/01 22:06:41 Job executing on host: <128.105.245.138:9618?addrs=128.105.245.138-9618&noUDP&sock=5435_8952_3>
...
006 (112045348.138.000) 05/01 22:06:50 Image size of job updated: 620
	1  -  MemoryUsage of job (MB)
	620  -  ResidentSetSize of job (KB)
...
006 (112045348.138.000) 05/01 22:11:52 Image size of job updated: 311080
	228  -  MemoryUsage of job (MB)
	233084  -  ResidentSetSize of job (KB)
...
006 (112045348.138.000) 05/01 22:16:52 Image size of job updated: 685788
	594  -  MemoryUsage of job (MB)
	607792  -  ResidentSetSize of job (KB)
...
006 (112045348.138.000) 05/01 22:21:53 Image size of job updated: 1182968
	1080  -  MemoryUsage of job (MB)
	1104916  -  ResidentSetSize of job (KB)
...
006 (112045348.138.000) 05/01 22:26:54 Image size of job updated: 1818600
	1700  -  MemoryUsage of job (MB)
	1740548  -  ResidentSetSize of job (KB)
...
006 (112045348.138.000) 05/01 22:31:54 Image size of job updated: 2605284
	2468  -  MemoryUsage of job (MB)
	2527232  -  ResidentSetSize of job (KB)
...
006 (112045348.138.000) 05/01 22:36:55 Image size of job updated: 3478276
	3321  -  MemoryUsage of job (MB)
	3400224  -  ResidentSetSize of job (KB)
...
006 (112045348.138.000) 05/01 22:41:56 Image size of job updated: 4332560
	4155  -  MemoryUsage of job (MB)
	4254508  -  ResidentSetSize of job (KB)
...
006 (112045348.138.000) 05/01 22:46:56 Image size of job updated: 5146232
	4950  -  MemoryUsage of job (MB)
	5068180  -  ResidentSetSize of job (KB)
...
006 (112045348.138.000) 05/01 22:51:56 Image size of job updated: 5930992
	5716  -  MemoryUsage of job (MB)
	5852940  -  ResidentSetSize of job (KB)
...
006 (112045348.138.000) 05/01 22:56:57 Image size of job updated: 6768872
	6535  -  MemoryUsage of job (MB)
	6690820  -  ResidentSetSize of job (KB)
...
006 (112045348.138.000) 05/01 23:01:58 Image size of job updated: 7588928
	7335  -  MemoryUsage of job (MB)
	7510876  -  ResidentSetSize of job (KB)
...
006 (112045348.138.000) 05/01 23:06:59 Image size of job updated: 7588928
	7338  -  MemoryUsage of job (MB)
	7513824  -  ResidentSetSize of job (KB)
...
005 (112045348.138.000) 05/01 23:07:02 Job terminated.
	(1) Normal termination (return value 0)
		Usr 0 00:54:29, Sys 0 00:00:59  -  Run Remote Usage
		Usr 0 00:00:00, Sys 0 00:00:00  -  Run Local Usage
		Usr 0 00:54:29, Sys 0 00:00:59  -  Total Remote Usage
		Usr 0 00:00:00, Sys 0 00:00:00  -  Total Local Usage
	10918017  -  Run Bytes Sent By Job
	1780294912  -  Run Bytes Received By Job
	10918017  -  Total Bytes Sent By Job
	1780294912  -  Total Bytes Received By Job
	Partitionable Resources :      Usage  Request Allocated 
	   Cpus                 :       0.99        1         1 
	   Disk (KB)            : 6875515    20971520  21208709 
	   Ioheavy              :                             0 
	   Memory (MB)          :    7338       20480     20480 
...
