000 (112045348.042.000) 05/01 17:44:19 Job submitted from host: <128.104.100.44:9618?addrs=128.104.100.44-9618+[2607-f388-107c-501-90e2-baff-fe2c-2724]-9618&noUDP&sock=4699_0235_3>
...
001 (112045348.042.000) 05/01 20:32:23 Job executing on host: <128.105.245.152:9618?addrs=128.105.245.152-9618&noUDP&sock=5500_1efa_3>
...
006 (112045348.042.000) 05/01 20:32:32 Image size of job updated: 624
	1  -  MemoryUsage of job (MB)
	624  -  ResidentSetSize of job (KB)
...
006 (112045348.042.000) 05/01 20:37:34 Image size of job updated: 322276
	239  -  MemoryUsage of job (MB)
	244280  -  ResidentSetSize of job (KB)
...
006 (112045348.042.000) 05/01 20:42:34 Image size of job updated: 731864
	639  -  MemoryUsage of job (MB)
	653868  -  ResidentSetSize of job (KB)
...
006 (112045348.042.000) 05/01 20:47:34 Image size of job updated: 1166152
	1063  -  MemoryUsage of job (MB)
	1088100  -  ResidentSetSize of job (KB)
...
006 (112045348.042.000) 05/01 20:52:35 Image size of job updated: 1723876
	1608  -  MemoryUsage of job (MB)
	1645824  -  ResidentSetSize of job (KB)
...
006 (112045348.042.000) 05/01 20:57:36 Image size of job updated: 2403436
	2271  -  MemoryUsage of job (MB)
	2325384  -  ResidentSetSize of job (KB)
...
006 (112045348.042.000) 05/01 21:02:37 Image size of job updated: 3180356
	3030  -  MemoryUsage of job (MB)
	3102304  -  ResidentSetSize of job (KB)
...
006 (112045348.042.000) 05/01 21:07:37 Image size of job updated: 3988704
	3819  -  MemoryUsage of job (MB)
	3910652  -  ResidentSetSize of job (KB)
...
006 (112045348.042.000) 05/01 21:12:37 Image size of job updated: 4858152
	4669  -  MemoryUsage of job (MB)
	4780100  -  ResidentSetSize of job (KB)
...
006 (112045348.042.000) 05/01 21:17:37 Image size of job updated: 5702440
	5493  -  MemoryUsage of job (MB)
	5624388  -  ResidentSetSize of job (KB)
...
006 (112045348.042.000) 05/01 21:22:37 Image size of job updated: 6515452
	6287  -  MemoryUsage of job (MB)
	6437400  -  ResidentSetSize of job (KB)
...
006 (112045348.042.000) 05/01 21:27:38 Image size of job updated: 7333976
	7086  -  MemoryUsage of job (MB)
	7255924  -  ResidentSetSize of job (KB)
...
006 (112045348.042.000) 05/01 21:32:39 Image size of job updated: 8135872
	7869  -  MemoryUsage of job (MB)
	8057820  -  ResidentSetSize of job (KB)
...
006 (112045348.042.000) 05/01 21:35:09 Image size of job updated: 8499176
	7870  -  MemoryUsage of job (MB)
	8058792  -  ResidentSetSize of job (KB)
...
005 (112045348.042.000) 05/01 21:35:10 Job terminated.
	(1) Normal termination (return value 0)
		Usr 0 00:57:21, Sys 0 00:00:53  -  Run Remote Usage
		Usr 0 00:00:00, Sys 0 00:00:00  -  Run Local Usage
		Usr 0 00:57:21, Sys 0 00:00:53  -  Total Remote Usage
		Usr 0 00:00:00, Sys 0 00:00:00  -  Total Local Usage
	10833171  -  Run Bytes Sent By Job
	1780294912  -  Run Bytes Received By Job
	10833171  -  Total Bytes Sent By Job
	1780294912  -  Total Bytes Received By Job
	Partitionable Resources :      Usage  Request Allocated 
	   Cpus                 :       0.91        1         1 
	   Disk (KB)            : 6875431    20971520  21164189 
	   Ioheavy              :                             0 
	   Memory (MB)          :    7870       20480     20480 
...
