000 (112045348.074.000) 05/01 17:44:19 Job submitted from host: <128.104.100.44:9618?addrs=128.104.100.44-9618+[2607-f388-107c-501-90e2-baff-fe2c-2724]-9618&noUDP&sock=4699_0235_3>
...
001 (112045348.074.000) 05/01 21:12:05 Job executing on host: <128.105.245.225:9618?addrs=128.105.245.225-9618&noUDP&sock=19608_0919_26>
...
006 (112045348.074.000) 05/01 21:12:14 Image size of job updated: 624
	1  -  MemoryUsage of job (MB)
	624  -  ResidentSetSize of job (KB)
...
006 (112045348.074.000) 05/01 21:17:18 Image size of job updated: 648
	1  -  MemoryUsage of job (MB)
	648  -  ResidentSetSize of job (KB)
...
006 (112045348.074.000) 05/01 21:22:16 Image size of job updated: 664
	1  -  MemoryUsage of job (MB)
	664  -  ResidentSetSize of job (KB)
...
006 (112045348.074.000) 05/01 21:27:16 Image size of job updated: 567892
	479  -  MemoryUsage of job (MB)
	489896  -  ResidentSetSize of job (KB)
...
006 (112045348.074.000) 05/01 21:32:17 Image size of job updated: 996140
	897  -  MemoryUsage of job (MB)
	918088  -  ResidentSetSize of job (KB)
...
006 (112045348.074.000) 05/01 21:37:18 Image size of job updated: 1484824
	1374  -  MemoryUsage of job (MB)
	1406772  -  ResidentSetSize of job (KB)
...
006 (112045348.074.000) 05/01 21:42:18 Image size of job updated: 2158036
	2032  -  MemoryUsage of job (MB)
	2079984  -  ResidentSetSize of job (KB)
...
006 (112045348.074.000) 05/01 21:47:18 Image size of job updated: 2901588
	2758  -  MemoryUsage of job (MB)
	2823536  -  ResidentSetSize of job (KB)
...
006 (112045348.074.000) 05/01 21:52:19 Image size of job updated: 3810688
	3646  -  MemoryUsage of job (MB)
	3732636  -  ResidentSetSize of job (KB)
...
006 (112045348.074.000) 05/01 21:57:19 Image size of job updated: 4719860
	4534  -  MemoryUsage of job (MB)
	4641808  -  ResidentSetSize of job (KB)
...
006 (112045348.074.000) 05/01 22:02:19 Image size of job updated: 5534008
	5329  -  MemoryUsage of job (MB)
	5455956  -  ResidentSetSize of job (KB)
...
006 (112045348.074.000) 05/01 22:07:20 Image size of job updated: 6395396
	6170  -  MemoryUsage of job (MB)
	6317344  -  ResidentSetSize of job (KB)
...
006 (112045348.074.000) 05/01 22:12:21 Image size of job updated: 7214632
	6970  -  MemoryUsage of job (MB)
	7136580  -  ResidentSetSize of job (KB)
...
006 (112045348.074.000) 05/01 22:17:21 Image size of job updated: 7956396
	7694  -  MemoryUsage of job (MB)
	7878344  -  ResidentSetSize of job (KB)
...
006 (112045348.074.000) 05/01 22:20:32 Image size of job updated: 8494372
	7696  -  MemoryUsage of job (MB)
	7880120  -  ResidentSetSize of job (KB)
...
005 (112045348.074.000) 05/01 22:20:33 Job terminated.
	(1) Normal termination (return value 0)
		Usr 0 00:56:37, Sys 0 00:00:53  -  Run Remote Usage
		Usr 0 00:00:00, Sys 0 00:00:00  -  Run Local Usage
		Usr 0 00:56:37, Sys 0 00:00:53  -  Total Remote Usage
		Usr 0 00:00:00, Sys 0 00:00:00  -  Total Local Usage
	10824644  -  Run Bytes Sent By Job
	1780294912  -  Run Bytes Received By Job
	10824644  -  Total Bytes Sent By Job
	1780294912  -  Total Bytes Received By Job
	Partitionable Resources :      Usage  Request Allocated 
	   Cpus                 :       0.92        1         1 
	   Disk (KB)            : 6875423    20971520  21298655 
	   Ioheavy              :                             0 
	   Memory (MB)          :    7696       20480     20480 
...
