000 (112045348.175.000) 05/01 17:44:19 Job submitted from host: <128.104.100.44:9618?addrs=128.104.100.44-9618+[2607-f388-107c-501-90e2-baff-fe2c-2724]-9618&noUDP&sock=4699_0235_3>
...
001 (112045348.175.000) 05/01 22:51:58 Job executing on host: <128.105.245.213:9618?addrs=128.105.245.213-9618&noUDP&sock=5528_53a1_16>
...
006 (112045348.175.000) 05/01 22:52:08 Image size of job updated: 620
	1  -  MemoryUsage of job (MB)
	620  -  ResidentSetSize of job (KB)
...
006 (112045348.175.000) 05/01 22:57:25 Image size of job updated: 628
	1  -  MemoryUsage of job (MB)
	628  -  ResidentSetSize of job (KB)
...
006 (112045348.175.000) 05/01 23:22:11 Image size of job updated: 632
	1  -  MemoryUsage of job (MB)
	632  -  ResidentSetSize of job (KB)
...
006 (112045348.175.000) 05/01 23:42:16 Image size of job updated: 648
	1  -  MemoryUsage of job (MB)
	648  -  ResidentSetSize of job (KB)
...
006 (112045348.175.000) 05/01 23:52:16 Image size of job updated: 652
	1  -  MemoryUsage of job (MB)
	652  -  ResidentSetSize of job (KB)
...
006 (112045348.175.000) 05/02 01:22:29 Image size of job updated: 656
	1  -  MemoryUsage of job (MB)
	656  -  ResidentSetSize of job (KB)
...
006 (112045348.175.000) 05/02 01:47:32 Image size of job updated: 660
	1  -  MemoryUsage of job (MB)
	660  -  ResidentSetSize of job (KB)
...
006 (112045348.175.000) 05/02 01:52:29 Image size of job updated: 668
	1  -  MemoryUsage of job (MB)
	668  -  ResidentSetSize of job (KB)
...
006 (112045348.175.000) 05/02 02:02:30 Image size of job updated: 354180
	270  -  MemoryUsage of job (MB)
	276184  -  ResidentSetSize of job (KB)
...
006 (112045348.175.000) 05/02 02:07:30 Image size of job updated: 764492
	671  -  MemoryUsage of job (MB)
	686460  -  ResidentSetSize of job (KB)
...
006 (112045348.175.000) 05/02 02:12:30 Image size of job updated: 1159812
	1057  -  MemoryUsage of job (MB)
	1081760  -  ResidentSetSize of job (KB)
...
006 (112045348.175.000) 05/02 02:17:31 Image size of job updated: 1463432
	1353  -  MemoryUsage of job (MB)
	1385380  -  ResidentSetSize of job (KB)
...
006 (112045348.175.000) 05/02 02:22:32 Image size of job updated: 1986816
	1865  -  MemoryUsage of job (MB)
	1908764  -  ResidentSetSize of job (KB)
...
006 (112045348.175.000) 05/02 02:27:33 Image size of job updated: 2739828
	2600  -  MemoryUsage of job (MB)
	2661776  -  ResidentSetSize of job (KB)
...
006 (112045348.175.000) 05/02 02:32:33 Image size of job updated: 3681596
	3520  -  MemoryUsage of job (MB)
	3603544  -  ResidentSetSize of job (KB)
...
006 (112045348.175.000) 05/02 02:37:33 Image size of job updated: 4446084
	4266  -  MemoryUsage of job (MB)
	4368032  -  ResidentSetSize of job (KB)
...
006 (112045348.175.000) 05/02 02:42:28 Image size of job updated: 5276468
	4267  -  MemoryUsage of job (MB)
	4369084  -  ResidentSetSize of job (KB)
...
005 (112045348.175.000) 05/02 02:42:30 Job terminated.
	(1) Normal termination (return value 0)
		Usr 0 00:35:35, Sys 0 00:00:41  -  Run Remote Usage
		Usr 0 00:00:00, Sys 0 00:00:00  -  Run Local Usage
		Usr 0 00:35:35, Sys 0 00:00:41  -  Total Remote Usage
		Usr 0 00:00:00, Sys 0 00:00:00  -  Total Local Usage
	8100755  -  Run Bytes Sent By Job
	1780294912  -  Run Bytes Received By Job
	8100755  -  Total Bytes Sent By Job
	1780294912  -  Total Bytes Received By Job
	Partitionable Resources :      Usage  Request Allocated 
	   Cpus                 :       1.00        1         1 
	   Disk (KB)            : 6871906    20971520  21612912 
	   Ioheavy              :                             0 
	   Memory (MB)          :    4267       20480     20480 
...
