000 (112045348.087.000) 05/01 17:44:19 Job submitted from host: <128.104.100.44:9618?addrs=128.104.100.44-9618+[2607-f388-107c-501-90e2-baff-fe2c-2724]-9618&noUDP&sock=4699_0235_3>
...
001 (112045348.087.000) 05/01 21:33:39 Job executing on host: <128.105.245.152:9618?addrs=128.105.245.152-9618&noUDP&sock=5500_1efa_3>
...
006 (112045348.087.000) 05/01 21:33:48 Image size of job updated: 628
	1  -  MemoryUsage of job (MB)
	628  -  ResidentSetSize of job (KB)
...
006 (112045348.087.000) 05/01 21:38:49 Image size of job updated: 276048
	194  -  MemoryUsage of job (MB)
	198060  -  ResidentSetSize of job (KB)
...
006 (112045348.087.000) 05/01 21:43:50 Image size of job updated: 621300
	531  -  MemoryUsage of job (MB)
	543304  -  ResidentSetSize of job (KB)
...
006 (112045348.087.000) 05/01 21:48:49 Image size of job updated: 1063636
	963  -  MemoryUsage of job (MB)
	985584  -  ResidentSetSize of job (KB)
...
006 (112045348.087.000) 05/01 21:53:50 Image size of job updated: 1566908
	1454  -  MemoryUsage of job (MB)
	1488856  -  ResidentSetSize of job (KB)
...
006 (112045348.087.000) 05/01 21:58:50 Image size of job updated: 2217224
	2090  -  MemoryUsage of job (MB)
	2139172  -  ResidentSetSize of job (KB)
...
006 (112045348.087.000) 05/01 22:03:50 Image size of job updated: 2891184
	2748  -  MemoryUsage of job (MB)
	2813132  -  ResidentSetSize of job (KB)
...
006 (112045348.087.000) 05/01 22:08:50 Image size of job updated: 3722656
	3560  -  MemoryUsage of job (MB)
	3644604  -  ResidentSetSize of job (KB)
...
006 (112045348.087.000) 05/01 22:13:50 Image size of job updated: 4616832
	4433  -  MemoryUsage of job (MB)
	4538780  -  ResidentSetSize of job (KB)
...
006 (112045348.087.000) 05/01 22:17:57 Image size of job updated: 5279476
	4434  -  MemoryUsage of job (MB)
	4540324  -  ResidentSetSize of job (KB)
...
005 (112045348.087.000) 05/01 22:17:58 Job terminated.
	(1) Normal termination (return value 0)
		Usr 0 00:38:42, Sys 0 00:00:42  -  Run Remote Usage
		Usr 0 00:00:00, Sys 0 00:00:00  -  Run Local Usage
		Usr 0 00:38:42, Sys 0 00:00:42  -  Total Remote Usage
		Usr 0 00:00:00, Sys 0 00:00:00  -  Total Local Usage
	8113873  -  Run Bytes Sent By Job
	1780294912  -  Run Bytes Received By Job
	8113873  -  Total Bytes Sent By Job
	1780294912  -  Total Bytes Received By Job
	Partitionable Resources :      Usage  Request Allocated 
	   Cpus                 :       0.76        1         1 
	   Disk (KB)            : 6871920    20971520  21334125 
	   Ioheavy              :                             0 
	   Memory (MB)          :    4434       20480     20480 
...
