000 (112045348.159.000) 05/01 17:44:19 Job submitted from host: <128.104.100.44:9618?addrs=128.104.100.44-9618+[2607-f388-107c-501-90e2-baff-fe2c-2724]-9618&noUDP&sock=4699_0235_3>
...
001 (112045348.159.000) 05/01 22:25:08 Job executing on host: <128.105.245.198:9618?addrs=128.105.245.198-9618&noUDP&sock=25034_d1fb_29>
...
006 (112045348.159.000) 05/01 22:25:18 Image size of job updated: 616
	1  -  MemoryUsage of job (MB)
	616  -  ResidentSetSize of job (KB)
...
006 (112045348.159.000) 05/01 22:30:19 Image size of job updated: 382620
	298  -  MemoryUsage of job (MB)
	304624  -  ResidentSetSize of job (KB)
...
006 (112045348.159.000) 05/01 22:35:19 Image size of job updated: 756132
	663  -  MemoryUsage of job (MB)
	678136  -  ResidentSetSize of job (KB)
...
006 (112045348.159.000) 05/01 22:40:20 Image size of job updated: 1212224
	1108  -  MemoryUsage of job (MB)
	1134172  -  ResidentSetSize of job (KB)
...
006 (112045348.159.000) 05/01 22:45:21 Image size of job updated: 1894260
	1774  -  MemoryUsage of job (MB)
	1816208  -  ResidentSetSize of job (KB)
...
006 (112045348.159.000) 05/01 22:50:21 Image size of job updated: 2606408
	2470  -  MemoryUsage of job (MB)
	2528356  -  ResidentSetSize of job (KB)
...
006 (112045348.159.000) 05/01 22:52:44 Image size of job updated: 2951660
	2471  -  MemoryUsage of job (MB)
	2529328  -  ResidentSetSize of job (KB)
...
005 (112045348.159.000) 05/01 22:52:45 Job terminated.
	(1) Normal termination (return value 0)
		Usr 0 00:22:30, Sys 0 00:00:28  -  Run Remote Usage
		Usr 0 00:00:00, Sys 0 00:00:00  -  Run Local Usage
		Usr 0 00:22:30, Sys 0 00:00:28  -  Total Remote Usage
		Usr 0 00:00:00, Sys 0 00:00:00  -  Total Local Usage
	5859044  -  Run Bytes Sent By Job
	1780294912  -  Run Bytes Received By Job
	5859044  -  Total Bytes Sent By Job
	1780294912  -  Total Bytes Received By Job
	Partitionable Resources :      Usage  Request Allocated 
	   Cpus                 :       0.94        1         1 
	   Disk (KB)            : 6852585    20971520  22248109 
	   Ioheavy              :                             0 
	   Memory (MB)          :    2471       20480     20480 
...
