000 (112045348.135.000) 05/01 17:44:19 Job submitted from host: <128.104.100.44:9618?addrs=128.104.100.44-9618+[2607-f388-107c-501-90e2-baff-fe2c-2724]-9618&noUDP&sock=4699_0235_3>
...
001 (112045348.135.000) 05/01 22:05:59 Job executing on host: <128.105.245.246:9618?addrs=128.105.245.246-9618&noUDP&sock=5428_bc28_3>
...
006 (112045348.135.000) 05/01 22:06:08 Image size of job updated: 628
	1  -  MemoryUsage of job (MB)
	628  -  ResidentSetSize of job (KB)
...
006 (112045348.135.000) 05/01 22:11:09 Image size of job updated: 312172
	229  -  MemoryUsage of job (MB)
	234172  -  ResidentSetSize of job (KB)
...
006 (112045348.135.000) 05/01 22:16:09 Image size of job updated: 673980
	583  -  MemoryUsage of job (MB)
	595980  -  ResidentSetSize of job (KB)
...
006 (112045348.135.000) 05/01 22:21:10 Image size of job updated: 1155180
	1052  -  MemoryUsage of job (MB)
	1077124  -  ResidentSetSize of job (KB)
...
006 (112045348.135.000) 05/01 22:26:11 Image size of job updated: 1716020
	1600  -  MemoryUsage of job (MB)
	1637964  -  ResidentSetSize of job (KB)
...
006 (112045348.135.000) 05/01 22:31:11 Image size of job updated: 2402636
	2271  -  MemoryUsage of job (MB)
	2324580  -  ResidentSetSize of job (KB)
...
006 (112045348.135.000) 05/01 22:36:12 Image size of job updated: 3172468
	3022  -  MemoryUsage of job (MB)
	3094412  -  ResidentSetSize of job (KB)
...
006 (112045348.135.000) 05/01 22:41:12 Image size of job updated: 4077684
	3906  -  MemoryUsage of job (MB)
	3999628  -  ResidentSetSize of job (KB)
...
006 (112045348.135.000) 05/01 22:46:13 Image size of job updated: 4966516
	4774  -  MemoryUsage of job (MB)
	4888460  -  ResidentSetSize of job (KB)
...
006 (112045348.135.000) 05/01 22:51:14 Image size of job updated: 5883596
	5670  -  MemoryUsage of job (MB)
	5805540  -  ResidentSetSize of job (KB)
...
006 (112045348.135.000) 05/01 22:56:14 Image size of job updated: 6718880
	6486  -  MemoryUsage of job (MB)
	6640824  -  ResidentSetSize of job (KB)
...
006 (112045348.135.000) 05/01 23:01:14 Image size of job updated: 7546016
	7293  -  MemoryUsage of job (MB)
	7467960  -  ResidentSetSize of job (KB)
...
006 (112045348.135.000) 05/01 23:06:16 Image size of job updated: 8354496
	8083  -  MemoryUsage of job (MB)
	8276440  -  ResidentSetSize of job (KB)
...
006 (112045348.135.000) 05/01 23:11:16 Image size of job updated: 9079588
	8791  -  MemoryUsage of job (MB)
	9001532  -  ResidentSetSize of job (KB)
...
006 (112045348.135.000) 05/01 23:16:16 Image size of job updated: 9774028
	9469  -  MemoryUsage of job (MB)
	9695972  -  ResidentSetSize of job (KB)
...
006 (112045348.135.000) 05/01 23:21:17 Image size of job updated: 10483828
	10162  -  MemoryUsage of job (MB)
	10405772  -  ResidentSetSize of job (KB)
...
006 (112045348.135.000) 05/01 23:26:17 Image size of job updated: 11109380
	10773  -  MemoryUsage of job (MB)
	11031324  -  ResidentSetSize of job (KB)
...
006 (112045348.135.000) 05/01 23:31:17 Image size of job updated: 11864180
	11510  -  MemoryUsage of job (MB)
	11786124  -  ResidentSetSize of job (KB)
...
006 (112045348.135.000) 05/01 23:36:18 Image size of job updated: 12509016
	12140  -  MemoryUsage of job (MB)
	12430960  -  ResidentSetSize of job (KB)
...
006 (112045348.135.000) 05/01 23:41:18 Image size of job updated: 13185892
	12801  -  MemoryUsage of job (MB)
	13107836  -  ResidentSetSize of job (KB)
...
006 (112045348.135.000) 05/01 23:46:19 Image size of job updated: 13827836
	13428  -  MemoryUsage of job (MB)
	13749780  -  ResidentSetSize of job (KB)
...
006 (112045348.135.000) 05/01 23:51:20 Image size of job updated: 14507172
	14091  -  MemoryUsage of job (MB)
	14429116  -  ResidentSetSize of job (KB)
...
006 (112045348.135.000) 05/01 23:56:20 Image size of job updated: 15155740
	14725  -  MemoryUsage of job (MB)
	15077684  -  ResidentSetSize of job (KB)
...
006 (112045348.135.000) 05/02 00:01:21 Image size of job updated: 15818404
	15372  -  MemoryUsage of job (MB)
	15740348  -  ResidentSetSize of job (KB)
...
006 (112045348.135.000) 05/02 00:06:23 Image size of job updated: 16519656
	16057  -  MemoryUsage of job (MB)
	16441600  -  ResidentSetSize of job (KB)
...
006 (112045348.135.000) 05/02 00:11:23 Image size of job updated: 17174068
	16696  -  MemoryUsage of job (MB)
	17095756  -  ResidentSetSize of job (KB)
...
006 (112045348.135.000) 05/02 00:16:23 Image size of job updated: 17894816
	17398  -  MemoryUsage of job (MB)
	17815328  -  ResidentSetSize of job (KB)
...
006 (112045348.135.000) 05/02 00:21:24 Image size of job updated: 18579496
	18065  -  MemoryUsage of job (MB)
	18498436  -  ResidentSetSize of job (KB)
...
006 (112045348.135.000) 05/02 00:26:24 Image size of job updated: 19236684
	18702  -  MemoryUsage of job (MB)
	19150208  -  ResidentSetSize of job (KB)
...
006 (112045348.135.000) 05/02 00:31:25 Image size of job updated: 19914248
	19354  -  MemoryUsage of job (MB)
	19818372  -  ResidentSetSize of job (KB)
...
006 (112045348.135.000) 05/02 00:36:26 Image size of job updated: 20505524
	19879  -  MemoryUsage of job (MB)
	20355548  -  ResidentSetSize of job (KB)
...
006 (112045348.135.000) 05/02 00:41:26 Image size of job updated: 21099176
	20380  -  MemoryUsage of job (MB)
	20868960  -  ResidentSetSize of job (KB)
...
006 (112045348.135.000) 05/02 00:46:26 Image size of job updated: 21551756
	20428  -  MemoryUsage of job (MB)
	20917704  -  ResidentSetSize of job (KB)
...
006 (112045348.135.000) 05/02 00:51:27 Image size of job updated: 22225836
	20430  -  MemoryUsage of job (MB)
	20919916  -  ResidentSetSize of job (KB)
...
006 (112045348.135.000) 05/02 00:56:28 Image size of job updated: 22836736
	20451  -  MemoryUsage of job (MB)
	20941096  -  ResidentSetSize of job (KB)
...
006 (112045348.135.000) 05/02 00:59:07 Image size of job updated: 23077612
	20451  -  MemoryUsage of job (MB)
	20941400  -  ResidentSetSize of job (KB)
...
005 (112045348.135.000) 05/02 00:59:09 Job terminated.
	(1) Normal termination (return value 0)
		Usr 0 02:37:19, Sys 0 00:02:47  -  Run Remote Usage
		Usr 0 00:00:00, Sys 0 00:00:00  -  Run Local Usage
		Usr 0 02:37:19, Sys 0 00:02:47  -  Total Remote Usage
		Usr 0 00:00:00, Sys 0 00:00:00  -  Total Local Usage
	23045948  -  Run Bytes Sent By Job
	1780294912  -  Run Bytes Received By Job
	23045948  -  Total Bytes Sent By Job
	1780294912  -  Total Bytes Received By Job
	Partitionable Resources :      Usage  Request Allocated 
	   Cpus                 :       1.00        1         1 
	   Disk (KB)            : 6852235    20971520  21379424 
	   Ioheavy              :                             0 
	   Memory (MB)          :   20451       20480     20480 
...
