000 (112070733.087.000) 05/02 11:03:23 Job submitted from host: <128.104.100.44:9618?addrs=128.104.100.44-9618+[2607-f388-107c-501-90e2-baff-fe2c-2724]-9618&noUDP&sock=4699_0235_3>
...
001 (112070733.087.000) 05/03 04:33:56 Job executing on host: <128.105.245.150:9618?addrs=128.105.245.150-9618&noUDP&sock=5248_451c_27>
...
006 (112070733.087.000) 05/03 04:34:08 Image size of job updated: 628
	1  -  MemoryUsage of job (MB)
	628  -  ResidentSetSize of job (KB)
...
006 (112070733.087.000) 05/03 04:39:07 Image size of job updated: 440592
	355  -  MemoryUsage of job (MB)
	362596  -  ResidentSetSize of job (KB)
...
006 (112070733.087.000) 05/03 04:44:07 Image size of job updated: 855272
	760  -  MemoryUsage of job (MB)
	777220  -  ResidentSetSize of job (KB)
...
006 (112070733.087.000) 05/03 04:49:08 Image size of job updated: 1289448
	1184  -  MemoryUsage of job (MB)
	1211396  -  ResidentSetSize of job (KB)
...
006 (112070733.087.000) 05/03 04:54:08 Image size of job updated: 1888652
	1769  -  MemoryUsage of job (MB)
	1810600  -  ResidentSetSize of job (KB)
...
006 (112070733.087.000) 05/03 04:59:09 Image size of job updated: 2553784
	2418  -  MemoryUsage of job (MB)
	2475732  -  ResidentSetSize of job (KB)
...
006 (112070733.087.000) 05/03 05:04:10 Image size of job updated: 3362040
	3208  -  MemoryUsage of job (MB)
	3283988  -  ResidentSetSize of job (KB)
...
006 (112070733.087.000) 05/03 05:09:10 Image size of job updated: 4318456
	4142  -  MemoryUsage of job (MB)
	4240404  -  ResidentSetSize of job (KB)
...
006 (112070733.087.000) 05/03 05:14:10 Image size of job updated: 5157236
	4961  -  MemoryUsage of job (MB)
	5079184  -  ResidentSetSize of job (KB)
...
006 (112070733.087.000) 05/03 05:19:11 Image size of job updated: 6024592
	5808  -  MemoryUsage of job (MB)
	5946540  -  ResidentSetSize of job (KB)
...
006 (112070733.087.000) 05/03 05:24:11 Image size of job updated: 6716520
	6483  -  MemoryUsage of job (MB)
	6638468  -  ResidentSetSize of job (KB)
...
006 (112070733.087.000) 05/03 05:29:12 Image size of job updated: 7543448
	7291  -  MemoryUsage of job (MB)
	7465396  -  ResidentSetSize of job (KB)
...
006 (112070733.087.000) 05/03 05:34:13 Image size of job updated: 8336228
	8065  -  MemoryUsage of job (MB)
	8258176  -  ResidentSetSize of job (KB)
...
006 (112070733.087.000) 05/03 05:39:13 Image size of job updated: 9068976
	8781  -  MemoryUsage of job (MB)
	8990924  -  ResidentSetSize of job (KB)
...
006 (112070733.087.000) 05/03 05:44:13 Image size of job updated: 9798032
	9493  -  MemoryUsage of job (MB)
	9719980  -  ResidentSetSize of job (KB)
...
006 (112070733.087.000) 05/03 05:49:14 Image size of job updated: 10486120
	10165  -  MemoryUsage of job (MB)
	10408068  -  ResidentSetSize of job (KB)
...
006 (112070733.087.000) 05/03 05:54:14 Image size of job updated: 11103272
	10767  -  MemoryUsage of job (MB)
	11025220  -  ResidentSetSize of job (KB)
...
006 (112070733.087.000) 05/03 05:59:15 Image size of job updated: 11794260
	11442  -  MemoryUsage of job (MB)
	11716208  -  ResidentSetSize of job (KB)
...
006 (112070733.087.000) 05/03 06:04:15 Image size of job updated: 12397584
	12031  -  MemoryUsage of job (MB)
	12319532  -  ResidentSetSize of job (KB)
...
006 (112070733.087.000) 05/03 06:09:16 Image size of job updated: 13134524
	12751  -  MemoryUsage of job (MB)
	13056472  -  ResidentSetSize of job (KB)
...
006 (112070733.087.000) 05/03 06:14:16 Image size of job updated: 13778236
	13380  -  MemoryUsage of job (MB)
	13700184  -  ResidentSetSize of job (KB)
...
006 (112070733.087.000) 05/03 06:19:17 Image size of job updated: 14452048
	14038  -  MemoryUsage of job (MB)
	14373996  -  ResidentSetSize of job (KB)
...
006 (112070733.087.000) 05/03 06:24:17 Image size of job updated: 15058040
	14629  -  MemoryUsage of job (MB)
	14979988  -  ResidentSetSize of job (KB)
...
006 (112070733.087.000) 05/03 06:29:17 Image size of job updated: 15779492
	15330  -  MemoryUsage of job (MB)
	15697320  -  ResidentSetSize of job (KB)
...
006 (112070733.087.000) 05/03 06:34:18 Image size of job updated: 16470412
	16002  -  MemoryUsage of job (MB)
	16385116  -  ResidentSetSize of job (KB)
...
006 (112070733.087.000) 05/03 06:39:19 Image size of job updated: 17114972
	16624  -  MemoryUsage of job (MB)
	17022620  -  ResidentSetSize of job (KB)
...
006 (112070733.087.000) 05/03 06:44:19 Image size of job updated: 17825192
	17311  -  MemoryUsage of job (MB)
	17726276  -  ResidentSetSize of job (KB)
...
006 (112070733.087.000) 05/03 06:49:20 Image size of job updated: 18469144
	17932  -  MemoryUsage of job (MB)
	18361920  -  ResidentSetSize of job (KB)
...
006 (112070733.087.000) 05/03 06:54:21 Image size of job updated: 19092712
	18537  -  MemoryUsage of job (MB)
	18981140  -  ResidentSetSize of job (KB)
...
006 (112070733.087.000) 05/03 06:59:21 Image size of job updated: 19776280
	19200  -  MemoryUsage of job (MB)
	19659908  -  ResidentSetSize of job (KB)
...
006 (112070733.087.000) 05/03 07:04:22 Image size of job updated: 20280820
	19660  -  MemoryUsage of job (MB)
	20131200  -  ResidentSetSize of job (KB)
...
006 (112070733.087.000) 05/03 07:09:24 Image size of job updated: 20973848
	20216  -  MemoryUsage of job (MB)
	20700388  -  ResidentSetSize of job (KB)
...
006 (112070733.087.000) 05/03 07:14:23 Image size of job updated: 21531128
	20420  -  MemoryUsage of job (MB)
	20909360  -  ResidentSetSize of job (KB)
...
006 (112070733.087.000) 05/03 07:19:25 Image size of job updated: 21905848
	20438  -  MemoryUsage of job (MB)
	20927652  -  ResidentSetSize of job (KB)
...
006 (112070733.087.000) 05/03 07:24:25 Image size of job updated: 22176600
	20444  -  MemoryUsage of job (MB)
	20933940  -  ResidentSetSize of job (KB)
...
006 (112070733.087.000) 05/03 07:29:25 Image size of job updated: 22621732
	20444  -  MemoryUsage of job (MB)
	20933940  -  ResidentSetSize of job (KB)
...
006 (112070733.087.000) 05/03 07:34:19 Image size of job updated: 23079212
	20444  -  MemoryUsage of job (MB)
	20933940  -  ResidentSetSize of job (KB)
...
005 (112070733.087.000) 05/03 07:34:21 Job terminated.
	(1) Normal termination (return value 0)
		Usr 0 02:33:54, Sys 0 00:06:41  -  Run Remote Usage
		Usr 0 00:00:00, Sys 0 00:00:00  -  Run Local Usage
		Usr 0 02:33:54, Sys 0 00:06:41  -  Total Remote Usage
		Usr 0 00:00:00, Sys 0 00:00:00  -  Total Local Usage
	23051646  -  Run Bytes Sent By Job
	1780306432  -  Run Bytes Received By Job
	23051646  -  Total Bytes Sent By Job
	1780306432  -  Total Bytes Received By Job
	Partitionable Resources :      Usage  Request Allocated 
	   Cpus                 :       0.55        1         1 
	   Disk (KB)            : 6852345    20971520  21826584 
	   Ioheavy              :                             0 
	   Memory (MB)          :   20444       20480     20480 
...
