000 (111437853.002.000) 04/23 08:57:58 Job submitted from host: <128.104.100.44:9618?addrs=128.104.100.44-9618+[2607-f388-107c-501-90e2-baff-fe2c-2724]-9618&noUDP&sock=1497440_afb9_3>
...
001 (111437853.002.000) 04/23 10:04:40 Job executing on host: <128.105.245.245:9618?addrs=128.105.245.245-9618&noUDP&sock=2805_933e_3>
...
006 (111437853.002.000) 04/23 10:04:50 Image size of job updated: 648
	1  -  MemoryUsage of job (MB)
	624  -  ResidentSetSize of job (KB)
...
006 (111437853.002.000) 04/23 10:09:51 Image size of job updated: 652
	1  -  MemoryUsage of job (MB)
	628  -  ResidentSetSize of job (KB)
...
006 (111437853.002.000) 04/23 10:14:50 Image size of job updated: 672
	1  -  MemoryUsage of job (MB)
	648  -  ResidentSetSize of job (KB)
...
006 (111437853.002.000) 04/23 10:24:50 Image size of job updated: 676
	1  -  MemoryUsage of job (MB)
	652  -  ResidentSetSize of job (KB)
...
006 (111437853.002.000) 04/23 10:29:55 Image size of job updated: 688
	1  -  MemoryUsage of job (MB)
	664  -  ResidentSetSize of job (KB)
...
006 (111437853.002.000) 04/23 10:34:52 Image size of job updated: 429280
	344  -  MemoryUsage of job (MB)
	351256  -  ResidentSetSize of job (KB)
...
006 (111437853.002.000) 04/23 10:39:53 Image size of job updated: 765188
	672  -  MemoryUsage of job (MB)
	687128  -  ResidentSetSize of job (KB)
...
006 (111437853.002.000) 04/23 10:44:53 Image size of job updated: 1034220
	934  -  MemoryUsage of job (MB)
	956140  -  ResidentSetSize of job (KB)
...
006 (111437853.002.000) 04/23 10:49:53 Image size of job updated: 1482632
	1372  -  MemoryUsage of job (MB)
	1404552  -  ResidentSetSize of job (KB)
...
006 (111437853.002.000) 04/23 10:54:53 Image size of job updated: 2061624
	1938  -  MemoryUsage of job (MB)
	1983544  -  ResidentSetSize of job (KB)
...
006 (111437853.002.000) 04/23 10:59:54 Image size of job updated: 2674808
	2536  -  MemoryUsage of job (MB)
	2596728  -  ResidentSetSize of job (KB)
...
006 (111437853.002.000) 04/23 11:04:54 Image size of job updated: 3495228
	3338  -  MemoryUsage of job (MB)
	3417148  -  ResidentSetSize of job (KB)
...
006 (111437853.002.000) 04/23 11:09:55 Image size of job updated: 4418856
	4240  -  MemoryUsage of job (MB)
	4340776  -  ResidentSetSize of job (KB)
...
006 (111437853.002.000) 04/23 11:14:56 Image size of job updated: 5223736
	5026  -  MemoryUsage of job (MB)
	5145656  -  ResidentSetSize of job (KB)
...
006 (111437853.002.000) 04/23 11:19:57 Image size of job updated: 6064168
	5846  -  MemoryUsage of job (MB)
	5986088  -  ResidentSetSize of job (KB)
...
006 (111437853.002.000) 04/23 11:24:57 Image size of job updated: 6650580
	6419  -  MemoryUsage of job (MB)
	6572500  -  ResidentSetSize of job (KB)
...
006 (111437853.002.000) 04/23 11:29:57 Image size of job updated: 7494900
	7243  -  MemoryUsage of job (MB)
	7416820  -  ResidentSetSize of job (KB)
...
006 (111437853.002.000) 04/23 11:34:58 Image size of job updated: 8088372
	7823  -  MemoryUsage of job (MB)
	8010292  -  ResidentSetSize of job (KB)
...
006 (111437853.002.000) 04/23 11:40:00 Image size of job updated: 8591828
	8315  -  MemoryUsage of job (MB)
	8513748  -  ResidentSetSize of job (KB)
...
006 (111437853.002.000) 04/23 11:45:00 Image size of job updated: 9082160
	8794  -  MemoryUsage of job (MB)
	9004080  -  ResidentSetSize of job (KB)
...
006 (111437853.002.000) 04/23 11:50:00 Image size of job updated: 9755972
	9452  -  MemoryUsage of job (MB)
	9677892  -  ResidentSetSize of job (KB)
...
006 (111437853.002.000) 04/23 11:55:00 Image size of job updated: 10665460
	10340  -  MemoryUsage of job (MB)
	10587380  -  ResidentSetSize of job (KB)
...
006 (111437853.002.000) 04/23 12:00:00 Image size of job updated: 11243028
	10904  -  MemoryUsage of job (MB)
	11164948  -  ResidentSetSize of job (KB)
...
006 (111437853.002.000) 04/23 12:05:00 Image size of job updated: 11630564
	11282  -  MemoryUsage of job (MB)
	11552484  -  ResidentSetSize of job (KB)
...
006 (111437853.002.000) 04/23 12:10:00 Image size of job updated: 12042680
	11685  -  MemoryUsage of job (MB)
	11964600  -  ResidentSetSize of job (KB)
...
006 (111437853.002.000) 04/23 12:15:01 Image size of job updated: 12635464
	12264  -  MemoryUsage of job (MB)
	12557384  -  ResidentSetSize of job (KB)
...
006 (111437853.002.000) 04/23 12:20:01 Image size of job updated: 13221668
	12836  -  MemoryUsage of job (MB)
	13143588  -  ResidentSetSize of job (KB)
...
006 (111437853.002.000) 04/23 12:25:02 Image size of job updated: 13788420
	13390  -  MemoryUsage of job (MB)
	13710340  -  ResidentSetSize of job (KB)
...
006 (111437853.002.000) 04/23 12:30:04 Image size of job updated: 14515780
	14100  -  MemoryUsage of job (MB)
	14437700  -  ResidentSetSize of job (KB)
...
006 (111437853.002.000) 04/23 12:35:03 Image size of job updated: 14978444
	14552  -  MemoryUsage of job (MB)
	14900364  -  ResidentSetSize of job (KB)
...
006 (111437853.002.000) 04/23 12:40:03 Image size of job updated: 15724888
	15277  -  MemoryUsage of job (MB)
	15643432  -  ResidentSetSize of job (KB)
...
006 (111437853.002.000) 04/23 12:45:03 Image size of job updated: 16205800
	15743  -  MemoryUsage of job (MB)
	16120568  -  ResidentSetSize of job (KB)
...
006 (111437853.002.000) 04/23 12:50:09 Image size of job updated: 16743880
	16261  -  MemoryUsage of job (MB)
	16651120  -  ResidentSetSize of job (KB)
...
006 (111437853.002.000) 04/23 12:55:04 Image size of job updated: 17567052
	17056  -  MemoryUsage of job (MB)
	17464580  -  ResidentSetSize of job (KB)
...
006 (111437853.002.000) 04/23 13:00:05 Image size of job updated: 18053012
	17525  -  MemoryUsage of job (MB)
	17944920  -  ResidentSetSize of job (KB)
...
006 (111437853.002.000) 04/23 13:05:06 Image size of job updated: 18711908
	18151  -  MemoryUsage of job (MB)
	18586612  -  ResidentSetSize of job (KB)
...
006 (111437853.002.000) 04/23 13:10:07 Image size of job updated: 19471692
	18877  -  MemoryUsage of job (MB)
	19329948  -  ResidentSetSize of job (KB)
...
006 (111437853.002.000) 04/23 13:15:14 Image size of job updated: 19923796
	19304  -  MemoryUsage of job (MB)
	19766444  -  ResidentSetSize of job (KB)
...
006 (111437853.002.000) 04/23 13:20:09 Image size of job updated: 20528320
	19858  -  MemoryUsage of job (MB)
	20333832  -  ResidentSetSize of job (KB)
...
006 (111437853.002.000) 04/23 13:25:09 Image size of job updated: 20925920
	20211  -  MemoryUsage of job (MB)
	20695580  -  ResidentSetSize of job (KB)
...
006 (111437853.002.000) 04/23 13:30:09 Image size of job updated: 21249280
	20387  -  MemoryUsage of job (MB)
	20875316  -  ResidentSetSize of job (KB)
...
006 (111437853.002.000) 04/23 13:35:11 Image size of job updated: 21594368
	20441  -  MemoryUsage of job (MB)
	20931376  -  ResidentSetSize of job (KB)
...
006 (111437853.002.000) 04/23 13:40:11 Image size of job updated: 21908792
	20441  -  MemoryUsage of job (MB)
	20931376  -  ResidentSetSize of job (KB)
...
006 (111437853.002.000) 04/23 13:45:11 Image size of job updated: 22322736
	20441  -  MemoryUsage of job (MB)
	20931376  -  ResidentSetSize of job (KB)
...
006 (111437853.002.000) 04/23 13:50:11 Image size of job updated: 22768280
	20441  -  MemoryUsage of job (MB)
	20931376  -  ResidentSetSize of job (KB)
...
006 (111437853.002.000) 04/23 13:55:11 Image size of job updated: 23369376
	20446  -  MemoryUsage of job (MB)
	20936180  -  ResidentSetSize of job (KB)
...
006 (111437853.002.000) 04/23 14:00:11 Image size of job updated: 23813196
	20446  -  MemoryUsage of job (MB)
	20936276  -  ResidentSetSize of job (KB)
...
006 (111437853.002.000) 04/23 14:05:12 Image size of job updated: 24244588
	20446  -  MemoryUsage of job (MB)
	20936276  -  ResidentSetSize of job (KB)
...
006 (111437853.002.000) 04/23 14:10:12 Image size of job updated: 24532216
	20446  -  MemoryUsage of job (MB)
	20936276  -  ResidentSetSize of job (KB)
...
006 (111437853.002.000) 04/23 14:15:13 Image size of job updated: 24909420
	20446  -  MemoryUsage of job (MB)
	20936276  -  ResidentSetSize of job (KB)
...
006 (111437853.002.000) 04/23 14:20:14 Image size of job updated: 25286036
	20446  -  MemoryUsage of job (MB)
	20936276  -  ResidentSetSize of job (KB)
...
006 (111437853.002.000) 04/23 14:21:53 Image size of job updated: 25381412
	20446  -  MemoryUsage of job (MB)
	20936276  -  ResidentSetSize of job (KB)
...
005 (111437853.002.000) 04/23 14:21:54 Job terminated.
	(1) Normal termination (return value 0)
		Usr 0 02:33:08, Sys 0 00:02:50  -  Run Remote Usage
		Usr 0 00:00:00, Sys 0 00:00:00  -  Run Local Usage
		Usr 0 02:33:08, Sys 0 00:02:50  -  Total Remote Usage
		Usr 0 00:00:00, Sys 0 00:00:00  -  Total Local Usage
	27173678  -  Run Bytes Sent By Job
	1780293632  -  Run Bytes Received By Job
	27173678  -  Total Bytes Sent By Job
	1780293632  -  Total Bytes Received By Job
	Partitionable Resources :      Usage  Request Allocated 
	   Cpus                 :       0.61        1         1 
	   Disk (KB)            : 6894813    20971520  22544620 
	   Ioheavy              :                             0 
	   Memory (MB)          :   20446       20480     20480 
...
