000 (111367094.004.000) 04/22 22:37:52 Job submitted from host: <128.104.100.44:9618?addrs=128.104.100.44-9618+[2607-f388-107c-501-90e2-baff-fe2c-2724]-9618&noUDP&sock=1497440_afb9_3>
...
001 (111367094.004.000) 04/23 03:07:56 Job executing on host: <128.105.245.228:9618?addrs=128.105.245.228-9618&noUDP&sock=5445_6544_23>
...
006 (111367094.004.000) 04/23 03:08:05 Image size of job updated: 628
	1  -  MemoryUsage of job (MB)
	628  -  ResidentSetSize of job (KB)
...
006 (111367094.004.000) 04/23 03:13:07 Image size of job updated: 668
	1  -  MemoryUsage of job (MB)
	668  -  ResidentSetSize of job (KB)
...
006 (111367094.004.000) 04/23 03:14:15 Image size of job updated: 193252
	1  -  MemoryUsage of job (MB)
	668  -  ResidentSetSize of job (KB)
...
005 (111367094.004.000) 04/23 03:14:16 Job terminated.
	(1) Normal termination (return value 0)
		Usr 0 00:01:01, Sys 0 00:00:25  -  Run Remote Usage
		Usr 0 00:00:00, Sys 0 00:00:00  -  Run Local Usage
		Usr 0 00:01:01, Sys 0 00:00:25  -  Total Remote Usage
		Usr 0 00:00:00, Sys 0 00:00:00  -  Total Local Usage
	338595  -  Run Bytes Sent By Job
	1780293632  -  Run Bytes Received By Job
	338595  -  Total Bytes Sent By Job
	1780293632  -  Total Bytes Received By Job
	Partitionable Resources :      Usage  Request Allocated 
	   Cpus                 :       0.04        1         1 
	   Disk (KB)            : 6830057    20971520  21429312 
	   Ioheavy              :                             0 
	   Memory (MB)          :       1       20480     20480 
...
