000 (111987069.176.000) 04/30 09:13:25 Job submitted from host: <128.104.100.44:9618?addrs=128.104.100.44-9618+[2607-f388-107c-501-90e2-baff-fe2c-2724]-9618&noUDP&sock=4699_0235_3>
...
033 (111987069.176.000) 04/30 13:17:31 Changing job attribute JobPrio from 0 to 2
...
001 (111987069.176.000) 04/30 18:19:30 Job executing on host: <128.105.245.64:9618?addrs=128.105.245.64-9618&noUDP&sock=4562_bb24_3>
...
006 (111987069.176.000) 04/30 18:19:39 Image size of job updated: 620
	1  -  MemoryUsage of job (MB)
	620  -  ResidentSetSize of job (KB)
...
006 (111987069.176.000) 04/30 18:24:40 Image size of job updated: 329528
	246  -  MemoryUsage of job (MB)
	251536  -  ResidentSetSize of job (KB)
...
006 (111987069.176.000) 04/30 18:29:41 Image size of job updated: 738596
	646  -  MemoryUsage of job (MB)
	660604  -  ResidentSetSize of job (KB)
...
006 (111987069.176.000) 04/30 18:34:42 Image size of job updated: 1200044
	1096  -  MemoryUsage of job (MB)
	1121996  -  ResidentSetSize of job (KB)
...
006 (111987069.176.000) 04/30 18:39:42 Image size of job updated: 1794056
	1676  -  MemoryUsage of job (MB)
	1716008  -  ResidentSetSize of job (KB)
...
006 (111987069.176.000) 04/30 18:44:42 Image size of job updated: 2391304
	2260  -  MemoryUsage of job (MB)
	2313256  -  ResidentSetSize of job (KB)
...
006 (111987069.176.000) 04/30 18:49:42 Image size of job updated: 3172604
	3023  -  MemoryUsage of job (MB)
	3094556  -  ResidentSetSize of job (KB)
...
006 (111987069.176.000) 04/30 18:54:43 Image size of job updated: 4132876
	3960  -  MemoryUsage of job (MB)
	4054828  -  ResidentSetSize of job (KB)
...
006 (111987069.176.000) 04/30 18:59:44 Image size of job updated: 5003652
	4811  -  MemoryUsage of job (MB)
	4925604  -  ResidentSetSize of job (KB)
...
006 (111987069.176.000) 04/30 19:04:44 Image size of job updated: 5783548
	5572  -  MemoryUsage of job (MB)
	5705500  -  ResidentSetSize of job (KB)
...
006 (111987069.176.000) 04/30 19:09:45 Image size of job updated: 6558860
	6329  -  MemoryUsage of job (MB)
	6480812  -  ResidentSetSize of job (KB)
...
006 (111987069.176.000) 04/30 19:14:45 Image size of job updated: 7675456
	7420  -  MemoryUsage of job (MB)
	7597408  -  ResidentSetSize of job (KB)
...
006 (111987069.176.000) 04/30 19:19:46 Image size of job updated: 8496252
	8221  -  MemoryUsage of job (MB)
	8418204  -  ResidentSetSize of job (KB)
...
006 (111987069.176.000) 04/30 19:24:46 Image size of job updated: 9253408
	8961  -  MemoryUsage of job (MB)
	9175360  -  ResidentSetSize of job (KB)
...
006 (111987069.176.000) 04/30 19:29:46 Image size of job updated: 9935988
	9627  -  MemoryUsage of job (MB)
	9857940  -  ResidentSetSize of job (KB)
...
006 (111987069.176.000) 04/30 19:34:46 Image size of job updated: 10688104
	10362  -  MemoryUsage of job (MB)
	10610056  -  ResidentSetSize of job (KB)
...
006 (111987069.176.000) 04/30 19:39:46 Image size of job updated: 11361188
	11019  -  MemoryUsage of job (MB)
	11283140  -  ResidentSetSize of job (KB)
...
006 (111987069.176.000) 04/30 19:44:47 Image size of job updated: 11986996
	11630  -  MemoryUsage of job (MB)
	11908948  -  ResidentSetSize of job (KB)
...
006 (111987069.176.000) 04/30 19:49:47 Image size of job updated: 12568348
	12198  -  MemoryUsage of job (MB)
	12490300  -  ResidentSetSize of job (KB)
...
006 (111987069.176.000) 04/30 19:54:47 Image size of job updated: 13419296
	13029  -  MemoryUsage of job (MB)
	13341248  -  ResidentSetSize of job (KB)
...
006 (111987069.176.000) 04/30 19:59:48 Image size of job updated: 14334432
	13923  -  MemoryUsage of job (MB)
	14256384  -  ResidentSetSize of job (KB)
...
006 (111987069.176.000) 04/30 20:04:48 Image size of job updated: 15064296
	14636  -  MemoryUsage of job (MB)
	14986248  -  ResidentSetSize of job (KB)
...
006 (111987069.176.000) 04/30 20:09:48 Image size of job updated: 15821384
	15375  -  MemoryUsage of job (MB)
	15743336  -  ResidentSetSize of job (KB)
...
006 (111987069.176.000) 04/30 20:14:48 Image size of job updated: 16542444
	16079  -  MemoryUsage of job (MB)
	16464140  -  ResidentSetSize of job (KB)
...
006 (111987069.176.000) 04/30 20:19:50 Image size of job updated: 17163692
	16684  -  MemoryUsage of job (MB)
	17084416  -  ResidentSetSize of job (KB)
...
006 (111987069.176.000) 04/30 20:24:50 Image size of job updated: 17860712
	17365  -  MemoryUsage of job (MB)
	17781140  -  ResidentSetSize of job (KB)
...
006 (111987069.176.000) 04/30 20:29:50 Image size of job updated: 18461308
	17950  -  MemoryUsage of job (MB)
	18380040  -  ResidentSetSize of job (KB)
...
006 (111987069.176.000) 04/30 20:34:52 Image size of job updated: 19554796
	18996  -  MemoryUsage of job (MB)
	19450984  -  ResidentSetSize of job (KB)
...
006 (111987069.176.000) 04/30 20:39:52 Image size of job updated: 20238160
	19632  -  MemoryUsage of job (MB)
	20102320  -  ResidentSetSize of job (KB)
...
006 (111987069.176.000) 04/30 20:44:52 Image size of job updated: 20866892
	20193  -  MemoryUsage of job (MB)
	20677028  -  ResidentSetSize of job (KB)
...
006 (111987069.176.000) 04/30 20:49:53 Image size of job updated: 21265068
	20414  -  MemoryUsage of job (MB)
	20903772  -  ResidentSetSize of job (KB)
...
006 (111987069.176.000) 04/30 20:54:53 Image size of job updated: 21901980
	20433  -  MemoryUsage of job (MB)
	20923192  -  ResidentSetSize of job (KB)
...
006 (111987069.176.000) 04/30 20:59:53 Image size of job updated: 22672568
	20433  -  MemoryUsage of job (MB)
	20923192  -  ResidentSetSize of job (KB)
...
006 (111987069.176.000) 04/30 21:04:54 Image size of job updated: 23354636
	20436  -  MemoryUsage of job (MB)
	20925524  -  ResidentSetSize of job (KB)
...
006 (111987069.176.000) 04/30 21:09:55 Image size of job updated: 23947724
	20436  -  MemoryUsage of job (MB)
	20925524  -  ResidentSetSize of job (KB)
...
006 (111987069.176.000) 04/30 21:14:55 Image size of job updated: 24459632
	20436  -  MemoryUsage of job (MB)
	20925524  -  ResidentSetSize of job (KB)
...
006 (111987069.176.000) 04/30 21:19:55 Image size of job updated: 24872116
	20436  -  MemoryUsage of job (MB)
	20925524  -  ResidentSetSize of job (KB)
...
006 (111987069.176.000) 04/30 21:24:56 Image size of job updated: 25356960
	20437  -  MemoryUsage of job (MB)
	20926564  -  ResidentSetSize of job (KB)
...
006 (111987069.176.000) 04/30 21:29:10 Image size of job updated: 25656144
	20437  -  MemoryUsage of job (MB)
	20926564  -  ResidentSetSize of job (KB)
...
005 (111987069.176.000) 04/30 21:29:12 Job terminated.
	(1) Normal termination (return value 0)
		Usr 0 02:35:23, Sys 0 00:02:33  -  Run Remote Usage
		Usr 0 00:00:00, Sys 0 00:00:00  -  Run Local Usage
		Usr 0 02:35:23, Sys 0 00:02:33  -  Total Remote Usage
		Usr 0 00:00:00, Sys 0 00:00:00  -  Total Local Usage
	26025426  -  Run Bytes Sent By Job
	1780294400  -  Run Bytes Received By Job
	26025426  -  Total Bytes Sent By Job
	1780294400  -  Total Bytes Received By Job
	Partitionable Resources :      Usage  Request Allocated 
	   Cpus                 :       0.88        1         1 
	   Disk (KB)            : 6894550    20971520  21173917 
	   Ioheavy              :                             0 
	   Memory (MB)          :   20437       20480     20480 
...
