000 (111987069.025.000) 04/30 09:13:25 Job submitted from host: <128.104.100.44:9618?addrs=128.104.100.44-9618+[2607-f388-107c-501-90e2-baff-fe2c-2724]-9618&noUDP&sock=4699_0235_3>
...
033 (111987069.025.000) 04/30 13:17:31 Changing job attribute JobPrio from 0 to 2
...
001 (111987069.025.000) 04/30 14:06:07 Job executing on host: <128.105.245.232:9618?addrs=128.105.245.232-9618&noUDP&sock=5406_a513_30>
...
006 (111987069.025.000) 04/30 14:06:17 Image size of job updated: 640
	1  -  MemoryUsage of job (MB)
	640  -  ResidentSetSize of job (KB)
...
006 (111987069.025.000) 04/30 14:11:18 Image size of job updated: 660
	1  -  MemoryUsage of job (MB)
	660  -  ResidentSetSize of job (KB)
...
006 (111987069.025.000) 04/30 14:16:19 Image size of job updated: 314448
	231  -  MemoryUsage of job (MB)
	236456  -  ResidentSetSize of job (KB)
...
006 (111987069.025.000) 04/30 14:21:19 Image size of job updated: 755308
	662  -  MemoryUsage of job (MB)
	677316  -  ResidentSetSize of job (KB)
...
006 (111987069.025.000) 04/30 14:26:19 Image size of job updated: 1283748
	1178  -  MemoryUsage of job (MB)
	1205700  -  ResidentSetSize of job (KB)
...
006 (111987069.025.000) 04/30 14:31:20 Image size of job updated: 2003984
	1881  -  MemoryUsage of job (MB)
	1925936  -  ResidentSetSize of job (KB)
...
006 (111987069.025.000) 04/30 14:36:21 Image size of job updated: 2828988
	2687  -  MemoryUsage of job (MB)
	2750940  -  ResidentSetSize of job (KB)
...
006 (111987069.025.000) 04/30 14:41:21 Image size of job updated: 3971364
	3803  -  MemoryUsage of job (MB)
	3893316  -  ResidentSetSize of job (KB)
...
006 (111987069.025.000) 04/30 14:46:22 Image size of job updated: 5004528
	4812  -  MemoryUsage of job (MB)
	4926480  -  ResidentSetSize of job (KB)
...
006 (111987069.025.000) 04/30 14:51:22 Image size of job updated: 5800360
	5589  -  MemoryUsage of job (MB)
	5722312  -  ResidentSetSize of job (KB)
...
006 (111987069.025.000) 04/30 14:56:22 Image size of job updated: 6699764
	6467  -  MemoryUsage of job (MB)
	6621716  -  ResidentSetSize of job (KB)
...
006 (111987069.025.000) 04/30 15:01:23 Image size of job updated: 7580072
	7327  -  MemoryUsage of job (MB)
	7502024  -  ResidentSetSize of job (KB)
...
006 (111987069.025.000) 04/30 15:06:24 Image size of job updated: 8482212
	8208  -  MemoryUsage of job (MB)
	8404164  -  ResidentSetSize of job (KB)
...
006 (111987069.025.000) 04/30 15:11:25 Image size of job updated: 9231648
	8940  -  MemoryUsage of job (MB)
	9153600  -  ResidentSetSize of job (KB)
...
006 (111987069.025.000) 04/30 15:16:25 Image size of job updated: 10104508
	9792  -  MemoryUsage of job (MB)
	10026460  -  ResidentSetSize of job (KB)
...
006 (111987069.025.000) 04/30 15:21:26 Image size of job updated: 10947576
	10615  -  MemoryUsage of job (MB)
	10869528  -  ResidentSetSize of job (KB)
...
006 (111987069.025.000) 04/30 15:26:26 Image size of job updated: 11462800
	11118  -  MemoryUsage of job (MB)
	11384752  -  ResidentSetSize of job (KB)
...
006 (111987069.025.000) 04/30 15:31:26 Image size of job updated: 12214940
	11853  -  MemoryUsage of job (MB)
	12136892  -  ResidentSetSize of job (KB)
...
006 (111987069.025.000) 04/30 15:36:27 Image size of job updated: 12806600
	12431  -  MemoryUsage of job (MB)
	12728552  -  ResidentSetSize of job (KB)
...
006 (111987069.025.000) 04/30 15:41:28 Image size of job updated: 13634640
	13239  -  MemoryUsage of job (MB)
	13556592  -  ResidentSetSize of job (KB)
...
006 (111987069.025.000) 04/30 15:46:28 Image size of job updated: 14080476
	13675  -  MemoryUsage of job (MB)
	14002428  -  ResidentSetSize of job (KB)
...
006 (111987069.025.000) 04/30 15:51:28 Image size of job updated: 14862748
	14439  -  MemoryUsage of job (MB)
	14784700  -  ResidentSetSize of job (KB)
...
006 (111987069.025.000) 04/30 15:56:28 Image size of job updated: 15597276
	15155  -  MemoryUsage of job (MB)
	15518592  -  ResidentSetSize of job (KB)
...
006 (111987069.025.000) 04/30 16:01:28 Image size of job updated: 16494300
	16030  -  MemoryUsage of job (MB)
	16414704  -  ResidentSetSize of job (KB)
...
006 (111987069.025.000) 04/30 16:06:29 Image size of job updated: 17087508
	16610  -  MemoryUsage of job (MB)
	17007912  -  ResidentSetSize of job (KB)
...
006 (111987069.025.000) 04/30 16:11:29 Image size of job updated: 17868596
	17372  -  MemoryUsage of job (MB)
	17788372  -  ResidentSetSize of job (KB)
...
006 (111987069.025.000) 04/30 16:16:29 Image size of job updated: 18571196
	18055  -  MemoryUsage of job (MB)
	18487692  -  ResidentSetSize of job (KB)
...
006 (111987069.025.000) 04/30 16:21:29 Image size of job updated: 19434548
	18882  -  MemoryUsage of job (MB)
	19334588  -  ResidentSetSize of job (KB)
...
006 (111987069.025.000) 04/30 16:26:30 Image size of job updated: 20163660
	19563  -  MemoryUsage of job (MB)
	20031836  -  ResidentSetSize of job (KB)
...
006 (111987069.025.000) 04/30 16:31:32 Image size of job updated: 20822416
	20144  -  MemoryUsage of job (MB)
	20627168  -  ResidentSetSize of job (KB)
...
006 (111987069.025.000) 04/30 16:36:32 Image size of job updated: 21118776
	20337  -  MemoryUsage of job (MB)
	20824944  -  ResidentSetSize of job (KB)
...
006 (111987069.025.000) 04/30 16:41:32 Image size of job updated: 21505632
	20427  -  MemoryUsage of job (MB)
	20917196  -  ResidentSetSize of job (KB)
...
006 (111987069.025.000) 04/30 16:46:32 Image size of job updated: 22065968
	20459  -  MemoryUsage of job (MB)
	20949772  -  ResidentSetSize of job (KB)
...
006 (111987069.025.000) 04/30 16:51:33 Image size of job updated: 22524304
	20459  -  MemoryUsage of job (MB)
	20949964  -  ResidentSetSize of job (KB)
...
006 (111987069.025.000) 04/30 16:56:34 Image size of job updated: 22889680
	20459  -  MemoryUsage of job (MB)
	20949964  -  ResidentSetSize of job (KB)
...
006 (111987069.025.000) 04/30 16:59:11 Image size of job updated: 23080144
	20459  -  MemoryUsage of job (MB)
	20949964  -  ResidentSetSize of job (KB)
...
005 (111987069.025.000) 04/30 16:59:13 Job terminated.
	(1) Normal termination (return value 0)
		Usr 0 02:09:31, Sys 0 00:02:12  -  Run Remote Usage
		Usr 0 00:00:00, Sys 0 00:00:00  -  Run Local Usage
		Usr 0 02:09:31, Sys 0 00:02:12  -  Total Remote Usage
		Usr 0 00:00:00, Sys 0 00:00:00  -  Total Local Usage
	22930524  -  Run Bytes Sent By Job
	1780294400  -  Run Bytes Received By Job
	22930524  -  Total Bytes Sent By Job
	1780294400  -  Total Bytes Received By Job
	Partitionable Resources :      Usage  Request Allocated 
	   Cpus                 :       0.89        1         1 
	   Disk (KB)            : 6852122    20971520  21273186 
	   Ioheavy              :                             0 
	   Memory (MB)          :   20459       20480     20480 
...
