000 (111987069.148.000) 04/30 09:13:25 Job submitted from host: <128.104.100.44:9618?addrs=128.104.100.44-9618+[2607-f388-107c-501-90e2-baff-fe2c-2724]-9618&noUDP&sock=4699_0235_3>
...
033 (111987069.148.000) 04/30 13:17:31 Changing job attribute JobPrio from 0 to 2
...
001 (111987069.148.000) 04/30 17:40:32 Job executing on host: <128.105.245.216:9618?addrs=128.105.245.216-9618&noUDP&sock=5463_9584_3>
...
006 (111987069.148.000) 04/30 17:40:40 Image size of job updated: 636
	1  -  MemoryUsage of job (MB)
	636  -  ResidentSetSize of job (KB)
...
006 (111987069.148.000) 04/30 17:45:41 Image size of job updated: 664
	1  -  MemoryUsage of job (MB)
	664  -  ResidentSetSize of job (KB)
...
006 (111987069.148.000) 04/30 17:50:42 Image size of job updated: 379900
	295  -  MemoryUsage of job (MB)
	301904  -  ResidentSetSize of job (KB)
...
006 (111987069.148.000) 04/30 17:55:42 Image size of job updated: 668508
	577  -  MemoryUsage of job (MB)
	590512  -  ResidentSetSize of job (KB)
...
006 (111987069.148.000) 04/30 18:00:43 Image size of job updated: 1470232
	1360  -  MemoryUsage of job (MB)
	1392180  -  ResidentSetSize of job (KB)
...
006 (111987069.148.000) 04/30 18:05:42 Image size of job updated: 2073668
	1949  -  MemoryUsage of job (MB)
	1995616  -  ResidentSetSize of job (KB)
...
006 (111987069.148.000) 04/30 18:10:43 Image size of job updated: 2619140
	2482  -  MemoryUsage of job (MB)
	2541088  -  ResidentSetSize of job (KB)
...
006 (111987069.148.000) 04/30 18:15:43 Image size of job updated: 3693316
	3531  -  MemoryUsage of job (MB)
	3615264  -  ResidentSetSize of job (KB)
...
006 (111987069.148.000) 04/30 18:20:43 Image size of job updated: 4429904
	4250  -  MemoryUsage of job (MB)
	4351852  -  ResidentSetSize of job (KB)
...
006 (111987069.148.000) 04/30 18:25:44 Image size of job updated: 5077716
	4883  -  MemoryUsage of job (MB)
	4999664  -  ResidentSetSize of job (KB)
...
006 (111987069.148.000) 04/30 18:30:45 Image size of job updated: 5872748
	5659  -  MemoryUsage of job (MB)
	5794696  -  ResidentSetSize of job (KB)
...
006 (111987069.148.000) 04/30 18:35:46 Image size of job updated: 6880088
	6643  -  MemoryUsage of job (MB)
	6802036  -  ResidentSetSize of job (KB)
...
006 (111987069.148.000) 04/30 18:41:00 Image size of job updated: 7733876
	7477  -  MemoryUsage of job (MB)
	7655824  -  ResidentSetSize of job (KB)
...
006 (111987069.148.000) 04/30 18:45:46 Image size of job updated: 8674360
	8395  -  MemoryUsage of job (MB)
	8596308  -  ResidentSetSize of job (KB)
...
006 (111987069.148.000) 04/30 18:50:46 Image size of job updated: 9382828
	9087  -  MemoryUsage of job (MB)
	9304776  -  ResidentSetSize of job (KB)
...
006 (111987069.148.000) 04/30 18:55:46 Image size of job updated: 9878004
	9571  -  MemoryUsage of job (MB)
	9799952  -  ResidentSetSize of job (KB)
...
006 (111987069.148.000) 04/30 19:00:48 Image size of job updated: 10556728
	10234  -  MemoryUsage of job (MB)
	10478676  -  ResidentSetSize of job (KB)
...
006 (111987069.148.000) 04/30 19:05:48 Image size of job updated: 11295352
	10955  -  MemoryUsage of job (MB)
	11217300  -  ResidentSetSize of job (KB)
...
006 (111987069.148.000) 04/30 19:10:49 Image size of job updated: 11973140
	11617  -  MemoryUsage of job (MB)
	11895088  -  ResidentSetSize of job (KB)
...
006 (111987069.148.000) 04/30 19:15:49 Image size of job updated: 12567972
	12198  -  MemoryUsage of job (MB)
	12489920  -  ResidentSetSize of job (KB)
...
006 (111987069.148.000) 04/30 19:20:49 Image size of job updated: 13194728
	12810  -  MemoryUsage of job (MB)
	13116676  -  ResidentSetSize of job (KB)
...
006 (111987069.148.000) 04/30 19:25:50 Image size of job updated: 13686084
	13290  -  MemoryUsage of job (MB)
	13608032  -  ResidentSetSize of job (KB)
...
006 (111987069.148.000) 04/30 19:30:51 Image size of job updated: 14297440
	13887  -  MemoryUsage of job (MB)
	14219388  -  ResidentSetSize of job (KB)
...
006 (111987069.148.000) 04/30 19:35:51 Image size of job updated: 15017992
	14590  -  MemoryUsage of job (MB)
	14939940  -  ResidentSetSize of job (KB)
...
006 (111987069.148.000) 04/30 19:40:51 Image size of job updated: 15552120
	15112  -  MemoryUsage of job (MB)
	15474068  -  ResidentSetSize of job (KB)
...
006 (111987069.148.000) 04/30 19:45:51 Image size of job updated: 16351884
	15892  -  MemoryUsage of job (MB)
	16272904  -  ResidentSetSize of job (KB)
...
006 (111987069.148.000) 04/30 19:50:52 Image size of job updated: 17055124
	16577  -  MemoryUsage of job (MB)
	16973868  -  ResidentSetSize of job (KB)
...
006 (111987069.148.000) 04/30 19:55:52 Image size of job updated: 17855384
	17345  -  MemoryUsage of job (MB)
	17760344  -  ResidentSetSize of job (KB)
...
006 (111987069.148.000) 04/30 20:00:52 Image size of job updated: 18463648
	17925  -  MemoryUsage of job (MB)
	18354892  -  ResidentSetSize of job (KB)
...
006 (111987069.148.000) 04/30 20:05:53 Image size of job updated: 19126460
	18542  -  MemoryUsage of job (MB)
	18986172  -  ResidentSetSize of job (KB)
...
006 (111987069.148.000) 04/30 20:10:53 Image size of job updated: 19641480
	19011  -  MemoryUsage of job (MB)
	19466488  -  ResidentSetSize of job (KB)
...
006 (111987069.148.000) 04/30 20:15:53 Image size of job updated: 20161108
	19471  -  MemoryUsage of job (MB)
	19937460  -  ResidentSetSize of job (KB)
...
006 (111987069.148.000) 04/30 20:20:54 Image size of job updated: 20809816
	19935  -  MemoryUsage of job (MB)
	20412464  -  ResidentSetSize of job (KB)
...
006 (111987069.148.000) 04/30 20:25:54 Image size of job updated: 21453960
	20310  -  MemoryUsage of job (MB)
	20796736  -  ResidentSetSize of job (KB)
...
006 (111987069.148.000) 04/30 20:30:54 Image size of job updated: 21903860
	20423  -  MemoryUsage of job (MB)
	20912356  -  ResidentSetSize of job (KB)
...
006 (111987069.148.000) 04/30 20:35:56 Image size of job updated: 22583480
	20438  -  MemoryUsage of job (MB)
	20928148  -  ResidentSetSize of job (KB)
...
005 (111987069.148.000) 04/30 20:39:58 Job terminated.
	(1) Normal termination (return value 0)
		Usr 0 02:12:26, Sys 0 00:02:16  -  Run Remote Usage
		Usr 0 00:00:00, Sys 0 00:00:00  -  Run Local Usage
		Usr 0 02:12:26, Sys 0 00:02:16  -  Total Remote Usage
		Usr 0 00:00:00, Sys 0 00:00:00  -  Total Local Usage
	22942078  -  Run Bytes Sent By Job
	1780294400  -  Run Bytes Received By Job
	22942078  -  Total Bytes Sent By Job
	1780294400  -  Total Bytes Received By Job
	Partitionable Resources :      Usage  Request Allocated 
	   Cpus                 :       0.80        1         1 
	   Disk (KB)            : 6852131    20971520  21453105 
	   Ioheavy              :                             0 
	   Memory (MB)          :   20438       20480     20480 
...
