000 (111987069.017.000) 04/30 09:13:25 Job submitted from host: <128.104.100.44:9618?addrs=128.104.100.44-9618+[2607-f388-107c-501-90e2-baff-fe2c-2724]-9618&noUDP&sock=4699_0235_3>
...
033 (111987069.017.000) 04/30 13:17:31 Changing job attribute JobPrio from 0 to 2
...
001 (111987069.017.000) 04/30 13:57:36 Job executing on host: <128.105.245.243:9618?addrs=128.105.245.243-9618&noUDP&sock=5430_1b59_3>
...
006 (111987069.017.000) 04/30 13:57:45 Image size of job updated: 620
	1  -  MemoryUsage of job (MB)
	620  -  ResidentSetSize of job (KB)
...
006 (111987069.017.000) 04/30 14:02:45 Image size of job updated: 632
	1  -  MemoryUsage of job (MB)
	632  -  ResidentSetSize of job (KB)
...
006 (111987069.017.000) 04/30 14:07:51 Image size of job updated: 652
	1  -  MemoryUsage of job (MB)
	652  -  ResidentSetSize of job (KB)
...
006 (111987069.017.000) 04/30 14:17:47 Image size of job updated: 656
	1  -  MemoryUsage of job (MB)
	656  -  ResidentSetSize of job (KB)
...
006 (111987069.017.000) 04/30 14:22:47 Image size of job updated: 668
	1  -  MemoryUsage of job (MB)
	668  -  ResidentSetSize of job (KB)
...
006 (111987069.017.000) 04/30 14:27:47 Image size of job updated: 363068
	279  -  MemoryUsage of job (MB)
	285076  -  ResidentSetSize of job (KB)
...
006 (111987069.017.000) 04/30 14:32:47 Image size of job updated: 829708
	735  -  MemoryUsage of job (MB)
	751660  -  ResidentSetSize of job (KB)
...
006 (111987069.017.000) 04/30 14:37:48 Image size of job updated: 1405656
	1297  -  MemoryUsage of job (MB)
	1327608  -  ResidentSetSize of job (KB)
...
006 (111987069.017.000) 04/30 14:42:49 Image size of job updated: 1990260
	1868  -  MemoryUsage of job (MB)
	1912212  -  ResidentSetSize of job (KB)
...
006 (111987069.017.000) 04/30 14:47:49 Image size of job updated: 2972328
	2827  -  MemoryUsage of job (MB)
	2894280  -  ResidentSetSize of job (KB)
...
006 (111987069.017.000) 04/30 14:52:49 Image size of job updated: 4212224
	4038  -  MemoryUsage of job (MB)
	4134176  -  ResidentSetSize of job (KB)
...
006 (111987069.017.000) 04/30 14:57:49 Image size of job updated: 5022756
	4829  -  MemoryUsage of job (MB)
	4944708  -  ResidentSetSize of job (KB)
...
006 (111987069.017.000) 04/30 15:02:50 Image size of job updated: 5857832
	5645  -  MemoryUsage of job (MB)
	5779784  -  ResidentSetSize of job (KB)
...
006 (111987069.017.000) 04/30 15:07:50 Image size of job updated: 6851748
	6615  -  MemoryUsage of job (MB)
	6773700  -  ResidentSetSize of job (KB)
...
006 (111987069.017.000) 04/30 15:12:50 Image size of job updated: 7943044
	7681  -  MemoryUsage of job (MB)
	7864996  -  ResidentSetSize of job (KB)
...
006 (111987069.017.000) 04/30 15:17:50 Image size of job updated: 9029668
	8742  -  MemoryUsage of job (MB)
	8951620  -  ResidentSetSize of job (KB)
...
006 (111987069.017.000) 04/30 15:22:51 Image size of job updated: 9935276
	9627  -  MemoryUsage of job (MB)
	9857228  -  ResidentSetSize of job (KB)
...
006 (111987069.017.000) 04/30 15:27:51 Image size of job updated: 10650144
	10325  -  MemoryUsage of job (MB)
	10572096  -  ResidentSetSize of job (KB)
...
006 (111987069.017.000) 04/30 15:32:51 Image size of job updated: 11374116
	11032  -  MemoryUsage of job (MB)
	11296068  -  ResidentSetSize of job (KB)
...
006 (111987069.017.000) 04/30 15:37:52 Image size of job updated: 12271592
	11908  -  MemoryUsage of job (MB)
	12193544  -  ResidentSetSize of job (KB)
...
006 (111987069.017.000) 04/30 15:42:52 Image size of job updated: 13013748
	12633  -  MemoryUsage of job (MB)
	12935700  -  ResidentSetSize of job (KB)
...
006 (111987069.017.000) 04/30 15:48:04 Image size of job updated: 13560612
	13167  -  MemoryUsage of job (MB)
	13482564  -  ResidentSetSize of job (KB)
...
006 (111987069.017.000) 04/30 15:52:53 Image size of job updated: 14058520
	13653  -  MemoryUsage of job (MB)
	13980472  -  ResidentSetSize of job (KB)
...
006 (111987069.017.000) 04/30 15:57:55 Image size of job updated: 14530924
	14115  -  MemoryUsage of job (MB)
	14452876  -  ResidentSetSize of job (KB)
...
006 (111987069.017.000) 04/30 16:02:55 Image size of job updated: 14933392
	14508  -  MemoryUsage of job (MB)
	14855344  -  ResidentSetSize of job (KB)
...
006 (111987069.017.000) 04/30 16:07:55 Image size of job updated: 15266472
	14833  -  MemoryUsage of job (MB)
	15187976  -  ResidentSetSize of job (KB)
...
006 (111987069.017.000) 04/30 16:12:56 Image size of job updated: 15514132
	15074  -  MemoryUsage of job (MB)
	15434932  -  ResidentSetSize of job (KB)
...
006 (111987069.017.000) 04/30 16:17:58 Image size of job updated: 15967164
	15515  -  MemoryUsage of job (MB)
	15886556  -  ResidentSetSize of job (KB)
...
006 (111987069.017.000) 04/30 16:22:58 Image size of job updated: 16224080
	15764  -  MemoryUsage of job (MB)
	16142308  -  ResidentSetSize of job (KB)
...
006 (111987069.017.000) 04/30 16:27:58 Image size of job updated: 16482168
	16015  -  MemoryUsage of job (MB)
	16399120  -  ResidentSetSize of job (KB)
...
006 (111987069.017.000) 04/30 16:32:59 Image size of job updated: 16821904
	16346  -  MemoryUsage of job (MB)
	16737732  -  ResidentSetSize of job (KB)
...
006 (111987069.017.000) 04/30 16:37:59 Image size of job updated: 17261088
	16774  -  MemoryUsage of job (MB)
	17175764  -  ResidentSetSize of job (KB)
...
006 (111987069.017.000) 04/30 16:42:59 Image size of job updated: 17609756
	17114  -  MemoryUsage of job (MB)
	17523804  -  ResidentSetSize of job (KB)
...
006 (111987069.017.000) 04/30 16:48:00 Image size of job updated: 17893096
	17389  -  MemoryUsage of job (MB)
	17805864  -  ResidentSetSize of job (KB)
...
006 (111987069.017.000) 04/30 16:53:01 Image size of job updated: 18149920
	17639  -  MemoryUsage of job (MB)
	18062260  -  ResidentSetSize of job (KB)
...
006 (111987069.017.000) 04/30 16:58:02 Image size of job updated: 18450484
	17932  -  MemoryUsage of job (MB)
	18362080  -  ResidentSetSize of job (KB)
...
006 (111987069.017.000) 04/30 17:03:03 Image size of job updated: 18832956
	18304  -  MemoryUsage of job (MB)
	18743148  -  ResidentSetSize of job (KB)
...
006 (111987069.017.000) 04/30 17:08:03 Image size of job updated: 19182404
	18642  -  MemoryUsage of job (MB)
	19088964  -  ResidentSetSize of job (KB)
...
006 (111987069.017.000) 04/30 17:13:04 Image size of job updated: 19543248
	18992  -  MemoryUsage of job (MB)
	19447092  -  ResidentSetSize of job (KB)
...
006 (111987069.017.000) 04/30 17:18:04 Image size of job updated: 19898484
	19331  -  MemoryUsage of job (MB)
	19794620  -  ResidentSetSize of job (KB)
...
006 (111987069.017.000) 04/30 17:23:04 Image size of job updated: 20253068
	19654  -  MemoryUsage of job (MB)
	20125040  -  ResidentSetSize of job (KB)
...
006 (111987069.017.000) 04/30 17:28:04 Image size of job updated: 20599408
	19961  -  MemoryUsage of job (MB)
	20439916  -  ResidentSetSize of job (KB)
...
006 (111987069.017.000) 04/30 17:33:05 Image size of job updated: 20965028
	20265  -  MemoryUsage of job (MB)
	20750740  -  ResidentSetSize of job (KB)
...
006 (111987069.017.000) 04/30 17:38:05 Image size of job updated: 21207044
	20400  -  MemoryUsage of job (MB)
	20889440  -  ResidentSetSize of job (KB)
...
006 (111987069.017.000) 04/30 17:43:05 Image size of job updated: 21471724
	20439  -  MemoryUsage of job (MB)
	20929052  -  ResidentSetSize of job (KB)
...
006 (111987069.017.000) 04/30 17:48:05 Image size of job updated: 21708880
	20463  -  MemoryUsage of job (MB)
	20953732  -  ResidentSetSize of job (KB)
...
006 (111987069.017.000) 04/30 17:53:05 Image size of job updated: 21805708
	20463  -  MemoryUsage of job (MB)
	20953732  -  ResidentSetSize of job (KB)
...
006 (111987069.017.000) 04/30 17:58:07 Image size of job updated: 21932184
	20463  -  MemoryUsage of job (MB)
	20953732  -  ResidentSetSize of job (KB)
...
006 (111987069.017.000) 04/30 18:03:06 Image size of job updated: 22170752
	20463  -  MemoryUsage of job (MB)
	20953732  -  ResidentSetSize of job (KB)
...
006 (111987069.017.000) 04/30 18:08:06 Image size of job updated: 22427232
	20466  -  MemoryUsage of job (MB)
	20956264  -  ResidentSetSize of job (KB)
...
006 (111987069.017.000) 04/30 18:13:07 Image size of job updated: 22533684
	20466  -  MemoryUsage of job (MB)
	20956592  -  ResidentSetSize of job (KB)
...
006 (111987069.017.000) 04/30 18:18:08 Image size of job updated: 22612764
	20466  -  MemoryUsage of job (MB)
	20956592  -  ResidentSetSize of job (KB)
...
006 (111987069.017.000) 04/30 18:23:09 Image size of job updated: 22788468
	20466  -  MemoryUsage of job (MB)
	20956592  -  ResidentSetSize of job (KB)
...
006 (111987069.017.000) 04/30 18:28:10 Image size of job updated: 22849096
	20466  -  MemoryUsage of job (MB)
	20956592  -  ResidentSetSize of job (KB)
...
006 (111987069.017.000) 04/30 18:33:11 Image size of job updated: 22913292
	20466  -  MemoryUsage of job (MB)
	20956592  -  ResidentSetSize of job (KB)
...
006 (111987069.017.000) 04/30 18:38:12 Image size of job updated: 23013648
	20466  -  MemoryUsage of job (MB)
	20956592  -  ResidentSetSize of job (KB)
...
006 (111987069.017.000) 04/30 18:39:33 Image size of job updated: 23077020
	20466  -  MemoryUsage of job (MB)
	20956592  -  ResidentSetSize of job (KB)
...
005 (111987069.017.000) 04/30 18:39:36 Job terminated.
	(1) Normal termination (return value 0)
		Usr 0 01:50:14, Sys 0 00:02:15  -  Run Remote Usage
		Usr 0 00:00:00, Sys 0 00:00:00  -  Run Local Usage
		Usr 0 01:50:14, Sys 0 00:02:15  -  Total Remote Usage
		Usr 0 00:00:00, Sys 0 00:00:00  -  Total Local Usage
	22903088  -  Run Bytes Sent By Job
	1780294400  -  Run Bytes Received By Job
	22903088  -  Total Bytes Sent By Job
	1780294400  -  Total Bytes Received By Job
	Partitionable Resources :      Usage  Request Allocated 
	   Cpus                 :       0.15        1         1 
	   Disk (KB)            : 6852094    20971520  21146325 
	   Ioheavy              :                             0 
	   Memory (MB)          :   20466       20480     20480 
...
