000 (111987069.039.000) 04/30 09:13:25 Job submitted from host: <128.104.100.44:9618?addrs=128.104.100.44-9618+[2607-f388-107c-501-90e2-baff-fe2c-2724]-9618&noUDP&sock=4699_0235_3>
...
033 (111987069.039.000) 04/30 13:17:31 Changing job attribute JobPrio from 0 to 2
...
001 (111987069.039.000) 04/30 14:38:28 Job executing on host: <128.105.245.167:9618?addrs=128.105.245.167-9618&noUDP&sock=5445_6544_7>
...
006 (111987069.039.000) 04/30 14:38:37 Image size of job updated: 620
	1  -  MemoryUsage of job (MB)
	620  -  ResidentSetSize of job (KB)
...
006 (111987069.039.000) 04/30 14:43:47 Image size of job updated: 628
	1  -  MemoryUsage of job (MB)
	628  -  ResidentSetSize of job (KB)
...
006 (111987069.039.000) 04/30 14:48:40 Image size of job updated: 636
	1  -  MemoryUsage of job (MB)
	636  -  ResidentSetSize of job (KB)
...
006 (111987069.039.000) 04/30 14:53:39 Image size of job updated: 652
	1  -  MemoryUsage of job (MB)
	652  -  ResidentSetSize of job (KB)
...
006 (111987069.039.000) 04/30 15:13:50 Image size of job updated: 656
	1  -  MemoryUsage of job (MB)
	656  -  ResidentSetSize of job (KB)
...
006 (111987069.039.000) 04/30 15:23:51 Image size of job updated: 664
	1  -  MemoryUsage of job (MB)
	664  -  ResidentSetSize of job (KB)
...
006 (111987069.039.000) 04/30 15:28:54 Image size of job updated: 668
	1  -  MemoryUsage of job (MB)
	668  -  ResidentSetSize of job (KB)
...
006 (111987069.039.000) 04/30 15:38:45 Image size of job updated: 388988
	304  -  MemoryUsage of job (MB)
	310996  -  ResidentSetSize of job (KB)
...
006 (111987069.039.000) 04/30 15:43:46 Image size of job updated: 543932
	456  -  MemoryUsage of job (MB)
	465940  -  ResidentSetSize of job (KB)
...
006 (111987069.039.000) 04/30 15:48:47 Image size of job updated: 733724
	641  -  MemoryUsage of job (MB)
	655732  -  ResidentSetSize of job (KB)
...
006 (111987069.039.000) 04/30 15:53:47 Image size of job updated: 854612
	759  -  MemoryUsage of job (MB)
	776564  -  ResidentSetSize of job (KB)
...
006 (111987069.039.000) 04/30 15:58:47 Image size of job updated: 989780
	891  -  MemoryUsage of job (MB)
	911732  -  ResidentSetSize of job (KB)
...
006 (111987069.039.000) 04/30 16:03:49 Image size of job updated: 1101052
	1000  -  MemoryUsage of job (MB)
	1023004  -  ResidentSetSize of job (KB)
...
006 (111987069.039.000) 04/30 16:08:50 Image size of job updated: 1322728
	1216  -  MemoryUsage of job (MB)
	1244676  -  ResidentSetSize of job (KB)
...
006 (111987069.039.000) 04/30 16:13:49 Image size of job updated: 1629304
	1515  -  MemoryUsage of job (MB)
	1551252  -  ResidentSetSize of job (KB)
...
006 (111987069.039.000) 04/30 16:18:49 Image size of job updated: 1814176
	1696  -  MemoryUsage of job (MB)
	1736124  -  ResidentSetSize of job (KB)
...
006 (111987069.039.000) 04/30 16:23:50 Image size of job updated: 1929452
	1809  -  MemoryUsage of job (MB)
	1851400  -  ResidentSetSize of job (KB)
...
006 (111987069.039.000) 04/30 16:28:51 Image size of job updated: 2151568
	2025  -  MemoryUsage of job (MB)
	2073516  -  ResidentSetSize of job (KB)
...
006 (111987069.039.000) 04/30 16:33:51 Image size of job updated: 2341184
	2211  -  MemoryUsage of job (MB)
	2263132  -  ResidentSetSize of job (KB)
...
006 (111987069.039.000) 04/30 16:38:51 Image size of job updated: 2622280
	2485  -  MemoryUsage of job (MB)
	2544228  -  ResidentSetSize of job (KB)
...
006 (111987069.039.000) 04/30 16:43:51 Image size of job updated: 2961832
	2817  -  MemoryUsage of job (MB)
	2883780  -  ResidentSetSize of job (KB)
...
006 (111987069.039.000) 04/30 16:48:51 Image size of job updated: 3374252
	3219  -  MemoryUsage of job (MB)
	3296200  -  ResidentSetSize of job (KB)
...
006 (111987069.039.000) 04/30 16:53:52 Image size of job updated: 3699992
	3538  -  MemoryUsage of job (MB)
	3621940  -  ResidentSetSize of job (KB)
...
006 (111987069.039.000) 04/30 16:58:53 Image size of job updated: 4106460
	3934  -  MemoryUsage of job (MB)
	4028408  -  ResidentSetSize of job (KB)
...
006 (111987069.039.000) 04/30 17:03:53 Image size of job updated: 4473676
	4293  -  MemoryUsage of job (MB)
	4395624  -  ResidentSetSize of job (KB)
...
006 (111987069.039.000) 04/30 17:08:53 Image size of job updated: 4839396
	4650  -  MemoryUsage of job (MB)
	4761344  -  ResidentSetSize of job (KB)
...
006 (111987069.039.000) 04/30 17:13:54 Image size of job updated: 5182188
	4985  -  MemoryUsage of job (MB)
	5104136  -  ResidentSetSize of job (KB)
...
006 (111987069.039.000) 04/30 17:18:55 Image size of job updated: 5773928
	5563  -  MemoryUsage of job (MB)
	5695876  -  ResidentSetSize of job (KB)
...
006 (111987069.039.000) 04/30 17:23:56 Image size of job updated: 6372788
	6148  -  MemoryUsage of job (MB)
	6294736  -  ResidentSetSize of job (KB)
...
006 (111987069.039.000) 04/30 17:28:56 Image size of job updated: 6742772
	6509  -  MemoryUsage of job (MB)
	6664720  -  ResidentSetSize of job (KB)
...
006 (111987069.039.000) 04/30 17:33:56 Image size of job updated: 7263236
	7017  -  MemoryUsage of job (MB)
	7185184  -  ResidentSetSize of job (KB)
...
006 (111987069.039.000) 04/30 17:38:57 Image size of job updated: 7883832
	7623  -  MemoryUsage of job (MB)
	7805780  -  ResidentSetSize of job (KB)
...
006 (111987069.039.000) 04/30 17:43:58 Image size of job updated: 8677628
	8399  -  MemoryUsage of job (MB)
	8599576  -  ResidentSetSize of job (KB)
...
006 (111987069.039.000) 04/30 17:48:58 Image size of job updated: 9248552
	8956  -  MemoryUsage of job (MB)
	9170500  -  ResidentSetSize of job (KB)
...
006 (111987069.039.000) 04/30 17:53:58 Image size of job updated: 9912804
	9605  -  MemoryUsage of job (MB)
	9834752  -  ResidentSetSize of job (KB)
...
006 (111987069.039.000) 04/30 17:58:59 Image size of job updated: 10558952
	10236  -  MemoryUsage of job (MB)
	10480900  -  ResidentSetSize of job (KB)
...
006 (111987069.039.000) 04/30 18:03:59 Image size of job updated: 11128560
	10792  -  MemoryUsage of job (MB)
	11050508  -  ResidentSetSize of job (KB)
...
006 (111987069.039.000) 04/30 18:08:59 Image size of job updated: 11763092
	11412  -  MemoryUsage of job (MB)
	11685040  -  ResidentSetSize of job (KB)
...
006 (111987069.039.000) 04/30 18:13:59 Image size of job updated: 12371260
	12006  -  MemoryUsage of job (MB)
	12293208  -  ResidentSetSize of job (KB)
...
006 (111987069.039.000) 04/30 18:19:00 Image size of job updated: 13155476
	12771  -  MemoryUsage of job (MB)
	13077424  -  ResidentSetSize of job (KB)
...
006 (111987069.039.000) 04/30 18:24:01 Image size of job updated: 13867256
	13467  -  MemoryUsage of job (MB)
	13789204  -  ResidentSetSize of job (KB)
...
006 (111987069.039.000) 04/30 18:29:03 Image size of job updated: 14738048
	14317  -  MemoryUsage of job (MB)
	14659996  -  ResidentSetSize of job (KB)
...
006 (111987069.039.000) 04/30 18:34:03 Image size of job updated: 15287288
	14853  -  MemoryUsage of job (MB)
	15209236  -  ResidentSetSize of job (KB)
...
006 (111987069.039.000) 04/30 18:39:03 Image size of job updated: 15865160
	15418  -  MemoryUsage of job (MB)
	15787108  -  ResidentSetSize of job (KB)
...
006 (111987069.039.000) 04/30 18:44:03 Image size of job updated: 16532908
	16069  -  MemoryUsage of job (MB)
	16454500  -  ResidentSetSize of job (KB)
...
006 (111987069.039.000) 04/30 18:49:04 Image size of job updated: 17166812
	16688  -  MemoryUsage of job (MB)
	17087668  -  ResidentSetSize of job (KB)
...
006 (111987069.039.000) 04/30 18:54:06 Image size of job updated: 17827368
	17332  -  MemoryUsage of job (MB)
	17747672  -  ResidentSetSize of job (KB)
...
006 (111987069.039.000) 04/30 18:59:06 Image size of job updated: 18465668
	17954  -  MemoryUsage of job (MB)
	18383952  -  ResidentSetSize of job (KB)
...
006 (111987069.039.000) 04/30 19:04:07 Image size of job updated: 19132688
	18602  -  MemoryUsage of job (MB)
	19047568  -  ResidentSetSize of job (KB)
...
006 (111987069.039.000) 04/30 19:09:07 Image size of job updated: 19716508
	19177  -  MemoryUsage of job (MB)
	19636468  -  ResidentSetSize of job (KB)
...
006 (111987069.039.000) 04/30 19:14:08 Image size of job updated: 20364156
	19803  -  MemoryUsage of job (MB)
	20277964  -  ResidentSetSize of job (KB)
...
006 (111987069.039.000) 04/30 19:19:08 Image size of job updated: 20877496
	20186  -  MemoryUsage of job (MB)
	20670120  -  ResidentSetSize of job (KB)
...
006 (111987069.039.000) 04/30 19:24:09 Image size of job updated: 21427388
	20438  -  MemoryUsage of job (MB)
	20928036  -  ResidentSetSize of job (KB)
...
006 (111987069.039.000) 04/30 19:29:11 Image size of job updated: 21837484
	20438  -  MemoryUsage of job (MB)
	20928036  -  ResidentSetSize of job (KB)
...
006 (111987069.039.000) 04/30 19:34:10 Image size of job updated: 22283572
	20438  -  MemoryUsage of job (MB)
	20928036  -  ResidentSetSize of job (KB)
...
006 (111987069.039.000) 04/30 19:39:10 Image size of job updated: 23071708
	20438  -  MemoryUsage of job (MB)
	20928036  -  ResidentSetSize of job (KB)
...
006 (111987069.039.000) 04/30 19:39:31 Image size of job updated: 23079664
	20438  -  MemoryUsage of job (MB)
	20928036  -  ResidentSetSize of job (KB)
...
005 (111987069.039.000) 04/30 19:39:34 Job terminated.
	(1) Normal termination (return value 0)
		Usr 0 02:10:58, Sys 0 00:04:21  -  Run Remote Usage
		Usr 0 00:00:00, Sys 0 00:00:00  -  Run Local Usage
		Usr 0 02:10:58, Sys 0 00:04:21  -  Total Remote Usage
		Usr 0 00:00:00, Sys 0 00:00:00  -  Total Local Usage
	22937440  -  Run Bytes Sent By Job
	1780294400  -  Run Bytes Received By Job
	22937440  -  Total Bytes Sent By Job
	1780294400  -  Total Bytes Received By Job
	Partitionable Resources :      Usage  Request Allocated 
	   Cpus                 :       0.12        1         1 
	   Disk (KB)            : 6852128    20971520  21215989 
	   Ioheavy              :                             0 
	   Memory (MB)          :   20438       20480     20480 
...
