000 (111987069.195.000) 04/30 09:13:25 Job submitted from host: <128.104.100.44:9618?addrs=128.104.100.44-9618+[2607-f388-107c-501-90e2-baff-fe2c-2724]-9618&noUDP&sock=4699_0235_3>
...
033 (111987069.195.000) 04/30 13:17:31 Changing job attribute JobPrio from 0 to 2
...
001 (111987069.195.000) 04/30 18:51:36 Job executing on host: <128.105.245.243:9618?addrs=128.105.245.243-9618&noUDP&sock=5430_1b59_3>
...
006 (111987069.195.000) 04/30 18:51:46 Image size of job updated: 616
	1  -  MemoryUsage of job (MB)
	616  -  ResidentSetSize of job (KB)
...
006 (111987069.195.000) 04/30 18:56:47 Image size of job updated: 624
	1  -  MemoryUsage of job (MB)
	624  -  ResidentSetSize of job (KB)
...
006 (111987069.195.000) 04/30 19:01:47 Image size of job updated: 628
	1  -  MemoryUsage of job (MB)
	628  -  ResidentSetSize of job (KB)
...
006 (111987069.195.000) 04/30 19:06:48 Image size of job updated: 648
	1  -  MemoryUsage of job (MB)
	648  -  ResidentSetSize of job (KB)
...
006 (111987069.195.000) 04/30 19:26:55 Image size of job updated: 652
	1  -  MemoryUsage of job (MB)
	652  -  ResidentSetSize of job (KB)
...
006 (111987069.195.000) 04/30 19:36:52 Image size of job updated: 656
	1  -  MemoryUsage of job (MB)
	656  -  ResidentSetSize of job (KB)
...
006 (111987069.195.000) 04/30 19:41:55 Image size of job updated: 664
	1  -  MemoryUsage of job (MB)
	664  -  ResidentSetSize of job (KB)
...
006 (111987069.195.000) 04/30 19:51:54 Image size of job updated: 326800
	243  -  MemoryUsage of job (MB)
	248808  -  ResidentSetSize of job (KB)
...
006 (111987069.195.000) 04/30 19:56:54 Image size of job updated: 569624
	481  -  MemoryUsage of job (MB)
	491632  -  ResidentSetSize of job (KB)
...
006 (111987069.195.000) 04/30 20:01:54 Image size of job updated: 839928
	745  -  MemoryUsage of job (MB)
	761880  -  ResidentSetSize of job (KB)
...
006 (111987069.195.000) 04/30 20:06:54 Image size of job updated: 1090456
	989  -  MemoryUsage of job (MB)
	1012408  -  ResidentSetSize of job (KB)
...
006 (111987069.195.000) 04/30 20:11:57 Image size of job updated: 1452384
	1343  -  MemoryUsage of job (MB)
	1374336  -  ResidentSetSize of job (KB)
...
006 (111987069.195.000) 04/30 20:16:56 Image size of job updated: 1821012
	1703  -  MemoryUsage of job (MB)
	1742964  -  ResidentSetSize of job (KB)
...
006 (111987069.195.000) 04/30 20:21:57 Image size of job updated: 2210144
	2083  -  MemoryUsage of job (MB)
	2132096  -  ResidentSetSize of job (KB)
...
006 (111987069.195.000) 04/30 20:26:59 Image size of job updated: 2645220
	2508  -  MemoryUsage of job (MB)
	2567172  -  ResidentSetSize of job (KB)
...
006 (111987069.195.000) 04/30 20:31:59 Image size of job updated: 3165128
	3015  -  MemoryUsage of job (MB)
	3087080  -  ResidentSetSize of job (KB)
...
006 (111987069.195.000) 04/30 20:37:00 Image size of job updated: 3854452
	3688  -  MemoryUsage of job (MB)
	3776404  -  ResidentSetSize of job (KB)
...
006 (111987069.195.000) 04/30 20:42:00 Image size of job updated: 4421976
	4243  -  MemoryUsage of job (MB)
	4343928  -  ResidentSetSize of job (KB)
...
006 (111987069.195.000) 04/30 20:47:02 Image size of job updated: 5034516
	4841  -  MemoryUsage of job (MB)
	4956468  -  ResidentSetSize of job (KB)
...
006 (111987069.195.000) 04/30 20:52:02 Image size of job updated: 5723460
	5514  -  MemoryUsage of job (MB)
	5645412  -  ResidentSetSize of job (KB)
...
006 (111987069.195.000) 04/30 20:57:02 Image size of job updated: 6400612
	6175  -  MemoryUsage of job (MB)
	6322564  -  ResidentSetSize of job (KB)
...
006 (111987069.195.000) 04/30 21:02:03 Image size of job updated: 7048048
	6807  -  MemoryUsage of job (MB)
	6970000  -  ResidentSetSize of job (KB)
...
006 (111987069.195.000) 04/30 21:07:04 Image size of job updated: 7719160
	7463  -  MemoryUsage of job (MB)
	7641112  -  ResidentSetSize of job (KB)
...
006 (111987069.195.000) 04/30 21:12:05 Image size of job updated: 8358772
	8087  -  MemoryUsage of job (MB)
	8280724  -  ResidentSetSize of job (KB)
...
006 (111987069.195.000) 04/30 21:17:05 Image size of job updated: 8855736
	8572  -  MemoryUsage of job (MB)
	8777688  -  ResidentSetSize of job (KB)
...
006 (111987069.195.000) 04/30 21:22:06 Image size of job updated: 9413060
	9117  -  MemoryUsage of job (MB)
	9335012  -  ResidentSetSize of job (KB)
...
006 (111987069.195.000) 04/30 21:27:08 Image size of job updated: 10142388
	9829  -  MemoryUsage of job (MB)
	10064340  -  ResidentSetSize of job (KB)
...
006 (111987069.195.000) 04/30 21:32:08 Image size of job updated: 10727840
	10401  -  MemoryUsage of job (MB)
	10649792  -  ResidentSetSize of job (KB)
...
006 (111987069.195.000) 04/30 21:37:09 Image size of job updated: 11332012
	10991  -  MemoryUsage of job (MB)
	11253964  -  ResidentSetSize of job (KB)
...
006 (111987069.195.000) 04/30 21:42:10 Image size of job updated: 11975292
	11619  -  MemoryUsage of job (MB)
	11897244  -  ResidentSetSize of job (KB)
...
006 (111987069.195.000) 04/30 21:47:12 Image size of job updated: 12612184
	12241  -  MemoryUsage of job (MB)
	12534136  -  ResidentSetSize of job (KB)
...
006 (111987069.195.000) 04/30 21:52:12 Image size of job updated: 13258120
	12872  -  MemoryUsage of job (MB)
	13180072  -  ResidentSetSize of job (KB)
...
006 (111987069.195.000) 04/30 21:57:13 Image size of job updated: 13985520
	13582  -  MemoryUsage of job (MB)
	13907472  -  ResidentSetSize of job (KB)
...
006 (111987069.195.000) 04/30 22:02:13 Image size of job updated: 14641340
	14222  -  MemoryUsage of job (MB)
	14563292  -  ResidentSetSize of job (KB)
...
006 (111987069.195.000) 04/30 22:07:14 Image size of job updated: 15313412
	14879  -  MemoryUsage of job (MB)
	15235364  -  ResidentSetSize of job (KB)
...
006 (111987069.195.000) 04/30 22:12:14 Image size of job updated: 15980780
	15531  -  MemoryUsage of job (MB)
	15902732  -  ResidentSetSize of job (KB)
...
006 (111987069.195.000) 04/30 22:17:14 Image size of job updated: 16567628
	16104  -  MemoryUsage of job (MB)
	16489580  -  ResidentSetSize of job (KB)
...
006 (111987069.195.000) 04/30 22:22:15 Image size of job updated: 17165308
	16686  -  MemoryUsage of job (MB)
	17086376  -  ResidentSetSize of job (KB)
...
006 (111987069.195.000) 04/30 22:27:16 Image size of job updated: 17878176
	17381  -  MemoryUsage of job (MB)
	17797372  -  ResidentSetSize of job (KB)
...
006 (111987069.195.000) 04/30 22:32:17 Image size of job updated: 18548996
	18033  -  MemoryUsage of job (MB)
	18464880  -  ResidentSetSize of job (KB)
...
006 (111987069.195.000) 04/30 22:37:16 Image size of job updated: 19202188
	18667  -  MemoryUsage of job (MB)
	19114372  -  ResidentSetSize of job (KB)
...
006 (111987069.195.000) 04/30 22:42:17 Image size of job updated: 19841316
	19284  -  MemoryUsage of job (MB)
	19746460  -  ResidentSetSize of job (KB)
...
006 (111987069.195.000) 04/30 22:47:17 Image size of job updated: 20218572
	19623  -  MemoryUsage of job (MB)
	20093232  -  ResidentSetSize of job (KB)
...
006 (111987069.195.000) 04/30 22:52:18 Image size of job updated: 20463428
	19838  -  MemoryUsage of job (MB)
	20314080  -  ResidentSetSize of job (KB)
...
006 (111987069.195.000) 04/30 22:57:18 Image size of job updated: 20562016
	19915  -  MemoryUsage of job (MB)
	20392700  -  ResidentSetSize of job (KB)
...
006 (111987069.195.000) 04/30 23:02:18 Image size of job updated: 20826044
	20146  -  MemoryUsage of job (MB)
	20628960  -  ResidentSetSize of job (KB)
...
006 (111987069.195.000) 04/30 23:07:19 Image size of job updated: 20931536
	20214  -  MemoryUsage of job (MB)
	20698716  -  ResidentSetSize of job (KB)
...
006 (111987069.195.000) 04/30 23:12:20 Image size of job updated: 21117452
	20340  -  MemoryUsage of job (MB)
	20828076  -  ResidentSetSize of job (KB)
...
006 (111987069.195.000) 04/30 23:17:21 Image size of job updated: 21191452
	20372  -  MemoryUsage of job (MB)
	20860476  -  ResidentSetSize of job (KB)
...
006 (111987069.195.000) 04/30 23:22:22 Image size of job updated: 21298008
	20398  -  MemoryUsage of job (MB)
	20886832  -  ResidentSetSize of job (KB)
...
006 (111987069.195.000) 04/30 23:27:23 Image size of job updated: 21583188
	20421  -  MemoryUsage of job (MB)
	20910924  -  ResidentSetSize of job (KB)
...
006 (111987069.195.000) 04/30 23:32:25 Image size of job updated: 21895468
	20429  -  MemoryUsage of job (MB)
	20919160  -  ResidentSetSize of job (KB)
...
006 (111987069.195.000) 04/30 23:37:24 Image size of job updated: 22259400
	20429  -  MemoryUsage of job (MB)
	20919212  -  ResidentSetSize of job (KB)
...
006 (111987069.195.000) 04/30 23:42:24 Image size of job updated: 22539904
	20447  -  MemoryUsage of job (MB)
	20936792  -  ResidentSetSize of job (KB)
...
006 (111987069.195.000) 04/30 23:47:25 Image size of job updated: 22850064
	20448  -  MemoryUsage of job (MB)
	20938416  -  ResidentSetSize of job (KB)
...
005 (111987069.195.000) 04/30 23:51:34 Job terminated.
	(1) Normal termination (return value 0)
		Usr 0 01:50:51, Sys 0 00:02:08  -  Run Remote Usage
		Usr 0 00:00:00, Sys 0 00:00:00  -  Run Local Usage
		Usr 0 01:50:51, Sys 0 00:02:08  -  Total Remote Usage
		Usr 0 00:00:00, Sys 0 00:00:00  -  Total Local Usage
	22939424  -  Run Bytes Sent By Job
	1780294400  -  Run Bytes Received By Job
	22939424  -  Total Bytes Sent By Job
	1780294400  -  Total Bytes Received By Job
	Partitionable Resources :      Usage  Request Allocated 
	   Cpus                 :       0.00        1         1 
	   Disk (KB)            : 6852128    20971520  21327958 
	   Ioheavy              :                             0 
	   Memory (MB)          :   20448       20480     20480 
...
