000 (111987069.178.000) 04/30 09:13:25 Job submitted from host: <128.104.100.44:9618?addrs=128.104.100.44-9618+[2607-f388-107c-501-90e2-baff-fe2c-2724]-9618&noUDP&sock=4699_0235_3>
...
033 (111987069.178.000) 04/30 13:17:31 Changing job attribute JobPrio from 0 to 2
...
001 (111987069.178.000) 04/30 18:19:44 Job executing on host: <128.105.245.203:9618?addrs=128.105.245.203-9618&noUDP&sock=38396_0a74_3>
...
006 (111987069.178.000) 04/30 18:20:04 Image size of job updated: 624
	1  -  MemoryUsage of job (MB)
	624  -  ResidentSetSize of job (KB)
...
006 (111987069.178.000) 04/30 18:24:53 Image size of job updated: 628
	1  -  MemoryUsage of job (MB)
	628  -  ResidentSetSize of job (KB)
...
006 (111987069.178.000) 04/30 18:29:54 Image size of job updated: 652
	1  -  MemoryUsage of job (MB)
	652  -  ResidentSetSize of job (KB)
...
006 (111987069.178.000) 04/30 18:34:55 Image size of job updated: 55588
	27  -  MemoryUsage of job (MB)
	27124  -  ResidentSetSize of job (KB)
...
006 (111987069.178.000) 04/30 18:39:55 Image size of job updated: 604640
	515  -  MemoryUsage of job (MB)
	526648  -  ResidentSetSize of job (KB)
...
006 (111987069.178.000) 04/30 18:44:55 Image size of job updated: 995080
	896  -  MemoryUsage of job (MB)
	917032  -  ResidentSetSize of job (KB)
...
006 (111987069.178.000) 04/30 18:49:55 Image size of job updated: 1305004
	1199  -  MemoryUsage of job (MB)
	1226956  -  ResidentSetSize of job (KB)
...
006 (111987069.178.000) 04/30 18:54:55 Image size of job updated: 1561808
	1449  -  MemoryUsage of job (MB)
	1483760  -  ResidentSetSize of job (KB)
...
006 (111987069.178.000) 04/30 18:59:58 Image size of job updated: 2007288
	1885  -  MemoryUsage of job (MB)
	1929240  -  ResidentSetSize of job (KB)
...
006 (111987069.178.000) 04/30 19:04:58 Image size of job updated: 2732228
	2592  -  MemoryUsage of job (MB)
	2654180  -  ResidentSetSize of job (KB)
...
006 (111987069.178.000) 04/30 19:09:58 Image size of job updated: 3578424
	3419  -  MemoryUsage of job (MB)
	3500376  -  ResidentSetSize of job (KB)
...
006 (111987069.178.000) 04/30 19:14:58 Image size of job updated: 4485804
	4305  -  MemoryUsage of job (MB)
	4407756  -  ResidentSetSize of job (KB)
...
006 (111987069.178.000) 04/30 19:19:59 Image size of job updated: 5575256
	5369  -  MemoryUsage of job (MB)
	5497208  -  ResidentSetSize of job (KB)
...
006 (111987069.178.000) 04/30 19:24:59 Image size of job updated: 6556784
	6327  -  MemoryUsage of job (MB)
	6478736  -  ResidentSetSize of job (KB)
...
006 (111987069.178.000) 04/30 19:29:59 Image size of job updated: 7512772
	7261  -  MemoryUsage of job (MB)
	7434724  -  ResidentSetSize of job (KB)
...
006 (111987069.178.000) 04/30 19:35:00 Image size of job updated: 8319856
	8049  -  MemoryUsage of job (MB)
	8241808  -  ResidentSetSize of job (KB)
...
006 (111987069.178.000) 04/30 19:40:00 Image size of job updated: 9103544
	8814  -  MemoryUsage of job (MB)
	9025496  -  ResidentSetSize of job (KB)
...
006 (111987069.178.000) 04/30 19:45:00 Image size of job updated: 9922536
	9614  -  MemoryUsage of job (MB)
	9844488  -  ResidentSetSize of job (KB)
...
006 (111987069.178.000) 04/30 19:50:01 Image size of job updated: 10686728
	10361  -  MemoryUsage of job (MB)
	10608680  -  ResidentSetSize of job (KB)
...
006 (111987069.178.000) 04/30 19:55:02 Image size of job updated: 11475956
	11131  -  MemoryUsage of job (MB)
	11397908  -  ResidentSetSize of job (KB)
...
006 (111987069.178.000) 04/30 20:00:03 Image size of job updated: 12275976
	11913  -  MemoryUsage of job (MB)
	12197928  -  ResidentSetSize of job (KB)
...
006 (111987069.178.000) 04/30 20:05:04 Image size of job updated: 12995912
	12616  -  MemoryUsage of job (MB)
	12917864  -  ResidentSetSize of job (KB)
...
006 (111987069.178.000) 04/30 20:10:04 Image size of job updated: 13794356
	13395  -  MemoryUsage of job (MB)
	13716308  -  ResidentSetSize of job (KB)
...
006 (111987069.178.000) 04/30 20:15:04 Image size of job updated: 14556964
	14140  -  MemoryUsage of job (MB)
	14478916  -  ResidentSetSize of job (KB)
...
006 (111987069.178.000) 04/30 20:20:05 Image size of job updated: 15308152
	14874  -  MemoryUsage of job (MB)
	15230008  -  ResidentSetSize of job (KB)
...
006 (111987069.178.000) 04/30 20:25:06 Image size of job updated: 16036840
	15583  -  MemoryUsage of job (MB)
	15956400  -  ResidentSetSize of job (KB)
...
006 (111987069.178.000) 04/30 20:30:07 Image size of job updated: 16812372
	16333  -  MemoryUsage of job (MB)
	16724028  -  ResidentSetSize of job (KB)
...
006 (111987069.178.000) 04/30 20:35:07 Image size of job updated: 17590332
	17088  -  MemoryUsage of job (MB)
	17497220  -  ResidentSetSize of job (KB)
...
006 (111987069.178.000) 04/30 20:40:07 Image size of job updated: 18271460
	17744  -  MemoryUsage of job (MB)
	18169432  -  ResidentSetSize of job (KB)
...
006 (111987069.178.000) 04/30 20:45:07 Image size of job updated: 18845056
	18290  -  MemoryUsage of job (MB)
	18728060  -  ResidentSetSize of job (KB)
...
006 (111987069.178.000) 04/30 20:50:07 Image size of job updated: 19451852
	18866  -  MemoryUsage of job (MB)
	19318108  -  ResidentSetSize of job (KB)
...
006 (111987069.178.000) 04/30 20:55:08 Image size of job updated: 20133220
	19500  -  MemoryUsage of job (MB)
	19966992  -  ResidentSetSize of job (KB)
...
006 (111987069.178.000) 04/30 21:00:08 Image size of job updated: 20594248
	19890  -  MemoryUsage of job (MB)
	20366388  -  ResidentSetSize of job (KB)
...
006 (111987069.178.000) 04/30 21:05:09 Image size of job updated: 21421008
	20433  -  MemoryUsage of job (MB)
	20922940  -  ResidentSetSize of job (KB)
...
006 (111987069.178.000) 04/30 21:10:10 Image size of job updated: 22106260
	20449  -  MemoryUsage of job (MB)
	20939448  -  ResidentSetSize of job (KB)
...
006 (111987069.178.000) 04/30 21:15:11 Image size of job updated: 22793064
	20464  -  MemoryUsage of job (MB)
	20954488  -  ResidentSetSize of job (KB)
...
006 (111987069.178.000) 04/30 21:20:11 Image size of job updated: 23306780
	20464  -  MemoryUsage of job (MB)
	20954488  -  ResidentSetSize of job (KB)
...
006 (111987069.178.000) 04/30 21:25:11 Image size of job updated: 23863080
	20464  -  MemoryUsage of job (MB)
	20954488  -  ResidentSetSize of job (KB)
...
006 (111987069.178.000) 04/30 21:30:12 Image size of job updated: 24314776
	20464  -  MemoryUsage of job (MB)
	20954488  -  ResidentSetSize of job (KB)
...
006 (111987069.178.000) 04/30 21:35:13 Image size of job updated: 24824380
	20464  -  MemoryUsage of job (MB)
	20954488  -  ResidentSetSize of job (KB)
...
006 (111987069.178.000) 04/30 21:40:13 Image size of job updated: 25296184
	20464  -  MemoryUsage of job (MB)
	20954488  -  ResidentSetSize of job (KB)
...
006 (111987069.178.000) 04/30 21:45:14 Image size of job updated: 25612952
	20464  -  MemoryUsage of job (MB)
	20954488  -  ResidentSetSize of job (KB)
...
005 (111987069.178.000) 04/30 21:47:48 Job terminated.
	(1) Normal termination (return value 0)
		Usr 0 02:41:30, Sys 0 00:02:52  -  Run Remote Usage
		Usr 0 00:00:00, Sys 0 00:00:00  -  Run Local Usage
		Usr 0 02:41:30, Sys 0 00:02:52  -  Total Remote Usage
		Usr 0 00:00:00, Sys 0 00:00:00  -  Total Local Usage
	26066502  -  Run Bytes Sent By Job
	1780294400  -  Run Bytes Received By Job
	26066502  -  Total Bytes Sent By Job
	1780294400  -  Total Bytes Received By Job
	Partitionable Resources :      Usage  Request Allocated 
	   Cpus                 :       0.00        1         1 
	   Disk (KB)            : 6894590    20971520  21341430 
	   Ioheavy              :                             0 
	   Memory (MB)          :   20464       20480     20480 
...
