000 (111987069.192.000) 04/30 09:13:25 Job submitted from host: <128.104.100.44:9618?addrs=128.104.100.44-9618+[2607-f388-107c-501-90e2-baff-fe2c-2724]-9618&noUDP&sock=4699_0235_3>
...
033 (111987069.192.000) 04/30 13:17:31 Changing job attribute JobPrio from 0 to 2
...
001 (111987069.192.000) 04/30 18:46:24 Job executing on host: <128.105.245.230:9618?addrs=128.105.245.230-9618&noUDP&sock=5412_c2a4_45>
...
006 (111987069.192.000) 04/30 18:46:32 Image size of job updated: 644
	1  -  MemoryUsage of job (MB)
	632  -  ResidentSetSize of job (KB)
...
006 (111987069.192.000) 04/30 18:51:33 Image size of job updated: 672
	1  -  MemoryUsage of job (MB)
	660  -  ResidentSetSize of job (KB)
...
006 (111987069.192.000) 04/30 18:56:34 Image size of job updated: 459704
	373  -  MemoryUsage of job (MB)
	381700  -  ResidentSetSize of job (KB)
...
006 (111987069.192.000) 04/30 19:01:35 Image size of job updated: 890760
	794  -  MemoryUsage of job (MB)
	812700  -  ResidentSetSize of job (KB)
...
006 (111987069.192.000) 04/30 19:06:36 Image size of job updated: 1532904
	1421  -  MemoryUsage of job (MB)
	1454844  -  ResidentSetSize of job (KB)
...
006 (111987069.192.000) 04/30 19:11:37 Image size of job updated: 2452456
	2319  -  MemoryUsage of job (MB)
	2374396  -  ResidentSetSize of job (KB)
...
006 (111987069.192.000) 04/30 19:16:38 Image size of job updated: 3248076
	3096  -  MemoryUsage of job (MB)
	3170016  -  ResidentSetSize of job (KB)
...
006 (111987069.192.000) 04/30 19:21:38 Image size of job updated: 4184988
	4011  -  MemoryUsage of job (MB)
	4106928  -  ResidentSetSize of job (KB)
...
006 (111987069.192.000) 04/30 19:26:38 Image size of job updated: 5112820
	4917  -  MemoryUsage of job (MB)
	5034760  -  ResidentSetSize of job (KB)
...
006 (111987069.192.000) 04/30 19:31:38 Image size of job updated: 5989388
	5773  -  MemoryUsage of job (MB)
	5911328  -  ResidentSetSize of job (KB)
...
006 (111987069.192.000) 04/30 19:36:38 Image size of job updated: 6853640
	6617  -  MemoryUsage of job (MB)
	6775580  -  ResidentSetSize of job (KB)
...
006 (111987069.192.000) 04/30 19:41:38 Image size of job updated: 7702180
	7446  -  MemoryUsage of job (MB)
	7624120  -  ResidentSetSize of job (KB)
...
006 (111987069.192.000) 04/30 19:46:38 Image size of job updated: 8524328
	8249  -  MemoryUsage of job (MB)
	8446268  -  ResidentSetSize of job (KB)
...
006 (111987069.192.000) 04/30 19:51:39 Image size of job updated: 9390532
	9095  -  MemoryUsage of job (MB)
	9312472  -  ResidentSetSize of job (KB)
...
006 (111987069.192.000) 04/30 19:56:40 Image size of job updated: 10138480
	9825  -  MemoryUsage of job (MB)
	10060420  -  ResidentSetSize of job (KB)
...
006 (111987069.192.000) 04/30 20:01:41 Image size of job updated: 10924996
	10593  -  MemoryUsage of job (MB)
	10846936  -  ResidentSetSize of job (KB)
...
006 (111987069.192.000) 04/30 20:06:42 Image size of job updated: 11812304
	11460  -  MemoryUsage of job (MB)
	11734244  -  ResidentSetSize of job (KB)
...
006 (111987069.192.000) 04/30 20:11:42 Image size of job updated: 12705204
	12332  -  MemoryUsage of job (MB)
	12627144  -  ResidentSetSize of job (KB)
...
006 (111987069.192.000) 04/30 20:16:42 Image size of job updated: 13538288
	13145  -  MemoryUsage of job (MB)
	13460228  -  ResidentSetSize of job (KB)
...
006 (111987069.192.000) 04/30 20:21:42 Image size of job updated: 14341436
	13930  -  MemoryUsage of job (MB)
	14263376  -  ResidentSetSize of job (KB)
...
006 (111987069.192.000) 04/30 20:26:43 Image size of job updated: 15202312
	14770  -  MemoryUsage of job (MB)
	15124252  -  ResidentSetSize of job (KB)
...
006 (111987069.192.000) 04/30 20:31:44 Image size of job updated: 16058860
	15604  -  MemoryUsage of job (MB)
	15977808  -  ResidentSetSize of job (KB)
...
006 (111987069.192.000) 04/30 20:36:45 Image size of job updated: 16835972
	16357  -  MemoryUsage of job (MB)
	16748644  -  ResidentSetSize of job (KB)
...
006 (111987069.192.000) 04/30 20:41:45 Image size of job updated: 17614616
	17111  -  MemoryUsage of job (MB)
	17520804  -  ResidentSetSize of job (KB)
...
006 (111987069.192.000) 04/30 20:46:45 Image size of job updated: 18472928
	17939  -  MemoryUsage of job (MB)
	18369244  -  ResidentSetSize of job (KB)
...
006 (111987069.192.000) 04/30 20:51:46 Image size of job updated: 19217532
	18656  -  MemoryUsage of job (MB)
	19103572  -  ResidentSetSize of job (KB)
...
006 (111987069.192.000) 04/30 20:56:47 Image size of job updated: 20102944
	19513  -  MemoryUsage of job (MB)
	19980528  -  ResidentSetSize of job (KB)
...
006 (111987069.192.000) 04/30 21:01:48 Image size of job updated: 20900044
	20211  -  MemoryUsage of job (MB)
	20695784  -  ResidentSetSize of job (KB)
...
006 (111987069.192.000) 04/30 21:06:48 Image size of job updated: 21571608
	20424  -  MemoryUsage of job (MB)
	20913416  -  ResidentSetSize of job (KB)
...
006 (111987069.192.000) 04/30 21:11:48 Image size of job updated: 22268740
	20434  -  MemoryUsage of job (MB)
	20923800  -  ResidentSetSize of job (KB)
...
006 (111987069.192.000) 04/30 21:16:48 Image size of job updated: 22960092
	20450  -  MemoryUsage of job (MB)
	20940252  -  ResidentSetSize of job (KB)
...
006 (111987069.192.000) 04/30 21:17:46 Image size of job updated: 23077912
	20450  -  MemoryUsage of job (MB)
	20940384  -  ResidentSetSize of job (KB)
...
005 (111987069.192.000) 04/30 21:17:49 Job terminated.
	(1) Normal termination (return value 0)
		Usr 0 02:18:56, Sys 0 00:02:15  -  Run Remote Usage
		Usr 0 00:00:00, Sys 0 00:00:00  -  Run Local Usage
		Usr 0 02:18:56, Sys 0 00:02:15  -  Total Remote Usage
		Usr 0 00:00:00, Sys 0 00:00:00  -  Total Local Usage
	22958176  -  Run Bytes Sent By Job
	1780294400  -  Run Bytes Received By Job
	22958176  -  Total Bytes Sent By Job
	1780294400  -  Total Bytes Received By Job
	Partitionable Resources :      Usage  Request Allocated 
	   Cpus                 :       0.93        1         1 
	   Disk (KB)            : 6852146    20971520  21153189 
	   Ioheavy              :                             0 
	   Memory (MB)          :   20450       20480     20480 
...
