000 (111987069.027.000) 04/30 09:13:25 Job submitted from host: <128.104.100.44:9618?addrs=128.104.100.44-9618+[2607-f388-107c-501-90e2-baff-fe2c-2724]-9618&noUDP&sock=4699_0235_3>
...
033 (111987069.027.000) 04/30 13:17:31 Changing job attribute JobPrio from 0 to 2
...
001 (111987069.027.000) 04/30 14:17:03 Job executing on host: <128.105.245.243:9618?addrs=128.105.245.243-9618&noUDP&sock=5430_1b59_3>
...
006 (111987069.027.000) 04/30 14:17:12 Image size of job updated: 624
	1  -  MemoryUsage of job (MB)
	624  -  ResidentSetSize of job (KB)
...
006 (111987069.027.000) 04/30 14:22:16 Image size of job updated: 656
	1  -  MemoryUsage of job (MB)
	656  -  ResidentSetSize of job (KB)
...
006 (111987069.027.000) 04/30 14:32:14 Image size of job updated: 431156
	345  -  MemoryUsage of job (MB)
	353160  -  ResidentSetSize of job (KB)
...
006 (111987069.027.000) 04/30 14:37:15 Image size of job updated: 933012
	835  -  MemoryUsage of job (MB)
	854960  -  ResidentSetSize of job (KB)
...
006 (111987069.027.000) 04/30 14:42:19 Image size of job updated: 1375360
	1267  -  MemoryUsage of job (MB)
	1297308  -  ResidentSetSize of job (KB)
...
006 (111987069.027.000) 04/30 14:47:16 Image size of job updated: 2224088
	2096  -  MemoryUsage of job (MB)
	2146036  -  ResidentSetSize of job (KB)
...
006 (111987069.027.000) 04/30 14:52:17 Image size of job updated: 3257648
	3106  -  MemoryUsage of job (MB)
	3179596  -  ResidentSetSize of job (KB)
...
006 (111987069.027.000) 04/30 14:57:19 Image size of job updated: 4329872
	4153  -  MemoryUsage of job (MB)
	4251820  -  ResidentSetSize of job (KB)
...
006 (111987069.027.000) 04/30 15:02:19 Image size of job updated: 4986728
	4794  -  MemoryUsage of job (MB)
	4908676  -  ResidentSetSize of job (KB)
...
006 (111987069.027.000) 04/30 15:07:19 Image size of job updated: 6088564
	5870  -  MemoryUsage of job (MB)
	6010512  -  ResidentSetSize of job (KB)
...
006 (111987069.027.000) 04/30 15:12:20 Image size of job updated: 7211948
	6967  -  MemoryUsage of job (MB)
	7133896  -  ResidentSetSize of job (KB)
...
006 (111987069.027.000) 04/30 15:17:21 Image size of job updated: 8189968
	7922  -  MemoryUsage of job (MB)
	8111916  -  ResidentSetSize of job (KB)
...
006 (111987069.027.000) 04/30 15:22:21 Image size of job updated: 9210292
	8919  -  MemoryUsage of job (MB)
	9132240  -  ResidentSetSize of job (KB)
...
006 (111987069.027.000) 04/30 15:27:21 Image size of job updated: 9886852
	9579  -  MemoryUsage of job (MB)
	9808800  -  ResidentSetSize of job (KB)
...
006 (111987069.027.000) 04/30 15:32:21 Image size of job updated: 10658260
	10333  -  MemoryUsage of job (MB)
	10580208  -  ResidentSetSize of job (KB)
...
006 (111987069.027.000) 04/30 15:37:22 Image size of job updated: 11483388
	11139  -  MemoryUsage of job (MB)
	11405336  -  ResidentSetSize of job (KB)
...
006 (111987069.027.000) 04/30 15:42:22 Image size of job updated: 12274312
	11911  -  MemoryUsage of job (MB)
	12196260  -  ResidentSetSize of job (KB)
...
006 (111987069.027.000) 04/30 15:47:22 Image size of job updated: 12767924
	12393  -  MemoryUsage of job (MB)
	12689872  -  ResidentSetSize of job (KB)
...
006 (111987069.027.000) 04/30 15:52:23 Image size of job updated: 13340180
	12952  -  MemoryUsage of job (MB)
	13262128  -  ResidentSetSize of job (KB)
...
006 (111987069.027.000) 04/30 15:57:24 Image size of job updated: 13662164
	13266  -  MemoryUsage of job (MB)
	13584112  -  ResidentSetSize of job (KB)
...
006 (111987069.027.000) 04/30 16:02:24 Image size of job updated: 14074384
	13669  -  MemoryUsage of job (MB)
	13996332  -  ResidentSetSize of job (KB)
...
006 (111987069.027.000) 04/30 16:07:24 Image size of job updated: 14507364
	14092  -  MemoryUsage of job (MB)
	14429312  -  ResidentSetSize of job (KB)
...
006 (111987069.027.000) 04/30 16:12:24 Image size of job updated: 14806216
	14383  -  MemoryUsage of job (MB)
	14728164  -  ResidentSetSize of job (KB)
...
006 (111987069.027.000) 04/30 16:17:24 Image size of job updated: 15177088
	14746  -  MemoryUsage of job (MB)
	15099036  -  ResidentSetSize of job (KB)
...
006 (111987069.027.000) 04/30 16:22:25 Image size of job updated: 15484224
	15046  -  MemoryUsage of job (MB)
	15406172  -  ResidentSetSize of job (KB)
...
006 (111987069.027.000) 04/30 16:27:26 Image size of job updated: 15777696
	15332  -  MemoryUsage of job (MB)
	15699644  -  ResidentSetSize of job (KB)
...
006 (111987069.027.000) 04/30 16:32:26 Image size of job updated: 16244188
	15788  -  MemoryUsage of job (MB)
	16166136  -  ResidentSetSize of job (KB)
...
006 (111987069.027.000) 04/30 16:37:26 Image size of job updated: 16584472
	16120  -  MemoryUsage of job (MB)
	16506420  -  ResidentSetSize of job (KB)
...
006 (111987069.027.000) 04/30 16:42:26 Image size of job updated: 17040708
	16565  -  MemoryUsage of job (MB)
	16962196  -  ResidentSetSize of job (KB)
...
006 (111987069.027.000) 04/30 16:47:27 Image size of job updated: 17315208
	16833  -  MemoryUsage of job (MB)
	17236352  -  ResidentSetSize of job (KB)
...
006 (111987069.027.000) 04/30 16:52:28 Image size of job updated: 17537024
	17049  -  MemoryUsage of job (MB)
	17457960  -  ResidentSetSize of job (KB)
...
006 (111987069.027.000) 04/30 16:57:28 Image size of job updated: 17707180
	17215  -  MemoryUsage of job (MB)
	17627708  -  ResidentSetSize of job (KB)
...
006 (111987069.027.000) 04/30 17:02:28 Image size of job updated: 18000080
	17501  -  MemoryUsage of job (MB)
	17920224  -  ResidentSetSize of job (KB)
...
006 (111987069.027.000) 04/30 17:07:28 Image size of job updated: 18542804
	18030  -  MemoryUsage of job (MB)
	18461936  -  ResidentSetSize of job (KB)
...
006 (111987069.027.000) 04/30 17:12:29 Image size of job updated: 18947844
	18424  -  MemoryUsage of job (MB)
	18865712  -  ResidentSetSize of job (KB)
...
006 (111987069.027.000) 04/30 17:17:30 Image size of job updated: 19280228
	18746  -  MemoryUsage of job (MB)
	19195688  -  ResidentSetSize of job (KB)
...
006 (111987069.027.000) 04/30 17:22:31 Image size of job updated: 19745988
	19181  -  MemoryUsage of job (MB)
	19640480  -  ResidentSetSize of job (KB)
...
006 (111987069.027.000) 04/30 17:27:31 Image size of job updated: 20110784
	19515  -  MemoryUsage of job (MB)
	19983008  -  ResidentSetSize of job (KB)
...
006 (111987069.027.000) 04/30 17:32:31 Image size of job updated: 20380776
	19743  -  MemoryUsage of job (MB)
	20216832  -  ResidentSetSize of job (KB)
...
006 (111987069.027.000) 04/30 17:37:32 Image size of job updated: 20534880
	19858  -  MemoryUsage of job (MB)
	20333704  -  ResidentSetSize of job (KB)
...
006 (111987069.027.000) 04/30 17:42:33 Image size of job updated: 20827108
	20081  -  MemoryUsage of job (MB)
	20562472  -  ResidentSetSize of job (KB)
...
006 (111987069.027.000) 04/30 17:47:36 Image size of job updated: 20986064
	20176  -  MemoryUsage of job (MB)
	20659748  -  ResidentSetSize of job (KB)
...
006 (111987069.027.000) 04/30 17:52:35 Image size of job updated: 21192576
	20307  -  MemoryUsage of job (MB)
	20793776  -  ResidentSetSize of job (KB)
...
006 (111987069.027.000) 04/30 17:57:36 Image size of job updated: 21297284
	20346  -  MemoryUsage of job (MB)
	20834000  -  ResidentSetSize of job (KB)
...
006 (111987069.027.000) 04/30 18:02:37 Image size of job updated: 21516768
	20403  -  MemoryUsage of job (MB)
	20892500  -  ResidentSetSize of job (KB)
...
006 (111987069.027.000) 04/30 18:07:38 Image size of job updated: 21781240
	20434  -  MemoryUsage of job (MB)
	20923416  -  ResidentSetSize of job (KB)
...
006 (111987069.027.000) 04/30 18:12:39 Image size of job updated: 21880320
	20434  -  MemoryUsage of job (MB)
	20923608  -  ResidentSetSize of job (KB)
...
006 (111987069.027.000) 04/30 18:17:39 Image size of job updated: 22096364
	20447  -  MemoryUsage of job (MB)
	20937708  -  ResidentSetSize of job (KB)
...
006 (111987069.027.000) 04/30 18:22:39 Image size of job updated: 22182708
	20447  -  MemoryUsage of job (MB)
	20937708  -  ResidentSetSize of job (KB)
...
006 (111987069.027.000) 04/30 18:27:39 Image size of job updated: 22271684
	20447  -  MemoryUsage of job (MB)
	20937708  -  ResidentSetSize of job (KB)
...
006 (111987069.027.000) 04/30 18:32:40 Image size of job updated: 22468888
	20455  -  MemoryUsage of job (MB)
	20945696  -  ResidentSetSize of job (KB)
...
006 (111987069.027.000) 04/30 18:37:41 Image size of job updated: 22593616
	20455  -  MemoryUsage of job (MB)
	20945696  -  ResidentSetSize of job (KB)
...
006 (111987069.027.000) 04/30 18:42:42 Image size of job updated: 22841420
	20455  -  MemoryUsage of job (MB)
	20945696  -  ResidentSetSize of job (KB)
...
006 (111987069.027.000) 04/30 18:47:42 Image size of job updated: 22919144
	20455  -  MemoryUsage of job (MB)
	20945696  -  ResidentSetSize of job (KB)
...
006 (111987069.027.000) 04/30 18:52:42 Image size of job updated: 22985040
	20455  -  MemoryUsage of job (MB)
	20945696  -  ResidentSetSize of job (KB)
...
006 (111987069.027.000) 04/30 18:57:42 Image size of job updated: 23077576
	20455  -  MemoryUsage of job (MB)
	20945696  -  ResidentSetSize of job (KB)
...
006 (111987069.027.000) 04/30 18:57:52 Image size of job updated: 23727196
	20455  -  MemoryUsage of job (MB)
	20945696  -  ResidentSetSize of job (KB)
...
005 (111987069.027.000) 04/30 18:58:03 Job terminated.
	(1) Normal termination (return value 0)
		Usr 0 01:50:24, Sys 0 00:02:17  -  Run Remote Usage
		Usr 0 00:00:00, Sys 0 00:00:00  -  Run Local Usage
		Usr 0 01:50:24, Sys 0 00:02:17  -  Total Remote Usage
		Usr 0 00:00:00, Sys 0 00:00:00  -  Total Local Usage
	23044448  -  Run Bytes Sent By Job
	1780294400  -  Run Bytes Received By Job
	23044448  -  Total Bytes Sent By Job
	1780294400  -  Total Bytes Received By Job
	Partitionable Resources :      Usage  Request Allocated 
	   Cpus                 :       0.01        1         1 
	   Disk (KB)            : 6852233    20971520  21364576 
	   Ioheavy              :                             0 
	   Memory (MB)          :   20455       20480     20480 
...
