000 (111987069.036.000) 04/30 09:13:25 Job submitted from host: <128.104.100.44:9618?addrs=128.104.100.44-9618+[2607-f388-107c-501-90e2-baff-fe2c-2724]-9618&noUDP&sock=4699_0235_3>
...
033 (111987069.036.000) 04/30 13:17:31 Changing job attribute JobPrio from 0 to 2
...
001 (111987069.036.000) 04/30 14:24:10 Job executing on host: <128.105.245.181:9618?addrs=128.105.245.181-9618&noUDP&sock=5448_740d_3>
...
006 (111987069.036.000) 04/30 14:24:19 Image size of job updated: 632
	1  -  MemoryUsage of job (MB)
	632  -  ResidentSetSize of job (KB)
...
006 (111987069.036.000) 04/30 14:29:20 Image size of job updated: 636
	1  -  MemoryUsage of job (MB)
	636  -  ResidentSetSize of job (KB)
...
006 (111987069.036.000) 04/30 14:34:21 Image size of job updated: 656
	1  -  MemoryUsage of job (MB)
	656  -  ResidentSetSize of job (KB)
...
006 (111987069.036.000) 04/30 14:39:21 Image size of job updated: 660
	1  -  MemoryUsage of job (MB)
	660  -  ResidentSetSize of job (KB)
...
006 (111987069.036.000) 04/30 14:44:21 Image size of job updated: 360828
	277  -  MemoryUsage of job (MB)
	282836  -  ResidentSetSize of job (KB)
...
006 (111987069.036.000) 04/30 14:49:22 Image size of job updated: 764876
	671  -  MemoryUsage of job (MB)
	686848  -  ResidentSetSize of job (KB)
...
006 (111987069.036.000) 04/30 14:54:22 Image size of job updated: 1204360
	1100  -  MemoryUsage of job (MB)
	1126312  -  ResidentSetSize of job (KB)
...
006 (111987069.036.000) 04/30 14:59:22 Image size of job updated: 1881072
	1761  -  MemoryUsage of job (MB)
	1803024  -  ResidentSetSize of job (KB)
...
006 (111987069.036.000) 04/30 15:04:22 Image size of job updated: 2658752
	2521  -  MemoryUsage of job (MB)
	2580704  -  ResidentSetSize of job (KB)
...
006 (111987069.036.000) 04/30 15:09:23 Image size of job updated: 3585008
	3425  -  MemoryUsage of job (MB)
	3506960  -  ResidentSetSize of job (KB)
...
006 (111987069.036.000) 04/30 15:14:25 Image size of job updated: 4566000
	4383  -  MemoryUsage of job (MB)
	4487952  -  ResidentSetSize of job (KB)
...
006 (111987069.036.000) 04/30 15:19:25 Image size of job updated: 5441144
	5238  -  MemoryUsage of job (MB)
	5363096  -  ResidentSetSize of job (KB)
...
006 (111987069.036.000) 04/30 15:24:25 Image size of job updated: 6491120
	6263  -  MemoryUsage of job (MB)
	6413072  -  ResidentSetSize of job (KB)
...
006 (111987069.036.000) 04/30 15:29:26 Image size of job updated: 7277376
	7031  -  MemoryUsage of job (MB)
	7199328  -  ResidentSetSize of job (KB)
...
006 (111987069.036.000) 04/30 15:34:27 Image size of job updated: 8213500
	7945  -  MemoryUsage of job (MB)
	8135452  -  ResidentSetSize of job (KB)
...
006 (111987069.036.000) 04/30 15:39:28 Image size of job updated: 9035120
	8748  -  MemoryUsage of job (MB)
	8957072  -  ResidentSetSize of job (KB)
...
006 (111987069.036.000) 04/30 15:44:28 Image size of job updated: 9781760
	9477  -  MemoryUsage of job (MB)
	9703712  -  ResidentSetSize of job (KB)
...
006 (111987069.036.000) 04/30 15:49:29 Image size of job updated: 10519224
	10197  -  MemoryUsage of job (MB)
	10441176  -  ResidentSetSize of job (KB)
...
006 (111987069.036.000) 04/30 15:54:29 Image size of job updated: 11254764
	10915  -  MemoryUsage of job (MB)
	11176716  -  ResidentSetSize of job (KB)
...
006 (111987069.036.000) 04/30 15:59:29 Image size of job updated: 11971264
	11615  -  MemoryUsage of job (MB)
	11893216  -  ResidentSetSize of job (KB)
...
006 (111987069.036.000) 04/30 16:04:31 Image size of job updated: 12723140
	12349  -  MemoryUsage of job (MB)
	12645092  -  ResidentSetSize of job (KB)
...
006 (111987069.036.000) 04/30 16:09:31 Image size of job updated: 13402972
	13013  -  MemoryUsage of job (MB)
	13324924  -  ResidentSetSize of job (KB)
...
006 (111987069.036.000) 04/30 16:14:31 Image size of job updated: 14092932
	13687  -  MemoryUsage of job (MB)
	14014884  -  ResidentSetSize of job (KB)
...
006 (111987069.036.000) 04/30 16:19:32 Image size of job updated: 14760880
	14339  -  MemoryUsage of job (MB)
	14682832  -  ResidentSetSize of job (KB)
...
006 (111987069.036.000) 04/30 16:24:33 Image size of job updated: 15204388
	14772  -  MemoryUsage of job (MB)
	15126340  -  ResidentSetSize of job (KB)
...
006 (111987069.036.000) 04/30 16:29:33 Image size of job updated: 15773104
	15328  -  MemoryUsage of job (MB)
	15695056  -  ResidentSetSize of job (KB)
...
006 (111987069.036.000) 04/30 16:34:34 Image size of job updated: 16287036
	15829  -  MemoryUsage of job (MB)
	16208472  -  ResidentSetSize of job (KB)
...
006 (111987069.036.000) 04/30 16:39:34 Image size of job updated: 17126320
	16648  -  MemoryUsage of job (MB)
	17046592  -  ResidentSetSize of job (KB)
...
006 (111987069.036.000) 04/30 16:44:35 Image size of job updated: 17649816
	17155  -  MemoryUsage of job (MB)
	17566408  -  ResidentSetSize of job (KB)
...
006 (111987069.036.000) 04/30 16:49:35 Image size of job updated: 18224040
	17709  -  MemoryUsage of job (MB)
	18133076  -  ResidentSetSize of job (KB)
...
006 (111987069.036.000) 04/30 16:54:36 Image size of job updated: 19354644
	18798  -  MemoryUsage of job (MB)
	19248920  -  ResidentSetSize of job (KB)
...
006 (111987069.036.000) 04/30 16:59:37 Image size of job updated: 20188420
	19599  -  MemoryUsage of job (MB)
	20068668  -  ResidentSetSize of job (KB)
...
006 (111987069.036.000) 04/30 17:04:37 Image size of job updated: 21033532
	20320  -  MemoryUsage of job (MB)
	20807616  -  ResidentSetSize of job (KB)
...
006 (111987069.036.000) 04/30 17:09:37 Image size of job updated: 21476972
	20444  -  MemoryUsage of job (MB)
	20933924  -  ResidentSetSize of job (KB)
...
006 (111987069.036.000) 04/30 17:14:38 Image size of job updated: 22057868
	20465  -  MemoryUsage of job (MB)
	20955200  -  ResidentSetSize of job (KB)
...
006 (111987069.036.000) 04/30 17:19:39 Image size of job updated: 22547792
	20465  -  MemoryUsage of job (MB)
	20955200  -  ResidentSetSize of job (KB)
...
006 (111987069.036.000) 04/30 17:24:39 Image size of job updated: 23020256
	20465  -  MemoryUsage of job (MB)
	20955200  -  ResidentSetSize of job (KB)
...
005 (111987069.036.000) 04/30 17:24:58 Job terminated.
	(1) Normal termination (return value 0)
		Usr 0 02:16:10, Sys 0 00:02:38  -  Run Remote Usage
		Usr 0 00:00:00, Sys 0 00:00:00  -  Run Local Usage
		Usr 0 02:16:10, Sys 0 00:02:38  -  Total Remote Usage
		Usr 0 00:00:00, Sys 0 00:00:00  -  Total Local Usage
	22745836  -  Run Bytes Sent By Job
	1780294400  -  Run Bytes Received By Job
	22745836  -  Total Bytes Sent By Job
	1780294400  -  Total Bytes Received By Job
	Partitionable Resources :      Usage  Request Allocated 
	   Cpus                 :       0.51        1         1 
	   Disk (KB)            : 6851941    20971520  21377439 
	   Ioheavy              :                             0 
	   Memory (MB)          :   20465       20480     20480 
...
