000 (111987069.119.000) 04/30 09:13:25 Job submitted from host: <128.104.100.44:9618?addrs=128.104.100.44-9618+[2607-f388-107c-501-90e2-baff-fe2c-2724]-9618&noUDP&sock=4699_0235_3>
...
033 (111987069.119.000) 04/30 13:17:31 Changing job attribute JobPrio from 0 to 2
...
001 (111987069.119.000) 04/30 17:07:49 Job executing on host: <128.105.245.211:9618?addrs=128.105.245.211-9618&noUDP&sock=5414_21d5_3>
...
006 (111987069.119.000) 04/30 17:07:57 Image size of job updated: 620
	1  -  MemoryUsage of job (MB)
	620  -  ResidentSetSize of job (KB)
...
006 (111987069.119.000) 04/30 17:12:58 Image size of job updated: 628
	1  -  MemoryUsage of job (MB)
	628  -  ResidentSetSize of job (KB)
...
006 (111987069.119.000) 04/30 17:17:59 Image size of job updated: 648
	1  -  MemoryUsage of job (MB)
	648  -  ResidentSetSize of job (KB)
...
006 (111987069.119.000) 04/30 17:23:00 Image size of job updated: 652
	1  -  MemoryUsage of job (MB)
	652  -  ResidentSetSize of job (KB)
...
006 (111987069.119.000) 04/30 17:28:04 Image size of job updated: 660
	1  -  MemoryUsage of job (MB)
	660  -  ResidentSetSize of job (KB)
...
006 (111987069.119.000) 04/30 17:33:00 Image size of job updated: 664
	1  -  MemoryUsage of job (MB)
	664  -  ResidentSetSize of job (KB)
...
006 (111987069.119.000) 04/30 17:38:00 Image size of job updated: 563800
	475  -  MemoryUsage of job (MB)
	485808  -  ResidentSetSize of job (KB)
...
006 (111987069.119.000) 04/30 17:43:01 Image size of job updated: 1005196
	906  -  MemoryUsage of job (MB)
	927148  -  ResidentSetSize of job (KB)
...
006 (111987069.119.000) 04/30 17:48:01 Image size of job updated: 1490404
	1380  -  MemoryUsage of job (MB)
	1412356  -  ResidentSetSize of job (KB)
...
006 (111987069.119.000) 04/30 17:53:01 Image size of job updated: 2084032
	1959  -  MemoryUsage of job (MB)
	2005984  -  ResidentSetSize of job (KB)
...
006 (111987069.119.000) 04/30 17:58:02 Image size of job updated: 2791740
	2651  -  MemoryUsage of job (MB)
	2713692  -  ResidentSetSize of job (KB)
...
006 (111987069.119.000) 04/30 18:03:03 Image size of job updated: 3587020
	3427  -  MemoryUsage of job (MB)
	3508972  -  ResidentSetSize of job (KB)
...
006 (111987069.119.000) 04/30 18:08:03 Image size of job updated: 4432452
	4253  -  MemoryUsage of job (MB)
	4354404  -  ResidentSetSize of job (KB)
...
006 (111987069.119.000) 04/30 18:13:03 Image size of job updated: 5184964
	4988  -  MemoryUsage of job (MB)
	5106916  -  ResidentSetSize of job (KB)
...
006 (111987069.119.000) 04/30 18:18:04 Image size of job updated: 6106636
	5888  -  MemoryUsage of job (MB)
	6028588  -  ResidentSetSize of job (KB)
...
006 (111987069.119.000) 04/30 18:23:04 Image size of job updated: 7008916
	6769  -  MemoryUsage of job (MB)
	6930868  -  ResidentSetSize of job (KB)
...
006 (111987069.119.000) 04/30 18:28:05 Image size of job updated: 7767016
	7509  -  MemoryUsage of job (MB)
	7688968  -  ResidentSetSize of job (KB)
...
006 (111987069.119.000) 04/30 18:33:05 Image size of job updated: 8661944
	8383  -  MemoryUsage of job (MB)
	8583896  -  ResidentSetSize of job (KB)
...
006 (111987069.119.000) 04/30 18:38:06 Image size of job updated: 9413260
	9117  -  MemoryUsage of job (MB)
	9335212  -  ResidentSetSize of job (KB)
...
006 (111987069.119.000) 04/30 18:43:07 Image size of job updated: 10114508
	9802  -  MemoryUsage of job (MB)
	10036460  -  ResidentSetSize of job (KB)
...
006 (111987069.119.000) 04/30 18:48:07 Image size of job updated: 10782784
	10454  -  MemoryUsage of job (MB)
	10704736  -  ResidentSetSize of job (KB)
...
006 (111987069.119.000) 04/30 18:53:09 Image size of job updated: 11490648
	11146  -  MemoryUsage of job (MB)
	11412600  -  ResidentSetSize of job (KB)
...
006 (111987069.119.000) 04/30 18:58:08 Image size of job updated: 12216712
	11855  -  MemoryUsage of job (MB)
	12138664  -  ResidentSetSize of job (KB)
...
006 (111987069.119.000) 04/30 19:03:09 Image size of job updated: 12949128
	12570  -  MemoryUsage of job (MB)
	12871080  -  ResidentSetSize of job (KB)
...
006 (111987069.119.000) 04/30 19:08:09 Image size of job updated: 13664384
	13268  -  MemoryUsage of job (MB)
	13586336  -  ResidentSetSize of job (KB)
...
006 (111987069.119.000) 04/30 19:13:09 Image size of job updated: 14536412
	14120  -  MemoryUsage of job (MB)
	14458364  -  ResidentSetSize of job (KB)
...
006 (111987069.119.000) 04/30 19:18:10 Image size of job updated: 15243064
	14810  -  MemoryUsage of job (MB)
	15164888  -  ResidentSetSize of job (KB)
...
006 (111987069.119.000) 04/30 19:23:10 Image size of job updated: 16018104
	15564  -  MemoryUsage of job (MB)
	15937196  -  ResidentSetSize of job (KB)
...
006 (111987069.119.000) 04/30 19:28:11 Image size of job updated: 16663228
	16189  -  MemoryUsage of job (MB)
	16576668  -  ResidentSetSize of job (KB)
...
006 (111987069.119.000) 04/30 19:33:11 Image size of job updated: 17358612
	16861  -  MemoryUsage of job (MB)
	17265340  -  ResidentSetSize of job (KB)
...
006 (111987069.119.000) 04/30 19:38:11 Image size of job updated: 17973580
	17458  -  MemoryUsage of job (MB)
	17876024  -  ResidentSetSize of job (KB)
...
006 (111987069.119.000) 04/30 19:43:11 Image size of job updated: 18651036
	18114  -  MemoryUsage of job (MB)
	18548488  -  ResidentSetSize of job (KB)
...
006 (111987069.119.000) 04/30 19:48:11 Image size of job updated: 18924240
	18377  -  MemoryUsage of job (MB)
	18817240  -  ResidentSetSize of job (KB)
...
006 (111987069.119.000) 04/30 19:53:13 Image size of job updated: 19603108
	19027  -  MemoryUsage of job (MB)
	19483320  -  ResidentSetSize of job (KB)
...
006 (111987069.119.000) 04/30 19:58:12 Image size of job updated: 20271008
	19654  -  MemoryUsage of job (MB)
	20125188  -  ResidentSetSize of job (KB)
...
006 (111987069.119.000) 04/30 20:03:12 Image size of job updated: 21039712
	20331  -  MemoryUsage of job (MB)
	20818696  -  ResidentSetSize of job (KB)
...
006 (111987069.119.000) 04/30 20:08:14 Image size of job updated: 21596108
	20438  -  MemoryUsage of job (MB)
	20927968  -  ResidentSetSize of job (KB)
...
006 (111987069.119.000) 04/30 20:13:14 Image size of job updated: 22205440
	20438  -  MemoryUsage of job (MB)
	20927968  -  ResidentSetSize of job (KB)
...
006 (111987069.119.000) 04/30 20:18:14 Image size of job updated: 22827668
	20453  -  MemoryUsage of job (MB)
	20943144  -  ResidentSetSize of job (KB)
...
006 (111987069.119.000) 04/30 20:20:41 Image size of job updated: 23078444
	20453  -  MemoryUsage of job (MB)
	20943220  -  ResidentSetSize of job (KB)
...
005 (111987069.119.000) 04/30 20:20:44 Job terminated.
	(1) Normal termination (return value 0)
		Usr 0 02:25:57, Sys 0 00:06:23  -  Run Remote Usage
		Usr 0 00:00:00, Sys 0 00:00:00  -  Run Local Usage
		Usr 0 02:25:57, Sys 0 00:06:23  -  Total Remote Usage
		Usr 0 00:00:00, Sys 0 00:00:00  -  Total Local Usage
	22905256  -  Run Bytes Sent By Job
	1780294400  -  Run Bytes Received By Job
	22905256  -  Total Bytes Sent By Job
	1780294400  -  Total Bytes Received By Job
	Partitionable Resources :      Usage  Request Allocated 
	   Cpus                 :       0.94        1         1 
	   Disk (KB)            : 6852096    20971520  21205472 
	   Ioheavy              :                             0 
	   Memory (MB)          :   20453       20480     20480 
...
