000 (111987069.088.000) 04/30 09:13:25 Job submitted from host: <128.104.100.44:9618?addrs=128.104.100.44-9618+[2607-f388-107c-501-90e2-baff-fe2c-2724]-9618&noUDP&sock=4699_0235_3>
...
033 (111987069.088.000) 04/30 13:17:31 Changing job attribute JobPrio from 0 to 2
...
001 (111987069.088.000) 04/30 15:33:48 Job executing on host: <128.105.245.190:9618?addrs=128.105.245.190-9618&noUDP&sock=5445_6544_3>
...
006 (111987069.088.000) 04/30 15:33:57 Image size of job updated: 624
	1  -  MemoryUsage of job (MB)
	624  -  ResidentSetSize of job (KB)
...
006 (111987069.088.000) 04/30 15:38:58 Image size of job updated: 628
	1  -  MemoryUsage of job (MB)
	628  -  ResidentSetSize of job (KB)
...
006 (111987069.088.000) 04/30 15:44:00 Image size of job updated: 632
	1  -  MemoryUsage of job (MB)
	632  -  ResidentSetSize of job (KB)
...
006 (111987069.088.000) 04/30 15:49:01 Image size of job updated: 652
	1  -  MemoryUsage of job (MB)
	652  -  ResidentSetSize of job (KB)
...
006 (111987069.088.000) 04/30 15:53:59 Image size of job updated: 656
	1  -  MemoryUsage of job (MB)
	656  -  ResidentSetSize of job (KB)
...
006 (111987069.088.000) 04/30 15:59:00 Image size of job updated: 660
	1  -  MemoryUsage of job (MB)
	660  -  ResidentSetSize of job (KB)
...
006 (111987069.088.000) 04/30 16:04:01 Image size of job updated: 274076
	192  -  MemoryUsage of job (MB)
	196092  -  ResidentSetSize of job (KB)
...
006 (111987069.088.000) 04/30 16:09:02 Image size of job updated: 728272
	636  -  MemoryUsage of job (MB)
	650280  -  ResidentSetSize of job (KB)
...
006 (111987069.088.000) 04/30 16:14:02 Image size of job updated: 1285380
	1180  -  MemoryUsage of job (MB)
	1207332  -  ResidentSetSize of job (KB)
...
006 (111987069.088.000) 04/30 16:19:02 Image size of job updated: 2004852
	1882  -  MemoryUsage of job (MB)
	1926804  -  ResidentSetSize of job (KB)
...
006 (111987069.088.000) 04/30 16:24:03 Image size of job updated: 2884884
	2742  -  MemoryUsage of job (MB)
	2806836  -  ResidentSetSize of job (KB)
...
006 (111987069.088.000) 04/30 16:29:03 Image size of job updated: 3846256
	3680  -  MemoryUsage of job (MB)
	3768208  -  ResidentSetSize of job (KB)
...
006 (111987069.088.000) 04/30 16:34:04 Image size of job updated: 4988976
	4796  -  MemoryUsage of job (MB)
	4910928  -  ResidentSetSize of job (KB)
...
006 (111987069.088.000) 04/30 16:39:05 Image size of job updated: 5932884
	5718  -  MemoryUsage of job (MB)
	5854836  -  ResidentSetSize of job (KB)
...
006 (111987069.088.000) 04/30 16:44:05 Image size of job updated: 6867288
	6631  -  MemoryUsage of job (MB)
	6789240  -  ResidentSetSize of job (KB)
...
006 (111987069.088.000) 04/30 16:49:05 Image size of job updated: 7745948
	7489  -  MemoryUsage of job (MB)
	7667900  -  ResidentSetSize of job (KB)
...
006 (111987069.088.000) 04/30 16:54:06 Image size of job updated: 8707044
	8427  -  MemoryUsage of job (MB)
	8628996  -  ResidentSetSize of job (KB)
...
006 (111987069.088.000) 04/30 16:59:06 Image size of job updated: 9688324
	9386  -  MemoryUsage of job (MB)
	9610276  -  ResidentSetSize of job (KB)
...
006 (111987069.088.000) 04/30 17:04:07 Image size of job updated: 10491404
	10170  -  MemoryUsage of job (MB)
	10413356  -  ResidentSetSize of job (KB)
...
006 (111987069.088.000) 04/30 17:09:07 Image size of job updated: 11308768
	10968  -  MemoryUsage of job (MB)
	11230720  -  ResidentSetSize of job (KB)
...
006 (111987069.088.000) 04/30 17:14:08 Image size of job updated: 12152528
	11792  -  MemoryUsage of job (MB)
	12074480  -  ResidentSetSize of job (KB)
...
006 (111987069.088.000) 04/30 17:19:08 Image size of job updated: 12929028
	12550  -  MemoryUsage of job (MB)
	12850980  -  ResidentSetSize of job (KB)
...
006 (111987069.088.000) 04/30 17:24:10 Image size of job updated: 13809816
	13410  -  MemoryUsage of job (MB)
	13731768  -  ResidentSetSize of job (KB)
...
006 (111987069.088.000) 04/30 17:29:10 Image size of job updated: 14673212
	14254  -  MemoryUsage of job (MB)
	14595164  -  ResidentSetSize of job (KB)
...
006 (111987069.088.000) 04/30 17:34:10 Image size of job updated: 15468600
	15030  -  MemoryUsage of job (MB)
	15390552  -  ResidentSetSize of job (KB)
...
006 (111987069.088.000) 04/30 17:39:11 Image size of job updated: 16314312
	15856  -  MemoryUsage of job (MB)
	16236052  -  ResidentSetSize of job (KB)
...
006 (111987069.088.000) 04/30 17:44:12 Image size of job updated: 17200448
	16720  -  MemoryUsage of job (MB)
	17120504  -  ResidentSetSize of job (KB)
...
006 (111987069.088.000) 04/30 17:49:12 Image size of job updated: 18008764
	17506  -  MemoryUsage of job (MB)
	17925732  -  ResidentSetSize of job (KB)
...
006 (111987069.088.000) 04/30 17:54:13 Image size of job updated: 18900936
	18369  -  MemoryUsage of job (MB)
	18809284  -  ResidentSetSize of job (KB)
...
006 (111987069.088.000) 04/30 17:59:13 Image size of job updated: 19791768
	19228  -  MemoryUsage of job (MB)
	19689004  -  ResidentSetSize of job (KB)
...
006 (111987069.088.000) 04/30 18:04:14 Image size of job updated: 20794744
	20129  -  MemoryUsage of job (MB)
	20611996  -  ResidentSetSize of job (KB)
...
006 (111987069.088.000) 04/30 18:09:15 Image size of job updated: 21541656
	20430  -  MemoryUsage of job (MB)
	20920008  -  ResidentSetSize of job (KB)
...
006 (111987069.088.000) 04/30 18:14:16 Image size of job updated: 22462208
	20460  -  MemoryUsage of job (MB)
	20950680  -  ResidentSetSize of job (KB)
...
006 (111987069.088.000) 04/30 18:18:56 Image size of job updated: 23078088
	20460  -  MemoryUsage of job (MB)
	20950680  -  ResidentSetSize of job (KB)
...
005 (111987069.088.000) 04/30 18:18:58 Job terminated.
	(1) Normal termination (return value 0)
		Usr 0 02:11:52, Sys 0 00:02:22  -  Run Remote Usage
		Usr 0 00:00:00, Sys 0 00:00:00  -  Run Local Usage
		Usr 0 02:11:52, Sys 0 00:02:22  -  Total Remote Usage
		Usr 0 00:00:00, Sys 0 00:00:00  -  Total Local Usage
	22976720  -  Run Bytes Sent By Job
	1780294400  -  Run Bytes Received By Job
	22976720  -  Total Bytes Sent By Job
	1780294400  -  Total Bytes Received By Job
	Partitionable Resources :      Usage  Request Allocated 
	   Cpus                 :       0.54        1         1 
	   Disk (KB)            : 6852165    20971520  21214967 
	   Ioheavy              :                             0 
	   Memory (MB)          :   20460       20480     20480 
...
