000 (111987069.083.000) 04/30 09:13:25 Job submitted from host: <128.104.100.44:9618?addrs=128.104.100.44-9618+[2607-f388-107c-501-90e2-baff-fe2c-2724]-9618&noUDP&sock=4699_0235_3>
...
033 (111987069.083.000) 04/30 13:17:31 Changing job attribute JobPrio from 0 to 2
...
001 (111987069.083.000) 04/30 15:52:23 Job executing on host: <128.105.245.157:9618?addrs=128.105.245.157-9618&noUDP&sock=5433_2a21_29>
...
006 (111987069.083.000) 04/30 15:52:32 Image size of job updated: 620
	1  -  MemoryUsage of job (MB)
	620  -  ResidentSetSize of job (KB)
...
006 (111987069.083.000) 04/30 15:57:32 Image size of job updated: 628
	1  -  MemoryUsage of job (MB)
	628  -  ResidentSetSize of job (KB)
...
006 (111987069.083.000) 04/30 16:22:34 Image size of job updated: 632
	1  -  MemoryUsage of job (MB)
	632  -  ResidentSetSize of job (KB)
...
006 (111987069.083.000) 04/30 17:05:09 Image size of job updated: 656
	1  -  MemoryUsage of job (MB)
	656  -  ResidentSetSize of job (KB)
...
006 (111987069.083.000) 04/30 18:28:41 Image size of job updated: 7605780
	7352  -  MemoryUsage of job (MB)
	7527732  -  ResidentSetSize of job (KB)
...
006 (111987069.083.000) 04/30 19:35:34 Image size of job updated: 18134780
	17626  -  MemoryUsage of job (MB)
	18048516  -  ResidentSetSize of job (KB)
...
006 (111987069.083.000) 04/30 20:12:12 Image size of job updated: 23076304
	17626  -  MemoryUsage of job (MB)
	18048516  -  ResidentSetSize of job (KB)
...
005 (111987069.083.000) 04/30 20:12:14 Job terminated.
	(1) Normal termination (return value 0)
		Usr 0 02:08:44, Sys 0 00:02:27  -  Run Remote Usage
		Usr 0 00:00:00, Sys 0 00:00:00  -  Run Local Usage
		Usr 0 02:08:44, Sys 0 00:02:27  -  Total Remote Usage
		Usr 0 00:00:00, Sys 0 00:00:00  -  Total Local Usage
	22959892  -  Run Bytes Sent By Job
	1780294400  -  Run Bytes Received By Job
	22959892  -  Total Bytes Sent By Job
	1780294400  -  Total Bytes Received By Job
	Partitionable Resources :      Usage  Request Allocated 
	   Cpus                 :       0.83        1         1 
	   Disk (KB)            : 6852150    20971520  21367567 
	   Ioheavy              :                             0 
	   Memory (MB)          :   17626       20480     20480 
...
