000 (111987069.097.000) 04/30 09:13:25 Job submitted from host: <128.104.100.44:9618?addrs=128.104.100.44-9618+[2607-f388-107c-501-90e2-baff-fe2c-2724]-9618&noUDP&sock=4699_0235_3>
...
033 (111987069.097.000) 04/30 13:17:31 Changing job attribute JobPrio from 0 to 2
...
001 (111987069.097.000) 04/30 16:22:44 Job executing on host: <128.105.245.230:9618?addrs=128.105.245.230-9618&noUDP&sock=5412_c2a4_45>
...
006 (111987069.097.000) 04/30 16:22:53 Image size of job updated: 624
	1  -  MemoryUsage of job (MB)
	624  -  ResidentSetSize of job (KB)
...
006 (111987069.097.000) 04/30 16:27:55 Image size of job updated: 668
	1  -  MemoryUsage of job (MB)
	668  -  ResidentSetSize of job (KB)
...
006 (111987069.097.000) 04/30 16:32:55 Image size of job updated: 641992
	551  -  MemoryUsage of job (MB)
	564000  -  ResidentSetSize of job (KB)
...
006 (111987069.097.000) 04/30 16:37:56 Image size of job updated: 1159388
	1056  -  MemoryUsage of job (MB)
	1081340  -  ResidentSetSize of job (KB)
...
006 (111987069.097.000) 04/30 16:42:57 Image size of job updated: 1743088
	1627  -  MemoryUsage of job (MB)
	1665040  -  ResidentSetSize of job (KB)
...
006 (111987069.097.000) 04/30 16:47:58 Image size of job updated: 2529048
	2394  -  MemoryUsage of job (MB)
	2451000  -  ResidentSetSize of job (KB)
...
006 (111987069.097.000) 04/30 16:52:59 Image size of job updated: 3366684
	3212  -  MemoryUsage of job (MB)
	3288636  -  ResidentSetSize of job (KB)
...
006 (111987069.097.000) 04/30 16:57:59 Image size of job updated: 4330336
	4153  -  MemoryUsage of job (MB)
	4252288  -  ResidentSetSize of job (KB)
...
006 (111987069.097.000) 04/30 17:02:59 Image size of job updated: 5244520
	5046  -  MemoryUsage of job (MB)
	5166472  -  ResidentSetSize of job (KB)
...
006 (111987069.097.000) 04/30 17:07:59 Image size of job updated: 6275752
	6053  -  MemoryUsage of job (MB)
	6197704  -  ResidentSetSize of job (KB)
...
006 (111987069.097.000) 04/30 17:13:00 Image size of job updated: 7211656
	6967  -  MemoryUsage of job (MB)
	7133608  -  ResidentSetSize of job (KB)
...
006 (111987069.097.000) 04/30 17:18:01 Image size of job updated: 8171744
	7904  -  MemoryUsage of job (MB)
	8093696  -  ResidentSetSize of job (KB)
...
006 (111987069.097.000) 04/30 17:23:01 Image size of job updated: 9046084
	8758  -  MemoryUsage of job (MB)
	8968036  -  ResidentSetSize of job (KB)
...
006 (111987069.097.000) 04/30 17:28:01 Image size of job updated: 9784116
	9479  -  MemoryUsage of job (MB)
	9706068  -  ResidentSetSize of job (KB)
...
006 (111987069.097.000) 04/30 17:33:02 Image size of job updated: 10527824
	10205  -  MemoryUsage of job (MB)
	10449776  -  ResidentSetSize of job (KB)
...
006 (111987069.097.000) 04/30 17:38:03 Image size of job updated: 11280764
	10941  -  MemoryUsage of job (MB)
	11202716  -  ResidentSetSize of job (KB)
...
006 (111987069.097.000) 04/30 17:43:04 Image size of job updated: 11966976
	11611  -  MemoryUsage of job (MB)
	11888928  -  ResidentSetSize of job (KB)
...
006 (111987069.097.000) 04/30 17:48:04 Image size of job updated: 12714832
	12341  -  MemoryUsage of job (MB)
	12636784  -  ResidentSetSize of job (KB)
...
006 (111987069.097.000) 04/30 17:53:04 Image size of job updated: 13462896
	13072  -  MemoryUsage of job (MB)
	13384848  -  ResidentSetSize of job (KB)
...
006 (111987069.097.000) 04/30 17:58:04 Image size of job updated: 14153560
	13746  -  MemoryUsage of job (MB)
	14075512  -  ResidentSetSize of job (KB)
...
006 (111987069.097.000) 04/30 18:03:04 Image size of job updated: 14951632
	14525  -  MemoryUsage of job (MB)
	14873584  -  ResidentSetSize of job (KB)
...
006 (111987069.097.000) 04/30 18:08:04 Image size of job updated: 15701652
	15258  -  MemoryUsage of job (MB)
	15623604  -  ResidentSetSize of job (KB)
...
006 (111987069.097.000) 04/30 18:13:05 Image size of job updated: 16349048
	15889  -  MemoryUsage of job (MB)
	16270104  -  ResidentSetSize of job (KB)
...
006 (111987069.097.000) 04/30 18:18:06 Image size of job updated: 17120416
	16636  -  MemoryUsage of job (MB)
	17034920  -  ResidentSetSize of job (KB)
...
006 (111987069.097.000) 04/30 18:23:08 Image size of job updated: 17847832
	17334  -  MemoryUsage of job (MB)
	17749660  -  ResidentSetSize of job (KB)
...
006 (111987069.097.000) 04/30 18:28:08 Image size of job updated: 18598760
	18046  -  MemoryUsage of job (MB)
	18478960  -  ResidentSetSize of job (KB)
...
006 (111987069.097.000) 04/30 18:33:08 Image size of job updated: 19504556
	18925  -  MemoryUsage of job (MB)
	19378836  -  ResidentSetSize of job (KB)
...
006 (111987069.097.000) 04/30 18:38:08 Image size of job updated: 20419244
	19785  -  MemoryUsage of job (MB)
	20258876  -  ResidentSetSize of job (KB)
...
006 (111987069.097.000) 04/30 18:43:09 Image size of job updated: 21136240
	20440  -  MemoryUsage of job (MB)
	20929620  -  ResidentSetSize of job (KB)
...
006 (111987069.097.000) 04/30 18:48:10 Image size of job updated: 21724708
	20458  -  MemoryUsage of job (MB)
	20948740  -  ResidentSetSize of job (KB)
...
006 (111987069.097.000) 04/30 18:53:10 Image size of job updated: 22145040
	20458  -  MemoryUsage of job (MB)
	20948872  -  ResidentSetSize of job (KB)
...
006 (111987069.097.000) 04/30 18:58:10 Image size of job updated: 22843732
	20458  -  MemoryUsage of job (MB)
	20948872  -  ResidentSetSize of job (KB)
...
006 (111987069.097.000) 04/30 19:00:26 Image size of job updated: 23070752
	20458  -  MemoryUsage of job (MB)
	20948872  -  ResidentSetSize of job (KB)
...
005 (111987069.097.000) 04/30 19:00:28 Job terminated.
	(1) Normal termination (return value 0)
		Usr 0 02:23:17, Sys 0 00:02:41  -  Run Remote Usage
		Usr 0 00:00:00, Sys 0 00:00:00  -  Run Local Usage
		Usr 0 02:23:17, Sys 0 00:02:41  -  Total Remote Usage
		Usr 0 00:00:00, Sys 0 00:00:00  -  Total Local Usage
	22970750  -  Run Bytes Sent By Job
	1780294400  -  Run Bytes Received By Job
	22970750  -  Total Bytes Sent By Job
	1780294400  -  Total Bytes Received By Job
	Partitionable Resources :      Usage  Request Allocated 
	   Cpus                 :       0.82        1         1 
	   Disk (KB)            : 6852161    20971520  21152909 
	   Ioheavy              :                             0 
	   Memory (MB)          :   20458       20480     20480 
...
