000 (111987069.072.000) 04/30 09:13:25 Job submitted from host: <128.104.100.44:9618?addrs=128.104.100.44-9618+[2607-f388-107c-501-90e2-baff-fe2c-2724]-9618&noUDP&sock=4699_0235_3>
...
033 (111987069.072.000) 04/30 13:17:31 Changing job attribute JobPrio from 0 to 2
...
001 (111987069.072.000) 04/30 15:30:19 Job executing on host: <128.105.245.249:9618?addrs=128.105.245.249-9618&noUDP&sock=5434_d9ba_3>
...
006 (111987069.072.000) 04/30 15:30:28 Image size of job updated: 612
	1  -  MemoryUsage of job (MB)
	612  -  ResidentSetSize of job (KB)
...
006 (111987069.072.000) 04/30 15:35:29 Image size of job updated: 620
	1  -  MemoryUsage of job (MB)
	620  -  ResidentSetSize of job (KB)
...
006 (111987069.072.000) 04/30 15:45:30 Image size of job updated: 624
	1  -  MemoryUsage of job (MB)
	624  -  ResidentSetSize of job (KB)
...
006 (111987069.072.000) 04/30 15:50:31 Image size of job updated: 640
	1  -  MemoryUsage of job (MB)
	640  -  ResidentSetSize of job (KB)
...
006 (111987069.072.000) 04/30 15:55:33 Image size of job updated: 644
	1  -  MemoryUsage of job (MB)
	644  -  ResidentSetSize of job (KB)
...
006 (111987069.072.000) 04/30 16:05:33 Image size of job updated: 648
	1  -  MemoryUsage of job (MB)
	648  -  ResidentSetSize of job (KB)
...
006 (111987069.072.000) 04/30 16:10:34 Image size of job updated: 656
	1  -  MemoryUsage of job (MB)
	656  -  ResidentSetSize of job (KB)
...
006 (111987069.072.000) 04/30 16:15:34 Image size of job updated: 298624
	216  -  MemoryUsage of job (MB)
	220632  -  ResidentSetSize of job (KB)
...
006 (111987069.072.000) 04/30 16:20:33 Image size of job updated: 658780
	568  -  MemoryUsage of job (MB)
	580788  -  ResidentSetSize of job (KB)
...
006 (111987069.072.000) 04/30 16:25:34 Image size of job updated: 1159148
	1056  -  MemoryUsage of job (MB)
	1081100  -  ResidentSetSize of job (KB)
...
006 (111987069.072.000) 04/30 16:30:34 Image size of job updated: 1800672
	1683  -  MemoryUsage of job (MB)
	1722624  -  ResidentSetSize of job (KB)
...
006 (111987069.072.000) 04/30 16:35:35 Image size of job updated: 2608720
	2472  -  MemoryUsage of job (MB)
	2530672  -  ResidentSetSize of job (KB)
...
006 (111987069.072.000) 04/30 16:40:36 Image size of job updated: 3364864
	3210  -  MemoryUsage of job (MB)
	3286816  -  ResidentSetSize of job (KB)
...
006 (111987069.072.000) 04/30 16:45:36 Image size of job updated: 4223788
	4049  -  MemoryUsage of job (MB)
	4145740  -  ResidentSetSize of job (KB)
...
006 (111987069.072.000) 04/30 16:50:37 Image size of job updated: 5172268
	4975  -  MemoryUsage of job (MB)
	5094220  -  ResidentSetSize of job (KB)
...
006 (111987069.072.000) 04/30 16:55:38 Image size of job updated: 6094720
	5876  -  MemoryUsage of job (MB)
	6016672  -  ResidentSetSize of job (KB)
...
006 (111987069.072.000) 04/30 17:00:38 Image size of job updated: 7027944
	6788  -  MemoryUsage of job (MB)
	6949896  -  ResidentSetSize of job (KB)
...
006 (111987069.072.000) 04/30 17:05:38 Image size of job updated: 7901828
	7641  -  MemoryUsage of job (MB)
	7823780  -  ResidentSetSize of job (KB)
...
006 (111987069.072.000) 04/30 17:10:39 Image size of job updated: 8737668
	8457  -  MemoryUsage of job (MB)
	8659620  -  ResidentSetSize of job (KB)
...
006 (111987069.072.000) 04/30 17:15:39 Image size of job updated: 9586028
	9286  -  MemoryUsage of job (MB)
	9507980  -  ResidentSetSize of job (KB)
...
006 (111987069.072.000) 04/30 17:20:39 Image size of job updated: 10320368
	10003  -  MemoryUsage of job (MB)
	10242320  -  ResidentSetSize of job (KB)
...
006 (111987069.072.000) 04/30 17:25:41 Image size of job updated: 10988356
	10655  -  MemoryUsage of job (MB)
	10910308  -  ResidentSetSize of job (KB)
...
006 (111987069.072.000) 04/30 17:30:41 Image size of job updated: 11747784
	11397  -  MemoryUsage of job (MB)
	11669736  -  ResidentSetSize of job (KB)
...
006 (111987069.072.000) 04/30 17:35:43 Image size of job updated: 12396780
	12031  -  MemoryUsage of job (MB)
	12318732  -  ResidentSetSize of job (KB)
...
006 (111987069.072.000) 04/30 17:40:43 Image size of job updated: 13151588
	12768  -  MemoryUsage of job (MB)
	13073540  -  ResidentSetSize of job (KB)
...
006 (111987069.072.000) 04/30 17:45:43 Image size of job updated: 13832440
	13433  -  MemoryUsage of job (MB)
	13754392  -  ResidentSetSize of job (KB)
...
006 (111987069.072.000) 04/30 17:50:43 Image size of job updated: 14547372
	14131  -  MemoryUsage of job (MB)
	14469324  -  ResidentSetSize of job (KB)
...
006 (111987069.072.000) 04/30 17:55:45 Image size of job updated: 15282564
	14848  -  MemoryUsage of job (MB)
	15203896  -  ResidentSetSize of job (KB)
...
006 (111987069.072.000) 04/30 18:00:45 Image size of job updated: 16062492
	15608  -  MemoryUsage of job (MB)
	15982192  -  ResidentSetSize of job (KB)
...
006 (111987069.072.000) 04/30 18:05:45 Image size of job updated: 16792628
	16317  -  MemoryUsage of job (MB)
	16708412  -  ResidentSetSize of job (KB)
...
006 (111987069.072.000) 04/30 18:10:46 Image size of job updated: 17586564
	17084  -  MemoryUsage of job (MB)
	17493576  -  ResidentSetSize of job (KB)
...
006 (111987069.072.000) 04/30 18:15:46 Image size of job updated: 18346044
	17815  -  MemoryUsage of job (MB)
	18241584  -  ResidentSetSize of job (KB)
...
006 (111987069.072.000) 04/30 18:20:47 Image size of job updated: 19176332
	18614  -  MemoryUsage of job (MB)
	19060080  -  ResidentSetSize of job (KB)
...
006 (111987069.072.000) 04/30 18:25:47 Image size of job updated: 19898652
	19306  -  MemoryUsage of job (MB)
	19769188  -  ResidentSetSize of job (KB)
...
006 (111987069.072.000) 04/30 18:30:47 Image size of job updated: 20788860
	20129  -  MemoryUsage of job (MB)
	20611320  -  ResidentSetSize of job (KB)
...
006 (111987069.072.000) 04/30 18:35:49 Image size of job updated: 21437256
	20449  -  MemoryUsage of job (MB)
	20938760  -  ResidentSetSize of job (KB)
...
006 (111987069.072.000) 04/30 18:40:49 Image size of job updated: 22152508
	20449  -  MemoryUsage of job (MB)
	20938760  -  ResidentSetSize of job (KB)
...
006 (111987069.072.000) 04/30 18:45:49 Image size of job updated: 22894140
	20449  -  MemoryUsage of job (MB)
	20938760  -  ResidentSetSize of job (KB)
...
006 (111987069.072.000) 04/30 18:48:29 Image size of job updated: 23078288
	20449  -  MemoryUsage of job (MB)
	20938760  -  ResidentSetSize of job (KB)
...
005 (111987069.072.000) 04/30 18:48:31 Job terminated.
	(1) Normal termination (return value 0)
		Usr 0 02:26:52, Sys 0 00:02:32  -  Run Remote Usage
		Usr 0 00:00:00, Sys 0 00:00:00  -  Run Local Usage
		Usr 0 02:26:52, Sys 0 00:02:32  -  Total Remote Usage
		Usr 0 00:00:00, Sys 0 00:00:00  -  Total Local Usage
	22932000  -  Run Bytes Sent By Job
	1780294400  -  Run Bytes Received By Job
	22932000  -  Total Bytes Sent By Job
	1780294400  -  Total Bytes Received By Job
	Partitionable Resources :      Usage  Request Allocated 
	   Cpus                 :       0.22        1         1 
	   Disk (KB)            : 6852123    20971520  21285488 
	   Ioheavy              :                             0 
	   Memory (MB)          :   20449       20480     20480 
...
